[2023-03-10T15:10:24.553+0530] {processor.py:153} INFO - Started process (PID=4902) to work on /home/ris/PycharmProjects/pythonProject/USA-housing/dags/pipline.py
[2023-03-10T15:10:24.555+0530] {processor.py:743} INFO - Processing file /home/ris/PycharmProjects/pythonProject/USA-housing/dags/pipline.py for tasks to queue
[2023-03-10T15:10:24.556+0530] {logging_mixin.py:137} INFO - [2023-03-10T15:10:24.555+0530] {dagbag.py:538} INFO - Filling up the DagBag from /home/ris/PycharmProjects/pythonProject/USA-housing/dags/pipline.py
[2023-03-10T15:10:25.162+0530] {logging_mixin.py:137} INFO - data uploaded!
[2023-03-10T15:10:30.827+0530] {logging_mixin.py:137} INFO - data uploaded!
[2023-03-10T15:10:31.633+0530] {logging_mixin.py:137} INFO - Percentage of missing values column wise
: status          0.000000
price           0.000080
bed             0.142610
bath            0.124729
acre_lot        0.296102
full_address    0.000000
street          0.002299
city            0.000076
state           0.000000
zip_code        0.000214
house_size      0.322883
sold_date       0.505444
dtype: float64
[2023-03-10T15:10:31.915+0530] {logging_mixin.py:137} INFO - sanity check done!
[2023-03-10T15:10:32.885+0530] {logging_mixin.py:137} INFO - handling of missing values done!
[2023-03-10T15:10:33.064+0530] {logging_mixin.py:137} INFO - handling of outliers done!
[2023-03-10T15:10:33.652+0530] {logging_mixin.py:137} INFO - encoding of categorical columns done!
[2023-03-10T15:10:33.892+0530] {logging_mixin.py:137} INFO - Loading the Data.
[2023-03-10T15:10:36.587+0530] {logging_mixin.py:137} INFO - data uploaded!
[2023-03-10T15:10:36.587+0530] {logging_mixin.py:137} INFO - Starting Pre-processing of Data
[2023-03-10T15:10:37.411+0530] {logging_mixin.py:137} INFO - Percentage of missing values column wise
: status          0.000000
price           0.000080
bed             0.142610
bath            0.124729
acre_lot        0.296102
full_address    0.000000
street          0.002299
city            0.000076
state           0.000000
zip_code        0.000214
house_size      0.322883
sold_date       0.505444
dtype: float64
[2023-03-10T15:10:37.710+0530] {logging_mixin.py:137} INFO - sanity check done!
[2023-03-10T15:10:38.693+0530] {logging_mixin.py:137} INFO - handling of missing values done!
[2023-03-10T15:10:38.813+0530] {logging_mixin.py:137} INFO - handling of outliers done!
[2023-03-10T15:10:39.250+0530] {logging_mixin.py:137} INFO - encoding of categorical columns done!
[2023-03-10T15:10:39.258+0530] {logging_mixin.py:137} INFO - Statrted Training the Linear_regression model.
[2023-03-10T15:10:39.328+0530] {logging_mixin.py:137} INFO - 0.23781375560464457 0.23477918562758715
[2023-03-10T15:10:39.328+0530] {logging_mixin.py:137} INFO - Saving the model.
[2023-03-10T15:10:39.329+0530] {logging_mixin.py:137} INFO - Statrted Training the decisiontree model.
[2023-03-10T15:10:54.679+0530] {logging_mixin.py:137} INFO - [2023-03-10T15:10:54.678+0530] {timeout.py:68} ERROR - Process timed out, PID: 4902
[2023-03-10T15:11:41.172+0530] {logging_mixin.py:137} INFO - 0.9892396003371967 0.9361125906735247
[2023-03-10T15:11:41.173+0530] {logging_mixin.py:137} INFO - Saving the model.
[2023-03-10T15:11:41.182+0530] {logging_mixin.py:137} INFO - Statrted Training the knearestneighbour model.
[2023-03-10T15:14:10.270+0530] {logging_mixin.py:137} INFO - 0.9849481197030876 0.9225080687382756
[2023-03-10T15:14:10.271+0530] {logging_mixin.py:137} INFO - Saving the model.
[2023-03-10T15:14:10.305+0530] {processor.py:753} INFO - DAG(s) dict_keys(['house_usa']) retrieved from /home/ris/PycharmProjects/pythonProject/USA-housing/dags/pipline.py
[2023-03-10T15:14:10.364+0530] {logging_mixin.py:137} INFO - [2023-03-10T15:14:10.364+0530] {dag.py:2690} INFO - Sync 1 DAGs
[2023-03-10T15:14:10.422+0530] {processor.py:175} INFO - Processing /home/ris/PycharmProjects/pythonProject/USA-housing/dags/pipline.py took 225.872 seconds
[2023-03-10T16:02:18.274+0530] {processor.py:153} INFO - Started process (PID=6364) to work on /home/ris/PycharmProjects/pythonProject/USA-housing/dags/pipline.py
[2023-03-10T16:02:18.276+0530] {processor.py:743} INFO - Processing file /home/ris/PycharmProjects/pythonProject/USA-housing/dags/pipline.py for tasks to queue
[2023-03-10T16:02:18.276+0530] {logging_mixin.py:137} INFO - [2023-03-10T16:02:18.276+0530] {dagbag.py:538} INFO - Filling up the DagBag from /home/ris/PycharmProjects/pythonProject/USA-housing/dags/pipline.py
[2023-03-10T16:02:18.638+0530] {logging_mixin.py:137} INFO - data uploaded!
[2023-03-10T16:02:21.535+0530] {logging_mixin.py:137} INFO - data uploaded!
[2023-03-10T16:02:22.289+0530] {logging_mixin.py:137} INFO - Percentage of missing values column wise
: status          0.000000
price           0.000080
bed             0.142610
bath            0.124729
acre_lot        0.296102
full_address    0.000000
street          0.002299
city            0.000076
state           0.000000
zip_code        0.000214
house_size      0.322883
sold_date       0.505444
dtype: float64
[2023-03-10T16:02:22.497+0530] {logging_mixin.py:137} INFO - sanity check done!
[2023-03-10T16:02:23.238+0530] {logging_mixin.py:137} INFO - handling of missing values done!
[2023-03-10T16:02:23.389+0530] {logging_mixin.py:137} INFO - handling of outliers done!
[2023-03-10T16:02:23.981+0530] {logging_mixin.py:137} INFO - encoding of categorical columns done!
[2023-03-10T16:02:24.090+0530] {logging_mixin.py:137} INFO - Loading the Data.
[2023-03-10T16:02:26.335+0530] {logging_mixin.py:137} INFO - data uploaded!
[2023-03-10T16:02:26.335+0530] {logging_mixin.py:137} INFO - Starting Pre-processing of Data
[2023-03-10T16:02:27.093+0530] {logging_mixin.py:137} INFO - Percentage of missing values column wise
: status          0.000000
price           0.000080
bed             0.142610
bath            0.124729
acre_lot        0.296102
full_address    0.000000
street          0.002299
city            0.000076
state           0.000000
zip_code        0.000214
house_size      0.322883
sold_date       0.505444
dtype: float64
[2023-03-10T16:02:27.292+0530] {logging_mixin.py:137} INFO - sanity check done!
[2023-03-10T16:02:28.042+0530] {logging_mixin.py:137} INFO - handling of missing values done!
[2023-03-10T16:02:28.185+0530] {logging_mixin.py:137} INFO - handling of outliers done!
[2023-03-10T16:02:28.770+0530] {logging_mixin.py:137} INFO - encoding of categorical columns done!
[2023-03-10T16:02:28.779+0530] {logging_mixin.py:137} INFO - Statrted Training the Linear_regression model.
[2023-03-10T16:02:28.845+0530] {logging_mixin.py:137} INFO - 0.23781375560464457 0.23477918562758715
[2023-03-10T16:02:28.846+0530] {logging_mixin.py:137} INFO - Saving the model.
[2023-03-10T16:02:28.847+0530] {logging_mixin.py:137} INFO - Statrted Training the decisiontree model.
[2023-03-10T16:02:48.340+0530] {logging_mixin.py:137} INFO - [2023-03-10T16:02:48.339+0530] {timeout.py:68} ERROR - Process timed out, PID: 6364
[2023-03-10T16:03:05.538+0530] {logging_mixin.py:137} INFO - 0.9892396003371967 0.9361125906735247
[2023-03-10T16:03:05.539+0530] {logging_mixin.py:137} INFO - Saving the model.
[2023-03-10T16:03:05.543+0530] {logging_mixin.py:137} INFO - Statrted Training the knearestneighbour model.
[2023-03-10T16:04:11.941+0530] {logging_mixin.py:137} INFO - 0.9849481197030876 0.9225080687382756
[2023-03-10T16:04:11.941+0530] {logging_mixin.py:137} INFO - Saving the model.
[2023-03-10T16:04:11.961+0530] {processor.py:753} INFO - DAG(s) dict_keys(['house_usa']) retrieved from /home/ris/PycharmProjects/pythonProject/USA-housing/dags/pipline.py
[2023-03-10T16:04:11.982+0530] {logging_mixin.py:137} INFO - [2023-03-10T16:04:11.982+0530] {dag.py:2690} INFO - Sync 1 DAGs
[2023-03-10T16:04:12.029+0530] {processor.py:175} INFO - Processing /home/ris/PycharmProjects/pythonProject/USA-housing/dags/pipline.py took 113.758 seconds
[2023-03-10T20:45:08.706+0530] {processor.py:153} INFO - Started process (PID=5628) to work on /home/ris/PycharmProjects/pythonProject/USA-housing/dags/pipline.py
[2023-03-10T20:45:08.708+0530] {processor.py:743} INFO - Processing file /home/ris/PycharmProjects/pythonProject/USA-housing/dags/pipline.py for tasks to queue
[2023-03-10T20:45:08.710+0530] {logging_mixin.py:137} INFO - [2023-03-10T20:45:08.709+0530] {dagbag.py:538} INFO - Filling up the DagBag from /home/ris/PycharmProjects/pythonProject/USA-housing/dags/pipline.py
[2023-03-10T20:45:09.173+0530] {logging_mixin.py:137} INFO - data uploaded!
[2023-03-10T20:45:14.821+0530] {logging_mixin.py:137} INFO - data uploaded!
[2023-03-10T20:45:15.683+0530] {logging_mixin.py:137} INFO - Percentage of missing values column wise
: status          0.000000
price           0.000080
bed             0.142610
bath            0.124729
acre_lot        0.296102
full_address    0.000000
street          0.002299
city            0.000076
state           0.000000
zip_code        0.000214
house_size      0.322883
sold_date       0.505444
dtype: float64
[2023-03-10T20:45:16.060+0530] {logging_mixin.py:137} INFO - sanity check done!
[2023-03-10T20:45:17.044+0530] {logging_mixin.py:137} INFO - handling of missing values done!
[2023-03-10T20:45:17.203+0530] {logging_mixin.py:137} INFO - handling of outliers done!
[2023-03-10T20:45:17.917+0530] {logging_mixin.py:137} INFO - encoding of categorical columns done!
[2023-03-10T20:45:18.129+0530] {logging_mixin.py:137} INFO - Loading the Data.
[2023-03-10T20:45:21.608+0530] {logging_mixin.py:137} INFO - data uploaded!
[2023-03-10T20:45:21.608+0530] {logging_mixin.py:137} INFO - Starting Pre-processing of Data
[2023-03-10T20:45:22.638+0530] {logging_mixin.py:137} INFO - Percentage of missing values column wise
: status          0.000000
price           0.000080
bed             0.142610
bath            0.124729
acre_lot        0.296102
full_address    0.000000
street          0.002299
city            0.000076
state           0.000000
zip_code        0.000214
house_size      0.322883
sold_date       0.505444
dtype: float64
[2023-03-10T20:45:22.949+0530] {logging_mixin.py:137} INFO - sanity check done!
[2023-03-10T20:45:23.986+0530] {logging_mixin.py:137} INFO - handling of missing values done!
[2023-03-10T20:45:24.148+0530] {logging_mixin.py:137} INFO - handling of outliers done!
[2023-03-10T20:45:24.903+0530] {logging_mixin.py:137} INFO - encoding of categorical columns done!
[2023-03-10T20:45:24.921+0530] {logging_mixin.py:137} INFO - Statrted Training the Linear_regression model.
[2023-03-10T20:45:25.119+0530] {logging_mixin.py:137} INFO - 0.23781375560464457 0.23477918562758715
[2023-03-10T20:45:25.120+0530] {logging_mixin.py:137} INFO - Saving the model.
[2023-03-10T20:45:25.123+0530] {logging_mixin.py:137} INFO - Statrted Training the decisiontree model.
[2023-03-10T20:45:38.823+0530] {logging_mixin.py:137} INFO - [2023-03-10T20:45:38.823+0530] {timeout.py:68} ERROR - Process timed out, PID: 5628
[2023-03-10T20:46:29.767+0530] {logging_mixin.py:137} INFO - 0.9892396003371967 0.9353269083932105
[2023-03-10T20:46:29.768+0530] {logging_mixin.py:137} INFO - Saving the model.
[2023-03-10T20:46:29.773+0530] {logging_mixin.py:137} INFO - Statrted Training the knearestneighbour model.
[2023-03-10T20:49:05.653+0530] {logging_mixin.py:137} INFO - 0.9849481197030876 0.9225080687382756
[2023-03-10T20:49:05.653+0530] {logging_mixin.py:137} INFO - Saving the model.
[2023-03-10T20:49:05.689+0530] {processor.py:753} INFO - DAG(s) dict_keys(['house_usa']) retrieved from /home/ris/PycharmProjects/pythonProject/USA-housing/dags/pipline.py
[2023-03-10T20:49:05.721+0530] {logging_mixin.py:137} INFO - [2023-03-10T20:49:05.719+0530] {dag.py:2690} INFO - Sync 1 DAGs
[2023-03-10T20:49:05.787+0530] {processor.py:175} INFO - Processing /home/ris/PycharmProjects/pythonProject/USA-housing/dags/pipline.py took 237.085 seconds
