[2023-03-14T18:34:37.275+0530] {taskinstance.py:1083} INFO - Dependencies all met for <TaskInstance: house_usa.load_data_train scheduled__2023-03-02T03:00:00+00:00 [queued]>
[2023-03-14T18:34:37.281+0530] {taskinstance.py:1083} INFO - Dependencies all met for <TaskInstance: house_usa.load_data_train scheduled__2023-03-02T03:00:00+00:00 [queued]>
[2023-03-14T18:34:37.281+0530] {taskinstance.py:1279} INFO - 
--------------------------------------------------------------------------------
[2023-03-14T18:34:37.281+0530] {taskinstance.py:1280} INFO - Starting attempt 4 of 6
[2023-03-14T18:34:37.282+0530] {taskinstance.py:1281} INFO - 
--------------------------------------------------------------------------------
[2023-03-14T18:34:37.292+0530] {taskinstance.py:1300} INFO - Executing <Task(PythonOperator): load_data_train> on 2023-03-02 03:00:00+00:00
[2023-03-14T18:34:37.299+0530] {standard_task_runner.py:55} INFO - Started process 12230 to run task
[2023-03-14T18:34:37.304+0530] {standard_task_runner.py:82} INFO - Running: ['airflow', 'tasks', 'run', 'house_usa', 'load_data_train', 'scheduled__2023-03-02T03:00:00+00:00', '--job-id', '91', '--raw', '--subdir', 'DAGS_FOLDER/pipline.py', '--cfg-path', '/tmp/tmpeyymj4m8']
[2023-03-14T18:34:37.306+0530] {standard_task_runner.py:83} INFO - Job 91: Subtask load_data_train
[2023-03-14T18:34:37.347+0530] {task_command.py:388} INFO - Running <TaskInstance: house_usa.load_data_train scheduled__2023-03-02T03:00:00+00:00 [running]> on host ris
[2023-03-14T18:34:37.387+0530] {taskinstance.py:1507} INFO - Exporting the following env vars:
AIRFLOW_CTX_DAG_OWNER=RISHAB
AIRFLOW_CTX_DAG_ID=house_usa
AIRFLOW_CTX_TASK_ID=load_data_train
AIRFLOW_CTX_EXECUTION_DATE=2023-03-02T03:00:00+00:00
AIRFLOW_CTX_TRY_NUMBER=4
AIRFLOW_CTX_DAG_RUN_ID=scheduled__2023-03-02T03:00:00+00:00
[2023-03-14T18:34:37.388+0530] {taskinstance.py:1768} ERROR - Task failed with exception
Traceback (most recent call last):
  File "/home/ris/PycharmProjects/pythonProject/USA-housing/venv/lib/python3.10/site-packages/airflow/operators/python.py", line 175, in execute
    return_value = self.execute_callable()
  File "/home/ris/PycharmProjects/pythonProject/USA-housing/venv/lib/python3.10/site-packages/airflow/operators/python.py", line 192, in execute_callable
    return self.python_callable(*self.op_args, **self.op_kwargs)
TypeError: load_data() missing 1 required positional argument: 'path'
[2023-03-14T18:34:37.391+0530] {taskinstance.py:1318} INFO - Marking task as UP_FOR_RETRY. dag_id=house_usa, task_id=load_data_train, execution_date=20230302T030000, start_date=20230314T130437, end_date=20230314T130437
[2023-03-14T18:34:37.401+0530] {standard_task_runner.py:100} ERROR - Failed to execute job 91 for task load_data_train (load_data() missing 1 required positional argument: 'path'; 12230)
[2023-03-14T18:34:37.434+0530] {local_task_job.py:208} INFO - Task exited with return code 1
[2023-03-14T18:34:37.468+0530] {taskinstance.py:2578} INFO - 0 downstream tasks scheduled from follow-on schedule check
