[2023-03-07T16:10:53.116+0530] {processor.py:153} INFO - Started process (PID=14981) to work on /home/ris/PycharmProjects/pythonProject/USA-housing/venv/lib/python3.10/site-packages/airflow/example_dags/example_nested_branch_dag.py
[2023-03-07T16:10:53.118+0530] {processor.py:743} INFO - Processing file /home/ris/PycharmProjects/pythonProject/USA-housing/venv/lib/python3.10/site-packages/airflow/example_dags/example_nested_branch_dag.py for tasks to queue
[2023-03-07T16:10:53.119+0530] {logging_mixin.py:137} INFO - [2023-03-07T16:10:53.118+0530] {dagbag.py:538} INFO - Filling up the DagBag from /home/ris/PycharmProjects/pythonProject/USA-housing/venv/lib/python3.10/site-packages/airflow/example_dags/example_nested_branch_dag.py
[2023-03-07T16:10:53.164+0530] {processor.py:753} INFO - DAG(s) dict_keys(['example_nested_branch_dag']) retrieved from /home/ris/PycharmProjects/pythonProject/USA-housing/venv/lib/python3.10/site-packages/airflow/example_dags/example_nested_branch_dag.py
[2023-03-07T16:10:53.195+0530] {logging_mixin.py:137} INFO - [2023-03-07T16:10:53.195+0530] {dag.py:2690} INFO - Sync 1 DAGs
[2023-03-07T16:10:53.233+0530] {logging_mixin.py:137} INFO - [2023-03-07T16:10:53.232+0530] {dag.py:3437} INFO - Setting next_dagrun for example_nested_branch_dag to 2023-03-06T00:00:00+00:00, run_after=2023-03-07T00:00:00+00:00
[2023-03-07T16:10:53.267+0530] {processor.py:175} INFO - Processing /home/ris/PycharmProjects/pythonProject/USA-housing/venv/lib/python3.10/site-packages/airflow/example_dags/example_nested_branch_dag.py took 0.156 seconds
[2023-03-07T17:37:46.842+0530] {processor.py:153} INFO - Started process (PID=5626) to work on /home/ris/PycharmProjects/pythonProject/USA-housing/venv/lib/python3.10/site-packages/airflow/example_dags/example_nested_branch_dag.py
[2023-03-07T17:37:46.843+0530] {processor.py:743} INFO - Processing file /home/ris/PycharmProjects/pythonProject/USA-housing/venv/lib/python3.10/site-packages/airflow/example_dags/example_nested_branch_dag.py for tasks to queue
[2023-03-07T17:37:46.843+0530] {logging_mixin.py:137} INFO - [2023-03-07T17:37:46.843+0530] {dagbag.py:538} INFO - Filling up the DagBag from /home/ris/PycharmProjects/pythonProject/USA-housing/venv/lib/python3.10/site-packages/airflow/example_dags/example_nested_branch_dag.py
[2023-03-07T17:37:46.869+0530] {processor.py:753} INFO - DAG(s) dict_keys(['example_nested_branch_dag']) retrieved from /home/ris/PycharmProjects/pythonProject/USA-housing/venv/lib/python3.10/site-packages/airflow/example_dags/example_nested_branch_dag.py
[2023-03-07T17:37:46.889+0530] {logging_mixin.py:137} INFO - [2023-03-07T17:37:46.889+0530] {dag.py:2690} INFO - Sync 1 DAGs
[2023-03-07T17:37:46.913+0530] {logging_mixin.py:137} INFO - [2023-03-07T17:37:46.913+0530] {dag.py:3437} INFO - Setting next_dagrun for example_nested_branch_dag to 2023-03-06T00:00:00+00:00, run_after=2023-03-07T00:00:00+00:00
[2023-03-07T17:37:46.934+0530] {processor.py:175} INFO - Processing /home/ris/PycharmProjects/pythonProject/USA-housing/venv/lib/python3.10/site-packages/airflow/example_dags/example_nested_branch_dag.py took 0.095 seconds
[2023-03-07T17:38:53.323+0530] {processor.py:153} INFO - Started process (PID=5770) to work on /home/ris/PycharmProjects/pythonProject/USA-housing/venv/lib/python3.10/site-packages/airflow/example_dags/example_nested_branch_dag.py
[2023-03-07T17:38:53.325+0530] {processor.py:743} INFO - Processing file /home/ris/PycharmProjects/pythonProject/USA-housing/venv/lib/python3.10/site-packages/airflow/example_dags/example_nested_branch_dag.py for tasks to queue
[2023-03-07T17:38:53.326+0530] {logging_mixin.py:137} INFO - [2023-03-07T17:38:53.326+0530] {dagbag.py:538} INFO - Filling up the DagBag from /home/ris/PycharmProjects/pythonProject/USA-housing/venv/lib/python3.10/site-packages/airflow/example_dags/example_nested_branch_dag.py
[2023-03-07T17:38:53.353+0530] {processor.py:753} INFO - DAG(s) dict_keys(['example_nested_branch_dag']) retrieved from /home/ris/PycharmProjects/pythonProject/USA-housing/venv/lib/python3.10/site-packages/airflow/example_dags/example_nested_branch_dag.py
[2023-03-07T17:38:53.373+0530] {logging_mixin.py:137} INFO - [2023-03-07T17:38:53.373+0530] {dag.py:2690} INFO - Sync 1 DAGs
[2023-03-07T17:38:53.399+0530] {logging_mixin.py:137} INFO - [2023-03-07T17:38:53.399+0530] {dag.py:3437} INFO - Setting next_dagrun for example_nested_branch_dag to 2023-03-06T00:00:00+00:00, run_after=2023-03-07T00:00:00+00:00
[2023-03-07T17:38:53.420+0530] {processor.py:175} INFO - Processing /home/ris/PycharmProjects/pythonProject/USA-housing/venv/lib/python3.10/site-packages/airflow/example_dags/example_nested_branch_dag.py took 0.100 seconds
[2023-03-07T17:59:32.689+0530] {processor.py:153} INFO - Started process (PID=5934) to work on /home/ris/PycharmProjects/pythonProject/USA-housing/venv/lib/python3.10/site-packages/airflow/example_dags/example_nested_branch_dag.py
[2023-03-07T17:59:32.691+0530] {processor.py:743} INFO - Processing file /home/ris/PycharmProjects/pythonProject/USA-housing/venv/lib/python3.10/site-packages/airflow/example_dags/example_nested_branch_dag.py for tasks to queue
[2023-03-07T17:59:32.692+0530] {logging_mixin.py:137} INFO - [2023-03-07T17:59:32.692+0530] {dagbag.py:538} INFO - Filling up the DagBag from /home/ris/PycharmProjects/pythonProject/USA-housing/venv/lib/python3.10/site-packages/airflow/example_dags/example_nested_branch_dag.py
[2023-03-07T17:59:32.710+0530] {processor.py:753} INFO - DAG(s) dict_keys(['example_nested_branch_dag']) retrieved from /home/ris/PycharmProjects/pythonProject/USA-housing/venv/lib/python3.10/site-packages/airflow/example_dags/example_nested_branch_dag.py
[2023-03-07T17:59:32.727+0530] {logging_mixin.py:137} INFO - [2023-03-07T17:59:32.727+0530] {dag.py:2690} INFO - Sync 1 DAGs
[2023-03-07T17:59:32.743+0530] {logging_mixin.py:137} INFO - [2023-03-07T17:59:32.743+0530] {dag.py:3437} INFO - Setting next_dagrun for example_nested_branch_dag to 2023-03-06T00:00:00+00:00, run_after=2023-03-07T00:00:00+00:00
[2023-03-07T17:59:32.764+0530] {processor.py:175} INFO - Processing /home/ris/PycharmProjects/pythonProject/USA-housing/venv/lib/python3.10/site-packages/airflow/example_dags/example_nested_branch_dag.py took 0.078 seconds
[2023-03-07T18:00:17.386+0530] {processor.py:153} INFO - Started process (PID=5977) to work on /home/ris/PycharmProjects/pythonProject/USA-housing/venv/lib/python3.10/site-packages/airflow/example_dags/example_nested_branch_dag.py
[2023-03-07T18:00:17.388+0530] {processor.py:743} INFO - Processing file /home/ris/PycharmProjects/pythonProject/USA-housing/venv/lib/python3.10/site-packages/airflow/example_dags/example_nested_branch_dag.py for tasks to queue
[2023-03-07T18:00:17.389+0530] {logging_mixin.py:137} INFO - [2023-03-07T18:00:17.389+0530] {dagbag.py:538} INFO - Filling up the DagBag from /home/ris/PycharmProjects/pythonProject/USA-housing/venv/lib/python3.10/site-packages/airflow/example_dags/example_nested_branch_dag.py
[2023-03-07T18:00:17.406+0530] {processor.py:753} INFO - DAG(s) dict_keys(['example_nested_branch_dag']) retrieved from /home/ris/PycharmProjects/pythonProject/USA-housing/venv/lib/python3.10/site-packages/airflow/example_dags/example_nested_branch_dag.py
[2023-03-07T18:00:17.422+0530] {logging_mixin.py:137} INFO - [2023-03-07T18:00:17.422+0530] {dag.py:2690} INFO - Sync 1 DAGs
[2023-03-07T18:00:17.440+0530] {logging_mixin.py:137} INFO - [2023-03-07T18:00:17.440+0530] {dag.py:3437} INFO - Setting next_dagrun for example_nested_branch_dag to 2023-03-06T00:00:00+00:00, run_after=2023-03-07T00:00:00+00:00
[2023-03-07T18:00:17.458+0530] {processor.py:175} INFO - Processing /home/ris/PycharmProjects/pythonProject/USA-housing/venv/lib/python3.10/site-packages/airflow/example_dags/example_nested_branch_dag.py took 0.074 seconds
[2023-03-07T18:01:01.003+0530] {processor.py:153} INFO - Started process (PID=6024) to work on /home/ris/PycharmProjects/pythonProject/USA-housing/venv/lib/python3.10/site-packages/airflow/example_dags/example_nested_branch_dag.py
[2023-03-07T18:01:01.006+0530] {processor.py:743} INFO - Processing file /home/ris/PycharmProjects/pythonProject/USA-housing/venv/lib/python3.10/site-packages/airflow/example_dags/example_nested_branch_dag.py for tasks to queue
[2023-03-07T18:01:01.007+0530] {logging_mixin.py:137} INFO - [2023-03-07T18:01:01.006+0530] {dagbag.py:538} INFO - Filling up the DagBag from /home/ris/PycharmProjects/pythonProject/USA-housing/venv/lib/python3.10/site-packages/airflow/example_dags/example_nested_branch_dag.py
[2023-03-07T18:01:01.027+0530] {processor.py:753} INFO - DAG(s) dict_keys(['example_nested_branch_dag']) retrieved from /home/ris/PycharmProjects/pythonProject/USA-housing/venv/lib/python3.10/site-packages/airflow/example_dags/example_nested_branch_dag.py
[2023-03-07T18:01:01.044+0530] {logging_mixin.py:137} INFO - [2023-03-07T18:01:01.044+0530] {dag.py:2690} INFO - Sync 1 DAGs
[2023-03-07T18:01:01.064+0530] {logging_mixin.py:137} INFO - [2023-03-07T18:01:01.064+0530] {dag.py:3437} INFO - Setting next_dagrun for example_nested_branch_dag to 2023-03-06T00:00:00+00:00, run_after=2023-03-07T00:00:00+00:00
[2023-03-07T18:01:01.082+0530] {processor.py:175} INFO - Processing /home/ris/PycharmProjects/pythonProject/USA-housing/venv/lib/python3.10/site-packages/airflow/example_dags/example_nested_branch_dag.py took 0.083 seconds
[2023-03-07T18:01:43.440+0530] {processor.py:153} INFO - Started process (PID=6071) to work on /home/ris/PycharmProjects/pythonProject/USA-housing/venv/lib/python3.10/site-packages/airflow/example_dags/example_nested_branch_dag.py
[2023-03-07T18:01:43.441+0530] {processor.py:743} INFO - Processing file /home/ris/PycharmProjects/pythonProject/USA-housing/venv/lib/python3.10/site-packages/airflow/example_dags/example_nested_branch_dag.py for tasks to queue
[2023-03-07T18:01:43.441+0530] {logging_mixin.py:137} INFO - [2023-03-07T18:01:43.441+0530] {dagbag.py:538} INFO - Filling up the DagBag from /home/ris/PycharmProjects/pythonProject/USA-housing/venv/lib/python3.10/site-packages/airflow/example_dags/example_nested_branch_dag.py
[2023-03-07T18:01:43.460+0530] {processor.py:753} INFO - DAG(s) dict_keys(['example_nested_branch_dag']) retrieved from /home/ris/PycharmProjects/pythonProject/USA-housing/venv/lib/python3.10/site-packages/airflow/example_dags/example_nested_branch_dag.py
[2023-03-07T18:01:43.477+0530] {logging_mixin.py:137} INFO - [2023-03-07T18:01:43.477+0530] {dag.py:2690} INFO - Sync 1 DAGs
[2023-03-07T18:01:43.494+0530] {logging_mixin.py:137} INFO - [2023-03-07T18:01:43.494+0530] {dag.py:3437} INFO - Setting next_dagrun for example_nested_branch_dag to 2023-03-06T00:00:00+00:00, run_after=2023-03-07T00:00:00+00:00
[2023-03-07T18:01:43.513+0530] {processor.py:175} INFO - Processing /home/ris/PycharmProjects/pythonProject/USA-housing/venv/lib/python3.10/site-packages/airflow/example_dags/example_nested_branch_dag.py took 0.076 seconds
[2023-03-07T18:02:26.574+0530] {processor.py:153} INFO - Started process (PID=6118) to work on /home/ris/PycharmProjects/pythonProject/USA-housing/venv/lib/python3.10/site-packages/airflow/example_dags/example_nested_branch_dag.py
[2023-03-07T18:02:26.576+0530] {processor.py:743} INFO - Processing file /home/ris/PycharmProjects/pythonProject/USA-housing/venv/lib/python3.10/site-packages/airflow/example_dags/example_nested_branch_dag.py for tasks to queue
[2023-03-07T18:02:26.577+0530] {logging_mixin.py:137} INFO - [2023-03-07T18:02:26.577+0530] {dagbag.py:538} INFO - Filling up the DagBag from /home/ris/PycharmProjects/pythonProject/USA-housing/venv/lib/python3.10/site-packages/airflow/example_dags/example_nested_branch_dag.py
[2023-03-07T18:02:26.596+0530] {processor.py:753} INFO - DAG(s) dict_keys(['example_nested_branch_dag']) retrieved from /home/ris/PycharmProjects/pythonProject/USA-housing/venv/lib/python3.10/site-packages/airflow/example_dags/example_nested_branch_dag.py
[2023-03-07T18:02:26.618+0530] {logging_mixin.py:137} INFO - [2023-03-07T18:02:26.617+0530] {dag.py:2690} INFO - Sync 1 DAGs
[2023-03-07T18:02:26.636+0530] {logging_mixin.py:137} INFO - [2023-03-07T18:02:26.635+0530] {dag.py:3437} INFO - Setting next_dagrun for example_nested_branch_dag to 2023-03-06T00:00:00+00:00, run_after=2023-03-07T00:00:00+00:00
[2023-03-07T18:02:26.655+0530] {processor.py:175} INFO - Processing /home/ris/PycharmProjects/pythonProject/USA-housing/venv/lib/python3.10/site-packages/airflow/example_dags/example_nested_branch_dag.py took 0.084 seconds
[2023-03-07T18:03:06.081+0530] {processor.py:153} INFO - Started process (PID=6161) to work on /home/ris/PycharmProjects/pythonProject/USA-housing/venv/lib/python3.10/site-packages/airflow/example_dags/example_nested_branch_dag.py
[2023-03-07T18:03:06.084+0530] {processor.py:743} INFO - Processing file /home/ris/PycharmProjects/pythonProject/USA-housing/venv/lib/python3.10/site-packages/airflow/example_dags/example_nested_branch_dag.py for tasks to queue
[2023-03-07T18:03:06.085+0530] {logging_mixin.py:137} INFO - [2023-03-07T18:03:06.085+0530] {dagbag.py:538} INFO - Filling up the DagBag from /home/ris/PycharmProjects/pythonProject/USA-housing/venv/lib/python3.10/site-packages/airflow/example_dags/example_nested_branch_dag.py
[2023-03-07T18:03:06.105+0530] {processor.py:753} INFO - DAG(s) dict_keys(['example_nested_branch_dag']) retrieved from /home/ris/PycharmProjects/pythonProject/USA-housing/venv/lib/python3.10/site-packages/airflow/example_dags/example_nested_branch_dag.py
[2023-03-07T18:03:06.122+0530] {logging_mixin.py:137} INFO - [2023-03-07T18:03:06.122+0530] {dag.py:2690} INFO - Sync 1 DAGs
[2023-03-07T18:03:06.139+0530] {logging_mixin.py:137} INFO - [2023-03-07T18:03:06.139+0530] {dag.py:3437} INFO - Setting next_dagrun for example_nested_branch_dag to 2023-03-06T00:00:00+00:00, run_after=2023-03-07T00:00:00+00:00
[2023-03-07T18:03:06.158+0530] {processor.py:175} INFO - Processing /home/ris/PycharmProjects/pythonProject/USA-housing/venv/lib/python3.10/site-packages/airflow/example_dags/example_nested_branch_dag.py took 0.080 seconds
[2023-03-07T18:03:54.008+0530] {processor.py:153} INFO - Started process (PID=6217) to work on /home/ris/PycharmProjects/pythonProject/USA-housing/venv/lib/python3.10/site-packages/airflow/example_dags/example_nested_branch_dag.py
[2023-03-07T18:03:54.009+0530] {processor.py:743} INFO - Processing file /home/ris/PycharmProjects/pythonProject/USA-housing/venv/lib/python3.10/site-packages/airflow/example_dags/example_nested_branch_dag.py for tasks to queue
[2023-03-07T18:03:54.010+0530] {logging_mixin.py:137} INFO - [2023-03-07T18:03:54.010+0530] {dagbag.py:538} INFO - Filling up the DagBag from /home/ris/PycharmProjects/pythonProject/USA-housing/venv/lib/python3.10/site-packages/airflow/example_dags/example_nested_branch_dag.py
[2023-03-07T18:03:54.028+0530] {processor.py:753} INFO - DAG(s) dict_keys(['example_nested_branch_dag']) retrieved from /home/ris/PycharmProjects/pythonProject/USA-housing/venv/lib/python3.10/site-packages/airflow/example_dags/example_nested_branch_dag.py
[2023-03-07T18:03:54.046+0530] {logging_mixin.py:137} INFO - [2023-03-07T18:03:54.046+0530] {dag.py:2690} INFO - Sync 1 DAGs
[2023-03-07T18:03:54.063+0530] {logging_mixin.py:137} INFO - [2023-03-07T18:03:54.063+0530] {dag.py:3437} INFO - Setting next_dagrun for example_nested_branch_dag to 2023-03-06T00:00:00+00:00, run_after=2023-03-07T00:00:00+00:00
[2023-03-07T18:03:54.085+0530] {processor.py:175} INFO - Processing /home/ris/PycharmProjects/pythonProject/USA-housing/venv/lib/python3.10/site-packages/airflow/example_dags/example_nested_branch_dag.py took 0.079 seconds
[2023-03-07T18:04:39.696+0530] {processor.py:153} INFO - Started process (PID=6275) to work on /home/ris/PycharmProjects/pythonProject/USA-housing/venv/lib/python3.10/site-packages/airflow/example_dags/example_nested_branch_dag.py
[2023-03-07T18:04:39.698+0530] {processor.py:743} INFO - Processing file /home/ris/PycharmProjects/pythonProject/USA-housing/venv/lib/python3.10/site-packages/airflow/example_dags/example_nested_branch_dag.py for tasks to queue
[2023-03-07T18:04:39.698+0530] {logging_mixin.py:137} INFO - [2023-03-07T18:04:39.698+0530] {dagbag.py:538} INFO - Filling up the DagBag from /home/ris/PycharmProjects/pythonProject/USA-housing/venv/lib/python3.10/site-packages/airflow/example_dags/example_nested_branch_dag.py
[2023-03-07T18:04:39.716+0530] {processor.py:753} INFO - DAG(s) dict_keys(['example_nested_branch_dag']) retrieved from /home/ris/PycharmProjects/pythonProject/USA-housing/venv/lib/python3.10/site-packages/airflow/example_dags/example_nested_branch_dag.py
[2023-03-07T18:04:39.733+0530] {logging_mixin.py:137} INFO - [2023-03-07T18:04:39.733+0530] {dag.py:2690} INFO - Sync 1 DAGs
[2023-03-07T18:04:39.751+0530] {logging_mixin.py:137} INFO - [2023-03-07T18:04:39.751+0530] {dag.py:3437} INFO - Setting next_dagrun for example_nested_branch_dag to 2023-03-06T00:00:00+00:00, run_after=2023-03-07T00:00:00+00:00
[2023-03-07T18:04:39.770+0530] {processor.py:175} INFO - Processing /home/ris/PycharmProjects/pythonProject/USA-housing/venv/lib/python3.10/site-packages/airflow/example_dags/example_nested_branch_dag.py took 0.077 seconds
[2023-03-07T18:05:28.625+0530] {processor.py:153} INFO - Started process (PID=6327) to work on /home/ris/PycharmProjects/pythonProject/USA-housing/venv/lib/python3.10/site-packages/airflow/example_dags/example_nested_branch_dag.py
[2023-03-07T18:05:28.626+0530] {processor.py:743} INFO - Processing file /home/ris/PycharmProjects/pythonProject/USA-housing/venv/lib/python3.10/site-packages/airflow/example_dags/example_nested_branch_dag.py for tasks to queue
[2023-03-07T18:05:28.628+0530] {logging_mixin.py:137} INFO - [2023-03-07T18:05:28.628+0530] {dagbag.py:538} INFO - Filling up the DagBag from /home/ris/PycharmProjects/pythonProject/USA-housing/venv/lib/python3.10/site-packages/airflow/example_dags/example_nested_branch_dag.py
[2023-03-07T18:05:28.647+0530] {processor.py:753} INFO - DAG(s) dict_keys(['example_nested_branch_dag']) retrieved from /home/ris/PycharmProjects/pythonProject/USA-housing/venv/lib/python3.10/site-packages/airflow/example_dags/example_nested_branch_dag.py
[2023-03-07T18:05:28.665+0530] {logging_mixin.py:137} INFO - [2023-03-07T18:05:28.665+0530] {dag.py:2690} INFO - Sync 1 DAGs
[2023-03-07T18:05:28.683+0530] {logging_mixin.py:137} INFO - [2023-03-07T18:05:28.683+0530] {dag.py:3437} INFO - Setting next_dagrun for example_nested_branch_dag to 2023-03-06T00:00:00+00:00, run_after=2023-03-07T00:00:00+00:00
[2023-03-07T18:05:28.702+0530] {processor.py:175} INFO - Processing /home/ris/PycharmProjects/pythonProject/USA-housing/venv/lib/python3.10/site-packages/airflow/example_dags/example_nested_branch_dag.py took 0.082 seconds
[2023-03-07T18:06:09.628+0530] {processor.py:153} INFO - Started process (PID=6371) to work on /home/ris/PycharmProjects/pythonProject/USA-housing/venv/lib/python3.10/site-packages/airflow/example_dags/example_nested_branch_dag.py
[2023-03-07T18:06:09.629+0530] {processor.py:743} INFO - Processing file /home/ris/PycharmProjects/pythonProject/USA-housing/venv/lib/python3.10/site-packages/airflow/example_dags/example_nested_branch_dag.py for tasks to queue
[2023-03-07T18:06:09.630+0530] {logging_mixin.py:137} INFO - [2023-03-07T18:06:09.630+0530] {dagbag.py:538} INFO - Filling up the DagBag from /home/ris/PycharmProjects/pythonProject/USA-housing/venv/lib/python3.10/site-packages/airflow/example_dags/example_nested_branch_dag.py
[2023-03-07T18:06:09.648+0530] {processor.py:753} INFO - DAG(s) dict_keys(['example_nested_branch_dag']) retrieved from /home/ris/PycharmProjects/pythonProject/USA-housing/venv/lib/python3.10/site-packages/airflow/example_dags/example_nested_branch_dag.py
[2023-03-07T18:06:09.665+0530] {logging_mixin.py:137} INFO - [2023-03-07T18:06:09.664+0530] {dag.py:2690} INFO - Sync 1 DAGs
[2023-03-07T18:06:09.682+0530] {logging_mixin.py:137} INFO - [2023-03-07T18:06:09.681+0530] {dag.py:3437} INFO - Setting next_dagrun for example_nested_branch_dag to 2023-03-06T00:00:00+00:00, run_after=2023-03-07T00:00:00+00:00
[2023-03-07T18:06:09.708+0530] {processor.py:175} INFO - Processing /home/ris/PycharmProjects/pythonProject/USA-housing/venv/lib/python3.10/site-packages/airflow/example_dags/example_nested_branch_dag.py took 0.083 seconds
[2023-03-07T18:06:56.169+0530] {processor.py:153} INFO - Started process (PID=6425) to work on /home/ris/PycharmProjects/pythonProject/USA-housing/venv/lib/python3.10/site-packages/airflow/example_dags/example_nested_branch_dag.py
[2023-03-07T18:06:56.170+0530] {processor.py:743} INFO - Processing file /home/ris/PycharmProjects/pythonProject/USA-housing/venv/lib/python3.10/site-packages/airflow/example_dags/example_nested_branch_dag.py for tasks to queue
[2023-03-07T18:06:56.171+0530] {logging_mixin.py:137} INFO - [2023-03-07T18:06:56.171+0530] {dagbag.py:538} INFO - Filling up the DagBag from /home/ris/PycharmProjects/pythonProject/USA-housing/venv/lib/python3.10/site-packages/airflow/example_dags/example_nested_branch_dag.py
[2023-03-07T18:06:56.189+0530] {processor.py:753} INFO - DAG(s) dict_keys(['example_nested_branch_dag']) retrieved from /home/ris/PycharmProjects/pythonProject/USA-housing/venv/lib/python3.10/site-packages/airflow/example_dags/example_nested_branch_dag.py
[2023-03-07T18:06:56.207+0530] {logging_mixin.py:137} INFO - [2023-03-07T18:06:56.206+0530] {dag.py:2690} INFO - Sync 1 DAGs
[2023-03-07T18:06:56.223+0530] {logging_mixin.py:137} INFO - [2023-03-07T18:06:56.223+0530] {dag.py:3437} INFO - Setting next_dagrun for example_nested_branch_dag to 2023-03-06T00:00:00+00:00, run_after=2023-03-07T00:00:00+00:00
[2023-03-07T18:06:56.244+0530] {processor.py:175} INFO - Processing /home/ris/PycharmProjects/pythonProject/USA-housing/venv/lib/python3.10/site-packages/airflow/example_dags/example_nested_branch_dag.py took 0.078 seconds
[2023-03-07T18:07:46.248+0530] {processor.py:153} INFO - Started process (PID=6478) to work on /home/ris/PycharmProjects/pythonProject/USA-housing/venv/lib/python3.10/site-packages/airflow/example_dags/example_nested_branch_dag.py
[2023-03-07T18:07:46.251+0530] {processor.py:743} INFO - Processing file /home/ris/PycharmProjects/pythonProject/USA-housing/venv/lib/python3.10/site-packages/airflow/example_dags/example_nested_branch_dag.py for tasks to queue
[2023-03-07T18:07:46.251+0530] {logging_mixin.py:137} INFO - [2023-03-07T18:07:46.251+0530] {dagbag.py:538} INFO - Filling up the DagBag from /home/ris/PycharmProjects/pythonProject/USA-housing/venv/lib/python3.10/site-packages/airflow/example_dags/example_nested_branch_dag.py
[2023-03-07T18:07:46.271+0530] {processor.py:753} INFO - DAG(s) dict_keys(['example_nested_branch_dag']) retrieved from /home/ris/PycharmProjects/pythonProject/USA-housing/venv/lib/python3.10/site-packages/airflow/example_dags/example_nested_branch_dag.py
[2023-03-07T18:07:46.287+0530] {logging_mixin.py:137} INFO - [2023-03-07T18:07:46.287+0530] {dag.py:2690} INFO - Sync 1 DAGs
[2023-03-07T18:07:46.304+0530] {logging_mixin.py:137} INFO - [2023-03-07T18:07:46.304+0530] {dag.py:3437} INFO - Setting next_dagrun for example_nested_branch_dag to 2023-03-06T00:00:00+00:00, run_after=2023-03-07T00:00:00+00:00
[2023-03-07T18:07:46.325+0530] {processor.py:175} INFO - Processing /home/ris/PycharmProjects/pythonProject/USA-housing/venv/lib/python3.10/site-packages/airflow/example_dags/example_nested_branch_dag.py took 0.081 seconds
[2023-03-07T18:08:39.231+0530] {processor.py:153} INFO - Started process (PID=6532) to work on /home/ris/PycharmProjects/pythonProject/USA-housing/venv/lib/python3.10/site-packages/airflow/example_dags/example_nested_branch_dag.py
[2023-03-07T18:08:39.233+0530] {processor.py:743} INFO - Processing file /home/ris/PycharmProjects/pythonProject/USA-housing/venv/lib/python3.10/site-packages/airflow/example_dags/example_nested_branch_dag.py for tasks to queue
[2023-03-07T18:08:39.234+0530] {logging_mixin.py:137} INFO - [2023-03-07T18:08:39.233+0530] {dagbag.py:538} INFO - Filling up the DagBag from /home/ris/PycharmProjects/pythonProject/USA-housing/venv/lib/python3.10/site-packages/airflow/example_dags/example_nested_branch_dag.py
[2023-03-07T18:08:39.250+0530] {processor.py:753} INFO - DAG(s) dict_keys(['example_nested_branch_dag']) retrieved from /home/ris/PycharmProjects/pythonProject/USA-housing/venv/lib/python3.10/site-packages/airflow/example_dags/example_nested_branch_dag.py
[2023-03-07T18:08:39.266+0530] {logging_mixin.py:137} INFO - [2023-03-07T18:08:39.266+0530] {dag.py:2690} INFO - Sync 1 DAGs
[2023-03-07T18:08:39.283+0530] {logging_mixin.py:137} INFO - [2023-03-07T18:08:39.283+0530] {dag.py:3437} INFO - Setting next_dagrun for example_nested_branch_dag to 2023-03-06T00:00:00+00:00, run_after=2023-03-07T00:00:00+00:00
[2023-03-07T18:08:39.305+0530] {processor.py:175} INFO - Processing /home/ris/PycharmProjects/pythonProject/USA-housing/venv/lib/python3.10/site-packages/airflow/example_dags/example_nested_branch_dag.py took 0.076 seconds
[2023-03-07T18:09:21.198+0530] {processor.py:153} INFO - Started process (PID=6595) to work on /home/ris/PycharmProjects/pythonProject/USA-housing/venv/lib/python3.10/site-packages/airflow/example_dags/example_nested_branch_dag.py
[2023-03-07T18:09:21.200+0530] {processor.py:743} INFO - Processing file /home/ris/PycharmProjects/pythonProject/USA-housing/venv/lib/python3.10/site-packages/airflow/example_dags/example_nested_branch_dag.py for tasks to queue
[2023-03-07T18:09:21.200+0530] {logging_mixin.py:137} INFO - [2023-03-07T18:09:21.200+0530] {dagbag.py:538} INFO - Filling up the DagBag from /home/ris/PycharmProjects/pythonProject/USA-housing/venv/lib/python3.10/site-packages/airflow/example_dags/example_nested_branch_dag.py
[2023-03-07T18:09:21.221+0530] {processor.py:753} INFO - DAG(s) dict_keys(['example_nested_branch_dag']) retrieved from /home/ris/PycharmProjects/pythonProject/USA-housing/venv/lib/python3.10/site-packages/airflow/example_dags/example_nested_branch_dag.py
[2023-03-07T18:09:21.242+0530] {logging_mixin.py:137} INFO - [2023-03-07T18:09:21.242+0530] {dag.py:2690} INFO - Sync 1 DAGs
[2023-03-07T18:09:21.263+0530] {logging_mixin.py:137} INFO - [2023-03-07T18:09:21.263+0530] {dag.py:3437} INFO - Setting next_dagrun for example_nested_branch_dag to 2023-03-06T00:00:00+00:00, run_after=2023-03-07T00:00:00+00:00
[2023-03-07T18:09:21.292+0530] {processor.py:175} INFO - Processing /home/ris/PycharmProjects/pythonProject/USA-housing/venv/lib/python3.10/site-packages/airflow/example_dags/example_nested_branch_dag.py took 0.099 seconds
[2023-03-07T18:10:12.398+0530] {processor.py:153} INFO - Started process (PID=6902) to work on /home/ris/PycharmProjects/pythonProject/USA-housing/venv/lib/python3.10/site-packages/airflow/example_dags/example_nested_branch_dag.py
[2023-03-07T18:10:12.400+0530] {processor.py:743} INFO - Processing file /home/ris/PycharmProjects/pythonProject/USA-housing/venv/lib/python3.10/site-packages/airflow/example_dags/example_nested_branch_dag.py for tasks to queue
[2023-03-07T18:10:12.401+0530] {logging_mixin.py:137} INFO - [2023-03-07T18:10:12.401+0530] {dagbag.py:538} INFO - Filling up the DagBag from /home/ris/PycharmProjects/pythonProject/USA-housing/venv/lib/python3.10/site-packages/airflow/example_dags/example_nested_branch_dag.py
[2023-03-07T18:10:12.427+0530] {processor.py:753} INFO - DAG(s) dict_keys(['example_nested_branch_dag']) retrieved from /home/ris/PycharmProjects/pythonProject/USA-housing/venv/lib/python3.10/site-packages/airflow/example_dags/example_nested_branch_dag.py
[2023-03-07T18:10:12.450+0530] {logging_mixin.py:137} INFO - [2023-03-07T18:10:12.450+0530] {dag.py:2690} INFO - Sync 1 DAGs
[2023-03-07T18:10:12.473+0530] {logging_mixin.py:137} INFO - [2023-03-07T18:10:12.473+0530] {dag.py:3437} INFO - Setting next_dagrun for example_nested_branch_dag to 2023-03-06T00:00:00+00:00, run_after=2023-03-07T00:00:00+00:00
[2023-03-07T18:10:12.500+0530] {processor.py:175} INFO - Processing /home/ris/PycharmProjects/pythonProject/USA-housing/venv/lib/python3.10/site-packages/airflow/example_dags/example_nested_branch_dag.py took 0.107 seconds
[2023-03-07T18:10:55.461+0530] {processor.py:153} INFO - Started process (PID=6964) to work on /home/ris/PycharmProjects/pythonProject/USA-housing/venv/lib/python3.10/site-packages/airflow/example_dags/example_nested_branch_dag.py
[2023-03-07T18:10:55.463+0530] {processor.py:743} INFO - Processing file /home/ris/PycharmProjects/pythonProject/USA-housing/venv/lib/python3.10/site-packages/airflow/example_dags/example_nested_branch_dag.py for tasks to queue
[2023-03-07T18:10:55.463+0530] {logging_mixin.py:137} INFO - [2023-03-07T18:10:55.463+0530] {dagbag.py:538} INFO - Filling up the DagBag from /home/ris/PycharmProjects/pythonProject/USA-housing/venv/lib/python3.10/site-packages/airflow/example_dags/example_nested_branch_dag.py
[2023-03-07T18:10:55.481+0530] {processor.py:753} INFO - DAG(s) dict_keys(['example_nested_branch_dag']) retrieved from /home/ris/PycharmProjects/pythonProject/USA-housing/venv/lib/python3.10/site-packages/airflow/example_dags/example_nested_branch_dag.py
[2023-03-07T18:10:55.498+0530] {logging_mixin.py:137} INFO - [2023-03-07T18:10:55.498+0530] {dag.py:2690} INFO - Sync 1 DAGs
[2023-03-07T18:10:55.515+0530] {logging_mixin.py:137} INFO - [2023-03-07T18:10:55.515+0530] {dag.py:3437} INFO - Setting next_dagrun for example_nested_branch_dag to 2023-03-06T00:00:00+00:00, run_after=2023-03-07T00:00:00+00:00
[2023-03-07T18:10:55.535+0530] {processor.py:175} INFO - Processing /home/ris/PycharmProjects/pythonProject/USA-housing/venv/lib/python3.10/site-packages/airflow/example_dags/example_nested_branch_dag.py took 0.076 seconds
[2023-03-07T18:11:47.952+0530] {processor.py:153} INFO - Started process (PID=7023) to work on /home/ris/PycharmProjects/pythonProject/USA-housing/venv/lib/python3.10/site-packages/airflow/example_dags/example_nested_branch_dag.py
[2023-03-07T18:11:47.955+0530] {processor.py:743} INFO - Processing file /home/ris/PycharmProjects/pythonProject/USA-housing/venv/lib/python3.10/site-packages/airflow/example_dags/example_nested_branch_dag.py for tasks to queue
[2023-03-07T18:11:47.957+0530] {logging_mixin.py:137} INFO - [2023-03-07T18:11:47.957+0530] {dagbag.py:538} INFO - Filling up the DagBag from /home/ris/PycharmProjects/pythonProject/USA-housing/venv/lib/python3.10/site-packages/airflow/example_dags/example_nested_branch_dag.py
[2023-03-07T18:11:47.990+0530] {processor.py:753} INFO - DAG(s) dict_keys(['example_nested_branch_dag']) retrieved from /home/ris/PycharmProjects/pythonProject/USA-housing/venv/lib/python3.10/site-packages/airflow/example_dags/example_nested_branch_dag.py
[2023-03-07T18:11:48.027+0530] {logging_mixin.py:137} INFO - [2023-03-07T18:11:48.027+0530] {dag.py:2690} INFO - Sync 1 DAGs
[2023-03-07T18:11:48.051+0530] {logging_mixin.py:137} INFO - [2023-03-07T18:11:48.050+0530] {dag.py:3437} INFO - Setting next_dagrun for example_nested_branch_dag to 2023-03-06T00:00:00+00:00, run_after=2023-03-07T00:00:00+00:00
[2023-03-07T18:11:48.082+0530] {processor.py:175} INFO - Processing /home/ris/PycharmProjects/pythonProject/USA-housing/venv/lib/python3.10/site-packages/airflow/example_dags/example_nested_branch_dag.py took 0.135 seconds
[2023-03-07T18:12:29.617+0530] {processor.py:153} INFO - Started process (PID=7082) to work on /home/ris/PycharmProjects/pythonProject/USA-housing/venv/lib/python3.10/site-packages/airflow/example_dags/example_nested_branch_dag.py
[2023-03-07T18:12:29.620+0530] {processor.py:743} INFO - Processing file /home/ris/PycharmProjects/pythonProject/USA-housing/venv/lib/python3.10/site-packages/airflow/example_dags/example_nested_branch_dag.py for tasks to queue
[2023-03-07T18:12:29.622+0530] {logging_mixin.py:137} INFO - [2023-03-07T18:12:29.621+0530] {dagbag.py:538} INFO - Filling up the DagBag from /home/ris/PycharmProjects/pythonProject/USA-housing/venv/lib/python3.10/site-packages/airflow/example_dags/example_nested_branch_dag.py
[2023-03-07T18:12:29.667+0530] {processor.py:753} INFO - DAG(s) dict_keys(['example_nested_branch_dag']) retrieved from /home/ris/PycharmProjects/pythonProject/USA-housing/venv/lib/python3.10/site-packages/airflow/example_dags/example_nested_branch_dag.py
[2023-03-07T18:12:29.697+0530] {logging_mixin.py:137} INFO - [2023-03-07T18:12:29.697+0530] {dag.py:2690} INFO - Sync 1 DAGs
[2023-03-07T18:12:29.745+0530] {logging_mixin.py:137} INFO - [2023-03-07T18:12:29.745+0530] {dag.py:3437} INFO - Setting next_dagrun for example_nested_branch_dag to 2023-03-06T00:00:00+00:00, run_after=2023-03-07T00:00:00+00:00
[2023-03-07T18:12:29.796+0530] {processor.py:175} INFO - Processing /home/ris/PycharmProjects/pythonProject/USA-housing/venv/lib/python3.10/site-packages/airflow/example_dags/example_nested_branch_dag.py took 0.182 seconds
[2023-03-07T18:13:19.989+0530] {processor.py:153} INFO - Started process (PID=7145) to work on /home/ris/PycharmProjects/pythonProject/USA-housing/venv/lib/python3.10/site-packages/airflow/example_dags/example_nested_branch_dag.py
[2023-03-07T18:13:19.991+0530] {processor.py:743} INFO - Processing file /home/ris/PycharmProjects/pythonProject/USA-housing/venv/lib/python3.10/site-packages/airflow/example_dags/example_nested_branch_dag.py for tasks to queue
[2023-03-07T18:13:19.992+0530] {logging_mixin.py:137} INFO - [2023-03-07T18:13:19.992+0530] {dagbag.py:538} INFO - Filling up the DagBag from /home/ris/PycharmProjects/pythonProject/USA-housing/venv/lib/python3.10/site-packages/airflow/example_dags/example_nested_branch_dag.py
[2023-03-07T18:13:20.009+0530] {processor.py:753} INFO - DAG(s) dict_keys(['example_nested_branch_dag']) retrieved from /home/ris/PycharmProjects/pythonProject/USA-housing/venv/lib/python3.10/site-packages/airflow/example_dags/example_nested_branch_dag.py
[2023-03-07T18:13:20.028+0530] {logging_mixin.py:137} INFO - [2023-03-07T18:13:20.028+0530] {dag.py:2690} INFO - Sync 1 DAGs
[2023-03-07T18:13:20.058+0530] {logging_mixin.py:137} INFO - [2023-03-07T18:13:20.058+0530] {dag.py:3437} INFO - Setting next_dagrun for example_nested_branch_dag to 2023-03-06T00:00:00+00:00, run_after=2023-03-07T00:00:00+00:00
[2023-03-07T18:13:20.077+0530] {processor.py:175} INFO - Processing /home/ris/PycharmProjects/pythonProject/USA-housing/venv/lib/python3.10/site-packages/airflow/example_dags/example_nested_branch_dag.py took 0.090 seconds
[2023-03-07T18:14:05.764+0530] {processor.py:153} INFO - Started process (PID=7201) to work on /home/ris/PycharmProjects/pythonProject/USA-housing/venv/lib/python3.10/site-packages/airflow/example_dags/example_nested_branch_dag.py
[2023-03-07T18:14:05.765+0530] {processor.py:743} INFO - Processing file /home/ris/PycharmProjects/pythonProject/USA-housing/venv/lib/python3.10/site-packages/airflow/example_dags/example_nested_branch_dag.py for tasks to queue
[2023-03-07T18:14:05.766+0530] {logging_mixin.py:137} INFO - [2023-03-07T18:14:05.766+0530] {dagbag.py:538} INFO - Filling up the DagBag from /home/ris/PycharmProjects/pythonProject/USA-housing/venv/lib/python3.10/site-packages/airflow/example_dags/example_nested_branch_dag.py
[2023-03-07T18:14:05.784+0530] {processor.py:753} INFO - DAG(s) dict_keys(['example_nested_branch_dag']) retrieved from /home/ris/PycharmProjects/pythonProject/USA-housing/venv/lib/python3.10/site-packages/airflow/example_dags/example_nested_branch_dag.py
[2023-03-07T18:14:05.805+0530] {logging_mixin.py:137} INFO - [2023-03-07T18:14:05.805+0530] {dag.py:2690} INFO - Sync 1 DAGs
[2023-03-07T18:14:05.830+0530] {logging_mixin.py:137} INFO - [2023-03-07T18:14:05.829+0530] {dag.py:3437} INFO - Setting next_dagrun for example_nested_branch_dag to 2023-03-06T00:00:00+00:00, run_after=2023-03-07T00:00:00+00:00
[2023-03-07T18:14:05.849+0530] {processor.py:175} INFO - Processing /home/ris/PycharmProjects/pythonProject/USA-housing/venv/lib/python3.10/site-packages/airflow/example_dags/example_nested_branch_dag.py took 0.088 seconds
[2023-03-07T18:14:49.318+0530] {processor.py:153} INFO - Started process (PID=7261) to work on /home/ris/PycharmProjects/pythonProject/USA-housing/venv/lib/python3.10/site-packages/airflow/example_dags/example_nested_branch_dag.py
[2023-03-07T18:14:49.320+0530] {processor.py:743} INFO - Processing file /home/ris/PycharmProjects/pythonProject/USA-housing/venv/lib/python3.10/site-packages/airflow/example_dags/example_nested_branch_dag.py for tasks to queue
[2023-03-07T18:14:49.321+0530] {logging_mixin.py:137} INFO - [2023-03-07T18:14:49.320+0530] {dagbag.py:538} INFO - Filling up the DagBag from /home/ris/PycharmProjects/pythonProject/USA-housing/venv/lib/python3.10/site-packages/airflow/example_dags/example_nested_branch_dag.py
[2023-03-07T18:14:49.339+0530] {processor.py:753} INFO - DAG(s) dict_keys(['example_nested_branch_dag']) retrieved from /home/ris/PycharmProjects/pythonProject/USA-housing/venv/lib/python3.10/site-packages/airflow/example_dags/example_nested_branch_dag.py
[2023-03-07T18:14:49.355+0530] {logging_mixin.py:137} INFO - [2023-03-07T18:14:49.355+0530] {dag.py:2690} INFO - Sync 1 DAGs
[2023-03-07T18:14:49.373+0530] {logging_mixin.py:137} INFO - [2023-03-07T18:14:49.372+0530] {dag.py:3437} INFO - Setting next_dagrun for example_nested_branch_dag to 2023-03-06T00:00:00+00:00, run_after=2023-03-07T00:00:00+00:00
[2023-03-07T18:14:49.393+0530] {processor.py:175} INFO - Processing /home/ris/PycharmProjects/pythonProject/USA-housing/venv/lib/python3.10/site-packages/airflow/example_dags/example_nested_branch_dag.py took 0.078 seconds
[2023-03-07T18:15:39.761+0530] {processor.py:153} INFO - Started process (PID=7343) to work on /home/ris/PycharmProjects/pythonProject/USA-housing/venv/lib/python3.10/site-packages/airflow/example_dags/example_nested_branch_dag.py
[2023-03-07T18:15:39.764+0530] {processor.py:743} INFO - Processing file /home/ris/PycharmProjects/pythonProject/USA-housing/venv/lib/python3.10/site-packages/airflow/example_dags/example_nested_branch_dag.py for tasks to queue
[2023-03-07T18:15:39.766+0530] {logging_mixin.py:137} INFO - [2023-03-07T18:15:39.765+0530] {dagbag.py:538} INFO - Filling up the DagBag from /home/ris/PycharmProjects/pythonProject/USA-housing/venv/lib/python3.10/site-packages/airflow/example_dags/example_nested_branch_dag.py
[2023-03-07T18:15:39.810+0530] {processor.py:753} INFO - DAG(s) dict_keys(['example_nested_branch_dag']) retrieved from /home/ris/PycharmProjects/pythonProject/USA-housing/venv/lib/python3.10/site-packages/airflow/example_dags/example_nested_branch_dag.py
[2023-03-07T18:15:39.843+0530] {logging_mixin.py:137} INFO - [2023-03-07T18:15:39.843+0530] {dag.py:2690} INFO - Sync 1 DAGs
[2023-03-07T18:15:39.860+0530] {logging_mixin.py:137} INFO - [2023-03-07T18:15:39.860+0530] {dag.py:3437} INFO - Setting next_dagrun for example_nested_branch_dag to 2023-03-06T00:00:00+00:00, run_after=2023-03-07T00:00:00+00:00
[2023-03-07T18:15:39.882+0530] {processor.py:175} INFO - Processing /home/ris/PycharmProjects/pythonProject/USA-housing/venv/lib/python3.10/site-packages/airflow/example_dags/example_nested_branch_dag.py took 0.124 seconds
[2023-03-07T18:16:24.235+0530] {processor.py:153} INFO - Started process (PID=7394) to work on /home/ris/PycharmProjects/pythonProject/USA-housing/venv/lib/python3.10/site-packages/airflow/example_dags/example_nested_branch_dag.py
[2023-03-07T18:16:24.237+0530] {processor.py:743} INFO - Processing file /home/ris/PycharmProjects/pythonProject/USA-housing/venv/lib/python3.10/site-packages/airflow/example_dags/example_nested_branch_dag.py for tasks to queue
[2023-03-07T18:16:24.237+0530] {logging_mixin.py:137} INFO - [2023-03-07T18:16:24.237+0530] {dagbag.py:538} INFO - Filling up the DagBag from /home/ris/PycharmProjects/pythonProject/USA-housing/venv/lib/python3.10/site-packages/airflow/example_dags/example_nested_branch_dag.py
[2023-03-07T18:16:24.255+0530] {processor.py:753} INFO - DAG(s) dict_keys(['example_nested_branch_dag']) retrieved from /home/ris/PycharmProjects/pythonProject/USA-housing/venv/lib/python3.10/site-packages/airflow/example_dags/example_nested_branch_dag.py
[2023-03-07T18:16:24.272+0530] {logging_mixin.py:137} INFO - [2023-03-07T18:16:24.272+0530] {dag.py:2690} INFO - Sync 1 DAGs
[2023-03-07T18:16:24.293+0530] {logging_mixin.py:137} INFO - [2023-03-07T18:16:24.293+0530] {dag.py:3437} INFO - Setting next_dagrun for example_nested_branch_dag to 2023-03-06T00:00:00+00:00, run_after=2023-03-07T00:00:00+00:00
[2023-03-07T18:16:24.315+0530] {processor.py:175} INFO - Processing /home/ris/PycharmProjects/pythonProject/USA-housing/venv/lib/python3.10/site-packages/airflow/example_dags/example_nested_branch_dag.py took 0.084 seconds
[2023-03-07T18:17:13.648+0530] {processor.py:153} INFO - Started process (PID=7461) to work on /home/ris/PycharmProjects/pythonProject/USA-housing/venv/lib/python3.10/site-packages/airflow/example_dags/example_nested_branch_dag.py
[2023-03-07T18:17:13.650+0530] {processor.py:743} INFO - Processing file /home/ris/PycharmProjects/pythonProject/USA-housing/venv/lib/python3.10/site-packages/airflow/example_dags/example_nested_branch_dag.py for tasks to queue
[2023-03-07T18:17:13.650+0530] {logging_mixin.py:137} INFO - [2023-03-07T18:17:13.650+0530] {dagbag.py:538} INFO - Filling up the DagBag from /home/ris/PycharmProjects/pythonProject/USA-housing/venv/lib/python3.10/site-packages/airflow/example_dags/example_nested_branch_dag.py
[2023-03-07T18:17:13.668+0530] {processor.py:753} INFO - DAG(s) dict_keys(['example_nested_branch_dag']) retrieved from /home/ris/PycharmProjects/pythonProject/USA-housing/venv/lib/python3.10/site-packages/airflow/example_dags/example_nested_branch_dag.py
[2023-03-07T18:17:13.685+0530] {logging_mixin.py:137} INFO - [2023-03-07T18:17:13.685+0530] {dag.py:2690} INFO - Sync 1 DAGs
[2023-03-07T18:17:13.709+0530] {logging_mixin.py:137} INFO - [2023-03-07T18:17:13.709+0530] {dag.py:3437} INFO - Setting next_dagrun for example_nested_branch_dag to 2023-03-06T00:00:00+00:00, run_after=2023-03-07T00:00:00+00:00
[2023-03-07T18:17:13.735+0530] {processor.py:175} INFO - Processing /home/ris/PycharmProjects/pythonProject/USA-housing/venv/lib/python3.10/site-packages/airflow/example_dags/example_nested_branch_dag.py took 0.090 seconds
[2023-03-07T18:18:02.522+0530] {processor.py:153} INFO - Started process (PID=7524) to work on /home/ris/PycharmProjects/pythonProject/USA-housing/venv/lib/python3.10/site-packages/airflow/example_dags/example_nested_branch_dag.py
[2023-03-07T18:18:02.524+0530] {processor.py:743} INFO - Processing file /home/ris/PycharmProjects/pythonProject/USA-housing/venv/lib/python3.10/site-packages/airflow/example_dags/example_nested_branch_dag.py for tasks to queue
[2023-03-07T18:18:02.525+0530] {logging_mixin.py:137} INFO - [2023-03-07T18:18:02.525+0530] {dagbag.py:538} INFO - Filling up the DagBag from /home/ris/PycharmProjects/pythonProject/USA-housing/venv/lib/python3.10/site-packages/airflow/example_dags/example_nested_branch_dag.py
[2023-03-07T18:18:02.544+0530] {processor.py:753} INFO - DAG(s) dict_keys(['example_nested_branch_dag']) retrieved from /home/ris/PycharmProjects/pythonProject/USA-housing/venv/lib/python3.10/site-packages/airflow/example_dags/example_nested_branch_dag.py
[2023-03-07T18:18:02.561+0530] {logging_mixin.py:137} INFO - [2023-03-07T18:18:02.561+0530] {dag.py:2690} INFO - Sync 1 DAGs
[2023-03-07T18:18:02.579+0530] {logging_mixin.py:137} INFO - [2023-03-07T18:18:02.579+0530] {dag.py:3437} INFO - Setting next_dagrun for example_nested_branch_dag to 2023-03-06T00:00:00+00:00, run_after=2023-03-07T00:00:00+00:00
[2023-03-07T18:18:02.599+0530] {processor.py:175} INFO - Processing /home/ris/PycharmProjects/pythonProject/USA-housing/venv/lib/python3.10/site-packages/airflow/example_dags/example_nested_branch_dag.py took 0.079 seconds
[2023-03-07T18:18:42.738+0530] {processor.py:153} INFO - Started process (PID=7571) to work on /home/ris/PycharmProjects/pythonProject/USA-housing/venv/lib/python3.10/site-packages/airflow/example_dags/example_nested_branch_dag.py
[2023-03-07T18:18:42.740+0530] {processor.py:743} INFO - Processing file /home/ris/PycharmProjects/pythonProject/USA-housing/venv/lib/python3.10/site-packages/airflow/example_dags/example_nested_branch_dag.py for tasks to queue
[2023-03-07T18:18:42.740+0530] {logging_mixin.py:137} INFO - [2023-03-07T18:18:42.740+0530] {dagbag.py:538} INFO - Filling up the DagBag from /home/ris/PycharmProjects/pythonProject/USA-housing/venv/lib/python3.10/site-packages/airflow/example_dags/example_nested_branch_dag.py
[2023-03-07T18:18:42.762+0530] {processor.py:753} INFO - DAG(s) dict_keys(['example_nested_branch_dag']) retrieved from /home/ris/PycharmProjects/pythonProject/USA-housing/venv/lib/python3.10/site-packages/airflow/example_dags/example_nested_branch_dag.py
[2023-03-07T18:18:42.782+0530] {logging_mixin.py:137} INFO - [2023-03-07T18:18:42.781+0530] {dag.py:2690} INFO - Sync 1 DAGs
[2023-03-07T18:18:42.799+0530] {logging_mixin.py:137} INFO - [2023-03-07T18:18:42.798+0530] {dag.py:3437} INFO - Setting next_dagrun for example_nested_branch_dag to 2023-03-06T00:00:00+00:00, run_after=2023-03-07T00:00:00+00:00
[2023-03-07T18:18:42.818+0530] {processor.py:175} INFO - Processing /home/ris/PycharmProjects/pythonProject/USA-housing/venv/lib/python3.10/site-packages/airflow/example_dags/example_nested_branch_dag.py took 0.083 seconds
[2023-03-07T18:19:25.419+0530] {processor.py:153} INFO - Started process (PID=7627) to work on /home/ris/PycharmProjects/pythonProject/USA-housing/venv/lib/python3.10/site-packages/airflow/example_dags/example_nested_branch_dag.py
[2023-03-07T18:19:25.423+0530] {processor.py:743} INFO - Processing file /home/ris/PycharmProjects/pythonProject/USA-housing/venv/lib/python3.10/site-packages/airflow/example_dags/example_nested_branch_dag.py for tasks to queue
[2023-03-07T18:19:25.424+0530] {logging_mixin.py:137} INFO - [2023-03-07T18:19:25.424+0530] {dagbag.py:538} INFO - Filling up the DagBag from /home/ris/PycharmProjects/pythonProject/USA-housing/venv/lib/python3.10/site-packages/airflow/example_dags/example_nested_branch_dag.py
[2023-03-07T18:19:25.441+0530] {processor.py:753} INFO - DAG(s) dict_keys(['example_nested_branch_dag']) retrieved from /home/ris/PycharmProjects/pythonProject/USA-housing/venv/lib/python3.10/site-packages/airflow/example_dags/example_nested_branch_dag.py
[2023-03-07T18:19:25.459+0530] {logging_mixin.py:137} INFO - [2023-03-07T18:19:25.459+0530] {dag.py:2690} INFO - Sync 1 DAGs
[2023-03-07T18:19:25.476+0530] {logging_mixin.py:137} INFO - [2023-03-07T18:19:25.476+0530] {dag.py:3437} INFO - Setting next_dagrun for example_nested_branch_dag to 2023-03-06T00:00:00+00:00, run_after=2023-03-07T00:00:00+00:00
[2023-03-07T18:19:25.495+0530] {processor.py:175} INFO - Processing /home/ris/PycharmProjects/pythonProject/USA-housing/venv/lib/python3.10/site-packages/airflow/example_dags/example_nested_branch_dag.py took 0.079 seconds
[2023-03-07T18:20:07.842+0530] {processor.py:153} INFO - Started process (PID=7909) to work on /home/ris/PycharmProjects/pythonProject/USA-housing/venv/lib/python3.10/site-packages/airflow/example_dags/example_nested_branch_dag.py
[2023-03-07T18:20:07.843+0530] {processor.py:743} INFO - Processing file /home/ris/PycharmProjects/pythonProject/USA-housing/venv/lib/python3.10/site-packages/airflow/example_dags/example_nested_branch_dag.py for tasks to queue
[2023-03-07T18:20:07.844+0530] {logging_mixin.py:137} INFO - [2023-03-07T18:20:07.844+0530] {dagbag.py:538} INFO - Filling up the DagBag from /home/ris/PycharmProjects/pythonProject/USA-housing/venv/lib/python3.10/site-packages/airflow/example_dags/example_nested_branch_dag.py
[2023-03-07T18:20:07.884+0530] {processor.py:753} INFO - DAG(s) dict_keys(['example_nested_branch_dag']) retrieved from /home/ris/PycharmProjects/pythonProject/USA-housing/venv/lib/python3.10/site-packages/airflow/example_dags/example_nested_branch_dag.py
[2023-03-07T18:20:07.908+0530] {logging_mixin.py:137} INFO - [2023-03-07T18:20:07.908+0530] {dag.py:2690} INFO - Sync 1 DAGs
[2023-03-07T18:20:07.926+0530] {logging_mixin.py:137} INFO - [2023-03-07T18:20:07.926+0530] {dag.py:3437} INFO - Setting next_dagrun for example_nested_branch_dag to 2023-03-06T00:00:00+00:00, run_after=2023-03-07T00:00:00+00:00
[2023-03-07T18:20:07.944+0530] {processor.py:175} INFO - Processing /home/ris/PycharmProjects/pythonProject/USA-housing/venv/lib/python3.10/site-packages/airflow/example_dags/example_nested_branch_dag.py took 0.107 seconds
[2023-03-07T18:20:51.165+0530] {processor.py:153} INFO - Started process (PID=7967) to work on /home/ris/PycharmProjects/pythonProject/USA-housing/venv/lib/python3.10/site-packages/airflow/example_dags/example_nested_branch_dag.py
[2023-03-07T18:20:51.168+0530] {processor.py:743} INFO - Processing file /home/ris/PycharmProjects/pythonProject/USA-housing/venv/lib/python3.10/site-packages/airflow/example_dags/example_nested_branch_dag.py for tasks to queue
[2023-03-07T18:20:51.170+0530] {logging_mixin.py:137} INFO - [2023-03-07T18:20:51.169+0530] {dagbag.py:538} INFO - Filling up the DagBag from /home/ris/PycharmProjects/pythonProject/USA-housing/venv/lib/python3.10/site-packages/airflow/example_dags/example_nested_branch_dag.py
[2023-03-07T18:20:51.194+0530] {processor.py:753} INFO - DAG(s) dict_keys(['example_nested_branch_dag']) retrieved from /home/ris/PycharmProjects/pythonProject/USA-housing/venv/lib/python3.10/site-packages/airflow/example_dags/example_nested_branch_dag.py
[2023-03-07T18:20:51.215+0530] {logging_mixin.py:137} INFO - [2023-03-07T18:20:51.214+0530] {dag.py:2690} INFO - Sync 1 DAGs
[2023-03-07T18:20:51.233+0530] {logging_mixin.py:137} INFO - [2023-03-07T18:20:51.233+0530] {dag.py:3437} INFO - Setting next_dagrun for example_nested_branch_dag to 2023-03-06T00:00:00+00:00, run_after=2023-03-07T00:00:00+00:00
[2023-03-07T18:20:51.256+0530] {processor.py:175} INFO - Processing /home/ris/PycharmProjects/pythonProject/USA-housing/venv/lib/python3.10/site-packages/airflow/example_dags/example_nested_branch_dag.py took 0.099 seconds
[2023-03-07T18:21:29.910+0530] {processor.py:153} INFO - Started process (PID=8009) to work on /home/ris/PycharmProjects/pythonProject/USA-housing/venv/lib/python3.10/site-packages/airflow/example_dags/example_nested_branch_dag.py
[2023-03-07T18:21:29.912+0530] {processor.py:743} INFO - Processing file /home/ris/PycharmProjects/pythonProject/USA-housing/venv/lib/python3.10/site-packages/airflow/example_dags/example_nested_branch_dag.py for tasks to queue
[2023-03-07T18:21:29.913+0530] {logging_mixin.py:137} INFO - [2023-03-07T18:21:29.913+0530] {dagbag.py:538} INFO - Filling up the DagBag from /home/ris/PycharmProjects/pythonProject/USA-housing/venv/lib/python3.10/site-packages/airflow/example_dags/example_nested_branch_dag.py
[2023-03-07T18:21:29.931+0530] {processor.py:753} INFO - DAG(s) dict_keys(['example_nested_branch_dag']) retrieved from /home/ris/PycharmProjects/pythonProject/USA-housing/venv/lib/python3.10/site-packages/airflow/example_dags/example_nested_branch_dag.py
[2023-03-07T18:21:29.947+0530] {logging_mixin.py:137} INFO - [2023-03-07T18:21:29.947+0530] {dag.py:2690} INFO - Sync 1 DAGs
[2023-03-07T18:21:29.965+0530] {logging_mixin.py:137} INFO - [2023-03-07T18:21:29.965+0530] {dag.py:3437} INFO - Setting next_dagrun for example_nested_branch_dag to 2023-03-06T00:00:00+00:00, run_after=2023-03-07T00:00:00+00:00
[2023-03-07T18:21:29.985+0530] {processor.py:175} INFO - Processing /home/ris/PycharmProjects/pythonProject/USA-housing/venv/lib/python3.10/site-packages/airflow/example_dags/example_nested_branch_dag.py took 0.077 seconds
[2023-03-07T18:22:10.664+0530] {processor.py:153} INFO - Started process (PID=8058) to work on /home/ris/PycharmProjects/pythonProject/USA-housing/venv/lib/python3.10/site-packages/airflow/example_dags/example_nested_branch_dag.py
[2023-03-07T18:22:10.666+0530] {processor.py:743} INFO - Processing file /home/ris/PycharmProjects/pythonProject/USA-housing/venv/lib/python3.10/site-packages/airflow/example_dags/example_nested_branch_dag.py for tasks to queue
[2023-03-07T18:22:10.666+0530] {logging_mixin.py:137} INFO - [2023-03-07T18:22:10.666+0530] {dagbag.py:538} INFO - Filling up the DagBag from /home/ris/PycharmProjects/pythonProject/USA-housing/venv/lib/python3.10/site-packages/airflow/example_dags/example_nested_branch_dag.py
[2023-03-07T18:22:10.692+0530] {processor.py:753} INFO - DAG(s) dict_keys(['example_nested_branch_dag']) retrieved from /home/ris/PycharmProjects/pythonProject/USA-housing/venv/lib/python3.10/site-packages/airflow/example_dags/example_nested_branch_dag.py
[2023-03-07T18:22:10.713+0530] {logging_mixin.py:137} INFO - [2023-03-07T18:22:10.713+0530] {dag.py:2690} INFO - Sync 1 DAGs
[2023-03-07T18:22:10.730+0530] {logging_mixin.py:137} INFO - [2023-03-07T18:22:10.730+0530] {dag.py:3437} INFO - Setting next_dagrun for example_nested_branch_dag to 2023-03-06T00:00:00+00:00, run_after=2023-03-07T00:00:00+00:00
[2023-03-07T18:22:10.749+0530] {processor.py:175} INFO - Processing /home/ris/PycharmProjects/pythonProject/USA-housing/venv/lib/python3.10/site-packages/airflow/example_dags/example_nested_branch_dag.py took 0.088 seconds
[2023-03-07T18:22:56.307+0530] {processor.py:153} INFO - Started process (PID=8110) to work on /home/ris/PycharmProjects/pythonProject/USA-housing/venv/lib/python3.10/site-packages/airflow/example_dags/example_nested_branch_dag.py
[2023-03-07T18:22:56.309+0530] {processor.py:743} INFO - Processing file /home/ris/PycharmProjects/pythonProject/USA-housing/venv/lib/python3.10/site-packages/airflow/example_dags/example_nested_branch_dag.py for tasks to queue
[2023-03-07T18:22:56.309+0530] {logging_mixin.py:137} INFO - [2023-03-07T18:22:56.309+0530] {dagbag.py:538} INFO - Filling up the DagBag from /home/ris/PycharmProjects/pythonProject/USA-housing/venv/lib/python3.10/site-packages/airflow/example_dags/example_nested_branch_dag.py
[2023-03-07T18:22:56.327+0530] {processor.py:753} INFO - DAG(s) dict_keys(['example_nested_branch_dag']) retrieved from /home/ris/PycharmProjects/pythonProject/USA-housing/venv/lib/python3.10/site-packages/airflow/example_dags/example_nested_branch_dag.py
[2023-03-07T18:22:56.344+0530] {logging_mixin.py:137} INFO - [2023-03-07T18:22:56.344+0530] {dag.py:2690} INFO - Sync 1 DAGs
[2023-03-07T18:22:56.362+0530] {logging_mixin.py:137} INFO - [2023-03-07T18:22:56.361+0530] {dag.py:3437} INFO - Setting next_dagrun for example_nested_branch_dag to 2023-03-06T00:00:00+00:00, run_after=2023-03-07T00:00:00+00:00
[2023-03-07T18:22:56.383+0530] {processor.py:175} INFO - Processing /home/ris/PycharmProjects/pythonProject/USA-housing/venv/lib/python3.10/site-packages/airflow/example_dags/example_nested_branch_dag.py took 0.078 seconds
[2023-03-07T18:23:35.451+0530] {processor.py:153} INFO - Started process (PID=8324) to work on /home/ris/PycharmProjects/pythonProject/USA-housing/venv/lib/python3.10/site-packages/airflow/example_dags/example_nested_branch_dag.py
[2023-03-07T18:23:35.452+0530] {processor.py:743} INFO - Processing file /home/ris/PycharmProjects/pythonProject/USA-housing/venv/lib/python3.10/site-packages/airflow/example_dags/example_nested_branch_dag.py for tasks to queue
[2023-03-07T18:23:35.453+0530] {logging_mixin.py:137} INFO - [2023-03-07T18:23:35.453+0530] {dagbag.py:538} INFO - Filling up the DagBag from /home/ris/PycharmProjects/pythonProject/USA-housing/venv/lib/python3.10/site-packages/airflow/example_dags/example_nested_branch_dag.py
[2023-03-07T18:23:35.488+0530] {processor.py:753} INFO - DAG(s) dict_keys(['example_nested_branch_dag']) retrieved from /home/ris/PycharmProjects/pythonProject/USA-housing/venv/lib/python3.10/site-packages/airflow/example_dags/example_nested_branch_dag.py
[2023-03-07T18:23:35.510+0530] {logging_mixin.py:137} INFO - [2023-03-07T18:23:35.510+0530] {dag.py:2690} INFO - Sync 1 DAGs
[2023-03-07T18:23:35.533+0530] {logging_mixin.py:137} INFO - [2023-03-07T18:23:35.533+0530] {dag.py:3437} INFO - Setting next_dagrun for example_nested_branch_dag to 2023-03-06T00:00:00+00:00, run_after=2023-03-07T00:00:00+00:00
[2023-03-07T18:23:35.555+0530] {processor.py:175} INFO - Processing /home/ris/PycharmProjects/pythonProject/USA-housing/venv/lib/python3.10/site-packages/airflow/example_dags/example_nested_branch_dag.py took 0.108 seconds
[2023-03-07T18:24:22.240+0530] {processor.py:153} INFO - Started process (PID=8369) to work on /home/ris/PycharmProjects/pythonProject/USA-housing/venv/lib/python3.10/site-packages/airflow/example_dags/example_nested_branch_dag.py
[2023-03-07T18:24:22.241+0530] {processor.py:743} INFO - Processing file /home/ris/PycharmProjects/pythonProject/USA-housing/venv/lib/python3.10/site-packages/airflow/example_dags/example_nested_branch_dag.py for tasks to queue
[2023-03-07T18:24:22.242+0530] {logging_mixin.py:137} INFO - [2023-03-07T18:24:22.242+0530] {dagbag.py:538} INFO - Filling up the DagBag from /home/ris/PycharmProjects/pythonProject/USA-housing/venv/lib/python3.10/site-packages/airflow/example_dags/example_nested_branch_dag.py
[2023-03-07T18:24:22.263+0530] {processor.py:753} INFO - DAG(s) dict_keys(['example_nested_branch_dag']) retrieved from /home/ris/PycharmProjects/pythonProject/USA-housing/venv/lib/python3.10/site-packages/airflow/example_dags/example_nested_branch_dag.py
[2023-03-07T18:24:22.282+0530] {logging_mixin.py:137} INFO - [2023-03-07T18:24:22.281+0530] {dag.py:2690} INFO - Sync 1 DAGs
[2023-03-07T18:24:22.303+0530] {logging_mixin.py:137} INFO - [2023-03-07T18:24:22.302+0530] {dag.py:3437} INFO - Setting next_dagrun for example_nested_branch_dag to 2023-03-06T00:00:00+00:00, run_after=2023-03-07T00:00:00+00:00
[2023-03-07T18:24:22.328+0530] {processor.py:175} INFO - Processing /home/ris/PycharmProjects/pythonProject/USA-housing/venv/lib/python3.10/site-packages/airflow/example_dags/example_nested_branch_dag.py took 0.092 seconds
[2023-03-07T18:25:08.106+0530] {processor.py:153} INFO - Started process (PID=8422) to work on /home/ris/PycharmProjects/pythonProject/USA-housing/venv/lib/python3.10/site-packages/airflow/example_dags/example_nested_branch_dag.py
[2023-03-07T18:25:08.108+0530] {processor.py:743} INFO - Processing file /home/ris/PycharmProjects/pythonProject/USA-housing/venv/lib/python3.10/site-packages/airflow/example_dags/example_nested_branch_dag.py for tasks to queue
[2023-03-07T18:25:08.109+0530] {logging_mixin.py:137} INFO - [2023-03-07T18:25:08.109+0530] {dagbag.py:538} INFO - Filling up the DagBag from /home/ris/PycharmProjects/pythonProject/USA-housing/venv/lib/python3.10/site-packages/airflow/example_dags/example_nested_branch_dag.py
[2023-03-07T18:25:08.129+0530] {processor.py:753} INFO - DAG(s) dict_keys(['example_nested_branch_dag']) retrieved from /home/ris/PycharmProjects/pythonProject/USA-housing/venv/lib/python3.10/site-packages/airflow/example_dags/example_nested_branch_dag.py
[2023-03-07T18:25:08.148+0530] {logging_mixin.py:137} INFO - [2023-03-07T18:25:08.148+0530] {dag.py:2690} INFO - Sync 1 DAGs
[2023-03-07T18:25:08.169+0530] {logging_mixin.py:137} INFO - [2023-03-07T18:25:08.168+0530] {dag.py:3437} INFO - Setting next_dagrun for example_nested_branch_dag to 2023-03-06T00:00:00+00:00, run_after=2023-03-07T00:00:00+00:00
[2023-03-07T18:25:08.198+0530] {processor.py:175} INFO - Processing /home/ris/PycharmProjects/pythonProject/USA-housing/venv/lib/python3.10/site-packages/airflow/example_dags/example_nested_branch_dag.py took 0.095 seconds
[2023-03-07T18:25:53.963+0530] {processor.py:153} INFO - Started process (PID=8512) to work on /home/ris/PycharmProjects/pythonProject/USA-housing/venv/lib/python3.10/site-packages/airflow/example_dags/example_nested_branch_dag.py
[2023-03-07T18:25:53.966+0530] {processor.py:743} INFO - Processing file /home/ris/PycharmProjects/pythonProject/USA-housing/venv/lib/python3.10/site-packages/airflow/example_dags/example_nested_branch_dag.py for tasks to queue
[2023-03-07T18:25:53.967+0530] {logging_mixin.py:137} INFO - [2023-03-07T18:25:53.967+0530] {dagbag.py:538} INFO - Filling up the DagBag from /home/ris/PycharmProjects/pythonProject/USA-housing/venv/lib/python3.10/site-packages/airflow/example_dags/example_nested_branch_dag.py
[2023-03-07T18:25:53.990+0530] {processor.py:753} INFO - DAG(s) dict_keys(['example_nested_branch_dag']) retrieved from /home/ris/PycharmProjects/pythonProject/USA-housing/venv/lib/python3.10/site-packages/airflow/example_dags/example_nested_branch_dag.py
[2023-03-07T18:25:54.015+0530] {logging_mixin.py:137} INFO - [2023-03-07T18:25:54.015+0530] {dag.py:2690} INFO - Sync 1 DAGs
[2023-03-07T18:25:54.037+0530] {logging_mixin.py:137} INFO - [2023-03-07T18:25:54.037+0530] {dag.py:3437} INFO - Setting next_dagrun for example_nested_branch_dag to 2023-03-06T00:00:00+00:00, run_after=2023-03-07T00:00:00+00:00
[2023-03-07T18:25:54.064+0530] {processor.py:175} INFO - Processing /home/ris/PycharmProjects/pythonProject/USA-housing/venv/lib/python3.10/site-packages/airflow/example_dags/example_nested_branch_dag.py took 0.105 seconds
[2023-03-07T18:26:38.355+0530] {processor.py:153} INFO - Started process (PID=8636) to work on /home/ris/PycharmProjects/pythonProject/USA-housing/venv/lib/python3.10/site-packages/airflow/example_dags/example_nested_branch_dag.py
[2023-03-07T18:26:38.357+0530] {processor.py:743} INFO - Processing file /home/ris/PycharmProjects/pythonProject/USA-housing/venv/lib/python3.10/site-packages/airflow/example_dags/example_nested_branch_dag.py for tasks to queue
[2023-03-07T18:26:38.358+0530] {logging_mixin.py:137} INFO - [2023-03-07T18:26:38.358+0530] {dagbag.py:538} INFO - Filling up the DagBag from /home/ris/PycharmProjects/pythonProject/USA-housing/venv/lib/python3.10/site-packages/airflow/example_dags/example_nested_branch_dag.py
[2023-03-07T18:26:38.380+0530] {processor.py:753} INFO - DAG(s) dict_keys(['example_nested_branch_dag']) retrieved from /home/ris/PycharmProjects/pythonProject/USA-housing/venv/lib/python3.10/site-packages/airflow/example_dags/example_nested_branch_dag.py
[2023-03-07T18:26:38.402+0530] {logging_mixin.py:137} INFO - [2023-03-07T18:26:38.401+0530] {dag.py:2690} INFO - Sync 1 DAGs
[2023-03-07T18:26:38.422+0530] {logging_mixin.py:137} INFO - [2023-03-07T18:26:38.422+0530] {dag.py:3437} INFO - Setting next_dagrun for example_nested_branch_dag to 2023-03-06T00:00:00+00:00, run_after=2023-03-07T00:00:00+00:00
[2023-03-07T18:26:38.445+0530] {processor.py:175} INFO - Processing /home/ris/PycharmProjects/pythonProject/USA-housing/venv/lib/python3.10/site-packages/airflow/example_dags/example_nested_branch_dag.py took 0.092 seconds
[2023-03-07T18:27:19.964+0530] {processor.py:153} INFO - Started process (PID=8683) to work on /home/ris/PycharmProjects/pythonProject/USA-housing/venv/lib/python3.10/site-packages/airflow/example_dags/example_nested_branch_dag.py
[2023-03-07T18:27:19.966+0530] {processor.py:743} INFO - Processing file /home/ris/PycharmProjects/pythonProject/USA-housing/venv/lib/python3.10/site-packages/airflow/example_dags/example_nested_branch_dag.py for tasks to queue
[2023-03-07T18:27:19.967+0530] {logging_mixin.py:137} INFO - [2023-03-07T18:27:19.967+0530] {dagbag.py:538} INFO - Filling up the DagBag from /home/ris/PycharmProjects/pythonProject/USA-housing/venv/lib/python3.10/site-packages/airflow/example_dags/example_nested_branch_dag.py
[2023-03-07T18:27:19.987+0530] {processor.py:753} INFO - DAG(s) dict_keys(['example_nested_branch_dag']) retrieved from /home/ris/PycharmProjects/pythonProject/USA-housing/venv/lib/python3.10/site-packages/airflow/example_dags/example_nested_branch_dag.py
[2023-03-07T18:27:20.007+0530] {logging_mixin.py:137} INFO - [2023-03-07T18:27:20.007+0530] {dag.py:2690} INFO - Sync 1 DAGs
[2023-03-07T18:27:20.027+0530] {logging_mixin.py:137} INFO - [2023-03-07T18:27:20.026+0530] {dag.py:3437} INFO - Setting next_dagrun for example_nested_branch_dag to 2023-03-06T00:00:00+00:00, run_after=2023-03-07T00:00:00+00:00
[2023-03-07T18:27:20.050+0530] {processor.py:175} INFO - Processing /home/ris/PycharmProjects/pythonProject/USA-housing/venv/lib/python3.10/site-packages/airflow/example_dags/example_nested_branch_dag.py took 0.089 seconds
[2023-03-07T18:28:03.163+0530] {processor.py:153} INFO - Started process (PID=8731) to work on /home/ris/PycharmProjects/pythonProject/USA-housing/venv/lib/python3.10/site-packages/airflow/example_dags/example_nested_branch_dag.py
[2023-03-07T18:28:03.166+0530] {processor.py:743} INFO - Processing file /home/ris/PycharmProjects/pythonProject/USA-housing/venv/lib/python3.10/site-packages/airflow/example_dags/example_nested_branch_dag.py for tasks to queue
[2023-03-07T18:28:03.166+0530] {logging_mixin.py:137} INFO - [2023-03-07T18:28:03.166+0530] {dagbag.py:538} INFO - Filling up the DagBag from /home/ris/PycharmProjects/pythonProject/USA-housing/venv/lib/python3.10/site-packages/airflow/example_dags/example_nested_branch_dag.py
[2023-03-07T18:28:03.187+0530] {processor.py:753} INFO - DAG(s) dict_keys(['example_nested_branch_dag']) retrieved from /home/ris/PycharmProjects/pythonProject/USA-housing/venv/lib/python3.10/site-packages/airflow/example_dags/example_nested_branch_dag.py
[2023-03-07T18:28:03.207+0530] {logging_mixin.py:137} INFO - [2023-03-07T18:28:03.207+0530] {dag.py:2690} INFO - Sync 1 DAGs
[2023-03-07T18:28:03.230+0530] {logging_mixin.py:137} INFO - [2023-03-07T18:28:03.230+0530] {dag.py:3437} INFO - Setting next_dagrun for example_nested_branch_dag to 2023-03-06T00:00:00+00:00, run_after=2023-03-07T00:00:00+00:00
[2023-03-07T18:28:03.252+0530] {processor.py:175} INFO - Processing /home/ris/PycharmProjects/pythonProject/USA-housing/venv/lib/python3.10/site-packages/airflow/example_dags/example_nested_branch_dag.py took 0.094 seconds
[2023-03-07T18:28:47.433+0530] {processor.py:153} INFO - Started process (PID=8797) to work on /home/ris/PycharmProjects/pythonProject/USA-housing/venv/lib/python3.10/site-packages/airflow/example_dags/example_nested_branch_dag.py
[2023-03-07T18:28:47.435+0530] {processor.py:743} INFO - Processing file /home/ris/PycharmProjects/pythonProject/USA-housing/venv/lib/python3.10/site-packages/airflow/example_dags/example_nested_branch_dag.py for tasks to queue
[2023-03-07T18:28:47.436+0530] {logging_mixin.py:137} INFO - [2023-03-07T18:28:47.436+0530] {dagbag.py:538} INFO - Filling up the DagBag from /home/ris/PycharmProjects/pythonProject/USA-housing/venv/lib/python3.10/site-packages/airflow/example_dags/example_nested_branch_dag.py
[2023-03-07T18:28:47.456+0530] {processor.py:753} INFO - DAG(s) dict_keys(['example_nested_branch_dag']) retrieved from /home/ris/PycharmProjects/pythonProject/USA-housing/venv/lib/python3.10/site-packages/airflow/example_dags/example_nested_branch_dag.py
[2023-03-07T18:28:47.475+0530] {logging_mixin.py:137} INFO - [2023-03-07T18:28:47.475+0530] {dag.py:2690} INFO - Sync 1 DAGs
[2023-03-07T18:28:47.493+0530] {logging_mixin.py:137} INFO - [2023-03-07T18:28:47.493+0530] {dag.py:3437} INFO - Setting next_dagrun for example_nested_branch_dag to 2023-03-06T00:00:00+00:00, run_after=2023-03-07T00:00:00+00:00
[2023-03-07T18:28:47.522+0530] {processor.py:175} INFO - Processing /home/ris/PycharmProjects/pythonProject/USA-housing/venv/lib/python3.10/site-packages/airflow/example_dags/example_nested_branch_dag.py took 0.092 seconds
[2023-03-07T18:29:27.388+0530] {processor.py:153} INFO - Started process (PID=8845) to work on /home/ris/PycharmProjects/pythonProject/USA-housing/venv/lib/python3.10/site-packages/airflow/example_dags/example_nested_branch_dag.py
[2023-03-07T18:29:27.390+0530] {processor.py:743} INFO - Processing file /home/ris/PycharmProjects/pythonProject/USA-housing/venv/lib/python3.10/site-packages/airflow/example_dags/example_nested_branch_dag.py for tasks to queue
[2023-03-07T18:29:27.391+0530] {logging_mixin.py:137} INFO - [2023-03-07T18:29:27.390+0530] {dagbag.py:538} INFO - Filling up the DagBag from /home/ris/PycharmProjects/pythonProject/USA-housing/venv/lib/python3.10/site-packages/airflow/example_dags/example_nested_branch_dag.py
[2023-03-07T18:29:27.408+0530] {processor.py:753} INFO - DAG(s) dict_keys(['example_nested_branch_dag']) retrieved from /home/ris/PycharmProjects/pythonProject/USA-housing/venv/lib/python3.10/site-packages/airflow/example_dags/example_nested_branch_dag.py
[2023-03-07T18:29:27.425+0530] {logging_mixin.py:137} INFO - [2023-03-07T18:29:27.425+0530] {dag.py:2690} INFO - Sync 1 DAGs
[2023-03-07T18:29:27.443+0530] {logging_mixin.py:137} INFO - [2023-03-07T18:29:27.442+0530] {dag.py:3437} INFO - Setting next_dagrun for example_nested_branch_dag to 2023-03-06T00:00:00+00:00, run_after=2023-03-07T00:00:00+00:00
[2023-03-07T18:29:27.466+0530] {processor.py:175} INFO - Processing /home/ris/PycharmProjects/pythonProject/USA-housing/venv/lib/python3.10/site-packages/airflow/example_dags/example_nested_branch_dag.py took 0.080 seconds
[2023-03-07T18:30:14.493+0530] {processor.py:153} INFO - Started process (PID=8898) to work on /home/ris/PycharmProjects/pythonProject/USA-housing/venv/lib/python3.10/site-packages/airflow/example_dags/example_nested_branch_dag.py
[2023-03-07T18:30:14.495+0530] {processor.py:743} INFO - Processing file /home/ris/PycharmProjects/pythonProject/USA-housing/venv/lib/python3.10/site-packages/airflow/example_dags/example_nested_branch_dag.py for tasks to queue
[2023-03-07T18:30:14.496+0530] {logging_mixin.py:137} INFO - [2023-03-07T18:30:14.496+0530] {dagbag.py:538} INFO - Filling up the DagBag from /home/ris/PycharmProjects/pythonProject/USA-housing/venv/lib/python3.10/site-packages/airflow/example_dags/example_nested_branch_dag.py
[2023-03-07T18:30:14.520+0530] {processor.py:753} INFO - DAG(s) dict_keys(['example_nested_branch_dag']) retrieved from /home/ris/PycharmProjects/pythonProject/USA-housing/venv/lib/python3.10/site-packages/airflow/example_dags/example_nested_branch_dag.py
[2023-03-07T18:30:14.542+0530] {logging_mixin.py:137} INFO - [2023-03-07T18:30:14.542+0530] {dag.py:2690} INFO - Sync 1 DAGs
[2023-03-07T18:30:14.566+0530] {logging_mixin.py:137} INFO - [2023-03-07T18:30:14.566+0530] {dag.py:3437} INFO - Setting next_dagrun for example_nested_branch_dag to 2023-03-06T00:00:00+00:00, run_after=2023-03-07T00:00:00+00:00
[2023-03-07T18:30:14.591+0530] {processor.py:175} INFO - Processing /home/ris/PycharmProjects/pythonProject/USA-housing/venv/lib/python3.10/site-packages/airflow/example_dags/example_nested_branch_dag.py took 0.102 seconds
[2023-03-07T18:31:05.375+0530] {processor.py:153} INFO - Started process (PID=8997) to work on /home/ris/PycharmProjects/pythonProject/USA-housing/venv/lib/python3.10/site-packages/airflow/example_dags/example_nested_branch_dag.py
[2023-03-07T18:31:05.377+0530] {processor.py:743} INFO - Processing file /home/ris/PycharmProjects/pythonProject/USA-housing/venv/lib/python3.10/site-packages/airflow/example_dags/example_nested_branch_dag.py for tasks to queue
[2023-03-07T18:31:05.377+0530] {logging_mixin.py:137} INFO - [2023-03-07T18:31:05.377+0530] {dagbag.py:538} INFO - Filling up the DagBag from /home/ris/PycharmProjects/pythonProject/USA-housing/venv/lib/python3.10/site-packages/airflow/example_dags/example_nested_branch_dag.py
[2023-03-07T18:31:05.396+0530] {processor.py:753} INFO - DAG(s) dict_keys(['example_nested_branch_dag']) retrieved from /home/ris/PycharmProjects/pythonProject/USA-housing/venv/lib/python3.10/site-packages/airflow/example_dags/example_nested_branch_dag.py
[2023-03-07T18:31:05.414+0530] {logging_mixin.py:137} INFO - [2023-03-07T18:31:05.414+0530] {dag.py:2690} INFO - Sync 1 DAGs
[2023-03-07T18:31:05.432+0530] {logging_mixin.py:137} INFO - [2023-03-07T18:31:05.432+0530] {dag.py:3437} INFO - Setting next_dagrun for example_nested_branch_dag to 2023-03-06T00:00:00+00:00, run_after=2023-03-07T00:00:00+00:00
[2023-03-07T18:31:05.453+0530] {processor.py:175} INFO - Processing /home/ris/PycharmProjects/pythonProject/USA-housing/venv/lib/python3.10/site-packages/airflow/example_dags/example_nested_branch_dag.py took 0.082 seconds
[2023-03-07T18:31:45.646+0530] {processor.py:153} INFO - Started process (PID=9071) to work on /home/ris/PycharmProjects/pythonProject/USA-housing/venv/lib/python3.10/site-packages/airflow/example_dags/example_nested_branch_dag.py
[2023-03-07T18:31:45.647+0530] {processor.py:743} INFO - Processing file /home/ris/PycharmProjects/pythonProject/USA-housing/venv/lib/python3.10/site-packages/airflow/example_dags/example_nested_branch_dag.py for tasks to queue
[2023-03-07T18:31:45.648+0530] {logging_mixin.py:137} INFO - [2023-03-07T18:31:45.648+0530] {dagbag.py:538} INFO - Filling up the DagBag from /home/ris/PycharmProjects/pythonProject/USA-housing/venv/lib/python3.10/site-packages/airflow/example_dags/example_nested_branch_dag.py
[2023-03-07T18:31:45.667+0530] {processor.py:753} INFO - DAG(s) dict_keys(['example_nested_branch_dag']) retrieved from /home/ris/PycharmProjects/pythonProject/USA-housing/venv/lib/python3.10/site-packages/airflow/example_dags/example_nested_branch_dag.py
[2023-03-07T18:31:45.686+0530] {logging_mixin.py:137} INFO - [2023-03-07T18:31:45.686+0530] {dag.py:2690} INFO - Sync 1 DAGs
[2023-03-07T18:31:45.704+0530] {logging_mixin.py:137} INFO - [2023-03-07T18:31:45.703+0530] {dag.py:3437} INFO - Setting next_dagrun for example_nested_branch_dag to 2023-03-06T00:00:00+00:00, run_after=2023-03-07T00:00:00+00:00
[2023-03-07T18:31:45.723+0530] {processor.py:175} INFO - Processing /home/ris/PycharmProjects/pythonProject/USA-housing/venv/lib/python3.10/site-packages/airflow/example_dags/example_nested_branch_dag.py took 0.080 seconds
[2023-03-07T18:32:31.873+0530] {processor.py:153} INFO - Started process (PID=9123) to work on /home/ris/PycharmProjects/pythonProject/USA-housing/venv/lib/python3.10/site-packages/airflow/example_dags/example_nested_branch_dag.py
[2023-03-07T18:32:31.875+0530] {processor.py:743} INFO - Processing file /home/ris/PycharmProjects/pythonProject/USA-housing/venv/lib/python3.10/site-packages/airflow/example_dags/example_nested_branch_dag.py for tasks to queue
[2023-03-07T18:32:31.875+0530] {logging_mixin.py:137} INFO - [2023-03-07T18:32:31.875+0530] {dagbag.py:538} INFO - Filling up the DagBag from /home/ris/PycharmProjects/pythonProject/USA-housing/venv/lib/python3.10/site-packages/airflow/example_dags/example_nested_branch_dag.py
[2023-03-07T18:32:31.893+0530] {processor.py:753} INFO - DAG(s) dict_keys(['example_nested_branch_dag']) retrieved from /home/ris/PycharmProjects/pythonProject/USA-housing/venv/lib/python3.10/site-packages/airflow/example_dags/example_nested_branch_dag.py
[2023-03-07T18:32:31.914+0530] {logging_mixin.py:137} INFO - [2023-03-07T18:32:31.914+0530] {dag.py:2690} INFO - Sync 1 DAGs
[2023-03-07T18:32:31.930+0530] {logging_mixin.py:137} INFO - [2023-03-07T18:32:31.930+0530] {dag.py:3437} INFO - Setting next_dagrun for example_nested_branch_dag to 2023-03-06T00:00:00+00:00, run_after=2023-03-07T00:00:00+00:00
[2023-03-07T18:32:31.949+0530] {processor.py:175} INFO - Processing /home/ris/PycharmProjects/pythonProject/USA-housing/venv/lib/python3.10/site-packages/airflow/example_dags/example_nested_branch_dag.py took 0.079 seconds
[2023-03-07T18:33:20.803+0530] {processor.py:153} INFO - Started process (PID=9179) to work on /home/ris/PycharmProjects/pythonProject/USA-housing/venv/lib/python3.10/site-packages/airflow/example_dags/example_nested_branch_dag.py
[2023-03-07T18:33:20.805+0530] {processor.py:743} INFO - Processing file /home/ris/PycharmProjects/pythonProject/USA-housing/venv/lib/python3.10/site-packages/airflow/example_dags/example_nested_branch_dag.py for tasks to queue
[2023-03-07T18:33:20.806+0530] {logging_mixin.py:137} INFO - [2023-03-07T18:33:20.806+0530] {dagbag.py:538} INFO - Filling up the DagBag from /home/ris/PycharmProjects/pythonProject/USA-housing/venv/lib/python3.10/site-packages/airflow/example_dags/example_nested_branch_dag.py
[2023-03-07T18:33:20.824+0530] {processor.py:753} INFO - DAG(s) dict_keys(['example_nested_branch_dag']) retrieved from /home/ris/PycharmProjects/pythonProject/USA-housing/venv/lib/python3.10/site-packages/airflow/example_dags/example_nested_branch_dag.py
[2023-03-07T18:33:20.841+0530] {logging_mixin.py:137} INFO - [2023-03-07T18:33:20.841+0530] {dag.py:2690} INFO - Sync 1 DAGs
[2023-03-07T18:33:20.857+0530] {logging_mixin.py:137} INFO - [2023-03-07T18:33:20.857+0530] {dag.py:3437} INFO - Setting next_dagrun for example_nested_branch_dag to 2023-03-06T00:00:00+00:00, run_after=2023-03-07T00:00:00+00:00
[2023-03-07T18:33:20.877+0530] {processor.py:175} INFO - Processing /home/ris/PycharmProjects/pythonProject/USA-housing/venv/lib/python3.10/site-packages/airflow/example_dags/example_nested_branch_dag.py took 0.076 seconds
[2023-03-07T18:34:08.782+0530] {processor.py:153} INFO - Started process (PID=9232) to work on /home/ris/PycharmProjects/pythonProject/USA-housing/venv/lib/python3.10/site-packages/airflow/example_dags/example_nested_branch_dag.py
[2023-03-07T18:34:08.784+0530] {processor.py:743} INFO - Processing file /home/ris/PycharmProjects/pythonProject/USA-housing/venv/lib/python3.10/site-packages/airflow/example_dags/example_nested_branch_dag.py for tasks to queue
[2023-03-07T18:34:08.784+0530] {logging_mixin.py:137} INFO - [2023-03-07T18:34:08.784+0530] {dagbag.py:538} INFO - Filling up the DagBag from /home/ris/PycharmProjects/pythonProject/USA-housing/venv/lib/python3.10/site-packages/airflow/example_dags/example_nested_branch_dag.py
[2023-03-07T18:34:08.802+0530] {processor.py:753} INFO - DAG(s) dict_keys(['example_nested_branch_dag']) retrieved from /home/ris/PycharmProjects/pythonProject/USA-housing/venv/lib/python3.10/site-packages/airflow/example_dags/example_nested_branch_dag.py
[2023-03-07T18:34:08.819+0530] {logging_mixin.py:137} INFO - [2023-03-07T18:34:08.819+0530] {dag.py:2690} INFO - Sync 1 DAGs
[2023-03-07T18:34:08.838+0530] {logging_mixin.py:137} INFO - [2023-03-07T18:34:08.838+0530] {dag.py:3437} INFO - Setting next_dagrun for example_nested_branch_dag to 2023-03-06T00:00:00+00:00, run_after=2023-03-07T00:00:00+00:00
[2023-03-07T18:34:08.857+0530] {processor.py:175} INFO - Processing /home/ris/PycharmProjects/pythonProject/USA-housing/venv/lib/python3.10/site-packages/airflow/example_dags/example_nested_branch_dag.py took 0.078 seconds
[2023-03-07T18:34:53.885+0530] {processor.py:153} INFO - Started process (PID=9285) to work on /home/ris/PycharmProjects/pythonProject/USA-housing/venv/lib/python3.10/site-packages/airflow/example_dags/example_nested_branch_dag.py
[2023-03-07T18:34:53.886+0530] {processor.py:743} INFO - Processing file /home/ris/PycharmProjects/pythonProject/USA-housing/venv/lib/python3.10/site-packages/airflow/example_dags/example_nested_branch_dag.py for tasks to queue
[2023-03-07T18:34:53.887+0530] {logging_mixin.py:137} INFO - [2023-03-07T18:34:53.887+0530] {dagbag.py:538} INFO - Filling up the DagBag from /home/ris/PycharmProjects/pythonProject/USA-housing/venv/lib/python3.10/site-packages/airflow/example_dags/example_nested_branch_dag.py
[2023-03-07T18:34:53.905+0530] {processor.py:753} INFO - DAG(s) dict_keys(['example_nested_branch_dag']) retrieved from /home/ris/PycharmProjects/pythonProject/USA-housing/venv/lib/python3.10/site-packages/airflow/example_dags/example_nested_branch_dag.py
[2023-03-07T18:34:53.922+0530] {logging_mixin.py:137} INFO - [2023-03-07T18:34:53.922+0530] {dag.py:2690} INFO - Sync 1 DAGs
[2023-03-07T18:34:53.940+0530] {logging_mixin.py:137} INFO - [2023-03-07T18:34:53.940+0530] {dag.py:3437} INFO - Setting next_dagrun for example_nested_branch_dag to 2023-03-06T00:00:00+00:00, run_after=2023-03-07T00:00:00+00:00
[2023-03-07T18:34:53.961+0530] {processor.py:175} INFO - Processing /home/ris/PycharmProjects/pythonProject/USA-housing/venv/lib/python3.10/site-packages/airflow/example_dags/example_nested_branch_dag.py took 0.079 seconds
[2023-03-07T18:35:43.609+0530] {processor.py:153} INFO - Started process (PID=9362) to work on /home/ris/PycharmProjects/pythonProject/USA-housing/venv/lib/python3.10/site-packages/airflow/example_dags/example_nested_branch_dag.py
[2023-03-07T18:35:43.611+0530] {processor.py:743} INFO - Processing file /home/ris/PycharmProjects/pythonProject/USA-housing/venv/lib/python3.10/site-packages/airflow/example_dags/example_nested_branch_dag.py for tasks to queue
[2023-03-07T18:35:43.612+0530] {logging_mixin.py:137} INFO - [2023-03-07T18:35:43.611+0530] {dagbag.py:538} INFO - Filling up the DagBag from /home/ris/PycharmProjects/pythonProject/USA-housing/venv/lib/python3.10/site-packages/airflow/example_dags/example_nested_branch_dag.py
[2023-03-07T18:35:43.629+0530] {processor.py:753} INFO - DAG(s) dict_keys(['example_nested_branch_dag']) retrieved from /home/ris/PycharmProjects/pythonProject/USA-housing/venv/lib/python3.10/site-packages/airflow/example_dags/example_nested_branch_dag.py
[2023-03-07T18:35:43.647+0530] {logging_mixin.py:137} INFO - [2023-03-07T18:35:43.647+0530] {dag.py:2690} INFO - Sync 1 DAGs
[2023-03-07T18:35:43.664+0530] {logging_mixin.py:137} INFO - [2023-03-07T18:35:43.664+0530] {dag.py:3437} INFO - Setting next_dagrun for example_nested_branch_dag to 2023-03-06T00:00:00+00:00, run_after=2023-03-07T00:00:00+00:00
[2023-03-07T18:35:43.684+0530] {processor.py:175} INFO - Processing /home/ris/PycharmProjects/pythonProject/USA-housing/venv/lib/python3.10/site-packages/airflow/example_dags/example_nested_branch_dag.py took 0.078 seconds
[2023-03-07T18:36:22.314+0530] {processor.py:153} INFO - Started process (PID=9404) to work on /home/ris/PycharmProjects/pythonProject/USA-housing/venv/lib/python3.10/site-packages/airflow/example_dags/example_nested_branch_dag.py
[2023-03-07T18:36:22.316+0530] {processor.py:743} INFO - Processing file /home/ris/PycharmProjects/pythonProject/USA-housing/venv/lib/python3.10/site-packages/airflow/example_dags/example_nested_branch_dag.py for tasks to queue
[2023-03-07T18:36:22.317+0530] {logging_mixin.py:137} INFO - [2023-03-07T18:36:22.317+0530] {dagbag.py:538} INFO - Filling up the DagBag from /home/ris/PycharmProjects/pythonProject/USA-housing/venv/lib/python3.10/site-packages/airflow/example_dags/example_nested_branch_dag.py
[2023-03-07T18:36:22.334+0530] {processor.py:753} INFO - DAG(s) dict_keys(['example_nested_branch_dag']) retrieved from /home/ris/PycharmProjects/pythonProject/USA-housing/venv/lib/python3.10/site-packages/airflow/example_dags/example_nested_branch_dag.py
[2023-03-07T18:36:22.351+0530] {logging_mixin.py:137} INFO - [2023-03-07T18:36:22.351+0530] {dag.py:2690} INFO - Sync 1 DAGs
[2023-03-07T18:36:22.367+0530] {logging_mixin.py:137} INFO - [2023-03-07T18:36:22.367+0530] {dag.py:3437} INFO - Setting next_dagrun for example_nested_branch_dag to 2023-03-06T00:00:00+00:00, run_after=2023-03-07T00:00:00+00:00
[2023-03-07T18:36:22.387+0530] {processor.py:175} INFO - Processing /home/ris/PycharmProjects/pythonProject/USA-housing/venv/lib/python3.10/site-packages/airflow/example_dags/example_nested_branch_dag.py took 0.075 seconds
[2023-03-07T18:37:11.905+0530] {processor.py:153} INFO - Started process (PID=9500) to work on /home/ris/PycharmProjects/pythonProject/USA-housing/venv/lib/python3.10/site-packages/airflow/example_dags/example_nested_branch_dag.py
[2023-03-07T18:37:11.907+0530] {processor.py:743} INFO - Processing file /home/ris/PycharmProjects/pythonProject/USA-housing/venv/lib/python3.10/site-packages/airflow/example_dags/example_nested_branch_dag.py for tasks to queue
[2023-03-07T18:37:11.908+0530] {logging_mixin.py:137} INFO - [2023-03-07T18:37:11.908+0530] {dagbag.py:538} INFO - Filling up the DagBag from /home/ris/PycharmProjects/pythonProject/USA-housing/venv/lib/python3.10/site-packages/airflow/example_dags/example_nested_branch_dag.py
[2023-03-07T18:37:11.928+0530] {processor.py:753} INFO - DAG(s) dict_keys(['example_nested_branch_dag']) retrieved from /home/ris/PycharmProjects/pythonProject/USA-housing/venv/lib/python3.10/site-packages/airflow/example_dags/example_nested_branch_dag.py
[2023-03-07T18:37:11.945+0530] {logging_mixin.py:137} INFO - [2023-03-07T18:37:11.945+0530] {dag.py:2690} INFO - Sync 1 DAGs
[2023-03-07T18:37:11.962+0530] {logging_mixin.py:137} INFO - [2023-03-07T18:37:11.962+0530] {dag.py:3437} INFO - Setting next_dagrun for example_nested_branch_dag to 2023-03-06T00:00:00+00:00, run_after=2023-03-07T00:00:00+00:00
[2023-03-07T18:37:11.980+0530] {processor.py:175} INFO - Processing /home/ris/PycharmProjects/pythonProject/USA-housing/venv/lib/python3.10/site-packages/airflow/example_dags/example_nested_branch_dag.py took 0.078 seconds
[2023-03-07T18:37:50.765+0530] {processor.py:153} INFO - Started process (PID=9544) to work on /home/ris/PycharmProjects/pythonProject/USA-housing/venv/lib/python3.10/site-packages/airflow/example_dags/example_nested_branch_dag.py
[2023-03-07T18:37:50.767+0530] {processor.py:743} INFO - Processing file /home/ris/PycharmProjects/pythonProject/USA-housing/venv/lib/python3.10/site-packages/airflow/example_dags/example_nested_branch_dag.py for tasks to queue
[2023-03-07T18:37:50.767+0530] {logging_mixin.py:137} INFO - [2023-03-07T18:37:50.767+0530] {dagbag.py:538} INFO - Filling up the DagBag from /home/ris/PycharmProjects/pythonProject/USA-housing/venv/lib/python3.10/site-packages/airflow/example_dags/example_nested_branch_dag.py
[2023-03-07T18:37:50.785+0530] {processor.py:753} INFO - DAG(s) dict_keys(['example_nested_branch_dag']) retrieved from /home/ris/PycharmProjects/pythonProject/USA-housing/venv/lib/python3.10/site-packages/airflow/example_dags/example_nested_branch_dag.py
[2023-03-07T18:37:50.804+0530] {logging_mixin.py:137} INFO - [2023-03-07T18:37:50.803+0530] {dag.py:2690} INFO - Sync 1 DAGs
[2023-03-07T18:37:50.821+0530] {logging_mixin.py:137} INFO - [2023-03-07T18:37:50.821+0530] {dag.py:3437} INFO - Setting next_dagrun for example_nested_branch_dag to 2023-03-06T00:00:00+00:00, run_after=2023-03-07T00:00:00+00:00
[2023-03-07T18:37:50.842+0530] {processor.py:175} INFO - Processing /home/ris/PycharmProjects/pythonProject/USA-housing/venv/lib/python3.10/site-packages/airflow/example_dags/example_nested_branch_dag.py took 0.080 seconds
[2023-03-07T18:38:40.482+0530] {processor.py:153} INFO - Started process (PID=9625) to work on /home/ris/PycharmProjects/pythonProject/USA-housing/venv/lib/python3.10/site-packages/airflow/example_dags/example_nested_branch_dag.py
[2023-03-07T18:38:40.485+0530] {processor.py:743} INFO - Processing file /home/ris/PycharmProjects/pythonProject/USA-housing/venv/lib/python3.10/site-packages/airflow/example_dags/example_nested_branch_dag.py for tasks to queue
[2023-03-07T18:38:40.486+0530] {logging_mixin.py:137} INFO - [2023-03-07T18:38:40.486+0530] {dagbag.py:538} INFO - Filling up the DagBag from /home/ris/PycharmProjects/pythonProject/USA-housing/venv/lib/python3.10/site-packages/airflow/example_dags/example_nested_branch_dag.py
[2023-03-07T18:38:40.523+0530] {processor.py:753} INFO - DAG(s) dict_keys(['example_nested_branch_dag']) retrieved from /home/ris/PycharmProjects/pythonProject/USA-housing/venv/lib/python3.10/site-packages/airflow/example_dags/example_nested_branch_dag.py
[2023-03-07T18:38:40.540+0530] {logging_mixin.py:137} INFO - [2023-03-07T18:38:40.539+0530] {dag.py:2690} INFO - Sync 1 DAGs
[2023-03-07T18:38:40.555+0530] {logging_mixin.py:137} INFO - [2023-03-07T18:38:40.555+0530] {dag.py:3437} INFO - Setting next_dagrun for example_nested_branch_dag to 2023-03-06T00:00:00+00:00, run_after=2023-03-07T00:00:00+00:00
[2023-03-07T18:38:40.571+0530] {processor.py:175} INFO - Processing /home/ris/PycharmProjects/pythonProject/USA-housing/venv/lib/python3.10/site-packages/airflow/example_dags/example_nested_branch_dag.py took 0.093 seconds
[2023-03-07T18:39:21.560+0530] {processor.py:153} INFO - Started process (PID=9672) to work on /home/ris/PycharmProjects/pythonProject/USA-housing/venv/lib/python3.10/site-packages/airflow/example_dags/example_nested_branch_dag.py
[2023-03-07T18:39:21.562+0530] {processor.py:743} INFO - Processing file /home/ris/PycharmProjects/pythonProject/USA-housing/venv/lib/python3.10/site-packages/airflow/example_dags/example_nested_branch_dag.py for tasks to queue
[2023-03-07T18:39:21.563+0530] {logging_mixin.py:137} INFO - [2023-03-07T18:39:21.562+0530] {dagbag.py:538} INFO - Filling up the DagBag from /home/ris/PycharmProjects/pythonProject/USA-housing/venv/lib/python3.10/site-packages/airflow/example_dags/example_nested_branch_dag.py
[2023-03-07T18:39:21.597+0530] {processor.py:753} INFO - DAG(s) dict_keys(['example_nested_branch_dag']) retrieved from /home/ris/PycharmProjects/pythonProject/USA-housing/venv/lib/python3.10/site-packages/airflow/example_dags/example_nested_branch_dag.py
[2023-03-07T18:39:21.612+0530] {logging_mixin.py:137} INFO - [2023-03-07T18:39:21.612+0530] {dag.py:2690} INFO - Sync 1 DAGs
[2023-03-07T18:39:21.627+0530] {logging_mixin.py:137} INFO - [2023-03-07T18:39:21.627+0530] {dag.py:3437} INFO - Setting next_dagrun for example_nested_branch_dag to 2023-03-06T00:00:00+00:00, run_after=2023-03-07T00:00:00+00:00
[2023-03-07T18:39:21.643+0530] {processor.py:175} INFO - Processing /home/ris/PycharmProjects/pythonProject/USA-housing/venv/lib/python3.10/site-packages/airflow/example_dags/example_nested_branch_dag.py took 0.088 seconds
[2023-03-07T18:40:05.199+0530] {processor.py:153} INFO - Started process (PID=9721) to work on /home/ris/PycharmProjects/pythonProject/USA-housing/venv/lib/python3.10/site-packages/airflow/example_dags/example_nested_branch_dag.py
[2023-03-07T18:40:05.201+0530] {processor.py:743} INFO - Processing file /home/ris/PycharmProjects/pythonProject/USA-housing/venv/lib/python3.10/site-packages/airflow/example_dags/example_nested_branch_dag.py for tasks to queue
[2023-03-07T18:40:05.202+0530] {logging_mixin.py:137} INFO - [2023-03-07T18:40:05.202+0530] {dagbag.py:538} INFO - Filling up the DagBag from /home/ris/PycharmProjects/pythonProject/USA-housing/venv/lib/python3.10/site-packages/airflow/example_dags/example_nested_branch_dag.py
[2023-03-07T18:40:05.238+0530] {processor.py:753} INFO - DAG(s) dict_keys(['example_nested_branch_dag']) retrieved from /home/ris/PycharmProjects/pythonProject/USA-housing/venv/lib/python3.10/site-packages/airflow/example_dags/example_nested_branch_dag.py
[2023-03-07T18:40:05.253+0530] {logging_mixin.py:137} INFO - [2023-03-07T18:40:05.253+0530] {dag.py:2690} INFO - Sync 1 DAGs
[2023-03-07T18:40:05.268+0530] {logging_mixin.py:137} INFO - [2023-03-07T18:40:05.268+0530] {dag.py:3437} INFO - Setting next_dagrun for example_nested_branch_dag to 2023-03-06T00:00:00+00:00, run_after=2023-03-07T00:00:00+00:00
[2023-03-07T18:40:05.284+0530] {processor.py:175} INFO - Processing /home/ris/PycharmProjects/pythonProject/USA-housing/venv/lib/python3.10/site-packages/airflow/example_dags/example_nested_branch_dag.py took 0.089 seconds
[2023-03-07T18:40:46.176+0530] {processor.py:153} INFO - Started process (PID=9765) to work on /home/ris/PycharmProjects/pythonProject/USA-housing/venv/lib/python3.10/site-packages/airflow/example_dags/example_nested_branch_dag.py
[2023-03-07T18:40:46.178+0530] {processor.py:743} INFO - Processing file /home/ris/PycharmProjects/pythonProject/USA-housing/venv/lib/python3.10/site-packages/airflow/example_dags/example_nested_branch_dag.py for tasks to queue
[2023-03-07T18:40:46.179+0530] {logging_mixin.py:137} INFO - [2023-03-07T18:40:46.179+0530] {dagbag.py:538} INFO - Filling up the DagBag from /home/ris/PycharmProjects/pythonProject/USA-housing/venv/lib/python3.10/site-packages/airflow/example_dags/example_nested_branch_dag.py
[2023-03-07T18:40:46.215+0530] {processor.py:753} INFO - DAG(s) dict_keys(['example_nested_branch_dag']) retrieved from /home/ris/PycharmProjects/pythonProject/USA-housing/venv/lib/python3.10/site-packages/airflow/example_dags/example_nested_branch_dag.py
[2023-03-07T18:40:46.232+0530] {logging_mixin.py:137} INFO - [2023-03-07T18:40:46.231+0530] {dag.py:2690} INFO - Sync 1 DAGs
[2023-03-07T18:40:46.246+0530] {logging_mixin.py:137} INFO - [2023-03-07T18:40:46.246+0530] {dag.py:3437} INFO - Setting next_dagrun for example_nested_branch_dag to 2023-03-06T00:00:00+00:00, run_after=2023-03-07T00:00:00+00:00
[2023-03-07T18:40:46.262+0530] {processor.py:175} INFO - Processing /home/ris/PycharmProjects/pythonProject/USA-housing/venv/lib/python3.10/site-packages/airflow/example_dags/example_nested_branch_dag.py took 0.091 seconds
