[2023-03-07T16:11:01.082+0530] {processor.py:153} INFO - Started process (PID=14988) to work on /home/ris/PycharmProjects/pythonProject/USA-housing/venv/lib/python3.10/site-packages/airflow/example_dags/example_branch_python_dop_operator_3.py
[2023-03-07T16:11:01.084+0530] {processor.py:743} INFO - Processing file /home/ris/PycharmProjects/pythonProject/USA-housing/venv/lib/python3.10/site-packages/airflow/example_dags/example_branch_python_dop_operator_3.py for tasks to queue
[2023-03-07T16:11:01.085+0530] {logging_mixin.py:137} INFO - [2023-03-07T16:11:01.085+0530] {dagbag.py:538} INFO - Filling up the DagBag from /home/ris/PycharmProjects/pythonProject/USA-housing/venv/lib/python3.10/site-packages/airflow/example_dags/example_branch_python_dop_operator_3.py
[2023-03-07T16:11:01.135+0530] {processor.py:753} INFO - DAG(s) dict_keys(['example_branch_dop_operator_v3']) retrieved from /home/ris/PycharmProjects/pythonProject/USA-housing/venv/lib/python3.10/site-packages/airflow/example_dags/example_branch_python_dop_operator_3.py
[2023-03-07T16:11:01.163+0530] {logging_mixin.py:137} INFO - [2023-03-07T16:11:01.163+0530] {dag.py:2690} INFO - Sync 1 DAGs
[2023-03-07T16:11:01.205+0530] {logging_mixin.py:137} INFO - [2023-03-07T16:11:01.205+0530] {dag.py:3437} INFO - Setting next_dagrun for example_branch_dop_operator_v3 to 2023-03-07T10:40:00+00:00, run_after=2023-03-07T10:41:00+00:00
[2023-03-07T16:11:01.243+0530] {processor.py:175} INFO - Processing /home/ris/PycharmProjects/pythonProject/USA-housing/venv/lib/python3.10/site-packages/airflow/example_dags/example_branch_python_dop_operator_3.py took 0.167 seconds
[2023-03-07T17:38:08.996+0530] {processor.py:153} INFO - Started process (PID=5703) to work on /home/ris/PycharmProjects/pythonProject/USA-housing/venv/lib/python3.10/site-packages/airflow/example_dags/example_branch_python_dop_operator_3.py
[2023-03-07T17:38:08.997+0530] {processor.py:743} INFO - Processing file /home/ris/PycharmProjects/pythonProject/USA-housing/venv/lib/python3.10/site-packages/airflow/example_dags/example_branch_python_dop_operator_3.py for tasks to queue
[2023-03-07T17:38:08.998+0530] {logging_mixin.py:137} INFO - [2023-03-07T17:38:08.998+0530] {dagbag.py:538} INFO - Filling up the DagBag from /home/ris/PycharmProjects/pythonProject/USA-housing/venv/lib/python3.10/site-packages/airflow/example_dags/example_branch_python_dop_operator_3.py
[2023-03-07T17:38:09.037+0530] {processor.py:753} INFO - DAG(s) dict_keys(['example_branch_dop_operator_v3']) retrieved from /home/ris/PycharmProjects/pythonProject/USA-housing/venv/lib/python3.10/site-packages/airflow/example_dags/example_branch_python_dop_operator_3.py
[2023-03-07T17:38:09.053+0530] {logging_mixin.py:137} INFO - [2023-03-07T17:38:09.053+0530] {dag.py:2690} INFO - Sync 1 DAGs
[2023-03-07T17:38:09.075+0530] {logging_mixin.py:137} INFO - [2023-03-07T17:38:09.075+0530] {dag.py:3437} INFO - Setting next_dagrun for example_branch_dop_operator_v3 to 2023-03-07T12:07:00+00:00, run_after=2023-03-07T12:08:00+00:00
[2023-03-07T17:38:09.092+0530] {processor.py:175} INFO - Processing /home/ris/PycharmProjects/pythonProject/USA-housing/venv/lib/python3.10/site-packages/airflow/example_dags/example_branch_python_dop_operator_3.py took 0.099 seconds
[2023-03-07T17:39:04.031+0530] {processor.py:153} INFO - Started process (PID=5780) to work on /home/ris/PycharmProjects/pythonProject/USA-housing/venv/lib/python3.10/site-packages/airflow/example_dags/example_branch_python_dop_operator_3.py
[2023-03-07T17:39:04.033+0530] {processor.py:743} INFO - Processing file /home/ris/PycharmProjects/pythonProject/USA-housing/venv/lib/python3.10/site-packages/airflow/example_dags/example_branch_python_dop_operator_3.py for tasks to queue
[2023-03-07T17:39:04.034+0530] {logging_mixin.py:137} INFO - [2023-03-07T17:39:04.034+0530] {dagbag.py:538} INFO - Filling up the DagBag from /home/ris/PycharmProjects/pythonProject/USA-housing/venv/lib/python3.10/site-packages/airflow/example_dags/example_branch_python_dop_operator_3.py
[2023-03-07T17:39:04.056+0530] {processor.py:753} INFO - DAG(s) dict_keys(['example_branch_dop_operator_v3']) retrieved from /home/ris/PycharmProjects/pythonProject/USA-housing/venv/lib/python3.10/site-packages/airflow/example_dags/example_branch_python_dop_operator_3.py
[2023-03-07T17:39:04.073+0530] {logging_mixin.py:137} INFO - [2023-03-07T17:39:04.073+0530] {dag.py:2690} INFO - Sync 1 DAGs
[2023-03-07T17:39:04.098+0530] {logging_mixin.py:137} INFO - [2023-03-07T17:39:04.097+0530] {dag.py:3437} INFO - Setting next_dagrun for example_branch_dop_operator_v3 to 2023-03-07T12:08:00+00:00, run_after=2023-03-07T12:09:00+00:00
[2023-03-07T17:39:04.118+0530] {processor.py:175} INFO - Processing /home/ris/PycharmProjects/pythonProject/USA-housing/venv/lib/python3.10/site-packages/airflow/example_dags/example_branch_python_dop_operator_3.py took 0.089 seconds
[2023-03-07T17:59:40.690+0530] {processor.py:153} INFO - Started process (PID=5941) to work on /home/ris/PycharmProjects/pythonProject/USA-housing/venv/lib/python3.10/site-packages/airflow/example_dags/example_branch_python_dop_operator_3.py
[2023-03-07T17:59:40.692+0530] {processor.py:743} INFO - Processing file /home/ris/PycharmProjects/pythonProject/USA-housing/venv/lib/python3.10/site-packages/airflow/example_dags/example_branch_python_dop_operator_3.py for tasks to queue
[2023-03-07T17:59:40.693+0530] {logging_mixin.py:137} INFO - [2023-03-07T17:59:40.692+0530] {dagbag.py:538} INFO - Filling up the DagBag from /home/ris/PycharmProjects/pythonProject/USA-housing/venv/lib/python3.10/site-packages/airflow/example_dags/example_branch_python_dop_operator_3.py
[2023-03-07T17:59:40.709+0530] {processor.py:753} INFO - DAG(s) dict_keys(['example_branch_dop_operator_v3']) retrieved from /home/ris/PycharmProjects/pythonProject/USA-housing/venv/lib/python3.10/site-packages/airflow/example_dags/example_branch_python_dop_operator_3.py
[2023-03-07T17:59:40.725+0530] {logging_mixin.py:137} INFO - [2023-03-07T17:59:40.725+0530] {dag.py:2690} INFO - Sync 1 DAGs
[2023-03-07T17:59:40.745+0530] {logging_mixin.py:137} INFO - [2023-03-07T17:59:40.745+0530] {dag.py:3437} INFO - Setting next_dagrun for example_branch_dop_operator_v3 to 2023-03-07T12:28:00+00:00, run_after=2023-03-07T12:29:00+00:00
[2023-03-07T17:59:40.766+0530] {processor.py:175} INFO - Processing /home/ris/PycharmProjects/pythonProject/USA-housing/venv/lib/python3.10/site-packages/airflow/example_dags/example_branch_python_dop_operator_3.py took 0.080 seconds
[2023-03-07T18:00:25.534+0530] {processor.py:153} INFO - Started process (PID=5986) to work on /home/ris/PycharmProjects/pythonProject/USA-housing/venv/lib/python3.10/site-packages/airflow/example_dags/example_branch_python_dop_operator_3.py
[2023-03-07T18:00:25.536+0530] {processor.py:743} INFO - Processing file /home/ris/PycharmProjects/pythonProject/USA-housing/venv/lib/python3.10/site-packages/airflow/example_dags/example_branch_python_dop_operator_3.py for tasks to queue
[2023-03-07T18:00:25.536+0530] {logging_mixin.py:137} INFO - [2023-03-07T18:00:25.536+0530] {dagbag.py:538} INFO - Filling up the DagBag from /home/ris/PycharmProjects/pythonProject/USA-housing/venv/lib/python3.10/site-packages/airflow/example_dags/example_branch_python_dop_operator_3.py
[2023-03-07T18:00:25.553+0530] {processor.py:753} INFO - DAG(s) dict_keys(['example_branch_dop_operator_v3']) retrieved from /home/ris/PycharmProjects/pythonProject/USA-housing/venv/lib/python3.10/site-packages/airflow/example_dags/example_branch_python_dop_operator_3.py
[2023-03-07T18:00:25.569+0530] {logging_mixin.py:137} INFO - [2023-03-07T18:00:25.569+0530] {dag.py:2690} INFO - Sync 1 DAGs
[2023-03-07T18:00:25.598+0530] {logging_mixin.py:137} INFO - [2023-03-07T18:00:25.598+0530] {dag.py:3437} INFO - Setting next_dagrun for example_branch_dop_operator_v3 to 2023-03-07T12:29:00+00:00, run_after=2023-03-07T12:30:00+00:00
[2023-03-07T18:00:25.620+0530] {processor.py:175} INFO - Processing /home/ris/PycharmProjects/pythonProject/USA-housing/venv/lib/python3.10/site-packages/airflow/example_dags/example_branch_python_dop_operator_3.py took 0.090 seconds
[2023-03-07T18:01:07.142+0530] {processor.py:153} INFO - Started process (PID=6033) to work on /home/ris/PycharmProjects/pythonProject/USA-housing/venv/lib/python3.10/site-packages/airflow/example_dags/example_branch_python_dop_operator_3.py
[2023-03-07T18:01:07.144+0530] {processor.py:743} INFO - Processing file /home/ris/PycharmProjects/pythonProject/USA-housing/venv/lib/python3.10/site-packages/airflow/example_dags/example_branch_python_dop_operator_3.py for tasks to queue
[2023-03-07T18:01:07.145+0530] {logging_mixin.py:137} INFO - [2023-03-07T18:01:07.145+0530] {dagbag.py:538} INFO - Filling up the DagBag from /home/ris/PycharmProjects/pythonProject/USA-housing/venv/lib/python3.10/site-packages/airflow/example_dags/example_branch_python_dop_operator_3.py
[2023-03-07T18:01:07.170+0530] {processor.py:753} INFO - DAG(s) dict_keys(['example_branch_dop_operator_v3']) retrieved from /home/ris/PycharmProjects/pythonProject/USA-housing/venv/lib/python3.10/site-packages/airflow/example_dags/example_branch_python_dop_operator_3.py
[2023-03-07T18:01:07.186+0530] {logging_mixin.py:137} INFO - [2023-03-07T18:01:07.186+0530] {dag.py:2690} INFO - Sync 1 DAGs
[2023-03-07T18:01:07.208+0530] {logging_mixin.py:137} INFO - [2023-03-07T18:01:07.207+0530] {dag.py:3437} INFO - Setting next_dagrun for example_branch_dop_operator_v3 to 2023-03-07T12:30:00+00:00, run_after=2023-03-07T12:31:00+00:00
[2023-03-07T18:01:07.228+0530] {processor.py:175} INFO - Processing /home/ris/PycharmProjects/pythonProject/USA-housing/venv/lib/python3.10/site-packages/airflow/example_dags/example_branch_python_dop_operator_3.py took 0.089 seconds
[2023-03-07T18:01:58.080+0530] {processor.py:153} INFO - Started process (PID=6087) to work on /home/ris/PycharmProjects/pythonProject/USA-housing/venv/lib/python3.10/site-packages/airflow/example_dags/example_branch_python_dop_operator_3.py
[2023-03-07T18:01:58.082+0530] {processor.py:743} INFO - Processing file /home/ris/PycharmProjects/pythonProject/USA-housing/venv/lib/python3.10/site-packages/airflow/example_dags/example_branch_python_dop_operator_3.py for tasks to queue
[2023-03-07T18:01:58.082+0530] {logging_mixin.py:137} INFO - [2023-03-07T18:01:58.082+0530] {dagbag.py:538} INFO - Filling up the DagBag from /home/ris/PycharmProjects/pythonProject/USA-housing/venv/lib/python3.10/site-packages/airflow/example_dags/example_branch_python_dop_operator_3.py
[2023-03-07T18:01:58.100+0530] {processor.py:753} INFO - DAG(s) dict_keys(['example_branch_dop_operator_v3']) retrieved from /home/ris/PycharmProjects/pythonProject/USA-housing/venv/lib/python3.10/site-packages/airflow/example_dags/example_branch_python_dop_operator_3.py
[2023-03-07T18:01:58.116+0530] {logging_mixin.py:137} INFO - [2023-03-07T18:01:58.115+0530] {dag.py:2690} INFO - Sync 1 DAGs
[2023-03-07T18:01:58.137+0530] {logging_mixin.py:137} INFO - [2023-03-07T18:01:58.136+0530] {dag.py:3437} INFO - Setting next_dagrun for example_branch_dop_operator_v3 to 2023-03-07T12:30:00+00:00, run_after=2023-03-07T12:31:00+00:00
[2023-03-07T18:01:58.157+0530] {processor.py:175} INFO - Processing /home/ris/PycharmProjects/pythonProject/USA-housing/venv/lib/python3.10/site-packages/airflow/example_dags/example_branch_python_dop_operator_3.py took 0.080 seconds
[2023-03-07T18:02:39.815+0530] {processor.py:153} INFO - Started process (PID=6133) to work on /home/ris/PycharmProjects/pythonProject/USA-housing/venv/lib/python3.10/site-packages/airflow/example_dags/example_branch_python_dop_operator_3.py
[2023-03-07T18:02:39.817+0530] {processor.py:743} INFO - Processing file /home/ris/PycharmProjects/pythonProject/USA-housing/venv/lib/python3.10/site-packages/airflow/example_dags/example_branch_python_dop_operator_3.py for tasks to queue
[2023-03-07T18:02:39.817+0530] {logging_mixin.py:137} INFO - [2023-03-07T18:02:39.817+0530] {dagbag.py:538} INFO - Filling up the DagBag from /home/ris/PycharmProjects/pythonProject/USA-housing/venv/lib/python3.10/site-packages/airflow/example_dags/example_branch_python_dop_operator_3.py
[2023-03-07T18:02:39.835+0530] {processor.py:753} INFO - DAG(s) dict_keys(['example_branch_dop_operator_v3']) retrieved from /home/ris/PycharmProjects/pythonProject/USA-housing/venv/lib/python3.10/site-packages/airflow/example_dags/example_branch_python_dop_operator_3.py
[2023-03-07T18:02:39.850+0530] {logging_mixin.py:137} INFO - [2023-03-07T18:02:39.850+0530] {dag.py:2690} INFO - Sync 1 DAGs
[2023-03-07T18:02:39.871+0530] {logging_mixin.py:137} INFO - [2023-03-07T18:02:39.871+0530] {dag.py:3437} INFO - Setting next_dagrun for example_branch_dop_operator_v3 to 2023-03-07T12:31:00+00:00, run_after=2023-03-07T12:32:00+00:00
[2023-03-07T18:02:39.890+0530] {processor.py:175} INFO - Processing /home/ris/PycharmProjects/pythonProject/USA-housing/venv/lib/python3.10/site-packages/airflow/example_dags/example_branch_python_dop_operator_3.py took 0.078 seconds
[2023-03-07T18:03:29.264+0530] {processor.py:153} INFO - Started process (PID=6190) to work on /home/ris/PycharmProjects/pythonProject/USA-housing/venv/lib/python3.10/site-packages/airflow/example_dags/example_branch_python_dop_operator_3.py
[2023-03-07T18:03:29.266+0530] {processor.py:743} INFO - Processing file /home/ris/PycharmProjects/pythonProject/USA-housing/venv/lib/python3.10/site-packages/airflow/example_dags/example_branch_python_dop_operator_3.py for tasks to queue
[2023-03-07T18:03:29.267+0530] {logging_mixin.py:137} INFO - [2023-03-07T18:03:29.267+0530] {dagbag.py:538} INFO - Filling up the DagBag from /home/ris/PycharmProjects/pythonProject/USA-housing/venv/lib/python3.10/site-packages/airflow/example_dags/example_branch_python_dop_operator_3.py
[2023-03-07T18:03:29.284+0530] {processor.py:753} INFO - DAG(s) dict_keys(['example_branch_dop_operator_v3']) retrieved from /home/ris/PycharmProjects/pythonProject/USA-housing/venv/lib/python3.10/site-packages/airflow/example_dags/example_branch_python_dop_operator_3.py
[2023-03-07T18:03:29.299+0530] {logging_mixin.py:137} INFO - [2023-03-07T18:03:29.299+0530] {dag.py:2690} INFO - Sync 1 DAGs
[2023-03-07T18:03:29.320+0530] {logging_mixin.py:137} INFO - [2023-03-07T18:03:29.319+0530] {dag.py:3437} INFO - Setting next_dagrun for example_branch_dop_operator_v3 to 2023-03-07T12:32:00+00:00, run_after=2023-03-07T12:33:00+00:00
[2023-03-07T18:03:29.342+0530] {processor.py:175} INFO - Processing /home/ris/PycharmProjects/pythonProject/USA-housing/venv/lib/python3.10/site-packages/airflow/example_dags/example_branch_python_dop_operator_3.py took 0.081 seconds
[2023-03-07T18:04:17.232+0530] {processor.py:153} INFO - Started process (PID=6247) to work on /home/ris/PycharmProjects/pythonProject/USA-housing/venv/lib/python3.10/site-packages/airflow/example_dags/example_branch_python_dop_operator_3.py
[2023-03-07T18:04:17.235+0530] {processor.py:743} INFO - Processing file /home/ris/PycharmProjects/pythonProject/USA-housing/venv/lib/python3.10/site-packages/airflow/example_dags/example_branch_python_dop_operator_3.py for tasks to queue
[2023-03-07T18:04:17.236+0530] {logging_mixin.py:137} INFO - [2023-03-07T18:04:17.235+0530] {dagbag.py:538} INFO - Filling up the DagBag from /home/ris/PycharmProjects/pythonProject/USA-housing/venv/lib/python3.10/site-packages/airflow/example_dags/example_branch_python_dop_operator_3.py
[2023-03-07T18:04:17.258+0530] {processor.py:753} INFO - DAG(s) dict_keys(['example_branch_dop_operator_v3']) retrieved from /home/ris/PycharmProjects/pythonProject/USA-housing/venv/lib/python3.10/site-packages/airflow/example_dags/example_branch_python_dop_operator_3.py
[2023-03-07T18:04:17.276+0530] {logging_mixin.py:137} INFO - [2023-03-07T18:04:17.275+0530] {dag.py:2690} INFO - Sync 1 DAGs
[2023-03-07T18:04:17.300+0530] {logging_mixin.py:137} INFO - [2023-03-07T18:04:17.300+0530] {dag.py:3437} INFO - Setting next_dagrun for example_branch_dop_operator_v3 to 2023-03-07T12:33:00+00:00, run_after=2023-03-07T12:34:00+00:00
[2023-03-07T18:04:17.321+0530] {processor.py:175} INFO - Processing /home/ris/PycharmProjects/pythonProject/USA-housing/venv/lib/python3.10/site-packages/airflow/example_dags/example_branch_python_dop_operator_3.py took 0.091 seconds
[2023-03-07T18:05:05.030+0530] {processor.py:153} INFO - Started process (PID=6301) to work on /home/ris/PycharmProjects/pythonProject/USA-housing/venv/lib/python3.10/site-packages/airflow/example_dags/example_branch_python_dop_operator_3.py
[2023-03-07T18:05:05.032+0530] {processor.py:743} INFO - Processing file /home/ris/PycharmProjects/pythonProject/USA-housing/venv/lib/python3.10/site-packages/airflow/example_dags/example_branch_python_dop_operator_3.py for tasks to queue
[2023-03-07T18:05:05.033+0530] {logging_mixin.py:137} INFO - [2023-03-07T18:05:05.032+0530] {dagbag.py:538} INFO - Filling up the DagBag from /home/ris/PycharmProjects/pythonProject/USA-housing/venv/lib/python3.10/site-packages/airflow/example_dags/example_branch_python_dop_operator_3.py
[2023-03-07T18:05:05.049+0530] {processor.py:753} INFO - DAG(s) dict_keys(['example_branch_dop_operator_v3']) retrieved from /home/ris/PycharmProjects/pythonProject/USA-housing/venv/lib/python3.10/site-packages/airflow/example_dags/example_branch_python_dop_operator_3.py
[2023-03-07T18:05:05.067+0530] {logging_mixin.py:137} INFO - [2023-03-07T18:05:05.067+0530] {dag.py:2690} INFO - Sync 1 DAGs
[2023-03-07T18:05:05.088+0530] {logging_mixin.py:137} INFO - [2023-03-07T18:05:05.088+0530] {dag.py:3437} INFO - Setting next_dagrun for example_branch_dop_operator_v3 to 2023-03-07T12:34:00+00:00, run_after=2023-03-07T12:35:00+00:00
[2023-03-07T18:05:05.115+0530] {processor.py:175} INFO - Processing /home/ris/PycharmProjects/pythonProject/USA-housing/venv/lib/python3.10/site-packages/airflow/example_dags/example_branch_python_dop_operator_3.py took 0.088 seconds
[2023-03-07T18:05:54.790+0530] {processor.py:153} INFO - Started process (PID=6355) to work on /home/ris/PycharmProjects/pythonProject/USA-housing/venv/lib/python3.10/site-packages/airflow/example_dags/example_branch_python_dop_operator_3.py
[2023-03-07T18:05:54.791+0530] {processor.py:743} INFO - Processing file /home/ris/PycharmProjects/pythonProject/USA-housing/venv/lib/python3.10/site-packages/airflow/example_dags/example_branch_python_dop_operator_3.py for tasks to queue
[2023-03-07T18:05:54.792+0530] {logging_mixin.py:137} INFO - [2023-03-07T18:05:54.792+0530] {dagbag.py:538} INFO - Filling up the DagBag from /home/ris/PycharmProjects/pythonProject/USA-housing/venv/lib/python3.10/site-packages/airflow/example_dags/example_branch_python_dop_operator_3.py
[2023-03-07T18:05:54.809+0530] {processor.py:753} INFO - DAG(s) dict_keys(['example_branch_dop_operator_v3']) retrieved from /home/ris/PycharmProjects/pythonProject/USA-housing/venv/lib/python3.10/site-packages/airflow/example_dags/example_branch_python_dop_operator_3.py
[2023-03-07T18:05:54.826+0530] {logging_mixin.py:137} INFO - [2023-03-07T18:05:54.826+0530] {dag.py:2690} INFO - Sync 1 DAGs
[2023-03-07T18:05:54.847+0530] {logging_mixin.py:137} INFO - [2023-03-07T18:05:54.846+0530] {dag.py:3437} INFO - Setting next_dagrun for example_branch_dop_operator_v3 to 2023-03-07T12:34:00+00:00, run_after=2023-03-07T12:35:00+00:00
[2023-03-07T18:05:54.866+0530] {processor.py:175} INFO - Processing /home/ris/PycharmProjects/pythonProject/USA-housing/venv/lib/python3.10/site-packages/airflow/example_dags/example_branch_python_dop_operator_3.py took 0.078 seconds
[2023-03-07T18:06:42.844+0530] {processor.py:153} INFO - Started process (PID=6408) to work on /home/ris/PycharmProjects/pythonProject/USA-housing/venv/lib/python3.10/site-packages/airflow/example_dags/example_branch_python_dop_operator_3.py
[2023-03-07T18:06:42.846+0530] {processor.py:743} INFO - Processing file /home/ris/PycharmProjects/pythonProject/USA-housing/venv/lib/python3.10/site-packages/airflow/example_dags/example_branch_python_dop_operator_3.py for tasks to queue
[2023-03-07T18:06:42.846+0530] {logging_mixin.py:137} INFO - [2023-03-07T18:06:42.846+0530] {dagbag.py:538} INFO - Filling up the DagBag from /home/ris/PycharmProjects/pythonProject/USA-housing/venv/lib/python3.10/site-packages/airflow/example_dags/example_branch_python_dop_operator_3.py
[2023-03-07T18:06:42.864+0530] {processor.py:753} INFO - DAG(s) dict_keys(['example_branch_dop_operator_v3']) retrieved from /home/ris/PycharmProjects/pythonProject/USA-housing/venv/lib/python3.10/site-packages/airflow/example_dags/example_branch_python_dop_operator_3.py
[2023-03-07T18:06:42.879+0530] {logging_mixin.py:137} INFO - [2023-03-07T18:06:42.879+0530] {dag.py:2690} INFO - Sync 1 DAGs
[2023-03-07T18:06:42.900+0530] {logging_mixin.py:137} INFO - [2023-03-07T18:06:42.900+0530] {dag.py:3437} INFO - Setting next_dagrun for example_branch_dop_operator_v3 to 2023-03-07T12:35:00+00:00, run_after=2023-03-07T12:36:00+00:00
[2023-03-07T18:06:42.922+0530] {processor.py:175} INFO - Processing /home/ris/PycharmProjects/pythonProject/USA-housing/venv/lib/python3.10/site-packages/airflow/example_dags/example_branch_python_dop_operator_3.py took 0.081 seconds
[2023-03-07T18:07:32.010+0530] {processor.py:153} INFO - Started process (PID=6462) to work on /home/ris/PycharmProjects/pythonProject/USA-housing/venv/lib/python3.10/site-packages/airflow/example_dags/example_branch_python_dop_operator_3.py
[2023-03-07T18:07:32.012+0530] {processor.py:743} INFO - Processing file /home/ris/PycharmProjects/pythonProject/USA-housing/venv/lib/python3.10/site-packages/airflow/example_dags/example_branch_python_dop_operator_3.py for tasks to queue
[2023-03-07T18:07:32.013+0530] {logging_mixin.py:137} INFO - [2023-03-07T18:07:32.013+0530] {dagbag.py:538} INFO - Filling up the DagBag from /home/ris/PycharmProjects/pythonProject/USA-housing/venv/lib/python3.10/site-packages/airflow/example_dags/example_branch_python_dop_operator_3.py
[2023-03-07T18:07:32.032+0530] {processor.py:753} INFO - DAG(s) dict_keys(['example_branch_dop_operator_v3']) retrieved from /home/ris/PycharmProjects/pythonProject/USA-housing/venv/lib/python3.10/site-packages/airflow/example_dags/example_branch_python_dop_operator_3.py
[2023-03-07T18:07:32.049+0530] {logging_mixin.py:137} INFO - [2023-03-07T18:07:32.049+0530] {dag.py:2690} INFO - Sync 1 DAGs
[2023-03-07T18:07:32.075+0530] {logging_mixin.py:137} INFO - [2023-03-07T18:07:32.075+0530] {dag.py:3437} INFO - Setting next_dagrun for example_branch_dop_operator_v3 to 2023-03-07T12:36:00+00:00, run_after=2023-03-07T12:37:00+00:00
[2023-03-07T18:07:32.095+0530] {processor.py:175} INFO - Processing /home/ris/PycharmProjects/pythonProject/USA-housing/venv/lib/python3.10/site-packages/airflow/example_dags/example_branch_python_dop_operator_3.py took 0.087 seconds
[2023-03-07T18:08:13.754+0530] {processor.py:153} INFO - Started process (PID=6507) to work on /home/ris/PycharmProjects/pythonProject/USA-housing/venv/lib/python3.10/site-packages/airflow/example_dags/example_branch_python_dop_operator_3.py
[2023-03-07T18:08:13.756+0530] {processor.py:743} INFO - Processing file /home/ris/PycharmProjects/pythonProject/USA-housing/venv/lib/python3.10/site-packages/airflow/example_dags/example_branch_python_dop_operator_3.py for tasks to queue
[2023-03-07T18:08:13.757+0530] {logging_mixin.py:137} INFO - [2023-03-07T18:08:13.757+0530] {dagbag.py:538} INFO - Filling up the DagBag from /home/ris/PycharmProjects/pythonProject/USA-housing/venv/lib/python3.10/site-packages/airflow/example_dags/example_branch_python_dop_operator_3.py
[2023-03-07T18:08:13.774+0530] {processor.py:753} INFO - DAG(s) dict_keys(['example_branch_dop_operator_v3']) retrieved from /home/ris/PycharmProjects/pythonProject/USA-housing/venv/lib/python3.10/site-packages/airflow/example_dags/example_branch_python_dop_operator_3.py
[2023-03-07T18:08:13.798+0530] {logging_mixin.py:137} INFO - [2023-03-07T18:08:13.797+0530] {dag.py:2690} INFO - Sync 1 DAGs
[2023-03-07T18:08:13.819+0530] {logging_mixin.py:137} INFO - [2023-03-07T18:08:13.819+0530] {dag.py:3437} INFO - Setting next_dagrun for example_branch_dop_operator_v3 to 2023-03-07T12:37:00+00:00, run_after=2023-03-07T12:38:00+00:00
[2023-03-07T18:08:13.839+0530] {processor.py:175} INFO - Processing /home/ris/PycharmProjects/pythonProject/USA-housing/venv/lib/python3.10/site-packages/airflow/example_dags/example_branch_python_dop_operator_3.py took 0.088 seconds
[2023-03-07T18:08:54.336+0530] {processor.py:153} INFO - Started process (PID=6551) to work on /home/ris/PycharmProjects/pythonProject/USA-housing/venv/lib/python3.10/site-packages/airflow/example_dags/example_branch_python_dop_operator_3.py
[2023-03-07T18:08:54.337+0530] {processor.py:743} INFO - Processing file /home/ris/PycharmProjects/pythonProject/USA-housing/venv/lib/python3.10/site-packages/airflow/example_dags/example_branch_python_dop_operator_3.py for tasks to queue
[2023-03-07T18:08:54.338+0530] {logging_mixin.py:137} INFO - [2023-03-07T18:08:54.338+0530] {dagbag.py:538} INFO - Filling up the DagBag from /home/ris/PycharmProjects/pythonProject/USA-housing/venv/lib/python3.10/site-packages/airflow/example_dags/example_branch_python_dop_operator_3.py
[2023-03-07T18:08:54.354+0530] {processor.py:753} INFO - DAG(s) dict_keys(['example_branch_dop_operator_v3']) retrieved from /home/ris/PycharmProjects/pythonProject/USA-housing/venv/lib/python3.10/site-packages/airflow/example_dags/example_branch_python_dop_operator_3.py
[2023-03-07T18:08:54.370+0530] {logging_mixin.py:137} INFO - [2023-03-07T18:08:54.370+0530] {dag.py:2690} INFO - Sync 1 DAGs
[2023-03-07T18:08:54.392+0530] {logging_mixin.py:137} INFO - [2023-03-07T18:08:54.392+0530] {dag.py:3437} INFO - Setting next_dagrun for example_branch_dop_operator_v3 to 2023-03-07T12:37:00+00:00, run_after=2023-03-07T12:38:00+00:00
[2023-03-07T18:08:54.412+0530] {processor.py:175} INFO - Processing /home/ris/PycharmProjects/pythonProject/USA-housing/venv/lib/python3.10/site-packages/airflow/example_dags/example_branch_python_dop_operator_3.py took 0.079 seconds
[2023-03-07T18:09:39.301+0530] {processor.py:153} INFO - Started process (PID=6867) to work on /home/ris/PycharmProjects/pythonProject/USA-housing/venv/lib/python3.10/site-packages/airflow/example_dags/example_branch_python_dop_operator_3.py
[2023-03-07T18:09:39.304+0530] {processor.py:743} INFO - Processing file /home/ris/PycharmProjects/pythonProject/USA-housing/venv/lib/python3.10/site-packages/airflow/example_dags/example_branch_python_dop_operator_3.py for tasks to queue
[2023-03-07T18:09:39.305+0530] {logging_mixin.py:137} INFO - [2023-03-07T18:09:39.305+0530] {dagbag.py:538} INFO - Filling up the DagBag from /home/ris/PycharmProjects/pythonProject/USA-housing/venv/lib/python3.10/site-packages/airflow/example_dags/example_branch_python_dop_operator_3.py
[2023-03-07T18:09:39.331+0530] {processor.py:753} INFO - DAG(s) dict_keys(['example_branch_dop_operator_v3']) retrieved from /home/ris/PycharmProjects/pythonProject/USA-housing/venv/lib/python3.10/site-packages/airflow/example_dags/example_branch_python_dop_operator_3.py
[2023-03-07T18:09:39.358+0530] {logging_mixin.py:137} INFO - [2023-03-07T18:09:39.357+0530] {dag.py:2690} INFO - Sync 1 DAGs
[2023-03-07T18:09:39.396+0530] {logging_mixin.py:137} INFO - [2023-03-07T18:09:39.396+0530] {dag.py:3437} INFO - Setting next_dagrun for example_branch_dop_operator_v3 to 2023-03-07T12:38:00+00:00, run_after=2023-03-07T12:39:00+00:00
[2023-03-07T18:09:39.446+0530] {processor.py:175} INFO - Processing /home/ris/PycharmProjects/pythonProject/USA-housing/venv/lib/python3.10/site-packages/airflow/example_dags/example_branch_python_dop_operator_3.py took 0.148 seconds
[2023-03-07T18:10:28.799+0530] {processor.py:153} INFO - Started process (PID=6935) to work on /home/ris/PycharmProjects/pythonProject/USA-housing/venv/lib/python3.10/site-packages/airflow/example_dags/example_branch_python_dop_operator_3.py
[2023-03-07T18:10:28.800+0530] {processor.py:743} INFO - Processing file /home/ris/PycharmProjects/pythonProject/USA-housing/venv/lib/python3.10/site-packages/airflow/example_dags/example_branch_python_dop_operator_3.py for tasks to queue
[2023-03-07T18:10:28.801+0530] {logging_mixin.py:137} INFO - [2023-03-07T18:10:28.801+0530] {dagbag.py:538} INFO - Filling up the DagBag from /home/ris/PycharmProjects/pythonProject/USA-housing/venv/lib/python3.10/site-packages/airflow/example_dags/example_branch_python_dop_operator_3.py
[2023-03-07T18:10:28.821+0530] {processor.py:753} INFO - DAG(s) dict_keys(['example_branch_dop_operator_v3']) retrieved from /home/ris/PycharmProjects/pythonProject/USA-housing/venv/lib/python3.10/site-packages/airflow/example_dags/example_branch_python_dop_operator_3.py
[2023-03-07T18:10:28.843+0530] {logging_mixin.py:137} INFO - [2023-03-07T18:10:28.843+0530] {dag.py:2690} INFO - Sync 1 DAGs
[2023-03-07T18:10:28.863+0530] {logging_mixin.py:137} INFO - [2023-03-07T18:10:28.863+0530] {dag.py:3437} INFO - Setting next_dagrun for example_branch_dop_operator_v3 to 2023-03-07T12:39:00+00:00, run_after=2023-03-07T12:40:00+00:00
[2023-03-07T18:10:28.888+0530] {processor.py:175} INFO - Processing /home/ris/PycharmProjects/pythonProject/USA-housing/venv/lib/python3.10/site-packages/airflow/example_dags/example_branch_python_dop_operator_3.py took 0.091 seconds
[2023-03-07T18:11:18.159+0530] {processor.py:153} INFO - Started process (PID=6989) to work on /home/ris/PycharmProjects/pythonProject/USA-housing/venv/lib/python3.10/site-packages/airflow/example_dags/example_branch_python_dop_operator_3.py
[2023-03-07T18:11:18.161+0530] {processor.py:743} INFO - Processing file /home/ris/PycharmProjects/pythonProject/USA-housing/venv/lib/python3.10/site-packages/airflow/example_dags/example_branch_python_dop_operator_3.py for tasks to queue
[2023-03-07T18:11:18.161+0530] {logging_mixin.py:137} INFO - [2023-03-07T18:11:18.161+0530] {dagbag.py:538} INFO - Filling up the DagBag from /home/ris/PycharmProjects/pythonProject/USA-housing/venv/lib/python3.10/site-packages/airflow/example_dags/example_branch_python_dop_operator_3.py
[2023-03-07T18:11:18.178+0530] {processor.py:753} INFO - DAG(s) dict_keys(['example_branch_dop_operator_v3']) retrieved from /home/ris/PycharmProjects/pythonProject/USA-housing/venv/lib/python3.10/site-packages/airflow/example_dags/example_branch_python_dop_operator_3.py
[2023-03-07T18:11:18.194+0530] {logging_mixin.py:137} INFO - [2023-03-07T18:11:18.194+0530] {dag.py:2690} INFO - Sync 1 DAGs
[2023-03-07T18:11:18.214+0530] {logging_mixin.py:137} INFO - [2023-03-07T18:11:18.214+0530] {dag.py:3437} INFO - Setting next_dagrun for example_branch_dop_operator_v3 to 2023-03-07T12:40:00+00:00, run_after=2023-03-07T12:41:00+00:00
[2023-03-07T18:11:18.233+0530] {processor.py:175} INFO - Processing /home/ris/PycharmProjects/pythonProject/USA-housing/venv/lib/python3.10/site-packages/airflow/example_dags/example_branch_python_dop_operator_3.py took 0.077 seconds
[2023-03-07T18:12:03.303+0530] {processor.py:153} INFO - Started process (PID=7051) to work on /home/ris/PycharmProjects/pythonProject/USA-housing/venv/lib/python3.10/site-packages/airflow/example_dags/example_branch_python_dop_operator_3.py
[2023-03-07T18:12:03.304+0530] {processor.py:743} INFO - Processing file /home/ris/PycharmProjects/pythonProject/USA-housing/venv/lib/python3.10/site-packages/airflow/example_dags/example_branch_python_dop_operator_3.py for tasks to queue
[2023-03-07T18:12:03.305+0530] {logging_mixin.py:137} INFO - [2023-03-07T18:12:03.305+0530] {dagbag.py:538} INFO - Filling up the DagBag from /home/ris/PycharmProjects/pythonProject/USA-housing/venv/lib/python3.10/site-packages/airflow/example_dags/example_branch_python_dop_operator_3.py
[2023-03-07T18:12:03.322+0530] {processor.py:753} INFO - DAG(s) dict_keys(['example_branch_dop_operator_v3']) retrieved from /home/ris/PycharmProjects/pythonProject/USA-housing/venv/lib/python3.10/site-packages/airflow/example_dags/example_branch_python_dop_operator_3.py
[2023-03-07T18:12:03.338+0530] {logging_mixin.py:137} INFO - [2023-03-07T18:12:03.337+0530] {dag.py:2690} INFO - Sync 1 DAGs
[2023-03-07T18:12:03.359+0530] {logging_mixin.py:137} INFO - [2023-03-07T18:12:03.359+0530] {dag.py:3437} INFO - Setting next_dagrun for example_branch_dop_operator_v3 to 2023-03-07T12:41:00+00:00, run_after=2023-03-07T12:42:00+00:00
[2023-03-07T18:12:03.380+0530] {processor.py:175} INFO - Processing /home/ris/PycharmProjects/pythonProject/USA-housing/venv/lib/python3.10/site-packages/airflow/example_dags/example_branch_python_dop_operator_3.py took 0.080 seconds
[2023-03-07T18:12:51.542+0530] {processor.py:153} INFO - Started process (PID=7115) to work on /home/ris/PycharmProjects/pythonProject/USA-housing/venv/lib/python3.10/site-packages/airflow/example_dags/example_branch_python_dop_operator_3.py
[2023-03-07T18:12:51.544+0530] {processor.py:743} INFO - Processing file /home/ris/PycharmProjects/pythonProject/USA-housing/venv/lib/python3.10/site-packages/airflow/example_dags/example_branch_python_dop_operator_3.py for tasks to queue
[2023-03-07T18:12:51.544+0530] {logging_mixin.py:137} INFO - [2023-03-07T18:12:51.544+0530] {dagbag.py:538} INFO - Filling up the DagBag from /home/ris/PycharmProjects/pythonProject/USA-housing/venv/lib/python3.10/site-packages/airflow/example_dags/example_branch_python_dop_operator_3.py
[2023-03-07T18:12:51.561+0530] {processor.py:753} INFO - DAG(s) dict_keys(['example_branch_dop_operator_v3']) retrieved from /home/ris/PycharmProjects/pythonProject/USA-housing/venv/lib/python3.10/site-packages/airflow/example_dags/example_branch_python_dop_operator_3.py
[2023-03-07T18:12:51.578+0530] {logging_mixin.py:137} INFO - [2023-03-07T18:12:51.578+0530] {dag.py:2690} INFO - Sync 1 DAGs
[2023-03-07T18:12:51.600+0530] {logging_mixin.py:137} INFO - [2023-03-07T18:12:51.600+0530] {dag.py:3437} INFO - Setting next_dagrun for example_branch_dop_operator_v3 to 2023-03-07T12:41:00+00:00, run_after=2023-03-07T12:42:00+00:00
[2023-03-07T18:12:51.630+0530] {processor.py:175} INFO - Processing /home/ris/PycharmProjects/pythonProject/USA-housing/venv/lib/python3.10/site-packages/airflow/example_dags/example_branch_python_dop_operator_3.py took 0.091 seconds
[2023-03-07T18:13:32.815+0530] {processor.py:153} INFO - Started process (PID=7160) to work on /home/ris/PycharmProjects/pythonProject/USA-housing/venv/lib/python3.10/site-packages/airflow/example_dags/example_branch_python_dop_operator_3.py
[2023-03-07T18:13:32.817+0530] {processor.py:743} INFO - Processing file /home/ris/PycharmProjects/pythonProject/USA-housing/venv/lib/python3.10/site-packages/airflow/example_dags/example_branch_python_dop_operator_3.py for tasks to queue
[2023-03-07T18:13:32.818+0530] {logging_mixin.py:137} INFO - [2023-03-07T18:13:32.818+0530] {dagbag.py:538} INFO - Filling up the DagBag from /home/ris/PycharmProjects/pythonProject/USA-housing/venv/lib/python3.10/site-packages/airflow/example_dags/example_branch_python_dop_operator_3.py
[2023-03-07T18:13:32.834+0530] {processor.py:753} INFO - DAG(s) dict_keys(['example_branch_dop_operator_v3']) retrieved from /home/ris/PycharmProjects/pythonProject/USA-housing/venv/lib/python3.10/site-packages/airflow/example_dags/example_branch_python_dop_operator_3.py
[2023-03-07T18:13:32.852+0530] {logging_mixin.py:137} INFO - [2023-03-07T18:13:32.852+0530] {dag.py:2690} INFO - Sync 1 DAGs
[2023-03-07T18:13:32.877+0530] {logging_mixin.py:137} INFO - [2023-03-07T18:13:32.876+0530] {dag.py:3437} INFO - Setting next_dagrun for example_branch_dop_operator_v3 to 2023-03-07T12:42:00+00:00, run_after=2023-03-07T12:43:00+00:00
[2023-03-07T18:13:32.896+0530] {processor.py:175} INFO - Processing /home/ris/PycharmProjects/pythonProject/USA-housing/venv/lib/python3.10/site-packages/airflow/example_dags/example_branch_python_dop_operator_3.py took 0.084 seconds
[2023-03-07T18:14:19.096+0530] {processor.py:153} INFO - Started process (PID=7219) to work on /home/ris/PycharmProjects/pythonProject/USA-housing/venv/lib/python3.10/site-packages/airflow/example_dags/example_branch_python_dop_operator_3.py
[2023-03-07T18:14:19.097+0530] {processor.py:743} INFO - Processing file /home/ris/PycharmProjects/pythonProject/USA-housing/venv/lib/python3.10/site-packages/airflow/example_dags/example_branch_python_dop_operator_3.py for tasks to queue
[2023-03-07T18:14:19.098+0530] {logging_mixin.py:137} INFO - [2023-03-07T18:14:19.097+0530] {dagbag.py:538} INFO - Filling up the DagBag from /home/ris/PycharmProjects/pythonProject/USA-housing/venv/lib/python3.10/site-packages/airflow/example_dags/example_branch_python_dop_operator_3.py
[2023-03-07T18:14:19.114+0530] {processor.py:753} INFO - DAG(s) dict_keys(['example_branch_dop_operator_v3']) retrieved from /home/ris/PycharmProjects/pythonProject/USA-housing/venv/lib/python3.10/site-packages/airflow/example_dags/example_branch_python_dop_operator_3.py
[2023-03-07T18:14:19.130+0530] {logging_mixin.py:137} INFO - [2023-03-07T18:14:19.130+0530] {dag.py:2690} INFO - Sync 1 DAGs
[2023-03-07T18:14:19.156+0530] {logging_mixin.py:137} INFO - [2023-03-07T18:14:19.155+0530] {dag.py:3437} INFO - Setting next_dagrun for example_branch_dop_operator_v3 to 2023-03-07T12:43:00+00:00, run_after=2023-03-07T12:44:00+00:00
[2023-03-07T18:14:19.176+0530] {processor.py:175} INFO - Processing /home/ris/PycharmProjects/pythonProject/USA-housing/venv/lib/python3.10/site-packages/airflow/example_dags/example_branch_python_dop_operator_3.py took 0.083 seconds
[2023-03-07T18:15:04.918+0530] {processor.py:153} INFO - Started process (PID=7280) to work on /home/ris/PycharmProjects/pythonProject/USA-housing/venv/lib/python3.10/site-packages/airflow/example_dags/example_branch_python_dop_operator_3.py
[2023-03-07T18:15:04.920+0530] {processor.py:743} INFO - Processing file /home/ris/PycharmProjects/pythonProject/USA-housing/venv/lib/python3.10/site-packages/airflow/example_dags/example_branch_python_dop_operator_3.py for tasks to queue
[2023-03-07T18:15:04.920+0530] {logging_mixin.py:137} INFO - [2023-03-07T18:15:04.920+0530] {dagbag.py:538} INFO - Filling up the DagBag from /home/ris/PycharmProjects/pythonProject/USA-housing/venv/lib/python3.10/site-packages/airflow/example_dags/example_branch_python_dop_operator_3.py
[2023-03-07T18:15:04.937+0530] {processor.py:753} INFO - DAG(s) dict_keys(['example_branch_dop_operator_v3']) retrieved from /home/ris/PycharmProjects/pythonProject/USA-housing/venv/lib/python3.10/site-packages/airflow/example_dags/example_branch_python_dop_operator_3.py
[2023-03-07T18:15:04.952+0530] {logging_mixin.py:137} INFO - [2023-03-07T18:15:04.952+0530] {dag.py:2690} INFO - Sync 1 DAGs
[2023-03-07T18:15:04.973+0530] {logging_mixin.py:137} INFO - [2023-03-07T18:15:04.972+0530] {dag.py:3437} INFO - Setting next_dagrun for example_branch_dop_operator_v3 to 2023-03-07T12:44:00+00:00, run_after=2023-03-07T12:45:00+00:00
[2023-03-07T18:15:04.998+0530] {processor.py:175} INFO - Processing /home/ris/PycharmProjects/pythonProject/USA-housing/venv/lib/python3.10/site-packages/airflow/example_dags/example_branch_python_dop_operator_3.py took 0.083 seconds
[2023-03-07T18:15:55.121+0530] {processor.py:153} INFO - Started process (PID=7360) to work on /home/ris/PycharmProjects/pythonProject/USA-housing/venv/lib/python3.10/site-packages/airflow/example_dags/example_branch_python_dop_operator_3.py
[2023-03-07T18:15:55.123+0530] {processor.py:743} INFO - Processing file /home/ris/PycharmProjects/pythonProject/USA-housing/venv/lib/python3.10/site-packages/airflow/example_dags/example_branch_python_dop_operator_3.py for tasks to queue
[2023-03-07T18:15:55.125+0530] {logging_mixin.py:137} INFO - [2023-03-07T18:15:55.124+0530] {dagbag.py:538} INFO - Filling up the DagBag from /home/ris/PycharmProjects/pythonProject/USA-housing/venv/lib/python3.10/site-packages/airflow/example_dags/example_branch_python_dop_operator_3.py
[2023-03-07T18:15:55.149+0530] {processor.py:753} INFO - DAG(s) dict_keys(['example_branch_dop_operator_v3']) retrieved from /home/ris/PycharmProjects/pythonProject/USA-housing/venv/lib/python3.10/site-packages/airflow/example_dags/example_branch_python_dop_operator_3.py
[2023-03-07T18:15:55.165+0530] {logging_mixin.py:137} INFO - [2023-03-07T18:15:55.165+0530] {dag.py:2690} INFO - Sync 1 DAGs
[2023-03-07T18:15:55.186+0530] {logging_mixin.py:137} INFO - [2023-03-07T18:15:55.185+0530] {dag.py:3437} INFO - Setting next_dagrun for example_branch_dop_operator_v3 to 2023-03-07T12:44:00+00:00, run_after=2023-03-07T12:45:00+00:00
[2023-03-07T18:15:55.208+0530] {processor.py:175} INFO - Processing /home/ris/PycharmProjects/pythonProject/USA-housing/venv/lib/python3.10/site-packages/airflow/example_dags/example_branch_python_dop_operator_3.py took 0.090 seconds
[2023-03-07T18:16:38.189+0530] {processor.py:153} INFO - Started process (PID=7409) to work on /home/ris/PycharmProjects/pythonProject/USA-housing/venv/lib/python3.10/site-packages/airflow/example_dags/example_branch_python_dop_operator_3.py
[2023-03-07T18:16:38.191+0530] {processor.py:743} INFO - Processing file /home/ris/PycharmProjects/pythonProject/USA-housing/venv/lib/python3.10/site-packages/airflow/example_dags/example_branch_python_dop_operator_3.py for tasks to queue
[2023-03-07T18:16:38.191+0530] {logging_mixin.py:137} INFO - [2023-03-07T18:16:38.191+0530] {dagbag.py:538} INFO - Filling up the DagBag from /home/ris/PycharmProjects/pythonProject/USA-housing/venv/lib/python3.10/site-packages/airflow/example_dags/example_branch_python_dop_operator_3.py
[2023-03-07T18:16:38.216+0530] {processor.py:753} INFO - DAG(s) dict_keys(['example_branch_dop_operator_v3']) retrieved from /home/ris/PycharmProjects/pythonProject/USA-housing/venv/lib/python3.10/site-packages/airflow/example_dags/example_branch_python_dop_operator_3.py
[2023-03-07T18:16:38.235+0530] {logging_mixin.py:137} INFO - [2023-03-07T18:16:38.234+0530] {dag.py:2690} INFO - Sync 1 DAGs
[2023-03-07T18:16:38.255+0530] {logging_mixin.py:137} INFO - [2023-03-07T18:16:38.255+0530] {dag.py:3437} INFO - Setting next_dagrun for example_branch_dop_operator_v3 to 2023-03-07T12:45:00+00:00, run_after=2023-03-07T12:46:00+00:00
[2023-03-07T18:16:38.276+0530] {processor.py:175} INFO - Processing /home/ris/PycharmProjects/pythonProject/USA-housing/venv/lib/python3.10/site-packages/airflow/example_dags/example_branch_python_dop_operator_3.py took 0.090 seconds
[2023-03-07T18:17:28.075+0530] {processor.py:153} INFO - Started process (PID=7477) to work on /home/ris/PycharmProjects/pythonProject/USA-housing/venv/lib/python3.10/site-packages/airflow/example_dags/example_branch_python_dop_operator_3.py
[2023-03-07T18:17:28.077+0530] {processor.py:743} INFO - Processing file /home/ris/PycharmProjects/pythonProject/USA-housing/venv/lib/python3.10/site-packages/airflow/example_dags/example_branch_python_dop_operator_3.py for tasks to queue
[2023-03-07T18:17:28.078+0530] {logging_mixin.py:137} INFO - [2023-03-07T18:17:28.078+0530] {dagbag.py:538} INFO - Filling up the DagBag from /home/ris/PycharmProjects/pythonProject/USA-housing/venv/lib/python3.10/site-packages/airflow/example_dags/example_branch_python_dop_operator_3.py
[2023-03-07T18:17:28.119+0530] {processor.py:753} INFO - DAG(s) dict_keys(['example_branch_dop_operator_v3']) retrieved from /home/ris/PycharmProjects/pythonProject/USA-housing/venv/lib/python3.10/site-packages/airflow/example_dags/example_branch_python_dop_operator_3.py
[2023-03-07T18:17:28.135+0530] {logging_mixin.py:137} INFO - [2023-03-07T18:17:28.135+0530] {dag.py:2690} INFO - Sync 1 DAGs
[2023-03-07T18:17:28.156+0530] {logging_mixin.py:137} INFO - [2023-03-07T18:17:28.156+0530] {dag.py:3437} INFO - Setting next_dagrun for example_branch_dop_operator_v3 to 2023-03-07T12:46:00+00:00, run_after=2023-03-07T12:47:00+00:00
[2023-03-07T18:17:28.177+0530] {processor.py:175} INFO - Processing /home/ris/PycharmProjects/pythonProject/USA-housing/venv/lib/python3.10/site-packages/airflow/example_dags/example_branch_python_dop_operator_3.py took 0.107 seconds
[2023-03-07T18:18:18.546+0530] {processor.py:153} INFO - Started process (PID=7541) to work on /home/ris/PycharmProjects/pythonProject/USA-housing/venv/lib/python3.10/site-packages/airflow/example_dags/example_branch_python_dop_operator_3.py
[2023-03-07T18:18:18.548+0530] {processor.py:743} INFO - Processing file /home/ris/PycharmProjects/pythonProject/USA-housing/venv/lib/python3.10/site-packages/airflow/example_dags/example_branch_python_dop_operator_3.py for tasks to queue
[2023-03-07T18:18:18.548+0530] {logging_mixin.py:137} INFO - [2023-03-07T18:18:18.548+0530] {dagbag.py:538} INFO - Filling up the DagBag from /home/ris/PycharmProjects/pythonProject/USA-housing/venv/lib/python3.10/site-packages/airflow/example_dags/example_branch_python_dop_operator_3.py
[2023-03-07T18:18:18.565+0530] {processor.py:753} INFO - DAG(s) dict_keys(['example_branch_dop_operator_v3']) retrieved from /home/ris/PycharmProjects/pythonProject/USA-housing/venv/lib/python3.10/site-packages/airflow/example_dags/example_branch_python_dop_operator_3.py
[2023-03-07T18:18:18.585+0530] {logging_mixin.py:137} INFO - [2023-03-07T18:18:18.584+0530] {dag.py:2690} INFO - Sync 1 DAGs
[2023-03-07T18:18:18.610+0530] {logging_mixin.py:137} INFO - [2023-03-07T18:18:18.610+0530] {dag.py:3437} INFO - Setting next_dagrun for example_branch_dop_operator_v3 to 2023-03-07T12:47:00+00:00, run_after=2023-03-07T12:48:00+00:00
[2023-03-07T18:18:18.631+0530] {processor.py:175} INFO - Processing /home/ris/PycharmProjects/pythonProject/USA-housing/venv/lib/python3.10/site-packages/airflow/example_dags/example_branch_python_dop_operator_3.py took 0.088 seconds
[2023-03-07T18:19:03.215+0530] {processor.py:153} INFO - Started process (PID=7592) to work on /home/ris/PycharmProjects/pythonProject/USA-housing/venv/lib/python3.10/site-packages/airflow/example_dags/example_branch_python_dop_operator_3.py
[2023-03-07T18:19:03.217+0530] {processor.py:743} INFO - Processing file /home/ris/PycharmProjects/pythonProject/USA-housing/venv/lib/python3.10/site-packages/airflow/example_dags/example_branch_python_dop_operator_3.py for tasks to queue
[2023-03-07T18:19:03.218+0530] {logging_mixin.py:137} INFO - [2023-03-07T18:19:03.218+0530] {dagbag.py:538} INFO - Filling up the DagBag from /home/ris/PycharmProjects/pythonProject/USA-housing/venv/lib/python3.10/site-packages/airflow/example_dags/example_branch_python_dop_operator_3.py
[2023-03-07T18:19:03.235+0530] {processor.py:753} INFO - DAG(s) dict_keys(['example_branch_dop_operator_v3']) retrieved from /home/ris/PycharmProjects/pythonProject/USA-housing/venv/lib/python3.10/site-packages/airflow/example_dags/example_branch_python_dop_operator_3.py
[2023-03-07T18:19:03.252+0530] {logging_mixin.py:137} INFO - [2023-03-07T18:19:03.252+0530] {dag.py:2690} INFO - Sync 1 DAGs
[2023-03-07T18:19:03.274+0530] {logging_mixin.py:137} INFO - [2023-03-07T18:19:03.274+0530] {dag.py:3437} INFO - Setting next_dagrun for example_branch_dop_operator_v3 to 2023-03-07T12:48:00+00:00, run_after=2023-03-07T12:49:00+00:00
[2023-03-07T18:19:03.299+0530] {processor.py:175} INFO - Processing /home/ris/PycharmProjects/pythonProject/USA-housing/venv/lib/python3.10/site-packages/airflow/example_dags/example_branch_python_dop_operator_3.py took 0.087 seconds
[2023-03-07T18:19:56.464+0530] {processor.py:153} INFO - Started process (PID=7892) to work on /home/ris/PycharmProjects/pythonProject/USA-housing/venv/lib/python3.10/site-packages/airflow/example_dags/example_branch_python_dop_operator_3.py
[2023-03-07T18:19:56.466+0530] {processor.py:743} INFO - Processing file /home/ris/PycharmProjects/pythonProject/USA-housing/venv/lib/python3.10/site-packages/airflow/example_dags/example_branch_python_dop_operator_3.py for tasks to queue
[2023-03-07T18:19:56.467+0530] {logging_mixin.py:137} INFO - [2023-03-07T18:19:56.467+0530] {dagbag.py:538} INFO - Filling up the DagBag from /home/ris/PycharmProjects/pythonProject/USA-housing/venv/lib/python3.10/site-packages/airflow/example_dags/example_branch_python_dop_operator_3.py
[2023-03-07T18:19:56.485+0530] {processor.py:753} INFO - DAG(s) dict_keys(['example_branch_dop_operator_v3']) retrieved from /home/ris/PycharmProjects/pythonProject/USA-housing/venv/lib/python3.10/site-packages/airflow/example_dags/example_branch_python_dop_operator_3.py
[2023-03-07T18:19:56.505+0530] {logging_mixin.py:137} INFO - [2023-03-07T18:19:56.505+0530] {dag.py:2690} INFO - Sync 1 DAGs
[2023-03-07T18:19:56.532+0530] {logging_mixin.py:137} INFO - [2023-03-07T18:19:56.531+0530] {dag.py:3437} INFO - Setting next_dagrun for example_branch_dop_operator_v3 to 2023-03-07T12:48:00+00:00, run_after=2023-03-07T12:49:00+00:00
[2023-03-07T18:19:56.554+0530] {processor.py:175} INFO - Processing /home/ris/PycharmProjects/pythonProject/USA-housing/venv/lib/python3.10/site-packages/airflow/example_dags/example_branch_python_dop_operator_3.py took 0.092 seconds
[2023-03-07T18:20:40.285+0530] {processor.py:153} INFO - Started process (PID=7953) to work on /home/ris/PycharmProjects/pythonProject/USA-housing/venv/lib/python3.10/site-packages/airflow/example_dags/example_branch_python_dop_operator_3.py
[2023-03-07T18:20:40.288+0530] {processor.py:743} INFO - Processing file /home/ris/PycharmProjects/pythonProject/USA-housing/venv/lib/python3.10/site-packages/airflow/example_dags/example_branch_python_dop_operator_3.py for tasks to queue
[2023-03-07T18:20:40.289+0530] {logging_mixin.py:137} INFO - [2023-03-07T18:20:40.289+0530] {dagbag.py:538} INFO - Filling up the DagBag from /home/ris/PycharmProjects/pythonProject/USA-housing/venv/lib/python3.10/site-packages/airflow/example_dags/example_branch_python_dop_operator_3.py
[2023-03-07T18:20:40.307+0530] {processor.py:753} INFO - DAG(s) dict_keys(['example_branch_dop_operator_v3']) retrieved from /home/ris/PycharmProjects/pythonProject/USA-housing/venv/lib/python3.10/site-packages/airflow/example_dags/example_branch_python_dop_operator_3.py
[2023-03-07T18:20:40.324+0530] {logging_mixin.py:137} INFO - [2023-03-07T18:20:40.324+0530] {dag.py:2690} INFO - Sync 1 DAGs
[2023-03-07T18:20:40.344+0530] {logging_mixin.py:137} INFO - [2023-03-07T18:20:40.344+0530] {dag.py:3437} INFO - Setting next_dagrun for example_branch_dop_operator_v3 to 2023-03-07T12:49:00+00:00, run_after=2023-03-07T12:50:00+00:00
[2023-03-07T18:20:40.366+0530] {processor.py:175} INFO - Processing /home/ris/PycharmProjects/pythonProject/USA-housing/venv/lib/python3.10/site-packages/airflow/example_dags/example_branch_python_dop_operator_3.py took 0.085 seconds
[2023-03-07T18:21:31.695+0530] {processor.py:153} INFO - Started process (PID=8011) to work on /home/ris/PycharmProjects/pythonProject/USA-housing/venv/lib/python3.10/site-packages/airflow/example_dags/example_branch_python_dop_operator_3.py
[2023-03-07T18:21:31.697+0530] {processor.py:743} INFO - Processing file /home/ris/PycharmProjects/pythonProject/USA-housing/venv/lib/python3.10/site-packages/airflow/example_dags/example_branch_python_dop_operator_3.py for tasks to queue
[2023-03-07T18:21:31.698+0530] {logging_mixin.py:137} INFO - [2023-03-07T18:21:31.697+0530] {dagbag.py:538} INFO - Filling up the DagBag from /home/ris/PycharmProjects/pythonProject/USA-housing/venv/lib/python3.10/site-packages/airflow/example_dags/example_branch_python_dop_operator_3.py
[2023-03-07T18:21:31.715+0530] {processor.py:753} INFO - DAG(s) dict_keys(['example_branch_dop_operator_v3']) retrieved from /home/ris/PycharmProjects/pythonProject/USA-housing/venv/lib/python3.10/site-packages/airflow/example_dags/example_branch_python_dop_operator_3.py
[2023-03-07T18:21:31.733+0530] {logging_mixin.py:137} INFO - [2023-03-07T18:21:31.733+0530] {dag.py:2690} INFO - Sync 1 DAGs
[2023-03-07T18:21:31.764+0530] {logging_mixin.py:137} INFO - [2023-03-07T18:21:31.764+0530] {dag.py:3437} INFO - Setting next_dagrun for example_branch_dop_operator_v3 to 2023-03-07T12:50:00+00:00, run_after=2023-03-07T12:51:00+00:00
[2023-03-07T18:21:31.788+0530] {processor.py:175} INFO - Processing /home/ris/PycharmProjects/pythonProject/USA-housing/venv/lib/python3.10/site-packages/airflow/example_dags/example_branch_python_dop_operator_3.py took 0.096 seconds
[2023-03-07T18:22:22.695+0530] {processor.py:153} INFO - Started process (PID=8072) to work on /home/ris/PycharmProjects/pythonProject/USA-housing/venv/lib/python3.10/site-packages/airflow/example_dags/example_branch_python_dop_operator_3.py
[2023-03-07T18:22:22.697+0530] {processor.py:743} INFO - Processing file /home/ris/PycharmProjects/pythonProject/USA-housing/venv/lib/python3.10/site-packages/airflow/example_dags/example_branch_python_dop_operator_3.py for tasks to queue
[2023-03-07T18:22:22.698+0530] {logging_mixin.py:137} INFO - [2023-03-07T18:22:22.698+0530] {dagbag.py:538} INFO - Filling up the DagBag from /home/ris/PycharmProjects/pythonProject/USA-housing/venv/lib/python3.10/site-packages/airflow/example_dags/example_branch_python_dop_operator_3.py
[2023-03-07T18:22:22.718+0530] {processor.py:753} INFO - DAG(s) dict_keys(['example_branch_dop_operator_v3']) retrieved from /home/ris/PycharmProjects/pythonProject/USA-housing/venv/lib/python3.10/site-packages/airflow/example_dags/example_branch_python_dop_operator_3.py
[2023-03-07T18:22:22.736+0530] {logging_mixin.py:137} INFO - [2023-03-07T18:22:22.736+0530] {dag.py:2690} INFO - Sync 1 DAGs
[2023-03-07T18:22:22.761+0530] {logging_mixin.py:137} INFO - [2023-03-07T18:22:22.761+0530] {dag.py:3437} INFO - Setting next_dagrun for example_branch_dop_operator_v3 to 2023-03-07T12:51:00+00:00, run_after=2023-03-07T12:52:00+00:00
[2023-03-07T18:22:22.782+0530] {processor.py:175} INFO - Processing /home/ris/PycharmProjects/pythonProject/USA-housing/venv/lib/python3.10/site-packages/airflow/example_dags/example_branch_python_dop_operator_3.py took 0.090 seconds
[2023-03-07T18:23:09.494+0530] {processor.py:153} INFO - Started process (PID=8140) to work on /home/ris/PycharmProjects/pythonProject/USA-housing/venv/lib/python3.10/site-packages/airflow/example_dags/example_branch_python_dop_operator_3.py
[2023-03-07T18:23:09.496+0530] {processor.py:743} INFO - Processing file /home/ris/PycharmProjects/pythonProject/USA-housing/venv/lib/python3.10/site-packages/airflow/example_dags/example_branch_python_dop_operator_3.py for tasks to queue
[2023-03-07T18:23:09.498+0530] {logging_mixin.py:137} INFO - [2023-03-07T18:23:09.498+0530] {dagbag.py:538} INFO - Filling up the DagBag from /home/ris/PycharmProjects/pythonProject/USA-housing/venv/lib/python3.10/site-packages/airflow/example_dags/example_branch_python_dop_operator_3.py
[2023-03-07T18:23:09.521+0530] {processor.py:753} INFO - DAG(s) dict_keys(['example_branch_dop_operator_v3']) retrieved from /home/ris/PycharmProjects/pythonProject/USA-housing/venv/lib/python3.10/site-packages/airflow/example_dags/example_branch_python_dop_operator_3.py
[2023-03-07T18:23:09.539+0530] {logging_mixin.py:137} INFO - [2023-03-07T18:23:09.539+0530] {dag.py:2690} INFO - Sync 1 DAGs
[2023-03-07T18:23:09.567+0530] {logging_mixin.py:137} INFO - [2023-03-07T18:23:09.566+0530] {dag.py:3437} INFO - Setting next_dagrun for example_branch_dop_operator_v3 to 2023-03-07T12:52:00+00:00, run_after=2023-03-07T12:53:00+00:00
[2023-03-07T18:23:09.592+0530] {processor.py:175} INFO - Processing /home/ris/PycharmProjects/pythonProject/USA-housing/venv/lib/python3.10/site-packages/airflow/example_dags/example_branch_python_dop_operator_3.py took 0.104 seconds
[2023-03-07T18:23:54.080+0530] {processor.py:153} INFO - Started process (PID=8342) to work on /home/ris/PycharmProjects/pythonProject/USA-housing/venv/lib/python3.10/site-packages/airflow/example_dags/example_branch_python_dop_operator_3.py
[2023-03-07T18:23:54.082+0530] {processor.py:743} INFO - Processing file /home/ris/PycharmProjects/pythonProject/USA-housing/venv/lib/python3.10/site-packages/airflow/example_dags/example_branch_python_dop_operator_3.py for tasks to queue
[2023-03-07T18:23:54.083+0530] {logging_mixin.py:137} INFO - [2023-03-07T18:23:54.082+0530] {dagbag.py:538} INFO - Filling up the DagBag from /home/ris/PycharmProjects/pythonProject/USA-housing/venv/lib/python3.10/site-packages/airflow/example_dags/example_branch_python_dop_operator_3.py
[2023-03-07T18:23:54.104+0530] {processor.py:753} INFO - DAG(s) dict_keys(['example_branch_dop_operator_v3']) retrieved from /home/ris/PycharmProjects/pythonProject/USA-housing/venv/lib/python3.10/site-packages/airflow/example_dags/example_branch_python_dop_operator_3.py
[2023-03-07T18:23:54.125+0530] {logging_mixin.py:137} INFO - [2023-03-07T18:23:54.124+0530] {dag.py:2690} INFO - Sync 1 DAGs
[2023-03-07T18:23:54.151+0530] {logging_mixin.py:137} INFO - [2023-03-07T18:23:54.151+0530] {dag.py:3437} INFO - Setting next_dagrun for example_branch_dop_operator_v3 to 2023-03-07T12:52:00+00:00, run_after=2023-03-07T12:53:00+00:00
[2023-03-07T18:23:54.175+0530] {processor.py:175} INFO - Processing /home/ris/PycharmProjects/pythonProject/USA-housing/venv/lib/python3.10/site-packages/airflow/example_dags/example_branch_python_dop_operator_3.py took 0.099 seconds
[2023-03-07T18:24:39.831+0530] {processor.py:153} INFO - Started process (PID=8392) to work on /home/ris/PycharmProjects/pythonProject/USA-housing/venv/lib/python3.10/site-packages/airflow/example_dags/example_branch_python_dop_operator_3.py
[2023-03-07T18:24:39.834+0530] {processor.py:743} INFO - Processing file /home/ris/PycharmProjects/pythonProject/USA-housing/venv/lib/python3.10/site-packages/airflow/example_dags/example_branch_python_dop_operator_3.py for tasks to queue
[2023-03-07T18:24:39.835+0530] {logging_mixin.py:137} INFO - [2023-03-07T18:24:39.835+0530] {dagbag.py:538} INFO - Filling up the DagBag from /home/ris/PycharmProjects/pythonProject/USA-housing/venv/lib/python3.10/site-packages/airflow/example_dags/example_branch_python_dop_operator_3.py
[2023-03-07T18:24:39.855+0530] {processor.py:753} INFO - DAG(s) dict_keys(['example_branch_dop_operator_v3']) retrieved from /home/ris/PycharmProjects/pythonProject/USA-housing/venv/lib/python3.10/site-packages/airflow/example_dags/example_branch_python_dop_operator_3.py
[2023-03-07T18:24:39.875+0530] {logging_mixin.py:137} INFO - [2023-03-07T18:24:39.875+0530] {dag.py:2690} INFO - Sync 1 DAGs
[2023-03-07T18:24:39.902+0530] {logging_mixin.py:137} INFO - [2023-03-07T18:24:39.902+0530] {dag.py:3437} INFO - Setting next_dagrun for example_branch_dop_operator_v3 to 2023-03-07T12:53:00+00:00, run_after=2023-03-07T12:54:00+00:00
[2023-03-07T18:24:39.926+0530] {processor.py:175} INFO - Processing /home/ris/PycharmProjects/pythonProject/USA-housing/venv/lib/python3.10/site-packages/airflow/example_dags/example_branch_python_dop_operator_3.py took 0.101 seconds
[2023-03-07T18:25:25.172+0530] {processor.py:153} INFO - Started process (PID=8475) to work on /home/ris/PycharmProjects/pythonProject/USA-housing/venv/lib/python3.10/site-packages/airflow/example_dags/example_branch_python_dop_operator_3.py
[2023-03-07T18:25:25.174+0530] {processor.py:743} INFO - Processing file /home/ris/PycharmProjects/pythonProject/USA-housing/venv/lib/python3.10/site-packages/airflow/example_dags/example_branch_python_dop_operator_3.py for tasks to queue
[2023-03-07T18:25:25.175+0530] {logging_mixin.py:137} INFO - [2023-03-07T18:25:25.174+0530] {dagbag.py:538} INFO - Filling up the DagBag from /home/ris/PycharmProjects/pythonProject/USA-housing/venv/lib/python3.10/site-packages/airflow/example_dags/example_branch_python_dop_operator_3.py
[2023-03-07T18:25:25.208+0530] {processor.py:753} INFO - DAG(s) dict_keys(['example_branch_dop_operator_v3']) retrieved from /home/ris/PycharmProjects/pythonProject/USA-housing/venv/lib/python3.10/site-packages/airflow/example_dags/example_branch_python_dop_operator_3.py
[2023-03-07T18:25:25.237+0530] {logging_mixin.py:137} INFO - [2023-03-07T18:25:25.236+0530] {dag.py:2690} INFO - Sync 1 DAGs
[2023-03-07T18:25:25.284+0530] {logging_mixin.py:137} INFO - [2023-03-07T18:25:25.283+0530] {dag.py:3437} INFO - Setting next_dagrun for example_branch_dop_operator_v3 to 2023-03-07T12:54:00+00:00, run_after=2023-03-07T12:55:00+00:00
[2023-03-07T18:25:25.313+0530] {processor.py:175} INFO - Processing /home/ris/PycharmProjects/pythonProject/USA-housing/venv/lib/python3.10/site-packages/airflow/example_dags/example_branch_python_dop_operator_3.py took 0.146 seconds
[2023-03-07T18:26:11.137+0530] {processor.py:153} INFO - Started process (PID=8531) to work on /home/ris/PycharmProjects/pythonProject/USA-housing/venv/lib/python3.10/site-packages/airflow/example_dags/example_branch_python_dop_operator_3.py
[2023-03-07T18:26:11.139+0530] {processor.py:743} INFO - Processing file /home/ris/PycharmProjects/pythonProject/USA-housing/venv/lib/python3.10/site-packages/airflow/example_dags/example_branch_python_dop_operator_3.py for tasks to queue
[2023-03-07T18:26:11.141+0530] {logging_mixin.py:137} INFO - [2023-03-07T18:26:11.141+0530] {dagbag.py:538} INFO - Filling up the DagBag from /home/ris/PycharmProjects/pythonProject/USA-housing/venv/lib/python3.10/site-packages/airflow/example_dags/example_branch_python_dop_operator_3.py
[2023-03-07T18:26:11.160+0530] {processor.py:753} INFO - DAG(s) dict_keys(['example_branch_dop_operator_v3']) retrieved from /home/ris/PycharmProjects/pythonProject/USA-housing/venv/lib/python3.10/site-packages/airflow/example_dags/example_branch_python_dop_operator_3.py
[2023-03-07T18:26:11.179+0530] {logging_mixin.py:137} INFO - [2023-03-07T18:26:11.179+0530] {dag.py:2690} INFO - Sync 1 DAGs
[2023-03-07T18:26:11.210+0530] {logging_mixin.py:137} INFO - [2023-03-07T18:26:11.209+0530] {dag.py:3437} INFO - Setting next_dagrun for example_branch_dop_operator_v3 to 2023-03-07T12:55:00+00:00, run_after=2023-03-07T12:56:00+00:00
[2023-03-07T18:26:11.237+0530] {processor.py:175} INFO - Processing /home/ris/PycharmProjects/pythonProject/USA-housing/venv/lib/python3.10/site-packages/airflow/example_dags/example_branch_python_dop_operator_3.py took 0.103 seconds
[2023-03-07T18:26:55.746+0530] {processor.py:153} INFO - Started process (PID=8654) to work on /home/ris/PycharmProjects/pythonProject/USA-housing/venv/lib/python3.10/site-packages/airflow/example_dags/example_branch_python_dop_operator_3.py
[2023-03-07T18:26:55.748+0530] {processor.py:743} INFO - Processing file /home/ris/PycharmProjects/pythonProject/USA-housing/venv/lib/python3.10/site-packages/airflow/example_dags/example_branch_python_dop_operator_3.py for tasks to queue
[2023-03-07T18:26:55.749+0530] {logging_mixin.py:137} INFO - [2023-03-07T18:26:55.749+0530] {dagbag.py:538} INFO - Filling up the DagBag from /home/ris/PycharmProjects/pythonProject/USA-housing/venv/lib/python3.10/site-packages/airflow/example_dags/example_branch_python_dop_operator_3.py
[2023-03-07T18:26:55.772+0530] {processor.py:753} INFO - DAG(s) dict_keys(['example_branch_dop_operator_v3']) retrieved from /home/ris/PycharmProjects/pythonProject/USA-housing/venv/lib/python3.10/site-packages/airflow/example_dags/example_branch_python_dop_operator_3.py
[2023-03-07T18:26:55.806+0530] {logging_mixin.py:137} INFO - [2023-03-07T18:26:55.805+0530] {dag.py:2690} INFO - Sync 1 DAGs
[2023-03-07T18:26:55.832+0530] {logging_mixin.py:137} INFO - [2023-03-07T18:26:55.832+0530] {dag.py:3437} INFO - Setting next_dagrun for example_branch_dop_operator_v3 to 2023-03-07T12:55:00+00:00, run_after=2023-03-07T12:56:00+00:00
[2023-03-07T18:26:55.857+0530] {processor.py:175} INFO - Processing /home/ris/PycharmProjects/pythonProject/USA-housing/venv/lib/python3.10/site-packages/airflow/example_dags/example_branch_python_dop_operator_3.py took 0.115 seconds
[2023-03-07T18:27:51.393+0530] {processor.py:153} INFO - Started process (PID=8718) to work on /home/ris/PycharmProjects/pythonProject/USA-housing/venv/lib/python3.10/site-packages/airflow/example_dags/example_branch_python_dop_operator_3.py
[2023-03-07T18:27:51.395+0530] {processor.py:743} INFO - Processing file /home/ris/PycharmProjects/pythonProject/USA-housing/venv/lib/python3.10/site-packages/airflow/example_dags/example_branch_python_dop_operator_3.py for tasks to queue
[2023-03-07T18:27:51.397+0530] {logging_mixin.py:137} INFO - [2023-03-07T18:27:51.396+0530] {dagbag.py:538} INFO - Filling up the DagBag from /home/ris/PycharmProjects/pythonProject/USA-housing/venv/lib/python3.10/site-packages/airflow/example_dags/example_branch_python_dop_operator_3.py
[2023-03-07T18:27:51.418+0530] {processor.py:753} INFO - DAG(s) dict_keys(['example_branch_dop_operator_v3']) retrieved from /home/ris/PycharmProjects/pythonProject/USA-housing/venv/lib/python3.10/site-packages/airflow/example_dags/example_branch_python_dop_operator_3.py
[2023-03-07T18:27:51.436+0530] {logging_mixin.py:137} INFO - [2023-03-07T18:27:51.436+0530] {dag.py:2690} INFO - Sync 1 DAGs
[2023-03-07T18:27:51.458+0530] {logging_mixin.py:137} INFO - [2023-03-07T18:27:51.458+0530] {dag.py:3437} INFO - Setting next_dagrun for example_branch_dop_operator_v3 to 2023-03-07T12:56:00+00:00, run_after=2023-03-07T12:57:00+00:00
[2023-03-07T18:27:51.483+0530] {processor.py:175} INFO - Processing /home/ris/PycharmProjects/pythonProject/USA-housing/venv/lib/python3.10/site-packages/airflow/example_dags/example_branch_python_dop_operator_3.py took 0.093 seconds
[2023-03-07T18:28:34.895+0530] {processor.py:153} INFO - Started process (PID=8779) to work on /home/ris/PycharmProjects/pythonProject/USA-housing/venv/lib/python3.10/site-packages/airflow/example_dags/example_branch_python_dop_operator_3.py
[2023-03-07T18:28:34.897+0530] {processor.py:743} INFO - Processing file /home/ris/PycharmProjects/pythonProject/USA-housing/venv/lib/python3.10/site-packages/airflow/example_dags/example_branch_python_dop_operator_3.py for tasks to queue
[2023-03-07T18:28:34.899+0530] {logging_mixin.py:137} INFO - [2023-03-07T18:28:34.899+0530] {dagbag.py:538} INFO - Filling up the DagBag from /home/ris/PycharmProjects/pythonProject/USA-housing/venv/lib/python3.10/site-packages/airflow/example_dags/example_branch_python_dop_operator_3.py
[2023-03-07T18:28:34.920+0530] {processor.py:753} INFO - DAG(s) dict_keys(['example_branch_dop_operator_v3']) retrieved from /home/ris/PycharmProjects/pythonProject/USA-housing/venv/lib/python3.10/site-packages/airflow/example_dags/example_branch_python_dop_operator_3.py
[2023-03-07T18:28:34.938+0530] {logging_mixin.py:137} INFO - [2023-03-07T18:28:34.938+0530] {dag.py:2690} INFO - Sync 1 DAGs
[2023-03-07T18:28:34.961+0530] {logging_mixin.py:137} INFO - [2023-03-07T18:28:34.961+0530] {dag.py:3437} INFO - Setting next_dagrun for example_branch_dop_operator_v3 to 2023-03-07T12:57:00+00:00, run_after=2023-03-07T12:58:00+00:00
[2023-03-07T18:28:34.984+0530] {processor.py:175} INFO - Processing /home/ris/PycharmProjects/pythonProject/USA-housing/venv/lib/python3.10/site-packages/airflow/example_dags/example_branch_python_dop_operator_3.py took 0.092 seconds
[2023-03-07T18:29:15.928+0530] {processor.py:153} INFO - Started process (PID=8832) to work on /home/ris/PycharmProjects/pythonProject/USA-housing/venv/lib/python3.10/site-packages/airflow/example_dags/example_branch_python_dop_operator_3.py
[2023-03-07T18:29:15.930+0530] {processor.py:743} INFO - Processing file /home/ris/PycharmProjects/pythonProject/USA-housing/venv/lib/python3.10/site-packages/airflow/example_dags/example_branch_python_dop_operator_3.py for tasks to queue
[2023-03-07T18:29:15.931+0530] {logging_mixin.py:137} INFO - [2023-03-07T18:29:15.931+0530] {dagbag.py:538} INFO - Filling up the DagBag from /home/ris/PycharmProjects/pythonProject/USA-housing/venv/lib/python3.10/site-packages/airflow/example_dags/example_branch_python_dop_operator_3.py
[2023-03-07T18:29:15.947+0530] {processor.py:753} INFO - DAG(s) dict_keys(['example_branch_dop_operator_v3']) retrieved from /home/ris/PycharmProjects/pythonProject/USA-housing/venv/lib/python3.10/site-packages/airflow/example_dags/example_branch_python_dop_operator_3.py
[2023-03-07T18:29:15.962+0530] {logging_mixin.py:137} INFO - [2023-03-07T18:29:15.962+0530] {dag.py:2690} INFO - Sync 1 DAGs
[2023-03-07T18:29:15.983+0530] {logging_mixin.py:137} INFO - [2023-03-07T18:29:15.982+0530] {dag.py:3437} INFO - Setting next_dagrun for example_branch_dop_operator_v3 to 2023-03-07T12:58:00+00:00, run_after=2023-03-07T12:59:00+00:00
[2023-03-07T18:29:16.002+0530] {processor.py:175} INFO - Processing /home/ris/PycharmProjects/pythonProject/USA-housing/venv/lib/python3.10/site-packages/airflow/example_dags/example_branch_python_dop_operator_3.py took 0.076 seconds
[2023-03-07T18:30:02.023+0530] {processor.py:153} INFO - Started process (PID=8885) to work on /home/ris/PycharmProjects/pythonProject/USA-housing/venv/lib/python3.10/site-packages/airflow/example_dags/example_branch_python_dop_operator_3.py
[2023-03-07T18:30:02.024+0530] {processor.py:743} INFO - Processing file /home/ris/PycharmProjects/pythonProject/USA-housing/venv/lib/python3.10/site-packages/airflow/example_dags/example_branch_python_dop_operator_3.py for tasks to queue
[2023-03-07T18:30:02.025+0530] {logging_mixin.py:137} INFO - [2023-03-07T18:30:02.025+0530] {dagbag.py:538} INFO - Filling up the DagBag from /home/ris/PycharmProjects/pythonProject/USA-housing/venv/lib/python3.10/site-packages/airflow/example_dags/example_branch_python_dop_operator_3.py
[2023-03-07T18:30:02.041+0530] {processor.py:753} INFO - DAG(s) dict_keys(['example_branch_dop_operator_v3']) retrieved from /home/ris/PycharmProjects/pythonProject/USA-housing/venv/lib/python3.10/site-packages/airflow/example_dags/example_branch_python_dop_operator_3.py
[2023-03-07T18:30:02.056+0530] {logging_mixin.py:137} INFO - [2023-03-07T18:30:02.056+0530] {dag.py:2690} INFO - Sync 1 DAGs
[2023-03-07T18:30:02.076+0530] {logging_mixin.py:137} INFO - [2023-03-07T18:30:02.076+0530] {dag.py:3437} INFO - Setting next_dagrun for example_branch_dop_operator_v3 to 2023-03-07T12:59:00+00:00, run_after=2023-03-07T13:00:00+00:00
[2023-03-07T18:30:02.094+0530] {processor.py:175} INFO - Processing /home/ris/PycharmProjects/pythonProject/USA-housing/venv/lib/python3.10/site-packages/airflow/example_dags/example_branch_python_dop_operator_3.py took 0.074 seconds
[2023-03-07T18:30:53.453+0530] {processor.py:153} INFO - Started process (PID=8983) to work on /home/ris/PycharmProjects/pythonProject/USA-housing/venv/lib/python3.10/site-packages/airflow/example_dags/example_branch_python_dop_operator_3.py
[2023-03-07T18:30:53.456+0530] {processor.py:743} INFO - Processing file /home/ris/PycharmProjects/pythonProject/USA-housing/venv/lib/python3.10/site-packages/airflow/example_dags/example_branch_python_dop_operator_3.py for tasks to queue
[2023-03-07T18:30:53.456+0530] {logging_mixin.py:137} INFO - [2023-03-07T18:30:53.456+0530] {dagbag.py:538} INFO - Filling up the DagBag from /home/ris/PycharmProjects/pythonProject/USA-housing/venv/lib/python3.10/site-packages/airflow/example_dags/example_branch_python_dop_operator_3.py
[2023-03-07T18:30:53.475+0530] {processor.py:753} INFO - DAG(s) dict_keys(['example_branch_dop_operator_v3']) retrieved from /home/ris/PycharmProjects/pythonProject/USA-housing/venv/lib/python3.10/site-packages/airflow/example_dags/example_branch_python_dop_operator_3.py
[2023-03-07T18:30:53.494+0530] {logging_mixin.py:137} INFO - [2023-03-07T18:30:53.494+0530] {dag.py:2690} INFO - Sync 1 DAGs
[2023-03-07T18:30:53.520+0530] {logging_mixin.py:137} INFO - [2023-03-07T18:30:53.520+0530] {dag.py:3437} INFO - Setting next_dagrun for example_branch_dop_operator_v3 to 2023-03-07T12:59:00+00:00, run_after=2023-03-07T13:00:00+00:00
[2023-03-07T18:30:53.542+0530] {processor.py:175} INFO - Processing /home/ris/PycharmProjects/pythonProject/USA-housing/venv/lib/python3.10/site-packages/airflow/example_dags/example_branch_python_dop_operator_3.py took 0.093 seconds
[2023-03-07T18:31:46.799+0530] {processor.py:153} INFO - Started process (PID=9072) to work on /home/ris/PycharmProjects/pythonProject/USA-housing/venv/lib/python3.10/site-packages/airflow/example_dags/example_branch_python_dop_operator_3.py
[2023-03-07T18:31:46.801+0530] {processor.py:743} INFO - Processing file /home/ris/PycharmProjects/pythonProject/USA-housing/venv/lib/python3.10/site-packages/airflow/example_dags/example_branch_python_dop_operator_3.py for tasks to queue
[2023-03-07T18:31:46.802+0530] {logging_mixin.py:137} INFO - [2023-03-07T18:31:46.802+0530] {dagbag.py:538} INFO - Filling up the DagBag from /home/ris/PycharmProjects/pythonProject/USA-housing/venv/lib/python3.10/site-packages/airflow/example_dags/example_branch_python_dop_operator_3.py
[2023-03-07T18:31:46.819+0530] {processor.py:753} INFO - DAG(s) dict_keys(['example_branch_dop_operator_v3']) retrieved from /home/ris/PycharmProjects/pythonProject/USA-housing/venv/lib/python3.10/site-packages/airflow/example_dags/example_branch_python_dop_operator_3.py
[2023-03-07T18:31:46.836+0530] {logging_mixin.py:137} INFO - [2023-03-07T18:31:46.835+0530] {dag.py:2690} INFO - Sync 1 DAGs
[2023-03-07T18:31:46.856+0530] {logging_mixin.py:137} INFO - [2023-03-07T18:31:46.856+0530] {dag.py:3437} INFO - Setting next_dagrun for example_branch_dop_operator_v3 to 2023-03-07T13:00:00+00:00, run_after=2023-03-07T13:01:00+00:00
[2023-03-07T18:31:46.877+0530] {processor.py:175} INFO - Processing /home/ris/PycharmProjects/pythonProject/USA-housing/venv/lib/python3.10/site-packages/airflow/example_dags/example_branch_python_dop_operator_3.py took 0.081 seconds
[2023-03-07T18:32:32.033+0530] {processor.py:153} INFO - Started process (PID=9124) to work on /home/ris/PycharmProjects/pythonProject/USA-housing/venv/lib/python3.10/site-packages/airflow/example_dags/example_branch_python_dop_operator_3.py
[2023-03-07T18:32:32.035+0530] {processor.py:743} INFO - Processing file /home/ris/PycharmProjects/pythonProject/USA-housing/venv/lib/python3.10/site-packages/airflow/example_dags/example_branch_python_dop_operator_3.py for tasks to queue
[2023-03-07T18:32:32.035+0530] {logging_mixin.py:137} INFO - [2023-03-07T18:32:32.035+0530] {dagbag.py:538} INFO - Filling up the DagBag from /home/ris/PycharmProjects/pythonProject/USA-housing/venv/lib/python3.10/site-packages/airflow/example_dags/example_branch_python_dop_operator_3.py
[2023-03-07T18:32:32.052+0530] {processor.py:753} INFO - DAG(s) dict_keys(['example_branch_dop_operator_v3']) retrieved from /home/ris/PycharmProjects/pythonProject/USA-housing/venv/lib/python3.10/site-packages/airflow/example_dags/example_branch_python_dop_operator_3.py
[2023-03-07T18:32:32.070+0530] {logging_mixin.py:137} INFO - [2023-03-07T18:32:32.070+0530] {dag.py:2690} INFO - Sync 1 DAGs
[2023-03-07T18:32:32.091+0530] {logging_mixin.py:137} INFO - [2023-03-07T18:32:32.091+0530] {dag.py:3437} INFO - Setting next_dagrun for example_branch_dop_operator_v3 to 2023-03-07T13:01:00+00:00, run_after=2023-03-07T13:02:00+00:00
[2023-03-07T18:32:32.111+0530] {processor.py:175} INFO - Processing /home/ris/PycharmProjects/pythonProject/USA-housing/venv/lib/python3.10/site-packages/airflow/example_dags/example_branch_python_dop_operator_3.py took 0.080 seconds
[2023-03-07T18:33:23.107+0530] {processor.py:153} INFO - Started process (PID=9181) to work on /home/ris/PycharmProjects/pythonProject/USA-housing/venv/lib/python3.10/site-packages/airflow/example_dags/example_branch_python_dop_operator_3.py
[2023-03-07T18:33:23.109+0530] {processor.py:743} INFO - Processing file /home/ris/PycharmProjects/pythonProject/USA-housing/venv/lib/python3.10/site-packages/airflow/example_dags/example_branch_python_dop_operator_3.py for tasks to queue
[2023-03-07T18:33:23.111+0530] {logging_mixin.py:137} INFO - [2023-03-07T18:33:23.110+0530] {dagbag.py:538} INFO - Filling up the DagBag from /home/ris/PycharmProjects/pythonProject/USA-housing/venv/lib/python3.10/site-packages/airflow/example_dags/example_branch_python_dop_operator_3.py
[2023-03-07T18:33:23.128+0530] {processor.py:753} INFO - DAG(s) dict_keys(['example_branch_dop_operator_v3']) retrieved from /home/ris/PycharmProjects/pythonProject/USA-housing/venv/lib/python3.10/site-packages/airflow/example_dags/example_branch_python_dop_operator_3.py
[2023-03-07T18:33:23.144+0530] {logging_mixin.py:137} INFO - [2023-03-07T18:33:23.143+0530] {dag.py:2690} INFO - Sync 1 DAGs
[2023-03-07T18:33:23.163+0530] {logging_mixin.py:137} INFO - [2023-03-07T18:33:23.163+0530] {dag.py:3437} INFO - Setting next_dagrun for example_branch_dop_operator_v3 to 2023-03-07T13:02:00+00:00, run_after=2023-03-07T13:03:00+00:00
[2023-03-07T18:33:23.182+0530] {processor.py:175} INFO - Processing /home/ris/PycharmProjects/pythonProject/USA-housing/venv/lib/python3.10/site-packages/airflow/example_dags/example_branch_python_dop_operator_3.py took 0.080 seconds
[2023-03-07T18:34:10.038+0530] {processor.py:153} INFO - Started process (PID=9234) to work on /home/ris/PycharmProjects/pythonProject/USA-housing/venv/lib/python3.10/site-packages/airflow/example_dags/example_branch_python_dop_operator_3.py
[2023-03-07T18:34:10.040+0530] {processor.py:743} INFO - Processing file /home/ris/PycharmProjects/pythonProject/USA-housing/venv/lib/python3.10/site-packages/airflow/example_dags/example_branch_python_dop_operator_3.py for tasks to queue
[2023-03-07T18:34:10.040+0530] {logging_mixin.py:137} INFO - [2023-03-07T18:34:10.040+0530] {dagbag.py:538} INFO - Filling up the DagBag from /home/ris/PycharmProjects/pythonProject/USA-housing/venv/lib/python3.10/site-packages/airflow/example_dags/example_branch_python_dop_operator_3.py
[2023-03-07T18:34:10.057+0530] {processor.py:753} INFO - DAG(s) dict_keys(['example_branch_dop_operator_v3']) retrieved from /home/ris/PycharmProjects/pythonProject/USA-housing/venv/lib/python3.10/site-packages/airflow/example_dags/example_branch_python_dop_operator_3.py
[2023-03-07T18:34:10.074+0530] {logging_mixin.py:137} INFO - [2023-03-07T18:34:10.074+0530] {dag.py:2690} INFO - Sync 1 DAGs
[2023-03-07T18:34:10.095+0530] {logging_mixin.py:137} INFO - [2023-03-07T18:34:10.095+0530] {dag.py:3437} INFO - Setting next_dagrun for example_branch_dop_operator_v3 to 2023-03-07T13:03:00+00:00, run_after=2023-03-07T13:04:00+00:00
[2023-03-07T18:34:10.115+0530] {processor.py:175} INFO - Processing /home/ris/PycharmProjects/pythonProject/USA-housing/venv/lib/python3.10/site-packages/airflow/example_dags/example_branch_python_dop_operator_3.py took 0.080 seconds
[2023-03-07T18:34:56.169+0530] {processor.py:153} INFO - Started process (PID=9287) to work on /home/ris/PycharmProjects/pythonProject/USA-housing/venv/lib/python3.10/site-packages/airflow/example_dags/example_branch_python_dop_operator_3.py
[2023-03-07T18:34:56.171+0530] {processor.py:743} INFO - Processing file /home/ris/PycharmProjects/pythonProject/USA-housing/venv/lib/python3.10/site-packages/airflow/example_dags/example_branch_python_dop_operator_3.py for tasks to queue
[2023-03-07T18:34:56.172+0530] {logging_mixin.py:137} INFO - [2023-03-07T18:34:56.171+0530] {dagbag.py:538} INFO - Filling up the DagBag from /home/ris/PycharmProjects/pythonProject/USA-housing/venv/lib/python3.10/site-packages/airflow/example_dags/example_branch_python_dop_operator_3.py
[2023-03-07T18:34:56.189+0530] {processor.py:753} INFO - DAG(s) dict_keys(['example_branch_dop_operator_v3']) retrieved from /home/ris/PycharmProjects/pythonProject/USA-housing/venv/lib/python3.10/site-packages/airflow/example_dags/example_branch_python_dop_operator_3.py
[2023-03-07T18:34:56.205+0530] {logging_mixin.py:137} INFO - [2023-03-07T18:34:56.205+0530] {dag.py:2690} INFO - Sync 1 DAGs
[2023-03-07T18:34:56.227+0530] {logging_mixin.py:137} INFO - [2023-03-07T18:34:56.227+0530] {dag.py:3437} INFO - Setting next_dagrun for example_branch_dop_operator_v3 to 2023-03-07T13:03:00+00:00, run_after=2023-03-07T13:04:00+00:00
[2023-03-07T18:34:56.249+0530] {processor.py:175} INFO - Processing /home/ris/PycharmProjects/pythonProject/USA-housing/venv/lib/python3.10/site-packages/airflow/example_dags/example_branch_python_dop_operator_3.py took 0.082 seconds
[2023-03-07T18:35:45.898+0530] {processor.py:153} INFO - Started process (PID=9364) to work on /home/ris/PycharmProjects/pythonProject/USA-housing/venv/lib/python3.10/site-packages/airflow/example_dags/example_branch_python_dop_operator_3.py
[2023-03-07T18:35:45.899+0530] {processor.py:743} INFO - Processing file /home/ris/PycharmProjects/pythonProject/USA-housing/venv/lib/python3.10/site-packages/airflow/example_dags/example_branch_python_dop_operator_3.py for tasks to queue
[2023-03-07T18:35:45.900+0530] {logging_mixin.py:137} INFO - [2023-03-07T18:35:45.900+0530] {dagbag.py:538} INFO - Filling up the DagBag from /home/ris/PycharmProjects/pythonProject/USA-housing/venv/lib/python3.10/site-packages/airflow/example_dags/example_branch_python_dop_operator_3.py
[2023-03-07T18:35:45.917+0530] {processor.py:753} INFO - DAG(s) dict_keys(['example_branch_dop_operator_v3']) retrieved from /home/ris/PycharmProjects/pythonProject/USA-housing/venv/lib/python3.10/site-packages/airflow/example_dags/example_branch_python_dop_operator_3.py
[2023-03-07T18:35:45.933+0530] {logging_mixin.py:137} INFO - [2023-03-07T18:35:45.933+0530] {dag.py:2690} INFO - Sync 1 DAGs
[2023-03-07T18:35:45.953+0530] {logging_mixin.py:137} INFO - [2023-03-07T18:35:45.953+0530] {dag.py:3437} INFO - Setting next_dagrun for example_branch_dop_operator_v3 to 2023-03-07T13:04:00+00:00, run_after=2023-03-07T13:05:00+00:00
[2023-03-07T18:35:45.972+0530] {processor.py:175} INFO - Processing /home/ris/PycharmProjects/pythonProject/USA-housing/venv/lib/python3.10/site-packages/airflow/example_dags/example_branch_python_dop_operator_3.py took 0.077 seconds
[2023-03-07T18:36:34.638+0530] {processor.py:153} INFO - Started process (PID=9418) to work on /home/ris/PycharmProjects/pythonProject/USA-housing/venv/lib/python3.10/site-packages/airflow/example_dags/example_branch_python_dop_operator_3.py
[2023-03-07T18:36:34.640+0530] {processor.py:743} INFO - Processing file /home/ris/PycharmProjects/pythonProject/USA-housing/venv/lib/python3.10/site-packages/airflow/example_dags/example_branch_python_dop_operator_3.py for tasks to queue
[2023-03-07T18:36:34.640+0530] {logging_mixin.py:137} INFO - [2023-03-07T18:36:34.640+0530] {dagbag.py:538} INFO - Filling up the DagBag from /home/ris/PycharmProjects/pythonProject/USA-housing/venv/lib/python3.10/site-packages/airflow/example_dags/example_branch_python_dop_operator_3.py
[2023-03-07T18:36:34.657+0530] {processor.py:753} INFO - DAG(s) dict_keys(['example_branch_dop_operator_v3']) retrieved from /home/ris/PycharmProjects/pythonProject/USA-housing/venv/lib/python3.10/site-packages/airflow/example_dags/example_branch_python_dop_operator_3.py
[2023-03-07T18:36:34.673+0530] {logging_mixin.py:137} INFO - [2023-03-07T18:36:34.673+0530] {dag.py:2690} INFO - Sync 1 DAGs
[2023-03-07T18:36:34.693+0530] {logging_mixin.py:137} INFO - [2023-03-07T18:36:34.693+0530] {dag.py:3437} INFO - Setting next_dagrun for example_branch_dop_operator_v3 to 2023-03-07T13:05:00+00:00, run_after=2023-03-07T13:06:00+00:00
[2023-03-07T18:36:34.714+0530] {processor.py:175} INFO - Processing /home/ris/PycharmProjects/pythonProject/USA-housing/venv/lib/python3.10/site-packages/airflow/example_dags/example_branch_python_dop_operator_3.py took 0.078 seconds
[2023-03-07T18:37:26.724+0530] {processor.py:153} INFO - Started process (PID=9516) to work on /home/ris/PycharmProjects/pythonProject/USA-housing/venv/lib/python3.10/site-packages/airflow/example_dags/example_branch_python_dop_operator_3.py
[2023-03-07T18:37:26.726+0530] {processor.py:743} INFO - Processing file /home/ris/PycharmProjects/pythonProject/USA-housing/venv/lib/python3.10/site-packages/airflow/example_dags/example_branch_python_dop_operator_3.py for tasks to queue
[2023-03-07T18:37:26.727+0530] {logging_mixin.py:137} INFO - [2023-03-07T18:37:26.727+0530] {dagbag.py:538} INFO - Filling up the DagBag from /home/ris/PycharmProjects/pythonProject/USA-housing/venv/lib/python3.10/site-packages/airflow/example_dags/example_branch_python_dop_operator_3.py
[2023-03-07T18:37:26.744+0530] {processor.py:753} INFO - DAG(s) dict_keys(['example_branch_dop_operator_v3']) retrieved from /home/ris/PycharmProjects/pythonProject/USA-housing/venv/lib/python3.10/site-packages/airflow/example_dags/example_branch_python_dop_operator_3.py
[2023-03-07T18:37:26.760+0530] {logging_mixin.py:137} INFO - [2023-03-07T18:37:26.760+0530] {dag.py:2690} INFO - Sync 1 DAGs
[2023-03-07T18:37:26.780+0530] {logging_mixin.py:137} INFO - [2023-03-07T18:37:26.780+0530] {dag.py:3437} INFO - Setting next_dagrun for example_branch_dop_operator_v3 to 2023-03-07T13:06:00+00:00, run_after=2023-03-07T13:07:00+00:00
[2023-03-07T18:37:26.801+0530] {processor.py:175} INFO - Processing /home/ris/PycharmProjects/pythonProject/USA-housing/venv/lib/python3.10/site-packages/airflow/example_dags/example_branch_python_dop_operator_3.py took 0.079 seconds
[2023-03-07T18:38:17.086+0530] {processor.py:153} INFO - Started process (PID=9575) to work on /home/ris/PycharmProjects/pythonProject/USA-housing/venv/lib/python3.10/site-packages/airflow/example_dags/example_branch_python_dop_operator_3.py
[2023-03-07T18:38:17.088+0530] {processor.py:743} INFO - Processing file /home/ris/PycharmProjects/pythonProject/USA-housing/venv/lib/python3.10/site-packages/airflow/example_dags/example_branch_python_dop_operator_3.py for tasks to queue
[2023-03-07T18:38:17.088+0530] {logging_mixin.py:137} INFO - [2023-03-07T18:38:17.088+0530] {dagbag.py:538} INFO - Filling up the DagBag from /home/ris/PycharmProjects/pythonProject/USA-housing/venv/lib/python3.10/site-packages/airflow/example_dags/example_branch_python_dop_operator_3.py
[2023-03-07T18:38:17.103+0530] {processor.py:753} INFO - DAG(s) dict_keys(['example_branch_dop_operator_v3']) retrieved from /home/ris/PycharmProjects/pythonProject/USA-housing/venv/lib/python3.10/site-packages/airflow/example_dags/example_branch_python_dop_operator_3.py
[2023-03-07T18:38:17.119+0530] {logging_mixin.py:137} INFO - [2023-03-07T18:38:17.119+0530] {dag.py:2690} INFO - Sync 1 DAGs
[2023-03-07T18:38:17.138+0530] {logging_mixin.py:137} INFO - [2023-03-07T18:38:17.138+0530] {dag.py:3437} INFO - Setting next_dagrun for example_branch_dop_operator_v3 to 2023-03-07T13:07:00+00:00, run_after=2023-03-07T13:08:00+00:00
[2023-03-07T18:38:17.158+0530] {processor.py:175} INFO - Processing /home/ris/PycharmProjects/pythonProject/USA-housing/venv/lib/python3.10/site-packages/airflow/example_dags/example_branch_python_dop_operator_3.py took 0.074 seconds
[2023-03-07T18:39:07.857+0530] {processor.py:153} INFO - Started process (PID=9657) to work on /home/ris/PycharmProjects/pythonProject/USA-housing/venv/lib/python3.10/site-packages/airflow/example_dags/example_branch_python_dop_operator_3.py
[2023-03-07T18:39:07.859+0530] {processor.py:743} INFO - Processing file /home/ris/PycharmProjects/pythonProject/USA-housing/venv/lib/python3.10/site-packages/airflow/example_dags/example_branch_python_dop_operator_3.py for tasks to queue
[2023-03-07T18:39:07.860+0530] {logging_mixin.py:137} INFO - [2023-03-07T18:39:07.860+0530] {dagbag.py:538} INFO - Filling up the DagBag from /home/ris/PycharmProjects/pythonProject/USA-housing/venv/lib/python3.10/site-packages/airflow/example_dags/example_branch_python_dop_operator_3.py
[2023-03-07T18:39:07.894+0530] {processor.py:753} INFO - DAG(s) dict_keys(['example_branch_dop_operator_v3']) retrieved from /home/ris/PycharmProjects/pythonProject/USA-housing/venv/lib/python3.10/site-packages/airflow/example_dags/example_branch_python_dop_operator_3.py
[2023-03-07T18:39:07.910+0530] {logging_mixin.py:137} INFO - [2023-03-07T18:39:07.909+0530] {dag.py:2690} INFO - Sync 1 DAGs
[2023-03-07T18:39:07.928+0530] {logging_mixin.py:137} INFO - [2023-03-07T18:39:07.927+0530] {dag.py:3437} INFO - Setting next_dagrun for example_branch_dop_operator_v3 to 2023-03-07T13:08:00+00:00, run_after=2023-03-07T13:09:00+00:00
[2023-03-07T18:39:07.944+0530] {processor.py:175} INFO - Processing /home/ris/PycharmProjects/pythonProject/USA-housing/venv/lib/python3.10/site-packages/airflow/example_dags/example_branch_python_dop_operator_3.py took 0.091 seconds
[2023-03-07T18:39:49.573+0530] {processor.py:153} INFO - Started process (PID=9705) to work on /home/ris/PycharmProjects/pythonProject/USA-housing/venv/lib/python3.10/site-packages/airflow/example_dags/example_branch_python_dop_operator_3.py
[2023-03-07T18:39:49.576+0530] {processor.py:743} INFO - Processing file /home/ris/PycharmProjects/pythonProject/USA-housing/venv/lib/python3.10/site-packages/airflow/example_dags/example_branch_python_dop_operator_3.py for tasks to queue
[2023-03-07T18:39:49.577+0530] {logging_mixin.py:137} INFO - [2023-03-07T18:39:49.576+0530] {dagbag.py:538} INFO - Filling up the DagBag from /home/ris/PycharmProjects/pythonProject/USA-housing/venv/lib/python3.10/site-packages/airflow/example_dags/example_branch_python_dop_operator_3.py
[2023-03-07T18:39:49.611+0530] {processor.py:753} INFO - DAG(s) dict_keys(['example_branch_dop_operator_v3']) retrieved from /home/ris/PycharmProjects/pythonProject/USA-housing/venv/lib/python3.10/site-packages/airflow/example_dags/example_branch_python_dop_operator_3.py
[2023-03-07T18:39:49.627+0530] {logging_mixin.py:137} INFO - [2023-03-07T18:39:49.627+0530] {dag.py:2690} INFO - Sync 1 DAGs
[2023-03-07T18:39:49.645+0530] {logging_mixin.py:137} INFO - [2023-03-07T18:39:49.645+0530] {dag.py:3437} INFO - Setting next_dagrun for example_branch_dop_operator_v3 to 2023-03-07T13:08:00+00:00, run_after=2023-03-07T13:09:00+00:00
[2023-03-07T18:39:49.661+0530] {processor.py:175} INFO - Processing /home/ris/PycharmProjects/pythonProject/USA-housing/venv/lib/python3.10/site-packages/airflow/example_dags/example_branch_python_dop_operator_3.py took 0.093 seconds
[2023-03-07T18:40:33.068+0530] {processor.py:153} INFO - Started process (PID=9750) to work on /home/ris/PycharmProjects/pythonProject/USA-housing/venv/lib/python3.10/site-packages/airflow/example_dags/example_branch_python_dop_operator_3.py
[2023-03-07T18:40:33.071+0530] {processor.py:743} INFO - Processing file /home/ris/PycharmProjects/pythonProject/USA-housing/venv/lib/python3.10/site-packages/airflow/example_dags/example_branch_python_dop_operator_3.py for tasks to queue
[2023-03-07T18:40:33.072+0530] {logging_mixin.py:137} INFO - [2023-03-07T18:40:33.071+0530] {dagbag.py:538} INFO - Filling up the DagBag from /home/ris/PycharmProjects/pythonProject/USA-housing/venv/lib/python3.10/site-packages/airflow/example_dags/example_branch_python_dop_operator_3.py
[2023-03-07T18:40:33.104+0530] {processor.py:753} INFO - DAG(s) dict_keys(['example_branch_dop_operator_v3']) retrieved from /home/ris/PycharmProjects/pythonProject/USA-housing/venv/lib/python3.10/site-packages/airflow/example_dags/example_branch_python_dop_operator_3.py
[2023-03-07T18:40:33.122+0530] {logging_mixin.py:137} INFO - [2023-03-07T18:40:33.122+0530] {dag.py:2690} INFO - Sync 1 DAGs
[2023-03-07T18:40:33.139+0530] {logging_mixin.py:137} INFO - [2023-03-07T18:40:33.139+0530] {dag.py:3437} INFO - Setting next_dagrun for example_branch_dop_operator_v3 to 2023-03-07T13:09:00+00:00, run_after=2023-03-07T13:10:00+00:00
[2023-03-07T18:40:33.156+0530] {processor.py:175} INFO - Processing /home/ris/PycharmProjects/pythonProject/USA-housing/venv/lib/python3.10/site-packages/airflow/example_dags/example_branch_python_dop_operator_3.py took 0.092 seconds
