[2023-03-07T16:10:56.604+0530] {processor.py:153} INFO - Started process (PID=14984) to work on /home/ris/PycharmProjects/pythonProject/USA-housing/venv/lib/python3.10/site-packages/airflow/example_dags/example_sensors.py
[2023-03-07T16:10:56.605+0530] {processor.py:743} INFO - Processing file /home/ris/PycharmProjects/pythonProject/USA-housing/venv/lib/python3.10/site-packages/airflow/example_dags/example_sensors.py for tasks to queue
[2023-03-07T16:10:56.607+0530] {logging_mixin.py:137} INFO - [2023-03-07T16:10:56.606+0530] {dagbag.py:538} INFO - Filling up the DagBag from /home/ris/PycharmProjects/pythonProject/USA-housing/venv/lib/python3.10/site-packages/airflow/example_dags/example_sensors.py
[2023-03-07T16:10:56.649+0530] {processor.py:753} INFO - DAG(s) dict_keys(['example_sensors']) retrieved from /home/ris/PycharmProjects/pythonProject/USA-housing/venv/lib/python3.10/site-packages/airflow/example_dags/example_sensors.py
[2023-03-07T16:10:56.683+0530] {logging_mixin.py:137} INFO - [2023-03-07T16:10:56.683+0530] {dag.py:2690} INFO - Sync 1 DAGs
[2023-03-07T16:10:56.716+0530] {logging_mixin.py:137} INFO - [2023-03-07T16:10:56.715+0530] {dag.py:3437} INFO - Setting next_dagrun for example_sensors to None, run_after=None
[2023-03-07T16:10:56.750+0530] {processor.py:175} INFO - Processing /home/ris/PycharmProjects/pythonProject/USA-housing/venv/lib/python3.10/site-packages/airflow/example_dags/example_sensors.py took 0.151 seconds
[2023-03-07T17:37:56.776+0530] {processor.py:153} INFO - Started process (PID=5659) to work on /home/ris/PycharmProjects/pythonProject/USA-housing/venv/lib/python3.10/site-packages/airflow/example_dags/example_sensors.py
[2023-03-07T17:37:56.776+0530] {processor.py:743} INFO - Processing file /home/ris/PycharmProjects/pythonProject/USA-housing/venv/lib/python3.10/site-packages/airflow/example_dags/example_sensors.py for tasks to queue
[2023-03-07T17:37:56.777+0530] {logging_mixin.py:137} INFO - [2023-03-07T17:37:56.777+0530] {dagbag.py:538} INFO - Filling up the DagBag from /home/ris/PycharmProjects/pythonProject/USA-housing/venv/lib/python3.10/site-packages/airflow/example_dags/example_sensors.py
[2023-03-07T17:37:56.793+0530] {processor.py:753} INFO - DAG(s) dict_keys(['example_sensors']) retrieved from /home/ris/PycharmProjects/pythonProject/USA-housing/venv/lib/python3.10/site-packages/airflow/example_dags/example_sensors.py
[2023-03-07T17:37:56.811+0530] {logging_mixin.py:137} INFO - [2023-03-07T17:37:56.810+0530] {dag.py:2690} INFO - Sync 1 DAGs
[2023-03-07T17:37:56.828+0530] {logging_mixin.py:137} INFO - [2023-03-07T17:37:56.828+0530] {dag.py:3437} INFO - Setting next_dagrun for example_sensors to None, run_after=None
[2023-03-07T17:37:56.845+0530] {processor.py:175} INFO - Processing /home/ris/PycharmProjects/pythonProject/USA-housing/venv/lib/python3.10/site-packages/airflow/example_dags/example_sensors.py took 0.072 seconds
[2023-03-07T17:39:00.057+0530] {processor.py:153} INFO - Started process (PID=5776) to work on /home/ris/PycharmProjects/pythonProject/USA-housing/venv/lib/python3.10/site-packages/airflow/example_dags/example_sensors.py
[2023-03-07T17:39:00.059+0530] {processor.py:743} INFO - Processing file /home/ris/PycharmProjects/pythonProject/USA-housing/venv/lib/python3.10/site-packages/airflow/example_dags/example_sensors.py for tasks to queue
[2023-03-07T17:39:00.060+0530] {logging_mixin.py:137} INFO - [2023-03-07T17:39:00.060+0530] {dagbag.py:538} INFO - Filling up the DagBag from /home/ris/PycharmProjects/pythonProject/USA-housing/venv/lib/python3.10/site-packages/airflow/example_dags/example_sensors.py
[2023-03-07T17:39:00.078+0530] {processor.py:753} INFO - DAG(s) dict_keys(['example_sensors']) retrieved from /home/ris/PycharmProjects/pythonProject/USA-housing/venv/lib/python3.10/site-packages/airflow/example_dags/example_sensors.py
[2023-03-07T17:39:00.096+0530] {logging_mixin.py:137} INFO - [2023-03-07T17:39:00.096+0530] {dag.py:2690} INFO - Sync 1 DAGs
[2023-03-07T17:39:00.115+0530] {logging_mixin.py:137} INFO - [2023-03-07T17:39:00.115+0530] {dag.py:3437} INFO - Setting next_dagrun for example_sensors to None, run_after=None
[2023-03-07T17:39:00.136+0530] {processor.py:175} INFO - Processing /home/ris/PycharmProjects/pythonProject/USA-housing/venv/lib/python3.10/site-packages/airflow/example_dags/example_sensors.py took 0.081 seconds
[2023-03-07T17:59:35.444+0530] {processor.py:153} INFO - Started process (PID=5937) to work on /home/ris/PycharmProjects/pythonProject/USA-housing/venv/lib/python3.10/site-packages/airflow/example_dags/example_sensors.py
[2023-03-07T17:59:35.446+0530] {processor.py:743} INFO - Processing file /home/ris/PycharmProjects/pythonProject/USA-housing/venv/lib/python3.10/site-packages/airflow/example_dags/example_sensors.py for tasks to queue
[2023-03-07T17:59:35.446+0530] {logging_mixin.py:137} INFO - [2023-03-07T17:59:35.446+0530] {dagbag.py:538} INFO - Filling up the DagBag from /home/ris/PycharmProjects/pythonProject/USA-housing/venv/lib/python3.10/site-packages/airflow/example_dags/example_sensors.py
[2023-03-07T17:59:35.461+0530] {processor.py:753} INFO - DAG(s) dict_keys(['example_sensors']) retrieved from /home/ris/PycharmProjects/pythonProject/USA-housing/venv/lib/python3.10/site-packages/airflow/example_dags/example_sensors.py
[2023-03-07T17:59:35.481+0530] {logging_mixin.py:137} INFO - [2023-03-07T17:59:35.481+0530] {dag.py:2690} INFO - Sync 1 DAGs
[2023-03-07T17:59:35.497+0530] {logging_mixin.py:137} INFO - [2023-03-07T17:59:35.497+0530] {dag.py:3437} INFO - Setting next_dagrun for example_sensors to None, run_after=None
[2023-03-07T17:59:35.520+0530] {processor.py:175} INFO - Processing /home/ris/PycharmProjects/pythonProject/USA-housing/venv/lib/python3.10/site-packages/airflow/example_dags/example_sensors.py took 0.079 seconds
[2023-03-07T18:00:20.164+0530] {processor.py:153} INFO - Started process (PID=5980) to work on /home/ris/PycharmProjects/pythonProject/USA-housing/venv/lib/python3.10/site-packages/airflow/example_dags/example_sensors.py
[2023-03-07T18:00:20.166+0530] {processor.py:743} INFO - Processing file /home/ris/PycharmProjects/pythonProject/USA-housing/venv/lib/python3.10/site-packages/airflow/example_dags/example_sensors.py for tasks to queue
[2023-03-07T18:00:20.166+0530] {logging_mixin.py:137} INFO - [2023-03-07T18:00:20.166+0530] {dagbag.py:538} INFO - Filling up the DagBag from /home/ris/PycharmProjects/pythonProject/USA-housing/venv/lib/python3.10/site-packages/airflow/example_dags/example_sensors.py
[2023-03-07T18:00:20.179+0530] {processor.py:753} INFO - DAG(s) dict_keys(['example_sensors']) retrieved from /home/ris/PycharmProjects/pythonProject/USA-housing/venv/lib/python3.10/site-packages/airflow/example_dags/example_sensors.py
[2023-03-07T18:00:20.199+0530] {logging_mixin.py:137} INFO - [2023-03-07T18:00:20.198+0530] {dag.py:2690} INFO - Sync 1 DAGs
[2023-03-07T18:00:20.216+0530] {logging_mixin.py:137} INFO - [2023-03-07T18:00:20.215+0530] {dag.py:3437} INFO - Setting next_dagrun for example_sensors to None, run_after=None
[2023-03-07T18:00:20.235+0530] {processor.py:175} INFO - Processing /home/ris/PycharmProjects/pythonProject/USA-housing/venv/lib/python3.10/site-packages/airflow/example_dags/example_sensors.py took 0.074 seconds
[2023-03-07T18:01:04.468+0530] {processor.py:153} INFO - Started process (PID=6029) to work on /home/ris/PycharmProjects/pythonProject/USA-housing/venv/lib/python3.10/site-packages/airflow/example_dags/example_sensors.py
[2023-03-07T18:01:04.470+0530] {processor.py:743} INFO - Processing file /home/ris/PycharmProjects/pythonProject/USA-housing/venv/lib/python3.10/site-packages/airflow/example_dags/example_sensors.py for tasks to queue
[2023-03-07T18:01:04.470+0530] {logging_mixin.py:137} INFO - [2023-03-07T18:01:04.470+0530] {dagbag.py:538} INFO - Filling up the DagBag from /home/ris/PycharmProjects/pythonProject/USA-housing/venv/lib/python3.10/site-packages/airflow/example_dags/example_sensors.py
[2023-03-07T18:01:04.483+0530] {processor.py:753} INFO - DAG(s) dict_keys(['example_sensors']) retrieved from /home/ris/PycharmProjects/pythonProject/USA-housing/venv/lib/python3.10/site-packages/airflow/example_dags/example_sensors.py
[2023-03-07T18:01:04.504+0530] {logging_mixin.py:137} INFO - [2023-03-07T18:01:04.503+0530] {dag.py:2690} INFO - Sync 1 DAGs
[2023-03-07T18:01:04.519+0530] {logging_mixin.py:137} INFO - [2023-03-07T18:01:04.519+0530] {dag.py:3437} INFO - Setting next_dagrun for example_sensors to None, run_after=None
[2023-03-07T18:01:04.539+0530] {processor.py:175} INFO - Processing /home/ris/PycharmProjects/pythonProject/USA-housing/venv/lib/python3.10/site-packages/airflow/example_dags/example_sensors.py took 0.073 seconds
[2023-03-07T18:01:46.306+0530] {processor.py:153} INFO - Started process (PID=6074) to work on /home/ris/PycharmProjects/pythonProject/USA-housing/venv/lib/python3.10/site-packages/airflow/example_dags/example_sensors.py
[2023-03-07T18:01:46.308+0530] {processor.py:743} INFO - Processing file /home/ris/PycharmProjects/pythonProject/USA-housing/venv/lib/python3.10/site-packages/airflow/example_dags/example_sensors.py for tasks to queue
[2023-03-07T18:01:46.308+0530] {logging_mixin.py:137} INFO - [2023-03-07T18:01:46.308+0530] {dagbag.py:538} INFO - Filling up the DagBag from /home/ris/PycharmProjects/pythonProject/USA-housing/venv/lib/python3.10/site-packages/airflow/example_dags/example_sensors.py
[2023-03-07T18:01:46.324+0530] {processor.py:753} INFO - DAG(s) dict_keys(['example_sensors']) retrieved from /home/ris/PycharmProjects/pythonProject/USA-housing/venv/lib/python3.10/site-packages/airflow/example_dags/example_sensors.py
[2023-03-07T18:01:46.349+0530] {logging_mixin.py:137} INFO - [2023-03-07T18:01:46.349+0530] {dag.py:2690} INFO - Sync 1 DAGs
[2023-03-07T18:01:46.364+0530] {logging_mixin.py:137} INFO - [2023-03-07T18:01:46.364+0530] {dag.py:3437} INFO - Setting next_dagrun for example_sensors to None, run_after=None
[2023-03-07T18:01:46.386+0530] {processor.py:175} INFO - Processing /home/ris/PycharmProjects/pythonProject/USA-housing/venv/lib/python3.10/site-packages/airflow/example_dags/example_sensors.py took 0.083 seconds
[2023-03-07T18:02:29.663+0530] {processor.py:153} INFO - Started process (PID=6121) to work on /home/ris/PycharmProjects/pythonProject/USA-housing/venv/lib/python3.10/site-packages/airflow/example_dags/example_sensors.py
[2023-03-07T18:02:29.665+0530] {processor.py:743} INFO - Processing file /home/ris/PycharmProjects/pythonProject/USA-housing/venv/lib/python3.10/site-packages/airflow/example_dags/example_sensors.py for tasks to queue
[2023-03-07T18:02:29.665+0530] {logging_mixin.py:137} INFO - [2023-03-07T18:02:29.665+0530] {dagbag.py:538} INFO - Filling up the DagBag from /home/ris/PycharmProjects/pythonProject/USA-housing/venv/lib/python3.10/site-packages/airflow/example_dags/example_sensors.py
[2023-03-07T18:02:29.679+0530] {processor.py:753} INFO - DAG(s) dict_keys(['example_sensors']) retrieved from /home/ris/PycharmProjects/pythonProject/USA-housing/venv/lib/python3.10/site-packages/airflow/example_dags/example_sensors.py
[2023-03-07T18:02:29.698+0530] {logging_mixin.py:137} INFO - [2023-03-07T18:02:29.698+0530] {dag.py:2690} INFO - Sync 1 DAGs
[2023-03-07T18:02:29.714+0530] {logging_mixin.py:137} INFO - [2023-03-07T18:02:29.714+0530] {dag.py:3437} INFO - Setting next_dagrun for example_sensors to None, run_after=None
[2023-03-07T18:02:29.735+0530] {processor.py:175} INFO - Processing /home/ris/PycharmProjects/pythonProject/USA-housing/venv/lib/python3.10/site-packages/airflow/example_dags/example_sensors.py took 0.074 seconds
[2023-03-07T18:03:18.134+0530] {processor.py:153} INFO - Started process (PID=6175) to work on /home/ris/PycharmProjects/pythonProject/USA-housing/venv/lib/python3.10/site-packages/airflow/example_dags/example_sensors.py
[2023-03-07T18:03:18.136+0530] {processor.py:743} INFO - Processing file /home/ris/PycharmProjects/pythonProject/USA-housing/venv/lib/python3.10/site-packages/airflow/example_dags/example_sensors.py for tasks to queue
[2023-03-07T18:03:18.138+0530] {logging_mixin.py:137} INFO - [2023-03-07T18:03:18.137+0530] {dagbag.py:538} INFO - Filling up the DagBag from /home/ris/PycharmProjects/pythonProject/USA-housing/venv/lib/python3.10/site-packages/airflow/example_dags/example_sensors.py
[2023-03-07T18:03:18.154+0530] {processor.py:753} INFO - DAG(s) dict_keys(['example_sensors']) retrieved from /home/ris/PycharmProjects/pythonProject/USA-housing/venv/lib/python3.10/site-packages/airflow/example_dags/example_sensors.py
[2023-03-07T18:03:18.176+0530] {logging_mixin.py:137} INFO - [2023-03-07T18:03:18.176+0530] {dag.py:2690} INFO - Sync 1 DAGs
[2023-03-07T18:03:18.192+0530] {logging_mixin.py:137} INFO - [2023-03-07T18:03:18.191+0530] {dag.py:3437} INFO - Setting next_dagrun for example_sensors to None, run_after=None
[2023-03-07T18:03:18.211+0530] {processor.py:175} INFO - Processing /home/ris/PycharmProjects/pythonProject/USA-housing/venv/lib/python3.10/site-packages/airflow/example_dags/example_sensors.py took 0.082 seconds
[2023-03-07T18:04:05.772+0530] {processor.py:153} INFO - Started process (PID=6235) to work on /home/ris/PycharmProjects/pythonProject/USA-housing/venv/lib/python3.10/site-packages/airflow/example_dags/example_sensors.py
[2023-03-07T18:04:05.774+0530] {processor.py:743} INFO - Processing file /home/ris/PycharmProjects/pythonProject/USA-housing/venv/lib/python3.10/site-packages/airflow/example_dags/example_sensors.py for tasks to queue
[2023-03-07T18:04:05.774+0530] {logging_mixin.py:137} INFO - [2023-03-07T18:04:05.774+0530] {dagbag.py:538} INFO - Filling up the DagBag from /home/ris/PycharmProjects/pythonProject/USA-housing/venv/lib/python3.10/site-packages/airflow/example_dags/example_sensors.py
[2023-03-07T18:04:05.787+0530] {processor.py:753} INFO - DAG(s) dict_keys(['example_sensors']) retrieved from /home/ris/PycharmProjects/pythonProject/USA-housing/venv/lib/python3.10/site-packages/airflow/example_dags/example_sensors.py
[2023-03-07T18:04:05.809+0530] {logging_mixin.py:137} INFO - [2023-03-07T18:04:05.809+0530] {dag.py:2690} INFO - Sync 1 DAGs
[2023-03-07T18:04:05.832+0530] {logging_mixin.py:137} INFO - [2023-03-07T18:04:05.832+0530] {dag.py:3437} INFO - Setting next_dagrun for example_sensors to None, run_after=None
[2023-03-07T18:04:05.853+0530] {processor.py:175} INFO - Processing /home/ris/PycharmProjects/pythonProject/USA-housing/venv/lib/python3.10/site-packages/airflow/example_dags/example_sensors.py took 0.084 seconds
[2023-03-07T18:04:53.449+0530] {processor.py:153} INFO - Started process (PID=6289) to work on /home/ris/PycharmProjects/pythonProject/USA-housing/venv/lib/python3.10/site-packages/airflow/example_dags/example_sensors.py
[2023-03-07T18:04:53.451+0530] {processor.py:743} INFO - Processing file /home/ris/PycharmProjects/pythonProject/USA-housing/venv/lib/python3.10/site-packages/airflow/example_dags/example_sensors.py for tasks to queue
[2023-03-07T18:04:53.451+0530] {logging_mixin.py:137} INFO - [2023-03-07T18:04:53.451+0530] {dagbag.py:538} INFO - Filling up the DagBag from /home/ris/PycharmProjects/pythonProject/USA-housing/venv/lib/python3.10/site-packages/airflow/example_dags/example_sensors.py
[2023-03-07T18:04:53.469+0530] {processor.py:753} INFO - DAG(s) dict_keys(['example_sensors']) retrieved from /home/ris/PycharmProjects/pythonProject/USA-housing/venv/lib/python3.10/site-packages/airflow/example_dags/example_sensors.py
[2023-03-07T18:04:53.494+0530] {logging_mixin.py:137} INFO - [2023-03-07T18:04:53.494+0530] {dag.py:2690} INFO - Sync 1 DAGs
[2023-03-07T18:04:53.509+0530] {logging_mixin.py:137} INFO - [2023-03-07T18:04:53.509+0530] {dag.py:3437} INFO - Setting next_dagrun for example_sensors to None, run_after=None
[2023-03-07T18:04:53.529+0530] {processor.py:175} INFO - Processing /home/ris/PycharmProjects/pythonProject/USA-housing/venv/lib/python3.10/site-packages/airflow/example_dags/example_sensors.py took 0.084 seconds
[2023-03-07T18:05:42.763+0530] {processor.py:153} INFO - Started process (PID=6341) to work on /home/ris/PycharmProjects/pythonProject/USA-housing/venv/lib/python3.10/site-packages/airflow/example_dags/example_sensors.py
[2023-03-07T18:05:42.765+0530] {processor.py:743} INFO - Processing file /home/ris/PycharmProjects/pythonProject/USA-housing/venv/lib/python3.10/site-packages/airflow/example_dags/example_sensors.py for tasks to queue
[2023-03-07T18:05:42.766+0530] {logging_mixin.py:137} INFO - [2023-03-07T18:05:42.766+0530] {dagbag.py:538} INFO - Filling up the DagBag from /home/ris/PycharmProjects/pythonProject/USA-housing/venv/lib/python3.10/site-packages/airflow/example_dags/example_sensors.py
[2023-03-07T18:05:42.778+0530] {processor.py:753} INFO - DAG(s) dict_keys(['example_sensors']) retrieved from /home/ris/PycharmProjects/pythonProject/USA-housing/venv/lib/python3.10/site-packages/airflow/example_dags/example_sensors.py
[2023-03-07T18:05:42.798+0530] {logging_mixin.py:137} INFO - [2023-03-07T18:05:42.798+0530] {dag.py:2690} INFO - Sync 1 DAGs
[2023-03-07T18:05:42.818+0530] {logging_mixin.py:137} INFO - [2023-03-07T18:05:42.817+0530] {dag.py:3437} INFO - Setting next_dagrun for example_sensors to None, run_after=None
[2023-03-07T18:05:42.842+0530] {processor.py:175} INFO - Processing /home/ris/PycharmProjects/pythonProject/USA-housing/venv/lib/python3.10/site-packages/airflow/example_dags/example_sensors.py took 0.082 seconds
[2023-03-07T18:06:31.286+0530] {processor.py:153} INFO - Started process (PID=6395) to work on /home/ris/PycharmProjects/pythonProject/USA-housing/venv/lib/python3.10/site-packages/airflow/example_dags/example_sensors.py
[2023-03-07T18:06:31.288+0530] {processor.py:743} INFO - Processing file /home/ris/PycharmProjects/pythonProject/USA-housing/venv/lib/python3.10/site-packages/airflow/example_dags/example_sensors.py for tasks to queue
[2023-03-07T18:06:31.290+0530] {logging_mixin.py:137} INFO - [2023-03-07T18:06:31.289+0530] {dagbag.py:538} INFO - Filling up the DagBag from /home/ris/PycharmProjects/pythonProject/USA-housing/venv/lib/python3.10/site-packages/airflow/example_dags/example_sensors.py
[2023-03-07T18:06:31.309+0530] {processor.py:753} INFO - DAG(s) dict_keys(['example_sensors']) retrieved from /home/ris/PycharmProjects/pythonProject/USA-housing/venv/lib/python3.10/site-packages/airflow/example_dags/example_sensors.py
[2023-03-07T18:06:31.328+0530] {logging_mixin.py:137} INFO - [2023-03-07T18:06:31.327+0530] {dag.py:2690} INFO - Sync 1 DAGs
[2023-03-07T18:06:31.343+0530] {logging_mixin.py:137} INFO - [2023-03-07T18:06:31.343+0530] {dag.py:3437} INFO - Setting next_dagrun for example_sensors to None, run_after=None
[2023-03-07T18:06:31.364+0530] {processor.py:175} INFO - Processing /home/ris/PycharmProjects/pythonProject/USA-housing/venv/lib/python3.10/site-packages/airflow/example_dags/example_sensors.py took 0.082 seconds
[2023-03-07T18:07:18.938+0530] {processor.py:153} INFO - Started process (PID=6449) to work on /home/ris/PycharmProjects/pythonProject/USA-housing/venv/lib/python3.10/site-packages/airflow/example_dags/example_sensors.py
[2023-03-07T18:07:18.940+0530] {processor.py:743} INFO - Processing file /home/ris/PycharmProjects/pythonProject/USA-housing/venv/lib/python3.10/site-packages/airflow/example_dags/example_sensors.py for tasks to queue
[2023-03-07T18:07:18.941+0530] {logging_mixin.py:137} INFO - [2023-03-07T18:07:18.941+0530] {dagbag.py:538} INFO - Filling up the DagBag from /home/ris/PycharmProjects/pythonProject/USA-housing/venv/lib/python3.10/site-packages/airflow/example_dags/example_sensors.py
[2023-03-07T18:07:18.954+0530] {processor.py:753} INFO - DAG(s) dict_keys(['example_sensors']) retrieved from /home/ris/PycharmProjects/pythonProject/USA-housing/venv/lib/python3.10/site-packages/airflow/example_dags/example_sensors.py
[2023-03-07T18:07:18.974+0530] {logging_mixin.py:137} INFO - [2023-03-07T18:07:18.974+0530] {dag.py:2690} INFO - Sync 1 DAGs
[2023-03-07T18:07:18.992+0530] {logging_mixin.py:137} INFO - [2023-03-07T18:07:18.992+0530] {dag.py:3437} INFO - Setting next_dagrun for example_sensors to None, run_after=None
[2023-03-07T18:07:19.015+0530] {processor.py:175} INFO - Processing /home/ris/PycharmProjects/pythonProject/USA-housing/venv/lib/python3.10/site-packages/airflow/example_dags/example_sensors.py took 0.080 seconds
[2023-03-07T18:07:58.214+0530] {processor.py:153} INFO - Started process (PID=6491) to work on /home/ris/PycharmProjects/pythonProject/USA-housing/venv/lib/python3.10/site-packages/airflow/example_dags/example_sensors.py
[2023-03-07T18:07:58.216+0530] {processor.py:743} INFO - Processing file /home/ris/PycharmProjects/pythonProject/USA-housing/venv/lib/python3.10/site-packages/airflow/example_dags/example_sensors.py for tasks to queue
[2023-03-07T18:07:58.217+0530] {logging_mixin.py:137} INFO - [2023-03-07T18:07:58.216+0530] {dagbag.py:538} INFO - Filling up the DagBag from /home/ris/PycharmProjects/pythonProject/USA-housing/venv/lib/python3.10/site-packages/airflow/example_dags/example_sensors.py
[2023-03-07T18:07:58.229+0530] {processor.py:753} INFO - DAG(s) dict_keys(['example_sensors']) retrieved from /home/ris/PycharmProjects/pythonProject/USA-housing/venv/lib/python3.10/site-packages/airflow/example_dags/example_sensors.py
[2023-03-07T18:07:58.249+0530] {logging_mixin.py:137} INFO - [2023-03-07T18:07:58.249+0530] {dag.py:2690} INFO - Sync 1 DAGs
[2023-03-07T18:07:58.264+0530] {logging_mixin.py:137} INFO - [2023-03-07T18:07:58.264+0530] {dag.py:3437} INFO - Setting next_dagrun for example_sensors to None, run_after=None
[2023-03-07T18:07:58.284+0530] {processor.py:175} INFO - Processing /home/ris/PycharmProjects/pythonProject/USA-housing/venv/lib/python3.10/site-packages/airflow/example_dags/example_sensors.py took 0.073 seconds
[2023-03-07T18:08:41.229+0530] {processor.py:153} INFO - Started process (PID=6537) to work on /home/ris/PycharmProjects/pythonProject/USA-housing/venv/lib/python3.10/site-packages/airflow/example_dags/example_sensors.py
[2023-03-07T18:08:41.230+0530] {processor.py:743} INFO - Processing file /home/ris/PycharmProjects/pythonProject/USA-housing/venv/lib/python3.10/site-packages/airflow/example_dags/example_sensors.py for tasks to queue
[2023-03-07T18:08:41.231+0530] {logging_mixin.py:137} INFO - [2023-03-07T18:08:41.231+0530] {dagbag.py:538} INFO - Filling up the DagBag from /home/ris/PycharmProjects/pythonProject/USA-housing/venv/lib/python3.10/site-packages/airflow/example_dags/example_sensors.py
[2023-03-07T18:08:41.242+0530] {processor.py:753} INFO - DAG(s) dict_keys(['example_sensors']) retrieved from /home/ris/PycharmProjects/pythonProject/USA-housing/venv/lib/python3.10/site-packages/airflow/example_dags/example_sensors.py
[2023-03-07T18:08:41.260+0530] {logging_mixin.py:137} INFO - [2023-03-07T18:08:41.259+0530] {dag.py:2690} INFO - Sync 1 DAGs
[2023-03-07T18:08:41.274+0530] {logging_mixin.py:137} INFO - [2023-03-07T18:08:41.274+0530] {dag.py:3437} INFO - Setting next_dagrun for example_sensors to None, run_after=None
[2023-03-07T18:08:41.293+0530] {processor.py:175} INFO - Processing /home/ris/PycharmProjects/pythonProject/USA-housing/venv/lib/python3.10/site-packages/airflow/example_dags/example_sensors.py took 0.066 seconds
[2023-03-07T18:09:23.642+0530] {processor.py:153} INFO - Started process (PID=6602) to work on /home/ris/PycharmProjects/pythonProject/USA-housing/venv/lib/python3.10/site-packages/airflow/example_dags/example_sensors.py
[2023-03-07T18:09:23.643+0530] {processor.py:743} INFO - Processing file /home/ris/PycharmProjects/pythonProject/USA-housing/venv/lib/python3.10/site-packages/airflow/example_dags/example_sensors.py for tasks to queue
[2023-03-07T18:09:23.645+0530] {logging_mixin.py:137} INFO - [2023-03-07T18:09:23.644+0530] {dagbag.py:538} INFO - Filling up the DagBag from /home/ris/PycharmProjects/pythonProject/USA-housing/venv/lib/python3.10/site-packages/airflow/example_dags/example_sensors.py
[2023-03-07T18:09:23.659+0530] {processor.py:753} INFO - DAG(s) dict_keys(['example_sensors']) retrieved from /home/ris/PycharmProjects/pythonProject/USA-housing/venv/lib/python3.10/site-packages/airflow/example_dags/example_sensors.py
[2023-03-07T18:09:23.682+0530] {logging_mixin.py:137} INFO - [2023-03-07T18:09:23.681+0530] {dag.py:2690} INFO - Sync 1 DAGs
[2023-03-07T18:09:23.700+0530] {logging_mixin.py:137} INFO - [2023-03-07T18:09:23.700+0530] {dag.py:3437} INFO - Setting next_dagrun for example_sensors to None, run_after=None
[2023-03-07T18:09:23.732+0530] {processor.py:175} INFO - Processing /home/ris/PycharmProjects/pythonProject/USA-housing/venv/lib/python3.10/site-packages/airflow/example_dags/example_sensors.py took 0.094 seconds
[2023-03-07T18:10:15.189+0530] {processor.py:153} INFO - Started process (PID=6918) to work on /home/ris/PycharmProjects/pythonProject/USA-housing/venv/lib/python3.10/site-packages/airflow/example_dags/example_sensors.py
[2023-03-07T18:10:15.191+0530] {processor.py:743} INFO - Processing file /home/ris/PycharmProjects/pythonProject/USA-housing/venv/lib/python3.10/site-packages/airflow/example_dags/example_sensors.py for tasks to queue
[2023-03-07T18:10:15.192+0530] {logging_mixin.py:137} INFO - [2023-03-07T18:10:15.192+0530] {dagbag.py:538} INFO - Filling up the DagBag from /home/ris/PycharmProjects/pythonProject/USA-housing/venv/lib/python3.10/site-packages/airflow/example_dags/example_sensors.py
[2023-03-07T18:10:15.203+0530] {processor.py:753} INFO - DAG(s) dict_keys(['example_sensors']) retrieved from /home/ris/PycharmProjects/pythonProject/USA-housing/venv/lib/python3.10/site-packages/airflow/example_dags/example_sensors.py
[2023-03-07T18:10:15.222+0530] {logging_mixin.py:137} INFO - [2023-03-07T18:10:15.222+0530] {dag.py:2690} INFO - Sync 1 DAGs
[2023-03-07T18:10:15.237+0530] {logging_mixin.py:137} INFO - [2023-03-07T18:10:15.237+0530] {dag.py:3437} INFO - Setting next_dagrun for example_sensors to None, run_after=None
[2023-03-07T18:10:15.259+0530] {processor.py:175} INFO - Processing /home/ris/PycharmProjects/pythonProject/USA-housing/venv/lib/python3.10/site-packages/airflow/example_dags/example_sensors.py took 0.073 seconds
[2023-03-07T18:11:06.795+0530] {processor.py:153} INFO - Started process (PID=6976) to work on /home/ris/PycharmProjects/pythonProject/USA-housing/venv/lib/python3.10/site-packages/airflow/example_dags/example_sensors.py
[2023-03-07T18:11:06.797+0530] {processor.py:743} INFO - Processing file /home/ris/PycharmProjects/pythonProject/USA-housing/venv/lib/python3.10/site-packages/airflow/example_dags/example_sensors.py for tasks to queue
[2023-03-07T18:11:06.798+0530] {logging_mixin.py:137} INFO - [2023-03-07T18:11:06.798+0530] {dagbag.py:538} INFO - Filling up the DagBag from /home/ris/PycharmProjects/pythonProject/USA-housing/venv/lib/python3.10/site-packages/airflow/example_dags/example_sensors.py
[2023-03-07T18:11:06.814+0530] {processor.py:753} INFO - DAG(s) dict_keys(['example_sensors']) retrieved from /home/ris/PycharmProjects/pythonProject/USA-housing/venv/lib/python3.10/site-packages/airflow/example_dags/example_sensors.py
[2023-03-07T18:11:06.838+0530] {logging_mixin.py:137} INFO - [2023-03-07T18:11:06.837+0530] {dag.py:2690} INFO - Sync 1 DAGs
[2023-03-07T18:11:06.853+0530] {logging_mixin.py:137} INFO - [2023-03-07T18:11:06.853+0530] {dag.py:3437} INFO - Setting next_dagrun for example_sensors to None, run_after=None
[2023-03-07T18:11:06.877+0530] {processor.py:175} INFO - Processing /home/ris/PycharmProjects/pythonProject/USA-housing/venv/lib/python3.10/site-packages/airflow/example_dags/example_sensors.py took 0.085 seconds
[2023-03-07T18:11:51.638+0530] {processor.py:153} INFO - Started process (PID=7027) to work on /home/ris/PycharmProjects/pythonProject/USA-housing/venv/lib/python3.10/site-packages/airflow/example_dags/example_sensors.py
[2023-03-07T18:11:51.639+0530] {processor.py:743} INFO - Processing file /home/ris/PycharmProjects/pythonProject/USA-housing/venv/lib/python3.10/site-packages/airflow/example_dags/example_sensors.py for tasks to queue
[2023-03-07T18:11:51.640+0530] {logging_mixin.py:137} INFO - [2023-03-07T18:11:51.640+0530] {dagbag.py:538} INFO - Filling up the DagBag from /home/ris/PycharmProjects/pythonProject/USA-housing/venv/lib/python3.10/site-packages/airflow/example_dags/example_sensors.py
[2023-03-07T18:11:51.654+0530] {processor.py:753} INFO - DAG(s) dict_keys(['example_sensors']) retrieved from /home/ris/PycharmProjects/pythonProject/USA-housing/venv/lib/python3.10/site-packages/airflow/example_dags/example_sensors.py
[2023-03-07T18:11:51.675+0530] {logging_mixin.py:137} INFO - [2023-03-07T18:11:51.675+0530] {dag.py:2690} INFO - Sync 1 DAGs
[2023-03-07T18:11:51.693+0530] {logging_mixin.py:137} INFO - [2023-03-07T18:11:51.693+0530] {dag.py:3437} INFO - Setting next_dagrun for example_sensors to None, run_after=None
[2023-03-07T18:11:51.716+0530] {processor.py:175} INFO - Processing /home/ris/PycharmProjects/pythonProject/USA-housing/venv/lib/python3.10/site-packages/airflow/example_dags/example_sensors.py took 0.083 seconds
[2023-03-07T18:12:40.098+0530] {processor.py:153} INFO - Started process (PID=7094) to work on /home/ris/PycharmProjects/pythonProject/USA-housing/venv/lib/python3.10/site-packages/airflow/example_dags/example_sensors.py
[2023-03-07T18:12:40.100+0530] {processor.py:743} INFO - Processing file /home/ris/PycharmProjects/pythonProject/USA-housing/venv/lib/python3.10/site-packages/airflow/example_dags/example_sensors.py for tasks to queue
[2023-03-07T18:12:40.100+0530] {logging_mixin.py:137} INFO - [2023-03-07T18:12:40.100+0530] {dagbag.py:538} INFO - Filling up the DagBag from /home/ris/PycharmProjects/pythonProject/USA-housing/venv/lib/python3.10/site-packages/airflow/example_dags/example_sensors.py
[2023-03-07T18:12:40.113+0530] {processor.py:753} INFO - DAG(s) dict_keys(['example_sensors']) retrieved from /home/ris/PycharmProjects/pythonProject/USA-housing/venv/lib/python3.10/site-packages/airflow/example_dags/example_sensors.py
[2023-03-07T18:12:40.138+0530] {logging_mixin.py:137} INFO - [2023-03-07T18:12:40.138+0530] {dag.py:2690} INFO - Sync 1 DAGs
[2023-03-07T18:12:40.159+0530] {logging_mixin.py:137} INFO - [2023-03-07T18:12:40.159+0530] {dag.py:3437} INFO - Setting next_dagrun for example_sensors to None, run_after=None
[2023-03-07T18:12:40.186+0530] {processor.py:175} INFO - Processing /home/ris/PycharmProjects/pythonProject/USA-housing/venv/lib/python3.10/site-packages/airflow/example_dags/example_sensors.py took 0.091 seconds
[2023-03-07T18:13:28.997+0530] {processor.py:153} INFO - Started process (PID=7156) to work on /home/ris/PycharmProjects/pythonProject/USA-housing/venv/lib/python3.10/site-packages/airflow/example_dags/example_sensors.py
[2023-03-07T18:13:28.999+0530] {processor.py:743} INFO - Processing file /home/ris/PycharmProjects/pythonProject/USA-housing/venv/lib/python3.10/site-packages/airflow/example_dags/example_sensors.py for tasks to queue
[2023-03-07T18:13:29.000+0530] {logging_mixin.py:137} INFO - [2023-03-07T18:13:29.000+0530] {dagbag.py:538} INFO - Filling up the DagBag from /home/ris/PycharmProjects/pythonProject/USA-housing/venv/lib/python3.10/site-packages/airflow/example_dags/example_sensors.py
[2023-03-07T18:13:29.012+0530] {processor.py:753} INFO - DAG(s) dict_keys(['example_sensors']) retrieved from /home/ris/PycharmProjects/pythonProject/USA-housing/venv/lib/python3.10/site-packages/airflow/example_dags/example_sensors.py
[2023-03-07T18:13:29.032+0530] {logging_mixin.py:137} INFO - [2023-03-07T18:13:29.032+0530] {dag.py:2690} INFO - Sync 1 DAGs
[2023-03-07T18:13:29.049+0530] {logging_mixin.py:137} INFO - [2023-03-07T18:13:29.049+0530] {dag.py:3437} INFO - Setting next_dagrun for example_sensors to None, run_after=None
[2023-03-07T18:13:29.071+0530] {processor.py:175} INFO - Processing /home/ris/PycharmProjects/pythonProject/USA-housing/venv/lib/python3.10/site-packages/airflow/example_dags/example_sensors.py took 0.078 seconds
[2023-03-07T18:14:15.934+0530] {processor.py:153} INFO - Started process (PID=7215) to work on /home/ris/PycharmProjects/pythonProject/USA-housing/venv/lib/python3.10/site-packages/airflow/example_dags/example_sensors.py
[2023-03-07T18:14:15.936+0530] {processor.py:743} INFO - Processing file /home/ris/PycharmProjects/pythonProject/USA-housing/venv/lib/python3.10/site-packages/airflow/example_dags/example_sensors.py for tasks to queue
[2023-03-07T18:14:15.936+0530] {logging_mixin.py:137} INFO - [2023-03-07T18:14:15.936+0530] {dagbag.py:538} INFO - Filling up the DagBag from /home/ris/PycharmProjects/pythonProject/USA-housing/venv/lib/python3.10/site-packages/airflow/example_dags/example_sensors.py
[2023-03-07T18:14:15.949+0530] {processor.py:753} INFO - DAG(s) dict_keys(['example_sensors']) retrieved from /home/ris/PycharmProjects/pythonProject/USA-housing/venv/lib/python3.10/site-packages/airflow/example_dags/example_sensors.py
[2023-03-07T18:14:15.972+0530] {logging_mixin.py:137} INFO - [2023-03-07T18:14:15.972+0530] {dag.py:2690} INFO - Sync 1 DAGs
[2023-03-07T18:14:15.992+0530] {logging_mixin.py:137} INFO - [2023-03-07T18:14:15.992+0530] {dag.py:3437} INFO - Setting next_dagrun for example_sensors to None, run_after=None
[2023-03-07T18:14:16.013+0530] {processor.py:175} INFO - Processing /home/ris/PycharmProjects/pythonProject/USA-housing/venv/lib/python3.10/site-packages/airflow/example_dags/example_sensors.py took 0.081 seconds
[2023-03-07T18:15:00.441+0530] {processor.py:153} INFO - Started process (PID=7276) to work on /home/ris/PycharmProjects/pythonProject/USA-housing/venv/lib/python3.10/site-packages/airflow/example_dags/example_sensors.py
[2023-03-07T18:15:00.443+0530] {processor.py:743} INFO - Processing file /home/ris/PycharmProjects/pythonProject/USA-housing/venv/lib/python3.10/site-packages/airflow/example_dags/example_sensors.py for tasks to queue
[2023-03-07T18:15:00.443+0530] {logging_mixin.py:137} INFO - [2023-03-07T18:15:00.443+0530] {dagbag.py:538} INFO - Filling up the DagBag from /home/ris/PycharmProjects/pythonProject/USA-housing/venv/lib/python3.10/site-packages/airflow/example_dags/example_sensors.py
[2023-03-07T18:15:00.455+0530] {processor.py:753} INFO - DAG(s) dict_keys(['example_sensors']) retrieved from /home/ris/PycharmProjects/pythonProject/USA-housing/venv/lib/python3.10/site-packages/airflow/example_dags/example_sensors.py
[2023-03-07T18:15:00.475+0530] {logging_mixin.py:137} INFO - [2023-03-07T18:15:00.474+0530] {dag.py:2690} INFO - Sync 1 DAGs
[2023-03-07T18:15:00.489+0530] {logging_mixin.py:137} INFO - [2023-03-07T18:15:00.489+0530] {dag.py:3437} INFO - Setting next_dagrun for example_sensors to None, run_after=None
[2023-03-07T18:15:00.508+0530] {processor.py:175} INFO - Processing /home/ris/PycharmProjects/pythonProject/USA-housing/venv/lib/python3.10/site-packages/airflow/example_dags/example_sensors.py took 0.070 seconds
[2023-03-07T18:15:42.483+0530] {processor.py:153} INFO - Started process (PID=7346) to work on /home/ris/PycharmProjects/pythonProject/USA-housing/venv/lib/python3.10/site-packages/airflow/example_dags/example_sensors.py
[2023-03-07T18:15:42.485+0530] {processor.py:743} INFO - Processing file /home/ris/PycharmProjects/pythonProject/USA-housing/venv/lib/python3.10/site-packages/airflow/example_dags/example_sensors.py for tasks to queue
[2023-03-07T18:15:42.486+0530] {logging_mixin.py:137} INFO - [2023-03-07T18:15:42.486+0530] {dagbag.py:538} INFO - Filling up the DagBag from /home/ris/PycharmProjects/pythonProject/USA-housing/venv/lib/python3.10/site-packages/airflow/example_dags/example_sensors.py
[2023-03-07T18:15:42.500+0530] {processor.py:753} INFO - DAG(s) dict_keys(['example_sensors']) retrieved from /home/ris/PycharmProjects/pythonProject/USA-housing/venv/lib/python3.10/site-packages/airflow/example_dags/example_sensors.py
[2023-03-07T18:15:42.523+0530] {logging_mixin.py:137} INFO - [2023-03-07T18:15:42.523+0530] {dag.py:2690} INFO - Sync 1 DAGs
[2023-03-07T18:15:42.541+0530] {logging_mixin.py:137} INFO - [2023-03-07T18:15:42.541+0530] {dag.py:3437} INFO - Setting next_dagrun for example_sensors to None, run_after=None
[2023-03-07T18:15:42.562+0530] {processor.py:175} INFO - Processing /home/ris/PycharmProjects/pythonProject/USA-housing/venv/lib/python3.10/site-packages/airflow/example_dags/example_sensors.py took 0.083 seconds
[2023-03-07T18:16:26.730+0530] {processor.py:153} INFO - Started process (PID=7397) to work on /home/ris/PycharmProjects/pythonProject/USA-housing/venv/lib/python3.10/site-packages/airflow/example_dags/example_sensors.py
[2023-03-07T18:16:26.732+0530] {processor.py:743} INFO - Processing file /home/ris/PycharmProjects/pythonProject/USA-housing/venv/lib/python3.10/site-packages/airflow/example_dags/example_sensors.py for tasks to queue
[2023-03-07T18:16:26.732+0530] {logging_mixin.py:137} INFO - [2023-03-07T18:16:26.732+0530] {dagbag.py:538} INFO - Filling up the DagBag from /home/ris/PycharmProjects/pythonProject/USA-housing/venv/lib/python3.10/site-packages/airflow/example_dags/example_sensors.py
[2023-03-07T18:16:26.748+0530] {processor.py:753} INFO - DAG(s) dict_keys(['example_sensors']) retrieved from /home/ris/PycharmProjects/pythonProject/USA-housing/venv/lib/python3.10/site-packages/airflow/example_dags/example_sensors.py
[2023-03-07T18:16:26.775+0530] {logging_mixin.py:137} INFO - [2023-03-07T18:16:26.775+0530] {dag.py:2690} INFO - Sync 1 DAGs
[2023-03-07T18:16:26.792+0530] {logging_mixin.py:137} INFO - [2023-03-07T18:16:26.792+0530] {dag.py:3437} INFO - Setting next_dagrun for example_sensors to None, run_after=None
[2023-03-07T18:16:26.814+0530] {processor.py:175} INFO - Processing /home/ris/PycharmProjects/pythonProject/USA-housing/venv/lib/python3.10/site-packages/airflow/example_dags/example_sensors.py took 0.086 seconds
[2023-03-07T18:17:16.508+0530] {processor.py:153} INFO - Started process (PID=7464) to work on /home/ris/PycharmProjects/pythonProject/USA-housing/venv/lib/python3.10/site-packages/airflow/example_dags/example_sensors.py
[2023-03-07T18:17:16.510+0530] {processor.py:743} INFO - Processing file /home/ris/PycharmProjects/pythonProject/USA-housing/venv/lib/python3.10/site-packages/airflow/example_dags/example_sensors.py for tasks to queue
[2023-03-07T18:17:16.512+0530] {logging_mixin.py:137} INFO - [2023-03-07T18:17:16.511+0530] {dagbag.py:538} INFO - Filling up the DagBag from /home/ris/PycharmProjects/pythonProject/USA-housing/venv/lib/python3.10/site-packages/airflow/example_dags/example_sensors.py
[2023-03-07T18:17:16.540+0530] {processor.py:753} INFO - DAG(s) dict_keys(['example_sensors']) retrieved from /home/ris/PycharmProjects/pythonProject/USA-housing/venv/lib/python3.10/site-packages/airflow/example_dags/example_sensors.py
[2023-03-07T18:17:16.566+0530] {logging_mixin.py:137} INFO - [2023-03-07T18:17:16.565+0530] {dag.py:2690} INFO - Sync 1 DAGs
[2023-03-07T18:17:16.583+0530] {logging_mixin.py:137} INFO - [2023-03-07T18:17:16.582+0530] {dag.py:3437} INFO - Setting next_dagrun for example_sensors to None, run_after=None
[2023-03-07T18:17:16.604+0530] {processor.py:175} INFO - Processing /home/ris/PycharmProjects/pythonProject/USA-housing/venv/lib/python3.10/site-packages/airflow/example_dags/example_sensors.py took 0.101 seconds
[2023-03-07T18:18:05.285+0530] {processor.py:153} INFO - Started process (PID=7527) to work on /home/ris/PycharmProjects/pythonProject/USA-housing/venv/lib/python3.10/site-packages/airflow/example_dags/example_sensors.py
[2023-03-07T18:18:05.286+0530] {processor.py:743} INFO - Processing file /home/ris/PycharmProjects/pythonProject/USA-housing/venv/lib/python3.10/site-packages/airflow/example_dags/example_sensors.py for tasks to queue
[2023-03-07T18:18:05.287+0530] {logging_mixin.py:137} INFO - [2023-03-07T18:18:05.287+0530] {dagbag.py:538} INFO - Filling up the DagBag from /home/ris/PycharmProjects/pythonProject/USA-housing/venv/lib/python3.10/site-packages/airflow/example_dags/example_sensors.py
[2023-03-07T18:18:05.299+0530] {processor.py:753} INFO - DAG(s) dict_keys(['example_sensors']) retrieved from /home/ris/PycharmProjects/pythonProject/USA-housing/venv/lib/python3.10/site-packages/airflow/example_dags/example_sensors.py
[2023-03-07T18:18:05.319+0530] {logging_mixin.py:137} INFO - [2023-03-07T18:18:05.319+0530] {dag.py:2690} INFO - Sync 1 DAGs
[2023-03-07T18:18:05.336+0530] {logging_mixin.py:137} INFO - [2023-03-07T18:18:05.335+0530] {dag.py:3437} INFO - Setting next_dagrun for example_sensors to None, run_after=None
[2023-03-07T18:18:05.357+0530] {processor.py:175} INFO - Processing /home/ris/PycharmProjects/pythonProject/USA-housing/venv/lib/python3.10/site-packages/airflow/example_dags/example_sensors.py took 0.075 seconds
[2023-03-07T18:18:59.204+0530] {processor.py:153} INFO - Started process (PID=7587) to work on /home/ris/PycharmProjects/pythonProject/USA-housing/venv/lib/python3.10/site-packages/airflow/example_dags/example_sensors.py
[2023-03-07T18:18:59.206+0530] {processor.py:743} INFO - Processing file /home/ris/PycharmProjects/pythonProject/USA-housing/venv/lib/python3.10/site-packages/airflow/example_dags/example_sensors.py for tasks to queue
[2023-03-07T18:18:59.207+0530] {logging_mixin.py:137} INFO - [2023-03-07T18:18:59.207+0530] {dagbag.py:538} INFO - Filling up the DagBag from /home/ris/PycharmProjects/pythonProject/USA-housing/venv/lib/python3.10/site-packages/airflow/example_dags/example_sensors.py
[2023-03-07T18:18:59.220+0530] {processor.py:753} INFO - DAG(s) dict_keys(['example_sensors']) retrieved from /home/ris/PycharmProjects/pythonProject/USA-housing/venv/lib/python3.10/site-packages/airflow/example_dags/example_sensors.py
[2023-03-07T18:18:59.241+0530] {logging_mixin.py:137} INFO - [2023-03-07T18:18:59.240+0530] {dag.py:2690} INFO - Sync 1 DAGs
[2023-03-07T18:18:59.263+0530] {logging_mixin.py:137} INFO - [2023-03-07T18:18:59.263+0530] {dag.py:3437} INFO - Setting next_dagrun for example_sensors to None, run_after=None
[2023-03-07T18:18:59.283+0530] {processor.py:175} INFO - Processing /home/ris/PycharmProjects/pythonProject/USA-housing/venv/lib/python3.10/site-packages/airflow/example_dags/example_sensors.py took 0.082 seconds
[2023-03-07T18:19:40.902+0530] {processor.py:153} INFO - Started process (PID=7770) to work on /home/ris/PycharmProjects/pythonProject/USA-housing/venv/lib/python3.10/site-packages/airflow/example_dags/example_sensors.py
[2023-03-07T18:19:40.904+0530] {processor.py:743} INFO - Processing file /home/ris/PycharmProjects/pythonProject/USA-housing/venv/lib/python3.10/site-packages/airflow/example_dags/example_sensors.py for tasks to queue
[2023-03-07T18:19:40.905+0530] {logging_mixin.py:137} INFO - [2023-03-07T18:19:40.905+0530] {dagbag.py:538} INFO - Filling up the DagBag from /home/ris/PycharmProjects/pythonProject/USA-housing/venv/lib/python3.10/site-packages/airflow/example_dags/example_sensors.py
[2023-03-07T18:19:40.920+0530] {processor.py:753} INFO - DAG(s) dict_keys(['example_sensors']) retrieved from /home/ris/PycharmProjects/pythonProject/USA-housing/venv/lib/python3.10/site-packages/airflow/example_dags/example_sensors.py
[2023-03-07T18:19:40.943+0530] {logging_mixin.py:137} INFO - [2023-03-07T18:19:40.942+0530] {dag.py:2690} INFO - Sync 1 DAGs
[2023-03-07T18:19:40.968+0530] {logging_mixin.py:137} INFO - [2023-03-07T18:19:40.967+0530] {dag.py:3437} INFO - Setting next_dagrun for example_sensors to None, run_after=None
[2023-03-07T18:19:40.991+0530] {processor.py:175} INFO - Processing /home/ris/PycharmProjects/pythonProject/USA-housing/venv/lib/python3.10/site-packages/airflow/example_dags/example_sensors.py took 0.093 seconds
[2023-03-07T18:20:23.596+0530] {processor.py:153} INFO - Started process (PID=7932) to work on /home/ris/PycharmProjects/pythonProject/USA-housing/venv/lib/python3.10/site-packages/airflow/example_dags/example_sensors.py
[2023-03-07T18:20:23.598+0530] {processor.py:743} INFO - Processing file /home/ris/PycharmProjects/pythonProject/USA-housing/venv/lib/python3.10/site-packages/airflow/example_dags/example_sensors.py for tasks to queue
[2023-03-07T18:20:23.598+0530] {logging_mixin.py:137} INFO - [2023-03-07T18:20:23.598+0530] {dagbag.py:538} INFO - Filling up the DagBag from /home/ris/PycharmProjects/pythonProject/USA-housing/venv/lib/python3.10/site-packages/airflow/example_dags/example_sensors.py
[2023-03-07T18:20:23.612+0530] {processor.py:753} INFO - DAG(s) dict_keys(['example_sensors']) retrieved from /home/ris/PycharmProjects/pythonProject/USA-housing/venv/lib/python3.10/site-packages/airflow/example_dags/example_sensors.py
[2023-03-07T18:20:23.635+0530] {logging_mixin.py:137} INFO - [2023-03-07T18:20:23.635+0530] {dag.py:2690} INFO - Sync 1 DAGs
[2023-03-07T18:20:23.650+0530] {logging_mixin.py:137} INFO - [2023-03-07T18:20:23.650+0530] {dag.py:3437} INFO - Setting next_dagrun for example_sensors to None, run_after=None
[2023-03-07T18:20:23.670+0530] {processor.py:175} INFO - Processing /home/ris/PycharmProjects/pythonProject/USA-housing/venv/lib/python3.10/site-packages/airflow/example_dags/example_sensors.py took 0.077 seconds
[2023-03-07T18:21:06.182+0530] {processor.py:153} INFO - Started process (PID=7983) to work on /home/ris/PycharmProjects/pythonProject/USA-housing/venv/lib/python3.10/site-packages/airflow/example_dags/example_sensors.py
[2023-03-07T18:21:06.184+0530] {processor.py:743} INFO - Processing file /home/ris/PycharmProjects/pythonProject/USA-housing/venv/lib/python3.10/site-packages/airflow/example_dags/example_sensors.py for tasks to queue
[2023-03-07T18:21:06.185+0530] {logging_mixin.py:137} INFO - [2023-03-07T18:21:06.184+0530] {dagbag.py:538} INFO - Filling up the DagBag from /home/ris/PycharmProjects/pythonProject/USA-housing/venv/lib/python3.10/site-packages/airflow/example_dags/example_sensors.py
[2023-03-07T18:21:06.197+0530] {processor.py:753} INFO - DAG(s) dict_keys(['example_sensors']) retrieved from /home/ris/PycharmProjects/pythonProject/USA-housing/venv/lib/python3.10/site-packages/airflow/example_dags/example_sensors.py
[2023-03-07T18:21:06.222+0530] {logging_mixin.py:137} INFO - [2023-03-07T18:21:06.221+0530] {dag.py:2690} INFO - Sync 1 DAGs
[2023-03-07T18:21:06.239+0530] {logging_mixin.py:137} INFO - [2023-03-07T18:21:06.238+0530] {dag.py:3437} INFO - Setting next_dagrun for example_sensors to None, run_after=None
[2023-03-07T18:21:06.261+0530] {processor.py:175} INFO - Processing /home/ris/PycharmProjects/pythonProject/USA-housing/venv/lib/python3.10/site-packages/airflow/example_dags/example_sensors.py took 0.082 seconds
[2023-03-07T18:21:56.286+0530] {processor.py:153} INFO - Started process (PID=8043) to work on /home/ris/PycharmProjects/pythonProject/USA-housing/venv/lib/python3.10/site-packages/airflow/example_dags/example_sensors.py
[2023-03-07T18:21:56.288+0530] {processor.py:743} INFO - Processing file /home/ris/PycharmProjects/pythonProject/USA-housing/venv/lib/python3.10/site-packages/airflow/example_dags/example_sensors.py for tasks to queue
[2023-03-07T18:21:56.288+0530] {logging_mixin.py:137} INFO - [2023-03-07T18:21:56.288+0530] {dagbag.py:538} INFO - Filling up the DagBag from /home/ris/PycharmProjects/pythonProject/USA-housing/venv/lib/python3.10/site-packages/airflow/example_dags/example_sensors.py
[2023-03-07T18:21:56.301+0530] {processor.py:753} INFO - DAG(s) dict_keys(['example_sensors']) retrieved from /home/ris/PycharmProjects/pythonProject/USA-housing/venv/lib/python3.10/site-packages/airflow/example_dags/example_sensors.py
[2023-03-07T18:21:56.321+0530] {logging_mixin.py:137} INFO - [2023-03-07T18:21:56.321+0530] {dag.py:2690} INFO - Sync 1 DAGs
[2023-03-07T18:21:56.340+0530] {logging_mixin.py:137} INFO - [2023-03-07T18:21:56.340+0530] {dag.py:3437} INFO - Setting next_dagrun for example_sensors to None, run_after=None
[2023-03-07T18:21:56.362+0530] {processor.py:175} INFO - Processing /home/ris/PycharmProjects/pythonProject/USA-housing/venv/lib/python3.10/site-packages/airflow/example_dags/example_sensors.py took 0.079 seconds
[2023-03-07T18:22:44.408+0530] {processor.py:153} INFO - Started process (PID=8096) to work on /home/ris/PycharmProjects/pythonProject/USA-housing/venv/lib/python3.10/site-packages/airflow/example_dags/example_sensors.py
[2023-03-07T18:22:44.409+0530] {processor.py:743} INFO - Processing file /home/ris/PycharmProjects/pythonProject/USA-housing/venv/lib/python3.10/site-packages/airflow/example_dags/example_sensors.py for tasks to queue
[2023-03-07T18:22:44.410+0530] {logging_mixin.py:137} INFO - [2023-03-07T18:22:44.410+0530] {dagbag.py:538} INFO - Filling up the DagBag from /home/ris/PycharmProjects/pythonProject/USA-housing/venv/lib/python3.10/site-packages/airflow/example_dags/example_sensors.py
[2023-03-07T18:22:44.422+0530] {processor.py:753} INFO - DAG(s) dict_keys(['example_sensors']) retrieved from /home/ris/PycharmProjects/pythonProject/USA-housing/venv/lib/python3.10/site-packages/airflow/example_dags/example_sensors.py
[2023-03-07T18:22:44.441+0530] {logging_mixin.py:137} INFO - [2023-03-07T18:22:44.441+0530] {dag.py:2690} INFO - Sync 1 DAGs
[2023-03-07T18:22:44.457+0530] {logging_mixin.py:137} INFO - [2023-03-07T18:22:44.457+0530] {dag.py:3437} INFO - Setting next_dagrun for example_sensors to None, run_after=None
[2023-03-07T18:22:44.478+0530] {processor.py:175} INFO - Processing /home/ris/PycharmProjects/pythonProject/USA-housing/venv/lib/python3.10/site-packages/airflow/example_dags/example_sensors.py took 0.073 seconds
[2023-03-07T18:23:36.720+0530] {processor.py:153} INFO - Started process (PID=8325) to work on /home/ris/PycharmProjects/pythonProject/USA-housing/venv/lib/python3.10/site-packages/airflow/example_dags/example_sensors.py
[2023-03-07T18:23:36.721+0530] {processor.py:743} INFO - Processing file /home/ris/PycharmProjects/pythonProject/USA-housing/venv/lib/python3.10/site-packages/airflow/example_dags/example_sensors.py for tasks to queue
[2023-03-07T18:23:36.722+0530] {logging_mixin.py:137} INFO - [2023-03-07T18:23:36.721+0530] {dagbag.py:538} INFO - Filling up the DagBag from /home/ris/PycharmProjects/pythonProject/USA-housing/venv/lib/python3.10/site-packages/airflow/example_dags/example_sensors.py
[2023-03-07T18:23:36.740+0530] {processor.py:753} INFO - DAG(s) dict_keys(['example_sensors']) retrieved from /home/ris/PycharmProjects/pythonProject/USA-housing/venv/lib/python3.10/site-packages/airflow/example_dags/example_sensors.py
[2023-03-07T18:23:36.775+0530] {logging_mixin.py:137} INFO - [2023-03-07T18:23:36.775+0530] {dag.py:2690} INFO - Sync 1 DAGs
[2023-03-07T18:23:36.799+0530] {logging_mixin.py:137} INFO - [2023-03-07T18:23:36.799+0530] {dag.py:3437} INFO - Setting next_dagrun for example_sensors to None, run_after=None
[2023-03-07T18:23:36.824+0530] {processor.py:175} INFO - Processing /home/ris/PycharmProjects/pythonProject/USA-housing/venv/lib/python3.10/site-packages/airflow/example_dags/example_sensors.py took 0.106 seconds
[2023-03-07T18:24:23.423+0530] {processor.py:153} INFO - Started process (PID=8373) to work on /home/ris/PycharmProjects/pythonProject/USA-housing/venv/lib/python3.10/site-packages/airflow/example_dags/example_sensors.py
[2023-03-07T18:24:23.425+0530] {processor.py:743} INFO - Processing file /home/ris/PycharmProjects/pythonProject/USA-housing/venv/lib/python3.10/site-packages/airflow/example_dags/example_sensors.py for tasks to queue
[2023-03-07T18:24:23.426+0530] {logging_mixin.py:137} INFO - [2023-03-07T18:24:23.425+0530] {dagbag.py:538} INFO - Filling up the DagBag from /home/ris/PycharmProjects/pythonProject/USA-housing/venv/lib/python3.10/site-packages/airflow/example_dags/example_sensors.py
[2023-03-07T18:24:23.444+0530] {processor.py:753} INFO - DAG(s) dict_keys(['example_sensors']) retrieved from /home/ris/PycharmProjects/pythonProject/USA-housing/venv/lib/python3.10/site-packages/airflow/example_dags/example_sensors.py
[2023-03-07T18:24:23.466+0530] {logging_mixin.py:137} INFO - [2023-03-07T18:24:23.466+0530] {dag.py:2690} INFO - Sync 1 DAGs
[2023-03-07T18:24:23.484+0530] {logging_mixin.py:137} INFO - [2023-03-07T18:24:23.484+0530] {dag.py:3437} INFO - Setting next_dagrun for example_sensors to None, run_after=None
[2023-03-07T18:24:23.511+0530] {processor.py:175} INFO - Processing /home/ris/PycharmProjects/pythonProject/USA-housing/venv/lib/python3.10/site-packages/airflow/example_dags/example_sensors.py took 0.092 seconds
[2023-03-07T18:25:08.891+0530] {processor.py:153} INFO - Started process (PID=8423) to work on /home/ris/PycharmProjects/pythonProject/USA-housing/venv/lib/python3.10/site-packages/airflow/example_dags/example_sensors.py
[2023-03-07T18:25:08.893+0530] {processor.py:743} INFO - Processing file /home/ris/PycharmProjects/pythonProject/USA-housing/venv/lib/python3.10/site-packages/airflow/example_dags/example_sensors.py for tasks to queue
[2023-03-07T18:25:08.894+0530] {logging_mixin.py:137} INFO - [2023-03-07T18:25:08.894+0530] {dagbag.py:538} INFO - Filling up the DagBag from /home/ris/PycharmProjects/pythonProject/USA-housing/venv/lib/python3.10/site-packages/airflow/example_dags/example_sensors.py
[2023-03-07T18:25:08.908+0530] {processor.py:753} INFO - DAG(s) dict_keys(['example_sensors']) retrieved from /home/ris/PycharmProjects/pythonProject/USA-housing/venv/lib/python3.10/site-packages/airflow/example_dags/example_sensors.py
[2023-03-07T18:25:08.931+0530] {logging_mixin.py:137} INFO - [2023-03-07T18:25:08.930+0530] {dag.py:2690} INFO - Sync 1 DAGs
[2023-03-07T18:25:08.949+0530] {logging_mixin.py:137} INFO - [2023-03-07T18:25:08.949+0530] {dag.py:3437} INFO - Setting next_dagrun for example_sensors to None, run_after=None
[2023-03-07T18:25:08.978+0530] {processor.py:175} INFO - Processing /home/ris/PycharmProjects/pythonProject/USA-housing/venv/lib/python3.10/site-packages/airflow/example_dags/example_sensors.py took 0.091 seconds
[2023-03-07T18:25:55.235+0530] {processor.py:153} INFO - Started process (PID=8513) to work on /home/ris/PycharmProjects/pythonProject/USA-housing/venv/lib/python3.10/site-packages/airflow/example_dags/example_sensors.py
[2023-03-07T18:25:55.238+0530] {processor.py:743} INFO - Processing file /home/ris/PycharmProjects/pythonProject/USA-housing/venv/lib/python3.10/site-packages/airflow/example_dags/example_sensors.py for tasks to queue
[2023-03-07T18:25:55.238+0530] {logging_mixin.py:137} INFO - [2023-03-07T18:25:55.238+0530] {dagbag.py:538} INFO - Filling up the DagBag from /home/ris/PycharmProjects/pythonProject/USA-housing/venv/lib/python3.10/site-packages/airflow/example_dags/example_sensors.py
[2023-03-07T18:25:55.254+0530] {processor.py:753} INFO - DAG(s) dict_keys(['example_sensors']) retrieved from /home/ris/PycharmProjects/pythonProject/USA-housing/venv/lib/python3.10/site-packages/airflow/example_dags/example_sensors.py
[2023-03-07T18:25:55.277+0530] {logging_mixin.py:137} INFO - [2023-03-07T18:25:55.277+0530] {dag.py:2690} INFO - Sync 1 DAGs
[2023-03-07T18:25:55.300+0530] {logging_mixin.py:137} INFO - [2023-03-07T18:25:55.300+0530] {dag.py:3437} INFO - Setting next_dagrun for example_sensors to None, run_after=None
[2023-03-07T18:25:55.324+0530] {processor.py:175} INFO - Processing /home/ris/PycharmProjects/pythonProject/USA-housing/venv/lib/python3.10/site-packages/airflow/example_dags/example_sensors.py took 0.096 seconds
[2023-03-07T18:26:39.527+0530] {processor.py:153} INFO - Started process (PID=8637) to work on /home/ris/PycharmProjects/pythonProject/USA-housing/venv/lib/python3.10/site-packages/airflow/example_dags/example_sensors.py
[2023-03-07T18:26:39.529+0530] {processor.py:743} INFO - Processing file /home/ris/PycharmProjects/pythonProject/USA-housing/venv/lib/python3.10/site-packages/airflow/example_dags/example_sensors.py for tasks to queue
[2023-03-07T18:26:39.531+0530] {logging_mixin.py:137} INFO - [2023-03-07T18:26:39.530+0530] {dagbag.py:538} INFO - Filling up the DagBag from /home/ris/PycharmProjects/pythonProject/USA-housing/venv/lib/python3.10/site-packages/airflow/example_dags/example_sensors.py
[2023-03-07T18:26:39.544+0530] {processor.py:753} INFO - DAG(s) dict_keys(['example_sensors']) retrieved from /home/ris/PycharmProjects/pythonProject/USA-housing/venv/lib/python3.10/site-packages/airflow/example_dags/example_sensors.py
[2023-03-07T18:26:39.572+0530] {logging_mixin.py:137} INFO - [2023-03-07T18:26:39.571+0530] {dag.py:2690} INFO - Sync 1 DAGs
[2023-03-07T18:26:39.590+0530] {logging_mixin.py:137} INFO - [2023-03-07T18:26:39.589+0530] {dag.py:3437} INFO - Setting next_dagrun for example_sensors to None, run_after=None
[2023-03-07T18:26:39.621+0530] {processor.py:175} INFO - Processing /home/ris/PycharmProjects/pythonProject/USA-housing/venv/lib/python3.10/site-packages/airflow/example_dags/example_sensors.py took 0.097 seconds
[2023-03-07T18:27:20.418+0530] {processor.py:153} INFO - Started process (PID=8684) to work on /home/ris/PycharmProjects/pythonProject/USA-housing/venv/lib/python3.10/site-packages/airflow/example_dags/example_sensors.py
[2023-03-07T18:27:20.421+0530] {processor.py:743} INFO - Processing file /home/ris/PycharmProjects/pythonProject/USA-housing/venv/lib/python3.10/site-packages/airflow/example_dags/example_sensors.py for tasks to queue
[2023-03-07T18:27:20.422+0530] {logging_mixin.py:137} INFO - [2023-03-07T18:27:20.422+0530] {dagbag.py:538} INFO - Filling up the DagBag from /home/ris/PycharmProjects/pythonProject/USA-housing/venv/lib/python3.10/site-packages/airflow/example_dags/example_sensors.py
[2023-03-07T18:27:20.437+0530] {processor.py:753} INFO - DAG(s) dict_keys(['example_sensors']) retrieved from /home/ris/PycharmProjects/pythonProject/USA-housing/venv/lib/python3.10/site-packages/airflow/example_dags/example_sensors.py
[2023-03-07T18:27:20.461+0530] {logging_mixin.py:137} INFO - [2023-03-07T18:27:20.460+0530] {dag.py:2690} INFO - Sync 1 DAGs
[2023-03-07T18:27:20.480+0530] {logging_mixin.py:137} INFO - [2023-03-07T18:27:20.479+0530] {dag.py:3437} INFO - Setting next_dagrun for example_sensors to None, run_after=None
[2023-03-07T18:27:20.516+0530] {processor.py:175} INFO - Processing /home/ris/PycharmProjects/pythonProject/USA-housing/venv/lib/python3.10/site-packages/airflow/example_dags/example_sensors.py took 0.101 seconds
[2023-03-07T18:28:04.327+0530] {processor.py:153} INFO - Started process (PID=8732) to work on /home/ris/PycharmProjects/pythonProject/USA-housing/venv/lib/python3.10/site-packages/airflow/example_dags/example_sensors.py
[2023-03-07T18:28:04.330+0530] {processor.py:743} INFO - Processing file /home/ris/PycharmProjects/pythonProject/USA-housing/venv/lib/python3.10/site-packages/airflow/example_dags/example_sensors.py for tasks to queue
[2023-03-07T18:28:04.331+0530] {logging_mixin.py:137} INFO - [2023-03-07T18:28:04.331+0530] {dagbag.py:538} INFO - Filling up the DagBag from /home/ris/PycharmProjects/pythonProject/USA-housing/venv/lib/python3.10/site-packages/airflow/example_dags/example_sensors.py
[2023-03-07T18:28:04.347+0530] {processor.py:753} INFO - DAG(s) dict_keys(['example_sensors']) retrieved from /home/ris/PycharmProjects/pythonProject/USA-housing/venv/lib/python3.10/site-packages/airflow/example_dags/example_sensors.py
[2023-03-07T18:28:04.379+0530] {logging_mixin.py:137} INFO - [2023-03-07T18:28:04.379+0530] {dag.py:2690} INFO - Sync 1 DAGs
[2023-03-07T18:28:04.399+0530] {logging_mixin.py:137} INFO - [2023-03-07T18:28:04.399+0530] {dag.py:3437} INFO - Setting next_dagrun for example_sensors to None, run_after=None
[2023-03-07T18:28:04.422+0530] {processor.py:175} INFO - Processing /home/ris/PycharmProjects/pythonProject/USA-housing/venv/lib/python3.10/site-packages/airflow/example_dags/example_sensors.py took 0.099 seconds
[2023-03-07T18:28:48.579+0530] {processor.py:153} INFO - Started process (PID=8798) to work on /home/ris/PycharmProjects/pythonProject/USA-housing/venv/lib/python3.10/site-packages/airflow/example_dags/example_sensors.py
[2023-03-07T18:28:48.581+0530] {processor.py:743} INFO - Processing file /home/ris/PycharmProjects/pythonProject/USA-housing/venv/lib/python3.10/site-packages/airflow/example_dags/example_sensors.py for tasks to queue
[2023-03-07T18:28:48.581+0530] {logging_mixin.py:137} INFO - [2023-03-07T18:28:48.581+0530] {dagbag.py:538} INFO - Filling up the DagBag from /home/ris/PycharmProjects/pythonProject/USA-housing/venv/lib/python3.10/site-packages/airflow/example_dags/example_sensors.py
[2023-03-07T18:28:48.594+0530] {processor.py:753} INFO - DAG(s) dict_keys(['example_sensors']) retrieved from /home/ris/PycharmProjects/pythonProject/USA-housing/venv/lib/python3.10/site-packages/airflow/example_dags/example_sensors.py
[2023-03-07T18:28:48.612+0530] {logging_mixin.py:137} INFO - [2023-03-07T18:28:48.612+0530] {dag.py:2690} INFO - Sync 1 DAGs
[2023-03-07T18:28:48.629+0530] {logging_mixin.py:137} INFO - [2023-03-07T18:28:48.629+0530] {dag.py:3437} INFO - Setting next_dagrun for example_sensors to None, run_after=None
[2023-03-07T18:28:48.648+0530] {processor.py:175} INFO - Processing /home/ris/PycharmProjects/pythonProject/USA-housing/venv/lib/python3.10/site-packages/airflow/example_dags/example_sensors.py took 0.072 seconds
[2023-03-07T18:29:27.897+0530] {processor.py:153} INFO - Started process (PID=8846) to work on /home/ris/PycharmProjects/pythonProject/USA-housing/venv/lib/python3.10/site-packages/airflow/example_dags/example_sensors.py
[2023-03-07T18:29:27.900+0530] {processor.py:743} INFO - Processing file /home/ris/PycharmProjects/pythonProject/USA-housing/venv/lib/python3.10/site-packages/airflow/example_dags/example_sensors.py for tasks to queue
[2023-03-07T18:29:27.900+0530] {logging_mixin.py:137} INFO - [2023-03-07T18:29:27.900+0530] {dagbag.py:538} INFO - Filling up the DagBag from /home/ris/PycharmProjects/pythonProject/USA-housing/venv/lib/python3.10/site-packages/airflow/example_dags/example_sensors.py
[2023-03-07T18:29:27.913+0530] {processor.py:753} INFO - DAG(s) dict_keys(['example_sensors']) retrieved from /home/ris/PycharmProjects/pythonProject/USA-housing/venv/lib/python3.10/site-packages/airflow/example_dags/example_sensors.py
[2023-03-07T18:29:27.932+0530] {logging_mixin.py:137} INFO - [2023-03-07T18:29:27.932+0530] {dag.py:2690} INFO - Sync 1 DAGs
[2023-03-07T18:29:27.948+0530] {logging_mixin.py:137} INFO - [2023-03-07T18:29:27.948+0530] {dag.py:3437} INFO - Setting next_dagrun for example_sensors to None, run_after=None
[2023-03-07T18:29:27.972+0530] {processor.py:175} INFO - Processing /home/ris/PycharmProjects/pythonProject/USA-housing/venv/lib/python3.10/site-packages/airflow/example_dags/example_sensors.py took 0.079 seconds
[2023-03-07T18:30:15.738+0530] {processor.py:153} INFO - Started process (PID=8899) to work on /home/ris/PycharmProjects/pythonProject/USA-housing/venv/lib/python3.10/site-packages/airflow/example_dags/example_sensors.py
[2023-03-07T18:30:15.740+0530] {processor.py:743} INFO - Processing file /home/ris/PycharmProjects/pythonProject/USA-housing/venv/lib/python3.10/site-packages/airflow/example_dags/example_sensors.py for tasks to queue
[2023-03-07T18:30:15.741+0530] {logging_mixin.py:137} INFO - [2023-03-07T18:30:15.740+0530] {dagbag.py:538} INFO - Filling up the DagBag from /home/ris/PycharmProjects/pythonProject/USA-housing/venv/lib/python3.10/site-packages/airflow/example_dags/example_sensors.py
[2023-03-07T18:30:15.756+0530] {processor.py:753} INFO - DAG(s) dict_keys(['example_sensors']) retrieved from /home/ris/PycharmProjects/pythonProject/USA-housing/venv/lib/python3.10/site-packages/airflow/example_dags/example_sensors.py
[2023-03-07T18:30:15.781+0530] {logging_mixin.py:137} INFO - [2023-03-07T18:30:15.780+0530] {dag.py:2690} INFO - Sync 1 DAGs
[2023-03-07T18:30:15.800+0530] {logging_mixin.py:137} INFO - [2023-03-07T18:30:15.799+0530] {dag.py:3437} INFO - Setting next_dagrun for example_sensors to None, run_after=None
[2023-03-07T18:30:15.825+0530] {processor.py:175} INFO - Processing /home/ris/PycharmProjects/pythonProject/USA-housing/venv/lib/python3.10/site-packages/airflow/example_dags/example_sensors.py took 0.091 seconds
[2023-03-07T18:31:06.527+0530] {processor.py:153} INFO - Started process (PID=8998) to work on /home/ris/PycharmProjects/pythonProject/USA-housing/venv/lib/python3.10/site-packages/airflow/example_dags/example_sensors.py
[2023-03-07T18:31:06.529+0530] {processor.py:743} INFO - Processing file /home/ris/PycharmProjects/pythonProject/USA-housing/venv/lib/python3.10/site-packages/airflow/example_dags/example_sensors.py for tasks to queue
[2023-03-07T18:31:06.529+0530] {logging_mixin.py:137} INFO - [2023-03-07T18:31:06.529+0530] {dagbag.py:538} INFO - Filling up the DagBag from /home/ris/PycharmProjects/pythonProject/USA-housing/venv/lib/python3.10/site-packages/airflow/example_dags/example_sensors.py
[2023-03-07T18:31:06.544+0530] {processor.py:753} INFO - DAG(s) dict_keys(['example_sensors']) retrieved from /home/ris/PycharmProjects/pythonProject/USA-housing/venv/lib/python3.10/site-packages/airflow/example_dags/example_sensors.py
[2023-03-07T18:31:06.566+0530] {logging_mixin.py:137} INFO - [2023-03-07T18:31:06.566+0530] {dag.py:2690} INFO - Sync 1 DAGs
[2023-03-07T18:31:06.583+0530] {logging_mixin.py:137} INFO - [2023-03-07T18:31:06.583+0530] {dag.py:3437} INFO - Setting next_dagrun for example_sensors to None, run_after=None
[2023-03-07T18:31:06.605+0530] {processor.py:175} INFO - Processing /home/ris/PycharmProjects/pythonProject/USA-housing/venv/lib/python3.10/site-packages/airflow/example_dags/example_sensors.py took 0.081 seconds
[2023-03-07T18:31:58.639+0530] {processor.py:153} INFO - Started process (PID=9085) to work on /home/ris/PycharmProjects/pythonProject/USA-housing/venv/lib/python3.10/site-packages/airflow/example_dags/example_sensors.py
[2023-03-07T18:31:58.640+0530] {processor.py:743} INFO - Processing file /home/ris/PycharmProjects/pythonProject/USA-housing/venv/lib/python3.10/site-packages/airflow/example_dags/example_sensors.py for tasks to queue
[2023-03-07T18:31:58.642+0530] {logging_mixin.py:137} INFO - [2023-03-07T18:31:58.641+0530] {dagbag.py:538} INFO - Filling up the DagBag from /home/ris/PycharmProjects/pythonProject/USA-housing/venv/lib/python3.10/site-packages/airflow/example_dags/example_sensors.py
[2023-03-07T18:31:58.654+0530] {processor.py:753} INFO - DAG(s) dict_keys(['example_sensors']) retrieved from /home/ris/PycharmProjects/pythonProject/USA-housing/venv/lib/python3.10/site-packages/airflow/example_dags/example_sensors.py
[2023-03-07T18:31:58.676+0530] {logging_mixin.py:137} INFO - [2023-03-07T18:31:58.676+0530] {dag.py:2690} INFO - Sync 1 DAGs
[2023-03-07T18:31:58.692+0530] {logging_mixin.py:137} INFO - [2023-03-07T18:31:58.692+0530] {dag.py:3437} INFO - Setting next_dagrun for example_sensors to None, run_after=None
[2023-03-07T18:31:58.712+0530] {processor.py:175} INFO - Processing /home/ris/PycharmProjects/pythonProject/USA-housing/venv/lib/python3.10/site-packages/airflow/example_dags/example_sensors.py took 0.077 seconds
[2023-03-07T18:32:42.341+0530] {processor.py:153} INFO - Started process (PID=9137) to work on /home/ris/PycharmProjects/pythonProject/USA-housing/venv/lib/python3.10/site-packages/airflow/example_dags/example_sensors.py
[2023-03-07T18:32:42.342+0530] {processor.py:743} INFO - Processing file /home/ris/PycharmProjects/pythonProject/USA-housing/venv/lib/python3.10/site-packages/airflow/example_dags/example_sensors.py for tasks to queue
[2023-03-07T18:32:42.343+0530] {logging_mixin.py:137} INFO - [2023-03-07T18:32:42.343+0530] {dagbag.py:538} INFO - Filling up the DagBag from /home/ris/PycharmProjects/pythonProject/USA-housing/venv/lib/python3.10/site-packages/airflow/example_dags/example_sensors.py
[2023-03-07T18:32:42.355+0530] {processor.py:753} INFO - DAG(s) dict_keys(['example_sensors']) retrieved from /home/ris/PycharmProjects/pythonProject/USA-housing/venv/lib/python3.10/site-packages/airflow/example_dags/example_sensors.py
[2023-03-07T18:32:42.375+0530] {logging_mixin.py:137} INFO - [2023-03-07T18:32:42.375+0530] {dag.py:2690} INFO - Sync 1 DAGs
[2023-03-07T18:32:42.391+0530] {logging_mixin.py:137} INFO - [2023-03-07T18:32:42.391+0530] {dag.py:3437} INFO - Setting next_dagrun for example_sensors to None, run_after=None
[2023-03-07T18:32:42.411+0530] {processor.py:175} INFO - Processing /home/ris/PycharmProjects/pythonProject/USA-housing/venv/lib/python3.10/site-packages/airflow/example_dags/example_sensors.py took 0.074 seconds
[2023-03-07T18:33:33.965+0530] {processor.py:153} INFO - Started process (PID=9194) to work on /home/ris/PycharmProjects/pythonProject/USA-housing/venv/lib/python3.10/site-packages/airflow/example_dags/example_sensors.py
[2023-03-07T18:33:33.967+0530] {processor.py:743} INFO - Processing file /home/ris/PycharmProjects/pythonProject/USA-housing/venv/lib/python3.10/site-packages/airflow/example_dags/example_sensors.py for tasks to queue
[2023-03-07T18:33:33.968+0530] {logging_mixin.py:137} INFO - [2023-03-07T18:33:33.968+0530] {dagbag.py:538} INFO - Filling up the DagBag from /home/ris/PycharmProjects/pythonProject/USA-housing/venv/lib/python3.10/site-packages/airflow/example_dags/example_sensors.py
[2023-03-07T18:33:33.980+0530] {processor.py:753} INFO - DAG(s) dict_keys(['example_sensors']) retrieved from /home/ris/PycharmProjects/pythonProject/USA-housing/venv/lib/python3.10/site-packages/airflow/example_dags/example_sensors.py
[2023-03-07T18:33:34.000+0530] {logging_mixin.py:137} INFO - [2023-03-07T18:33:34.000+0530] {dag.py:2690} INFO - Sync 1 DAGs
[2023-03-07T18:33:34.016+0530] {logging_mixin.py:137} INFO - [2023-03-07T18:33:34.016+0530] {dag.py:3437} INFO - Setting next_dagrun for example_sensors to None, run_after=None
[2023-03-07T18:33:34.036+0530] {processor.py:175} INFO - Processing /home/ris/PycharmProjects/pythonProject/USA-housing/venv/lib/python3.10/site-packages/airflow/example_dags/example_sensors.py took 0.075 seconds
[2023-03-07T18:34:19.542+0530] {processor.py:153} INFO - Started process (PID=9245) to work on /home/ris/PycharmProjects/pythonProject/USA-housing/venv/lib/python3.10/site-packages/airflow/example_dags/example_sensors.py
[2023-03-07T18:34:19.543+0530] {processor.py:743} INFO - Processing file /home/ris/PycharmProjects/pythonProject/USA-housing/venv/lib/python3.10/site-packages/airflow/example_dags/example_sensors.py for tasks to queue
[2023-03-07T18:34:19.544+0530] {logging_mixin.py:137} INFO - [2023-03-07T18:34:19.544+0530] {dagbag.py:538} INFO - Filling up the DagBag from /home/ris/PycharmProjects/pythonProject/USA-housing/venv/lib/python3.10/site-packages/airflow/example_dags/example_sensors.py
[2023-03-07T18:34:19.556+0530] {processor.py:753} INFO - DAG(s) dict_keys(['example_sensors']) retrieved from /home/ris/PycharmProjects/pythonProject/USA-housing/venv/lib/python3.10/site-packages/airflow/example_dags/example_sensors.py
[2023-03-07T18:34:19.575+0530] {logging_mixin.py:137} INFO - [2023-03-07T18:34:19.574+0530] {dag.py:2690} INFO - Sync 1 DAGs
[2023-03-07T18:34:19.591+0530] {logging_mixin.py:137} INFO - [2023-03-07T18:34:19.591+0530] {dag.py:3437} INFO - Setting next_dagrun for example_sensors to None, run_after=None
[2023-03-07T18:34:19.610+0530] {processor.py:175} INFO - Processing /home/ris/PycharmProjects/pythonProject/USA-housing/venv/lib/python3.10/site-packages/airflow/example_dags/example_sensors.py took 0.072 seconds
[2023-03-07T18:35:07.049+0530] {processor.py:153} INFO - Started process (PID=9299) to work on /home/ris/PycharmProjects/pythonProject/USA-housing/venv/lib/python3.10/site-packages/airflow/example_dags/example_sensors.py
[2023-03-07T18:35:07.051+0530] {processor.py:743} INFO - Processing file /home/ris/PycharmProjects/pythonProject/USA-housing/venv/lib/python3.10/site-packages/airflow/example_dags/example_sensors.py for tasks to queue
[2023-03-07T18:35:07.052+0530] {logging_mixin.py:137} INFO - [2023-03-07T18:35:07.052+0530] {dagbag.py:538} INFO - Filling up the DagBag from /home/ris/PycharmProjects/pythonProject/USA-housing/venv/lib/python3.10/site-packages/airflow/example_dags/example_sensors.py
[2023-03-07T18:35:07.065+0530] {processor.py:753} INFO - DAG(s) dict_keys(['example_sensors']) retrieved from /home/ris/PycharmProjects/pythonProject/USA-housing/venv/lib/python3.10/site-packages/airflow/example_dags/example_sensors.py
[2023-03-07T18:35:07.084+0530] {logging_mixin.py:137} INFO - [2023-03-07T18:35:07.084+0530] {dag.py:2690} INFO - Sync 1 DAGs
[2023-03-07T18:35:07.101+0530] {logging_mixin.py:137} INFO - [2023-03-07T18:35:07.101+0530] {dag.py:3437} INFO - Setting next_dagrun for example_sensors to None, run_after=None
[2023-03-07T18:35:07.120+0530] {processor.py:175} INFO - Processing /home/ris/PycharmProjects/pythonProject/USA-housing/venv/lib/python3.10/site-packages/airflow/example_dags/example_sensors.py took 0.074 seconds
[2023-03-07T18:35:58.927+0530] {processor.py:153} INFO - Started process (PID=9377) to work on /home/ris/PycharmProjects/pythonProject/USA-housing/venv/lib/python3.10/site-packages/airflow/example_dags/example_sensors.py
[2023-03-07T18:35:58.929+0530] {processor.py:743} INFO - Processing file /home/ris/PycharmProjects/pythonProject/USA-housing/venv/lib/python3.10/site-packages/airflow/example_dags/example_sensors.py for tasks to queue
[2023-03-07T18:35:58.929+0530] {logging_mixin.py:137} INFO - [2023-03-07T18:35:58.929+0530] {dagbag.py:538} INFO - Filling up the DagBag from /home/ris/PycharmProjects/pythonProject/USA-housing/venv/lib/python3.10/site-packages/airflow/example_dags/example_sensors.py
[2023-03-07T18:35:58.942+0530] {processor.py:753} INFO - DAG(s) dict_keys(['example_sensors']) retrieved from /home/ris/PycharmProjects/pythonProject/USA-housing/venv/lib/python3.10/site-packages/airflow/example_dags/example_sensors.py
[2023-03-07T18:35:58.961+0530] {logging_mixin.py:137} INFO - [2023-03-07T18:35:58.961+0530] {dag.py:2690} INFO - Sync 1 DAGs
[2023-03-07T18:35:58.977+0530] {logging_mixin.py:137} INFO - [2023-03-07T18:35:58.977+0530] {dag.py:3437} INFO - Setting next_dagrun for example_sensors to None, run_after=None
[2023-03-07T18:35:58.996+0530] {processor.py:175} INFO - Processing /home/ris/PycharmProjects/pythonProject/USA-housing/venv/lib/python3.10/site-packages/airflow/example_dags/example_sensors.py took 0.071 seconds
[2023-03-07T18:36:45.781+0530] {processor.py:153} INFO - Started process (PID=9430) to work on /home/ris/PycharmProjects/pythonProject/USA-housing/venv/lib/python3.10/site-packages/airflow/example_dags/example_sensors.py
[2023-03-07T18:36:45.783+0530] {processor.py:743} INFO - Processing file /home/ris/PycharmProjects/pythonProject/USA-housing/venv/lib/python3.10/site-packages/airflow/example_dags/example_sensors.py for tasks to queue
[2023-03-07T18:36:45.784+0530] {logging_mixin.py:137} INFO - [2023-03-07T18:36:45.784+0530] {dagbag.py:538} INFO - Filling up the DagBag from /home/ris/PycharmProjects/pythonProject/USA-housing/venv/lib/python3.10/site-packages/airflow/example_dags/example_sensors.py
[2023-03-07T18:36:45.803+0530] {processor.py:753} INFO - DAG(s) dict_keys(['example_sensors']) retrieved from /home/ris/PycharmProjects/pythonProject/USA-housing/venv/lib/python3.10/site-packages/airflow/example_dags/example_sensors.py
[2023-03-07T18:36:45.821+0530] {logging_mixin.py:137} INFO - [2023-03-07T18:36:45.821+0530] {dag.py:2690} INFO - Sync 1 DAGs
[2023-03-07T18:36:45.835+0530] {logging_mixin.py:137} INFO - [2023-03-07T18:36:45.834+0530] {dag.py:3437} INFO - Setting next_dagrun for example_sensors to None, run_after=None
[2023-03-07T18:36:45.852+0530] {processor.py:175} INFO - Processing /home/ris/PycharmProjects/pythonProject/USA-housing/venv/lib/python3.10/site-packages/airflow/example_dags/example_sensors.py took 0.075 seconds
[2023-03-07T18:37:25.583+0530] {processor.py:153} INFO - Started process (PID=9515) to work on /home/ris/PycharmProjects/pythonProject/USA-housing/venv/lib/python3.10/site-packages/airflow/example_dags/example_sensors.py
[2023-03-07T18:37:25.585+0530] {processor.py:743} INFO - Processing file /home/ris/PycharmProjects/pythonProject/USA-housing/venv/lib/python3.10/site-packages/airflow/example_dags/example_sensors.py for tasks to queue
[2023-03-07T18:37:25.585+0530] {logging_mixin.py:137} INFO - [2023-03-07T18:37:25.585+0530] {dagbag.py:538} INFO - Filling up the DagBag from /home/ris/PycharmProjects/pythonProject/USA-housing/venv/lib/python3.10/site-packages/airflow/example_dags/example_sensors.py
[2023-03-07T18:37:25.596+0530] {processor.py:753} INFO - DAG(s) dict_keys(['example_sensors']) retrieved from /home/ris/PycharmProjects/pythonProject/USA-housing/venv/lib/python3.10/site-packages/airflow/example_dags/example_sensors.py
[2023-03-07T18:37:25.615+0530] {logging_mixin.py:137} INFO - [2023-03-07T18:37:25.615+0530] {dag.py:2690} INFO - Sync 1 DAGs
[2023-03-07T18:37:25.630+0530] {logging_mixin.py:137} INFO - [2023-03-07T18:37:25.630+0530] {dag.py:3437} INFO - Setting next_dagrun for example_sensors to None, run_after=None
[2023-03-07T18:37:25.648+0530] {processor.py:175} INFO - Processing /home/ris/PycharmProjects/pythonProject/USA-housing/venv/lib/python3.10/site-packages/airflow/example_dags/example_sensors.py took 0.067 seconds
[2023-03-07T18:38:15.943+0530] {processor.py:153} INFO - Started process (PID=9574) to work on /home/ris/PycharmProjects/pythonProject/USA-housing/venv/lib/python3.10/site-packages/airflow/example_dags/example_sensors.py
[2023-03-07T18:38:15.945+0530] {processor.py:743} INFO - Processing file /home/ris/PycharmProjects/pythonProject/USA-housing/venv/lib/python3.10/site-packages/airflow/example_dags/example_sensors.py for tasks to queue
[2023-03-07T18:38:15.945+0530] {logging_mixin.py:137} INFO - [2023-03-07T18:38:15.945+0530] {dagbag.py:538} INFO - Filling up the DagBag from /home/ris/PycharmProjects/pythonProject/USA-housing/venv/lib/python3.10/site-packages/airflow/example_dags/example_sensors.py
[2023-03-07T18:38:15.957+0530] {processor.py:753} INFO - DAG(s) dict_keys(['example_sensors']) retrieved from /home/ris/PycharmProjects/pythonProject/USA-housing/venv/lib/python3.10/site-packages/airflow/example_dags/example_sensors.py
[2023-03-07T18:38:15.975+0530] {logging_mixin.py:137} INFO - [2023-03-07T18:38:15.974+0530] {dag.py:2690} INFO - Sync 1 DAGs
[2023-03-07T18:38:15.989+0530] {logging_mixin.py:137} INFO - [2023-03-07T18:38:15.989+0530] {dag.py:3437} INFO - Setting next_dagrun for example_sensors to None, run_after=None
[2023-03-07T18:38:16.011+0530] {processor.py:175} INFO - Processing /home/ris/PycharmProjects/pythonProject/USA-housing/venv/lib/python3.10/site-packages/airflow/example_dags/example_sensors.py took 0.071 seconds
[2023-03-07T18:39:06.709+0530] {processor.py:153} INFO - Started process (PID=9656) to work on /home/ris/PycharmProjects/pythonProject/USA-housing/venv/lib/python3.10/site-packages/airflow/example_dags/example_sensors.py
[2023-03-07T18:39:06.710+0530] {processor.py:743} INFO - Processing file /home/ris/PycharmProjects/pythonProject/USA-housing/venv/lib/python3.10/site-packages/airflow/example_dags/example_sensors.py for tasks to queue
[2023-03-07T18:39:06.711+0530] {logging_mixin.py:137} INFO - [2023-03-07T18:39:06.711+0530] {dagbag.py:538} INFO - Filling up the DagBag from /home/ris/PycharmProjects/pythonProject/USA-housing/venv/lib/python3.10/site-packages/airflow/example_dags/example_sensors.py
[2023-03-07T18:39:06.736+0530] {processor.py:753} INFO - DAG(s) dict_keys(['example_sensors']) retrieved from /home/ris/PycharmProjects/pythonProject/USA-housing/venv/lib/python3.10/site-packages/airflow/example_dags/example_sensors.py
[2023-03-07T18:39:06.758+0530] {logging_mixin.py:137} INFO - [2023-03-07T18:39:06.758+0530] {dag.py:2690} INFO - Sync 1 DAGs
[2023-03-07T18:39:06.772+0530] {logging_mixin.py:137} INFO - [2023-03-07T18:39:06.771+0530] {dag.py:3437} INFO - Setting next_dagrun for example_sensors to None, run_after=None
[2023-03-07T18:39:06.788+0530] {processor.py:175} INFO - Processing /home/ris/PycharmProjects/pythonProject/USA-housing/venv/lib/python3.10/site-packages/airflow/example_dags/example_sensors.py took 0.084 seconds
[2023-03-07T18:39:49.013+0530] {processor.py:153} INFO - Started process (PID=9704) to work on /home/ris/PycharmProjects/pythonProject/USA-housing/venv/lib/python3.10/site-packages/airflow/example_dags/example_sensors.py
[2023-03-07T18:39:49.016+0530] {processor.py:743} INFO - Processing file /home/ris/PycharmProjects/pythonProject/USA-housing/venv/lib/python3.10/site-packages/airflow/example_dags/example_sensors.py for tasks to queue
[2023-03-07T18:39:49.017+0530] {logging_mixin.py:137} INFO - [2023-03-07T18:39:49.016+0530] {dagbag.py:538} INFO - Filling up the DagBag from /home/ris/PycharmProjects/pythonProject/USA-housing/venv/lib/python3.10/site-packages/airflow/example_dags/example_sensors.py
[2023-03-07T18:39:49.039+0530] {processor.py:753} INFO - DAG(s) dict_keys(['example_sensors']) retrieved from /home/ris/PycharmProjects/pythonProject/USA-housing/venv/lib/python3.10/site-packages/airflow/example_dags/example_sensors.py
[2023-03-07T18:39:49.065+0530] {logging_mixin.py:137} INFO - [2023-03-07T18:39:49.064+0530] {dag.py:2690} INFO - Sync 1 DAGs
[2023-03-07T18:39:49.078+0530] {logging_mixin.py:137} INFO - [2023-03-07T18:39:49.078+0530] {dag.py:3437} INFO - Setting next_dagrun for example_sensors to None, run_after=None
[2023-03-07T18:39:49.094+0530] {processor.py:175} INFO - Processing /home/ris/PycharmProjects/pythonProject/USA-housing/venv/lib/python3.10/site-packages/airflow/example_dags/example_sensors.py took 0.087 seconds
[2023-03-07T18:40:31.908+0530] {processor.py:153} INFO - Started process (PID=9749) to work on /home/ris/PycharmProjects/pythonProject/USA-housing/venv/lib/python3.10/site-packages/airflow/example_dags/example_sensors.py
[2023-03-07T18:40:31.910+0530] {processor.py:743} INFO - Processing file /home/ris/PycharmProjects/pythonProject/USA-housing/venv/lib/python3.10/site-packages/airflow/example_dags/example_sensors.py for tasks to queue
[2023-03-07T18:40:31.911+0530] {logging_mixin.py:137} INFO - [2023-03-07T18:40:31.911+0530] {dagbag.py:538} INFO - Filling up the DagBag from /home/ris/PycharmProjects/pythonProject/USA-housing/venv/lib/python3.10/site-packages/airflow/example_dags/example_sensors.py
[2023-03-07T18:40:31.935+0530] {processor.py:753} INFO - DAG(s) dict_keys(['example_sensors']) retrieved from /home/ris/PycharmProjects/pythonProject/USA-housing/venv/lib/python3.10/site-packages/airflow/example_dags/example_sensors.py
[2023-03-07T18:40:31.961+0530] {logging_mixin.py:137} INFO - [2023-03-07T18:40:31.961+0530] {dag.py:2690} INFO - Sync 1 DAGs
[2023-03-07T18:40:31.974+0530] {logging_mixin.py:137} INFO - [2023-03-07T18:40:31.974+0530] {dag.py:3437} INFO - Setting next_dagrun for example_sensors to None, run_after=None
[2023-03-07T18:40:31.991+0530] {processor.py:175} INFO - Processing /home/ris/PycharmProjects/pythonProject/USA-housing/venv/lib/python3.10/site-packages/airflow/example_dags/example_sensors.py took 0.087 seconds
