[2023-03-07T16:10:58.419+0530] {processor.py:153} INFO - Started process (PID=14986) to work on /home/ris/PycharmProjects/pythonProject/USA-housing/venv/lib/python3.10/site-packages/airflow/example_dags/example_latest_only_with_trigger.py
[2023-03-07T16:10:58.420+0530] {processor.py:743} INFO - Processing file /home/ris/PycharmProjects/pythonProject/USA-housing/venv/lib/python3.10/site-packages/airflow/example_dags/example_latest_only_with_trigger.py for tasks to queue
[2023-03-07T16:10:58.421+0530] {logging_mixin.py:137} INFO - [2023-03-07T16:10:58.421+0530] {dagbag.py:538} INFO - Filling up the DagBag from /home/ris/PycharmProjects/pythonProject/USA-housing/venv/lib/python3.10/site-packages/airflow/example_dags/example_latest_only_with_trigger.py
[2023-03-07T16:10:58.454+0530] {processor.py:753} INFO - DAG(s) dict_keys(['latest_only_with_trigger']) retrieved from /home/ris/PycharmProjects/pythonProject/USA-housing/venv/lib/python3.10/site-packages/airflow/example_dags/example_latest_only_with_trigger.py
[2023-03-07T16:10:58.485+0530] {logging_mixin.py:137} INFO - [2023-03-07T16:10:58.485+0530] {dag.py:2690} INFO - Sync 1 DAGs
[2023-03-07T16:10:58.520+0530] {logging_mixin.py:137} INFO - [2023-03-07T16:10:58.520+0530] {dag.py:3437} INFO - Setting next_dagrun for latest_only_with_trigger to 2023-03-07T06:40:58.520103+00:00, run_after=2023-03-07T10:40:58.520103+00:00
[2023-03-07T16:10:58.557+0530] {processor.py:175} INFO - Processing /home/ris/PycharmProjects/pythonProject/USA-housing/venv/lib/python3.10/site-packages/airflow/example_dags/example_latest_only_with_trigger.py took 0.143 seconds
[2023-03-07T17:38:02.765+0530] {processor.py:153} INFO - Started process (PID=5681) to work on /home/ris/PycharmProjects/pythonProject/USA-housing/venv/lib/python3.10/site-packages/airflow/example_dags/example_latest_only_with_trigger.py
[2023-03-07T17:38:02.767+0530] {processor.py:743} INFO - Processing file /home/ris/PycharmProjects/pythonProject/USA-housing/venv/lib/python3.10/site-packages/airflow/example_dags/example_latest_only_with_trigger.py for tasks to queue
[2023-03-07T17:38:02.768+0530] {logging_mixin.py:137} INFO - [2023-03-07T17:38:02.768+0530] {dagbag.py:538} INFO - Filling up the DagBag from /home/ris/PycharmProjects/pythonProject/USA-housing/venv/lib/python3.10/site-packages/airflow/example_dags/example_latest_only_with_trigger.py
[2023-03-07T17:38:02.793+0530] {processor.py:753} INFO - DAG(s) dict_keys(['latest_only_with_trigger']) retrieved from /home/ris/PycharmProjects/pythonProject/USA-housing/venv/lib/python3.10/site-packages/airflow/example_dags/example_latest_only_with_trigger.py
[2023-03-07T17:38:02.813+0530] {logging_mixin.py:137} INFO - [2023-03-07T17:38:02.813+0530] {dag.py:2690} INFO - Sync 1 DAGs
[2023-03-07T17:38:02.829+0530] {logging_mixin.py:137} INFO - [2023-03-07T17:38:02.829+0530] {dag.py:3437} INFO - Setting next_dagrun for latest_only_with_trigger to 2023-03-07T08:08:02.828824+00:00, run_after=2023-03-07T12:08:02.828824+00:00
[2023-03-07T17:38:02.847+0530] {processor.py:175} INFO - Processing /home/ris/PycharmProjects/pythonProject/USA-housing/venv/lib/python3.10/site-packages/airflow/example_dags/example_latest_only_with_trigger.py took 0.087 seconds
[2023-03-07T17:39:01.699+0530] {processor.py:153} INFO - Started process (PID=5778) to work on /home/ris/PycharmProjects/pythonProject/USA-housing/venv/lib/python3.10/site-packages/airflow/example_dags/example_latest_only_with_trigger.py
[2023-03-07T17:39:01.702+0530] {processor.py:743} INFO - Processing file /home/ris/PycharmProjects/pythonProject/USA-housing/venv/lib/python3.10/site-packages/airflow/example_dags/example_latest_only_with_trigger.py for tasks to queue
[2023-03-07T17:39:01.703+0530] {logging_mixin.py:137} INFO - [2023-03-07T17:39:01.703+0530] {dagbag.py:538} INFO - Filling up the DagBag from /home/ris/PycharmProjects/pythonProject/USA-housing/venv/lib/python3.10/site-packages/airflow/example_dags/example_latest_only_with_trigger.py
[2023-03-07T17:39:01.734+0530] {processor.py:753} INFO - DAG(s) dict_keys(['latest_only_with_trigger']) retrieved from /home/ris/PycharmProjects/pythonProject/USA-housing/venv/lib/python3.10/site-packages/airflow/example_dags/example_latest_only_with_trigger.py
[2023-03-07T17:39:01.756+0530] {logging_mixin.py:137} INFO - [2023-03-07T17:39:01.756+0530] {dag.py:2690} INFO - Sync 1 DAGs
[2023-03-07T17:39:01.775+0530] {logging_mixin.py:137} INFO - [2023-03-07T17:39:01.775+0530] {dag.py:3437} INFO - Setting next_dagrun for latest_only_with_trigger to 2023-03-07T08:09:01.775249+00:00, run_after=2023-03-07T12:09:01.775249+00:00
[2023-03-07T17:39:01.794+0530] {processor.py:175} INFO - Processing /home/ris/PycharmProjects/pythonProject/USA-housing/venv/lib/python3.10/site-packages/airflow/example_dags/example_latest_only_with_trigger.py took 0.100 seconds
[2023-03-07T17:59:38.073+0530] {processor.py:153} INFO - Started process (PID=5939) to work on /home/ris/PycharmProjects/pythonProject/USA-housing/venv/lib/python3.10/site-packages/airflow/example_dags/example_latest_only_with_trigger.py
[2023-03-07T17:59:38.074+0530] {processor.py:743} INFO - Processing file /home/ris/PycharmProjects/pythonProject/USA-housing/venv/lib/python3.10/site-packages/airflow/example_dags/example_latest_only_with_trigger.py for tasks to queue
[2023-03-07T17:59:38.075+0530] {logging_mixin.py:137} INFO - [2023-03-07T17:59:38.075+0530] {dagbag.py:538} INFO - Filling up the DagBag from /home/ris/PycharmProjects/pythonProject/USA-housing/venv/lib/python3.10/site-packages/airflow/example_dags/example_latest_only_with_trigger.py
[2023-03-07T17:59:38.081+0530] {processor.py:753} INFO - DAG(s) dict_keys(['latest_only_with_trigger']) retrieved from /home/ris/PycharmProjects/pythonProject/USA-housing/venv/lib/python3.10/site-packages/airflow/example_dags/example_latest_only_with_trigger.py
[2023-03-07T17:59:38.107+0530] {logging_mixin.py:137} INFO - [2023-03-07T17:59:38.107+0530] {dag.py:2690} INFO - Sync 1 DAGs
[2023-03-07T17:59:38.127+0530] {logging_mixin.py:137} INFO - [2023-03-07T17:59:38.127+0530] {dag.py:3437} INFO - Setting next_dagrun for latest_only_with_trigger to 2023-03-07T08:29:38.126617+00:00, run_after=2023-03-07T12:29:38.126617+00:00
[2023-03-07T17:59:38.149+0530] {processor.py:175} INFO - Processing /home/ris/PycharmProjects/pythonProject/USA-housing/venv/lib/python3.10/site-packages/airflow/example_dags/example_latest_only_with_trigger.py took 0.080 seconds
[2023-03-07T18:00:23.697+0530] {processor.py:153} INFO - Started process (PID=5984) to work on /home/ris/PycharmProjects/pythonProject/USA-housing/venv/lib/python3.10/site-packages/airflow/example_dags/example_latest_only_with_trigger.py
[2023-03-07T18:00:23.699+0530] {processor.py:743} INFO - Processing file /home/ris/PycharmProjects/pythonProject/USA-housing/venv/lib/python3.10/site-packages/airflow/example_dags/example_latest_only_with_trigger.py for tasks to queue
[2023-03-07T18:00:23.700+0530] {logging_mixin.py:137} INFO - [2023-03-07T18:00:23.700+0530] {dagbag.py:538} INFO - Filling up the DagBag from /home/ris/PycharmProjects/pythonProject/USA-housing/venv/lib/python3.10/site-packages/airflow/example_dags/example_latest_only_with_trigger.py
[2023-03-07T18:00:23.706+0530] {processor.py:753} INFO - DAG(s) dict_keys(['latest_only_with_trigger']) retrieved from /home/ris/PycharmProjects/pythonProject/USA-housing/venv/lib/python3.10/site-packages/airflow/example_dags/example_latest_only_with_trigger.py
[2023-03-07T18:00:23.722+0530] {logging_mixin.py:137} INFO - [2023-03-07T18:00:23.722+0530] {dag.py:2690} INFO - Sync 1 DAGs
[2023-03-07T18:00:23.740+0530] {logging_mixin.py:137} INFO - [2023-03-07T18:00:23.740+0530] {dag.py:3437} INFO - Setting next_dagrun for latest_only_with_trigger to 2023-03-07T08:30:23.739850+00:00, run_after=2023-03-07T12:30:23.739850+00:00
[2023-03-07T18:00:23.760+0530] {processor.py:175} INFO - Processing /home/ris/PycharmProjects/pythonProject/USA-housing/venv/lib/python3.10/site-packages/airflow/example_dags/example_latest_only_with_trigger.py took 0.065 seconds
[2023-03-07T18:01:05.843+0530] {processor.py:153} INFO - Started process (PID=6031) to work on /home/ris/PycharmProjects/pythonProject/USA-housing/venv/lib/python3.10/site-packages/airflow/example_dags/example_latest_only_with_trigger.py
[2023-03-07T18:01:05.845+0530] {processor.py:743} INFO - Processing file /home/ris/PycharmProjects/pythonProject/USA-housing/venv/lib/python3.10/site-packages/airflow/example_dags/example_latest_only_with_trigger.py for tasks to queue
[2023-03-07T18:01:05.845+0530] {logging_mixin.py:137} INFO - [2023-03-07T18:01:05.845+0530] {dagbag.py:538} INFO - Filling up the DagBag from /home/ris/PycharmProjects/pythonProject/USA-housing/venv/lib/python3.10/site-packages/airflow/example_dags/example_latest_only_with_trigger.py
[2023-03-07T18:01:05.852+0530] {processor.py:753} INFO - DAG(s) dict_keys(['latest_only_with_trigger']) retrieved from /home/ris/PycharmProjects/pythonProject/USA-housing/venv/lib/python3.10/site-packages/airflow/example_dags/example_latest_only_with_trigger.py
[2023-03-07T18:01:05.869+0530] {logging_mixin.py:137} INFO - [2023-03-07T18:01:05.868+0530] {dag.py:2690} INFO - Sync 1 DAGs
[2023-03-07T18:01:05.893+0530] {logging_mixin.py:137} INFO - [2023-03-07T18:01:05.893+0530] {dag.py:3437} INFO - Setting next_dagrun for latest_only_with_trigger to 2023-03-07T08:31:05.892873+00:00, run_after=2023-03-07T12:31:05.892873+00:00
[2023-03-07T18:01:05.915+0530] {processor.py:175} INFO - Processing /home/ris/PycharmProjects/pythonProject/USA-housing/venv/lib/python3.10/site-packages/airflow/example_dags/example_latest_only_with_trigger.py took 0.075 seconds
[2023-03-07T18:01:47.930+0530] {processor.py:153} INFO - Started process (PID=6077) to work on /home/ris/PycharmProjects/pythonProject/USA-housing/venv/lib/python3.10/site-packages/airflow/example_dags/example_latest_only_with_trigger.py
[2023-03-07T18:01:47.931+0530] {processor.py:743} INFO - Processing file /home/ris/PycharmProjects/pythonProject/USA-housing/venv/lib/python3.10/site-packages/airflow/example_dags/example_latest_only_with_trigger.py for tasks to queue
[2023-03-07T18:01:47.932+0530] {logging_mixin.py:137} INFO - [2023-03-07T18:01:47.932+0530] {dagbag.py:538} INFO - Filling up the DagBag from /home/ris/PycharmProjects/pythonProject/USA-housing/venv/lib/python3.10/site-packages/airflow/example_dags/example_latest_only_with_trigger.py
[2023-03-07T18:01:47.939+0530] {processor.py:753} INFO - DAG(s) dict_keys(['latest_only_with_trigger']) retrieved from /home/ris/PycharmProjects/pythonProject/USA-housing/venv/lib/python3.10/site-packages/airflow/example_dags/example_latest_only_with_trigger.py
[2023-03-07T18:01:47.958+0530] {logging_mixin.py:137} INFO - [2023-03-07T18:01:47.957+0530] {dag.py:2690} INFO - Sync 1 DAGs
[2023-03-07T18:01:47.974+0530] {logging_mixin.py:137} INFO - [2023-03-07T18:01:47.974+0530] {dag.py:3437} INFO - Setting next_dagrun for latest_only_with_trigger to 2023-03-07T08:31:47.973863+00:00, run_after=2023-03-07T12:31:47.973863+00:00
[2023-03-07T18:01:47.993+0530] {processor.py:175} INFO - Processing /home/ris/PycharmProjects/pythonProject/USA-housing/venv/lib/python3.10/site-packages/airflow/example_dags/example_latest_only_with_trigger.py took 0.066 seconds
[2023-03-07T18:02:31.731+0530] {processor.py:153} INFO - Started process (PID=6123) to work on /home/ris/PycharmProjects/pythonProject/USA-housing/venv/lib/python3.10/site-packages/airflow/example_dags/example_latest_only_with_trigger.py
[2023-03-07T18:02:31.733+0530] {processor.py:743} INFO - Processing file /home/ris/PycharmProjects/pythonProject/USA-housing/venv/lib/python3.10/site-packages/airflow/example_dags/example_latest_only_with_trigger.py for tasks to queue
[2023-03-07T18:02:31.733+0530] {logging_mixin.py:137} INFO - [2023-03-07T18:02:31.733+0530] {dagbag.py:538} INFO - Filling up the DagBag from /home/ris/PycharmProjects/pythonProject/USA-housing/venv/lib/python3.10/site-packages/airflow/example_dags/example_latest_only_with_trigger.py
[2023-03-07T18:02:31.740+0530] {processor.py:753} INFO - DAG(s) dict_keys(['latest_only_with_trigger']) retrieved from /home/ris/PycharmProjects/pythonProject/USA-housing/venv/lib/python3.10/site-packages/airflow/example_dags/example_latest_only_with_trigger.py
[2023-03-07T18:02:31.757+0530] {logging_mixin.py:137} INFO - [2023-03-07T18:02:31.757+0530] {dag.py:2690} INFO - Sync 1 DAGs
[2023-03-07T18:02:31.773+0530] {logging_mixin.py:137} INFO - [2023-03-07T18:02:31.773+0530] {dag.py:3437} INFO - Setting next_dagrun for latest_only_with_trigger to 2023-03-07T08:32:31.773155+00:00, run_after=2023-03-07T12:32:31.773155+00:00
[2023-03-07T18:02:31.795+0530] {processor.py:175} INFO - Processing /home/ris/PycharmProjects/pythonProject/USA-housing/venv/lib/python3.10/site-packages/airflow/example_dags/example_latest_only_with_trigger.py took 0.068 seconds
[2023-03-07T18:03:20.112+0530] {processor.py:153} INFO - Started process (PID=6177) to work on /home/ris/PycharmProjects/pythonProject/USA-housing/venv/lib/python3.10/site-packages/airflow/example_dags/example_latest_only_with_trigger.py
[2023-03-07T18:03:20.114+0530] {processor.py:743} INFO - Processing file /home/ris/PycharmProjects/pythonProject/USA-housing/venv/lib/python3.10/site-packages/airflow/example_dags/example_latest_only_with_trigger.py for tasks to queue
[2023-03-07T18:03:20.114+0530] {logging_mixin.py:137} INFO - [2023-03-07T18:03:20.114+0530] {dagbag.py:538} INFO - Filling up the DagBag from /home/ris/PycharmProjects/pythonProject/USA-housing/venv/lib/python3.10/site-packages/airflow/example_dags/example_latest_only_with_trigger.py
[2023-03-07T18:03:20.121+0530] {processor.py:753} INFO - DAG(s) dict_keys(['latest_only_with_trigger']) retrieved from /home/ris/PycharmProjects/pythonProject/USA-housing/venv/lib/python3.10/site-packages/airflow/example_dags/example_latest_only_with_trigger.py
[2023-03-07T18:03:20.138+0530] {logging_mixin.py:137} INFO - [2023-03-07T18:03:20.138+0530] {dag.py:2690} INFO - Sync 1 DAGs
[2023-03-07T18:03:20.154+0530] {logging_mixin.py:137} INFO - [2023-03-07T18:03:20.154+0530] {dag.py:3437} INFO - Setting next_dagrun for latest_only_with_trigger to 2023-03-07T08:33:20.153985+00:00, run_after=2023-03-07T12:33:20.153985+00:00
[2023-03-07T18:03:20.175+0530] {processor.py:175} INFO - Processing /home/ris/PycharmProjects/pythonProject/USA-housing/venv/lib/python3.10/site-packages/airflow/example_dags/example_latest_only_with_trigger.py took 0.066 seconds
[2023-03-07T18:04:08.008+0530] {processor.py:153} INFO - Started process (PID=6237) to work on /home/ris/PycharmProjects/pythonProject/USA-housing/venv/lib/python3.10/site-packages/airflow/example_dags/example_latest_only_with_trigger.py
[2023-03-07T18:04:08.009+0530] {processor.py:743} INFO - Processing file /home/ris/PycharmProjects/pythonProject/USA-housing/venv/lib/python3.10/site-packages/airflow/example_dags/example_latest_only_with_trigger.py for tasks to queue
[2023-03-07T18:04:08.010+0530] {logging_mixin.py:137} INFO - [2023-03-07T18:04:08.010+0530] {dagbag.py:538} INFO - Filling up the DagBag from /home/ris/PycharmProjects/pythonProject/USA-housing/venv/lib/python3.10/site-packages/airflow/example_dags/example_latest_only_with_trigger.py
[2023-03-07T18:04:08.017+0530] {processor.py:753} INFO - DAG(s) dict_keys(['latest_only_with_trigger']) retrieved from /home/ris/PycharmProjects/pythonProject/USA-housing/venv/lib/python3.10/site-packages/airflow/example_dags/example_latest_only_with_trigger.py
[2023-03-07T18:04:08.038+0530] {logging_mixin.py:137} INFO - [2023-03-07T18:04:08.038+0530] {dag.py:2690} INFO - Sync 1 DAGs
[2023-03-07T18:04:08.054+0530] {logging_mixin.py:137} INFO - [2023-03-07T18:04:08.054+0530] {dag.py:3437} INFO - Setting next_dagrun for latest_only_with_trigger to 2023-03-07T08:34:08.053791+00:00, run_after=2023-03-07T12:34:08.053791+00:00
[2023-03-07T18:04:08.076+0530] {processor.py:175} INFO - Processing /home/ris/PycharmProjects/pythonProject/USA-housing/venv/lib/python3.10/site-packages/airflow/example_dags/example_latest_only_with_trigger.py took 0.070 seconds
[2023-03-07T18:04:55.735+0530] {processor.py:153} INFO - Started process (PID=6291) to work on /home/ris/PycharmProjects/pythonProject/USA-housing/venv/lib/python3.10/site-packages/airflow/example_dags/example_latest_only_with_trigger.py
[2023-03-07T18:04:55.737+0530] {processor.py:743} INFO - Processing file /home/ris/PycharmProjects/pythonProject/USA-housing/venv/lib/python3.10/site-packages/airflow/example_dags/example_latest_only_with_trigger.py for tasks to queue
[2023-03-07T18:04:55.738+0530] {logging_mixin.py:137} INFO - [2023-03-07T18:04:55.738+0530] {dagbag.py:538} INFO - Filling up the DagBag from /home/ris/PycharmProjects/pythonProject/USA-housing/venv/lib/python3.10/site-packages/airflow/example_dags/example_latest_only_with_trigger.py
[2023-03-07T18:04:55.745+0530] {processor.py:753} INFO - DAG(s) dict_keys(['latest_only_with_trigger']) retrieved from /home/ris/PycharmProjects/pythonProject/USA-housing/venv/lib/python3.10/site-packages/airflow/example_dags/example_latest_only_with_trigger.py
[2023-03-07T18:04:55.761+0530] {logging_mixin.py:137} INFO - [2023-03-07T18:04:55.761+0530] {dag.py:2690} INFO - Sync 1 DAGs
[2023-03-07T18:04:55.778+0530] {logging_mixin.py:137} INFO - [2023-03-07T18:04:55.778+0530] {dag.py:3437} INFO - Setting next_dagrun for latest_only_with_trigger to 2023-03-07T08:34:55.778094+00:00, run_after=2023-03-07T12:34:55.778094+00:00
[2023-03-07T18:04:55.807+0530] {processor.py:175} INFO - Processing /home/ris/PycharmProjects/pythonProject/USA-housing/venv/lib/python3.10/site-packages/airflow/example_dags/example_latest_only_with_trigger.py took 0.075 seconds
[2023-03-07T18:05:44.486+0530] {processor.py:153} INFO - Started process (PID=6343) to work on /home/ris/PycharmProjects/pythonProject/USA-housing/venv/lib/python3.10/site-packages/airflow/example_dags/example_latest_only_with_trigger.py
[2023-03-07T18:05:44.488+0530] {processor.py:743} INFO - Processing file /home/ris/PycharmProjects/pythonProject/USA-housing/venv/lib/python3.10/site-packages/airflow/example_dags/example_latest_only_with_trigger.py for tasks to queue
[2023-03-07T18:05:44.489+0530] {logging_mixin.py:137} INFO - [2023-03-07T18:05:44.488+0530] {dagbag.py:538} INFO - Filling up the DagBag from /home/ris/PycharmProjects/pythonProject/USA-housing/venv/lib/python3.10/site-packages/airflow/example_dags/example_latest_only_with_trigger.py
[2023-03-07T18:05:44.497+0530] {processor.py:753} INFO - DAG(s) dict_keys(['latest_only_with_trigger']) retrieved from /home/ris/PycharmProjects/pythonProject/USA-housing/venv/lib/python3.10/site-packages/airflow/example_dags/example_latest_only_with_trigger.py
[2023-03-07T18:05:44.522+0530] {logging_mixin.py:137} INFO - [2023-03-07T18:05:44.522+0530] {dag.py:2690} INFO - Sync 1 DAGs
[2023-03-07T18:05:44.537+0530] {logging_mixin.py:137} INFO - [2023-03-07T18:05:44.537+0530] {dag.py:3437} INFO - Setting next_dagrun for latest_only_with_trigger to 2023-03-07T08:35:44.537564+00:00, run_after=2023-03-07T12:35:44.537564+00:00
[2023-03-07T18:05:44.556+0530] {processor.py:175} INFO - Processing /home/ris/PycharmProjects/pythonProject/USA-housing/venv/lib/python3.10/site-packages/airflow/example_dags/example_latest_only_with_trigger.py took 0.075 seconds
[2023-03-07T18:06:33.593+0530] {processor.py:153} INFO - Started process (PID=6397) to work on /home/ris/PycharmProjects/pythonProject/USA-housing/venv/lib/python3.10/site-packages/airflow/example_dags/example_latest_only_with_trigger.py
[2023-03-07T18:06:33.594+0530] {processor.py:743} INFO - Processing file /home/ris/PycharmProjects/pythonProject/USA-housing/venv/lib/python3.10/site-packages/airflow/example_dags/example_latest_only_with_trigger.py for tasks to queue
[2023-03-07T18:06:33.595+0530] {logging_mixin.py:137} INFO - [2023-03-07T18:06:33.595+0530] {dagbag.py:538} INFO - Filling up the DagBag from /home/ris/PycharmProjects/pythonProject/USA-housing/venv/lib/python3.10/site-packages/airflow/example_dags/example_latest_only_with_trigger.py
[2023-03-07T18:06:33.601+0530] {processor.py:753} INFO - DAG(s) dict_keys(['latest_only_with_trigger']) retrieved from /home/ris/PycharmProjects/pythonProject/USA-housing/venv/lib/python3.10/site-packages/airflow/example_dags/example_latest_only_with_trigger.py
[2023-03-07T18:06:33.622+0530] {logging_mixin.py:137} INFO - [2023-03-07T18:06:33.622+0530] {dag.py:2690} INFO - Sync 1 DAGs
[2023-03-07T18:06:33.641+0530] {logging_mixin.py:137} INFO - [2023-03-07T18:06:33.641+0530] {dag.py:3437} INFO - Setting next_dagrun for latest_only_with_trigger to 2023-03-07T08:36:33.640804+00:00, run_after=2023-03-07T12:36:33.640804+00:00
[2023-03-07T18:06:33.661+0530] {processor.py:175} INFO - Processing /home/ris/PycharmProjects/pythonProject/USA-housing/venv/lib/python3.10/site-packages/airflow/example_dags/example_latest_only_with_trigger.py took 0.071 seconds
[2023-03-07T18:07:21.228+0530] {processor.py:153} INFO - Started process (PID=6451) to work on /home/ris/PycharmProjects/pythonProject/USA-housing/venv/lib/python3.10/site-packages/airflow/example_dags/example_latest_only_with_trigger.py
[2023-03-07T18:07:21.230+0530] {processor.py:743} INFO - Processing file /home/ris/PycharmProjects/pythonProject/USA-housing/venv/lib/python3.10/site-packages/airflow/example_dags/example_latest_only_with_trigger.py for tasks to queue
[2023-03-07T18:07:21.231+0530] {logging_mixin.py:137} INFO - [2023-03-07T18:07:21.230+0530] {dagbag.py:538} INFO - Filling up the DagBag from /home/ris/PycharmProjects/pythonProject/USA-housing/venv/lib/python3.10/site-packages/airflow/example_dags/example_latest_only_with_trigger.py
[2023-03-07T18:07:21.237+0530] {processor.py:753} INFO - DAG(s) dict_keys(['latest_only_with_trigger']) retrieved from /home/ris/PycharmProjects/pythonProject/USA-housing/venv/lib/python3.10/site-packages/airflow/example_dags/example_latest_only_with_trigger.py
[2023-03-07T18:07:21.256+0530] {logging_mixin.py:137} INFO - [2023-03-07T18:07:21.256+0530] {dag.py:2690} INFO - Sync 1 DAGs
[2023-03-07T18:07:21.278+0530] {logging_mixin.py:137} INFO - [2023-03-07T18:07:21.277+0530] {dag.py:3437} INFO - Setting next_dagrun for latest_only_with_trigger to 2023-03-07T08:37:21.277553+00:00, run_after=2023-03-07T12:37:21.277553+00:00
[2023-03-07T18:07:21.299+0530] {processor.py:175} INFO - Processing /home/ris/PycharmProjects/pythonProject/USA-housing/venv/lib/python3.10/site-packages/airflow/example_dags/example_latest_only_with_trigger.py took 0.074 seconds
[2023-03-07T18:08:12.093+0530] {processor.py:153} INFO - Started process (PID=6505) to work on /home/ris/PycharmProjects/pythonProject/USA-housing/venv/lib/python3.10/site-packages/airflow/example_dags/example_latest_only_with_trigger.py
[2023-03-07T18:08:12.095+0530] {processor.py:743} INFO - Processing file /home/ris/PycharmProjects/pythonProject/USA-housing/venv/lib/python3.10/site-packages/airflow/example_dags/example_latest_only_with_trigger.py for tasks to queue
[2023-03-07T18:08:12.096+0530] {logging_mixin.py:137} INFO - [2023-03-07T18:08:12.096+0530] {dagbag.py:538} INFO - Filling up the DagBag from /home/ris/PycharmProjects/pythonProject/USA-housing/venv/lib/python3.10/site-packages/airflow/example_dags/example_latest_only_with_trigger.py
[2023-03-07T18:08:12.103+0530] {processor.py:753} INFO - DAG(s) dict_keys(['latest_only_with_trigger']) retrieved from /home/ris/PycharmProjects/pythonProject/USA-housing/venv/lib/python3.10/site-packages/airflow/example_dags/example_latest_only_with_trigger.py
[2023-03-07T18:08:12.120+0530] {logging_mixin.py:137} INFO - [2023-03-07T18:08:12.120+0530] {dag.py:2690} INFO - Sync 1 DAGs
[2023-03-07T18:08:12.135+0530] {logging_mixin.py:137} INFO - [2023-03-07T18:08:12.135+0530] {dag.py:3437} INFO - Setting next_dagrun for latest_only_with_trigger to 2023-03-07T08:38:12.135372+00:00, run_after=2023-03-07T12:38:12.135372+00:00
[2023-03-07T18:08:12.155+0530] {processor.py:175} INFO - Processing /home/ris/PycharmProjects/pythonProject/USA-housing/venv/lib/python3.10/site-packages/airflow/example_dags/example_latest_only_with_trigger.py took 0.068 seconds
[2023-03-07T18:08:52.514+0530] {processor.py:153} INFO - Started process (PID=6549) to work on /home/ris/PycharmProjects/pythonProject/USA-housing/venv/lib/python3.10/site-packages/airflow/example_dags/example_latest_only_with_trigger.py
[2023-03-07T18:08:52.517+0530] {processor.py:743} INFO - Processing file /home/ris/PycharmProjects/pythonProject/USA-housing/venv/lib/python3.10/site-packages/airflow/example_dags/example_latest_only_with_trigger.py for tasks to queue
[2023-03-07T18:08:52.519+0530] {logging_mixin.py:137} INFO - [2023-03-07T18:08:52.518+0530] {dagbag.py:538} INFO - Filling up the DagBag from /home/ris/PycharmProjects/pythonProject/USA-housing/venv/lib/python3.10/site-packages/airflow/example_dags/example_latest_only_with_trigger.py
[2023-03-07T18:08:52.528+0530] {processor.py:753} INFO - DAG(s) dict_keys(['latest_only_with_trigger']) retrieved from /home/ris/PycharmProjects/pythonProject/USA-housing/venv/lib/python3.10/site-packages/airflow/example_dags/example_latest_only_with_trigger.py
[2023-03-07T18:08:52.546+0530] {logging_mixin.py:137} INFO - [2023-03-07T18:08:52.545+0530] {dag.py:2690} INFO - Sync 1 DAGs
[2023-03-07T18:08:52.563+0530] {logging_mixin.py:137} INFO - [2023-03-07T18:08:52.562+0530] {dag.py:3437} INFO - Setting next_dagrun for latest_only_with_trigger to 2023-03-07T08:38:52.562477+00:00, run_after=2023-03-07T12:38:52.562477+00:00
[2023-03-07T18:08:52.582+0530] {processor.py:175} INFO - Processing /home/ris/PycharmProjects/pythonProject/USA-housing/venv/lib/python3.10/site-packages/airflow/example_dags/example_latest_only_with_trigger.py took 0.072 seconds
[2023-03-07T18:09:37.629+0530] {processor.py:153} INFO - Started process (PID=6865) to work on /home/ris/PycharmProjects/pythonProject/USA-housing/venv/lib/python3.10/site-packages/airflow/example_dags/example_latest_only_with_trigger.py
[2023-03-07T18:09:37.631+0530] {processor.py:743} INFO - Processing file /home/ris/PycharmProjects/pythonProject/USA-housing/venv/lib/python3.10/site-packages/airflow/example_dags/example_latest_only_with_trigger.py for tasks to queue
[2023-03-07T18:09:37.632+0530] {logging_mixin.py:137} INFO - [2023-03-07T18:09:37.632+0530] {dagbag.py:538} INFO - Filling up the DagBag from /home/ris/PycharmProjects/pythonProject/USA-housing/venv/lib/python3.10/site-packages/airflow/example_dags/example_latest_only_with_trigger.py
[2023-03-07T18:09:37.646+0530] {processor.py:753} INFO - DAG(s) dict_keys(['latest_only_with_trigger']) retrieved from /home/ris/PycharmProjects/pythonProject/USA-housing/venv/lib/python3.10/site-packages/airflow/example_dags/example_latest_only_with_trigger.py
[2023-03-07T18:09:37.674+0530] {logging_mixin.py:137} INFO - [2023-03-07T18:09:37.673+0530] {dag.py:2690} INFO - Sync 1 DAGs
[2023-03-07T18:09:37.718+0530] {logging_mixin.py:137} INFO - [2023-03-07T18:09:37.718+0530] {dag.py:3437} INFO - Setting next_dagrun for latest_only_with_trigger to 2023-03-07T08:39:37.718288+00:00, run_after=2023-03-07T12:39:37.718288+00:00
[2023-03-07T18:09:37.746+0530] {processor.py:175} INFO - Processing /home/ris/PycharmProjects/pythonProject/USA-housing/venv/lib/python3.10/site-packages/airflow/example_dags/example_latest_only_with_trigger.py took 0.124 seconds
[2023-03-07T18:10:26.658+0530] {processor.py:153} INFO - Started process (PID=6931) to work on /home/ris/PycharmProjects/pythonProject/USA-housing/venv/lib/python3.10/site-packages/airflow/example_dags/example_latest_only_with_trigger.py
[2023-03-07T18:10:26.659+0530] {processor.py:743} INFO - Processing file /home/ris/PycharmProjects/pythonProject/USA-housing/venv/lib/python3.10/site-packages/airflow/example_dags/example_latest_only_with_trigger.py for tasks to queue
[2023-03-07T18:10:26.660+0530] {logging_mixin.py:137} INFO - [2023-03-07T18:10:26.660+0530] {dagbag.py:538} INFO - Filling up the DagBag from /home/ris/PycharmProjects/pythonProject/USA-housing/venv/lib/python3.10/site-packages/airflow/example_dags/example_latest_only_with_trigger.py
[2023-03-07T18:10:26.668+0530] {processor.py:753} INFO - DAG(s) dict_keys(['latest_only_with_trigger']) retrieved from /home/ris/PycharmProjects/pythonProject/USA-housing/venv/lib/python3.10/site-packages/airflow/example_dags/example_latest_only_with_trigger.py
[2023-03-07T18:10:26.685+0530] {logging_mixin.py:137} INFO - [2023-03-07T18:10:26.685+0530] {dag.py:2690} INFO - Sync 1 DAGs
[2023-03-07T18:10:26.701+0530] {logging_mixin.py:137} INFO - [2023-03-07T18:10:26.701+0530] {dag.py:3437} INFO - Setting next_dagrun for latest_only_with_trigger to 2023-03-07T08:40:26.701423+00:00, run_after=2023-03-07T12:40:26.701423+00:00
[2023-03-07T18:10:26.722+0530] {processor.py:175} INFO - Processing /home/ris/PycharmProjects/pythonProject/USA-housing/venv/lib/python3.10/site-packages/airflow/example_dags/example_latest_only_with_trigger.py took 0.067 seconds
[2023-03-07T18:11:09.089+0530] {processor.py:153} INFO - Started process (PID=6978) to work on /home/ris/PycharmProjects/pythonProject/USA-housing/venv/lib/python3.10/site-packages/airflow/example_dags/example_latest_only_with_trigger.py
[2023-03-07T18:11:09.091+0530] {processor.py:743} INFO - Processing file /home/ris/PycharmProjects/pythonProject/USA-housing/venv/lib/python3.10/site-packages/airflow/example_dags/example_latest_only_with_trigger.py for tasks to queue
[2023-03-07T18:11:09.092+0530] {logging_mixin.py:137} INFO - [2023-03-07T18:11:09.092+0530] {dagbag.py:538} INFO - Filling up the DagBag from /home/ris/PycharmProjects/pythonProject/USA-housing/venv/lib/python3.10/site-packages/airflow/example_dags/example_latest_only_with_trigger.py
[2023-03-07T18:11:09.101+0530] {processor.py:753} INFO - DAG(s) dict_keys(['latest_only_with_trigger']) retrieved from /home/ris/PycharmProjects/pythonProject/USA-housing/venv/lib/python3.10/site-packages/airflow/example_dags/example_latest_only_with_trigger.py
[2023-03-07T18:11:09.119+0530] {logging_mixin.py:137} INFO - [2023-03-07T18:11:09.119+0530] {dag.py:2690} INFO - Sync 1 DAGs
[2023-03-07T18:11:09.136+0530] {logging_mixin.py:137} INFO - [2023-03-07T18:11:09.136+0530] {dag.py:3437} INFO - Setting next_dagrun for latest_only_with_trigger to 2023-03-07T08:41:09.136074+00:00, run_after=2023-03-07T12:41:09.136074+00:00
[2023-03-07T18:11:09.163+0530] {processor.py:175} INFO - Processing /home/ris/PycharmProjects/pythonProject/USA-housing/venv/lib/python3.10/site-packages/airflow/example_dags/example_latest_only_with_trigger.py took 0.076 seconds
[2023-03-07T18:12:01.011+0530] {processor.py:153} INFO - Started process (PID=7049) to work on /home/ris/PycharmProjects/pythonProject/USA-housing/venv/lib/python3.10/site-packages/airflow/example_dags/example_latest_only_with_trigger.py
[2023-03-07T18:12:01.012+0530] {processor.py:743} INFO - Processing file /home/ris/PycharmProjects/pythonProject/USA-housing/venv/lib/python3.10/site-packages/airflow/example_dags/example_latest_only_with_trigger.py for tasks to queue
[2023-03-07T18:12:01.013+0530] {logging_mixin.py:137} INFO - [2023-03-07T18:12:01.013+0530] {dagbag.py:538} INFO - Filling up the DagBag from /home/ris/PycharmProjects/pythonProject/USA-housing/venv/lib/python3.10/site-packages/airflow/example_dags/example_latest_only_with_trigger.py
[2023-03-07T18:12:01.020+0530] {processor.py:753} INFO - DAG(s) dict_keys(['latest_only_with_trigger']) retrieved from /home/ris/PycharmProjects/pythonProject/USA-housing/venv/lib/python3.10/site-packages/airflow/example_dags/example_latest_only_with_trigger.py
[2023-03-07T18:12:01.037+0530] {logging_mixin.py:137} INFO - [2023-03-07T18:12:01.037+0530] {dag.py:2690} INFO - Sync 1 DAGs
[2023-03-07T18:12:01.054+0530] {logging_mixin.py:137} INFO - [2023-03-07T18:12:01.053+0530] {dag.py:3437} INFO - Setting next_dagrun for latest_only_with_trigger to 2023-03-07T08:42:01.053785+00:00, run_after=2023-03-07T12:42:01.053785+00:00
[2023-03-07T18:12:01.074+0530] {processor.py:175} INFO - Processing /home/ris/PycharmProjects/pythonProject/USA-housing/venv/lib/python3.10/site-packages/airflow/example_dags/example_latest_only_with_trigger.py took 0.066 seconds
[2023-03-07T18:12:42.401+0530] {processor.py:153} INFO - Started process (PID=7097) to work on /home/ris/PycharmProjects/pythonProject/USA-housing/venv/lib/python3.10/site-packages/airflow/example_dags/example_latest_only_with_trigger.py
[2023-03-07T18:12:42.403+0530] {processor.py:743} INFO - Processing file /home/ris/PycharmProjects/pythonProject/USA-housing/venv/lib/python3.10/site-packages/airflow/example_dags/example_latest_only_with_trigger.py for tasks to queue
[2023-03-07T18:12:42.404+0530] {logging_mixin.py:137} INFO - [2023-03-07T18:12:42.403+0530] {dagbag.py:538} INFO - Filling up the DagBag from /home/ris/PycharmProjects/pythonProject/USA-housing/venv/lib/python3.10/site-packages/airflow/example_dags/example_latest_only_with_trigger.py
[2023-03-07T18:12:42.412+0530] {processor.py:753} INFO - DAG(s) dict_keys(['latest_only_with_trigger']) retrieved from /home/ris/PycharmProjects/pythonProject/USA-housing/venv/lib/python3.10/site-packages/airflow/example_dags/example_latest_only_with_trigger.py
[2023-03-07T18:12:42.430+0530] {logging_mixin.py:137} INFO - [2023-03-07T18:12:42.429+0530] {dag.py:2690} INFO - Sync 1 DAGs
[2023-03-07T18:12:42.446+0530] {logging_mixin.py:137} INFO - [2023-03-07T18:12:42.446+0530] {dag.py:3437} INFO - Setting next_dagrun for latest_only_with_trigger to 2023-03-07T08:42:42.446285+00:00, run_after=2023-03-07T12:42:42.446285+00:00
[2023-03-07T18:12:42.470+0530] {processor.py:175} INFO - Processing /home/ris/PycharmProjects/pythonProject/USA-housing/venv/lib/python3.10/site-packages/airflow/example_dags/example_latest_only_with_trigger.py took 0.072 seconds
[2023-03-07T18:13:31.239+0530] {processor.py:153} INFO - Started process (PID=7158) to work on /home/ris/PycharmProjects/pythonProject/USA-housing/venv/lib/python3.10/site-packages/airflow/example_dags/example_latest_only_with_trigger.py
[2023-03-07T18:13:31.241+0530] {processor.py:743} INFO - Processing file /home/ris/PycharmProjects/pythonProject/USA-housing/venv/lib/python3.10/site-packages/airflow/example_dags/example_latest_only_with_trigger.py for tasks to queue
[2023-03-07T18:13:31.242+0530] {logging_mixin.py:137} INFO - [2023-03-07T18:13:31.241+0530] {dagbag.py:538} INFO - Filling up the DagBag from /home/ris/PycharmProjects/pythonProject/USA-housing/venv/lib/python3.10/site-packages/airflow/example_dags/example_latest_only_with_trigger.py
[2023-03-07T18:13:31.248+0530] {processor.py:753} INFO - DAG(s) dict_keys(['latest_only_with_trigger']) retrieved from /home/ris/PycharmProjects/pythonProject/USA-housing/venv/lib/python3.10/site-packages/airflow/example_dags/example_latest_only_with_trigger.py
[2023-03-07T18:13:31.272+0530] {logging_mixin.py:137} INFO - [2023-03-07T18:13:31.271+0530] {dag.py:2690} INFO - Sync 1 DAGs
[2023-03-07T18:13:31.289+0530] {logging_mixin.py:137} INFO - [2023-03-07T18:13:31.289+0530] {dag.py:3437} INFO - Setting next_dagrun for latest_only_with_trigger to 2023-03-07T08:43:31.288990+00:00, run_after=2023-03-07T12:43:31.288990+00:00
[2023-03-07T18:13:31.308+0530] {processor.py:175} INFO - Processing /home/ris/PycharmProjects/pythonProject/USA-housing/venv/lib/python3.10/site-packages/airflow/example_dags/example_latest_only_with_trigger.py took 0.072 seconds
[2023-03-07T18:14:18.218+0530] {processor.py:153} INFO - Started process (PID=7217) to work on /home/ris/PycharmProjects/pythonProject/USA-housing/venv/lib/python3.10/site-packages/airflow/example_dags/example_latest_only_with_trigger.py
[2023-03-07T18:14:18.220+0530] {processor.py:743} INFO - Processing file /home/ris/PycharmProjects/pythonProject/USA-housing/venv/lib/python3.10/site-packages/airflow/example_dags/example_latest_only_with_trigger.py for tasks to queue
[2023-03-07T18:14:18.220+0530] {logging_mixin.py:137} INFO - [2023-03-07T18:14:18.220+0530] {dagbag.py:538} INFO - Filling up the DagBag from /home/ris/PycharmProjects/pythonProject/USA-housing/venv/lib/python3.10/site-packages/airflow/example_dags/example_latest_only_with_trigger.py
[2023-03-07T18:14:18.227+0530] {processor.py:753} INFO - DAG(s) dict_keys(['latest_only_with_trigger']) retrieved from /home/ris/PycharmProjects/pythonProject/USA-housing/venv/lib/python3.10/site-packages/airflow/example_dags/example_latest_only_with_trigger.py
[2023-03-07T18:14:18.245+0530] {logging_mixin.py:137} INFO - [2023-03-07T18:14:18.245+0530] {dag.py:2690} INFO - Sync 1 DAGs
[2023-03-07T18:14:18.262+0530] {logging_mixin.py:137} INFO - [2023-03-07T18:14:18.262+0530] {dag.py:3437} INFO - Setting next_dagrun for latest_only_with_trigger to 2023-03-07T08:44:18.262038+00:00, run_after=2023-03-07T12:44:18.262038+00:00
[2023-03-07T18:14:18.283+0530] {processor.py:175} INFO - Processing /home/ris/PycharmProjects/pythonProject/USA-housing/venv/lib/python3.10/site-packages/airflow/example_dags/example_latest_only_with_trigger.py took 0.067 seconds
[2023-03-07T18:15:02.621+0530] {processor.py:153} INFO - Started process (PID=7278) to work on /home/ris/PycharmProjects/pythonProject/USA-housing/venv/lib/python3.10/site-packages/airflow/example_dags/example_latest_only_with_trigger.py
[2023-03-07T18:15:02.622+0530] {processor.py:743} INFO - Processing file /home/ris/PycharmProjects/pythonProject/USA-housing/venv/lib/python3.10/site-packages/airflow/example_dags/example_latest_only_with_trigger.py for tasks to queue
[2023-03-07T18:15:02.623+0530] {logging_mixin.py:137} INFO - [2023-03-07T18:15:02.623+0530] {dagbag.py:538} INFO - Filling up the DagBag from /home/ris/PycharmProjects/pythonProject/USA-housing/venv/lib/python3.10/site-packages/airflow/example_dags/example_latest_only_with_trigger.py
[2023-03-07T18:15:02.631+0530] {processor.py:753} INFO - DAG(s) dict_keys(['latest_only_with_trigger']) retrieved from /home/ris/PycharmProjects/pythonProject/USA-housing/venv/lib/python3.10/site-packages/airflow/example_dags/example_latest_only_with_trigger.py
[2023-03-07T18:15:02.649+0530] {logging_mixin.py:137} INFO - [2023-03-07T18:15:02.649+0530] {dag.py:2690} INFO - Sync 1 DAGs
[2023-03-07T18:15:02.677+0530] {logging_mixin.py:137} INFO - [2023-03-07T18:15:02.676+0530] {dag.py:3437} INFO - Setting next_dagrun for latest_only_with_trigger to 2023-03-07T08:45:02.676261+00:00, run_after=2023-03-07T12:45:02.676261+00:00
[2023-03-07T18:15:02.705+0530] {processor.py:175} INFO - Processing /home/ris/PycharmProjects/pythonProject/USA-housing/venv/lib/python3.10/site-packages/airflow/example_dags/example_latest_only_with_trigger.py took 0.087 seconds
[2023-03-07T18:15:52.814+0530] {processor.py:153} INFO - Started process (PID=7358) to work on /home/ris/PycharmProjects/pythonProject/USA-housing/venv/lib/python3.10/site-packages/airflow/example_dags/example_latest_only_with_trigger.py
[2023-03-07T18:15:52.815+0530] {processor.py:743} INFO - Processing file /home/ris/PycharmProjects/pythonProject/USA-housing/venv/lib/python3.10/site-packages/airflow/example_dags/example_latest_only_with_trigger.py for tasks to queue
[2023-03-07T18:15:52.816+0530] {logging_mixin.py:137} INFO - [2023-03-07T18:15:52.816+0530] {dagbag.py:538} INFO - Filling up the DagBag from /home/ris/PycharmProjects/pythonProject/USA-housing/venv/lib/python3.10/site-packages/airflow/example_dags/example_latest_only_with_trigger.py
[2023-03-07T18:15:52.822+0530] {processor.py:753} INFO - DAG(s) dict_keys(['latest_only_with_trigger']) retrieved from /home/ris/PycharmProjects/pythonProject/USA-housing/venv/lib/python3.10/site-packages/airflow/example_dags/example_latest_only_with_trigger.py
[2023-03-07T18:15:52.840+0530] {logging_mixin.py:137} INFO - [2023-03-07T18:15:52.840+0530] {dag.py:2690} INFO - Sync 1 DAGs
[2023-03-07T18:15:52.856+0530] {logging_mixin.py:137} INFO - [2023-03-07T18:15:52.856+0530] {dag.py:3437} INFO - Setting next_dagrun for latest_only_with_trigger to 2023-03-07T08:45:52.855907+00:00, run_after=2023-03-07T12:45:52.855907+00:00
[2023-03-07T18:15:52.877+0530] {processor.py:175} INFO - Processing /home/ris/PycharmProjects/pythonProject/USA-housing/venv/lib/python3.10/site-packages/airflow/example_dags/example_latest_only_with_trigger.py took 0.066 seconds
[2023-03-07T18:16:35.891+0530] {processor.py:153} INFO - Started process (PID=7407) to work on /home/ris/PycharmProjects/pythonProject/USA-housing/venv/lib/python3.10/site-packages/airflow/example_dags/example_latest_only_with_trigger.py
[2023-03-07T18:16:35.893+0530] {processor.py:743} INFO - Processing file /home/ris/PycharmProjects/pythonProject/USA-housing/venv/lib/python3.10/site-packages/airflow/example_dags/example_latest_only_with_trigger.py for tasks to queue
[2023-03-07T18:16:35.893+0530] {logging_mixin.py:137} INFO - [2023-03-07T18:16:35.893+0530] {dagbag.py:538} INFO - Filling up the DagBag from /home/ris/PycharmProjects/pythonProject/USA-housing/venv/lib/python3.10/site-packages/airflow/example_dags/example_latest_only_with_trigger.py
[2023-03-07T18:16:35.900+0530] {processor.py:753} INFO - DAG(s) dict_keys(['latest_only_with_trigger']) retrieved from /home/ris/PycharmProjects/pythonProject/USA-housing/venv/lib/python3.10/site-packages/airflow/example_dags/example_latest_only_with_trigger.py
[2023-03-07T18:16:35.918+0530] {logging_mixin.py:137} INFO - [2023-03-07T18:16:35.917+0530] {dag.py:2690} INFO - Sync 1 DAGs
[2023-03-07T18:16:35.934+0530] {logging_mixin.py:137} INFO - [2023-03-07T18:16:35.934+0530] {dag.py:3437} INFO - Setting next_dagrun for latest_only_with_trigger to 2023-03-07T08:46:35.934205+00:00, run_after=2023-03-07T12:46:35.934205+00:00
[2023-03-07T18:16:35.955+0530] {processor.py:175} INFO - Processing /home/ris/PycharmProjects/pythonProject/USA-housing/venv/lib/python3.10/site-packages/airflow/example_dags/example_latest_only_with_trigger.py took 0.067 seconds
[2023-03-07T18:17:26.578+0530] {processor.py:153} INFO - Started process (PID=7475) to work on /home/ris/PycharmProjects/pythonProject/USA-housing/venv/lib/python3.10/site-packages/airflow/example_dags/example_latest_only_with_trigger.py
[2023-03-07T18:17:26.580+0530] {processor.py:743} INFO - Processing file /home/ris/PycharmProjects/pythonProject/USA-housing/venv/lib/python3.10/site-packages/airflow/example_dags/example_latest_only_with_trigger.py for tasks to queue
[2023-03-07T18:17:26.581+0530] {logging_mixin.py:137} INFO - [2023-03-07T18:17:26.581+0530] {dagbag.py:538} INFO - Filling up the DagBag from /home/ris/PycharmProjects/pythonProject/USA-housing/venv/lib/python3.10/site-packages/airflow/example_dags/example_latest_only_with_trigger.py
[2023-03-07T18:17:26.588+0530] {processor.py:753} INFO - DAG(s) dict_keys(['latest_only_with_trigger']) retrieved from /home/ris/PycharmProjects/pythonProject/USA-housing/venv/lib/python3.10/site-packages/airflow/example_dags/example_latest_only_with_trigger.py
[2023-03-07T18:17:26.605+0530] {logging_mixin.py:137} INFO - [2023-03-07T18:17:26.605+0530] {dag.py:2690} INFO - Sync 1 DAGs
[2023-03-07T18:17:26.622+0530] {logging_mixin.py:137} INFO - [2023-03-07T18:17:26.622+0530] {dag.py:3437} INFO - Setting next_dagrun for latest_only_with_trigger to 2023-03-07T08:47:26.622531+00:00, run_after=2023-03-07T12:47:26.622531+00:00
[2023-03-07T18:17:26.642+0530] {processor.py:175} INFO - Processing /home/ris/PycharmProjects/pythonProject/USA-housing/venv/lib/python3.10/site-packages/airflow/example_dags/example_latest_only_with_trigger.py took 0.067 seconds
[2023-03-07T18:18:16.991+0530] {processor.py:153} INFO - Started process (PID=7539) to work on /home/ris/PycharmProjects/pythonProject/USA-housing/venv/lib/python3.10/site-packages/airflow/example_dags/example_latest_only_with_trigger.py
[2023-03-07T18:18:16.992+0530] {processor.py:743} INFO - Processing file /home/ris/PycharmProjects/pythonProject/USA-housing/venv/lib/python3.10/site-packages/airflow/example_dags/example_latest_only_with_trigger.py for tasks to queue
[2023-03-07T18:18:16.994+0530] {logging_mixin.py:137} INFO - [2023-03-07T18:18:16.993+0530] {dagbag.py:538} INFO - Filling up the DagBag from /home/ris/PycharmProjects/pythonProject/USA-housing/venv/lib/python3.10/site-packages/airflow/example_dags/example_latest_only_with_trigger.py
[2023-03-07T18:18:17.012+0530] {processor.py:753} INFO - DAG(s) dict_keys(['latest_only_with_trigger']) retrieved from /home/ris/PycharmProjects/pythonProject/USA-housing/venv/lib/python3.10/site-packages/airflow/example_dags/example_latest_only_with_trigger.py
[2023-03-07T18:18:17.045+0530] {logging_mixin.py:137} INFO - [2023-03-07T18:18:17.044+0530] {dag.py:2690} INFO - Sync 1 DAGs
[2023-03-07T18:18:17.084+0530] {logging_mixin.py:137} INFO - [2023-03-07T18:18:17.083+0530] {dag.py:3437} INFO - Setting next_dagrun for latest_only_with_trigger to 2023-03-07T08:48:17.083057+00:00, run_after=2023-03-07T12:48:17.083057+00:00
[2023-03-07T18:18:17.142+0530] {processor.py:175} INFO - Processing /home/ris/PycharmProjects/pythonProject/USA-housing/venv/lib/python3.10/site-packages/airflow/example_dags/example_latest_only_with_trigger.py took 0.155 seconds
[2023-03-07T18:19:00.927+0530] {processor.py:153} INFO - Started process (PID=7589) to work on /home/ris/PycharmProjects/pythonProject/USA-housing/venv/lib/python3.10/site-packages/airflow/example_dags/example_latest_only_with_trigger.py
[2023-03-07T18:19:00.929+0530] {processor.py:743} INFO - Processing file /home/ris/PycharmProjects/pythonProject/USA-housing/venv/lib/python3.10/site-packages/airflow/example_dags/example_latest_only_with_trigger.py for tasks to queue
[2023-03-07T18:19:00.929+0530] {logging_mixin.py:137} INFO - [2023-03-07T18:19:00.929+0530] {dagbag.py:538} INFO - Filling up the DagBag from /home/ris/PycharmProjects/pythonProject/USA-housing/venv/lib/python3.10/site-packages/airflow/example_dags/example_latest_only_with_trigger.py
[2023-03-07T18:19:00.936+0530] {processor.py:753} INFO - DAG(s) dict_keys(['latest_only_with_trigger']) retrieved from /home/ris/PycharmProjects/pythonProject/USA-housing/venv/lib/python3.10/site-packages/airflow/example_dags/example_latest_only_with_trigger.py
[2023-03-07T18:19:00.953+0530] {logging_mixin.py:137} INFO - [2023-03-07T18:19:00.953+0530] {dag.py:2690} INFO - Sync 1 DAGs
[2023-03-07T18:19:00.975+0530] {logging_mixin.py:137} INFO - [2023-03-07T18:19:00.975+0530] {dag.py:3437} INFO - Setting next_dagrun for latest_only_with_trigger to 2023-03-07T08:49:00.975397+00:00, run_after=2023-03-07T12:49:00.975397+00:00
[2023-03-07T18:19:00.996+0530] {processor.py:175} INFO - Processing /home/ris/PycharmProjects/pythonProject/USA-housing/venv/lib/python3.10/site-packages/airflow/example_dags/example_latest_only_with_trigger.py took 0.072 seconds
[2023-03-07T18:19:43.345+0530] {processor.py:153} INFO - Started process (PID=7834) to work on /home/ris/PycharmProjects/pythonProject/USA-housing/venv/lib/python3.10/site-packages/airflow/example_dags/example_latest_only_with_trigger.py
[2023-03-07T18:19:43.347+0530] {processor.py:743} INFO - Processing file /home/ris/PycharmProjects/pythonProject/USA-housing/venv/lib/python3.10/site-packages/airflow/example_dags/example_latest_only_with_trigger.py for tasks to queue
[2023-03-07T18:19:43.348+0530] {logging_mixin.py:137} INFO - [2023-03-07T18:19:43.348+0530] {dagbag.py:538} INFO - Filling up the DagBag from /home/ris/PycharmProjects/pythonProject/USA-housing/venv/lib/python3.10/site-packages/airflow/example_dags/example_latest_only_with_trigger.py
[2023-03-07T18:19:43.356+0530] {processor.py:753} INFO - DAG(s) dict_keys(['latest_only_with_trigger']) retrieved from /home/ris/PycharmProjects/pythonProject/USA-housing/venv/lib/python3.10/site-packages/airflow/example_dags/example_latest_only_with_trigger.py
[2023-03-07T18:19:43.378+0530] {logging_mixin.py:137} INFO - [2023-03-07T18:19:43.378+0530] {dag.py:2690} INFO - Sync 1 DAGs
[2023-03-07T18:19:43.398+0530] {logging_mixin.py:137} INFO - [2023-03-07T18:19:43.398+0530] {dag.py:3437} INFO - Setting next_dagrun for latest_only_with_trigger to 2023-03-07T08:49:43.398152+00:00, run_after=2023-03-07T12:49:43.398152+00:00
[2023-03-07T18:19:43.427+0530] {processor.py:175} INFO - Processing /home/ris/PycharmProjects/pythonProject/USA-housing/venv/lib/python3.10/site-packages/airflow/example_dags/example_latest_only_with_trigger.py took 0.085 seconds
[2023-03-07T18:20:25.661+0530] {processor.py:153} INFO - Started process (PID=7934) to work on /home/ris/PycharmProjects/pythonProject/USA-housing/venv/lib/python3.10/site-packages/airflow/example_dags/example_latest_only_with_trigger.py
[2023-03-07T18:20:25.663+0530] {processor.py:743} INFO - Processing file /home/ris/PycharmProjects/pythonProject/USA-housing/venv/lib/python3.10/site-packages/airflow/example_dags/example_latest_only_with_trigger.py for tasks to queue
[2023-03-07T18:20:25.663+0530] {logging_mixin.py:137} INFO - [2023-03-07T18:20:25.663+0530] {dagbag.py:538} INFO - Filling up the DagBag from /home/ris/PycharmProjects/pythonProject/USA-housing/venv/lib/python3.10/site-packages/airflow/example_dags/example_latest_only_with_trigger.py
[2023-03-07T18:20:25.671+0530] {processor.py:753} INFO - DAG(s) dict_keys(['latest_only_with_trigger']) retrieved from /home/ris/PycharmProjects/pythonProject/USA-housing/venv/lib/python3.10/site-packages/airflow/example_dags/example_latest_only_with_trigger.py
[2023-03-07T18:20:25.688+0530] {logging_mixin.py:137} INFO - [2023-03-07T18:20:25.688+0530] {dag.py:2690} INFO - Sync 1 DAGs
[2023-03-07T18:20:25.708+0530] {logging_mixin.py:137} INFO - [2023-03-07T18:20:25.707+0530] {dag.py:3437} INFO - Setting next_dagrun for latest_only_with_trigger to 2023-03-07T08:50:25.707663+00:00, run_after=2023-03-07T12:50:25.707663+00:00
[2023-03-07T18:20:25.728+0530] {processor.py:175} INFO - Processing /home/ris/PycharmProjects/pythonProject/USA-housing/venv/lib/python3.10/site-packages/airflow/example_dags/example_latest_only_with_trigger.py took 0.070 seconds
[2023-03-07T18:21:07.933+0530] {processor.py:153} INFO - Started process (PID=7985) to work on /home/ris/PycharmProjects/pythonProject/USA-housing/venv/lib/python3.10/site-packages/airflow/example_dags/example_latest_only_with_trigger.py
[2023-03-07T18:21:07.934+0530] {processor.py:743} INFO - Processing file /home/ris/PycharmProjects/pythonProject/USA-housing/venv/lib/python3.10/site-packages/airflow/example_dags/example_latest_only_with_trigger.py for tasks to queue
[2023-03-07T18:21:07.935+0530] {logging_mixin.py:137} INFO - [2023-03-07T18:21:07.935+0530] {dagbag.py:538} INFO - Filling up the DagBag from /home/ris/PycharmProjects/pythonProject/USA-housing/venv/lib/python3.10/site-packages/airflow/example_dags/example_latest_only_with_trigger.py
[2023-03-07T18:21:07.942+0530] {processor.py:753} INFO - DAG(s) dict_keys(['latest_only_with_trigger']) retrieved from /home/ris/PycharmProjects/pythonProject/USA-housing/venv/lib/python3.10/site-packages/airflow/example_dags/example_latest_only_with_trigger.py
[2023-03-07T18:21:07.959+0530] {logging_mixin.py:137} INFO - [2023-03-07T18:21:07.959+0530] {dag.py:2690} INFO - Sync 1 DAGs
[2023-03-07T18:21:07.976+0530] {logging_mixin.py:137} INFO - [2023-03-07T18:21:07.975+0530] {dag.py:3437} INFO - Setting next_dagrun for latest_only_with_trigger to 2023-03-07T08:51:07.975756+00:00, run_after=2023-03-07T12:51:07.975756+00:00
[2023-03-07T18:21:07.997+0530] {processor.py:175} INFO - Processing /home/ris/PycharmProjects/pythonProject/USA-housing/venv/lib/python3.10/site-packages/airflow/example_dags/example_latest_only_with_trigger.py took 0.067 seconds
[2023-03-07T18:21:57.989+0530] {processor.py:153} INFO - Started process (PID=8045) to work on /home/ris/PycharmProjects/pythonProject/USA-housing/venv/lib/python3.10/site-packages/airflow/example_dags/example_latest_only_with_trigger.py
[2023-03-07T18:21:57.991+0530] {processor.py:743} INFO - Processing file /home/ris/PycharmProjects/pythonProject/USA-housing/venv/lib/python3.10/site-packages/airflow/example_dags/example_latest_only_with_trigger.py for tasks to queue
[2023-03-07T18:21:57.992+0530] {logging_mixin.py:137} INFO - [2023-03-07T18:21:57.992+0530] {dagbag.py:538} INFO - Filling up the DagBag from /home/ris/PycharmProjects/pythonProject/USA-housing/venv/lib/python3.10/site-packages/airflow/example_dags/example_latest_only_with_trigger.py
[2023-03-07T18:21:57.999+0530] {processor.py:753} INFO - DAG(s) dict_keys(['latest_only_with_trigger']) retrieved from /home/ris/PycharmProjects/pythonProject/USA-housing/venv/lib/python3.10/site-packages/airflow/example_dags/example_latest_only_with_trigger.py
[2023-03-07T18:21:58.019+0530] {logging_mixin.py:137} INFO - [2023-03-07T18:21:58.018+0530] {dag.py:2690} INFO - Sync 1 DAGs
[2023-03-07T18:21:58.036+0530] {logging_mixin.py:137} INFO - [2023-03-07T18:21:58.036+0530] {dag.py:3437} INFO - Setting next_dagrun for latest_only_with_trigger to 2023-03-07T08:51:58.036143+00:00, run_after=2023-03-07T12:51:58.036143+00:00
[2023-03-07T18:21:58.056+0530] {processor.py:175} INFO - Processing /home/ris/PycharmProjects/pythonProject/USA-housing/venv/lib/python3.10/site-packages/airflow/example_dags/example_latest_only_with_trigger.py took 0.070 seconds
[2023-03-07T18:22:46.699+0530] {processor.py:153} INFO - Started process (PID=8098) to work on /home/ris/PycharmProjects/pythonProject/USA-housing/venv/lib/python3.10/site-packages/airflow/example_dags/example_latest_only_with_trigger.py
[2023-03-07T18:22:46.701+0530] {processor.py:743} INFO - Processing file /home/ris/PycharmProjects/pythonProject/USA-housing/venv/lib/python3.10/site-packages/airflow/example_dags/example_latest_only_with_trigger.py for tasks to queue
[2023-03-07T18:22:46.702+0530] {logging_mixin.py:137} INFO - [2023-03-07T18:22:46.702+0530] {dagbag.py:538} INFO - Filling up the DagBag from /home/ris/PycharmProjects/pythonProject/USA-housing/venv/lib/python3.10/site-packages/airflow/example_dags/example_latest_only_with_trigger.py
[2023-03-07T18:22:46.709+0530] {processor.py:753} INFO - DAG(s) dict_keys(['latest_only_with_trigger']) retrieved from /home/ris/PycharmProjects/pythonProject/USA-housing/venv/lib/python3.10/site-packages/airflow/example_dags/example_latest_only_with_trigger.py
[2023-03-07T18:22:46.731+0530] {logging_mixin.py:137} INFO - [2023-03-07T18:22:46.731+0530] {dag.py:2690} INFO - Sync 1 DAGs
[2023-03-07T18:22:46.752+0530] {logging_mixin.py:137} INFO - [2023-03-07T18:22:46.752+0530] {dag.py:3437} INFO - Setting next_dagrun for latest_only_with_trigger to 2023-03-07T08:52:46.752185+00:00, run_after=2023-03-07T12:52:46.752185+00:00
[2023-03-07T18:22:46.771+0530] {processor.py:175} INFO - Processing /home/ris/PycharmProjects/pythonProject/USA-housing/venv/lib/python3.10/site-packages/airflow/example_dags/example_latest_only_with_trigger.py took 0.076 seconds
[2023-03-07T18:23:38.924+0530] {processor.py:153} INFO - Started process (PID=8327) to work on /home/ris/PycharmProjects/pythonProject/USA-housing/venv/lib/python3.10/site-packages/airflow/example_dags/example_latest_only_with_trigger.py
[2023-03-07T18:23:38.926+0530] {processor.py:743} INFO - Processing file /home/ris/PycharmProjects/pythonProject/USA-housing/venv/lib/python3.10/site-packages/airflow/example_dags/example_latest_only_with_trigger.py for tasks to queue
[2023-03-07T18:23:38.928+0530] {logging_mixin.py:137} INFO - [2023-03-07T18:23:38.927+0530] {dagbag.py:538} INFO - Filling up the DagBag from /home/ris/PycharmProjects/pythonProject/USA-housing/venv/lib/python3.10/site-packages/airflow/example_dags/example_latest_only_with_trigger.py
[2023-03-07T18:23:38.938+0530] {processor.py:753} INFO - DAG(s) dict_keys(['latest_only_with_trigger']) retrieved from /home/ris/PycharmProjects/pythonProject/USA-housing/venv/lib/python3.10/site-packages/airflow/example_dags/example_latest_only_with_trigger.py
[2023-03-07T18:23:38.960+0530] {logging_mixin.py:137} INFO - [2023-03-07T18:23:38.959+0530] {dag.py:2690} INFO - Sync 1 DAGs
[2023-03-07T18:23:38.984+0530] {logging_mixin.py:137} INFO - [2023-03-07T18:23:38.984+0530] {dag.py:3437} INFO - Setting next_dagrun for latest_only_with_trigger to 2023-03-07T08:53:38.984158+00:00, run_after=2023-03-07T12:53:38.984158+00:00
[2023-03-07T18:23:39.009+0530] {processor.py:175} INFO - Processing /home/ris/PycharmProjects/pythonProject/USA-housing/venv/lib/python3.10/site-packages/airflow/example_dags/example_latest_only_with_trigger.py took 0.088 seconds
[2023-03-07T18:24:25.826+0530] {processor.py:153} INFO - Started process (PID=8375) to work on /home/ris/PycharmProjects/pythonProject/USA-housing/venv/lib/python3.10/site-packages/airflow/example_dags/example_latest_only_with_trigger.py
[2023-03-07T18:24:25.828+0530] {processor.py:743} INFO - Processing file /home/ris/PycharmProjects/pythonProject/USA-housing/venv/lib/python3.10/site-packages/airflow/example_dags/example_latest_only_with_trigger.py for tasks to queue
[2023-03-07T18:24:25.829+0530] {logging_mixin.py:137} INFO - [2023-03-07T18:24:25.829+0530] {dagbag.py:538} INFO - Filling up the DagBag from /home/ris/PycharmProjects/pythonProject/USA-housing/venv/lib/python3.10/site-packages/airflow/example_dags/example_latest_only_with_trigger.py
[2023-03-07T18:24:25.838+0530] {processor.py:753} INFO - DAG(s) dict_keys(['latest_only_with_trigger']) retrieved from /home/ris/PycharmProjects/pythonProject/USA-housing/venv/lib/python3.10/site-packages/airflow/example_dags/example_latest_only_with_trigger.py
[2023-03-07T18:24:25.858+0530] {logging_mixin.py:137} INFO - [2023-03-07T18:24:25.857+0530] {dag.py:2690} INFO - Sync 1 DAGs
[2023-03-07T18:24:25.876+0530] {logging_mixin.py:137} INFO - [2023-03-07T18:24:25.875+0530] {dag.py:3437} INFO - Setting next_dagrun for latest_only_with_trigger to 2023-03-07T08:54:25.875730+00:00, run_after=2023-03-07T12:54:25.875730+00:00
[2023-03-07T18:24:25.901+0530] {processor.py:175} INFO - Processing /home/ris/PycharmProjects/pythonProject/USA-housing/venv/lib/python3.10/site-packages/airflow/example_dags/example_latest_only_with_trigger.py took 0.078 seconds
[2023-03-07T18:25:10.266+0530] {processor.py:153} INFO - Started process (PID=8425) to work on /home/ris/PycharmProjects/pythonProject/USA-housing/venv/lib/python3.10/site-packages/airflow/example_dags/example_latest_only_with_trigger.py
[2023-03-07T18:25:10.268+0530] {processor.py:743} INFO - Processing file /home/ris/PycharmProjects/pythonProject/USA-housing/venv/lib/python3.10/site-packages/airflow/example_dags/example_latest_only_with_trigger.py for tasks to queue
[2023-03-07T18:25:10.269+0530] {logging_mixin.py:137} INFO - [2023-03-07T18:25:10.269+0530] {dagbag.py:538} INFO - Filling up the DagBag from /home/ris/PycharmProjects/pythonProject/USA-housing/venv/lib/python3.10/site-packages/airflow/example_dags/example_latest_only_with_trigger.py
[2023-03-07T18:25:10.280+0530] {processor.py:753} INFO - DAG(s) dict_keys(['latest_only_with_trigger']) retrieved from /home/ris/PycharmProjects/pythonProject/USA-housing/venv/lib/python3.10/site-packages/airflow/example_dags/example_latest_only_with_trigger.py
[2023-03-07T18:25:10.301+0530] {logging_mixin.py:137} INFO - [2023-03-07T18:25:10.300+0530] {dag.py:2690} INFO - Sync 1 DAGs
[2023-03-07T18:25:10.319+0530] {logging_mixin.py:137} INFO - [2023-03-07T18:25:10.318+0530] {dag.py:3437} INFO - Setting next_dagrun for latest_only_with_trigger to 2023-03-07T08:55:10.318619+00:00, run_after=2023-03-07T12:55:10.318619+00:00
[2023-03-07T18:25:10.352+0530] {processor.py:175} INFO - Processing /home/ris/PycharmProjects/pythonProject/USA-housing/venv/lib/python3.10/site-packages/airflow/example_dags/example_latest_only_with_trigger.py took 0.089 seconds
[2023-03-07T18:25:56.710+0530] {processor.py:153} INFO - Started process (PID=8515) to work on /home/ris/PycharmProjects/pythonProject/USA-housing/venv/lib/python3.10/site-packages/airflow/example_dags/example_latest_only_with_trigger.py
[2023-03-07T18:25:56.715+0530] {processor.py:743} INFO - Processing file /home/ris/PycharmProjects/pythonProject/USA-housing/venv/lib/python3.10/site-packages/airflow/example_dags/example_latest_only_with_trigger.py for tasks to queue
[2023-03-07T18:25:56.720+0530] {logging_mixin.py:137} INFO - [2023-03-07T18:25:56.719+0530] {dagbag.py:538} INFO - Filling up the DagBag from /home/ris/PycharmProjects/pythonProject/USA-housing/venv/lib/python3.10/site-packages/airflow/example_dags/example_latest_only_with_trigger.py
[2023-03-07T18:25:56.739+0530] {processor.py:753} INFO - DAG(s) dict_keys(['latest_only_with_trigger']) retrieved from /home/ris/PycharmProjects/pythonProject/USA-housing/venv/lib/python3.10/site-packages/airflow/example_dags/example_latest_only_with_trigger.py
[2023-03-07T18:25:56.773+0530] {logging_mixin.py:137} INFO - [2023-03-07T18:25:56.772+0530] {dag.py:2690} INFO - Sync 1 DAGs
[2023-03-07T18:25:56.804+0530] {logging_mixin.py:137} INFO - [2023-03-07T18:25:56.804+0530] {dag.py:3437} INFO - Setting next_dagrun for latest_only_with_trigger to 2023-03-07T08:55:56.804068+00:00, run_after=2023-03-07T12:55:56.804068+00:00
[2023-03-07T18:25:56.834+0530] {processor.py:175} INFO - Processing /home/ris/PycharmProjects/pythonProject/USA-housing/venv/lib/python3.10/site-packages/airflow/example_dags/example_latest_only_with_trigger.py took 0.135 seconds
[2023-03-07T18:26:41.391+0530] {processor.py:153} INFO - Started process (PID=8639) to work on /home/ris/PycharmProjects/pythonProject/USA-housing/venv/lib/python3.10/site-packages/airflow/example_dags/example_latest_only_with_trigger.py
[2023-03-07T18:26:41.392+0530] {processor.py:743} INFO - Processing file /home/ris/PycharmProjects/pythonProject/USA-housing/venv/lib/python3.10/site-packages/airflow/example_dags/example_latest_only_with_trigger.py for tasks to queue
[2023-03-07T18:26:41.393+0530] {logging_mixin.py:137} INFO - [2023-03-07T18:26:41.393+0530] {dagbag.py:538} INFO - Filling up the DagBag from /home/ris/PycharmProjects/pythonProject/USA-housing/venv/lib/python3.10/site-packages/airflow/example_dags/example_latest_only_with_trigger.py
[2023-03-07T18:26:41.402+0530] {processor.py:753} INFO - DAG(s) dict_keys(['latest_only_with_trigger']) retrieved from /home/ris/PycharmProjects/pythonProject/USA-housing/venv/lib/python3.10/site-packages/airflow/example_dags/example_latest_only_with_trigger.py
[2023-03-07T18:26:41.422+0530] {logging_mixin.py:137} INFO - [2023-03-07T18:26:41.422+0530] {dag.py:2690} INFO - Sync 1 DAGs
[2023-03-07T18:26:41.442+0530] {logging_mixin.py:137} INFO - [2023-03-07T18:26:41.442+0530] {dag.py:3437} INFO - Setting next_dagrun for latest_only_with_trigger to 2023-03-07T08:56:41.442230+00:00, run_after=2023-03-07T12:56:41.442230+00:00
[2023-03-07T18:26:41.468+0530] {processor.py:175} INFO - Processing /home/ris/PycharmProjects/pythonProject/USA-housing/venv/lib/python3.10/site-packages/airflow/example_dags/example_latest_only_with_trigger.py took 0.080 seconds
[2023-03-07T18:27:35.170+0530] {processor.py:153} INFO - Started process (PID=8701) to work on /home/ris/PycharmProjects/pythonProject/USA-housing/venv/lib/python3.10/site-packages/airflow/example_dags/example_latest_only_with_trigger.py
[2023-03-07T18:27:35.172+0530] {processor.py:743} INFO - Processing file /home/ris/PycharmProjects/pythonProject/USA-housing/venv/lib/python3.10/site-packages/airflow/example_dags/example_latest_only_with_trigger.py for tasks to queue
[2023-03-07T18:27:35.174+0530] {logging_mixin.py:137} INFO - [2023-03-07T18:27:35.173+0530] {dagbag.py:538} INFO - Filling up the DagBag from /home/ris/PycharmProjects/pythonProject/USA-housing/venv/lib/python3.10/site-packages/airflow/example_dags/example_latest_only_with_trigger.py
[2023-03-07T18:27:35.182+0530] {processor.py:753} INFO - DAG(s) dict_keys(['latest_only_with_trigger']) retrieved from /home/ris/PycharmProjects/pythonProject/USA-housing/venv/lib/python3.10/site-packages/airflow/example_dags/example_latest_only_with_trigger.py
[2023-03-07T18:27:35.203+0530] {logging_mixin.py:137} INFO - [2023-03-07T18:27:35.203+0530] {dag.py:2690} INFO - Sync 1 DAGs
[2023-03-07T18:27:35.221+0530] {logging_mixin.py:137} INFO - [2023-03-07T18:27:35.221+0530] {dag.py:3437} INFO - Setting next_dagrun for latest_only_with_trigger to 2023-03-07T08:57:35.221159+00:00, run_after=2023-03-07T12:57:35.221159+00:00
[2023-03-07T18:27:35.242+0530] {processor.py:175} INFO - Processing /home/ris/PycharmProjects/pythonProject/USA-housing/venv/lib/python3.10/site-packages/airflow/example_dags/example_latest_only_with_trigger.py took 0.079 seconds
[2023-03-07T18:28:21.098+0530] {processor.py:153} INFO - Started process (PID=8754) to work on /home/ris/PycharmProjects/pythonProject/USA-housing/venv/lib/python3.10/site-packages/airflow/example_dags/example_latest_only_with_trigger.py
[2023-03-07T18:28:21.099+0530] {processor.py:743} INFO - Processing file /home/ris/PycharmProjects/pythonProject/USA-housing/venv/lib/python3.10/site-packages/airflow/example_dags/example_latest_only_with_trigger.py for tasks to queue
[2023-03-07T18:28:21.100+0530] {logging_mixin.py:137} INFO - [2023-03-07T18:28:21.100+0530] {dagbag.py:538} INFO - Filling up the DagBag from /home/ris/PycharmProjects/pythonProject/USA-housing/venv/lib/python3.10/site-packages/airflow/example_dags/example_latest_only_with_trigger.py
[2023-03-07T18:28:21.111+0530] {processor.py:753} INFO - DAG(s) dict_keys(['latest_only_with_trigger']) retrieved from /home/ris/PycharmProjects/pythonProject/USA-housing/venv/lib/python3.10/site-packages/airflow/example_dags/example_latest_only_with_trigger.py
[2023-03-07T18:28:21.133+0530] {logging_mixin.py:137} INFO - [2023-03-07T18:28:21.132+0530] {dag.py:2690} INFO - Sync 1 DAGs
[2023-03-07T18:28:21.157+0530] {logging_mixin.py:137} INFO - [2023-03-07T18:28:21.157+0530] {dag.py:3437} INFO - Setting next_dagrun for latest_only_with_trigger to 2023-03-07T08:58:21.157197+00:00, run_after=2023-03-07T12:58:21.157197+00:00
[2023-03-07T18:28:21.193+0530] {processor.py:175} INFO - Processing /home/ris/PycharmProjects/pythonProject/USA-housing/venv/lib/python3.10/site-packages/airflow/example_dags/example_latest_only_with_trigger.py took 0.098 seconds
[2023-03-07T18:29:04.308+0530] {processor.py:153} INFO - Started process (PID=8815) to work on /home/ris/PycharmProjects/pythonProject/USA-housing/venv/lib/python3.10/site-packages/airflow/example_dags/example_latest_only_with_trigger.py
[2023-03-07T18:29:04.311+0530] {processor.py:743} INFO - Processing file /home/ris/PycharmProjects/pythonProject/USA-housing/venv/lib/python3.10/site-packages/airflow/example_dags/example_latest_only_with_trigger.py for tasks to queue
[2023-03-07T18:29:04.312+0530] {logging_mixin.py:137} INFO - [2023-03-07T18:29:04.311+0530] {dagbag.py:538} INFO - Filling up the DagBag from /home/ris/PycharmProjects/pythonProject/USA-housing/venv/lib/python3.10/site-packages/airflow/example_dags/example_latest_only_with_trigger.py
[2023-03-07T18:29:04.320+0530] {processor.py:753} INFO - DAG(s) dict_keys(['latest_only_with_trigger']) retrieved from /home/ris/PycharmProjects/pythonProject/USA-housing/venv/lib/python3.10/site-packages/airflow/example_dags/example_latest_only_with_trigger.py
[2023-03-07T18:29:04.341+0530] {logging_mixin.py:137} INFO - [2023-03-07T18:29:04.340+0530] {dag.py:2690} INFO - Sync 1 DAGs
[2023-03-07T18:29:04.355+0530] {logging_mixin.py:137} INFO - [2023-03-07T18:29:04.355+0530] {dag.py:3437} INFO - Setting next_dagrun for latest_only_with_trigger to 2023-03-07T08:59:04.355424+00:00, run_after=2023-03-07T12:59:04.355424+00:00
[2023-03-07T18:29:04.374+0530] {processor.py:175} INFO - Processing /home/ris/PycharmProjects/pythonProject/USA-housing/venv/lib/python3.10/site-packages/airflow/example_dags/example_latest_only_with_trigger.py took 0.069 seconds
[2023-03-07T18:29:48.860+0530] {processor.py:153} INFO - Started process (PID=8868) to work on /home/ris/PycharmProjects/pythonProject/USA-housing/venv/lib/python3.10/site-packages/airflow/example_dags/example_latest_only_with_trigger.py
[2023-03-07T18:29:48.862+0530] {processor.py:743} INFO - Processing file /home/ris/PycharmProjects/pythonProject/USA-housing/venv/lib/python3.10/site-packages/airflow/example_dags/example_latest_only_with_trigger.py for tasks to queue
[2023-03-07T18:29:48.863+0530] {logging_mixin.py:137} INFO - [2023-03-07T18:29:48.863+0530] {dagbag.py:538} INFO - Filling up the DagBag from /home/ris/PycharmProjects/pythonProject/USA-housing/venv/lib/python3.10/site-packages/airflow/example_dags/example_latest_only_with_trigger.py
[2023-03-07T18:29:48.869+0530] {processor.py:753} INFO - DAG(s) dict_keys(['latest_only_with_trigger']) retrieved from /home/ris/PycharmProjects/pythonProject/USA-housing/venv/lib/python3.10/site-packages/airflow/example_dags/example_latest_only_with_trigger.py
[2023-03-07T18:29:48.887+0530] {logging_mixin.py:137} INFO - [2023-03-07T18:29:48.887+0530] {dag.py:2690} INFO - Sync 1 DAGs
[2023-03-07T18:29:48.903+0530] {logging_mixin.py:137} INFO - [2023-03-07T18:29:48.903+0530] {dag.py:3437} INFO - Setting next_dagrun for latest_only_with_trigger to 2023-03-07T08:59:48.903459+00:00, run_after=2023-03-07T12:59:48.903459+00:00
[2023-03-07T18:29:48.929+0530] {processor.py:175} INFO - Processing /home/ris/PycharmProjects/pythonProject/USA-housing/venv/lib/python3.10/site-packages/airflow/example_dags/example_latest_only_with_trigger.py took 0.072 seconds
[2023-03-07T18:30:38.503+0530] {processor.py:153} INFO - Started process (PID=8968) to work on /home/ris/PycharmProjects/pythonProject/USA-housing/venv/lib/python3.10/site-packages/airflow/example_dags/example_latest_only_with_trigger.py
[2023-03-07T18:30:38.505+0530] {processor.py:743} INFO - Processing file /home/ris/PycharmProjects/pythonProject/USA-housing/venv/lib/python3.10/site-packages/airflow/example_dags/example_latest_only_with_trigger.py for tasks to queue
[2023-03-07T18:30:38.505+0530] {logging_mixin.py:137} INFO - [2023-03-07T18:30:38.505+0530] {dagbag.py:538} INFO - Filling up the DagBag from /home/ris/PycharmProjects/pythonProject/USA-housing/venv/lib/python3.10/site-packages/airflow/example_dags/example_latest_only_with_trigger.py
[2023-03-07T18:30:38.512+0530] {processor.py:753} INFO - DAG(s) dict_keys(['latest_only_with_trigger']) retrieved from /home/ris/PycharmProjects/pythonProject/USA-housing/venv/lib/python3.10/site-packages/airflow/example_dags/example_latest_only_with_trigger.py
[2023-03-07T18:30:38.529+0530] {logging_mixin.py:137} INFO - [2023-03-07T18:30:38.529+0530] {dag.py:2690} INFO - Sync 1 DAGs
[2023-03-07T18:30:38.546+0530] {logging_mixin.py:137} INFO - [2023-03-07T18:30:38.546+0530] {dag.py:3437} INFO - Setting next_dagrun for latest_only_with_trigger to 2023-03-07T09:00:38.546394+00:00, run_after=2023-03-07T13:00:38.546394+00:00
[2023-03-07T18:30:38.566+0530] {processor.py:175} INFO - Processing /home/ris/PycharmProjects/pythonProject/USA-housing/venv/lib/python3.10/site-packages/airflow/example_dags/example_latest_only_with_trigger.py took 0.066 seconds
[2023-03-07T18:31:19.196+0530] {processor.py:153} INFO - Started process (PID=9011) to work on /home/ris/PycharmProjects/pythonProject/USA-housing/venv/lib/python3.10/site-packages/airflow/example_dags/example_latest_only_with_trigger.py
[2023-03-07T18:31:19.198+0530] {processor.py:743} INFO - Processing file /home/ris/PycharmProjects/pythonProject/USA-housing/venv/lib/python3.10/site-packages/airflow/example_dags/example_latest_only_with_trigger.py for tasks to queue
[2023-03-07T18:31:19.199+0530] {logging_mixin.py:137} INFO - [2023-03-07T18:31:19.198+0530] {dagbag.py:538} INFO - Filling up the DagBag from /home/ris/PycharmProjects/pythonProject/USA-housing/venv/lib/python3.10/site-packages/airflow/example_dags/example_latest_only_with_trigger.py
[2023-03-07T18:31:19.205+0530] {processor.py:753} INFO - DAG(s) dict_keys(['latest_only_with_trigger']) retrieved from /home/ris/PycharmProjects/pythonProject/USA-housing/venv/lib/python3.10/site-packages/airflow/example_dags/example_latest_only_with_trigger.py
[2023-03-07T18:31:19.223+0530] {logging_mixin.py:137} INFO - [2023-03-07T18:31:19.222+0530] {dag.py:2690} INFO - Sync 1 DAGs
[2023-03-07T18:31:19.239+0530] {logging_mixin.py:137} INFO - [2023-03-07T18:31:19.239+0530] {dag.py:3437} INFO - Setting next_dagrun for latest_only_with_trigger to 2023-03-07T09:01:19.238767+00:00, run_after=2023-03-07T13:01:19.238767+00:00
[2023-03-07T18:31:19.258+0530] {processor.py:175} INFO - Processing /home/ris/PycharmProjects/pythonProject/USA-housing/venv/lib/python3.10/site-packages/airflow/example_dags/example_latest_only_with_trigger.py took 0.065 seconds
[2023-03-07T18:32:00.338+0530] {processor.py:153} INFO - Started process (PID=9087) to work on /home/ris/PycharmProjects/pythonProject/USA-housing/venv/lib/python3.10/site-packages/airflow/example_dags/example_latest_only_with_trigger.py
[2023-03-07T18:32:00.340+0530] {processor.py:743} INFO - Processing file /home/ris/PycharmProjects/pythonProject/USA-housing/venv/lib/python3.10/site-packages/airflow/example_dags/example_latest_only_with_trigger.py for tasks to queue
[2023-03-07T18:32:00.342+0530] {logging_mixin.py:137} INFO - [2023-03-07T18:32:00.342+0530] {dagbag.py:538} INFO - Filling up the DagBag from /home/ris/PycharmProjects/pythonProject/USA-housing/venv/lib/python3.10/site-packages/airflow/example_dags/example_latest_only_with_trigger.py
[2023-03-07T18:32:00.348+0530] {processor.py:753} INFO - DAG(s) dict_keys(['latest_only_with_trigger']) retrieved from /home/ris/PycharmProjects/pythonProject/USA-housing/venv/lib/python3.10/site-packages/airflow/example_dags/example_latest_only_with_trigger.py
[2023-03-07T18:32:00.366+0530] {logging_mixin.py:137} INFO - [2023-03-07T18:32:00.366+0530] {dag.py:2690} INFO - Sync 1 DAGs
[2023-03-07T18:32:00.384+0530] {logging_mixin.py:137} INFO - [2023-03-07T18:32:00.384+0530] {dag.py:3437} INFO - Setting next_dagrun for latest_only_with_trigger to 2023-03-07T09:02:00.383900+00:00, run_after=2023-03-07T13:02:00.383900+00:00
[2023-03-07T18:32:00.405+0530] {processor.py:175} INFO - Processing /home/ris/PycharmProjects/pythonProject/USA-housing/venv/lib/python3.10/site-packages/airflow/example_dags/example_latest_only_with_trigger.py took 0.069 seconds
[2023-03-07T18:32:44.635+0530] {processor.py:153} INFO - Started process (PID=9139) to work on /home/ris/PycharmProjects/pythonProject/USA-housing/venv/lib/python3.10/site-packages/airflow/example_dags/example_latest_only_with_trigger.py
[2023-03-07T18:32:44.637+0530] {processor.py:743} INFO - Processing file /home/ris/PycharmProjects/pythonProject/USA-housing/venv/lib/python3.10/site-packages/airflow/example_dags/example_latest_only_with_trigger.py for tasks to queue
[2023-03-07T18:32:44.637+0530] {logging_mixin.py:137} INFO - [2023-03-07T18:32:44.637+0530] {dagbag.py:538} INFO - Filling up the DagBag from /home/ris/PycharmProjects/pythonProject/USA-housing/venv/lib/python3.10/site-packages/airflow/example_dags/example_latest_only_with_trigger.py
[2023-03-07T18:32:44.644+0530] {processor.py:753} INFO - DAG(s) dict_keys(['latest_only_with_trigger']) retrieved from /home/ris/PycharmProjects/pythonProject/USA-housing/venv/lib/python3.10/site-packages/airflow/example_dags/example_latest_only_with_trigger.py
[2023-03-07T18:32:44.661+0530] {logging_mixin.py:137} INFO - [2023-03-07T18:32:44.660+0530] {dag.py:2690} INFO - Sync 1 DAGs
[2023-03-07T18:32:44.676+0530] {logging_mixin.py:137} INFO - [2023-03-07T18:32:44.676+0530] {dag.py:3437} INFO - Setting next_dagrun for latest_only_with_trigger to 2023-03-07T09:02:44.676480+00:00, run_after=2023-03-07T13:02:44.676480+00:00
[2023-03-07T18:32:44.697+0530] {processor.py:175} INFO - Processing /home/ris/PycharmProjects/pythonProject/USA-housing/venv/lib/python3.10/site-packages/airflow/example_dags/example_latest_only_with_trigger.py took 0.065 seconds
[2023-03-07T18:33:36.260+0530] {processor.py:153} INFO - Started process (PID=9196) to work on /home/ris/PycharmProjects/pythonProject/USA-housing/venv/lib/python3.10/site-packages/airflow/example_dags/example_latest_only_with_trigger.py
[2023-03-07T18:33:36.262+0530] {processor.py:743} INFO - Processing file /home/ris/PycharmProjects/pythonProject/USA-housing/venv/lib/python3.10/site-packages/airflow/example_dags/example_latest_only_with_trigger.py for tasks to queue
[2023-03-07T18:33:36.262+0530] {logging_mixin.py:137} INFO - [2023-03-07T18:33:36.262+0530] {dagbag.py:538} INFO - Filling up the DagBag from /home/ris/PycharmProjects/pythonProject/USA-housing/venv/lib/python3.10/site-packages/airflow/example_dags/example_latest_only_with_trigger.py
[2023-03-07T18:33:36.270+0530] {processor.py:753} INFO - DAG(s) dict_keys(['latest_only_with_trigger']) retrieved from /home/ris/PycharmProjects/pythonProject/USA-housing/venv/lib/python3.10/site-packages/airflow/example_dags/example_latest_only_with_trigger.py
[2023-03-07T18:33:36.288+0530] {logging_mixin.py:137} INFO - [2023-03-07T18:33:36.288+0530] {dag.py:2690} INFO - Sync 1 DAGs
[2023-03-07T18:33:36.304+0530] {logging_mixin.py:137} INFO - [2023-03-07T18:33:36.304+0530] {dag.py:3437} INFO - Setting next_dagrun for latest_only_with_trigger to 2023-03-07T09:03:36.304294+00:00, run_after=2023-03-07T13:03:36.304294+00:00
[2023-03-07T18:33:36.324+0530] {processor.py:175} INFO - Processing /home/ris/PycharmProjects/pythonProject/USA-housing/venv/lib/python3.10/site-packages/airflow/example_dags/example_latest_only_with_trigger.py took 0.067 seconds
[2023-03-07T18:34:21.498+0530] {processor.py:153} INFO - Started process (PID=9247) to work on /home/ris/PycharmProjects/pythonProject/USA-housing/venv/lib/python3.10/site-packages/airflow/example_dags/example_latest_only_with_trigger.py
[2023-03-07T18:34:21.500+0530] {processor.py:743} INFO - Processing file /home/ris/PycharmProjects/pythonProject/USA-housing/venv/lib/python3.10/site-packages/airflow/example_dags/example_latest_only_with_trigger.py for tasks to queue
[2023-03-07T18:34:21.501+0530] {logging_mixin.py:137} INFO - [2023-03-07T18:34:21.501+0530] {dagbag.py:538} INFO - Filling up the DagBag from /home/ris/PycharmProjects/pythonProject/USA-housing/venv/lib/python3.10/site-packages/airflow/example_dags/example_latest_only_with_trigger.py
[2023-03-07T18:34:21.508+0530] {processor.py:753} INFO - DAG(s) dict_keys(['latest_only_with_trigger']) retrieved from /home/ris/PycharmProjects/pythonProject/USA-housing/venv/lib/python3.10/site-packages/airflow/example_dags/example_latest_only_with_trigger.py
[2023-03-07T18:34:21.526+0530] {logging_mixin.py:137} INFO - [2023-03-07T18:34:21.526+0530] {dag.py:2690} INFO - Sync 1 DAGs
[2023-03-07T18:34:21.543+0530] {logging_mixin.py:137} INFO - [2023-03-07T18:34:21.543+0530] {dag.py:3437} INFO - Setting next_dagrun for latest_only_with_trigger to 2023-03-07T09:04:21.542940+00:00, run_after=2023-03-07T13:04:21.542940+00:00
[2023-03-07T18:34:21.565+0530] {processor.py:175} INFO - Processing /home/ris/PycharmProjects/pythonProject/USA-housing/venv/lib/python3.10/site-packages/airflow/example_dags/example_latest_only_with_trigger.py took 0.069 seconds
[2023-03-07T18:35:09.342+0530] {processor.py:153} INFO - Started process (PID=9301) to work on /home/ris/PycharmProjects/pythonProject/USA-housing/venv/lib/python3.10/site-packages/airflow/example_dags/example_latest_only_with_trigger.py
[2023-03-07T18:35:09.343+0530] {processor.py:743} INFO - Processing file /home/ris/PycharmProjects/pythonProject/USA-housing/venv/lib/python3.10/site-packages/airflow/example_dags/example_latest_only_with_trigger.py for tasks to queue
[2023-03-07T18:35:09.344+0530] {logging_mixin.py:137} INFO - [2023-03-07T18:35:09.344+0530] {dagbag.py:538} INFO - Filling up the DagBag from /home/ris/PycharmProjects/pythonProject/USA-housing/venv/lib/python3.10/site-packages/airflow/example_dags/example_latest_only_with_trigger.py
[2023-03-07T18:35:09.350+0530] {processor.py:753} INFO - DAG(s) dict_keys(['latest_only_with_trigger']) retrieved from /home/ris/PycharmProjects/pythonProject/USA-housing/venv/lib/python3.10/site-packages/airflow/example_dags/example_latest_only_with_trigger.py
[2023-03-07T18:35:09.368+0530] {logging_mixin.py:137} INFO - [2023-03-07T18:35:09.368+0530] {dag.py:2690} INFO - Sync 1 DAGs
[2023-03-07T18:35:09.385+0530] {logging_mixin.py:137} INFO - [2023-03-07T18:35:09.385+0530] {dag.py:3437} INFO - Setting next_dagrun for latest_only_with_trigger to 2023-03-07T09:05:09.385614+00:00, run_after=2023-03-07T13:05:09.385614+00:00
[2023-03-07T18:35:09.404+0530] {processor.py:175} INFO - Processing /home/ris/PycharmProjects/pythonProject/USA-housing/venv/lib/python3.10/site-packages/airflow/example_dags/example_latest_only_with_trigger.py took 0.065 seconds
[2023-03-07T18:36:00.557+0530] {processor.py:153} INFO - Started process (PID=9379) to work on /home/ris/PycharmProjects/pythonProject/USA-housing/venv/lib/python3.10/site-packages/airflow/example_dags/example_latest_only_with_trigger.py
[2023-03-07T18:36:00.559+0530] {processor.py:743} INFO - Processing file /home/ris/PycharmProjects/pythonProject/USA-housing/venv/lib/python3.10/site-packages/airflow/example_dags/example_latest_only_with_trigger.py for tasks to queue
[2023-03-07T18:36:00.560+0530] {logging_mixin.py:137} INFO - [2023-03-07T18:36:00.560+0530] {dagbag.py:538} INFO - Filling up the DagBag from /home/ris/PycharmProjects/pythonProject/USA-housing/venv/lib/python3.10/site-packages/airflow/example_dags/example_latest_only_with_trigger.py
[2023-03-07T18:36:00.572+0530] {processor.py:753} INFO - DAG(s) dict_keys(['latest_only_with_trigger']) retrieved from /home/ris/PycharmProjects/pythonProject/USA-housing/venv/lib/python3.10/site-packages/airflow/example_dags/example_latest_only_with_trigger.py
[2023-03-07T18:36:00.602+0530] {logging_mixin.py:137} INFO - [2023-03-07T18:36:00.602+0530] {dag.py:2690} INFO - Sync 1 DAGs
[2023-03-07T18:36:00.616+0530] {logging_mixin.py:137} INFO - [2023-03-07T18:36:00.616+0530] {dag.py:3437} INFO - Setting next_dagrun for latest_only_with_trigger to 2023-03-07T09:06:00.616524+00:00, run_after=2023-03-07T13:06:00.616524+00:00
[2023-03-07T18:36:00.634+0530] {processor.py:175} INFO - Processing /home/ris/PycharmProjects/pythonProject/USA-housing/venv/lib/python3.10/site-packages/airflow/example_dags/example_latest_only_with_trigger.py took 0.081 seconds
[2023-03-07T18:36:47.486+0530] {processor.py:153} INFO - Started process (PID=9432) to work on /home/ris/PycharmProjects/pythonProject/USA-housing/venv/lib/python3.10/site-packages/airflow/example_dags/example_latest_only_with_trigger.py
[2023-03-07T18:36:47.488+0530] {processor.py:743} INFO - Processing file /home/ris/PycharmProjects/pythonProject/USA-housing/venv/lib/python3.10/site-packages/airflow/example_dags/example_latest_only_with_trigger.py for tasks to queue
[2023-03-07T18:36:47.489+0530] {logging_mixin.py:137} INFO - [2023-03-07T18:36:47.488+0530] {dagbag.py:538} INFO - Filling up the DagBag from /home/ris/PycharmProjects/pythonProject/USA-housing/venv/lib/python3.10/site-packages/airflow/example_dags/example_latest_only_with_trigger.py
[2023-03-07T18:36:47.495+0530] {processor.py:753} INFO - DAG(s) dict_keys(['latest_only_with_trigger']) retrieved from /home/ris/PycharmProjects/pythonProject/USA-housing/venv/lib/python3.10/site-packages/airflow/example_dags/example_latest_only_with_trigger.py
[2023-03-07T18:36:47.512+0530] {logging_mixin.py:137} INFO - [2023-03-07T18:36:47.512+0530] {dag.py:2690} INFO - Sync 1 DAGs
[2023-03-07T18:36:47.528+0530] {logging_mixin.py:137} INFO - [2023-03-07T18:36:47.528+0530] {dag.py:3437} INFO - Setting next_dagrun for latest_only_with_trigger to 2023-03-07T09:06:47.528195+00:00, run_after=2023-03-07T13:06:47.528195+00:00
[2023-03-07T18:36:47.547+0530] {processor.py:175} INFO - Processing /home/ris/PycharmProjects/pythonProject/USA-housing/venv/lib/python3.10/site-packages/airflow/example_dags/example_latest_only_with_trigger.py took 0.064 seconds
[2023-03-07T18:37:39.794+0530] {processor.py:153} INFO - Started process (PID=9530) to work on /home/ris/PycharmProjects/pythonProject/USA-housing/venv/lib/python3.10/site-packages/airflow/example_dags/example_latest_only_with_trigger.py
[2023-03-07T18:37:39.796+0530] {processor.py:743} INFO - Processing file /home/ris/PycharmProjects/pythonProject/USA-housing/venv/lib/python3.10/site-packages/airflow/example_dags/example_latest_only_with_trigger.py for tasks to queue
[2023-03-07T18:37:39.798+0530] {logging_mixin.py:137} INFO - [2023-03-07T18:37:39.797+0530] {dagbag.py:538} INFO - Filling up the DagBag from /home/ris/PycharmProjects/pythonProject/USA-housing/venv/lib/python3.10/site-packages/airflow/example_dags/example_latest_only_with_trigger.py
[2023-03-07T18:37:39.813+0530] {processor.py:753} INFO - DAG(s) dict_keys(['latest_only_with_trigger']) retrieved from /home/ris/PycharmProjects/pythonProject/USA-housing/venv/lib/python3.10/site-packages/airflow/example_dags/example_latest_only_with_trigger.py
[2023-03-07T18:37:39.841+0530] {logging_mixin.py:137} INFO - [2023-03-07T18:37:39.841+0530] {dag.py:2690} INFO - Sync 1 DAGs
[2023-03-07T18:37:39.856+0530] {logging_mixin.py:137} INFO - [2023-03-07T18:37:39.856+0530] {dag.py:3437} INFO - Setting next_dagrun for latest_only_with_trigger to 2023-03-07T09:07:39.856049+00:00, run_after=2023-03-07T13:07:39.856049+00:00
[2023-03-07T18:37:39.874+0530] {processor.py:175} INFO - Processing /home/ris/PycharmProjects/pythonProject/USA-housing/venv/lib/python3.10/site-packages/airflow/example_dags/example_latest_only_with_trigger.py took 0.084 seconds
[2023-03-07T18:38:31.411+0530] {processor.py:153} INFO - Started process (PID=9592) to work on /home/ris/PycharmProjects/pythonProject/USA-housing/venv/lib/python3.10/site-packages/airflow/example_dags/example_latest_only_with_trigger.py
[2023-03-07T18:38:31.412+0530] {processor.py:743} INFO - Processing file /home/ris/PycharmProjects/pythonProject/USA-housing/venv/lib/python3.10/site-packages/airflow/example_dags/example_latest_only_with_trigger.py for tasks to queue
[2023-03-07T18:38:31.412+0530] {logging_mixin.py:137} INFO - [2023-03-07T18:38:31.412+0530] {dagbag.py:538} INFO - Filling up the DagBag from /home/ris/PycharmProjects/pythonProject/USA-housing/venv/lib/python3.10/site-packages/airflow/example_dags/example_latest_only_with_trigger.py
[2023-03-07T18:38:31.419+0530] {processor.py:753} INFO - DAG(s) dict_keys(['latest_only_with_trigger']) retrieved from /home/ris/PycharmProjects/pythonProject/USA-housing/venv/lib/python3.10/site-packages/airflow/example_dags/example_latest_only_with_trigger.py
[2023-03-07T18:38:31.436+0530] {logging_mixin.py:137} INFO - [2023-03-07T18:38:31.436+0530] {dag.py:2690} INFO - Sync 1 DAGs
[2023-03-07T18:38:31.451+0530] {logging_mixin.py:137} INFO - [2023-03-07T18:38:31.451+0530] {dag.py:3437} INFO - Setting next_dagrun for latest_only_with_trigger to 2023-03-07T09:08:31.451091+00:00, run_after=2023-03-07T13:08:31.451091+00:00
[2023-03-07T18:38:31.471+0530] {processor.py:175} INFO - Processing /home/ris/PycharmProjects/pythonProject/USA-housing/venv/lib/python3.10/site-packages/airflow/example_dags/example_latest_only_with_trigger.py took 0.062 seconds
[2023-03-07T18:39:23.856+0530] {processor.py:153} INFO - Started process (PID=9677) to work on /home/ris/PycharmProjects/pythonProject/USA-housing/venv/lib/python3.10/site-packages/airflow/example_dags/example_latest_only_with_trigger.py
[2023-03-07T18:39:23.858+0530] {processor.py:743} INFO - Processing file /home/ris/PycharmProjects/pythonProject/USA-housing/venv/lib/python3.10/site-packages/airflow/example_dags/example_latest_only_with_trigger.py for tasks to queue
[2023-03-07T18:39:23.859+0530] {logging_mixin.py:137} INFO - [2023-03-07T18:39:23.859+0530] {dagbag.py:538} INFO - Filling up the DagBag from /home/ris/PycharmProjects/pythonProject/USA-housing/venv/lib/python3.10/site-packages/airflow/example_dags/example_latest_only_with_trigger.py
[2023-03-07T18:39:23.872+0530] {processor.py:753} INFO - DAG(s) dict_keys(['latest_only_with_trigger']) retrieved from /home/ris/PycharmProjects/pythonProject/USA-housing/venv/lib/python3.10/site-packages/airflow/example_dags/example_latest_only_with_trigger.py
[2023-03-07T18:39:23.901+0530] {logging_mixin.py:137} INFO - [2023-03-07T18:39:23.901+0530] {dag.py:2690} INFO - Sync 1 DAGs
[2023-03-07T18:39:23.915+0530] {logging_mixin.py:137} INFO - [2023-03-07T18:39:23.915+0530] {dag.py:3437} INFO - Setting next_dagrun for latest_only_with_trigger to 2023-03-07T09:09:23.915587+00:00, run_after=2023-03-07T13:09:23.915587+00:00
[2023-03-07T18:39:23.932+0530] {processor.py:175} INFO - Processing /home/ris/PycharmProjects/pythonProject/USA-housing/venv/lib/python3.10/site-packages/airflow/example_dags/example_latest_only_with_trigger.py took 0.081 seconds
[2023-03-07T18:40:07.440+0530] {processor.py:153} INFO - Started process (PID=9723) to work on /home/ris/PycharmProjects/pythonProject/USA-housing/venv/lib/python3.10/site-packages/airflow/example_dags/example_latest_only_with_trigger.py
[2023-03-07T18:40:07.442+0530] {processor.py:743} INFO - Processing file /home/ris/PycharmProjects/pythonProject/USA-housing/venv/lib/python3.10/site-packages/airflow/example_dags/example_latest_only_with_trigger.py for tasks to queue
[2023-03-07T18:40:07.443+0530] {logging_mixin.py:137} INFO - [2023-03-07T18:40:07.443+0530] {dagbag.py:538} INFO - Filling up the DagBag from /home/ris/PycharmProjects/pythonProject/USA-housing/venv/lib/python3.10/site-packages/airflow/example_dags/example_latest_only_with_trigger.py
[2023-03-07T18:40:07.456+0530] {processor.py:753} INFO - DAG(s) dict_keys(['latest_only_with_trigger']) retrieved from /home/ris/PycharmProjects/pythonProject/USA-housing/venv/lib/python3.10/site-packages/airflow/example_dags/example_latest_only_with_trigger.py
[2023-03-07T18:40:07.485+0530] {logging_mixin.py:137} INFO - [2023-03-07T18:40:07.485+0530] {dag.py:2690} INFO - Sync 1 DAGs
[2023-03-07T18:40:07.499+0530] {logging_mixin.py:137} INFO - [2023-03-07T18:40:07.499+0530] {dag.py:3437} INFO - Setting next_dagrun for latest_only_with_trigger to 2023-03-07T09:10:07.499298+00:00, run_after=2023-03-07T13:10:07.499298+00:00
[2023-03-07T18:40:07.516+0530] {processor.py:175} INFO - Processing /home/ris/PycharmProjects/pythonProject/USA-housing/venv/lib/python3.10/site-packages/airflow/example_dags/example_latest_only_with_trigger.py took 0.080 seconds
