[2023-03-07T16:10:55.684+0530] {processor.py:153} INFO - Started process (PID=14983) to work on /home/ris/PycharmProjects/pythonProject/USA-housing/venv/lib/python3.10/site-packages/airflow/example_dags/example_kubernetes_executor.py
[2023-03-07T16:10:55.685+0530] {processor.py:743} INFO - Processing file /home/ris/PycharmProjects/pythonProject/USA-housing/venv/lib/python3.10/site-packages/airflow/example_dags/example_kubernetes_executor.py for tasks to queue
[2023-03-07T16:10:55.686+0530] {logging_mixin.py:137} INFO - [2023-03-07T16:10:55.686+0530] {dagbag.py:538} INFO - Filling up the DagBag from /home/ris/PycharmProjects/pythonProject/USA-housing/venv/lib/python3.10/site-packages/airflow/example_dags/example_kubernetes_executor.py
[2023-03-07T16:10:55.709+0530] {logging_mixin.py:137} INFO - [2023-03-07T16:10:55.709+0530] {example_kubernetes_executor.py:41} WARNING - The example_kubernetes_executor example DAG requires the kubernetes provider. Please install it with: pip install apache-airflow[cncf.kubernetes]
[2023-03-07T16:10:55.710+0530] {processor.py:755} WARNING - No viable dags retrieved from /home/ris/PycharmProjects/pythonProject/USA-housing/venv/lib/python3.10/site-packages/airflow/example_dags/example_kubernetes_executor.py
[2023-03-07T16:10:55.723+0530] {processor.py:175} INFO - Processing /home/ris/PycharmProjects/pythonProject/USA-housing/venv/lib/python3.10/site-packages/airflow/example_dags/example_kubernetes_executor.py took 0.043 seconds
[2023-03-07T17:37:53.280+0530] {processor.py:153} INFO - Started process (PID=5648) to work on /home/ris/PycharmProjects/pythonProject/USA-housing/venv/lib/python3.10/site-packages/airflow/example_dags/example_kubernetes_executor.py
[2023-03-07T17:37:53.282+0530] {processor.py:743} INFO - Processing file /home/ris/PycharmProjects/pythonProject/USA-housing/venv/lib/python3.10/site-packages/airflow/example_dags/example_kubernetes_executor.py for tasks to queue
[2023-03-07T17:37:53.283+0530] {logging_mixin.py:137} INFO - [2023-03-07T17:37:53.283+0530] {dagbag.py:538} INFO - Filling up the DagBag from /home/ris/PycharmProjects/pythonProject/USA-housing/venv/lib/python3.10/site-packages/airflow/example_dags/example_kubernetes_executor.py
[2023-03-07T17:37:53.300+0530] {logging_mixin.py:137} INFO - [2023-03-07T17:37:53.300+0530] {example_kubernetes_executor.py:41} WARNING - The example_kubernetes_executor example DAG requires the kubernetes provider. Please install it with: pip install apache-airflow[cncf.kubernetes]
[2023-03-07T17:37:53.300+0530] {processor.py:755} WARNING - No viable dags retrieved from /home/ris/PycharmProjects/pythonProject/USA-housing/venv/lib/python3.10/site-packages/airflow/example_dags/example_kubernetes_executor.py
[2023-03-07T17:37:53.309+0530] {processor.py:175} INFO - Processing /home/ris/PycharmProjects/pythonProject/USA-housing/venv/lib/python3.10/site-packages/airflow/example_dags/example_kubernetes_executor.py took 0.032 seconds
[2023-03-07T17:38:56.015+0530] {processor.py:153} INFO - Started process (PID=5772) to work on /home/ris/PycharmProjects/pythonProject/USA-housing/venv/lib/python3.10/site-packages/airflow/example_dags/example_kubernetes_executor.py
[2023-03-07T17:38:56.017+0530] {processor.py:743} INFO - Processing file /home/ris/PycharmProjects/pythonProject/USA-housing/venv/lib/python3.10/site-packages/airflow/example_dags/example_kubernetes_executor.py for tasks to queue
[2023-03-07T17:38:56.018+0530] {logging_mixin.py:137} INFO - [2023-03-07T17:38:56.018+0530] {dagbag.py:538} INFO - Filling up the DagBag from /home/ris/PycharmProjects/pythonProject/USA-housing/venv/lib/python3.10/site-packages/airflow/example_dags/example_kubernetes_executor.py
[2023-03-07T17:38:56.052+0530] {logging_mixin.py:137} INFO - [2023-03-07T17:38:56.052+0530] {example_kubernetes_executor.py:41} WARNING - The example_kubernetes_executor example DAG requires the kubernetes provider. Please install it with: pip install apache-airflow[cncf.kubernetes]
[2023-03-07T17:38:56.053+0530] {processor.py:755} WARNING - No viable dags retrieved from /home/ris/PycharmProjects/pythonProject/USA-housing/venv/lib/python3.10/site-packages/airflow/example_dags/example_kubernetes_executor.py
[2023-03-07T17:38:56.063+0530] {processor.py:175} INFO - Processing /home/ris/PycharmProjects/pythonProject/USA-housing/venv/lib/python3.10/site-packages/airflow/example_dags/example_kubernetes_executor.py took 0.053 seconds
[2023-03-07T17:59:34.466+0530] {processor.py:153} INFO - Started process (PID=5936) to work on /home/ris/PycharmProjects/pythonProject/USA-housing/venv/lib/python3.10/site-packages/airflow/example_dags/example_kubernetes_executor.py
[2023-03-07T17:59:34.468+0530] {processor.py:743} INFO - Processing file /home/ris/PycharmProjects/pythonProject/USA-housing/venv/lib/python3.10/site-packages/airflow/example_dags/example_kubernetes_executor.py for tasks to queue
[2023-03-07T17:59:34.469+0530] {logging_mixin.py:137} INFO - [2023-03-07T17:59:34.469+0530] {dagbag.py:538} INFO - Filling up the DagBag from /home/ris/PycharmProjects/pythonProject/USA-housing/venv/lib/python3.10/site-packages/airflow/example_dags/example_kubernetes_executor.py
[2023-03-07T17:59:34.492+0530] {logging_mixin.py:137} INFO - [2023-03-07T17:59:34.492+0530] {example_kubernetes_executor.py:41} WARNING - The example_kubernetes_executor example DAG requires the kubernetes provider. Please install it with: pip install apache-airflow[cncf.kubernetes]
[2023-03-07T17:59:34.492+0530] {processor.py:755} WARNING - No viable dags retrieved from /home/ris/PycharmProjects/pythonProject/USA-housing/venv/lib/python3.10/site-packages/airflow/example_dags/example_kubernetes_executor.py
[2023-03-07T17:59:34.500+0530] {processor.py:175} INFO - Processing /home/ris/PycharmProjects/pythonProject/USA-housing/venv/lib/python3.10/site-packages/airflow/example_dags/example_kubernetes_executor.py took 0.037 seconds
[2023-03-07T18:00:19.689+0530] {processor.py:153} INFO - Started process (PID=5979) to work on /home/ris/PycharmProjects/pythonProject/USA-housing/venv/lib/python3.10/site-packages/airflow/example_dags/example_kubernetes_executor.py
[2023-03-07T18:00:19.690+0530] {processor.py:743} INFO - Processing file /home/ris/PycharmProjects/pythonProject/USA-housing/venv/lib/python3.10/site-packages/airflow/example_dags/example_kubernetes_executor.py for tasks to queue
[2023-03-07T18:00:19.690+0530] {logging_mixin.py:137} INFO - [2023-03-07T18:00:19.690+0530] {dagbag.py:538} INFO - Filling up the DagBag from /home/ris/PycharmProjects/pythonProject/USA-housing/venv/lib/python3.10/site-packages/airflow/example_dags/example_kubernetes_executor.py
[2023-03-07T18:00:19.704+0530] {logging_mixin.py:137} INFO - [2023-03-07T18:00:19.703+0530] {example_kubernetes_executor.py:41} WARNING - The example_kubernetes_executor example DAG requires the kubernetes provider. Please install it with: pip install apache-airflow[cncf.kubernetes]
[2023-03-07T18:00:19.704+0530] {processor.py:755} WARNING - No viable dags retrieved from /home/ris/PycharmProjects/pythonProject/USA-housing/venv/lib/python3.10/site-packages/airflow/example_dags/example_kubernetes_executor.py
[2023-03-07T18:00:19.711+0530] {processor.py:175} INFO - Processing /home/ris/PycharmProjects/pythonProject/USA-housing/venv/lib/python3.10/site-packages/airflow/example_dags/example_kubernetes_executor.py took 0.024 seconds
[2023-03-07T18:01:03.850+0530] {processor.py:153} INFO - Started process (PID=6028) to work on /home/ris/PycharmProjects/pythonProject/USA-housing/venv/lib/python3.10/site-packages/airflow/example_dags/example_kubernetes_executor.py
[2023-03-07T18:01:03.855+0530] {processor.py:743} INFO - Processing file /home/ris/PycharmProjects/pythonProject/USA-housing/venv/lib/python3.10/site-packages/airflow/example_dags/example_kubernetes_executor.py for tasks to queue
[2023-03-07T18:01:03.856+0530] {logging_mixin.py:137} INFO - [2023-03-07T18:01:03.856+0530] {dagbag.py:538} INFO - Filling up the DagBag from /home/ris/PycharmProjects/pythonProject/USA-housing/venv/lib/python3.10/site-packages/airflow/example_dags/example_kubernetes_executor.py
[2023-03-07T18:01:03.868+0530] {logging_mixin.py:137} INFO - [2023-03-07T18:01:03.868+0530] {example_kubernetes_executor.py:41} WARNING - The example_kubernetes_executor example DAG requires the kubernetes provider. Please install it with: pip install apache-airflow[cncf.kubernetes]
[2023-03-07T18:01:03.869+0530] {processor.py:755} WARNING - No viable dags retrieved from /home/ris/PycharmProjects/pythonProject/USA-housing/venv/lib/python3.10/site-packages/airflow/example_dags/example_kubernetes_executor.py
[2023-03-07T18:01:03.877+0530] {processor.py:175} INFO - Processing /home/ris/PycharmProjects/pythonProject/USA-housing/venv/lib/python3.10/site-packages/airflow/example_dags/example_kubernetes_executor.py took 0.029 seconds
[2023-03-07T18:01:45.146+0530] {processor.py:153} INFO - Started process (PID=6073) to work on /home/ris/PycharmProjects/pythonProject/USA-housing/venv/lib/python3.10/site-packages/airflow/example_dags/example_kubernetes_executor.py
[2023-03-07T18:01:45.147+0530] {processor.py:743} INFO - Processing file /home/ris/PycharmProjects/pythonProject/USA-housing/venv/lib/python3.10/site-packages/airflow/example_dags/example_kubernetes_executor.py for tasks to queue
[2023-03-07T18:01:45.148+0530] {logging_mixin.py:137} INFO - [2023-03-07T18:01:45.148+0530] {dagbag.py:538} INFO - Filling up the DagBag from /home/ris/PycharmProjects/pythonProject/USA-housing/venv/lib/python3.10/site-packages/airflow/example_dags/example_kubernetes_executor.py
[2023-03-07T18:01:45.162+0530] {logging_mixin.py:137} INFO - [2023-03-07T18:01:45.162+0530] {example_kubernetes_executor.py:41} WARNING - The example_kubernetes_executor example DAG requires the kubernetes provider. Please install it with: pip install apache-airflow[cncf.kubernetes]
[2023-03-07T18:01:45.162+0530] {processor.py:755} WARNING - No viable dags retrieved from /home/ris/PycharmProjects/pythonProject/USA-housing/venv/lib/python3.10/site-packages/airflow/example_dags/example_kubernetes_executor.py
[2023-03-07T18:01:45.171+0530] {processor.py:175} INFO - Processing /home/ris/PycharmProjects/pythonProject/USA-housing/venv/lib/python3.10/site-packages/airflow/example_dags/example_kubernetes_executor.py took 0.028 seconds
[2023-03-07T18:02:28.524+0530] {processor.py:153} INFO - Started process (PID=6120) to work on /home/ris/PycharmProjects/pythonProject/USA-housing/venv/lib/python3.10/site-packages/airflow/example_dags/example_kubernetes_executor.py
[2023-03-07T18:02:28.526+0530] {processor.py:743} INFO - Processing file /home/ris/PycharmProjects/pythonProject/USA-housing/venv/lib/python3.10/site-packages/airflow/example_dags/example_kubernetes_executor.py for tasks to queue
[2023-03-07T18:02:28.527+0530] {logging_mixin.py:137} INFO - [2023-03-07T18:02:28.527+0530] {dagbag.py:538} INFO - Filling up the DagBag from /home/ris/PycharmProjects/pythonProject/USA-housing/venv/lib/python3.10/site-packages/airflow/example_dags/example_kubernetes_executor.py
[2023-03-07T18:02:28.551+0530] {logging_mixin.py:137} INFO - [2023-03-07T18:02:28.551+0530] {example_kubernetes_executor.py:41} WARNING - The example_kubernetes_executor example DAG requires the kubernetes provider. Please install it with: pip install apache-airflow[cncf.kubernetes]
[2023-03-07T18:02:28.551+0530] {processor.py:755} WARNING - No viable dags retrieved from /home/ris/PycharmProjects/pythonProject/USA-housing/venv/lib/python3.10/site-packages/airflow/example_dags/example_kubernetes_executor.py
[2023-03-07T18:02:28.560+0530] {processor.py:175} INFO - Processing /home/ris/PycharmProjects/pythonProject/USA-housing/venv/lib/python3.10/site-packages/airflow/example_dags/example_kubernetes_executor.py took 0.040 seconds
[2023-03-07T18:03:17.239+0530] {processor.py:153} INFO - Started process (PID=6174) to work on /home/ris/PycharmProjects/pythonProject/USA-housing/venv/lib/python3.10/site-packages/airflow/example_dags/example_kubernetes_executor.py
[2023-03-07T18:03:17.241+0530] {processor.py:743} INFO - Processing file /home/ris/PycharmProjects/pythonProject/USA-housing/venv/lib/python3.10/site-packages/airflow/example_dags/example_kubernetes_executor.py for tasks to queue
[2023-03-07T18:03:17.241+0530] {logging_mixin.py:137} INFO - [2023-03-07T18:03:17.241+0530] {dagbag.py:538} INFO - Filling up the DagBag from /home/ris/PycharmProjects/pythonProject/USA-housing/venv/lib/python3.10/site-packages/airflow/example_dags/example_kubernetes_executor.py
[2023-03-07T18:03:17.253+0530] {logging_mixin.py:137} INFO - [2023-03-07T18:03:17.253+0530] {example_kubernetes_executor.py:41} WARNING - The example_kubernetes_executor example DAG requires the kubernetes provider. Please install it with: pip install apache-airflow[cncf.kubernetes]
[2023-03-07T18:03:17.254+0530] {processor.py:755} WARNING - No viable dags retrieved from /home/ris/PycharmProjects/pythonProject/USA-housing/venv/lib/python3.10/site-packages/airflow/example_dags/example_kubernetes_executor.py
[2023-03-07T18:03:17.262+0530] {processor.py:175} INFO - Processing /home/ris/PycharmProjects/pythonProject/USA-housing/venv/lib/python3.10/site-packages/airflow/example_dags/example_kubernetes_executor.py took 0.027 seconds
[2023-03-07T18:04:05.074+0530] {processor.py:153} INFO - Started process (PID=6234) to work on /home/ris/PycharmProjects/pythonProject/USA-housing/venv/lib/python3.10/site-packages/airflow/example_dags/example_kubernetes_executor.py
[2023-03-07T18:04:05.075+0530] {processor.py:743} INFO - Processing file /home/ris/PycharmProjects/pythonProject/USA-housing/venv/lib/python3.10/site-packages/airflow/example_dags/example_kubernetes_executor.py for tasks to queue
[2023-03-07T18:04:05.076+0530] {logging_mixin.py:137} INFO - [2023-03-07T18:04:05.076+0530] {dagbag.py:538} INFO - Filling up the DagBag from /home/ris/PycharmProjects/pythonProject/USA-housing/venv/lib/python3.10/site-packages/airflow/example_dags/example_kubernetes_executor.py
[2023-03-07T18:04:05.090+0530] {logging_mixin.py:137} INFO - [2023-03-07T18:04:05.090+0530] {example_kubernetes_executor.py:41} WARNING - The example_kubernetes_executor example DAG requires the kubernetes provider. Please install it with: pip install apache-airflow[cncf.kubernetes]
[2023-03-07T18:04:05.091+0530] {processor.py:755} WARNING - No viable dags retrieved from /home/ris/PycharmProjects/pythonProject/USA-housing/venv/lib/python3.10/site-packages/airflow/example_dags/example_kubernetes_executor.py
[2023-03-07T18:04:05.098+0530] {processor.py:175} INFO - Processing /home/ris/PycharmProjects/pythonProject/USA-housing/venv/lib/python3.10/site-packages/airflow/example_dags/example_kubernetes_executor.py took 0.027 seconds
[2023-03-07T18:04:53.173+0530] {processor.py:153} INFO - Started process (PID=6288) to work on /home/ris/PycharmProjects/pythonProject/USA-housing/venv/lib/python3.10/site-packages/airflow/example_dags/example_kubernetes_executor.py
[2023-03-07T18:04:53.175+0530] {processor.py:743} INFO - Processing file /home/ris/PycharmProjects/pythonProject/USA-housing/venv/lib/python3.10/site-packages/airflow/example_dags/example_kubernetes_executor.py for tasks to queue
[2023-03-07T18:04:53.176+0530] {logging_mixin.py:137} INFO - [2023-03-07T18:04:53.175+0530] {dagbag.py:538} INFO - Filling up the DagBag from /home/ris/PycharmProjects/pythonProject/USA-housing/venv/lib/python3.10/site-packages/airflow/example_dags/example_kubernetes_executor.py
[2023-03-07T18:04:53.190+0530] {logging_mixin.py:137} INFO - [2023-03-07T18:04:53.190+0530] {example_kubernetes_executor.py:41} WARNING - The example_kubernetes_executor example DAG requires the kubernetes provider. Please install it with: pip install apache-airflow[cncf.kubernetes]
[2023-03-07T18:04:53.190+0530] {processor.py:755} WARNING - No viable dags retrieved from /home/ris/PycharmProjects/pythonProject/USA-housing/venv/lib/python3.10/site-packages/airflow/example_dags/example_kubernetes_executor.py
[2023-03-07T18:04:53.199+0530] {processor.py:175} INFO - Processing /home/ris/PycharmProjects/pythonProject/USA-housing/venv/lib/python3.10/site-packages/airflow/example_dags/example_kubernetes_executor.py took 0.029 seconds
[2023-03-07T18:05:41.620+0530] {processor.py:153} INFO - Started process (PID=6340) to work on /home/ris/PycharmProjects/pythonProject/USA-housing/venv/lib/python3.10/site-packages/airflow/example_dags/example_kubernetes_executor.py
[2023-03-07T18:05:41.622+0530] {processor.py:743} INFO - Processing file /home/ris/PycharmProjects/pythonProject/USA-housing/venv/lib/python3.10/site-packages/airflow/example_dags/example_kubernetes_executor.py for tasks to queue
[2023-03-07T18:05:41.622+0530] {logging_mixin.py:137} INFO - [2023-03-07T18:05:41.622+0530] {dagbag.py:538} INFO - Filling up the DagBag from /home/ris/PycharmProjects/pythonProject/USA-housing/venv/lib/python3.10/site-packages/airflow/example_dags/example_kubernetes_executor.py
[2023-03-07T18:05:41.636+0530] {logging_mixin.py:137} INFO - [2023-03-07T18:05:41.636+0530] {example_kubernetes_executor.py:41} WARNING - The example_kubernetes_executor example DAG requires the kubernetes provider. Please install it with: pip install apache-airflow[cncf.kubernetes]
[2023-03-07T18:05:41.636+0530] {processor.py:755} WARNING - No viable dags retrieved from /home/ris/PycharmProjects/pythonProject/USA-housing/venv/lib/python3.10/site-packages/airflow/example_dags/example_kubernetes_executor.py
[2023-03-07T18:05:41.644+0530] {processor.py:175} INFO - Processing /home/ris/PycharmProjects/pythonProject/USA-housing/venv/lib/python3.10/site-packages/airflow/example_dags/example_kubernetes_executor.py took 0.026 seconds
[2023-03-07T18:06:20.423+0530] {processor.py:153} INFO - Started process (PID=6382) to work on /home/ris/PycharmProjects/pythonProject/USA-housing/venv/lib/python3.10/site-packages/airflow/example_dags/example_kubernetes_executor.py
[2023-03-07T18:06:20.425+0530] {processor.py:743} INFO - Processing file /home/ris/PycharmProjects/pythonProject/USA-housing/venv/lib/python3.10/site-packages/airflow/example_dags/example_kubernetes_executor.py for tasks to queue
[2023-03-07T18:06:20.426+0530] {logging_mixin.py:137} INFO - [2023-03-07T18:06:20.426+0530] {dagbag.py:538} INFO - Filling up the DagBag from /home/ris/PycharmProjects/pythonProject/USA-housing/venv/lib/python3.10/site-packages/airflow/example_dags/example_kubernetes_executor.py
[2023-03-07T18:06:20.444+0530] {logging_mixin.py:137} INFO - [2023-03-07T18:06:20.443+0530] {example_kubernetes_executor.py:41} WARNING - The example_kubernetes_executor example DAG requires the kubernetes provider. Please install it with: pip install apache-airflow[cncf.kubernetes]
[2023-03-07T18:06:20.444+0530] {processor.py:755} WARNING - No viable dags retrieved from /home/ris/PycharmProjects/pythonProject/USA-housing/venv/lib/python3.10/site-packages/airflow/example_dags/example_kubernetes_executor.py
[2023-03-07T18:06:20.452+0530] {processor.py:175} INFO - Processing /home/ris/PycharmProjects/pythonProject/USA-housing/venv/lib/python3.10/site-packages/airflow/example_dags/example_kubernetes_executor.py took 0.031 seconds
[2023-03-07T18:07:06.650+0530] {processor.py:153} INFO - Started process (PID=6436) to work on /home/ris/PycharmProjects/pythonProject/USA-housing/venv/lib/python3.10/site-packages/airflow/example_dags/example_kubernetes_executor.py
[2023-03-07T18:07:06.652+0530] {processor.py:743} INFO - Processing file /home/ris/PycharmProjects/pythonProject/USA-housing/venv/lib/python3.10/site-packages/airflow/example_dags/example_kubernetes_executor.py for tasks to queue
[2023-03-07T18:07:06.653+0530] {logging_mixin.py:137} INFO - [2023-03-07T18:07:06.653+0530] {dagbag.py:538} INFO - Filling up the DagBag from /home/ris/PycharmProjects/pythonProject/USA-housing/venv/lib/python3.10/site-packages/airflow/example_dags/example_kubernetes_executor.py
[2023-03-07T18:07:06.672+0530] {logging_mixin.py:137} INFO - [2023-03-07T18:07:06.671+0530] {example_kubernetes_executor.py:41} WARNING - The example_kubernetes_executor example DAG requires the kubernetes provider. Please install it with: pip install apache-airflow[cncf.kubernetes]
[2023-03-07T18:07:06.672+0530] {processor.py:755} WARNING - No viable dags retrieved from /home/ris/PycharmProjects/pythonProject/USA-housing/venv/lib/python3.10/site-packages/airflow/example_dags/example_kubernetes_executor.py
[2023-03-07T18:07:06.679+0530] {processor.py:175} INFO - Processing /home/ris/PycharmProjects/pythonProject/USA-housing/venv/lib/python3.10/site-packages/airflow/example_dags/example_kubernetes_executor.py took 0.034 seconds
[2023-03-07T18:07:48.530+0530] {processor.py:153} INFO - Started process (PID=6480) to work on /home/ris/PycharmProjects/pythonProject/USA-housing/venv/lib/python3.10/site-packages/airflow/example_dags/example_kubernetes_executor.py
[2023-03-07T18:07:48.532+0530] {processor.py:743} INFO - Processing file /home/ris/PycharmProjects/pythonProject/USA-housing/venv/lib/python3.10/site-packages/airflow/example_dags/example_kubernetes_executor.py for tasks to queue
[2023-03-07T18:07:48.532+0530] {logging_mixin.py:137} INFO - [2023-03-07T18:07:48.532+0530] {dagbag.py:538} INFO - Filling up the DagBag from /home/ris/PycharmProjects/pythonProject/USA-housing/venv/lib/python3.10/site-packages/airflow/example_dags/example_kubernetes_executor.py
[2023-03-07T18:07:48.550+0530] {logging_mixin.py:137} INFO - [2023-03-07T18:07:48.550+0530] {example_kubernetes_executor.py:41} WARNING - The example_kubernetes_executor example DAG requires the kubernetes provider. Please install it with: pip install apache-airflow[cncf.kubernetes]
[2023-03-07T18:07:48.550+0530] {processor.py:755} WARNING - No viable dags retrieved from /home/ris/PycharmProjects/pythonProject/USA-housing/venv/lib/python3.10/site-packages/airflow/example_dags/example_kubernetes_executor.py
[2023-03-07T18:07:48.559+0530] {processor.py:175} INFO - Processing /home/ris/PycharmProjects/pythonProject/USA-housing/venv/lib/python3.10/site-packages/airflow/example_dags/example_kubernetes_executor.py took 0.031 seconds
[2023-03-07T18:08:40.945+0530] {processor.py:153} INFO - Started process (PID=6536) to work on /home/ris/PycharmProjects/pythonProject/USA-housing/venv/lib/python3.10/site-packages/airflow/example_dags/example_kubernetes_executor.py
[2023-03-07T18:08:40.946+0530] {processor.py:743} INFO - Processing file /home/ris/PycharmProjects/pythonProject/USA-housing/venv/lib/python3.10/site-packages/airflow/example_dags/example_kubernetes_executor.py for tasks to queue
[2023-03-07T18:08:40.947+0530] {logging_mixin.py:137} INFO - [2023-03-07T18:08:40.947+0530] {dagbag.py:538} INFO - Filling up the DagBag from /home/ris/PycharmProjects/pythonProject/USA-housing/venv/lib/python3.10/site-packages/airflow/example_dags/example_kubernetes_executor.py
[2023-03-07T18:08:40.960+0530] {logging_mixin.py:137} INFO - [2023-03-07T18:08:40.959+0530] {example_kubernetes_executor.py:41} WARNING - The example_kubernetes_executor example DAG requires the kubernetes provider. Please install it with: pip install apache-airflow[cncf.kubernetes]
[2023-03-07T18:08:40.960+0530] {processor.py:755} WARNING - No viable dags retrieved from /home/ris/PycharmProjects/pythonProject/USA-housing/venv/lib/python3.10/site-packages/airflow/example_dags/example_kubernetes_executor.py
[2023-03-07T18:08:40.967+0530] {processor.py:175} INFO - Processing /home/ris/PycharmProjects/pythonProject/USA-housing/venv/lib/python3.10/site-packages/airflow/example_dags/example_kubernetes_executor.py took 0.024 seconds
[2023-03-07T18:09:22.795+0530] {processor.py:153} INFO - Started process (PID=6600) to work on /home/ris/PycharmProjects/pythonProject/USA-housing/venv/lib/python3.10/site-packages/airflow/example_dags/example_kubernetes_executor.py
[2023-03-07T18:09:22.797+0530] {processor.py:743} INFO - Processing file /home/ris/PycharmProjects/pythonProject/USA-housing/venv/lib/python3.10/site-packages/airflow/example_dags/example_kubernetes_executor.py for tasks to queue
[2023-03-07T18:09:22.798+0530] {logging_mixin.py:137} INFO - [2023-03-07T18:09:22.798+0530] {dagbag.py:538} INFO - Filling up the DagBag from /home/ris/PycharmProjects/pythonProject/USA-housing/venv/lib/python3.10/site-packages/airflow/example_dags/example_kubernetes_executor.py
[2023-03-07T18:09:22.816+0530] {logging_mixin.py:137} INFO - [2023-03-07T18:09:22.816+0530] {example_kubernetes_executor.py:41} WARNING - The example_kubernetes_executor example DAG requires the kubernetes provider. Please install it with: pip install apache-airflow[cncf.kubernetes]
[2023-03-07T18:09:22.816+0530] {processor.py:755} WARNING - No viable dags retrieved from /home/ris/PycharmProjects/pythonProject/USA-housing/venv/lib/python3.10/site-packages/airflow/example_dags/example_kubernetes_executor.py
[2023-03-07T18:09:22.826+0530] {processor.py:175} INFO - Processing /home/ris/PycharmProjects/pythonProject/USA-housing/venv/lib/python3.10/site-packages/airflow/example_dags/example_kubernetes_executor.py took 0.033 seconds
[2023-03-07T18:10:14.729+0530] {processor.py:153} INFO - Started process (PID=6915) to work on /home/ris/PycharmProjects/pythonProject/USA-housing/venv/lib/python3.10/site-packages/airflow/example_dags/example_kubernetes_executor.py
[2023-03-07T18:10:14.732+0530] {processor.py:743} INFO - Processing file /home/ris/PycharmProjects/pythonProject/USA-housing/venv/lib/python3.10/site-packages/airflow/example_dags/example_kubernetes_executor.py for tasks to queue
[2023-03-07T18:10:14.735+0530] {logging_mixin.py:137} INFO - [2023-03-07T18:10:14.735+0530] {dagbag.py:538} INFO - Filling up the DagBag from /home/ris/PycharmProjects/pythonProject/USA-housing/venv/lib/python3.10/site-packages/airflow/example_dags/example_kubernetes_executor.py
[2023-03-07T18:10:14.758+0530] {logging_mixin.py:137} INFO - [2023-03-07T18:10:14.757+0530] {example_kubernetes_executor.py:41} WARNING - The example_kubernetes_executor example DAG requires the kubernetes provider. Please install it with: pip install apache-airflow[cncf.kubernetes]
[2023-03-07T18:10:14.758+0530] {processor.py:755} WARNING - No viable dags retrieved from /home/ris/PycharmProjects/pythonProject/USA-housing/venv/lib/python3.10/site-packages/airflow/example_dags/example_kubernetes_executor.py
[2023-03-07T18:10:14.772+0530] {processor.py:175} INFO - Processing /home/ris/PycharmProjects/pythonProject/USA-housing/venv/lib/python3.10/site-packages/airflow/example_dags/example_kubernetes_executor.py took 0.049 seconds
[2023-03-07T18:11:06.112+0530] {processor.py:153} INFO - Started process (PID=6975) to work on /home/ris/PycharmProjects/pythonProject/USA-housing/venv/lib/python3.10/site-packages/airflow/example_dags/example_kubernetes_executor.py
[2023-03-07T18:11:06.114+0530] {processor.py:743} INFO - Processing file /home/ris/PycharmProjects/pythonProject/USA-housing/venv/lib/python3.10/site-packages/airflow/example_dags/example_kubernetes_executor.py for tasks to queue
[2023-03-07T18:11:06.115+0530] {logging_mixin.py:137} INFO - [2023-03-07T18:11:06.115+0530] {dagbag.py:538} INFO - Filling up the DagBag from /home/ris/PycharmProjects/pythonProject/USA-housing/venv/lib/python3.10/site-packages/airflow/example_dags/example_kubernetes_executor.py
[2023-03-07T18:11:06.128+0530] {logging_mixin.py:137} INFO - [2023-03-07T18:11:06.128+0530] {example_kubernetes_executor.py:41} WARNING - The example_kubernetes_executor example DAG requires the kubernetes provider. Please install it with: pip install apache-airflow[cncf.kubernetes]
[2023-03-07T18:11:06.129+0530] {processor.py:755} WARNING - No viable dags retrieved from /home/ris/PycharmProjects/pythonProject/USA-housing/venv/lib/python3.10/site-packages/airflow/example_dags/example_kubernetes_executor.py
[2023-03-07T18:11:06.137+0530] {processor.py:175} INFO - Processing /home/ris/PycharmProjects/pythonProject/USA-housing/venv/lib/python3.10/site-packages/airflow/example_dags/example_kubernetes_executor.py took 0.027 seconds
[2023-03-07T18:11:50.482+0530] {processor.py:153} INFO - Started process (PID=7025) to work on /home/ris/PycharmProjects/pythonProject/USA-housing/venv/lib/python3.10/site-packages/airflow/example_dags/example_kubernetes_executor.py
[2023-03-07T18:11:50.484+0530] {processor.py:743} INFO - Processing file /home/ris/PycharmProjects/pythonProject/USA-housing/venv/lib/python3.10/site-packages/airflow/example_dags/example_kubernetes_executor.py for tasks to queue
[2023-03-07T18:11:50.485+0530] {logging_mixin.py:137} INFO - [2023-03-07T18:11:50.485+0530] {dagbag.py:538} INFO - Filling up the DagBag from /home/ris/PycharmProjects/pythonProject/USA-housing/venv/lib/python3.10/site-packages/airflow/example_dags/example_kubernetes_executor.py
[2023-03-07T18:11:50.502+0530] {logging_mixin.py:137} INFO - [2023-03-07T18:11:50.502+0530] {example_kubernetes_executor.py:41} WARNING - The example_kubernetes_executor example DAG requires the kubernetes provider. Please install it with: pip install apache-airflow[cncf.kubernetes]
[2023-03-07T18:11:50.502+0530] {processor.py:755} WARNING - No viable dags retrieved from /home/ris/PycharmProjects/pythonProject/USA-housing/venv/lib/python3.10/site-packages/airflow/example_dags/example_kubernetes_executor.py
[2023-03-07T18:11:50.512+0530] {processor.py:175} INFO - Processing /home/ris/PycharmProjects/pythonProject/USA-housing/venv/lib/python3.10/site-packages/airflow/example_dags/example_kubernetes_executor.py took 0.033 seconds
[2023-03-07T18:12:32.089+0530] {processor.py:153} INFO - Started process (PID=7085) to work on /home/ris/PycharmProjects/pythonProject/USA-housing/venv/lib/python3.10/site-packages/airflow/example_dags/example_kubernetes_executor.py
[2023-03-07T18:12:32.090+0530] {processor.py:743} INFO - Processing file /home/ris/PycharmProjects/pythonProject/USA-housing/venv/lib/python3.10/site-packages/airflow/example_dags/example_kubernetes_executor.py for tasks to queue
[2023-03-07T18:12:32.091+0530] {logging_mixin.py:137} INFO - [2023-03-07T18:12:32.091+0530] {dagbag.py:538} INFO - Filling up the DagBag from /home/ris/PycharmProjects/pythonProject/USA-housing/venv/lib/python3.10/site-packages/airflow/example_dags/example_kubernetes_executor.py
[2023-03-07T18:12:32.103+0530] {logging_mixin.py:137} INFO - [2023-03-07T18:12:32.103+0530] {example_kubernetes_executor.py:41} WARNING - The example_kubernetes_executor example DAG requires the kubernetes provider. Please install it with: pip install apache-airflow[cncf.kubernetes]
[2023-03-07T18:12:32.103+0530] {processor.py:755} WARNING - No viable dags retrieved from /home/ris/PycharmProjects/pythonProject/USA-housing/venv/lib/python3.10/site-packages/airflow/example_dags/example_kubernetes_executor.py
[2023-03-07T18:12:32.114+0530] {processor.py:175} INFO - Processing /home/ris/PycharmProjects/pythonProject/USA-housing/venv/lib/python3.10/site-packages/airflow/example_dags/example_kubernetes_executor.py took 0.029 seconds
[2023-03-07T18:13:21.337+0530] {processor.py:153} INFO - Started process (PID=7147) to work on /home/ris/PycharmProjects/pythonProject/USA-housing/venv/lib/python3.10/site-packages/airflow/example_dags/example_kubernetes_executor.py
[2023-03-07T18:13:21.339+0530] {processor.py:743} INFO - Processing file /home/ris/PycharmProjects/pythonProject/USA-housing/venv/lib/python3.10/site-packages/airflow/example_dags/example_kubernetes_executor.py for tasks to queue
[2023-03-07T18:13:21.339+0530] {logging_mixin.py:137} INFO - [2023-03-07T18:13:21.339+0530] {dagbag.py:538} INFO - Filling up the DagBag from /home/ris/PycharmProjects/pythonProject/USA-housing/venv/lib/python3.10/site-packages/airflow/example_dags/example_kubernetes_executor.py
[2023-03-07T18:13:21.356+0530] {logging_mixin.py:137} INFO - [2023-03-07T18:13:21.356+0530] {example_kubernetes_executor.py:41} WARNING - The example_kubernetes_executor example DAG requires the kubernetes provider. Please install it with: pip install apache-airflow[cncf.kubernetes]
[2023-03-07T18:13:21.357+0530] {processor.py:755} WARNING - No viable dags retrieved from /home/ris/PycharmProjects/pythonProject/USA-housing/venv/lib/python3.10/site-packages/airflow/example_dags/example_kubernetes_executor.py
[2023-03-07T18:13:21.364+0530] {processor.py:175} INFO - Processing /home/ris/PycharmProjects/pythonProject/USA-housing/venv/lib/python3.10/site-packages/airflow/example_dags/example_kubernetes_executor.py took 0.030 seconds
[2023-03-07T18:14:07.710+0530] {processor.py:153} INFO - Started process (PID=7203) to work on /home/ris/PycharmProjects/pythonProject/USA-housing/venv/lib/python3.10/site-packages/airflow/example_dags/example_kubernetes_executor.py
[2023-03-07T18:14:07.712+0530] {processor.py:743} INFO - Processing file /home/ris/PycharmProjects/pythonProject/USA-housing/venv/lib/python3.10/site-packages/airflow/example_dags/example_kubernetes_executor.py for tasks to queue
[2023-03-07T18:14:07.713+0530] {logging_mixin.py:137} INFO - [2023-03-07T18:14:07.713+0530] {dagbag.py:538} INFO - Filling up the DagBag from /home/ris/PycharmProjects/pythonProject/USA-housing/venv/lib/python3.10/site-packages/airflow/example_dags/example_kubernetes_executor.py
[2023-03-07T18:14:07.734+0530] {logging_mixin.py:137} INFO - [2023-03-07T18:14:07.734+0530] {example_kubernetes_executor.py:41} WARNING - The example_kubernetes_executor example DAG requires the kubernetes provider. Please install it with: pip install apache-airflow[cncf.kubernetes]
[2023-03-07T18:14:07.734+0530] {processor.py:755} WARNING - No viable dags retrieved from /home/ris/PycharmProjects/pythonProject/USA-housing/venv/lib/python3.10/site-packages/airflow/example_dags/example_kubernetes_executor.py
[2023-03-07T18:14:07.742+0530] {processor.py:175} INFO - Processing /home/ris/PycharmProjects/pythonProject/USA-housing/venv/lib/python3.10/site-packages/airflow/example_dags/example_kubernetes_executor.py took 0.035 seconds
[2023-03-07T18:14:51.321+0530] {processor.py:153} INFO - Started process (PID=7264) to work on /home/ris/PycharmProjects/pythonProject/USA-housing/venv/lib/python3.10/site-packages/airflow/example_dags/example_kubernetes_executor.py
[2023-03-07T18:14:51.323+0530] {processor.py:743} INFO - Processing file /home/ris/PycharmProjects/pythonProject/USA-housing/venv/lib/python3.10/site-packages/airflow/example_dags/example_kubernetes_executor.py for tasks to queue
[2023-03-07T18:14:51.324+0530] {logging_mixin.py:137} INFO - [2023-03-07T18:14:51.324+0530] {dagbag.py:538} INFO - Filling up the DagBag from /home/ris/PycharmProjects/pythonProject/USA-housing/venv/lib/python3.10/site-packages/airflow/example_dags/example_kubernetes_executor.py
[2023-03-07T18:14:51.338+0530] {logging_mixin.py:137} INFO - [2023-03-07T18:14:51.338+0530] {example_kubernetes_executor.py:41} WARNING - The example_kubernetes_executor example DAG requires the kubernetes provider. Please install it with: pip install apache-airflow[cncf.kubernetes]
[2023-03-07T18:14:51.338+0530] {processor.py:755} WARNING - No viable dags retrieved from /home/ris/PycharmProjects/pythonProject/USA-housing/venv/lib/python3.10/site-packages/airflow/example_dags/example_kubernetes_executor.py
[2023-03-07T18:14:51.346+0530] {processor.py:175} INFO - Processing /home/ris/PycharmProjects/pythonProject/USA-housing/venv/lib/python3.10/site-packages/airflow/example_dags/example_kubernetes_executor.py took 0.028 seconds
[2023-03-07T18:15:41.367+0530] {processor.py:153} INFO - Started process (PID=7345) to work on /home/ris/PycharmProjects/pythonProject/USA-housing/venv/lib/python3.10/site-packages/airflow/example_dags/example_kubernetes_executor.py
[2023-03-07T18:15:41.371+0530] {processor.py:743} INFO - Processing file /home/ris/PycharmProjects/pythonProject/USA-housing/venv/lib/python3.10/site-packages/airflow/example_dags/example_kubernetes_executor.py for tasks to queue
[2023-03-07T18:15:41.372+0530] {logging_mixin.py:137} INFO - [2023-03-07T18:15:41.372+0530] {dagbag.py:538} INFO - Filling up the DagBag from /home/ris/PycharmProjects/pythonProject/USA-housing/venv/lib/python3.10/site-packages/airflow/example_dags/example_kubernetes_executor.py
[2023-03-07T18:15:41.390+0530] {logging_mixin.py:137} INFO - [2023-03-07T18:15:41.390+0530] {example_kubernetes_executor.py:41} WARNING - The example_kubernetes_executor example DAG requires the kubernetes provider. Please install it with: pip install apache-airflow[cncf.kubernetes]
[2023-03-07T18:15:41.391+0530] {processor.py:755} WARNING - No viable dags retrieved from /home/ris/PycharmProjects/pythonProject/USA-housing/venv/lib/python3.10/site-packages/airflow/example_dags/example_kubernetes_executor.py
[2023-03-07T18:15:41.399+0530] {processor.py:175} INFO - Processing /home/ris/PycharmProjects/pythonProject/USA-housing/venv/lib/python3.10/site-packages/airflow/example_dags/example_kubernetes_executor.py took 0.036 seconds
[2023-03-07T18:16:25.578+0530] {processor.py:153} INFO - Started process (PID=7396) to work on /home/ris/PycharmProjects/pythonProject/USA-housing/venv/lib/python3.10/site-packages/airflow/example_dags/example_kubernetes_executor.py
[2023-03-07T18:16:25.580+0530] {processor.py:743} INFO - Processing file /home/ris/PycharmProjects/pythonProject/USA-housing/venv/lib/python3.10/site-packages/airflow/example_dags/example_kubernetes_executor.py for tasks to queue
[2023-03-07T18:16:25.580+0530] {logging_mixin.py:137} INFO - [2023-03-07T18:16:25.580+0530] {dagbag.py:538} INFO - Filling up the DagBag from /home/ris/PycharmProjects/pythonProject/USA-housing/venv/lib/python3.10/site-packages/airflow/example_dags/example_kubernetes_executor.py
[2023-03-07T18:16:25.594+0530] {logging_mixin.py:137} INFO - [2023-03-07T18:16:25.594+0530] {example_kubernetes_executor.py:41} WARNING - The example_kubernetes_executor example DAG requires the kubernetes provider. Please install it with: pip install apache-airflow[cncf.kubernetes]
[2023-03-07T18:16:25.594+0530] {processor.py:755} WARNING - No viable dags retrieved from /home/ris/PycharmProjects/pythonProject/USA-housing/venv/lib/python3.10/site-packages/airflow/example_dags/example_kubernetes_executor.py
[2023-03-07T18:16:25.602+0530] {processor.py:175} INFO - Processing /home/ris/PycharmProjects/pythonProject/USA-housing/venv/lib/python3.10/site-packages/airflow/example_dags/example_kubernetes_executor.py took 0.028 seconds
[2023-03-07T18:17:16.047+0530] {processor.py:153} INFO - Started process (PID=7463) to work on /home/ris/PycharmProjects/pythonProject/USA-housing/venv/lib/python3.10/site-packages/airflow/example_dags/example_kubernetes_executor.py
[2023-03-07T18:17:16.050+0530] {processor.py:743} INFO - Processing file /home/ris/PycharmProjects/pythonProject/USA-housing/venv/lib/python3.10/site-packages/airflow/example_dags/example_kubernetes_executor.py for tasks to queue
[2023-03-07T18:17:16.050+0530] {logging_mixin.py:137} INFO - [2023-03-07T18:17:16.050+0530] {dagbag.py:538} INFO - Filling up the DagBag from /home/ris/PycharmProjects/pythonProject/USA-housing/venv/lib/python3.10/site-packages/airflow/example_dags/example_kubernetes_executor.py
[2023-03-07T18:17:16.071+0530] {logging_mixin.py:137} INFO - [2023-03-07T18:17:16.070+0530] {example_kubernetes_executor.py:41} WARNING - The example_kubernetes_executor example DAG requires the kubernetes provider. Please install it with: pip install apache-airflow[cncf.kubernetes]
[2023-03-07T18:17:16.071+0530] {processor.py:755} WARNING - No viable dags retrieved from /home/ris/PycharmProjects/pythonProject/USA-housing/venv/lib/python3.10/site-packages/airflow/example_dags/example_kubernetes_executor.py
[2023-03-07T18:17:16.080+0530] {processor.py:175} INFO - Processing /home/ris/PycharmProjects/pythonProject/USA-housing/venv/lib/python3.10/site-packages/airflow/example_dags/example_kubernetes_executor.py took 0.035 seconds
[2023-03-07T18:18:04.142+0530] {processor.py:153} INFO - Started process (PID=7526) to work on /home/ris/PycharmProjects/pythonProject/USA-housing/venv/lib/python3.10/site-packages/airflow/example_dags/example_kubernetes_executor.py
[2023-03-07T18:18:04.144+0530] {processor.py:743} INFO - Processing file /home/ris/PycharmProjects/pythonProject/USA-housing/venv/lib/python3.10/site-packages/airflow/example_dags/example_kubernetes_executor.py for tasks to queue
[2023-03-07T18:18:04.144+0530] {logging_mixin.py:137} INFO - [2023-03-07T18:18:04.144+0530] {dagbag.py:538} INFO - Filling up the DagBag from /home/ris/PycharmProjects/pythonProject/USA-housing/venv/lib/python3.10/site-packages/airflow/example_dags/example_kubernetes_executor.py
[2023-03-07T18:18:04.158+0530] {logging_mixin.py:137} INFO - [2023-03-07T18:18:04.158+0530] {example_kubernetes_executor.py:41} WARNING - The example_kubernetes_executor example DAG requires the kubernetes provider. Please install it with: pip install apache-airflow[cncf.kubernetes]
[2023-03-07T18:18:04.158+0530] {processor.py:755} WARNING - No viable dags retrieved from /home/ris/PycharmProjects/pythonProject/USA-housing/venv/lib/python3.10/site-packages/airflow/example_dags/example_kubernetes_executor.py
[2023-03-07T18:18:04.166+0530] {processor.py:175} INFO - Processing /home/ris/PycharmProjects/pythonProject/USA-housing/venv/lib/python3.10/site-packages/airflow/example_dags/example_kubernetes_executor.py took 0.027 seconds
[2023-03-07T18:18:44.338+0530] {processor.py:153} INFO - Started process (PID=7573) to work on /home/ris/PycharmProjects/pythonProject/USA-housing/venv/lib/python3.10/site-packages/airflow/example_dags/example_kubernetes_executor.py
[2023-03-07T18:18:44.339+0530] {processor.py:743} INFO - Processing file /home/ris/PycharmProjects/pythonProject/USA-housing/venv/lib/python3.10/site-packages/airflow/example_dags/example_kubernetes_executor.py for tasks to queue
[2023-03-07T18:18:44.340+0530] {logging_mixin.py:137} INFO - [2023-03-07T18:18:44.340+0530] {dagbag.py:538} INFO - Filling up the DagBag from /home/ris/PycharmProjects/pythonProject/USA-housing/venv/lib/python3.10/site-packages/airflow/example_dags/example_kubernetes_executor.py
[2023-03-07T18:18:44.354+0530] {logging_mixin.py:137} INFO - [2023-03-07T18:18:44.354+0530] {example_kubernetes_executor.py:41} WARNING - The example_kubernetes_executor example DAG requires the kubernetes provider. Please install it with: pip install apache-airflow[cncf.kubernetes]
[2023-03-07T18:18:44.354+0530] {processor.py:755} WARNING - No viable dags retrieved from /home/ris/PycharmProjects/pythonProject/USA-housing/venv/lib/python3.10/site-packages/airflow/example_dags/example_kubernetes_executor.py
[2023-03-07T18:18:44.362+0530] {processor.py:175} INFO - Processing /home/ris/PycharmProjects/pythonProject/USA-housing/venv/lib/python3.10/site-packages/airflow/example_dags/example_kubernetes_executor.py took 0.026 seconds
[2023-03-07T18:19:27.714+0530] {processor.py:153} INFO - Started process (PID=7629) to work on /home/ris/PycharmProjects/pythonProject/USA-housing/venv/lib/python3.10/site-packages/airflow/example_dags/example_kubernetes_executor.py
[2023-03-07T18:19:27.716+0530] {processor.py:743} INFO - Processing file /home/ris/PycharmProjects/pythonProject/USA-housing/venv/lib/python3.10/site-packages/airflow/example_dags/example_kubernetes_executor.py for tasks to queue
[2023-03-07T18:19:27.716+0530] {logging_mixin.py:137} INFO - [2023-03-07T18:19:27.716+0530] {dagbag.py:538} INFO - Filling up the DagBag from /home/ris/PycharmProjects/pythonProject/USA-housing/venv/lib/python3.10/site-packages/airflow/example_dags/example_kubernetes_executor.py
[2023-03-07T18:19:27.730+0530] {logging_mixin.py:137} INFO - [2023-03-07T18:19:27.730+0530] {example_kubernetes_executor.py:41} WARNING - The example_kubernetes_executor example DAG requires the kubernetes provider. Please install it with: pip install apache-airflow[cncf.kubernetes]
[2023-03-07T18:19:27.730+0530] {processor.py:755} WARNING - No viable dags retrieved from /home/ris/PycharmProjects/pythonProject/USA-housing/venv/lib/python3.10/site-packages/airflow/example_dags/example_kubernetes_executor.py
[2023-03-07T18:19:27.737+0530] {processor.py:175} INFO - Processing /home/ris/PycharmProjects/pythonProject/USA-housing/venv/lib/python3.10/site-packages/airflow/example_dags/example_kubernetes_executor.py took 0.027 seconds
[2023-03-07T18:20:10.240+0530] {processor.py:153} INFO - Started process (PID=7918) to work on /home/ris/PycharmProjects/pythonProject/USA-housing/venv/lib/python3.10/site-packages/airflow/example_dags/example_kubernetes_executor.py
[2023-03-07T18:20:10.242+0530] {processor.py:743} INFO - Processing file /home/ris/PycharmProjects/pythonProject/USA-housing/venv/lib/python3.10/site-packages/airflow/example_dags/example_kubernetes_executor.py for tasks to queue
[2023-03-07T18:20:10.242+0530] {logging_mixin.py:137} INFO - [2023-03-07T18:20:10.242+0530] {dagbag.py:538} INFO - Filling up the DagBag from /home/ris/PycharmProjects/pythonProject/USA-housing/venv/lib/python3.10/site-packages/airflow/example_dags/example_kubernetes_executor.py
[2023-03-07T18:20:10.255+0530] {logging_mixin.py:137} INFO - [2023-03-07T18:20:10.255+0530] {example_kubernetes_executor.py:41} WARNING - The example_kubernetes_executor example DAG requires the kubernetes provider. Please install it with: pip install apache-airflow[cncf.kubernetes]
[2023-03-07T18:20:10.256+0530] {processor.py:755} WARNING - No viable dags retrieved from /home/ris/PycharmProjects/pythonProject/USA-housing/venv/lib/python3.10/site-packages/airflow/example_dags/example_kubernetes_executor.py
[2023-03-07T18:20:10.263+0530] {processor.py:175} INFO - Processing /home/ris/PycharmProjects/pythonProject/USA-housing/venv/lib/python3.10/site-packages/airflow/example_dags/example_kubernetes_executor.py took 0.026 seconds
[2023-03-07T18:20:52.770+0530] {processor.py:153} INFO - Started process (PID=7969) to work on /home/ris/PycharmProjects/pythonProject/USA-housing/venv/lib/python3.10/site-packages/airflow/example_dags/example_kubernetes_executor.py
[2023-03-07T18:20:52.772+0530] {processor.py:743} INFO - Processing file /home/ris/PycharmProjects/pythonProject/USA-housing/venv/lib/python3.10/site-packages/airflow/example_dags/example_kubernetes_executor.py for tasks to queue
[2023-03-07T18:20:52.773+0530] {logging_mixin.py:137} INFO - [2023-03-07T18:20:52.773+0530] {dagbag.py:538} INFO - Filling up the DagBag from /home/ris/PycharmProjects/pythonProject/USA-housing/venv/lib/python3.10/site-packages/airflow/example_dags/example_kubernetes_executor.py
[2023-03-07T18:20:52.790+0530] {logging_mixin.py:137} INFO - [2023-03-07T18:20:52.790+0530] {example_kubernetes_executor.py:41} WARNING - The example_kubernetes_executor example DAG requires the kubernetes provider. Please install it with: pip install apache-airflow[cncf.kubernetes]
[2023-03-07T18:20:52.790+0530] {processor.py:755} WARNING - No viable dags retrieved from /home/ris/PycharmProjects/pythonProject/USA-housing/venv/lib/python3.10/site-packages/airflow/example_dags/example_kubernetes_executor.py
[2023-03-07T18:20:52.799+0530] {processor.py:175} INFO - Processing /home/ris/PycharmProjects/pythonProject/USA-housing/venv/lib/python3.10/site-packages/airflow/example_dags/example_kubernetes_executor.py took 0.032 seconds
[2023-03-07T18:21:44.470+0530] {processor.py:153} INFO - Started process (PID=8023) to work on /home/ris/PycharmProjects/pythonProject/USA-housing/venv/lib/python3.10/site-packages/airflow/example_dags/example_kubernetes_executor.py
[2023-03-07T18:21:44.472+0530] {processor.py:743} INFO - Processing file /home/ris/PycharmProjects/pythonProject/USA-housing/venv/lib/python3.10/site-packages/airflow/example_dags/example_kubernetes_executor.py for tasks to queue
[2023-03-07T18:21:44.474+0530] {logging_mixin.py:137} INFO - [2023-03-07T18:21:44.473+0530] {dagbag.py:538} INFO - Filling up the DagBag from /home/ris/PycharmProjects/pythonProject/USA-housing/venv/lib/python3.10/site-packages/airflow/example_dags/example_kubernetes_executor.py
[2023-03-07T18:21:44.507+0530] {logging_mixin.py:137} INFO - [2023-03-07T18:21:44.506+0530] {example_kubernetes_executor.py:41} WARNING - The example_kubernetes_executor example DAG requires the kubernetes provider. Please install it with: pip install apache-airflow[cncf.kubernetes]
[2023-03-07T18:21:44.507+0530] {processor.py:755} WARNING - No viable dags retrieved from /home/ris/PycharmProjects/pythonProject/USA-housing/venv/lib/python3.10/site-packages/airflow/example_dags/example_kubernetes_executor.py
[2023-03-07T18:21:44.521+0530] {processor.py:175} INFO - Processing /home/ris/PycharmProjects/pythonProject/USA-housing/venv/lib/python3.10/site-packages/airflow/example_dags/example_kubernetes_executor.py took 0.056 seconds
[2023-03-07T18:22:33.001+0530] {processor.py:153} INFO - Started process (PID=8084) to work on /home/ris/PycharmProjects/pythonProject/USA-housing/venv/lib/python3.10/site-packages/airflow/example_dags/example_kubernetes_executor.py
[2023-03-07T18:22:33.002+0530] {processor.py:743} INFO - Processing file /home/ris/PycharmProjects/pythonProject/USA-housing/venv/lib/python3.10/site-packages/airflow/example_dags/example_kubernetes_executor.py for tasks to queue
[2023-03-07T18:22:33.003+0530] {logging_mixin.py:137} INFO - [2023-03-07T18:22:33.003+0530] {dagbag.py:538} INFO - Filling up the DagBag from /home/ris/PycharmProjects/pythonProject/USA-housing/venv/lib/python3.10/site-packages/airflow/example_dags/example_kubernetes_executor.py
[2023-03-07T18:22:33.016+0530] {logging_mixin.py:137} INFO - [2023-03-07T18:22:33.016+0530] {example_kubernetes_executor.py:41} WARNING - The example_kubernetes_executor example DAG requires the kubernetes provider. Please install it with: pip install apache-airflow[cncf.kubernetes]
[2023-03-07T18:22:33.016+0530] {processor.py:755} WARNING - No viable dags retrieved from /home/ris/PycharmProjects/pythonProject/USA-housing/venv/lib/python3.10/site-packages/airflow/example_dags/example_kubernetes_executor.py
[2023-03-07T18:22:33.025+0530] {processor.py:175} INFO - Processing /home/ris/PycharmProjects/pythonProject/USA-housing/venv/lib/python3.10/site-packages/airflow/example_dags/example_kubernetes_executor.py took 0.027 seconds
[2023-03-07T18:23:23.474+0530] {processor.py:153} INFO - Started process (PID=8153) to work on /home/ris/PycharmProjects/pythonProject/USA-housing/venv/lib/python3.10/site-packages/airflow/example_dags/example_kubernetes_executor.py
[2023-03-07T18:23:23.475+0530] {processor.py:743} INFO - Processing file /home/ris/PycharmProjects/pythonProject/USA-housing/venv/lib/python3.10/site-packages/airflow/example_dags/example_kubernetes_executor.py for tasks to queue
[2023-03-07T18:23:23.476+0530] {logging_mixin.py:137} INFO - [2023-03-07T18:23:23.476+0530] {dagbag.py:538} INFO - Filling up the DagBag from /home/ris/PycharmProjects/pythonProject/USA-housing/venv/lib/python3.10/site-packages/airflow/example_dags/example_kubernetes_executor.py
[2023-03-07T18:23:23.504+0530] {logging_mixin.py:137} INFO - [2023-03-07T18:23:23.504+0530] {example_kubernetes_executor.py:41} WARNING - The example_kubernetes_executor example DAG requires the kubernetes provider. Please install it with: pip install apache-airflow[cncf.kubernetes]
[2023-03-07T18:23:23.506+0530] {processor.py:755} WARNING - No viable dags retrieved from /home/ris/PycharmProjects/pythonProject/USA-housing/venv/lib/python3.10/site-packages/airflow/example_dags/example_kubernetes_executor.py
[2023-03-07T18:23:23.517+0530] {processor.py:175} INFO - Processing /home/ris/PycharmProjects/pythonProject/USA-housing/venv/lib/python3.10/site-packages/airflow/example_dags/example_kubernetes_executor.py took 0.045 seconds
[2023-03-07T18:24:08.008+0530] {processor.py:153} INFO - Started process (PID=8355) to work on /home/ris/PycharmProjects/pythonProject/USA-housing/venv/lib/python3.10/site-packages/airflow/example_dags/example_kubernetes_executor.py
[2023-03-07T18:24:08.010+0530] {processor.py:743} INFO - Processing file /home/ris/PycharmProjects/pythonProject/USA-housing/venv/lib/python3.10/site-packages/airflow/example_dags/example_kubernetes_executor.py for tasks to queue
[2023-03-07T18:24:08.010+0530] {logging_mixin.py:137} INFO - [2023-03-07T18:24:08.010+0530] {dagbag.py:538} INFO - Filling up the DagBag from /home/ris/PycharmProjects/pythonProject/USA-housing/venv/lib/python3.10/site-packages/airflow/example_dags/example_kubernetes_executor.py
[2023-03-07T18:24:08.027+0530] {logging_mixin.py:137} INFO - [2023-03-07T18:24:08.027+0530] {example_kubernetes_executor.py:41} WARNING - The example_kubernetes_executor example DAG requires the kubernetes provider. Please install it with: pip install apache-airflow[cncf.kubernetes]
[2023-03-07T18:24:08.027+0530] {processor.py:755} WARNING - No viable dags retrieved from /home/ris/PycharmProjects/pythonProject/USA-housing/venv/lib/python3.10/site-packages/airflow/example_dags/example_kubernetes_executor.py
[2023-03-07T18:24:08.037+0530] {processor.py:175} INFO - Processing /home/ris/PycharmProjects/pythonProject/USA-housing/venv/lib/python3.10/site-packages/airflow/example_dags/example_kubernetes_executor.py took 0.031 seconds
[2023-03-07T18:24:53.423+0530] {processor.py:153} INFO - Started process (PID=8407) to work on /home/ris/PycharmProjects/pythonProject/USA-housing/venv/lib/python3.10/site-packages/airflow/example_dags/example_kubernetes_executor.py
[2023-03-07T18:24:53.426+0530] {processor.py:743} INFO - Processing file /home/ris/PycharmProjects/pythonProject/USA-housing/venv/lib/python3.10/site-packages/airflow/example_dags/example_kubernetes_executor.py for tasks to queue
[2023-03-07T18:24:53.428+0530] {logging_mixin.py:137} INFO - [2023-03-07T18:24:53.427+0530] {dagbag.py:538} INFO - Filling up the DagBag from /home/ris/PycharmProjects/pythonProject/USA-housing/venv/lib/python3.10/site-packages/airflow/example_dags/example_kubernetes_executor.py
[2023-03-07T18:24:53.446+0530] {logging_mixin.py:137} INFO - [2023-03-07T18:24:53.445+0530] {example_kubernetes_executor.py:41} WARNING - The example_kubernetes_executor example DAG requires the kubernetes provider. Please install it with: pip install apache-airflow[cncf.kubernetes]
[2023-03-07T18:24:53.446+0530] {processor.py:755} WARNING - No viable dags retrieved from /home/ris/PycharmProjects/pythonProject/USA-housing/venv/lib/python3.10/site-packages/airflow/example_dags/example_kubernetes_executor.py
[2023-03-07T18:24:53.455+0530] {processor.py:175} INFO - Processing /home/ris/PycharmProjects/pythonProject/USA-housing/venv/lib/python3.10/site-packages/airflow/example_dags/example_kubernetes_executor.py took 0.035 seconds
[2023-03-07T18:25:39.477+0530] {processor.py:153} INFO - Started process (PID=8494) to work on /home/ris/PycharmProjects/pythonProject/USA-housing/venv/lib/python3.10/site-packages/airflow/example_dags/example_kubernetes_executor.py
[2023-03-07T18:25:39.478+0530] {processor.py:743} INFO - Processing file /home/ris/PycharmProjects/pythonProject/USA-housing/venv/lib/python3.10/site-packages/airflow/example_dags/example_kubernetes_executor.py for tasks to queue
[2023-03-07T18:25:39.479+0530] {logging_mixin.py:137} INFO - [2023-03-07T18:25:39.479+0530] {dagbag.py:538} INFO - Filling up the DagBag from /home/ris/PycharmProjects/pythonProject/USA-housing/venv/lib/python3.10/site-packages/airflow/example_dags/example_kubernetes_executor.py
[2023-03-07T18:25:39.495+0530] {logging_mixin.py:137} INFO - [2023-03-07T18:25:39.495+0530] {example_kubernetes_executor.py:41} WARNING - The example_kubernetes_executor example DAG requires the kubernetes provider. Please install it with: pip install apache-airflow[cncf.kubernetes]
[2023-03-07T18:25:39.495+0530] {processor.py:755} WARNING - No viable dags retrieved from /home/ris/PycharmProjects/pythonProject/USA-housing/venv/lib/python3.10/site-packages/airflow/example_dags/example_kubernetes_executor.py
[2023-03-07T18:25:39.505+0530] {processor.py:175} INFO - Processing /home/ris/PycharmProjects/pythonProject/USA-housing/venv/lib/python3.10/site-packages/airflow/example_dags/example_kubernetes_executor.py took 0.032 seconds
[2023-03-07T18:26:25.057+0530] {processor.py:153} INFO - Started process (PID=8584) to work on /home/ris/PycharmProjects/pythonProject/USA-housing/venv/lib/python3.10/site-packages/airflow/example_dags/example_kubernetes_executor.py
[2023-03-07T18:26:25.059+0530] {processor.py:743} INFO - Processing file /home/ris/PycharmProjects/pythonProject/USA-housing/venv/lib/python3.10/site-packages/airflow/example_dags/example_kubernetes_executor.py for tasks to queue
[2023-03-07T18:26:25.059+0530] {logging_mixin.py:137} INFO - [2023-03-07T18:26:25.059+0530] {dagbag.py:538} INFO - Filling up the DagBag from /home/ris/PycharmProjects/pythonProject/USA-housing/venv/lib/python3.10/site-packages/airflow/example_dags/example_kubernetes_executor.py
[2023-03-07T18:26:25.075+0530] {logging_mixin.py:137} INFO - [2023-03-07T18:26:25.075+0530] {example_kubernetes_executor.py:41} WARNING - The example_kubernetes_executor example DAG requires the kubernetes provider. Please install it with: pip install apache-airflow[cncf.kubernetes]
[2023-03-07T18:26:25.076+0530] {processor.py:755} WARNING - No viable dags retrieved from /home/ris/PycharmProjects/pythonProject/USA-housing/venv/lib/python3.10/site-packages/airflow/example_dags/example_kubernetes_executor.py
[2023-03-07T18:26:25.087+0530] {processor.py:175} INFO - Processing /home/ris/PycharmProjects/pythonProject/USA-housing/venv/lib/python3.10/site-packages/airflow/example_dags/example_kubernetes_executor.py took 0.033 seconds
[2023-03-07T18:27:07.331+0530] {processor.py:153} INFO - Started process (PID=8669) to work on /home/ris/PycharmProjects/pythonProject/USA-housing/venv/lib/python3.10/site-packages/airflow/example_dags/example_kubernetes_executor.py
[2023-03-07T18:27:07.333+0530] {processor.py:743} INFO - Processing file /home/ris/PycharmProjects/pythonProject/USA-housing/venv/lib/python3.10/site-packages/airflow/example_dags/example_kubernetes_executor.py for tasks to queue
[2023-03-07T18:27:07.333+0530] {logging_mixin.py:137} INFO - [2023-03-07T18:27:07.333+0530] {dagbag.py:538} INFO - Filling up the DagBag from /home/ris/PycharmProjects/pythonProject/USA-housing/venv/lib/python3.10/site-packages/airflow/example_dags/example_kubernetes_executor.py
[2023-03-07T18:27:07.351+0530] {logging_mixin.py:137} INFO - [2023-03-07T18:27:07.351+0530] {example_kubernetes_executor.py:41} WARNING - The example_kubernetes_executor example DAG requires the kubernetes provider. Please install it with: pip install apache-airflow[cncf.kubernetes]
[2023-03-07T18:27:07.351+0530] {processor.py:755} WARNING - No viable dags retrieved from /home/ris/PycharmProjects/pythonProject/USA-housing/venv/lib/python3.10/site-packages/airflow/example_dags/example_kubernetes_executor.py
[2023-03-07T18:27:07.363+0530] {processor.py:175} INFO - Processing /home/ris/PycharmProjects/pythonProject/USA-housing/venv/lib/python3.10/site-packages/airflow/example_dags/example_kubernetes_executor.py took 0.036 seconds
[2023-03-07T18:27:50.236+0530] {processor.py:153} INFO - Started process (PID=8717) to work on /home/ris/PycharmProjects/pythonProject/USA-housing/venv/lib/python3.10/site-packages/airflow/example_dags/example_kubernetes_executor.py
[2023-03-07T18:27:50.238+0530] {processor.py:743} INFO - Processing file /home/ris/PycharmProjects/pythonProject/USA-housing/venv/lib/python3.10/site-packages/airflow/example_dags/example_kubernetes_executor.py for tasks to queue
[2023-03-07T18:27:50.239+0530] {logging_mixin.py:137} INFO - [2023-03-07T18:27:50.239+0530] {dagbag.py:538} INFO - Filling up the DagBag from /home/ris/PycharmProjects/pythonProject/USA-housing/venv/lib/python3.10/site-packages/airflow/example_dags/example_kubernetes_executor.py
[2023-03-07T18:27:50.255+0530] {logging_mixin.py:137} INFO - [2023-03-07T18:27:50.255+0530] {example_kubernetes_executor.py:41} WARNING - The example_kubernetes_executor example DAG requires the kubernetes provider. Please install it with: pip install apache-airflow[cncf.kubernetes]
[2023-03-07T18:27:50.255+0530] {processor.py:755} WARNING - No viable dags retrieved from /home/ris/PycharmProjects/pythonProject/USA-housing/venv/lib/python3.10/site-packages/airflow/example_dags/example_kubernetes_executor.py
[2023-03-07T18:27:50.264+0530] {processor.py:175} INFO - Processing /home/ris/PycharmProjects/pythonProject/USA-housing/venv/lib/python3.10/site-packages/airflow/example_dags/example_kubernetes_executor.py took 0.031 seconds
[2023-03-07T18:28:33.746+0530] {processor.py:153} INFO - Started process (PID=8773) to work on /home/ris/PycharmProjects/pythonProject/USA-housing/venv/lib/python3.10/site-packages/airflow/example_dags/example_kubernetes_executor.py
[2023-03-07T18:28:33.749+0530] {processor.py:743} INFO - Processing file /home/ris/PycharmProjects/pythonProject/USA-housing/venv/lib/python3.10/site-packages/airflow/example_dags/example_kubernetes_executor.py for tasks to queue
[2023-03-07T18:28:33.749+0530] {logging_mixin.py:137} INFO - [2023-03-07T18:28:33.749+0530] {dagbag.py:538} INFO - Filling up the DagBag from /home/ris/PycharmProjects/pythonProject/USA-housing/venv/lib/python3.10/site-packages/airflow/example_dags/example_kubernetes_executor.py
[2023-03-07T18:28:33.766+0530] {logging_mixin.py:137} INFO - [2023-03-07T18:28:33.766+0530] {example_kubernetes_executor.py:41} WARNING - The example_kubernetes_executor example DAG requires the kubernetes provider. Please install it with: pip install apache-airflow[cncf.kubernetes]
[2023-03-07T18:28:33.767+0530] {processor.py:755} WARNING - No viable dags retrieved from /home/ris/PycharmProjects/pythonProject/USA-housing/venv/lib/python3.10/site-packages/airflow/example_dags/example_kubernetes_executor.py
[2023-03-07T18:28:33.777+0530] {processor.py:175} INFO - Processing /home/ris/PycharmProjects/pythonProject/USA-housing/venv/lib/python3.10/site-packages/airflow/example_dags/example_kubernetes_executor.py took 0.035 seconds
[2023-03-07T18:29:14.775+0530] {processor.py:153} INFO - Started process (PID=8831) to work on /home/ris/PycharmProjects/pythonProject/USA-housing/venv/lib/python3.10/site-packages/airflow/example_dags/example_kubernetes_executor.py
[2023-03-07T18:29:14.777+0530] {processor.py:743} INFO - Processing file /home/ris/PycharmProjects/pythonProject/USA-housing/venv/lib/python3.10/site-packages/airflow/example_dags/example_kubernetes_executor.py for tasks to queue
[2023-03-07T18:29:14.778+0530] {logging_mixin.py:137} INFO - [2023-03-07T18:29:14.778+0530] {dagbag.py:538} INFO - Filling up the DagBag from /home/ris/PycharmProjects/pythonProject/USA-housing/venv/lib/python3.10/site-packages/airflow/example_dags/example_kubernetes_executor.py
[2023-03-07T18:29:14.796+0530] {logging_mixin.py:137} INFO - [2023-03-07T18:29:14.796+0530] {example_kubernetes_executor.py:41} WARNING - The example_kubernetes_executor example DAG requires the kubernetes provider. Please install it with: pip install apache-airflow[cncf.kubernetes]
[2023-03-07T18:29:14.796+0530] {processor.py:755} WARNING - No viable dags retrieved from /home/ris/PycharmProjects/pythonProject/USA-housing/venv/lib/python3.10/site-packages/airflow/example_dags/example_kubernetes_executor.py
[2023-03-07T18:29:14.806+0530] {processor.py:175} INFO - Processing /home/ris/PycharmProjects/pythonProject/USA-housing/venv/lib/python3.10/site-packages/airflow/example_dags/example_kubernetes_executor.py took 0.033 seconds
[2023-03-07T18:30:01.635+0530] {processor.py:153} INFO - Started process (PID=8884) to work on /home/ris/PycharmProjects/pythonProject/USA-housing/venv/lib/python3.10/site-packages/airflow/example_dags/example_kubernetes_executor.py
[2023-03-07T18:30:01.637+0530] {processor.py:743} INFO - Processing file /home/ris/PycharmProjects/pythonProject/USA-housing/venv/lib/python3.10/site-packages/airflow/example_dags/example_kubernetes_executor.py for tasks to queue
[2023-03-07T18:30:01.637+0530] {logging_mixin.py:137} INFO - [2023-03-07T18:30:01.637+0530] {dagbag.py:538} INFO - Filling up the DagBag from /home/ris/PycharmProjects/pythonProject/USA-housing/venv/lib/python3.10/site-packages/airflow/example_dags/example_kubernetes_executor.py
[2023-03-07T18:30:01.652+0530] {logging_mixin.py:137} INFO - [2023-03-07T18:30:01.652+0530] {example_kubernetes_executor.py:41} WARNING - The example_kubernetes_executor example DAG requires the kubernetes provider. Please install it with: pip install apache-airflow[cncf.kubernetes]
[2023-03-07T18:30:01.652+0530] {processor.py:755} WARNING - No viable dags retrieved from /home/ris/PycharmProjects/pythonProject/USA-housing/venv/lib/python3.10/site-packages/airflow/example_dags/example_kubernetes_executor.py
[2023-03-07T18:30:01.660+0530] {processor.py:175} INFO - Processing /home/ris/PycharmProjects/pythonProject/USA-housing/venv/lib/python3.10/site-packages/airflow/example_dags/example_kubernetes_executor.py took 0.029 seconds
[2023-03-07T18:30:52.307+0530] {processor.py:153} INFO - Started process (PID=8982) to work on /home/ris/PycharmProjects/pythonProject/USA-housing/venv/lib/python3.10/site-packages/airflow/example_dags/example_kubernetes_executor.py
[2023-03-07T18:30:52.309+0530] {processor.py:743} INFO - Processing file /home/ris/PycharmProjects/pythonProject/USA-housing/venv/lib/python3.10/site-packages/airflow/example_dags/example_kubernetes_executor.py for tasks to queue
[2023-03-07T18:30:52.310+0530] {logging_mixin.py:137} INFO - [2023-03-07T18:30:52.310+0530] {dagbag.py:538} INFO - Filling up the DagBag from /home/ris/PycharmProjects/pythonProject/USA-housing/venv/lib/python3.10/site-packages/airflow/example_dags/example_kubernetes_executor.py
[2023-03-07T18:30:52.326+0530] {logging_mixin.py:137} INFO - [2023-03-07T18:30:52.326+0530] {example_kubernetes_executor.py:41} WARNING - The example_kubernetes_executor example DAG requires the kubernetes provider. Please install it with: pip install apache-airflow[cncf.kubernetes]
[2023-03-07T18:30:52.326+0530] {processor.py:755} WARNING - No viable dags retrieved from /home/ris/PycharmProjects/pythonProject/USA-housing/venv/lib/python3.10/site-packages/airflow/example_dags/example_kubernetes_executor.py
[2023-03-07T18:30:52.338+0530] {processor.py:175} INFO - Processing /home/ris/PycharmProjects/pythonProject/USA-housing/venv/lib/python3.10/site-packages/airflow/example_dags/example_kubernetes_executor.py took 0.035 seconds
[2023-03-07T18:31:32.481+0530] {processor.py:153} INFO - Started process (PID=9055) to work on /home/ris/PycharmProjects/pythonProject/USA-housing/venv/lib/python3.10/site-packages/airflow/example_dags/example_kubernetes_executor.py
[2023-03-07T18:31:32.482+0530] {processor.py:743} INFO - Processing file /home/ris/PycharmProjects/pythonProject/USA-housing/venv/lib/python3.10/site-packages/airflow/example_dags/example_kubernetes_executor.py for tasks to queue
[2023-03-07T18:31:32.483+0530] {logging_mixin.py:137} INFO - [2023-03-07T18:31:32.483+0530] {dagbag.py:538} INFO - Filling up the DagBag from /home/ris/PycharmProjects/pythonProject/USA-housing/venv/lib/python3.10/site-packages/airflow/example_dags/example_kubernetes_executor.py
[2023-03-07T18:31:32.497+0530] {logging_mixin.py:137} INFO - [2023-03-07T18:31:32.497+0530] {example_kubernetes_executor.py:41} WARNING - The example_kubernetes_executor example DAG requires the kubernetes provider. Please install it with: pip install apache-airflow[cncf.kubernetes]
[2023-03-07T18:31:32.497+0530] {processor.py:755} WARNING - No viable dags retrieved from /home/ris/PycharmProjects/pythonProject/USA-housing/venv/lib/python3.10/site-packages/airflow/example_dags/example_kubernetes_executor.py
[2023-03-07T18:31:32.506+0530] {processor.py:175} INFO - Processing /home/ris/PycharmProjects/pythonProject/USA-housing/venv/lib/python3.10/site-packages/airflow/example_dags/example_kubernetes_executor.py took 0.028 seconds
[2023-03-07T18:32:21.152+0530] {processor.py:153} INFO - Started process (PID=9111) to work on /home/ris/PycharmProjects/pythonProject/USA-housing/venv/lib/python3.10/site-packages/airflow/example_dags/example_kubernetes_executor.py
[2023-03-07T18:32:21.155+0530] {processor.py:743} INFO - Processing file /home/ris/PycharmProjects/pythonProject/USA-housing/venv/lib/python3.10/site-packages/airflow/example_dags/example_kubernetes_executor.py for tasks to queue
[2023-03-07T18:32:21.155+0530] {logging_mixin.py:137} INFO - [2023-03-07T18:32:21.155+0530] {dagbag.py:538} INFO - Filling up the DagBag from /home/ris/PycharmProjects/pythonProject/USA-housing/venv/lib/python3.10/site-packages/airflow/example_dags/example_kubernetes_executor.py
[2023-03-07T18:32:21.168+0530] {logging_mixin.py:137} INFO - [2023-03-07T18:32:21.168+0530] {example_kubernetes_executor.py:41} WARNING - The example_kubernetes_executor example DAG requires the kubernetes provider. Please install it with: pip install apache-airflow[cncf.kubernetes]
[2023-03-07T18:32:21.169+0530] {processor.py:755} WARNING - No viable dags retrieved from /home/ris/PycharmProjects/pythonProject/USA-housing/venv/lib/python3.10/site-packages/airflow/example_dags/example_kubernetes_executor.py
[2023-03-07T18:32:21.178+0530] {processor.py:175} INFO - Processing /home/ris/PycharmProjects/pythonProject/USA-housing/venv/lib/python3.10/site-packages/airflow/example_dags/example_kubernetes_executor.py took 0.029 seconds
[2023-03-07T18:33:08.099+0530] {processor.py:153} INFO - Started process (PID=9166) to work on /home/ris/PycharmProjects/pythonProject/USA-housing/venv/lib/python3.10/site-packages/airflow/example_dags/example_kubernetes_executor.py
[2023-03-07T18:33:08.101+0530] {processor.py:743} INFO - Processing file /home/ris/PycharmProjects/pythonProject/USA-housing/venv/lib/python3.10/site-packages/airflow/example_dags/example_kubernetes_executor.py for tasks to queue
[2023-03-07T18:33:08.101+0530] {logging_mixin.py:137} INFO - [2023-03-07T18:33:08.101+0530] {dagbag.py:538} INFO - Filling up the DagBag from /home/ris/PycharmProjects/pythonProject/USA-housing/venv/lib/python3.10/site-packages/airflow/example_dags/example_kubernetes_executor.py
[2023-03-07T18:33:08.115+0530] {logging_mixin.py:137} INFO - [2023-03-07T18:33:08.115+0530] {example_kubernetes_executor.py:41} WARNING - The example_kubernetes_executor example DAG requires the kubernetes provider. Please install it with: pip install apache-airflow[cncf.kubernetes]
[2023-03-07T18:33:08.115+0530] {processor.py:755} WARNING - No viable dags retrieved from /home/ris/PycharmProjects/pythonProject/USA-housing/venv/lib/python3.10/site-packages/airflow/example_dags/example_kubernetes_executor.py
[2023-03-07T18:33:08.123+0530] {processor.py:175} INFO - Processing /home/ris/PycharmProjects/pythonProject/USA-housing/venv/lib/python3.10/site-packages/airflow/example_dags/example_kubernetes_executor.py took 0.028 seconds
[2023-03-07T18:33:47.579+0530] {processor.py:153} INFO - Started process (PID=9208) to work on /home/ris/PycharmProjects/pythonProject/USA-housing/venv/lib/python3.10/site-packages/airflow/example_dags/example_kubernetes_executor.py
[2023-03-07T18:33:47.580+0530] {processor.py:743} INFO - Processing file /home/ris/PycharmProjects/pythonProject/USA-housing/venv/lib/python3.10/site-packages/airflow/example_dags/example_kubernetes_executor.py for tasks to queue
[2023-03-07T18:33:47.581+0530] {logging_mixin.py:137} INFO - [2023-03-07T18:33:47.581+0530] {dagbag.py:538} INFO - Filling up the DagBag from /home/ris/PycharmProjects/pythonProject/USA-housing/venv/lib/python3.10/site-packages/airflow/example_dags/example_kubernetes_executor.py
[2023-03-07T18:33:47.595+0530] {logging_mixin.py:137} INFO - [2023-03-07T18:33:47.594+0530] {example_kubernetes_executor.py:41} WARNING - The example_kubernetes_executor example DAG requires the kubernetes provider. Please install it with: pip install apache-airflow[cncf.kubernetes]
[2023-03-07T18:33:47.595+0530] {processor.py:755} WARNING - No viable dags retrieved from /home/ris/PycharmProjects/pythonProject/USA-housing/venv/lib/python3.10/site-packages/airflow/example_dags/example_kubernetes_executor.py
[2023-03-07T18:33:47.603+0530] {processor.py:175} INFO - Processing /home/ris/PycharmProjects/pythonProject/USA-housing/venv/lib/python3.10/site-packages/airflow/example_dags/example_kubernetes_executor.py took 0.027 seconds
[2023-03-07T18:34:30.660+0530] {processor.py:153} INFO - Started process (PID=9260) to work on /home/ris/PycharmProjects/pythonProject/USA-housing/venv/lib/python3.10/site-packages/airflow/example_dags/example_kubernetes_executor.py
[2023-03-07T18:34:30.662+0530] {processor.py:743} INFO - Processing file /home/ris/PycharmProjects/pythonProject/USA-housing/venv/lib/python3.10/site-packages/airflow/example_dags/example_kubernetes_executor.py for tasks to queue
[2023-03-07T18:34:30.662+0530] {logging_mixin.py:137} INFO - [2023-03-07T18:34:30.662+0530] {dagbag.py:538} INFO - Filling up the DagBag from /home/ris/PycharmProjects/pythonProject/USA-housing/venv/lib/python3.10/site-packages/airflow/example_dags/example_kubernetes_executor.py
[2023-03-07T18:34:30.677+0530] {logging_mixin.py:137} INFO - [2023-03-07T18:34:30.677+0530] {example_kubernetes_executor.py:41} WARNING - The example_kubernetes_executor example DAG requires the kubernetes provider. Please install it with: pip install apache-airflow[cncf.kubernetes]
[2023-03-07T18:34:30.677+0530] {processor.py:755} WARNING - No viable dags retrieved from /home/ris/PycharmProjects/pythonProject/USA-housing/venv/lib/python3.10/site-packages/airflow/example_dags/example_kubernetes_executor.py
[2023-03-07T18:34:30.685+0530] {processor.py:175} INFO - Processing /home/ris/PycharmProjects/pythonProject/USA-housing/venv/lib/python3.10/site-packages/airflow/example_dags/example_kubernetes_executor.py took 0.028 seconds
[2023-03-07T18:35:18.631+0530] {processor.py:153} INFO - Started process (PID=9334) to work on /home/ris/PycharmProjects/pythonProject/USA-housing/venv/lib/python3.10/site-packages/airflow/example_dags/example_kubernetes_executor.py
[2023-03-07T18:35:18.633+0530] {processor.py:743} INFO - Processing file /home/ris/PycharmProjects/pythonProject/USA-housing/venv/lib/python3.10/site-packages/airflow/example_dags/example_kubernetes_executor.py for tasks to queue
[2023-03-07T18:35:18.633+0530] {logging_mixin.py:137} INFO - [2023-03-07T18:35:18.633+0530] {dagbag.py:538} INFO - Filling up the DagBag from /home/ris/PycharmProjects/pythonProject/USA-housing/venv/lib/python3.10/site-packages/airflow/example_dags/example_kubernetes_executor.py
[2023-03-07T18:35:18.646+0530] {logging_mixin.py:137} INFO - [2023-03-07T18:35:18.646+0530] {example_kubernetes_executor.py:41} WARNING - The example_kubernetes_executor example DAG requires the kubernetes provider. Please install it with: pip install apache-airflow[cncf.kubernetes]
[2023-03-07T18:35:18.647+0530] {processor.py:755} WARNING - No viable dags retrieved from /home/ris/PycharmProjects/pythonProject/USA-housing/venv/lib/python3.10/site-packages/airflow/example_dags/example_kubernetes_executor.py
[2023-03-07T18:35:18.654+0530] {processor.py:175} INFO - Processing /home/ris/PycharmProjects/pythonProject/USA-housing/venv/lib/python3.10/site-packages/airflow/example_dags/example_kubernetes_executor.py took 0.025 seconds
[2023-03-07T18:36:10.862+0530] {processor.py:153} INFO - Started process (PID=9391) to work on /home/ris/PycharmProjects/pythonProject/USA-housing/venv/lib/python3.10/site-packages/airflow/example_dags/example_kubernetes_executor.py
[2023-03-07T18:36:10.865+0530] {processor.py:743} INFO - Processing file /home/ris/PycharmProjects/pythonProject/USA-housing/venv/lib/python3.10/site-packages/airflow/example_dags/example_kubernetes_executor.py for tasks to queue
[2023-03-07T18:36:10.866+0530] {logging_mixin.py:137} INFO - [2023-03-07T18:36:10.866+0530] {dagbag.py:538} INFO - Filling up the DagBag from /home/ris/PycharmProjects/pythonProject/USA-housing/venv/lib/python3.10/site-packages/airflow/example_dags/example_kubernetes_executor.py
[2023-03-07T18:36:10.882+0530] {logging_mixin.py:137} INFO - [2023-03-07T18:36:10.882+0530] {example_kubernetes_executor.py:41} WARNING - The example_kubernetes_executor example DAG requires the kubernetes provider. Please install it with: pip install apache-airflow[cncf.kubernetes]
[2023-03-07T18:36:10.882+0530] {processor.py:755} WARNING - No viable dags retrieved from /home/ris/PycharmProjects/pythonProject/USA-housing/venv/lib/python3.10/site-packages/airflow/example_dags/example_kubernetes_executor.py
[2023-03-07T18:36:10.889+0530] {processor.py:175} INFO - Processing /home/ris/PycharmProjects/pythonProject/USA-housing/venv/lib/python3.10/site-packages/airflow/example_dags/example_kubernetes_executor.py took 0.031 seconds
[2023-03-07T18:36:59.612+0530] {processor.py:153} INFO - Started process (PID=9456) to work on /home/ris/PycharmProjects/pythonProject/USA-housing/venv/lib/python3.10/site-packages/airflow/example_dags/example_kubernetes_executor.py
[2023-03-07T18:36:59.614+0530] {processor.py:743} INFO - Processing file /home/ris/PycharmProjects/pythonProject/USA-housing/venv/lib/python3.10/site-packages/airflow/example_dags/example_kubernetes_executor.py for tasks to queue
[2023-03-07T18:36:59.615+0530] {logging_mixin.py:137} INFO - [2023-03-07T18:36:59.615+0530] {dagbag.py:538} INFO - Filling up the DagBag from /home/ris/PycharmProjects/pythonProject/USA-housing/venv/lib/python3.10/site-packages/airflow/example_dags/example_kubernetes_executor.py
[2023-03-07T18:36:59.628+0530] {logging_mixin.py:137} INFO - [2023-03-07T18:36:59.628+0530] {example_kubernetes_executor.py:41} WARNING - The example_kubernetes_executor example DAG requires the kubernetes provider. Please install it with: pip install apache-airflow[cncf.kubernetes]
[2023-03-07T18:36:59.628+0530] {processor.py:755} WARNING - No viable dags retrieved from /home/ris/PycharmProjects/pythonProject/USA-housing/venv/lib/python3.10/site-packages/airflow/example_dags/example_kubernetes_executor.py
[2023-03-07T18:36:59.636+0530] {processor.py:175} INFO - Processing /home/ris/PycharmProjects/pythonProject/USA-housing/venv/lib/python3.10/site-packages/airflow/example_dags/example_kubernetes_executor.py took 0.028 seconds
[2023-03-07T18:37:51.910+0530] {processor.py:153} INFO - Started process (PID=9545) to work on /home/ris/PycharmProjects/pythonProject/USA-housing/venv/lib/python3.10/site-packages/airflow/example_dags/example_kubernetes_executor.py
[2023-03-07T18:37:51.912+0530] {processor.py:743} INFO - Processing file /home/ris/PycharmProjects/pythonProject/USA-housing/venv/lib/python3.10/site-packages/airflow/example_dags/example_kubernetes_executor.py for tasks to queue
[2023-03-07T18:37:51.913+0530] {logging_mixin.py:137} INFO - [2023-03-07T18:37:51.913+0530] {dagbag.py:538} INFO - Filling up the DagBag from /home/ris/PycharmProjects/pythonProject/USA-housing/venv/lib/python3.10/site-packages/airflow/example_dags/example_kubernetes_executor.py
[2023-03-07T18:37:51.946+0530] {logging_mixin.py:137} INFO - [2023-03-07T18:37:51.945+0530] {example_kubernetes_executor.py:41} WARNING - The example_kubernetes_executor example DAG requires the kubernetes provider. Please install it with: pip install apache-airflow[cncf.kubernetes]
[2023-03-07T18:37:51.946+0530] {processor.py:755} WARNING - No viable dags retrieved from /home/ris/PycharmProjects/pythonProject/USA-housing/venv/lib/python3.10/site-packages/airflow/example_dags/example_kubernetes_executor.py
[2023-03-07T18:37:51.956+0530] {processor.py:175} INFO - Processing /home/ris/PycharmProjects/pythonProject/USA-housing/venv/lib/python3.10/site-packages/airflow/example_dags/example_kubernetes_executor.py took 0.050 seconds
[2023-03-07T18:38:41.652+0530] {processor.py:153} INFO - Started process (PID=9628) to work on /home/ris/PycharmProjects/pythonProject/USA-housing/venv/lib/python3.10/site-packages/airflow/example_dags/example_kubernetes_executor.py
[2023-03-07T18:38:41.654+0530] {processor.py:743} INFO - Processing file /home/ris/PycharmProjects/pythonProject/USA-housing/venv/lib/python3.10/site-packages/airflow/example_dags/example_kubernetes_executor.py for tasks to queue
[2023-03-07T18:38:41.655+0530] {logging_mixin.py:137} INFO - [2023-03-07T18:38:41.655+0530] {dagbag.py:538} INFO - Filling up the DagBag from /home/ris/PycharmProjects/pythonProject/USA-housing/venv/lib/python3.10/site-packages/airflow/example_dags/example_kubernetes_executor.py
[2023-03-07T18:38:41.684+0530] {logging_mixin.py:137} INFO - [2023-03-07T18:38:41.683+0530] {example_kubernetes_executor.py:41} WARNING - The example_kubernetes_executor example DAG requires the kubernetes provider. Please install it with: pip install apache-airflow[cncf.kubernetes]
[2023-03-07T18:38:41.684+0530] {processor.py:755} WARNING - No viable dags retrieved from /home/ris/PycharmProjects/pythonProject/USA-housing/venv/lib/python3.10/site-packages/airflow/example_dags/example_kubernetes_executor.py
[2023-03-07T18:38:41.696+0530] {processor.py:175} INFO - Processing /home/ris/PycharmProjects/pythonProject/USA-housing/venv/lib/python3.10/site-packages/airflow/example_dags/example_kubernetes_executor.py took 0.049 seconds
[2023-03-07T18:39:35.576+0530] {processor.py:153} INFO - Started process (PID=9690) to work on /home/ris/PycharmProjects/pythonProject/USA-housing/venv/lib/python3.10/site-packages/airflow/example_dags/example_kubernetes_executor.py
[2023-03-07T18:39:35.578+0530] {processor.py:743} INFO - Processing file /home/ris/PycharmProjects/pythonProject/USA-housing/venv/lib/python3.10/site-packages/airflow/example_dags/example_kubernetes_executor.py for tasks to queue
[2023-03-07T18:39:35.579+0530] {logging_mixin.py:137} INFO - [2023-03-07T18:39:35.579+0530] {dagbag.py:538} INFO - Filling up the DagBag from /home/ris/PycharmProjects/pythonProject/USA-housing/venv/lib/python3.10/site-packages/airflow/example_dags/example_kubernetes_executor.py
[2023-03-07T18:39:35.606+0530] {logging_mixin.py:137} INFO - [2023-03-07T18:39:35.605+0530] {example_kubernetes_executor.py:41} WARNING - The example_kubernetes_executor example DAG requires the kubernetes provider. Please install it with: pip install apache-airflow[cncf.kubernetes]
[2023-03-07T18:39:35.606+0530] {processor.py:755} WARNING - No viable dags retrieved from /home/ris/PycharmProjects/pythonProject/USA-housing/venv/lib/python3.10/site-packages/airflow/example_dags/example_kubernetes_executor.py
[2023-03-07T18:39:35.619+0530] {processor.py:175} INFO - Processing /home/ris/PycharmProjects/pythonProject/USA-housing/venv/lib/python3.10/site-packages/airflow/example_dags/example_kubernetes_executor.py took 0.048 seconds
[2023-03-07T18:40:18.969+0530] {processor.py:153} INFO - Started process (PID=9736) to work on /home/ris/PycharmProjects/pythonProject/USA-housing/venv/lib/python3.10/site-packages/airflow/example_dags/example_kubernetes_executor.py
[2023-03-07T18:40:18.971+0530] {processor.py:743} INFO - Processing file /home/ris/PycharmProjects/pythonProject/USA-housing/venv/lib/python3.10/site-packages/airflow/example_dags/example_kubernetes_executor.py for tasks to queue
[2023-03-07T18:40:18.972+0530] {logging_mixin.py:137} INFO - [2023-03-07T18:40:18.972+0530] {dagbag.py:538} INFO - Filling up the DagBag from /home/ris/PycharmProjects/pythonProject/USA-housing/venv/lib/python3.10/site-packages/airflow/example_dags/example_kubernetes_executor.py
[2023-03-07T18:40:18.999+0530] {logging_mixin.py:137} INFO - [2023-03-07T18:40:18.999+0530] {example_kubernetes_executor.py:41} WARNING - The example_kubernetes_executor example DAG requires the kubernetes provider. Please install it with: pip install apache-airflow[cncf.kubernetes]
[2023-03-07T18:40:18.999+0530] {processor.py:755} WARNING - No viable dags retrieved from /home/ris/PycharmProjects/pythonProject/USA-housing/venv/lib/python3.10/site-packages/airflow/example_dags/example_kubernetes_executor.py
[2023-03-07T18:40:19.010+0530] {processor.py:175} INFO - Processing /home/ris/PycharmProjects/pythonProject/USA-housing/venv/lib/python3.10/site-packages/airflow/example_dags/example_kubernetes_executor.py took 0.045 seconds
