[2023-03-07T16:10:43.816+0530] {processor.py:153} INFO - Started process (PID=14973) to work on /home/ris/PycharmProjects/pythonProject/USA-housing/venv/lib/python3.10/site-packages/airflow/example_dags/example_xcom.py
[2023-03-07T16:10:43.817+0530] {processor.py:743} INFO - Processing file /home/ris/PycharmProjects/pythonProject/USA-housing/venv/lib/python3.10/site-packages/airflow/example_dags/example_xcom.py for tasks to queue
[2023-03-07T16:10:43.818+0530] {logging_mixin.py:137} INFO - [2023-03-07T16:10:43.818+0530] {dagbag.py:538} INFO - Filling up the DagBag from /home/ris/PycharmProjects/pythonProject/USA-housing/venv/lib/python3.10/site-packages/airflow/example_dags/example_xcom.py
[2023-03-07T16:10:43.864+0530] {processor.py:753} INFO - DAG(s) dict_keys(['example_xcom']) retrieved from /home/ris/PycharmProjects/pythonProject/USA-housing/venv/lib/python3.10/site-packages/airflow/example_dags/example_xcom.py
[2023-03-07T16:10:43.897+0530] {logging_mixin.py:137} INFO - [2023-03-07T16:10:43.897+0530] {dag.py:2690} INFO - Sync 1 DAGs
[2023-03-07T16:10:43.938+0530] {logging_mixin.py:137} INFO - [2023-03-07T16:10:43.938+0530] {dag.py:3437} INFO - Setting next_dagrun for example_xcom to 2021-01-01T00:00:00+00:00, run_after=2021-01-01T00:00:00+00:00
[2023-03-07T16:10:43.979+0530] {processor.py:175} INFO - Processing /home/ris/PycharmProjects/pythonProject/USA-housing/venv/lib/python3.10/site-packages/airflow/example_dags/example_xcom.py took 0.167 seconds
[2023-03-07T17:37:25.400+0530] {processor.py:153} INFO - Started process (PID=5556) to work on /home/ris/PycharmProjects/pythonProject/USA-housing/venv/lib/python3.10/site-packages/airflow/example_dags/example_xcom.py
[2023-03-07T17:37:25.402+0530] {processor.py:743} INFO - Processing file /home/ris/PycharmProjects/pythonProject/USA-housing/venv/lib/python3.10/site-packages/airflow/example_dags/example_xcom.py for tasks to queue
[2023-03-07T17:37:25.402+0530] {logging_mixin.py:137} INFO - [2023-03-07T17:37:25.402+0530] {dagbag.py:538} INFO - Filling up the DagBag from /home/ris/PycharmProjects/pythonProject/USA-housing/venv/lib/python3.10/site-packages/airflow/example_dags/example_xcom.py
[2023-03-07T17:37:25.446+0530] {processor.py:753} INFO - DAG(s) dict_keys(['example_xcom']) retrieved from /home/ris/PycharmProjects/pythonProject/USA-housing/venv/lib/python3.10/site-packages/airflow/example_dags/example_xcom.py
[2023-03-07T17:37:25.461+0530] {logging_mixin.py:137} INFO - [2023-03-07T17:37:25.461+0530] {dag.py:2690} INFO - Sync 1 DAGs
[2023-03-07T17:37:25.482+0530] {logging_mixin.py:137} INFO - [2023-03-07T17:37:25.481+0530] {dag.py:3437} INFO - Setting next_dagrun for example_xcom to 2021-01-01T00:00:00+00:00, run_after=2021-01-01T00:00:00+00:00
[2023-03-07T17:37:25.501+0530] {processor.py:175} INFO - Processing /home/ris/PycharmProjects/pythonProject/USA-housing/venv/lib/python3.10/site-packages/airflow/example_dags/example_xcom.py took 0.104 seconds
[2023-03-07T17:38:44.783+0530] {processor.py:153} INFO - Started process (PID=5762) to work on /home/ris/PycharmProjects/pythonProject/USA-housing/venv/lib/python3.10/site-packages/airflow/example_dags/example_xcom.py
[2023-03-07T17:38:44.785+0530] {processor.py:743} INFO - Processing file /home/ris/PycharmProjects/pythonProject/USA-housing/venv/lib/python3.10/site-packages/airflow/example_dags/example_xcom.py for tasks to queue
[2023-03-07T17:38:44.786+0530] {logging_mixin.py:137} INFO - [2023-03-07T17:38:44.785+0530] {dagbag.py:538} INFO - Filling up the DagBag from /home/ris/PycharmProjects/pythonProject/USA-housing/venv/lib/python3.10/site-packages/airflow/example_dags/example_xcom.py
[2023-03-07T17:38:44.809+0530] {processor.py:753} INFO - DAG(s) dict_keys(['example_xcom']) retrieved from /home/ris/PycharmProjects/pythonProject/USA-housing/venv/lib/python3.10/site-packages/airflow/example_dags/example_xcom.py
[2023-03-07T17:38:44.825+0530] {logging_mixin.py:137} INFO - [2023-03-07T17:38:44.825+0530] {dag.py:2690} INFO - Sync 1 DAGs
[2023-03-07T17:38:44.843+0530] {logging_mixin.py:137} INFO - [2023-03-07T17:38:44.843+0530] {dag.py:3437} INFO - Setting next_dagrun for example_xcom to 2021-01-01T00:00:00+00:00, run_after=2021-01-01T00:00:00+00:00
[2023-03-07T17:38:44.862+0530] {processor.py:175} INFO - Processing /home/ris/PycharmProjects/pythonProject/USA-housing/venv/lib/python3.10/site-packages/airflow/example_dags/example_xcom.py took 0.083 seconds
[2023-03-07T17:59:23.482+0530] {processor.py:153} INFO - Started process (PID=5926) to work on /home/ris/PycharmProjects/pythonProject/USA-housing/venv/lib/python3.10/site-packages/airflow/example_dags/example_xcom.py
[2023-03-07T17:59:23.483+0530] {processor.py:743} INFO - Processing file /home/ris/PycharmProjects/pythonProject/USA-housing/venv/lib/python3.10/site-packages/airflow/example_dags/example_xcom.py for tasks to queue
[2023-03-07T17:59:23.483+0530] {logging_mixin.py:137} INFO - [2023-03-07T17:59:23.483+0530] {dagbag.py:538} INFO - Filling up the DagBag from /home/ris/PycharmProjects/pythonProject/USA-housing/venv/lib/python3.10/site-packages/airflow/example_dags/example_xcom.py
[2023-03-07T17:59:23.501+0530] {processor.py:753} INFO - DAG(s) dict_keys(['example_xcom']) retrieved from /home/ris/PycharmProjects/pythonProject/USA-housing/venv/lib/python3.10/site-packages/airflow/example_dags/example_xcom.py
[2023-03-07T17:59:23.518+0530] {logging_mixin.py:137} INFO - [2023-03-07T17:59:23.517+0530] {dag.py:2690} INFO - Sync 1 DAGs
[2023-03-07T17:59:23.534+0530] {logging_mixin.py:137} INFO - [2023-03-07T17:59:23.533+0530] {dag.py:3437} INFO - Setting next_dagrun for example_xcom to 2021-01-01T00:00:00+00:00, run_after=2021-01-01T00:00:00+00:00
[2023-03-07T17:59:23.554+0530] {processor.py:175} INFO - Processing /home/ris/PycharmProjects/pythonProject/USA-housing/venv/lib/python3.10/site-packages/airflow/example_dags/example_xcom.py took 0.075 seconds
[2023-03-07T18:00:09.377+0530] {processor.py:153} INFO - Started process (PID=5969) to work on /home/ris/PycharmProjects/pythonProject/USA-housing/venv/lib/python3.10/site-packages/airflow/example_dags/example_xcom.py
[2023-03-07T18:00:09.378+0530] {processor.py:743} INFO - Processing file /home/ris/PycharmProjects/pythonProject/USA-housing/venv/lib/python3.10/site-packages/airflow/example_dags/example_xcom.py for tasks to queue
[2023-03-07T18:00:09.379+0530] {logging_mixin.py:137} INFO - [2023-03-07T18:00:09.379+0530] {dagbag.py:538} INFO - Filling up the DagBag from /home/ris/PycharmProjects/pythonProject/USA-housing/venv/lib/python3.10/site-packages/airflow/example_dags/example_xcom.py
[2023-03-07T18:00:09.395+0530] {processor.py:753} INFO - DAG(s) dict_keys(['example_xcom']) retrieved from /home/ris/PycharmProjects/pythonProject/USA-housing/venv/lib/python3.10/site-packages/airflow/example_dags/example_xcom.py
[2023-03-07T18:00:09.411+0530] {logging_mixin.py:137} INFO - [2023-03-07T18:00:09.410+0530] {dag.py:2690} INFO - Sync 1 DAGs
[2023-03-07T18:00:09.427+0530] {logging_mixin.py:137} INFO - [2023-03-07T18:00:09.427+0530] {dag.py:3437} INFO - Setting next_dagrun for example_xcom to 2021-01-01T00:00:00+00:00, run_after=2021-01-01T00:00:00+00:00
[2023-03-07T18:00:09.447+0530] {processor.py:175} INFO - Processing /home/ris/PycharmProjects/pythonProject/USA-housing/venv/lib/python3.10/site-packages/airflow/example_dags/example_xcom.py took 0.073 seconds
[2023-03-07T18:00:52.986+0530] {processor.py:153} INFO - Started process (PID=6016) to work on /home/ris/PycharmProjects/pythonProject/USA-housing/venv/lib/python3.10/site-packages/airflow/example_dags/example_xcom.py
[2023-03-07T18:00:52.987+0530] {processor.py:743} INFO - Processing file /home/ris/PycharmProjects/pythonProject/USA-housing/venv/lib/python3.10/site-packages/airflow/example_dags/example_xcom.py for tasks to queue
[2023-03-07T18:00:52.987+0530] {logging_mixin.py:137} INFO - [2023-03-07T18:00:52.987+0530] {dagbag.py:538} INFO - Filling up the DagBag from /home/ris/PycharmProjects/pythonProject/USA-housing/venv/lib/python3.10/site-packages/airflow/example_dags/example_xcom.py
[2023-03-07T18:00:53.005+0530] {processor.py:753} INFO - DAG(s) dict_keys(['example_xcom']) retrieved from /home/ris/PycharmProjects/pythonProject/USA-housing/venv/lib/python3.10/site-packages/airflow/example_dags/example_xcom.py
[2023-03-07T18:00:53.022+0530] {logging_mixin.py:137} INFO - [2023-03-07T18:00:53.022+0530] {dag.py:2690} INFO - Sync 1 DAGs
[2023-03-07T18:00:53.039+0530] {logging_mixin.py:137} INFO - [2023-03-07T18:00:53.039+0530] {dag.py:3437} INFO - Setting next_dagrun for example_xcom to 2021-01-01T00:00:00+00:00, run_after=2021-01-01T00:00:00+00:00
[2023-03-07T18:00:53.061+0530] {processor.py:175} INFO - Processing /home/ris/PycharmProjects/pythonProject/USA-housing/venv/lib/python3.10/site-packages/airflow/example_dags/example_xcom.py took 0.080 seconds
[2023-03-07T18:01:34.163+0530] {processor.py:153} INFO - Started process (PID=6061) to work on /home/ris/PycharmProjects/pythonProject/USA-housing/venv/lib/python3.10/site-packages/airflow/example_dags/example_xcom.py
[2023-03-07T18:01:34.165+0530] {processor.py:743} INFO - Processing file /home/ris/PycharmProjects/pythonProject/USA-housing/venv/lib/python3.10/site-packages/airflow/example_dags/example_xcom.py for tasks to queue
[2023-03-07T18:01:34.165+0530] {logging_mixin.py:137} INFO - [2023-03-07T18:01:34.165+0530] {dagbag.py:538} INFO - Filling up the DagBag from /home/ris/PycharmProjects/pythonProject/USA-housing/venv/lib/python3.10/site-packages/airflow/example_dags/example_xcom.py
[2023-03-07T18:01:34.182+0530] {processor.py:753} INFO - DAG(s) dict_keys(['example_xcom']) retrieved from /home/ris/PycharmProjects/pythonProject/USA-housing/venv/lib/python3.10/site-packages/airflow/example_dags/example_xcom.py
[2023-03-07T18:01:34.199+0530] {logging_mixin.py:137} INFO - [2023-03-07T18:01:34.198+0530] {dag.py:2690} INFO - Sync 1 DAGs
[2023-03-07T18:01:34.214+0530] {logging_mixin.py:137} INFO - [2023-03-07T18:01:34.213+0530] {dag.py:3437} INFO - Setting next_dagrun for example_xcom to 2021-01-01T00:00:00+00:00, run_after=2021-01-01T00:00:00+00:00
[2023-03-07T18:01:34.233+0530] {processor.py:175} INFO - Processing /home/ris/PycharmProjects/pythonProject/USA-housing/venv/lib/python3.10/site-packages/airflow/example_dags/example_xcom.py took 0.072 seconds
[2023-03-07T18:02:14.544+0530] {processor.py:153} INFO - Started process (PID=6104) to work on /home/ris/PycharmProjects/pythonProject/USA-housing/venv/lib/python3.10/site-packages/airflow/example_dags/example_xcom.py
[2023-03-07T18:02:14.546+0530] {processor.py:743} INFO - Processing file /home/ris/PycharmProjects/pythonProject/USA-housing/venv/lib/python3.10/site-packages/airflow/example_dags/example_xcom.py for tasks to queue
[2023-03-07T18:02:14.546+0530] {logging_mixin.py:137} INFO - [2023-03-07T18:02:14.546+0530] {dagbag.py:538} INFO - Filling up the DagBag from /home/ris/PycharmProjects/pythonProject/USA-housing/venv/lib/python3.10/site-packages/airflow/example_dags/example_xcom.py
[2023-03-07T18:02:14.564+0530] {processor.py:753} INFO - DAG(s) dict_keys(['example_xcom']) retrieved from /home/ris/PycharmProjects/pythonProject/USA-housing/venv/lib/python3.10/site-packages/airflow/example_dags/example_xcom.py
[2023-03-07T18:02:14.581+0530] {logging_mixin.py:137} INFO - [2023-03-07T18:02:14.581+0530] {dag.py:2690} INFO - Sync 1 DAGs
[2023-03-07T18:02:14.597+0530] {logging_mixin.py:137} INFO - [2023-03-07T18:02:14.596+0530] {dag.py:3437} INFO - Setting next_dagrun for example_xcom to 2021-01-01T00:00:00+00:00, run_after=2021-01-01T00:00:00+00:00
[2023-03-07T18:02:14.615+0530] {processor.py:175} INFO - Processing /home/ris/PycharmProjects/pythonProject/USA-housing/venv/lib/python3.10/site-packages/airflow/example_dags/example_xcom.py took 0.074 seconds
[2023-03-07T18:02:55.708+0530] {processor.py:153} INFO - Started process (PID=6150) to work on /home/ris/PycharmProjects/pythonProject/USA-housing/venv/lib/python3.10/site-packages/airflow/example_dags/example_xcom.py
[2023-03-07T18:02:55.710+0530] {processor.py:743} INFO - Processing file /home/ris/PycharmProjects/pythonProject/USA-housing/venv/lib/python3.10/site-packages/airflow/example_dags/example_xcom.py for tasks to queue
[2023-03-07T18:02:55.711+0530] {logging_mixin.py:137} INFO - [2023-03-07T18:02:55.710+0530] {dagbag.py:538} INFO - Filling up the DagBag from /home/ris/PycharmProjects/pythonProject/USA-housing/venv/lib/python3.10/site-packages/airflow/example_dags/example_xcom.py
[2023-03-07T18:02:55.727+0530] {processor.py:753} INFO - DAG(s) dict_keys(['example_xcom']) retrieved from /home/ris/PycharmProjects/pythonProject/USA-housing/venv/lib/python3.10/site-packages/airflow/example_dags/example_xcom.py
[2023-03-07T18:02:55.744+0530] {logging_mixin.py:137} INFO - [2023-03-07T18:02:55.744+0530] {dag.py:2690} INFO - Sync 1 DAGs
[2023-03-07T18:02:55.761+0530] {logging_mixin.py:137} INFO - [2023-03-07T18:02:55.761+0530] {dag.py:3437} INFO - Setting next_dagrun for example_xcom to 2021-01-01T00:00:00+00:00, run_after=2021-01-01T00:00:00+00:00
[2023-03-07T18:02:55.782+0530] {processor.py:175} INFO - Processing /home/ris/PycharmProjects/pythonProject/USA-housing/venv/lib/python3.10/site-packages/airflow/example_dags/example_xcom.py took 0.077 seconds
[2023-03-07T18:03:38.421+0530] {processor.py:153} INFO - Started process (PID=6200) to work on /home/ris/PycharmProjects/pythonProject/USA-housing/venv/lib/python3.10/site-packages/airflow/example_dags/example_xcom.py
[2023-03-07T18:03:38.423+0530] {processor.py:743} INFO - Processing file /home/ris/PycharmProjects/pythonProject/USA-housing/venv/lib/python3.10/site-packages/airflow/example_dags/example_xcom.py for tasks to queue
[2023-03-07T18:03:38.424+0530] {logging_mixin.py:137} INFO - [2023-03-07T18:03:38.424+0530] {dagbag.py:538} INFO - Filling up the DagBag from /home/ris/PycharmProjects/pythonProject/USA-housing/venv/lib/python3.10/site-packages/airflow/example_dags/example_xcom.py
[2023-03-07T18:03:38.440+0530] {processor.py:753} INFO - DAG(s) dict_keys(['example_xcom']) retrieved from /home/ris/PycharmProjects/pythonProject/USA-housing/venv/lib/python3.10/site-packages/airflow/example_dags/example_xcom.py
[2023-03-07T18:03:38.457+0530] {logging_mixin.py:137} INFO - [2023-03-07T18:03:38.456+0530] {dag.py:2690} INFO - Sync 1 DAGs
[2023-03-07T18:03:38.473+0530] {logging_mixin.py:137} INFO - [2023-03-07T18:03:38.472+0530] {dag.py:3437} INFO - Setting next_dagrun for example_xcom to 2021-01-01T00:00:00+00:00, run_after=2021-01-01T00:00:00+00:00
[2023-03-07T18:03:38.503+0530] {processor.py:175} INFO - Processing /home/ris/PycharmProjects/pythonProject/USA-housing/venv/lib/python3.10/site-packages/airflow/example_dags/example_xcom.py took 0.085 seconds
[2023-03-07T18:04:14.372+0530] {processor.py:153} INFO - Started process (PID=6244) to work on /home/ris/PycharmProjects/pythonProject/USA-housing/venv/lib/python3.10/site-packages/airflow/example_dags/example_xcom.py
[2023-03-07T18:04:14.374+0530] {processor.py:743} INFO - Processing file /home/ris/PycharmProjects/pythonProject/USA-housing/venv/lib/python3.10/site-packages/airflow/example_dags/example_xcom.py for tasks to queue
[2023-03-07T18:04:14.375+0530] {logging_mixin.py:137} INFO - [2023-03-07T18:04:14.375+0530] {dagbag.py:538} INFO - Filling up the DagBag from /home/ris/PycharmProjects/pythonProject/USA-housing/venv/lib/python3.10/site-packages/airflow/example_dags/example_xcom.py
[2023-03-07T18:04:14.392+0530] {processor.py:753} INFO - DAG(s) dict_keys(['example_xcom']) retrieved from /home/ris/PycharmProjects/pythonProject/USA-housing/venv/lib/python3.10/site-packages/airflow/example_dags/example_xcom.py
[2023-03-07T18:04:14.408+0530] {logging_mixin.py:137} INFO - [2023-03-07T18:04:14.408+0530] {dag.py:2690} INFO - Sync 1 DAGs
[2023-03-07T18:04:14.425+0530] {logging_mixin.py:137} INFO - [2023-03-07T18:04:14.424+0530] {dag.py:3437} INFO - Setting next_dagrun for example_xcom to 2021-01-01T00:00:00+00:00, run_after=2021-01-01T00:00:00+00:00
[2023-03-07T18:04:14.444+0530] {processor.py:175} INFO - Processing /home/ris/PycharmProjects/pythonProject/USA-housing/venv/lib/python3.10/site-packages/airflow/example_dags/example_xcom.py took 0.074 seconds
[2023-03-07T18:04:52.018+0530] {processor.py:153} INFO - Started process (PID=6287) to work on /home/ris/PycharmProjects/pythonProject/USA-housing/venv/lib/python3.10/site-packages/airflow/example_dags/example_xcom.py
[2023-03-07T18:04:52.020+0530] {processor.py:743} INFO - Processing file /home/ris/PycharmProjects/pythonProject/USA-housing/venv/lib/python3.10/site-packages/airflow/example_dags/example_xcom.py for tasks to queue
[2023-03-07T18:04:52.020+0530] {logging_mixin.py:137} INFO - [2023-03-07T18:04:52.020+0530] {dagbag.py:538} INFO - Filling up the DagBag from /home/ris/PycharmProjects/pythonProject/USA-housing/venv/lib/python3.10/site-packages/airflow/example_dags/example_xcom.py
[2023-03-07T18:04:52.039+0530] {processor.py:753} INFO - DAG(s) dict_keys(['example_xcom']) retrieved from /home/ris/PycharmProjects/pythonProject/USA-housing/venv/lib/python3.10/site-packages/airflow/example_dags/example_xcom.py
[2023-03-07T18:04:52.056+0530] {logging_mixin.py:137} INFO - [2023-03-07T18:04:52.056+0530] {dag.py:2690} INFO - Sync 1 DAGs
[2023-03-07T18:04:52.071+0530] {logging_mixin.py:137} INFO - [2023-03-07T18:04:52.071+0530] {dag.py:3437} INFO - Setting next_dagrun for example_xcom to 2021-01-01T00:00:00+00:00, run_after=2021-01-01T00:00:00+00:00
[2023-03-07T18:04:52.091+0530] {processor.py:175} INFO - Processing /home/ris/PycharmProjects/pythonProject/USA-housing/venv/lib/python3.10/site-packages/airflow/example_dags/example_xcom.py took 0.075 seconds
[2023-03-07T18:05:39.318+0530] {processor.py:153} INFO - Started process (PID=6338) to work on /home/ris/PycharmProjects/pythonProject/USA-housing/venv/lib/python3.10/site-packages/airflow/example_dags/example_xcom.py
[2023-03-07T18:05:39.320+0530] {processor.py:743} INFO - Processing file /home/ris/PycharmProjects/pythonProject/USA-housing/venv/lib/python3.10/site-packages/airflow/example_dags/example_xcom.py for tasks to queue
[2023-03-07T18:05:39.320+0530] {logging_mixin.py:137} INFO - [2023-03-07T18:05:39.320+0530] {dagbag.py:538} INFO - Filling up the DagBag from /home/ris/PycharmProjects/pythonProject/USA-housing/venv/lib/python3.10/site-packages/airflow/example_dags/example_xcom.py
[2023-03-07T18:05:39.337+0530] {processor.py:753} INFO - DAG(s) dict_keys(['example_xcom']) retrieved from /home/ris/PycharmProjects/pythonProject/USA-housing/venv/lib/python3.10/site-packages/airflow/example_dags/example_xcom.py
[2023-03-07T18:05:39.352+0530] {logging_mixin.py:137} INFO - [2023-03-07T18:05:39.352+0530] {dag.py:2690} INFO - Sync 1 DAGs
[2023-03-07T18:05:39.367+0530] {logging_mixin.py:137} INFO - [2023-03-07T18:05:39.367+0530] {dag.py:3437} INFO - Setting next_dagrun for example_xcom to 2021-01-01T00:00:00+00:00, run_after=2021-01-01T00:00:00+00:00
[2023-03-07T18:05:39.391+0530] {processor.py:175} INFO - Processing /home/ris/PycharmProjects/pythonProject/USA-housing/venv/lib/python3.10/site-packages/airflow/example_dags/example_xcom.py took 0.075 seconds
[2023-03-07T18:06:18.123+0530] {processor.py:153} INFO - Started process (PID=6380) to work on /home/ris/PycharmProjects/pythonProject/USA-housing/venv/lib/python3.10/site-packages/airflow/example_dags/example_xcom.py
[2023-03-07T18:06:18.125+0530] {processor.py:743} INFO - Processing file /home/ris/PycharmProjects/pythonProject/USA-housing/venv/lib/python3.10/site-packages/airflow/example_dags/example_xcom.py for tasks to queue
[2023-03-07T18:06:18.125+0530] {logging_mixin.py:137} INFO - [2023-03-07T18:06:18.125+0530] {dagbag.py:538} INFO - Filling up the DagBag from /home/ris/PycharmProjects/pythonProject/USA-housing/venv/lib/python3.10/site-packages/airflow/example_dags/example_xcom.py
[2023-03-07T18:06:18.146+0530] {processor.py:753} INFO - DAG(s) dict_keys(['example_xcom']) retrieved from /home/ris/PycharmProjects/pythonProject/USA-housing/venv/lib/python3.10/site-packages/airflow/example_dags/example_xcom.py
[2023-03-07T18:06:18.168+0530] {logging_mixin.py:137} INFO - [2023-03-07T18:06:18.167+0530] {dag.py:2690} INFO - Sync 1 DAGs
[2023-03-07T18:06:18.196+0530] {logging_mixin.py:137} INFO - [2023-03-07T18:06:18.195+0530] {dag.py:3437} INFO - Setting next_dagrun for example_xcom to 2021-01-01T00:00:00+00:00, run_after=2021-01-01T00:00:00+00:00
[2023-03-07T18:06:18.214+0530] {processor.py:175} INFO - Processing /home/ris/PycharmProjects/pythonProject/USA-housing/venv/lib/python3.10/site-packages/airflow/example_dags/example_xcom.py took 0.094 seconds
[2023-03-07T18:07:04.634+0530] {processor.py:153} INFO - Started process (PID=6434) to work on /home/ris/PycharmProjects/pythonProject/USA-housing/venv/lib/python3.10/site-packages/airflow/example_dags/example_xcom.py
[2023-03-07T18:07:04.635+0530] {processor.py:743} INFO - Processing file /home/ris/PycharmProjects/pythonProject/USA-housing/venv/lib/python3.10/site-packages/airflow/example_dags/example_xcom.py for tasks to queue
[2023-03-07T18:07:04.636+0530] {logging_mixin.py:137} INFO - [2023-03-07T18:07:04.636+0530] {dagbag.py:538} INFO - Filling up the DagBag from /home/ris/PycharmProjects/pythonProject/USA-housing/venv/lib/python3.10/site-packages/airflow/example_dags/example_xcom.py
[2023-03-07T18:07:04.653+0530] {processor.py:753} INFO - DAG(s) dict_keys(['example_xcom']) retrieved from /home/ris/PycharmProjects/pythonProject/USA-housing/venv/lib/python3.10/site-packages/airflow/example_dags/example_xcom.py
[2023-03-07T18:07:04.670+0530] {logging_mixin.py:137} INFO - [2023-03-07T18:07:04.670+0530] {dag.py:2690} INFO - Sync 1 DAGs
[2023-03-07T18:07:04.685+0530] {logging_mixin.py:137} INFO - [2023-03-07T18:07:04.685+0530] {dag.py:3437} INFO - Setting next_dagrun for example_xcom to 2021-01-01T00:00:00+00:00, run_after=2021-01-01T00:00:00+00:00
[2023-03-07T18:07:04.705+0530] {processor.py:175} INFO - Processing /home/ris/PycharmProjects/pythonProject/USA-housing/venv/lib/python3.10/site-packages/airflow/example_dags/example_xcom.py took 0.074 seconds
[2023-03-07T18:07:41.922+0530] {processor.py:153} INFO - Started process (PID=6473) to work on /home/ris/PycharmProjects/pythonProject/USA-housing/venv/lib/python3.10/site-packages/airflow/example_dags/example_xcom.py
[2023-03-07T18:07:41.924+0530] {processor.py:743} INFO - Processing file /home/ris/PycharmProjects/pythonProject/USA-housing/venv/lib/python3.10/site-packages/airflow/example_dags/example_xcom.py for tasks to queue
[2023-03-07T18:07:41.924+0530] {logging_mixin.py:137} INFO - [2023-03-07T18:07:41.924+0530] {dagbag.py:538} INFO - Filling up the DagBag from /home/ris/PycharmProjects/pythonProject/USA-housing/venv/lib/python3.10/site-packages/airflow/example_dags/example_xcom.py
[2023-03-07T18:07:41.942+0530] {processor.py:753} INFO - DAG(s) dict_keys(['example_xcom']) retrieved from /home/ris/PycharmProjects/pythonProject/USA-housing/venv/lib/python3.10/site-packages/airflow/example_dags/example_xcom.py
[2023-03-07T18:07:41.959+0530] {logging_mixin.py:137} INFO - [2023-03-07T18:07:41.958+0530] {dag.py:2690} INFO - Sync 1 DAGs
[2023-03-07T18:07:41.974+0530] {logging_mixin.py:137} INFO - [2023-03-07T18:07:41.974+0530] {dag.py:3437} INFO - Setting next_dagrun for example_xcom to 2021-01-01T00:00:00+00:00, run_after=2021-01-01T00:00:00+00:00
[2023-03-07T18:07:41.996+0530] {processor.py:175} INFO - Processing /home/ris/PycharmProjects/pythonProject/USA-housing/venv/lib/python3.10/site-packages/airflow/example_dags/example_xcom.py took 0.077 seconds
[2023-03-07T18:08:22.231+0530] {processor.py:153} INFO - Started process (PID=6515) to work on /home/ris/PycharmProjects/pythonProject/USA-housing/venv/lib/python3.10/site-packages/airflow/example_dags/example_xcom.py
[2023-03-07T18:08:22.232+0530] {processor.py:743} INFO - Processing file /home/ris/PycharmProjects/pythonProject/USA-housing/venv/lib/python3.10/site-packages/airflow/example_dags/example_xcom.py for tasks to queue
[2023-03-07T18:08:22.233+0530] {logging_mixin.py:137} INFO - [2023-03-07T18:08:22.233+0530] {dagbag.py:538} INFO - Filling up the DagBag from /home/ris/PycharmProjects/pythonProject/USA-housing/venv/lib/python3.10/site-packages/airflow/example_dags/example_xcom.py
[2023-03-07T18:08:22.254+0530] {processor.py:753} INFO - DAG(s) dict_keys(['example_xcom']) retrieved from /home/ris/PycharmProjects/pythonProject/USA-housing/venv/lib/python3.10/site-packages/airflow/example_dags/example_xcom.py
[2023-03-07T18:08:22.272+0530] {logging_mixin.py:137} INFO - [2023-03-07T18:08:22.272+0530] {dag.py:2690} INFO - Sync 1 DAGs
[2023-03-07T18:08:22.289+0530] {logging_mixin.py:137} INFO - [2023-03-07T18:08:22.289+0530] {dag.py:3437} INFO - Setting next_dagrun for example_xcom to 2021-01-01T00:00:00+00:00, run_after=2021-01-01T00:00:00+00:00
[2023-03-07T18:08:22.308+0530] {processor.py:175} INFO - Processing /home/ris/PycharmProjects/pythonProject/USA-housing/venv/lib/python3.10/site-packages/airflow/example_dags/example_xcom.py took 0.080 seconds
[2023-03-07T18:09:03.343+0530] {processor.py:153} INFO - Started process (PID=6562) to work on /home/ris/PycharmProjects/pythonProject/USA-housing/venv/lib/python3.10/site-packages/airflow/example_dags/example_xcom.py
[2023-03-07T18:09:03.345+0530] {processor.py:743} INFO - Processing file /home/ris/PycharmProjects/pythonProject/USA-housing/venv/lib/python3.10/site-packages/airflow/example_dags/example_xcom.py for tasks to queue
[2023-03-07T18:09:03.346+0530] {logging_mixin.py:137} INFO - [2023-03-07T18:09:03.346+0530] {dagbag.py:538} INFO - Filling up the DagBag from /home/ris/PycharmProjects/pythonProject/USA-housing/venv/lib/python3.10/site-packages/airflow/example_dags/example_xcom.py
[2023-03-07T18:09:03.363+0530] {processor.py:753} INFO - DAG(s) dict_keys(['example_xcom']) retrieved from /home/ris/PycharmProjects/pythonProject/USA-housing/venv/lib/python3.10/site-packages/airflow/example_dags/example_xcom.py
[2023-03-07T18:09:03.380+0530] {logging_mixin.py:137} INFO - [2023-03-07T18:09:03.380+0530] {dag.py:2690} INFO - Sync 1 DAGs
[2023-03-07T18:09:03.396+0530] {logging_mixin.py:137} INFO - [2023-03-07T18:09:03.396+0530] {dag.py:3437} INFO - Setting next_dagrun for example_xcom to 2021-01-01T00:00:00+00:00, run_after=2021-01-01T00:00:00+00:00
[2023-03-07T18:09:03.415+0530] {processor.py:175} INFO - Processing /home/ris/PycharmProjects/pythonProject/USA-housing/venv/lib/python3.10/site-packages/airflow/example_dags/example_xcom.py took 0.075 seconds
[2023-03-07T18:09:48.939+0530] {processor.py:153} INFO - Started process (PID=6876) to work on /home/ris/PycharmProjects/pythonProject/USA-housing/venv/lib/python3.10/site-packages/airflow/example_dags/example_xcom.py
[2023-03-07T18:09:48.941+0530] {processor.py:743} INFO - Processing file /home/ris/PycharmProjects/pythonProject/USA-housing/venv/lib/python3.10/site-packages/airflow/example_dags/example_xcom.py for tasks to queue
[2023-03-07T18:09:48.942+0530] {logging_mixin.py:137} INFO - [2023-03-07T18:09:48.942+0530] {dagbag.py:538} INFO - Filling up the DagBag from /home/ris/PycharmProjects/pythonProject/USA-housing/venv/lib/python3.10/site-packages/airflow/example_dags/example_xcom.py
[2023-03-07T18:09:48.990+0530] {processor.py:753} INFO - DAG(s) dict_keys(['example_xcom']) retrieved from /home/ris/PycharmProjects/pythonProject/USA-housing/venv/lib/python3.10/site-packages/airflow/example_dags/example_xcom.py
[2023-03-07T18:09:49.026+0530] {logging_mixin.py:137} INFO - [2023-03-07T18:09:49.025+0530] {dag.py:2690} INFO - Sync 1 DAGs
[2023-03-07T18:09:49.055+0530] {logging_mixin.py:137} INFO - [2023-03-07T18:09:49.055+0530] {dag.py:3437} INFO - Setting next_dagrun for example_xcom to 2021-01-01T00:00:00+00:00, run_after=2021-01-01T00:00:00+00:00
[2023-03-07T18:09:49.086+0530] {processor.py:175} INFO - Processing /home/ris/PycharmProjects/pythonProject/USA-housing/venv/lib/python3.10/site-packages/airflow/example_dags/example_xcom.py took 0.150 seconds
[2023-03-07T18:10:34.507+0530] {processor.py:153} INFO - Started process (PID=6942) to work on /home/ris/PycharmProjects/pythonProject/USA-housing/venv/lib/python3.10/site-packages/airflow/example_dags/example_xcom.py
[2023-03-07T18:10:34.509+0530] {processor.py:743} INFO - Processing file /home/ris/PycharmProjects/pythonProject/USA-housing/venv/lib/python3.10/site-packages/airflow/example_dags/example_xcom.py for tasks to queue
[2023-03-07T18:10:34.510+0530] {logging_mixin.py:137} INFO - [2023-03-07T18:10:34.509+0530] {dagbag.py:538} INFO - Filling up the DagBag from /home/ris/PycharmProjects/pythonProject/USA-housing/venv/lib/python3.10/site-packages/airflow/example_dags/example_xcom.py
[2023-03-07T18:10:34.527+0530] {processor.py:753} INFO - DAG(s) dict_keys(['example_xcom']) retrieved from /home/ris/PycharmProjects/pythonProject/USA-housing/venv/lib/python3.10/site-packages/airflow/example_dags/example_xcom.py
[2023-03-07T18:10:34.545+0530] {logging_mixin.py:137} INFO - [2023-03-07T18:10:34.545+0530] {dag.py:2690} INFO - Sync 1 DAGs
[2023-03-07T18:10:34.562+0530] {logging_mixin.py:137} INFO - [2023-03-07T18:10:34.561+0530] {dag.py:3437} INFO - Setting next_dagrun for example_xcom to 2021-01-01T00:00:00+00:00, run_after=2021-01-01T00:00:00+00:00
[2023-03-07T18:10:34.582+0530] {processor.py:175} INFO - Processing /home/ris/PycharmProjects/pythonProject/USA-housing/venv/lib/python3.10/site-packages/airflow/example_dags/example_xcom.py took 0.078 seconds
[2023-03-07T18:11:13.104+0530] {processor.py:153} INFO - Started process (PID=6983) to work on /home/ris/PycharmProjects/pythonProject/USA-housing/venv/lib/python3.10/site-packages/airflow/example_dags/example_xcom.py
[2023-03-07T18:11:13.106+0530] {processor.py:743} INFO - Processing file /home/ris/PycharmProjects/pythonProject/USA-housing/venv/lib/python3.10/site-packages/airflow/example_dags/example_xcom.py for tasks to queue
[2023-03-07T18:11:13.107+0530] {logging_mixin.py:137} INFO - [2023-03-07T18:11:13.107+0530] {dagbag.py:538} INFO - Filling up the DagBag from /home/ris/PycharmProjects/pythonProject/USA-housing/venv/lib/python3.10/site-packages/airflow/example_dags/example_xcom.py
[2023-03-07T18:11:13.125+0530] {processor.py:753} INFO - DAG(s) dict_keys(['example_xcom']) retrieved from /home/ris/PycharmProjects/pythonProject/USA-housing/venv/lib/python3.10/site-packages/airflow/example_dags/example_xcom.py
[2023-03-07T18:11:13.142+0530] {logging_mixin.py:137} INFO - [2023-03-07T18:11:13.142+0530] {dag.py:2690} INFO - Sync 1 DAGs
[2023-03-07T18:11:13.159+0530] {logging_mixin.py:137} INFO - [2023-03-07T18:11:13.159+0530] {dag.py:3437} INFO - Setting next_dagrun for example_xcom to 2021-01-01T00:00:00+00:00, run_after=2021-01-01T00:00:00+00:00
[2023-03-07T18:11:13.186+0530] {processor.py:175} INFO - Processing /home/ris/PycharmProjects/pythonProject/USA-housing/venv/lib/python3.10/site-packages/airflow/example_dags/example_xcom.py took 0.085 seconds
[2023-03-07T18:11:55.612+0530] {processor.py:153} INFO - Started process (PID=7041) to work on /home/ris/PycharmProjects/pythonProject/USA-housing/venv/lib/python3.10/site-packages/airflow/example_dags/example_xcom.py
[2023-03-07T18:11:55.614+0530] {processor.py:743} INFO - Processing file /home/ris/PycharmProjects/pythonProject/USA-housing/venv/lib/python3.10/site-packages/airflow/example_dags/example_xcom.py for tasks to queue
[2023-03-07T18:11:55.614+0530] {logging_mixin.py:137} INFO - [2023-03-07T18:11:55.614+0530] {dagbag.py:538} INFO - Filling up the DagBag from /home/ris/PycharmProjects/pythonProject/USA-housing/venv/lib/python3.10/site-packages/airflow/example_dags/example_xcom.py
[2023-03-07T18:11:55.641+0530] {processor.py:753} INFO - DAG(s) dict_keys(['example_xcom']) retrieved from /home/ris/PycharmProjects/pythonProject/USA-housing/venv/lib/python3.10/site-packages/airflow/example_dags/example_xcom.py
[2023-03-07T18:11:55.664+0530] {logging_mixin.py:137} INFO - [2023-03-07T18:11:55.664+0530] {dag.py:2690} INFO - Sync 1 DAGs
[2023-03-07T18:11:55.679+0530] {logging_mixin.py:137} INFO - [2023-03-07T18:11:55.679+0530] {dag.py:3437} INFO - Setting next_dagrun for example_xcom to 2021-01-01T00:00:00+00:00, run_after=2021-01-01T00:00:00+00:00
[2023-03-07T18:11:55.700+0530] {processor.py:175} INFO - Processing /home/ris/PycharmProjects/pythonProject/USA-housing/venv/lib/python3.10/site-packages/airflow/example_dags/example_xcom.py took 0.091 seconds
[2023-03-07T18:12:34.941+0530] {processor.py:153} INFO - Started process (PID=7089) to work on /home/ris/PycharmProjects/pythonProject/USA-housing/venv/lib/python3.10/site-packages/airflow/example_dags/example_xcom.py
[2023-03-07T18:12:34.944+0530] {processor.py:743} INFO - Processing file /home/ris/PycharmProjects/pythonProject/USA-housing/venv/lib/python3.10/site-packages/airflow/example_dags/example_xcom.py for tasks to queue
[2023-03-07T18:12:34.945+0530] {logging_mixin.py:137} INFO - [2023-03-07T18:12:34.944+0530] {dagbag.py:538} INFO - Filling up the DagBag from /home/ris/PycharmProjects/pythonProject/USA-housing/venv/lib/python3.10/site-packages/airflow/example_dags/example_xcom.py
[2023-03-07T18:12:34.961+0530] {processor.py:753} INFO - DAG(s) dict_keys(['example_xcom']) retrieved from /home/ris/PycharmProjects/pythonProject/USA-housing/venv/lib/python3.10/site-packages/airflow/example_dags/example_xcom.py
[2023-03-07T18:12:34.978+0530] {logging_mixin.py:137} INFO - [2023-03-07T18:12:34.978+0530] {dag.py:2690} INFO - Sync 1 DAGs
[2023-03-07T18:12:34.995+0530] {logging_mixin.py:137} INFO - [2023-03-07T18:12:34.995+0530] {dag.py:3437} INFO - Setting next_dagrun for example_xcom to 2021-01-01T00:00:00+00:00, run_after=2021-01-01T00:00:00+00:00
[2023-03-07T18:12:35.015+0530] {processor.py:175} INFO - Processing /home/ris/PycharmProjects/pythonProject/USA-housing/venv/lib/python3.10/site-packages/airflow/example_dags/example_xcom.py took 0.076 seconds
[2023-03-07T18:13:12.197+0530] {processor.py:153} INFO - Started process (PID=7137) to work on /home/ris/PycharmProjects/pythonProject/USA-housing/venv/lib/python3.10/site-packages/airflow/example_dags/example_xcom.py
[2023-03-07T18:13:12.203+0530] {processor.py:743} INFO - Processing file /home/ris/PycharmProjects/pythonProject/USA-housing/venv/lib/python3.10/site-packages/airflow/example_dags/example_xcom.py for tasks to queue
[2023-03-07T18:13:12.204+0530] {logging_mixin.py:137} INFO - [2023-03-07T18:13:12.204+0530] {dagbag.py:538} INFO - Filling up the DagBag from /home/ris/PycharmProjects/pythonProject/USA-housing/venv/lib/python3.10/site-packages/airflow/example_dags/example_xcom.py
[2023-03-07T18:13:12.243+0530] {processor.py:753} INFO - DAG(s) dict_keys(['example_xcom']) retrieved from /home/ris/PycharmProjects/pythonProject/USA-housing/venv/lib/python3.10/site-packages/airflow/example_dags/example_xcom.py
[2023-03-07T18:13:12.270+0530] {logging_mixin.py:137} INFO - [2023-03-07T18:13:12.270+0530] {dag.py:2690} INFO - Sync 1 DAGs
[2023-03-07T18:13:12.295+0530] {logging_mixin.py:137} INFO - [2023-03-07T18:13:12.295+0530] {dag.py:3437} INFO - Setting next_dagrun for example_xcom to 2021-01-01T00:00:00+00:00, run_after=2021-01-01T00:00:00+00:00
[2023-03-07T18:13:12.327+0530] {processor.py:175} INFO - Processing /home/ris/PycharmProjects/pythonProject/USA-housing/venv/lib/python3.10/site-packages/airflow/example_dags/example_xcom.py took 0.134 seconds
[2023-03-07T18:13:50.408+0530] {processor.py:153} INFO - Started process (PID=7184) to work on /home/ris/PycharmProjects/pythonProject/USA-housing/venv/lib/python3.10/site-packages/airflow/example_dags/example_xcom.py
[2023-03-07T18:13:50.410+0530] {processor.py:743} INFO - Processing file /home/ris/PycharmProjects/pythonProject/USA-housing/venv/lib/python3.10/site-packages/airflow/example_dags/example_xcom.py for tasks to queue
[2023-03-07T18:13:50.411+0530] {logging_mixin.py:137} INFO - [2023-03-07T18:13:50.411+0530] {dagbag.py:538} INFO - Filling up the DagBag from /home/ris/PycharmProjects/pythonProject/USA-housing/venv/lib/python3.10/site-packages/airflow/example_dags/example_xcom.py
[2023-03-07T18:13:50.429+0530] {processor.py:753} INFO - DAG(s) dict_keys(['example_xcom']) retrieved from /home/ris/PycharmProjects/pythonProject/USA-housing/venv/lib/python3.10/site-packages/airflow/example_dags/example_xcom.py
[2023-03-07T18:13:50.447+0530] {logging_mixin.py:137} INFO - [2023-03-07T18:13:50.446+0530] {dag.py:2690} INFO - Sync 1 DAGs
[2023-03-07T18:13:50.464+0530] {logging_mixin.py:137} INFO - [2023-03-07T18:13:50.463+0530] {dag.py:3437} INFO - Setting next_dagrun for example_xcom to 2021-01-01T00:00:00+00:00, run_after=2021-01-01T00:00:00+00:00
[2023-03-07T18:13:50.483+0530] {processor.py:175} INFO - Processing /home/ris/PycharmProjects/pythonProject/USA-housing/venv/lib/python3.10/site-packages/airflow/example_dags/example_xcom.py took 0.077 seconds
[2023-03-07T18:14:34.404+0530] {processor.py:153} INFO - Started process (PID=7244) to work on /home/ris/PycharmProjects/pythonProject/USA-housing/venv/lib/python3.10/site-packages/airflow/example_dags/example_xcom.py
[2023-03-07T18:14:34.405+0530] {processor.py:743} INFO - Processing file /home/ris/PycharmProjects/pythonProject/USA-housing/venv/lib/python3.10/site-packages/airflow/example_dags/example_xcom.py for tasks to queue
[2023-03-07T18:14:34.406+0530] {logging_mixin.py:137} INFO - [2023-03-07T18:14:34.406+0530] {dagbag.py:538} INFO - Filling up the DagBag from /home/ris/PycharmProjects/pythonProject/USA-housing/venv/lib/python3.10/site-packages/airflow/example_dags/example_xcom.py
[2023-03-07T18:14:34.434+0530] {processor.py:753} INFO - DAG(s) dict_keys(['example_xcom']) retrieved from /home/ris/PycharmProjects/pythonProject/USA-housing/venv/lib/python3.10/site-packages/airflow/example_dags/example_xcom.py
[2023-03-07T18:14:34.454+0530] {logging_mixin.py:137} INFO - [2023-03-07T18:14:34.453+0530] {dag.py:2690} INFO - Sync 1 DAGs
[2023-03-07T18:14:34.469+0530] {logging_mixin.py:137} INFO - [2023-03-07T18:14:34.469+0530] {dag.py:3437} INFO - Setting next_dagrun for example_xcom to 2021-01-01T00:00:00+00:00, run_after=2021-01-01T00:00:00+00:00
[2023-03-07T18:14:34.488+0530] {processor.py:175} INFO - Processing /home/ris/PycharmProjects/pythonProject/USA-housing/venv/lib/python3.10/site-packages/airflow/example_dags/example_xcom.py took 0.087 seconds
[2023-03-07T18:15:12.325+0530] {processor.py:153} INFO - Started process (PID=7305) to work on /home/ris/PycharmProjects/pythonProject/USA-housing/venv/lib/python3.10/site-packages/airflow/example_dags/example_xcom.py
[2023-03-07T18:15:12.327+0530] {processor.py:743} INFO - Processing file /home/ris/PycharmProjects/pythonProject/USA-housing/venv/lib/python3.10/site-packages/airflow/example_dags/example_xcom.py for tasks to queue
[2023-03-07T18:15:12.328+0530] {logging_mixin.py:137} INFO - [2023-03-07T18:15:12.328+0530] {dagbag.py:538} INFO - Filling up the DagBag from /home/ris/PycharmProjects/pythonProject/USA-housing/venv/lib/python3.10/site-packages/airflow/example_dags/example_xcom.py
[2023-03-07T18:15:12.346+0530] {processor.py:753} INFO - DAG(s) dict_keys(['example_xcom']) retrieved from /home/ris/PycharmProjects/pythonProject/USA-housing/venv/lib/python3.10/site-packages/airflow/example_dags/example_xcom.py
[2023-03-07T18:15:12.363+0530] {logging_mixin.py:137} INFO - [2023-03-07T18:15:12.363+0530] {dag.py:2690} INFO - Sync 1 DAGs
[2023-03-07T18:15:12.380+0530] {logging_mixin.py:137} INFO - [2023-03-07T18:15:12.380+0530] {dag.py:3437} INFO - Setting next_dagrun for example_xcom to 2021-01-01T00:00:00+00:00, run_after=2021-01-01T00:00:00+00:00
[2023-03-07T18:15:12.400+0530] {processor.py:175} INFO - Processing /home/ris/PycharmProjects/pythonProject/USA-housing/venv/lib/python3.10/site-packages/airflow/example_dags/example_xcom.py took 0.078 seconds
[2023-03-07T18:15:51.513+0530] {processor.py:153} INFO - Started process (PID=7356) to work on /home/ris/PycharmProjects/pythonProject/USA-housing/venv/lib/python3.10/site-packages/airflow/example_dags/example_xcom.py
[2023-03-07T18:15:51.515+0530] {processor.py:743} INFO - Processing file /home/ris/PycharmProjects/pythonProject/USA-housing/venv/lib/python3.10/site-packages/airflow/example_dags/example_xcom.py for tasks to queue
[2023-03-07T18:15:51.516+0530] {logging_mixin.py:137} INFO - [2023-03-07T18:15:51.515+0530] {dagbag.py:538} INFO - Filling up the DagBag from /home/ris/PycharmProjects/pythonProject/USA-housing/venv/lib/python3.10/site-packages/airflow/example_dags/example_xcom.py
[2023-03-07T18:15:51.538+0530] {processor.py:753} INFO - DAG(s) dict_keys(['example_xcom']) retrieved from /home/ris/PycharmProjects/pythonProject/USA-housing/venv/lib/python3.10/site-packages/airflow/example_dags/example_xcom.py
[2023-03-07T18:15:51.556+0530] {logging_mixin.py:137} INFO - [2023-03-07T18:15:51.556+0530] {dag.py:2690} INFO - Sync 1 DAGs
[2023-03-07T18:15:51.572+0530] {logging_mixin.py:137} INFO - [2023-03-07T18:15:51.572+0530] {dag.py:3437} INFO - Setting next_dagrun for example_xcom to 2021-01-01T00:00:00+00:00, run_after=2021-01-01T00:00:00+00:00
[2023-03-07T18:15:51.593+0530] {processor.py:175} INFO - Processing /home/ris/PycharmProjects/pythonProject/USA-housing/venv/lib/python3.10/site-packages/airflow/example_dags/example_xcom.py took 0.082 seconds
[2023-03-07T18:16:34.011+0530] {processor.py:153} INFO - Started process (PID=7405) to work on /home/ris/PycharmProjects/pythonProject/USA-housing/venv/lib/python3.10/site-packages/airflow/example_dags/example_xcom.py
[2023-03-07T18:16:34.012+0530] {processor.py:743} INFO - Processing file /home/ris/PycharmProjects/pythonProject/USA-housing/venv/lib/python3.10/site-packages/airflow/example_dags/example_xcom.py for tasks to queue
[2023-03-07T18:16:34.013+0530] {logging_mixin.py:137} INFO - [2023-03-07T18:16:34.013+0530] {dagbag.py:538} INFO - Filling up the DagBag from /home/ris/PycharmProjects/pythonProject/USA-housing/venv/lib/python3.10/site-packages/airflow/example_dags/example_xcom.py
[2023-03-07T18:16:34.030+0530] {processor.py:753} INFO - DAG(s) dict_keys(['example_xcom']) retrieved from /home/ris/PycharmProjects/pythonProject/USA-housing/venv/lib/python3.10/site-packages/airflow/example_dags/example_xcom.py
[2023-03-07T18:16:34.049+0530] {logging_mixin.py:137} INFO - [2023-03-07T18:16:34.049+0530] {dag.py:2690} INFO - Sync 1 DAGs
[2023-03-07T18:16:34.064+0530] {logging_mixin.py:137} INFO - [2023-03-07T18:16:34.064+0530] {dag.py:3437} INFO - Setting next_dagrun for example_xcom to 2021-01-01T00:00:00+00:00, run_after=2021-01-01T00:00:00+00:00
[2023-03-07T18:16:34.083+0530] {processor.py:175} INFO - Processing /home/ris/PycharmProjects/pythonProject/USA-housing/venv/lib/python3.10/site-packages/airflow/example_dags/example_xcom.py took 0.075 seconds
[2023-03-07T18:17:11.354+0530] {processor.py:153} INFO - Started process (PID=7459) to work on /home/ris/PycharmProjects/pythonProject/USA-housing/venv/lib/python3.10/site-packages/airflow/example_dags/example_xcom.py
[2023-03-07T18:17:11.357+0530] {processor.py:743} INFO - Processing file /home/ris/PycharmProjects/pythonProject/USA-housing/venv/lib/python3.10/site-packages/airflow/example_dags/example_xcom.py for tasks to queue
[2023-03-07T18:17:11.357+0530] {logging_mixin.py:137} INFO - [2023-03-07T18:17:11.357+0530] {dagbag.py:538} INFO - Filling up the DagBag from /home/ris/PycharmProjects/pythonProject/USA-housing/venv/lib/python3.10/site-packages/airflow/example_dags/example_xcom.py
[2023-03-07T18:17:11.375+0530] {processor.py:753} INFO - DAG(s) dict_keys(['example_xcom']) retrieved from /home/ris/PycharmProjects/pythonProject/USA-housing/venv/lib/python3.10/site-packages/airflow/example_dags/example_xcom.py
[2023-03-07T18:17:11.399+0530] {logging_mixin.py:137} INFO - [2023-03-07T18:17:11.399+0530] {dag.py:2690} INFO - Sync 1 DAGs
[2023-03-07T18:17:11.416+0530] {logging_mixin.py:137} INFO - [2023-03-07T18:17:11.416+0530] {dag.py:3437} INFO - Setting next_dagrun for example_xcom to 2021-01-01T00:00:00+00:00, run_after=2021-01-01T00:00:00+00:00
[2023-03-07T18:17:11.436+0530] {processor.py:175} INFO - Processing /home/ris/PycharmProjects/pythonProject/USA-housing/venv/lib/python3.10/site-packages/airflow/example_dags/example_xcom.py took 0.087 seconds
[2023-03-07T18:17:48.972+0530] {processor.py:153} INFO - Started process (PID=7500) to work on /home/ris/PycharmProjects/pythonProject/USA-housing/venv/lib/python3.10/site-packages/airflow/example_dags/example_xcom.py
[2023-03-07T18:17:48.973+0530] {processor.py:743} INFO - Processing file /home/ris/PycharmProjects/pythonProject/USA-housing/venv/lib/python3.10/site-packages/airflow/example_dags/example_xcom.py for tasks to queue
[2023-03-07T18:17:48.974+0530] {logging_mixin.py:137} INFO - [2023-03-07T18:17:48.974+0530] {dagbag.py:538} INFO - Filling up the DagBag from /home/ris/PycharmProjects/pythonProject/USA-housing/venv/lib/python3.10/site-packages/airflow/example_dags/example_xcom.py
[2023-03-07T18:17:48.992+0530] {processor.py:753} INFO - DAG(s) dict_keys(['example_xcom']) retrieved from /home/ris/PycharmProjects/pythonProject/USA-housing/venv/lib/python3.10/site-packages/airflow/example_dags/example_xcom.py
[2023-03-07T18:17:49.010+0530] {logging_mixin.py:137} INFO - [2023-03-07T18:17:49.010+0530] {dag.py:2690} INFO - Sync 1 DAGs
[2023-03-07T18:17:49.026+0530] {logging_mixin.py:137} INFO - [2023-03-07T18:17:49.025+0530] {dag.py:3437} INFO - Setting next_dagrun for example_xcom to 2021-01-01T00:00:00+00:00, run_after=2021-01-01T00:00:00+00:00
[2023-03-07T18:17:49.047+0530] {processor.py:175} INFO - Processing /home/ris/PycharmProjects/pythonProject/USA-housing/venv/lib/python3.10/site-packages/airflow/example_dags/example_xcom.py took 0.078 seconds
[2023-03-07T18:18:28.850+0530] {processor.py:153} INFO - Started process (PID=7557) to work on /home/ris/PycharmProjects/pythonProject/USA-housing/venv/lib/python3.10/site-packages/airflow/example_dags/example_xcom.py
[2023-03-07T18:18:28.852+0530] {processor.py:743} INFO - Processing file /home/ris/PycharmProjects/pythonProject/USA-housing/venv/lib/python3.10/site-packages/airflow/example_dags/example_xcom.py for tasks to queue
[2023-03-07T18:18:28.852+0530] {logging_mixin.py:137} INFO - [2023-03-07T18:18:28.852+0530] {dagbag.py:538} INFO - Filling up the DagBag from /home/ris/PycharmProjects/pythonProject/USA-housing/venv/lib/python3.10/site-packages/airflow/example_dags/example_xcom.py
[2023-03-07T18:18:28.870+0530] {processor.py:753} INFO - DAG(s) dict_keys(['example_xcom']) retrieved from /home/ris/PycharmProjects/pythonProject/USA-housing/venv/lib/python3.10/site-packages/airflow/example_dags/example_xcom.py
[2023-03-07T18:18:28.888+0530] {logging_mixin.py:137} INFO - [2023-03-07T18:18:28.887+0530] {dag.py:2690} INFO - Sync 1 DAGs
[2023-03-07T18:18:28.904+0530] {logging_mixin.py:137} INFO - [2023-03-07T18:18:28.904+0530] {dag.py:3437} INFO - Setting next_dagrun for example_xcom to 2021-01-01T00:00:00+00:00, run_after=2021-01-01T00:00:00+00:00
[2023-03-07T18:18:28.927+0530] {processor.py:175} INFO - Processing /home/ris/PycharmProjects/pythonProject/USA-housing/venv/lib/python3.10/site-packages/airflow/example_dags/example_xcom.py took 0.080 seconds
[2023-03-07T18:19:11.142+0530] {processor.py:153} INFO - Started process (PID=7602) to work on /home/ris/PycharmProjects/pythonProject/USA-housing/venv/lib/python3.10/site-packages/airflow/example_dags/example_xcom.py
[2023-03-07T18:19:11.143+0530] {processor.py:743} INFO - Processing file /home/ris/PycharmProjects/pythonProject/USA-housing/venv/lib/python3.10/site-packages/airflow/example_dags/example_xcom.py for tasks to queue
[2023-03-07T18:19:11.144+0530] {logging_mixin.py:137} INFO - [2023-03-07T18:19:11.144+0530] {dagbag.py:538} INFO - Filling up the DagBag from /home/ris/PycharmProjects/pythonProject/USA-housing/venv/lib/python3.10/site-packages/airflow/example_dags/example_xcom.py
[2023-03-07T18:19:11.164+0530] {processor.py:753} INFO - DAG(s) dict_keys(['example_xcom']) retrieved from /home/ris/PycharmProjects/pythonProject/USA-housing/venv/lib/python3.10/site-packages/airflow/example_dags/example_xcom.py
[2023-03-07T18:19:11.180+0530] {logging_mixin.py:137} INFO - [2023-03-07T18:19:11.179+0530] {dag.py:2690} INFO - Sync 1 DAGs
[2023-03-07T18:19:11.195+0530] {logging_mixin.py:137} INFO - [2023-03-07T18:19:11.195+0530] {dag.py:3437} INFO - Setting next_dagrun for example_xcom to 2021-01-01T00:00:00+00:00, run_after=2021-01-01T00:00:00+00:00
[2023-03-07T18:19:11.214+0530] {processor.py:175} INFO - Processing /home/ris/PycharmProjects/pythonProject/USA-housing/venv/lib/python3.10/site-packages/airflow/example_dags/example_xcom.py took 0.075 seconds
[2023-03-07T18:19:53.682+0530] {processor.py:153} INFO - Started process (PID=7889) to work on /home/ris/PycharmProjects/pythonProject/USA-housing/venv/lib/python3.10/site-packages/airflow/example_dags/example_xcom.py
[2023-03-07T18:19:53.684+0530] {processor.py:743} INFO - Processing file /home/ris/PycharmProjects/pythonProject/USA-housing/venv/lib/python3.10/site-packages/airflow/example_dags/example_xcom.py for tasks to queue
[2023-03-07T18:19:53.685+0530] {logging_mixin.py:137} INFO - [2023-03-07T18:19:53.684+0530] {dagbag.py:538} INFO - Filling up the DagBag from /home/ris/PycharmProjects/pythonProject/USA-housing/venv/lib/python3.10/site-packages/airflow/example_dags/example_xcom.py
[2023-03-07T18:19:53.705+0530] {processor.py:753} INFO - DAG(s) dict_keys(['example_xcom']) retrieved from /home/ris/PycharmProjects/pythonProject/USA-housing/venv/lib/python3.10/site-packages/airflow/example_dags/example_xcom.py
[2023-03-07T18:19:53.725+0530] {logging_mixin.py:137} INFO - [2023-03-07T18:19:53.725+0530] {dag.py:2690} INFO - Sync 1 DAGs
[2023-03-07T18:19:53.743+0530] {logging_mixin.py:137} INFO - [2023-03-07T18:19:53.743+0530] {dag.py:3437} INFO - Setting next_dagrun for example_xcom to 2021-01-01T00:00:00+00:00, run_after=2021-01-01T00:00:00+00:00
[2023-03-07T18:19:53.764+0530] {processor.py:175} INFO - Processing /home/ris/PycharmProjects/pythonProject/USA-housing/venv/lib/python3.10/site-packages/airflow/example_dags/example_xcom.py took 0.085 seconds
[2023-03-07T18:20:37.628+0530] {processor.py:153} INFO - Started process (PID=7949) to work on /home/ris/PycharmProjects/pythonProject/USA-housing/venv/lib/python3.10/site-packages/airflow/example_dags/example_xcom.py
[2023-03-07T18:20:37.631+0530] {processor.py:743} INFO - Processing file /home/ris/PycharmProjects/pythonProject/USA-housing/venv/lib/python3.10/site-packages/airflow/example_dags/example_xcom.py for tasks to queue
[2023-03-07T18:20:37.632+0530] {logging_mixin.py:137} INFO - [2023-03-07T18:20:37.632+0530] {dagbag.py:538} INFO - Filling up the DagBag from /home/ris/PycharmProjects/pythonProject/USA-housing/venv/lib/python3.10/site-packages/airflow/example_dags/example_xcom.py
[2023-03-07T18:20:37.671+0530] {processor.py:753} INFO - DAG(s) dict_keys(['example_xcom']) retrieved from /home/ris/PycharmProjects/pythonProject/USA-housing/venv/lib/python3.10/site-packages/airflow/example_dags/example_xcom.py
[2023-03-07T18:20:37.688+0530] {logging_mixin.py:137} INFO - [2023-03-07T18:20:37.688+0530] {dag.py:2690} INFO - Sync 1 DAGs
[2023-03-07T18:20:37.704+0530] {logging_mixin.py:137} INFO - [2023-03-07T18:20:37.704+0530] {dag.py:3437} INFO - Setting next_dagrun for example_xcom to 2021-01-01T00:00:00+00:00, run_after=2021-01-01T00:00:00+00:00
[2023-03-07T18:20:37.737+0530] {processor.py:175} INFO - Processing /home/ris/PycharmProjects/pythonProject/USA-housing/venv/lib/python3.10/site-packages/airflow/example_dags/example_xcom.py took 0.113 seconds
[2023-03-07T18:21:18.558+0530] {processor.py:153} INFO - Started process (PID=7997) to work on /home/ris/PycharmProjects/pythonProject/USA-housing/venv/lib/python3.10/site-packages/airflow/example_dags/example_xcom.py
[2023-03-07T18:21:18.559+0530] {processor.py:743} INFO - Processing file /home/ris/PycharmProjects/pythonProject/USA-housing/venv/lib/python3.10/site-packages/airflow/example_dags/example_xcom.py for tasks to queue
[2023-03-07T18:21:18.561+0530] {logging_mixin.py:137} INFO - [2023-03-07T18:21:18.561+0530] {dagbag.py:538} INFO - Filling up the DagBag from /home/ris/PycharmProjects/pythonProject/USA-housing/venv/lib/python3.10/site-packages/airflow/example_dags/example_xcom.py
[2023-03-07T18:21:18.578+0530] {processor.py:753} INFO - DAG(s) dict_keys(['example_xcom']) retrieved from /home/ris/PycharmProjects/pythonProject/USA-housing/venv/lib/python3.10/site-packages/airflow/example_dags/example_xcom.py
[2023-03-07T18:21:18.595+0530] {logging_mixin.py:137} INFO - [2023-03-07T18:21:18.595+0530] {dag.py:2690} INFO - Sync 1 DAGs
[2023-03-07T18:21:18.611+0530] {logging_mixin.py:137} INFO - [2023-03-07T18:21:18.611+0530] {dag.py:3437} INFO - Setting next_dagrun for example_xcom to 2021-01-01T00:00:00+00:00, run_after=2021-01-01T00:00:00+00:00
[2023-03-07T18:21:18.631+0530] {processor.py:175} INFO - Processing /home/ris/PycharmProjects/pythonProject/USA-housing/venv/lib/python3.10/site-packages/airflow/example_dags/example_xcom.py took 0.079 seconds
[2023-03-07T18:22:05.268+0530] {processor.py:153} INFO - Started process (PID=8052) to work on /home/ris/PycharmProjects/pythonProject/USA-housing/venv/lib/python3.10/site-packages/airflow/example_dags/example_xcom.py
[2023-03-07T18:22:05.269+0530] {processor.py:743} INFO - Processing file /home/ris/PycharmProjects/pythonProject/USA-housing/venv/lib/python3.10/site-packages/airflow/example_dags/example_xcom.py for tasks to queue
[2023-03-07T18:22:05.270+0530] {logging_mixin.py:137} INFO - [2023-03-07T18:22:05.270+0530] {dagbag.py:538} INFO - Filling up the DagBag from /home/ris/PycharmProjects/pythonProject/USA-housing/venv/lib/python3.10/site-packages/airflow/example_dags/example_xcom.py
[2023-03-07T18:22:05.286+0530] {processor.py:753} INFO - DAG(s) dict_keys(['example_xcom']) retrieved from /home/ris/PycharmProjects/pythonProject/USA-housing/venv/lib/python3.10/site-packages/airflow/example_dags/example_xcom.py
[2023-03-07T18:22:05.303+0530] {logging_mixin.py:137} INFO - [2023-03-07T18:22:05.302+0530] {dag.py:2690} INFO - Sync 1 DAGs
[2023-03-07T18:22:05.318+0530] {logging_mixin.py:137} INFO - [2023-03-07T18:22:05.318+0530] {dag.py:3437} INFO - Setting next_dagrun for example_xcom to 2021-01-01T00:00:00+00:00, run_after=2021-01-01T00:00:00+00:00
[2023-03-07T18:22:05.342+0530] {processor.py:175} INFO - Processing /home/ris/PycharmProjects/pythonProject/USA-housing/venv/lib/python3.10/site-packages/airflow/example_dags/example_xcom.py took 0.077 seconds
[2023-03-07T18:22:40.418+0530] {processor.py:153} INFO - Started process (PID=8092) to work on /home/ris/PycharmProjects/pythonProject/USA-housing/venv/lib/python3.10/site-packages/airflow/example_dags/example_xcom.py
[2023-03-07T18:22:40.420+0530] {processor.py:743} INFO - Processing file /home/ris/PycharmProjects/pythonProject/USA-housing/venv/lib/python3.10/site-packages/airflow/example_dags/example_xcom.py for tasks to queue
[2023-03-07T18:22:40.420+0530] {logging_mixin.py:137} INFO - [2023-03-07T18:22:40.420+0530] {dagbag.py:538} INFO - Filling up the DagBag from /home/ris/PycharmProjects/pythonProject/USA-housing/venv/lib/python3.10/site-packages/airflow/example_dags/example_xcom.py
[2023-03-07T18:22:40.437+0530] {processor.py:753} INFO - DAG(s) dict_keys(['example_xcom']) retrieved from /home/ris/PycharmProjects/pythonProject/USA-housing/venv/lib/python3.10/site-packages/airflow/example_dags/example_xcom.py
[2023-03-07T18:22:40.453+0530] {logging_mixin.py:137} INFO - [2023-03-07T18:22:40.452+0530] {dag.py:2690} INFO - Sync 1 DAGs
[2023-03-07T18:22:40.467+0530] {logging_mixin.py:137} INFO - [2023-03-07T18:22:40.467+0530] {dag.py:3437} INFO - Setting next_dagrun for example_xcom to 2021-01-01T00:00:00+00:00, run_after=2021-01-01T00:00:00+00:00
[2023-03-07T18:22:40.486+0530] {processor.py:175} INFO - Processing /home/ris/PycharmProjects/pythonProject/USA-housing/venv/lib/python3.10/site-packages/airflow/example_dags/example_xcom.py took 0.070 seconds
[2023-03-07T18:23:19.793+0530] {processor.py:153} INFO - Started process (PID=8150) to work on /home/ris/PycharmProjects/pythonProject/USA-housing/venv/lib/python3.10/site-packages/airflow/example_dags/example_xcom.py
[2023-03-07T18:23:19.794+0530] {processor.py:743} INFO - Processing file /home/ris/PycharmProjects/pythonProject/USA-housing/venv/lib/python3.10/site-packages/airflow/example_dags/example_xcom.py for tasks to queue
[2023-03-07T18:23:19.795+0530] {logging_mixin.py:137} INFO - [2023-03-07T18:23:19.795+0530] {dagbag.py:538} INFO - Filling up the DagBag from /home/ris/PycharmProjects/pythonProject/USA-housing/venv/lib/python3.10/site-packages/airflow/example_dags/example_xcom.py
[2023-03-07T18:23:19.816+0530] {processor.py:753} INFO - DAG(s) dict_keys(['example_xcom']) retrieved from /home/ris/PycharmProjects/pythonProject/USA-housing/venv/lib/python3.10/site-packages/airflow/example_dags/example_xcom.py
[2023-03-07T18:23:19.838+0530] {logging_mixin.py:137} INFO - [2023-03-07T18:23:19.838+0530] {dag.py:2690} INFO - Sync 1 DAGs
[2023-03-07T18:23:19.856+0530] {logging_mixin.py:137} INFO - [2023-03-07T18:23:19.856+0530] {dag.py:3437} INFO - Setting next_dagrun for example_xcom to 2021-01-01T00:00:00+00:00, run_after=2021-01-01T00:00:00+00:00
[2023-03-07T18:23:19.893+0530] {processor.py:175} INFO - Processing /home/ris/PycharmProjects/pythonProject/USA-housing/venv/lib/python3.10/site-packages/airflow/example_dags/example_xcom.py took 0.103 seconds
[2023-03-07T18:24:04.982+0530] {processor.py:153} INFO - Started process (PID=8352) to work on /home/ris/PycharmProjects/pythonProject/USA-housing/venv/lib/python3.10/site-packages/airflow/example_dags/example_xcom.py
[2023-03-07T18:24:04.984+0530] {processor.py:743} INFO - Processing file /home/ris/PycharmProjects/pythonProject/USA-housing/venv/lib/python3.10/site-packages/airflow/example_dags/example_xcom.py for tasks to queue
[2023-03-07T18:24:04.984+0530] {logging_mixin.py:137} INFO - [2023-03-07T18:24:04.984+0530] {dagbag.py:538} INFO - Filling up the DagBag from /home/ris/PycharmProjects/pythonProject/USA-housing/venv/lib/python3.10/site-packages/airflow/example_dags/example_xcom.py
[2023-03-07T18:24:05.004+0530] {processor.py:753} INFO - DAG(s) dict_keys(['example_xcom']) retrieved from /home/ris/PycharmProjects/pythonProject/USA-housing/venv/lib/python3.10/site-packages/airflow/example_dags/example_xcom.py
[2023-03-07T18:24:05.024+0530] {logging_mixin.py:137} INFO - [2023-03-07T18:24:05.024+0530] {dag.py:2690} INFO - Sync 1 DAGs
[2023-03-07T18:24:05.042+0530] {logging_mixin.py:137} INFO - [2023-03-07T18:24:05.042+0530] {dag.py:3437} INFO - Setting next_dagrun for example_xcom to 2021-01-01T00:00:00+00:00, run_after=2021-01-01T00:00:00+00:00
[2023-03-07T18:24:05.067+0530] {processor.py:175} INFO - Processing /home/ris/PycharmProjects/pythonProject/USA-housing/venv/lib/python3.10/site-packages/airflow/example_dags/example_xcom.py took 0.087 seconds
[2023-03-07T18:24:49.944+0530] {processor.py:153} INFO - Started process (PID=8404) to work on /home/ris/PycharmProjects/pythonProject/USA-housing/venv/lib/python3.10/site-packages/airflow/example_dags/example_xcom.py
[2023-03-07T18:24:49.946+0530] {processor.py:743} INFO - Processing file /home/ris/PycharmProjects/pythonProject/USA-housing/venv/lib/python3.10/site-packages/airflow/example_dags/example_xcom.py for tasks to queue
[2023-03-07T18:24:49.947+0530] {logging_mixin.py:137} INFO - [2023-03-07T18:24:49.947+0530] {dagbag.py:538} INFO - Filling up the DagBag from /home/ris/PycharmProjects/pythonProject/USA-housing/venv/lib/python3.10/site-packages/airflow/example_dags/example_xcom.py
[2023-03-07T18:24:49.968+0530] {processor.py:753} INFO - DAG(s) dict_keys(['example_xcom']) retrieved from /home/ris/PycharmProjects/pythonProject/USA-housing/venv/lib/python3.10/site-packages/airflow/example_dags/example_xcom.py
[2023-03-07T18:24:49.987+0530] {logging_mixin.py:137} INFO - [2023-03-07T18:24:49.987+0530] {dag.py:2690} INFO - Sync 1 DAGs
[2023-03-07T18:24:50.006+0530] {logging_mixin.py:137} INFO - [2023-03-07T18:24:50.006+0530] {dag.py:3437} INFO - Setting next_dagrun for example_xcom to 2021-01-01T00:00:00+00:00, run_after=2021-01-01T00:00:00+00:00
[2023-03-07T18:24:50.031+0530] {processor.py:175} INFO - Processing /home/ris/PycharmProjects/pythonProject/USA-housing/venv/lib/python3.10/site-packages/airflow/example_dags/example_xcom.py took 0.091 seconds
[2023-03-07T18:25:35.707+0530] {processor.py:153} INFO - Started process (PID=8489) to work on /home/ris/PycharmProjects/pythonProject/USA-housing/venv/lib/python3.10/site-packages/airflow/example_dags/example_xcom.py
[2023-03-07T18:25:35.709+0530] {processor.py:743} INFO - Processing file /home/ris/PycharmProjects/pythonProject/USA-housing/venv/lib/python3.10/site-packages/airflow/example_dags/example_xcom.py for tasks to queue
[2023-03-07T18:25:35.709+0530] {logging_mixin.py:137} INFO - [2023-03-07T18:25:35.709+0530] {dagbag.py:538} INFO - Filling up the DagBag from /home/ris/PycharmProjects/pythonProject/USA-housing/venv/lib/python3.10/site-packages/airflow/example_dags/example_xcom.py
[2023-03-07T18:25:35.756+0530] {processor.py:753} INFO - DAG(s) dict_keys(['example_xcom']) retrieved from /home/ris/PycharmProjects/pythonProject/USA-housing/venv/lib/python3.10/site-packages/airflow/example_dags/example_xcom.py
[2023-03-07T18:25:35.787+0530] {logging_mixin.py:137} INFO - [2023-03-07T18:25:35.786+0530] {dag.py:2690} INFO - Sync 1 DAGs
[2023-03-07T18:25:35.808+0530] {logging_mixin.py:137} INFO - [2023-03-07T18:25:35.808+0530] {dag.py:3437} INFO - Setting next_dagrun for example_xcom to 2021-01-01T00:00:00+00:00, run_after=2021-01-01T00:00:00+00:00
[2023-03-07T18:25:35.836+0530] {processor.py:175} INFO - Processing /home/ris/PycharmProjects/pythonProject/USA-housing/venv/lib/python3.10/site-packages/airflow/example_dags/example_xcom.py took 0.132 seconds
[2023-03-07T18:26:21.392+0530] {processor.py:153} INFO - Started process (PID=8575) to work on /home/ris/PycharmProjects/pythonProject/USA-housing/venv/lib/python3.10/site-packages/airflow/example_dags/example_xcom.py
[2023-03-07T18:26:21.393+0530] {processor.py:743} INFO - Processing file /home/ris/PycharmProjects/pythonProject/USA-housing/venv/lib/python3.10/site-packages/airflow/example_dags/example_xcom.py for tasks to queue
[2023-03-07T18:26:21.394+0530] {logging_mixin.py:137} INFO - [2023-03-07T18:26:21.394+0530] {dagbag.py:538} INFO - Filling up the DagBag from /home/ris/PycharmProjects/pythonProject/USA-housing/venv/lib/python3.10/site-packages/airflow/example_dags/example_xcom.py
[2023-03-07T18:26:21.415+0530] {processor.py:753} INFO - DAG(s) dict_keys(['example_xcom']) retrieved from /home/ris/PycharmProjects/pythonProject/USA-housing/venv/lib/python3.10/site-packages/airflow/example_dags/example_xcom.py
[2023-03-07T18:26:21.434+0530] {logging_mixin.py:137} INFO - [2023-03-07T18:26:21.434+0530] {dag.py:2690} INFO - Sync 1 DAGs
[2023-03-07T18:26:21.456+0530] {logging_mixin.py:137} INFO - [2023-03-07T18:26:21.456+0530] {dag.py:3437} INFO - Setting next_dagrun for example_xcom to 2021-01-01T00:00:00+00:00, run_after=2021-01-01T00:00:00+00:00
[2023-03-07T18:26:21.485+0530] {processor.py:175} INFO - Processing /home/ris/PycharmProjects/pythonProject/USA-housing/venv/lib/python3.10/site-packages/airflow/example_dags/example_xcom.py took 0.096 seconds
[2023-03-07T18:27:04.482+0530] {processor.py:153} INFO - Started process (PID=8664) to work on /home/ris/PycharmProjects/pythonProject/USA-housing/venv/lib/python3.10/site-packages/airflow/example_dags/example_xcom.py
[2023-03-07T18:27:04.483+0530] {processor.py:743} INFO - Processing file /home/ris/PycharmProjects/pythonProject/USA-housing/venv/lib/python3.10/site-packages/airflow/example_dags/example_xcom.py for tasks to queue
[2023-03-07T18:27:04.484+0530] {logging_mixin.py:137} INFO - [2023-03-07T18:27:04.484+0530] {dagbag.py:538} INFO - Filling up the DagBag from /home/ris/PycharmProjects/pythonProject/USA-housing/venv/lib/python3.10/site-packages/airflow/example_dags/example_xcom.py
[2023-03-07T18:27:04.503+0530] {processor.py:753} INFO - DAG(s) dict_keys(['example_xcom']) retrieved from /home/ris/PycharmProjects/pythonProject/USA-housing/venv/lib/python3.10/site-packages/airflow/example_dags/example_xcom.py
[2023-03-07T18:27:04.530+0530] {logging_mixin.py:137} INFO - [2023-03-07T18:27:04.530+0530] {dag.py:2690} INFO - Sync 1 DAGs
[2023-03-07T18:27:04.554+0530] {logging_mixin.py:137} INFO - [2023-03-07T18:27:04.554+0530] {dag.py:3437} INFO - Setting next_dagrun for example_xcom to 2021-01-01T00:00:00+00:00, run_after=2021-01-01T00:00:00+00:00
[2023-03-07T18:27:04.583+0530] {processor.py:175} INFO - Processing /home/ris/PycharmProjects/pythonProject/USA-housing/venv/lib/python3.10/site-packages/airflow/example_dags/example_xcom.py took 0.105 seconds
[2023-03-07T18:27:46.461+0530] {processor.py:153} INFO - Started process (PID=8714) to work on /home/ris/PycharmProjects/pythonProject/USA-housing/venv/lib/python3.10/site-packages/airflow/example_dags/example_xcom.py
[2023-03-07T18:27:46.464+0530] {processor.py:743} INFO - Processing file /home/ris/PycharmProjects/pythonProject/USA-housing/venv/lib/python3.10/site-packages/airflow/example_dags/example_xcom.py for tasks to queue
[2023-03-07T18:27:46.466+0530] {logging_mixin.py:137} INFO - [2023-03-07T18:27:46.466+0530] {dagbag.py:538} INFO - Filling up the DagBag from /home/ris/PycharmProjects/pythonProject/USA-housing/venv/lib/python3.10/site-packages/airflow/example_dags/example_xcom.py
[2023-03-07T18:27:46.494+0530] {processor.py:753} INFO - DAG(s) dict_keys(['example_xcom']) retrieved from /home/ris/PycharmProjects/pythonProject/USA-housing/venv/lib/python3.10/site-packages/airflow/example_dags/example_xcom.py
[2023-03-07T18:27:46.519+0530] {logging_mixin.py:137} INFO - [2023-03-07T18:27:46.519+0530] {dag.py:2690} INFO - Sync 1 DAGs
[2023-03-07T18:27:46.538+0530] {logging_mixin.py:137} INFO - [2023-03-07T18:27:46.538+0530] {dag.py:3437} INFO - Setting next_dagrun for example_xcom to 2021-01-01T00:00:00+00:00, run_after=2021-01-01T00:00:00+00:00
[2023-03-07T18:27:46.562+0530] {processor.py:175} INFO - Processing /home/ris/PycharmProjects/pythonProject/USA-housing/venv/lib/python3.10/site-packages/airflow/example_dags/example_xcom.py took 0.106 seconds
[2023-03-07T18:28:31.434+0530] {processor.py:153} INFO - Started process (PID=8770) to work on /home/ris/PycharmProjects/pythonProject/USA-housing/venv/lib/python3.10/site-packages/airflow/example_dags/example_xcom.py
[2023-03-07T18:28:31.437+0530] {processor.py:743} INFO - Processing file /home/ris/PycharmProjects/pythonProject/USA-housing/venv/lib/python3.10/site-packages/airflow/example_dags/example_xcom.py for tasks to queue
[2023-03-07T18:28:31.438+0530] {logging_mixin.py:137} INFO - [2023-03-07T18:28:31.438+0530] {dagbag.py:538} INFO - Filling up the DagBag from /home/ris/PycharmProjects/pythonProject/USA-housing/venv/lib/python3.10/site-packages/airflow/example_dags/example_xcom.py
[2023-03-07T18:28:31.457+0530] {processor.py:753} INFO - DAG(s) dict_keys(['example_xcom']) retrieved from /home/ris/PycharmProjects/pythonProject/USA-housing/venv/lib/python3.10/site-packages/airflow/example_dags/example_xcom.py
[2023-03-07T18:28:31.477+0530] {logging_mixin.py:137} INFO - [2023-03-07T18:28:31.477+0530] {dag.py:2690} INFO - Sync 1 DAGs
[2023-03-07T18:28:31.495+0530] {logging_mixin.py:137} INFO - [2023-03-07T18:28:31.495+0530] {dag.py:3437} INFO - Setting next_dagrun for example_xcom to 2021-01-01T00:00:00+00:00, run_after=2021-01-01T00:00:00+00:00
[2023-03-07T18:28:31.524+0530] {processor.py:175} INFO - Processing /home/ris/PycharmProjects/pythonProject/USA-housing/venv/lib/python3.10/site-packages/airflow/example_dags/example_xcom.py took 0.093 seconds
[2023-03-07T18:29:12.744+0530] {processor.py:153} INFO - Started process (PID=8828) to work on /home/ris/PycharmProjects/pythonProject/USA-housing/venv/lib/python3.10/site-packages/airflow/example_dags/example_xcom.py
[2023-03-07T18:29:12.746+0530] {processor.py:743} INFO - Processing file /home/ris/PycharmProjects/pythonProject/USA-housing/venv/lib/python3.10/site-packages/airflow/example_dags/example_xcom.py for tasks to queue
[2023-03-07T18:29:12.747+0530] {logging_mixin.py:137} INFO - [2023-03-07T18:29:12.747+0530] {dagbag.py:538} INFO - Filling up the DagBag from /home/ris/PycharmProjects/pythonProject/USA-housing/venv/lib/python3.10/site-packages/airflow/example_dags/example_xcom.py
[2023-03-07T18:29:12.774+0530] {processor.py:753} INFO - DAG(s) dict_keys(['example_xcom']) retrieved from /home/ris/PycharmProjects/pythonProject/USA-housing/venv/lib/python3.10/site-packages/airflow/example_dags/example_xcom.py
[2023-03-07T18:29:12.792+0530] {logging_mixin.py:137} INFO - [2023-03-07T18:29:12.792+0530] {dag.py:2690} INFO - Sync 1 DAGs
[2023-03-07T18:29:12.808+0530] {logging_mixin.py:137} INFO - [2023-03-07T18:29:12.807+0530] {dag.py:3437} INFO - Setting next_dagrun for example_xcom to 2021-01-01T00:00:00+00:00, run_after=2021-01-01T00:00:00+00:00
[2023-03-07T18:29:12.830+0530] {processor.py:175} INFO - Processing /home/ris/PycharmProjects/pythonProject/USA-housing/venv/lib/python3.10/site-packages/airflow/example_dags/example_xcom.py took 0.088 seconds
[2023-03-07T18:29:58.192+0530] {processor.py:153} INFO - Started process (PID=8879) to work on /home/ris/PycharmProjects/pythonProject/USA-housing/venv/lib/python3.10/site-packages/airflow/example_dags/example_xcom.py
[2023-03-07T18:29:58.194+0530] {processor.py:743} INFO - Processing file /home/ris/PycharmProjects/pythonProject/USA-housing/venv/lib/python3.10/site-packages/airflow/example_dags/example_xcom.py for tasks to queue
[2023-03-07T18:29:58.195+0530] {logging_mixin.py:137} INFO - [2023-03-07T18:29:58.195+0530] {dagbag.py:538} INFO - Filling up the DagBag from /home/ris/PycharmProjects/pythonProject/USA-housing/venv/lib/python3.10/site-packages/airflow/example_dags/example_xcom.py
[2023-03-07T18:29:58.212+0530] {processor.py:753} INFO - DAG(s) dict_keys(['example_xcom']) retrieved from /home/ris/PycharmProjects/pythonProject/USA-housing/venv/lib/python3.10/site-packages/airflow/example_dags/example_xcom.py
[2023-03-07T18:29:58.231+0530] {logging_mixin.py:137} INFO - [2023-03-07T18:29:58.230+0530] {dag.py:2690} INFO - Sync 1 DAGs
[2023-03-07T18:29:58.251+0530] {logging_mixin.py:137} INFO - [2023-03-07T18:29:58.251+0530] {dag.py:3437} INFO - Setting next_dagrun for example_xcom to 2021-01-01T00:00:00+00:00, run_after=2021-01-01T00:00:00+00:00
[2023-03-07T18:29:58.272+0530] {processor.py:175} INFO - Processing /home/ris/PycharmProjects/pythonProject/USA-housing/venv/lib/python3.10/site-packages/airflow/example_dags/example_xcom.py took 0.083 seconds
[2023-03-07T18:30:36.042+0530] {processor.py:153} INFO - Started process (PID=8965) to work on /home/ris/PycharmProjects/pythonProject/USA-housing/venv/lib/python3.10/site-packages/airflow/example_dags/example_xcom.py
[2023-03-07T18:30:36.044+0530] {processor.py:743} INFO - Processing file /home/ris/PycharmProjects/pythonProject/USA-housing/venv/lib/python3.10/site-packages/airflow/example_dags/example_xcom.py for tasks to queue
[2023-03-07T18:30:36.044+0530] {logging_mixin.py:137} INFO - [2023-03-07T18:30:36.044+0530] {dagbag.py:538} INFO - Filling up the DagBag from /home/ris/PycharmProjects/pythonProject/USA-housing/venv/lib/python3.10/site-packages/airflow/example_dags/example_xcom.py
[2023-03-07T18:30:36.061+0530] {processor.py:753} INFO - DAG(s) dict_keys(['example_xcom']) retrieved from /home/ris/PycharmProjects/pythonProject/USA-housing/venv/lib/python3.10/site-packages/airflow/example_dags/example_xcom.py
[2023-03-07T18:30:36.078+0530] {logging_mixin.py:137} INFO - [2023-03-07T18:30:36.078+0530] {dag.py:2690} INFO - Sync 1 DAGs
[2023-03-07T18:30:36.095+0530] {logging_mixin.py:137} INFO - [2023-03-07T18:30:36.095+0530] {dag.py:3437} INFO - Setting next_dagrun for example_xcom to 2021-01-01T00:00:00+00:00, run_after=2021-01-01T00:00:00+00:00
[2023-03-07T18:30:36.114+0530] {processor.py:175} INFO - Processing /home/ris/PycharmProjects/pythonProject/USA-housing/venv/lib/python3.10/site-packages/airflow/example_dags/example_xcom.py took 0.075 seconds
[2023-03-07T18:31:15.779+0530] {processor.py:153} INFO - Started process (PID=9008) to work on /home/ris/PycharmProjects/pythonProject/USA-housing/venv/lib/python3.10/site-packages/airflow/example_dags/example_xcom.py
[2023-03-07T18:31:15.781+0530] {processor.py:743} INFO - Processing file /home/ris/PycharmProjects/pythonProject/USA-housing/venv/lib/python3.10/site-packages/airflow/example_dags/example_xcom.py for tasks to queue
[2023-03-07T18:31:15.781+0530] {logging_mixin.py:137} INFO - [2023-03-07T18:31:15.781+0530] {dagbag.py:538} INFO - Filling up the DagBag from /home/ris/PycharmProjects/pythonProject/USA-housing/venv/lib/python3.10/site-packages/airflow/example_dags/example_xcom.py
[2023-03-07T18:31:15.799+0530] {processor.py:753} INFO - DAG(s) dict_keys(['example_xcom']) retrieved from /home/ris/PycharmProjects/pythonProject/USA-housing/venv/lib/python3.10/site-packages/airflow/example_dags/example_xcom.py
[2023-03-07T18:31:15.818+0530] {logging_mixin.py:137} INFO - [2023-03-07T18:31:15.817+0530] {dag.py:2690} INFO - Sync 1 DAGs
[2023-03-07T18:31:15.833+0530] {logging_mixin.py:137} INFO - [2023-03-07T18:31:15.833+0530] {dag.py:3437} INFO - Setting next_dagrun for example_xcom to 2021-01-01T00:00:00+00:00, run_after=2021-01-01T00:00:00+00:00
[2023-03-07T18:31:15.854+0530] {processor.py:175} INFO - Processing /home/ris/PycharmProjects/pythonProject/USA-housing/venv/lib/python3.10/site-packages/airflow/example_dags/example_xcom.py took 0.078 seconds
[2023-03-07T18:31:55.951+0530] {processor.py:153} INFO - Started process (PID=9082) to work on /home/ris/PycharmProjects/pythonProject/USA-housing/venv/lib/python3.10/site-packages/airflow/example_dags/example_xcom.py
[2023-03-07T18:31:55.952+0530] {processor.py:743} INFO - Processing file /home/ris/PycharmProjects/pythonProject/USA-housing/venv/lib/python3.10/site-packages/airflow/example_dags/example_xcom.py for tasks to queue
[2023-03-07T18:31:55.953+0530] {logging_mixin.py:137} INFO - [2023-03-07T18:31:55.953+0530] {dagbag.py:538} INFO - Filling up the DagBag from /home/ris/PycharmProjects/pythonProject/USA-housing/venv/lib/python3.10/site-packages/airflow/example_dags/example_xcom.py
[2023-03-07T18:31:55.971+0530] {processor.py:753} INFO - DAG(s) dict_keys(['example_xcom']) retrieved from /home/ris/PycharmProjects/pythonProject/USA-housing/venv/lib/python3.10/site-packages/airflow/example_dags/example_xcom.py
[2023-03-07T18:31:55.988+0530] {logging_mixin.py:137} INFO - [2023-03-07T18:31:55.987+0530] {dag.py:2690} INFO - Sync 1 DAGs
[2023-03-07T18:31:56.002+0530] {logging_mixin.py:137} INFO - [2023-03-07T18:31:56.002+0530] {dag.py:3437} INFO - Setting next_dagrun for example_xcom to 2021-01-01T00:00:00+00:00, run_after=2021-01-01T00:00:00+00:00
[2023-03-07T18:31:56.022+0530] {processor.py:175} INFO - Processing /home/ris/PycharmProjects/pythonProject/USA-housing/venv/lib/python3.10/site-packages/airflow/example_dags/example_xcom.py took 0.074 seconds
[2023-03-07T18:32:39.157+0530] {processor.py:153} INFO - Started process (PID=9133) to work on /home/ris/PycharmProjects/pythonProject/USA-housing/venv/lib/python3.10/site-packages/airflow/example_dags/example_xcom.py
[2023-03-07T18:32:39.159+0530] {processor.py:743} INFO - Processing file /home/ris/PycharmProjects/pythonProject/USA-housing/venv/lib/python3.10/site-packages/airflow/example_dags/example_xcom.py for tasks to queue
[2023-03-07T18:32:39.159+0530] {logging_mixin.py:137} INFO - [2023-03-07T18:32:39.159+0530] {dagbag.py:538} INFO - Filling up the DagBag from /home/ris/PycharmProjects/pythonProject/USA-housing/venv/lib/python3.10/site-packages/airflow/example_dags/example_xcom.py
[2023-03-07T18:32:39.178+0530] {processor.py:753} INFO - DAG(s) dict_keys(['example_xcom']) retrieved from /home/ris/PycharmProjects/pythonProject/USA-housing/venv/lib/python3.10/site-packages/airflow/example_dags/example_xcom.py
[2023-03-07T18:32:39.195+0530] {logging_mixin.py:137} INFO - [2023-03-07T18:32:39.195+0530] {dag.py:2690} INFO - Sync 1 DAGs
[2023-03-07T18:32:39.213+0530] {logging_mixin.py:137} INFO - [2023-03-07T18:32:39.212+0530] {dag.py:3437} INFO - Setting next_dagrun for example_xcom to 2021-01-01T00:00:00+00:00, run_after=2021-01-01T00:00:00+00:00
[2023-03-07T18:32:39.234+0530] {processor.py:175} INFO - Processing /home/ris/PycharmProjects/pythonProject/USA-housing/venv/lib/python3.10/site-packages/airflow/example_dags/example_xcom.py took 0.079 seconds
[2023-03-07T18:33:16.144+0530] {processor.py:153} INFO - Started process (PID=9175) to work on /home/ris/PycharmProjects/pythonProject/USA-housing/venv/lib/python3.10/site-packages/airflow/example_dags/example_xcom.py
[2023-03-07T18:33:16.146+0530] {processor.py:743} INFO - Processing file /home/ris/PycharmProjects/pythonProject/USA-housing/venv/lib/python3.10/site-packages/airflow/example_dags/example_xcom.py for tasks to queue
[2023-03-07T18:33:16.147+0530] {logging_mixin.py:137} INFO - [2023-03-07T18:33:16.147+0530] {dagbag.py:538} INFO - Filling up the DagBag from /home/ris/PycharmProjects/pythonProject/USA-housing/venv/lib/python3.10/site-packages/airflow/example_dags/example_xcom.py
[2023-03-07T18:33:16.163+0530] {processor.py:753} INFO - DAG(s) dict_keys(['example_xcom']) retrieved from /home/ris/PycharmProjects/pythonProject/USA-housing/venv/lib/python3.10/site-packages/airflow/example_dags/example_xcom.py
[2023-03-07T18:33:16.180+0530] {logging_mixin.py:137} INFO - [2023-03-07T18:33:16.180+0530] {dag.py:2690} INFO - Sync 1 DAGs
[2023-03-07T18:33:16.196+0530] {logging_mixin.py:137} INFO - [2023-03-07T18:33:16.196+0530] {dag.py:3437} INFO - Setting next_dagrun for example_xcom to 2021-01-01T00:00:00+00:00, run_after=2021-01-01T00:00:00+00:00
[2023-03-07T18:33:16.214+0530] {processor.py:175} INFO - Processing /home/ris/PycharmProjects/pythonProject/USA-housing/venv/lib/python3.10/site-packages/airflow/example_dags/example_xcom.py took 0.073 seconds
[2023-03-07T18:33:54.574+0530] {processor.py:153} INFO - Started process (PID=9217) to work on /home/ris/PycharmProjects/pythonProject/USA-housing/venv/lib/python3.10/site-packages/airflow/example_dags/example_xcom.py
[2023-03-07T18:33:54.576+0530] {processor.py:743} INFO - Processing file /home/ris/PycharmProjects/pythonProject/USA-housing/venv/lib/python3.10/site-packages/airflow/example_dags/example_xcom.py for tasks to queue
[2023-03-07T18:33:54.577+0530] {logging_mixin.py:137} INFO - [2023-03-07T18:33:54.577+0530] {dagbag.py:538} INFO - Filling up the DagBag from /home/ris/PycharmProjects/pythonProject/USA-housing/venv/lib/python3.10/site-packages/airflow/example_dags/example_xcom.py
[2023-03-07T18:33:54.594+0530] {processor.py:753} INFO - DAG(s) dict_keys(['example_xcom']) retrieved from /home/ris/PycharmProjects/pythonProject/USA-housing/venv/lib/python3.10/site-packages/airflow/example_dags/example_xcom.py
[2023-03-07T18:33:54.612+0530] {logging_mixin.py:137} INFO - [2023-03-07T18:33:54.612+0530] {dag.py:2690} INFO - Sync 1 DAGs
[2023-03-07T18:33:54.628+0530] {logging_mixin.py:137} INFO - [2023-03-07T18:33:54.628+0530] {dag.py:3437} INFO - Setting next_dagrun for example_xcom to 2021-01-01T00:00:00+00:00, run_after=2021-01-01T00:00:00+00:00
[2023-03-07T18:33:54.650+0530] {processor.py:175} INFO - Processing /home/ris/PycharmProjects/pythonProject/USA-housing/venv/lib/python3.10/site-packages/airflow/example_dags/example_xcom.py took 0.079 seconds
[2023-03-07T18:34:39.835+0530] {processor.py:153} INFO - Started process (PID=9270) to work on /home/ris/PycharmProjects/pythonProject/USA-housing/venv/lib/python3.10/site-packages/airflow/example_dags/example_xcom.py
[2023-03-07T18:34:39.837+0530] {processor.py:743} INFO - Processing file /home/ris/PycharmProjects/pythonProject/USA-housing/venv/lib/python3.10/site-packages/airflow/example_dags/example_xcom.py for tasks to queue
[2023-03-07T18:34:39.838+0530] {logging_mixin.py:137} INFO - [2023-03-07T18:34:39.838+0530] {dagbag.py:538} INFO - Filling up the DagBag from /home/ris/PycharmProjects/pythonProject/USA-housing/venv/lib/python3.10/site-packages/airflow/example_dags/example_xcom.py
[2023-03-07T18:34:39.855+0530] {processor.py:753} INFO - DAG(s) dict_keys(['example_xcom']) retrieved from /home/ris/PycharmProjects/pythonProject/USA-housing/venv/lib/python3.10/site-packages/airflow/example_dags/example_xcom.py
[2023-03-07T18:34:39.872+0530] {logging_mixin.py:137} INFO - [2023-03-07T18:34:39.872+0530] {dag.py:2690} INFO - Sync 1 DAGs
[2023-03-07T18:34:39.889+0530] {logging_mixin.py:137} INFO - [2023-03-07T18:34:39.889+0530] {dag.py:3437} INFO - Setting next_dagrun for example_xcom to 2021-01-01T00:00:00+00:00, run_after=2021-01-01T00:00:00+00:00
[2023-03-07T18:34:39.910+0530] {processor.py:175} INFO - Processing /home/ris/PycharmProjects/pythonProject/USA-housing/venv/lib/python3.10/site-packages/airflow/example_dags/example_xcom.py took 0.078 seconds
[2023-03-07T18:35:17.266+0530] {processor.py:153} INFO - Started process (PID=9332) to work on /home/ris/PycharmProjects/pythonProject/USA-housing/venv/lib/python3.10/site-packages/airflow/example_dags/example_xcom.py
[2023-03-07T18:35:17.268+0530] {processor.py:743} INFO - Processing file /home/ris/PycharmProjects/pythonProject/USA-housing/venv/lib/python3.10/site-packages/airflow/example_dags/example_xcom.py for tasks to queue
[2023-03-07T18:35:17.269+0530] {logging_mixin.py:137} INFO - [2023-03-07T18:35:17.269+0530] {dagbag.py:538} INFO - Filling up the DagBag from /home/ris/PycharmProjects/pythonProject/USA-housing/venv/lib/python3.10/site-packages/airflow/example_dags/example_xcom.py
[2023-03-07T18:35:17.287+0530] {processor.py:753} INFO - DAG(s) dict_keys(['example_xcom']) retrieved from /home/ris/PycharmProjects/pythonProject/USA-housing/venv/lib/python3.10/site-packages/airflow/example_dags/example_xcom.py
[2023-03-07T18:35:17.305+0530] {logging_mixin.py:137} INFO - [2023-03-07T18:35:17.305+0530] {dag.py:2690} INFO - Sync 1 DAGs
[2023-03-07T18:35:17.320+0530] {logging_mixin.py:137} INFO - [2023-03-07T18:35:17.320+0530] {dag.py:3437} INFO - Setting next_dagrun for example_xcom to 2021-01-01T00:00:00+00:00, run_after=2021-01-01T00:00:00+00:00
[2023-03-07T18:35:17.339+0530] {processor.py:175} INFO - Processing /home/ris/PycharmProjects/pythonProject/USA-housing/venv/lib/python3.10/site-packages/airflow/example_dags/example_xcom.py took 0.075 seconds
[2023-03-07T18:35:55.403+0530] {processor.py:153} INFO - Started process (PID=9374) to work on /home/ris/PycharmProjects/pythonProject/USA-housing/venv/lib/python3.10/site-packages/airflow/example_dags/example_xcom.py
[2023-03-07T18:35:55.405+0530] {processor.py:743} INFO - Processing file /home/ris/PycharmProjects/pythonProject/USA-housing/venv/lib/python3.10/site-packages/airflow/example_dags/example_xcom.py for tasks to queue
[2023-03-07T18:35:55.405+0530] {logging_mixin.py:137} INFO - [2023-03-07T18:35:55.405+0530] {dagbag.py:538} INFO - Filling up the DagBag from /home/ris/PycharmProjects/pythonProject/USA-housing/venv/lib/python3.10/site-packages/airflow/example_dags/example_xcom.py
[2023-03-07T18:35:55.423+0530] {processor.py:753} INFO - DAG(s) dict_keys(['example_xcom']) retrieved from /home/ris/PycharmProjects/pythonProject/USA-housing/venv/lib/python3.10/site-packages/airflow/example_dags/example_xcom.py
[2023-03-07T18:35:55.440+0530] {logging_mixin.py:137} INFO - [2023-03-07T18:35:55.439+0530] {dag.py:2690} INFO - Sync 1 DAGs
[2023-03-07T18:35:55.455+0530] {logging_mixin.py:137} INFO - [2023-03-07T18:35:55.454+0530] {dag.py:3437} INFO - Setting next_dagrun for example_xcom to 2021-01-01T00:00:00+00:00, run_after=2021-01-01T00:00:00+00:00
[2023-03-07T18:35:55.475+0530] {processor.py:175} INFO - Processing /home/ris/PycharmProjects/pythonProject/USA-housing/venv/lib/python3.10/site-packages/airflow/example_dags/example_xcom.py took 0.074 seconds
[2023-03-07T18:36:32.342+0530] {processor.py:153} INFO - Started process (PID=9416) to work on /home/ris/PycharmProjects/pythonProject/USA-housing/venv/lib/python3.10/site-packages/airflow/example_dags/example_xcom.py
[2023-03-07T18:36:32.344+0530] {processor.py:743} INFO - Processing file /home/ris/PycharmProjects/pythonProject/USA-housing/venv/lib/python3.10/site-packages/airflow/example_dags/example_xcom.py for tasks to queue
[2023-03-07T18:36:32.345+0530] {logging_mixin.py:137} INFO - [2023-03-07T18:36:32.344+0530] {dagbag.py:538} INFO - Filling up the DagBag from /home/ris/PycharmProjects/pythonProject/USA-housing/venv/lib/python3.10/site-packages/airflow/example_dags/example_xcom.py
[2023-03-07T18:36:32.362+0530] {processor.py:753} INFO - DAG(s) dict_keys(['example_xcom']) retrieved from /home/ris/PycharmProjects/pythonProject/USA-housing/venv/lib/python3.10/site-packages/airflow/example_dags/example_xcom.py
[2023-03-07T18:36:32.379+0530] {logging_mixin.py:137} INFO - [2023-03-07T18:36:32.379+0530] {dag.py:2690} INFO - Sync 1 DAGs
[2023-03-07T18:36:32.394+0530] {logging_mixin.py:137} INFO - [2023-03-07T18:36:32.394+0530] {dag.py:3437} INFO - Setting next_dagrun for example_xcom to 2021-01-01T00:00:00+00:00, run_after=2021-01-01T00:00:00+00:00
[2023-03-07T18:36:32.414+0530] {processor.py:175} INFO - Processing /home/ris/PycharmProjects/pythonProject/USA-housing/venv/lib/python3.10/site-packages/airflow/example_dags/example_xcom.py took 0.075 seconds
[2023-03-07T18:37:09.913+0530] {processor.py:153} INFO - Started process (PID=9495) to work on /home/ris/PycharmProjects/pythonProject/USA-housing/venv/lib/python3.10/site-packages/airflow/example_dags/example_xcom.py
[2023-03-07T18:37:09.914+0530] {processor.py:743} INFO - Processing file /home/ris/PycharmProjects/pythonProject/USA-housing/venv/lib/python3.10/site-packages/airflow/example_dags/example_xcom.py for tasks to queue
[2023-03-07T18:37:09.915+0530] {logging_mixin.py:137} INFO - [2023-03-07T18:37:09.915+0530] {dagbag.py:538} INFO - Filling up the DagBag from /home/ris/PycharmProjects/pythonProject/USA-housing/venv/lib/python3.10/site-packages/airflow/example_dags/example_xcom.py
[2023-03-07T18:37:09.931+0530] {processor.py:753} INFO - DAG(s) dict_keys(['example_xcom']) retrieved from /home/ris/PycharmProjects/pythonProject/USA-housing/venv/lib/python3.10/site-packages/airflow/example_dags/example_xcom.py
[2023-03-07T18:37:09.947+0530] {logging_mixin.py:137} INFO - [2023-03-07T18:37:09.947+0530] {dag.py:2690} INFO - Sync 1 DAGs
[2023-03-07T18:37:09.962+0530] {logging_mixin.py:137} INFO - [2023-03-07T18:37:09.962+0530] {dag.py:3437} INFO - Setting next_dagrun for example_xcom to 2021-01-01T00:00:00+00:00, run_after=2021-01-01T00:00:00+00:00
[2023-03-07T18:37:09.981+0530] {processor.py:175} INFO - Processing /home/ris/PycharmProjects/pythonProject/USA-housing/venv/lib/python3.10/site-packages/airflow/example_dags/example_xcom.py took 0.071 seconds
[2023-03-07T18:37:47.798+0530] {processor.py:153} INFO - Started process (PID=9541) to work on /home/ris/PycharmProjects/pythonProject/USA-housing/venv/lib/python3.10/site-packages/airflow/example_dags/example_xcom.py
[2023-03-07T18:37:47.799+0530] {processor.py:743} INFO - Processing file /home/ris/PycharmProjects/pythonProject/USA-housing/venv/lib/python3.10/site-packages/airflow/example_dags/example_xcom.py for tasks to queue
[2023-03-07T18:37:47.800+0530] {logging_mixin.py:137} INFO - [2023-03-07T18:37:47.800+0530] {dagbag.py:538} INFO - Filling up the DagBag from /home/ris/PycharmProjects/pythonProject/USA-housing/venv/lib/python3.10/site-packages/airflow/example_dags/example_xcom.py
[2023-03-07T18:37:47.816+0530] {processor.py:753} INFO - DAG(s) dict_keys(['example_xcom']) retrieved from /home/ris/PycharmProjects/pythonProject/USA-housing/venv/lib/python3.10/site-packages/airflow/example_dags/example_xcom.py
[2023-03-07T18:37:47.833+0530] {logging_mixin.py:137} INFO - [2023-03-07T18:37:47.833+0530] {dag.py:2690} INFO - Sync 1 DAGs
[2023-03-07T18:37:47.849+0530] {logging_mixin.py:137} INFO - [2023-03-07T18:37:47.849+0530] {dag.py:3437} INFO - Setting next_dagrun for example_xcom to 2021-01-01T00:00:00+00:00, run_after=2021-01-01T00:00:00+00:00
[2023-03-07T18:37:47.867+0530] {processor.py:175} INFO - Processing /home/ris/PycharmProjects/pythonProject/USA-housing/venv/lib/python3.10/site-packages/airflow/example_dags/example_xcom.py took 0.072 seconds
[2023-03-07T18:38:26.161+0530] {processor.py:153} INFO - Started process (PID=9587) to work on /home/ris/PycharmProjects/pythonProject/USA-housing/venv/lib/python3.10/site-packages/airflow/example_dags/example_xcom.py
[2023-03-07T18:38:26.164+0530] {processor.py:743} INFO - Processing file /home/ris/PycharmProjects/pythonProject/USA-housing/venv/lib/python3.10/site-packages/airflow/example_dags/example_xcom.py for tasks to queue
[2023-03-07T18:38:26.165+0530] {logging_mixin.py:137} INFO - [2023-03-07T18:38:26.165+0530] {dagbag.py:538} INFO - Filling up the DagBag from /home/ris/PycharmProjects/pythonProject/USA-housing/venv/lib/python3.10/site-packages/airflow/example_dags/example_xcom.py
[2023-03-07T18:38:26.200+0530] {processor.py:753} INFO - DAG(s) dict_keys(['example_xcom']) retrieved from /home/ris/PycharmProjects/pythonProject/USA-housing/venv/lib/python3.10/site-packages/airflow/example_dags/example_xcom.py
[2023-03-07T18:38:26.217+0530] {logging_mixin.py:137} INFO - [2023-03-07T18:38:26.217+0530] {dag.py:2690} INFO - Sync 1 DAGs
[2023-03-07T18:38:26.232+0530] {logging_mixin.py:137} INFO - [2023-03-07T18:38:26.232+0530] {dag.py:3437} INFO - Setting next_dagrun for example_xcom to 2021-01-01T00:00:00+00:00, run_after=2021-01-01T00:00:00+00:00
[2023-03-07T18:38:26.250+0530] {processor.py:175} INFO - Processing /home/ris/PycharmProjects/pythonProject/USA-housing/venv/lib/python3.10/site-packages/airflow/example_dags/example_xcom.py took 0.093 seconds
[2023-03-07T18:39:05.010+0530] {processor.py:153} INFO - Started process (PID=9654) to work on /home/ris/PycharmProjects/pythonProject/USA-housing/venv/lib/python3.10/site-packages/airflow/example_dags/example_xcom.py
[2023-03-07T18:39:05.013+0530] {processor.py:743} INFO - Processing file /home/ris/PycharmProjects/pythonProject/USA-housing/venv/lib/python3.10/site-packages/airflow/example_dags/example_xcom.py for tasks to queue
[2023-03-07T18:39:05.014+0530] {logging_mixin.py:137} INFO - [2023-03-07T18:39:05.013+0530] {dagbag.py:538} INFO - Filling up the DagBag from /home/ris/PycharmProjects/pythonProject/USA-housing/venv/lib/python3.10/site-packages/airflow/example_dags/example_xcom.py
[2023-03-07T18:39:05.048+0530] {processor.py:753} INFO - DAG(s) dict_keys(['example_xcom']) retrieved from /home/ris/PycharmProjects/pythonProject/USA-housing/venv/lib/python3.10/site-packages/airflow/example_dags/example_xcom.py
[2023-03-07T18:39:05.064+0530] {logging_mixin.py:137} INFO - [2023-03-07T18:39:05.064+0530] {dag.py:2690} INFO - Sync 1 DAGs
[2023-03-07T18:39:05.078+0530] {logging_mixin.py:137} INFO - [2023-03-07T18:39:05.078+0530] {dag.py:3437} INFO - Setting next_dagrun for example_xcom to 2021-01-01T00:00:00+00:00, run_after=2021-01-01T00:00:00+00:00
[2023-03-07T18:39:05.094+0530] {processor.py:175} INFO - Processing /home/ris/PycharmProjects/pythonProject/USA-housing/venv/lib/python3.10/site-packages/airflow/example_dags/example_xcom.py took 0.088 seconds
[2023-03-07T18:39:46.681+0530] {processor.py:153} INFO - Started process (PID=9702) to work on /home/ris/PycharmProjects/pythonProject/USA-housing/venv/lib/python3.10/site-packages/airflow/example_dags/example_xcom.py
[2023-03-07T18:39:46.683+0530] {processor.py:743} INFO - Processing file /home/ris/PycharmProjects/pythonProject/USA-housing/venv/lib/python3.10/site-packages/airflow/example_dags/example_xcom.py for tasks to queue
[2023-03-07T18:39:46.684+0530] {logging_mixin.py:137} INFO - [2023-03-07T18:39:46.684+0530] {dagbag.py:538} INFO - Filling up the DagBag from /home/ris/PycharmProjects/pythonProject/USA-housing/venv/lib/python3.10/site-packages/airflow/example_dags/example_xcom.py
[2023-03-07T18:39:46.718+0530] {processor.py:753} INFO - DAG(s) dict_keys(['example_xcom']) retrieved from /home/ris/PycharmProjects/pythonProject/USA-housing/venv/lib/python3.10/site-packages/airflow/example_dags/example_xcom.py
[2023-03-07T18:39:46.735+0530] {logging_mixin.py:137} INFO - [2023-03-07T18:39:46.735+0530] {dag.py:2690} INFO - Sync 1 DAGs
[2023-03-07T18:39:46.748+0530] {logging_mixin.py:137} INFO - [2023-03-07T18:39:46.748+0530] {dag.py:3437} INFO - Setting next_dagrun for example_xcom to 2021-01-01T00:00:00+00:00, run_after=2021-01-01T00:00:00+00:00
[2023-03-07T18:39:46.764+0530] {processor.py:175} INFO - Processing /home/ris/PycharmProjects/pythonProject/USA-housing/venv/lib/python3.10/site-packages/airflow/example_dags/example_xcom.py took 0.088 seconds
[2023-03-07T18:40:29.607+0530] {processor.py:153} INFO - Started process (PID=9747) to work on /home/ris/PycharmProjects/pythonProject/USA-housing/venv/lib/python3.10/site-packages/airflow/example_dags/example_xcom.py
[2023-03-07T18:40:29.609+0530] {processor.py:743} INFO - Processing file /home/ris/PycharmProjects/pythonProject/USA-housing/venv/lib/python3.10/site-packages/airflow/example_dags/example_xcom.py for tasks to queue
[2023-03-07T18:40:29.610+0530] {logging_mixin.py:137} INFO - [2023-03-07T18:40:29.610+0530] {dagbag.py:538} INFO - Filling up the DagBag from /home/ris/PycharmProjects/pythonProject/USA-housing/venv/lib/python3.10/site-packages/airflow/example_dags/example_xcom.py
[2023-03-07T18:40:29.645+0530] {processor.py:753} INFO - DAG(s) dict_keys(['example_xcom']) retrieved from /home/ris/PycharmProjects/pythonProject/USA-housing/venv/lib/python3.10/site-packages/airflow/example_dags/example_xcom.py
[2023-03-07T18:40:29.661+0530] {logging_mixin.py:137} INFO - [2023-03-07T18:40:29.661+0530] {dag.py:2690} INFO - Sync 1 DAGs
[2023-03-07T18:40:29.674+0530] {logging_mixin.py:137} INFO - [2023-03-07T18:40:29.674+0530] {dag.py:3437} INFO - Setting next_dagrun for example_xcom to 2021-01-01T00:00:00+00:00, run_after=2021-01-01T00:00:00+00:00
[2023-03-07T18:40:29.692+0530] {processor.py:175} INFO - Processing /home/ris/PycharmProjects/pythonProject/USA-housing/venv/lib/python3.10/site-packages/airflow/example_dags/example_xcom.py took 0.090 seconds
