[2023-03-07T16:11:06.236+0530] {processor.py:153} INFO - Started process (PID=14995) to work on /home/ris/PycharmProjects/pythonProject/USA-housing/venv/lib/python3.10/site-packages/airflow/example_dags/example_branch_operator.py
[2023-03-07T16:11:06.238+0530] {processor.py:743} INFO - Processing file /home/ris/PycharmProjects/pythonProject/USA-housing/venv/lib/python3.10/site-packages/airflow/example_dags/example_branch_operator.py for tasks to queue
[2023-03-07T16:11:06.239+0530] {logging_mixin.py:137} INFO - [2023-03-07T16:11:06.239+0530] {dagbag.py:538} INFO - Filling up the DagBag from /home/ris/PycharmProjects/pythonProject/USA-housing/venv/lib/python3.10/site-packages/airflow/example_dags/example_branch_operator.py
[2023-03-07T16:11:06.279+0530] {processor.py:753} INFO - DAG(s) dict_keys(['example_branch_operator']) retrieved from /home/ris/PycharmProjects/pythonProject/USA-housing/venv/lib/python3.10/site-packages/airflow/example_dags/example_branch_operator.py
[2023-03-07T16:11:06.335+0530] {logging_mixin.py:137} INFO - [2023-03-07T16:11:06.334+0530] {dag.py:2690} INFO - Sync 1 DAGs
[2023-03-07T16:11:06.392+0530] {logging_mixin.py:137} INFO - [2023-03-07T16:11:06.392+0530] {dag.py:3437} INFO - Setting next_dagrun for example_branch_operator to 2023-03-06T00:00:00+00:00, run_after=2023-03-07T00:00:00+00:00
[2023-03-07T16:11:06.436+0530] {processor.py:175} INFO - Processing /home/ris/PycharmProjects/pythonProject/USA-housing/venv/lib/python3.10/site-packages/airflow/example_dags/example_branch_operator.py took 0.206 seconds
[2023-03-07T17:38:18.983+0530] {processor.py:153} INFO - Started process (PID=5737) to work on /home/ris/PycharmProjects/pythonProject/USA-housing/venv/lib/python3.10/site-packages/airflow/example_dags/example_branch_operator.py
[2023-03-07T17:38:18.986+0530] {processor.py:743} INFO - Processing file /home/ris/PycharmProjects/pythonProject/USA-housing/venv/lib/python3.10/site-packages/airflow/example_dags/example_branch_operator.py for tasks to queue
[2023-03-07T17:38:18.987+0530] {logging_mixin.py:137} INFO - [2023-03-07T17:38:18.987+0530] {dagbag.py:538} INFO - Filling up the DagBag from /home/ris/PycharmProjects/pythonProject/USA-housing/venv/lib/python3.10/site-packages/airflow/example_dags/example_branch_operator.py
[2023-03-07T17:38:19.023+0530] {processor.py:753} INFO - DAG(s) dict_keys(['example_branch_operator']) retrieved from /home/ris/PycharmProjects/pythonProject/USA-housing/venv/lib/python3.10/site-packages/airflow/example_dags/example_branch_operator.py
[2023-03-07T17:38:19.041+0530] {logging_mixin.py:137} INFO - [2023-03-07T17:38:19.041+0530] {dag.py:2690} INFO - Sync 1 DAGs
[2023-03-07T17:38:19.061+0530] {logging_mixin.py:137} INFO - [2023-03-07T17:38:19.061+0530] {dag.py:3437} INFO - Setting next_dagrun for example_branch_operator to 2023-03-06T00:00:00+00:00, run_after=2023-03-07T00:00:00+00:00
[2023-03-07T17:38:19.082+0530] {processor.py:175} INFO - Processing /home/ris/PycharmProjects/pythonProject/USA-housing/venv/lib/python3.10/site-packages/airflow/example_dags/example_branch_operator.py took 0.103 seconds
[2023-03-07T17:39:08.991+0530] {processor.py:153} INFO - Started process (PID=5784) to work on /home/ris/PycharmProjects/pythonProject/USA-housing/venv/lib/python3.10/site-packages/airflow/example_dags/example_branch_operator.py
[2023-03-07T17:39:08.991+0530] {processor.py:743} INFO - Processing file /home/ris/PycharmProjects/pythonProject/USA-housing/venv/lib/python3.10/site-packages/airflow/example_dags/example_branch_operator.py for tasks to queue
[2023-03-07T17:39:08.992+0530] {logging_mixin.py:137} INFO - [2023-03-07T17:39:08.992+0530] {dagbag.py:538} INFO - Filling up the DagBag from /home/ris/PycharmProjects/pythonProject/USA-housing/venv/lib/python3.10/site-packages/airflow/example_dags/example_branch_operator.py
[2023-03-07T17:39:09.007+0530] {processor.py:753} INFO - DAG(s) dict_keys(['example_branch_operator']) retrieved from /home/ris/PycharmProjects/pythonProject/USA-housing/venv/lib/python3.10/site-packages/airflow/example_dags/example_branch_operator.py
[2023-03-07T17:39:09.025+0530] {logging_mixin.py:137} INFO - [2023-03-07T17:39:09.025+0530] {dag.py:2690} INFO - Sync 1 DAGs
[2023-03-07T17:39:09.052+0530] {logging_mixin.py:137} INFO - [2023-03-07T17:39:09.051+0530] {dag.py:3437} INFO - Setting next_dagrun for example_branch_operator to 2023-03-06T00:00:00+00:00, run_after=2023-03-07T00:00:00+00:00
[2023-03-07T17:39:09.085+0530] {processor.py:175} INFO - Processing /home/ris/PycharmProjects/pythonProject/USA-housing/venv/lib/python3.10/site-packages/airflow/example_dags/example_branch_operator.py took 0.097 seconds
[2023-03-07T17:59:44.745+0530] {processor.py:153} INFO - Started process (PID=5945) to work on /home/ris/PycharmProjects/pythonProject/USA-housing/venv/lib/python3.10/site-packages/airflow/example_dags/example_branch_operator.py
[2023-03-07T17:59:44.745+0530] {processor.py:743} INFO - Processing file /home/ris/PycharmProjects/pythonProject/USA-housing/venv/lib/python3.10/site-packages/airflow/example_dags/example_branch_operator.py for tasks to queue
[2023-03-07T17:59:44.746+0530] {logging_mixin.py:137} INFO - [2023-03-07T17:59:44.746+0530] {dagbag.py:538} INFO - Filling up the DagBag from /home/ris/PycharmProjects/pythonProject/USA-housing/venv/lib/python3.10/site-packages/airflow/example_dags/example_branch_operator.py
[2023-03-07T17:59:44.754+0530] {processor.py:753} INFO - DAG(s) dict_keys(['example_branch_operator']) retrieved from /home/ris/PycharmProjects/pythonProject/USA-housing/venv/lib/python3.10/site-packages/airflow/example_dags/example_branch_operator.py
[2023-03-07T17:59:44.776+0530] {logging_mixin.py:137} INFO - [2023-03-07T17:59:44.776+0530] {dag.py:2690} INFO - Sync 1 DAGs
[2023-03-07T17:59:44.793+0530] {logging_mixin.py:137} INFO - [2023-03-07T17:59:44.793+0530] {dag.py:3437} INFO - Setting next_dagrun for example_branch_operator to 2023-03-06T00:00:00+00:00, run_after=2023-03-07T00:00:00+00:00
[2023-03-07T17:59:44.812+0530] {processor.py:175} INFO - Processing /home/ris/PycharmProjects/pythonProject/USA-housing/venv/lib/python3.10/site-packages/airflow/example_dags/example_branch_operator.py took 0.070 seconds
[2023-03-07T18:00:29.990+0530] {processor.py:153} INFO - Started process (PID=5991) to work on /home/ris/PycharmProjects/pythonProject/USA-housing/venv/lib/python3.10/site-packages/airflow/example_dags/example_branch_operator.py
[2023-03-07T18:00:29.991+0530] {processor.py:743} INFO - Processing file /home/ris/PycharmProjects/pythonProject/USA-housing/venv/lib/python3.10/site-packages/airflow/example_dags/example_branch_operator.py for tasks to queue
[2023-03-07T18:00:29.992+0530] {logging_mixin.py:137} INFO - [2023-03-07T18:00:29.992+0530] {dagbag.py:538} INFO - Filling up the DagBag from /home/ris/PycharmProjects/pythonProject/USA-housing/venv/lib/python3.10/site-packages/airflow/example_dags/example_branch_operator.py
[2023-03-07T18:00:30.000+0530] {processor.py:753} INFO - DAG(s) dict_keys(['example_branch_operator']) retrieved from /home/ris/PycharmProjects/pythonProject/USA-housing/venv/lib/python3.10/site-packages/airflow/example_dags/example_branch_operator.py
[2023-03-07T18:00:30.019+0530] {logging_mixin.py:137} INFO - [2023-03-07T18:00:30.019+0530] {dag.py:2690} INFO - Sync 1 DAGs
[2023-03-07T18:00:30.048+0530] {logging_mixin.py:137} INFO - [2023-03-07T18:00:30.047+0530] {dag.py:3437} INFO - Setting next_dagrun for example_branch_operator to 2023-03-06T00:00:00+00:00, run_after=2023-03-07T00:00:00+00:00
[2023-03-07T18:00:30.069+0530] {processor.py:175} INFO - Processing /home/ris/PycharmProjects/pythonProject/USA-housing/venv/lib/python3.10/site-packages/airflow/example_dags/example_branch_operator.py took 0.081 seconds
[2023-03-07T18:01:11.312+0530] {processor.py:153} INFO - Started process (PID=6037) to work on /home/ris/PycharmProjects/pythonProject/USA-housing/venv/lib/python3.10/site-packages/airflow/example_dags/example_branch_operator.py
[2023-03-07T18:01:11.314+0530] {processor.py:743} INFO - Processing file /home/ris/PycharmProjects/pythonProject/USA-housing/venv/lib/python3.10/site-packages/airflow/example_dags/example_branch_operator.py for tasks to queue
[2023-03-07T18:01:11.315+0530] {logging_mixin.py:137} INFO - [2023-03-07T18:01:11.315+0530] {dagbag.py:538} INFO - Filling up the DagBag from /home/ris/PycharmProjects/pythonProject/USA-housing/venv/lib/python3.10/site-packages/airflow/example_dags/example_branch_operator.py
[2023-03-07T18:01:11.324+0530] {processor.py:753} INFO - DAG(s) dict_keys(['example_branch_operator']) retrieved from /home/ris/PycharmProjects/pythonProject/USA-housing/venv/lib/python3.10/site-packages/airflow/example_dags/example_branch_operator.py
[2023-03-07T18:01:11.342+0530] {logging_mixin.py:137} INFO - [2023-03-07T18:01:11.342+0530] {dag.py:2690} INFO - Sync 1 DAGs
[2023-03-07T18:01:11.361+0530] {logging_mixin.py:137} INFO - [2023-03-07T18:01:11.361+0530] {dag.py:3437} INFO - Setting next_dagrun for example_branch_operator to 2023-03-06T00:00:00+00:00, run_after=2023-03-07T00:00:00+00:00
[2023-03-07T18:01:11.381+0530] {processor.py:175} INFO - Processing /home/ris/PycharmProjects/pythonProject/USA-housing/venv/lib/python3.10/site-packages/airflow/example_dags/example_branch_operator.py took 0.072 seconds
[2023-03-07T18:02:02.086+0530] {processor.py:153} INFO - Started process (PID=6091) to work on /home/ris/PycharmProjects/pythonProject/USA-housing/venv/lib/python3.10/site-packages/airflow/example_dags/example_branch_operator.py
[2023-03-07T18:02:02.088+0530] {processor.py:743} INFO - Processing file /home/ris/PycharmProjects/pythonProject/USA-housing/venv/lib/python3.10/site-packages/airflow/example_dags/example_branch_operator.py for tasks to queue
[2023-03-07T18:02:02.089+0530] {logging_mixin.py:137} INFO - [2023-03-07T18:02:02.089+0530] {dagbag.py:538} INFO - Filling up the DagBag from /home/ris/PycharmProjects/pythonProject/USA-housing/venv/lib/python3.10/site-packages/airflow/example_dags/example_branch_operator.py
[2023-03-07T18:02:02.099+0530] {processor.py:753} INFO - DAG(s) dict_keys(['example_branch_operator']) retrieved from /home/ris/PycharmProjects/pythonProject/USA-housing/venv/lib/python3.10/site-packages/airflow/example_dags/example_branch_operator.py
[2023-03-07T18:02:02.117+0530] {logging_mixin.py:137} INFO - [2023-03-07T18:02:02.117+0530] {dag.py:2690} INFO - Sync 1 DAGs
[2023-03-07T18:02:02.135+0530] {logging_mixin.py:137} INFO - [2023-03-07T18:02:02.134+0530] {dag.py:3437} INFO - Setting next_dagrun for example_branch_operator to 2023-03-06T00:00:00+00:00, run_after=2023-03-07T00:00:00+00:00
[2023-03-07T18:02:02.154+0530] {processor.py:175} INFO - Processing /home/ris/PycharmProjects/pythonProject/USA-housing/venv/lib/python3.10/site-packages/airflow/example_dags/example_branch_operator.py took 0.070 seconds
[2023-03-07T18:02:44.335+0530] {processor.py:153} INFO - Started process (PID=6138) to work on /home/ris/PycharmProjects/pythonProject/USA-housing/venv/lib/python3.10/site-packages/airflow/example_dags/example_branch_operator.py
[2023-03-07T18:02:44.336+0530] {processor.py:743} INFO - Processing file /home/ris/PycharmProjects/pythonProject/USA-housing/venv/lib/python3.10/site-packages/airflow/example_dags/example_branch_operator.py for tasks to queue
[2023-03-07T18:02:44.337+0530] {logging_mixin.py:137} INFO - [2023-03-07T18:02:44.337+0530] {dagbag.py:538} INFO - Filling up the DagBag from /home/ris/PycharmProjects/pythonProject/USA-housing/venv/lib/python3.10/site-packages/airflow/example_dags/example_branch_operator.py
[2023-03-07T18:02:44.347+0530] {processor.py:753} INFO - DAG(s) dict_keys(['example_branch_operator']) retrieved from /home/ris/PycharmProjects/pythonProject/USA-housing/venv/lib/python3.10/site-packages/airflow/example_dags/example_branch_operator.py
[2023-03-07T18:02:44.367+0530] {logging_mixin.py:137} INFO - [2023-03-07T18:02:44.367+0530] {dag.py:2690} INFO - Sync 1 DAGs
[2023-03-07T18:02:44.385+0530] {logging_mixin.py:137} INFO - [2023-03-07T18:02:44.385+0530] {dag.py:3437} INFO - Setting next_dagrun for example_branch_operator to 2023-03-06T00:00:00+00:00, run_after=2023-03-07T00:00:00+00:00
[2023-03-07T18:02:44.404+0530] {processor.py:175} INFO - Processing /home/ris/PycharmProjects/pythonProject/USA-housing/venv/lib/python3.10/site-packages/airflow/example_dags/example_branch_operator.py took 0.073 seconds
[2023-03-07T18:03:33.856+0530] {processor.py:153} INFO - Started process (PID=6194) to work on /home/ris/PycharmProjects/pythonProject/USA-housing/venv/lib/python3.10/site-packages/airflow/example_dags/example_branch_operator.py
[2023-03-07T18:03:33.858+0530] {processor.py:743} INFO - Processing file /home/ris/PycharmProjects/pythonProject/USA-housing/venv/lib/python3.10/site-packages/airflow/example_dags/example_branch_operator.py for tasks to queue
[2023-03-07T18:03:33.859+0530] {logging_mixin.py:137} INFO - [2023-03-07T18:03:33.859+0530] {dagbag.py:538} INFO - Filling up the DagBag from /home/ris/PycharmProjects/pythonProject/USA-housing/venv/lib/python3.10/site-packages/airflow/example_dags/example_branch_operator.py
[2023-03-07T18:03:33.868+0530] {processor.py:753} INFO - DAG(s) dict_keys(['example_branch_operator']) retrieved from /home/ris/PycharmProjects/pythonProject/USA-housing/venv/lib/python3.10/site-packages/airflow/example_dags/example_branch_operator.py
[2023-03-07T18:03:33.885+0530] {logging_mixin.py:137} INFO - [2023-03-07T18:03:33.884+0530] {dag.py:2690} INFO - Sync 1 DAGs
[2023-03-07T18:03:33.902+0530] {logging_mixin.py:137} INFO - [2023-03-07T18:03:33.902+0530] {dag.py:3437} INFO - Setting next_dagrun for example_branch_operator to 2023-03-06T00:00:00+00:00, run_after=2023-03-07T00:00:00+00:00
[2023-03-07T18:03:33.921+0530] {processor.py:175} INFO - Processing /home/ris/PycharmProjects/pythonProject/USA-housing/venv/lib/python3.10/site-packages/airflow/example_dags/example_branch_operator.py took 0.068 seconds
[2023-03-07T18:04:21.231+0530] {processor.py:153} INFO - Started process (PID=6251) to work on /home/ris/PycharmProjects/pythonProject/USA-housing/venv/lib/python3.10/site-packages/airflow/example_dags/example_branch_operator.py
[2023-03-07T18:04:21.233+0530] {processor.py:743} INFO - Processing file /home/ris/PycharmProjects/pythonProject/USA-housing/venv/lib/python3.10/site-packages/airflow/example_dags/example_branch_operator.py for tasks to queue
[2023-03-07T18:04:21.234+0530] {logging_mixin.py:137} INFO - [2023-03-07T18:04:21.233+0530] {dagbag.py:538} INFO - Filling up the DagBag from /home/ris/PycharmProjects/pythonProject/USA-housing/venv/lib/python3.10/site-packages/airflow/example_dags/example_branch_operator.py
[2023-03-07T18:04:21.243+0530] {processor.py:753} INFO - DAG(s) dict_keys(['example_branch_operator']) retrieved from /home/ris/PycharmProjects/pythonProject/USA-housing/venv/lib/python3.10/site-packages/airflow/example_dags/example_branch_operator.py
[2023-03-07T18:04:21.266+0530] {logging_mixin.py:137} INFO - [2023-03-07T18:04:21.266+0530] {dag.py:2690} INFO - Sync 1 DAGs
[2023-03-07T18:04:21.284+0530] {logging_mixin.py:137} INFO - [2023-03-07T18:04:21.284+0530] {dag.py:3437} INFO - Setting next_dagrun for example_branch_operator to 2023-03-06T00:00:00+00:00, run_after=2023-03-07T00:00:00+00:00
[2023-03-07T18:04:21.305+0530] {processor.py:175} INFO - Processing /home/ris/PycharmProjects/pythonProject/USA-housing/venv/lib/python3.10/site-packages/airflow/example_dags/example_branch_operator.py took 0.076 seconds
[2023-03-07T18:05:07.892+0530] {processor.py:153} INFO - Started process (PID=6305) to work on /home/ris/PycharmProjects/pythonProject/USA-housing/venv/lib/python3.10/site-packages/airflow/example_dags/example_branch_operator.py
[2023-03-07T18:05:07.894+0530] {processor.py:743} INFO - Processing file /home/ris/PycharmProjects/pythonProject/USA-housing/venv/lib/python3.10/site-packages/airflow/example_dags/example_branch_operator.py for tasks to queue
[2023-03-07T18:05:07.894+0530] {logging_mixin.py:137} INFO - [2023-03-07T18:05:07.894+0530] {dagbag.py:538} INFO - Filling up the DagBag from /home/ris/PycharmProjects/pythonProject/USA-housing/venv/lib/python3.10/site-packages/airflow/example_dags/example_branch_operator.py
[2023-03-07T18:05:07.903+0530] {processor.py:753} INFO - DAG(s) dict_keys(['example_branch_operator']) retrieved from /home/ris/PycharmProjects/pythonProject/USA-housing/venv/lib/python3.10/site-packages/airflow/example_dags/example_branch_operator.py
[2023-03-07T18:05:07.920+0530] {logging_mixin.py:137} INFO - [2023-03-07T18:05:07.920+0530] {dag.py:2690} INFO - Sync 1 DAGs
[2023-03-07T18:05:07.938+0530] {logging_mixin.py:137} INFO - [2023-03-07T18:05:07.938+0530] {dag.py:3437} INFO - Setting next_dagrun for example_branch_operator to 2023-03-06T00:00:00+00:00, run_after=2023-03-07T00:00:00+00:00
[2023-03-07T18:05:07.957+0530] {processor.py:175} INFO - Processing /home/ris/PycharmProjects/pythonProject/USA-housing/venv/lib/python3.10/site-packages/airflow/example_dags/example_branch_operator.py took 0.068 seconds
[2023-03-07T18:05:59.397+0530] {processor.py:153} INFO - Started process (PID=6359) to work on /home/ris/PycharmProjects/pythonProject/USA-housing/venv/lib/python3.10/site-packages/airflow/example_dags/example_branch_operator.py
[2023-03-07T18:05:59.399+0530] {processor.py:743} INFO - Processing file /home/ris/PycharmProjects/pythonProject/USA-housing/venv/lib/python3.10/site-packages/airflow/example_dags/example_branch_operator.py for tasks to queue
[2023-03-07T18:05:59.400+0530] {logging_mixin.py:137} INFO - [2023-03-07T18:05:59.399+0530] {dagbag.py:538} INFO - Filling up the DagBag from /home/ris/PycharmProjects/pythonProject/USA-housing/venv/lib/python3.10/site-packages/airflow/example_dags/example_branch_operator.py
[2023-03-07T18:05:59.409+0530] {processor.py:753} INFO - DAG(s) dict_keys(['example_branch_operator']) retrieved from /home/ris/PycharmProjects/pythonProject/USA-housing/venv/lib/python3.10/site-packages/airflow/example_dags/example_branch_operator.py
[2023-03-07T18:05:59.431+0530] {logging_mixin.py:137} INFO - [2023-03-07T18:05:59.430+0530] {dag.py:2690} INFO - Sync 1 DAGs
[2023-03-07T18:05:59.448+0530] {logging_mixin.py:137} INFO - [2023-03-07T18:05:59.448+0530] {dag.py:3437} INFO - Setting next_dagrun for example_branch_operator to 2023-03-06T00:00:00+00:00, run_after=2023-03-07T00:00:00+00:00
[2023-03-07T18:05:59.467+0530] {processor.py:175} INFO - Processing /home/ris/PycharmProjects/pythonProject/USA-housing/venv/lib/python3.10/site-packages/airflow/example_dags/example_branch_operator.py took 0.072 seconds
[2023-03-07T18:06:46.843+0530] {processor.py:153} INFO - Started process (PID=6412) to work on /home/ris/PycharmProjects/pythonProject/USA-housing/venv/lib/python3.10/site-packages/airflow/example_dags/example_branch_operator.py
[2023-03-07T18:06:46.845+0530] {processor.py:743} INFO - Processing file /home/ris/PycharmProjects/pythonProject/USA-housing/venv/lib/python3.10/site-packages/airflow/example_dags/example_branch_operator.py for tasks to queue
[2023-03-07T18:06:46.845+0530] {logging_mixin.py:137} INFO - [2023-03-07T18:06:46.845+0530] {dagbag.py:538} INFO - Filling up the DagBag from /home/ris/PycharmProjects/pythonProject/USA-housing/venv/lib/python3.10/site-packages/airflow/example_dags/example_branch_operator.py
[2023-03-07T18:06:46.855+0530] {processor.py:753} INFO - DAG(s) dict_keys(['example_branch_operator']) retrieved from /home/ris/PycharmProjects/pythonProject/USA-housing/venv/lib/python3.10/site-packages/airflow/example_dags/example_branch_operator.py
[2023-03-07T18:06:46.872+0530] {logging_mixin.py:137} INFO - [2023-03-07T18:06:46.872+0530] {dag.py:2690} INFO - Sync 1 DAGs
[2023-03-07T18:06:46.889+0530] {logging_mixin.py:137} INFO - [2023-03-07T18:06:46.889+0530] {dag.py:3437} INFO - Setting next_dagrun for example_branch_operator to 2023-03-06T00:00:00+00:00, run_after=2023-03-07T00:00:00+00:00
[2023-03-07T18:06:46.910+0530] {processor.py:175} INFO - Processing /home/ris/PycharmProjects/pythonProject/USA-housing/venv/lib/python3.10/site-packages/airflow/example_dags/example_branch_operator.py took 0.069 seconds
[2023-03-07T18:07:35.936+0530] {processor.py:153} INFO - Started process (PID=6466) to work on /home/ris/PycharmProjects/pythonProject/USA-housing/venv/lib/python3.10/site-packages/airflow/example_dags/example_branch_operator.py
[2023-03-07T18:07:35.938+0530] {processor.py:743} INFO - Processing file /home/ris/PycharmProjects/pythonProject/USA-housing/venv/lib/python3.10/site-packages/airflow/example_dags/example_branch_operator.py for tasks to queue
[2023-03-07T18:07:35.939+0530] {logging_mixin.py:137} INFO - [2023-03-07T18:07:35.939+0530] {dagbag.py:538} INFO - Filling up the DagBag from /home/ris/PycharmProjects/pythonProject/USA-housing/venv/lib/python3.10/site-packages/airflow/example_dags/example_branch_operator.py
[2023-03-07T18:07:35.948+0530] {processor.py:753} INFO - DAG(s) dict_keys(['example_branch_operator']) retrieved from /home/ris/PycharmProjects/pythonProject/USA-housing/venv/lib/python3.10/site-packages/airflow/example_dags/example_branch_operator.py
[2023-03-07T18:07:35.966+0530] {logging_mixin.py:137} INFO - [2023-03-07T18:07:35.966+0530] {dag.py:2690} INFO - Sync 1 DAGs
[2023-03-07T18:07:35.984+0530] {logging_mixin.py:137} INFO - [2023-03-07T18:07:35.984+0530] {dag.py:3437} INFO - Setting next_dagrun for example_branch_operator to 2023-03-06T00:00:00+00:00, run_after=2023-03-07T00:00:00+00:00
[2023-03-07T18:07:36.003+0530] {processor.py:175} INFO - Processing /home/ris/PycharmProjects/pythonProject/USA-housing/venv/lib/python3.10/site-packages/airflow/example_dags/example_branch_operator.py took 0.070 seconds
[2023-03-07T18:08:29.529+0530] {processor.py:153} INFO - Started process (PID=6522) to work on /home/ris/PycharmProjects/pythonProject/USA-housing/venv/lib/python3.10/site-packages/airflow/example_dags/example_branch_operator.py
[2023-03-07T18:08:29.531+0530] {processor.py:743} INFO - Processing file /home/ris/PycharmProjects/pythonProject/USA-housing/venv/lib/python3.10/site-packages/airflow/example_dags/example_branch_operator.py for tasks to queue
[2023-03-07T18:08:29.531+0530] {logging_mixin.py:137} INFO - [2023-03-07T18:08:29.531+0530] {dagbag.py:538} INFO - Filling up the DagBag from /home/ris/PycharmProjects/pythonProject/USA-housing/venv/lib/python3.10/site-packages/airflow/example_dags/example_branch_operator.py
[2023-03-07T18:08:29.540+0530] {processor.py:753} INFO - DAG(s) dict_keys(['example_branch_operator']) retrieved from /home/ris/PycharmProjects/pythonProject/USA-housing/venv/lib/python3.10/site-packages/airflow/example_dags/example_branch_operator.py
[2023-03-07T18:08:29.557+0530] {logging_mixin.py:137} INFO - [2023-03-07T18:08:29.557+0530] {dag.py:2690} INFO - Sync 1 DAGs
[2023-03-07T18:08:29.574+0530] {logging_mixin.py:137} INFO - [2023-03-07T18:08:29.574+0530] {dag.py:3437} INFO - Setting next_dagrun for example_branch_operator to 2023-03-06T00:00:00+00:00, run_after=2023-03-07T00:00:00+00:00
[2023-03-07T18:08:29.599+0530] {processor.py:175} INFO - Processing /home/ris/PycharmProjects/pythonProject/USA-housing/venv/lib/python3.10/site-packages/airflow/example_dags/example_branch_operator.py took 0.074 seconds
[2023-03-07T18:09:24.812+0530] {processor.py:153} INFO - Started process (PID=6619) to work on /home/ris/PycharmProjects/pythonProject/USA-housing/venv/lib/python3.10/site-packages/airflow/example_dags/example_branch_operator.py
[2023-03-07T18:09:24.813+0530] {processor.py:743} INFO - Processing file /home/ris/PycharmProjects/pythonProject/USA-housing/venv/lib/python3.10/site-packages/airflow/example_dags/example_branch_operator.py for tasks to queue
[2023-03-07T18:09:24.814+0530] {logging_mixin.py:137} INFO - [2023-03-07T18:09:24.814+0530] {dagbag.py:538} INFO - Filling up the DagBag from /home/ris/PycharmProjects/pythonProject/USA-housing/venv/lib/python3.10/site-packages/airflow/example_dags/example_branch_operator.py
[2023-03-07T18:09:24.826+0530] {processor.py:753} INFO - DAG(s) dict_keys(['example_branch_operator']) retrieved from /home/ris/PycharmProjects/pythonProject/USA-housing/venv/lib/python3.10/site-packages/airflow/example_dags/example_branch_operator.py
[2023-03-07T18:09:24.846+0530] {logging_mixin.py:137} INFO - [2023-03-07T18:09:24.846+0530] {dag.py:2690} INFO - Sync 1 DAGs
[2023-03-07T18:09:24.869+0530] {logging_mixin.py:137} INFO - [2023-03-07T18:09:24.869+0530] {dag.py:3437} INFO - Setting next_dagrun for example_branch_operator to 2023-03-06T00:00:00+00:00, run_after=2023-03-07T00:00:00+00:00
[2023-03-07T18:09:24.894+0530] {processor.py:175} INFO - Processing /home/ris/PycharmProjects/pythonProject/USA-housing/venv/lib/python3.10/site-packages/airflow/example_dags/example_branch_operator.py took 0.087 seconds
[2023-03-07T18:10:16.351+0530] {processor.py:153} INFO - Started process (PID=6919) to work on /home/ris/PycharmProjects/pythonProject/USA-housing/venv/lib/python3.10/site-packages/airflow/example_dags/example_branch_operator.py
[2023-03-07T18:10:16.352+0530] {processor.py:743} INFO - Processing file /home/ris/PycharmProjects/pythonProject/USA-housing/venv/lib/python3.10/site-packages/airflow/example_dags/example_branch_operator.py for tasks to queue
[2023-03-07T18:10:16.353+0530] {logging_mixin.py:137} INFO - [2023-03-07T18:10:16.353+0530] {dagbag.py:538} INFO - Filling up the DagBag from /home/ris/PycharmProjects/pythonProject/USA-housing/venv/lib/python3.10/site-packages/airflow/example_dags/example_branch_operator.py
[2023-03-07T18:10:16.361+0530] {processor.py:753} INFO - DAG(s) dict_keys(['example_branch_operator']) retrieved from /home/ris/PycharmProjects/pythonProject/USA-housing/venv/lib/python3.10/site-packages/airflow/example_dags/example_branch_operator.py
[2023-03-07T18:10:16.385+0530] {logging_mixin.py:137} INFO - [2023-03-07T18:10:16.384+0530] {dag.py:2690} INFO - Sync 1 DAGs
[2023-03-07T18:10:16.407+0530] {logging_mixin.py:137} INFO - [2023-03-07T18:10:16.406+0530] {dag.py:3437} INFO - Setting next_dagrun for example_branch_operator to 2023-03-06T00:00:00+00:00, run_after=2023-03-07T00:00:00+00:00
[2023-03-07T18:10:16.426+0530] {processor.py:175} INFO - Processing /home/ris/PycharmProjects/pythonProject/USA-housing/venv/lib/python3.10/site-packages/airflow/example_dags/example_branch_operator.py took 0.080 seconds
[2023-03-07T18:11:10.233+0530] {processor.py:153} INFO - Started process (PID=6979) to work on /home/ris/PycharmProjects/pythonProject/USA-housing/venv/lib/python3.10/site-packages/airflow/example_dags/example_branch_operator.py
[2023-03-07T18:11:10.235+0530] {processor.py:743} INFO - Processing file /home/ris/PycharmProjects/pythonProject/USA-housing/venv/lib/python3.10/site-packages/airflow/example_dags/example_branch_operator.py for tasks to queue
[2023-03-07T18:11:10.235+0530] {logging_mixin.py:137} INFO - [2023-03-07T18:11:10.235+0530] {dagbag.py:538} INFO - Filling up the DagBag from /home/ris/PycharmProjects/pythonProject/USA-housing/venv/lib/python3.10/site-packages/airflow/example_dags/example_branch_operator.py
[2023-03-07T18:11:10.247+0530] {processor.py:753} INFO - DAG(s) dict_keys(['example_branch_operator']) retrieved from /home/ris/PycharmProjects/pythonProject/USA-housing/venv/lib/python3.10/site-packages/airflow/example_dags/example_branch_operator.py
[2023-03-07T18:11:10.266+0530] {logging_mixin.py:137} INFO - [2023-03-07T18:11:10.266+0530] {dag.py:2690} INFO - Sync 1 DAGs
[2023-03-07T18:11:10.283+0530] {logging_mixin.py:137} INFO - [2023-03-07T18:11:10.282+0530] {dag.py:3437} INFO - Setting next_dagrun for example_branch_operator to 2023-03-06T00:00:00+00:00, run_after=2023-03-07T00:00:00+00:00
[2023-03-07T18:11:10.302+0530] {processor.py:175} INFO - Processing /home/ris/PycharmProjects/pythonProject/USA-housing/venv/lib/python3.10/site-packages/airflow/example_dags/example_branch_operator.py took 0.072 seconds
[2023-03-07T18:12:06.260+0530] {processor.py:153} INFO - Started process (PID=7055) to work on /home/ris/PycharmProjects/pythonProject/USA-housing/venv/lib/python3.10/site-packages/airflow/example_dags/example_branch_operator.py
[2023-03-07T18:12:06.261+0530] {processor.py:743} INFO - Processing file /home/ris/PycharmProjects/pythonProject/USA-housing/venv/lib/python3.10/site-packages/airflow/example_dags/example_branch_operator.py for tasks to queue
[2023-03-07T18:12:06.263+0530] {logging_mixin.py:137} INFO - [2023-03-07T18:12:06.262+0530] {dagbag.py:538} INFO - Filling up the DagBag from /home/ris/PycharmProjects/pythonProject/USA-housing/venv/lib/python3.10/site-packages/airflow/example_dags/example_branch_operator.py
[2023-03-07T18:12:06.275+0530] {processor.py:753} INFO - DAG(s) dict_keys(['example_branch_operator']) retrieved from /home/ris/PycharmProjects/pythonProject/USA-housing/venv/lib/python3.10/site-packages/airflow/example_dags/example_branch_operator.py
[2023-03-07T18:12:06.293+0530] {logging_mixin.py:137} INFO - [2023-03-07T18:12:06.293+0530] {dag.py:2690} INFO - Sync 1 DAGs
[2023-03-07T18:12:06.313+0530] {logging_mixin.py:137} INFO - [2023-03-07T18:12:06.313+0530] {dag.py:3437} INFO - Setting next_dagrun for example_branch_operator to 2023-03-06T00:00:00+00:00, run_after=2023-03-07T00:00:00+00:00
[2023-03-07T18:12:06.333+0530] {processor.py:175} INFO - Processing /home/ris/PycharmProjects/pythonProject/USA-housing/venv/lib/python3.10/site-packages/airflow/example_dags/example_branch_operator.py took 0.076 seconds
[2023-03-07T18:12:55.542+0530] {processor.py:153} INFO - Started process (PID=7119) to work on /home/ris/PycharmProjects/pythonProject/USA-housing/venv/lib/python3.10/site-packages/airflow/example_dags/example_branch_operator.py
[2023-03-07T18:12:55.544+0530] {processor.py:743} INFO - Processing file /home/ris/PycharmProjects/pythonProject/USA-housing/venv/lib/python3.10/site-packages/airflow/example_dags/example_branch_operator.py for tasks to queue
[2023-03-07T18:12:55.544+0530] {logging_mixin.py:137} INFO - [2023-03-07T18:12:55.544+0530] {dagbag.py:538} INFO - Filling up the DagBag from /home/ris/PycharmProjects/pythonProject/USA-housing/venv/lib/python3.10/site-packages/airflow/example_dags/example_branch_operator.py
[2023-03-07T18:12:55.554+0530] {processor.py:753} INFO - DAG(s) dict_keys(['example_branch_operator']) retrieved from /home/ris/PycharmProjects/pythonProject/USA-housing/venv/lib/python3.10/site-packages/airflow/example_dags/example_branch_operator.py
[2023-03-07T18:12:55.571+0530] {logging_mixin.py:137} INFO - [2023-03-07T18:12:55.571+0530] {dag.py:2690} INFO - Sync 1 DAGs
[2023-03-07T18:12:55.588+0530] {logging_mixin.py:137} INFO - [2023-03-07T18:12:55.588+0530] {dag.py:3437} INFO - Setting next_dagrun for example_branch_operator to 2023-03-06T00:00:00+00:00, run_after=2023-03-07T00:00:00+00:00
[2023-03-07T18:12:55.610+0530] {processor.py:175} INFO - Processing /home/ris/PycharmProjects/pythonProject/USA-housing/venv/lib/python3.10/site-packages/airflow/example_dags/example_branch_operator.py took 0.071 seconds
[2023-03-07T18:13:43.261+0530] {processor.py:153} INFO - Started process (PID=7171) to work on /home/ris/PycharmProjects/pythonProject/USA-housing/venv/lib/python3.10/site-packages/airflow/example_dags/example_branch_operator.py
[2023-03-07T18:13:43.263+0530] {processor.py:743} INFO - Processing file /home/ris/PycharmProjects/pythonProject/USA-housing/venv/lib/python3.10/site-packages/airflow/example_dags/example_branch_operator.py for tasks to queue
[2023-03-07T18:13:43.264+0530] {logging_mixin.py:137} INFO - [2023-03-07T18:13:43.264+0530] {dagbag.py:538} INFO - Filling up the DagBag from /home/ris/PycharmProjects/pythonProject/USA-housing/venv/lib/python3.10/site-packages/airflow/example_dags/example_branch_operator.py
[2023-03-07T18:13:43.273+0530] {processor.py:753} INFO - DAG(s) dict_keys(['example_branch_operator']) retrieved from /home/ris/PycharmProjects/pythonProject/USA-housing/venv/lib/python3.10/site-packages/airflow/example_dags/example_branch_operator.py
[2023-03-07T18:13:43.295+0530] {logging_mixin.py:137} INFO - [2023-03-07T18:13:43.295+0530] {dag.py:2690} INFO - Sync 1 DAGs
[2023-03-07T18:13:43.314+0530] {logging_mixin.py:137} INFO - [2023-03-07T18:13:43.314+0530] {dag.py:3437} INFO - Setting next_dagrun for example_branch_operator to 2023-03-06T00:00:00+00:00, run_after=2023-03-07T00:00:00+00:00
[2023-03-07T18:13:43.333+0530] {processor.py:175} INFO - Processing /home/ris/PycharmProjects/pythonProject/USA-housing/venv/lib/python3.10/site-packages/airflow/example_dags/example_branch_operator.py took 0.076 seconds
[2023-03-07T18:14:29.080+0530] {processor.py:153} INFO - Started process (PID=7238) to work on /home/ris/PycharmProjects/pythonProject/USA-housing/venv/lib/python3.10/site-packages/airflow/example_dags/example_branch_operator.py
[2023-03-07T18:14:29.082+0530] {processor.py:743} INFO - Processing file /home/ris/PycharmProjects/pythonProject/USA-housing/venv/lib/python3.10/site-packages/airflow/example_dags/example_branch_operator.py for tasks to queue
[2023-03-07T18:14:29.083+0530] {logging_mixin.py:137} INFO - [2023-03-07T18:14:29.083+0530] {dagbag.py:538} INFO - Filling up the DagBag from /home/ris/PycharmProjects/pythonProject/USA-housing/venv/lib/python3.10/site-packages/airflow/example_dags/example_branch_operator.py
[2023-03-07T18:14:29.091+0530] {processor.py:753} INFO - DAG(s) dict_keys(['example_branch_operator']) retrieved from /home/ris/PycharmProjects/pythonProject/USA-housing/venv/lib/python3.10/site-packages/airflow/example_dags/example_branch_operator.py
[2023-03-07T18:14:29.113+0530] {logging_mixin.py:137} INFO - [2023-03-07T18:14:29.113+0530] {dag.py:2690} INFO - Sync 1 DAGs
[2023-03-07T18:14:29.131+0530] {logging_mixin.py:137} INFO - [2023-03-07T18:14:29.130+0530] {dag.py:3437} INFO - Setting next_dagrun for example_branch_operator to 2023-03-06T00:00:00+00:00, run_after=2023-03-07T00:00:00+00:00
[2023-03-07T18:14:29.149+0530] {processor.py:175} INFO - Processing /home/ris/PycharmProjects/pythonProject/USA-housing/venv/lib/python3.10/site-packages/airflow/example_dags/example_branch_operator.py took 0.071 seconds
[2023-03-07T18:15:16.619+0530] {processor.py:153} INFO - Started process (PID=7310) to work on /home/ris/PycharmProjects/pythonProject/USA-housing/venv/lib/python3.10/site-packages/airflow/example_dags/example_branch_operator.py
[2023-03-07T18:15:16.621+0530] {processor.py:743} INFO - Processing file /home/ris/PycharmProjects/pythonProject/USA-housing/venv/lib/python3.10/site-packages/airflow/example_dags/example_branch_operator.py for tasks to queue
[2023-03-07T18:15:16.621+0530] {logging_mixin.py:137} INFO - [2023-03-07T18:15:16.621+0530] {dagbag.py:538} INFO - Filling up the DagBag from /home/ris/PycharmProjects/pythonProject/USA-housing/venv/lib/python3.10/site-packages/airflow/example_dags/example_branch_operator.py
[2023-03-07T18:15:16.629+0530] {processor.py:753} INFO - DAG(s) dict_keys(['example_branch_operator']) retrieved from /home/ris/PycharmProjects/pythonProject/USA-housing/venv/lib/python3.10/site-packages/airflow/example_dags/example_branch_operator.py
[2023-03-07T18:15:16.647+0530] {logging_mixin.py:137} INFO - [2023-03-07T18:15:16.647+0530] {dag.py:2690} INFO - Sync 1 DAGs
[2023-03-07T18:15:16.665+0530] {logging_mixin.py:137} INFO - [2023-03-07T18:15:16.665+0530] {dag.py:3437} INFO - Setting next_dagrun for example_branch_operator to 2023-03-06T00:00:00+00:00, run_after=2023-03-07T00:00:00+00:00
[2023-03-07T18:15:16.696+0530] {processor.py:175} INFO - Processing /home/ris/PycharmProjects/pythonProject/USA-housing/venv/lib/python3.10/site-packages/airflow/example_dags/example_branch_operator.py took 0.081 seconds
[2023-03-07T18:16:06.854+0530] {processor.py:153} INFO - Started process (PID=7374) to work on /home/ris/PycharmProjects/pythonProject/USA-housing/venv/lib/python3.10/site-packages/airflow/example_dags/example_branch_operator.py
[2023-03-07T18:16:06.855+0530] {processor.py:743} INFO - Processing file /home/ris/PycharmProjects/pythonProject/USA-housing/venv/lib/python3.10/site-packages/airflow/example_dags/example_branch_operator.py for tasks to queue
[2023-03-07T18:16:06.856+0530] {logging_mixin.py:137} INFO - [2023-03-07T18:16:06.856+0530] {dagbag.py:538} INFO - Filling up the DagBag from /home/ris/PycharmProjects/pythonProject/USA-housing/venv/lib/python3.10/site-packages/airflow/example_dags/example_branch_operator.py
[2023-03-07T18:16:06.865+0530] {processor.py:753} INFO - DAG(s) dict_keys(['example_branch_operator']) retrieved from /home/ris/PycharmProjects/pythonProject/USA-housing/venv/lib/python3.10/site-packages/airflow/example_dags/example_branch_operator.py
[2023-03-07T18:16:06.882+0530] {logging_mixin.py:137} INFO - [2023-03-07T18:16:06.882+0530] {dag.py:2690} INFO - Sync 1 DAGs
[2023-03-07T18:16:06.900+0530] {logging_mixin.py:137} INFO - [2023-03-07T18:16:06.899+0530] {dag.py:3437} INFO - Setting next_dagrun for example_branch_operator to 2023-03-06T00:00:00+00:00, run_after=2023-03-07T00:00:00+00:00
[2023-03-07T18:16:06.919+0530] {processor.py:175} INFO - Processing /home/ris/PycharmProjects/pythonProject/USA-housing/venv/lib/python3.10/site-packages/airflow/example_dags/example_branch_operator.py took 0.068 seconds
[2023-03-07T18:16:50.713+0530] {processor.py:153} INFO - Started process (PID=7433) to work on /home/ris/PycharmProjects/pythonProject/USA-housing/venv/lib/python3.10/site-packages/airflow/example_dags/example_branch_operator.py
[2023-03-07T18:16:50.715+0530] {processor.py:743} INFO - Processing file /home/ris/PycharmProjects/pythonProject/USA-housing/venv/lib/python3.10/site-packages/airflow/example_dags/example_branch_operator.py for tasks to queue
[2023-03-07T18:16:50.715+0530] {logging_mixin.py:137} INFO - [2023-03-07T18:16:50.715+0530] {dagbag.py:538} INFO - Filling up the DagBag from /home/ris/PycharmProjects/pythonProject/USA-housing/venv/lib/python3.10/site-packages/airflow/example_dags/example_branch_operator.py
[2023-03-07T18:16:50.724+0530] {processor.py:753} INFO - DAG(s) dict_keys(['example_branch_operator']) retrieved from /home/ris/PycharmProjects/pythonProject/USA-housing/venv/lib/python3.10/site-packages/airflow/example_dags/example_branch_operator.py
[2023-03-07T18:16:50.743+0530] {logging_mixin.py:137} INFO - [2023-03-07T18:16:50.742+0530] {dag.py:2690} INFO - Sync 1 DAGs
[2023-03-07T18:16:50.766+0530] {logging_mixin.py:137} INFO - [2023-03-07T18:16:50.765+0530] {dag.py:3437} INFO - Setting next_dagrun for example_branch_operator to 2023-03-06T00:00:00+00:00, run_after=2023-03-07T00:00:00+00:00
[2023-03-07T18:16:50.786+0530] {processor.py:175} INFO - Processing /home/ris/PycharmProjects/pythonProject/USA-housing/venv/lib/python3.10/site-packages/airflow/example_dags/example_branch_operator.py took 0.076 seconds
[2023-03-07T18:17:39.682+0530] {processor.py:153} INFO - Started process (PID=7489) to work on /home/ris/PycharmProjects/pythonProject/USA-housing/venv/lib/python3.10/site-packages/airflow/example_dags/example_branch_operator.py
[2023-03-07T18:17:39.684+0530] {processor.py:743} INFO - Processing file /home/ris/PycharmProjects/pythonProject/USA-housing/venv/lib/python3.10/site-packages/airflow/example_dags/example_branch_operator.py for tasks to queue
[2023-03-07T18:17:39.684+0530] {logging_mixin.py:137} INFO - [2023-03-07T18:17:39.684+0530] {dagbag.py:538} INFO - Filling up the DagBag from /home/ris/PycharmProjects/pythonProject/USA-housing/venv/lib/python3.10/site-packages/airflow/example_dags/example_branch_operator.py
[2023-03-07T18:17:39.694+0530] {processor.py:753} INFO - DAG(s) dict_keys(['example_branch_operator']) retrieved from /home/ris/PycharmProjects/pythonProject/USA-housing/venv/lib/python3.10/site-packages/airflow/example_dags/example_branch_operator.py
[2023-03-07T18:17:39.716+0530] {logging_mixin.py:137} INFO - [2023-03-07T18:17:39.716+0530] {dag.py:2690} INFO - Sync 1 DAGs
[2023-03-07T18:17:39.739+0530] {logging_mixin.py:137} INFO - [2023-03-07T18:17:39.739+0530] {dag.py:3437} INFO - Setting next_dagrun for example_branch_operator to 2023-03-06T00:00:00+00:00, run_after=2023-03-07T00:00:00+00:00
[2023-03-07T18:17:39.763+0530] {processor.py:175} INFO - Processing /home/ris/PycharmProjects/pythonProject/USA-housing/venv/lib/python3.10/site-packages/airflow/example_dags/example_branch_operator.py took 0.083 seconds
[2023-03-07T18:18:33.080+0530] {processor.py:153} INFO - Started process (PID=7561) to work on /home/ris/PycharmProjects/pythonProject/USA-housing/venv/lib/python3.10/site-packages/airflow/example_dags/example_branch_operator.py
[2023-03-07T18:18:33.081+0530] {processor.py:743} INFO - Processing file /home/ris/PycharmProjects/pythonProject/USA-housing/venv/lib/python3.10/site-packages/airflow/example_dags/example_branch_operator.py for tasks to queue
[2023-03-07T18:18:33.082+0530] {logging_mixin.py:137} INFO - [2023-03-07T18:18:33.082+0530] {dagbag.py:538} INFO - Filling up the DagBag from /home/ris/PycharmProjects/pythonProject/USA-housing/venv/lib/python3.10/site-packages/airflow/example_dags/example_branch_operator.py
[2023-03-07T18:18:33.092+0530] {processor.py:753} INFO - DAG(s) dict_keys(['example_branch_operator']) retrieved from /home/ris/PycharmProjects/pythonProject/USA-housing/venv/lib/python3.10/site-packages/airflow/example_dags/example_branch_operator.py
[2023-03-07T18:18:33.110+0530] {logging_mixin.py:137} INFO - [2023-03-07T18:18:33.110+0530] {dag.py:2690} INFO - Sync 1 DAGs
[2023-03-07T18:18:33.127+0530] {logging_mixin.py:137} INFO - [2023-03-07T18:18:33.127+0530] {dag.py:3437} INFO - Setting next_dagrun for example_branch_operator to 2023-03-06T00:00:00+00:00, run_after=2023-03-07T00:00:00+00:00
[2023-03-07T18:18:33.146+0530] {processor.py:175} INFO - Processing /home/ris/PycharmProjects/pythonProject/USA-housing/venv/lib/python3.10/site-packages/airflow/example_dags/example_branch_operator.py took 0.068 seconds
[2023-03-07T18:19:16.326+0530] {processor.py:153} INFO - Started process (PID=7607) to work on /home/ris/PycharmProjects/pythonProject/USA-housing/venv/lib/python3.10/site-packages/airflow/example_dags/example_branch_operator.py
[2023-03-07T18:19:16.328+0530] {processor.py:743} INFO - Processing file /home/ris/PycharmProjects/pythonProject/USA-housing/venv/lib/python3.10/site-packages/airflow/example_dags/example_branch_operator.py for tasks to queue
[2023-03-07T18:19:16.330+0530] {logging_mixin.py:137} INFO - [2023-03-07T18:19:16.329+0530] {dagbag.py:538} INFO - Filling up the DagBag from /home/ris/PycharmProjects/pythonProject/USA-housing/venv/lib/python3.10/site-packages/airflow/example_dags/example_branch_operator.py
[2023-03-07T18:19:16.351+0530] {processor.py:753} INFO - DAG(s) dict_keys(['example_branch_operator']) retrieved from /home/ris/PycharmProjects/pythonProject/USA-housing/venv/lib/python3.10/site-packages/airflow/example_dags/example_branch_operator.py
[2023-03-07T18:19:16.382+0530] {logging_mixin.py:137} INFO - [2023-03-07T18:19:16.381+0530] {dag.py:2690} INFO - Sync 1 DAGs
[2023-03-07T18:19:16.397+0530] {logging_mixin.py:137} INFO - [2023-03-07T18:19:16.397+0530] {dag.py:3437} INFO - Setting next_dagrun for example_branch_operator to 2023-03-06T00:00:00+00:00, run_after=2023-03-07T00:00:00+00:00
[2023-03-07T18:19:16.424+0530] {processor.py:175} INFO - Processing /home/ris/PycharmProjects/pythonProject/USA-housing/venv/lib/python3.10/site-packages/airflow/example_dags/example_branch_operator.py took 0.102 seconds
[2023-03-07T18:20:12.132+0530] {processor.py:153} INFO - Started process (PID=7920) to work on /home/ris/PycharmProjects/pythonProject/USA-housing/venv/lib/python3.10/site-packages/airflow/example_dags/example_branch_operator.py
[2023-03-07T18:20:12.135+0530] {processor.py:743} INFO - Processing file /home/ris/PycharmProjects/pythonProject/USA-housing/venv/lib/python3.10/site-packages/airflow/example_dags/example_branch_operator.py for tasks to queue
[2023-03-07T18:20:12.137+0530] {logging_mixin.py:137} INFO - [2023-03-07T18:20:12.136+0530] {dagbag.py:538} INFO - Filling up the DagBag from /home/ris/PycharmProjects/pythonProject/USA-housing/venv/lib/python3.10/site-packages/airflow/example_dags/example_branch_operator.py
[2023-03-07T18:20:12.147+0530] {processor.py:753} INFO - DAG(s) dict_keys(['example_branch_operator']) retrieved from /home/ris/PycharmProjects/pythonProject/USA-housing/venv/lib/python3.10/site-packages/airflow/example_dags/example_branch_operator.py
[2023-03-07T18:20:12.165+0530] {logging_mixin.py:137} INFO - [2023-03-07T18:20:12.165+0530] {dag.py:2690} INFO - Sync 1 DAGs
[2023-03-07T18:20:12.182+0530] {logging_mixin.py:137} INFO - [2023-03-07T18:20:12.182+0530] {dag.py:3437} INFO - Setting next_dagrun for example_branch_operator to 2023-03-06T00:00:00+00:00, run_after=2023-03-07T00:00:00+00:00
[2023-03-07T18:20:12.204+0530] {processor.py:175} INFO - Processing /home/ris/PycharmProjects/pythonProject/USA-housing/venv/lib/python3.10/site-packages/airflow/example_dags/example_branch_operator.py took 0.077 seconds
[2023-03-07T18:20:56.031+0530] {processor.py:153} INFO - Started process (PID=7972) to work on /home/ris/PycharmProjects/pythonProject/USA-housing/venv/lib/python3.10/site-packages/airflow/example_dags/example_branch_operator.py
[2023-03-07T18:20:56.033+0530] {processor.py:743} INFO - Processing file /home/ris/PycharmProjects/pythonProject/USA-housing/venv/lib/python3.10/site-packages/airflow/example_dags/example_branch_operator.py for tasks to queue
[2023-03-07T18:20:56.033+0530] {logging_mixin.py:137} INFO - [2023-03-07T18:20:56.033+0530] {dagbag.py:538} INFO - Filling up the DagBag from /home/ris/PycharmProjects/pythonProject/USA-housing/venv/lib/python3.10/site-packages/airflow/example_dags/example_branch_operator.py
[2023-03-07T18:20:56.043+0530] {processor.py:753} INFO - DAG(s) dict_keys(['example_branch_operator']) retrieved from /home/ris/PycharmProjects/pythonProject/USA-housing/venv/lib/python3.10/site-packages/airflow/example_dags/example_branch_operator.py
[2023-03-07T18:20:56.062+0530] {logging_mixin.py:137} INFO - [2023-03-07T18:20:56.061+0530] {dag.py:2690} INFO - Sync 1 DAGs
[2023-03-07T18:20:56.080+0530] {logging_mixin.py:137} INFO - [2023-03-07T18:20:56.079+0530] {dag.py:3437} INFO - Setting next_dagrun for example_branch_operator to 2023-03-06T00:00:00+00:00, run_after=2023-03-07T00:00:00+00:00
[2023-03-07T18:20:56.101+0530] {processor.py:175} INFO - Processing /home/ris/PycharmProjects/pythonProject/USA-housing/venv/lib/python3.10/site-packages/airflow/example_dags/example_branch_operator.py took 0.074 seconds
[2023-03-07T18:21:46.683+0530] {processor.py:153} INFO - Started process (PID=8026) to work on /home/ris/PycharmProjects/pythonProject/USA-housing/venv/lib/python3.10/site-packages/airflow/example_dags/example_branch_operator.py
[2023-03-07T18:21:46.685+0530] {processor.py:743} INFO - Processing file /home/ris/PycharmProjects/pythonProject/USA-housing/venv/lib/python3.10/site-packages/airflow/example_dags/example_branch_operator.py for tasks to queue
[2023-03-07T18:21:46.685+0530] {logging_mixin.py:137} INFO - [2023-03-07T18:21:46.685+0530] {dagbag.py:538} INFO - Filling up the DagBag from /home/ris/PycharmProjects/pythonProject/USA-housing/venv/lib/python3.10/site-packages/airflow/example_dags/example_branch_operator.py
[2023-03-07T18:21:46.695+0530] {processor.py:753} INFO - DAG(s) dict_keys(['example_branch_operator']) retrieved from /home/ris/PycharmProjects/pythonProject/USA-housing/venv/lib/python3.10/site-packages/airflow/example_dags/example_branch_operator.py
[2023-03-07T18:21:46.713+0530] {logging_mixin.py:137} INFO - [2023-03-07T18:21:46.712+0530] {dag.py:2690} INFO - Sync 1 DAGs
[2023-03-07T18:21:46.731+0530] {logging_mixin.py:137} INFO - [2023-03-07T18:21:46.731+0530] {dag.py:3437} INFO - Setting next_dagrun for example_branch_operator to 2023-03-06T00:00:00+00:00, run_after=2023-03-07T00:00:00+00:00
[2023-03-07T18:21:46.753+0530] {processor.py:175} INFO - Processing /home/ris/PycharmProjects/pythonProject/USA-housing/venv/lib/python3.10/site-packages/airflow/example_dags/example_branch_operator.py took 0.073 seconds
[2023-03-07T18:22:36.580+0530] {processor.py:153} INFO - Started process (PID=8087) to work on /home/ris/PycharmProjects/pythonProject/USA-housing/venv/lib/python3.10/site-packages/airflow/example_dags/example_branch_operator.py
[2023-03-07T18:22:36.582+0530] {processor.py:743} INFO - Processing file /home/ris/PycharmProjects/pythonProject/USA-housing/venv/lib/python3.10/site-packages/airflow/example_dags/example_branch_operator.py for tasks to queue
[2023-03-07T18:22:36.583+0530] {logging_mixin.py:137} INFO - [2023-03-07T18:22:36.582+0530] {dagbag.py:538} INFO - Filling up the DagBag from /home/ris/PycharmProjects/pythonProject/USA-housing/venv/lib/python3.10/site-packages/airflow/example_dags/example_branch_operator.py
[2023-03-07T18:22:36.591+0530] {processor.py:753} INFO - DAG(s) dict_keys(['example_branch_operator']) retrieved from /home/ris/PycharmProjects/pythonProject/USA-housing/venv/lib/python3.10/site-packages/airflow/example_dags/example_branch_operator.py
[2023-03-07T18:22:36.609+0530] {logging_mixin.py:137} INFO - [2023-03-07T18:22:36.609+0530] {dag.py:2690} INFO - Sync 1 DAGs
[2023-03-07T18:22:36.628+0530] {logging_mixin.py:137} INFO - [2023-03-07T18:22:36.628+0530] {dag.py:3437} INFO - Setting next_dagrun for example_branch_operator to 2023-03-06T00:00:00+00:00, run_after=2023-03-07T00:00:00+00:00
[2023-03-07T18:22:36.648+0530] {processor.py:175} INFO - Processing /home/ris/PycharmProjects/pythonProject/USA-housing/venv/lib/python3.10/site-packages/airflow/example_dags/example_branch_operator.py took 0.070 seconds
[2023-03-07T18:23:26.185+0530] {processor.py:153} INFO - Started process (PID=8272) to work on /home/ris/PycharmProjects/pythonProject/USA-housing/venv/lib/python3.10/site-packages/airflow/example_dags/example_branch_operator.py
[2023-03-07T18:23:26.187+0530] {processor.py:743} INFO - Processing file /home/ris/PycharmProjects/pythonProject/USA-housing/venv/lib/python3.10/site-packages/airflow/example_dags/example_branch_operator.py for tasks to queue
[2023-03-07T18:23:26.188+0530] {logging_mixin.py:137} INFO - [2023-03-07T18:23:26.188+0530] {dagbag.py:538} INFO - Filling up the DagBag from /home/ris/PycharmProjects/pythonProject/USA-housing/venv/lib/python3.10/site-packages/airflow/example_dags/example_branch_operator.py
[2023-03-07T18:23:26.199+0530] {processor.py:753} INFO - DAG(s) dict_keys(['example_branch_operator']) retrieved from /home/ris/PycharmProjects/pythonProject/USA-housing/venv/lib/python3.10/site-packages/airflow/example_dags/example_branch_operator.py
[2023-03-07T18:23:26.221+0530] {logging_mixin.py:137} INFO - [2023-03-07T18:23:26.221+0530] {dag.py:2690} INFO - Sync 1 DAGs
[2023-03-07T18:23:26.241+0530] {logging_mixin.py:137} INFO - [2023-03-07T18:23:26.240+0530] {dag.py:3437} INFO - Setting next_dagrun for example_branch_operator to 2023-03-06T00:00:00+00:00, run_after=2023-03-07T00:00:00+00:00
[2023-03-07T18:23:26.263+0530] {processor.py:175} INFO - Processing /home/ris/PycharmProjects/pythonProject/USA-housing/venv/lib/python3.10/site-packages/airflow/example_dags/example_branch_operator.py took 0.082 seconds
[2023-03-07T18:24:10.595+0530] {processor.py:153} INFO - Started process (PID=8358) to work on /home/ris/PycharmProjects/pythonProject/USA-housing/venv/lib/python3.10/site-packages/airflow/example_dags/example_branch_operator.py
[2023-03-07T18:24:10.597+0530] {processor.py:743} INFO - Processing file /home/ris/PycharmProjects/pythonProject/USA-housing/venv/lib/python3.10/site-packages/airflow/example_dags/example_branch_operator.py for tasks to queue
[2023-03-07T18:24:10.598+0530] {logging_mixin.py:137} INFO - [2023-03-07T18:24:10.598+0530] {dagbag.py:538} INFO - Filling up the DagBag from /home/ris/PycharmProjects/pythonProject/USA-housing/venv/lib/python3.10/site-packages/airflow/example_dags/example_branch_operator.py
[2023-03-07T18:24:10.611+0530] {processor.py:753} INFO - DAG(s) dict_keys(['example_branch_operator']) retrieved from /home/ris/PycharmProjects/pythonProject/USA-housing/venv/lib/python3.10/site-packages/airflow/example_dags/example_branch_operator.py
[2023-03-07T18:24:10.649+0530] {logging_mixin.py:137} INFO - [2023-03-07T18:24:10.649+0530] {dag.py:2690} INFO - Sync 1 DAGs
[2023-03-07T18:24:10.672+0530] {logging_mixin.py:137} INFO - [2023-03-07T18:24:10.672+0530] {dag.py:3437} INFO - Setting next_dagrun for example_branch_operator to 2023-03-06T00:00:00+00:00, run_after=2023-03-07T00:00:00+00:00
[2023-03-07T18:24:10.697+0530] {processor.py:175} INFO - Processing /home/ris/PycharmProjects/pythonProject/USA-housing/venv/lib/python3.10/site-packages/airflow/example_dags/example_branch_operator.py took 0.105 seconds
[2023-03-07T18:24:56.343+0530] {processor.py:153} INFO - Started process (PID=8410) to work on /home/ris/PycharmProjects/pythonProject/USA-housing/venv/lib/python3.10/site-packages/airflow/example_dags/example_branch_operator.py
[2023-03-07T18:24:56.346+0530] {processor.py:743} INFO - Processing file /home/ris/PycharmProjects/pythonProject/USA-housing/venv/lib/python3.10/site-packages/airflow/example_dags/example_branch_operator.py for tasks to queue
[2023-03-07T18:24:56.348+0530] {logging_mixin.py:137} INFO - [2023-03-07T18:24:56.348+0530] {dagbag.py:538} INFO - Filling up the DagBag from /home/ris/PycharmProjects/pythonProject/USA-housing/venv/lib/python3.10/site-packages/airflow/example_dags/example_branch_operator.py
[2023-03-07T18:24:56.359+0530] {processor.py:753} INFO - DAG(s) dict_keys(['example_branch_operator']) retrieved from /home/ris/PycharmProjects/pythonProject/USA-housing/venv/lib/python3.10/site-packages/airflow/example_dags/example_branch_operator.py
[2023-03-07T18:24:56.383+0530] {logging_mixin.py:137} INFO - [2023-03-07T18:24:56.382+0530] {dag.py:2690} INFO - Sync 1 DAGs
[2023-03-07T18:24:56.405+0530] {logging_mixin.py:137} INFO - [2023-03-07T18:24:56.405+0530] {dag.py:3437} INFO - Setting next_dagrun for example_branch_operator to 2023-03-06T00:00:00+00:00, run_after=2023-03-07T00:00:00+00:00
[2023-03-07T18:24:56.432+0530] {processor.py:175} INFO - Processing /home/ris/PycharmProjects/pythonProject/USA-housing/venv/lib/python3.10/site-packages/airflow/example_dags/example_branch_operator.py took 0.093 seconds
[2023-03-07T18:25:42.242+0530] {processor.py:153} INFO - Started process (PID=8501) to work on /home/ris/PycharmProjects/pythonProject/USA-housing/venv/lib/python3.10/site-packages/airflow/example_dags/example_branch_operator.py
[2023-03-07T18:25:42.244+0530] {processor.py:743} INFO - Processing file /home/ris/PycharmProjects/pythonProject/USA-housing/venv/lib/python3.10/site-packages/airflow/example_dags/example_branch_operator.py for tasks to queue
[2023-03-07T18:25:42.246+0530] {logging_mixin.py:137} INFO - [2023-03-07T18:25:42.245+0530] {dagbag.py:538} INFO - Filling up the DagBag from /home/ris/PycharmProjects/pythonProject/USA-housing/venv/lib/python3.10/site-packages/airflow/example_dags/example_branch_operator.py
[2023-03-07T18:25:42.261+0530] {processor.py:753} INFO - DAG(s) dict_keys(['example_branch_operator']) retrieved from /home/ris/PycharmProjects/pythonProject/USA-housing/venv/lib/python3.10/site-packages/airflow/example_dags/example_branch_operator.py
[2023-03-07T18:25:42.292+0530] {logging_mixin.py:137} INFO - [2023-03-07T18:25:42.291+0530] {dag.py:2690} INFO - Sync 1 DAGs
[2023-03-07T18:25:42.322+0530] {logging_mixin.py:137} INFO - [2023-03-07T18:25:42.322+0530] {dag.py:3437} INFO - Setting next_dagrun for example_branch_operator to 2023-03-06T00:00:00+00:00, run_after=2023-03-07T00:00:00+00:00
[2023-03-07T18:25:42.356+0530] {processor.py:175} INFO - Processing /home/ris/PycharmProjects/pythonProject/USA-housing/venv/lib/python3.10/site-packages/airflow/example_dags/example_branch_operator.py took 0.118 seconds
[2023-03-07T18:26:27.809+0530] {processor.py:153} INFO - Started process (PID=8590) to work on /home/ris/PycharmProjects/pythonProject/USA-housing/venv/lib/python3.10/site-packages/airflow/example_dags/example_branch_operator.py
[2023-03-07T18:26:27.811+0530] {processor.py:743} INFO - Processing file /home/ris/PycharmProjects/pythonProject/USA-housing/venv/lib/python3.10/site-packages/airflow/example_dags/example_branch_operator.py for tasks to queue
[2023-03-07T18:26:27.812+0530] {logging_mixin.py:137} INFO - [2023-03-07T18:26:27.812+0530] {dagbag.py:538} INFO - Filling up the DagBag from /home/ris/PycharmProjects/pythonProject/USA-housing/venv/lib/python3.10/site-packages/airflow/example_dags/example_branch_operator.py
[2023-03-07T18:26:27.824+0530] {processor.py:753} INFO - DAG(s) dict_keys(['example_branch_operator']) retrieved from /home/ris/PycharmProjects/pythonProject/USA-housing/venv/lib/python3.10/site-packages/airflow/example_dags/example_branch_operator.py
[2023-03-07T18:26:27.846+0530] {logging_mixin.py:137} INFO - [2023-03-07T18:26:27.846+0530] {dag.py:2690} INFO - Sync 1 DAGs
[2023-03-07T18:26:27.872+0530] {logging_mixin.py:137} INFO - [2023-03-07T18:26:27.871+0530] {dag.py:3437} INFO - Setting next_dagrun for example_branch_operator to 2023-03-06T00:00:00+00:00, run_after=2023-03-07T00:00:00+00:00
[2023-03-07T18:26:27.912+0530] {processor.py:175} INFO - Processing /home/ris/PycharmProjects/pythonProject/USA-housing/venv/lib/python3.10/site-packages/airflow/example_dags/example_branch_operator.py took 0.104 seconds
[2023-03-07T18:27:22.483+0530] {processor.py:153} INFO - Started process (PID=8687) to work on /home/ris/PycharmProjects/pythonProject/USA-housing/venv/lib/python3.10/site-packages/airflow/example_dags/example_branch_operator.py
[2023-03-07T18:27:22.485+0530] {processor.py:743} INFO - Processing file /home/ris/PycharmProjects/pythonProject/USA-housing/venv/lib/python3.10/site-packages/airflow/example_dags/example_branch_operator.py for tasks to queue
[2023-03-07T18:27:22.486+0530] {logging_mixin.py:137} INFO - [2023-03-07T18:27:22.486+0530] {dagbag.py:538} INFO - Filling up the DagBag from /home/ris/PycharmProjects/pythonProject/USA-housing/venv/lib/python3.10/site-packages/airflow/example_dags/example_branch_operator.py
[2023-03-07T18:27:22.498+0530] {processor.py:753} INFO - DAG(s) dict_keys(['example_branch_operator']) retrieved from /home/ris/PycharmProjects/pythonProject/USA-housing/venv/lib/python3.10/site-packages/airflow/example_dags/example_branch_operator.py
[2023-03-07T18:27:22.522+0530] {logging_mixin.py:137} INFO - [2023-03-07T18:27:22.522+0530] {dag.py:2690} INFO - Sync 1 DAGs
[2023-03-07T18:27:22.543+0530] {logging_mixin.py:137} INFO - [2023-03-07T18:27:22.543+0530] {dag.py:3437} INFO - Setting next_dagrun for example_branch_operator to 2023-03-06T00:00:00+00:00, run_after=2023-03-07T00:00:00+00:00
[2023-03-07T18:27:22.566+0530] {processor.py:175} INFO - Processing /home/ris/PycharmProjects/pythonProject/USA-housing/venv/lib/python3.10/site-packages/airflow/example_dags/example_branch_operator.py took 0.086 seconds
[2023-03-07T18:28:06.832+0530] {processor.py:153} INFO - Started process (PID=8735) to work on /home/ris/PycharmProjects/pythonProject/USA-housing/venv/lib/python3.10/site-packages/airflow/example_dags/example_branch_operator.py
[2023-03-07T18:28:06.834+0530] {processor.py:743} INFO - Processing file /home/ris/PycharmProjects/pythonProject/USA-housing/venv/lib/python3.10/site-packages/airflow/example_dags/example_branch_operator.py for tasks to queue
[2023-03-07T18:28:06.835+0530] {logging_mixin.py:137} INFO - [2023-03-07T18:28:06.834+0530] {dagbag.py:538} INFO - Filling up the DagBag from /home/ris/PycharmProjects/pythonProject/USA-housing/venv/lib/python3.10/site-packages/airflow/example_dags/example_branch_operator.py
[2023-03-07T18:28:06.847+0530] {processor.py:753} INFO - DAG(s) dict_keys(['example_branch_operator']) retrieved from /home/ris/PycharmProjects/pythonProject/USA-housing/venv/lib/python3.10/site-packages/airflow/example_dags/example_branch_operator.py
[2023-03-07T18:28:06.868+0530] {logging_mixin.py:137} INFO - [2023-03-07T18:28:06.868+0530] {dag.py:2690} INFO - Sync 1 DAGs
[2023-03-07T18:28:06.890+0530] {logging_mixin.py:137} INFO - [2023-03-07T18:28:06.890+0530] {dag.py:3437} INFO - Setting next_dagrun for example_branch_operator to 2023-03-06T00:00:00+00:00, run_after=2023-03-07T00:00:00+00:00
[2023-03-07T18:28:06.925+0530] {processor.py:175} INFO - Processing /home/ris/PycharmProjects/pythonProject/USA-housing/venv/lib/python3.10/site-packages/airflow/example_dags/example_branch_operator.py took 0.097 seconds
[2023-03-07T18:28:50.878+0530] {processor.py:153} INFO - Started process (PID=8800) to work on /home/ris/PycharmProjects/pythonProject/USA-housing/venv/lib/python3.10/site-packages/airflow/example_dags/example_branch_operator.py
[2023-03-07T18:28:50.880+0530] {processor.py:743} INFO - Processing file /home/ris/PycharmProjects/pythonProject/USA-housing/venv/lib/python3.10/site-packages/airflow/example_dags/example_branch_operator.py for tasks to queue
[2023-03-07T18:28:50.881+0530] {logging_mixin.py:137} INFO - [2023-03-07T18:28:50.881+0530] {dagbag.py:538} INFO - Filling up the DagBag from /home/ris/PycharmProjects/pythonProject/USA-housing/venv/lib/python3.10/site-packages/airflow/example_dags/example_branch_operator.py
[2023-03-07T18:28:50.889+0530] {processor.py:753} INFO - DAG(s) dict_keys(['example_branch_operator']) retrieved from /home/ris/PycharmProjects/pythonProject/USA-housing/venv/lib/python3.10/site-packages/airflow/example_dags/example_branch_operator.py
[2023-03-07T18:28:50.907+0530] {logging_mixin.py:137} INFO - [2023-03-07T18:28:50.907+0530] {dag.py:2690} INFO - Sync 1 DAGs
[2023-03-07T18:28:50.926+0530] {logging_mixin.py:137} INFO - [2023-03-07T18:28:50.926+0530] {dag.py:3437} INFO - Setting next_dagrun for example_branch_operator to 2023-03-06T00:00:00+00:00, run_after=2023-03-07T00:00:00+00:00
[2023-03-07T18:28:50.946+0530] {processor.py:175} INFO - Processing /home/ris/PycharmProjects/pythonProject/USA-housing/venv/lib/python3.10/site-packages/airflow/example_dags/example_branch_operator.py took 0.070 seconds
[2023-03-07T18:29:38.035+0530] {processor.py:153} INFO - Started process (PID=8856) to work on /home/ris/PycharmProjects/pythonProject/USA-housing/venv/lib/python3.10/site-packages/airflow/example_dags/example_branch_operator.py
[2023-03-07T18:29:38.037+0530] {processor.py:743} INFO - Processing file /home/ris/PycharmProjects/pythonProject/USA-housing/venv/lib/python3.10/site-packages/airflow/example_dags/example_branch_operator.py for tasks to queue
[2023-03-07T18:29:38.038+0530] {logging_mixin.py:137} INFO - [2023-03-07T18:29:38.037+0530] {dagbag.py:538} INFO - Filling up the DagBag from /home/ris/PycharmProjects/pythonProject/USA-housing/venv/lib/python3.10/site-packages/airflow/example_dags/example_branch_operator.py
[2023-03-07T18:29:38.046+0530] {processor.py:753} INFO - DAG(s) dict_keys(['example_branch_operator']) retrieved from /home/ris/PycharmProjects/pythonProject/USA-housing/venv/lib/python3.10/site-packages/airflow/example_dags/example_branch_operator.py
[2023-03-07T18:29:38.063+0530] {logging_mixin.py:137} INFO - [2023-03-07T18:29:38.062+0530] {dag.py:2690} INFO - Sync 1 DAGs
[2023-03-07T18:29:38.080+0530] {logging_mixin.py:137} INFO - [2023-03-07T18:29:38.080+0530] {dag.py:3437} INFO - Setting next_dagrun for example_branch_operator to 2023-03-06T00:00:00+00:00, run_after=2023-03-07T00:00:00+00:00
[2023-03-07T18:29:38.099+0530] {processor.py:175} INFO - Processing /home/ris/PycharmProjects/pythonProject/USA-housing/venv/lib/python3.10/site-packages/airflow/example_dags/example_branch_operator.py took 0.069 seconds
[2023-03-07T18:30:27.043+0530] {processor.py:153} INFO - Started process (PID=8919) to work on /home/ris/PycharmProjects/pythonProject/USA-housing/venv/lib/python3.10/site-packages/airflow/example_dags/example_branch_operator.py
[2023-03-07T18:30:27.044+0530] {processor.py:743} INFO - Processing file /home/ris/PycharmProjects/pythonProject/USA-housing/venv/lib/python3.10/site-packages/airflow/example_dags/example_branch_operator.py for tasks to queue
[2023-03-07T18:30:27.044+0530] {logging_mixin.py:137} INFO - [2023-03-07T18:30:27.044+0530] {dagbag.py:538} INFO - Filling up the DagBag from /home/ris/PycharmProjects/pythonProject/USA-housing/venv/lib/python3.10/site-packages/airflow/example_dags/example_branch_operator.py
[2023-03-07T18:30:27.055+0530] {processor.py:753} INFO - DAG(s) dict_keys(['example_branch_operator']) retrieved from /home/ris/PycharmProjects/pythonProject/USA-housing/venv/lib/python3.10/site-packages/airflow/example_dags/example_branch_operator.py
[2023-03-07T18:30:27.073+0530] {logging_mixin.py:137} INFO - [2023-03-07T18:30:27.073+0530] {dag.py:2690} INFO - Sync 1 DAGs
[2023-03-07T18:30:27.091+0530] {logging_mixin.py:137} INFO - [2023-03-07T18:30:27.091+0530] {dag.py:3437} INFO - Setting next_dagrun for example_branch_operator to 2023-03-06T00:00:00+00:00, run_after=2023-03-07T00:00:00+00:00
[2023-03-07T18:30:27.112+0530] {processor.py:175} INFO - Processing /home/ris/PycharmProjects/pythonProject/USA-housing/venv/lib/python3.10/site-packages/airflow/example_dags/example_branch_operator.py took 0.072 seconds
[2023-03-07T18:31:19.774+0530] {processor.py:153} INFO - Started process (PID=9012) to work on /home/ris/PycharmProjects/pythonProject/USA-housing/venv/lib/python3.10/site-packages/airflow/example_dags/example_branch_operator.py
[2023-03-07T18:31:19.776+0530] {processor.py:743} INFO - Processing file /home/ris/PycharmProjects/pythonProject/USA-housing/venv/lib/python3.10/site-packages/airflow/example_dags/example_branch_operator.py for tasks to queue
[2023-03-07T18:31:19.776+0530] {logging_mixin.py:137} INFO - [2023-03-07T18:31:19.776+0530] {dagbag.py:538} INFO - Filling up the DagBag from /home/ris/PycharmProjects/pythonProject/USA-housing/venv/lib/python3.10/site-packages/airflow/example_dags/example_branch_operator.py
[2023-03-07T18:31:19.785+0530] {processor.py:753} INFO - DAG(s) dict_keys(['example_branch_operator']) retrieved from /home/ris/PycharmProjects/pythonProject/USA-housing/venv/lib/python3.10/site-packages/airflow/example_dags/example_branch_operator.py
[2023-03-07T18:31:19.804+0530] {logging_mixin.py:137} INFO - [2023-03-07T18:31:19.804+0530] {dag.py:2690} INFO - Sync 1 DAGs
[2023-03-07T18:31:19.823+0530] {logging_mixin.py:137} INFO - [2023-03-07T18:31:19.823+0530] {dag.py:3437} INFO - Setting next_dagrun for example_branch_operator to 2023-03-06T00:00:00+00:00, run_after=2023-03-07T00:00:00+00:00
[2023-03-07T18:31:19.842+0530] {processor.py:175} INFO - Processing /home/ris/PycharmProjects/pythonProject/USA-housing/venv/lib/python3.10/site-packages/airflow/example_dags/example_branch_operator.py took 0.070 seconds
[2023-03-07T18:32:10.559+0530] {processor.py:153} INFO - Started process (PID=9100) to work on /home/ris/PycharmProjects/pythonProject/USA-housing/venv/lib/python3.10/site-packages/airflow/example_dags/example_branch_operator.py
[2023-03-07T18:32:10.561+0530] {processor.py:743} INFO - Processing file /home/ris/PycharmProjects/pythonProject/USA-housing/venv/lib/python3.10/site-packages/airflow/example_dags/example_branch_operator.py for tasks to queue
[2023-03-07T18:32:10.562+0530] {logging_mixin.py:137} INFO - [2023-03-07T18:32:10.562+0530] {dagbag.py:538} INFO - Filling up the DagBag from /home/ris/PycharmProjects/pythonProject/USA-housing/venv/lib/python3.10/site-packages/airflow/example_dags/example_branch_operator.py
[2023-03-07T18:32:10.571+0530] {processor.py:753} INFO - DAG(s) dict_keys(['example_branch_operator']) retrieved from /home/ris/PycharmProjects/pythonProject/USA-housing/venv/lib/python3.10/site-packages/airflow/example_dags/example_branch_operator.py
[2023-03-07T18:32:10.591+0530] {logging_mixin.py:137} INFO - [2023-03-07T18:32:10.591+0530] {dag.py:2690} INFO - Sync 1 DAGs
[2023-03-07T18:32:10.608+0530] {logging_mixin.py:137} INFO - [2023-03-07T18:32:10.608+0530] {dag.py:3437} INFO - Setting next_dagrun for example_branch_operator to 2023-03-06T00:00:00+00:00, run_after=2023-03-07T00:00:00+00:00
[2023-03-07T18:32:10.628+0530] {processor.py:175} INFO - Processing /home/ris/PycharmProjects/pythonProject/USA-housing/venv/lib/python3.10/site-packages/airflow/example_dags/example_branch_operator.py took 0.072 seconds
[2023-03-07T18:32:57.320+0530] {processor.py:153} INFO - Started process (PID=9154) to work on /home/ris/PycharmProjects/pythonProject/USA-housing/venv/lib/python3.10/site-packages/airflow/example_dags/example_branch_operator.py
[2023-03-07T18:32:57.321+0530] {processor.py:743} INFO - Processing file /home/ris/PycharmProjects/pythonProject/USA-housing/venv/lib/python3.10/site-packages/airflow/example_dags/example_branch_operator.py for tasks to queue
[2023-03-07T18:32:57.322+0530] {logging_mixin.py:137} INFO - [2023-03-07T18:32:57.322+0530] {dagbag.py:538} INFO - Filling up the DagBag from /home/ris/PycharmProjects/pythonProject/USA-housing/venv/lib/python3.10/site-packages/airflow/example_dags/example_branch_operator.py
[2023-03-07T18:32:57.332+0530] {processor.py:753} INFO - DAG(s) dict_keys(['example_branch_operator']) retrieved from /home/ris/PycharmProjects/pythonProject/USA-housing/venv/lib/python3.10/site-packages/airflow/example_dags/example_branch_operator.py
[2023-03-07T18:32:57.353+0530] {logging_mixin.py:137} INFO - [2023-03-07T18:32:57.352+0530] {dag.py:2690} INFO - Sync 1 DAGs
[2023-03-07T18:32:57.373+0530] {logging_mixin.py:137} INFO - [2023-03-07T18:32:57.373+0530] {dag.py:3437} INFO - Setting next_dagrun for example_branch_operator to 2023-03-06T00:00:00+00:00, run_after=2023-03-07T00:00:00+00:00
[2023-03-07T18:32:57.395+0530] {processor.py:175} INFO - Processing /home/ris/PycharmProjects/pythonProject/USA-housing/venv/lib/python3.10/site-packages/airflow/example_dags/example_branch_operator.py took 0.078 seconds
[2023-03-07T18:33:48.720+0530] {processor.py:153} INFO - Started process (PID=9209) to work on /home/ris/PycharmProjects/pythonProject/USA-housing/venv/lib/python3.10/site-packages/airflow/example_dags/example_branch_operator.py
[2023-03-07T18:33:48.722+0530] {processor.py:743} INFO - Processing file /home/ris/PycharmProjects/pythonProject/USA-housing/venv/lib/python3.10/site-packages/airflow/example_dags/example_branch_operator.py for tasks to queue
[2023-03-07T18:33:48.723+0530] {logging_mixin.py:137} INFO - [2023-03-07T18:33:48.723+0530] {dagbag.py:538} INFO - Filling up the DagBag from /home/ris/PycharmProjects/pythonProject/USA-housing/venv/lib/python3.10/site-packages/airflow/example_dags/example_branch_operator.py
[2023-03-07T18:33:48.732+0530] {processor.py:753} INFO - DAG(s) dict_keys(['example_branch_operator']) retrieved from /home/ris/PycharmProjects/pythonProject/USA-housing/venv/lib/python3.10/site-packages/airflow/example_dags/example_branch_operator.py
[2023-03-07T18:33:48.751+0530] {logging_mixin.py:137} INFO - [2023-03-07T18:33:48.750+0530] {dag.py:2690} INFO - Sync 1 DAGs
[2023-03-07T18:33:48.768+0530] {logging_mixin.py:137} INFO - [2023-03-07T18:33:48.768+0530] {dag.py:3437} INFO - Setting next_dagrun for example_branch_operator to 2023-03-06T00:00:00+00:00, run_after=2023-03-07T00:00:00+00:00
[2023-03-07T18:33:48.789+0530] {processor.py:175} INFO - Processing /home/ris/PycharmProjects/pythonProject/USA-housing/venv/lib/python3.10/site-packages/airflow/example_dags/example_branch_operator.py took 0.071 seconds
[2023-03-07T18:34:31.822+0530] {processor.py:153} INFO - Started process (PID=9261) to work on /home/ris/PycharmProjects/pythonProject/USA-housing/venv/lib/python3.10/site-packages/airflow/example_dags/example_branch_operator.py
[2023-03-07T18:34:31.824+0530] {processor.py:743} INFO - Processing file /home/ris/PycharmProjects/pythonProject/USA-housing/venv/lib/python3.10/site-packages/airflow/example_dags/example_branch_operator.py for tasks to queue
[2023-03-07T18:34:31.824+0530] {logging_mixin.py:137} INFO - [2023-03-07T18:34:31.824+0530] {dagbag.py:538} INFO - Filling up the DagBag from /home/ris/PycharmProjects/pythonProject/USA-housing/venv/lib/python3.10/site-packages/airflow/example_dags/example_branch_operator.py
[2023-03-07T18:34:31.833+0530] {processor.py:753} INFO - DAG(s) dict_keys(['example_branch_operator']) retrieved from /home/ris/PycharmProjects/pythonProject/USA-housing/venv/lib/python3.10/site-packages/airflow/example_dags/example_branch_operator.py
[2023-03-07T18:34:31.852+0530] {logging_mixin.py:137} INFO - [2023-03-07T18:34:31.852+0530] {dag.py:2690} INFO - Sync 1 DAGs
[2023-03-07T18:34:31.870+0530] {logging_mixin.py:137} INFO - [2023-03-07T18:34:31.870+0530] {dag.py:3437} INFO - Setting next_dagrun for example_branch_operator to 2023-03-06T00:00:00+00:00, run_after=2023-03-07T00:00:00+00:00
[2023-03-07T18:34:31.891+0530] {processor.py:175} INFO - Processing /home/ris/PycharmProjects/pythonProject/USA-housing/venv/lib/python3.10/site-packages/airflow/example_dags/example_branch_operator.py took 0.072 seconds
[2023-03-07T18:35:19.779+0530] {processor.py:153} INFO - Started process (PID=9335) to work on /home/ris/PycharmProjects/pythonProject/USA-housing/venv/lib/python3.10/site-packages/airflow/example_dags/example_branch_operator.py
[2023-03-07T18:35:19.781+0530] {processor.py:743} INFO - Processing file /home/ris/PycharmProjects/pythonProject/USA-housing/venv/lib/python3.10/site-packages/airflow/example_dags/example_branch_operator.py for tasks to queue
[2023-03-07T18:35:19.782+0530] {logging_mixin.py:137} INFO - [2023-03-07T18:35:19.782+0530] {dagbag.py:538} INFO - Filling up the DagBag from /home/ris/PycharmProjects/pythonProject/USA-housing/venv/lib/python3.10/site-packages/airflow/example_dags/example_branch_operator.py
[2023-03-07T18:35:19.790+0530] {processor.py:753} INFO - DAG(s) dict_keys(['example_branch_operator']) retrieved from /home/ris/PycharmProjects/pythonProject/USA-housing/venv/lib/python3.10/site-packages/airflow/example_dags/example_branch_operator.py
[2023-03-07T18:35:19.808+0530] {logging_mixin.py:137} INFO - [2023-03-07T18:35:19.807+0530] {dag.py:2690} INFO - Sync 1 DAGs
[2023-03-07T18:35:19.825+0530] {logging_mixin.py:137} INFO - [2023-03-07T18:35:19.825+0530] {dag.py:3437} INFO - Setting next_dagrun for example_branch_operator to 2023-03-06T00:00:00+00:00, run_after=2023-03-07T00:00:00+00:00
[2023-03-07T18:35:19.844+0530] {processor.py:175} INFO - Processing /home/ris/PycharmProjects/pythonProject/USA-housing/venv/lib/python3.10/site-packages/airflow/example_dags/example_branch_operator.py took 0.068 seconds
[2023-03-07T18:36:11.132+0530] {processor.py:153} INFO - Started process (PID=9392) to work on /home/ris/PycharmProjects/pythonProject/USA-housing/venv/lib/python3.10/site-packages/airflow/example_dags/example_branch_operator.py
[2023-03-07T18:36:11.134+0530] {processor.py:743} INFO - Processing file /home/ris/PycharmProjects/pythonProject/USA-housing/venv/lib/python3.10/site-packages/airflow/example_dags/example_branch_operator.py for tasks to queue
[2023-03-07T18:36:11.135+0530] {logging_mixin.py:137} INFO - [2023-03-07T18:36:11.134+0530] {dagbag.py:538} INFO - Filling up the DagBag from /home/ris/PycharmProjects/pythonProject/USA-housing/venv/lib/python3.10/site-packages/airflow/example_dags/example_branch_operator.py
[2023-03-07T18:36:11.143+0530] {processor.py:753} INFO - DAG(s) dict_keys(['example_branch_operator']) retrieved from /home/ris/PycharmProjects/pythonProject/USA-housing/venv/lib/python3.10/site-packages/airflow/example_dags/example_branch_operator.py
[2023-03-07T18:36:11.159+0530] {logging_mixin.py:137} INFO - [2023-03-07T18:36:11.159+0530] {dag.py:2690} INFO - Sync 1 DAGs
[2023-03-07T18:36:11.176+0530] {logging_mixin.py:137} INFO - [2023-03-07T18:36:11.176+0530] {dag.py:3437} INFO - Setting next_dagrun for example_branch_operator to 2023-03-06T00:00:00+00:00, run_after=2023-03-07T00:00:00+00:00
[2023-03-07T18:36:11.196+0530] {processor.py:175} INFO - Processing /home/ris/PycharmProjects/pythonProject/USA-housing/venv/lib/python3.10/site-packages/airflow/example_dags/example_branch_operator.py took 0.066 seconds
[2023-03-07T18:37:00.751+0530] {processor.py:153} INFO - Started process (PID=9457) to work on /home/ris/PycharmProjects/pythonProject/USA-housing/venv/lib/python3.10/site-packages/airflow/example_dags/example_branch_operator.py
[2023-03-07T18:37:00.753+0530] {processor.py:743} INFO - Processing file /home/ris/PycharmProjects/pythonProject/USA-housing/venv/lib/python3.10/site-packages/airflow/example_dags/example_branch_operator.py for tasks to queue
[2023-03-07T18:37:00.753+0530] {logging_mixin.py:137} INFO - [2023-03-07T18:37:00.753+0530] {dagbag.py:538} INFO - Filling up the DagBag from /home/ris/PycharmProjects/pythonProject/USA-housing/venv/lib/python3.10/site-packages/airflow/example_dags/example_branch_operator.py
[2023-03-07T18:37:00.762+0530] {processor.py:753} INFO - DAG(s) dict_keys(['example_branch_operator']) retrieved from /home/ris/PycharmProjects/pythonProject/USA-housing/venv/lib/python3.10/site-packages/airflow/example_dags/example_branch_operator.py
[2023-03-07T18:37:00.780+0530] {logging_mixin.py:137} INFO - [2023-03-07T18:37:00.780+0530] {dag.py:2690} INFO - Sync 1 DAGs
[2023-03-07T18:37:00.797+0530] {logging_mixin.py:137} INFO - [2023-03-07T18:37:00.797+0530] {dag.py:3437} INFO - Setting next_dagrun for example_branch_operator to 2023-03-06T00:00:00+00:00, run_after=2023-03-07T00:00:00+00:00
[2023-03-07T18:37:00.815+0530] {processor.py:175} INFO - Processing /home/ris/PycharmProjects/pythonProject/USA-housing/venv/lib/python3.10/site-packages/airflow/example_dags/example_branch_operator.py took 0.067 seconds
[2023-03-07T18:37:52.612+0530] {processor.py:153} INFO - Started process (PID=9546) to work on /home/ris/PycharmProjects/pythonProject/USA-housing/venv/lib/python3.10/site-packages/airflow/example_dags/example_branch_operator.py
[2023-03-07T18:37:52.613+0530] {processor.py:743} INFO - Processing file /home/ris/PycharmProjects/pythonProject/USA-housing/venv/lib/python3.10/site-packages/airflow/example_dags/example_branch_operator.py for tasks to queue
[2023-03-07T18:37:52.614+0530] {logging_mixin.py:137} INFO - [2023-03-07T18:37:52.614+0530] {dagbag.py:538} INFO - Filling up the DagBag from /home/ris/PycharmProjects/pythonProject/USA-housing/venv/lib/python3.10/site-packages/airflow/example_dags/example_branch_operator.py
[2023-03-07T18:37:52.622+0530] {processor.py:753} INFO - DAG(s) dict_keys(['example_branch_operator']) retrieved from /home/ris/PycharmProjects/pythonProject/USA-housing/venv/lib/python3.10/site-packages/airflow/example_dags/example_branch_operator.py
[2023-03-07T18:37:52.638+0530] {logging_mixin.py:137} INFO - [2023-03-07T18:37:52.637+0530] {dag.py:2690} INFO - Sync 1 DAGs
[2023-03-07T18:37:52.653+0530] {logging_mixin.py:137} INFO - [2023-03-07T18:37:52.653+0530] {dag.py:3437} INFO - Setting next_dagrun for example_branch_operator to 2023-03-06T00:00:00+00:00, run_after=2023-03-07T00:00:00+00:00
[2023-03-07T18:37:52.671+0530] {processor.py:175} INFO - Processing /home/ris/PycharmProjects/pythonProject/USA-housing/venv/lib/python3.10/site-packages/airflow/example_dags/example_branch_operator.py took 0.062 seconds
[2023-03-07T18:38:42.793+0530] {processor.py:153} INFO - Started process (PID=9629) to work on /home/ris/PycharmProjects/pythonProject/USA-housing/venv/lib/python3.10/site-packages/airflow/example_dags/example_branch_operator.py
[2023-03-07T18:38:42.795+0530] {processor.py:743} INFO - Processing file /home/ris/PycharmProjects/pythonProject/USA-housing/venv/lib/python3.10/site-packages/airflow/example_dags/example_branch_operator.py for tasks to queue
[2023-03-07T18:38:42.797+0530] {logging_mixin.py:137} INFO - [2023-03-07T18:38:42.796+0530] {dagbag.py:538} INFO - Filling up the DagBag from /home/ris/PycharmProjects/pythonProject/USA-housing/venv/lib/python3.10/site-packages/airflow/example_dags/example_branch_operator.py
[2023-03-07T18:38:42.815+0530] {processor.py:753} INFO - DAG(s) dict_keys(['example_branch_operator']) retrieved from /home/ris/PycharmProjects/pythonProject/USA-housing/venv/lib/python3.10/site-packages/airflow/example_dags/example_branch_operator.py
[2023-03-07T18:38:42.841+0530] {logging_mixin.py:137} INFO - [2023-03-07T18:38:42.841+0530] {dag.py:2690} INFO - Sync 1 DAGs
[2023-03-07T18:38:42.856+0530] {logging_mixin.py:137} INFO - [2023-03-07T18:38:42.856+0530] {dag.py:3437} INFO - Setting next_dagrun for example_branch_operator to 2023-03-06T00:00:00+00:00, run_after=2023-03-07T00:00:00+00:00
[2023-03-07T18:38:42.874+0530] {processor.py:175} INFO - Processing /home/ris/PycharmProjects/pythonProject/USA-housing/venv/lib/python3.10/site-packages/airflow/example_dags/example_branch_operator.py took 0.085 seconds
[2023-03-07T18:39:37.401+0530] {processor.py:153} INFO - Started process (PID=9692) to work on /home/ris/PycharmProjects/pythonProject/USA-housing/venv/lib/python3.10/site-packages/airflow/example_dags/example_branch_operator.py
[2023-03-07T18:39:37.403+0530] {processor.py:743} INFO - Processing file /home/ris/PycharmProjects/pythonProject/USA-housing/venv/lib/python3.10/site-packages/airflow/example_dags/example_branch_operator.py for tasks to queue
[2023-03-07T18:39:37.404+0530] {logging_mixin.py:137} INFO - [2023-03-07T18:39:37.404+0530] {dagbag.py:538} INFO - Filling up the DagBag from /home/ris/PycharmProjects/pythonProject/USA-housing/venv/lib/python3.10/site-packages/airflow/example_dags/example_branch_operator.py
[2023-03-07T18:39:37.422+0530] {processor.py:753} INFO - DAG(s) dict_keys(['example_branch_operator']) retrieved from /home/ris/PycharmProjects/pythonProject/USA-housing/venv/lib/python3.10/site-packages/airflow/example_dags/example_branch_operator.py
[2023-03-07T18:39:37.449+0530] {logging_mixin.py:137} INFO - [2023-03-07T18:39:37.448+0530] {dag.py:2690} INFO - Sync 1 DAGs
[2023-03-07T18:39:37.464+0530] {logging_mixin.py:137} INFO - [2023-03-07T18:39:37.464+0530] {dag.py:3437} INFO - Setting next_dagrun for example_branch_operator to 2023-03-06T00:00:00+00:00, run_after=2023-03-07T00:00:00+00:00
[2023-03-07T18:39:37.480+0530] {processor.py:175} INFO - Processing /home/ris/PycharmProjects/pythonProject/USA-housing/venv/lib/python3.10/site-packages/airflow/example_dags/example_branch_operator.py took 0.084 seconds
[2023-03-07T18:40:20.932+0530] {processor.py:153} INFO - Started process (PID=9738) to work on /home/ris/PycharmProjects/pythonProject/USA-housing/venv/lib/python3.10/site-packages/airflow/example_dags/example_branch_operator.py
[2023-03-07T18:40:20.934+0530] {processor.py:743} INFO - Processing file /home/ris/PycharmProjects/pythonProject/USA-housing/venv/lib/python3.10/site-packages/airflow/example_dags/example_branch_operator.py for tasks to queue
[2023-03-07T18:40:20.935+0530] {logging_mixin.py:137} INFO - [2023-03-07T18:40:20.935+0530] {dagbag.py:538} INFO - Filling up the DagBag from /home/ris/PycharmProjects/pythonProject/USA-housing/venv/lib/python3.10/site-packages/airflow/example_dags/example_branch_operator.py
[2023-03-07T18:40:20.953+0530] {processor.py:753} INFO - DAG(s) dict_keys(['example_branch_operator']) retrieved from /home/ris/PycharmProjects/pythonProject/USA-housing/venv/lib/python3.10/site-packages/airflow/example_dags/example_branch_operator.py
[2023-03-07T18:40:20.980+0530] {logging_mixin.py:137} INFO - [2023-03-07T18:40:20.980+0530] {dag.py:2690} INFO - Sync 1 DAGs
[2023-03-07T18:40:20.995+0530] {logging_mixin.py:137} INFO - [2023-03-07T18:40:20.995+0530] {dag.py:3437} INFO - Setting next_dagrun for example_branch_operator to 2023-03-06T00:00:00+00:00, run_after=2023-03-07T00:00:00+00:00
[2023-03-07T18:40:21.012+0530] {processor.py:175} INFO - Processing /home/ris/PycharmProjects/pythonProject/USA-housing/venv/lib/python3.10/site-packages/airflow/example_dags/example_branch_operator.py took 0.085 seconds
