[2023-03-07T16:11:08.779+0530] {processor.py:153} INFO - Started process (PID=14997) to work on /home/ris/PycharmProjects/pythonProject/USA-housing/venv/lib/python3.10/site-packages/airflow/example_dags/example_branch_operator_decorator.py
[2023-03-07T16:11:08.781+0530] {processor.py:743} INFO - Processing file /home/ris/PycharmProjects/pythonProject/USA-housing/venv/lib/python3.10/site-packages/airflow/example_dags/example_branch_operator_decorator.py for tasks to queue
[2023-03-07T16:11:08.782+0530] {logging_mixin.py:137} INFO - [2023-03-07T16:11:08.782+0530] {dagbag.py:538} INFO - Filling up the DagBag from /home/ris/PycharmProjects/pythonProject/USA-housing/venv/lib/python3.10/site-packages/airflow/example_dags/example_branch_operator_decorator.py
[2023-03-07T16:11:08.833+0530] {processor.py:753} INFO - DAG(s) dict_keys(['example_branch_python_operator_decorator']) retrieved from /home/ris/PycharmProjects/pythonProject/USA-housing/venv/lib/python3.10/site-packages/airflow/example_dags/example_branch_operator_decorator.py
[2023-03-07T16:11:08.862+0530] {logging_mixin.py:137} INFO - [2023-03-07T16:11:08.862+0530] {dag.py:2690} INFO - Sync 1 DAGs
[2023-03-07T16:11:08.895+0530] {logging_mixin.py:137} INFO - [2023-03-07T16:11:08.895+0530] {dag.py:3437} INFO - Setting next_dagrun for example_branch_python_operator_decorator to 2023-03-06T00:00:00+00:00, run_after=2023-03-07T00:00:00+00:00
[2023-03-07T16:11:08.930+0530] {processor.py:175} INFO - Processing /home/ris/PycharmProjects/pythonProject/USA-housing/venv/lib/python3.10/site-packages/airflow/example_dags/example_branch_operator_decorator.py took 0.156 seconds
[2023-03-07T17:38:21.512+0530] {processor.py:153} INFO - Started process (PID=5739) to work on /home/ris/PycharmProjects/pythonProject/USA-housing/venv/lib/python3.10/site-packages/airflow/example_dags/example_branch_operator_decorator.py
[2023-03-07T17:38:21.515+0530] {processor.py:743} INFO - Processing file /home/ris/PycharmProjects/pythonProject/USA-housing/venv/lib/python3.10/site-packages/airflow/example_dags/example_branch_operator_decorator.py for tasks to queue
[2023-03-07T17:38:21.516+0530] {logging_mixin.py:137} INFO - [2023-03-07T17:38:21.516+0530] {dagbag.py:538} INFO - Filling up the DagBag from /home/ris/PycharmProjects/pythonProject/USA-housing/venv/lib/python3.10/site-packages/airflow/example_dags/example_branch_operator_decorator.py
[2023-03-07T17:38:21.557+0530] {processor.py:753} INFO - DAG(s) dict_keys(['example_branch_python_operator_decorator']) retrieved from /home/ris/PycharmProjects/pythonProject/USA-housing/venv/lib/python3.10/site-packages/airflow/example_dags/example_branch_operator_decorator.py
[2023-03-07T17:38:21.586+0530] {logging_mixin.py:137} INFO - [2023-03-07T17:38:21.586+0530] {dag.py:2690} INFO - Sync 1 DAGs
[2023-03-07T17:38:21.615+0530] {logging_mixin.py:137} INFO - [2023-03-07T17:38:21.614+0530] {dag.py:3437} INFO - Setting next_dagrun for example_branch_python_operator_decorator to 2023-03-06T00:00:00+00:00, run_after=2023-03-07T00:00:00+00:00
[2023-03-07T17:38:21.646+0530] {processor.py:175} INFO - Processing /home/ris/PycharmProjects/pythonProject/USA-housing/venv/lib/python3.10/site-packages/airflow/example_dags/example_branch_operator_decorator.py took 0.140 seconds
[2023-03-07T17:39:10.692+0530] {processor.py:153} INFO - Started process (PID=5786) to work on /home/ris/PycharmProjects/pythonProject/USA-housing/venv/lib/python3.10/site-packages/airflow/example_dags/example_branch_operator_decorator.py
[2023-03-07T17:39:10.694+0530] {processor.py:743} INFO - Processing file /home/ris/PycharmProjects/pythonProject/USA-housing/venv/lib/python3.10/site-packages/airflow/example_dags/example_branch_operator_decorator.py for tasks to queue
[2023-03-07T17:39:10.695+0530] {logging_mixin.py:137} INFO - [2023-03-07T17:39:10.695+0530] {dagbag.py:538} INFO - Filling up the DagBag from /home/ris/PycharmProjects/pythonProject/USA-housing/venv/lib/python3.10/site-packages/airflow/example_dags/example_branch_operator_decorator.py
[2023-03-07T17:39:10.718+0530] {processor.py:753} INFO - DAG(s) dict_keys(['example_branch_python_operator_decorator']) retrieved from /home/ris/PycharmProjects/pythonProject/USA-housing/venv/lib/python3.10/site-packages/airflow/example_dags/example_branch_operator_decorator.py
[2023-03-07T17:39:10.739+0530] {logging_mixin.py:137} INFO - [2023-03-07T17:39:10.739+0530] {dag.py:2690} INFO - Sync 1 DAGs
[2023-03-07T17:39:10.763+0530] {logging_mixin.py:137} INFO - [2023-03-07T17:39:10.763+0530] {dag.py:3437} INFO - Setting next_dagrun for example_branch_python_operator_decorator to 2023-03-06T00:00:00+00:00, run_after=2023-03-07T00:00:00+00:00
[2023-03-07T17:39:10.788+0530] {processor.py:175} INFO - Processing /home/ris/PycharmProjects/pythonProject/USA-housing/venv/lib/python3.10/site-packages/airflow/example_dags/example_branch_operator_decorator.py took 0.098 seconds
[2023-03-07T17:59:47.303+0530] {processor.py:153} INFO - Started process (PID=5947) to work on /home/ris/PycharmProjects/pythonProject/USA-housing/venv/lib/python3.10/site-packages/airflow/example_dags/example_branch_operator_decorator.py
[2023-03-07T17:59:47.305+0530] {processor.py:743} INFO - Processing file /home/ris/PycharmProjects/pythonProject/USA-housing/venv/lib/python3.10/site-packages/airflow/example_dags/example_branch_operator_decorator.py for tasks to queue
[2023-03-07T17:59:47.305+0530] {logging_mixin.py:137} INFO - [2023-03-07T17:59:47.305+0530] {dagbag.py:538} INFO - Filling up the DagBag from /home/ris/PycharmProjects/pythonProject/USA-housing/venv/lib/python3.10/site-packages/airflow/example_dags/example_branch_operator_decorator.py
[2023-03-07T17:59:47.324+0530] {processor.py:753} INFO - DAG(s) dict_keys(['example_branch_python_operator_decorator']) retrieved from /home/ris/PycharmProjects/pythonProject/USA-housing/venv/lib/python3.10/site-packages/airflow/example_dags/example_branch_operator_decorator.py
[2023-03-07T17:59:47.340+0530] {logging_mixin.py:137} INFO - [2023-03-07T17:59:47.340+0530] {dag.py:2690} INFO - Sync 1 DAGs
[2023-03-07T17:59:47.359+0530] {logging_mixin.py:137} INFO - [2023-03-07T17:59:47.358+0530] {dag.py:3437} INFO - Setting next_dagrun for example_branch_python_operator_decorator to 2023-03-06T00:00:00+00:00, run_after=2023-03-07T00:00:00+00:00
[2023-03-07T17:59:47.379+0530] {processor.py:175} INFO - Processing /home/ris/PycharmProjects/pythonProject/USA-housing/venv/lib/python3.10/site-packages/airflow/example_dags/example_branch_operator_decorator.py took 0.079 seconds
[2023-03-07T18:00:32.272+0530] {processor.py:153} INFO - Started process (PID=5993) to work on /home/ris/PycharmProjects/pythonProject/USA-housing/venv/lib/python3.10/site-packages/airflow/example_dags/example_branch_operator_decorator.py
[2023-03-07T18:00:32.274+0530] {processor.py:743} INFO - Processing file /home/ris/PycharmProjects/pythonProject/USA-housing/venv/lib/python3.10/site-packages/airflow/example_dags/example_branch_operator_decorator.py for tasks to queue
[2023-03-07T18:00:32.274+0530] {logging_mixin.py:137} INFO - [2023-03-07T18:00:32.274+0530] {dagbag.py:538} INFO - Filling up the DagBag from /home/ris/PycharmProjects/pythonProject/USA-housing/venv/lib/python3.10/site-packages/airflow/example_dags/example_branch_operator_decorator.py
[2023-03-07T18:00:32.292+0530] {processor.py:753} INFO - DAG(s) dict_keys(['example_branch_python_operator_decorator']) retrieved from /home/ris/PycharmProjects/pythonProject/USA-housing/venv/lib/python3.10/site-packages/airflow/example_dags/example_branch_operator_decorator.py
[2023-03-07T18:00:32.310+0530] {logging_mixin.py:137} INFO - [2023-03-07T18:00:32.310+0530] {dag.py:2690} INFO - Sync 1 DAGs
[2023-03-07T18:00:32.328+0530] {logging_mixin.py:137} INFO - [2023-03-07T18:00:32.328+0530] {dag.py:3437} INFO - Setting next_dagrun for example_branch_python_operator_decorator to 2023-03-06T00:00:00+00:00, run_after=2023-03-07T00:00:00+00:00
[2023-03-07T18:00:32.347+0530] {processor.py:175} INFO - Processing /home/ris/PycharmProjects/pythonProject/USA-housing/venv/lib/python3.10/site-packages/airflow/example_dags/example_branch_operator_decorator.py took 0.078 seconds
[2023-03-07T18:01:22.135+0530] {processor.py:153} INFO - Started process (PID=6049) to work on /home/ris/PycharmProjects/pythonProject/USA-housing/venv/lib/python3.10/site-packages/airflow/example_dags/example_branch_operator_decorator.py
[2023-03-07T18:01:22.137+0530] {processor.py:743} INFO - Processing file /home/ris/PycharmProjects/pythonProject/USA-housing/venv/lib/python3.10/site-packages/airflow/example_dags/example_branch_operator_decorator.py for tasks to queue
[2023-03-07T18:01:22.138+0530] {logging_mixin.py:137} INFO - [2023-03-07T18:01:22.138+0530] {dagbag.py:538} INFO - Filling up the DagBag from /home/ris/PycharmProjects/pythonProject/USA-housing/venv/lib/python3.10/site-packages/airflow/example_dags/example_branch_operator_decorator.py
[2023-03-07T18:01:22.156+0530] {processor.py:753} INFO - DAG(s) dict_keys(['example_branch_python_operator_decorator']) retrieved from /home/ris/PycharmProjects/pythonProject/USA-housing/venv/lib/python3.10/site-packages/airflow/example_dags/example_branch_operator_decorator.py
[2023-03-07T18:01:22.174+0530] {logging_mixin.py:137} INFO - [2023-03-07T18:01:22.173+0530] {dag.py:2690} INFO - Sync 1 DAGs
[2023-03-07T18:01:22.196+0530] {logging_mixin.py:137} INFO - [2023-03-07T18:01:22.195+0530] {dag.py:3437} INFO - Setting next_dagrun for example_branch_python_operator_decorator to 2023-03-06T00:00:00+00:00, run_after=2023-03-07T00:00:00+00:00
[2023-03-07T18:01:22.219+0530] {processor.py:175} INFO - Processing /home/ris/PycharmProjects/pythonProject/USA-housing/venv/lib/python3.10/site-packages/airflow/example_dags/example_branch_operator_decorator.py took 0.086 seconds
[2023-03-07T18:02:15.686+0530] {processor.py:153} INFO - Started process (PID=6105) to work on /home/ris/PycharmProjects/pythonProject/USA-housing/venv/lib/python3.10/site-packages/airflow/example_dags/example_branch_operator_decorator.py
[2023-03-07T18:02:15.688+0530] {processor.py:743} INFO - Processing file /home/ris/PycharmProjects/pythonProject/USA-housing/venv/lib/python3.10/site-packages/airflow/example_dags/example_branch_operator_decorator.py for tasks to queue
[2023-03-07T18:02:15.688+0530] {logging_mixin.py:137} INFO - [2023-03-07T18:02:15.688+0530] {dagbag.py:538} INFO - Filling up the DagBag from /home/ris/PycharmProjects/pythonProject/USA-housing/venv/lib/python3.10/site-packages/airflow/example_dags/example_branch_operator_decorator.py
[2023-03-07T18:02:15.707+0530] {processor.py:753} INFO - DAG(s) dict_keys(['example_branch_python_operator_decorator']) retrieved from /home/ris/PycharmProjects/pythonProject/USA-housing/venv/lib/python3.10/site-packages/airflow/example_dags/example_branch_operator_decorator.py
[2023-03-07T18:02:15.724+0530] {logging_mixin.py:137} INFO - [2023-03-07T18:02:15.724+0530] {dag.py:2690} INFO - Sync 1 DAGs
[2023-03-07T18:02:15.741+0530] {logging_mixin.py:137} INFO - [2023-03-07T18:02:15.741+0530] {dag.py:3437} INFO - Setting next_dagrun for example_branch_python_operator_decorator to 2023-03-06T00:00:00+00:00, run_after=2023-03-07T00:00:00+00:00
[2023-03-07T18:02:15.761+0530] {processor.py:175} INFO - Processing /home/ris/PycharmProjects/pythonProject/USA-housing/venv/lib/python3.10/site-packages/airflow/example_dags/example_branch_operator_decorator.py took 0.078 seconds
[2023-03-07T18:03:07.223+0530] {processor.py:153} INFO - Started process (PID=6162) to work on /home/ris/PycharmProjects/pythonProject/USA-housing/venv/lib/python3.10/site-packages/airflow/example_dags/example_branch_operator_decorator.py
[2023-03-07T18:03:07.225+0530] {processor.py:743} INFO - Processing file /home/ris/PycharmProjects/pythonProject/USA-housing/venv/lib/python3.10/site-packages/airflow/example_dags/example_branch_operator_decorator.py for tasks to queue
[2023-03-07T18:03:07.226+0530] {logging_mixin.py:137} INFO - [2023-03-07T18:03:07.226+0530] {dagbag.py:538} INFO - Filling up the DagBag from /home/ris/PycharmProjects/pythonProject/USA-housing/venv/lib/python3.10/site-packages/airflow/example_dags/example_branch_operator_decorator.py
[2023-03-07T18:03:07.244+0530] {processor.py:753} INFO - DAG(s) dict_keys(['example_branch_python_operator_decorator']) retrieved from /home/ris/PycharmProjects/pythonProject/USA-housing/venv/lib/python3.10/site-packages/airflow/example_dags/example_branch_operator_decorator.py
[2023-03-07T18:03:07.261+0530] {logging_mixin.py:137} INFO - [2023-03-07T18:03:07.261+0530] {dag.py:2690} INFO - Sync 1 DAGs
[2023-03-07T18:03:07.278+0530] {logging_mixin.py:137} INFO - [2023-03-07T18:03:07.278+0530] {dag.py:3437} INFO - Setting next_dagrun for example_branch_python_operator_decorator to 2023-03-06T00:00:00+00:00, run_after=2023-03-07T00:00:00+00:00
[2023-03-07T18:03:07.298+0530] {processor.py:175} INFO - Processing /home/ris/PycharmProjects/pythonProject/USA-housing/venv/lib/python3.10/site-packages/airflow/example_dags/example_branch_operator_decorator.py took 0.077 seconds
[2023-03-07T18:03:55.460+0530] {processor.py:153} INFO - Started process (PID=6219) to work on /home/ris/PycharmProjects/pythonProject/USA-housing/venv/lib/python3.10/site-packages/airflow/example_dags/example_branch_operator_decorator.py
[2023-03-07T18:03:55.462+0530] {processor.py:743} INFO - Processing file /home/ris/PycharmProjects/pythonProject/USA-housing/venv/lib/python3.10/site-packages/airflow/example_dags/example_branch_operator_decorator.py for tasks to queue
[2023-03-07T18:03:55.462+0530] {logging_mixin.py:137} INFO - [2023-03-07T18:03:55.462+0530] {dagbag.py:538} INFO - Filling up the DagBag from /home/ris/PycharmProjects/pythonProject/USA-housing/venv/lib/python3.10/site-packages/airflow/example_dags/example_branch_operator_decorator.py
[2023-03-07T18:03:55.485+0530] {processor.py:753} INFO - DAG(s) dict_keys(['example_branch_python_operator_decorator']) retrieved from /home/ris/PycharmProjects/pythonProject/USA-housing/venv/lib/python3.10/site-packages/airflow/example_dags/example_branch_operator_decorator.py
[2023-03-07T18:03:55.507+0530] {logging_mixin.py:137} INFO - [2023-03-07T18:03:55.507+0530] {dag.py:2690} INFO - Sync 1 DAGs
[2023-03-07T18:03:55.524+0530] {logging_mixin.py:137} INFO - [2023-03-07T18:03:55.523+0530] {dag.py:3437} INFO - Setting next_dagrun for example_branch_python_operator_decorator to 2023-03-06T00:00:00+00:00, run_after=2023-03-07T00:00:00+00:00
[2023-03-07T18:03:55.544+0530] {processor.py:175} INFO - Processing /home/ris/PycharmProjects/pythonProject/USA-housing/venv/lib/python3.10/site-packages/airflow/example_dags/example_branch_operator_decorator.py took 0.086 seconds
[2023-03-07T18:04:41.845+0530] {processor.py:153} INFO - Started process (PID=6277) to work on /home/ris/PycharmProjects/pythonProject/USA-housing/venv/lib/python3.10/site-packages/airflow/example_dags/example_branch_operator_decorator.py
[2023-03-07T18:04:41.846+0530] {processor.py:743} INFO - Processing file /home/ris/PycharmProjects/pythonProject/USA-housing/venv/lib/python3.10/site-packages/airflow/example_dags/example_branch_operator_decorator.py for tasks to queue
[2023-03-07T18:04:41.847+0530] {logging_mixin.py:137} INFO - [2023-03-07T18:04:41.847+0530] {dagbag.py:538} INFO - Filling up the DagBag from /home/ris/PycharmProjects/pythonProject/USA-housing/venv/lib/python3.10/site-packages/airflow/example_dags/example_branch_operator_decorator.py
[2023-03-07T18:04:41.865+0530] {processor.py:753} INFO - DAG(s) dict_keys(['example_branch_python_operator_decorator']) retrieved from /home/ris/PycharmProjects/pythonProject/USA-housing/venv/lib/python3.10/site-packages/airflow/example_dags/example_branch_operator_decorator.py
[2023-03-07T18:04:41.883+0530] {logging_mixin.py:137} INFO - [2023-03-07T18:04:41.882+0530] {dag.py:2690} INFO - Sync 1 DAGs
[2023-03-07T18:04:41.900+0530] {logging_mixin.py:137} INFO - [2023-03-07T18:04:41.900+0530] {dag.py:3437} INFO - Setting next_dagrun for example_branch_python_operator_decorator to 2023-03-06T00:00:00+00:00, run_after=2023-03-07T00:00:00+00:00
[2023-03-07T18:04:41.919+0530] {processor.py:175} INFO - Processing /home/ris/PycharmProjects/pythonProject/USA-housing/venv/lib/python3.10/site-packages/airflow/example_dags/example_branch_operator_decorator.py took 0.076 seconds
[2023-03-07T18:05:30.329+0530] {processor.py:153} INFO - Started process (PID=6329) to work on /home/ris/PycharmProjects/pythonProject/USA-housing/venv/lib/python3.10/site-packages/airflow/example_dags/example_branch_operator_decorator.py
[2023-03-07T18:05:30.331+0530] {processor.py:743} INFO - Processing file /home/ris/PycharmProjects/pythonProject/USA-housing/venv/lib/python3.10/site-packages/airflow/example_dags/example_branch_operator_decorator.py for tasks to queue
[2023-03-07T18:05:30.332+0530] {logging_mixin.py:137} INFO - [2023-03-07T18:05:30.332+0530] {dagbag.py:538} INFO - Filling up the DagBag from /home/ris/PycharmProjects/pythonProject/USA-housing/venv/lib/python3.10/site-packages/airflow/example_dags/example_branch_operator_decorator.py
[2023-03-07T18:05:30.350+0530] {processor.py:753} INFO - DAG(s) dict_keys(['example_branch_python_operator_decorator']) retrieved from /home/ris/PycharmProjects/pythonProject/USA-housing/venv/lib/python3.10/site-packages/airflow/example_dags/example_branch_operator_decorator.py
[2023-03-07T18:05:30.368+0530] {logging_mixin.py:137} INFO - [2023-03-07T18:05:30.368+0530] {dag.py:2690} INFO - Sync 1 DAGs
[2023-03-07T18:05:30.387+0530] {logging_mixin.py:137} INFO - [2023-03-07T18:05:30.387+0530] {dag.py:3437} INFO - Setting next_dagrun for example_branch_python_operator_decorator to 2023-03-06T00:00:00+00:00, run_after=2023-03-07T00:00:00+00:00
[2023-03-07T18:05:30.409+0530] {processor.py:175} INFO - Processing /home/ris/PycharmProjects/pythonProject/USA-housing/venv/lib/python3.10/site-packages/airflow/example_dags/example_branch_operator_decorator.py took 0.083 seconds
[2023-03-07T18:06:20.981+0530] {processor.py:153} INFO - Started process (PID=6383) to work on /home/ris/PycharmProjects/pythonProject/USA-housing/venv/lib/python3.10/site-packages/airflow/example_dags/example_branch_operator_decorator.py
[2023-03-07T18:06:20.982+0530] {processor.py:743} INFO - Processing file /home/ris/PycharmProjects/pythonProject/USA-housing/venv/lib/python3.10/site-packages/airflow/example_dags/example_branch_operator_decorator.py for tasks to queue
[2023-03-07T18:06:20.983+0530] {logging_mixin.py:137} INFO - [2023-03-07T18:06:20.983+0530] {dagbag.py:538} INFO - Filling up the DagBag from /home/ris/PycharmProjects/pythonProject/USA-housing/venv/lib/python3.10/site-packages/airflow/example_dags/example_branch_operator_decorator.py
[2023-03-07T18:06:21.003+0530] {processor.py:753} INFO - DAG(s) dict_keys(['example_branch_python_operator_decorator']) retrieved from /home/ris/PycharmProjects/pythonProject/USA-housing/venv/lib/python3.10/site-packages/airflow/example_dags/example_branch_operator_decorator.py
[2023-03-07T18:06:21.021+0530] {logging_mixin.py:137} INFO - [2023-03-07T18:06:21.021+0530] {dag.py:2690} INFO - Sync 1 DAGs
[2023-03-07T18:06:21.039+0530] {logging_mixin.py:137} INFO - [2023-03-07T18:06:21.039+0530] {dag.py:3437} INFO - Setting next_dagrun for example_branch_python_operator_decorator to 2023-03-06T00:00:00+00:00, run_after=2023-03-07T00:00:00+00:00
[2023-03-07T18:06:21.059+0530] {processor.py:175} INFO - Processing /home/ris/PycharmProjects/pythonProject/USA-housing/venv/lib/python3.10/site-packages/airflow/example_dags/example_branch_operator_decorator.py took 0.081 seconds
[2023-03-07T18:07:07.479+0530] {processor.py:153} INFO - Started process (PID=6437) to work on /home/ris/PycharmProjects/pythonProject/USA-housing/venv/lib/python3.10/site-packages/airflow/example_dags/example_branch_operator_decorator.py
[2023-03-07T18:07:07.481+0530] {processor.py:743} INFO - Processing file /home/ris/PycharmProjects/pythonProject/USA-housing/venv/lib/python3.10/site-packages/airflow/example_dags/example_branch_operator_decorator.py for tasks to queue
[2023-03-07T18:07:07.482+0530] {logging_mixin.py:137} INFO - [2023-03-07T18:07:07.482+0530] {dagbag.py:538} INFO - Filling up the DagBag from /home/ris/PycharmProjects/pythonProject/USA-housing/venv/lib/python3.10/site-packages/airflow/example_dags/example_branch_operator_decorator.py
[2023-03-07T18:07:07.510+0530] {processor.py:753} INFO - DAG(s) dict_keys(['example_branch_python_operator_decorator']) retrieved from /home/ris/PycharmProjects/pythonProject/USA-housing/venv/lib/python3.10/site-packages/airflow/example_dags/example_branch_operator_decorator.py
[2023-03-07T18:07:07.528+0530] {logging_mixin.py:137} INFO - [2023-03-07T18:07:07.528+0530] {dag.py:2690} INFO - Sync 1 DAGs
[2023-03-07T18:07:07.545+0530] {logging_mixin.py:137} INFO - [2023-03-07T18:07:07.545+0530] {dag.py:3437} INFO - Setting next_dagrun for example_branch_python_operator_decorator to 2023-03-06T00:00:00+00:00, run_after=2023-03-07T00:00:00+00:00
[2023-03-07T18:07:07.566+0530] {processor.py:175} INFO - Processing /home/ris/PycharmProjects/pythonProject/USA-housing/venv/lib/python3.10/site-packages/airflow/example_dags/example_branch_operator_decorator.py took 0.090 seconds
[2023-03-07T18:08:00.521+0530] {processor.py:153} INFO - Started process (PID=6493) to work on /home/ris/PycharmProjects/pythonProject/USA-housing/venv/lib/python3.10/site-packages/airflow/example_dags/example_branch_operator_decorator.py
[2023-03-07T18:08:00.523+0530] {processor.py:743} INFO - Processing file /home/ris/PycharmProjects/pythonProject/USA-housing/venv/lib/python3.10/site-packages/airflow/example_dags/example_branch_operator_decorator.py for tasks to queue
[2023-03-07T18:08:00.523+0530] {logging_mixin.py:137} INFO - [2023-03-07T18:08:00.523+0530] {dagbag.py:538} INFO - Filling up the DagBag from /home/ris/PycharmProjects/pythonProject/USA-housing/venv/lib/python3.10/site-packages/airflow/example_dags/example_branch_operator_decorator.py
[2023-03-07T18:08:00.541+0530] {processor.py:753} INFO - DAG(s) dict_keys(['example_branch_python_operator_decorator']) retrieved from /home/ris/PycharmProjects/pythonProject/USA-housing/venv/lib/python3.10/site-packages/airflow/example_dags/example_branch_operator_decorator.py
[2023-03-07T18:08:00.562+0530] {logging_mixin.py:137} INFO - [2023-03-07T18:08:00.562+0530] {dag.py:2690} INFO - Sync 1 DAGs
[2023-03-07T18:08:00.579+0530] {logging_mixin.py:137} INFO - [2023-03-07T18:08:00.579+0530] {dag.py:3437} INFO - Setting next_dagrun for example_branch_python_operator_decorator to 2023-03-06T00:00:00+00:00, run_after=2023-03-07T00:00:00+00:00
[2023-03-07T18:08:00.600+0530] {processor.py:175} INFO - Processing /home/ris/PycharmProjects/pythonProject/USA-housing/venv/lib/python3.10/site-packages/airflow/example_dags/example_branch_operator_decorator.py took 0.082 seconds
[2023-03-07T18:08:55.479+0530] {processor.py:153} INFO - Started process (PID=6552) to work on /home/ris/PycharmProjects/pythonProject/USA-housing/venv/lib/python3.10/site-packages/airflow/example_dags/example_branch_operator_decorator.py
[2023-03-07T18:08:55.482+0530] {processor.py:743} INFO - Processing file /home/ris/PycharmProjects/pythonProject/USA-housing/venv/lib/python3.10/site-packages/airflow/example_dags/example_branch_operator_decorator.py for tasks to queue
[2023-03-07T18:08:55.485+0530] {logging_mixin.py:137} INFO - [2023-03-07T18:08:55.484+0530] {dagbag.py:538} INFO - Filling up the DagBag from /home/ris/PycharmProjects/pythonProject/USA-housing/venv/lib/python3.10/site-packages/airflow/example_dags/example_branch_operator_decorator.py
[2023-03-07T18:08:55.508+0530] {processor.py:753} INFO - DAG(s) dict_keys(['example_branch_python_operator_decorator']) retrieved from /home/ris/PycharmProjects/pythonProject/USA-housing/venv/lib/python3.10/site-packages/airflow/example_dags/example_branch_operator_decorator.py
[2023-03-07T18:08:55.524+0530] {logging_mixin.py:137} INFO - [2023-03-07T18:08:55.524+0530] {dag.py:2690} INFO - Sync 1 DAGs
[2023-03-07T18:08:55.542+0530] {logging_mixin.py:137} INFO - [2023-03-07T18:08:55.542+0530] {dag.py:3437} INFO - Setting next_dagrun for example_branch_python_operator_decorator to 2023-03-06T00:00:00+00:00, run_after=2023-03-07T00:00:00+00:00
[2023-03-07T18:08:55.561+0530] {processor.py:175} INFO - Processing /home/ris/PycharmProjects/pythonProject/USA-housing/venv/lib/python3.10/site-packages/airflow/example_dags/example_branch_operator_decorator.py took 0.085 seconds
[2023-03-07T18:09:41.836+0530] {processor.py:153} INFO - Started process (PID=6869) to work on /home/ris/PycharmProjects/pythonProject/USA-housing/venv/lib/python3.10/site-packages/airflow/example_dags/example_branch_operator_decorator.py
[2023-03-07T18:09:41.848+0530] {processor.py:743} INFO - Processing file /home/ris/PycharmProjects/pythonProject/USA-housing/venv/lib/python3.10/site-packages/airflow/example_dags/example_branch_operator_decorator.py for tasks to queue
[2023-03-07T18:09:41.850+0530] {logging_mixin.py:137} INFO - [2023-03-07T18:09:41.850+0530] {dagbag.py:538} INFO - Filling up the DagBag from /home/ris/PycharmProjects/pythonProject/USA-housing/venv/lib/python3.10/site-packages/airflow/example_dags/example_branch_operator_decorator.py
[2023-03-07T18:09:41.892+0530] {processor.py:753} INFO - DAG(s) dict_keys(['example_branch_python_operator_decorator']) retrieved from /home/ris/PycharmProjects/pythonProject/USA-housing/venv/lib/python3.10/site-packages/airflow/example_dags/example_branch_operator_decorator.py
[2023-03-07T18:09:41.923+0530] {logging_mixin.py:137} INFO - [2023-03-07T18:09:41.923+0530] {dag.py:2690} INFO - Sync 1 DAGs
[2023-03-07T18:09:41.959+0530] {logging_mixin.py:137} INFO - [2023-03-07T18:09:41.958+0530] {dag.py:3437} INFO - Setting next_dagrun for example_branch_python_operator_decorator to 2023-03-06T00:00:00+00:00, run_after=2023-03-07T00:00:00+00:00
[2023-03-07T18:09:42.008+0530] {processor.py:175} INFO - Processing /home/ris/PycharmProjects/pythonProject/USA-housing/venv/lib/python3.10/site-packages/airflow/example_dags/example_branch_operator_decorator.py took 0.180 seconds
[2023-03-07T18:10:30.657+0530] {processor.py:153} INFO - Started process (PID=6937) to work on /home/ris/PycharmProjects/pythonProject/USA-housing/venv/lib/python3.10/site-packages/airflow/example_dags/example_branch_operator_decorator.py
[2023-03-07T18:10:30.659+0530] {processor.py:743} INFO - Processing file /home/ris/PycharmProjects/pythonProject/USA-housing/venv/lib/python3.10/site-packages/airflow/example_dags/example_branch_operator_decorator.py for tasks to queue
[2023-03-07T18:10:30.659+0530] {logging_mixin.py:137} INFO - [2023-03-07T18:10:30.659+0530] {dagbag.py:538} INFO - Filling up the DagBag from /home/ris/PycharmProjects/pythonProject/USA-housing/venv/lib/python3.10/site-packages/airflow/example_dags/example_branch_operator_decorator.py
[2023-03-07T18:10:30.677+0530] {processor.py:753} INFO - DAG(s) dict_keys(['example_branch_python_operator_decorator']) retrieved from /home/ris/PycharmProjects/pythonProject/USA-housing/venv/lib/python3.10/site-packages/airflow/example_dags/example_branch_operator_decorator.py
[2023-03-07T18:10:30.694+0530] {logging_mixin.py:137} INFO - [2023-03-07T18:10:30.694+0530] {dag.py:2690} INFO - Sync 1 DAGs
[2023-03-07T18:10:30.710+0530] {logging_mixin.py:137} INFO - [2023-03-07T18:10:30.710+0530] {dag.py:3437} INFO - Setting next_dagrun for example_branch_python_operator_decorator to 2023-03-06T00:00:00+00:00, run_after=2023-03-07T00:00:00+00:00
[2023-03-07T18:10:30.729+0530] {processor.py:175} INFO - Processing /home/ris/PycharmProjects/pythonProject/USA-housing/venv/lib/python3.10/site-packages/airflow/example_dags/example_branch_operator_decorator.py took 0.075 seconds
[2023-03-07T18:11:23.326+0530] {processor.py:153} INFO - Started process (PID=6994) to work on /home/ris/PycharmProjects/pythonProject/USA-housing/venv/lib/python3.10/site-packages/airflow/example_dags/example_branch_operator_decorator.py
[2023-03-07T18:11:23.328+0530] {processor.py:743} INFO - Processing file /home/ris/PycharmProjects/pythonProject/USA-housing/venv/lib/python3.10/site-packages/airflow/example_dags/example_branch_operator_decorator.py for tasks to queue
[2023-03-07T18:11:23.330+0530] {logging_mixin.py:137} INFO - [2023-03-07T18:11:23.329+0530] {dagbag.py:538} INFO - Filling up the DagBag from /home/ris/PycharmProjects/pythonProject/USA-housing/venv/lib/python3.10/site-packages/airflow/example_dags/example_branch_operator_decorator.py
[2023-03-07T18:11:23.356+0530] {processor.py:753} INFO - DAG(s) dict_keys(['example_branch_python_operator_decorator']) retrieved from /home/ris/PycharmProjects/pythonProject/USA-housing/venv/lib/python3.10/site-packages/airflow/example_dags/example_branch_operator_decorator.py
[2023-03-07T18:11:23.374+0530] {logging_mixin.py:137} INFO - [2023-03-07T18:11:23.374+0530] {dag.py:2690} INFO - Sync 1 DAGs
[2023-03-07T18:11:23.394+0530] {logging_mixin.py:137} INFO - [2023-03-07T18:11:23.393+0530] {dag.py:3437} INFO - Setting next_dagrun for example_branch_python_operator_decorator to 2023-03-06T00:00:00+00:00, run_after=2023-03-07T00:00:00+00:00
[2023-03-07T18:11:23.415+0530] {processor.py:175} INFO - Processing /home/ris/PycharmProjects/pythonProject/USA-housing/venv/lib/python3.10/site-packages/airflow/example_dags/example_branch_operator_decorator.py took 0.095 seconds
[2023-03-07T18:12:18.714+0530] {processor.py:153} INFO - Started process (PID=7069) to work on /home/ris/PycharmProjects/pythonProject/USA-housing/venv/lib/python3.10/site-packages/airflow/example_dags/example_branch_operator_decorator.py
[2023-03-07T18:12:18.715+0530] {processor.py:743} INFO - Processing file /home/ris/PycharmProjects/pythonProject/USA-housing/venv/lib/python3.10/site-packages/airflow/example_dags/example_branch_operator_decorator.py for tasks to queue
[2023-03-07T18:12:18.716+0530] {logging_mixin.py:137} INFO - [2023-03-07T18:12:18.716+0530] {dagbag.py:538} INFO - Filling up the DagBag from /home/ris/PycharmProjects/pythonProject/USA-housing/venv/lib/python3.10/site-packages/airflow/example_dags/example_branch_operator_decorator.py
[2023-03-07T18:12:18.734+0530] {processor.py:753} INFO - DAG(s) dict_keys(['example_branch_python_operator_decorator']) retrieved from /home/ris/PycharmProjects/pythonProject/USA-housing/venv/lib/python3.10/site-packages/airflow/example_dags/example_branch_operator_decorator.py
[2023-03-07T18:12:18.753+0530] {logging_mixin.py:137} INFO - [2023-03-07T18:12:18.752+0530] {dag.py:2690} INFO - Sync 1 DAGs
[2023-03-07T18:12:18.776+0530] {logging_mixin.py:137} INFO - [2023-03-07T18:12:18.775+0530] {dag.py:3437} INFO - Setting next_dagrun for example_branch_python_operator_decorator to 2023-03-06T00:00:00+00:00, run_after=2023-03-07T00:00:00+00:00
[2023-03-07T18:12:18.798+0530] {processor.py:175} INFO - Processing /home/ris/PycharmProjects/pythonProject/USA-housing/venv/lib/python3.10/site-packages/airflow/example_dags/example_branch_operator_decorator.py took 0.087 seconds
[2023-03-07T18:13:06.408+0530] {processor.py:153} INFO - Started process (PID=7131) to work on /home/ris/PycharmProjects/pythonProject/USA-housing/venv/lib/python3.10/site-packages/airflow/example_dags/example_branch_operator_decorator.py
[2023-03-07T18:13:06.410+0530] {processor.py:743} INFO - Processing file /home/ris/PycharmProjects/pythonProject/USA-housing/venv/lib/python3.10/site-packages/airflow/example_dags/example_branch_operator_decorator.py for tasks to queue
[2023-03-07T18:13:06.410+0530] {logging_mixin.py:137} INFO - [2023-03-07T18:13:06.410+0530] {dagbag.py:538} INFO - Filling up the DagBag from /home/ris/PycharmProjects/pythonProject/USA-housing/venv/lib/python3.10/site-packages/airflow/example_dags/example_branch_operator_decorator.py
[2023-03-07T18:13:06.428+0530] {processor.py:753} INFO - DAG(s) dict_keys(['example_branch_python_operator_decorator']) retrieved from /home/ris/PycharmProjects/pythonProject/USA-housing/venv/lib/python3.10/site-packages/airflow/example_dags/example_branch_operator_decorator.py
[2023-03-07T18:13:06.458+0530] {logging_mixin.py:137} INFO - [2023-03-07T18:13:06.458+0530] {dag.py:2690} INFO - Sync 1 DAGs
[2023-03-07T18:13:06.476+0530] {logging_mixin.py:137} INFO - [2023-03-07T18:13:06.475+0530] {dag.py:3437} INFO - Setting next_dagrun for example_branch_python_operator_decorator to 2023-03-06T00:00:00+00:00, run_after=2023-03-07T00:00:00+00:00
[2023-03-07T18:13:06.493+0530] {processor.py:175} INFO - Processing /home/ris/PycharmProjects/pythonProject/USA-housing/venv/lib/python3.10/site-packages/airflow/example_dags/example_branch_operator_decorator.py took 0.088 seconds
[2023-03-07T18:13:54.709+0530] {processor.py:153} INFO - Started process (PID=7188) to work on /home/ris/PycharmProjects/pythonProject/USA-housing/venv/lib/python3.10/site-packages/airflow/example_dags/example_branch_operator_decorator.py
[2023-03-07T18:13:54.710+0530] {processor.py:743} INFO - Processing file /home/ris/PycharmProjects/pythonProject/USA-housing/venv/lib/python3.10/site-packages/airflow/example_dags/example_branch_operator_decorator.py for tasks to queue
[2023-03-07T18:13:54.711+0530] {logging_mixin.py:137} INFO - [2023-03-07T18:13:54.710+0530] {dagbag.py:538} INFO - Filling up the DagBag from /home/ris/PycharmProjects/pythonProject/USA-housing/venv/lib/python3.10/site-packages/airflow/example_dags/example_branch_operator_decorator.py
[2023-03-07T18:13:54.728+0530] {processor.py:753} INFO - DAG(s) dict_keys(['example_branch_python_operator_decorator']) retrieved from /home/ris/PycharmProjects/pythonProject/USA-housing/venv/lib/python3.10/site-packages/airflow/example_dags/example_branch_operator_decorator.py
[2023-03-07T18:13:54.746+0530] {logging_mixin.py:137} INFO - [2023-03-07T18:13:54.746+0530] {dag.py:2690} INFO - Sync 1 DAGs
[2023-03-07T18:13:54.764+0530] {logging_mixin.py:137} INFO - [2023-03-07T18:13:54.764+0530] {dag.py:3437} INFO - Setting next_dagrun for example_branch_python_operator_decorator to 2023-03-06T00:00:00+00:00, run_after=2023-03-07T00:00:00+00:00
[2023-03-07T18:13:54.788+0530] {processor.py:175} INFO - Processing /home/ris/PycharmProjects/pythonProject/USA-housing/venv/lib/python3.10/site-packages/airflow/example_dags/example_branch_operator_decorator.py took 0.081 seconds
[2023-03-07T18:14:38.018+0530] {processor.py:153} INFO - Started process (PID=7248) to work on /home/ris/PycharmProjects/pythonProject/USA-housing/venv/lib/python3.10/site-packages/airflow/example_dags/example_branch_operator_decorator.py
[2023-03-07T18:14:38.020+0530] {processor.py:743} INFO - Processing file /home/ris/PycharmProjects/pythonProject/USA-housing/venv/lib/python3.10/site-packages/airflow/example_dags/example_branch_operator_decorator.py for tasks to queue
[2023-03-07T18:14:38.021+0530] {logging_mixin.py:137} INFO - [2023-03-07T18:14:38.021+0530] {dagbag.py:538} INFO - Filling up the DagBag from /home/ris/PycharmProjects/pythonProject/USA-housing/venv/lib/python3.10/site-packages/airflow/example_dags/example_branch_operator_decorator.py
[2023-03-07T18:14:38.052+0530] {processor.py:753} INFO - DAG(s) dict_keys(['example_branch_python_operator_decorator']) retrieved from /home/ris/PycharmProjects/pythonProject/USA-housing/venv/lib/python3.10/site-packages/airflow/example_dags/example_branch_operator_decorator.py
[2023-03-07T18:14:38.068+0530] {logging_mixin.py:137} INFO - [2023-03-07T18:14:38.068+0530] {dag.py:2690} INFO - Sync 1 DAGs
[2023-03-07T18:14:38.086+0530] {logging_mixin.py:137} INFO - [2023-03-07T18:14:38.085+0530] {dag.py:3437} INFO - Setting next_dagrun for example_branch_python_operator_decorator to 2023-03-06T00:00:00+00:00, run_after=2023-03-07T00:00:00+00:00
[2023-03-07T18:14:38.104+0530] {processor.py:175} INFO - Processing /home/ris/PycharmProjects/pythonProject/USA-housing/venv/lib/python3.10/site-packages/airflow/example_dags/example_branch_operator_decorator.py took 0.090 seconds
[2023-03-07T18:15:28.938+0530] {processor.py:153} INFO - Started process (PID=7332) to work on /home/ris/PycharmProjects/pythonProject/USA-housing/venv/lib/python3.10/site-packages/airflow/example_dags/example_branch_operator_decorator.py
[2023-03-07T18:15:28.940+0530] {processor.py:743} INFO - Processing file /home/ris/PycharmProjects/pythonProject/USA-housing/venv/lib/python3.10/site-packages/airflow/example_dags/example_branch_operator_decorator.py for tasks to queue
[2023-03-07T18:15:28.940+0530] {logging_mixin.py:137} INFO - [2023-03-07T18:15:28.940+0530] {dagbag.py:538} INFO - Filling up the DagBag from /home/ris/PycharmProjects/pythonProject/USA-housing/venv/lib/python3.10/site-packages/airflow/example_dags/example_branch_operator_decorator.py
[2023-03-07T18:15:28.959+0530] {processor.py:753} INFO - DAG(s) dict_keys(['example_branch_python_operator_decorator']) retrieved from /home/ris/PycharmProjects/pythonProject/USA-housing/venv/lib/python3.10/site-packages/airflow/example_dags/example_branch_operator_decorator.py
[2023-03-07T18:15:28.981+0530] {logging_mixin.py:137} INFO - [2023-03-07T18:15:28.981+0530] {dag.py:2690} INFO - Sync 1 DAGs
[2023-03-07T18:15:28.999+0530] {logging_mixin.py:137} INFO - [2023-03-07T18:15:28.998+0530] {dag.py:3437} INFO - Setting next_dagrun for example_branch_python_operator_decorator to 2023-03-06T00:00:00+00:00, run_after=2023-03-07T00:00:00+00:00
[2023-03-07T18:15:29.018+0530] {processor.py:175} INFO - Processing /home/ris/PycharmProjects/pythonProject/USA-housing/venv/lib/python3.10/site-packages/airflow/example_dags/example_branch_operator_decorator.py took 0.083 seconds
[2023-03-07T18:16:16.247+0530] {processor.py:153} INFO - Started process (PID=7384) to work on /home/ris/PycharmProjects/pythonProject/USA-housing/venv/lib/python3.10/site-packages/airflow/example_dags/example_branch_operator_decorator.py
[2023-03-07T18:16:16.249+0530] {processor.py:743} INFO - Processing file /home/ris/PycharmProjects/pythonProject/USA-housing/venv/lib/python3.10/site-packages/airflow/example_dags/example_branch_operator_decorator.py for tasks to queue
[2023-03-07T18:16:16.250+0530] {logging_mixin.py:137} INFO - [2023-03-07T18:16:16.250+0530] {dagbag.py:538} INFO - Filling up the DagBag from /home/ris/PycharmProjects/pythonProject/USA-housing/venv/lib/python3.10/site-packages/airflow/example_dags/example_branch_operator_decorator.py
[2023-03-07T18:16:16.269+0530] {processor.py:753} INFO - DAG(s) dict_keys(['example_branch_python_operator_decorator']) retrieved from /home/ris/PycharmProjects/pythonProject/USA-housing/venv/lib/python3.10/site-packages/airflow/example_dags/example_branch_operator_decorator.py
[2023-03-07T18:16:16.290+0530] {logging_mixin.py:137} INFO - [2023-03-07T18:16:16.290+0530] {dag.py:2690} INFO - Sync 1 DAGs
[2023-03-07T18:16:16.308+0530] {logging_mixin.py:137} INFO - [2023-03-07T18:16:16.308+0530] {dag.py:3437} INFO - Setting next_dagrun for example_branch_python_operator_decorator to 2023-03-06T00:00:00+00:00, run_after=2023-03-07T00:00:00+00:00
[2023-03-07T18:16:16.329+0530] {processor.py:175} INFO - Processing /home/ris/PycharmProjects/pythonProject/USA-housing/venv/lib/python3.10/site-packages/airflow/example_dags/example_branch_operator_decorator.py took 0.084 seconds
[2023-03-07T18:17:02.467+0530] {processor.py:153} INFO - Started process (PID=7449) to work on /home/ris/PycharmProjects/pythonProject/USA-housing/venv/lib/python3.10/site-packages/airflow/example_dags/example_branch_operator_decorator.py
[2023-03-07T18:17:02.470+0530] {processor.py:743} INFO - Processing file /home/ris/PycharmProjects/pythonProject/USA-housing/venv/lib/python3.10/site-packages/airflow/example_dags/example_branch_operator_decorator.py for tasks to queue
[2023-03-07T18:17:02.471+0530] {logging_mixin.py:137} INFO - [2023-03-07T18:17:02.471+0530] {dagbag.py:538} INFO - Filling up the DagBag from /home/ris/PycharmProjects/pythonProject/USA-housing/venv/lib/python3.10/site-packages/airflow/example_dags/example_branch_operator_decorator.py
[2023-03-07T18:17:02.511+0530] {processor.py:753} INFO - DAG(s) dict_keys(['example_branch_python_operator_decorator']) retrieved from /home/ris/PycharmProjects/pythonProject/USA-housing/venv/lib/python3.10/site-packages/airflow/example_dags/example_branch_operator_decorator.py
[2023-03-07T18:17:02.528+0530] {logging_mixin.py:137} INFO - [2023-03-07T18:17:02.528+0530] {dag.py:2690} INFO - Sync 1 DAGs
[2023-03-07T18:17:02.546+0530] {logging_mixin.py:137} INFO - [2023-03-07T18:17:02.546+0530] {dag.py:3437} INFO - Setting next_dagrun for example_branch_python_operator_decorator to 2023-03-06T00:00:00+00:00, run_after=2023-03-07T00:00:00+00:00
[2023-03-07T18:17:02.567+0530] {processor.py:175} INFO - Processing /home/ris/PycharmProjects/pythonProject/USA-housing/venv/lib/python3.10/site-packages/airflow/example_dags/example_branch_operator_decorator.py took 0.105 seconds
[2023-03-07T18:17:51.292+0530] {processor.py:153} INFO - Started process (PID=7502) to work on /home/ris/PycharmProjects/pythonProject/USA-housing/venv/lib/python3.10/site-packages/airflow/example_dags/example_branch_operator_decorator.py
[2023-03-07T18:17:51.294+0530] {processor.py:743} INFO - Processing file /home/ris/PycharmProjects/pythonProject/USA-housing/venv/lib/python3.10/site-packages/airflow/example_dags/example_branch_operator_decorator.py for tasks to queue
[2023-03-07T18:17:51.295+0530] {logging_mixin.py:137} INFO - [2023-03-07T18:17:51.294+0530] {dagbag.py:538} INFO - Filling up the DagBag from /home/ris/PycharmProjects/pythonProject/USA-housing/venv/lib/python3.10/site-packages/airflow/example_dags/example_branch_operator_decorator.py
[2023-03-07T18:17:51.311+0530] {processor.py:753} INFO - DAG(s) dict_keys(['example_branch_python_operator_decorator']) retrieved from /home/ris/PycharmProjects/pythonProject/USA-housing/venv/lib/python3.10/site-packages/airflow/example_dags/example_branch_operator_decorator.py
[2023-03-07T18:17:51.330+0530] {logging_mixin.py:137} INFO - [2023-03-07T18:17:51.329+0530] {dag.py:2690} INFO - Sync 1 DAGs
[2023-03-07T18:17:51.349+0530] {logging_mixin.py:137} INFO - [2023-03-07T18:17:51.348+0530] {dag.py:3437} INFO - Setting next_dagrun for example_branch_python_operator_decorator to 2023-03-06T00:00:00+00:00, run_after=2023-03-07T00:00:00+00:00
[2023-03-07T18:17:51.368+0530] {processor.py:175} INFO - Processing /home/ris/PycharmProjects/pythonProject/USA-housing/venv/lib/python3.10/site-packages/airflow/example_dags/example_branch_operator_decorator.py took 0.078 seconds
[2023-03-07T18:18:45.503+0530] {processor.py:153} INFO - Started process (PID=7574) to work on /home/ris/PycharmProjects/pythonProject/USA-housing/venv/lib/python3.10/site-packages/airflow/example_dags/example_branch_operator_decorator.py
[2023-03-07T18:18:45.506+0530] {processor.py:743} INFO - Processing file /home/ris/PycharmProjects/pythonProject/USA-housing/venv/lib/python3.10/site-packages/airflow/example_dags/example_branch_operator_decorator.py for tasks to queue
[2023-03-07T18:18:45.508+0530] {logging_mixin.py:137} INFO - [2023-03-07T18:18:45.507+0530] {dagbag.py:538} INFO - Filling up the DagBag from /home/ris/PycharmProjects/pythonProject/USA-housing/venv/lib/python3.10/site-packages/airflow/example_dags/example_branch_operator_decorator.py
[2023-03-07T18:18:45.533+0530] {processor.py:753} INFO - DAG(s) dict_keys(['example_branch_python_operator_decorator']) retrieved from /home/ris/PycharmProjects/pythonProject/USA-housing/venv/lib/python3.10/site-packages/airflow/example_dags/example_branch_operator_decorator.py
[2023-03-07T18:18:45.553+0530] {logging_mixin.py:137} INFO - [2023-03-07T18:18:45.553+0530] {dag.py:2690} INFO - Sync 1 DAGs
[2023-03-07T18:18:45.571+0530] {logging_mixin.py:137} INFO - [2023-03-07T18:18:45.571+0530] {dag.py:3437} INFO - Setting next_dagrun for example_branch_python_operator_decorator to 2023-03-06T00:00:00+00:00, run_after=2023-03-07T00:00:00+00:00
[2023-03-07T18:18:45.591+0530] {processor.py:175} INFO - Processing /home/ris/PycharmProjects/pythonProject/USA-housing/venv/lib/python3.10/site-packages/airflow/example_dags/example_branch_operator_decorator.py took 0.093 seconds
[2023-03-07T18:19:30.004+0530] {processor.py:153} INFO - Started process (PID=7631) to work on /home/ris/PycharmProjects/pythonProject/USA-housing/venv/lib/python3.10/site-packages/airflow/example_dags/example_branch_operator_decorator.py
[2023-03-07T18:19:30.007+0530] {processor.py:743} INFO - Processing file /home/ris/PycharmProjects/pythonProject/USA-housing/venv/lib/python3.10/site-packages/airflow/example_dags/example_branch_operator_decorator.py for tasks to queue
[2023-03-07T18:19:30.008+0530] {logging_mixin.py:137} INFO - [2023-03-07T18:19:30.008+0530] {dagbag.py:538} INFO - Filling up the DagBag from /home/ris/PycharmProjects/pythonProject/USA-housing/venv/lib/python3.10/site-packages/airflow/example_dags/example_branch_operator_decorator.py
[2023-03-07T18:19:30.048+0530] {processor.py:753} INFO - DAG(s) dict_keys(['example_branch_python_operator_decorator']) retrieved from /home/ris/PycharmProjects/pythonProject/USA-housing/venv/lib/python3.10/site-packages/airflow/example_dags/example_branch_operator_decorator.py
[2023-03-07T18:19:30.065+0530] {logging_mixin.py:137} INFO - [2023-03-07T18:19:30.065+0530] {dag.py:2690} INFO - Sync 1 DAGs
[2023-03-07T18:19:30.085+0530] {logging_mixin.py:137} INFO - [2023-03-07T18:19:30.084+0530] {dag.py:3437} INFO - Setting next_dagrun for example_branch_python_operator_decorator to 2023-03-06T00:00:00+00:00, run_after=2023-03-07T00:00:00+00:00
[2023-03-07T18:19:30.108+0530] {processor.py:175} INFO - Processing /home/ris/PycharmProjects/pythonProject/USA-housing/venv/lib/python3.10/site-packages/airflow/example_dags/example_branch_operator_decorator.py took 0.108 seconds
[2023-03-07T18:20:26.817+0530] {processor.py:153} INFO - Started process (PID=7935) to work on /home/ris/PycharmProjects/pythonProject/USA-housing/venv/lib/python3.10/site-packages/airflow/example_dags/example_branch_operator_decorator.py
[2023-03-07T18:20:26.818+0530] {processor.py:743} INFO - Processing file /home/ris/PycharmProjects/pythonProject/USA-housing/venv/lib/python3.10/site-packages/airflow/example_dags/example_branch_operator_decorator.py for tasks to queue
[2023-03-07T18:20:26.819+0530] {logging_mixin.py:137} INFO - [2023-03-07T18:20:26.819+0530] {dagbag.py:538} INFO - Filling up the DagBag from /home/ris/PycharmProjects/pythonProject/USA-housing/venv/lib/python3.10/site-packages/airflow/example_dags/example_branch_operator_decorator.py
[2023-03-07T18:20:26.842+0530] {processor.py:753} INFO - DAG(s) dict_keys(['example_branch_python_operator_decorator']) retrieved from /home/ris/PycharmProjects/pythonProject/USA-housing/venv/lib/python3.10/site-packages/airflow/example_dags/example_branch_operator_decorator.py
[2023-03-07T18:20:26.859+0530] {logging_mixin.py:137} INFO - [2023-03-07T18:20:26.859+0530] {dag.py:2690} INFO - Sync 1 DAGs
[2023-03-07T18:20:26.876+0530] {logging_mixin.py:137} INFO - [2023-03-07T18:20:26.876+0530] {dag.py:3437} INFO - Setting next_dagrun for example_branch_python_operator_decorator to 2023-03-06T00:00:00+00:00, run_after=2023-03-07T00:00:00+00:00
[2023-03-07T18:20:26.895+0530] {processor.py:175} INFO - Processing /home/ris/PycharmProjects/pythonProject/USA-housing/venv/lib/python3.10/site-packages/airflow/example_dags/example_branch_operator_decorator.py took 0.082 seconds
[2023-03-07T18:21:09.267+0530] {processor.py:153} INFO - Started process (PID=7987) to work on /home/ris/PycharmProjects/pythonProject/USA-housing/venv/lib/python3.10/site-packages/airflow/example_dags/example_branch_operator_decorator.py
[2023-03-07T18:21:09.269+0530] {processor.py:743} INFO - Processing file /home/ris/PycharmProjects/pythonProject/USA-housing/venv/lib/python3.10/site-packages/airflow/example_dags/example_branch_operator_decorator.py for tasks to queue
[2023-03-07T18:21:09.270+0530] {logging_mixin.py:137} INFO - [2023-03-07T18:21:09.270+0530] {dagbag.py:538} INFO - Filling up the DagBag from /home/ris/PycharmProjects/pythonProject/USA-housing/venv/lib/python3.10/site-packages/airflow/example_dags/example_branch_operator_decorator.py
[2023-03-07T18:21:09.288+0530] {processor.py:753} INFO - DAG(s) dict_keys(['example_branch_python_operator_decorator']) retrieved from /home/ris/PycharmProjects/pythonProject/USA-housing/venv/lib/python3.10/site-packages/airflow/example_dags/example_branch_operator_decorator.py
[2023-03-07T18:21:09.305+0530] {logging_mixin.py:137} INFO - [2023-03-07T18:21:09.305+0530] {dag.py:2690} INFO - Sync 1 DAGs
[2023-03-07T18:21:09.324+0530] {logging_mixin.py:137} INFO - [2023-03-07T18:21:09.323+0530] {dag.py:3437} INFO - Setting next_dagrun for example_branch_python_operator_decorator to 2023-03-06T00:00:00+00:00, run_after=2023-03-07T00:00:00+00:00
[2023-03-07T18:21:09.345+0530] {processor.py:175} INFO - Processing /home/ris/PycharmProjects/pythonProject/USA-housing/venv/lib/python3.10/site-packages/airflow/example_dags/example_branch_operator_decorator.py took 0.080 seconds
[2023-03-07T18:22:00.282+0530] {processor.py:153} INFO - Started process (PID=8047) to work on /home/ris/PycharmProjects/pythonProject/USA-housing/venv/lib/python3.10/site-packages/airflow/example_dags/example_branch_operator_decorator.py
[2023-03-07T18:22:00.285+0530] {processor.py:743} INFO - Processing file /home/ris/PycharmProjects/pythonProject/USA-housing/venv/lib/python3.10/site-packages/airflow/example_dags/example_branch_operator_decorator.py for tasks to queue
[2023-03-07T18:22:00.286+0530] {logging_mixin.py:137} INFO - [2023-03-07T18:22:00.286+0530] {dagbag.py:538} INFO - Filling up the DagBag from /home/ris/PycharmProjects/pythonProject/USA-housing/venv/lib/python3.10/site-packages/airflow/example_dags/example_branch_operator_decorator.py
[2023-03-07T18:22:00.303+0530] {processor.py:753} INFO - DAG(s) dict_keys(['example_branch_python_operator_decorator']) retrieved from /home/ris/PycharmProjects/pythonProject/USA-housing/venv/lib/python3.10/site-packages/airflow/example_dags/example_branch_operator_decorator.py
[2023-03-07T18:22:00.321+0530] {logging_mixin.py:137} INFO - [2023-03-07T18:22:00.321+0530] {dag.py:2690} INFO - Sync 1 DAGs
[2023-03-07T18:22:00.344+0530] {logging_mixin.py:137} INFO - [2023-03-07T18:22:00.344+0530] {dag.py:3437} INFO - Setting next_dagrun for example_branch_python_operator_decorator to 2023-03-06T00:00:00+00:00, run_after=2023-03-07T00:00:00+00:00
[2023-03-07T18:22:00.363+0530] {processor.py:175} INFO - Processing /home/ris/PycharmProjects/pythonProject/USA-housing/venv/lib/python3.10/site-packages/airflow/example_dags/example_branch_operator_decorator.py took 0.084 seconds
[2023-03-07T18:22:48.035+0530] {processor.py:153} INFO - Started process (PID=8101) to work on /home/ris/PycharmProjects/pythonProject/USA-housing/venv/lib/python3.10/site-packages/airflow/example_dags/example_branch_operator_decorator.py
[2023-03-07T18:22:48.036+0530] {processor.py:743} INFO - Processing file /home/ris/PycharmProjects/pythonProject/USA-housing/venv/lib/python3.10/site-packages/airflow/example_dags/example_branch_operator_decorator.py for tasks to queue
[2023-03-07T18:22:48.037+0530] {logging_mixin.py:137} INFO - [2023-03-07T18:22:48.037+0530] {dagbag.py:538} INFO - Filling up the DagBag from /home/ris/PycharmProjects/pythonProject/USA-housing/venv/lib/python3.10/site-packages/airflow/example_dags/example_branch_operator_decorator.py
[2023-03-07T18:22:48.053+0530] {processor.py:753} INFO - DAG(s) dict_keys(['example_branch_python_operator_decorator']) retrieved from /home/ris/PycharmProjects/pythonProject/USA-housing/venv/lib/python3.10/site-packages/airflow/example_dags/example_branch_operator_decorator.py
[2023-03-07T18:22:48.070+0530] {logging_mixin.py:137} INFO - [2023-03-07T18:22:48.070+0530] {dag.py:2690} INFO - Sync 1 DAGs
[2023-03-07T18:22:48.089+0530] {logging_mixin.py:137} INFO - [2023-03-07T18:22:48.088+0530] {dag.py:3437} INFO - Setting next_dagrun for example_branch_python_operator_decorator to 2023-03-06T00:00:00+00:00, run_after=2023-03-07T00:00:00+00:00
[2023-03-07T18:22:48.115+0530] {processor.py:175} INFO - Processing /home/ris/PycharmProjects/pythonProject/USA-housing/venv/lib/python3.10/site-packages/airflow/example_dags/example_branch_operator_decorator.py took 0.082 seconds
[2023-03-07T18:23:40.720+0530] {processor.py:153} INFO - Started process (PID=8329) to work on /home/ris/PycharmProjects/pythonProject/USA-housing/venv/lib/python3.10/site-packages/airflow/example_dags/example_branch_operator_decorator.py
[2023-03-07T18:23:40.722+0530] {processor.py:743} INFO - Processing file /home/ris/PycharmProjects/pythonProject/USA-housing/venv/lib/python3.10/site-packages/airflow/example_dags/example_branch_operator_decorator.py for tasks to queue
[2023-03-07T18:23:40.723+0530] {logging_mixin.py:137} INFO - [2023-03-07T18:23:40.723+0530] {dagbag.py:538} INFO - Filling up the DagBag from /home/ris/PycharmProjects/pythonProject/USA-housing/venv/lib/python3.10/site-packages/airflow/example_dags/example_branch_operator_decorator.py
[2023-03-07T18:23:40.745+0530] {processor.py:753} INFO - DAG(s) dict_keys(['example_branch_python_operator_decorator']) retrieved from /home/ris/PycharmProjects/pythonProject/USA-housing/venv/lib/python3.10/site-packages/airflow/example_dags/example_branch_operator_decorator.py
[2023-03-07T18:23:40.768+0530] {logging_mixin.py:137} INFO - [2023-03-07T18:23:40.768+0530] {dag.py:2690} INFO - Sync 1 DAGs
[2023-03-07T18:23:40.789+0530] {logging_mixin.py:137} INFO - [2023-03-07T18:23:40.789+0530] {dag.py:3437} INFO - Setting next_dagrun for example_branch_python_operator_decorator to 2023-03-06T00:00:00+00:00, run_after=2023-03-07T00:00:00+00:00
[2023-03-07T18:23:40.833+0530] {processor.py:175} INFO - Processing /home/ris/PycharmProjects/pythonProject/USA-housing/venv/lib/python3.10/site-packages/airflow/example_dags/example_branch_operator_decorator.py took 0.115 seconds
[2023-03-07T18:24:27.421+0530] {processor.py:153} INFO - Started process (PID=8377) to work on /home/ris/PycharmProjects/pythonProject/USA-housing/venv/lib/python3.10/site-packages/airflow/example_dags/example_branch_operator_decorator.py
[2023-03-07T18:24:27.422+0530] {processor.py:743} INFO - Processing file /home/ris/PycharmProjects/pythonProject/USA-housing/venv/lib/python3.10/site-packages/airflow/example_dags/example_branch_operator_decorator.py for tasks to queue
[2023-03-07T18:24:27.423+0530] {logging_mixin.py:137} INFO - [2023-03-07T18:24:27.423+0530] {dagbag.py:538} INFO - Filling up the DagBag from /home/ris/PycharmProjects/pythonProject/USA-housing/venv/lib/python3.10/site-packages/airflow/example_dags/example_branch_operator_decorator.py
[2023-03-07T18:24:27.454+0530] {processor.py:753} INFO - DAG(s) dict_keys(['example_branch_python_operator_decorator']) retrieved from /home/ris/PycharmProjects/pythonProject/USA-housing/venv/lib/python3.10/site-packages/airflow/example_dags/example_branch_operator_decorator.py
[2023-03-07T18:24:27.473+0530] {logging_mixin.py:137} INFO - [2023-03-07T18:24:27.473+0530] {dag.py:2690} INFO - Sync 1 DAGs
[2023-03-07T18:24:27.493+0530] {logging_mixin.py:137} INFO - [2023-03-07T18:24:27.493+0530] {dag.py:3437} INFO - Setting next_dagrun for example_branch_python_operator_decorator to 2023-03-06T00:00:00+00:00, run_after=2023-03-07T00:00:00+00:00
[2023-03-07T18:24:27.519+0530] {processor.py:175} INFO - Processing /home/ris/PycharmProjects/pythonProject/USA-housing/venv/lib/python3.10/site-packages/airflow/example_dags/example_branch_operator_decorator.py took 0.102 seconds
[2023-03-07T18:25:12.693+0530] {processor.py:153} INFO - Started process (PID=8427) to work on /home/ris/PycharmProjects/pythonProject/USA-housing/venv/lib/python3.10/site-packages/airflow/example_dags/example_branch_operator_decorator.py
[2023-03-07T18:25:12.695+0530] {processor.py:743} INFO - Processing file /home/ris/PycharmProjects/pythonProject/USA-housing/venv/lib/python3.10/site-packages/airflow/example_dags/example_branch_operator_decorator.py for tasks to queue
[2023-03-07T18:25:12.695+0530] {logging_mixin.py:137} INFO - [2023-03-07T18:25:12.695+0530] {dagbag.py:538} INFO - Filling up the DagBag from /home/ris/PycharmProjects/pythonProject/USA-housing/venv/lib/python3.10/site-packages/airflow/example_dags/example_branch_operator_decorator.py
[2023-03-07T18:25:12.719+0530] {processor.py:753} INFO - DAG(s) dict_keys(['example_branch_python_operator_decorator']) retrieved from /home/ris/PycharmProjects/pythonProject/USA-housing/venv/lib/python3.10/site-packages/airflow/example_dags/example_branch_operator_decorator.py
[2023-03-07T18:25:12.743+0530] {logging_mixin.py:137} INFO - [2023-03-07T18:25:12.743+0530] {dag.py:2690} INFO - Sync 1 DAGs
[2023-03-07T18:25:12.765+0530] {logging_mixin.py:137} INFO - [2023-03-07T18:25:12.765+0530] {dag.py:3437} INFO - Setting next_dagrun for example_branch_python_operator_decorator to 2023-03-06T00:00:00+00:00, run_after=2023-03-07T00:00:00+00:00
[2023-03-07T18:25:12.796+0530] {processor.py:175} INFO - Processing /home/ris/PycharmProjects/pythonProject/USA-housing/venv/lib/python3.10/site-packages/airflow/example_dags/example_branch_operator_decorator.py took 0.110 seconds
[2023-03-07T18:25:59.225+0530] {processor.py:153} INFO - Started process (PID=8517) to work on /home/ris/PycharmProjects/pythonProject/USA-housing/venv/lib/python3.10/site-packages/airflow/example_dags/example_branch_operator_decorator.py
[2023-03-07T18:25:59.226+0530] {processor.py:743} INFO - Processing file /home/ris/PycharmProjects/pythonProject/USA-housing/venv/lib/python3.10/site-packages/airflow/example_dags/example_branch_operator_decorator.py for tasks to queue
[2023-03-07T18:25:59.228+0530] {logging_mixin.py:137} INFO - [2023-03-07T18:25:59.227+0530] {dagbag.py:538} INFO - Filling up the DagBag from /home/ris/PycharmProjects/pythonProject/USA-housing/venv/lib/python3.10/site-packages/airflow/example_dags/example_branch_operator_decorator.py
[2023-03-07T18:25:59.250+0530] {processor.py:753} INFO - DAG(s) dict_keys(['example_branch_python_operator_decorator']) retrieved from /home/ris/PycharmProjects/pythonProject/USA-housing/venv/lib/python3.10/site-packages/airflow/example_dags/example_branch_operator_decorator.py
[2023-03-07T18:25:59.275+0530] {logging_mixin.py:137} INFO - [2023-03-07T18:25:59.275+0530] {dag.py:2690} INFO - Sync 1 DAGs
[2023-03-07T18:25:59.309+0530] {logging_mixin.py:137} INFO - [2023-03-07T18:25:59.308+0530] {dag.py:3437} INFO - Setting next_dagrun for example_branch_python_operator_decorator to 2023-03-06T00:00:00+00:00, run_after=2023-03-07T00:00:00+00:00
[2023-03-07T18:25:59.334+0530] {processor.py:175} INFO - Processing /home/ris/PycharmProjects/pythonProject/USA-housing/venv/lib/python3.10/site-packages/airflow/example_dags/example_branch_operator_decorator.py took 0.112 seconds
[2023-03-07T18:26:43.069+0530] {processor.py:153} INFO - Started process (PID=8641) to work on /home/ris/PycharmProjects/pythonProject/USA-housing/venv/lib/python3.10/site-packages/airflow/example_dags/example_branch_operator_decorator.py
[2023-03-07T18:26:43.070+0530] {processor.py:743} INFO - Processing file /home/ris/PycharmProjects/pythonProject/USA-housing/venv/lib/python3.10/site-packages/airflow/example_dags/example_branch_operator_decorator.py for tasks to queue
[2023-03-07T18:26:43.071+0530] {logging_mixin.py:137} INFO - [2023-03-07T18:26:43.071+0530] {dagbag.py:538} INFO - Filling up the DagBag from /home/ris/PycharmProjects/pythonProject/USA-housing/venv/lib/python3.10/site-packages/airflow/example_dags/example_branch_operator_decorator.py
[2023-03-07T18:26:43.093+0530] {processor.py:753} INFO - DAG(s) dict_keys(['example_branch_python_operator_decorator']) retrieved from /home/ris/PycharmProjects/pythonProject/USA-housing/venv/lib/python3.10/site-packages/airflow/example_dags/example_branch_operator_decorator.py
[2023-03-07T18:26:43.117+0530] {logging_mixin.py:137} INFO - [2023-03-07T18:26:43.116+0530] {dag.py:2690} INFO - Sync 1 DAGs
[2023-03-07T18:26:43.137+0530] {logging_mixin.py:137} INFO - [2023-03-07T18:26:43.137+0530] {dag.py:3437} INFO - Setting next_dagrun for example_branch_python_operator_decorator to 2023-03-06T00:00:00+00:00, run_after=2023-03-07T00:00:00+00:00
[2023-03-07T18:26:43.161+0530] {processor.py:175} INFO - Processing /home/ris/PycharmProjects/pythonProject/USA-housing/venv/lib/python3.10/site-packages/airflow/example_dags/example_branch_operator_decorator.py took 0.097 seconds
[2023-03-07T18:27:38.538+0530] {processor.py:153} INFO - Started process (PID=8706) to work on /home/ris/PycharmProjects/pythonProject/USA-housing/venv/lib/python3.10/site-packages/airflow/example_dags/example_branch_operator_decorator.py
[2023-03-07T18:27:38.539+0530] {processor.py:743} INFO - Processing file /home/ris/PycharmProjects/pythonProject/USA-housing/venv/lib/python3.10/site-packages/airflow/example_dags/example_branch_operator_decorator.py for tasks to queue
[2023-03-07T18:27:38.540+0530] {logging_mixin.py:137} INFO - [2023-03-07T18:27:38.540+0530] {dagbag.py:538} INFO - Filling up the DagBag from /home/ris/PycharmProjects/pythonProject/USA-housing/venv/lib/python3.10/site-packages/airflow/example_dags/example_branch_operator_decorator.py
[2023-03-07T18:27:38.566+0530] {processor.py:753} INFO - DAG(s) dict_keys(['example_branch_python_operator_decorator']) retrieved from /home/ris/PycharmProjects/pythonProject/USA-housing/venv/lib/python3.10/site-packages/airflow/example_dags/example_branch_operator_decorator.py
[2023-03-07T18:27:38.591+0530] {logging_mixin.py:137} INFO - [2023-03-07T18:27:38.590+0530] {dag.py:2690} INFO - Sync 1 DAGs
[2023-03-07T18:27:38.621+0530] {logging_mixin.py:137} INFO - [2023-03-07T18:27:38.621+0530] {dag.py:3437} INFO - Setting next_dagrun for example_branch_python_operator_decorator to 2023-03-06T00:00:00+00:00, run_after=2023-03-07T00:00:00+00:00
[2023-03-07T18:27:38.644+0530] {processor.py:175} INFO - Processing /home/ris/PycharmProjects/pythonProject/USA-housing/venv/lib/python3.10/site-packages/airflow/example_dags/example_branch_operator_decorator.py took 0.110 seconds
[2023-03-07T18:28:23.483+0530] {processor.py:153} INFO - Started process (PID=8758) to work on /home/ris/PycharmProjects/pythonProject/USA-housing/venv/lib/python3.10/site-packages/airflow/example_dags/example_branch_operator_decorator.py
[2023-03-07T18:28:23.485+0530] {processor.py:743} INFO - Processing file /home/ris/PycharmProjects/pythonProject/USA-housing/venv/lib/python3.10/site-packages/airflow/example_dags/example_branch_operator_decorator.py for tasks to queue
[2023-03-07T18:28:23.485+0530] {logging_mixin.py:137} INFO - [2023-03-07T18:28:23.485+0530] {dagbag.py:538} INFO - Filling up the DagBag from /home/ris/PycharmProjects/pythonProject/USA-housing/venv/lib/python3.10/site-packages/airflow/example_dags/example_branch_operator_decorator.py
[2023-03-07T18:28:23.517+0530] {processor.py:753} INFO - DAG(s) dict_keys(['example_branch_python_operator_decorator']) retrieved from /home/ris/PycharmProjects/pythonProject/USA-housing/venv/lib/python3.10/site-packages/airflow/example_dags/example_branch_operator_decorator.py
[2023-03-07T18:28:23.540+0530] {logging_mixin.py:137} INFO - [2023-03-07T18:28:23.539+0530] {dag.py:2690} INFO - Sync 1 DAGs
[2023-03-07T18:28:23.565+0530] {logging_mixin.py:137} INFO - [2023-03-07T18:28:23.565+0530] {dag.py:3437} INFO - Setting next_dagrun for example_branch_python_operator_decorator to 2023-03-06T00:00:00+00:00, run_after=2023-03-07T00:00:00+00:00
[2023-03-07T18:28:23.590+0530] {processor.py:175} INFO - Processing /home/ris/PycharmProjects/pythonProject/USA-housing/venv/lib/python3.10/site-packages/airflow/example_dags/example_branch_operator_decorator.py took 0.110 seconds
[2023-03-07T18:29:06.328+0530] {processor.py:153} INFO - Started process (PID=8818) to work on /home/ris/PycharmProjects/pythonProject/USA-housing/venv/lib/python3.10/site-packages/airflow/example_dags/example_branch_operator_decorator.py
[2023-03-07T18:29:06.329+0530] {processor.py:743} INFO - Processing file /home/ris/PycharmProjects/pythonProject/USA-housing/venv/lib/python3.10/site-packages/airflow/example_dags/example_branch_operator_decorator.py for tasks to queue
[2023-03-07T18:29:06.330+0530] {logging_mixin.py:137} INFO - [2023-03-07T18:29:06.330+0530] {dagbag.py:538} INFO - Filling up the DagBag from /home/ris/PycharmProjects/pythonProject/USA-housing/venv/lib/python3.10/site-packages/airflow/example_dags/example_branch_operator_decorator.py
[2023-03-07T18:29:06.347+0530] {processor.py:753} INFO - DAG(s) dict_keys(['example_branch_python_operator_decorator']) retrieved from /home/ris/PycharmProjects/pythonProject/USA-housing/venv/lib/python3.10/site-packages/airflow/example_dags/example_branch_operator_decorator.py
[2023-03-07T18:29:06.364+0530] {logging_mixin.py:137} INFO - [2023-03-07T18:29:06.363+0530] {dag.py:2690} INFO - Sync 1 DAGs
[2023-03-07T18:29:06.380+0530] {logging_mixin.py:137} INFO - [2023-03-07T18:29:06.380+0530] {dag.py:3437} INFO - Setting next_dagrun for example_branch_python_operator_decorator to 2023-03-06T00:00:00+00:00, run_after=2023-03-07T00:00:00+00:00
[2023-03-07T18:29:06.400+0530] {processor.py:175} INFO - Processing /home/ris/PycharmProjects/pythonProject/USA-housing/venv/lib/python3.10/site-packages/airflow/example_dags/example_branch_operator_decorator.py took 0.075 seconds
[2023-03-07T18:29:51.717+0530] {processor.py:153} INFO - Started process (PID=8871) to work on /home/ris/PycharmProjects/pythonProject/USA-housing/venv/lib/python3.10/site-packages/airflow/example_dags/example_branch_operator_decorator.py
[2023-03-07T18:29:51.718+0530] {processor.py:743} INFO - Processing file /home/ris/PycharmProjects/pythonProject/USA-housing/venv/lib/python3.10/site-packages/airflow/example_dags/example_branch_operator_decorator.py for tasks to queue
[2023-03-07T18:29:51.719+0530] {logging_mixin.py:137} INFO - [2023-03-07T18:29:51.719+0530] {dagbag.py:538} INFO - Filling up the DagBag from /home/ris/PycharmProjects/pythonProject/USA-housing/venv/lib/python3.10/site-packages/airflow/example_dags/example_branch_operator_decorator.py
[2023-03-07T18:29:51.738+0530] {processor.py:753} INFO - DAG(s) dict_keys(['example_branch_python_operator_decorator']) retrieved from /home/ris/PycharmProjects/pythonProject/USA-housing/venv/lib/python3.10/site-packages/airflow/example_dags/example_branch_operator_decorator.py
[2023-03-07T18:29:51.756+0530] {logging_mixin.py:137} INFO - [2023-03-07T18:29:51.756+0530] {dag.py:2690} INFO - Sync 1 DAGs
[2023-03-07T18:29:51.775+0530] {logging_mixin.py:137} INFO - [2023-03-07T18:29:51.775+0530] {dag.py:3437} INFO - Setting next_dagrun for example_branch_python_operator_decorator to 2023-03-06T00:00:00+00:00, run_after=2023-03-07T00:00:00+00:00
[2023-03-07T18:29:51.796+0530] {processor.py:175} INFO - Processing /home/ris/PycharmProjects/pythonProject/USA-housing/venv/lib/python3.10/site-packages/airflow/example_dags/example_branch_operator_decorator.py took 0.082 seconds
[2023-03-07T18:30:42.052+0530] {processor.py:153} INFO - Started process (PID=8971) to work on /home/ris/PycharmProjects/pythonProject/USA-housing/venv/lib/python3.10/site-packages/airflow/example_dags/example_branch_operator_decorator.py
[2023-03-07T18:30:42.054+0530] {processor.py:743} INFO - Processing file /home/ris/PycharmProjects/pythonProject/USA-housing/venv/lib/python3.10/site-packages/airflow/example_dags/example_branch_operator_decorator.py for tasks to queue
[2023-03-07T18:30:42.055+0530] {logging_mixin.py:137} INFO - [2023-03-07T18:30:42.054+0530] {dagbag.py:538} INFO - Filling up the DagBag from /home/ris/PycharmProjects/pythonProject/USA-housing/venv/lib/python3.10/site-packages/airflow/example_dags/example_branch_operator_decorator.py
[2023-03-07T18:30:42.072+0530] {processor.py:753} INFO - DAG(s) dict_keys(['example_branch_python_operator_decorator']) retrieved from /home/ris/PycharmProjects/pythonProject/USA-housing/venv/lib/python3.10/site-packages/airflow/example_dags/example_branch_operator_decorator.py
[2023-03-07T18:30:42.092+0530] {logging_mixin.py:137} INFO - [2023-03-07T18:30:42.092+0530] {dag.py:2690} INFO - Sync 1 DAGs
[2023-03-07T18:30:42.111+0530] {logging_mixin.py:137} INFO - [2023-03-07T18:30:42.111+0530] {dag.py:3437} INFO - Setting next_dagrun for example_branch_python_operator_decorator to 2023-03-06T00:00:00+00:00, run_after=2023-03-07T00:00:00+00:00
[2023-03-07T18:30:42.131+0530] {processor.py:175} INFO - Processing /home/ris/PycharmProjects/pythonProject/USA-housing/venv/lib/python3.10/site-packages/airflow/example_dags/example_branch_operator_decorator.py took 0.082 seconds
[2023-03-07T18:31:35.337+0530] {processor.py:153} INFO - Started process (PID=9058) to work on /home/ris/PycharmProjects/pythonProject/USA-housing/venv/lib/python3.10/site-packages/airflow/example_dags/example_branch_operator_decorator.py
[2023-03-07T18:31:35.339+0530] {processor.py:743} INFO - Processing file /home/ris/PycharmProjects/pythonProject/USA-housing/venv/lib/python3.10/site-packages/airflow/example_dags/example_branch_operator_decorator.py for tasks to queue
[2023-03-07T18:31:35.340+0530] {logging_mixin.py:137} INFO - [2023-03-07T18:31:35.340+0530] {dagbag.py:538} INFO - Filling up the DagBag from /home/ris/PycharmProjects/pythonProject/USA-housing/venv/lib/python3.10/site-packages/airflow/example_dags/example_branch_operator_decorator.py
[2023-03-07T18:31:35.359+0530] {processor.py:753} INFO - DAG(s) dict_keys(['example_branch_python_operator_decorator']) retrieved from /home/ris/PycharmProjects/pythonProject/USA-housing/venv/lib/python3.10/site-packages/airflow/example_dags/example_branch_operator_decorator.py
[2023-03-07T18:31:35.378+0530] {logging_mixin.py:137} INFO - [2023-03-07T18:31:35.378+0530] {dag.py:2690} INFO - Sync 1 DAGs
[2023-03-07T18:31:35.396+0530] {logging_mixin.py:137} INFO - [2023-03-07T18:31:35.396+0530] {dag.py:3437} INFO - Setting next_dagrun for example_branch_python_operator_decorator to 2023-03-06T00:00:00+00:00, run_after=2023-03-07T00:00:00+00:00
[2023-03-07T18:31:35.416+0530] {processor.py:175} INFO - Processing /home/ris/PycharmProjects/pythonProject/USA-housing/venv/lib/python3.10/site-packages/airflow/example_dags/example_branch_operator_decorator.py took 0.081 seconds
[2023-03-07T18:32:24.023+0530] {processor.py:153} INFO - Started process (PID=9114) to work on /home/ris/PycharmProjects/pythonProject/USA-housing/venv/lib/python3.10/site-packages/airflow/example_dags/example_branch_operator_decorator.py
[2023-03-07T18:32:24.025+0530] {processor.py:743} INFO - Processing file /home/ris/PycharmProjects/pythonProject/USA-housing/venv/lib/python3.10/site-packages/airflow/example_dags/example_branch_operator_decorator.py for tasks to queue
[2023-03-07T18:32:24.025+0530] {logging_mixin.py:137} INFO - [2023-03-07T18:32:24.025+0530] {dagbag.py:538} INFO - Filling up the DagBag from /home/ris/PycharmProjects/pythonProject/USA-housing/venv/lib/python3.10/site-packages/airflow/example_dags/example_branch_operator_decorator.py
[2023-03-07T18:32:24.045+0530] {processor.py:753} INFO - DAG(s) dict_keys(['example_branch_python_operator_decorator']) retrieved from /home/ris/PycharmProjects/pythonProject/USA-housing/venv/lib/python3.10/site-packages/airflow/example_dags/example_branch_operator_decorator.py
[2023-03-07T18:32:24.062+0530] {logging_mixin.py:137} INFO - [2023-03-07T18:32:24.062+0530] {dag.py:2690} INFO - Sync 1 DAGs
[2023-03-07T18:32:24.081+0530] {logging_mixin.py:137} INFO - [2023-03-07T18:32:24.080+0530] {dag.py:3437} INFO - Setting next_dagrun for example_branch_python_operator_decorator to 2023-03-06T00:00:00+00:00, run_after=2023-03-07T00:00:00+00:00
[2023-03-07T18:32:24.101+0530] {processor.py:175} INFO - Processing /home/ris/PycharmProjects/pythonProject/USA-housing/venv/lib/python3.10/site-packages/airflow/example_dags/example_branch_operator_decorator.py took 0.081 seconds
[2023-03-07T18:33:10.704+0530] {processor.py:153} INFO - Started process (PID=9169) to work on /home/ris/PycharmProjects/pythonProject/USA-housing/venv/lib/python3.10/site-packages/airflow/example_dags/example_branch_operator_decorator.py
[2023-03-07T18:33:10.706+0530] {processor.py:743} INFO - Processing file /home/ris/PycharmProjects/pythonProject/USA-housing/venv/lib/python3.10/site-packages/airflow/example_dags/example_branch_operator_decorator.py for tasks to queue
[2023-03-07T18:33:10.707+0530] {logging_mixin.py:137} INFO - [2023-03-07T18:33:10.707+0530] {dagbag.py:538} INFO - Filling up the DagBag from /home/ris/PycharmProjects/pythonProject/USA-housing/venv/lib/python3.10/site-packages/airflow/example_dags/example_branch_operator_decorator.py
[2023-03-07T18:33:10.725+0530] {processor.py:753} INFO - DAG(s) dict_keys(['example_branch_python_operator_decorator']) retrieved from /home/ris/PycharmProjects/pythonProject/USA-housing/venv/lib/python3.10/site-packages/airflow/example_dags/example_branch_operator_decorator.py
[2023-03-07T18:33:10.743+0530] {logging_mixin.py:137} INFO - [2023-03-07T18:33:10.743+0530] {dag.py:2690} INFO - Sync 1 DAGs
[2023-03-07T18:33:10.760+0530] {logging_mixin.py:137} INFO - [2023-03-07T18:33:10.760+0530] {dag.py:3437} INFO - Setting next_dagrun for example_branch_python_operator_decorator to 2023-03-06T00:00:00+00:00, run_after=2023-03-07T00:00:00+00:00
[2023-03-07T18:33:10.780+0530] {processor.py:175} INFO - Processing /home/ris/PycharmProjects/pythonProject/USA-housing/venv/lib/python3.10/site-packages/airflow/example_dags/example_branch_operator_decorator.py took 0.078 seconds
[2023-03-07T18:34:00.435+0530] {processor.py:153} INFO - Started process (PID=9223) to work on /home/ris/PycharmProjects/pythonProject/USA-housing/venv/lib/python3.10/site-packages/airflow/example_dags/example_branch_operator_decorator.py
[2023-03-07T18:34:00.437+0530] {processor.py:743} INFO - Processing file /home/ris/PycharmProjects/pythonProject/USA-housing/venv/lib/python3.10/site-packages/airflow/example_dags/example_branch_operator_decorator.py for tasks to queue
[2023-03-07T18:34:00.438+0530] {logging_mixin.py:137} INFO - [2023-03-07T18:34:00.437+0530] {dagbag.py:538} INFO - Filling up the DagBag from /home/ris/PycharmProjects/pythonProject/USA-housing/venv/lib/python3.10/site-packages/airflow/example_dags/example_branch_operator_decorator.py
[2023-03-07T18:34:00.456+0530] {processor.py:753} INFO - DAG(s) dict_keys(['example_branch_python_operator_decorator']) retrieved from /home/ris/PycharmProjects/pythonProject/USA-housing/venv/lib/python3.10/site-packages/airflow/example_dags/example_branch_operator_decorator.py
[2023-03-07T18:34:00.474+0530] {logging_mixin.py:137} INFO - [2023-03-07T18:34:00.473+0530] {dag.py:2690} INFO - Sync 1 DAGs
[2023-03-07T18:34:00.491+0530] {logging_mixin.py:137} INFO - [2023-03-07T18:34:00.491+0530] {dag.py:3437} INFO - Setting next_dagrun for example_branch_python_operator_decorator to 2023-03-06T00:00:00+00:00, run_after=2023-03-07T00:00:00+00:00
[2023-03-07T18:34:00.515+0530] {processor.py:175} INFO - Processing /home/ris/PycharmProjects/pythonProject/USA-housing/venv/lib/python3.10/site-packages/airflow/example_dags/example_branch_operator_decorator.py took 0.082 seconds
[2023-03-07T18:34:45.818+0530] {processor.py:153} INFO - Started process (PID=9276) to work on /home/ris/PycharmProjects/pythonProject/USA-housing/venv/lib/python3.10/site-packages/airflow/example_dags/example_branch_operator_decorator.py
[2023-03-07T18:34:45.819+0530] {processor.py:743} INFO - Processing file /home/ris/PycharmProjects/pythonProject/USA-housing/venv/lib/python3.10/site-packages/airflow/example_dags/example_branch_operator_decorator.py for tasks to queue
[2023-03-07T18:34:45.819+0530] {logging_mixin.py:137} INFO - [2023-03-07T18:34:45.819+0530] {dagbag.py:538} INFO - Filling up the DagBag from /home/ris/PycharmProjects/pythonProject/USA-housing/venv/lib/python3.10/site-packages/airflow/example_dags/example_branch_operator_decorator.py
[2023-03-07T18:34:45.837+0530] {processor.py:753} INFO - DAG(s) dict_keys(['example_branch_python_operator_decorator']) retrieved from /home/ris/PycharmProjects/pythonProject/USA-housing/venv/lib/python3.10/site-packages/airflow/example_dags/example_branch_operator_decorator.py
[2023-03-07T18:34:45.856+0530] {logging_mixin.py:137} INFO - [2023-03-07T18:34:45.856+0530] {dag.py:2690} INFO - Sync 1 DAGs
[2023-03-07T18:34:45.875+0530] {logging_mixin.py:137} INFO - [2023-03-07T18:34:45.874+0530] {dag.py:3437} INFO - Setting next_dagrun for example_branch_python_operator_decorator to 2023-03-06T00:00:00+00:00, run_after=2023-03-07T00:00:00+00:00
[2023-03-07T18:34:45.897+0530] {processor.py:175} INFO - Processing /home/ris/PycharmProjects/pythonProject/USA-housing/venv/lib/python3.10/site-packages/airflow/example_dags/example_branch_operator_decorator.py took 0.082 seconds
[2023-03-07T18:35:34.461+0530] {processor.py:153} INFO - Started process (PID=9352) to work on /home/ris/PycharmProjects/pythonProject/USA-housing/venv/lib/python3.10/site-packages/airflow/example_dags/example_branch_operator_decorator.py
[2023-03-07T18:35:34.463+0530] {processor.py:743} INFO - Processing file /home/ris/PycharmProjects/pythonProject/USA-housing/venv/lib/python3.10/site-packages/airflow/example_dags/example_branch_operator_decorator.py for tasks to queue
[2023-03-07T18:35:34.463+0530] {logging_mixin.py:137} INFO - [2023-03-07T18:35:34.463+0530] {dagbag.py:538} INFO - Filling up the DagBag from /home/ris/PycharmProjects/pythonProject/USA-housing/venv/lib/python3.10/site-packages/airflow/example_dags/example_branch_operator_decorator.py
[2023-03-07T18:35:34.480+0530] {processor.py:753} INFO - DAG(s) dict_keys(['example_branch_python_operator_decorator']) retrieved from /home/ris/PycharmProjects/pythonProject/USA-housing/venv/lib/python3.10/site-packages/airflow/example_dags/example_branch_operator_decorator.py
[2023-03-07T18:35:34.498+0530] {logging_mixin.py:137} INFO - [2023-03-07T18:35:34.498+0530] {dag.py:2690} INFO - Sync 1 DAGs
[2023-03-07T18:35:34.515+0530] {logging_mixin.py:137} INFO - [2023-03-07T18:35:34.515+0530] {dag.py:3437} INFO - Setting next_dagrun for example_branch_python_operator_decorator to 2023-03-06T00:00:00+00:00, run_after=2023-03-07T00:00:00+00:00
[2023-03-07T18:35:34.533+0530] {processor.py:175} INFO - Processing /home/ris/PycharmProjects/pythonProject/USA-housing/venv/lib/python3.10/site-packages/airflow/example_dags/example_branch_operator_decorator.py took 0.075 seconds
[2023-03-07T18:36:25.166+0530] {processor.py:153} INFO - Started process (PID=9408) to work on /home/ris/PycharmProjects/pythonProject/USA-housing/venv/lib/python3.10/site-packages/airflow/example_dags/example_branch_operator_decorator.py
[2023-03-07T18:36:25.168+0530] {processor.py:743} INFO - Processing file /home/ris/PycharmProjects/pythonProject/USA-housing/venv/lib/python3.10/site-packages/airflow/example_dags/example_branch_operator_decorator.py for tasks to queue
[2023-03-07T18:36:25.169+0530] {logging_mixin.py:137} INFO - [2023-03-07T18:36:25.169+0530] {dagbag.py:538} INFO - Filling up the DagBag from /home/ris/PycharmProjects/pythonProject/USA-housing/venv/lib/python3.10/site-packages/airflow/example_dags/example_branch_operator_decorator.py
[2023-03-07T18:36:25.187+0530] {processor.py:753} INFO - DAG(s) dict_keys(['example_branch_python_operator_decorator']) retrieved from /home/ris/PycharmProjects/pythonProject/USA-housing/venv/lib/python3.10/site-packages/airflow/example_dags/example_branch_operator_decorator.py
[2023-03-07T18:36:25.204+0530] {logging_mixin.py:137} INFO - [2023-03-07T18:36:25.204+0530] {dag.py:2690} INFO - Sync 1 DAGs
[2023-03-07T18:36:25.221+0530] {logging_mixin.py:137} INFO - [2023-03-07T18:36:25.221+0530] {dag.py:3437} INFO - Setting next_dagrun for example_branch_python_operator_decorator to 2023-03-06T00:00:00+00:00, run_after=2023-03-07T00:00:00+00:00
[2023-03-07T18:36:25.241+0530] {processor.py:175} INFO - Processing /home/ris/PycharmProjects/pythonProject/USA-housing/venv/lib/python3.10/site-packages/airflow/example_dags/example_branch_operator_decorator.py took 0.078 seconds
[2023-03-07T18:37:15.343+0530] {processor.py:153} INFO - Started process (PID=9503) to work on /home/ris/PycharmProjects/pythonProject/USA-housing/venv/lib/python3.10/site-packages/airflow/example_dags/example_branch_operator_decorator.py
[2023-03-07T18:37:15.345+0530] {processor.py:743} INFO - Processing file /home/ris/PycharmProjects/pythonProject/USA-housing/venv/lib/python3.10/site-packages/airflow/example_dags/example_branch_operator_decorator.py for tasks to queue
[2023-03-07T18:37:15.346+0530] {logging_mixin.py:137} INFO - [2023-03-07T18:37:15.346+0530] {dagbag.py:538} INFO - Filling up the DagBag from /home/ris/PycharmProjects/pythonProject/USA-housing/venv/lib/python3.10/site-packages/airflow/example_dags/example_branch_operator_decorator.py
[2023-03-07T18:37:15.385+0530] {processor.py:753} INFO - DAG(s) dict_keys(['example_branch_python_operator_decorator']) retrieved from /home/ris/PycharmProjects/pythonProject/USA-housing/venv/lib/python3.10/site-packages/airflow/example_dags/example_branch_operator_decorator.py
[2023-03-07T18:37:15.404+0530] {logging_mixin.py:137} INFO - [2023-03-07T18:37:15.403+0530] {dag.py:2690} INFO - Sync 1 DAGs
[2023-03-07T18:37:15.420+0530] {logging_mixin.py:137} INFO - [2023-03-07T18:37:15.420+0530] {dag.py:3437} INFO - Setting next_dagrun for example_branch_python_operator_decorator to 2023-03-06T00:00:00+00:00, run_after=2023-03-07T00:00:00+00:00
[2023-03-07T18:37:15.437+0530] {processor.py:175} INFO - Processing /home/ris/PycharmProjects/pythonProject/USA-housing/venv/lib/python3.10/site-packages/airflow/example_dags/example_branch_operator_decorator.py took 0.096 seconds
[2023-03-07T18:38:05.911+0530] {processor.py:153} INFO - Started process (PID=9563) to work on /home/ris/PycharmProjects/pythonProject/USA-housing/venv/lib/python3.10/site-packages/airflow/example_dags/example_branch_operator_decorator.py
[2023-03-07T18:38:05.913+0530] {processor.py:743} INFO - Processing file /home/ris/PycharmProjects/pythonProject/USA-housing/venv/lib/python3.10/site-packages/airflow/example_dags/example_branch_operator_decorator.py for tasks to queue
[2023-03-07T18:38:05.913+0530] {logging_mixin.py:137} INFO - [2023-03-07T18:38:05.913+0530] {dagbag.py:538} INFO - Filling up the DagBag from /home/ris/PycharmProjects/pythonProject/USA-housing/venv/lib/python3.10/site-packages/airflow/example_dags/example_branch_operator_decorator.py
[2023-03-07T18:38:05.931+0530] {processor.py:753} INFO - DAG(s) dict_keys(['example_branch_python_operator_decorator']) retrieved from /home/ris/PycharmProjects/pythonProject/USA-housing/venv/lib/python3.10/site-packages/airflow/example_dags/example_branch_operator_decorator.py
[2023-03-07T18:38:05.948+0530] {logging_mixin.py:137} INFO - [2023-03-07T18:38:05.948+0530] {dag.py:2690} INFO - Sync 1 DAGs
[2023-03-07T18:38:05.967+0530] {logging_mixin.py:137} INFO - [2023-03-07T18:38:05.966+0530] {dag.py:3437} INFO - Setting next_dagrun for example_branch_python_operator_decorator to 2023-03-06T00:00:00+00:00, run_after=2023-03-07T00:00:00+00:00
[2023-03-07T18:38:05.988+0530] {processor.py:175} INFO - Processing /home/ris/PycharmProjects/pythonProject/USA-housing/venv/lib/python3.10/site-packages/airflow/example_dags/example_branch_operator_decorator.py took 0.080 seconds
[2023-03-07T18:38:57.129+0530] {processor.py:153} INFO - Started process (PID=9644) to work on /home/ris/PycharmProjects/pythonProject/USA-housing/venv/lib/python3.10/site-packages/airflow/example_dags/example_branch_operator_decorator.py
[2023-03-07T18:38:57.131+0530] {processor.py:743} INFO - Processing file /home/ris/PycharmProjects/pythonProject/USA-housing/venv/lib/python3.10/site-packages/airflow/example_dags/example_branch_operator_decorator.py for tasks to queue
[2023-03-07T18:38:57.132+0530] {logging_mixin.py:137} INFO - [2023-03-07T18:38:57.132+0530] {dagbag.py:538} INFO - Filling up the DagBag from /home/ris/PycharmProjects/pythonProject/USA-housing/venv/lib/python3.10/site-packages/airflow/example_dags/example_branch_operator_decorator.py
[2023-03-07T18:38:57.167+0530] {processor.py:753} INFO - DAG(s) dict_keys(['example_branch_python_operator_decorator']) retrieved from /home/ris/PycharmProjects/pythonProject/USA-housing/venv/lib/python3.10/site-packages/airflow/example_dags/example_branch_operator_decorator.py
[2023-03-07T18:38:57.184+0530] {logging_mixin.py:137} INFO - [2023-03-07T18:38:57.184+0530] {dag.py:2690} INFO - Sync 1 DAGs
[2023-03-07T18:38:57.199+0530] {logging_mixin.py:137} INFO - [2023-03-07T18:38:57.199+0530] {dag.py:3437} INFO - Setting next_dagrun for example_branch_python_operator_decorator to 2023-03-06T00:00:00+00:00, run_after=2023-03-07T00:00:00+00:00
[2023-03-07T18:38:57.216+0530] {processor.py:175} INFO - Processing /home/ris/PycharmProjects/pythonProject/USA-housing/venv/lib/python3.10/site-packages/airflow/example_dags/example_branch_operator_decorator.py took 0.092 seconds
[2023-03-07T18:39:54.169+0530] {processor.py:153} INFO - Started process (PID=9709) to work on /home/ris/PycharmProjects/pythonProject/USA-housing/venv/lib/python3.10/site-packages/airflow/example_dags/example_branch_operator_decorator.py
[2023-03-07T18:39:54.171+0530] {processor.py:743} INFO - Processing file /home/ris/PycharmProjects/pythonProject/USA-housing/venv/lib/python3.10/site-packages/airflow/example_dags/example_branch_operator_decorator.py for tasks to queue
[2023-03-07T18:39:54.172+0530] {logging_mixin.py:137} INFO - [2023-03-07T18:39:54.172+0530] {dagbag.py:538} INFO - Filling up the DagBag from /home/ris/PycharmProjects/pythonProject/USA-housing/venv/lib/python3.10/site-packages/airflow/example_dags/example_branch_operator_decorator.py
[2023-03-07T18:39:54.207+0530] {processor.py:753} INFO - DAG(s) dict_keys(['example_branch_python_operator_decorator']) retrieved from /home/ris/PycharmProjects/pythonProject/USA-housing/venv/lib/python3.10/site-packages/airflow/example_dags/example_branch_operator_decorator.py
[2023-03-07T18:39:54.225+0530] {logging_mixin.py:137} INFO - [2023-03-07T18:39:54.225+0530] {dag.py:2690} INFO - Sync 1 DAGs
[2023-03-07T18:39:54.239+0530] {logging_mixin.py:137} INFO - [2023-03-07T18:39:54.239+0530] {dag.py:3437} INFO - Setting next_dagrun for example_branch_python_operator_decorator to 2023-03-06T00:00:00+00:00, run_after=2023-03-07T00:00:00+00:00
[2023-03-07T18:39:54.256+0530] {processor.py:175} INFO - Processing /home/ris/PycharmProjects/pythonProject/USA-housing/venv/lib/python3.10/site-packages/airflow/example_dags/example_branch_operator_decorator.py took 0.091 seconds
[2023-03-07T18:40:48.606+0530] {processor.py:153} INFO - Started process (PID=9767) to work on /home/ris/PycharmProjects/pythonProject/USA-housing/venv/lib/python3.10/site-packages/airflow/example_dags/example_branch_operator_decorator.py
[2023-03-07T18:40:48.609+0530] {processor.py:743} INFO - Processing file /home/ris/PycharmProjects/pythonProject/USA-housing/venv/lib/python3.10/site-packages/airflow/example_dags/example_branch_operator_decorator.py for tasks to queue
[2023-03-07T18:40:48.610+0530] {logging_mixin.py:137} INFO - [2023-03-07T18:40:48.609+0530] {dagbag.py:538} INFO - Filling up the DagBag from /home/ris/PycharmProjects/pythonProject/USA-housing/venv/lib/python3.10/site-packages/airflow/example_dags/example_branch_operator_decorator.py
[2023-03-07T18:40:48.645+0530] {processor.py:753} INFO - DAG(s) dict_keys(['example_branch_python_operator_decorator']) retrieved from /home/ris/PycharmProjects/pythonProject/USA-housing/venv/lib/python3.10/site-packages/airflow/example_dags/example_branch_operator_decorator.py
[2023-03-07T18:40:48.660+0530] {logging_mixin.py:137} INFO - [2023-03-07T18:40:48.660+0530] {dag.py:2690} INFO - Sync 1 DAGs
[2023-03-07T18:40:48.675+0530] {logging_mixin.py:137} INFO - [2023-03-07T18:40:48.675+0530] {dag.py:3437} INFO - Setting next_dagrun for example_branch_python_operator_decorator to 2023-03-06T00:00:00+00:00, run_after=2023-03-07T00:00:00+00:00
[2023-03-07T18:40:48.692+0530] {processor.py:175} INFO - Processing /home/ris/PycharmProjects/pythonProject/USA-housing/venv/lib/python3.10/site-packages/airflow/example_dags/example_branch_operator_decorator.py took 0.090 seconds
