[2023-03-07T16:10:51.848+0530] {processor.py:153} INFO - Started process (PID=14980) to work on /home/ris/PycharmProjects/pythonProject/USA-housing/venv/lib/python3.10/site-packages/airflow/example_dags/example_sensor_decorator.py
[2023-03-07T16:10:51.850+0530] {processor.py:743} INFO - Processing file /home/ris/PycharmProjects/pythonProject/USA-housing/venv/lib/python3.10/site-packages/airflow/example_dags/example_sensor_decorator.py for tasks to queue
[2023-03-07T16:10:51.851+0530] {logging_mixin.py:137} INFO - [2023-03-07T16:10:51.851+0530] {dagbag.py:538} INFO - Filling up the DagBag from /home/ris/PycharmProjects/pythonProject/USA-housing/venv/lib/python3.10/site-packages/airflow/example_dags/example_sensor_decorator.py
[2023-03-07T16:10:51.887+0530] {processor.py:753} INFO - DAG(s) dict_keys(['example_sensor_decorator']) retrieved from /home/ris/PycharmProjects/pythonProject/USA-housing/venv/lib/python3.10/site-packages/airflow/example_dags/example_sensor_decorator.py
[2023-03-07T16:10:51.915+0530] {logging_mixin.py:137} INFO - [2023-03-07T16:10:51.915+0530] {dag.py:2690} INFO - Sync 1 DAGs
[2023-03-07T16:10:51.949+0530] {logging_mixin.py:137} INFO - [2023-03-07T16:10:51.949+0530] {dag.py:3437} INFO - Setting next_dagrun for example_sensor_decorator to None, run_after=None
[2023-03-07T16:10:51.986+0530] {processor.py:175} INFO - Processing /home/ris/PycharmProjects/pythonProject/USA-housing/venv/lib/python3.10/site-packages/airflow/example_dags/example_sensor_decorator.py took 0.144 seconds
[2023-03-07T17:37:44.039+0530] {processor.py:153} INFO - Started process (PID=5615) to work on /home/ris/PycharmProjects/pythonProject/USA-housing/venv/lib/python3.10/site-packages/airflow/example_dags/example_sensor_decorator.py
[2023-03-07T17:37:44.040+0530] {processor.py:743} INFO - Processing file /home/ris/PycharmProjects/pythonProject/USA-housing/venv/lib/python3.10/site-packages/airflow/example_dags/example_sensor_decorator.py for tasks to queue
[2023-03-07T17:37:44.041+0530] {logging_mixin.py:137} INFO - [2023-03-07T17:37:44.040+0530] {dagbag.py:538} INFO - Filling up the DagBag from /home/ris/PycharmProjects/pythonProject/USA-housing/venv/lib/python3.10/site-packages/airflow/example_dags/example_sensor_decorator.py
[2023-03-07T17:37:44.060+0530] {processor.py:753} INFO - DAG(s) dict_keys(['example_sensor_decorator']) retrieved from /home/ris/PycharmProjects/pythonProject/USA-housing/venv/lib/python3.10/site-packages/airflow/example_dags/example_sensor_decorator.py
[2023-03-07T17:37:44.076+0530] {logging_mixin.py:137} INFO - [2023-03-07T17:37:44.076+0530] {dag.py:2690} INFO - Sync 1 DAGs
[2023-03-07T17:37:44.095+0530] {logging_mixin.py:137} INFO - [2023-03-07T17:37:44.095+0530] {dag.py:3437} INFO - Setting next_dagrun for example_sensor_decorator to None, run_after=None
[2023-03-07T17:37:44.113+0530] {processor.py:175} INFO - Processing /home/ris/PycharmProjects/pythonProject/USA-housing/venv/lib/python3.10/site-packages/airflow/example_dags/example_sensor_decorator.py took 0.076 seconds
[2023-03-07T17:38:52.074+0530] {processor.py:153} INFO - Started process (PID=5769) to work on /home/ris/PycharmProjects/pythonProject/USA-housing/venv/lib/python3.10/site-packages/airflow/example_dags/example_sensor_decorator.py
[2023-03-07T17:38:52.075+0530] {processor.py:743} INFO - Processing file /home/ris/PycharmProjects/pythonProject/USA-housing/venv/lib/python3.10/site-packages/airflow/example_dags/example_sensor_decorator.py for tasks to queue
[2023-03-07T17:38:52.076+0530] {logging_mixin.py:137} INFO - [2023-03-07T17:38:52.076+0530] {dagbag.py:538} INFO - Filling up the DagBag from /home/ris/PycharmProjects/pythonProject/USA-housing/venv/lib/python3.10/site-packages/airflow/example_dags/example_sensor_decorator.py
[2023-03-07T17:38:52.095+0530] {processor.py:753} INFO - DAG(s) dict_keys(['example_sensor_decorator']) retrieved from /home/ris/PycharmProjects/pythonProject/USA-housing/venv/lib/python3.10/site-packages/airflow/example_dags/example_sensor_decorator.py
[2023-03-07T17:38:52.109+0530] {logging_mixin.py:137} INFO - [2023-03-07T17:38:52.109+0530] {dag.py:2690} INFO - Sync 1 DAGs
[2023-03-07T17:38:52.127+0530] {logging_mixin.py:137} INFO - [2023-03-07T17:38:52.127+0530] {dag.py:3437} INFO - Setting next_dagrun for example_sensor_decorator to None, run_after=None
[2023-03-07T17:38:52.150+0530] {processor.py:175} INFO - Processing /home/ris/PycharmProjects/pythonProject/USA-housing/venv/lib/python3.10/site-packages/airflow/example_dags/example_sensor_decorator.py took 0.079 seconds
[2023-03-07T17:59:31.443+0530] {processor.py:153} INFO - Started process (PID=5933) to work on /home/ris/PycharmProjects/pythonProject/USA-housing/venv/lib/python3.10/site-packages/airflow/example_dags/example_sensor_decorator.py
[2023-03-07T17:59:31.445+0530] {processor.py:743} INFO - Processing file /home/ris/PycharmProjects/pythonProject/USA-housing/venv/lib/python3.10/site-packages/airflow/example_dags/example_sensor_decorator.py for tasks to queue
[2023-03-07T17:59:31.445+0530] {logging_mixin.py:137} INFO - [2023-03-07T17:59:31.445+0530] {dagbag.py:538} INFO - Filling up the DagBag from /home/ris/PycharmProjects/pythonProject/USA-housing/venv/lib/python3.10/site-packages/airflow/example_dags/example_sensor_decorator.py
[2023-03-07T17:59:31.460+0530] {processor.py:753} INFO - DAG(s) dict_keys(['example_sensor_decorator']) retrieved from /home/ris/PycharmProjects/pythonProject/USA-housing/venv/lib/python3.10/site-packages/airflow/example_dags/example_sensor_decorator.py
[2023-03-07T17:59:31.476+0530] {logging_mixin.py:137} INFO - [2023-03-07T17:59:31.476+0530] {dag.py:2690} INFO - Sync 1 DAGs
[2023-03-07T17:59:31.495+0530] {logging_mixin.py:137} INFO - [2023-03-07T17:59:31.494+0530] {dag.py:3437} INFO - Setting next_dagrun for example_sensor_decorator to None, run_after=None
[2023-03-07T17:59:31.521+0530] {processor.py:175} INFO - Processing /home/ris/PycharmProjects/pythonProject/USA-housing/venv/lib/python3.10/site-packages/airflow/example_dags/example_sensor_decorator.py took 0.081 seconds
[2023-03-07T18:00:16.533+0530] {processor.py:153} INFO - Started process (PID=5976) to work on /home/ris/PycharmProjects/pythonProject/USA-housing/venv/lib/python3.10/site-packages/airflow/example_dags/example_sensor_decorator.py
[2023-03-07T18:00:16.535+0530] {processor.py:743} INFO - Processing file /home/ris/PycharmProjects/pythonProject/USA-housing/venv/lib/python3.10/site-packages/airflow/example_dags/example_sensor_decorator.py for tasks to queue
[2023-03-07T18:00:16.536+0530] {logging_mixin.py:137} INFO - [2023-03-07T18:00:16.536+0530] {dagbag.py:538} INFO - Filling up the DagBag from /home/ris/PycharmProjects/pythonProject/USA-housing/venv/lib/python3.10/site-packages/airflow/example_dags/example_sensor_decorator.py
[2023-03-07T18:00:16.550+0530] {processor.py:753} INFO - DAG(s) dict_keys(['example_sensor_decorator']) retrieved from /home/ris/PycharmProjects/pythonProject/USA-housing/venv/lib/python3.10/site-packages/airflow/example_dags/example_sensor_decorator.py
[2023-03-07T18:00:16.566+0530] {logging_mixin.py:137} INFO - [2023-03-07T18:00:16.566+0530] {dag.py:2690} INFO - Sync 1 DAGs
[2023-03-07T18:00:16.583+0530] {logging_mixin.py:137} INFO - [2023-03-07T18:00:16.583+0530] {dag.py:3437} INFO - Setting next_dagrun for example_sensor_decorator to None, run_after=None
[2023-03-07T18:00:16.601+0530] {processor.py:175} INFO - Processing /home/ris/PycharmProjects/pythonProject/USA-housing/venv/lib/python3.10/site-packages/airflow/example_dags/example_sensor_decorator.py took 0.071 seconds
[2023-03-07T18:00:59.851+0530] {processor.py:153} INFO - Started process (PID=6023) to work on /home/ris/PycharmProjects/pythonProject/USA-housing/venv/lib/python3.10/site-packages/airflow/example_dags/example_sensor_decorator.py
[2023-03-07T18:00:59.853+0530] {processor.py:743} INFO - Processing file /home/ris/PycharmProjects/pythonProject/USA-housing/venv/lib/python3.10/site-packages/airflow/example_dags/example_sensor_decorator.py for tasks to queue
[2023-03-07T18:00:59.854+0530] {logging_mixin.py:137} INFO - [2023-03-07T18:00:59.854+0530] {dagbag.py:538} INFO - Filling up the DagBag from /home/ris/PycharmProjects/pythonProject/USA-housing/venv/lib/python3.10/site-packages/airflow/example_dags/example_sensor_decorator.py
[2023-03-07T18:00:59.869+0530] {processor.py:753} INFO - DAG(s) dict_keys(['example_sensor_decorator']) retrieved from /home/ris/PycharmProjects/pythonProject/USA-housing/venv/lib/python3.10/site-packages/airflow/example_dags/example_sensor_decorator.py
[2023-03-07T18:00:59.887+0530] {logging_mixin.py:137} INFO - [2023-03-07T18:00:59.886+0530] {dag.py:2690} INFO - Sync 1 DAGs
[2023-03-07T18:00:59.903+0530] {logging_mixin.py:137} INFO - [2023-03-07T18:00:59.903+0530] {dag.py:3437} INFO - Setting next_dagrun for example_sensor_decorator to None, run_after=None
[2023-03-07T18:00:59.924+0530] {processor.py:175} INFO - Processing /home/ris/PycharmProjects/pythonProject/USA-housing/venv/lib/python3.10/site-packages/airflow/example_dags/example_sensor_decorator.py took 0.076 seconds
[2023-03-07T18:01:42.302+0530] {processor.py:153} INFO - Started process (PID=6070) to work on /home/ris/PycharmProjects/pythonProject/USA-housing/venv/lib/python3.10/site-packages/airflow/example_dags/example_sensor_decorator.py
[2023-03-07T18:01:42.305+0530] {processor.py:743} INFO - Processing file /home/ris/PycharmProjects/pythonProject/USA-housing/venv/lib/python3.10/site-packages/airflow/example_dags/example_sensor_decorator.py for tasks to queue
[2023-03-07T18:01:42.307+0530] {logging_mixin.py:137} INFO - [2023-03-07T18:01:42.306+0530] {dagbag.py:538} INFO - Filling up the DagBag from /home/ris/PycharmProjects/pythonProject/USA-housing/venv/lib/python3.10/site-packages/airflow/example_dags/example_sensor_decorator.py
[2023-03-07T18:01:42.326+0530] {processor.py:753} INFO - DAG(s) dict_keys(['example_sensor_decorator']) retrieved from /home/ris/PycharmProjects/pythonProject/USA-housing/venv/lib/python3.10/site-packages/airflow/example_dags/example_sensor_decorator.py
[2023-03-07T18:01:42.343+0530] {logging_mixin.py:137} INFO - [2023-03-07T18:01:42.342+0530] {dag.py:2690} INFO - Sync 1 DAGs
[2023-03-07T18:01:42.358+0530] {logging_mixin.py:137} INFO - [2023-03-07T18:01:42.358+0530] {dag.py:3437} INFO - Setting next_dagrun for example_sensor_decorator to None, run_after=None
[2023-03-07T18:01:42.377+0530] {processor.py:175} INFO - Processing /home/ris/PycharmProjects/pythonProject/USA-housing/venv/lib/python3.10/site-packages/airflow/example_dags/example_sensor_decorator.py took 0.079 seconds
[2023-03-07T18:02:25.609+0530] {processor.py:153} INFO - Started process (PID=6117) to work on /home/ris/PycharmProjects/pythonProject/USA-housing/venv/lib/python3.10/site-packages/airflow/example_dags/example_sensor_decorator.py
[2023-03-07T18:02:25.611+0530] {processor.py:743} INFO - Processing file /home/ris/PycharmProjects/pythonProject/USA-housing/venv/lib/python3.10/site-packages/airflow/example_dags/example_sensor_decorator.py for tasks to queue
[2023-03-07T18:02:25.612+0530] {logging_mixin.py:137} INFO - [2023-03-07T18:02:25.612+0530] {dagbag.py:538} INFO - Filling up the DagBag from /home/ris/PycharmProjects/pythonProject/USA-housing/venv/lib/python3.10/site-packages/airflow/example_dags/example_sensor_decorator.py
[2023-03-07T18:02:25.627+0530] {processor.py:753} INFO - DAG(s) dict_keys(['example_sensor_decorator']) retrieved from /home/ris/PycharmProjects/pythonProject/USA-housing/venv/lib/python3.10/site-packages/airflow/example_dags/example_sensor_decorator.py
[2023-03-07T18:02:25.643+0530] {logging_mixin.py:137} INFO - [2023-03-07T18:02:25.643+0530] {dag.py:2690} INFO - Sync 1 DAGs
[2023-03-07T18:02:25.659+0530] {logging_mixin.py:137} INFO - [2023-03-07T18:02:25.659+0530] {dag.py:3437} INFO - Setting next_dagrun for example_sensor_decorator to None, run_after=None
[2023-03-07T18:02:25.679+0530] {processor.py:175} INFO - Processing /home/ris/PycharmProjects/pythonProject/USA-housing/venv/lib/python3.10/site-packages/airflow/example_dags/example_sensor_decorator.py took 0.073 seconds
[2023-03-07T18:03:04.929+0530] {processor.py:153} INFO - Started process (PID=6160) to work on /home/ris/PycharmProjects/pythonProject/USA-housing/venv/lib/python3.10/site-packages/airflow/example_dags/example_sensor_decorator.py
[2023-03-07T18:03:04.931+0530] {processor.py:743} INFO - Processing file /home/ris/PycharmProjects/pythonProject/USA-housing/venv/lib/python3.10/site-packages/airflow/example_dags/example_sensor_decorator.py for tasks to queue
[2023-03-07T18:03:04.932+0530] {logging_mixin.py:137} INFO - [2023-03-07T18:03:04.932+0530] {dagbag.py:538} INFO - Filling up the DagBag from /home/ris/PycharmProjects/pythonProject/USA-housing/venv/lib/python3.10/site-packages/airflow/example_dags/example_sensor_decorator.py
[2023-03-07T18:03:04.947+0530] {processor.py:753} INFO - DAG(s) dict_keys(['example_sensor_decorator']) retrieved from /home/ris/PycharmProjects/pythonProject/USA-housing/venv/lib/python3.10/site-packages/airflow/example_dags/example_sensor_decorator.py
[2023-03-07T18:03:04.963+0530] {logging_mixin.py:137} INFO - [2023-03-07T18:03:04.963+0530] {dag.py:2690} INFO - Sync 1 DAGs
[2023-03-07T18:03:04.979+0530] {logging_mixin.py:137} INFO - [2023-03-07T18:03:04.979+0530] {dag.py:3437} INFO - Setting next_dagrun for example_sensor_decorator to None, run_after=None
[2023-03-07T18:03:05.008+0530] {processor.py:175} INFO - Processing /home/ris/PycharmProjects/pythonProject/USA-housing/venv/lib/python3.10/site-packages/airflow/example_dags/example_sensor_decorator.py took 0.081 seconds
[2023-03-07T18:03:52.863+0530] {processor.py:153} INFO - Started process (PID=6216) to work on /home/ris/PycharmProjects/pythonProject/USA-housing/venv/lib/python3.10/site-packages/airflow/example_dags/example_sensor_decorator.py
[2023-03-07T18:03:52.864+0530] {processor.py:743} INFO - Processing file /home/ris/PycharmProjects/pythonProject/USA-housing/venv/lib/python3.10/site-packages/airflow/example_dags/example_sensor_decorator.py for tasks to queue
[2023-03-07T18:03:52.865+0530] {logging_mixin.py:137} INFO - [2023-03-07T18:03:52.865+0530] {dagbag.py:538} INFO - Filling up the DagBag from /home/ris/PycharmProjects/pythonProject/USA-housing/venv/lib/python3.10/site-packages/airflow/example_dags/example_sensor_decorator.py
[2023-03-07T18:03:52.880+0530] {processor.py:753} INFO - DAG(s) dict_keys(['example_sensor_decorator']) retrieved from /home/ris/PycharmProjects/pythonProject/USA-housing/venv/lib/python3.10/site-packages/airflow/example_dags/example_sensor_decorator.py
[2023-03-07T18:03:52.897+0530] {logging_mixin.py:137} INFO - [2023-03-07T18:03:52.897+0530] {dag.py:2690} INFO - Sync 1 DAGs
[2023-03-07T18:03:52.920+0530] {logging_mixin.py:137} INFO - [2023-03-07T18:03:52.920+0530] {dag.py:3437} INFO - Setting next_dagrun for example_sensor_decorator to None, run_after=None
[2023-03-07T18:03:52.940+0530] {processor.py:175} INFO - Processing /home/ris/PycharmProjects/pythonProject/USA-housing/venv/lib/python3.10/site-packages/airflow/example_dags/example_sensor_decorator.py took 0.080 seconds
[2023-03-07T18:04:39.450+0530] {processor.py:153} INFO - Started process (PID=6274) to work on /home/ris/PycharmProjects/pythonProject/USA-housing/venv/lib/python3.10/site-packages/airflow/example_dags/example_sensor_decorator.py
[2023-03-07T18:04:39.451+0530] {processor.py:743} INFO - Processing file /home/ris/PycharmProjects/pythonProject/USA-housing/venv/lib/python3.10/site-packages/airflow/example_dags/example_sensor_decorator.py for tasks to queue
[2023-03-07T18:04:39.452+0530] {logging_mixin.py:137} INFO - [2023-03-07T18:04:39.452+0530] {dagbag.py:538} INFO - Filling up the DagBag from /home/ris/PycharmProjects/pythonProject/USA-housing/venv/lib/python3.10/site-packages/airflow/example_dags/example_sensor_decorator.py
[2023-03-07T18:04:39.473+0530] {processor.py:753} INFO - DAG(s) dict_keys(['example_sensor_decorator']) retrieved from /home/ris/PycharmProjects/pythonProject/USA-housing/venv/lib/python3.10/site-packages/airflow/example_dags/example_sensor_decorator.py
[2023-03-07T18:04:39.491+0530] {logging_mixin.py:137} INFO - [2023-03-07T18:04:39.491+0530] {dag.py:2690} INFO - Sync 1 DAGs
[2023-03-07T18:04:39.508+0530] {logging_mixin.py:137} INFO - [2023-03-07T18:04:39.508+0530] {dag.py:3437} INFO - Setting next_dagrun for example_sensor_decorator to None, run_after=None
[2023-03-07T18:04:39.529+0530] {processor.py:175} INFO - Processing /home/ris/PycharmProjects/pythonProject/USA-housing/venv/lib/python3.10/site-packages/airflow/example_dags/example_sensor_decorator.py took 0.082 seconds
[2023-03-07T18:05:27.675+0530] {processor.py:153} INFO - Started process (PID=6326) to work on /home/ris/PycharmProjects/pythonProject/USA-housing/venv/lib/python3.10/site-packages/airflow/example_dags/example_sensor_decorator.py
[2023-03-07T18:05:27.677+0530] {processor.py:743} INFO - Processing file /home/ris/PycharmProjects/pythonProject/USA-housing/venv/lib/python3.10/site-packages/airflow/example_dags/example_sensor_decorator.py for tasks to queue
[2023-03-07T18:05:27.678+0530] {logging_mixin.py:137} INFO - [2023-03-07T18:05:27.678+0530] {dagbag.py:538} INFO - Filling up the DagBag from /home/ris/PycharmProjects/pythonProject/USA-housing/venv/lib/python3.10/site-packages/airflow/example_dags/example_sensor_decorator.py
[2023-03-07T18:05:27.693+0530] {processor.py:753} INFO - DAG(s) dict_keys(['example_sensor_decorator']) retrieved from /home/ris/PycharmProjects/pythonProject/USA-housing/venv/lib/python3.10/site-packages/airflow/example_dags/example_sensor_decorator.py
[2023-03-07T18:05:27.710+0530] {logging_mixin.py:137} INFO - [2023-03-07T18:05:27.710+0530] {dag.py:2690} INFO - Sync 1 DAGs
[2023-03-07T18:05:27.726+0530] {logging_mixin.py:137} INFO - [2023-03-07T18:05:27.726+0530] {dag.py:3437} INFO - Setting next_dagrun for example_sensor_decorator to None, run_after=None
[2023-03-07T18:05:27.745+0530] {processor.py:175} INFO - Processing /home/ris/PycharmProjects/pythonProject/USA-housing/venv/lib/python3.10/site-packages/airflow/example_dags/example_sensor_decorator.py took 0.073 seconds
[2023-03-07T18:06:09.061+0530] {processor.py:153} INFO - Started process (PID=6370) to work on /home/ris/PycharmProjects/pythonProject/USA-housing/venv/lib/python3.10/site-packages/airflow/example_dags/example_sensor_decorator.py
[2023-03-07T18:06:09.065+0530] {processor.py:743} INFO - Processing file /home/ris/PycharmProjects/pythonProject/USA-housing/venv/lib/python3.10/site-packages/airflow/example_dags/example_sensor_decorator.py for tasks to queue
[2023-03-07T18:06:09.066+0530] {logging_mixin.py:137} INFO - [2023-03-07T18:06:09.066+0530] {dagbag.py:538} INFO - Filling up the DagBag from /home/ris/PycharmProjects/pythonProject/USA-housing/venv/lib/python3.10/site-packages/airflow/example_dags/example_sensor_decorator.py
[2023-03-07T18:06:09.086+0530] {processor.py:753} INFO - DAG(s) dict_keys(['example_sensor_decorator']) retrieved from /home/ris/PycharmProjects/pythonProject/USA-housing/venv/lib/python3.10/site-packages/airflow/example_dags/example_sensor_decorator.py
[2023-03-07T18:06:09.102+0530] {logging_mixin.py:137} INFO - [2023-03-07T18:06:09.102+0530] {dag.py:2690} INFO - Sync 1 DAGs
[2023-03-07T18:06:09.118+0530] {logging_mixin.py:137} INFO - [2023-03-07T18:06:09.117+0530] {dag.py:3437} INFO - Setting next_dagrun for example_sensor_decorator to None, run_after=None
[2023-03-07T18:06:09.137+0530] {processor.py:175} INFO - Processing /home/ris/PycharmProjects/pythonProject/USA-housing/venv/lib/python3.10/site-packages/airflow/example_dags/example_sensor_decorator.py took 0.080 seconds
[2023-03-07T18:06:55.025+0530] {processor.py:153} INFO - Started process (PID=6424) to work on /home/ris/PycharmProjects/pythonProject/USA-housing/venv/lib/python3.10/site-packages/airflow/example_dags/example_sensor_decorator.py
[2023-03-07T18:06:55.026+0530] {processor.py:743} INFO - Processing file /home/ris/PycharmProjects/pythonProject/USA-housing/venv/lib/python3.10/site-packages/airflow/example_dags/example_sensor_decorator.py for tasks to queue
[2023-03-07T18:06:55.027+0530] {logging_mixin.py:137} INFO - [2023-03-07T18:06:55.027+0530] {dagbag.py:538} INFO - Filling up the DagBag from /home/ris/PycharmProjects/pythonProject/USA-housing/venv/lib/python3.10/site-packages/airflow/example_dags/example_sensor_decorator.py
[2023-03-07T18:06:55.042+0530] {processor.py:753} INFO - DAG(s) dict_keys(['example_sensor_decorator']) retrieved from /home/ris/PycharmProjects/pythonProject/USA-housing/venv/lib/python3.10/site-packages/airflow/example_dags/example_sensor_decorator.py
[2023-03-07T18:06:55.058+0530] {logging_mixin.py:137} INFO - [2023-03-07T18:06:55.058+0530] {dag.py:2690} INFO - Sync 1 DAGs
[2023-03-07T18:06:55.074+0530] {logging_mixin.py:137} INFO - [2023-03-07T18:06:55.074+0530] {dag.py:3437} INFO - Setting next_dagrun for example_sensor_decorator to None, run_after=None
[2023-03-07T18:06:55.094+0530] {processor.py:175} INFO - Processing /home/ris/PycharmProjects/pythonProject/USA-housing/venv/lib/python3.10/site-packages/airflow/example_dags/example_sensor_decorator.py took 0.072 seconds
[2023-03-07T18:07:45.099+0530] {processor.py:153} INFO - Started process (PID=6477) to work on /home/ris/PycharmProjects/pythonProject/USA-housing/venv/lib/python3.10/site-packages/airflow/example_dags/example_sensor_decorator.py
[2023-03-07T18:07:45.101+0530] {processor.py:743} INFO - Processing file /home/ris/PycharmProjects/pythonProject/USA-housing/venv/lib/python3.10/site-packages/airflow/example_dags/example_sensor_decorator.py for tasks to queue
[2023-03-07T18:07:45.101+0530] {logging_mixin.py:137} INFO - [2023-03-07T18:07:45.101+0530] {dagbag.py:538} INFO - Filling up the DagBag from /home/ris/PycharmProjects/pythonProject/USA-housing/venv/lib/python3.10/site-packages/airflow/example_dags/example_sensor_decorator.py
[2023-03-07T18:07:45.116+0530] {processor.py:753} INFO - DAG(s) dict_keys(['example_sensor_decorator']) retrieved from /home/ris/PycharmProjects/pythonProject/USA-housing/venv/lib/python3.10/site-packages/airflow/example_dags/example_sensor_decorator.py
[2023-03-07T18:07:45.132+0530] {logging_mixin.py:137} INFO - [2023-03-07T18:07:45.132+0530] {dag.py:2690} INFO - Sync 1 DAGs
[2023-03-07T18:07:45.148+0530] {logging_mixin.py:137} INFO - [2023-03-07T18:07:45.148+0530] {dag.py:3437} INFO - Setting next_dagrun for example_sensor_decorator to None, run_after=None
[2023-03-07T18:07:45.168+0530] {processor.py:175} INFO - Processing /home/ris/PycharmProjects/pythonProject/USA-housing/venv/lib/python3.10/site-packages/airflow/example_dags/example_sensor_decorator.py took 0.072 seconds
[2023-03-07T18:08:26.090+0530] {processor.py:153} INFO - Started process (PID=6519) to work on /home/ris/PycharmProjects/pythonProject/USA-housing/venv/lib/python3.10/site-packages/airflow/example_dags/example_sensor_decorator.py
[2023-03-07T18:08:26.092+0530] {processor.py:743} INFO - Processing file /home/ris/PycharmProjects/pythonProject/USA-housing/venv/lib/python3.10/site-packages/airflow/example_dags/example_sensor_decorator.py for tasks to queue
[2023-03-07T18:08:26.093+0530] {logging_mixin.py:137} INFO - [2023-03-07T18:08:26.093+0530] {dagbag.py:538} INFO - Filling up the DagBag from /home/ris/PycharmProjects/pythonProject/USA-housing/venv/lib/python3.10/site-packages/airflow/example_dags/example_sensor_decorator.py
[2023-03-07T18:08:26.108+0530] {processor.py:753} INFO - DAG(s) dict_keys(['example_sensor_decorator']) retrieved from /home/ris/PycharmProjects/pythonProject/USA-housing/venv/lib/python3.10/site-packages/airflow/example_dags/example_sensor_decorator.py
[2023-03-07T18:08:26.124+0530] {logging_mixin.py:137} INFO - [2023-03-07T18:08:26.124+0530] {dag.py:2690} INFO - Sync 1 DAGs
[2023-03-07T18:08:26.140+0530] {logging_mixin.py:137} INFO - [2023-03-07T18:08:26.140+0530] {dag.py:3437} INFO - Setting next_dagrun for example_sensor_decorator to None, run_after=None
[2023-03-07T18:08:26.160+0530] {processor.py:175} INFO - Processing /home/ris/PycharmProjects/pythonProject/USA-housing/venv/lib/python3.10/site-packages/airflow/example_dags/example_sensor_decorator.py took 0.076 seconds
[2023-03-07T18:09:07.842+0530] {processor.py:153} INFO - Started process (PID=6568) to work on /home/ris/PycharmProjects/pythonProject/USA-housing/venv/lib/python3.10/site-packages/airflow/example_dags/example_sensor_decorator.py
[2023-03-07T18:09:07.844+0530] {processor.py:743} INFO - Processing file /home/ris/PycharmProjects/pythonProject/USA-housing/venv/lib/python3.10/site-packages/airflow/example_dags/example_sensor_decorator.py for tasks to queue
[2023-03-07T18:09:07.845+0530] {logging_mixin.py:137} INFO - [2023-03-07T18:09:07.844+0530] {dagbag.py:538} INFO - Filling up the DagBag from /home/ris/PycharmProjects/pythonProject/USA-housing/venv/lib/python3.10/site-packages/airflow/example_dags/example_sensor_decorator.py
[2023-03-07T18:09:07.859+0530] {processor.py:753} INFO - DAG(s) dict_keys(['example_sensor_decorator']) retrieved from /home/ris/PycharmProjects/pythonProject/USA-housing/venv/lib/python3.10/site-packages/airflow/example_dags/example_sensor_decorator.py
[2023-03-07T18:09:07.874+0530] {logging_mixin.py:137} INFO - [2023-03-07T18:09:07.874+0530] {dag.py:2690} INFO - Sync 1 DAGs
[2023-03-07T18:09:07.891+0530] {logging_mixin.py:137} INFO - [2023-03-07T18:09:07.891+0530] {dag.py:3437} INFO - Setting next_dagrun for example_sensor_decorator to None, run_after=None
[2023-03-07T18:09:07.914+0530] {processor.py:175} INFO - Processing /home/ris/PycharmProjects/pythonProject/USA-housing/venv/lib/python3.10/site-packages/airflow/example_dags/example_sensor_decorator.py took 0.074 seconds
[2023-03-07T18:09:54.161+0530] {processor.py:153} INFO - Started process (PID=6880) to work on /home/ris/PycharmProjects/pythonProject/USA-housing/venv/lib/python3.10/site-packages/airflow/example_dags/example_sensor_decorator.py
[2023-03-07T18:09:54.164+0530] {processor.py:743} INFO - Processing file /home/ris/PycharmProjects/pythonProject/USA-housing/venv/lib/python3.10/site-packages/airflow/example_dags/example_sensor_decorator.py for tasks to queue
[2023-03-07T18:09:54.165+0530] {logging_mixin.py:137} INFO - [2023-03-07T18:09:54.165+0530] {dagbag.py:538} INFO - Filling up the DagBag from /home/ris/PycharmProjects/pythonProject/USA-housing/venv/lib/python3.10/site-packages/airflow/example_dags/example_sensor_decorator.py
[2023-03-07T18:09:54.190+0530] {processor.py:753} INFO - DAG(s) dict_keys(['example_sensor_decorator']) retrieved from /home/ris/PycharmProjects/pythonProject/USA-housing/venv/lib/python3.10/site-packages/airflow/example_dags/example_sensor_decorator.py
[2023-03-07T18:09:54.228+0530] {logging_mixin.py:137} INFO - [2023-03-07T18:09:54.228+0530] {dag.py:2690} INFO - Sync 1 DAGs
[2023-03-07T18:09:54.257+0530] {logging_mixin.py:137} INFO - [2023-03-07T18:09:54.256+0530] {dag.py:3437} INFO - Setting next_dagrun for example_sensor_decorator to None, run_after=None
[2023-03-07T18:09:54.296+0530] {processor.py:175} INFO - Processing /home/ris/PycharmProjects/pythonProject/USA-housing/venv/lib/python3.10/site-packages/airflow/example_dags/example_sensor_decorator.py took 0.138 seconds
[2023-03-07T18:10:38.223+0530] {processor.py:153} INFO - Started process (PID=6946) to work on /home/ris/PycharmProjects/pythonProject/USA-housing/venv/lib/python3.10/site-packages/airflow/example_dags/example_sensor_decorator.py
[2023-03-07T18:10:38.225+0530] {processor.py:743} INFO - Processing file /home/ris/PycharmProjects/pythonProject/USA-housing/venv/lib/python3.10/site-packages/airflow/example_dags/example_sensor_decorator.py for tasks to queue
[2023-03-07T18:10:38.225+0530] {logging_mixin.py:137} INFO - [2023-03-07T18:10:38.225+0530] {dagbag.py:538} INFO - Filling up the DagBag from /home/ris/PycharmProjects/pythonProject/USA-housing/venv/lib/python3.10/site-packages/airflow/example_dags/example_sensor_decorator.py
[2023-03-07T18:10:38.239+0530] {processor.py:753} INFO - DAG(s) dict_keys(['example_sensor_decorator']) retrieved from /home/ris/PycharmProjects/pythonProject/USA-housing/venv/lib/python3.10/site-packages/airflow/example_dags/example_sensor_decorator.py
[2023-03-07T18:10:38.256+0530] {logging_mixin.py:137} INFO - [2023-03-07T18:10:38.256+0530] {dag.py:2690} INFO - Sync 1 DAGs
[2023-03-07T18:10:38.272+0530] {logging_mixin.py:137} INFO - [2023-03-07T18:10:38.271+0530] {dag.py:3437} INFO - Setting next_dagrun for example_sensor_decorator to None, run_after=None
[2023-03-07T18:10:38.292+0530] {processor.py:175} INFO - Processing /home/ris/PycharmProjects/pythonProject/USA-housing/venv/lib/python3.10/site-packages/airflow/example_dags/example_sensor_decorator.py took 0.072 seconds
[2023-03-07T18:11:15.858+0530] {processor.py:153} INFO - Started process (PID=6987) to work on /home/ris/PycharmProjects/pythonProject/USA-housing/venv/lib/python3.10/site-packages/airflow/example_dags/example_sensor_decorator.py
[2023-03-07T18:11:15.860+0530] {processor.py:743} INFO - Processing file /home/ris/PycharmProjects/pythonProject/USA-housing/venv/lib/python3.10/site-packages/airflow/example_dags/example_sensor_decorator.py for tasks to queue
[2023-03-07T18:11:15.861+0530] {logging_mixin.py:137} INFO - [2023-03-07T18:11:15.861+0530] {dagbag.py:538} INFO - Filling up the DagBag from /home/ris/PycharmProjects/pythonProject/USA-housing/venv/lib/python3.10/site-packages/airflow/example_dags/example_sensor_decorator.py
[2023-03-07T18:11:15.876+0530] {processor.py:753} INFO - DAG(s) dict_keys(['example_sensor_decorator']) retrieved from /home/ris/PycharmProjects/pythonProject/USA-housing/venv/lib/python3.10/site-packages/airflow/example_dags/example_sensor_decorator.py
[2023-03-07T18:11:15.896+0530] {logging_mixin.py:137} INFO - [2023-03-07T18:11:15.896+0530] {dag.py:2690} INFO - Sync 1 DAGs
[2023-03-07T18:11:15.912+0530] {logging_mixin.py:137} INFO - [2023-03-07T18:11:15.912+0530] {dag.py:3437} INFO - Setting next_dagrun for example_sensor_decorator to None, run_after=None
[2023-03-07T18:11:15.944+0530] {processor.py:175} INFO - Processing /home/ris/PycharmProjects/pythonProject/USA-housing/venv/lib/python3.10/site-packages/airflow/example_dags/example_sensor_decorator.py took 0.088 seconds
[2023-03-07T18:11:58.716+0530] {processor.py:153} INFO - Started process (PID=7047) to work on /home/ris/PycharmProjects/pythonProject/USA-housing/venv/lib/python3.10/site-packages/airflow/example_dags/example_sensor_decorator.py
[2023-03-07T18:11:58.717+0530] {processor.py:743} INFO - Processing file /home/ris/PycharmProjects/pythonProject/USA-housing/venv/lib/python3.10/site-packages/airflow/example_dags/example_sensor_decorator.py for tasks to queue
[2023-03-07T18:11:58.718+0530] {logging_mixin.py:137} INFO - [2023-03-07T18:11:58.718+0530] {dagbag.py:538} INFO - Filling up the DagBag from /home/ris/PycharmProjects/pythonProject/USA-housing/venv/lib/python3.10/site-packages/airflow/example_dags/example_sensor_decorator.py
[2023-03-07T18:11:58.734+0530] {processor.py:753} INFO - DAG(s) dict_keys(['example_sensor_decorator']) retrieved from /home/ris/PycharmProjects/pythonProject/USA-housing/venv/lib/python3.10/site-packages/airflow/example_dags/example_sensor_decorator.py
[2023-03-07T18:11:58.755+0530] {logging_mixin.py:137} INFO - [2023-03-07T18:11:58.754+0530] {dag.py:2690} INFO - Sync 1 DAGs
[2023-03-07T18:11:58.772+0530] {logging_mixin.py:137} INFO - [2023-03-07T18:11:58.771+0530] {dag.py:3437} INFO - Setting next_dagrun for example_sensor_decorator to None, run_after=None
[2023-03-07T18:11:58.792+0530] {processor.py:175} INFO - Processing /home/ris/PycharmProjects/pythonProject/USA-housing/venv/lib/python3.10/site-packages/airflow/example_dags/example_sensor_decorator.py took 0.079 seconds
[2023-03-07T18:12:39.101+0530] {processor.py:153} INFO - Started process (PID=7093) to work on /home/ris/PycharmProjects/pythonProject/USA-housing/venv/lib/python3.10/site-packages/airflow/example_dags/example_sensor_decorator.py
[2023-03-07T18:12:39.105+0530] {processor.py:743} INFO - Processing file /home/ris/PycharmProjects/pythonProject/USA-housing/venv/lib/python3.10/site-packages/airflow/example_dags/example_sensor_decorator.py for tasks to queue
[2023-03-07T18:12:39.107+0530] {logging_mixin.py:137} INFO - [2023-03-07T18:12:39.106+0530] {dagbag.py:538} INFO - Filling up the DagBag from /home/ris/PycharmProjects/pythonProject/USA-housing/venv/lib/python3.10/site-packages/airflow/example_dags/example_sensor_decorator.py
[2023-03-07T18:12:39.128+0530] {processor.py:753} INFO - DAG(s) dict_keys(['example_sensor_decorator']) retrieved from /home/ris/PycharmProjects/pythonProject/USA-housing/venv/lib/python3.10/site-packages/airflow/example_dags/example_sensor_decorator.py
[2023-03-07T18:12:39.145+0530] {logging_mixin.py:137} INFO - [2023-03-07T18:12:39.145+0530] {dag.py:2690} INFO - Sync 1 DAGs
[2023-03-07T18:12:39.161+0530] {logging_mixin.py:137} INFO - [2023-03-07T18:12:39.161+0530] {dag.py:3437} INFO - Setting next_dagrun for example_sensor_decorator to None, run_after=None
[2023-03-07T18:12:39.181+0530] {processor.py:175} INFO - Processing /home/ris/PycharmProjects/pythonProject/USA-housing/venv/lib/python3.10/site-packages/airflow/example_dags/example_sensor_decorator.py took 0.083 seconds
[2023-03-07T18:13:18.847+0530] {processor.py:153} INFO - Started process (PID=7144) to work on /home/ris/PycharmProjects/pythonProject/USA-housing/venv/lib/python3.10/site-packages/airflow/example_dags/example_sensor_decorator.py
[2023-03-07T18:13:18.848+0530] {processor.py:743} INFO - Processing file /home/ris/PycharmProjects/pythonProject/USA-housing/venv/lib/python3.10/site-packages/airflow/example_dags/example_sensor_decorator.py for tasks to queue
[2023-03-07T18:13:18.848+0530] {logging_mixin.py:137} INFO - [2023-03-07T18:13:18.848+0530] {dagbag.py:538} INFO - Filling up the DagBag from /home/ris/PycharmProjects/pythonProject/USA-housing/venv/lib/python3.10/site-packages/airflow/example_dags/example_sensor_decorator.py
[2023-03-07T18:13:18.865+0530] {processor.py:753} INFO - DAG(s) dict_keys(['example_sensor_decorator']) retrieved from /home/ris/PycharmProjects/pythonProject/USA-housing/venv/lib/python3.10/site-packages/airflow/example_dags/example_sensor_decorator.py
[2023-03-07T18:13:18.882+0530] {logging_mixin.py:137} INFO - [2023-03-07T18:13:18.882+0530] {dag.py:2690} INFO - Sync 1 DAGs
[2023-03-07T18:13:18.900+0530] {logging_mixin.py:137} INFO - [2023-03-07T18:13:18.900+0530] {dag.py:3437} INFO - Setting next_dagrun for example_sensor_decorator to None, run_after=None
[2023-03-07T18:13:18.920+0530] {processor.py:175} INFO - Processing /home/ris/PycharmProjects/pythonProject/USA-housing/venv/lib/python3.10/site-packages/airflow/example_dags/example_sensor_decorator.py took 0.077 seconds
[2023-03-07T18:14:04.619+0530] {processor.py:153} INFO - Started process (PID=7200) to work on /home/ris/PycharmProjects/pythonProject/USA-housing/venv/lib/python3.10/site-packages/airflow/example_dags/example_sensor_decorator.py
[2023-03-07T18:14:04.620+0530] {processor.py:743} INFO - Processing file /home/ris/PycharmProjects/pythonProject/USA-housing/venv/lib/python3.10/site-packages/airflow/example_dags/example_sensor_decorator.py for tasks to queue
[2023-03-07T18:14:04.621+0530] {logging_mixin.py:137} INFO - [2023-03-07T18:14:04.621+0530] {dagbag.py:538} INFO - Filling up the DagBag from /home/ris/PycharmProjects/pythonProject/USA-housing/venv/lib/python3.10/site-packages/airflow/example_dags/example_sensor_decorator.py
[2023-03-07T18:14:04.636+0530] {processor.py:753} INFO - DAG(s) dict_keys(['example_sensor_decorator']) retrieved from /home/ris/PycharmProjects/pythonProject/USA-housing/venv/lib/python3.10/site-packages/airflow/example_dags/example_sensor_decorator.py
[2023-03-07T18:14:04.653+0530] {logging_mixin.py:137} INFO - [2023-03-07T18:14:04.653+0530] {dag.py:2690} INFO - Sync 1 DAGs
[2023-03-07T18:14:04.670+0530] {logging_mixin.py:137} INFO - [2023-03-07T18:14:04.670+0530] {dag.py:3437} INFO - Setting next_dagrun for example_sensor_decorator to None, run_after=None
[2023-03-07T18:14:04.691+0530] {processor.py:175} INFO - Processing /home/ris/PycharmProjects/pythonProject/USA-housing/venv/lib/python3.10/site-packages/airflow/example_dags/example_sensor_decorator.py took 0.075 seconds
[2023-03-07T18:14:48.516+0530] {processor.py:153} INFO - Started process (PID=7260) to work on /home/ris/PycharmProjects/pythonProject/USA-housing/venv/lib/python3.10/site-packages/airflow/example_dags/example_sensor_decorator.py
[2023-03-07T18:14:48.519+0530] {processor.py:743} INFO - Processing file /home/ris/PycharmProjects/pythonProject/USA-housing/venv/lib/python3.10/site-packages/airflow/example_dags/example_sensor_decorator.py for tasks to queue
[2023-03-07T18:14:48.519+0530] {logging_mixin.py:137} INFO - [2023-03-07T18:14:48.519+0530] {dagbag.py:538} INFO - Filling up the DagBag from /home/ris/PycharmProjects/pythonProject/USA-housing/venv/lib/python3.10/site-packages/airflow/example_dags/example_sensor_decorator.py
[2023-03-07T18:14:48.534+0530] {processor.py:753} INFO - DAG(s) dict_keys(['example_sensor_decorator']) retrieved from /home/ris/PycharmProjects/pythonProject/USA-housing/venv/lib/python3.10/site-packages/airflow/example_dags/example_sensor_decorator.py
[2023-03-07T18:14:48.550+0530] {logging_mixin.py:137} INFO - [2023-03-07T18:14:48.550+0530] {dag.py:2690} INFO - Sync 1 DAGs
[2023-03-07T18:14:48.565+0530] {logging_mixin.py:137} INFO - [2023-03-07T18:14:48.565+0530] {dag.py:3437} INFO - Setting next_dagrun for example_sensor_decorator to None, run_after=None
[2023-03-07T18:14:48.587+0530] {processor.py:175} INFO - Processing /home/ris/PycharmProjects/pythonProject/USA-housing/venv/lib/python3.10/site-packages/airflow/example_dags/example_sensor_decorator.py took 0.074 seconds
[2023-03-07T18:15:27.796+0530] {processor.py:153} INFO - Started process (PID=7331) to work on /home/ris/PycharmProjects/pythonProject/USA-housing/venv/lib/python3.10/site-packages/airflow/example_dags/example_sensor_decorator.py
[2023-03-07T18:15:27.798+0530] {processor.py:743} INFO - Processing file /home/ris/PycharmProjects/pythonProject/USA-housing/venv/lib/python3.10/site-packages/airflow/example_dags/example_sensor_decorator.py for tasks to queue
[2023-03-07T18:15:27.799+0530] {logging_mixin.py:137} INFO - [2023-03-07T18:15:27.798+0530] {dagbag.py:538} INFO - Filling up the DagBag from /home/ris/PycharmProjects/pythonProject/USA-housing/venv/lib/python3.10/site-packages/airflow/example_dags/example_sensor_decorator.py
[2023-03-07T18:15:27.815+0530] {processor.py:753} INFO - DAG(s) dict_keys(['example_sensor_decorator']) retrieved from /home/ris/PycharmProjects/pythonProject/USA-housing/venv/lib/python3.10/site-packages/airflow/example_dags/example_sensor_decorator.py
[2023-03-07T18:15:27.831+0530] {logging_mixin.py:137} INFO - [2023-03-07T18:15:27.831+0530] {dag.py:2690} INFO - Sync 1 DAGs
[2023-03-07T18:15:27.846+0530] {logging_mixin.py:137} INFO - [2023-03-07T18:15:27.846+0530] {dag.py:3437} INFO - Setting next_dagrun for example_sensor_decorator to None, run_after=None
[2023-03-07T18:15:27.866+0530] {processor.py:175} INFO - Processing /home/ris/PycharmProjects/pythonProject/USA-housing/venv/lib/python3.10/site-packages/airflow/example_dags/example_sensor_decorator.py took 0.072 seconds
[2023-03-07T18:16:15.107+0530] {processor.py:153} INFO - Started process (PID=7383) to work on /home/ris/PycharmProjects/pythonProject/USA-housing/venv/lib/python3.10/site-packages/airflow/example_dags/example_sensor_decorator.py
[2023-03-07T18:16:15.109+0530] {processor.py:743} INFO - Processing file /home/ris/PycharmProjects/pythonProject/USA-housing/venv/lib/python3.10/site-packages/airflow/example_dags/example_sensor_decorator.py for tasks to queue
[2023-03-07T18:16:15.109+0530] {logging_mixin.py:137} INFO - [2023-03-07T18:16:15.109+0530] {dagbag.py:538} INFO - Filling up the DagBag from /home/ris/PycharmProjects/pythonProject/USA-housing/venv/lib/python3.10/site-packages/airflow/example_dags/example_sensor_decorator.py
[2023-03-07T18:16:15.124+0530] {processor.py:753} INFO - DAG(s) dict_keys(['example_sensor_decorator']) retrieved from /home/ris/PycharmProjects/pythonProject/USA-housing/venv/lib/python3.10/site-packages/airflow/example_dags/example_sensor_decorator.py
[2023-03-07T18:16:15.140+0530] {logging_mixin.py:137} INFO - [2023-03-07T18:16:15.140+0530] {dag.py:2690} INFO - Sync 1 DAGs
[2023-03-07T18:16:15.156+0530] {logging_mixin.py:137} INFO - [2023-03-07T18:16:15.156+0530] {dag.py:3437} INFO - Setting next_dagrun for example_sensor_decorator to None, run_after=None
[2023-03-07T18:16:15.177+0530] {processor.py:175} INFO - Processing /home/ris/PycharmProjects/pythonProject/USA-housing/venv/lib/python3.10/site-packages/airflow/example_dags/example_sensor_decorator.py took 0.072 seconds
[2023-03-07T18:17:01.286+0530] {processor.py:153} INFO - Started process (PID=7448) to work on /home/ris/PycharmProjects/pythonProject/USA-housing/venv/lib/python3.10/site-packages/airflow/example_dags/example_sensor_decorator.py
[2023-03-07T18:17:01.288+0530] {processor.py:743} INFO - Processing file /home/ris/PycharmProjects/pythonProject/USA-housing/venv/lib/python3.10/site-packages/airflow/example_dags/example_sensor_decorator.py for tasks to queue
[2023-03-07T18:17:01.289+0530] {logging_mixin.py:137} INFO - [2023-03-07T18:17:01.289+0530] {dagbag.py:538} INFO - Filling up the DagBag from /home/ris/PycharmProjects/pythonProject/USA-housing/venv/lib/python3.10/site-packages/airflow/example_dags/example_sensor_decorator.py
[2023-03-07T18:17:01.305+0530] {processor.py:753} INFO - DAG(s) dict_keys(['example_sensor_decorator']) retrieved from /home/ris/PycharmProjects/pythonProject/USA-housing/venv/lib/python3.10/site-packages/airflow/example_dags/example_sensor_decorator.py
[2023-03-07T18:17:01.323+0530] {logging_mixin.py:137} INFO - [2023-03-07T18:17:01.322+0530] {dag.py:2690} INFO - Sync 1 DAGs
[2023-03-07T18:17:01.340+0530] {logging_mixin.py:137} INFO - [2023-03-07T18:17:01.339+0530] {dag.py:3437} INFO - Setting next_dagrun for example_sensor_decorator to None, run_after=None
[2023-03-07T18:17:01.359+0530] {processor.py:175} INFO - Processing /home/ris/PycharmProjects/pythonProject/USA-housing/venv/lib/python3.10/site-packages/airflow/example_dags/example_sensor_decorator.py took 0.076 seconds
[2023-03-07T18:17:50.148+0530] {processor.py:153} INFO - Started process (PID=7501) to work on /home/ris/PycharmProjects/pythonProject/USA-housing/venv/lib/python3.10/site-packages/airflow/example_dags/example_sensor_decorator.py
[2023-03-07T18:17:50.150+0530] {processor.py:743} INFO - Processing file /home/ris/PycharmProjects/pythonProject/USA-housing/venv/lib/python3.10/site-packages/airflow/example_dags/example_sensor_decorator.py for tasks to queue
[2023-03-07T18:17:50.150+0530] {logging_mixin.py:137} INFO - [2023-03-07T18:17:50.150+0530] {dagbag.py:538} INFO - Filling up the DagBag from /home/ris/PycharmProjects/pythonProject/USA-housing/venv/lib/python3.10/site-packages/airflow/example_dags/example_sensor_decorator.py
[2023-03-07T18:17:50.167+0530] {processor.py:753} INFO - DAG(s) dict_keys(['example_sensor_decorator']) retrieved from /home/ris/PycharmProjects/pythonProject/USA-housing/venv/lib/python3.10/site-packages/airflow/example_dags/example_sensor_decorator.py
[2023-03-07T18:17:50.184+0530] {logging_mixin.py:137} INFO - [2023-03-07T18:17:50.184+0530] {dag.py:2690} INFO - Sync 1 DAGs
[2023-03-07T18:17:50.201+0530] {logging_mixin.py:137} INFO - [2023-03-07T18:17:50.201+0530] {dag.py:3437} INFO - Setting next_dagrun for example_sensor_decorator to None, run_after=None
[2023-03-07T18:17:50.225+0530] {processor.py:175} INFO - Processing /home/ris/PycharmProjects/pythonProject/USA-housing/venv/lib/python3.10/site-packages/airflow/example_dags/example_sensor_decorator.py took 0.081 seconds
[2023-03-07T18:18:30.024+0530] {processor.py:153} INFO - Started process (PID=7558) to work on /home/ris/PycharmProjects/pythonProject/USA-housing/venv/lib/python3.10/site-packages/airflow/example_dags/example_sensor_decorator.py
[2023-03-07T18:18:30.026+0530] {processor.py:743} INFO - Processing file /home/ris/PycharmProjects/pythonProject/USA-housing/venv/lib/python3.10/site-packages/airflow/example_dags/example_sensor_decorator.py for tasks to queue
[2023-03-07T18:18:30.027+0530] {logging_mixin.py:137} INFO - [2023-03-07T18:18:30.026+0530] {dagbag.py:538} INFO - Filling up the DagBag from /home/ris/PycharmProjects/pythonProject/USA-housing/venv/lib/python3.10/site-packages/airflow/example_dags/example_sensor_decorator.py
[2023-03-07T18:18:30.048+0530] {processor.py:753} INFO - DAG(s) dict_keys(['example_sensor_decorator']) retrieved from /home/ris/PycharmProjects/pythonProject/USA-housing/venv/lib/python3.10/site-packages/airflow/example_dags/example_sensor_decorator.py
[2023-03-07T18:18:30.066+0530] {logging_mixin.py:137} INFO - [2023-03-07T18:18:30.066+0530] {dag.py:2690} INFO - Sync 1 DAGs
[2023-03-07T18:18:30.083+0530] {logging_mixin.py:137} INFO - [2023-03-07T18:18:30.082+0530] {dag.py:3437} INFO - Setting next_dagrun for example_sensor_decorator to None, run_after=None
[2023-03-07T18:18:30.103+0530] {processor.py:175} INFO - Processing /home/ris/PycharmProjects/pythonProject/USA-housing/venv/lib/python3.10/site-packages/airflow/example_dags/example_sensor_decorator.py took 0.081 seconds
[2023-03-07T18:19:12.286+0530] {processor.py:153} INFO - Started process (PID=7603) to work on /home/ris/PycharmProjects/pythonProject/USA-housing/venv/lib/python3.10/site-packages/airflow/example_dags/example_sensor_decorator.py
[2023-03-07T18:19:12.288+0530] {processor.py:743} INFO - Processing file /home/ris/PycharmProjects/pythonProject/USA-housing/venv/lib/python3.10/site-packages/airflow/example_dags/example_sensor_decorator.py for tasks to queue
[2023-03-07T18:19:12.289+0530] {logging_mixin.py:137} INFO - [2023-03-07T18:19:12.289+0530] {dagbag.py:538} INFO - Filling up the DagBag from /home/ris/PycharmProjects/pythonProject/USA-housing/venv/lib/python3.10/site-packages/airflow/example_dags/example_sensor_decorator.py
[2023-03-07T18:19:12.323+0530] {processor.py:753} INFO - DAG(s) dict_keys(['example_sensor_decorator']) retrieved from /home/ris/PycharmProjects/pythonProject/USA-housing/venv/lib/python3.10/site-packages/airflow/example_dags/example_sensor_decorator.py
[2023-03-07T18:19:12.343+0530] {logging_mixin.py:137} INFO - [2023-03-07T18:19:12.343+0530] {dag.py:2690} INFO - Sync 1 DAGs
[2023-03-07T18:19:12.357+0530] {logging_mixin.py:137} INFO - [2023-03-07T18:19:12.357+0530] {dag.py:3437} INFO - Setting next_dagrun for example_sensor_decorator to None, run_after=None
[2023-03-07T18:19:12.388+0530] {processor.py:175} INFO - Processing /home/ris/PycharmProjects/pythonProject/USA-housing/venv/lib/python3.10/site-packages/airflow/example_dags/example_sensor_decorator.py took 0.106 seconds
[2023-03-07T18:19:54.830+0530] {processor.py:153} INFO - Started process (PID=7890) to work on /home/ris/PycharmProjects/pythonProject/USA-housing/venv/lib/python3.10/site-packages/airflow/example_dags/example_sensor_decorator.py
[2023-03-07T18:19:54.831+0530] {processor.py:743} INFO - Processing file /home/ris/PycharmProjects/pythonProject/USA-housing/venv/lib/python3.10/site-packages/airflow/example_dags/example_sensor_decorator.py for tasks to queue
[2023-03-07T18:19:54.832+0530] {logging_mixin.py:137} INFO - [2023-03-07T18:19:54.832+0530] {dagbag.py:538} INFO - Filling up the DagBag from /home/ris/PycharmProjects/pythonProject/USA-housing/venv/lib/python3.10/site-packages/airflow/example_dags/example_sensor_decorator.py
[2023-03-07T18:19:54.850+0530] {processor.py:753} INFO - DAG(s) dict_keys(['example_sensor_decorator']) retrieved from /home/ris/PycharmProjects/pythonProject/USA-housing/venv/lib/python3.10/site-packages/airflow/example_dags/example_sensor_decorator.py
[2023-03-07T18:19:54.879+0530] {logging_mixin.py:137} INFO - [2023-03-07T18:19:54.879+0530] {dag.py:2690} INFO - Sync 1 DAGs
[2023-03-07T18:19:54.897+0530] {logging_mixin.py:137} INFO - [2023-03-07T18:19:54.897+0530] {dag.py:3437} INFO - Setting next_dagrun for example_sensor_decorator to None, run_after=None
[2023-03-07T18:19:54.920+0530] {processor.py:175} INFO - Processing /home/ris/PycharmProjects/pythonProject/USA-housing/venv/lib/python3.10/site-packages/airflow/example_dags/example_sensor_decorator.py took 0.092 seconds
[2023-03-07T18:20:37.986+0530] {processor.py:153} INFO - Started process (PID=7950) to work on /home/ris/PycharmProjects/pythonProject/USA-housing/venv/lib/python3.10/site-packages/airflow/example_dags/example_sensor_decorator.py
[2023-03-07T18:20:37.988+0530] {processor.py:743} INFO - Processing file /home/ris/PycharmProjects/pythonProject/USA-housing/venv/lib/python3.10/site-packages/airflow/example_dags/example_sensor_decorator.py for tasks to queue
[2023-03-07T18:20:37.988+0530] {logging_mixin.py:137} INFO - [2023-03-07T18:20:37.988+0530] {dagbag.py:538} INFO - Filling up the DagBag from /home/ris/PycharmProjects/pythonProject/USA-housing/venv/lib/python3.10/site-packages/airflow/example_dags/example_sensor_decorator.py
[2023-03-07T18:20:38.008+0530] {processor.py:753} INFO - DAG(s) dict_keys(['example_sensor_decorator']) retrieved from /home/ris/PycharmProjects/pythonProject/USA-housing/venv/lib/python3.10/site-packages/airflow/example_dags/example_sensor_decorator.py
[2023-03-07T18:20:38.030+0530] {logging_mixin.py:137} INFO - [2023-03-07T18:20:38.030+0530] {dag.py:2690} INFO - Sync 1 DAGs
[2023-03-07T18:20:38.052+0530] {logging_mixin.py:137} INFO - [2023-03-07T18:20:38.051+0530] {dag.py:3437} INFO - Setting next_dagrun for example_sensor_decorator to None, run_after=None
[2023-03-07T18:20:38.073+0530] {processor.py:175} INFO - Processing /home/ris/PycharmProjects/pythonProject/USA-housing/venv/lib/python3.10/site-packages/airflow/example_dags/example_sensor_decorator.py took 0.091 seconds
[2023-03-07T18:21:19.723+0530] {processor.py:153} INFO - Started process (PID=7998) to work on /home/ris/PycharmProjects/pythonProject/USA-housing/venv/lib/python3.10/site-packages/airflow/example_dags/example_sensor_decorator.py
[2023-03-07T18:21:19.725+0530] {processor.py:743} INFO - Processing file /home/ris/PycharmProjects/pythonProject/USA-housing/venv/lib/python3.10/site-packages/airflow/example_dags/example_sensor_decorator.py for tasks to queue
[2023-03-07T18:21:19.727+0530] {logging_mixin.py:137} INFO - [2023-03-07T18:21:19.727+0530] {dagbag.py:538} INFO - Filling up the DagBag from /home/ris/PycharmProjects/pythonProject/USA-housing/venv/lib/python3.10/site-packages/airflow/example_dags/example_sensor_decorator.py
[2023-03-07T18:21:19.761+0530] {processor.py:753} INFO - DAG(s) dict_keys(['example_sensor_decorator']) retrieved from /home/ris/PycharmProjects/pythonProject/USA-housing/venv/lib/python3.10/site-packages/airflow/example_dags/example_sensor_decorator.py
[2023-03-07T18:21:19.778+0530] {logging_mixin.py:137} INFO - [2023-03-07T18:21:19.778+0530] {dag.py:2690} INFO - Sync 1 DAGs
[2023-03-07T18:21:19.795+0530] {logging_mixin.py:137} INFO - [2023-03-07T18:21:19.795+0530] {dag.py:3437} INFO - Setting next_dagrun for example_sensor_decorator to None, run_after=None
[2023-03-07T18:21:19.815+0530] {processor.py:175} INFO - Processing /home/ris/PycharmProjects/pythonProject/USA-housing/venv/lib/python3.10/site-packages/airflow/example_dags/example_sensor_decorator.py took 0.098 seconds
[2023-03-07T18:22:09.512+0530] {processor.py:153} INFO - Started process (PID=8057) to work on /home/ris/PycharmProjects/pythonProject/USA-housing/venv/lib/python3.10/site-packages/airflow/example_dags/example_sensor_decorator.py
[2023-03-07T18:22:09.513+0530] {processor.py:743} INFO - Processing file /home/ris/PycharmProjects/pythonProject/USA-housing/venv/lib/python3.10/site-packages/airflow/example_dags/example_sensor_decorator.py for tasks to queue
[2023-03-07T18:22:09.514+0530] {logging_mixin.py:137} INFO - [2023-03-07T18:22:09.514+0530] {dagbag.py:538} INFO - Filling up the DagBag from /home/ris/PycharmProjects/pythonProject/USA-housing/venv/lib/python3.10/site-packages/airflow/example_dags/example_sensor_decorator.py
[2023-03-07T18:22:09.528+0530] {processor.py:753} INFO - DAG(s) dict_keys(['example_sensor_decorator']) retrieved from /home/ris/PycharmProjects/pythonProject/USA-housing/venv/lib/python3.10/site-packages/airflow/example_dags/example_sensor_decorator.py
[2023-03-07T18:22:09.545+0530] {logging_mixin.py:137} INFO - [2023-03-07T18:22:09.544+0530] {dag.py:2690} INFO - Sync 1 DAGs
[2023-03-07T18:22:09.561+0530] {logging_mixin.py:137} INFO - [2023-03-07T18:22:09.561+0530] {dag.py:3437} INFO - Setting next_dagrun for example_sensor_decorator to None, run_after=None
[2023-03-07T18:22:09.580+0530] {processor.py:175} INFO - Processing /home/ris/PycharmProjects/pythonProject/USA-housing/venv/lib/python3.10/site-packages/airflow/example_dags/example_sensor_decorator.py took 0.071 seconds
[2023-03-07T18:22:55.164+0530] {processor.py:153} INFO - Started process (PID=8109) to work on /home/ris/PycharmProjects/pythonProject/USA-housing/venv/lib/python3.10/site-packages/airflow/example_dags/example_sensor_decorator.py
[2023-03-07T18:22:55.165+0530] {processor.py:743} INFO - Processing file /home/ris/PycharmProjects/pythonProject/USA-housing/venv/lib/python3.10/site-packages/airflow/example_dags/example_sensor_decorator.py for tasks to queue
[2023-03-07T18:22:55.166+0530] {logging_mixin.py:137} INFO - [2023-03-07T18:22:55.166+0530] {dagbag.py:538} INFO - Filling up the DagBag from /home/ris/PycharmProjects/pythonProject/USA-housing/venv/lib/python3.10/site-packages/airflow/example_dags/example_sensor_decorator.py
[2023-03-07T18:22:55.181+0530] {processor.py:753} INFO - DAG(s) dict_keys(['example_sensor_decorator']) retrieved from /home/ris/PycharmProjects/pythonProject/USA-housing/venv/lib/python3.10/site-packages/airflow/example_dags/example_sensor_decorator.py
[2023-03-07T18:22:55.197+0530] {logging_mixin.py:137} INFO - [2023-03-07T18:22:55.197+0530] {dag.py:2690} INFO - Sync 1 DAGs
[2023-03-07T18:22:55.213+0530] {logging_mixin.py:137} INFO - [2023-03-07T18:22:55.213+0530] {dag.py:3437} INFO - Setting next_dagrun for example_sensor_decorator to None, run_after=None
[2023-03-07T18:22:55.232+0530] {processor.py:175} INFO - Processing /home/ris/PycharmProjects/pythonProject/USA-housing/venv/lib/python3.10/site-packages/airflow/example_dags/example_sensor_decorator.py took 0.072 seconds
[2023-03-07T18:23:35.038+0530] {processor.py:153} INFO - Started process (PID=8323) to work on /home/ris/PycharmProjects/pythonProject/USA-housing/venv/lib/python3.10/site-packages/airflow/example_dags/example_sensor_decorator.py
[2023-03-07T18:23:35.040+0530] {processor.py:743} INFO - Processing file /home/ris/PycharmProjects/pythonProject/USA-housing/venv/lib/python3.10/site-packages/airflow/example_dags/example_sensor_decorator.py for tasks to queue
[2023-03-07T18:23:35.041+0530] {logging_mixin.py:137} INFO - [2023-03-07T18:23:35.040+0530] {dagbag.py:538} INFO - Filling up the DagBag from /home/ris/PycharmProjects/pythonProject/USA-housing/venv/lib/python3.10/site-packages/airflow/example_dags/example_sensor_decorator.py
[2023-03-07T18:23:35.069+0530] {processor.py:753} INFO - DAG(s) dict_keys(['example_sensor_decorator']) retrieved from /home/ris/PycharmProjects/pythonProject/USA-housing/venv/lib/python3.10/site-packages/airflow/example_dags/example_sensor_decorator.py
[2023-03-07T18:23:35.089+0530] {logging_mixin.py:137} INFO - [2023-03-07T18:23:35.088+0530] {dag.py:2690} INFO - Sync 1 DAGs
[2023-03-07T18:23:35.107+0530] {logging_mixin.py:137} INFO - [2023-03-07T18:23:35.106+0530] {dag.py:3437} INFO - Setting next_dagrun for example_sensor_decorator to None, run_after=None
[2023-03-07T18:23:35.134+0530] {processor.py:175} INFO - Processing /home/ris/PycharmProjects/pythonProject/USA-housing/venv/lib/python3.10/site-packages/airflow/example_dags/example_sensor_decorator.py took 0.104 seconds
[2023-03-07T18:24:21.905+0530] {processor.py:153} INFO - Started process (PID=8368) to work on /home/ris/PycharmProjects/pythonProject/USA-housing/venv/lib/python3.10/site-packages/airflow/example_dags/example_sensor_decorator.py
[2023-03-07T18:24:21.907+0530] {processor.py:743} INFO - Processing file /home/ris/PycharmProjects/pythonProject/USA-housing/venv/lib/python3.10/site-packages/airflow/example_dags/example_sensor_decorator.py for tasks to queue
[2023-03-07T18:24:21.908+0530] {logging_mixin.py:137} INFO - [2023-03-07T18:24:21.908+0530] {dagbag.py:538} INFO - Filling up the DagBag from /home/ris/PycharmProjects/pythonProject/USA-housing/venv/lib/python3.10/site-packages/airflow/example_dags/example_sensor_decorator.py
[2023-03-07T18:24:21.932+0530] {processor.py:753} INFO - DAG(s) dict_keys(['example_sensor_decorator']) retrieved from /home/ris/PycharmProjects/pythonProject/USA-housing/venv/lib/python3.10/site-packages/airflow/example_dags/example_sensor_decorator.py
[2023-03-07T18:24:21.953+0530] {logging_mixin.py:137} INFO - [2023-03-07T18:24:21.952+0530] {dag.py:2690} INFO - Sync 1 DAGs
[2023-03-07T18:24:21.973+0530] {logging_mixin.py:137} INFO - [2023-03-07T18:24:21.972+0530] {dag.py:3437} INFO - Setting next_dagrun for example_sensor_decorator to None, run_after=None
[2023-03-07T18:24:21.996+0530] {processor.py:175} INFO - Processing /home/ris/PycharmProjects/pythonProject/USA-housing/venv/lib/python3.10/site-packages/airflow/example_dags/example_sensor_decorator.py took 0.097 seconds
[2023-03-07T18:25:06.858+0530] {processor.py:153} INFO - Started process (PID=8421) to work on /home/ris/PycharmProjects/pythonProject/USA-housing/venv/lib/python3.10/site-packages/airflow/example_dags/example_sensor_decorator.py
[2023-03-07T18:25:06.860+0530] {processor.py:743} INFO - Processing file /home/ris/PycharmProjects/pythonProject/USA-housing/venv/lib/python3.10/site-packages/airflow/example_dags/example_sensor_decorator.py for tasks to queue
[2023-03-07T18:25:06.861+0530] {logging_mixin.py:137} INFO - [2023-03-07T18:25:06.861+0530] {dagbag.py:538} INFO - Filling up the DagBag from /home/ris/PycharmProjects/pythonProject/USA-housing/venv/lib/python3.10/site-packages/airflow/example_dags/example_sensor_decorator.py
[2023-03-07T18:25:06.879+0530] {processor.py:753} INFO - DAG(s) dict_keys(['example_sensor_decorator']) retrieved from /home/ris/PycharmProjects/pythonProject/USA-housing/venv/lib/python3.10/site-packages/airflow/example_dags/example_sensor_decorator.py
[2023-03-07T18:25:06.899+0530] {logging_mixin.py:137} INFO - [2023-03-07T18:25:06.899+0530] {dag.py:2690} INFO - Sync 1 DAGs
[2023-03-07T18:25:06.926+0530] {logging_mixin.py:137} INFO - [2023-03-07T18:25:06.925+0530] {dag.py:3437} INFO - Setting next_dagrun for example_sensor_decorator to None, run_after=None
[2023-03-07T18:25:06.960+0530] {processor.py:175} INFO - Processing /home/ris/PycharmProjects/pythonProject/USA-housing/venv/lib/python3.10/site-packages/airflow/example_dags/example_sensor_decorator.py took 0.106 seconds
[2023-03-07T18:25:52.701+0530] {processor.py:153} INFO - Started process (PID=8511) to work on /home/ris/PycharmProjects/pythonProject/USA-housing/venv/lib/python3.10/site-packages/airflow/example_dags/example_sensor_decorator.py
[2023-03-07T18:25:52.703+0530] {processor.py:743} INFO - Processing file /home/ris/PycharmProjects/pythonProject/USA-housing/venv/lib/python3.10/site-packages/airflow/example_dags/example_sensor_decorator.py for tasks to queue
[2023-03-07T18:25:52.704+0530] {logging_mixin.py:137} INFO - [2023-03-07T18:25:52.704+0530] {dagbag.py:538} INFO - Filling up the DagBag from /home/ris/PycharmProjects/pythonProject/USA-housing/venv/lib/python3.10/site-packages/airflow/example_dags/example_sensor_decorator.py
[2023-03-07T18:25:52.725+0530] {processor.py:753} INFO - DAG(s) dict_keys(['example_sensor_decorator']) retrieved from /home/ris/PycharmProjects/pythonProject/USA-housing/venv/lib/python3.10/site-packages/airflow/example_dags/example_sensor_decorator.py
[2023-03-07T18:25:52.750+0530] {logging_mixin.py:137} INFO - [2023-03-07T18:25:52.750+0530] {dag.py:2690} INFO - Sync 1 DAGs
[2023-03-07T18:25:52.773+0530] {logging_mixin.py:137} INFO - [2023-03-07T18:25:52.772+0530] {dag.py:3437} INFO - Setting next_dagrun for example_sensor_decorator to None, run_after=None
[2023-03-07T18:25:52.802+0530] {processor.py:175} INFO - Processing /home/ris/PycharmProjects/pythonProject/USA-housing/venv/lib/python3.10/site-packages/airflow/example_dags/example_sensor_decorator.py took 0.103 seconds
[2023-03-07T18:26:37.924+0530] {processor.py:153} INFO - Started process (PID=8635) to work on /home/ris/PycharmProjects/pythonProject/USA-housing/venv/lib/python3.10/site-packages/airflow/example_dags/example_sensor_decorator.py
[2023-03-07T18:26:37.925+0530] {processor.py:743} INFO - Processing file /home/ris/PycharmProjects/pythonProject/USA-housing/venv/lib/python3.10/site-packages/airflow/example_dags/example_sensor_decorator.py for tasks to queue
[2023-03-07T18:26:37.926+0530] {logging_mixin.py:137} INFO - [2023-03-07T18:26:37.926+0530] {dagbag.py:538} INFO - Filling up the DagBag from /home/ris/PycharmProjects/pythonProject/USA-housing/venv/lib/python3.10/site-packages/airflow/example_dags/example_sensor_decorator.py
[2023-03-07T18:26:37.944+0530] {processor.py:753} INFO - DAG(s) dict_keys(['example_sensor_decorator']) retrieved from /home/ris/PycharmProjects/pythonProject/USA-housing/venv/lib/python3.10/site-packages/airflow/example_dags/example_sensor_decorator.py
[2023-03-07T18:26:37.966+0530] {logging_mixin.py:137} INFO - [2023-03-07T18:26:37.966+0530] {dag.py:2690} INFO - Sync 1 DAGs
[2023-03-07T18:26:37.986+0530] {logging_mixin.py:137} INFO - [2023-03-07T18:26:37.986+0530] {dag.py:3437} INFO - Setting next_dagrun for example_sensor_decorator to None, run_after=None
[2023-03-07T18:26:38.012+0530] {processor.py:175} INFO - Processing /home/ris/PycharmProjects/pythonProject/USA-housing/venv/lib/python3.10/site-packages/airflow/example_dags/example_sensor_decorator.py took 0.091 seconds
[2023-03-07T18:27:18.815+0530] {processor.py:153} INFO - Started process (PID=8682) to work on /home/ris/PycharmProjects/pythonProject/USA-housing/venv/lib/python3.10/site-packages/airflow/example_dags/example_sensor_decorator.py
[2023-03-07T18:27:18.817+0530] {processor.py:743} INFO - Processing file /home/ris/PycharmProjects/pythonProject/USA-housing/venv/lib/python3.10/site-packages/airflow/example_dags/example_sensor_decorator.py for tasks to queue
[2023-03-07T18:27:18.818+0530] {logging_mixin.py:137} INFO - [2023-03-07T18:27:18.818+0530] {dagbag.py:538} INFO - Filling up the DagBag from /home/ris/PycharmProjects/pythonProject/USA-housing/venv/lib/python3.10/site-packages/airflow/example_dags/example_sensor_decorator.py
[2023-03-07T18:27:18.835+0530] {processor.py:753} INFO - DAG(s) dict_keys(['example_sensor_decorator']) retrieved from /home/ris/PycharmProjects/pythonProject/USA-housing/venv/lib/python3.10/site-packages/airflow/example_dags/example_sensor_decorator.py
[2023-03-07T18:27:18.854+0530] {logging_mixin.py:137} INFO - [2023-03-07T18:27:18.854+0530] {dag.py:2690} INFO - Sync 1 DAGs
[2023-03-07T18:27:18.873+0530] {logging_mixin.py:137} INFO - [2023-03-07T18:27:18.873+0530] {dag.py:3437} INFO - Setting next_dagrun for example_sensor_decorator to None, run_after=None
[2023-03-07T18:27:18.897+0530] {processor.py:175} INFO - Processing /home/ris/PycharmProjects/pythonProject/USA-housing/venv/lib/python3.10/site-packages/airflow/example_dags/example_sensor_decorator.py took 0.084 seconds
[2023-03-07T18:28:01.999+0530] {processor.py:153} INFO - Started process (PID=8730) to work on /home/ris/PycharmProjects/pythonProject/USA-housing/venv/lib/python3.10/site-packages/airflow/example_dags/example_sensor_decorator.py
[2023-03-07T18:28:02.001+0530] {processor.py:743} INFO - Processing file /home/ris/PycharmProjects/pythonProject/USA-housing/venv/lib/python3.10/site-packages/airflow/example_dags/example_sensor_decorator.py for tasks to queue
[2023-03-07T18:28:02.001+0530] {logging_mixin.py:137} INFO - [2023-03-07T18:28:02.001+0530] {dagbag.py:538} INFO - Filling up the DagBag from /home/ris/PycharmProjects/pythonProject/USA-housing/venv/lib/python3.10/site-packages/airflow/example_dags/example_sensor_decorator.py
[2023-03-07T18:28:02.024+0530] {processor.py:753} INFO - DAG(s) dict_keys(['example_sensor_decorator']) retrieved from /home/ris/PycharmProjects/pythonProject/USA-housing/venv/lib/python3.10/site-packages/airflow/example_dags/example_sensor_decorator.py
[2023-03-07T18:28:02.046+0530] {logging_mixin.py:137} INFO - [2023-03-07T18:28:02.045+0530] {dag.py:2690} INFO - Sync 1 DAGs
[2023-03-07T18:28:02.064+0530] {logging_mixin.py:137} INFO - [2023-03-07T18:28:02.064+0530] {dag.py:3437} INFO - Setting next_dagrun for example_sensor_decorator to None, run_after=None
[2023-03-07T18:28:02.086+0530] {processor.py:175} INFO - Processing /home/ris/PycharmProjects/pythonProject/USA-housing/venv/lib/python3.10/site-packages/airflow/example_dags/example_sensor_decorator.py took 0.090 seconds
[2023-03-07T18:28:46.291+0530] {processor.py:153} INFO - Started process (PID=8796) to work on /home/ris/PycharmProjects/pythonProject/USA-housing/venv/lib/python3.10/site-packages/airflow/example_dags/example_sensor_decorator.py
[2023-03-07T18:28:46.293+0530] {processor.py:743} INFO - Processing file /home/ris/PycharmProjects/pythonProject/USA-housing/venv/lib/python3.10/site-packages/airflow/example_dags/example_sensor_decorator.py for tasks to queue
[2023-03-07T18:28:46.293+0530] {logging_mixin.py:137} INFO - [2023-03-07T18:28:46.293+0530] {dagbag.py:538} INFO - Filling up the DagBag from /home/ris/PycharmProjects/pythonProject/USA-housing/venv/lib/python3.10/site-packages/airflow/example_dags/example_sensor_decorator.py
[2023-03-07T18:28:46.306+0530] {processor.py:753} INFO - DAG(s) dict_keys(['example_sensor_decorator']) retrieved from /home/ris/PycharmProjects/pythonProject/USA-housing/venv/lib/python3.10/site-packages/airflow/example_dags/example_sensor_decorator.py
[2023-03-07T18:28:46.322+0530] {logging_mixin.py:137} INFO - [2023-03-07T18:28:46.322+0530] {dag.py:2690} INFO - Sync 1 DAGs
[2023-03-07T18:28:46.337+0530] {logging_mixin.py:137} INFO - [2023-03-07T18:28:46.337+0530] {dag.py:3437} INFO - Setting next_dagrun for example_sensor_decorator to None, run_after=None
[2023-03-07T18:28:46.356+0530] {processor.py:175} INFO - Processing /home/ris/PycharmProjects/pythonProject/USA-housing/venv/lib/python3.10/site-packages/airflow/example_dags/example_sensor_decorator.py took 0.069 seconds
[2023-03-07T18:29:26.245+0530] {processor.py:153} INFO - Started process (PID=8844) to work on /home/ris/PycharmProjects/pythonProject/USA-housing/venv/lib/python3.10/site-packages/airflow/example_dags/example_sensor_decorator.py
[2023-03-07T18:29:26.246+0530] {processor.py:743} INFO - Processing file /home/ris/PycharmProjects/pythonProject/USA-housing/venv/lib/python3.10/site-packages/airflow/example_dags/example_sensor_decorator.py for tasks to queue
[2023-03-07T18:29:26.247+0530] {logging_mixin.py:137} INFO - [2023-03-07T18:29:26.247+0530] {dagbag.py:538} INFO - Filling up the DagBag from /home/ris/PycharmProjects/pythonProject/USA-housing/venv/lib/python3.10/site-packages/airflow/example_dags/example_sensor_decorator.py
[2023-03-07T18:29:26.261+0530] {processor.py:753} INFO - DAG(s) dict_keys(['example_sensor_decorator']) retrieved from /home/ris/PycharmProjects/pythonProject/USA-housing/venv/lib/python3.10/site-packages/airflow/example_dags/example_sensor_decorator.py
[2023-03-07T18:29:26.277+0530] {logging_mixin.py:137} INFO - [2023-03-07T18:29:26.277+0530] {dag.py:2690} INFO - Sync 1 DAGs
[2023-03-07T18:29:26.291+0530] {logging_mixin.py:137} INFO - [2023-03-07T18:29:26.291+0530] {dag.py:3437} INFO - Setting next_dagrun for example_sensor_decorator to None, run_after=None
[2023-03-07T18:29:26.313+0530] {processor.py:175} INFO - Processing /home/ris/PycharmProjects/pythonProject/USA-housing/venv/lib/python3.10/site-packages/airflow/example_dags/example_sensor_decorator.py took 0.072 seconds
[2023-03-07T18:30:13.342+0530] {processor.py:153} INFO - Started process (PID=8897) to work on /home/ris/PycharmProjects/pythonProject/USA-housing/venv/lib/python3.10/site-packages/airflow/example_dags/example_sensor_decorator.py
[2023-03-07T18:30:13.344+0530] {processor.py:743} INFO - Processing file /home/ris/PycharmProjects/pythonProject/USA-housing/venv/lib/python3.10/site-packages/airflow/example_dags/example_sensor_decorator.py for tasks to queue
[2023-03-07T18:30:13.344+0530] {logging_mixin.py:137} INFO - [2023-03-07T18:30:13.344+0530] {dagbag.py:538} INFO - Filling up the DagBag from /home/ris/PycharmProjects/pythonProject/USA-housing/venv/lib/python3.10/site-packages/airflow/example_dags/example_sensor_decorator.py
[2023-03-07T18:30:13.361+0530] {processor.py:753} INFO - DAG(s) dict_keys(['example_sensor_decorator']) retrieved from /home/ris/PycharmProjects/pythonProject/USA-housing/venv/lib/python3.10/site-packages/airflow/example_dags/example_sensor_decorator.py
[2023-03-07T18:30:13.379+0530] {logging_mixin.py:137} INFO - [2023-03-07T18:30:13.379+0530] {dag.py:2690} INFO - Sync 1 DAGs
[2023-03-07T18:30:13.401+0530] {logging_mixin.py:137} INFO - [2023-03-07T18:30:13.400+0530] {dag.py:3437} INFO - Setting next_dagrun for example_sensor_decorator to None, run_after=None
[2023-03-07T18:30:13.422+0530] {processor.py:175} INFO - Processing /home/ris/PycharmProjects/pythonProject/USA-housing/venv/lib/python3.10/site-packages/airflow/example_dags/example_sensor_decorator.py took 0.085 seconds
[2023-03-07T18:31:04.223+0530] {processor.py:153} INFO - Started process (PID=8996) to work on /home/ris/PycharmProjects/pythonProject/USA-housing/venv/lib/python3.10/site-packages/airflow/example_dags/example_sensor_decorator.py
[2023-03-07T18:31:04.225+0530] {processor.py:743} INFO - Processing file /home/ris/PycharmProjects/pythonProject/USA-housing/venv/lib/python3.10/site-packages/airflow/example_dags/example_sensor_decorator.py for tasks to queue
[2023-03-07T18:31:04.225+0530] {logging_mixin.py:137} INFO - [2023-03-07T18:31:04.225+0530] {dagbag.py:538} INFO - Filling up the DagBag from /home/ris/PycharmProjects/pythonProject/USA-housing/venv/lib/python3.10/site-packages/airflow/example_dags/example_sensor_decorator.py
[2023-03-07T18:31:04.240+0530] {processor.py:753} INFO - DAG(s) dict_keys(['example_sensor_decorator']) retrieved from /home/ris/PycharmProjects/pythonProject/USA-housing/venv/lib/python3.10/site-packages/airflow/example_dags/example_sensor_decorator.py
[2023-03-07T18:31:04.256+0530] {logging_mixin.py:137} INFO - [2023-03-07T18:31:04.256+0530] {dag.py:2690} INFO - Sync 1 DAGs
[2023-03-07T18:31:04.273+0530] {logging_mixin.py:137} INFO - [2023-03-07T18:31:04.272+0530] {dag.py:3437} INFO - Setting next_dagrun for example_sensor_decorator to None, run_after=None
[2023-03-07T18:31:04.294+0530] {processor.py:175} INFO - Processing /home/ris/PycharmProjects/pythonProject/USA-housing/venv/lib/python3.10/site-packages/airflow/example_dags/example_sensor_decorator.py took 0.075 seconds
[2023-03-07T18:31:45.184+0530] {processor.py:153} INFO - Started process (PID=9070) to work on /home/ris/PycharmProjects/pythonProject/USA-housing/venv/lib/python3.10/site-packages/airflow/example_dags/example_sensor_decorator.py
[2023-03-07T18:31:45.186+0530] {processor.py:743} INFO - Processing file /home/ris/PycharmProjects/pythonProject/USA-housing/venv/lib/python3.10/site-packages/airflow/example_dags/example_sensor_decorator.py for tasks to queue
[2023-03-07T18:31:45.186+0530] {logging_mixin.py:137} INFO - [2023-03-07T18:31:45.186+0530] {dagbag.py:538} INFO - Filling up the DagBag from /home/ris/PycharmProjects/pythonProject/USA-housing/venv/lib/python3.10/site-packages/airflow/example_dags/example_sensor_decorator.py
[2023-03-07T18:31:45.200+0530] {processor.py:753} INFO - DAG(s) dict_keys(['example_sensor_decorator']) retrieved from /home/ris/PycharmProjects/pythonProject/USA-housing/venv/lib/python3.10/site-packages/airflow/example_dags/example_sensor_decorator.py
[2023-03-07T18:31:45.217+0530] {logging_mixin.py:137} INFO - [2023-03-07T18:31:45.217+0530] {dag.py:2690} INFO - Sync 1 DAGs
[2023-03-07T18:31:45.232+0530] {logging_mixin.py:137} INFO - [2023-03-07T18:31:45.232+0530] {dag.py:3437} INFO - Setting next_dagrun for example_sensor_decorator to None, run_after=None
[2023-03-07T18:31:45.252+0530] {processor.py:175} INFO - Processing /home/ris/PycharmProjects/pythonProject/USA-housing/venv/lib/python3.10/site-packages/airflow/example_dags/example_sensor_decorator.py took 0.071 seconds
[2023-03-07T18:32:30.732+0530] {processor.py:153} INFO - Started process (PID=9122) to work on /home/ris/PycharmProjects/pythonProject/USA-housing/venv/lib/python3.10/site-packages/airflow/example_dags/example_sensor_decorator.py
[2023-03-07T18:32:30.734+0530] {processor.py:743} INFO - Processing file /home/ris/PycharmProjects/pythonProject/USA-housing/venv/lib/python3.10/site-packages/airflow/example_dags/example_sensor_decorator.py for tasks to queue
[2023-03-07T18:32:30.735+0530] {logging_mixin.py:137} INFO - [2023-03-07T18:32:30.734+0530] {dagbag.py:538} INFO - Filling up the DagBag from /home/ris/PycharmProjects/pythonProject/USA-housing/venv/lib/python3.10/site-packages/airflow/example_dags/example_sensor_decorator.py
[2023-03-07T18:32:30.750+0530] {processor.py:753} INFO - DAG(s) dict_keys(['example_sensor_decorator']) retrieved from /home/ris/PycharmProjects/pythonProject/USA-housing/venv/lib/python3.10/site-packages/airflow/example_dags/example_sensor_decorator.py
[2023-03-07T18:32:30.767+0530] {logging_mixin.py:137} INFO - [2023-03-07T18:32:30.767+0530] {dag.py:2690} INFO - Sync 1 DAGs
[2023-03-07T18:32:30.783+0530] {logging_mixin.py:137} INFO - [2023-03-07T18:32:30.783+0530] {dag.py:3437} INFO - Setting next_dagrun for example_sensor_decorator to None, run_after=None
[2023-03-07T18:32:30.803+0530] {processor.py:175} INFO - Processing /home/ris/PycharmProjects/pythonProject/USA-housing/venv/lib/python3.10/site-packages/airflow/example_dags/example_sensor_decorator.py took 0.074 seconds
[2023-03-07T18:33:19.661+0530] {processor.py:153} INFO - Started process (PID=9178) to work on /home/ris/PycharmProjects/pythonProject/USA-housing/venv/lib/python3.10/site-packages/airflow/example_dags/example_sensor_decorator.py
[2023-03-07T18:33:19.663+0530] {processor.py:743} INFO - Processing file /home/ris/PycharmProjects/pythonProject/USA-housing/venv/lib/python3.10/site-packages/airflow/example_dags/example_sensor_decorator.py for tasks to queue
[2023-03-07T18:33:19.664+0530] {logging_mixin.py:137} INFO - [2023-03-07T18:33:19.663+0530] {dagbag.py:538} INFO - Filling up the DagBag from /home/ris/PycharmProjects/pythonProject/USA-housing/venv/lib/python3.10/site-packages/airflow/example_dags/example_sensor_decorator.py
[2023-03-07T18:33:19.678+0530] {processor.py:753} INFO - DAG(s) dict_keys(['example_sensor_decorator']) retrieved from /home/ris/PycharmProjects/pythonProject/USA-housing/venv/lib/python3.10/site-packages/airflow/example_dags/example_sensor_decorator.py
[2023-03-07T18:33:19.696+0530] {logging_mixin.py:137} INFO - [2023-03-07T18:33:19.696+0530] {dag.py:2690} INFO - Sync 1 DAGs
[2023-03-07T18:33:19.716+0530] {logging_mixin.py:137} INFO - [2023-03-07T18:33:19.716+0530] {dag.py:3437} INFO - Setting next_dagrun for example_sensor_decorator to None, run_after=None
[2023-03-07T18:33:19.742+0530] {processor.py:175} INFO - Processing /home/ris/PycharmProjects/pythonProject/USA-housing/venv/lib/python3.10/site-packages/airflow/example_dags/example_sensor_decorator.py took 0.083 seconds
[2023-03-07T18:33:58.113+0530] {processor.py:153} INFO - Started process (PID=9220) to work on /home/ris/PycharmProjects/pythonProject/USA-housing/venv/lib/python3.10/site-packages/airflow/example_dags/example_sensor_decorator.py
[2023-03-07T18:33:58.115+0530] {processor.py:743} INFO - Processing file /home/ris/PycharmProjects/pythonProject/USA-housing/venv/lib/python3.10/site-packages/airflow/example_dags/example_sensor_decorator.py for tasks to queue
[2023-03-07T18:33:58.116+0530] {logging_mixin.py:137} INFO - [2023-03-07T18:33:58.115+0530] {dagbag.py:538} INFO - Filling up the DagBag from /home/ris/PycharmProjects/pythonProject/USA-housing/venv/lib/python3.10/site-packages/airflow/example_dags/example_sensor_decorator.py
[2023-03-07T18:33:58.131+0530] {processor.py:753} INFO - DAG(s) dict_keys(['example_sensor_decorator']) retrieved from /home/ris/PycharmProjects/pythonProject/USA-housing/venv/lib/python3.10/site-packages/airflow/example_dags/example_sensor_decorator.py
[2023-03-07T18:33:58.158+0530] {logging_mixin.py:137} INFO - [2023-03-07T18:33:58.157+0530] {dag.py:2690} INFO - Sync 1 DAGs
[2023-03-07T18:33:58.176+0530] {logging_mixin.py:137} INFO - [2023-03-07T18:33:58.176+0530] {dag.py:3437} INFO - Setting next_dagrun for example_sensor_decorator to None, run_after=None
[2023-03-07T18:33:58.197+0530] {processor.py:175} INFO - Processing /home/ris/PycharmProjects/pythonProject/USA-housing/venv/lib/python3.10/site-packages/airflow/example_dags/example_sensor_decorator.py took 0.087 seconds
[2023-03-07T18:34:43.372+0530] {processor.py:153} INFO - Started process (PID=9273) to work on /home/ris/PycharmProjects/pythonProject/USA-housing/venv/lib/python3.10/site-packages/airflow/example_dags/example_sensor_decorator.py
[2023-03-07T18:34:43.374+0530] {processor.py:743} INFO - Processing file /home/ris/PycharmProjects/pythonProject/USA-housing/venv/lib/python3.10/site-packages/airflow/example_dags/example_sensor_decorator.py for tasks to queue
[2023-03-07T18:34:43.375+0530] {logging_mixin.py:137} INFO - [2023-03-07T18:34:43.375+0530] {dagbag.py:538} INFO - Filling up the DagBag from /home/ris/PycharmProjects/pythonProject/USA-housing/venv/lib/python3.10/site-packages/airflow/example_dags/example_sensor_decorator.py
[2023-03-07T18:34:43.387+0530] {processor.py:753} INFO - DAG(s) dict_keys(['example_sensor_decorator']) retrieved from /home/ris/PycharmProjects/pythonProject/USA-housing/venv/lib/python3.10/site-packages/airflow/example_dags/example_sensor_decorator.py
[2023-03-07T18:34:43.403+0530] {logging_mixin.py:137} INFO - [2023-03-07T18:34:43.403+0530] {dag.py:2690} INFO - Sync 1 DAGs
[2023-03-07T18:34:43.418+0530] {logging_mixin.py:137} INFO - [2023-03-07T18:34:43.418+0530] {dag.py:3437} INFO - Setting next_dagrun for example_sensor_decorator to None, run_after=None
[2023-03-07T18:34:43.436+0530] {processor.py:175} INFO - Processing /home/ris/PycharmProjects/pythonProject/USA-housing/venv/lib/python3.10/site-packages/airflow/example_dags/example_sensor_decorator.py took 0.067 seconds
[2023-03-07T18:35:31.270+0530] {processor.py:153} INFO - Started process (PID=9349) to work on /home/ris/PycharmProjects/pythonProject/USA-housing/venv/lib/python3.10/site-packages/airflow/example_dags/example_sensor_decorator.py
[2023-03-07T18:35:31.273+0530] {processor.py:743} INFO - Processing file /home/ris/PycharmProjects/pythonProject/USA-housing/venv/lib/python3.10/site-packages/airflow/example_dags/example_sensor_decorator.py for tasks to queue
[2023-03-07T18:35:31.273+0530] {logging_mixin.py:137} INFO - [2023-03-07T18:35:31.273+0530] {dagbag.py:538} INFO - Filling up the DagBag from /home/ris/PycharmProjects/pythonProject/USA-housing/venv/lib/python3.10/site-packages/airflow/example_dags/example_sensor_decorator.py
[2023-03-07T18:35:31.288+0530] {processor.py:753} INFO - DAG(s) dict_keys(['example_sensor_decorator']) retrieved from /home/ris/PycharmProjects/pythonProject/USA-housing/venv/lib/python3.10/site-packages/airflow/example_dags/example_sensor_decorator.py
[2023-03-07T18:35:31.304+0530] {logging_mixin.py:137} INFO - [2023-03-07T18:35:31.304+0530] {dag.py:2690} INFO - Sync 1 DAGs
[2023-03-07T18:35:31.320+0530] {logging_mixin.py:137} INFO - [2023-03-07T18:35:31.320+0530] {dag.py:3437} INFO - Setting next_dagrun for example_sensor_decorator to None, run_after=None
[2023-03-07T18:35:31.337+0530] {processor.py:175} INFO - Processing /home/ris/PycharmProjects/pythonProject/USA-housing/venv/lib/python3.10/site-packages/airflow/example_dags/example_sensor_decorator.py took 0.072 seconds
[2023-03-07T18:36:09.703+0530] {processor.py:153} INFO - Started process (PID=9390) to work on /home/ris/PycharmProjects/pythonProject/USA-housing/venv/lib/python3.10/site-packages/airflow/example_dags/example_sensor_decorator.py
[2023-03-07T18:36:09.705+0530] {processor.py:743} INFO - Processing file /home/ris/PycharmProjects/pythonProject/USA-housing/venv/lib/python3.10/site-packages/airflow/example_dags/example_sensor_decorator.py for tasks to queue
[2023-03-07T18:36:09.705+0530] {logging_mixin.py:137} INFO - [2023-03-07T18:36:09.705+0530] {dagbag.py:538} INFO - Filling up the DagBag from /home/ris/PycharmProjects/pythonProject/USA-housing/venv/lib/python3.10/site-packages/airflow/example_dags/example_sensor_decorator.py
[2023-03-07T18:36:09.719+0530] {processor.py:753} INFO - DAG(s) dict_keys(['example_sensor_decorator']) retrieved from /home/ris/PycharmProjects/pythonProject/USA-housing/venv/lib/python3.10/site-packages/airflow/example_dags/example_sensor_decorator.py
[2023-03-07T18:36:09.736+0530] {logging_mixin.py:137} INFO - [2023-03-07T18:36:09.736+0530] {dag.py:2690} INFO - Sync 1 DAGs
[2023-03-07T18:36:09.751+0530] {logging_mixin.py:137} INFO - [2023-03-07T18:36:09.750+0530] {dag.py:3437} INFO - Setting next_dagrun for example_sensor_decorator to None, run_after=None
[2023-03-07T18:36:09.771+0530] {processor.py:175} INFO - Processing /home/ris/PycharmProjects/pythonProject/USA-housing/venv/lib/python3.10/site-packages/airflow/example_dags/example_sensor_decorator.py took 0.070 seconds
[2023-03-07T18:36:58.472+0530] {processor.py:153} INFO - Started process (PID=9455) to work on /home/ris/PycharmProjects/pythonProject/USA-housing/venv/lib/python3.10/site-packages/airflow/example_dags/example_sensor_decorator.py
[2023-03-07T18:36:58.474+0530] {processor.py:743} INFO - Processing file /home/ris/PycharmProjects/pythonProject/USA-housing/venv/lib/python3.10/site-packages/airflow/example_dags/example_sensor_decorator.py for tasks to queue
[2023-03-07T18:36:58.476+0530] {logging_mixin.py:137} INFO - [2023-03-07T18:36:58.476+0530] {dagbag.py:538} INFO - Filling up the DagBag from /home/ris/PycharmProjects/pythonProject/USA-housing/venv/lib/python3.10/site-packages/airflow/example_dags/example_sensor_decorator.py
[2023-03-07T18:36:58.489+0530] {processor.py:753} INFO - DAG(s) dict_keys(['example_sensor_decorator']) retrieved from /home/ris/PycharmProjects/pythonProject/USA-housing/venv/lib/python3.10/site-packages/airflow/example_dags/example_sensor_decorator.py
[2023-03-07T18:36:58.505+0530] {logging_mixin.py:137} INFO - [2023-03-07T18:36:58.504+0530] {dag.py:2690} INFO - Sync 1 DAGs
[2023-03-07T18:36:58.519+0530] {logging_mixin.py:137} INFO - [2023-03-07T18:36:58.519+0530] {dag.py:3437} INFO - Setting next_dagrun for example_sensor_decorator to None, run_after=None
[2023-03-07T18:36:58.536+0530] {processor.py:175} INFO - Processing /home/ris/PycharmProjects/pythonProject/USA-housing/venv/lib/python3.10/site-packages/airflow/example_dags/example_sensor_decorator.py took 0.067 seconds
[2023-03-07T18:37:37.498+0530] {processor.py:153} INFO - Started process (PID=9528) to work on /home/ris/PycharmProjects/pythonProject/USA-housing/venv/lib/python3.10/site-packages/airflow/example_dags/example_sensor_decorator.py
[2023-03-07T18:37:37.499+0530] {processor.py:743} INFO - Processing file /home/ris/PycharmProjects/pythonProject/USA-housing/venv/lib/python3.10/site-packages/airflow/example_dags/example_sensor_decorator.py for tasks to queue
[2023-03-07T18:37:37.500+0530] {logging_mixin.py:137} INFO - [2023-03-07T18:37:37.500+0530] {dagbag.py:538} INFO - Filling up the DagBag from /home/ris/PycharmProjects/pythonProject/USA-housing/venv/lib/python3.10/site-packages/airflow/example_dags/example_sensor_decorator.py
[2023-03-07T18:37:37.513+0530] {processor.py:753} INFO - DAG(s) dict_keys(['example_sensor_decorator']) retrieved from /home/ris/PycharmProjects/pythonProject/USA-housing/venv/lib/python3.10/site-packages/airflow/example_dags/example_sensor_decorator.py
[2023-03-07T18:37:37.528+0530] {logging_mixin.py:137} INFO - [2023-03-07T18:37:37.528+0530] {dag.py:2690} INFO - Sync 1 DAGs
[2023-03-07T18:37:37.542+0530] {logging_mixin.py:137} INFO - [2023-03-07T18:37:37.542+0530] {dag.py:3437} INFO - Setting next_dagrun for example_sensor_decorator to None, run_after=None
[2023-03-07T18:37:37.559+0530] {processor.py:175} INFO - Processing /home/ris/PycharmProjects/pythonProject/USA-housing/venv/lib/python3.10/site-packages/airflow/example_dags/example_sensor_decorator.py took 0.064 seconds
[2023-03-07T18:38:29.018+0530] {processor.py:153} INFO - Started process (PID=9590) to work on /home/ris/PycharmProjects/pythonProject/USA-housing/venv/lib/python3.10/site-packages/airflow/example_dags/example_sensor_decorator.py
[2023-03-07T18:38:29.020+0530] {processor.py:743} INFO - Processing file /home/ris/PycharmProjects/pythonProject/USA-housing/venv/lib/python3.10/site-packages/airflow/example_dags/example_sensor_decorator.py for tasks to queue
[2023-03-07T18:38:29.020+0530] {logging_mixin.py:137} INFO - [2023-03-07T18:38:29.020+0530] {dagbag.py:538} INFO - Filling up the DagBag from /home/ris/PycharmProjects/pythonProject/USA-housing/venv/lib/python3.10/site-packages/airflow/example_dags/example_sensor_decorator.py
[2023-03-07T18:38:29.034+0530] {processor.py:753} INFO - DAG(s) dict_keys(['example_sensor_decorator']) retrieved from /home/ris/PycharmProjects/pythonProject/USA-housing/venv/lib/python3.10/site-packages/airflow/example_dags/example_sensor_decorator.py
[2023-03-07T18:38:29.050+0530] {logging_mixin.py:137} INFO - [2023-03-07T18:38:29.050+0530] {dag.py:2690} INFO - Sync 1 DAGs
[2023-03-07T18:38:29.065+0530] {logging_mixin.py:137} INFO - [2023-03-07T18:38:29.065+0530] {dag.py:3437} INFO - Setting next_dagrun for example_sensor_decorator to None, run_after=None
[2023-03-07T18:38:29.085+0530] {processor.py:175} INFO - Processing /home/ris/PycharmProjects/pythonProject/USA-housing/venv/lib/python3.10/site-packages/airflow/example_dags/example_sensor_decorator.py took 0.070 seconds
[2023-03-07T18:39:20.406+0530] {processor.py:153} INFO - Started process (PID=9671) to work on /home/ris/PycharmProjects/pythonProject/USA-housing/venv/lib/python3.10/site-packages/airflow/example_dags/example_sensor_decorator.py
[2023-03-07T18:39:20.408+0530] {processor.py:743} INFO - Processing file /home/ris/PycharmProjects/pythonProject/USA-housing/venv/lib/python3.10/site-packages/airflow/example_dags/example_sensor_decorator.py for tasks to queue
[2023-03-07T18:39:20.409+0530] {logging_mixin.py:137} INFO - [2023-03-07T18:39:20.409+0530] {dagbag.py:538} INFO - Filling up the DagBag from /home/ris/PycharmProjects/pythonProject/USA-housing/venv/lib/python3.10/site-packages/airflow/example_dags/example_sensor_decorator.py
[2023-03-07T18:39:20.438+0530] {processor.py:753} INFO - DAG(s) dict_keys(['example_sensor_decorator']) retrieved from /home/ris/PycharmProjects/pythonProject/USA-housing/venv/lib/python3.10/site-packages/airflow/example_dags/example_sensor_decorator.py
[2023-03-07T18:39:20.456+0530] {logging_mixin.py:137} INFO - [2023-03-07T18:39:20.456+0530] {dag.py:2690} INFO - Sync 1 DAGs
[2023-03-07T18:39:20.470+0530] {logging_mixin.py:137} INFO - [2023-03-07T18:39:20.470+0530] {dag.py:3437} INFO - Setting next_dagrun for example_sensor_decorator to None, run_after=None
[2023-03-07T18:39:20.486+0530] {processor.py:175} INFO - Processing /home/ris/PycharmProjects/pythonProject/USA-housing/venv/lib/python3.10/site-packages/airflow/example_dags/example_sensor_decorator.py took 0.084 seconds
[2023-03-07T18:40:04.604+0530] {processor.py:153} INFO - Started process (PID=9720) to work on /home/ris/PycharmProjects/pythonProject/USA-housing/venv/lib/python3.10/site-packages/airflow/example_dags/example_sensor_decorator.py
[2023-03-07T18:40:04.606+0530] {processor.py:743} INFO - Processing file /home/ris/PycharmProjects/pythonProject/USA-housing/venv/lib/python3.10/site-packages/airflow/example_dags/example_sensor_decorator.py for tasks to queue
[2023-03-07T18:40:04.607+0530] {logging_mixin.py:137} INFO - [2023-03-07T18:40:04.607+0530] {dagbag.py:538} INFO - Filling up the DagBag from /home/ris/PycharmProjects/pythonProject/USA-housing/venv/lib/python3.10/site-packages/airflow/example_dags/example_sensor_decorator.py
[2023-03-07T18:40:04.636+0530] {processor.py:753} INFO - DAG(s) dict_keys(['example_sensor_decorator']) retrieved from /home/ris/PycharmProjects/pythonProject/USA-housing/venv/lib/python3.10/site-packages/airflow/example_dags/example_sensor_decorator.py
[2023-03-07T18:40:04.656+0530] {logging_mixin.py:137} INFO - [2023-03-07T18:40:04.656+0530] {dag.py:2690} INFO - Sync 1 DAGs
[2023-03-07T18:40:04.669+0530] {logging_mixin.py:137} INFO - [2023-03-07T18:40:04.669+0530] {dag.py:3437} INFO - Setting next_dagrun for example_sensor_decorator to None, run_after=None
[2023-03-07T18:40:04.686+0530] {processor.py:175} INFO - Processing /home/ris/PycharmProjects/pythonProject/USA-housing/venv/lib/python3.10/site-packages/airflow/example_dags/example_sensor_decorator.py took 0.086 seconds
[2023-03-07T18:40:45.120+0530] {processor.py:153} INFO - Started process (PID=9764) to work on /home/ris/PycharmProjects/pythonProject/USA-housing/venv/lib/python3.10/site-packages/airflow/example_dags/example_sensor_decorator.py
[2023-03-07T18:40:45.122+0530] {processor.py:743} INFO - Processing file /home/ris/PycharmProjects/pythonProject/USA-housing/venv/lib/python3.10/site-packages/airflow/example_dags/example_sensor_decorator.py for tasks to queue
[2023-03-07T18:40:45.123+0530] {logging_mixin.py:137} INFO - [2023-03-07T18:40:45.123+0530] {dagbag.py:538} INFO - Filling up the DagBag from /home/ris/PycharmProjects/pythonProject/USA-housing/venv/lib/python3.10/site-packages/airflow/example_dags/example_sensor_decorator.py
[2023-03-07T18:40:45.153+0530] {processor.py:753} INFO - DAG(s) dict_keys(['example_sensor_decorator']) retrieved from /home/ris/PycharmProjects/pythonProject/USA-housing/venv/lib/python3.10/site-packages/airflow/example_dags/example_sensor_decorator.py
[2023-03-07T18:40:45.172+0530] {logging_mixin.py:137} INFO - [2023-03-07T18:40:45.172+0530] {dag.py:2690} INFO - Sync 1 DAGs
[2023-03-07T18:40:45.185+0530] {logging_mixin.py:137} INFO - [2023-03-07T18:40:45.185+0530] {dag.py:3437} INFO - Setting next_dagrun for example_sensor_decorator to None, run_after=None
[2023-03-07T18:40:45.202+0530] {processor.py:175} INFO - Processing /home/ris/PycharmProjects/pythonProject/USA-housing/venv/lib/python3.10/site-packages/airflow/example_dags/example_sensor_decorator.py took 0.086 seconds
