[2023-03-07T16:10:54.418+0530] {processor.py:153} INFO - Started process (PID=14982) to work on /home/ris/PycharmProjects/pythonProject/USA-housing/venv/lib/python3.10/site-packages/airflow/example_dags/example_short_circuit_decorator.py
[2023-03-07T16:10:54.419+0530] {processor.py:743} INFO - Processing file /home/ris/PycharmProjects/pythonProject/USA-housing/venv/lib/python3.10/site-packages/airflow/example_dags/example_short_circuit_decorator.py for tasks to queue
[2023-03-07T16:10:54.420+0530] {logging_mixin.py:137} INFO - [2023-03-07T16:10:54.420+0530] {dagbag.py:538} INFO - Filling up the DagBag from /home/ris/PycharmProjects/pythonProject/USA-housing/venv/lib/python3.10/site-packages/airflow/example_dags/example_short_circuit_decorator.py
[2023-03-07T16:10:54.469+0530] {processor.py:753} INFO - DAG(s) dict_keys(['example_short_circuit_decorator']) retrieved from /home/ris/PycharmProjects/pythonProject/USA-housing/venv/lib/python3.10/site-packages/airflow/example_dags/example_short_circuit_decorator.py
[2023-03-07T16:10:54.498+0530] {logging_mixin.py:137} INFO - [2023-03-07T16:10:54.498+0530] {dag.py:2690} INFO - Sync 1 DAGs
[2023-03-07T16:10:54.531+0530] {logging_mixin.py:137} INFO - [2023-03-07T16:10:54.530+0530] {dag.py:3437} INFO - Setting next_dagrun for example_short_circuit_decorator to 2023-03-06T10:40:54.530385+00:00, run_after=2023-03-07T10:40:54.530385+00:00
[2023-03-07T16:10:54.564+0530] {processor.py:175} INFO - Processing /home/ris/PycharmProjects/pythonProject/USA-housing/venv/lib/python3.10/site-packages/airflow/example_dags/example_short_circuit_decorator.py took 0.151 seconds
[2023-03-07T17:37:50.143+0530] {processor.py:153} INFO - Started process (PID=5637) to work on /home/ris/PycharmProjects/pythonProject/USA-housing/venv/lib/python3.10/site-packages/airflow/example_dags/example_short_circuit_decorator.py
[2023-03-07T17:37:50.144+0530] {processor.py:743} INFO - Processing file /home/ris/PycharmProjects/pythonProject/USA-housing/venv/lib/python3.10/site-packages/airflow/example_dags/example_short_circuit_decorator.py for tasks to queue
[2023-03-07T17:37:50.145+0530] {logging_mixin.py:137} INFO - [2023-03-07T17:37:50.145+0530] {dagbag.py:538} INFO - Filling up the DagBag from /home/ris/PycharmProjects/pythonProject/USA-housing/venv/lib/python3.10/site-packages/airflow/example_dags/example_short_circuit_decorator.py
[2023-03-07T17:37:50.169+0530] {processor.py:753} INFO - DAG(s) dict_keys(['example_short_circuit_decorator']) retrieved from /home/ris/PycharmProjects/pythonProject/USA-housing/venv/lib/python3.10/site-packages/airflow/example_dags/example_short_circuit_decorator.py
[2023-03-07T17:37:50.188+0530] {logging_mixin.py:137} INFO - [2023-03-07T17:37:50.187+0530] {dag.py:2690} INFO - Sync 1 DAGs
[2023-03-07T17:37:50.208+0530] {logging_mixin.py:137} INFO - [2023-03-07T17:37:50.208+0530] {dag.py:3437} INFO - Setting next_dagrun for example_short_circuit_decorator to 2023-03-06T12:07:50.207786+00:00, run_after=2023-03-07T12:07:50.207786+00:00
[2023-03-07T17:37:50.229+0530] {processor.py:175} INFO - Processing /home/ris/PycharmProjects/pythonProject/USA-housing/venv/lib/python3.10/site-packages/airflow/example_dags/example_short_circuit_decorator.py took 0.088 seconds
[2023-03-07T17:38:54.677+0530] {processor.py:153} INFO - Started process (PID=5771) to work on /home/ris/PycharmProjects/pythonProject/USA-housing/venv/lib/python3.10/site-packages/airflow/example_dags/example_short_circuit_decorator.py
[2023-03-07T17:38:54.679+0530] {processor.py:743} INFO - Processing file /home/ris/PycharmProjects/pythonProject/USA-housing/venv/lib/python3.10/site-packages/airflow/example_dags/example_short_circuit_decorator.py for tasks to queue
[2023-03-07T17:38:54.681+0530] {logging_mixin.py:137} INFO - [2023-03-07T17:38:54.680+0530] {dagbag.py:538} INFO - Filling up the DagBag from /home/ris/PycharmProjects/pythonProject/USA-housing/venv/lib/python3.10/site-packages/airflow/example_dags/example_short_circuit_decorator.py
[2023-03-07T17:38:54.725+0530] {processor.py:753} INFO - DAG(s) dict_keys(['example_short_circuit_decorator']) retrieved from /home/ris/PycharmProjects/pythonProject/USA-housing/venv/lib/python3.10/site-packages/airflow/example_dags/example_short_circuit_decorator.py
[2023-03-07T17:38:54.743+0530] {logging_mixin.py:137} INFO - [2023-03-07T17:38:54.743+0530] {dag.py:2690} INFO - Sync 1 DAGs
[2023-03-07T17:38:54.765+0530] {logging_mixin.py:137} INFO - [2023-03-07T17:38:54.764+0530] {dag.py:3437} INFO - Setting next_dagrun for example_short_circuit_decorator to 2023-03-06T12:08:54.764612+00:00, run_after=2023-03-07T12:08:54.764612+00:00
[2023-03-07T17:38:54.787+0530] {processor.py:175} INFO - Processing /home/ris/PycharmProjects/pythonProject/USA-housing/venv/lib/python3.10/site-packages/airflow/example_dags/example_short_circuit_decorator.py took 0.114 seconds
[2023-03-07T17:59:33.936+0530] {processor.py:153} INFO - Started process (PID=5935) to work on /home/ris/PycharmProjects/pythonProject/USA-housing/venv/lib/python3.10/site-packages/airflow/example_dags/example_short_circuit_decorator.py
[2023-03-07T17:59:33.938+0530] {processor.py:743} INFO - Processing file /home/ris/PycharmProjects/pythonProject/USA-housing/venv/lib/python3.10/site-packages/airflow/example_dags/example_short_circuit_decorator.py for tasks to queue
[2023-03-07T17:59:33.938+0530] {logging_mixin.py:137} INFO - [2023-03-07T17:59:33.938+0530] {dagbag.py:538} INFO - Filling up the DagBag from /home/ris/PycharmProjects/pythonProject/USA-housing/venv/lib/python3.10/site-packages/airflow/example_dags/example_short_circuit_decorator.py
[2023-03-07T17:59:33.957+0530] {processor.py:753} INFO - DAG(s) dict_keys(['example_short_circuit_decorator']) retrieved from /home/ris/PycharmProjects/pythonProject/USA-housing/venv/lib/python3.10/site-packages/airflow/example_dags/example_short_circuit_decorator.py
[2023-03-07T17:59:33.975+0530] {logging_mixin.py:137} INFO - [2023-03-07T17:59:33.975+0530] {dag.py:2690} INFO - Sync 1 DAGs
[2023-03-07T17:59:33.992+0530] {logging_mixin.py:137} INFO - [2023-03-07T17:59:33.991+0530] {dag.py:3437} INFO - Setting next_dagrun for example_short_circuit_decorator to 2023-03-06T12:29:33.991734+00:00, run_after=2023-03-07T12:29:33.991734+00:00
[2023-03-07T17:59:34.013+0530] {processor.py:175} INFO - Processing /home/ris/PycharmProjects/pythonProject/USA-housing/venv/lib/python3.10/site-packages/airflow/example_dags/example_short_circuit_decorator.py took 0.081 seconds
[2023-03-07T18:00:18.547+0530] {processor.py:153} INFO - Started process (PID=5978) to work on /home/ris/PycharmProjects/pythonProject/USA-housing/venv/lib/python3.10/site-packages/airflow/example_dags/example_short_circuit_decorator.py
[2023-03-07T18:00:18.548+0530] {processor.py:743} INFO - Processing file /home/ris/PycharmProjects/pythonProject/USA-housing/venv/lib/python3.10/site-packages/airflow/example_dags/example_short_circuit_decorator.py for tasks to queue
[2023-03-07T18:00:18.548+0530] {logging_mixin.py:137} INFO - [2023-03-07T18:00:18.548+0530] {dagbag.py:538} INFO - Filling up the DagBag from /home/ris/PycharmProjects/pythonProject/USA-housing/venv/lib/python3.10/site-packages/airflow/example_dags/example_short_circuit_decorator.py
[2023-03-07T18:00:18.566+0530] {processor.py:753} INFO - DAG(s) dict_keys(['example_short_circuit_decorator']) retrieved from /home/ris/PycharmProjects/pythonProject/USA-housing/venv/lib/python3.10/site-packages/airflow/example_dags/example_short_circuit_decorator.py
[2023-03-07T18:00:18.583+0530] {logging_mixin.py:137} INFO - [2023-03-07T18:00:18.583+0530] {dag.py:2690} INFO - Sync 1 DAGs
[2023-03-07T18:00:18.607+0530] {logging_mixin.py:137} INFO - [2023-03-07T18:00:18.607+0530] {dag.py:3437} INFO - Setting next_dagrun for example_short_circuit_decorator to 2023-03-06T12:30:18.607065+00:00, run_after=2023-03-07T12:30:18.607065+00:00
[2023-03-07T18:00:18.628+0530] {processor.py:175} INFO - Processing /home/ris/PycharmProjects/pythonProject/USA-housing/venv/lib/python3.10/site-packages/airflow/example_dags/example_short_circuit_decorator.py took 0.085 seconds
[2023-03-07T18:01:03.683+0530] {processor.py:153} INFO - Started process (PID=6027) to work on /home/ris/PycharmProjects/pythonProject/USA-housing/venv/lib/python3.10/site-packages/airflow/example_dags/example_short_circuit_decorator.py
[2023-03-07T18:01:03.685+0530] {processor.py:743} INFO - Processing file /home/ris/PycharmProjects/pythonProject/USA-housing/venv/lib/python3.10/site-packages/airflow/example_dags/example_short_circuit_decorator.py for tasks to queue
[2023-03-07T18:01:03.685+0530] {logging_mixin.py:137} INFO - [2023-03-07T18:01:03.685+0530] {dagbag.py:538} INFO - Filling up the DagBag from /home/ris/PycharmProjects/pythonProject/USA-housing/venv/lib/python3.10/site-packages/airflow/example_dags/example_short_circuit_decorator.py
[2023-03-07T18:01:03.703+0530] {processor.py:753} INFO - DAG(s) dict_keys(['example_short_circuit_decorator']) retrieved from /home/ris/PycharmProjects/pythonProject/USA-housing/venv/lib/python3.10/site-packages/airflow/example_dags/example_short_circuit_decorator.py
[2023-03-07T18:01:03.722+0530] {logging_mixin.py:137} INFO - [2023-03-07T18:01:03.721+0530] {dag.py:2690} INFO - Sync 1 DAGs
[2023-03-07T18:01:03.737+0530] {logging_mixin.py:137} INFO - [2023-03-07T18:01:03.737+0530] {dag.py:3437} INFO - Setting next_dagrun for example_short_circuit_decorator to 2023-03-06T12:31:03.737181+00:00, run_after=2023-03-07T12:31:03.737181+00:00
[2023-03-07T18:01:03.766+0530] {processor.py:175} INFO - Processing /home/ris/PycharmProjects/pythonProject/USA-housing/venv/lib/python3.10/site-packages/airflow/example_dags/example_short_circuit_decorator.py took 0.085 seconds
[2023-03-07T18:01:44.583+0530] {processor.py:153} INFO - Started process (PID=6072) to work on /home/ris/PycharmProjects/pythonProject/USA-housing/venv/lib/python3.10/site-packages/airflow/example_dags/example_short_circuit_decorator.py
[2023-03-07T18:01:44.586+0530] {processor.py:743} INFO - Processing file /home/ris/PycharmProjects/pythonProject/USA-housing/venv/lib/python3.10/site-packages/airflow/example_dags/example_short_circuit_decorator.py for tasks to queue
[2023-03-07T18:01:44.586+0530] {logging_mixin.py:137} INFO - [2023-03-07T18:01:44.586+0530] {dagbag.py:538} INFO - Filling up the DagBag from /home/ris/PycharmProjects/pythonProject/USA-housing/venv/lib/python3.10/site-packages/airflow/example_dags/example_short_circuit_decorator.py
[2023-03-07T18:01:44.607+0530] {processor.py:753} INFO - DAG(s) dict_keys(['example_short_circuit_decorator']) retrieved from /home/ris/PycharmProjects/pythonProject/USA-housing/venv/lib/python3.10/site-packages/airflow/example_dags/example_short_circuit_decorator.py
[2023-03-07T18:01:44.631+0530] {logging_mixin.py:137} INFO - [2023-03-07T18:01:44.630+0530] {dag.py:2690} INFO - Sync 1 DAGs
[2023-03-07T18:01:44.650+0530] {logging_mixin.py:137} INFO - [2023-03-07T18:01:44.650+0530] {dag.py:3437} INFO - Setting next_dagrun for example_short_circuit_decorator to 2023-03-06T12:31:44.649988+00:00, run_after=2023-03-07T12:31:44.649988+00:00
[2023-03-07T18:01:44.669+0530] {processor.py:175} INFO - Processing /home/ris/PycharmProjects/pythonProject/USA-housing/venv/lib/python3.10/site-packages/airflow/example_dags/example_short_circuit_decorator.py took 0.088 seconds
[2023-03-07T18:02:27.369+0530] {processor.py:153} INFO - Started process (PID=6119) to work on /home/ris/PycharmProjects/pythonProject/USA-housing/venv/lib/python3.10/site-packages/airflow/example_dags/example_short_circuit_decorator.py
[2023-03-07T18:02:27.371+0530] {processor.py:743} INFO - Processing file /home/ris/PycharmProjects/pythonProject/USA-housing/venv/lib/python3.10/site-packages/airflow/example_dags/example_short_circuit_decorator.py for tasks to queue
[2023-03-07T18:02:27.371+0530] {logging_mixin.py:137} INFO - [2023-03-07T18:02:27.371+0530] {dagbag.py:538} INFO - Filling up the DagBag from /home/ris/PycharmProjects/pythonProject/USA-housing/venv/lib/python3.10/site-packages/airflow/example_dags/example_short_circuit_decorator.py
[2023-03-07T18:02:27.390+0530] {processor.py:753} INFO - DAG(s) dict_keys(['example_short_circuit_decorator']) retrieved from /home/ris/PycharmProjects/pythonProject/USA-housing/venv/lib/python3.10/site-packages/airflow/example_dags/example_short_circuit_decorator.py
[2023-03-07T18:02:27.408+0530] {logging_mixin.py:137} INFO - [2023-03-07T18:02:27.408+0530] {dag.py:2690} INFO - Sync 1 DAGs
[2023-03-07T18:02:27.424+0530] {logging_mixin.py:137} INFO - [2023-03-07T18:02:27.424+0530] {dag.py:3437} INFO - Setting next_dagrun for example_short_circuit_decorator to 2023-03-06T12:32:27.423860+00:00, run_after=2023-03-07T12:32:27.423860+00:00
[2023-03-07T18:02:27.444+0530] {processor.py:175} INFO - Processing /home/ris/PycharmProjects/pythonProject/USA-housing/venv/lib/python3.10/site-packages/airflow/example_dags/example_short_circuit_decorator.py took 0.078 seconds
[2023-03-07T18:03:16.096+0530] {processor.py:153} INFO - Started process (PID=6173) to work on /home/ris/PycharmProjects/pythonProject/USA-housing/venv/lib/python3.10/site-packages/airflow/example_dags/example_short_circuit_decorator.py
[2023-03-07T18:03:16.098+0530] {processor.py:743} INFO - Processing file /home/ris/PycharmProjects/pythonProject/USA-housing/venv/lib/python3.10/site-packages/airflow/example_dags/example_short_circuit_decorator.py for tasks to queue
[2023-03-07T18:03:16.099+0530] {logging_mixin.py:137} INFO - [2023-03-07T18:03:16.099+0530] {dagbag.py:538} INFO - Filling up the DagBag from /home/ris/PycharmProjects/pythonProject/USA-housing/venv/lib/python3.10/site-packages/airflow/example_dags/example_short_circuit_decorator.py
[2023-03-07T18:03:16.116+0530] {processor.py:753} INFO - DAG(s) dict_keys(['example_short_circuit_decorator']) retrieved from /home/ris/PycharmProjects/pythonProject/USA-housing/venv/lib/python3.10/site-packages/airflow/example_dags/example_short_circuit_decorator.py
[2023-03-07T18:03:16.134+0530] {logging_mixin.py:137} INFO - [2023-03-07T18:03:16.134+0530] {dag.py:2690} INFO - Sync 1 DAGs
[2023-03-07T18:03:16.151+0530] {logging_mixin.py:137} INFO - [2023-03-07T18:03:16.151+0530] {dag.py:3437} INFO - Setting next_dagrun for example_short_circuit_decorator to 2023-03-06T12:33:16.150955+00:00, run_after=2023-03-07T12:33:16.150955+00:00
[2023-03-07T18:03:16.172+0530] {processor.py:175} INFO - Processing /home/ris/PycharmProjects/pythonProject/USA-housing/venv/lib/python3.10/site-packages/airflow/example_dags/example_short_circuit_decorator.py took 0.078 seconds
[2023-03-07T18:03:55.151+0530] {processor.py:153} INFO - Started process (PID=6218) to work on /home/ris/PycharmProjects/pythonProject/USA-housing/venv/lib/python3.10/site-packages/airflow/example_dags/example_short_circuit_decorator.py
[2023-03-07T18:03:55.153+0530] {processor.py:743} INFO - Processing file /home/ris/PycharmProjects/pythonProject/USA-housing/venv/lib/python3.10/site-packages/airflow/example_dags/example_short_circuit_decorator.py for tasks to queue
[2023-03-07T18:03:55.153+0530] {logging_mixin.py:137} INFO - [2023-03-07T18:03:55.153+0530] {dagbag.py:538} INFO - Filling up the DagBag from /home/ris/PycharmProjects/pythonProject/USA-housing/venv/lib/python3.10/site-packages/airflow/example_dags/example_short_circuit_decorator.py
[2023-03-07T18:03:55.171+0530] {processor.py:753} INFO - DAG(s) dict_keys(['example_short_circuit_decorator']) retrieved from /home/ris/PycharmProjects/pythonProject/USA-housing/venv/lib/python3.10/site-packages/airflow/example_dags/example_short_circuit_decorator.py
[2023-03-07T18:03:55.188+0530] {logging_mixin.py:137} INFO - [2023-03-07T18:03:55.187+0530] {dag.py:2690} INFO - Sync 1 DAGs
[2023-03-07T18:03:55.204+0530] {logging_mixin.py:137} INFO - [2023-03-07T18:03:55.203+0530] {dag.py:3437} INFO - Setting next_dagrun for example_short_circuit_decorator to 2023-03-06T12:33:55.203705+00:00, run_after=2023-03-07T12:33:55.203705+00:00
[2023-03-07T18:03:55.231+0530] {processor.py:175} INFO - Processing /home/ris/PycharmProjects/pythonProject/USA-housing/venv/lib/python3.10/site-packages/airflow/example_dags/example_short_circuit_decorator.py took 0.082 seconds
[2023-03-07T18:04:40.847+0530] {processor.py:153} INFO - Started process (PID=6276) to work on /home/ris/PycharmProjects/pythonProject/USA-housing/venv/lib/python3.10/site-packages/airflow/example_dags/example_short_circuit_decorator.py
[2023-03-07T18:04:40.848+0530] {processor.py:743} INFO - Processing file /home/ris/PycharmProjects/pythonProject/USA-housing/venv/lib/python3.10/site-packages/airflow/example_dags/example_short_circuit_decorator.py for tasks to queue
[2023-03-07T18:04:40.849+0530] {logging_mixin.py:137} INFO - [2023-03-07T18:04:40.849+0530] {dagbag.py:538} INFO - Filling up the DagBag from /home/ris/PycharmProjects/pythonProject/USA-housing/venv/lib/python3.10/site-packages/airflow/example_dags/example_short_circuit_decorator.py
[2023-03-07T18:04:40.867+0530] {processor.py:753} INFO - DAG(s) dict_keys(['example_short_circuit_decorator']) retrieved from /home/ris/PycharmProjects/pythonProject/USA-housing/venv/lib/python3.10/site-packages/airflow/example_dags/example_short_circuit_decorator.py
[2023-03-07T18:04:40.884+0530] {logging_mixin.py:137} INFO - [2023-03-07T18:04:40.884+0530] {dag.py:2690} INFO - Sync 1 DAGs
[2023-03-07T18:04:40.900+0530] {logging_mixin.py:137} INFO - [2023-03-07T18:04:40.900+0530] {dag.py:3437} INFO - Setting next_dagrun for example_short_circuit_decorator to 2023-03-06T12:34:40.900356+00:00, run_after=2023-03-07T12:34:40.900356+00:00
[2023-03-07T18:04:40.920+0530] {processor.py:175} INFO - Processing /home/ris/PycharmProjects/pythonProject/USA-housing/venv/lib/python3.10/site-packages/airflow/example_dags/example_short_circuit_decorator.py took 0.077 seconds
[2023-03-07T18:05:29.776+0530] {processor.py:153} INFO - Started process (PID=6328) to work on /home/ris/PycharmProjects/pythonProject/USA-housing/venv/lib/python3.10/site-packages/airflow/example_dags/example_short_circuit_decorator.py
[2023-03-07T18:05:29.777+0530] {processor.py:743} INFO - Processing file /home/ris/PycharmProjects/pythonProject/USA-housing/venv/lib/python3.10/site-packages/airflow/example_dags/example_short_circuit_decorator.py for tasks to queue
[2023-03-07T18:05:29.778+0530] {logging_mixin.py:137} INFO - [2023-03-07T18:05:29.778+0530] {dagbag.py:538} INFO - Filling up the DagBag from /home/ris/PycharmProjects/pythonProject/USA-housing/venv/lib/python3.10/site-packages/airflow/example_dags/example_short_circuit_decorator.py
[2023-03-07T18:05:29.795+0530] {processor.py:753} INFO - DAG(s) dict_keys(['example_short_circuit_decorator']) retrieved from /home/ris/PycharmProjects/pythonProject/USA-housing/venv/lib/python3.10/site-packages/airflow/example_dags/example_short_circuit_decorator.py
[2023-03-07T18:05:29.813+0530] {logging_mixin.py:137} INFO - [2023-03-07T18:05:29.812+0530] {dag.py:2690} INFO - Sync 1 DAGs
[2023-03-07T18:05:29.827+0530] {logging_mixin.py:137} INFO - [2023-03-07T18:05:29.827+0530] {dag.py:3437} INFO - Setting next_dagrun for example_short_circuit_decorator to 2023-03-06T12:35:29.826930+00:00, run_after=2023-03-07T12:35:29.826930+00:00
[2023-03-07T18:05:29.845+0530] {processor.py:175} INFO - Processing /home/ris/PycharmProjects/pythonProject/USA-housing/venv/lib/python3.10/site-packages/airflow/example_dags/example_short_circuit_decorator.py took 0.073 seconds
[2023-03-07T18:06:10.663+0530] {processor.py:153} INFO - Started process (PID=6372) to work on /home/ris/PycharmProjects/pythonProject/USA-housing/venv/lib/python3.10/site-packages/airflow/example_dags/example_short_circuit_decorator.py
[2023-03-07T18:06:10.664+0530] {processor.py:743} INFO - Processing file /home/ris/PycharmProjects/pythonProject/USA-housing/venv/lib/python3.10/site-packages/airflow/example_dags/example_short_circuit_decorator.py for tasks to queue
[2023-03-07T18:06:10.665+0530] {logging_mixin.py:137} INFO - [2023-03-07T18:06:10.665+0530] {dagbag.py:538} INFO - Filling up the DagBag from /home/ris/PycharmProjects/pythonProject/USA-housing/venv/lib/python3.10/site-packages/airflow/example_dags/example_short_circuit_decorator.py
[2023-03-07T18:06:10.682+0530] {processor.py:753} INFO - DAG(s) dict_keys(['example_short_circuit_decorator']) retrieved from /home/ris/PycharmProjects/pythonProject/USA-housing/venv/lib/python3.10/site-packages/airflow/example_dags/example_short_circuit_decorator.py
[2023-03-07T18:06:10.701+0530] {logging_mixin.py:137} INFO - [2023-03-07T18:06:10.701+0530] {dag.py:2690} INFO - Sync 1 DAGs
[2023-03-07T18:06:10.717+0530] {logging_mixin.py:137} INFO - [2023-03-07T18:06:10.717+0530] {dag.py:3437} INFO - Setting next_dagrun for example_short_circuit_decorator to 2023-03-06T12:36:10.716877+00:00, run_after=2023-03-07T12:36:10.716877+00:00
[2023-03-07T18:06:10.736+0530] {processor.py:175} INFO - Processing /home/ris/PycharmProjects/pythonProject/USA-housing/venv/lib/python3.10/site-packages/airflow/example_dags/example_short_circuit_decorator.py took 0.076 seconds
[2023-03-07T18:06:57.161+0530] {processor.py:153} INFO - Started process (PID=6426) to work on /home/ris/PycharmProjects/pythonProject/USA-housing/venv/lib/python3.10/site-packages/airflow/example_dags/example_short_circuit_decorator.py
[2023-03-07T18:06:57.162+0530] {processor.py:743} INFO - Processing file /home/ris/PycharmProjects/pythonProject/USA-housing/venv/lib/python3.10/site-packages/airflow/example_dags/example_short_circuit_decorator.py for tasks to queue
[2023-03-07T18:06:57.163+0530] {logging_mixin.py:137} INFO - [2023-03-07T18:06:57.163+0530] {dagbag.py:538} INFO - Filling up the DagBag from /home/ris/PycharmProjects/pythonProject/USA-housing/venv/lib/python3.10/site-packages/airflow/example_dags/example_short_circuit_decorator.py
[2023-03-07T18:06:57.180+0530] {processor.py:753} INFO - DAG(s) dict_keys(['example_short_circuit_decorator']) retrieved from /home/ris/PycharmProjects/pythonProject/USA-housing/venv/lib/python3.10/site-packages/airflow/example_dags/example_short_circuit_decorator.py
[2023-03-07T18:06:57.197+0530] {logging_mixin.py:137} INFO - [2023-03-07T18:06:57.197+0530] {dag.py:2690} INFO - Sync 1 DAGs
[2023-03-07T18:06:57.212+0530] {logging_mixin.py:137} INFO - [2023-03-07T18:06:57.212+0530] {dag.py:3437} INFO - Setting next_dagrun for example_short_circuit_decorator to 2023-03-06T12:36:57.212227+00:00, run_after=2023-03-07T12:36:57.212227+00:00
[2023-03-07T18:06:57.231+0530] {processor.py:175} INFO - Processing /home/ris/PycharmProjects/pythonProject/USA-housing/venv/lib/python3.10/site-packages/airflow/example_dags/example_short_circuit_decorator.py took 0.075 seconds
[2023-03-07T18:07:47.388+0530] {processor.py:153} INFO - Started process (PID=6479) to work on /home/ris/PycharmProjects/pythonProject/USA-housing/venv/lib/python3.10/site-packages/airflow/example_dags/example_short_circuit_decorator.py
[2023-03-07T18:07:47.390+0530] {processor.py:743} INFO - Processing file /home/ris/PycharmProjects/pythonProject/USA-housing/venv/lib/python3.10/site-packages/airflow/example_dags/example_short_circuit_decorator.py for tasks to queue
[2023-03-07T18:07:47.390+0530] {logging_mixin.py:137} INFO - [2023-03-07T18:07:47.390+0530] {dagbag.py:538} INFO - Filling up the DagBag from /home/ris/PycharmProjects/pythonProject/USA-housing/venv/lib/python3.10/site-packages/airflow/example_dags/example_short_circuit_decorator.py
[2023-03-07T18:07:47.406+0530] {processor.py:753} INFO - DAG(s) dict_keys(['example_short_circuit_decorator']) retrieved from /home/ris/PycharmProjects/pythonProject/USA-housing/venv/lib/python3.10/site-packages/airflow/example_dags/example_short_circuit_decorator.py
[2023-03-07T18:07:47.424+0530] {logging_mixin.py:137} INFO - [2023-03-07T18:07:47.423+0530] {dag.py:2690} INFO - Sync 1 DAGs
[2023-03-07T18:07:47.439+0530] {logging_mixin.py:137} INFO - [2023-03-07T18:07:47.438+0530] {dag.py:3437} INFO - Setting next_dagrun for example_short_circuit_decorator to 2023-03-06T12:37:47.438711+00:00, run_after=2023-03-07T12:37:47.438711+00:00
[2023-03-07T18:07:47.459+0530] {processor.py:175} INFO - Processing /home/ris/PycharmProjects/pythonProject/USA-housing/venv/lib/python3.10/site-packages/airflow/example_dags/example_short_circuit_decorator.py took 0.074 seconds
[2023-03-07T18:08:40.374+0530] {processor.py:153} INFO - Started process (PID=6535) to work on /home/ris/PycharmProjects/pythonProject/USA-housing/venv/lib/python3.10/site-packages/airflow/example_dags/example_short_circuit_decorator.py
[2023-03-07T18:08:40.374+0530] {processor.py:743} INFO - Processing file /home/ris/PycharmProjects/pythonProject/USA-housing/venv/lib/python3.10/site-packages/airflow/example_dags/example_short_circuit_decorator.py for tasks to queue
[2023-03-07T18:08:40.375+0530] {logging_mixin.py:137} INFO - [2023-03-07T18:08:40.375+0530] {dagbag.py:538} INFO - Filling up the DagBag from /home/ris/PycharmProjects/pythonProject/USA-housing/venv/lib/python3.10/site-packages/airflow/example_dags/example_short_circuit_decorator.py
[2023-03-07T18:08:40.392+0530] {processor.py:753} INFO - DAG(s) dict_keys(['example_short_circuit_decorator']) retrieved from /home/ris/PycharmProjects/pythonProject/USA-housing/venv/lib/python3.10/site-packages/airflow/example_dags/example_short_circuit_decorator.py
[2023-03-07T18:08:40.409+0530] {logging_mixin.py:137} INFO - [2023-03-07T18:08:40.409+0530] {dag.py:2690} INFO - Sync 1 DAGs
[2023-03-07T18:08:40.426+0530] {logging_mixin.py:137} INFO - [2023-03-07T18:08:40.426+0530] {dag.py:3437} INFO - Setting next_dagrun for example_short_circuit_decorator to 2023-03-06T12:38:40.426186+00:00, run_after=2023-03-07T12:38:40.426186+00:00
[2023-03-07T18:08:40.445+0530] {processor.py:175} INFO - Processing /home/ris/PycharmProjects/pythonProject/USA-housing/venv/lib/python3.10/site-packages/airflow/example_dags/example_short_circuit_decorator.py took 0.074 seconds
[2023-03-07T18:09:22.464+0530] {processor.py:153} INFO - Started process (PID=6597) to work on /home/ris/PycharmProjects/pythonProject/USA-housing/venv/lib/python3.10/site-packages/airflow/example_dags/example_short_circuit_decorator.py
[2023-03-07T18:09:22.468+0530] {processor.py:743} INFO - Processing file /home/ris/PycharmProjects/pythonProject/USA-housing/venv/lib/python3.10/site-packages/airflow/example_dags/example_short_circuit_decorator.py for tasks to queue
[2023-03-07T18:09:22.469+0530] {logging_mixin.py:137} INFO - [2023-03-07T18:09:22.469+0530] {dagbag.py:538} INFO - Filling up the DagBag from /home/ris/PycharmProjects/pythonProject/USA-housing/venv/lib/python3.10/site-packages/airflow/example_dags/example_short_circuit_decorator.py
[2023-03-07T18:09:22.498+0530] {processor.py:753} INFO - DAG(s) dict_keys(['example_short_circuit_decorator']) retrieved from /home/ris/PycharmProjects/pythonProject/USA-housing/venv/lib/python3.10/site-packages/airflow/example_dags/example_short_circuit_decorator.py
[2023-03-07T18:09:22.527+0530] {logging_mixin.py:137} INFO - [2023-03-07T18:09:22.526+0530] {dag.py:2690} INFO - Sync 1 DAGs
[2023-03-07T18:09:22.545+0530] {logging_mixin.py:137} INFO - [2023-03-07T18:09:22.545+0530] {dag.py:3437} INFO - Setting next_dagrun for example_short_circuit_decorator to 2023-03-06T12:39:22.545117+00:00, run_after=2023-03-07T12:39:22.545117+00:00
[2023-03-07T18:09:22.572+0530] {processor.py:175} INFO - Processing /home/ris/PycharmProjects/pythonProject/USA-housing/venv/lib/python3.10/site-packages/airflow/example_dags/example_short_circuit_decorator.py took 0.113 seconds
[2023-03-07T18:10:13.660+0530] {processor.py:153} INFO - Started process (PID=6903) to work on /home/ris/PycharmProjects/pythonProject/USA-housing/venv/lib/python3.10/site-packages/airflow/example_dags/example_short_circuit_decorator.py
[2023-03-07T18:10:13.661+0530] {processor.py:743} INFO - Processing file /home/ris/PycharmProjects/pythonProject/USA-housing/venv/lib/python3.10/site-packages/airflow/example_dags/example_short_circuit_decorator.py for tasks to queue
[2023-03-07T18:10:13.662+0530] {logging_mixin.py:137} INFO - [2023-03-07T18:10:13.662+0530] {dagbag.py:538} INFO - Filling up the DagBag from /home/ris/PycharmProjects/pythonProject/USA-housing/venv/lib/python3.10/site-packages/airflow/example_dags/example_short_circuit_decorator.py
[2023-03-07T18:10:13.692+0530] {processor.py:753} INFO - DAG(s) dict_keys(['example_short_circuit_decorator']) retrieved from /home/ris/PycharmProjects/pythonProject/USA-housing/venv/lib/python3.10/site-packages/airflow/example_dags/example_short_circuit_decorator.py
[2023-03-07T18:10:13.720+0530] {logging_mixin.py:137} INFO - [2023-03-07T18:10:13.720+0530] {dag.py:2690} INFO - Sync 1 DAGs
[2023-03-07T18:10:13.747+0530] {logging_mixin.py:137} INFO - [2023-03-07T18:10:13.747+0530] {dag.py:3437} INFO - Setting next_dagrun for example_short_circuit_decorator to 2023-03-06T12:40:13.746800+00:00, run_after=2023-03-07T12:40:13.746800+00:00
[2023-03-07T18:10:13.786+0530] {processor.py:175} INFO - Processing /home/ris/PycharmProjects/pythonProject/USA-housing/venv/lib/python3.10/site-packages/airflow/example_dags/example_short_circuit_decorator.py took 0.130 seconds
[2023-03-07T18:10:56.545+0530] {processor.py:153} INFO - Started process (PID=6965) to work on /home/ris/PycharmProjects/pythonProject/USA-housing/venv/lib/python3.10/site-packages/airflow/example_dags/example_short_circuit_decorator.py
[2023-03-07T18:10:56.547+0530] {processor.py:743} INFO - Processing file /home/ris/PycharmProjects/pythonProject/USA-housing/venv/lib/python3.10/site-packages/airflow/example_dags/example_short_circuit_decorator.py for tasks to queue
[2023-03-07T18:10:56.547+0530] {logging_mixin.py:137} INFO - [2023-03-07T18:10:56.547+0530] {dagbag.py:538} INFO - Filling up the DagBag from /home/ris/PycharmProjects/pythonProject/USA-housing/venv/lib/python3.10/site-packages/airflow/example_dags/example_short_circuit_decorator.py
[2023-03-07T18:10:56.564+0530] {processor.py:753} INFO - DAG(s) dict_keys(['example_short_circuit_decorator']) retrieved from /home/ris/PycharmProjects/pythonProject/USA-housing/venv/lib/python3.10/site-packages/airflow/example_dags/example_short_circuit_decorator.py
[2023-03-07T18:10:56.582+0530] {logging_mixin.py:137} INFO - [2023-03-07T18:10:56.582+0530] {dag.py:2690} INFO - Sync 1 DAGs
[2023-03-07T18:10:56.598+0530] {logging_mixin.py:137} INFO - [2023-03-07T18:10:56.598+0530] {dag.py:3437} INFO - Setting next_dagrun for example_short_circuit_decorator to 2023-03-06T12:40:56.598381+00:00, run_after=2023-03-07T12:40:56.598381+00:00
[2023-03-07T18:10:56.617+0530] {processor.py:175} INFO - Processing /home/ris/PycharmProjects/pythonProject/USA-housing/venv/lib/python3.10/site-packages/airflow/example_dags/example_short_circuit_decorator.py took 0.074 seconds
[2023-03-07T18:11:49.236+0530] {processor.py:153} INFO - Started process (PID=7024) to work on /home/ris/PycharmProjects/pythonProject/USA-housing/venv/lib/python3.10/site-packages/airflow/example_dags/example_short_circuit_decorator.py
[2023-03-07T18:11:49.238+0530] {processor.py:743} INFO - Processing file /home/ris/PycharmProjects/pythonProject/USA-housing/venv/lib/python3.10/site-packages/airflow/example_dags/example_short_circuit_decorator.py for tasks to queue
[2023-03-07T18:11:49.240+0530] {logging_mixin.py:137} INFO - [2023-03-07T18:11:49.240+0530] {dagbag.py:538} INFO - Filling up the DagBag from /home/ris/PycharmProjects/pythonProject/USA-housing/venv/lib/python3.10/site-packages/airflow/example_dags/example_short_circuit_decorator.py
[2023-03-07T18:11:49.271+0530] {processor.py:753} INFO - DAG(s) dict_keys(['example_short_circuit_decorator']) retrieved from /home/ris/PycharmProjects/pythonProject/USA-housing/venv/lib/python3.10/site-packages/airflow/example_dags/example_short_circuit_decorator.py
[2023-03-07T18:11:49.301+0530] {logging_mixin.py:137} INFO - [2023-03-07T18:11:49.301+0530] {dag.py:2690} INFO - Sync 1 DAGs
[2023-03-07T18:11:49.322+0530] {logging_mixin.py:137} INFO - [2023-03-07T18:11:49.322+0530] {dag.py:3437} INFO - Setting next_dagrun for example_short_circuit_decorator to 2023-03-06T12:41:49.322161+00:00, run_after=2023-03-07T12:41:49.322161+00:00
[2023-03-07T18:11:49.348+0530] {processor.py:175} INFO - Processing /home/ris/PycharmProjects/pythonProject/USA-housing/venv/lib/python3.10/site-packages/airflow/example_dags/example_short_circuit_decorator.py took 0.116 seconds
[2023-03-07T18:12:30.942+0530] {processor.py:153} INFO - Started process (PID=7084) to work on /home/ris/PycharmProjects/pythonProject/USA-housing/venv/lib/python3.10/site-packages/airflow/example_dags/example_short_circuit_decorator.py
[2023-03-07T18:12:30.944+0530] {processor.py:743} INFO - Processing file /home/ris/PycharmProjects/pythonProject/USA-housing/venv/lib/python3.10/site-packages/airflow/example_dags/example_short_circuit_decorator.py for tasks to queue
[2023-03-07T18:12:30.944+0530] {logging_mixin.py:137} INFO - [2023-03-07T18:12:30.944+0530] {dagbag.py:538} INFO - Filling up the DagBag from /home/ris/PycharmProjects/pythonProject/USA-housing/venv/lib/python3.10/site-packages/airflow/example_dags/example_short_circuit_decorator.py
[2023-03-07T18:12:30.961+0530] {processor.py:753} INFO - DAG(s) dict_keys(['example_short_circuit_decorator']) retrieved from /home/ris/PycharmProjects/pythonProject/USA-housing/venv/lib/python3.10/site-packages/airflow/example_dags/example_short_circuit_decorator.py
[2023-03-07T18:12:30.980+0530] {logging_mixin.py:137} INFO - [2023-03-07T18:12:30.980+0530] {dag.py:2690} INFO - Sync 1 DAGs
[2023-03-07T18:12:30.997+0530] {logging_mixin.py:137} INFO - [2023-03-07T18:12:30.997+0530] {dag.py:3437} INFO - Setting next_dagrun for example_short_circuit_decorator to 2023-03-06T12:42:30.996795+00:00, run_after=2023-03-07T12:42:30.996795+00:00
[2023-03-07T18:12:31.018+0530] {processor.py:175} INFO - Processing /home/ris/PycharmProjects/pythonProject/USA-housing/venv/lib/python3.10/site-packages/airflow/example_dags/example_short_circuit_decorator.py took 0.080 seconds
[2023-03-07T18:13:21.133+0530] {processor.py:153} INFO - Started process (PID=7146) to work on /home/ris/PycharmProjects/pythonProject/USA-housing/venv/lib/python3.10/site-packages/airflow/example_dags/example_short_circuit_decorator.py
[2023-03-07T18:13:21.135+0530] {processor.py:743} INFO - Processing file /home/ris/PycharmProjects/pythonProject/USA-housing/venv/lib/python3.10/site-packages/airflow/example_dags/example_short_circuit_decorator.py for tasks to queue
[2023-03-07T18:13:21.136+0530] {logging_mixin.py:137} INFO - [2023-03-07T18:13:21.136+0530] {dagbag.py:538} INFO - Filling up the DagBag from /home/ris/PycharmProjects/pythonProject/USA-housing/venv/lib/python3.10/site-packages/airflow/example_dags/example_short_circuit_decorator.py
[2023-03-07T18:13:21.154+0530] {processor.py:753} INFO - DAG(s) dict_keys(['example_short_circuit_decorator']) retrieved from /home/ris/PycharmProjects/pythonProject/USA-housing/venv/lib/python3.10/site-packages/airflow/example_dags/example_short_circuit_decorator.py
[2023-03-07T18:13:21.172+0530] {logging_mixin.py:137} INFO - [2023-03-07T18:13:21.172+0530] {dag.py:2690} INFO - Sync 1 DAGs
[2023-03-07T18:13:21.195+0530] {logging_mixin.py:137} INFO - [2023-03-07T18:13:21.195+0530] {dag.py:3437} INFO - Setting next_dagrun for example_short_circuit_decorator to 2023-03-06T12:43:21.195407+00:00, run_after=2023-03-07T12:43:21.195407+00:00
[2023-03-07T18:13:21.216+0530] {processor.py:175} INFO - Processing /home/ris/PycharmProjects/pythonProject/USA-housing/venv/lib/python3.10/site-packages/airflow/example_dags/example_short_circuit_decorator.py took 0.086 seconds
[2023-03-07T18:14:06.552+0530] {processor.py:153} INFO - Started process (PID=7202) to work on /home/ris/PycharmProjects/pythonProject/USA-housing/venv/lib/python3.10/site-packages/airflow/example_dags/example_short_circuit_decorator.py
[2023-03-07T18:14:06.554+0530] {processor.py:743} INFO - Processing file /home/ris/PycharmProjects/pythonProject/USA-housing/venv/lib/python3.10/site-packages/airflow/example_dags/example_short_circuit_decorator.py for tasks to queue
[2023-03-07T18:14:06.554+0530] {logging_mixin.py:137} INFO - [2023-03-07T18:14:06.554+0530] {dagbag.py:538} INFO - Filling up the DagBag from /home/ris/PycharmProjects/pythonProject/USA-housing/venv/lib/python3.10/site-packages/airflow/example_dags/example_short_circuit_decorator.py
[2023-03-07T18:14:06.571+0530] {processor.py:753} INFO - DAG(s) dict_keys(['example_short_circuit_decorator']) retrieved from /home/ris/PycharmProjects/pythonProject/USA-housing/venv/lib/python3.10/site-packages/airflow/example_dags/example_short_circuit_decorator.py
[2023-03-07T18:14:06.591+0530] {logging_mixin.py:137} INFO - [2023-03-07T18:14:06.591+0530] {dag.py:2690} INFO - Sync 1 DAGs
[2023-03-07T18:14:06.607+0530] {logging_mixin.py:137} INFO - [2023-03-07T18:14:06.607+0530] {dag.py:3437} INFO - Setting next_dagrun for example_short_circuit_decorator to 2023-03-06T12:44:06.607020+00:00, run_after=2023-03-07T12:44:06.607020+00:00
[2023-03-07T18:14:06.627+0530] {processor.py:175} INFO - Processing /home/ris/PycharmProjects/pythonProject/USA-housing/venv/lib/python3.10/site-packages/airflow/example_dags/example_short_circuit_decorator.py took 0.078 seconds
[2023-03-07T18:14:50.149+0530] {processor.py:153} INFO - Started process (PID=7262) to work on /home/ris/PycharmProjects/pythonProject/USA-housing/venv/lib/python3.10/site-packages/airflow/example_dags/example_short_circuit_decorator.py
[2023-03-07T18:14:50.151+0530] {processor.py:743} INFO - Processing file /home/ris/PycharmProjects/pythonProject/USA-housing/venv/lib/python3.10/site-packages/airflow/example_dags/example_short_circuit_decorator.py for tasks to queue
[2023-03-07T18:14:50.152+0530] {logging_mixin.py:137} INFO - [2023-03-07T18:14:50.152+0530] {dagbag.py:538} INFO - Filling up the DagBag from /home/ris/PycharmProjects/pythonProject/USA-housing/venv/lib/python3.10/site-packages/airflow/example_dags/example_short_circuit_decorator.py
[2023-03-07T18:14:50.176+0530] {processor.py:753} INFO - DAG(s) dict_keys(['example_short_circuit_decorator']) retrieved from /home/ris/PycharmProjects/pythonProject/USA-housing/venv/lib/python3.10/site-packages/airflow/example_dags/example_short_circuit_decorator.py
[2023-03-07T18:14:50.195+0530] {logging_mixin.py:137} INFO - [2023-03-07T18:14:50.195+0530] {dag.py:2690} INFO - Sync 1 DAGs
[2023-03-07T18:14:50.214+0530] {logging_mixin.py:137} INFO - [2023-03-07T18:14:50.214+0530] {dag.py:3437} INFO - Setting next_dagrun for example_short_circuit_decorator to 2023-03-06T12:44:50.214063+00:00, run_after=2023-03-07T12:44:50.214063+00:00
[2023-03-07T18:14:50.237+0530] {processor.py:175} INFO - Processing /home/ris/PycharmProjects/pythonProject/USA-housing/venv/lib/python3.10/site-packages/airflow/example_dags/example_short_circuit_decorator.py took 0.093 seconds
[2023-03-07T18:15:40.088+0530] {processor.py:153} INFO - Started process (PID=7344) to work on /home/ris/PycharmProjects/pythonProject/USA-housing/venv/lib/python3.10/site-packages/airflow/example_dags/example_short_circuit_decorator.py
[2023-03-07T18:15:40.092+0530] {processor.py:743} INFO - Processing file /home/ris/PycharmProjects/pythonProject/USA-housing/venv/lib/python3.10/site-packages/airflow/example_dags/example_short_circuit_decorator.py for tasks to queue
[2023-03-07T18:15:40.094+0530] {logging_mixin.py:137} INFO - [2023-03-07T18:15:40.094+0530] {dagbag.py:538} INFO - Filling up the DagBag from /home/ris/PycharmProjects/pythonProject/USA-housing/venv/lib/python3.10/site-packages/airflow/example_dags/example_short_circuit_decorator.py
[2023-03-07T18:15:40.128+0530] {processor.py:753} INFO - DAG(s) dict_keys(['example_short_circuit_decorator']) retrieved from /home/ris/PycharmProjects/pythonProject/USA-housing/venv/lib/python3.10/site-packages/airflow/example_dags/example_short_circuit_decorator.py
[2023-03-07T18:15:40.161+0530] {logging_mixin.py:137} INFO - [2023-03-07T18:15:40.161+0530] {dag.py:2690} INFO - Sync 1 DAGs
[2023-03-07T18:15:40.186+0530] {logging_mixin.py:137} INFO - [2023-03-07T18:15:40.186+0530] {dag.py:3437} INFO - Setting next_dagrun for example_short_circuit_decorator to 2023-03-06T12:45:40.185740+00:00, run_after=2023-03-07T12:45:40.185740+00:00
[2023-03-07T18:15:40.228+0530] {processor.py:175} INFO - Processing /home/ris/PycharmProjects/pythonProject/USA-housing/venv/lib/python3.10/site-packages/airflow/example_dags/example_short_circuit_decorator.py took 0.147 seconds
[2023-03-07T18:16:24.428+0530] {processor.py:153} INFO - Started process (PID=7395) to work on /home/ris/PycharmProjects/pythonProject/USA-housing/venv/lib/python3.10/site-packages/airflow/example_dags/example_short_circuit_decorator.py
[2023-03-07T18:16:24.430+0530] {processor.py:743} INFO - Processing file /home/ris/PycharmProjects/pythonProject/USA-housing/venv/lib/python3.10/site-packages/airflow/example_dags/example_short_circuit_decorator.py for tasks to queue
[2023-03-07T18:16:24.431+0530] {logging_mixin.py:137} INFO - [2023-03-07T18:16:24.431+0530] {dagbag.py:538} INFO - Filling up the DagBag from /home/ris/PycharmProjects/pythonProject/USA-housing/venv/lib/python3.10/site-packages/airflow/example_dags/example_short_circuit_decorator.py
[2023-03-07T18:16:24.449+0530] {processor.py:753} INFO - DAG(s) dict_keys(['example_short_circuit_decorator']) retrieved from /home/ris/PycharmProjects/pythonProject/USA-housing/venv/lib/python3.10/site-packages/airflow/example_dags/example_short_circuit_decorator.py
[2023-03-07T18:16:24.467+0530] {logging_mixin.py:137} INFO - [2023-03-07T18:16:24.467+0530] {dag.py:2690} INFO - Sync 1 DAGs
[2023-03-07T18:16:24.483+0530] {logging_mixin.py:137} INFO - [2023-03-07T18:16:24.482+0530] {dag.py:3437} INFO - Setting next_dagrun for example_short_circuit_decorator to 2023-03-06T12:46:24.482742+00:00, run_after=2023-03-07T12:46:24.482742+00:00
[2023-03-07T18:16:24.504+0530] {processor.py:175} INFO - Processing /home/ris/PycharmProjects/pythonProject/USA-housing/venv/lib/python3.10/site-packages/airflow/example_dags/example_short_circuit_decorator.py took 0.079 seconds
[2023-03-07T18:17:14.803+0530] {processor.py:153} INFO - Started process (PID=7462) to work on /home/ris/PycharmProjects/pythonProject/USA-housing/venv/lib/python3.10/site-packages/airflow/example_dags/example_short_circuit_decorator.py
[2023-03-07T18:17:14.805+0530] {processor.py:743} INFO - Processing file /home/ris/PycharmProjects/pythonProject/USA-housing/venv/lib/python3.10/site-packages/airflow/example_dags/example_short_circuit_decorator.py for tasks to queue
[2023-03-07T18:17:14.807+0530] {logging_mixin.py:137} INFO - [2023-03-07T18:17:14.806+0530] {dagbag.py:538} INFO - Filling up the DagBag from /home/ris/PycharmProjects/pythonProject/USA-housing/venv/lib/python3.10/site-packages/airflow/example_dags/example_short_circuit_decorator.py
[2023-03-07T18:17:14.845+0530] {processor.py:753} INFO - DAG(s) dict_keys(['example_short_circuit_decorator']) retrieved from /home/ris/PycharmProjects/pythonProject/USA-housing/venv/lib/python3.10/site-packages/airflow/example_dags/example_short_circuit_decorator.py
[2023-03-07T18:17:14.863+0530] {logging_mixin.py:137} INFO - [2023-03-07T18:17:14.863+0530] {dag.py:2690} INFO - Sync 1 DAGs
[2023-03-07T18:17:14.884+0530] {logging_mixin.py:137} INFO - [2023-03-07T18:17:14.883+0530] {dag.py:3437} INFO - Setting next_dagrun for example_short_circuit_decorator to 2023-03-06T12:47:14.883435+00:00, run_after=2023-03-07T12:47:14.883435+00:00
[2023-03-07T18:17:14.904+0530] {processor.py:175} INFO - Processing /home/ris/PycharmProjects/pythonProject/USA-housing/venv/lib/python3.10/site-packages/airflow/example_dags/example_short_circuit_decorator.py took 0.107 seconds
[2023-03-07T18:18:03.056+0530] {processor.py:153} INFO - Started process (PID=7525) to work on /home/ris/PycharmProjects/pythonProject/USA-housing/venv/lib/python3.10/site-packages/airflow/example_dags/example_short_circuit_decorator.py
[2023-03-07T18:18:03.058+0530] {processor.py:743} INFO - Processing file /home/ris/PycharmProjects/pythonProject/USA-housing/venv/lib/python3.10/site-packages/airflow/example_dags/example_short_circuit_decorator.py for tasks to queue
[2023-03-07T18:18:03.059+0530] {logging_mixin.py:137} INFO - [2023-03-07T18:18:03.059+0530] {dagbag.py:538} INFO - Filling up the DagBag from /home/ris/PycharmProjects/pythonProject/USA-housing/venv/lib/python3.10/site-packages/airflow/example_dags/example_short_circuit_decorator.py
[2023-03-07T18:18:03.077+0530] {processor.py:753} INFO - DAG(s) dict_keys(['example_short_circuit_decorator']) retrieved from /home/ris/PycharmProjects/pythonProject/USA-housing/venv/lib/python3.10/site-packages/airflow/example_dags/example_short_circuit_decorator.py
[2023-03-07T18:18:03.096+0530] {logging_mixin.py:137} INFO - [2023-03-07T18:18:03.096+0530] {dag.py:2690} INFO - Sync 1 DAGs
[2023-03-07T18:18:03.113+0530] {logging_mixin.py:137} INFO - [2023-03-07T18:18:03.113+0530] {dag.py:3437} INFO - Setting next_dagrun for example_short_circuit_decorator to 2023-03-06T12:48:03.113013+00:00, run_after=2023-03-07T12:48:03.113013+00:00
[2023-03-07T18:18:03.144+0530] {processor.py:175} INFO - Processing /home/ris/PycharmProjects/pythonProject/USA-housing/venv/lib/python3.10/site-packages/airflow/example_dags/example_short_circuit_decorator.py took 0.091 seconds
[2023-03-07T18:18:43.236+0530] {processor.py:153} INFO - Started process (PID=7572) to work on /home/ris/PycharmProjects/pythonProject/USA-housing/venv/lib/python3.10/site-packages/airflow/example_dags/example_short_circuit_decorator.py
[2023-03-07T18:18:43.238+0530] {processor.py:743} INFO - Processing file /home/ris/PycharmProjects/pythonProject/USA-housing/venv/lib/python3.10/site-packages/airflow/example_dags/example_short_circuit_decorator.py for tasks to queue
[2023-03-07T18:18:43.238+0530] {logging_mixin.py:137} INFO - [2023-03-07T18:18:43.238+0530] {dagbag.py:538} INFO - Filling up the DagBag from /home/ris/PycharmProjects/pythonProject/USA-housing/venv/lib/python3.10/site-packages/airflow/example_dags/example_short_circuit_decorator.py
[2023-03-07T18:18:43.256+0530] {processor.py:753} INFO - DAG(s) dict_keys(['example_short_circuit_decorator']) retrieved from /home/ris/PycharmProjects/pythonProject/USA-housing/venv/lib/python3.10/site-packages/airflow/example_dags/example_short_circuit_decorator.py
[2023-03-07T18:18:43.274+0530] {logging_mixin.py:137} INFO - [2023-03-07T18:18:43.274+0530] {dag.py:2690} INFO - Sync 1 DAGs
[2023-03-07T18:18:43.290+0530] {logging_mixin.py:137} INFO - [2023-03-07T18:18:43.290+0530] {dag.py:3437} INFO - Setting next_dagrun for example_short_circuit_decorator to 2023-03-06T12:48:43.290505+00:00, run_after=2023-03-07T12:48:43.290505+00:00
[2023-03-07T18:18:43.310+0530] {processor.py:175} INFO - Processing /home/ris/PycharmProjects/pythonProject/USA-housing/venv/lib/python3.10/site-packages/airflow/example_dags/example_short_circuit_decorator.py took 0.077 seconds
[2023-03-07T18:19:26.568+0530] {processor.py:153} INFO - Started process (PID=7628) to work on /home/ris/PycharmProjects/pythonProject/USA-housing/venv/lib/python3.10/site-packages/airflow/example_dags/example_short_circuit_decorator.py
[2023-03-07T18:19:26.569+0530] {processor.py:743} INFO - Processing file /home/ris/PycharmProjects/pythonProject/USA-housing/venv/lib/python3.10/site-packages/airflow/example_dags/example_short_circuit_decorator.py for tasks to queue
[2023-03-07T18:19:26.569+0530] {logging_mixin.py:137} INFO - [2023-03-07T18:19:26.569+0530] {dagbag.py:538} INFO - Filling up the DagBag from /home/ris/PycharmProjects/pythonProject/USA-housing/venv/lib/python3.10/site-packages/airflow/example_dags/example_short_circuit_decorator.py
[2023-03-07T18:19:26.586+0530] {processor.py:753} INFO - DAG(s) dict_keys(['example_short_circuit_decorator']) retrieved from /home/ris/PycharmProjects/pythonProject/USA-housing/venv/lib/python3.10/site-packages/airflow/example_dags/example_short_circuit_decorator.py
[2023-03-07T18:19:26.604+0530] {logging_mixin.py:137} INFO - [2023-03-07T18:19:26.604+0530] {dag.py:2690} INFO - Sync 1 DAGs
[2023-03-07T18:19:26.621+0530] {logging_mixin.py:137} INFO - [2023-03-07T18:19:26.621+0530] {dag.py:3437} INFO - Setting next_dagrun for example_short_circuit_decorator to 2023-03-06T12:49:26.620760+00:00, run_after=2023-03-07T12:49:26.620760+00:00
[2023-03-07T18:19:26.640+0530] {processor.py:175} INFO - Processing /home/ris/PycharmProjects/pythonProject/USA-housing/venv/lib/python3.10/site-packages/airflow/example_dags/example_short_circuit_decorator.py took 0.075 seconds
[2023-03-07T18:20:09.095+0530] {processor.py:153} INFO - Started process (PID=7917) to work on /home/ris/PycharmProjects/pythonProject/USA-housing/venv/lib/python3.10/site-packages/airflow/example_dags/example_short_circuit_decorator.py
[2023-03-07T18:20:09.097+0530] {processor.py:743} INFO - Processing file /home/ris/PycharmProjects/pythonProject/USA-housing/venv/lib/python3.10/site-packages/airflow/example_dags/example_short_circuit_decorator.py for tasks to queue
[2023-03-07T18:20:09.098+0530] {logging_mixin.py:137} INFO - [2023-03-07T18:20:09.098+0530] {dagbag.py:538} INFO - Filling up the DagBag from /home/ris/PycharmProjects/pythonProject/USA-housing/venv/lib/python3.10/site-packages/airflow/example_dags/example_short_circuit_decorator.py
[2023-03-07T18:20:09.114+0530] {processor.py:753} INFO - DAG(s) dict_keys(['example_short_circuit_decorator']) retrieved from /home/ris/PycharmProjects/pythonProject/USA-housing/venv/lib/python3.10/site-packages/airflow/example_dags/example_short_circuit_decorator.py
[2023-03-07T18:20:09.130+0530] {logging_mixin.py:137} INFO - [2023-03-07T18:20:09.130+0530] {dag.py:2690} INFO - Sync 1 DAGs
[2023-03-07T18:20:09.147+0530] {logging_mixin.py:137} INFO - [2023-03-07T18:20:09.147+0530] {dag.py:3437} INFO - Setting next_dagrun for example_short_circuit_decorator to 2023-03-06T12:50:09.146824+00:00, run_after=2023-03-07T12:50:09.146824+00:00
[2023-03-07T18:20:09.174+0530] {processor.py:175} INFO - Processing /home/ris/PycharmProjects/pythonProject/USA-housing/venv/lib/python3.10/site-packages/airflow/example_dags/example_short_circuit_decorator.py took 0.081 seconds
[2023-03-07T18:20:51.625+0530] {processor.py:153} INFO - Started process (PID=7968) to work on /home/ris/PycharmProjects/pythonProject/USA-housing/venv/lib/python3.10/site-packages/airflow/example_dags/example_short_circuit_decorator.py
[2023-03-07T18:20:51.626+0530] {processor.py:743} INFO - Processing file /home/ris/PycharmProjects/pythonProject/USA-housing/venv/lib/python3.10/site-packages/airflow/example_dags/example_short_circuit_decorator.py for tasks to queue
[2023-03-07T18:20:51.627+0530] {logging_mixin.py:137} INFO - [2023-03-07T18:20:51.627+0530] {dagbag.py:538} INFO - Filling up the DagBag from /home/ris/PycharmProjects/pythonProject/USA-housing/venv/lib/python3.10/site-packages/airflow/example_dags/example_short_circuit_decorator.py
[2023-03-07T18:20:51.645+0530] {processor.py:753} INFO - DAG(s) dict_keys(['example_short_circuit_decorator']) retrieved from /home/ris/PycharmProjects/pythonProject/USA-housing/venv/lib/python3.10/site-packages/airflow/example_dags/example_short_circuit_decorator.py
[2023-03-07T18:20:51.667+0530] {logging_mixin.py:137} INFO - [2023-03-07T18:20:51.666+0530] {dag.py:2690} INFO - Sync 1 DAGs
[2023-03-07T18:20:51.683+0530] {logging_mixin.py:137} INFO - [2023-03-07T18:20:51.682+0530] {dag.py:3437} INFO - Setting next_dagrun for example_short_circuit_decorator to 2023-03-06T12:50:51.682713+00:00, run_after=2023-03-07T12:50:51.682713+00:00
[2023-03-07T18:20:51.704+0530] {processor.py:175} INFO - Processing /home/ris/PycharmProjects/pythonProject/USA-housing/venv/lib/python3.10/site-packages/airflow/example_dags/example_short_circuit_decorator.py took 0.082 seconds
[2023-03-07T18:21:30.537+0530] {processor.py:153} INFO - Started process (PID=8010) to work on /home/ris/PycharmProjects/pythonProject/USA-housing/venv/lib/python3.10/site-packages/airflow/example_dags/example_short_circuit_decorator.py
[2023-03-07T18:21:30.538+0530] {processor.py:743} INFO - Processing file /home/ris/PycharmProjects/pythonProject/USA-housing/venv/lib/python3.10/site-packages/airflow/example_dags/example_short_circuit_decorator.py for tasks to queue
[2023-03-07T18:21:30.539+0530] {logging_mixin.py:137} INFO - [2023-03-07T18:21:30.539+0530] {dagbag.py:538} INFO - Filling up the DagBag from /home/ris/PycharmProjects/pythonProject/USA-housing/venv/lib/python3.10/site-packages/airflow/example_dags/example_short_circuit_decorator.py
[2023-03-07T18:21:30.557+0530] {processor.py:753} INFO - DAG(s) dict_keys(['example_short_circuit_decorator']) retrieved from /home/ris/PycharmProjects/pythonProject/USA-housing/venv/lib/python3.10/site-packages/airflow/example_dags/example_short_circuit_decorator.py
[2023-03-07T18:21:30.576+0530] {logging_mixin.py:137} INFO - [2023-03-07T18:21:30.576+0530] {dag.py:2690} INFO - Sync 1 DAGs
[2023-03-07T18:21:30.594+0530] {logging_mixin.py:137} INFO - [2023-03-07T18:21:30.593+0530] {dag.py:3437} INFO - Setting next_dagrun for example_short_circuit_decorator to 2023-03-06T12:51:30.593641+00:00, run_after=2023-03-07T12:51:30.593641+00:00
[2023-03-07T18:21:30.615+0530] {processor.py:175} INFO - Processing /home/ris/PycharmProjects/pythonProject/USA-housing/venv/lib/python3.10/site-packages/airflow/example_dags/example_short_circuit_decorator.py took 0.081 seconds
[2023-03-07T18:22:11.804+0530] {processor.py:153} INFO - Started process (PID=8059) to work on /home/ris/PycharmProjects/pythonProject/USA-housing/venv/lib/python3.10/site-packages/airflow/example_dags/example_short_circuit_decorator.py
[2023-03-07T18:22:11.806+0530] {processor.py:743} INFO - Processing file /home/ris/PycharmProjects/pythonProject/USA-housing/venv/lib/python3.10/site-packages/airflow/example_dags/example_short_circuit_decorator.py for tasks to queue
[2023-03-07T18:22:11.807+0530] {logging_mixin.py:137} INFO - [2023-03-07T18:22:11.806+0530] {dagbag.py:538} INFO - Filling up the DagBag from /home/ris/PycharmProjects/pythonProject/USA-housing/venv/lib/python3.10/site-packages/airflow/example_dags/example_short_circuit_decorator.py
[2023-03-07T18:22:11.823+0530] {processor.py:753} INFO - DAG(s) dict_keys(['example_short_circuit_decorator']) retrieved from /home/ris/PycharmProjects/pythonProject/USA-housing/venv/lib/python3.10/site-packages/airflow/example_dags/example_short_circuit_decorator.py
[2023-03-07T18:22:11.843+0530] {logging_mixin.py:137} INFO - [2023-03-07T18:22:11.843+0530] {dag.py:2690} INFO - Sync 1 DAGs
[2023-03-07T18:22:11.859+0530] {logging_mixin.py:137} INFO - [2023-03-07T18:22:11.859+0530] {dag.py:3437} INFO - Setting next_dagrun for example_short_circuit_decorator to 2023-03-06T12:52:11.859067+00:00, run_after=2023-03-07T12:52:11.859067+00:00
[2023-03-07T18:22:11.879+0530] {processor.py:175} INFO - Processing /home/ris/PycharmProjects/pythonProject/USA-housing/venv/lib/python3.10/site-packages/airflow/example_dags/example_short_circuit_decorator.py took 0.078 seconds
[2023-03-07T18:22:57.475+0530] {processor.py:153} INFO - Started process (PID=8111) to work on /home/ris/PycharmProjects/pythonProject/USA-housing/venv/lib/python3.10/site-packages/airflow/example_dags/example_short_circuit_decorator.py
[2023-03-07T18:22:57.478+0530] {processor.py:743} INFO - Processing file /home/ris/PycharmProjects/pythonProject/USA-housing/venv/lib/python3.10/site-packages/airflow/example_dags/example_short_circuit_decorator.py for tasks to queue
[2023-03-07T18:22:57.480+0530] {logging_mixin.py:137} INFO - [2023-03-07T18:22:57.479+0530] {dagbag.py:538} INFO - Filling up the DagBag from /home/ris/PycharmProjects/pythonProject/USA-housing/venv/lib/python3.10/site-packages/airflow/example_dags/example_short_circuit_decorator.py
[2023-03-07T18:22:57.506+0530] {processor.py:753} INFO - DAG(s) dict_keys(['example_short_circuit_decorator']) retrieved from /home/ris/PycharmProjects/pythonProject/USA-housing/venv/lib/python3.10/site-packages/airflow/example_dags/example_short_circuit_decorator.py
[2023-03-07T18:22:57.524+0530] {logging_mixin.py:137} INFO - [2023-03-07T18:22:57.524+0530] {dag.py:2690} INFO - Sync 1 DAGs
[2023-03-07T18:22:57.539+0530] {logging_mixin.py:137} INFO - [2023-03-07T18:22:57.539+0530] {dag.py:3437} INFO - Setting next_dagrun for example_short_circuit_decorator to 2023-03-06T12:52:57.539528+00:00, run_after=2023-03-07T12:52:57.539528+00:00
[2023-03-07T18:22:57.560+0530] {processor.py:175} INFO - Processing /home/ris/PycharmProjects/pythonProject/USA-housing/venv/lib/python3.10/site-packages/airflow/example_dags/example_short_circuit_decorator.py took 0.088 seconds
[2023-03-07T18:23:52.413+0530] {processor.py:153} INFO - Started process (PID=8340) to work on /home/ris/PycharmProjects/pythonProject/USA-housing/venv/lib/python3.10/site-packages/airflow/example_dags/example_short_circuit_decorator.py
[2023-03-07T18:23:52.414+0530] {processor.py:743} INFO - Processing file /home/ris/PycharmProjects/pythonProject/USA-housing/venv/lib/python3.10/site-packages/airflow/example_dags/example_short_circuit_decorator.py for tasks to queue
[2023-03-07T18:23:52.415+0530] {logging_mixin.py:137} INFO - [2023-03-07T18:23:52.415+0530] {dagbag.py:538} INFO - Filling up the DagBag from /home/ris/PycharmProjects/pythonProject/USA-housing/venv/lib/python3.10/site-packages/airflow/example_dags/example_short_circuit_decorator.py
[2023-03-07T18:23:52.435+0530] {processor.py:753} INFO - DAG(s) dict_keys(['example_short_circuit_decorator']) retrieved from /home/ris/PycharmProjects/pythonProject/USA-housing/venv/lib/python3.10/site-packages/airflow/example_dags/example_short_circuit_decorator.py
[2023-03-07T18:23:52.457+0530] {logging_mixin.py:137} INFO - [2023-03-07T18:23:52.457+0530] {dag.py:2690} INFO - Sync 1 DAGs
[2023-03-07T18:23:52.480+0530] {logging_mixin.py:137} INFO - [2023-03-07T18:23:52.479+0530] {dag.py:3437} INFO - Setting next_dagrun for example_short_circuit_decorator to 2023-03-06T12:53:52.479537+00:00, run_after=2023-03-07T12:53:52.479537+00:00
[2023-03-07T18:23:52.510+0530] {processor.py:175} INFO - Processing /home/ris/PycharmProjects/pythonProject/USA-housing/venv/lib/python3.10/site-packages/airflow/example_dags/example_short_circuit_decorator.py took 0.101 seconds
[2023-03-07T18:24:37.855+0530] {processor.py:153} INFO - Started process (PID=8390) to work on /home/ris/PycharmProjects/pythonProject/USA-housing/venv/lib/python3.10/site-packages/airflow/example_dags/example_short_circuit_decorator.py
[2023-03-07T18:24:37.856+0530] {processor.py:743} INFO - Processing file /home/ris/PycharmProjects/pythonProject/USA-housing/venv/lib/python3.10/site-packages/airflow/example_dags/example_short_circuit_decorator.py for tasks to queue
[2023-03-07T18:24:37.857+0530] {logging_mixin.py:137} INFO - [2023-03-07T18:24:37.857+0530] {dagbag.py:538} INFO - Filling up the DagBag from /home/ris/PycharmProjects/pythonProject/USA-housing/venv/lib/python3.10/site-packages/airflow/example_dags/example_short_circuit_decorator.py
[2023-03-07T18:24:37.879+0530] {processor.py:753} INFO - DAG(s) dict_keys(['example_short_circuit_decorator']) retrieved from /home/ris/PycharmProjects/pythonProject/USA-housing/venv/lib/python3.10/site-packages/airflow/example_dags/example_short_circuit_decorator.py
[2023-03-07T18:24:37.911+0530] {logging_mixin.py:137} INFO - [2023-03-07T18:24:37.911+0530] {dag.py:2690} INFO - Sync 1 DAGs
[2023-03-07T18:24:37.938+0530] {logging_mixin.py:137} INFO - [2023-03-07T18:24:37.937+0530] {dag.py:3437} INFO - Setting next_dagrun for example_short_circuit_decorator to 2023-03-06T12:54:37.937789+00:00, run_after=2023-03-07T12:54:37.937789+00:00
[2023-03-07T18:24:37.965+0530] {processor.py:175} INFO - Processing /home/ris/PycharmProjects/pythonProject/USA-housing/venv/lib/python3.10/site-packages/airflow/example_dags/example_short_circuit_decorator.py took 0.113 seconds
[2023-03-07T18:25:22.861+0530] {processor.py:153} INFO - Started process (PID=8472) to work on /home/ris/PycharmProjects/pythonProject/USA-housing/venv/lib/python3.10/site-packages/airflow/example_dags/example_short_circuit_decorator.py
[2023-03-07T18:25:22.863+0530] {processor.py:743} INFO - Processing file /home/ris/PycharmProjects/pythonProject/USA-housing/venv/lib/python3.10/site-packages/airflow/example_dags/example_short_circuit_decorator.py for tasks to queue
[2023-03-07T18:25:22.864+0530] {logging_mixin.py:137} INFO - [2023-03-07T18:25:22.864+0530] {dagbag.py:538} INFO - Filling up the DagBag from /home/ris/PycharmProjects/pythonProject/USA-housing/venv/lib/python3.10/site-packages/airflow/example_dags/example_short_circuit_decorator.py
[2023-03-07T18:25:22.885+0530] {processor.py:753} INFO - DAG(s) dict_keys(['example_short_circuit_decorator']) retrieved from /home/ris/PycharmProjects/pythonProject/USA-housing/venv/lib/python3.10/site-packages/airflow/example_dags/example_short_circuit_decorator.py
[2023-03-07T18:25:22.905+0530] {logging_mixin.py:137} INFO - [2023-03-07T18:25:22.905+0530] {dag.py:2690} INFO - Sync 1 DAGs
[2023-03-07T18:25:22.931+0530] {logging_mixin.py:137} INFO - [2023-03-07T18:25:22.931+0530] {dag.py:3437} INFO - Setting next_dagrun for example_short_circuit_decorator to 2023-03-06T12:55:22.930893+00:00, run_after=2023-03-07T12:55:22.930893+00:00
[2023-03-07T18:25:22.954+0530] {processor.py:175} INFO - Processing /home/ris/PycharmProjects/pythonProject/USA-housing/venv/lib/python3.10/site-packages/airflow/example_dags/example_short_circuit_decorator.py took 0.097 seconds
[2023-03-07T18:26:10.302+0530] {processor.py:153} INFO - Started process (PID=8529) to work on /home/ris/PycharmProjects/pythonProject/USA-housing/venv/lib/python3.10/site-packages/airflow/example_dags/example_short_circuit_decorator.py
[2023-03-07T18:26:10.304+0530] {processor.py:743} INFO - Processing file /home/ris/PycharmProjects/pythonProject/USA-housing/venv/lib/python3.10/site-packages/airflow/example_dags/example_short_circuit_decorator.py for tasks to queue
[2023-03-07T18:26:10.306+0530] {logging_mixin.py:137} INFO - [2023-03-07T18:26:10.305+0530] {dagbag.py:538} INFO - Filling up the DagBag from /home/ris/PycharmProjects/pythonProject/USA-housing/venv/lib/python3.10/site-packages/airflow/example_dags/example_short_circuit_decorator.py
[2023-03-07T18:26:10.331+0530] {processor.py:753} INFO - DAG(s) dict_keys(['example_short_circuit_decorator']) retrieved from /home/ris/PycharmProjects/pythonProject/USA-housing/venv/lib/python3.10/site-packages/airflow/example_dags/example_short_circuit_decorator.py
[2023-03-07T18:26:10.352+0530] {logging_mixin.py:137} INFO - [2023-03-07T18:26:10.351+0530] {dag.py:2690} INFO - Sync 1 DAGs
[2023-03-07T18:26:10.376+0530] {logging_mixin.py:137} INFO - [2023-03-07T18:26:10.376+0530] {dag.py:3437} INFO - Setting next_dagrun for example_short_circuit_decorator to 2023-03-06T12:56:10.376014+00:00, run_after=2023-03-07T12:56:10.376014+00:00
[2023-03-07T18:26:10.410+0530] {processor.py:175} INFO - Processing /home/ris/PycharmProjects/pythonProject/USA-housing/venv/lib/python3.10/site-packages/airflow/example_dags/example_short_circuit_decorator.py took 0.111 seconds
[2023-03-07T18:26:53.320+0530] {processor.py:153} INFO - Started process (PID=8652) to work on /home/ris/PycharmProjects/pythonProject/USA-housing/venv/lib/python3.10/site-packages/airflow/example_dags/example_short_circuit_decorator.py
[2023-03-07T18:26:53.322+0530] {processor.py:743} INFO - Processing file /home/ris/PycharmProjects/pythonProject/USA-housing/venv/lib/python3.10/site-packages/airflow/example_dags/example_short_circuit_decorator.py for tasks to queue
[2023-03-07T18:26:53.323+0530] {logging_mixin.py:137} INFO - [2023-03-07T18:26:53.323+0530] {dagbag.py:538} INFO - Filling up the DagBag from /home/ris/PycharmProjects/pythonProject/USA-housing/venv/lib/python3.10/site-packages/airflow/example_dags/example_short_circuit_decorator.py
[2023-03-07T18:26:53.346+0530] {processor.py:753} INFO - DAG(s) dict_keys(['example_short_circuit_decorator']) retrieved from /home/ris/PycharmProjects/pythonProject/USA-housing/venv/lib/python3.10/site-packages/airflow/example_dags/example_short_circuit_decorator.py
[2023-03-07T18:26:53.369+0530] {logging_mixin.py:137} INFO - [2023-03-07T18:26:53.369+0530] {dag.py:2690} INFO - Sync 1 DAGs
[2023-03-07T18:26:53.392+0530] {logging_mixin.py:137} INFO - [2023-03-07T18:26:53.391+0530] {dag.py:3437} INFO - Setting next_dagrun for example_short_circuit_decorator to 2023-03-06T12:56:53.391573+00:00, run_after=2023-03-07T12:56:53.391573+00:00
[2023-03-07T18:26:53.423+0530] {processor.py:175} INFO - Processing /home/ris/PycharmProjects/pythonProject/USA-housing/venv/lib/python3.10/site-packages/airflow/example_dags/example_short_circuit_decorator.py took 0.105 seconds
[2023-03-07T18:27:33.915+0530] {processor.py:153} INFO - Started process (PID=8700) to work on /home/ris/PycharmProjects/pythonProject/USA-housing/venv/lib/python3.10/site-packages/airflow/example_dags/example_short_circuit_decorator.py
[2023-03-07T18:27:33.916+0530] {processor.py:743} INFO - Processing file /home/ris/PycharmProjects/pythonProject/USA-housing/venv/lib/python3.10/site-packages/airflow/example_dags/example_short_circuit_decorator.py for tasks to queue
[2023-03-07T18:27:33.919+0530] {logging_mixin.py:137} INFO - [2023-03-07T18:27:33.919+0530] {dagbag.py:538} INFO - Filling up the DagBag from /home/ris/PycharmProjects/pythonProject/USA-housing/venv/lib/python3.10/site-packages/airflow/example_dags/example_short_circuit_decorator.py
[2023-03-07T18:27:33.942+0530] {processor.py:753} INFO - DAG(s) dict_keys(['example_short_circuit_decorator']) retrieved from /home/ris/PycharmProjects/pythonProject/USA-housing/venv/lib/python3.10/site-packages/airflow/example_dags/example_short_circuit_decorator.py
[2023-03-07T18:27:33.967+0530] {logging_mixin.py:137} INFO - [2023-03-07T18:27:33.967+0530] {dag.py:2690} INFO - Sync 1 DAGs
[2023-03-07T18:27:33.990+0530] {logging_mixin.py:137} INFO - [2023-03-07T18:27:33.990+0530] {dag.py:3437} INFO - Setting next_dagrun for example_short_circuit_decorator to 2023-03-06T12:57:33.989820+00:00, run_after=2023-03-07T12:57:33.989820+00:00
[2023-03-07T18:27:34.023+0530] {processor.py:175} INFO - Processing /home/ris/PycharmProjects/pythonProject/USA-housing/venv/lib/python3.10/site-packages/airflow/example_dags/example_short_circuit_decorator.py took 0.112 seconds
[2023-03-07T18:28:19.847+0530] {processor.py:153} INFO - Started process (PID=8753) to work on /home/ris/PycharmProjects/pythonProject/USA-housing/venv/lib/python3.10/site-packages/airflow/example_dags/example_short_circuit_decorator.py
[2023-03-07T18:28:19.849+0530] {processor.py:743} INFO - Processing file /home/ris/PycharmProjects/pythonProject/USA-housing/venv/lib/python3.10/site-packages/airflow/example_dags/example_short_circuit_decorator.py for tasks to queue
[2023-03-07T18:28:19.850+0530] {logging_mixin.py:137} INFO - [2023-03-07T18:28:19.850+0530] {dagbag.py:538} INFO - Filling up the DagBag from /home/ris/PycharmProjects/pythonProject/USA-housing/venv/lib/python3.10/site-packages/airflow/example_dags/example_short_circuit_decorator.py
[2023-03-07T18:28:19.872+0530] {processor.py:753} INFO - DAG(s) dict_keys(['example_short_circuit_decorator']) retrieved from /home/ris/PycharmProjects/pythonProject/USA-housing/venv/lib/python3.10/site-packages/airflow/example_dags/example_short_circuit_decorator.py
[2023-03-07T18:28:19.899+0530] {logging_mixin.py:137} INFO - [2023-03-07T18:28:19.899+0530] {dag.py:2690} INFO - Sync 1 DAGs
[2023-03-07T18:28:19.920+0530] {logging_mixin.py:137} INFO - [2023-03-07T18:28:19.919+0530] {dag.py:3437} INFO - Setting next_dagrun for example_short_circuit_decorator to 2023-03-06T12:58:19.919055+00:00, run_after=2023-03-07T12:58:19.919055+00:00
[2023-03-07T18:28:19.945+0530] {processor.py:175} INFO - Processing /home/ris/PycharmProjects/pythonProject/USA-housing/venv/lib/python3.10/site-packages/airflow/example_dags/example_short_circuit_decorator.py took 0.101 seconds
[2023-03-07T18:29:03.988+0530] {processor.py:153} INFO - Started process (PID=8814) to work on /home/ris/PycharmProjects/pythonProject/USA-housing/venv/lib/python3.10/site-packages/airflow/example_dags/example_short_circuit_decorator.py
[2023-03-07T18:29:03.990+0530] {processor.py:743} INFO - Processing file /home/ris/PycharmProjects/pythonProject/USA-housing/venv/lib/python3.10/site-packages/airflow/example_dags/example_short_circuit_decorator.py for tasks to queue
[2023-03-07T18:29:03.991+0530] {logging_mixin.py:137} INFO - [2023-03-07T18:29:03.991+0530] {dagbag.py:538} INFO - Filling up the DagBag from /home/ris/PycharmProjects/pythonProject/USA-housing/venv/lib/python3.10/site-packages/airflow/example_dags/example_short_circuit_decorator.py
[2023-03-07T18:29:04.014+0530] {processor.py:753} INFO - DAG(s) dict_keys(['example_short_circuit_decorator']) retrieved from /home/ris/PycharmProjects/pythonProject/USA-housing/venv/lib/python3.10/site-packages/airflow/example_dags/example_short_circuit_decorator.py
[2023-03-07T18:29:04.034+0530] {logging_mixin.py:137} INFO - [2023-03-07T18:29:04.034+0530] {dag.py:2690} INFO - Sync 1 DAGs
[2023-03-07T18:29:04.051+0530] {logging_mixin.py:137} INFO - [2023-03-07T18:29:04.050+0530] {dag.py:3437} INFO - Setting next_dagrun for example_short_circuit_decorator to 2023-03-06T12:59:04.050783+00:00, run_after=2023-03-07T12:59:04.050783+00:00
[2023-03-07T18:29:04.071+0530] {processor.py:175} INFO - Processing /home/ris/PycharmProjects/pythonProject/USA-housing/venv/lib/python3.10/site-packages/airflow/example_dags/example_short_circuit_decorator.py took 0.088 seconds
[2023-03-07T18:29:47.718+0530] {processor.py:153} INFO - Started process (PID=8867) to work on /home/ris/PycharmProjects/pythonProject/USA-housing/venv/lib/python3.10/site-packages/airflow/example_dags/example_short_circuit_decorator.py
[2023-03-07T18:29:47.720+0530] {processor.py:743} INFO - Processing file /home/ris/PycharmProjects/pythonProject/USA-housing/venv/lib/python3.10/site-packages/airflow/example_dags/example_short_circuit_decorator.py for tasks to queue
[2023-03-07T18:29:47.720+0530] {logging_mixin.py:137} INFO - [2023-03-07T18:29:47.720+0530] {dagbag.py:538} INFO - Filling up the DagBag from /home/ris/PycharmProjects/pythonProject/USA-housing/venv/lib/python3.10/site-packages/airflow/example_dags/example_short_circuit_decorator.py
[2023-03-07T18:29:47.736+0530] {processor.py:753} INFO - DAG(s) dict_keys(['example_short_circuit_decorator']) retrieved from /home/ris/PycharmProjects/pythonProject/USA-housing/venv/lib/python3.10/site-packages/airflow/example_dags/example_short_circuit_decorator.py
[2023-03-07T18:29:47.753+0530] {logging_mixin.py:137} INFO - [2023-03-07T18:29:47.753+0530] {dag.py:2690} INFO - Sync 1 DAGs
[2023-03-07T18:29:47.770+0530] {logging_mixin.py:137} INFO - [2023-03-07T18:29:47.769+0530] {dag.py:3437} INFO - Setting next_dagrun for example_short_circuit_decorator to 2023-03-06T12:59:47.769489+00:00, run_after=2023-03-07T12:59:47.769489+00:00
[2023-03-07T18:29:47.788+0530] {processor.py:175} INFO - Processing /home/ris/PycharmProjects/pythonProject/USA-housing/venv/lib/python3.10/site-packages/airflow/example_dags/example_short_circuit_decorator.py took 0.072 seconds
[2023-03-07T18:30:38.334+0530] {processor.py:153} INFO - Started process (PID=8967) to work on /home/ris/PycharmProjects/pythonProject/USA-housing/venv/lib/python3.10/site-packages/airflow/example_dags/example_short_circuit_decorator.py
[2023-03-07T18:30:38.335+0530] {processor.py:743} INFO - Processing file /home/ris/PycharmProjects/pythonProject/USA-housing/venv/lib/python3.10/site-packages/airflow/example_dags/example_short_circuit_decorator.py for tasks to queue
[2023-03-07T18:30:38.335+0530] {logging_mixin.py:137} INFO - [2023-03-07T18:30:38.335+0530] {dagbag.py:538} INFO - Filling up the DagBag from /home/ris/PycharmProjects/pythonProject/USA-housing/venv/lib/python3.10/site-packages/airflow/example_dags/example_short_circuit_decorator.py
[2023-03-07T18:30:38.353+0530] {processor.py:753} INFO - DAG(s) dict_keys(['example_short_circuit_decorator']) retrieved from /home/ris/PycharmProjects/pythonProject/USA-housing/venv/lib/python3.10/site-packages/airflow/example_dags/example_short_circuit_decorator.py
[2023-03-07T18:30:38.373+0530] {logging_mixin.py:137} INFO - [2023-03-07T18:30:38.373+0530] {dag.py:2690} INFO - Sync 1 DAGs
[2023-03-07T18:30:38.391+0530] {logging_mixin.py:137} INFO - [2023-03-07T18:30:38.391+0530] {dag.py:3437} INFO - Setting next_dagrun for example_short_circuit_decorator to 2023-03-06T13:00:38.391560+00:00, run_after=2023-03-07T13:00:38.391560+00:00
[2023-03-07T18:30:38.411+0530] {processor.py:175} INFO - Processing /home/ris/PycharmProjects/pythonProject/USA-housing/venv/lib/python3.10/site-packages/airflow/example_dags/example_short_circuit_decorator.py took 0.080 seconds
[2023-03-07T18:31:18.054+0530] {processor.py:153} INFO - Started process (PID=9010) to work on /home/ris/PycharmProjects/pythonProject/USA-housing/venv/lib/python3.10/site-packages/airflow/example_dags/example_short_circuit_decorator.py
[2023-03-07T18:31:18.056+0530] {processor.py:743} INFO - Processing file /home/ris/PycharmProjects/pythonProject/USA-housing/venv/lib/python3.10/site-packages/airflow/example_dags/example_short_circuit_decorator.py for tasks to queue
[2023-03-07T18:31:18.057+0530] {logging_mixin.py:137} INFO - [2023-03-07T18:31:18.057+0530] {dagbag.py:538} INFO - Filling up the DagBag from /home/ris/PycharmProjects/pythonProject/USA-housing/venv/lib/python3.10/site-packages/airflow/example_dags/example_short_circuit_decorator.py
[2023-03-07T18:31:18.073+0530] {processor.py:753} INFO - DAG(s) dict_keys(['example_short_circuit_decorator']) retrieved from /home/ris/PycharmProjects/pythonProject/USA-housing/venv/lib/python3.10/site-packages/airflow/example_dags/example_short_circuit_decorator.py
[2023-03-07T18:31:18.091+0530] {logging_mixin.py:137} INFO - [2023-03-07T18:31:18.091+0530] {dag.py:2690} INFO - Sync 1 DAGs
[2023-03-07T18:31:18.107+0530] {logging_mixin.py:137} INFO - [2023-03-07T18:31:18.107+0530] {dag.py:3437} INFO - Setting next_dagrun for example_short_circuit_decorator to 2023-03-06T13:01:18.107551+00:00, run_after=2023-03-07T13:01:18.107551+00:00
[2023-03-07T18:31:18.128+0530] {processor.py:175} INFO - Processing /home/ris/PycharmProjects/pythonProject/USA-housing/venv/lib/python3.10/site-packages/airflow/example_dags/example_short_circuit_decorator.py took 0.076 seconds
[2023-03-07T18:31:57.495+0530] {processor.py:153} INFO - Started process (PID=9084) to work on /home/ris/PycharmProjects/pythonProject/USA-housing/venv/lib/python3.10/site-packages/airflow/example_dags/example_short_circuit_decorator.py
[2023-03-07T18:31:57.497+0530] {processor.py:743} INFO - Processing file /home/ris/PycharmProjects/pythonProject/USA-housing/venv/lib/python3.10/site-packages/airflow/example_dags/example_short_circuit_decorator.py for tasks to queue
[2023-03-07T18:31:57.498+0530] {logging_mixin.py:137} INFO - [2023-03-07T18:31:57.498+0530] {dagbag.py:538} INFO - Filling up the DagBag from /home/ris/PycharmProjects/pythonProject/USA-housing/venv/lib/python3.10/site-packages/airflow/example_dags/example_short_circuit_decorator.py
[2023-03-07T18:31:57.516+0530] {processor.py:753} INFO - DAG(s) dict_keys(['example_short_circuit_decorator']) retrieved from /home/ris/PycharmProjects/pythonProject/USA-housing/venv/lib/python3.10/site-packages/airflow/example_dags/example_short_circuit_decorator.py
[2023-03-07T18:31:57.534+0530] {logging_mixin.py:137} INFO - [2023-03-07T18:31:57.534+0530] {dag.py:2690} INFO - Sync 1 DAGs
[2023-03-07T18:31:57.551+0530] {logging_mixin.py:137} INFO - [2023-03-07T18:31:57.551+0530] {dag.py:3437} INFO - Setting next_dagrun for example_short_circuit_decorator to 2023-03-06T13:01:57.551003+00:00, run_after=2023-03-07T13:01:57.551003+00:00
[2023-03-07T18:31:57.572+0530] {processor.py:175} INFO - Processing /home/ris/PycharmProjects/pythonProject/USA-housing/venv/lib/python3.10/site-packages/airflow/example_dags/example_short_circuit_decorator.py took 0.081 seconds
[2023-03-07T18:32:41.449+0530] {processor.py:153} INFO - Started process (PID=9135) to work on /home/ris/PycharmProjects/pythonProject/USA-housing/venv/lib/python3.10/site-packages/airflow/example_dags/example_short_circuit_decorator.py
[2023-03-07T18:32:41.451+0530] {processor.py:743} INFO - Processing file /home/ris/PycharmProjects/pythonProject/USA-housing/venv/lib/python3.10/site-packages/airflow/example_dags/example_short_circuit_decorator.py for tasks to queue
[2023-03-07T18:32:41.452+0530] {logging_mixin.py:137} INFO - [2023-03-07T18:32:41.452+0530] {dagbag.py:538} INFO - Filling up the DagBag from /home/ris/PycharmProjects/pythonProject/USA-housing/venv/lib/python3.10/site-packages/airflow/example_dags/example_short_circuit_decorator.py
[2023-03-07T18:32:41.469+0530] {processor.py:753} INFO - DAG(s) dict_keys(['example_short_circuit_decorator']) retrieved from /home/ris/PycharmProjects/pythonProject/USA-housing/venv/lib/python3.10/site-packages/airflow/example_dags/example_short_circuit_decorator.py
[2023-03-07T18:32:41.488+0530] {logging_mixin.py:137} INFO - [2023-03-07T18:32:41.487+0530] {dag.py:2690} INFO - Sync 1 DAGs
[2023-03-07T18:32:41.504+0530] {logging_mixin.py:137} INFO - [2023-03-07T18:32:41.504+0530] {dag.py:3437} INFO - Setting next_dagrun for example_short_circuit_decorator to 2023-03-06T13:02:41.503980+00:00, run_after=2023-03-07T13:02:41.503980+00:00
[2023-03-07T18:32:41.525+0530] {processor.py:175} INFO - Processing /home/ris/PycharmProjects/pythonProject/USA-housing/venv/lib/python3.10/site-packages/airflow/example_dags/example_short_circuit_decorator.py took 0.079 seconds
[2023-03-07T18:33:21.952+0530] {processor.py:153} INFO - Started process (PID=9180) to work on /home/ris/PycharmProjects/pythonProject/USA-housing/venv/lib/python3.10/site-packages/airflow/example_dags/example_short_circuit_decorator.py
[2023-03-07T18:33:21.953+0530] {processor.py:743} INFO - Processing file /home/ris/PycharmProjects/pythonProject/USA-housing/venv/lib/python3.10/site-packages/airflow/example_dags/example_short_circuit_decorator.py for tasks to queue
[2023-03-07T18:33:21.954+0530] {logging_mixin.py:137} INFO - [2023-03-07T18:33:21.954+0530] {dagbag.py:538} INFO - Filling up the DagBag from /home/ris/PycharmProjects/pythonProject/USA-housing/venv/lib/python3.10/site-packages/airflow/example_dags/example_short_circuit_decorator.py
[2023-03-07T18:33:21.972+0530] {processor.py:753} INFO - DAG(s) dict_keys(['example_short_circuit_decorator']) retrieved from /home/ris/PycharmProjects/pythonProject/USA-housing/venv/lib/python3.10/site-packages/airflow/example_dags/example_short_circuit_decorator.py
[2023-03-07T18:33:21.991+0530] {logging_mixin.py:137} INFO - [2023-03-07T18:33:21.991+0530] {dag.py:2690} INFO - Sync 1 DAGs
[2023-03-07T18:33:22.007+0530] {logging_mixin.py:137} INFO - [2023-03-07T18:33:22.007+0530] {dag.py:3437} INFO - Setting next_dagrun for example_short_circuit_decorator to 2023-03-06T13:03:22.007046+00:00, run_after=2023-03-07T13:03:22.007046+00:00
[2023-03-07T18:33:22.029+0530] {processor.py:175} INFO - Processing /home/ris/PycharmProjects/pythonProject/USA-housing/venv/lib/python3.10/site-packages/airflow/example_dags/example_short_circuit_decorator.py took 0.079 seconds
[2023-03-07T18:34:09.390+0530] {processor.py:153} INFO - Started process (PID=9233) to work on /home/ris/PycharmProjects/pythonProject/USA-housing/venv/lib/python3.10/site-packages/airflow/example_dags/example_short_circuit_decorator.py
[2023-03-07T18:34:09.391+0530] {processor.py:743} INFO - Processing file /home/ris/PycharmProjects/pythonProject/USA-housing/venv/lib/python3.10/site-packages/airflow/example_dags/example_short_circuit_decorator.py for tasks to queue
[2023-03-07T18:34:09.392+0530] {logging_mixin.py:137} INFO - [2023-03-07T18:34:09.392+0530] {dagbag.py:538} INFO - Filling up the DagBag from /home/ris/PycharmProjects/pythonProject/USA-housing/venv/lib/python3.10/site-packages/airflow/example_dags/example_short_circuit_decorator.py
[2023-03-07T18:34:09.410+0530] {processor.py:753} INFO - DAG(s) dict_keys(['example_short_circuit_decorator']) retrieved from /home/ris/PycharmProjects/pythonProject/USA-housing/venv/lib/python3.10/site-packages/airflow/example_dags/example_short_circuit_decorator.py
[2023-03-07T18:34:09.428+0530] {logging_mixin.py:137} INFO - [2023-03-07T18:34:09.428+0530] {dag.py:2690} INFO - Sync 1 DAGs
[2023-03-07T18:34:09.446+0530] {logging_mixin.py:137} INFO - [2023-03-07T18:34:09.446+0530] {dag.py:3437} INFO - Setting next_dagrun for example_short_circuit_decorator to 2023-03-06T13:04:09.446404+00:00, run_after=2023-03-07T13:04:09.446404+00:00
[2023-03-07T18:34:09.467+0530] {processor.py:175} INFO - Processing /home/ris/PycharmProjects/pythonProject/USA-housing/venv/lib/python3.10/site-packages/airflow/example_dags/example_short_circuit_decorator.py took 0.080 seconds
[2023-03-07T18:34:55.026+0530] {processor.py:153} INFO - Started process (PID=9286) to work on /home/ris/PycharmProjects/pythonProject/USA-housing/venv/lib/python3.10/site-packages/airflow/example_dags/example_short_circuit_decorator.py
[2023-03-07T18:34:55.028+0530] {processor.py:743} INFO - Processing file /home/ris/PycharmProjects/pythonProject/USA-housing/venv/lib/python3.10/site-packages/airflow/example_dags/example_short_circuit_decorator.py for tasks to queue
[2023-03-07T18:34:55.028+0530] {logging_mixin.py:137} INFO - [2023-03-07T18:34:55.028+0530] {dagbag.py:538} INFO - Filling up the DagBag from /home/ris/PycharmProjects/pythonProject/USA-housing/venv/lib/python3.10/site-packages/airflow/example_dags/example_short_circuit_decorator.py
[2023-03-07T18:34:55.046+0530] {processor.py:753} INFO - DAG(s) dict_keys(['example_short_circuit_decorator']) retrieved from /home/ris/PycharmProjects/pythonProject/USA-housing/venv/lib/python3.10/site-packages/airflow/example_dags/example_short_circuit_decorator.py
[2023-03-07T18:34:55.065+0530] {logging_mixin.py:137} INFO - [2023-03-07T18:34:55.065+0530] {dag.py:2690} INFO - Sync 1 DAGs
[2023-03-07T18:34:55.082+0530] {logging_mixin.py:137} INFO - [2023-03-07T18:34:55.082+0530] {dag.py:3437} INFO - Setting next_dagrun for example_short_circuit_decorator to 2023-03-06T13:04:55.082261+00:00, run_after=2023-03-07T13:04:55.082261+00:00
[2023-03-07T18:34:55.103+0530] {processor.py:175} INFO - Processing /home/ris/PycharmProjects/pythonProject/USA-housing/venv/lib/python3.10/site-packages/airflow/example_dags/example_short_circuit_decorator.py took 0.079 seconds
[2023-03-07T18:35:44.757+0530] {processor.py:153} INFO - Started process (PID=9363) to work on /home/ris/PycharmProjects/pythonProject/USA-housing/venv/lib/python3.10/site-packages/airflow/example_dags/example_short_circuit_decorator.py
[2023-03-07T18:35:44.759+0530] {processor.py:743} INFO - Processing file /home/ris/PycharmProjects/pythonProject/USA-housing/venv/lib/python3.10/site-packages/airflow/example_dags/example_short_circuit_decorator.py for tasks to queue
[2023-03-07T18:35:44.760+0530] {logging_mixin.py:137} INFO - [2023-03-07T18:35:44.759+0530] {dagbag.py:538} INFO - Filling up the DagBag from /home/ris/PycharmProjects/pythonProject/USA-housing/venv/lib/python3.10/site-packages/airflow/example_dags/example_short_circuit_decorator.py
[2023-03-07T18:35:44.776+0530] {processor.py:753} INFO - DAG(s) dict_keys(['example_short_circuit_decorator']) retrieved from /home/ris/PycharmProjects/pythonProject/USA-housing/venv/lib/python3.10/site-packages/airflow/example_dags/example_short_circuit_decorator.py
[2023-03-07T18:35:44.796+0530] {logging_mixin.py:137} INFO - [2023-03-07T18:35:44.795+0530] {dag.py:2690} INFO - Sync 1 DAGs
[2023-03-07T18:35:44.812+0530] {logging_mixin.py:137} INFO - [2023-03-07T18:35:44.812+0530] {dag.py:3437} INFO - Setting next_dagrun for example_short_circuit_decorator to 2023-03-06T13:05:44.811757+00:00, run_after=2023-03-07T13:05:44.811757+00:00
[2023-03-07T18:35:44.830+0530] {processor.py:175} INFO - Processing /home/ris/PycharmProjects/pythonProject/USA-housing/venv/lib/python3.10/site-packages/airflow/example_dags/example_short_circuit_decorator.py took 0.075 seconds
[2023-03-07T18:36:33.492+0530] {processor.py:153} INFO - Started process (PID=9417) to work on /home/ris/PycharmProjects/pythonProject/USA-housing/venv/lib/python3.10/site-packages/airflow/example_dags/example_short_circuit_decorator.py
[2023-03-07T18:36:33.494+0530] {processor.py:743} INFO - Processing file /home/ris/PycharmProjects/pythonProject/USA-housing/venv/lib/python3.10/site-packages/airflow/example_dags/example_short_circuit_decorator.py for tasks to queue
[2023-03-07T18:36:33.494+0530] {logging_mixin.py:137} INFO - [2023-03-07T18:36:33.494+0530] {dagbag.py:538} INFO - Filling up the DagBag from /home/ris/PycharmProjects/pythonProject/USA-housing/venv/lib/python3.10/site-packages/airflow/example_dags/example_short_circuit_decorator.py
[2023-03-07T18:36:33.511+0530] {processor.py:753} INFO - DAG(s) dict_keys(['example_short_circuit_decorator']) retrieved from /home/ris/PycharmProjects/pythonProject/USA-housing/venv/lib/python3.10/site-packages/airflow/example_dags/example_short_circuit_decorator.py
[2023-03-07T18:36:33.529+0530] {logging_mixin.py:137} INFO - [2023-03-07T18:36:33.528+0530] {dag.py:2690} INFO - Sync 1 DAGs
[2023-03-07T18:36:33.543+0530] {logging_mixin.py:137} INFO - [2023-03-07T18:36:33.543+0530] {dag.py:3437} INFO - Setting next_dagrun for example_short_circuit_decorator to 2023-03-06T13:06:33.543346+00:00, run_after=2023-03-07T13:06:33.543346+00:00
[2023-03-07T18:36:33.563+0530] {processor.py:175} INFO - Processing /home/ris/PycharmProjects/pythonProject/USA-housing/venv/lib/python3.10/site-packages/airflow/example_dags/example_short_circuit_decorator.py took 0.073 seconds
[2023-03-07T18:37:24.346+0530] {processor.py:153} INFO - Started process (PID=9514) to work on /home/ris/PycharmProjects/pythonProject/USA-housing/venv/lib/python3.10/site-packages/airflow/example_dags/example_short_circuit_decorator.py
[2023-03-07T18:37:24.349+0530] {processor.py:743} INFO - Processing file /home/ris/PycharmProjects/pythonProject/USA-housing/venv/lib/python3.10/site-packages/airflow/example_dags/example_short_circuit_decorator.py for tasks to queue
[2023-03-07T18:37:24.350+0530] {logging_mixin.py:137} INFO - [2023-03-07T18:37:24.349+0530] {dagbag.py:538} INFO - Filling up the DagBag from /home/ris/PycharmProjects/pythonProject/USA-housing/venv/lib/python3.10/site-packages/airflow/example_dags/example_short_circuit_decorator.py
[2023-03-07T18:37:24.388+0530] {processor.py:753} INFO - DAG(s) dict_keys(['example_short_circuit_decorator']) retrieved from /home/ris/PycharmProjects/pythonProject/USA-housing/venv/lib/python3.10/site-packages/airflow/example_dags/example_short_circuit_decorator.py
[2023-03-07T18:37:24.406+0530] {logging_mixin.py:137} INFO - [2023-03-07T18:37:24.405+0530] {dag.py:2690} INFO - Sync 1 DAGs
[2023-03-07T18:37:24.421+0530] {logging_mixin.py:137} INFO - [2023-03-07T18:37:24.421+0530] {dag.py:3437} INFO - Setting next_dagrun for example_short_circuit_decorator to 2023-03-06T13:07:24.420843+00:00, run_after=2023-03-07T13:07:24.420843+00:00
[2023-03-07T18:37:24.438+0530] {processor.py:175} INFO - Processing /home/ris/PycharmProjects/pythonProject/USA-housing/venv/lib/python3.10/site-packages/airflow/example_dags/example_short_circuit_decorator.py took 0.096 seconds
[2023-03-07T18:38:03.253+0530] {processor.py:153} INFO - Started process (PID=9560) to work on /home/ris/PycharmProjects/pythonProject/USA-housing/venv/lib/python3.10/site-packages/airflow/example_dags/example_short_circuit_decorator.py
[2023-03-07T18:38:03.255+0530] {processor.py:743} INFO - Processing file /home/ris/PycharmProjects/pythonProject/USA-housing/venv/lib/python3.10/site-packages/airflow/example_dags/example_short_circuit_decorator.py for tasks to queue
[2023-03-07T18:38:03.255+0530] {logging_mixin.py:137} INFO - [2023-03-07T18:38:03.255+0530] {dagbag.py:538} INFO - Filling up the DagBag from /home/ris/PycharmProjects/pythonProject/USA-housing/venv/lib/python3.10/site-packages/airflow/example_dags/example_short_circuit_decorator.py
[2023-03-07T18:38:03.272+0530] {processor.py:753} INFO - DAG(s) dict_keys(['example_short_circuit_decorator']) retrieved from /home/ris/PycharmProjects/pythonProject/USA-housing/venv/lib/python3.10/site-packages/airflow/example_dags/example_short_circuit_decorator.py
[2023-03-07T18:38:03.290+0530] {logging_mixin.py:137} INFO - [2023-03-07T18:38:03.289+0530] {dag.py:2690} INFO - Sync 1 DAGs
[2023-03-07T18:38:03.304+0530] {logging_mixin.py:137} INFO - [2023-03-07T18:38:03.304+0530] {dag.py:3437} INFO - Setting next_dagrun for example_short_circuit_decorator to 2023-03-06T13:08:03.304558+00:00, run_after=2023-03-07T13:08:03.304558+00:00
[2023-03-07T18:38:03.324+0530] {processor.py:175} INFO - Processing /home/ris/PycharmProjects/pythonProject/USA-housing/venv/lib/python3.10/site-packages/airflow/example_dags/example_short_circuit_decorator.py took 0.074 seconds
[2023-03-07T18:38:53.905+0530] {processor.py:153} INFO - Started process (PID=9641) to work on /home/ris/PycharmProjects/pythonProject/USA-housing/venv/lib/python3.10/site-packages/airflow/example_dags/example_short_circuit_decorator.py
[2023-03-07T18:38:53.907+0530] {processor.py:743} INFO - Processing file /home/ris/PycharmProjects/pythonProject/USA-housing/venv/lib/python3.10/site-packages/airflow/example_dags/example_short_circuit_decorator.py for tasks to queue
[2023-03-07T18:38:53.908+0530] {logging_mixin.py:137} INFO - [2023-03-07T18:38:53.908+0530] {dagbag.py:538} INFO - Filling up the DagBag from /home/ris/PycharmProjects/pythonProject/USA-housing/venv/lib/python3.10/site-packages/airflow/example_dags/example_short_circuit_decorator.py
[2023-03-07T18:38:53.941+0530] {processor.py:753} INFO - DAG(s) dict_keys(['example_short_circuit_decorator']) retrieved from /home/ris/PycharmProjects/pythonProject/USA-housing/venv/lib/python3.10/site-packages/airflow/example_dags/example_short_circuit_decorator.py
[2023-03-07T18:38:53.959+0530] {logging_mixin.py:137} INFO - [2023-03-07T18:38:53.959+0530] {dag.py:2690} INFO - Sync 1 DAGs
[2023-03-07T18:38:53.973+0530] {logging_mixin.py:137} INFO - [2023-03-07T18:38:53.973+0530] {dag.py:3437} INFO - Setting next_dagrun for example_short_circuit_decorator to 2023-03-06T13:08:53.973548+00:00, run_after=2023-03-07T13:08:53.973548+00:00
[2023-03-07T18:38:53.990+0530] {processor.py:175} INFO - Processing /home/ris/PycharmProjects/pythonProject/USA-housing/venv/lib/python3.10/site-packages/airflow/example_dags/example_short_circuit_decorator.py took 0.090 seconds
[2023-03-07T18:39:34.406+0530] {processor.py:153} INFO - Started process (PID=9689) to work on /home/ris/PycharmProjects/pythonProject/USA-housing/venv/lib/python3.10/site-packages/airflow/example_dags/example_short_circuit_decorator.py
[2023-03-07T18:39:34.408+0530] {processor.py:743} INFO - Processing file /home/ris/PycharmProjects/pythonProject/USA-housing/venv/lib/python3.10/site-packages/airflow/example_dags/example_short_circuit_decorator.py for tasks to queue
[2023-03-07T18:39:34.409+0530] {logging_mixin.py:137} INFO - [2023-03-07T18:39:34.408+0530] {dagbag.py:538} INFO - Filling up the DagBag from /home/ris/PycharmProjects/pythonProject/USA-housing/venv/lib/python3.10/site-packages/airflow/example_dags/example_short_circuit_decorator.py
[2023-03-07T18:39:34.443+0530] {processor.py:753} INFO - DAG(s) dict_keys(['example_short_circuit_decorator']) retrieved from /home/ris/PycharmProjects/pythonProject/USA-housing/venv/lib/python3.10/site-packages/airflow/example_dags/example_short_circuit_decorator.py
[2023-03-07T18:39:34.461+0530] {logging_mixin.py:137} INFO - [2023-03-07T18:39:34.461+0530] {dag.py:2690} INFO - Sync 1 DAGs
[2023-03-07T18:39:34.475+0530] {logging_mixin.py:137} INFO - [2023-03-07T18:39:34.474+0530] {dag.py:3437} INFO - Setting next_dagrun for example_short_circuit_decorator to 2023-03-06T13:09:34.474676+00:00, run_after=2023-03-07T13:09:34.474676+00:00
[2023-03-07T18:39:34.491+0530] {processor.py:175} INFO - Processing /home/ris/PycharmProjects/pythonProject/USA-housing/venv/lib/python3.10/site-packages/airflow/example_dags/example_short_circuit_decorator.py took 0.089 seconds
[2023-03-07T18:40:17.783+0530] {processor.py:153} INFO - Started process (PID=9735) to work on /home/ris/PycharmProjects/pythonProject/USA-housing/venv/lib/python3.10/site-packages/airflow/example_dags/example_short_circuit_decorator.py
[2023-03-07T18:40:17.786+0530] {processor.py:743} INFO - Processing file /home/ris/PycharmProjects/pythonProject/USA-housing/venv/lib/python3.10/site-packages/airflow/example_dags/example_short_circuit_decorator.py for tasks to queue
[2023-03-07T18:40:17.787+0530] {logging_mixin.py:137} INFO - [2023-03-07T18:40:17.787+0530] {dagbag.py:538} INFO - Filling up the DagBag from /home/ris/PycharmProjects/pythonProject/USA-housing/venv/lib/python3.10/site-packages/airflow/example_dags/example_short_circuit_decorator.py
[2023-03-07T18:40:17.821+0530] {processor.py:753} INFO - DAG(s) dict_keys(['example_short_circuit_decorator']) retrieved from /home/ris/PycharmProjects/pythonProject/USA-housing/venv/lib/python3.10/site-packages/airflow/example_dags/example_short_circuit_decorator.py
[2023-03-07T18:40:17.837+0530] {logging_mixin.py:137} INFO - [2023-03-07T18:40:17.837+0530] {dag.py:2690} INFO - Sync 1 DAGs
[2023-03-07T18:40:17.851+0530] {logging_mixin.py:137} INFO - [2023-03-07T18:40:17.851+0530] {dag.py:3437} INFO - Setting next_dagrun for example_short_circuit_decorator to 2023-03-06T13:10:17.851030+00:00, run_after=2023-03-07T13:10:17.851030+00:00
[2023-03-07T18:40:17.867+0530] {processor.py:175} INFO - Processing /home/ris/PycharmProjects/pythonProject/USA-housing/venv/lib/python3.10/site-packages/airflow/example_dags/example_short_circuit_decorator.py took 0.088 seconds
[2023-03-07T18:40:57.591+0530] {processor.py:153} INFO - Started process (PID=9818) to work on /home/ris/PycharmProjects/pythonProject/USA-housing/venv/lib/python3.10/site-packages/airflow/example_dags/example_short_circuit_decorator.py
[2023-03-07T18:40:57.593+0530] {processor.py:743} INFO - Processing file /home/ris/PycharmProjects/pythonProject/USA-housing/venv/lib/python3.10/site-packages/airflow/example_dags/example_short_circuit_decorator.py for tasks to queue
[2023-03-07T18:40:57.594+0530] {logging_mixin.py:137} INFO - [2023-03-07T18:40:57.594+0530] {dagbag.py:538} INFO - Filling up the DagBag from /home/ris/PycharmProjects/pythonProject/USA-housing/venv/lib/python3.10/site-packages/airflow/example_dags/example_short_circuit_decorator.py
[2023-03-07T18:40:57.632+0530] {processor.py:753} INFO - DAG(s) dict_keys(['example_short_circuit_decorator']) retrieved from /home/ris/PycharmProjects/pythonProject/USA-housing/venv/lib/python3.10/site-packages/airflow/example_dags/example_short_circuit_decorator.py
[2023-03-07T18:40:57.649+0530] {logging_mixin.py:137} INFO - [2023-03-07T18:40:57.649+0530] {dag.py:2690} INFO - Sync 1 DAGs
[2023-03-07T18:40:57.664+0530] {logging_mixin.py:137} INFO - [2023-03-07T18:40:57.664+0530] {dag.py:3437} INFO - Setting next_dagrun for example_short_circuit_decorator to 2023-03-06T13:10:57.664588+00:00, run_after=2023-03-07T13:10:57.664588+00:00
[2023-03-07T18:40:57.683+0530] {processor.py:175} INFO - Processing /home/ris/PycharmProjects/pythonProject/USA-housing/venv/lib/python3.10/site-packages/airflow/example_dags/example_short_circuit_decorator.py took 0.096 seconds
