[2023-03-07T16:11:07.509+0530] {processor.py:153} INFO - Started process (PID=14996) to work on /home/ris/PycharmProjects/pythonProject/USA-housing/venv/lib/python3.10/site-packages/airflow/example_dags/example_bash_operator.py
[2023-03-07T16:11:07.511+0530] {processor.py:743} INFO - Processing file /home/ris/PycharmProjects/pythonProject/USA-housing/venv/lib/python3.10/site-packages/airflow/example_dags/example_bash_operator.py for tasks to queue
[2023-03-07T16:11:07.512+0530] {logging_mixin.py:137} INFO - [2023-03-07T16:11:07.512+0530] {dagbag.py:538} INFO - Filling up the DagBag from /home/ris/PycharmProjects/pythonProject/USA-housing/venv/lib/python3.10/site-packages/airflow/example_dags/example_bash_operator.py
[2023-03-07T16:11:07.557+0530] {processor.py:753} INFO - DAG(s) dict_keys(['example_bash_operator']) retrieved from /home/ris/PycharmProjects/pythonProject/USA-housing/venv/lib/python3.10/site-packages/airflow/example_dags/example_bash_operator.py
[2023-03-07T16:11:07.605+0530] {logging_mixin.py:137} INFO - [2023-03-07T16:11:07.605+0530] {dag.py:2690} INFO - Sync 1 DAGs
[2023-03-07T16:11:07.640+0530] {logging_mixin.py:137} INFO - [2023-03-07T16:11:07.639+0530] {dag.py:3437} INFO - Setting next_dagrun for example_bash_operator to 2023-03-06T00:00:00+00:00, run_after=2023-03-07T00:00:00+00:00
[2023-03-07T16:11:07.674+0530] {processor.py:175} INFO - Processing /home/ris/PycharmProjects/pythonProject/USA-housing/venv/lib/python3.10/site-packages/airflow/example_dags/example_bash_operator.py took 0.171 seconds
[2023-03-07T17:38:20.171+0530] {processor.py:153} INFO - Started process (PID=5738) to work on /home/ris/PycharmProjects/pythonProject/USA-housing/venv/lib/python3.10/site-packages/airflow/example_dags/example_bash_operator.py
[2023-03-07T17:38:20.172+0530] {processor.py:743} INFO - Processing file /home/ris/PycharmProjects/pythonProject/USA-housing/venv/lib/python3.10/site-packages/airflow/example_dags/example_bash_operator.py for tasks to queue
[2023-03-07T17:38:20.173+0530] {logging_mixin.py:137} INFO - [2023-03-07T17:38:20.173+0530] {dagbag.py:538} INFO - Filling up the DagBag from /home/ris/PycharmProjects/pythonProject/USA-housing/venv/lib/python3.10/site-packages/airflow/example_dags/example_bash_operator.py
[2023-03-07T17:38:20.201+0530] {processor.py:753} INFO - DAG(s) dict_keys(['example_bash_operator']) retrieved from /home/ris/PycharmProjects/pythonProject/USA-housing/venv/lib/python3.10/site-packages/airflow/example_dags/example_bash_operator.py
[2023-03-07T17:38:20.235+0530] {logging_mixin.py:137} INFO - [2023-03-07T17:38:20.235+0530] {dag.py:2690} INFO - Sync 1 DAGs
[2023-03-07T17:38:20.258+0530] {logging_mixin.py:137} INFO - [2023-03-07T17:38:20.258+0530] {dag.py:3437} INFO - Setting next_dagrun for example_bash_operator to 2023-03-06T00:00:00+00:00, run_after=2023-03-07T00:00:00+00:00
[2023-03-07T17:38:20.277+0530] {processor.py:175} INFO - Processing /home/ris/PycharmProjects/pythonProject/USA-housing/venv/lib/python3.10/site-packages/airflow/example_dags/example_bash_operator.py took 0.109 seconds
[2023-03-07T17:39:10.338+0530] {processor.py:153} INFO - Started process (PID=5785) to work on /home/ris/PycharmProjects/pythonProject/USA-housing/venv/lib/python3.10/site-packages/airflow/example_dags/example_bash_operator.py
[2023-03-07T17:39:10.339+0530] {processor.py:743} INFO - Processing file /home/ris/PycharmProjects/pythonProject/USA-housing/venv/lib/python3.10/site-packages/airflow/example_dags/example_bash_operator.py for tasks to queue
[2023-03-07T17:39:10.340+0530] {logging_mixin.py:137} INFO - [2023-03-07T17:39:10.339+0530] {dagbag.py:538} INFO - Filling up the DagBag from /home/ris/PycharmProjects/pythonProject/USA-housing/venv/lib/python3.10/site-packages/airflow/example_dags/example_bash_operator.py
[2023-03-07T17:39:10.358+0530] {processor.py:753} INFO - DAG(s) dict_keys(['example_bash_operator']) retrieved from /home/ris/PycharmProjects/pythonProject/USA-housing/venv/lib/python3.10/site-packages/airflow/example_dags/example_bash_operator.py
[2023-03-07T17:39:10.385+0530] {logging_mixin.py:137} INFO - [2023-03-07T17:39:10.385+0530] {dag.py:2690} INFO - Sync 1 DAGs
[2023-03-07T17:39:10.407+0530] {logging_mixin.py:137} INFO - [2023-03-07T17:39:10.407+0530] {dag.py:3437} INFO - Setting next_dagrun for example_bash_operator to 2023-03-06T00:00:00+00:00, run_after=2023-03-07T00:00:00+00:00
[2023-03-07T17:39:10.426+0530] {processor.py:175} INFO - Processing /home/ris/PycharmProjects/pythonProject/USA-housing/venv/lib/python3.10/site-packages/airflow/example_dags/example_bash_operator.py took 0.092 seconds
[2023-03-07T17:59:45.948+0530] {processor.py:153} INFO - Started process (PID=5946) to work on /home/ris/PycharmProjects/pythonProject/USA-housing/venv/lib/python3.10/site-packages/airflow/example_dags/example_bash_operator.py
[2023-03-07T17:59:45.952+0530] {processor.py:743} INFO - Processing file /home/ris/PycharmProjects/pythonProject/USA-housing/venv/lib/python3.10/site-packages/airflow/example_dags/example_bash_operator.py for tasks to queue
[2023-03-07T17:59:45.953+0530] {logging_mixin.py:137} INFO - [2023-03-07T17:59:45.953+0530] {dagbag.py:538} INFO - Filling up the DagBag from /home/ris/PycharmProjects/pythonProject/USA-housing/venv/lib/python3.10/site-packages/airflow/example_dags/example_bash_operator.py
[2023-03-07T17:59:45.972+0530] {processor.py:753} INFO - DAG(s) dict_keys(['example_bash_operator']) retrieved from /home/ris/PycharmProjects/pythonProject/USA-housing/venv/lib/python3.10/site-packages/airflow/example_dags/example_bash_operator.py
[2023-03-07T17:59:46.002+0530] {logging_mixin.py:137} INFO - [2023-03-07T17:59:46.002+0530] {dag.py:2690} INFO - Sync 1 DAGs
[2023-03-07T17:59:46.019+0530] {logging_mixin.py:137} INFO - [2023-03-07T17:59:46.018+0530] {dag.py:3437} INFO - Setting next_dagrun for example_bash_operator to 2023-03-06T00:00:00+00:00, run_after=2023-03-07T00:00:00+00:00
[2023-03-07T17:59:46.039+0530] {processor.py:175} INFO - Processing /home/ris/PycharmProjects/pythonProject/USA-housing/venv/lib/python3.10/site-packages/airflow/example_dags/example_bash_operator.py took 0.096 seconds
[2023-03-07T18:00:31.131+0530] {processor.py:153} INFO - Started process (PID=5992) to work on /home/ris/PycharmProjects/pythonProject/USA-housing/venv/lib/python3.10/site-packages/airflow/example_dags/example_bash_operator.py
[2023-03-07T18:00:31.132+0530] {processor.py:743} INFO - Processing file /home/ris/PycharmProjects/pythonProject/USA-housing/venv/lib/python3.10/site-packages/airflow/example_dags/example_bash_operator.py for tasks to queue
[2023-03-07T18:00:31.133+0530] {logging_mixin.py:137} INFO - [2023-03-07T18:00:31.133+0530] {dagbag.py:538} INFO - Filling up the DagBag from /home/ris/PycharmProjects/pythonProject/USA-housing/venv/lib/python3.10/site-packages/airflow/example_dags/example_bash_operator.py
[2023-03-07T18:00:31.146+0530] {processor.py:753} INFO - DAG(s) dict_keys(['example_bash_operator']) retrieved from /home/ris/PycharmProjects/pythonProject/USA-housing/venv/lib/python3.10/site-packages/airflow/example_dags/example_bash_operator.py
[2023-03-07T18:00:31.175+0530] {logging_mixin.py:137} INFO - [2023-03-07T18:00:31.175+0530] {dag.py:2690} INFO - Sync 1 DAGs
[2023-03-07T18:00:31.195+0530] {logging_mixin.py:137} INFO - [2023-03-07T18:00:31.194+0530] {dag.py:3437} INFO - Setting next_dagrun for example_bash_operator to 2023-03-06T00:00:00+00:00, run_after=2023-03-07T00:00:00+00:00
[2023-03-07T18:00:31.215+0530] {processor.py:175} INFO - Processing /home/ris/PycharmProjects/pythonProject/USA-housing/venv/lib/python3.10/site-packages/airflow/example_dags/example_bash_operator.py took 0.087 seconds
[2023-03-07T18:01:12.468+0530] {processor.py:153} INFO - Started process (PID=6038) to work on /home/ris/PycharmProjects/pythonProject/USA-housing/venv/lib/python3.10/site-packages/airflow/example_dags/example_bash_operator.py
[2023-03-07T18:01:12.470+0530] {processor.py:743} INFO - Processing file /home/ris/PycharmProjects/pythonProject/USA-housing/venv/lib/python3.10/site-packages/airflow/example_dags/example_bash_operator.py for tasks to queue
[2023-03-07T18:01:12.471+0530] {logging_mixin.py:137} INFO - [2023-03-07T18:01:12.471+0530] {dagbag.py:538} INFO - Filling up the DagBag from /home/ris/PycharmProjects/pythonProject/USA-housing/venv/lib/python3.10/site-packages/airflow/example_dags/example_bash_operator.py
[2023-03-07T18:01:12.484+0530] {processor.py:753} INFO - DAG(s) dict_keys(['example_bash_operator']) retrieved from /home/ris/PycharmProjects/pythonProject/USA-housing/venv/lib/python3.10/site-packages/airflow/example_dags/example_bash_operator.py
[2023-03-07T18:01:12.515+0530] {logging_mixin.py:137} INFO - [2023-03-07T18:01:12.515+0530] {dag.py:2690} INFO - Sync 1 DAGs
[2023-03-07T18:01:12.532+0530] {logging_mixin.py:137} INFO - [2023-03-07T18:01:12.531+0530] {dag.py:3437} INFO - Setting next_dagrun for example_bash_operator to 2023-03-06T00:00:00+00:00, run_after=2023-03-07T00:00:00+00:00
[2023-03-07T18:01:12.552+0530] {processor.py:175} INFO - Processing /home/ris/PycharmProjects/pythonProject/USA-housing/venv/lib/python3.10/site-packages/airflow/example_dags/example_bash_operator.py took 0.089 seconds
[2023-03-07T18:02:03.228+0530] {processor.py:153} INFO - Started process (PID=6092) to work on /home/ris/PycharmProjects/pythonProject/USA-housing/venv/lib/python3.10/site-packages/airflow/example_dags/example_bash_operator.py
[2023-03-07T18:02:03.230+0530] {processor.py:743} INFO - Processing file /home/ris/PycharmProjects/pythonProject/USA-housing/venv/lib/python3.10/site-packages/airflow/example_dags/example_bash_operator.py for tasks to queue
[2023-03-07T18:02:03.230+0530] {logging_mixin.py:137} INFO - [2023-03-07T18:02:03.230+0530] {dagbag.py:538} INFO - Filling up the DagBag from /home/ris/PycharmProjects/pythonProject/USA-housing/venv/lib/python3.10/site-packages/airflow/example_dags/example_bash_operator.py
[2023-03-07T18:02:03.243+0530] {processor.py:753} INFO - DAG(s) dict_keys(['example_bash_operator']) retrieved from /home/ris/PycharmProjects/pythonProject/USA-housing/venv/lib/python3.10/site-packages/airflow/example_dags/example_bash_operator.py
[2023-03-07T18:02:03.273+0530] {logging_mixin.py:137} INFO - [2023-03-07T18:02:03.273+0530] {dag.py:2690} INFO - Sync 1 DAGs
[2023-03-07T18:02:03.292+0530] {logging_mixin.py:137} INFO - [2023-03-07T18:02:03.291+0530] {dag.py:3437} INFO - Setting next_dagrun for example_bash_operator to 2023-03-06T00:00:00+00:00, run_after=2023-03-07T00:00:00+00:00
[2023-03-07T18:02:03.318+0530] {processor.py:175} INFO - Processing /home/ris/PycharmProjects/pythonProject/USA-housing/venv/lib/python3.10/site-packages/airflow/example_dags/example_bash_operator.py took 0.094 seconds
[2023-03-07T18:02:56.852+0530] {processor.py:153} INFO - Started process (PID=6151) to work on /home/ris/PycharmProjects/pythonProject/USA-housing/venv/lib/python3.10/site-packages/airflow/example_dags/example_bash_operator.py
[2023-03-07T18:02:56.853+0530] {processor.py:743} INFO - Processing file /home/ris/PycharmProjects/pythonProject/USA-housing/venv/lib/python3.10/site-packages/airflow/example_dags/example_bash_operator.py for tasks to queue
[2023-03-07T18:02:56.854+0530] {logging_mixin.py:137} INFO - [2023-03-07T18:02:56.854+0530] {dagbag.py:538} INFO - Filling up the DagBag from /home/ris/PycharmProjects/pythonProject/USA-housing/venv/lib/python3.10/site-packages/airflow/example_dags/example_bash_operator.py
[2023-03-07T18:02:56.867+0530] {processor.py:753} INFO - DAG(s) dict_keys(['example_bash_operator']) retrieved from /home/ris/PycharmProjects/pythonProject/USA-housing/venv/lib/python3.10/site-packages/airflow/example_dags/example_bash_operator.py
[2023-03-07T18:02:56.896+0530] {logging_mixin.py:137} INFO - [2023-03-07T18:02:56.896+0530] {dag.py:2690} INFO - Sync 1 DAGs
[2023-03-07T18:02:56.914+0530] {logging_mixin.py:137} INFO - [2023-03-07T18:02:56.914+0530] {dag.py:3437} INFO - Setting next_dagrun for example_bash_operator to 2023-03-06T00:00:00+00:00, run_after=2023-03-07T00:00:00+00:00
[2023-03-07T18:02:56.945+0530] {processor.py:175} INFO - Processing /home/ris/PycharmProjects/pythonProject/USA-housing/venv/lib/python3.10/site-packages/airflow/example_dags/example_bash_operator.py took 0.096 seconds
[2023-03-07T18:03:45.146+0530] {processor.py:153} INFO - Started process (PID=6207) to work on /home/ris/PycharmProjects/pythonProject/USA-housing/venv/lib/python3.10/site-packages/airflow/example_dags/example_bash_operator.py
[2023-03-07T18:03:45.148+0530] {processor.py:743} INFO - Processing file /home/ris/PycharmProjects/pythonProject/USA-housing/venv/lib/python3.10/site-packages/airflow/example_dags/example_bash_operator.py for tasks to queue
[2023-03-07T18:03:45.148+0530] {logging_mixin.py:137} INFO - [2023-03-07T18:03:45.148+0530] {dagbag.py:538} INFO - Filling up the DagBag from /home/ris/PycharmProjects/pythonProject/USA-housing/venv/lib/python3.10/site-packages/airflow/example_dags/example_bash_operator.py
[2023-03-07T18:03:45.162+0530] {processor.py:753} INFO - DAG(s) dict_keys(['example_bash_operator']) retrieved from /home/ris/PycharmProjects/pythonProject/USA-housing/venv/lib/python3.10/site-packages/airflow/example_dags/example_bash_operator.py
[2023-03-07T18:03:45.191+0530] {logging_mixin.py:137} INFO - [2023-03-07T18:03:45.191+0530] {dag.py:2690} INFO - Sync 1 DAGs
[2023-03-07T18:03:45.209+0530] {logging_mixin.py:137} INFO - [2023-03-07T18:03:45.208+0530] {dag.py:3437} INFO - Setting next_dagrun for example_bash_operator to 2023-03-06T00:00:00+00:00, run_after=2023-03-07T00:00:00+00:00
[2023-03-07T18:03:45.229+0530] {processor.py:175} INFO - Processing /home/ris/PycharmProjects/pythonProject/USA-housing/venv/lib/python3.10/site-packages/airflow/example_dags/example_bash_operator.py took 0.085 seconds
[2023-03-07T18:04:32.697+0530] {processor.py:153} INFO - Started process (PID=6266) to work on /home/ris/PycharmProjects/pythonProject/USA-housing/venv/lib/python3.10/site-packages/airflow/example_dags/example_bash_operator.py
[2023-03-07T18:04:32.699+0530] {processor.py:743} INFO - Processing file /home/ris/PycharmProjects/pythonProject/USA-housing/venv/lib/python3.10/site-packages/airflow/example_dags/example_bash_operator.py for tasks to queue
[2023-03-07T18:04:32.700+0530] {logging_mixin.py:137} INFO - [2023-03-07T18:04:32.700+0530] {dagbag.py:538} INFO - Filling up the DagBag from /home/ris/PycharmProjects/pythonProject/USA-housing/venv/lib/python3.10/site-packages/airflow/example_dags/example_bash_operator.py
[2023-03-07T18:04:32.712+0530] {processor.py:753} INFO - DAG(s) dict_keys(['example_bash_operator']) retrieved from /home/ris/PycharmProjects/pythonProject/USA-housing/venv/lib/python3.10/site-packages/airflow/example_dags/example_bash_operator.py
[2023-03-07T18:04:32.742+0530] {logging_mixin.py:137} INFO - [2023-03-07T18:04:32.742+0530] {dag.py:2690} INFO - Sync 1 DAGs
[2023-03-07T18:04:32.761+0530] {logging_mixin.py:137} INFO - [2023-03-07T18:04:32.761+0530] {dag.py:3437} INFO - Setting next_dagrun for example_bash_operator to 2023-03-06T00:00:00+00:00, run_after=2023-03-07T00:00:00+00:00
[2023-03-07T18:04:32.781+0530] {processor.py:175} INFO - Processing /home/ris/PycharmProjects/pythonProject/USA-housing/venv/lib/python3.10/site-packages/airflow/example_dags/example_bash_operator.py took 0.088 seconds
[2023-03-07T18:05:20.177+0530] {processor.py:153} INFO - Started process (PID=6318) to work on /home/ris/PycharmProjects/pythonProject/USA-housing/venv/lib/python3.10/site-packages/airflow/example_dags/example_bash_operator.py
[2023-03-07T18:05:20.179+0530] {processor.py:743} INFO - Processing file /home/ris/PycharmProjects/pythonProject/USA-housing/venv/lib/python3.10/site-packages/airflow/example_dags/example_bash_operator.py for tasks to queue
[2023-03-07T18:05:20.180+0530] {logging_mixin.py:137} INFO - [2023-03-07T18:05:20.179+0530] {dagbag.py:538} INFO - Filling up the DagBag from /home/ris/PycharmProjects/pythonProject/USA-housing/venv/lib/python3.10/site-packages/airflow/example_dags/example_bash_operator.py
[2023-03-07T18:05:20.193+0530] {processor.py:753} INFO - DAG(s) dict_keys(['example_bash_operator']) retrieved from /home/ris/PycharmProjects/pythonProject/USA-housing/venv/lib/python3.10/site-packages/airflow/example_dags/example_bash_operator.py
[2023-03-07T18:05:20.223+0530] {logging_mixin.py:137} INFO - [2023-03-07T18:05:20.223+0530] {dag.py:2690} INFO - Sync 1 DAGs
[2023-03-07T18:05:20.240+0530] {logging_mixin.py:137} INFO - [2023-03-07T18:05:20.240+0530] {dag.py:3437} INFO - Setting next_dagrun for example_bash_operator to 2023-03-06T00:00:00+00:00, run_after=2023-03-07T00:00:00+00:00
[2023-03-07T18:05:20.257+0530] {processor.py:175} INFO - Processing /home/ris/PycharmProjects/pythonProject/USA-housing/venv/lib/python3.10/site-packages/airflow/example_dags/example_bash_operator.py took 0.082 seconds
[2023-03-07T18:06:10.913+0530] {processor.py:153} INFO - Started process (PID=6373) to work on /home/ris/PycharmProjects/pythonProject/USA-housing/venv/lib/python3.10/site-packages/airflow/example_dags/example_bash_operator.py
[2023-03-07T18:06:10.916+0530] {processor.py:743} INFO - Processing file /home/ris/PycharmProjects/pythonProject/USA-housing/venv/lib/python3.10/site-packages/airflow/example_dags/example_bash_operator.py for tasks to queue
[2023-03-07T18:06:10.918+0530] {logging_mixin.py:137} INFO - [2023-03-07T18:06:10.917+0530] {dagbag.py:538} INFO - Filling up the DagBag from /home/ris/PycharmProjects/pythonProject/USA-housing/venv/lib/python3.10/site-packages/airflow/example_dags/example_bash_operator.py
[2023-03-07T18:06:10.932+0530] {processor.py:753} INFO - DAG(s) dict_keys(['example_bash_operator']) retrieved from /home/ris/PycharmProjects/pythonProject/USA-housing/venv/lib/python3.10/site-packages/airflow/example_dags/example_bash_operator.py
[2023-03-07T18:06:10.960+0530] {logging_mixin.py:137} INFO - [2023-03-07T18:06:10.960+0530] {dag.py:2690} INFO - Sync 1 DAGs
[2023-03-07T18:06:10.984+0530] {logging_mixin.py:137} INFO - [2023-03-07T18:06:10.984+0530] {dag.py:3437} INFO - Setting next_dagrun for example_bash_operator to 2023-03-06T00:00:00+00:00, run_after=2023-03-07T00:00:00+00:00
[2023-03-07T18:06:11.004+0530] {processor.py:175} INFO - Processing /home/ris/PycharmProjects/pythonProject/USA-housing/venv/lib/python3.10/site-packages/airflow/example_dags/example_bash_operator.py took 0.095 seconds
[2023-03-07T18:06:58.312+0530] {processor.py:153} INFO - Started process (PID=6427) to work on /home/ris/PycharmProjects/pythonProject/USA-housing/venv/lib/python3.10/site-packages/airflow/example_dags/example_bash_operator.py
[2023-03-07T18:06:58.313+0530] {processor.py:743} INFO - Processing file /home/ris/PycharmProjects/pythonProject/USA-housing/venv/lib/python3.10/site-packages/airflow/example_dags/example_bash_operator.py for tasks to queue
[2023-03-07T18:06:58.314+0530] {logging_mixin.py:137} INFO - [2023-03-07T18:06:58.314+0530] {dagbag.py:538} INFO - Filling up the DagBag from /home/ris/PycharmProjects/pythonProject/USA-housing/venv/lib/python3.10/site-packages/airflow/example_dags/example_bash_operator.py
[2023-03-07T18:06:58.326+0530] {processor.py:753} INFO - DAG(s) dict_keys(['example_bash_operator']) retrieved from /home/ris/PycharmProjects/pythonProject/USA-housing/venv/lib/python3.10/site-packages/airflow/example_dags/example_bash_operator.py
[2023-03-07T18:06:58.354+0530] {logging_mixin.py:137} INFO - [2023-03-07T18:06:58.354+0530] {dag.py:2690} INFO - Sync 1 DAGs
[2023-03-07T18:06:58.371+0530] {logging_mixin.py:137} INFO - [2023-03-07T18:06:58.371+0530] {dag.py:3437} INFO - Setting next_dagrun for example_bash_operator to 2023-03-06T00:00:00+00:00, run_after=2023-03-07T00:00:00+00:00
[2023-03-07T18:06:58.400+0530] {processor.py:175} INFO - Processing /home/ris/PycharmProjects/pythonProject/USA-housing/venv/lib/python3.10/site-packages/airflow/example_dags/example_bash_operator.py took 0.093 seconds
[2023-03-07T18:07:49.098+0530] {processor.py:153} INFO - Started process (PID=6481) to work on /home/ris/PycharmProjects/pythonProject/USA-housing/venv/lib/python3.10/site-packages/airflow/example_dags/example_bash_operator.py
[2023-03-07T18:07:49.100+0530] {processor.py:743} INFO - Processing file /home/ris/PycharmProjects/pythonProject/USA-housing/venv/lib/python3.10/site-packages/airflow/example_dags/example_bash_operator.py for tasks to queue
[2023-03-07T18:07:49.101+0530] {logging_mixin.py:137} INFO - [2023-03-07T18:07:49.100+0530] {dagbag.py:538} INFO - Filling up the DagBag from /home/ris/PycharmProjects/pythonProject/USA-housing/venv/lib/python3.10/site-packages/airflow/example_dags/example_bash_operator.py
[2023-03-07T18:07:49.114+0530] {processor.py:753} INFO - DAG(s) dict_keys(['example_bash_operator']) retrieved from /home/ris/PycharmProjects/pythonProject/USA-housing/venv/lib/python3.10/site-packages/airflow/example_dags/example_bash_operator.py
[2023-03-07T18:07:49.143+0530] {logging_mixin.py:137} INFO - [2023-03-07T18:07:49.143+0530] {dag.py:2690} INFO - Sync 1 DAGs
[2023-03-07T18:07:49.160+0530] {logging_mixin.py:137} INFO - [2023-03-07T18:07:49.160+0530] {dag.py:3437} INFO - Setting next_dagrun for example_bash_operator to 2023-03-06T00:00:00+00:00, run_after=2023-03-07T00:00:00+00:00
[2023-03-07T18:07:49.181+0530] {processor.py:175} INFO - Processing /home/ris/PycharmProjects/pythonProject/USA-housing/venv/lib/python3.10/site-packages/airflow/example_dags/example_bash_operator.py took 0.085 seconds
[2023-03-07T18:08:43.045+0530] {processor.py:153} INFO - Started process (PID=6539) to work on /home/ris/PycharmProjects/pythonProject/USA-housing/venv/lib/python3.10/site-packages/airflow/example_dags/example_bash_operator.py
[2023-03-07T18:08:43.047+0530] {processor.py:743} INFO - Processing file /home/ris/PycharmProjects/pythonProject/USA-housing/venv/lib/python3.10/site-packages/airflow/example_dags/example_bash_operator.py for tasks to queue
[2023-03-07T18:08:43.047+0530] {logging_mixin.py:137} INFO - [2023-03-07T18:08:43.047+0530] {dagbag.py:538} INFO - Filling up the DagBag from /home/ris/PycharmProjects/pythonProject/USA-housing/venv/lib/python3.10/site-packages/airflow/example_dags/example_bash_operator.py
[2023-03-07T18:08:43.060+0530] {processor.py:753} INFO - DAG(s) dict_keys(['example_bash_operator']) retrieved from /home/ris/PycharmProjects/pythonProject/USA-housing/venv/lib/python3.10/site-packages/airflow/example_dags/example_bash_operator.py
[2023-03-07T18:08:43.087+0530] {logging_mixin.py:137} INFO - [2023-03-07T18:08:43.087+0530] {dag.py:2690} INFO - Sync 1 DAGs
[2023-03-07T18:08:43.110+0530] {logging_mixin.py:137} INFO - [2023-03-07T18:08:43.110+0530] {dag.py:3437} INFO - Setting next_dagrun for example_bash_operator to 2023-03-06T00:00:00+00:00, run_after=2023-03-07T00:00:00+00:00
[2023-03-07T18:08:43.128+0530] {processor.py:175} INFO - Processing /home/ris/PycharmProjects/pythonProject/USA-housing/venv/lib/python3.10/site-packages/airflow/example_dags/example_bash_operator.py took 0.086 seconds
[2023-03-07T18:09:40.565+0530] {processor.py:153} INFO - Started process (PID=6868) to work on /home/ris/PycharmProjects/pythonProject/USA-housing/venv/lib/python3.10/site-packages/airflow/example_dags/example_bash_operator.py
[2023-03-07T18:09:40.568+0530] {processor.py:743} INFO - Processing file /home/ris/PycharmProjects/pythonProject/USA-housing/venv/lib/python3.10/site-packages/airflow/example_dags/example_bash_operator.py for tasks to queue
[2023-03-07T18:09:40.570+0530] {logging_mixin.py:137} INFO - [2023-03-07T18:09:40.569+0530] {dagbag.py:538} INFO - Filling up the DagBag from /home/ris/PycharmProjects/pythonProject/USA-housing/venv/lib/python3.10/site-packages/airflow/example_dags/example_bash_operator.py
[2023-03-07T18:09:40.589+0530] {processor.py:753} INFO - DAG(s) dict_keys(['example_bash_operator']) retrieved from /home/ris/PycharmProjects/pythonProject/USA-housing/venv/lib/python3.10/site-packages/airflow/example_dags/example_bash_operator.py
[2023-03-07T18:09:40.638+0530] {logging_mixin.py:137} INFO - [2023-03-07T18:09:40.638+0530] {dag.py:2690} INFO - Sync 1 DAGs
[2023-03-07T18:09:40.664+0530] {logging_mixin.py:137} INFO - [2023-03-07T18:09:40.664+0530] {dag.py:3437} INFO - Setting next_dagrun for example_bash_operator to 2023-03-06T00:00:00+00:00, run_after=2023-03-07T00:00:00+00:00
[2023-03-07T18:09:40.696+0530] {processor.py:175} INFO - Processing /home/ris/PycharmProjects/pythonProject/USA-housing/venv/lib/python3.10/site-packages/airflow/example_dags/example_bash_operator.py took 0.135 seconds
[2023-03-07T18:10:29.952+0530] {processor.py:153} INFO - Started process (PID=6936) to work on /home/ris/PycharmProjects/pythonProject/USA-housing/venv/lib/python3.10/site-packages/airflow/example_dags/example_bash_operator.py
[2023-03-07T18:10:29.954+0530] {processor.py:743} INFO - Processing file /home/ris/PycharmProjects/pythonProject/USA-housing/venv/lib/python3.10/site-packages/airflow/example_dags/example_bash_operator.py for tasks to queue
[2023-03-07T18:10:29.955+0530] {logging_mixin.py:137} INFO - [2023-03-07T18:10:29.955+0530] {dagbag.py:538} INFO - Filling up the DagBag from /home/ris/PycharmProjects/pythonProject/USA-housing/venv/lib/python3.10/site-packages/airflow/example_dags/example_bash_operator.py
[2023-03-07T18:10:29.969+0530] {processor.py:753} INFO - DAG(s) dict_keys(['example_bash_operator']) retrieved from /home/ris/PycharmProjects/pythonProject/USA-housing/venv/lib/python3.10/site-packages/airflow/example_dags/example_bash_operator.py
[2023-03-07T18:10:29.999+0530] {logging_mixin.py:137} INFO - [2023-03-07T18:10:29.999+0530] {dag.py:2690} INFO - Sync 1 DAGs
[2023-03-07T18:10:30.016+0530] {logging_mixin.py:137} INFO - [2023-03-07T18:10:30.016+0530] {dag.py:3437} INFO - Setting next_dagrun for example_bash_operator to 2023-03-06T00:00:00+00:00, run_after=2023-03-07T00:00:00+00:00
[2023-03-07T18:10:30.036+0530] {processor.py:175} INFO - Processing /home/ris/PycharmProjects/pythonProject/USA-housing/venv/lib/python3.10/site-packages/airflow/example_dags/example_bash_operator.py took 0.086 seconds
[2023-03-07T18:11:22.158+0530] {processor.py:153} INFO - Started process (PID=6993) to work on /home/ris/PycharmProjects/pythonProject/USA-housing/venv/lib/python3.10/site-packages/airflow/example_dags/example_bash_operator.py
[2023-03-07T18:11:22.160+0530] {processor.py:743} INFO - Processing file /home/ris/PycharmProjects/pythonProject/USA-housing/venv/lib/python3.10/site-packages/airflow/example_dags/example_bash_operator.py for tasks to queue
[2023-03-07T18:11:22.161+0530] {logging_mixin.py:137} INFO - [2023-03-07T18:11:22.161+0530] {dagbag.py:538} INFO - Filling up the DagBag from /home/ris/PycharmProjects/pythonProject/USA-housing/venv/lib/python3.10/site-packages/airflow/example_dags/example_bash_operator.py
[2023-03-07T18:11:22.173+0530] {processor.py:753} INFO - DAG(s) dict_keys(['example_bash_operator']) retrieved from /home/ris/PycharmProjects/pythonProject/USA-housing/venv/lib/python3.10/site-packages/airflow/example_dags/example_bash_operator.py
[2023-03-07T18:11:22.202+0530] {logging_mixin.py:137} INFO - [2023-03-07T18:11:22.202+0530] {dag.py:2690} INFO - Sync 1 DAGs
[2023-03-07T18:11:22.220+0530] {logging_mixin.py:137} INFO - [2023-03-07T18:11:22.219+0530] {dag.py:3437} INFO - Setting next_dagrun for example_bash_operator to 2023-03-06T00:00:00+00:00, run_after=2023-03-07T00:00:00+00:00
[2023-03-07T18:11:22.241+0530] {processor.py:175} INFO - Processing /home/ris/PycharmProjects/pythonProject/USA-housing/venv/lib/python3.10/site-packages/airflow/example_dags/example_bash_operator.py took 0.087 seconds
[2023-03-07T18:12:07.412+0530] {processor.py:153} INFO - Started process (PID=7056) to work on /home/ris/PycharmProjects/pythonProject/USA-housing/venv/lib/python3.10/site-packages/airflow/example_dags/example_bash_operator.py
[2023-03-07T18:12:07.414+0530] {processor.py:743} INFO - Processing file /home/ris/PycharmProjects/pythonProject/USA-housing/venv/lib/python3.10/site-packages/airflow/example_dags/example_bash_operator.py for tasks to queue
[2023-03-07T18:12:07.414+0530] {logging_mixin.py:137} INFO - [2023-03-07T18:12:07.414+0530] {dagbag.py:538} INFO - Filling up the DagBag from /home/ris/PycharmProjects/pythonProject/USA-housing/venv/lib/python3.10/site-packages/airflow/example_dags/example_bash_operator.py
[2023-03-07T18:12:07.427+0530] {processor.py:753} INFO - DAG(s) dict_keys(['example_bash_operator']) retrieved from /home/ris/PycharmProjects/pythonProject/USA-housing/venv/lib/python3.10/site-packages/airflow/example_dags/example_bash_operator.py
[2023-03-07T18:12:07.456+0530] {logging_mixin.py:137} INFO - [2023-03-07T18:12:07.456+0530] {dag.py:2690} INFO - Sync 1 DAGs
[2023-03-07T18:12:07.474+0530] {logging_mixin.py:137} INFO - [2023-03-07T18:12:07.474+0530] {dag.py:3437} INFO - Setting next_dagrun for example_bash_operator to 2023-03-06T00:00:00+00:00, run_after=2023-03-07T00:00:00+00:00
[2023-03-07T18:12:07.503+0530] {processor.py:175} INFO - Processing /home/ris/PycharmProjects/pythonProject/USA-housing/venv/lib/python3.10/site-packages/airflow/example_dags/example_bash_operator.py took 0.094 seconds
[2023-03-07T18:12:56.716+0530] {processor.py:153} INFO - Started process (PID=7120) to work on /home/ris/PycharmProjects/pythonProject/USA-housing/venv/lib/python3.10/site-packages/airflow/example_dags/example_bash_operator.py
[2023-03-07T18:12:56.717+0530] {processor.py:743} INFO - Processing file /home/ris/PycharmProjects/pythonProject/USA-housing/venv/lib/python3.10/site-packages/airflow/example_dags/example_bash_operator.py for tasks to queue
[2023-03-07T18:12:56.718+0530] {logging_mixin.py:137} INFO - [2023-03-07T18:12:56.718+0530] {dagbag.py:538} INFO - Filling up the DagBag from /home/ris/PycharmProjects/pythonProject/USA-housing/venv/lib/python3.10/site-packages/airflow/example_dags/example_bash_operator.py
[2023-03-07T18:12:56.731+0530] {processor.py:753} INFO - DAG(s) dict_keys(['example_bash_operator']) retrieved from /home/ris/PycharmProjects/pythonProject/USA-housing/venv/lib/python3.10/site-packages/airflow/example_dags/example_bash_operator.py
[2023-03-07T18:12:56.763+0530] {logging_mixin.py:137} INFO - [2023-03-07T18:12:56.763+0530] {dag.py:2690} INFO - Sync 1 DAGs
[2023-03-07T18:12:56.784+0530] {logging_mixin.py:137} INFO - [2023-03-07T18:12:56.784+0530] {dag.py:3437} INFO - Setting next_dagrun for example_bash_operator to 2023-03-06T00:00:00+00:00, run_after=2023-03-07T00:00:00+00:00
[2023-03-07T18:12:56.805+0530] {processor.py:175} INFO - Processing /home/ris/PycharmProjects/pythonProject/USA-housing/venv/lib/python3.10/site-packages/airflow/example_dags/example_bash_operator.py took 0.092 seconds
[2023-03-07T18:13:44.407+0530] {processor.py:153} INFO - Started process (PID=7172) to work on /home/ris/PycharmProjects/pythonProject/USA-housing/venv/lib/python3.10/site-packages/airflow/example_dags/example_bash_operator.py
[2023-03-07T18:13:44.409+0530] {processor.py:743} INFO - Processing file /home/ris/PycharmProjects/pythonProject/USA-housing/venv/lib/python3.10/site-packages/airflow/example_dags/example_bash_operator.py for tasks to queue
[2023-03-07T18:13:44.410+0530] {logging_mixin.py:137} INFO - [2023-03-07T18:13:44.410+0530] {dagbag.py:538} INFO - Filling up the DagBag from /home/ris/PycharmProjects/pythonProject/USA-housing/venv/lib/python3.10/site-packages/airflow/example_dags/example_bash_operator.py
[2023-03-07T18:13:44.430+0530] {processor.py:753} INFO - DAG(s) dict_keys(['example_bash_operator']) retrieved from /home/ris/PycharmProjects/pythonProject/USA-housing/venv/lib/python3.10/site-packages/airflow/example_dags/example_bash_operator.py
[2023-03-07T18:13:44.461+0530] {logging_mixin.py:137} INFO - [2023-03-07T18:13:44.461+0530] {dag.py:2690} INFO - Sync 1 DAGs
[2023-03-07T18:13:44.479+0530] {logging_mixin.py:137} INFO - [2023-03-07T18:13:44.479+0530] {dag.py:3437} INFO - Setting next_dagrun for example_bash_operator to 2023-03-06T00:00:00+00:00, run_after=2023-03-07T00:00:00+00:00
[2023-03-07T18:13:44.499+0530] {processor.py:175} INFO - Processing /home/ris/PycharmProjects/pythonProject/USA-housing/venv/lib/python3.10/site-packages/airflow/example_dags/example_bash_operator.py took 0.094 seconds
[2023-03-07T18:14:29.403+0530] {processor.py:153} INFO - Started process (PID=7239) to work on /home/ris/PycharmProjects/pythonProject/USA-housing/venv/lib/python3.10/site-packages/airflow/example_dags/example_bash_operator.py
[2023-03-07T18:14:29.405+0530] {processor.py:743} INFO - Processing file /home/ris/PycharmProjects/pythonProject/USA-housing/venv/lib/python3.10/site-packages/airflow/example_dags/example_bash_operator.py for tasks to queue
[2023-03-07T18:14:29.406+0530] {logging_mixin.py:137} INFO - [2023-03-07T18:14:29.406+0530] {dagbag.py:538} INFO - Filling up the DagBag from /home/ris/PycharmProjects/pythonProject/USA-housing/venv/lib/python3.10/site-packages/airflow/example_dags/example_bash_operator.py
[2023-03-07T18:14:29.418+0530] {processor.py:753} INFO - DAG(s) dict_keys(['example_bash_operator']) retrieved from /home/ris/PycharmProjects/pythonProject/USA-housing/venv/lib/python3.10/site-packages/airflow/example_dags/example_bash_operator.py
[2023-03-07T18:14:29.449+0530] {logging_mixin.py:137} INFO - [2023-03-07T18:14:29.449+0530] {dag.py:2690} INFO - Sync 1 DAGs
[2023-03-07T18:14:29.467+0530] {logging_mixin.py:137} INFO - [2023-03-07T18:14:29.467+0530] {dag.py:3437} INFO - Setting next_dagrun for example_bash_operator to 2023-03-06T00:00:00+00:00, run_after=2023-03-07T00:00:00+00:00
[2023-03-07T18:14:29.487+0530] {processor.py:175} INFO - Processing /home/ris/PycharmProjects/pythonProject/USA-housing/venv/lib/python3.10/site-packages/airflow/example_dags/example_bash_operator.py took 0.086 seconds
[2023-03-07T18:15:17.766+0530] {processor.py:153} INFO - Started process (PID=7311) to work on /home/ris/PycharmProjects/pythonProject/USA-housing/venv/lib/python3.10/site-packages/airflow/example_dags/example_bash_operator.py
[2023-03-07T18:15:17.768+0530] {processor.py:743} INFO - Processing file /home/ris/PycharmProjects/pythonProject/USA-housing/venv/lib/python3.10/site-packages/airflow/example_dags/example_bash_operator.py for tasks to queue
[2023-03-07T18:15:17.769+0530] {logging_mixin.py:137} INFO - [2023-03-07T18:15:17.769+0530] {dagbag.py:538} INFO - Filling up the DagBag from /home/ris/PycharmProjects/pythonProject/USA-housing/venv/lib/python3.10/site-packages/airflow/example_dags/example_bash_operator.py
[2023-03-07T18:15:17.782+0530] {processor.py:753} INFO - DAG(s) dict_keys(['example_bash_operator']) retrieved from /home/ris/PycharmProjects/pythonProject/USA-housing/venv/lib/python3.10/site-packages/airflow/example_dags/example_bash_operator.py
[2023-03-07T18:15:17.819+0530] {logging_mixin.py:137} INFO - [2023-03-07T18:15:17.818+0530] {dag.py:2690} INFO - Sync 1 DAGs
[2023-03-07T18:15:17.842+0530] {logging_mixin.py:137} INFO - [2023-03-07T18:15:17.842+0530] {dag.py:3437} INFO - Setting next_dagrun for example_bash_operator to 2023-03-06T00:00:00+00:00, run_after=2023-03-07T00:00:00+00:00
[2023-03-07T18:15:17.862+0530] {processor.py:175} INFO - Processing /home/ris/PycharmProjects/pythonProject/USA-housing/venv/lib/python3.10/site-packages/airflow/example_dags/example_bash_operator.py took 0.098 seconds
[2023-03-07T18:16:08.002+0530] {processor.py:153} INFO - Started process (PID=7375) to work on /home/ris/PycharmProjects/pythonProject/USA-housing/venv/lib/python3.10/site-packages/airflow/example_dags/example_bash_operator.py
[2023-03-07T18:16:08.004+0530] {processor.py:743} INFO - Processing file /home/ris/PycharmProjects/pythonProject/USA-housing/venv/lib/python3.10/site-packages/airflow/example_dags/example_bash_operator.py for tasks to queue
[2023-03-07T18:16:08.004+0530] {logging_mixin.py:137} INFO - [2023-03-07T18:16:08.004+0530] {dagbag.py:538} INFO - Filling up the DagBag from /home/ris/PycharmProjects/pythonProject/USA-housing/venv/lib/python3.10/site-packages/airflow/example_dags/example_bash_operator.py
[2023-03-07T18:16:08.017+0530] {processor.py:753} INFO - DAG(s) dict_keys(['example_bash_operator']) retrieved from /home/ris/PycharmProjects/pythonProject/USA-housing/venv/lib/python3.10/site-packages/airflow/example_dags/example_bash_operator.py
[2023-03-07T18:16:08.044+0530] {logging_mixin.py:137} INFO - [2023-03-07T18:16:08.044+0530] {dag.py:2690} INFO - Sync 1 DAGs
[2023-03-07T18:16:08.060+0530] {logging_mixin.py:137} INFO - [2023-03-07T18:16:08.060+0530] {dag.py:3437} INFO - Setting next_dagrun for example_bash_operator to 2023-03-06T00:00:00+00:00, run_after=2023-03-07T00:00:00+00:00
[2023-03-07T18:16:08.086+0530] {processor.py:175} INFO - Processing /home/ris/PycharmProjects/pythonProject/USA-housing/venv/lib/python3.10/site-packages/airflow/example_dags/example_bash_operator.py took 0.088 seconds
[2023-03-07T18:16:51.136+0530] {processor.py:153} INFO - Started process (PID=7434) to work on /home/ris/PycharmProjects/pythonProject/USA-housing/venv/lib/python3.10/site-packages/airflow/example_dags/example_bash_operator.py
[2023-03-07T18:16:51.137+0530] {processor.py:743} INFO - Processing file /home/ris/PycharmProjects/pythonProject/USA-housing/venv/lib/python3.10/site-packages/airflow/example_dags/example_bash_operator.py for tasks to queue
[2023-03-07T18:16:51.138+0530] {logging_mixin.py:137} INFO - [2023-03-07T18:16:51.138+0530] {dagbag.py:538} INFO - Filling up the DagBag from /home/ris/PycharmProjects/pythonProject/USA-housing/venv/lib/python3.10/site-packages/airflow/example_dags/example_bash_operator.py
[2023-03-07T18:16:51.151+0530] {processor.py:753} INFO - DAG(s) dict_keys(['example_bash_operator']) retrieved from /home/ris/PycharmProjects/pythonProject/USA-housing/venv/lib/python3.10/site-packages/airflow/example_dags/example_bash_operator.py
[2023-03-07T18:16:51.185+0530] {logging_mixin.py:137} INFO - [2023-03-07T18:16:51.185+0530] {dag.py:2690} INFO - Sync 1 DAGs
[2023-03-07T18:16:51.205+0530] {logging_mixin.py:137} INFO - [2023-03-07T18:16:51.205+0530] {dag.py:3437} INFO - Setting next_dagrun for example_bash_operator to 2023-03-06T00:00:00+00:00, run_after=2023-03-07T00:00:00+00:00
[2023-03-07T18:16:51.226+0530] {processor.py:175} INFO - Processing /home/ris/PycharmProjects/pythonProject/USA-housing/venv/lib/python3.10/site-packages/airflow/example_dags/example_bash_operator.py took 0.093 seconds
[2023-03-07T18:17:40.836+0530] {processor.py:153} INFO - Started process (PID=7490) to work on /home/ris/PycharmProjects/pythonProject/USA-housing/venv/lib/python3.10/site-packages/airflow/example_dags/example_bash_operator.py
[2023-03-07T18:17:40.837+0530] {processor.py:743} INFO - Processing file /home/ris/PycharmProjects/pythonProject/USA-housing/venv/lib/python3.10/site-packages/airflow/example_dags/example_bash_operator.py for tasks to queue
[2023-03-07T18:17:40.838+0530] {logging_mixin.py:137} INFO - [2023-03-07T18:17:40.838+0530] {dagbag.py:538} INFO - Filling up the DagBag from /home/ris/PycharmProjects/pythonProject/USA-housing/venv/lib/python3.10/site-packages/airflow/example_dags/example_bash_operator.py
[2023-03-07T18:17:40.851+0530] {processor.py:753} INFO - DAG(s) dict_keys(['example_bash_operator']) retrieved from /home/ris/PycharmProjects/pythonProject/USA-housing/venv/lib/python3.10/site-packages/airflow/example_dags/example_bash_operator.py
[2023-03-07T18:17:40.881+0530] {logging_mixin.py:137} INFO - [2023-03-07T18:17:40.880+0530] {dag.py:2690} INFO - Sync 1 DAGs
[2023-03-07T18:17:40.899+0530] {logging_mixin.py:137} INFO - [2023-03-07T18:17:40.899+0530] {dag.py:3437} INFO - Setting next_dagrun for example_bash_operator to 2023-03-06T00:00:00+00:00, run_after=2023-03-07T00:00:00+00:00
[2023-03-07T18:17:40.921+0530] {processor.py:175} INFO - Processing /home/ris/PycharmProjects/pythonProject/USA-housing/venv/lib/python3.10/site-packages/airflow/example_dags/example_bash_operator.py took 0.088 seconds
[2023-03-07T18:18:34.023+0530] {processor.py:153} INFO - Started process (PID=7562) to work on /home/ris/PycharmProjects/pythonProject/USA-housing/venv/lib/python3.10/site-packages/airflow/example_dags/example_bash_operator.py
[2023-03-07T18:18:34.024+0530] {processor.py:743} INFO - Processing file /home/ris/PycharmProjects/pythonProject/USA-housing/venv/lib/python3.10/site-packages/airflow/example_dags/example_bash_operator.py for tasks to queue
[2023-03-07T18:18:34.025+0530] {logging_mixin.py:137} INFO - [2023-03-07T18:18:34.025+0530] {dagbag.py:538} INFO - Filling up the DagBag from /home/ris/PycharmProjects/pythonProject/USA-housing/venv/lib/python3.10/site-packages/airflow/example_dags/example_bash_operator.py
[2023-03-07T18:18:34.037+0530] {processor.py:753} INFO - DAG(s) dict_keys(['example_bash_operator']) retrieved from /home/ris/PycharmProjects/pythonProject/USA-housing/venv/lib/python3.10/site-packages/airflow/example_dags/example_bash_operator.py
[2023-03-07T18:18:34.074+0530] {logging_mixin.py:137} INFO - [2023-03-07T18:18:34.074+0530] {dag.py:2690} INFO - Sync 1 DAGs
[2023-03-07T18:18:34.092+0530] {logging_mixin.py:137} INFO - [2023-03-07T18:18:34.091+0530] {dag.py:3437} INFO - Setting next_dagrun for example_bash_operator to 2023-03-06T00:00:00+00:00, run_after=2023-03-07T00:00:00+00:00
[2023-03-07T18:18:34.111+0530] {processor.py:175} INFO - Processing /home/ris/PycharmProjects/pythonProject/USA-housing/venv/lib/python3.10/site-packages/airflow/example_dags/example_bash_operator.py took 0.091 seconds
[2023-03-07T18:19:28.858+0530] {processor.py:153} INFO - Started process (PID=7630) to work on /home/ris/PycharmProjects/pythonProject/USA-housing/venv/lib/python3.10/site-packages/airflow/example_dags/example_bash_operator.py
[2023-03-07T18:19:28.859+0530] {processor.py:743} INFO - Processing file /home/ris/PycharmProjects/pythonProject/USA-housing/venv/lib/python3.10/site-packages/airflow/example_dags/example_bash_operator.py for tasks to queue
[2023-03-07T18:19:28.860+0530] {logging_mixin.py:137} INFO - [2023-03-07T18:19:28.860+0530] {dagbag.py:538} INFO - Filling up the DagBag from /home/ris/PycharmProjects/pythonProject/USA-housing/venv/lib/python3.10/site-packages/airflow/example_dags/example_bash_operator.py
[2023-03-07T18:19:28.872+0530] {processor.py:753} INFO - DAG(s) dict_keys(['example_bash_operator']) retrieved from /home/ris/PycharmProjects/pythonProject/USA-housing/venv/lib/python3.10/site-packages/airflow/example_dags/example_bash_operator.py
[2023-03-07T18:19:28.901+0530] {logging_mixin.py:137} INFO - [2023-03-07T18:19:28.901+0530] {dag.py:2690} INFO - Sync 1 DAGs
[2023-03-07T18:19:28.918+0530] {logging_mixin.py:137} INFO - [2023-03-07T18:19:28.918+0530] {dag.py:3437} INFO - Setting next_dagrun for example_bash_operator to 2023-03-06T00:00:00+00:00, run_after=2023-03-07T00:00:00+00:00
[2023-03-07T18:19:28.937+0530] {processor.py:175} INFO - Processing /home/ris/PycharmProjects/pythonProject/USA-housing/venv/lib/python3.10/site-packages/airflow/example_dags/example_bash_operator.py took 0.082 seconds
[2023-03-07T18:20:13.282+0530] {processor.py:153} INFO - Started process (PID=7921) to work on /home/ris/PycharmProjects/pythonProject/USA-housing/venv/lib/python3.10/site-packages/airflow/example_dags/example_bash_operator.py
[2023-03-07T18:20:13.284+0530] {processor.py:743} INFO - Processing file /home/ris/PycharmProjects/pythonProject/USA-housing/venv/lib/python3.10/site-packages/airflow/example_dags/example_bash_operator.py for tasks to queue
[2023-03-07T18:20:13.285+0530] {logging_mixin.py:137} INFO - [2023-03-07T18:20:13.285+0530] {dagbag.py:538} INFO - Filling up the DagBag from /home/ris/PycharmProjects/pythonProject/USA-housing/venv/lib/python3.10/site-packages/airflow/example_dags/example_bash_operator.py
[2023-03-07T18:20:13.297+0530] {processor.py:753} INFO - DAG(s) dict_keys(['example_bash_operator']) retrieved from /home/ris/PycharmProjects/pythonProject/USA-housing/venv/lib/python3.10/site-packages/airflow/example_dags/example_bash_operator.py
[2023-03-07T18:20:13.326+0530] {logging_mixin.py:137} INFO - [2023-03-07T18:20:13.325+0530] {dag.py:2690} INFO - Sync 1 DAGs
[2023-03-07T18:20:13.343+0530] {logging_mixin.py:137} INFO - [2023-03-07T18:20:13.342+0530] {dag.py:3437} INFO - Setting next_dagrun for example_bash_operator to 2023-03-06T00:00:00+00:00, run_after=2023-03-07T00:00:00+00:00
[2023-03-07T18:20:13.361+0530] {processor.py:175} INFO - Processing /home/ris/PycharmProjects/pythonProject/USA-housing/venv/lib/python3.10/site-packages/airflow/example_dags/example_bash_operator.py took 0.081 seconds
[2023-03-07T18:21:08.093+0530] {processor.py:153} INFO - Started process (PID=7986) to work on /home/ris/PycharmProjects/pythonProject/USA-housing/venv/lib/python3.10/site-packages/airflow/example_dags/example_bash_operator.py
[2023-03-07T18:21:08.094+0530] {processor.py:743} INFO - Processing file /home/ris/PycharmProjects/pythonProject/USA-housing/venv/lib/python3.10/site-packages/airflow/example_dags/example_bash_operator.py for tasks to queue
[2023-03-07T18:21:08.095+0530] {logging_mixin.py:137} INFO - [2023-03-07T18:21:08.095+0530] {dagbag.py:538} INFO - Filling up the DagBag from /home/ris/PycharmProjects/pythonProject/USA-housing/venv/lib/python3.10/site-packages/airflow/example_dags/example_bash_operator.py
[2023-03-07T18:21:08.109+0530] {processor.py:753} INFO - DAG(s) dict_keys(['example_bash_operator']) retrieved from /home/ris/PycharmProjects/pythonProject/USA-housing/venv/lib/python3.10/site-packages/airflow/example_dags/example_bash_operator.py
[2023-03-07T18:21:08.143+0530] {logging_mixin.py:137} INFO - [2023-03-07T18:21:08.142+0530] {dag.py:2690} INFO - Sync 1 DAGs
[2023-03-07T18:21:08.160+0530] {logging_mixin.py:137} INFO - [2023-03-07T18:21:08.159+0530] {dag.py:3437} INFO - Setting next_dagrun for example_bash_operator to 2023-03-06T00:00:00+00:00, run_after=2023-03-07T00:00:00+00:00
[2023-03-07T18:21:08.181+0530] {processor.py:175} INFO - Processing /home/ris/PycharmProjects/pythonProject/USA-housing/venv/lib/python3.10/site-packages/airflow/example_dags/example_bash_operator.py took 0.091 seconds
[2023-03-07T18:21:59.132+0530] {processor.py:153} INFO - Started process (PID=8046) to work on /home/ris/PycharmProjects/pythonProject/USA-housing/venv/lib/python3.10/site-packages/airflow/example_dags/example_bash_operator.py
[2023-03-07T18:21:59.133+0530] {processor.py:743} INFO - Processing file /home/ris/PycharmProjects/pythonProject/USA-housing/venv/lib/python3.10/site-packages/airflow/example_dags/example_bash_operator.py for tasks to queue
[2023-03-07T18:21:59.134+0530] {logging_mixin.py:137} INFO - [2023-03-07T18:21:59.134+0530] {dagbag.py:538} INFO - Filling up the DagBag from /home/ris/PycharmProjects/pythonProject/USA-housing/venv/lib/python3.10/site-packages/airflow/example_dags/example_bash_operator.py
[2023-03-07T18:21:59.147+0530] {processor.py:753} INFO - DAG(s) dict_keys(['example_bash_operator']) retrieved from /home/ris/PycharmProjects/pythonProject/USA-housing/venv/lib/python3.10/site-packages/airflow/example_dags/example_bash_operator.py
[2023-03-07T18:21:59.177+0530] {logging_mixin.py:137} INFO - [2023-03-07T18:21:59.177+0530] {dag.py:2690} INFO - Sync 1 DAGs
[2023-03-07T18:21:59.198+0530] {logging_mixin.py:137} INFO - [2023-03-07T18:21:59.198+0530] {dag.py:3437} INFO - Setting next_dagrun for example_bash_operator to 2023-03-06T00:00:00+00:00, run_after=2023-03-07T00:00:00+00:00
[2023-03-07T18:21:59.225+0530] {processor.py:175} INFO - Processing /home/ris/PycharmProjects/pythonProject/USA-housing/venv/lib/python3.10/site-packages/airflow/example_dags/example_bash_operator.py took 0.095 seconds
[2023-03-07T18:22:47.841+0530] {processor.py:153} INFO - Started process (PID=8099) to work on /home/ris/PycharmProjects/pythonProject/USA-housing/venv/lib/python3.10/site-packages/airflow/example_dags/example_bash_operator.py
[2023-03-07T18:22:47.843+0530] {processor.py:743} INFO - Processing file /home/ris/PycharmProjects/pythonProject/USA-housing/venv/lib/python3.10/site-packages/airflow/example_dags/example_bash_operator.py for tasks to queue
[2023-03-07T18:22:47.844+0530] {logging_mixin.py:137} INFO - [2023-03-07T18:22:47.844+0530] {dagbag.py:538} INFO - Filling up the DagBag from /home/ris/PycharmProjects/pythonProject/USA-housing/venv/lib/python3.10/site-packages/airflow/example_dags/example_bash_operator.py
[2023-03-07T18:22:47.857+0530] {processor.py:753} INFO - DAG(s) dict_keys(['example_bash_operator']) retrieved from /home/ris/PycharmProjects/pythonProject/USA-housing/venv/lib/python3.10/site-packages/airflow/example_dags/example_bash_operator.py
[2023-03-07T18:22:47.888+0530] {logging_mixin.py:137} INFO - [2023-03-07T18:22:47.888+0530] {dag.py:2690} INFO - Sync 1 DAGs
[2023-03-07T18:22:47.905+0530] {logging_mixin.py:137} INFO - [2023-03-07T18:22:47.905+0530] {dag.py:3437} INFO - Setting next_dagrun for example_bash_operator to 2023-03-06T00:00:00+00:00, run_after=2023-03-07T00:00:00+00:00
[2023-03-07T18:22:47.924+0530] {processor.py:175} INFO - Processing /home/ris/PycharmProjects/pythonProject/USA-housing/venv/lib/python3.10/site-packages/airflow/example_dags/example_bash_operator.py took 0.085 seconds
[2023-03-07T18:23:40.085+0530] {processor.py:153} INFO - Started process (PID=8328) to work on /home/ris/PycharmProjects/pythonProject/USA-housing/venv/lib/python3.10/site-packages/airflow/example_dags/example_bash_operator.py
[2023-03-07T18:23:40.087+0530] {processor.py:743} INFO - Processing file /home/ris/PycharmProjects/pythonProject/USA-housing/venv/lib/python3.10/site-packages/airflow/example_dags/example_bash_operator.py for tasks to queue
[2023-03-07T18:23:40.087+0530] {logging_mixin.py:137} INFO - [2023-03-07T18:23:40.087+0530] {dagbag.py:538} INFO - Filling up the DagBag from /home/ris/PycharmProjects/pythonProject/USA-housing/venv/lib/python3.10/site-packages/airflow/example_dags/example_bash_operator.py
[2023-03-07T18:23:40.105+0530] {processor.py:753} INFO - DAG(s) dict_keys(['example_bash_operator']) retrieved from /home/ris/PycharmProjects/pythonProject/USA-housing/venv/lib/python3.10/site-packages/airflow/example_dags/example_bash_operator.py
[2023-03-07T18:23:40.141+0530] {logging_mixin.py:137} INFO - [2023-03-07T18:23:40.140+0530] {dag.py:2690} INFO - Sync 1 DAGs
[2023-03-07T18:23:40.173+0530] {logging_mixin.py:137} INFO - [2023-03-07T18:23:40.172+0530] {dag.py:3437} INFO - Setting next_dagrun for example_bash_operator to 2023-03-06T00:00:00+00:00, run_after=2023-03-07T00:00:00+00:00
[2023-03-07T18:23:40.211+0530] {processor.py:175} INFO - Processing /home/ris/PycharmProjects/pythonProject/USA-housing/venv/lib/python3.10/site-packages/airflow/example_dags/example_bash_operator.py took 0.130 seconds
[2023-03-07T18:24:26.984+0530] {processor.py:153} INFO - Started process (PID=8376) to work on /home/ris/PycharmProjects/pythonProject/USA-housing/venv/lib/python3.10/site-packages/airflow/example_dags/example_bash_operator.py
[2023-03-07T18:24:26.987+0530] {processor.py:743} INFO - Processing file /home/ris/PycharmProjects/pythonProject/USA-housing/venv/lib/python3.10/site-packages/airflow/example_dags/example_bash_operator.py for tasks to queue
[2023-03-07T18:24:26.987+0530] {logging_mixin.py:137} INFO - [2023-03-07T18:24:26.987+0530] {dagbag.py:538} INFO - Filling up the DagBag from /home/ris/PycharmProjects/pythonProject/USA-housing/venv/lib/python3.10/site-packages/airflow/example_dags/example_bash_operator.py
[2023-03-07T18:24:27.002+0530] {processor.py:753} INFO - DAG(s) dict_keys(['example_bash_operator']) retrieved from /home/ris/PycharmProjects/pythonProject/USA-housing/venv/lib/python3.10/site-packages/airflow/example_dags/example_bash_operator.py
[2023-03-07T18:24:27.041+0530] {logging_mixin.py:137} INFO - [2023-03-07T18:24:27.041+0530] {dag.py:2690} INFO - Sync 1 DAGs
[2023-03-07T18:24:27.061+0530] {logging_mixin.py:137} INFO - [2023-03-07T18:24:27.061+0530] {dag.py:3437} INFO - Setting next_dagrun for example_bash_operator to 2023-03-06T00:00:00+00:00, run_after=2023-03-07T00:00:00+00:00
[2023-03-07T18:24:27.085+0530] {processor.py:175} INFO - Processing /home/ris/PycharmProjects/pythonProject/USA-housing/venv/lib/python3.10/site-packages/airflow/example_dags/example_bash_operator.py took 0.106 seconds
[2023-03-07T18:25:11.432+0530] {processor.py:153} INFO - Started process (PID=8426) to work on /home/ris/PycharmProjects/pythonProject/USA-housing/venv/lib/python3.10/site-packages/airflow/example_dags/example_bash_operator.py
[2023-03-07T18:25:11.433+0530] {processor.py:743} INFO - Processing file /home/ris/PycharmProjects/pythonProject/USA-housing/venv/lib/python3.10/site-packages/airflow/example_dags/example_bash_operator.py for tasks to queue
[2023-03-07T18:25:11.434+0530] {logging_mixin.py:137} INFO - [2023-03-07T18:25:11.434+0530] {dagbag.py:538} INFO - Filling up the DagBag from /home/ris/PycharmProjects/pythonProject/USA-housing/venv/lib/python3.10/site-packages/airflow/example_dags/example_bash_operator.py
[2023-03-07T18:25:11.451+0530] {processor.py:753} INFO - DAG(s) dict_keys(['example_bash_operator']) retrieved from /home/ris/PycharmProjects/pythonProject/USA-housing/venv/lib/python3.10/site-packages/airflow/example_dags/example_bash_operator.py
[2023-03-07T18:25:11.489+0530] {logging_mixin.py:137} INFO - [2023-03-07T18:25:11.488+0530] {dag.py:2690} INFO - Sync 1 DAGs
[2023-03-07T18:25:11.510+0530] {logging_mixin.py:137} INFO - [2023-03-07T18:25:11.510+0530] {dag.py:3437} INFO - Setting next_dagrun for example_bash_operator to 2023-03-06T00:00:00+00:00, run_after=2023-03-07T00:00:00+00:00
[2023-03-07T18:25:11.536+0530] {processor.py:175} INFO - Processing /home/ris/PycharmProjects/pythonProject/USA-housing/venv/lib/python3.10/site-packages/airflow/example_dags/example_bash_operator.py took 0.107 seconds
[2023-03-07T18:25:57.975+0530] {processor.py:153} INFO - Started process (PID=8516) to work on /home/ris/PycharmProjects/pythonProject/USA-housing/venv/lib/python3.10/site-packages/airflow/example_dags/example_bash_operator.py
[2023-03-07T18:25:57.977+0530] {processor.py:743} INFO - Processing file /home/ris/PycharmProjects/pythonProject/USA-housing/venv/lib/python3.10/site-packages/airflow/example_dags/example_bash_operator.py for tasks to queue
[2023-03-07T18:25:57.978+0530] {logging_mixin.py:137} INFO - [2023-03-07T18:25:57.978+0530] {dagbag.py:538} INFO - Filling up the DagBag from /home/ris/PycharmProjects/pythonProject/USA-housing/venv/lib/python3.10/site-packages/airflow/example_dags/example_bash_operator.py
[2023-03-07T18:25:57.998+0530] {processor.py:753} INFO - DAG(s) dict_keys(['example_bash_operator']) retrieved from /home/ris/PycharmProjects/pythonProject/USA-housing/venv/lib/python3.10/site-packages/airflow/example_dags/example_bash_operator.py
[2023-03-07T18:25:58.041+0530] {logging_mixin.py:137} INFO - [2023-03-07T18:25:58.041+0530] {dag.py:2690} INFO - Sync 1 DAGs
[2023-03-07T18:25:58.063+0530] {logging_mixin.py:137} INFO - [2023-03-07T18:25:58.063+0530] {dag.py:3437} INFO - Setting next_dagrun for example_bash_operator to 2023-03-06T00:00:00+00:00, run_after=2023-03-07T00:00:00+00:00
[2023-03-07T18:25:58.086+0530] {processor.py:175} INFO - Processing /home/ris/PycharmProjects/pythonProject/USA-housing/venv/lib/python3.10/site-packages/airflow/example_dags/example_bash_operator.py took 0.114 seconds
[2023-03-07T18:26:41.813+0530] {processor.py:153} INFO - Started process (PID=8640) to work on /home/ris/PycharmProjects/pythonProject/USA-housing/venv/lib/python3.10/site-packages/airflow/example_dags/example_bash_operator.py
[2023-03-07T18:26:41.816+0530] {processor.py:743} INFO - Processing file /home/ris/PycharmProjects/pythonProject/USA-housing/venv/lib/python3.10/site-packages/airflow/example_dags/example_bash_operator.py for tasks to queue
[2023-03-07T18:26:41.817+0530] {logging_mixin.py:137} INFO - [2023-03-07T18:26:41.817+0530] {dagbag.py:538} INFO - Filling up the DagBag from /home/ris/PycharmProjects/pythonProject/USA-housing/venv/lib/python3.10/site-packages/airflow/example_dags/example_bash_operator.py
[2023-03-07T18:26:41.833+0530] {processor.py:753} INFO - DAG(s) dict_keys(['example_bash_operator']) retrieved from /home/ris/PycharmProjects/pythonProject/USA-housing/venv/lib/python3.10/site-packages/airflow/example_dags/example_bash_operator.py
[2023-03-07T18:26:41.869+0530] {logging_mixin.py:137} INFO - [2023-03-07T18:26:41.869+0530] {dag.py:2690} INFO - Sync 1 DAGs
[2023-03-07T18:26:41.892+0530] {logging_mixin.py:137} INFO - [2023-03-07T18:26:41.892+0530] {dag.py:3437} INFO - Setting next_dagrun for example_bash_operator to 2023-03-06T00:00:00+00:00, run_after=2023-03-07T00:00:00+00:00
[2023-03-07T18:26:41.921+0530] {processor.py:175} INFO - Processing /home/ris/PycharmProjects/pythonProject/USA-housing/venv/lib/python3.10/site-packages/airflow/example_dags/example_bash_operator.py took 0.111 seconds
[2023-03-07T18:27:37.288+0530] {processor.py:153} INFO - Started process (PID=8704) to work on /home/ris/PycharmProjects/pythonProject/USA-housing/venv/lib/python3.10/site-packages/airflow/example_dags/example_bash_operator.py
[2023-03-07T18:27:37.289+0530] {processor.py:743} INFO - Processing file /home/ris/PycharmProjects/pythonProject/USA-housing/venv/lib/python3.10/site-packages/airflow/example_dags/example_bash_operator.py for tasks to queue
[2023-03-07T18:27:37.290+0530] {logging_mixin.py:137} INFO - [2023-03-07T18:27:37.290+0530] {dagbag.py:538} INFO - Filling up the DagBag from /home/ris/PycharmProjects/pythonProject/USA-housing/venv/lib/python3.10/site-packages/airflow/example_dags/example_bash_operator.py
[2023-03-07T18:27:37.308+0530] {processor.py:753} INFO - DAG(s) dict_keys(['example_bash_operator']) retrieved from /home/ris/PycharmProjects/pythonProject/USA-housing/venv/lib/python3.10/site-packages/airflow/example_dags/example_bash_operator.py
[2023-03-07T18:27:37.353+0530] {logging_mixin.py:137} INFO - [2023-03-07T18:27:37.353+0530] {dag.py:2690} INFO - Sync 1 DAGs
[2023-03-07T18:27:37.374+0530] {logging_mixin.py:137} INFO - [2023-03-07T18:27:37.374+0530] {dag.py:3437} INFO - Setting next_dagrun for example_bash_operator to 2023-03-06T00:00:00+00:00, run_after=2023-03-07T00:00:00+00:00
[2023-03-07T18:27:37.398+0530] {processor.py:175} INFO - Processing /home/ris/PycharmProjects/pythonProject/USA-housing/venv/lib/python3.10/site-packages/airflow/example_dags/example_bash_operator.py took 0.114 seconds
[2023-03-07T18:28:22.602+0530] {processor.py:153} INFO - Started process (PID=8756) to work on /home/ris/PycharmProjects/pythonProject/USA-housing/venv/lib/python3.10/site-packages/airflow/example_dags/example_bash_operator.py
[2023-03-07T18:28:22.604+0530] {processor.py:743} INFO - Processing file /home/ris/PycharmProjects/pythonProject/USA-housing/venv/lib/python3.10/site-packages/airflow/example_dags/example_bash_operator.py for tasks to queue
[2023-03-07T18:28:22.606+0530] {logging_mixin.py:137} INFO - [2023-03-07T18:28:22.606+0530] {dagbag.py:538} INFO - Filling up the DagBag from /home/ris/PycharmProjects/pythonProject/USA-housing/venv/lib/python3.10/site-packages/airflow/example_dags/example_bash_operator.py
[2023-03-07T18:28:22.624+0530] {processor.py:753} INFO - DAG(s) dict_keys(['example_bash_operator']) retrieved from /home/ris/PycharmProjects/pythonProject/USA-housing/venv/lib/python3.10/site-packages/airflow/example_dags/example_bash_operator.py
[2023-03-07T18:28:22.666+0530] {logging_mixin.py:137} INFO - [2023-03-07T18:28:22.666+0530] {dag.py:2690} INFO - Sync 1 DAGs
[2023-03-07T18:28:22.688+0530] {logging_mixin.py:137} INFO - [2023-03-07T18:28:22.687+0530] {dag.py:3437} INFO - Setting next_dagrun for example_bash_operator to 2023-03-06T00:00:00+00:00, run_after=2023-03-07T00:00:00+00:00
[2023-03-07T18:28:22.716+0530] {processor.py:175} INFO - Processing /home/ris/PycharmProjects/pythonProject/USA-housing/venv/lib/python3.10/site-packages/airflow/example_dags/example_bash_operator.py took 0.119 seconds
[2023-03-07T18:29:05.176+0530] {processor.py:153} INFO - Started process (PID=8817) to work on /home/ris/PycharmProjects/pythonProject/USA-housing/venv/lib/python3.10/site-packages/airflow/example_dags/example_bash_operator.py
[2023-03-07T18:29:05.177+0530] {processor.py:743} INFO - Processing file /home/ris/PycharmProjects/pythonProject/USA-housing/venv/lib/python3.10/site-packages/airflow/example_dags/example_bash_operator.py for tasks to queue
[2023-03-07T18:29:05.178+0530] {logging_mixin.py:137} INFO - [2023-03-07T18:29:05.178+0530] {dagbag.py:538} INFO - Filling up the DagBag from /home/ris/PycharmProjects/pythonProject/USA-housing/venv/lib/python3.10/site-packages/airflow/example_dags/example_bash_operator.py
[2023-03-07T18:29:05.191+0530] {processor.py:753} INFO - DAG(s) dict_keys(['example_bash_operator']) retrieved from /home/ris/PycharmProjects/pythonProject/USA-housing/venv/lib/python3.10/site-packages/airflow/example_dags/example_bash_operator.py
[2023-03-07T18:29:05.225+0530] {logging_mixin.py:137} INFO - [2023-03-07T18:29:05.225+0530] {dag.py:2690} INFO - Sync 1 DAGs
[2023-03-07T18:29:05.243+0530] {logging_mixin.py:137} INFO - [2023-03-07T18:29:05.243+0530] {dag.py:3437} INFO - Setting next_dagrun for example_bash_operator to 2023-03-06T00:00:00+00:00, run_after=2023-03-07T00:00:00+00:00
[2023-03-07T18:29:05.263+0530] {processor.py:175} INFO - Processing /home/ris/PycharmProjects/pythonProject/USA-housing/venv/lib/python3.10/site-packages/airflow/example_dags/example_bash_operator.py took 0.090 seconds
[2023-03-07T18:29:51.147+0530] {processor.py:153} INFO - Started process (PID=8870) to work on /home/ris/PycharmProjects/pythonProject/USA-housing/venv/lib/python3.10/site-packages/airflow/example_dags/example_bash_operator.py
[2023-03-07T18:29:51.149+0530] {processor.py:743} INFO - Processing file /home/ris/PycharmProjects/pythonProject/USA-housing/venv/lib/python3.10/site-packages/airflow/example_dags/example_bash_operator.py for tasks to queue
[2023-03-07T18:29:51.149+0530] {logging_mixin.py:137} INFO - [2023-03-07T18:29:51.149+0530] {dagbag.py:538} INFO - Filling up the DagBag from /home/ris/PycharmProjects/pythonProject/USA-housing/venv/lib/python3.10/site-packages/airflow/example_dags/example_bash_operator.py
[2023-03-07T18:29:51.162+0530] {processor.py:753} INFO - DAG(s) dict_keys(['example_bash_operator']) retrieved from /home/ris/PycharmProjects/pythonProject/USA-housing/venv/lib/python3.10/site-packages/airflow/example_dags/example_bash_operator.py
[2023-03-07T18:29:51.189+0530] {logging_mixin.py:137} INFO - [2023-03-07T18:29:51.188+0530] {dag.py:2690} INFO - Sync 1 DAGs
[2023-03-07T18:29:51.205+0530] {logging_mixin.py:137} INFO - [2023-03-07T18:29:51.205+0530] {dag.py:3437} INFO - Setting next_dagrun for example_bash_operator to 2023-03-06T00:00:00+00:00, run_after=2023-03-07T00:00:00+00:00
[2023-03-07T18:29:51.226+0530] {processor.py:175} INFO - Processing /home/ris/PycharmProjects/pythonProject/USA-housing/venv/lib/python3.10/site-packages/airflow/example_dags/example_bash_operator.py took 0.082 seconds
[2023-03-07T18:30:40.807+0530] {processor.py:153} INFO - Started process (PID=8970) to work on /home/ris/PycharmProjects/pythonProject/USA-housing/venv/lib/python3.10/site-packages/airflow/example_dags/example_bash_operator.py
[2023-03-07T18:30:40.809+0530] {processor.py:743} INFO - Processing file /home/ris/PycharmProjects/pythonProject/USA-housing/venv/lib/python3.10/site-packages/airflow/example_dags/example_bash_operator.py for tasks to queue
[2023-03-07T18:30:40.809+0530] {logging_mixin.py:137} INFO - [2023-03-07T18:30:40.809+0530] {dagbag.py:538} INFO - Filling up the DagBag from /home/ris/PycharmProjects/pythonProject/USA-housing/venv/lib/python3.10/site-packages/airflow/example_dags/example_bash_operator.py
[2023-03-07T18:30:40.823+0530] {processor.py:753} INFO - DAG(s) dict_keys(['example_bash_operator']) retrieved from /home/ris/PycharmProjects/pythonProject/USA-housing/venv/lib/python3.10/site-packages/airflow/example_dags/example_bash_operator.py
[2023-03-07T18:30:40.854+0530] {logging_mixin.py:137} INFO - [2023-03-07T18:30:40.854+0530] {dag.py:2690} INFO - Sync 1 DAGs
[2023-03-07T18:30:40.873+0530] {logging_mixin.py:137} INFO - [2023-03-07T18:30:40.873+0530] {dag.py:3437} INFO - Setting next_dagrun for example_bash_operator to 2023-03-06T00:00:00+00:00, run_after=2023-03-07T00:00:00+00:00
[2023-03-07T18:30:40.901+0530] {processor.py:175} INFO - Processing /home/ris/PycharmProjects/pythonProject/USA-housing/venv/lib/python3.10/site-packages/airflow/example_dags/example_bash_operator.py took 0.097 seconds
[2023-03-07T18:31:34.764+0530] {processor.py:153} INFO - Started process (PID=9057) to work on /home/ris/PycharmProjects/pythonProject/USA-housing/venv/lib/python3.10/site-packages/airflow/example_dags/example_bash_operator.py
[2023-03-07T18:31:34.765+0530] {processor.py:743} INFO - Processing file /home/ris/PycharmProjects/pythonProject/USA-housing/venv/lib/python3.10/site-packages/airflow/example_dags/example_bash_operator.py for tasks to queue
[2023-03-07T18:31:34.766+0530] {logging_mixin.py:137} INFO - [2023-03-07T18:31:34.766+0530] {dagbag.py:538} INFO - Filling up the DagBag from /home/ris/PycharmProjects/pythonProject/USA-housing/venv/lib/python3.10/site-packages/airflow/example_dags/example_bash_operator.py
[2023-03-07T18:31:34.778+0530] {processor.py:753} INFO - DAG(s) dict_keys(['example_bash_operator']) retrieved from /home/ris/PycharmProjects/pythonProject/USA-housing/venv/lib/python3.10/site-packages/airflow/example_dags/example_bash_operator.py
[2023-03-07T18:31:34.810+0530] {logging_mixin.py:137} INFO - [2023-03-07T18:31:34.810+0530] {dag.py:2690} INFO - Sync 1 DAGs
[2023-03-07T18:31:34.828+0530] {logging_mixin.py:137} INFO - [2023-03-07T18:31:34.828+0530] {dag.py:3437} INFO - Setting next_dagrun for example_bash_operator to 2023-03-06T00:00:00+00:00, run_after=2023-03-07T00:00:00+00:00
[2023-03-07T18:31:34.849+0530] {processor.py:175} INFO - Processing /home/ris/PycharmProjects/pythonProject/USA-housing/venv/lib/python3.10/site-packages/airflow/example_dags/example_bash_operator.py took 0.087 seconds
[2023-03-07T18:32:22.881+0530] {processor.py:153} INFO - Started process (PID=9113) to work on /home/ris/PycharmProjects/pythonProject/USA-housing/venv/lib/python3.10/site-packages/airflow/example_dags/example_bash_operator.py
[2023-03-07T18:32:22.883+0530] {processor.py:743} INFO - Processing file /home/ris/PycharmProjects/pythonProject/USA-housing/venv/lib/python3.10/site-packages/airflow/example_dags/example_bash_operator.py for tasks to queue
[2023-03-07T18:32:22.883+0530] {logging_mixin.py:137} INFO - [2023-03-07T18:32:22.883+0530] {dagbag.py:538} INFO - Filling up the DagBag from /home/ris/PycharmProjects/pythonProject/USA-housing/venv/lib/python3.10/site-packages/airflow/example_dags/example_bash_operator.py
[2023-03-07T18:32:22.897+0530] {processor.py:753} INFO - DAG(s) dict_keys(['example_bash_operator']) retrieved from /home/ris/PycharmProjects/pythonProject/USA-housing/venv/lib/python3.10/site-packages/airflow/example_dags/example_bash_operator.py
[2023-03-07T18:32:22.927+0530] {logging_mixin.py:137} INFO - [2023-03-07T18:32:22.927+0530] {dag.py:2690} INFO - Sync 1 DAGs
[2023-03-07T18:32:22.945+0530] {logging_mixin.py:137} INFO - [2023-03-07T18:32:22.945+0530] {dag.py:3437} INFO - Setting next_dagrun for example_bash_operator to 2023-03-06T00:00:00+00:00, run_after=2023-03-07T00:00:00+00:00
[2023-03-07T18:32:22.965+0530] {processor.py:175} INFO - Processing /home/ris/PycharmProjects/pythonProject/USA-housing/venv/lib/python3.10/site-packages/airflow/example_dags/example_bash_operator.py took 0.087 seconds
[2023-03-07T18:33:09.593+0530] {processor.py:153} INFO - Started process (PID=9168) to work on /home/ris/PycharmProjects/pythonProject/USA-housing/venv/lib/python3.10/site-packages/airflow/example_dags/example_bash_operator.py
[2023-03-07T18:33:09.594+0530] {processor.py:743} INFO - Processing file /home/ris/PycharmProjects/pythonProject/USA-housing/venv/lib/python3.10/site-packages/airflow/example_dags/example_bash_operator.py for tasks to queue
[2023-03-07T18:33:09.595+0530] {logging_mixin.py:137} INFO - [2023-03-07T18:33:09.595+0530] {dagbag.py:538} INFO - Filling up the DagBag from /home/ris/PycharmProjects/pythonProject/USA-housing/venv/lib/python3.10/site-packages/airflow/example_dags/example_bash_operator.py
[2023-03-07T18:33:09.613+0530] {processor.py:753} INFO - DAG(s) dict_keys(['example_bash_operator']) retrieved from /home/ris/PycharmProjects/pythonProject/USA-housing/venv/lib/python3.10/site-packages/airflow/example_dags/example_bash_operator.py
[2023-03-07T18:33:09.646+0530] {logging_mixin.py:137} INFO - [2023-03-07T18:33:09.646+0530] {dag.py:2690} INFO - Sync 1 DAGs
[2023-03-07T18:33:09.663+0530] {logging_mixin.py:137} INFO - [2023-03-07T18:33:09.662+0530] {dag.py:3437} INFO - Setting next_dagrun for example_bash_operator to 2023-03-06T00:00:00+00:00, run_after=2023-03-07T00:00:00+00:00
[2023-03-07T18:33:09.681+0530] {processor.py:175} INFO - Processing /home/ris/PycharmProjects/pythonProject/USA-housing/venv/lib/python3.10/site-packages/airflow/example_dags/example_bash_operator.py took 0.093 seconds
[2023-03-07T18:33:59.729+0530] {processor.py:153} INFO - Started process (PID=9222) to work on /home/ris/PycharmProjects/pythonProject/USA-housing/venv/lib/python3.10/site-packages/airflow/example_dags/example_bash_operator.py
[2023-03-07T18:33:59.731+0530] {processor.py:743} INFO - Processing file /home/ris/PycharmProjects/pythonProject/USA-housing/venv/lib/python3.10/site-packages/airflow/example_dags/example_bash_operator.py for tasks to queue
[2023-03-07T18:33:59.732+0530] {logging_mixin.py:137} INFO - [2023-03-07T18:33:59.732+0530] {dagbag.py:538} INFO - Filling up the DagBag from /home/ris/PycharmProjects/pythonProject/USA-housing/venv/lib/python3.10/site-packages/airflow/example_dags/example_bash_operator.py
[2023-03-07T18:33:59.744+0530] {processor.py:753} INFO - DAG(s) dict_keys(['example_bash_operator']) retrieved from /home/ris/PycharmProjects/pythonProject/USA-housing/venv/lib/python3.10/site-packages/airflow/example_dags/example_bash_operator.py
[2023-03-07T18:33:59.773+0530] {logging_mixin.py:137} INFO - [2023-03-07T18:33:59.773+0530] {dag.py:2690} INFO - Sync 1 DAGs
[2023-03-07T18:33:59.790+0530] {logging_mixin.py:137} INFO - [2023-03-07T18:33:59.790+0530] {dag.py:3437} INFO - Setting next_dagrun for example_bash_operator to 2023-03-06T00:00:00+00:00, run_after=2023-03-07T00:00:00+00:00
[2023-03-07T18:33:59.811+0530] {processor.py:175} INFO - Processing /home/ris/PycharmProjects/pythonProject/USA-housing/venv/lib/python3.10/site-packages/airflow/example_dags/example_bash_operator.py took 0.084 seconds
[2023-03-07T18:34:45.662+0530] {processor.py:153} INFO - Started process (PID=9275) to work on /home/ris/PycharmProjects/pythonProject/USA-housing/venv/lib/python3.10/site-packages/airflow/example_dags/example_bash_operator.py
[2023-03-07T18:34:45.663+0530] {processor.py:743} INFO - Processing file /home/ris/PycharmProjects/pythonProject/USA-housing/venv/lib/python3.10/site-packages/airflow/example_dags/example_bash_operator.py for tasks to queue
[2023-03-07T18:34:45.664+0530] {logging_mixin.py:137} INFO - [2023-03-07T18:34:45.664+0530] {dagbag.py:538} INFO - Filling up the DagBag from /home/ris/PycharmProjects/pythonProject/USA-housing/venv/lib/python3.10/site-packages/airflow/example_dags/example_bash_operator.py
[2023-03-07T18:34:45.677+0530] {processor.py:753} INFO - DAG(s) dict_keys(['example_bash_operator']) retrieved from /home/ris/PycharmProjects/pythonProject/USA-housing/venv/lib/python3.10/site-packages/airflow/example_dags/example_bash_operator.py
[2023-03-07T18:34:45.706+0530] {logging_mixin.py:137} INFO - [2023-03-07T18:34:45.706+0530] {dag.py:2690} INFO - Sync 1 DAGs
[2023-03-07T18:34:45.727+0530] {logging_mixin.py:137} INFO - [2023-03-07T18:34:45.727+0530] {dag.py:3437} INFO - Setting next_dagrun for example_bash_operator to 2023-03-06T00:00:00+00:00, run_after=2023-03-07T00:00:00+00:00
[2023-03-07T18:34:45.750+0530] {processor.py:175} INFO - Processing /home/ris/PycharmProjects/pythonProject/USA-housing/venv/lib/python3.10/site-packages/airflow/example_dags/example_bash_operator.py took 0.093 seconds
[2023-03-07T18:35:33.306+0530] {processor.py:153} INFO - Started process (PID=9351) to work on /home/ris/PycharmProjects/pythonProject/USA-housing/venv/lib/python3.10/site-packages/airflow/example_dags/example_bash_operator.py
[2023-03-07T18:35:33.308+0530] {processor.py:743} INFO - Processing file /home/ris/PycharmProjects/pythonProject/USA-housing/venv/lib/python3.10/site-packages/airflow/example_dags/example_bash_operator.py for tasks to queue
[2023-03-07T18:35:33.308+0530] {logging_mixin.py:137} INFO - [2023-03-07T18:35:33.308+0530] {dagbag.py:538} INFO - Filling up the DagBag from /home/ris/PycharmProjects/pythonProject/USA-housing/venv/lib/python3.10/site-packages/airflow/example_dags/example_bash_operator.py
[2023-03-07T18:35:33.320+0530] {processor.py:753} INFO - DAG(s) dict_keys(['example_bash_operator']) retrieved from /home/ris/PycharmProjects/pythonProject/USA-housing/venv/lib/python3.10/site-packages/airflow/example_dags/example_bash_operator.py
[2023-03-07T18:35:33.348+0530] {logging_mixin.py:137} INFO - [2023-03-07T18:35:33.347+0530] {dag.py:2690} INFO - Sync 1 DAGs
[2023-03-07T18:35:33.364+0530] {logging_mixin.py:137} INFO - [2023-03-07T18:35:33.364+0530] {dag.py:3437} INFO - Setting next_dagrun for example_bash_operator to 2023-03-06T00:00:00+00:00, run_after=2023-03-07T00:00:00+00:00
[2023-03-07T18:35:33.384+0530] {processor.py:175} INFO - Processing /home/ris/PycharmProjects/pythonProject/USA-housing/venv/lib/python3.10/site-packages/airflow/example_dags/example_bash_operator.py took 0.082 seconds
[2023-03-07T18:36:24.610+0530] {processor.py:153} INFO - Started process (PID=9407) to work on /home/ris/PycharmProjects/pythonProject/USA-housing/venv/lib/python3.10/site-packages/airflow/example_dags/example_bash_operator.py
[2023-03-07T18:36:24.612+0530] {processor.py:743} INFO - Processing file /home/ris/PycharmProjects/pythonProject/USA-housing/venv/lib/python3.10/site-packages/airflow/example_dags/example_bash_operator.py for tasks to queue
[2023-03-07T18:36:24.612+0530] {logging_mixin.py:137} INFO - [2023-03-07T18:36:24.612+0530] {dagbag.py:538} INFO - Filling up the DagBag from /home/ris/PycharmProjects/pythonProject/USA-housing/venv/lib/python3.10/site-packages/airflow/example_dags/example_bash_operator.py
[2023-03-07T18:36:24.623+0530] {processor.py:753} INFO - DAG(s) dict_keys(['example_bash_operator']) retrieved from /home/ris/PycharmProjects/pythonProject/USA-housing/venv/lib/python3.10/site-packages/airflow/example_dags/example_bash_operator.py
[2023-03-07T18:36:24.650+0530] {logging_mixin.py:137} INFO - [2023-03-07T18:36:24.650+0530] {dag.py:2690} INFO - Sync 1 DAGs
[2023-03-07T18:36:24.665+0530] {logging_mixin.py:137} INFO - [2023-03-07T18:36:24.665+0530] {dag.py:3437} INFO - Setting next_dagrun for example_bash_operator to 2023-03-06T00:00:00+00:00, run_after=2023-03-07T00:00:00+00:00
[2023-03-07T18:36:24.683+0530] {processor.py:175} INFO - Processing /home/ris/PycharmProjects/pythonProject/USA-housing/venv/lib/python3.10/site-packages/airflow/example_dags/example_bash_operator.py took 0.075 seconds
[2023-03-07T18:37:14.203+0530] {processor.py:153} INFO - Started process (PID=9502) to work on /home/ris/PycharmProjects/pythonProject/USA-housing/venv/lib/python3.10/site-packages/airflow/example_dags/example_bash_operator.py
[2023-03-07T18:37:14.205+0530] {processor.py:743} INFO - Processing file /home/ris/PycharmProjects/pythonProject/USA-housing/venv/lib/python3.10/site-packages/airflow/example_dags/example_bash_operator.py for tasks to queue
[2023-03-07T18:37:14.205+0530] {logging_mixin.py:137} INFO - [2023-03-07T18:37:14.205+0530] {dagbag.py:538} INFO - Filling up the DagBag from /home/ris/PycharmProjects/pythonProject/USA-housing/venv/lib/python3.10/site-packages/airflow/example_dags/example_bash_operator.py
[2023-03-07T18:37:14.216+0530] {processor.py:753} INFO - DAG(s) dict_keys(['example_bash_operator']) retrieved from /home/ris/PycharmProjects/pythonProject/USA-housing/venv/lib/python3.10/site-packages/airflow/example_dags/example_bash_operator.py
[2023-03-07T18:37:14.244+0530] {logging_mixin.py:137} INFO - [2023-03-07T18:37:14.244+0530] {dag.py:2690} INFO - Sync 1 DAGs
[2023-03-07T18:37:14.260+0530] {logging_mixin.py:137} INFO - [2023-03-07T18:37:14.260+0530] {dag.py:3437} INFO - Setting next_dagrun for example_bash_operator to 2023-03-06T00:00:00+00:00, run_after=2023-03-07T00:00:00+00:00
[2023-03-07T18:37:14.277+0530] {processor.py:175} INFO - Processing /home/ris/PycharmProjects/pythonProject/USA-housing/venv/lib/python3.10/site-packages/airflow/example_dags/example_bash_operator.py took 0.077 seconds
[2023-03-07T18:38:04.768+0530] {processor.py:153} INFO - Started process (PID=9562) to work on /home/ris/PycharmProjects/pythonProject/USA-housing/venv/lib/python3.10/site-packages/airflow/example_dags/example_bash_operator.py
[2023-03-07T18:38:04.770+0530] {processor.py:743} INFO - Processing file /home/ris/PycharmProjects/pythonProject/USA-housing/venv/lib/python3.10/site-packages/airflow/example_dags/example_bash_operator.py for tasks to queue
[2023-03-07T18:38:04.771+0530] {logging_mixin.py:137} INFO - [2023-03-07T18:38:04.771+0530] {dagbag.py:538} INFO - Filling up the DagBag from /home/ris/PycharmProjects/pythonProject/USA-housing/venv/lib/python3.10/site-packages/airflow/example_dags/example_bash_operator.py
[2023-03-07T18:38:04.783+0530] {processor.py:753} INFO - DAG(s) dict_keys(['example_bash_operator']) retrieved from /home/ris/PycharmProjects/pythonProject/USA-housing/venv/lib/python3.10/site-packages/airflow/example_dags/example_bash_operator.py
[2023-03-07T18:38:04.814+0530] {logging_mixin.py:137} INFO - [2023-03-07T18:38:04.813+0530] {dag.py:2690} INFO - Sync 1 DAGs
[2023-03-07T18:38:04.830+0530] {logging_mixin.py:137} INFO - [2023-03-07T18:38:04.830+0530] {dag.py:3437} INFO - Setting next_dagrun for example_bash_operator to 2023-03-06T00:00:00+00:00, run_after=2023-03-07T00:00:00+00:00
[2023-03-07T18:38:04.850+0530] {processor.py:175} INFO - Processing /home/ris/PycharmProjects/pythonProject/USA-housing/venv/lib/python3.10/site-packages/airflow/example_dags/example_bash_operator.py took 0.084 seconds
[2023-03-07T18:38:55.974+0530] {processor.py:153} INFO - Started process (PID=9643) to work on /home/ris/PycharmProjects/pythonProject/USA-housing/venv/lib/python3.10/site-packages/airflow/example_dags/example_bash_operator.py
[2023-03-07T18:38:55.975+0530] {processor.py:743} INFO - Processing file /home/ris/PycharmProjects/pythonProject/USA-housing/venv/lib/python3.10/site-packages/airflow/example_dags/example_bash_operator.py for tasks to queue
[2023-03-07T18:38:55.976+0530] {logging_mixin.py:137} INFO - [2023-03-07T18:38:55.976+0530] {dagbag.py:538} INFO - Filling up the DagBag from /home/ris/PycharmProjects/pythonProject/USA-housing/venv/lib/python3.10/site-packages/airflow/example_dags/example_bash_operator.py
[2023-03-07T18:38:56.001+0530] {processor.py:753} INFO - DAG(s) dict_keys(['example_bash_operator']) retrieved from /home/ris/PycharmProjects/pythonProject/USA-housing/venv/lib/python3.10/site-packages/airflow/example_dags/example_bash_operator.py
[2023-03-07T18:38:56.031+0530] {logging_mixin.py:137} INFO - [2023-03-07T18:38:56.031+0530] {dag.py:2690} INFO - Sync 1 DAGs
[2023-03-07T18:38:56.046+0530] {logging_mixin.py:137} INFO - [2023-03-07T18:38:56.046+0530] {dag.py:3437} INFO - Setting next_dagrun for example_bash_operator to 2023-03-06T00:00:00+00:00, run_after=2023-03-07T00:00:00+00:00
[2023-03-07T18:38:56.063+0530] {processor.py:175} INFO - Processing /home/ris/PycharmProjects/pythonProject/USA-housing/venv/lib/python3.10/site-packages/airflow/example_dags/example_bash_operator.py took 0.094 seconds
[2023-03-07T18:39:53.004+0530] {processor.py:153} INFO - Started process (PID=9708) to work on /home/ris/PycharmProjects/pythonProject/USA-housing/venv/lib/python3.10/site-packages/airflow/example_dags/example_bash_operator.py
[2023-03-07T18:39:53.007+0530] {processor.py:743} INFO - Processing file /home/ris/PycharmProjects/pythonProject/USA-housing/venv/lib/python3.10/site-packages/airflow/example_dags/example_bash_operator.py for tasks to queue
[2023-03-07T18:39:53.008+0530] {logging_mixin.py:137} INFO - [2023-03-07T18:39:53.008+0530] {dagbag.py:538} INFO - Filling up the DagBag from /home/ris/PycharmProjects/pythonProject/USA-housing/venv/lib/python3.10/site-packages/airflow/example_dags/example_bash_operator.py
[2023-03-07T18:39:53.021+0530] {processor.py:753} INFO - DAG(s) dict_keys(['example_bash_operator']) retrieved from /home/ris/PycharmProjects/pythonProject/USA-housing/venv/lib/python3.10/site-packages/airflow/example_dags/example_bash_operator.py
[2023-03-07T18:39:53.046+0530] {logging_mixin.py:137} INFO - [2023-03-07T18:39:53.046+0530] {dag.py:2690} INFO - Sync 1 DAGs
[2023-03-07T18:39:53.061+0530] {logging_mixin.py:137} INFO - [2023-03-07T18:39:53.061+0530] {dag.py:3437} INFO - Setting next_dagrun for example_bash_operator to 2023-03-06T00:00:00+00:00, run_after=2023-03-07T00:00:00+00:00
[2023-03-07T18:39:53.078+0530] {processor.py:175} INFO - Processing /home/ris/PycharmProjects/pythonProject/USA-housing/venv/lib/python3.10/site-packages/airflow/example_dags/example_bash_operator.py took 0.078 seconds
[2023-03-07T18:40:47.344+0530] {processor.py:153} INFO - Started process (PID=9766) to work on /home/ris/PycharmProjects/pythonProject/USA-housing/venv/lib/python3.10/site-packages/airflow/example_dags/example_bash_operator.py
[2023-03-07T18:40:47.347+0530] {processor.py:743} INFO - Processing file /home/ris/PycharmProjects/pythonProject/USA-housing/venv/lib/python3.10/site-packages/airflow/example_dags/example_bash_operator.py for tasks to queue
[2023-03-07T18:40:47.348+0530] {logging_mixin.py:137} INFO - [2023-03-07T18:40:47.347+0530] {dagbag.py:538} INFO - Filling up the DagBag from /home/ris/PycharmProjects/pythonProject/USA-housing/venv/lib/python3.10/site-packages/airflow/example_dags/example_bash_operator.py
[2023-03-07T18:40:47.373+0530] {processor.py:753} INFO - DAG(s) dict_keys(['example_bash_operator']) retrieved from /home/ris/PycharmProjects/pythonProject/USA-housing/venv/lib/python3.10/site-packages/airflow/example_dags/example_bash_operator.py
[2023-03-07T18:40:47.405+0530] {logging_mixin.py:137} INFO - [2023-03-07T18:40:47.405+0530] {dag.py:2690} INFO - Sync 1 DAGs
[2023-03-07T18:40:47.420+0530] {logging_mixin.py:137} INFO - [2023-03-07T18:40:47.420+0530] {dag.py:3437} INFO - Setting next_dagrun for example_bash_operator to 2023-03-06T00:00:00+00:00, run_after=2023-03-07T00:00:00+00:00
[2023-03-07T18:40:47.437+0530] {processor.py:175} INFO - Processing /home/ris/PycharmProjects/pythonProject/USA-housing/venv/lib/python3.10/site-packages/airflow/example_dags/example_bash_operator.py took 0.097 seconds
