[2023-03-07T16:11:11.366+0530] {processor.py:153} INFO - Started process (PID=14999) to work on /home/ris/PycharmProjects/pythonProject/USA-housing/venv/lib/python3.10/site-packages/airflow/example_dags/example_branch_labels.py
[2023-03-07T16:11:11.367+0530] {processor.py:743} INFO - Processing file /home/ris/PycharmProjects/pythonProject/USA-housing/venv/lib/python3.10/site-packages/airflow/example_dags/example_branch_labels.py for tasks to queue
[2023-03-07T16:11:11.368+0530] {logging_mixin.py:137} INFO - [2023-03-07T16:11:11.368+0530] {dagbag.py:538} INFO - Filling up the DagBag from /home/ris/PycharmProjects/pythonProject/USA-housing/venv/lib/python3.10/site-packages/airflow/example_dags/example_branch_labels.py
[2023-03-07T16:11:11.393+0530] {processor.py:753} INFO - DAG(s) dict_keys(['example_branch_labels']) retrieved from /home/ris/PycharmProjects/pythonProject/USA-housing/venv/lib/python3.10/site-packages/airflow/example_dags/example_branch_labels.py
[2023-03-07T16:11:11.423+0530] {logging_mixin.py:137} INFO - [2023-03-07T16:11:11.423+0530] {dag.py:2690} INFO - Sync 1 DAGs
[2023-03-07T16:11:11.457+0530] {logging_mixin.py:137} INFO - [2023-03-07T16:11:11.457+0530] {dag.py:3437} INFO - Setting next_dagrun for example_branch_labels to 2023-03-06T00:00:00+00:00, run_after=2023-03-07T00:00:00+00:00
[2023-03-07T16:11:11.490+0530] {processor.py:175} INFO - Processing /home/ris/PycharmProjects/pythonProject/USA-housing/venv/lib/python3.10/site-packages/airflow/example_dags/example_branch_labels.py took 0.128 seconds
[2023-03-07T17:38:24.156+0530] {processor.py:153} INFO - Started process (PID=5741) to work on /home/ris/PycharmProjects/pythonProject/USA-housing/venv/lib/python3.10/site-packages/airflow/example_dags/example_branch_labels.py
[2023-03-07T17:38:24.159+0530] {processor.py:743} INFO - Processing file /home/ris/PycharmProjects/pythonProject/USA-housing/venv/lib/python3.10/site-packages/airflow/example_dags/example_branch_labels.py for tasks to queue
[2023-03-07T17:38:24.160+0530] {logging_mixin.py:137} INFO - [2023-03-07T17:38:24.160+0530] {dagbag.py:538} INFO - Filling up the DagBag from /home/ris/PycharmProjects/pythonProject/USA-housing/venv/lib/python3.10/site-packages/airflow/example_dags/example_branch_labels.py
[2023-03-07T17:38:24.183+0530] {processor.py:753} INFO - DAG(s) dict_keys(['example_branch_labels']) retrieved from /home/ris/PycharmProjects/pythonProject/USA-housing/venv/lib/python3.10/site-packages/airflow/example_dags/example_branch_labels.py
[2023-03-07T17:38:24.199+0530] {logging_mixin.py:137} INFO - [2023-03-07T17:38:24.199+0530] {dag.py:2690} INFO - Sync 1 DAGs
[2023-03-07T17:38:24.220+0530] {logging_mixin.py:137} INFO - [2023-03-07T17:38:24.220+0530] {dag.py:3437} INFO - Setting next_dagrun for example_branch_labels to 2023-03-06T00:00:00+00:00, run_after=2023-03-07T00:00:00+00:00
[2023-03-07T17:38:24.245+0530] {processor.py:175} INFO - Processing /home/ris/PycharmProjects/pythonProject/USA-housing/venv/lib/python3.10/site-packages/airflow/example_dags/example_branch_labels.py took 0.091 seconds
[2023-03-07T17:39:12.795+0530] {processor.py:153} INFO - Started process (PID=5788) to work on /home/ris/PycharmProjects/pythonProject/USA-housing/venv/lib/python3.10/site-packages/airflow/example_dags/example_branch_labels.py
[2023-03-07T17:39:12.796+0530] {processor.py:743} INFO - Processing file /home/ris/PycharmProjects/pythonProject/USA-housing/venv/lib/python3.10/site-packages/airflow/example_dags/example_branch_labels.py for tasks to queue
[2023-03-07T17:39:12.797+0530] {logging_mixin.py:137} INFO - [2023-03-07T17:39:12.797+0530] {dagbag.py:538} INFO - Filling up the DagBag from /home/ris/PycharmProjects/pythonProject/USA-housing/venv/lib/python3.10/site-packages/airflow/example_dags/example_branch_labels.py
[2023-03-07T17:39:12.809+0530] {processor.py:753} INFO - DAG(s) dict_keys(['example_branch_labels']) retrieved from /home/ris/PycharmProjects/pythonProject/USA-housing/venv/lib/python3.10/site-packages/airflow/example_dags/example_branch_labels.py
[2023-03-07T17:39:12.826+0530] {logging_mixin.py:137} INFO - [2023-03-07T17:39:12.826+0530] {dag.py:2690} INFO - Sync 1 DAGs
[2023-03-07T17:39:12.845+0530] {logging_mixin.py:137} INFO - [2023-03-07T17:39:12.845+0530] {dag.py:3437} INFO - Setting next_dagrun for example_branch_labels to 2023-03-06T00:00:00+00:00, run_after=2023-03-07T00:00:00+00:00
[2023-03-07T17:39:12.864+0530] {processor.py:175} INFO - Processing /home/ris/PycharmProjects/pythonProject/USA-housing/venv/lib/python3.10/site-packages/airflow/example_dags/example_branch_labels.py took 0.072 seconds
[2023-03-07T17:59:49.743+0530] {processor.py:153} INFO - Started process (PID=5949) to work on /home/ris/PycharmProjects/pythonProject/USA-housing/venv/lib/python3.10/site-packages/airflow/example_dags/example_branch_labels.py
[2023-03-07T17:59:49.745+0530] {processor.py:743} INFO - Processing file /home/ris/PycharmProjects/pythonProject/USA-housing/venv/lib/python3.10/site-packages/airflow/example_dags/example_branch_labels.py for tasks to queue
[2023-03-07T17:59:49.746+0530] {logging_mixin.py:137} INFO - [2023-03-07T17:59:49.745+0530] {dagbag.py:538} INFO - Filling up the DagBag from /home/ris/PycharmProjects/pythonProject/USA-housing/venv/lib/python3.10/site-packages/airflow/example_dags/example_branch_labels.py
[2023-03-07T17:59:49.751+0530] {processor.py:753} INFO - DAG(s) dict_keys(['example_branch_labels']) retrieved from /home/ris/PycharmProjects/pythonProject/USA-housing/venv/lib/python3.10/site-packages/airflow/example_dags/example_branch_labels.py
[2023-03-07T17:59:49.771+0530] {logging_mixin.py:137} INFO - [2023-03-07T17:59:49.771+0530] {dag.py:2690} INFO - Sync 1 DAGs
[2023-03-07T17:59:49.795+0530] {logging_mixin.py:137} INFO - [2023-03-07T17:59:49.794+0530] {dag.py:3437} INFO - Setting next_dagrun for example_branch_labels to 2023-03-06T00:00:00+00:00, run_after=2023-03-07T00:00:00+00:00
[2023-03-07T17:59:49.813+0530] {processor.py:175} INFO - Processing /home/ris/PycharmProjects/pythonProject/USA-housing/venv/lib/python3.10/site-packages/airflow/example_dags/example_branch_labels.py took 0.073 seconds
[2023-03-07T18:00:34.002+0530] {processor.py:153} INFO - Started process (PID=5995) to work on /home/ris/PycharmProjects/pythonProject/USA-housing/venv/lib/python3.10/site-packages/airflow/example_dags/example_branch_labels.py
[2023-03-07T18:00:34.005+0530] {processor.py:743} INFO - Processing file /home/ris/PycharmProjects/pythonProject/USA-housing/venv/lib/python3.10/site-packages/airflow/example_dags/example_branch_labels.py for tasks to queue
[2023-03-07T18:00:34.006+0530] {logging_mixin.py:137} INFO - [2023-03-07T18:00:34.005+0530] {dagbag.py:538} INFO - Filling up the DagBag from /home/ris/PycharmProjects/pythonProject/USA-housing/venv/lib/python3.10/site-packages/airflow/example_dags/example_branch_labels.py
[2023-03-07T18:00:34.013+0530] {processor.py:753} INFO - DAG(s) dict_keys(['example_branch_labels']) retrieved from /home/ris/PycharmProjects/pythonProject/USA-housing/venv/lib/python3.10/site-packages/airflow/example_dags/example_branch_labels.py
[2023-03-07T18:00:34.034+0530] {logging_mixin.py:137} INFO - [2023-03-07T18:00:34.034+0530] {dag.py:2690} INFO - Sync 1 DAGs
[2023-03-07T18:00:34.051+0530] {logging_mixin.py:137} INFO - [2023-03-07T18:00:34.051+0530] {dag.py:3437} INFO - Setting next_dagrun for example_branch_labels to 2023-03-06T00:00:00+00:00, run_after=2023-03-07T00:00:00+00:00
[2023-03-07T18:00:34.081+0530] {processor.py:175} INFO - Processing /home/ris/PycharmProjects/pythonProject/USA-housing/venv/lib/python3.10/site-packages/airflow/example_dags/example_branch_labels.py took 0.081 seconds
[2023-03-07T18:01:24.419+0530] {processor.py:153} INFO - Started process (PID=6051) to work on /home/ris/PycharmProjects/pythonProject/USA-housing/venv/lib/python3.10/site-packages/airflow/example_dags/example_branch_labels.py
[2023-03-07T18:01:24.421+0530] {processor.py:743} INFO - Processing file /home/ris/PycharmProjects/pythonProject/USA-housing/venv/lib/python3.10/site-packages/airflow/example_dags/example_branch_labels.py for tasks to queue
[2023-03-07T18:01:24.422+0530] {logging_mixin.py:137} INFO - [2023-03-07T18:01:24.421+0530] {dagbag.py:538} INFO - Filling up the DagBag from /home/ris/PycharmProjects/pythonProject/USA-housing/venv/lib/python3.10/site-packages/airflow/example_dags/example_branch_labels.py
[2023-03-07T18:01:24.428+0530] {processor.py:753} INFO - DAG(s) dict_keys(['example_branch_labels']) retrieved from /home/ris/PycharmProjects/pythonProject/USA-housing/venv/lib/python3.10/site-packages/airflow/example_dags/example_branch_labels.py
[2023-03-07T18:01:24.445+0530] {logging_mixin.py:137} INFO - [2023-03-07T18:01:24.445+0530] {dag.py:2690} INFO - Sync 1 DAGs
[2023-03-07T18:01:24.463+0530] {logging_mixin.py:137} INFO - [2023-03-07T18:01:24.462+0530] {dag.py:3437} INFO - Setting next_dagrun for example_branch_labels to 2023-03-06T00:00:00+00:00, run_after=2023-03-07T00:00:00+00:00
[2023-03-07T18:01:24.481+0530] {processor.py:175} INFO - Processing /home/ris/PycharmProjects/pythonProject/USA-housing/venv/lib/python3.10/site-packages/airflow/example_dags/example_branch_labels.py took 0.065 seconds
[2023-03-07T18:02:17.224+0530] {processor.py:153} INFO - Started process (PID=6107) to work on /home/ris/PycharmProjects/pythonProject/USA-housing/venv/lib/python3.10/site-packages/airflow/example_dags/example_branch_labels.py
[2023-03-07T18:02:17.225+0530] {processor.py:743} INFO - Processing file /home/ris/PycharmProjects/pythonProject/USA-housing/venv/lib/python3.10/site-packages/airflow/example_dags/example_branch_labels.py for tasks to queue
[2023-03-07T18:02:17.226+0530] {logging_mixin.py:137} INFO - [2023-03-07T18:02:17.226+0530] {dagbag.py:538} INFO - Filling up the DagBag from /home/ris/PycharmProjects/pythonProject/USA-housing/venv/lib/python3.10/site-packages/airflow/example_dags/example_branch_labels.py
[2023-03-07T18:02:17.232+0530] {processor.py:753} INFO - DAG(s) dict_keys(['example_branch_labels']) retrieved from /home/ris/PycharmProjects/pythonProject/USA-housing/venv/lib/python3.10/site-packages/airflow/example_dags/example_branch_labels.py
[2023-03-07T18:02:17.250+0530] {logging_mixin.py:137} INFO - [2023-03-07T18:02:17.250+0530] {dag.py:2690} INFO - Sync 1 DAGs
[2023-03-07T18:02:17.271+0530] {logging_mixin.py:137} INFO - [2023-03-07T18:02:17.271+0530] {dag.py:3437} INFO - Setting next_dagrun for example_branch_labels to 2023-03-06T00:00:00+00:00, run_after=2023-03-07T00:00:00+00:00
[2023-03-07T18:02:17.293+0530] {processor.py:175} INFO - Processing /home/ris/PycharmProjects/pythonProject/USA-housing/venv/lib/python3.10/site-packages/airflow/example_dags/example_branch_labels.py took 0.072 seconds
[2023-03-07T18:03:07.981+0530] {processor.py:153} INFO - Started process (PID=6164) to work on /home/ris/PycharmProjects/pythonProject/USA-housing/venv/lib/python3.10/site-packages/airflow/example_dags/example_branch_labels.py
[2023-03-07T18:03:07.983+0530] {processor.py:743} INFO - Processing file /home/ris/PycharmProjects/pythonProject/USA-housing/venv/lib/python3.10/site-packages/airflow/example_dags/example_branch_labels.py for tasks to queue
[2023-03-07T18:03:07.984+0530] {logging_mixin.py:137} INFO - [2023-03-07T18:03:07.984+0530] {dagbag.py:538} INFO - Filling up the DagBag from /home/ris/PycharmProjects/pythonProject/USA-housing/venv/lib/python3.10/site-packages/airflow/example_dags/example_branch_labels.py
[2023-03-07T18:03:07.992+0530] {processor.py:753} INFO - DAG(s) dict_keys(['example_branch_labels']) retrieved from /home/ris/PycharmProjects/pythonProject/USA-housing/venv/lib/python3.10/site-packages/airflow/example_dags/example_branch_labels.py
[2023-03-07T18:03:08.010+0530] {logging_mixin.py:137} INFO - [2023-03-07T18:03:08.010+0530] {dag.py:2690} INFO - Sync 1 DAGs
[2023-03-07T18:03:08.027+0530] {logging_mixin.py:137} INFO - [2023-03-07T18:03:08.027+0530] {dag.py:3437} INFO - Setting next_dagrun for example_branch_labels to 2023-03-06T00:00:00+00:00, run_after=2023-03-07T00:00:00+00:00
[2023-03-07T18:03:08.047+0530] {processor.py:175} INFO - Processing /home/ris/PycharmProjects/pythonProject/USA-housing/venv/lib/python3.10/site-packages/airflow/example_dags/example_branch_labels.py took 0.068 seconds
[2023-03-07T18:03:57.762+0530] {processor.py:153} INFO - Started process (PID=6221) to work on /home/ris/PycharmProjects/pythonProject/USA-housing/venv/lib/python3.10/site-packages/airflow/example_dags/example_branch_labels.py
[2023-03-07T18:03:57.764+0530] {processor.py:743} INFO - Processing file /home/ris/PycharmProjects/pythonProject/USA-housing/venv/lib/python3.10/site-packages/airflow/example_dags/example_branch_labels.py for tasks to queue
[2023-03-07T18:03:57.766+0530] {logging_mixin.py:137} INFO - [2023-03-07T18:03:57.765+0530] {dagbag.py:538} INFO - Filling up the DagBag from /home/ris/PycharmProjects/pythonProject/USA-housing/venv/lib/python3.10/site-packages/airflow/example_dags/example_branch_labels.py
[2023-03-07T18:03:57.778+0530] {processor.py:753} INFO - DAG(s) dict_keys(['example_branch_labels']) retrieved from /home/ris/PycharmProjects/pythonProject/USA-housing/venv/lib/python3.10/site-packages/airflow/example_dags/example_branch_labels.py
[2023-03-07T18:03:57.802+0530] {logging_mixin.py:137} INFO - [2023-03-07T18:03:57.802+0530] {dag.py:2690} INFO - Sync 1 DAGs
[2023-03-07T18:03:57.819+0530] {logging_mixin.py:137} INFO - [2023-03-07T18:03:57.818+0530] {dag.py:3437} INFO - Setting next_dagrun for example_branch_labels to 2023-03-06T00:00:00+00:00, run_after=2023-03-07T00:00:00+00:00
[2023-03-07T18:03:57.837+0530] {processor.py:175} INFO - Processing /home/ris/PycharmProjects/pythonProject/USA-housing/venv/lib/python3.10/site-packages/airflow/example_dags/example_branch_labels.py took 0.078 seconds
[2023-03-07T18:04:44.163+0530] {processor.py:153} INFO - Started process (PID=6279) to work on /home/ris/PycharmProjects/pythonProject/USA-housing/venv/lib/python3.10/site-packages/airflow/example_dags/example_branch_labels.py
[2023-03-07T18:04:44.164+0530] {processor.py:743} INFO - Processing file /home/ris/PycharmProjects/pythonProject/USA-housing/venv/lib/python3.10/site-packages/airflow/example_dags/example_branch_labels.py for tasks to queue
[2023-03-07T18:04:44.165+0530] {logging_mixin.py:137} INFO - [2023-03-07T18:04:44.165+0530] {dagbag.py:538} INFO - Filling up the DagBag from /home/ris/PycharmProjects/pythonProject/USA-housing/venv/lib/python3.10/site-packages/airflow/example_dags/example_branch_labels.py
[2023-03-07T18:04:44.171+0530] {processor.py:753} INFO - DAG(s) dict_keys(['example_branch_labels']) retrieved from /home/ris/PycharmProjects/pythonProject/USA-housing/venv/lib/python3.10/site-packages/airflow/example_dags/example_branch_labels.py
[2023-03-07T18:04:44.188+0530] {logging_mixin.py:137} INFO - [2023-03-07T18:04:44.187+0530] {dag.py:2690} INFO - Sync 1 DAGs
[2023-03-07T18:04:44.207+0530] {logging_mixin.py:137} INFO - [2023-03-07T18:04:44.206+0530] {dag.py:3437} INFO - Setting next_dagrun for example_branch_labels to 2023-03-06T00:00:00+00:00, run_after=2023-03-07T00:00:00+00:00
[2023-03-07T18:04:44.225+0530] {processor.py:175} INFO - Processing /home/ris/PycharmProjects/pythonProject/USA-housing/venv/lib/python3.10/site-packages/airflow/example_dags/example_branch_labels.py took 0.067 seconds
[2023-03-07T18:05:32.621+0530] {processor.py:153} INFO - Started process (PID=6331) to work on /home/ris/PycharmProjects/pythonProject/USA-housing/venv/lib/python3.10/site-packages/airflow/example_dags/example_branch_labels.py
[2023-03-07T18:05:32.624+0530] {processor.py:743} INFO - Processing file /home/ris/PycharmProjects/pythonProject/USA-housing/venv/lib/python3.10/site-packages/airflow/example_dags/example_branch_labels.py for tasks to queue
[2023-03-07T18:05:32.624+0530] {logging_mixin.py:137} INFO - [2023-03-07T18:05:32.624+0530] {dagbag.py:538} INFO - Filling up the DagBag from /home/ris/PycharmProjects/pythonProject/USA-housing/venv/lib/python3.10/site-packages/airflow/example_dags/example_branch_labels.py
[2023-03-07T18:05:32.630+0530] {processor.py:753} INFO - DAG(s) dict_keys(['example_branch_labels']) retrieved from /home/ris/PycharmProjects/pythonProject/USA-housing/venv/lib/python3.10/site-packages/airflow/example_dags/example_branch_labels.py
[2023-03-07T18:05:32.652+0530] {logging_mixin.py:137} INFO - [2023-03-07T18:05:32.652+0530] {dag.py:2690} INFO - Sync 1 DAGs
[2023-03-07T18:05:32.674+0530] {logging_mixin.py:137} INFO - [2023-03-07T18:05:32.673+0530] {dag.py:3437} INFO - Setting next_dagrun for example_branch_labels to 2023-03-06T00:00:00+00:00, run_after=2023-03-07T00:00:00+00:00
[2023-03-07T18:05:32.695+0530] {processor.py:175} INFO - Processing /home/ris/PycharmProjects/pythonProject/USA-housing/venv/lib/python3.10/site-packages/airflow/example_dags/example_branch_labels.py took 0.077 seconds
[2023-03-07T18:06:23.278+0530] {processor.py:153} INFO - Started process (PID=6385) to work on /home/ris/PycharmProjects/pythonProject/USA-housing/venv/lib/python3.10/site-packages/airflow/example_dags/example_branch_labels.py
[2023-03-07T18:06:23.279+0530] {processor.py:743} INFO - Processing file /home/ris/PycharmProjects/pythonProject/USA-housing/venv/lib/python3.10/site-packages/airflow/example_dags/example_branch_labels.py for tasks to queue
[2023-03-07T18:06:23.279+0530] {logging_mixin.py:137} INFO - [2023-03-07T18:06:23.279+0530] {dagbag.py:538} INFO - Filling up the DagBag from /home/ris/PycharmProjects/pythonProject/USA-housing/venv/lib/python3.10/site-packages/airflow/example_dags/example_branch_labels.py
[2023-03-07T18:06:23.286+0530] {processor.py:753} INFO - DAG(s) dict_keys(['example_branch_labels']) retrieved from /home/ris/PycharmProjects/pythonProject/USA-housing/venv/lib/python3.10/site-packages/airflow/example_dags/example_branch_labels.py
[2023-03-07T18:06:23.304+0530] {logging_mixin.py:137} INFO - [2023-03-07T18:06:23.303+0530] {dag.py:2690} INFO - Sync 1 DAGs
[2023-03-07T18:06:23.320+0530] {logging_mixin.py:137} INFO - [2023-03-07T18:06:23.320+0530] {dag.py:3437} INFO - Setting next_dagrun for example_branch_labels to 2023-03-06T00:00:00+00:00, run_after=2023-03-07T00:00:00+00:00
[2023-03-07T18:06:23.343+0530] {processor.py:175} INFO - Processing /home/ris/PycharmProjects/pythonProject/USA-housing/venv/lib/python3.10/site-packages/airflow/example_dags/example_branch_labels.py took 0.068 seconds
[2023-03-07T18:07:09.774+0530] {processor.py:153} INFO - Started process (PID=6439) to work on /home/ris/PycharmProjects/pythonProject/USA-housing/venv/lib/python3.10/site-packages/airflow/example_dags/example_branch_labels.py
[2023-03-07T18:07:09.776+0530] {processor.py:743} INFO - Processing file /home/ris/PycharmProjects/pythonProject/USA-housing/venv/lib/python3.10/site-packages/airflow/example_dags/example_branch_labels.py for tasks to queue
[2023-03-07T18:07:09.776+0530] {logging_mixin.py:137} INFO - [2023-03-07T18:07:09.776+0530] {dagbag.py:538} INFO - Filling up the DagBag from /home/ris/PycharmProjects/pythonProject/USA-housing/venv/lib/python3.10/site-packages/airflow/example_dags/example_branch_labels.py
[2023-03-07T18:07:09.783+0530] {processor.py:753} INFO - DAG(s) dict_keys(['example_branch_labels']) retrieved from /home/ris/PycharmProjects/pythonProject/USA-housing/venv/lib/python3.10/site-packages/airflow/example_dags/example_branch_labels.py
[2023-03-07T18:07:09.801+0530] {logging_mixin.py:137} INFO - [2023-03-07T18:07:09.801+0530] {dag.py:2690} INFO - Sync 1 DAGs
[2023-03-07T18:07:09.821+0530] {logging_mixin.py:137} INFO - [2023-03-07T18:07:09.821+0530] {dag.py:3437} INFO - Setting next_dagrun for example_branch_labels to 2023-03-06T00:00:00+00:00, run_after=2023-03-07T00:00:00+00:00
[2023-03-07T18:07:09.844+0530] {processor.py:175} INFO - Processing /home/ris/PycharmProjects/pythonProject/USA-housing/venv/lib/python3.10/site-packages/airflow/example_dags/example_branch_labels.py took 0.073 seconds
[2023-03-07T18:08:02.446+0530] {processor.py:153} INFO - Started process (PID=6495) to work on /home/ris/PycharmProjects/pythonProject/USA-housing/venv/lib/python3.10/site-packages/airflow/example_dags/example_branch_labels.py
[2023-03-07T18:08:02.448+0530] {processor.py:743} INFO - Processing file /home/ris/PycharmProjects/pythonProject/USA-housing/venv/lib/python3.10/site-packages/airflow/example_dags/example_branch_labels.py for tasks to queue
[2023-03-07T18:08:02.449+0530] {logging_mixin.py:137} INFO - [2023-03-07T18:08:02.449+0530] {dagbag.py:538} INFO - Filling up the DagBag from /home/ris/PycharmProjects/pythonProject/USA-housing/venv/lib/python3.10/site-packages/airflow/example_dags/example_branch_labels.py
[2023-03-07T18:08:02.457+0530] {processor.py:753} INFO - DAG(s) dict_keys(['example_branch_labels']) retrieved from /home/ris/PycharmProjects/pythonProject/USA-housing/venv/lib/python3.10/site-packages/airflow/example_dags/example_branch_labels.py
[2023-03-07T18:08:02.474+0530] {logging_mixin.py:137} INFO - [2023-03-07T18:08:02.474+0530] {dag.py:2690} INFO - Sync 1 DAGs
[2023-03-07T18:08:02.491+0530] {logging_mixin.py:137} INFO - [2023-03-07T18:08:02.491+0530] {dag.py:3437} INFO - Setting next_dagrun for example_branch_labels to 2023-03-06T00:00:00+00:00, run_after=2023-03-07T00:00:00+00:00
[2023-03-07T18:08:02.510+0530] {processor.py:175} INFO - Processing /home/ris/PycharmProjects/pythonProject/USA-housing/venv/lib/python3.10/site-packages/airflow/example_dags/example_branch_labels.py took 0.066 seconds
[2023-03-07T18:08:57.531+0530] {processor.py:153} INFO - Started process (PID=6554) to work on /home/ris/PycharmProjects/pythonProject/USA-housing/venv/lib/python3.10/site-packages/airflow/example_dags/example_branch_labels.py
[2023-03-07T18:08:57.533+0530] {processor.py:743} INFO - Processing file /home/ris/PycharmProjects/pythonProject/USA-housing/venv/lib/python3.10/site-packages/airflow/example_dags/example_branch_labels.py for tasks to queue
[2023-03-07T18:08:57.534+0530] {logging_mixin.py:137} INFO - [2023-03-07T18:08:57.534+0530] {dagbag.py:538} INFO - Filling up the DagBag from /home/ris/PycharmProjects/pythonProject/USA-housing/venv/lib/python3.10/site-packages/airflow/example_dags/example_branch_labels.py
[2023-03-07T18:08:57.540+0530] {processor.py:753} INFO - DAG(s) dict_keys(['example_branch_labels']) retrieved from /home/ris/PycharmProjects/pythonProject/USA-housing/venv/lib/python3.10/site-packages/airflow/example_dags/example_branch_labels.py
[2023-03-07T18:08:57.556+0530] {logging_mixin.py:137} INFO - [2023-03-07T18:08:57.556+0530] {dag.py:2690} INFO - Sync 1 DAGs
[2023-03-07T18:08:57.573+0530] {logging_mixin.py:137} INFO - [2023-03-07T18:08:57.573+0530] {dag.py:3437} INFO - Setting next_dagrun for example_branch_labels to 2023-03-06T00:00:00+00:00, run_after=2023-03-07T00:00:00+00:00
[2023-03-07T18:08:57.595+0530] {processor.py:175} INFO - Processing /home/ris/PycharmProjects/pythonProject/USA-housing/venv/lib/python3.10/site-packages/airflow/example_dags/example_branch_labels.py took 0.067 seconds
[2023-03-07T18:09:59.452+0530] {processor.py:153} INFO - Started process (PID=6887) to work on /home/ris/PycharmProjects/pythonProject/USA-housing/venv/lib/python3.10/site-packages/airflow/example_dags/example_branch_labels.py
[2023-03-07T18:09:59.455+0530] {processor.py:743} INFO - Processing file /home/ris/PycharmProjects/pythonProject/USA-housing/venv/lib/python3.10/site-packages/airflow/example_dags/example_branch_labels.py for tasks to queue
[2023-03-07T18:09:59.456+0530] {logging_mixin.py:137} INFO - [2023-03-07T18:09:59.456+0530] {dagbag.py:538} INFO - Filling up the DagBag from /home/ris/PycharmProjects/pythonProject/USA-housing/venv/lib/python3.10/site-packages/airflow/example_dags/example_branch_labels.py
[2023-03-07T18:09:59.464+0530] {processor.py:753} INFO - DAG(s) dict_keys(['example_branch_labels']) retrieved from /home/ris/PycharmProjects/pythonProject/USA-housing/venv/lib/python3.10/site-packages/airflow/example_dags/example_branch_labels.py
[2023-03-07T18:09:59.490+0530] {logging_mixin.py:137} INFO - [2023-03-07T18:09:59.489+0530] {dag.py:2690} INFO - Sync 1 DAGs
[2023-03-07T18:09:59.528+0530] {logging_mixin.py:137} INFO - [2023-03-07T18:09:59.528+0530] {dag.py:3437} INFO - Setting next_dagrun for example_branch_labels to 2023-03-06T00:00:00+00:00, run_after=2023-03-07T00:00:00+00:00
[2023-03-07T18:09:59.554+0530] {processor.py:175} INFO - Processing /home/ris/PycharmProjects/pythonProject/USA-housing/venv/lib/python3.10/site-packages/airflow/example_dags/example_branch_labels.py took 0.104 seconds
[2023-03-07T18:10:42.799+0530] {processor.py:153} INFO - Started process (PID=6951) to work on /home/ris/PycharmProjects/pythonProject/USA-housing/venv/lib/python3.10/site-packages/airflow/example_dags/example_branch_labels.py
[2023-03-07T18:10:42.802+0530] {processor.py:743} INFO - Processing file /home/ris/PycharmProjects/pythonProject/USA-housing/venv/lib/python3.10/site-packages/airflow/example_dags/example_branch_labels.py for tasks to queue
[2023-03-07T18:10:42.802+0530] {logging_mixin.py:137} INFO - [2023-03-07T18:10:42.802+0530] {dagbag.py:538} INFO - Filling up the DagBag from /home/ris/PycharmProjects/pythonProject/USA-housing/venv/lib/python3.10/site-packages/airflow/example_dags/example_branch_labels.py
[2023-03-07T18:10:42.808+0530] {processor.py:753} INFO - DAG(s) dict_keys(['example_branch_labels']) retrieved from /home/ris/PycharmProjects/pythonProject/USA-housing/venv/lib/python3.10/site-packages/airflow/example_dags/example_branch_labels.py
[2023-03-07T18:10:42.825+0530] {logging_mixin.py:137} INFO - [2023-03-07T18:10:42.825+0530] {dag.py:2690} INFO - Sync 1 DAGs
[2023-03-07T18:10:42.845+0530] {logging_mixin.py:137} INFO - [2023-03-07T18:10:42.845+0530] {dag.py:3437} INFO - Setting next_dagrun for example_branch_labels to 2023-03-06T00:00:00+00:00, run_after=2023-03-07T00:00:00+00:00
[2023-03-07T18:10:42.872+0530] {processor.py:175} INFO - Processing /home/ris/PycharmProjects/pythonProject/USA-housing/venv/lib/python3.10/site-packages/airflow/example_dags/example_branch_labels.py took 0.077 seconds
[2023-03-07T18:11:35.942+0530] {processor.py:153} INFO - Started process (PID=7009) to work on /home/ris/PycharmProjects/pythonProject/USA-housing/venv/lib/python3.10/site-packages/airflow/example_dags/example_branch_labels.py
[2023-03-07T18:11:35.945+0530] {processor.py:743} INFO - Processing file /home/ris/PycharmProjects/pythonProject/USA-housing/venv/lib/python3.10/site-packages/airflow/example_dags/example_branch_labels.py for tasks to queue
[2023-03-07T18:11:35.946+0530] {logging_mixin.py:137} INFO - [2023-03-07T18:11:35.946+0530] {dagbag.py:538} INFO - Filling up the DagBag from /home/ris/PycharmProjects/pythonProject/USA-housing/venv/lib/python3.10/site-packages/airflow/example_dags/example_branch_labels.py
[2023-03-07T18:11:35.959+0530] {processor.py:753} INFO - DAG(s) dict_keys(['example_branch_labels']) retrieved from /home/ris/PycharmProjects/pythonProject/USA-housing/venv/lib/python3.10/site-packages/airflow/example_dags/example_branch_labels.py
[2023-03-07T18:11:35.988+0530] {logging_mixin.py:137} INFO - [2023-03-07T18:11:35.988+0530] {dag.py:2690} INFO - Sync 1 DAGs
[2023-03-07T18:11:36.011+0530] {logging_mixin.py:137} INFO - [2023-03-07T18:11:36.011+0530] {dag.py:3437} INFO - Setting next_dagrun for example_branch_labels to 2023-03-06T00:00:00+00:00, run_after=2023-03-07T00:00:00+00:00
[2023-03-07T18:11:36.045+0530] {processor.py:175} INFO - Processing /home/ris/PycharmProjects/pythonProject/USA-housing/venv/lib/python3.10/site-packages/airflow/example_dags/example_branch_labels.py took 0.110 seconds
[2023-03-07T18:12:20.451+0530] {processor.py:153} INFO - Started process (PID=7071) to work on /home/ris/PycharmProjects/pythonProject/USA-housing/venv/lib/python3.10/site-packages/airflow/example_dags/example_branch_labels.py
[2023-03-07T18:12:20.453+0530] {processor.py:743} INFO - Processing file /home/ris/PycharmProjects/pythonProject/USA-housing/venv/lib/python3.10/site-packages/airflow/example_dags/example_branch_labels.py for tasks to queue
[2023-03-07T18:12:20.453+0530] {logging_mixin.py:137} INFO - [2023-03-07T18:12:20.453+0530] {dagbag.py:538} INFO - Filling up the DagBag from /home/ris/PycharmProjects/pythonProject/USA-housing/venv/lib/python3.10/site-packages/airflow/example_dags/example_branch_labels.py
[2023-03-07T18:12:20.461+0530] {processor.py:753} INFO - DAG(s) dict_keys(['example_branch_labels']) retrieved from /home/ris/PycharmProjects/pythonProject/USA-housing/venv/lib/python3.10/site-packages/airflow/example_dags/example_branch_labels.py
[2023-03-07T18:12:20.479+0530] {logging_mixin.py:137} INFO - [2023-03-07T18:12:20.479+0530] {dag.py:2690} INFO - Sync 1 DAGs
[2023-03-07T18:12:20.497+0530] {logging_mixin.py:137} INFO - [2023-03-07T18:12:20.497+0530] {dag.py:3437} INFO - Setting next_dagrun for example_branch_labels to 2023-03-06T00:00:00+00:00, run_after=2023-03-07T00:00:00+00:00
[2023-03-07T18:12:20.516+0530] {processor.py:175} INFO - Processing /home/ris/PycharmProjects/pythonProject/USA-housing/venv/lib/python3.10/site-packages/airflow/example_dags/example_branch_labels.py took 0.070 seconds
[2023-03-07T18:13:08.700+0530] {processor.py:153} INFO - Started process (PID=7133) to work on /home/ris/PycharmProjects/pythonProject/USA-housing/venv/lib/python3.10/site-packages/airflow/example_dags/example_branch_labels.py
[2023-03-07T18:13:08.702+0530] {processor.py:743} INFO - Processing file /home/ris/PycharmProjects/pythonProject/USA-housing/venv/lib/python3.10/site-packages/airflow/example_dags/example_branch_labels.py for tasks to queue
[2023-03-07T18:13:08.703+0530] {logging_mixin.py:137} INFO - [2023-03-07T18:13:08.702+0530] {dagbag.py:538} INFO - Filling up the DagBag from /home/ris/PycharmProjects/pythonProject/USA-housing/venv/lib/python3.10/site-packages/airflow/example_dags/example_branch_labels.py
[2023-03-07T18:13:08.710+0530] {processor.py:753} INFO - DAG(s) dict_keys(['example_branch_labels']) retrieved from /home/ris/PycharmProjects/pythonProject/USA-housing/venv/lib/python3.10/site-packages/airflow/example_dags/example_branch_labels.py
[2023-03-07T18:13:08.728+0530] {logging_mixin.py:137} INFO - [2023-03-07T18:13:08.728+0530] {dag.py:2690} INFO - Sync 1 DAGs
[2023-03-07T18:13:08.746+0530] {logging_mixin.py:137} INFO - [2023-03-07T18:13:08.746+0530] {dag.py:3437} INFO - Setting next_dagrun for example_branch_labels to 2023-03-06T00:00:00+00:00, run_after=2023-03-07T00:00:00+00:00
[2023-03-07T18:13:08.774+0530] {processor.py:175} INFO - Processing /home/ris/PycharmProjects/pythonProject/USA-housing/venv/lib/python3.10/site-packages/airflow/example_dags/example_branch_labels.py took 0.077 seconds
[2023-03-07T18:13:56.997+0530] {processor.py:153} INFO - Started process (PID=7190) to work on /home/ris/PycharmProjects/pythonProject/USA-housing/venv/lib/python3.10/site-packages/airflow/example_dags/example_branch_labels.py
[2023-03-07T18:13:56.999+0530] {processor.py:743} INFO - Processing file /home/ris/PycharmProjects/pythonProject/USA-housing/venv/lib/python3.10/site-packages/airflow/example_dags/example_branch_labels.py for tasks to queue
[2023-03-07T18:13:56.999+0530] {logging_mixin.py:137} INFO - [2023-03-07T18:13:56.999+0530] {dagbag.py:538} INFO - Filling up the DagBag from /home/ris/PycharmProjects/pythonProject/USA-housing/venv/lib/python3.10/site-packages/airflow/example_dags/example_branch_labels.py
[2023-03-07T18:13:57.006+0530] {processor.py:753} INFO - DAG(s) dict_keys(['example_branch_labels']) retrieved from /home/ris/PycharmProjects/pythonProject/USA-housing/venv/lib/python3.10/site-packages/airflow/example_dags/example_branch_labels.py
[2023-03-07T18:13:57.023+0530] {logging_mixin.py:137} INFO - [2023-03-07T18:13:57.023+0530] {dag.py:2690} INFO - Sync 1 DAGs
[2023-03-07T18:13:57.041+0530] {logging_mixin.py:137} INFO - [2023-03-07T18:13:57.041+0530] {dag.py:3437} INFO - Setting next_dagrun for example_branch_labels to 2023-03-06T00:00:00+00:00, run_after=2023-03-07T00:00:00+00:00
[2023-03-07T18:13:57.062+0530] {processor.py:175} INFO - Processing /home/ris/PycharmProjects/pythonProject/USA-housing/venv/lib/python3.10/site-packages/airflow/example_dags/example_branch_labels.py took 0.067 seconds
[2023-03-07T18:14:39.726+0530] {processor.py:153} INFO - Started process (PID=7250) to work on /home/ris/PycharmProjects/pythonProject/USA-housing/venv/lib/python3.10/site-packages/airflow/example_dags/example_branch_labels.py
[2023-03-07T18:14:39.728+0530] {processor.py:743} INFO - Processing file /home/ris/PycharmProjects/pythonProject/USA-housing/venv/lib/python3.10/site-packages/airflow/example_dags/example_branch_labels.py for tasks to queue
[2023-03-07T18:14:39.729+0530] {logging_mixin.py:137} INFO - [2023-03-07T18:14:39.729+0530] {dagbag.py:538} INFO - Filling up the DagBag from /home/ris/PycharmProjects/pythonProject/USA-housing/venv/lib/python3.10/site-packages/airflow/example_dags/example_branch_labels.py
[2023-03-07T18:14:39.739+0530] {processor.py:753} INFO - DAG(s) dict_keys(['example_branch_labels']) retrieved from /home/ris/PycharmProjects/pythonProject/USA-housing/venv/lib/python3.10/site-packages/airflow/example_dags/example_branch_labels.py
[2023-03-07T18:14:39.759+0530] {logging_mixin.py:137} INFO - [2023-03-07T18:14:39.758+0530] {dag.py:2690} INFO - Sync 1 DAGs
[2023-03-07T18:14:39.776+0530] {logging_mixin.py:137} INFO - [2023-03-07T18:14:39.776+0530] {dag.py:3437} INFO - Setting next_dagrun for example_branch_labels to 2023-03-06T00:00:00+00:00, run_after=2023-03-07T00:00:00+00:00
[2023-03-07T18:14:39.795+0530] {processor.py:175} INFO - Processing /home/ris/PycharmProjects/pythonProject/USA-housing/venv/lib/python3.10/site-packages/airflow/example_dags/example_branch_labels.py took 0.074 seconds
[2023-03-07T18:15:31.075+0530] {processor.py:153} INFO - Started process (PID=7334) to work on /home/ris/PycharmProjects/pythonProject/USA-housing/venv/lib/python3.10/site-packages/airflow/example_dags/example_branch_labels.py
[2023-03-07T18:15:31.077+0530] {processor.py:743} INFO - Processing file /home/ris/PycharmProjects/pythonProject/USA-housing/venv/lib/python3.10/site-packages/airflow/example_dags/example_branch_labels.py for tasks to queue
[2023-03-07T18:15:31.078+0530] {logging_mixin.py:137} INFO - [2023-03-07T18:15:31.078+0530] {dagbag.py:538} INFO - Filling up the DagBag from /home/ris/PycharmProjects/pythonProject/USA-housing/venv/lib/python3.10/site-packages/airflow/example_dags/example_branch_labels.py
[2023-03-07T18:15:31.084+0530] {processor.py:753} INFO - DAG(s) dict_keys(['example_branch_labels']) retrieved from /home/ris/PycharmProjects/pythonProject/USA-housing/venv/lib/python3.10/site-packages/airflow/example_dags/example_branch_labels.py
[2023-03-07T18:15:31.106+0530] {logging_mixin.py:137} INFO - [2023-03-07T18:15:31.106+0530] {dag.py:2690} INFO - Sync 1 DAGs
[2023-03-07T18:15:31.125+0530] {logging_mixin.py:137} INFO - [2023-03-07T18:15:31.125+0530] {dag.py:3437} INFO - Setting next_dagrun for example_branch_labels to 2023-03-06T00:00:00+00:00, run_after=2023-03-07T00:00:00+00:00
[2023-03-07T18:15:31.144+0530] {processor.py:175} INFO - Processing /home/ris/PycharmProjects/pythonProject/USA-housing/venv/lib/python3.10/site-packages/airflow/example_dags/example_branch_labels.py took 0.072 seconds
[2023-03-07T18:16:17.717+0530] {processor.py:153} INFO - Started process (PID=7386) to work on /home/ris/PycharmProjects/pythonProject/USA-housing/venv/lib/python3.10/site-packages/airflow/example_dags/example_branch_labels.py
[2023-03-07T18:16:17.719+0530] {processor.py:743} INFO - Processing file /home/ris/PycharmProjects/pythonProject/USA-housing/venv/lib/python3.10/site-packages/airflow/example_dags/example_branch_labels.py for tasks to queue
[2023-03-07T18:16:17.719+0530] {logging_mixin.py:137} INFO - [2023-03-07T18:16:17.719+0530] {dagbag.py:538} INFO - Filling up the DagBag from /home/ris/PycharmProjects/pythonProject/USA-housing/venv/lib/python3.10/site-packages/airflow/example_dags/example_branch_labels.py
[2023-03-07T18:16:17.726+0530] {processor.py:753} INFO - DAG(s) dict_keys(['example_branch_labels']) retrieved from /home/ris/PycharmProjects/pythonProject/USA-housing/venv/lib/python3.10/site-packages/airflow/example_dags/example_branch_labels.py
[2023-03-07T18:16:17.743+0530] {logging_mixin.py:137} INFO - [2023-03-07T18:16:17.743+0530] {dag.py:2690} INFO - Sync 1 DAGs
[2023-03-07T18:16:17.761+0530] {logging_mixin.py:137} INFO - [2023-03-07T18:16:17.761+0530] {dag.py:3437} INFO - Setting next_dagrun for example_branch_labels to 2023-03-06T00:00:00+00:00, run_after=2023-03-07T00:00:00+00:00
[2023-03-07T18:16:17.780+0530] {processor.py:175} INFO - Processing /home/ris/PycharmProjects/pythonProject/USA-housing/venv/lib/python3.10/site-packages/airflow/example_dags/example_branch_labels.py took 0.065 seconds
[2023-03-07T18:17:04.251+0530] {processor.py:153} INFO - Started process (PID=7451) to work on /home/ris/PycharmProjects/pythonProject/USA-housing/venv/lib/python3.10/site-packages/airflow/example_dags/example_branch_labels.py
[2023-03-07T18:17:04.253+0530] {processor.py:743} INFO - Processing file /home/ris/PycharmProjects/pythonProject/USA-housing/venv/lib/python3.10/site-packages/airflow/example_dags/example_branch_labels.py for tasks to queue
[2023-03-07T18:17:04.254+0530] {logging_mixin.py:137} INFO - [2023-03-07T18:17:04.254+0530] {dagbag.py:538} INFO - Filling up the DagBag from /home/ris/PycharmProjects/pythonProject/USA-housing/venv/lib/python3.10/site-packages/airflow/example_dags/example_branch_labels.py
[2023-03-07T18:17:04.260+0530] {processor.py:753} INFO - DAG(s) dict_keys(['example_branch_labels']) retrieved from /home/ris/PycharmProjects/pythonProject/USA-housing/venv/lib/python3.10/site-packages/airflow/example_dags/example_branch_labels.py
[2023-03-07T18:17:04.277+0530] {logging_mixin.py:137} INFO - [2023-03-07T18:17:04.277+0530] {dag.py:2690} INFO - Sync 1 DAGs
[2023-03-07T18:17:04.295+0530] {logging_mixin.py:137} INFO - [2023-03-07T18:17:04.295+0530] {dag.py:3437} INFO - Setting next_dagrun for example_branch_labels to 2023-03-06T00:00:00+00:00, run_after=2023-03-07T00:00:00+00:00
[2023-03-07T18:17:04.316+0530] {processor.py:175} INFO - Processing /home/ris/PycharmProjects/pythonProject/USA-housing/venv/lib/python3.10/site-packages/airflow/example_dags/example_branch_labels.py took 0.068 seconds
[2023-03-07T18:17:52.827+0530] {processor.py:153} INFO - Started process (PID=7511) to work on /home/ris/PycharmProjects/pythonProject/USA-housing/venv/lib/python3.10/site-packages/airflow/example_dags/example_branch_labels.py
[2023-03-07T18:17:52.829+0530] {processor.py:743} INFO - Processing file /home/ris/PycharmProjects/pythonProject/USA-housing/venv/lib/python3.10/site-packages/airflow/example_dags/example_branch_labels.py for tasks to queue
[2023-03-07T18:17:52.830+0530] {logging_mixin.py:137} INFO - [2023-03-07T18:17:52.830+0530] {dagbag.py:538} INFO - Filling up the DagBag from /home/ris/PycharmProjects/pythonProject/USA-housing/venv/lib/python3.10/site-packages/airflow/example_dags/example_branch_labels.py
[2023-03-07T18:17:52.838+0530] {processor.py:753} INFO - DAG(s) dict_keys(['example_branch_labels']) retrieved from /home/ris/PycharmProjects/pythonProject/USA-housing/venv/lib/python3.10/site-packages/airflow/example_dags/example_branch_labels.py
[2023-03-07T18:17:52.856+0530] {logging_mixin.py:137} INFO - [2023-03-07T18:17:52.856+0530] {dag.py:2690} INFO - Sync 1 DAGs
[2023-03-07T18:17:52.876+0530] {logging_mixin.py:137} INFO - [2023-03-07T18:17:52.876+0530] {dag.py:3437} INFO - Setting next_dagrun for example_branch_labels to 2023-03-06T00:00:00+00:00, run_after=2023-03-07T00:00:00+00:00
[2023-03-07T18:17:52.898+0530] {processor.py:175} INFO - Processing /home/ris/PycharmProjects/pythonProject/USA-housing/venv/lib/python3.10/site-packages/airflow/example_dags/example_branch_labels.py took 0.073 seconds
[2023-03-07T18:18:47.799+0530] {processor.py:153} INFO - Started process (PID=7576) to work on /home/ris/PycharmProjects/pythonProject/USA-housing/venv/lib/python3.10/site-packages/airflow/example_dags/example_branch_labels.py
[2023-03-07T18:18:47.801+0530] {processor.py:743} INFO - Processing file /home/ris/PycharmProjects/pythonProject/USA-housing/venv/lib/python3.10/site-packages/airflow/example_dags/example_branch_labels.py for tasks to queue
[2023-03-07T18:18:47.801+0530] {logging_mixin.py:137} INFO - [2023-03-07T18:18:47.801+0530] {dagbag.py:538} INFO - Filling up the DagBag from /home/ris/PycharmProjects/pythonProject/USA-housing/venv/lib/python3.10/site-packages/airflow/example_dags/example_branch_labels.py
[2023-03-07T18:18:47.808+0530] {processor.py:753} INFO - DAG(s) dict_keys(['example_branch_labels']) retrieved from /home/ris/PycharmProjects/pythonProject/USA-housing/venv/lib/python3.10/site-packages/airflow/example_dags/example_branch_labels.py
[2023-03-07T18:18:47.825+0530] {logging_mixin.py:137} INFO - [2023-03-07T18:18:47.825+0530] {dag.py:2690} INFO - Sync 1 DAGs
[2023-03-07T18:18:47.848+0530] {logging_mixin.py:137} INFO - [2023-03-07T18:18:47.847+0530] {dag.py:3437} INFO - Setting next_dagrun for example_branch_labels to 2023-03-06T00:00:00+00:00, run_after=2023-03-07T00:00:00+00:00
[2023-03-07T18:18:47.869+0530] {processor.py:175} INFO - Processing /home/ris/PycharmProjects/pythonProject/USA-housing/venv/lib/python3.10/site-packages/airflow/example_dags/example_branch_labels.py took 0.074 seconds
[2023-03-07T18:19:44.495+0530] {processor.py:153} INFO - Started process (PID=7838) to work on /home/ris/PycharmProjects/pythonProject/USA-housing/venv/lib/python3.10/site-packages/airflow/example_dags/example_branch_labels.py
[2023-03-07T18:19:44.496+0530] {processor.py:743} INFO - Processing file /home/ris/PycharmProjects/pythonProject/USA-housing/venv/lib/python3.10/site-packages/airflow/example_dags/example_branch_labels.py for tasks to queue
[2023-03-07T18:19:44.497+0530] {logging_mixin.py:137} INFO - [2023-03-07T18:19:44.496+0530] {dagbag.py:538} INFO - Filling up the DagBag from /home/ris/PycharmProjects/pythonProject/USA-housing/venv/lib/python3.10/site-packages/airflow/example_dags/example_branch_labels.py
[2023-03-07T18:19:44.506+0530] {processor.py:753} INFO - DAG(s) dict_keys(['example_branch_labels']) retrieved from /home/ris/PycharmProjects/pythonProject/USA-housing/venv/lib/python3.10/site-packages/airflow/example_dags/example_branch_labels.py
[2023-03-07T18:19:44.528+0530] {logging_mixin.py:137} INFO - [2023-03-07T18:19:44.528+0530] {dag.py:2690} INFO - Sync 1 DAGs
[2023-03-07T18:19:44.548+0530] {logging_mixin.py:137} INFO - [2023-03-07T18:19:44.547+0530] {dag.py:3437} INFO - Setting next_dagrun for example_branch_labels to 2023-03-06T00:00:00+00:00, run_after=2023-03-07T00:00:00+00:00
[2023-03-07T18:19:44.570+0530] {processor.py:175} INFO - Processing /home/ris/PycharmProjects/pythonProject/USA-housing/venv/lib/python3.10/site-packages/airflow/example_dags/example_branch_labels.py took 0.079 seconds
[2023-03-07T18:20:42.567+0530] {processor.py:153} INFO - Started process (PID=7957) to work on /home/ris/PycharmProjects/pythonProject/USA-housing/venv/lib/python3.10/site-packages/airflow/example_dags/example_branch_labels.py
[2023-03-07T18:20:42.569+0530] {processor.py:743} INFO - Processing file /home/ris/PycharmProjects/pythonProject/USA-housing/venv/lib/python3.10/site-packages/airflow/example_dags/example_branch_labels.py for tasks to queue
[2023-03-07T18:20:42.570+0530] {logging_mixin.py:137} INFO - [2023-03-07T18:20:42.570+0530] {dagbag.py:538} INFO - Filling up the DagBag from /home/ris/PycharmProjects/pythonProject/USA-housing/venv/lib/python3.10/site-packages/airflow/example_dags/example_branch_labels.py
[2023-03-07T18:20:42.576+0530] {processor.py:753} INFO - DAG(s) dict_keys(['example_branch_labels']) retrieved from /home/ris/PycharmProjects/pythonProject/USA-housing/venv/lib/python3.10/site-packages/airflow/example_dags/example_branch_labels.py
[2023-03-07T18:20:42.593+0530] {logging_mixin.py:137} INFO - [2023-03-07T18:20:42.592+0530] {dag.py:2690} INFO - Sync 1 DAGs
[2023-03-07T18:20:42.613+0530] {logging_mixin.py:137} INFO - [2023-03-07T18:20:42.613+0530] {dag.py:3437} INFO - Setting next_dagrun for example_branch_labels to 2023-03-06T00:00:00+00:00, run_after=2023-03-07T00:00:00+00:00
[2023-03-07T18:20:42.637+0530] {processor.py:175} INFO - Processing /home/ris/PycharmProjects/pythonProject/USA-housing/venv/lib/python3.10/site-packages/airflow/example_dags/example_branch_labels.py took 0.072 seconds
[2023-03-07T18:21:34.098+0530] {processor.py:153} INFO - Started process (PID=8013) to work on /home/ris/PycharmProjects/pythonProject/USA-housing/venv/lib/python3.10/site-packages/airflow/example_dags/example_branch_labels.py
[2023-03-07T18:21:34.099+0530] {processor.py:743} INFO - Processing file /home/ris/PycharmProjects/pythonProject/USA-housing/venv/lib/python3.10/site-packages/airflow/example_dags/example_branch_labels.py for tasks to queue
[2023-03-07T18:21:34.100+0530] {logging_mixin.py:137} INFO - [2023-03-07T18:21:34.100+0530] {dagbag.py:538} INFO - Filling up the DagBag from /home/ris/PycharmProjects/pythonProject/USA-housing/venv/lib/python3.10/site-packages/airflow/example_dags/example_branch_labels.py
[2023-03-07T18:21:34.109+0530] {processor.py:753} INFO - DAG(s) dict_keys(['example_branch_labels']) retrieved from /home/ris/PycharmProjects/pythonProject/USA-housing/venv/lib/python3.10/site-packages/airflow/example_dags/example_branch_labels.py
[2023-03-07T18:21:34.129+0530] {logging_mixin.py:137} INFO - [2023-03-07T18:21:34.128+0530] {dag.py:2690} INFO - Sync 1 DAGs
[2023-03-07T18:21:34.152+0530] {logging_mixin.py:137} INFO - [2023-03-07T18:21:34.152+0530] {dag.py:3437} INFO - Setting next_dagrun for example_branch_labels to 2023-03-06T00:00:00+00:00, run_after=2023-03-07T00:00:00+00:00
[2023-03-07T18:21:34.182+0530] {processor.py:175} INFO - Processing /home/ris/PycharmProjects/pythonProject/USA-housing/venv/lib/python3.10/site-packages/airflow/example_dags/example_branch_labels.py took 0.088 seconds
[2023-03-07T18:22:24.063+0530] {processor.py:153} INFO - Started process (PID=8074) to work on /home/ris/PycharmProjects/pythonProject/USA-housing/venv/lib/python3.10/site-packages/airflow/example_dags/example_branch_labels.py
[2023-03-07T18:22:24.065+0530] {processor.py:743} INFO - Processing file /home/ris/PycharmProjects/pythonProject/USA-housing/venv/lib/python3.10/site-packages/airflow/example_dags/example_branch_labels.py for tasks to queue
[2023-03-07T18:22:24.065+0530] {logging_mixin.py:137} INFO - [2023-03-07T18:22:24.065+0530] {dagbag.py:538} INFO - Filling up the DagBag from /home/ris/PycharmProjects/pythonProject/USA-housing/venv/lib/python3.10/site-packages/airflow/example_dags/example_branch_labels.py
[2023-03-07T18:22:24.072+0530] {processor.py:753} INFO - DAG(s) dict_keys(['example_branch_labels']) retrieved from /home/ris/PycharmProjects/pythonProject/USA-housing/venv/lib/python3.10/site-packages/airflow/example_dags/example_branch_labels.py
[2023-03-07T18:22:24.089+0530] {logging_mixin.py:137} INFO - [2023-03-07T18:22:24.089+0530] {dag.py:2690} INFO - Sync 1 DAGs
[2023-03-07T18:22:24.107+0530] {logging_mixin.py:137} INFO - [2023-03-07T18:22:24.107+0530] {dag.py:3437} INFO - Setting next_dagrun for example_branch_labels to 2023-03-06T00:00:00+00:00, run_after=2023-03-07T00:00:00+00:00
[2023-03-07T18:22:24.126+0530] {processor.py:175} INFO - Processing /home/ris/PycharmProjects/pythonProject/USA-housing/venv/lib/python3.10/site-packages/airflow/example_dags/example_branch_labels.py took 0.066 seconds
[2023-03-07T18:23:11.909+0530] {processor.py:153} INFO - Started process (PID=8142) to work on /home/ris/PycharmProjects/pythonProject/USA-housing/venv/lib/python3.10/site-packages/airflow/example_dags/example_branch_labels.py
[2023-03-07T18:23:11.911+0530] {processor.py:743} INFO - Processing file /home/ris/PycharmProjects/pythonProject/USA-housing/venv/lib/python3.10/site-packages/airflow/example_dags/example_branch_labels.py for tasks to queue
[2023-03-07T18:23:11.912+0530] {logging_mixin.py:137} INFO - [2023-03-07T18:23:11.912+0530] {dagbag.py:538} INFO - Filling up the DagBag from /home/ris/PycharmProjects/pythonProject/USA-housing/venv/lib/python3.10/site-packages/airflow/example_dags/example_branch_labels.py
[2023-03-07T18:23:11.919+0530] {processor.py:753} INFO - DAG(s) dict_keys(['example_branch_labels']) retrieved from /home/ris/PycharmProjects/pythonProject/USA-housing/venv/lib/python3.10/site-packages/airflow/example_dags/example_branch_labels.py
[2023-03-07T18:23:11.940+0530] {logging_mixin.py:137} INFO - [2023-03-07T18:23:11.940+0530] {dag.py:2690} INFO - Sync 1 DAGs
[2023-03-07T18:23:11.960+0530] {logging_mixin.py:137} INFO - [2023-03-07T18:23:11.960+0530] {dag.py:3437} INFO - Setting next_dagrun for example_branch_labels to 2023-03-06T00:00:00+00:00, run_after=2023-03-07T00:00:00+00:00
[2023-03-07T18:23:11.983+0530] {processor.py:175} INFO - Processing /home/ris/PycharmProjects/pythonProject/USA-housing/venv/lib/python3.10/site-packages/airflow/example_dags/example_branch_labels.py took 0.076 seconds
[2023-03-07T18:24:11.844+0530] {processor.py:153} INFO - Started process (PID=8359) to work on /home/ris/PycharmProjects/pythonProject/USA-housing/venv/lib/python3.10/site-packages/airflow/example_dags/example_branch_labels.py
[2023-03-07T18:24:11.845+0530] {processor.py:743} INFO - Processing file /home/ris/PycharmProjects/pythonProject/USA-housing/venv/lib/python3.10/site-packages/airflow/example_dags/example_branch_labels.py for tasks to queue
[2023-03-07T18:24:11.846+0530] {logging_mixin.py:137} INFO - [2023-03-07T18:24:11.846+0530] {dagbag.py:538} INFO - Filling up the DagBag from /home/ris/PycharmProjects/pythonProject/USA-housing/venv/lib/python3.10/site-packages/airflow/example_dags/example_branch_labels.py
[2023-03-07T18:24:11.855+0530] {processor.py:753} INFO - DAG(s) dict_keys(['example_branch_labels']) retrieved from /home/ris/PycharmProjects/pythonProject/USA-housing/venv/lib/python3.10/site-packages/airflow/example_dags/example_branch_labels.py
[2023-03-07T18:24:11.876+0530] {logging_mixin.py:137} INFO - [2023-03-07T18:24:11.875+0530] {dag.py:2690} INFO - Sync 1 DAGs
[2023-03-07T18:24:11.904+0530] {logging_mixin.py:137} INFO - [2023-03-07T18:24:11.903+0530] {dag.py:3437} INFO - Setting next_dagrun for example_branch_labels to 2023-03-06T00:00:00+00:00, run_after=2023-03-07T00:00:00+00:00
[2023-03-07T18:24:11.934+0530] {processor.py:175} INFO - Processing /home/ris/PycharmProjects/pythonProject/USA-housing/venv/lib/python3.10/site-packages/airflow/example_dags/example_branch_labels.py took 0.094 seconds
[2023-03-07T18:24:57.518+0530] {processor.py:153} INFO - Started process (PID=8412) to work on /home/ris/PycharmProjects/pythonProject/USA-housing/venv/lib/python3.10/site-packages/airflow/example_dags/example_branch_labels.py
[2023-03-07T18:24:57.521+0530] {processor.py:743} INFO - Processing file /home/ris/PycharmProjects/pythonProject/USA-housing/venv/lib/python3.10/site-packages/airflow/example_dags/example_branch_labels.py for tasks to queue
[2023-03-07T18:24:57.523+0530] {logging_mixin.py:137} INFO - [2023-03-07T18:24:57.522+0530] {dagbag.py:538} INFO - Filling up the DagBag from /home/ris/PycharmProjects/pythonProject/USA-housing/venv/lib/python3.10/site-packages/airflow/example_dags/example_branch_labels.py
[2023-03-07T18:24:57.533+0530] {processor.py:753} INFO - DAG(s) dict_keys(['example_branch_labels']) retrieved from /home/ris/PycharmProjects/pythonProject/USA-housing/venv/lib/python3.10/site-packages/airflow/example_dags/example_branch_labels.py
[2023-03-07T18:24:57.555+0530] {logging_mixin.py:137} INFO - [2023-03-07T18:24:57.555+0530] {dag.py:2690} INFO - Sync 1 DAGs
[2023-03-07T18:24:57.578+0530] {logging_mixin.py:137} INFO - [2023-03-07T18:24:57.578+0530] {dag.py:3437} INFO - Setting next_dagrun for example_branch_labels to 2023-03-06T00:00:00+00:00, run_after=2023-03-07T00:00:00+00:00
[2023-03-07T18:24:57.600+0530] {processor.py:175} INFO - Processing /home/ris/PycharmProjects/pythonProject/USA-housing/venv/lib/python3.10/site-packages/airflow/example_dags/example_branch_labels.py took 0.088 seconds
[2023-03-07T18:25:43.503+0530] {processor.py:153} INFO - Started process (PID=8502) to work on /home/ris/PycharmProjects/pythonProject/USA-housing/venv/lib/python3.10/site-packages/airflow/example_dags/example_branch_labels.py
[2023-03-07T18:25:43.505+0530] {processor.py:743} INFO - Processing file /home/ris/PycharmProjects/pythonProject/USA-housing/venv/lib/python3.10/site-packages/airflow/example_dags/example_branch_labels.py for tasks to queue
[2023-03-07T18:25:43.506+0530] {logging_mixin.py:137} INFO - [2023-03-07T18:25:43.506+0530] {dagbag.py:538} INFO - Filling up the DagBag from /home/ris/PycharmProjects/pythonProject/USA-housing/venv/lib/python3.10/site-packages/airflow/example_dags/example_branch_labels.py
[2023-03-07T18:25:43.517+0530] {processor.py:753} INFO - DAG(s) dict_keys(['example_branch_labels']) retrieved from /home/ris/PycharmProjects/pythonProject/USA-housing/venv/lib/python3.10/site-packages/airflow/example_dags/example_branch_labels.py
[2023-03-07T18:25:43.543+0530] {logging_mixin.py:137} INFO - [2023-03-07T18:25:43.543+0530] {dag.py:2690} INFO - Sync 1 DAGs
[2023-03-07T18:25:43.569+0530] {logging_mixin.py:137} INFO - [2023-03-07T18:25:43.569+0530] {dag.py:3437} INFO - Setting next_dagrun for example_branch_labels to 2023-03-06T00:00:00+00:00, run_after=2023-03-07T00:00:00+00:00
[2023-03-07T18:25:43.601+0530] {processor.py:175} INFO - Processing /home/ris/PycharmProjects/pythonProject/USA-housing/venv/lib/python3.10/site-packages/airflow/example_dags/example_branch_labels.py took 0.103 seconds
[2023-03-07T18:26:29.077+0530] {processor.py:153} INFO - Started process (PID=8591) to work on /home/ris/PycharmProjects/pythonProject/USA-housing/venv/lib/python3.10/site-packages/airflow/example_dags/example_branch_labels.py
[2023-03-07T18:26:29.079+0530] {processor.py:743} INFO - Processing file /home/ris/PycharmProjects/pythonProject/USA-housing/venv/lib/python3.10/site-packages/airflow/example_dags/example_branch_labels.py for tasks to queue
[2023-03-07T18:26:29.080+0530] {logging_mixin.py:137} INFO - [2023-03-07T18:26:29.079+0530] {dagbag.py:538} INFO - Filling up the DagBag from /home/ris/PycharmProjects/pythonProject/USA-housing/venv/lib/python3.10/site-packages/airflow/example_dags/example_branch_labels.py
[2023-03-07T18:26:29.089+0530] {processor.py:753} INFO - DAG(s) dict_keys(['example_branch_labels']) retrieved from /home/ris/PycharmProjects/pythonProject/USA-housing/venv/lib/python3.10/site-packages/airflow/example_dags/example_branch_labels.py
[2023-03-07T18:26:29.108+0530] {logging_mixin.py:137} INFO - [2023-03-07T18:26:29.108+0530] {dag.py:2690} INFO - Sync 1 DAGs
[2023-03-07T18:26:29.129+0530] {logging_mixin.py:137} INFO - [2023-03-07T18:26:29.129+0530] {dag.py:3437} INFO - Setting next_dagrun for example_branch_labels to 2023-03-06T00:00:00+00:00, run_after=2023-03-07T00:00:00+00:00
[2023-03-07T18:26:29.154+0530] {processor.py:175} INFO - Processing /home/ris/PycharmProjects/pythonProject/USA-housing/venv/lib/python3.10/site-packages/airflow/example_dags/example_branch_labels.py took 0.079 seconds
[2023-03-07T18:27:23.654+0530] {processor.py:153} INFO - Started process (PID=8688) to work on /home/ris/PycharmProjects/pythonProject/USA-housing/venv/lib/python3.10/site-packages/airflow/example_dags/example_branch_labels.py
[2023-03-07T18:27:23.657+0530] {processor.py:743} INFO - Processing file /home/ris/PycharmProjects/pythonProject/USA-housing/venv/lib/python3.10/site-packages/airflow/example_dags/example_branch_labels.py for tasks to queue
[2023-03-07T18:27:23.658+0530] {logging_mixin.py:137} INFO - [2023-03-07T18:27:23.658+0530] {dagbag.py:538} INFO - Filling up the DagBag from /home/ris/PycharmProjects/pythonProject/USA-housing/venv/lib/python3.10/site-packages/airflow/example_dags/example_branch_labels.py
[2023-03-07T18:27:23.669+0530] {processor.py:753} INFO - DAG(s) dict_keys(['example_branch_labels']) retrieved from /home/ris/PycharmProjects/pythonProject/USA-housing/venv/lib/python3.10/site-packages/airflow/example_dags/example_branch_labels.py
[2023-03-07T18:27:23.697+0530] {logging_mixin.py:137} INFO - [2023-03-07T18:27:23.697+0530] {dag.py:2690} INFO - Sync 1 DAGs
[2023-03-07T18:27:23.722+0530] {logging_mixin.py:137} INFO - [2023-03-07T18:27:23.722+0530] {dag.py:3437} INFO - Setting next_dagrun for example_branch_labels to 2023-03-06T00:00:00+00:00, run_after=2023-03-07T00:00:00+00:00
[2023-03-07T18:27:23.746+0530] {processor.py:175} INFO - Processing /home/ris/PycharmProjects/pythonProject/USA-housing/venv/lib/python3.10/site-packages/airflow/example_dags/example_branch_labels.py took 0.096 seconds
[2023-03-07T18:28:08.319+0530] {processor.py:153} INFO - Started process (PID=8738) to work on /home/ris/PycharmProjects/pythonProject/USA-housing/venv/lib/python3.10/site-packages/airflow/example_dags/example_branch_labels.py
[2023-03-07T18:28:08.320+0530] {processor.py:743} INFO - Processing file /home/ris/PycharmProjects/pythonProject/USA-housing/venv/lib/python3.10/site-packages/airflow/example_dags/example_branch_labels.py for tasks to queue
[2023-03-07T18:28:08.321+0530] {logging_mixin.py:137} INFO - [2023-03-07T18:28:08.321+0530] {dagbag.py:538} INFO - Filling up the DagBag from /home/ris/PycharmProjects/pythonProject/USA-housing/venv/lib/python3.10/site-packages/airflow/example_dags/example_branch_labels.py
[2023-03-07T18:28:08.330+0530] {processor.py:753} INFO - DAG(s) dict_keys(['example_branch_labels']) retrieved from /home/ris/PycharmProjects/pythonProject/USA-housing/venv/lib/python3.10/site-packages/airflow/example_dags/example_branch_labels.py
[2023-03-07T18:28:08.348+0530] {logging_mixin.py:137} INFO - [2023-03-07T18:28:08.348+0530] {dag.py:2690} INFO - Sync 1 DAGs
[2023-03-07T18:28:08.368+0530] {logging_mixin.py:137} INFO - [2023-03-07T18:28:08.367+0530] {dag.py:3437} INFO - Setting next_dagrun for example_branch_labels to 2023-03-06T00:00:00+00:00, run_after=2023-03-07T00:00:00+00:00
[2023-03-07T18:28:08.391+0530] {processor.py:175} INFO - Processing /home/ris/PycharmProjects/pythonProject/USA-housing/venv/lib/python3.10/site-packages/airflow/example_dags/example_branch_labels.py took 0.076 seconds
[2023-03-07T18:28:53.165+0530] {processor.py:153} INFO - Started process (PID=8802) to work on /home/ris/PycharmProjects/pythonProject/USA-housing/venv/lib/python3.10/site-packages/airflow/example_dags/example_branch_labels.py
[2023-03-07T18:28:53.166+0530] {processor.py:743} INFO - Processing file /home/ris/PycharmProjects/pythonProject/USA-housing/venv/lib/python3.10/site-packages/airflow/example_dags/example_branch_labels.py for tasks to queue
[2023-03-07T18:28:53.167+0530] {logging_mixin.py:137} INFO - [2023-03-07T18:28:53.167+0530] {dagbag.py:538} INFO - Filling up the DagBag from /home/ris/PycharmProjects/pythonProject/USA-housing/venv/lib/python3.10/site-packages/airflow/example_dags/example_branch_labels.py
[2023-03-07T18:28:53.172+0530] {processor.py:753} INFO - DAG(s) dict_keys(['example_branch_labels']) retrieved from /home/ris/PycharmProjects/pythonProject/USA-housing/venv/lib/python3.10/site-packages/airflow/example_dags/example_branch_labels.py
[2023-03-07T18:28:53.188+0530] {logging_mixin.py:137} INFO - [2023-03-07T18:28:53.188+0530] {dag.py:2690} INFO - Sync 1 DAGs
[2023-03-07T18:28:53.204+0530] {logging_mixin.py:137} INFO - [2023-03-07T18:28:53.204+0530] {dag.py:3437} INFO - Setting next_dagrun for example_branch_labels to 2023-03-06T00:00:00+00:00, run_after=2023-03-07T00:00:00+00:00
[2023-03-07T18:28:53.226+0530] {processor.py:175} INFO - Processing /home/ris/PycharmProjects/pythonProject/USA-housing/venv/lib/python3.10/site-packages/airflow/example_dags/example_branch_labels.py took 0.063 seconds
[2023-03-07T18:29:40.330+0530] {processor.py:153} INFO - Started process (PID=8858) to work on /home/ris/PycharmProjects/pythonProject/USA-housing/venv/lib/python3.10/site-packages/airflow/example_dags/example_branch_labels.py
[2023-03-07T18:29:40.332+0530] {processor.py:743} INFO - Processing file /home/ris/PycharmProjects/pythonProject/USA-housing/venv/lib/python3.10/site-packages/airflow/example_dags/example_branch_labels.py for tasks to queue
[2023-03-07T18:29:40.333+0530] {logging_mixin.py:137} INFO - [2023-03-07T18:29:40.332+0530] {dagbag.py:538} INFO - Filling up the DagBag from /home/ris/PycharmProjects/pythonProject/USA-housing/venv/lib/python3.10/site-packages/airflow/example_dags/example_branch_labels.py
[2023-03-07T18:29:40.341+0530] {processor.py:753} INFO - DAG(s) dict_keys(['example_branch_labels']) retrieved from /home/ris/PycharmProjects/pythonProject/USA-housing/venv/lib/python3.10/site-packages/airflow/example_dags/example_branch_labels.py
[2023-03-07T18:29:40.359+0530] {logging_mixin.py:137} INFO - [2023-03-07T18:29:40.358+0530] {dag.py:2690} INFO - Sync 1 DAGs
[2023-03-07T18:29:40.376+0530] {logging_mixin.py:137} INFO - [2023-03-07T18:29:40.376+0530] {dag.py:3437} INFO - Setting next_dagrun for example_branch_labels to 2023-03-06T00:00:00+00:00, run_after=2023-03-07T00:00:00+00:00
[2023-03-07T18:29:40.396+0530] {processor.py:175} INFO - Processing /home/ris/PycharmProjects/pythonProject/USA-housing/venv/lib/python3.10/site-packages/airflow/example_dags/example_branch_labels.py took 0.068 seconds
[2023-03-07T18:30:28.492+0530] {processor.py:153} INFO - Started process (PID=8930) to work on /home/ris/PycharmProjects/pythonProject/USA-housing/venv/lib/python3.10/site-packages/airflow/example_dags/example_branch_labels.py
[2023-03-07T18:30:28.494+0530] {processor.py:743} INFO - Processing file /home/ris/PycharmProjects/pythonProject/USA-housing/venv/lib/python3.10/site-packages/airflow/example_dags/example_branch_labels.py for tasks to queue
[2023-03-07T18:30:28.495+0530] {logging_mixin.py:137} INFO - [2023-03-07T18:30:28.495+0530] {dagbag.py:538} INFO - Filling up the DagBag from /home/ris/PycharmProjects/pythonProject/USA-housing/venv/lib/python3.10/site-packages/airflow/example_dags/example_branch_labels.py
[2023-03-07T18:30:28.502+0530] {processor.py:753} INFO - DAG(s) dict_keys(['example_branch_labels']) retrieved from /home/ris/PycharmProjects/pythonProject/USA-housing/venv/lib/python3.10/site-packages/airflow/example_dags/example_branch_labels.py
[2023-03-07T18:30:28.520+0530] {logging_mixin.py:137} INFO - [2023-03-07T18:30:28.520+0530] {dag.py:2690} INFO - Sync 1 DAGs
[2023-03-07T18:30:28.540+0530] {logging_mixin.py:137} INFO - [2023-03-07T18:30:28.540+0530] {dag.py:3437} INFO - Setting next_dagrun for example_branch_labels to 2023-03-06T00:00:00+00:00, run_after=2023-03-07T00:00:00+00:00
[2023-03-07T18:30:28.562+0530] {processor.py:175} INFO - Processing /home/ris/PycharmProjects/pythonProject/USA-housing/venv/lib/python3.10/site-packages/airflow/example_dags/example_branch_labels.py took 0.073 seconds
[2023-03-07T18:31:22.076+0530] {processor.py:153} INFO - Started process (PID=9014) to work on /home/ris/PycharmProjects/pythonProject/USA-housing/venv/lib/python3.10/site-packages/airflow/example_dags/example_branch_labels.py
[2023-03-07T18:31:22.078+0530] {processor.py:743} INFO - Processing file /home/ris/PycharmProjects/pythonProject/USA-housing/venv/lib/python3.10/site-packages/airflow/example_dags/example_branch_labels.py for tasks to queue
[2023-03-07T18:31:22.079+0530] {logging_mixin.py:137} INFO - [2023-03-07T18:31:22.079+0530] {dagbag.py:538} INFO - Filling up the DagBag from /home/ris/PycharmProjects/pythonProject/USA-housing/venv/lib/python3.10/site-packages/airflow/example_dags/example_branch_labels.py
[2023-03-07T18:31:22.086+0530] {processor.py:753} INFO - DAG(s) dict_keys(['example_branch_labels']) retrieved from /home/ris/PycharmProjects/pythonProject/USA-housing/venv/lib/python3.10/site-packages/airflow/example_dags/example_branch_labels.py
[2023-03-07T18:31:22.103+0530] {logging_mixin.py:137} INFO - [2023-03-07T18:31:22.103+0530] {dag.py:2690} INFO - Sync 1 DAGs
[2023-03-07T18:31:22.121+0530] {logging_mixin.py:137} INFO - [2023-03-07T18:31:22.121+0530] {dag.py:3437} INFO - Setting next_dagrun for example_branch_labels to 2023-03-06T00:00:00+00:00, run_after=2023-03-07T00:00:00+00:00
[2023-03-07T18:31:22.140+0530] {processor.py:175} INFO - Processing /home/ris/PycharmProjects/pythonProject/USA-housing/venv/lib/python3.10/site-packages/airflow/example_dags/example_branch_labels.py took 0.066 seconds
[2023-03-07T18:32:12.565+0530] {processor.py:153} INFO - Started process (PID=9102) to work on /home/ris/PycharmProjects/pythonProject/USA-housing/venv/lib/python3.10/site-packages/airflow/example_dags/example_branch_labels.py
[2023-03-07T18:32:12.567+0530] {processor.py:743} INFO - Processing file /home/ris/PycharmProjects/pythonProject/USA-housing/venv/lib/python3.10/site-packages/airflow/example_dags/example_branch_labels.py for tasks to queue
[2023-03-07T18:32:12.567+0530] {logging_mixin.py:137} INFO - [2023-03-07T18:32:12.567+0530] {dagbag.py:538} INFO - Filling up the DagBag from /home/ris/PycharmProjects/pythonProject/USA-housing/venv/lib/python3.10/site-packages/airflow/example_dags/example_branch_labels.py
[2023-03-07T18:32:12.576+0530] {processor.py:753} INFO - DAG(s) dict_keys(['example_branch_labels']) retrieved from /home/ris/PycharmProjects/pythonProject/USA-housing/venv/lib/python3.10/site-packages/airflow/example_dags/example_branch_labels.py
[2023-03-07T18:32:12.592+0530] {logging_mixin.py:137} INFO - [2023-03-07T18:32:12.592+0530] {dag.py:2690} INFO - Sync 1 DAGs
[2023-03-07T18:32:12.609+0530] {logging_mixin.py:137} INFO - [2023-03-07T18:32:12.608+0530] {dag.py:3437} INFO - Setting next_dagrun for example_branch_labels to 2023-03-06T00:00:00+00:00, run_after=2023-03-07T00:00:00+00:00
[2023-03-07T18:32:12.629+0530] {processor.py:175} INFO - Processing /home/ris/PycharmProjects/pythonProject/USA-housing/venv/lib/python3.10/site-packages/airflow/example_dags/example_branch_labels.py took 0.068 seconds
[2023-03-07T18:32:58.303+0530] {processor.py:153} INFO - Started process (PID=9156) to work on /home/ris/PycharmProjects/pythonProject/USA-housing/venv/lib/python3.10/site-packages/airflow/example_dags/example_branch_labels.py
[2023-03-07T18:32:58.305+0530] {processor.py:743} INFO - Processing file /home/ris/PycharmProjects/pythonProject/USA-housing/venv/lib/python3.10/site-packages/airflow/example_dags/example_branch_labels.py for tasks to queue
[2023-03-07T18:32:58.305+0530] {logging_mixin.py:137} INFO - [2023-03-07T18:32:58.305+0530] {dagbag.py:538} INFO - Filling up the DagBag from /home/ris/PycharmProjects/pythonProject/USA-housing/venv/lib/python3.10/site-packages/airflow/example_dags/example_branch_labels.py
[2023-03-07T18:32:58.313+0530] {processor.py:753} INFO - DAG(s) dict_keys(['example_branch_labels']) retrieved from /home/ris/PycharmProjects/pythonProject/USA-housing/venv/lib/python3.10/site-packages/airflow/example_dags/example_branch_labels.py
[2023-03-07T18:32:58.330+0530] {logging_mixin.py:137} INFO - [2023-03-07T18:32:58.330+0530] {dag.py:2690} INFO - Sync 1 DAGs
[2023-03-07T18:32:58.348+0530] {logging_mixin.py:137} INFO - [2023-03-07T18:32:58.348+0530] {dag.py:3437} INFO - Setting next_dagrun for example_branch_labels to 2023-03-06T00:00:00+00:00, run_after=2023-03-07T00:00:00+00:00
[2023-03-07T18:32:58.368+0530] {processor.py:175} INFO - Processing /home/ris/PycharmProjects/pythonProject/USA-housing/venv/lib/python3.10/site-packages/airflow/example_dags/example_branch_labels.py took 0.068 seconds
[2023-03-07T18:33:49.420+0530] {processor.py:153} INFO - Started process (PID=9211) to work on /home/ris/PycharmProjects/pythonProject/USA-housing/venv/lib/python3.10/site-packages/airflow/example_dags/example_branch_labels.py
[2023-03-07T18:33:49.422+0530] {processor.py:743} INFO - Processing file /home/ris/PycharmProjects/pythonProject/USA-housing/venv/lib/python3.10/site-packages/airflow/example_dags/example_branch_labels.py for tasks to queue
[2023-03-07T18:33:49.423+0530] {logging_mixin.py:137} INFO - [2023-03-07T18:33:49.422+0530] {dagbag.py:538} INFO - Filling up the DagBag from /home/ris/PycharmProjects/pythonProject/USA-housing/venv/lib/python3.10/site-packages/airflow/example_dags/example_branch_labels.py
[2023-03-07T18:33:49.429+0530] {processor.py:753} INFO - DAG(s) dict_keys(['example_branch_labels']) retrieved from /home/ris/PycharmProjects/pythonProject/USA-housing/venv/lib/python3.10/site-packages/airflow/example_dags/example_branch_labels.py
[2023-03-07T18:33:49.445+0530] {logging_mixin.py:137} INFO - [2023-03-07T18:33:49.445+0530] {dag.py:2690} INFO - Sync 1 DAGs
[2023-03-07T18:33:49.464+0530] {logging_mixin.py:137} INFO - [2023-03-07T18:33:49.464+0530] {dag.py:3437} INFO - Setting next_dagrun for example_branch_labels to 2023-03-06T00:00:00+00:00, run_after=2023-03-07T00:00:00+00:00
[2023-03-07T18:33:49.483+0530] {processor.py:175} INFO - Processing /home/ris/PycharmProjects/pythonProject/USA-housing/venv/lib/python3.10/site-packages/airflow/example_dags/example_branch_labels.py took 0.066 seconds
[2023-03-07T18:34:34.111+0530] {processor.py:153} INFO - Started process (PID=9263) to work on /home/ris/PycharmProjects/pythonProject/USA-housing/venv/lib/python3.10/site-packages/airflow/example_dags/example_branch_labels.py
[2023-03-07T18:34:34.113+0530] {processor.py:743} INFO - Processing file /home/ris/PycharmProjects/pythonProject/USA-housing/venv/lib/python3.10/site-packages/airflow/example_dags/example_branch_labels.py for tasks to queue
[2023-03-07T18:34:34.113+0530] {logging_mixin.py:137} INFO - [2023-03-07T18:34:34.113+0530] {dagbag.py:538} INFO - Filling up the DagBag from /home/ris/PycharmProjects/pythonProject/USA-housing/venv/lib/python3.10/site-packages/airflow/example_dags/example_branch_labels.py
[2023-03-07T18:34:34.121+0530] {processor.py:753} INFO - DAG(s) dict_keys(['example_branch_labels']) retrieved from /home/ris/PycharmProjects/pythonProject/USA-housing/venv/lib/python3.10/site-packages/airflow/example_dags/example_branch_labels.py
[2023-03-07T18:34:34.138+0530] {logging_mixin.py:137} INFO - [2023-03-07T18:34:34.138+0530] {dag.py:2690} INFO - Sync 1 DAGs
[2023-03-07T18:34:34.156+0530] {logging_mixin.py:137} INFO - [2023-03-07T18:34:34.156+0530] {dag.py:3437} INFO - Setting next_dagrun for example_branch_labels to 2023-03-06T00:00:00+00:00, run_after=2023-03-07T00:00:00+00:00
[2023-03-07T18:34:34.176+0530] {processor.py:175} INFO - Processing /home/ris/PycharmProjects/pythonProject/USA-housing/venv/lib/python3.10/site-packages/airflow/example_dags/example_branch_labels.py took 0.067 seconds
[2023-03-07T18:35:21.454+0530] {processor.py:153} INFO - Started process (PID=9337) to work on /home/ris/PycharmProjects/pythonProject/USA-housing/venv/lib/python3.10/site-packages/airflow/example_dags/example_branch_labels.py
[2023-03-07T18:35:21.456+0530] {processor.py:743} INFO - Processing file /home/ris/PycharmProjects/pythonProject/USA-housing/venv/lib/python3.10/site-packages/airflow/example_dags/example_branch_labels.py for tasks to queue
[2023-03-07T18:35:21.457+0530] {logging_mixin.py:137} INFO - [2023-03-07T18:35:21.457+0530] {dagbag.py:538} INFO - Filling up the DagBag from /home/ris/PycharmProjects/pythonProject/USA-housing/venv/lib/python3.10/site-packages/airflow/example_dags/example_branch_labels.py
[2023-03-07T18:35:21.463+0530] {processor.py:753} INFO - DAG(s) dict_keys(['example_branch_labels']) retrieved from /home/ris/PycharmProjects/pythonProject/USA-housing/venv/lib/python3.10/site-packages/airflow/example_dags/example_branch_labels.py
[2023-03-07T18:35:21.480+0530] {logging_mixin.py:137} INFO - [2023-03-07T18:35:21.479+0530] {dag.py:2690} INFO - Sync 1 DAGs
[2023-03-07T18:35:21.497+0530] {logging_mixin.py:137} INFO - [2023-03-07T18:35:21.497+0530] {dag.py:3437} INFO - Setting next_dagrun for example_branch_labels to 2023-03-06T00:00:00+00:00, run_after=2023-03-07T00:00:00+00:00
[2023-03-07T18:35:21.515+0530] {processor.py:175} INFO - Processing /home/ris/PycharmProjects/pythonProject/USA-housing/venv/lib/python3.10/site-packages/airflow/example_dags/example_branch_labels.py took 0.063 seconds
[2023-03-07T18:36:12.695+0530] {processor.py:153} INFO - Started process (PID=9394) to work on /home/ris/PycharmProjects/pythonProject/USA-housing/venv/lib/python3.10/site-packages/airflow/example_dags/example_branch_labels.py
[2023-03-07T18:36:12.697+0530] {processor.py:743} INFO - Processing file /home/ris/PycharmProjects/pythonProject/USA-housing/venv/lib/python3.10/site-packages/airflow/example_dags/example_branch_labels.py for tasks to queue
[2023-03-07T18:36:12.700+0530] {logging_mixin.py:137} INFO - [2023-03-07T18:36:12.700+0530] {dagbag.py:538} INFO - Filling up the DagBag from /home/ris/PycharmProjects/pythonProject/USA-housing/venv/lib/python3.10/site-packages/airflow/example_dags/example_branch_labels.py
[2023-03-07T18:36:12.713+0530] {processor.py:753} INFO - DAG(s) dict_keys(['example_branch_labels']) retrieved from /home/ris/PycharmProjects/pythonProject/USA-housing/venv/lib/python3.10/site-packages/airflow/example_dags/example_branch_labels.py
[2023-03-07T18:36:12.743+0530] {logging_mixin.py:137} INFO - [2023-03-07T18:36:12.743+0530] {dag.py:2690} INFO - Sync 1 DAGs
[2023-03-07T18:36:12.759+0530] {logging_mixin.py:137} INFO - [2023-03-07T18:36:12.759+0530] {dag.py:3437} INFO - Setting next_dagrun for example_branch_labels to 2023-03-06T00:00:00+00:00, run_after=2023-03-07T00:00:00+00:00
[2023-03-07T18:36:12.776+0530] {processor.py:175} INFO - Processing /home/ris/PycharmProjects/pythonProject/USA-housing/venv/lib/python3.10/site-packages/airflow/example_dags/example_branch_labels.py took 0.085 seconds
[2023-03-07T18:37:01.750+0530] {processor.py:153} INFO - Started process (PID=9465) to work on /home/ris/PycharmProjects/pythonProject/USA-housing/venv/lib/python3.10/site-packages/airflow/example_dags/example_branch_labels.py
[2023-03-07T18:37:01.752+0530] {processor.py:743} INFO - Processing file /home/ris/PycharmProjects/pythonProject/USA-housing/venv/lib/python3.10/site-packages/airflow/example_dags/example_branch_labels.py for tasks to queue
[2023-03-07T18:37:01.752+0530] {logging_mixin.py:137} INFO - [2023-03-07T18:37:01.752+0530] {dagbag.py:538} INFO - Filling up the DagBag from /home/ris/PycharmProjects/pythonProject/USA-housing/venv/lib/python3.10/site-packages/airflow/example_dags/example_branch_labels.py
[2023-03-07T18:37:01.759+0530] {processor.py:753} INFO - DAG(s) dict_keys(['example_branch_labels']) retrieved from /home/ris/PycharmProjects/pythonProject/USA-housing/venv/lib/python3.10/site-packages/airflow/example_dags/example_branch_labels.py
[2023-03-07T18:37:01.777+0530] {logging_mixin.py:137} INFO - [2023-03-07T18:37:01.777+0530] {dag.py:2690} INFO - Sync 1 DAGs
[2023-03-07T18:37:01.800+0530] {logging_mixin.py:137} INFO - [2023-03-07T18:37:01.799+0530] {dag.py:3437} INFO - Setting next_dagrun for example_branch_labels to 2023-03-06T00:00:00+00:00, run_after=2023-03-07T00:00:00+00:00
[2023-03-07T18:37:01.824+0530] {processor.py:175} INFO - Processing /home/ris/PycharmProjects/pythonProject/USA-housing/venv/lib/python3.10/site-packages/airflow/example_dags/example_branch_labels.py took 0.077 seconds
[2023-03-07T18:37:54.102+0530] {processor.py:153} INFO - Started process (PID=9548) to work on /home/ris/PycharmProjects/pythonProject/USA-housing/venv/lib/python3.10/site-packages/airflow/example_dags/example_branch_labels.py
[2023-03-07T18:37:54.105+0530] {processor.py:743} INFO - Processing file /home/ris/PycharmProjects/pythonProject/USA-housing/venv/lib/python3.10/site-packages/airflow/example_dags/example_branch_labels.py for tasks to queue
[2023-03-07T18:37:54.105+0530] {logging_mixin.py:137} INFO - [2023-03-07T18:37:54.105+0530] {dagbag.py:538} INFO - Filling up the DagBag from /home/ris/PycharmProjects/pythonProject/USA-housing/venv/lib/python3.10/site-packages/airflow/example_dags/example_branch_labels.py
[2023-03-07T18:37:54.111+0530] {processor.py:753} INFO - DAG(s) dict_keys(['example_branch_labels']) retrieved from /home/ris/PycharmProjects/pythonProject/USA-housing/venv/lib/python3.10/site-packages/airflow/example_dags/example_branch_labels.py
[2023-03-07T18:37:54.127+0530] {logging_mixin.py:137} INFO - [2023-03-07T18:37:54.126+0530] {dag.py:2690} INFO - Sync 1 DAGs
[2023-03-07T18:37:54.143+0530] {logging_mixin.py:137} INFO - [2023-03-07T18:37:54.143+0530] {dag.py:3437} INFO - Setting next_dagrun for example_branch_labels to 2023-03-06T00:00:00+00:00, run_after=2023-03-07T00:00:00+00:00
[2023-03-07T18:37:54.161+0530] {processor.py:175} INFO - Processing /home/ris/PycharmProjects/pythonProject/USA-housing/venv/lib/python3.10/site-packages/airflow/example_dags/example_branch_labels.py took 0.063 seconds
[2023-03-07T18:38:44.485+0530] {processor.py:153} INFO - Started process (PID=9631) to work on /home/ris/PycharmProjects/pythonProject/USA-housing/venv/lib/python3.10/site-packages/airflow/example_dags/example_branch_labels.py
[2023-03-07T18:38:44.487+0530] {processor.py:743} INFO - Processing file /home/ris/PycharmProjects/pythonProject/USA-housing/venv/lib/python3.10/site-packages/airflow/example_dags/example_branch_labels.py for tasks to queue
[2023-03-07T18:38:44.488+0530] {logging_mixin.py:137} INFO - [2023-03-07T18:38:44.488+0530] {dagbag.py:538} INFO - Filling up the DagBag from /home/ris/PycharmProjects/pythonProject/USA-housing/venv/lib/python3.10/site-packages/airflow/example_dags/example_branch_labels.py
[2023-03-07T18:38:44.501+0530] {processor.py:753} INFO - DAG(s) dict_keys(['example_branch_labels']) retrieved from /home/ris/PycharmProjects/pythonProject/USA-housing/venv/lib/python3.10/site-packages/airflow/example_dags/example_branch_labels.py
[2023-03-07T18:38:44.530+0530] {logging_mixin.py:137} INFO - [2023-03-07T18:38:44.530+0530] {dag.py:2690} INFO - Sync 1 DAGs
[2023-03-07T18:38:44.544+0530] {logging_mixin.py:137} INFO - [2023-03-07T18:38:44.544+0530] {dag.py:3437} INFO - Setting next_dagrun for example_branch_labels to 2023-03-06T00:00:00+00:00, run_after=2023-03-07T00:00:00+00:00
[2023-03-07T18:38:44.560+0530] {processor.py:175} INFO - Processing /home/ris/PycharmProjects/pythonProject/USA-housing/venv/lib/python3.10/site-packages/airflow/example_dags/example_branch_labels.py took 0.079 seconds
[2023-03-07T18:39:39.710+0530] {processor.py:153} INFO - Started process (PID=9694) to work on /home/ris/PycharmProjects/pythonProject/USA-housing/venv/lib/python3.10/site-packages/airflow/example_dags/example_branch_labels.py
[2023-03-07T18:39:39.712+0530] {processor.py:743} INFO - Processing file /home/ris/PycharmProjects/pythonProject/USA-housing/venv/lib/python3.10/site-packages/airflow/example_dags/example_branch_labels.py for tasks to queue
[2023-03-07T18:39:39.713+0530] {logging_mixin.py:137} INFO - [2023-03-07T18:39:39.713+0530] {dagbag.py:538} INFO - Filling up the DagBag from /home/ris/PycharmProjects/pythonProject/USA-housing/venv/lib/python3.10/site-packages/airflow/example_dags/example_branch_labels.py
[2023-03-07T18:39:39.725+0530] {processor.py:753} INFO - DAG(s) dict_keys(['example_branch_labels']) retrieved from /home/ris/PycharmProjects/pythonProject/USA-housing/venv/lib/python3.10/site-packages/airflow/example_dags/example_branch_labels.py
[2023-03-07T18:39:39.754+0530] {logging_mixin.py:137} INFO - [2023-03-07T18:39:39.754+0530] {dag.py:2690} INFO - Sync 1 DAGs
[2023-03-07T18:39:39.769+0530] {logging_mixin.py:137} INFO - [2023-03-07T18:39:39.769+0530] {dag.py:3437} INFO - Setting next_dagrun for example_branch_labels to 2023-03-06T00:00:00+00:00, run_after=2023-03-07T00:00:00+00:00
[2023-03-07T18:39:39.786+0530] {processor.py:175} INFO - Processing /home/ris/PycharmProjects/pythonProject/USA-housing/venv/lib/python3.10/site-packages/airflow/example_dags/example_branch_labels.py took 0.081 seconds
[2023-03-07T18:40:34.926+0530] {processor.py:153} INFO - Started process (PID=9753) to work on /home/ris/PycharmProjects/pythonProject/USA-housing/venv/lib/python3.10/site-packages/airflow/example_dags/example_branch_labels.py
[2023-03-07T18:40:34.927+0530] {processor.py:743} INFO - Processing file /home/ris/PycharmProjects/pythonProject/USA-housing/venv/lib/python3.10/site-packages/airflow/example_dags/example_branch_labels.py for tasks to queue
[2023-03-07T18:40:34.928+0530] {logging_mixin.py:137} INFO - [2023-03-07T18:40:34.928+0530] {dagbag.py:538} INFO - Filling up the DagBag from /home/ris/PycharmProjects/pythonProject/USA-housing/venv/lib/python3.10/site-packages/airflow/example_dags/example_branch_labels.py
[2023-03-07T18:40:34.940+0530] {processor.py:753} INFO - DAG(s) dict_keys(['example_branch_labels']) retrieved from /home/ris/PycharmProjects/pythonProject/USA-housing/venv/lib/python3.10/site-packages/airflow/example_dags/example_branch_labels.py
[2023-03-07T18:40:34.970+0530] {logging_mixin.py:137} INFO - [2023-03-07T18:40:34.970+0530] {dag.py:2690} INFO - Sync 1 DAGs
[2023-03-07T18:40:34.984+0530] {logging_mixin.py:137} INFO - [2023-03-07T18:40:34.984+0530] {dag.py:3437} INFO - Setting next_dagrun for example_branch_labels to 2023-03-06T00:00:00+00:00, run_after=2023-03-07T00:00:00+00:00
[2023-03-07T18:40:35.001+0530] {processor.py:175} INFO - Processing /home/ris/PycharmProjects/pythonProject/USA-housing/venv/lib/python3.10/site-packages/airflow/example_dags/example_branch_labels.py took 0.080 seconds
