[2023-03-07T16:10:50.580+0530] {processor.py:153} INFO - Started process (PID=14979) to work on /home/ris/PycharmProjects/pythonProject/USA-housing/venv/lib/python3.10/site-packages/airflow/example_dags/example_short_circuit_operator.py
[2023-03-07T16:10:50.582+0530] {processor.py:743} INFO - Processing file /home/ris/PycharmProjects/pythonProject/USA-housing/venv/lib/python3.10/site-packages/airflow/example_dags/example_short_circuit_operator.py for tasks to queue
[2023-03-07T16:10:50.583+0530] {logging_mixin.py:137} INFO - [2023-03-07T16:10:50.583+0530] {dagbag.py:538} INFO - Filling up the DagBag from /home/ris/PycharmProjects/pythonProject/USA-housing/venv/lib/python3.10/site-packages/airflow/example_dags/example_short_circuit_operator.py
[2023-03-07T16:10:50.617+0530] {processor.py:753} INFO - DAG(s) dict_keys(['example_short_circuit_operator']) retrieved from /home/ris/PycharmProjects/pythonProject/USA-housing/venv/lib/python3.10/site-packages/airflow/example_dags/example_short_circuit_operator.py
[2023-03-07T16:10:50.646+0530] {logging_mixin.py:137} INFO - [2023-03-07T16:10:50.646+0530] {dag.py:2690} INFO - Sync 1 DAGs
[2023-03-07T16:10:50.676+0530] {logging_mixin.py:137} INFO - [2023-03-07T16:10:50.676+0530] {dag.py:3437} INFO - Setting next_dagrun for example_short_circuit_operator to 2023-03-06T10:40:50.676013+00:00, run_after=2023-03-07T10:40:50.676013+00:00
[2023-03-07T16:10:50.713+0530] {processor.py:175} INFO - Processing /home/ris/PycharmProjects/pythonProject/USA-housing/venv/lib/python3.10/site-packages/airflow/example_dags/example_short_circuit_operator.py took 0.139 seconds
[2023-03-07T17:37:40.928+0530] {processor.py:153} INFO - Started process (PID=5604) to work on /home/ris/PycharmProjects/pythonProject/USA-housing/venv/lib/python3.10/site-packages/airflow/example_dags/example_short_circuit_operator.py
[2023-03-07T17:37:40.930+0530] {processor.py:743} INFO - Processing file /home/ris/PycharmProjects/pythonProject/USA-housing/venv/lib/python3.10/site-packages/airflow/example_dags/example_short_circuit_operator.py for tasks to queue
[2023-03-07T17:37:40.931+0530] {logging_mixin.py:137} INFO - [2023-03-07T17:37:40.931+0530] {dagbag.py:538} INFO - Filling up the DagBag from /home/ris/PycharmProjects/pythonProject/USA-housing/venv/lib/python3.10/site-packages/airflow/example_dags/example_short_circuit_operator.py
[2023-03-07T17:37:40.949+0530] {processor.py:753} INFO - DAG(s) dict_keys(['example_short_circuit_operator']) retrieved from /home/ris/PycharmProjects/pythonProject/USA-housing/venv/lib/python3.10/site-packages/airflow/example_dags/example_short_circuit_operator.py
[2023-03-07T17:37:40.988+0530] {logging_mixin.py:137} INFO - [2023-03-07T17:37:40.987+0530] {dag.py:2690} INFO - Sync 1 DAGs
[2023-03-07T17:37:41.014+0530] {logging_mixin.py:137} INFO - [2023-03-07T17:37:41.013+0530] {dag.py:3437} INFO - Setting next_dagrun for example_short_circuit_operator to 2023-03-06T12:07:41.013629+00:00, run_after=2023-03-07T12:07:41.013629+00:00
[2023-03-07T17:37:41.041+0530] {processor.py:175} INFO - Processing /home/ris/PycharmProjects/pythonProject/USA-housing/venv/lib/python3.10/site-packages/airflow/example_dags/example_short_circuit_operator.py took 0.115 seconds
[2023-03-07T17:38:51.323+0530] {processor.py:153} INFO - Started process (PID=5768) to work on /home/ris/PycharmProjects/pythonProject/USA-housing/venv/lib/python3.10/site-packages/airflow/example_dags/example_short_circuit_operator.py
[2023-03-07T17:38:51.326+0530] {processor.py:743} INFO - Processing file /home/ris/PycharmProjects/pythonProject/USA-housing/venv/lib/python3.10/site-packages/airflow/example_dags/example_short_circuit_operator.py for tasks to queue
[2023-03-07T17:38:51.327+0530] {logging_mixin.py:137} INFO - [2023-03-07T17:38:51.327+0530] {dagbag.py:538} INFO - Filling up the DagBag from /home/ris/PycharmProjects/pythonProject/USA-housing/venv/lib/python3.10/site-packages/airflow/example_dags/example_short_circuit_operator.py
[2023-03-07T17:38:51.367+0530] {processor.py:753} INFO - DAG(s) dict_keys(['example_short_circuit_operator']) retrieved from /home/ris/PycharmProjects/pythonProject/USA-housing/venv/lib/python3.10/site-packages/airflow/example_dags/example_short_circuit_operator.py
[2023-03-07T17:38:51.388+0530] {logging_mixin.py:137} INFO - [2023-03-07T17:38:51.388+0530] {dag.py:2690} INFO - Sync 1 DAGs
[2023-03-07T17:38:51.409+0530] {logging_mixin.py:137} INFO - [2023-03-07T17:38:51.409+0530] {dag.py:3437} INFO - Setting next_dagrun for example_short_circuit_operator to 2023-03-06T12:08:51.408790+00:00, run_after=2023-03-07T12:08:51.408790+00:00
[2023-03-07T17:38:51.430+0530] {processor.py:175} INFO - Processing /home/ris/PycharmProjects/pythonProject/USA-housing/venv/lib/python3.10/site-packages/airflow/example_dags/example_short_circuit_operator.py took 0.112 seconds
[2023-03-07T17:59:30.188+0530] {processor.py:153} INFO - Started process (PID=5932) to work on /home/ris/PycharmProjects/pythonProject/USA-housing/venv/lib/python3.10/site-packages/airflow/example_dags/example_short_circuit_operator.py
[2023-03-07T17:59:30.190+0530] {processor.py:743} INFO - Processing file /home/ris/PycharmProjects/pythonProject/USA-housing/venv/lib/python3.10/site-packages/airflow/example_dags/example_short_circuit_operator.py for tasks to queue
[2023-03-07T17:59:30.191+0530] {logging_mixin.py:137} INFO - [2023-03-07T17:59:30.191+0530] {dagbag.py:538} INFO - Filling up the DagBag from /home/ris/PycharmProjects/pythonProject/USA-housing/venv/lib/python3.10/site-packages/airflow/example_dags/example_short_circuit_operator.py
[2023-03-07T17:59:30.199+0530] {processor.py:753} INFO - DAG(s) dict_keys(['example_short_circuit_operator']) retrieved from /home/ris/PycharmProjects/pythonProject/USA-housing/venv/lib/python3.10/site-packages/airflow/example_dags/example_short_circuit_operator.py
[2023-03-07T17:59:30.217+0530] {logging_mixin.py:137} INFO - [2023-03-07T17:59:30.217+0530] {dag.py:2690} INFO - Sync 1 DAGs
[2023-03-07T17:59:30.239+0530] {logging_mixin.py:137} INFO - [2023-03-07T17:59:30.239+0530] {dag.py:3437} INFO - Setting next_dagrun for example_short_circuit_operator to 2023-03-06T12:29:30.238924+00:00, run_after=2023-03-07T12:29:30.238924+00:00
[2023-03-07T17:59:30.259+0530] {processor.py:175} INFO - Processing /home/ris/PycharmProjects/pythonProject/USA-housing/venv/lib/python3.10/site-packages/airflow/example_dags/example_short_circuit_operator.py took 0.073 seconds
[2023-03-07T18:00:15.384+0530] {processor.py:153} INFO - Started process (PID=5975) to work on /home/ris/PycharmProjects/pythonProject/USA-housing/venv/lib/python3.10/site-packages/airflow/example_dags/example_short_circuit_operator.py
[2023-03-07T18:00:15.386+0530] {processor.py:743} INFO - Processing file /home/ris/PycharmProjects/pythonProject/USA-housing/venv/lib/python3.10/site-packages/airflow/example_dags/example_short_circuit_operator.py for tasks to queue
[2023-03-07T18:00:15.386+0530] {logging_mixin.py:137} INFO - [2023-03-07T18:00:15.386+0530] {dagbag.py:538} INFO - Filling up the DagBag from /home/ris/PycharmProjects/pythonProject/USA-housing/venv/lib/python3.10/site-packages/airflow/example_dags/example_short_circuit_operator.py
[2023-03-07T18:00:15.394+0530] {processor.py:753} INFO - DAG(s) dict_keys(['example_short_circuit_operator']) retrieved from /home/ris/PycharmProjects/pythonProject/USA-housing/venv/lib/python3.10/site-packages/airflow/example_dags/example_short_circuit_operator.py
[2023-03-07T18:00:15.416+0530] {logging_mixin.py:137} INFO - [2023-03-07T18:00:15.415+0530] {dag.py:2690} INFO - Sync 1 DAGs
[2023-03-07T18:00:15.435+0530] {logging_mixin.py:137} INFO - [2023-03-07T18:00:15.435+0530] {dag.py:3437} INFO - Setting next_dagrun for example_short_circuit_operator to 2023-03-06T12:30:15.435458+00:00, run_after=2023-03-07T12:30:15.435458+00:00
[2023-03-07T18:00:15.455+0530] {processor.py:175} INFO - Processing /home/ris/PycharmProjects/pythonProject/USA-housing/venv/lib/python3.10/site-packages/airflow/example_dags/example_short_circuit_operator.py took 0.074 seconds
[2023-03-07T18:00:58.699+0530] {processor.py:153} INFO - Started process (PID=6022) to work on /home/ris/PycharmProjects/pythonProject/USA-housing/venv/lib/python3.10/site-packages/airflow/example_dags/example_short_circuit_operator.py
[2023-03-07T18:00:58.701+0530] {processor.py:743} INFO - Processing file /home/ris/PycharmProjects/pythonProject/USA-housing/venv/lib/python3.10/site-packages/airflow/example_dags/example_short_circuit_operator.py for tasks to queue
[2023-03-07T18:00:58.702+0530] {logging_mixin.py:137} INFO - [2023-03-07T18:00:58.702+0530] {dagbag.py:538} INFO - Filling up the DagBag from /home/ris/PycharmProjects/pythonProject/USA-housing/venv/lib/python3.10/site-packages/airflow/example_dags/example_short_circuit_operator.py
[2023-03-07T18:00:58.710+0530] {processor.py:753} INFO - DAG(s) dict_keys(['example_short_circuit_operator']) retrieved from /home/ris/PycharmProjects/pythonProject/USA-housing/venv/lib/python3.10/site-packages/airflow/example_dags/example_short_circuit_operator.py
[2023-03-07T18:00:58.728+0530] {logging_mixin.py:137} INFO - [2023-03-07T18:00:58.728+0530] {dag.py:2690} INFO - Sync 1 DAGs
[2023-03-07T18:00:58.745+0530] {logging_mixin.py:137} INFO - [2023-03-07T18:00:58.745+0530] {dag.py:3437} INFO - Setting next_dagrun for example_short_circuit_operator to 2023-03-06T12:30:58.745121+00:00, run_after=2023-03-07T12:30:58.745121+00:00
[2023-03-07T18:00:58.763+0530] {processor.py:175} INFO - Processing /home/ris/PycharmProjects/pythonProject/USA-housing/venv/lib/python3.10/site-packages/airflow/example_dags/example_short_circuit_operator.py took 0.067 seconds
[2023-03-07T18:01:41.147+0530] {processor.py:153} INFO - Started process (PID=6069) to work on /home/ris/PycharmProjects/pythonProject/USA-housing/venv/lib/python3.10/site-packages/airflow/example_dags/example_short_circuit_operator.py
[2023-03-07T18:01:41.148+0530] {processor.py:743} INFO - Processing file /home/ris/PycharmProjects/pythonProject/USA-housing/venv/lib/python3.10/site-packages/airflow/example_dags/example_short_circuit_operator.py for tasks to queue
[2023-03-07T18:01:41.148+0530] {logging_mixin.py:137} INFO - [2023-03-07T18:01:41.148+0530] {dagbag.py:538} INFO - Filling up the DagBag from /home/ris/PycharmProjects/pythonProject/USA-housing/venv/lib/python3.10/site-packages/airflow/example_dags/example_short_circuit_operator.py
[2023-03-07T18:01:41.156+0530] {processor.py:753} INFO - DAG(s) dict_keys(['example_short_circuit_operator']) retrieved from /home/ris/PycharmProjects/pythonProject/USA-housing/venv/lib/python3.10/site-packages/airflow/example_dags/example_short_circuit_operator.py
[2023-03-07T18:01:41.176+0530] {logging_mixin.py:137} INFO - [2023-03-07T18:01:41.175+0530] {dag.py:2690} INFO - Sync 1 DAGs
[2023-03-07T18:01:41.192+0530] {logging_mixin.py:137} INFO - [2023-03-07T18:01:41.192+0530] {dag.py:3437} INFO - Setting next_dagrun for example_short_circuit_operator to 2023-03-06T12:31:41.191899+00:00, run_after=2023-03-07T12:31:41.191899+00:00
[2023-03-07T18:01:41.212+0530] {processor.py:175} INFO - Processing /home/ris/PycharmProjects/pythonProject/USA-housing/venv/lib/python3.10/site-packages/airflow/example_dags/example_short_circuit_operator.py took 0.068 seconds
[2023-03-07T18:02:24.467+0530] {processor.py:153} INFO - Started process (PID=6116) to work on /home/ris/PycharmProjects/pythonProject/USA-housing/venv/lib/python3.10/site-packages/airflow/example_dags/example_short_circuit_operator.py
[2023-03-07T18:02:24.469+0530] {processor.py:743} INFO - Processing file /home/ris/PycharmProjects/pythonProject/USA-housing/venv/lib/python3.10/site-packages/airflow/example_dags/example_short_circuit_operator.py for tasks to queue
[2023-03-07T18:02:24.470+0530] {logging_mixin.py:137} INFO - [2023-03-07T18:02:24.470+0530] {dagbag.py:538} INFO - Filling up the DagBag from /home/ris/PycharmProjects/pythonProject/USA-housing/venv/lib/python3.10/site-packages/airflow/example_dags/example_short_circuit_operator.py
[2023-03-07T18:02:24.479+0530] {processor.py:753} INFO - DAG(s) dict_keys(['example_short_circuit_operator']) retrieved from /home/ris/PycharmProjects/pythonProject/USA-housing/venv/lib/python3.10/site-packages/airflow/example_dags/example_short_circuit_operator.py
[2023-03-07T18:02:24.503+0530] {logging_mixin.py:137} INFO - [2023-03-07T18:02:24.503+0530] {dag.py:2690} INFO - Sync 1 DAGs
[2023-03-07T18:02:24.520+0530] {logging_mixin.py:137} INFO - [2023-03-07T18:02:24.520+0530] {dag.py:3437} INFO - Setting next_dagrun for example_short_circuit_operator to 2023-03-06T12:32:24.519926+00:00, run_after=2023-03-07T12:32:24.519926+00:00
[2023-03-07T18:02:24.541+0530] {processor.py:175} INFO - Processing /home/ris/PycharmProjects/pythonProject/USA-housing/venv/lib/python3.10/site-packages/airflow/example_dags/example_short_circuit_operator.py took 0.076 seconds
[2023-03-07T18:03:04.229+0530] {processor.py:153} INFO - Started process (PID=6159) to work on /home/ris/PycharmProjects/pythonProject/USA-housing/venv/lib/python3.10/site-packages/airflow/example_dags/example_short_circuit_operator.py
[2023-03-07T18:03:04.231+0530] {processor.py:743} INFO - Processing file /home/ris/PycharmProjects/pythonProject/USA-housing/venv/lib/python3.10/site-packages/airflow/example_dags/example_short_circuit_operator.py for tasks to queue
[2023-03-07T18:03:04.232+0530] {logging_mixin.py:137} INFO - [2023-03-07T18:03:04.232+0530] {dagbag.py:538} INFO - Filling up the DagBag from /home/ris/PycharmProjects/pythonProject/USA-housing/venv/lib/python3.10/site-packages/airflow/example_dags/example_short_circuit_operator.py
[2023-03-07T18:03:04.240+0530] {processor.py:753} INFO - DAG(s) dict_keys(['example_short_circuit_operator']) retrieved from /home/ris/PycharmProjects/pythonProject/USA-housing/venv/lib/python3.10/site-packages/airflow/example_dags/example_short_circuit_operator.py
[2023-03-07T18:03:04.259+0530] {logging_mixin.py:137} INFO - [2023-03-07T18:03:04.259+0530] {dag.py:2690} INFO - Sync 1 DAGs
[2023-03-07T18:03:04.274+0530] {logging_mixin.py:137} INFO - [2023-03-07T18:03:04.274+0530] {dag.py:3437} INFO - Setting next_dagrun for example_short_circuit_operator to 2023-03-06T12:33:04.274101+00:00, run_after=2023-03-07T12:33:04.274101+00:00
[2023-03-07T18:03:04.294+0530] {processor.py:175} INFO - Processing /home/ris/PycharmProjects/pythonProject/USA-housing/venv/lib/python3.10/site-packages/airflow/example_dags/example_short_circuit_operator.py took 0.067 seconds
[2023-03-07T18:03:44.792+0530] {processor.py:153} INFO - Started process (PID=6206) to work on /home/ris/PycharmProjects/pythonProject/USA-housing/venv/lib/python3.10/site-packages/airflow/example_dags/example_short_circuit_operator.py
[2023-03-07T18:03:44.794+0530] {processor.py:743} INFO - Processing file /home/ris/PycharmProjects/pythonProject/USA-housing/venv/lib/python3.10/site-packages/airflow/example_dags/example_short_circuit_operator.py for tasks to queue
[2023-03-07T18:03:44.794+0530] {logging_mixin.py:137} INFO - [2023-03-07T18:03:44.794+0530] {dagbag.py:538} INFO - Filling up the DagBag from /home/ris/PycharmProjects/pythonProject/USA-housing/venv/lib/python3.10/site-packages/airflow/example_dags/example_short_circuit_operator.py
[2023-03-07T18:03:44.801+0530] {processor.py:753} INFO - DAG(s) dict_keys(['example_short_circuit_operator']) retrieved from /home/ris/PycharmProjects/pythonProject/USA-housing/venv/lib/python3.10/site-packages/airflow/example_dags/example_short_circuit_operator.py
[2023-03-07T18:03:44.818+0530] {logging_mixin.py:137} INFO - [2023-03-07T18:03:44.818+0530] {dag.py:2690} INFO - Sync 1 DAGs
[2023-03-07T18:03:44.832+0530] {logging_mixin.py:137} INFO - [2023-03-07T18:03:44.832+0530] {dag.py:3437} INFO - Setting next_dagrun for example_short_circuit_operator to 2023-03-06T12:33:44.832390+00:00, run_after=2023-03-07T12:33:44.832390+00:00
[2023-03-07T18:03:44.857+0530] {processor.py:175} INFO - Processing /home/ris/PycharmProjects/pythonProject/USA-housing/venv/lib/python3.10/site-packages/airflow/example_dags/example_short_circuit_operator.py took 0.069 seconds
[2023-03-07T18:04:31.537+0530] {processor.py:153} INFO - Started process (PID=6265) to work on /home/ris/PycharmProjects/pythonProject/USA-housing/venv/lib/python3.10/site-packages/airflow/example_dags/example_short_circuit_operator.py
[2023-03-07T18:04:31.539+0530] {processor.py:743} INFO - Processing file /home/ris/PycharmProjects/pythonProject/USA-housing/venv/lib/python3.10/site-packages/airflow/example_dags/example_short_circuit_operator.py for tasks to queue
[2023-03-07T18:04:31.539+0530] {logging_mixin.py:137} INFO - [2023-03-07T18:04:31.539+0530] {dagbag.py:538} INFO - Filling up the DagBag from /home/ris/PycharmProjects/pythonProject/USA-housing/venv/lib/python3.10/site-packages/airflow/example_dags/example_short_circuit_operator.py
[2023-03-07T18:04:31.546+0530] {processor.py:753} INFO - DAG(s) dict_keys(['example_short_circuit_operator']) retrieved from /home/ris/PycharmProjects/pythonProject/USA-housing/venv/lib/python3.10/site-packages/airflow/example_dags/example_short_circuit_operator.py
[2023-03-07T18:04:31.564+0530] {logging_mixin.py:137} INFO - [2023-03-07T18:04:31.564+0530] {dag.py:2690} INFO - Sync 1 DAGs
[2023-03-07T18:04:31.581+0530] {logging_mixin.py:137} INFO - [2023-03-07T18:04:31.581+0530] {dag.py:3437} INFO - Setting next_dagrun for example_short_circuit_operator to 2023-03-06T12:34:31.581510+00:00, run_after=2023-03-07T12:34:31.581510+00:00
[2023-03-07T18:04:31.600+0530] {processor.py:175} INFO - Processing /home/ris/PycharmProjects/pythonProject/USA-housing/venv/lib/python3.10/site-packages/airflow/example_dags/example_short_circuit_operator.py took 0.066 seconds
[2023-03-07T18:05:19.466+0530] {processor.py:153} INFO - Started process (PID=6317) to work on /home/ris/PycharmProjects/pythonProject/USA-housing/venv/lib/python3.10/site-packages/airflow/example_dags/example_short_circuit_operator.py
[2023-03-07T18:05:19.468+0530] {processor.py:743} INFO - Processing file /home/ris/PycharmProjects/pythonProject/USA-housing/venv/lib/python3.10/site-packages/airflow/example_dags/example_short_circuit_operator.py for tasks to queue
[2023-03-07T18:05:19.468+0530] {logging_mixin.py:137} INFO - [2023-03-07T18:05:19.468+0530] {dagbag.py:538} INFO - Filling up the DagBag from /home/ris/PycharmProjects/pythonProject/USA-housing/venv/lib/python3.10/site-packages/airflow/example_dags/example_short_circuit_operator.py
[2023-03-07T18:05:19.476+0530] {processor.py:753} INFO - DAG(s) dict_keys(['example_short_circuit_operator']) retrieved from /home/ris/PycharmProjects/pythonProject/USA-housing/venv/lib/python3.10/site-packages/airflow/example_dags/example_short_circuit_operator.py
[2023-03-07T18:05:19.493+0530] {logging_mixin.py:137} INFO - [2023-03-07T18:05:19.493+0530] {dag.py:2690} INFO - Sync 1 DAGs
[2023-03-07T18:05:19.515+0530] {logging_mixin.py:137} INFO - [2023-03-07T18:05:19.515+0530] {dag.py:3437} INFO - Setting next_dagrun for example_short_circuit_operator to 2023-03-06T12:35:19.515074+00:00, run_after=2023-03-07T12:35:19.515074+00:00
[2023-03-07T18:05:19.542+0530] {processor.py:175} INFO - Processing /home/ris/PycharmProjects/pythonProject/USA-housing/venv/lib/python3.10/site-packages/airflow/example_dags/example_short_circuit_operator.py took 0.080 seconds
[2023-03-07T18:06:07.911+0530] {processor.py:153} INFO - Started process (PID=6369) to work on /home/ris/PycharmProjects/pythonProject/USA-housing/venv/lib/python3.10/site-packages/airflow/example_dags/example_short_circuit_operator.py
[2023-03-07T18:06:07.914+0530] {processor.py:743} INFO - Processing file /home/ris/PycharmProjects/pythonProject/USA-housing/venv/lib/python3.10/site-packages/airflow/example_dags/example_short_circuit_operator.py for tasks to queue
[2023-03-07T18:06:07.915+0530] {logging_mixin.py:137} INFO - [2023-03-07T18:06:07.915+0530] {dagbag.py:538} INFO - Filling up the DagBag from /home/ris/PycharmProjects/pythonProject/USA-housing/venv/lib/python3.10/site-packages/airflow/example_dags/example_short_circuit_operator.py
[2023-03-07T18:06:07.925+0530] {processor.py:753} INFO - DAG(s) dict_keys(['example_short_circuit_operator']) retrieved from /home/ris/PycharmProjects/pythonProject/USA-housing/venv/lib/python3.10/site-packages/airflow/example_dags/example_short_circuit_operator.py
[2023-03-07T18:06:07.944+0530] {logging_mixin.py:137} INFO - [2023-03-07T18:06:07.944+0530] {dag.py:2690} INFO - Sync 1 DAGs
[2023-03-07T18:06:07.960+0530] {logging_mixin.py:137} INFO - [2023-03-07T18:06:07.960+0530] {dag.py:3437} INFO - Setting next_dagrun for example_short_circuit_operator to 2023-03-06T12:36:07.960175+00:00, run_after=2023-03-07T12:36:07.960175+00:00
[2023-03-07T18:06:07.984+0530] {processor.py:175} INFO - Processing /home/ris/PycharmProjects/pythonProject/USA-housing/venv/lib/python3.10/site-packages/airflow/example_dags/example_short_circuit_operator.py took 0.077 seconds
[2023-03-07T18:06:54.400+0530] {processor.py:153} INFO - Started process (PID=6423) to work on /home/ris/PycharmProjects/pythonProject/USA-housing/venv/lib/python3.10/site-packages/airflow/example_dags/example_short_circuit_operator.py
[2023-03-07T18:06:54.401+0530] {processor.py:743} INFO - Processing file /home/ris/PycharmProjects/pythonProject/USA-housing/venv/lib/python3.10/site-packages/airflow/example_dags/example_short_circuit_operator.py for tasks to queue
[2023-03-07T18:06:54.402+0530] {logging_mixin.py:137} INFO - [2023-03-07T18:06:54.402+0530] {dagbag.py:538} INFO - Filling up the DagBag from /home/ris/PycharmProjects/pythonProject/USA-housing/venv/lib/python3.10/site-packages/airflow/example_dags/example_short_circuit_operator.py
[2023-03-07T18:06:54.410+0530] {processor.py:753} INFO - DAG(s) dict_keys(['example_short_circuit_operator']) retrieved from /home/ris/PycharmProjects/pythonProject/USA-housing/venv/lib/python3.10/site-packages/airflow/example_dags/example_short_circuit_operator.py
[2023-03-07T18:06:54.428+0530] {logging_mixin.py:137} INFO - [2023-03-07T18:06:54.428+0530] {dag.py:2690} INFO - Sync 1 DAGs
[2023-03-07T18:06:54.444+0530] {logging_mixin.py:137} INFO - [2023-03-07T18:06:54.444+0530] {dag.py:3437} INFO - Setting next_dagrun for example_short_circuit_operator to 2023-03-06T12:36:54.444084+00:00, run_after=2023-03-07T12:36:54.444084+00:00
[2023-03-07T18:06:54.464+0530] {processor.py:175} INFO - Processing /home/ris/PycharmProjects/pythonProject/USA-housing/venv/lib/python3.10/site-packages/airflow/example_dags/example_short_circuit_operator.py took 0.067 seconds
[2023-03-07T18:07:43.946+0530] {processor.py:153} INFO - Started process (PID=6476) to work on /home/ris/PycharmProjects/pythonProject/USA-housing/venv/lib/python3.10/site-packages/airflow/example_dags/example_short_circuit_operator.py
[2023-03-07T18:07:43.947+0530] {processor.py:743} INFO - Processing file /home/ris/PycharmProjects/pythonProject/USA-housing/venv/lib/python3.10/site-packages/airflow/example_dags/example_short_circuit_operator.py for tasks to queue
[2023-03-07T18:07:43.948+0530] {logging_mixin.py:137} INFO - [2023-03-07T18:07:43.948+0530] {dagbag.py:538} INFO - Filling up the DagBag from /home/ris/PycharmProjects/pythonProject/USA-housing/venv/lib/python3.10/site-packages/airflow/example_dags/example_short_circuit_operator.py
[2023-03-07T18:07:43.955+0530] {processor.py:753} INFO - DAG(s) dict_keys(['example_short_circuit_operator']) retrieved from /home/ris/PycharmProjects/pythonProject/USA-housing/venv/lib/python3.10/site-packages/airflow/example_dags/example_short_circuit_operator.py
[2023-03-07T18:07:43.974+0530] {logging_mixin.py:137} INFO - [2023-03-07T18:07:43.974+0530] {dag.py:2690} INFO - Sync 1 DAGs
[2023-03-07T18:07:43.990+0530] {logging_mixin.py:137} INFO - [2023-03-07T18:07:43.990+0530] {dag.py:3437} INFO - Setting next_dagrun for example_short_circuit_operator to 2023-03-06T12:37:43.990159+00:00, run_after=2023-03-07T12:37:43.990159+00:00
[2023-03-07T18:07:44.009+0530] {processor.py:175} INFO - Processing /home/ris/PycharmProjects/pythonProject/USA-housing/venv/lib/python3.10/site-packages/airflow/example_dags/example_short_circuit_operator.py took 0.067 seconds
[2023-03-07T18:08:25.074+0530] {processor.py:153} INFO - Started process (PID=6518) to work on /home/ris/PycharmProjects/pythonProject/USA-housing/venv/lib/python3.10/site-packages/airflow/example_dags/example_short_circuit_operator.py
[2023-03-07T18:08:25.076+0530] {processor.py:743} INFO - Processing file /home/ris/PycharmProjects/pythonProject/USA-housing/venv/lib/python3.10/site-packages/airflow/example_dags/example_short_circuit_operator.py for tasks to queue
[2023-03-07T18:08:25.077+0530] {logging_mixin.py:137} INFO - [2023-03-07T18:08:25.076+0530] {dagbag.py:538} INFO - Filling up the DagBag from /home/ris/PycharmProjects/pythonProject/USA-housing/venv/lib/python3.10/site-packages/airflow/example_dags/example_short_circuit_operator.py
[2023-03-07T18:08:25.091+0530] {processor.py:753} INFO - DAG(s) dict_keys(['example_short_circuit_operator']) retrieved from /home/ris/PycharmProjects/pythonProject/USA-housing/venv/lib/python3.10/site-packages/airflow/example_dags/example_short_circuit_operator.py
[2023-03-07T18:08:25.110+0530] {logging_mixin.py:137} INFO - [2023-03-07T18:08:25.110+0530] {dag.py:2690} INFO - Sync 1 DAGs
[2023-03-07T18:08:25.126+0530] {logging_mixin.py:137} INFO - [2023-03-07T18:08:25.125+0530] {dag.py:3437} INFO - Setting next_dagrun for example_short_circuit_operator to 2023-03-06T12:38:25.125655+00:00, run_after=2023-03-07T12:38:25.125655+00:00
[2023-03-07T18:08:25.146+0530] {processor.py:175} INFO - Processing /home/ris/PycharmProjects/pythonProject/USA-housing/venv/lib/python3.10/site-packages/airflow/example_dags/example_short_circuit_operator.py took 0.075 seconds
[2023-03-07T18:09:06.690+0530] {processor.py:153} INFO - Started process (PID=6566) to work on /home/ris/PycharmProjects/pythonProject/USA-housing/venv/lib/python3.10/site-packages/airflow/example_dags/example_short_circuit_operator.py
[2023-03-07T18:09:06.692+0530] {processor.py:743} INFO - Processing file /home/ris/PycharmProjects/pythonProject/USA-housing/venv/lib/python3.10/site-packages/airflow/example_dags/example_short_circuit_operator.py for tasks to queue
[2023-03-07T18:09:06.692+0530] {logging_mixin.py:137} INFO - [2023-03-07T18:09:06.692+0530] {dagbag.py:538} INFO - Filling up the DagBag from /home/ris/PycharmProjects/pythonProject/USA-housing/venv/lib/python3.10/site-packages/airflow/example_dags/example_short_circuit_operator.py
[2023-03-07T18:09:06.700+0530] {processor.py:753} INFO - DAG(s) dict_keys(['example_short_circuit_operator']) retrieved from /home/ris/PycharmProjects/pythonProject/USA-housing/venv/lib/python3.10/site-packages/airflow/example_dags/example_short_circuit_operator.py
[2023-03-07T18:09:06.725+0530] {logging_mixin.py:137} INFO - [2023-03-07T18:09:06.725+0530] {dag.py:2690} INFO - Sync 1 DAGs
[2023-03-07T18:09:06.743+0530] {logging_mixin.py:137} INFO - [2023-03-07T18:09:06.743+0530] {dag.py:3437} INFO - Setting next_dagrun for example_short_circuit_operator to 2023-03-06T12:39:06.743055+00:00, run_after=2023-03-07T12:39:06.743055+00:00
[2023-03-07T18:09:06.766+0530] {processor.py:175} INFO - Processing /home/ris/PycharmProjects/pythonProject/USA-housing/venv/lib/python3.10/site-packages/airflow/example_dags/example_short_circuit_operator.py took 0.079 seconds
[2023-03-07T18:09:52.894+0530] {processor.py:153} INFO - Started process (PID=6879) to work on /home/ris/PycharmProjects/pythonProject/USA-housing/venv/lib/python3.10/site-packages/airflow/example_dags/example_short_circuit_operator.py
[2023-03-07T18:09:52.897+0530] {processor.py:743} INFO - Processing file /home/ris/PycharmProjects/pythonProject/USA-housing/venv/lib/python3.10/site-packages/airflow/example_dags/example_short_circuit_operator.py for tasks to queue
[2023-03-07T18:09:52.900+0530] {logging_mixin.py:137} INFO - [2023-03-07T18:09:52.899+0530] {dagbag.py:538} INFO - Filling up the DagBag from /home/ris/PycharmProjects/pythonProject/USA-housing/venv/lib/python3.10/site-packages/airflow/example_dags/example_short_circuit_operator.py
[2023-03-07T18:09:52.926+0530] {processor.py:753} INFO - DAG(s) dict_keys(['example_short_circuit_operator']) retrieved from /home/ris/PycharmProjects/pythonProject/USA-housing/venv/lib/python3.10/site-packages/airflow/example_dags/example_short_circuit_operator.py
[2023-03-07T18:09:52.955+0530] {logging_mixin.py:137} INFO - [2023-03-07T18:09:52.955+0530] {dag.py:2690} INFO - Sync 1 DAGs
[2023-03-07T18:09:52.980+0530] {logging_mixin.py:137} INFO - [2023-03-07T18:09:52.980+0530] {dag.py:3437} INFO - Setting next_dagrun for example_short_circuit_operator to 2023-03-06T12:39:52.979790+00:00, run_after=2023-03-07T12:39:52.979790+00:00
[2023-03-07T18:09:53.028+0530] {processor.py:175} INFO - Processing /home/ris/PycharmProjects/pythonProject/USA-housing/venv/lib/python3.10/site-packages/airflow/example_dags/example_short_circuit_operator.py took 0.140 seconds
[2023-03-07T18:10:37.072+0530] {processor.py:153} INFO - Started process (PID=6945) to work on /home/ris/PycharmProjects/pythonProject/USA-housing/venv/lib/python3.10/site-packages/airflow/example_dags/example_short_circuit_operator.py
[2023-03-07T18:10:37.074+0530] {processor.py:743} INFO - Processing file /home/ris/PycharmProjects/pythonProject/USA-housing/venv/lib/python3.10/site-packages/airflow/example_dags/example_short_circuit_operator.py for tasks to queue
[2023-03-07T18:10:37.076+0530] {logging_mixin.py:137} INFO - [2023-03-07T18:10:37.075+0530] {dagbag.py:538} INFO - Filling up the DagBag from /home/ris/PycharmProjects/pythonProject/USA-housing/venv/lib/python3.10/site-packages/airflow/example_dags/example_short_circuit_operator.py
[2023-03-07T18:10:37.083+0530] {processor.py:753} INFO - DAG(s) dict_keys(['example_short_circuit_operator']) retrieved from /home/ris/PycharmProjects/pythonProject/USA-housing/venv/lib/python3.10/site-packages/airflow/example_dags/example_short_circuit_operator.py
[2023-03-07T18:10:37.102+0530] {logging_mixin.py:137} INFO - [2023-03-07T18:10:37.102+0530] {dag.py:2690} INFO - Sync 1 DAGs
[2023-03-07T18:10:37.118+0530] {logging_mixin.py:137} INFO - [2023-03-07T18:10:37.118+0530] {dag.py:3437} INFO - Setting next_dagrun for example_short_circuit_operator to 2023-03-06T12:40:37.118446+00:00, run_after=2023-03-07T12:40:37.118446+00:00
[2023-03-07T18:10:37.147+0530] {processor.py:175} INFO - Processing /home/ris/PycharmProjects/pythonProject/USA-housing/venv/lib/python3.10/site-packages/airflow/example_dags/example_short_circuit_operator.py took 0.077 seconds
[2023-03-07T18:11:15.648+0530] {processor.py:153} INFO - Started process (PID=6986) to work on /home/ris/PycharmProjects/pythonProject/USA-housing/venv/lib/python3.10/site-packages/airflow/example_dags/example_short_circuit_operator.py
[2023-03-07T18:11:15.650+0530] {processor.py:743} INFO - Processing file /home/ris/PycharmProjects/pythonProject/USA-housing/venv/lib/python3.10/site-packages/airflow/example_dags/example_short_circuit_operator.py for tasks to queue
[2023-03-07T18:11:15.651+0530] {logging_mixin.py:137} INFO - [2023-03-07T18:11:15.651+0530] {dagbag.py:538} INFO - Filling up the DagBag from /home/ris/PycharmProjects/pythonProject/USA-housing/venv/lib/python3.10/site-packages/airflow/example_dags/example_short_circuit_operator.py
[2023-03-07T18:11:15.659+0530] {processor.py:753} INFO - DAG(s) dict_keys(['example_short_circuit_operator']) retrieved from /home/ris/PycharmProjects/pythonProject/USA-housing/venv/lib/python3.10/site-packages/airflow/example_dags/example_short_circuit_operator.py
[2023-03-07T18:11:15.676+0530] {logging_mixin.py:137} INFO - [2023-03-07T18:11:15.676+0530] {dag.py:2690} INFO - Sync 1 DAGs
[2023-03-07T18:11:15.692+0530] {logging_mixin.py:137} INFO - [2023-03-07T18:11:15.692+0530] {dag.py:3437} INFO - Setting next_dagrun for example_short_circuit_operator to 2023-03-06T12:41:15.692093+00:00, run_after=2023-03-07T12:41:15.692093+00:00
[2023-03-07T18:11:15.720+0530] {processor.py:175} INFO - Processing /home/ris/PycharmProjects/pythonProject/USA-housing/venv/lib/python3.10/site-packages/airflow/example_dags/example_short_circuit_operator.py took 0.074 seconds
[2023-03-07T18:11:58.459+0530] {processor.py:153} INFO - Started process (PID=7046) to work on /home/ris/PycharmProjects/pythonProject/USA-housing/venv/lib/python3.10/site-packages/airflow/example_dags/example_short_circuit_operator.py
[2023-03-07T18:11:58.461+0530] {processor.py:743} INFO - Processing file /home/ris/PycharmProjects/pythonProject/USA-housing/venv/lib/python3.10/site-packages/airflow/example_dags/example_short_circuit_operator.py for tasks to queue
[2023-03-07T18:11:58.463+0530] {logging_mixin.py:137} INFO - [2023-03-07T18:11:58.463+0530] {dagbag.py:538} INFO - Filling up the DagBag from /home/ris/PycharmProjects/pythonProject/USA-housing/venv/lib/python3.10/site-packages/airflow/example_dags/example_short_circuit_operator.py
[2023-03-07T18:11:58.470+0530] {processor.py:753} INFO - DAG(s) dict_keys(['example_short_circuit_operator']) retrieved from /home/ris/PycharmProjects/pythonProject/USA-housing/venv/lib/python3.10/site-packages/airflow/example_dags/example_short_circuit_operator.py
[2023-03-07T18:11:58.489+0530] {logging_mixin.py:137} INFO - [2023-03-07T18:11:58.488+0530] {dag.py:2690} INFO - Sync 1 DAGs
[2023-03-07T18:11:58.505+0530] {logging_mixin.py:137} INFO - [2023-03-07T18:11:58.504+0530] {dag.py:3437} INFO - Setting next_dagrun for example_short_circuit_operator to 2023-03-06T12:41:58.504564+00:00, run_after=2023-03-07T12:41:58.504564+00:00
[2023-03-07T18:11:58.525+0530] {processor.py:175} INFO - Processing /home/ris/PycharmProjects/pythonProject/USA-housing/venv/lib/python3.10/site-packages/airflow/example_dags/example_short_circuit_operator.py took 0.068 seconds
[2023-03-07T18:12:37.956+0530] {processor.py:153} INFO - Started process (PID=7092) to work on /home/ris/PycharmProjects/pythonProject/USA-housing/venv/lib/python3.10/site-packages/airflow/example_dags/example_short_circuit_operator.py
[2023-03-07T18:12:37.958+0530] {processor.py:743} INFO - Processing file /home/ris/PycharmProjects/pythonProject/USA-housing/venv/lib/python3.10/site-packages/airflow/example_dags/example_short_circuit_operator.py for tasks to queue
[2023-03-07T18:12:37.958+0530] {logging_mixin.py:137} INFO - [2023-03-07T18:12:37.958+0530] {dagbag.py:538} INFO - Filling up the DagBag from /home/ris/PycharmProjects/pythonProject/USA-housing/venv/lib/python3.10/site-packages/airflow/example_dags/example_short_circuit_operator.py
[2023-03-07T18:12:37.966+0530] {processor.py:753} INFO - DAG(s) dict_keys(['example_short_circuit_operator']) retrieved from /home/ris/PycharmProjects/pythonProject/USA-housing/venv/lib/python3.10/site-packages/airflow/example_dags/example_short_circuit_operator.py
[2023-03-07T18:12:37.988+0530] {logging_mixin.py:137} INFO - [2023-03-07T18:12:37.987+0530] {dag.py:2690} INFO - Sync 1 DAGs
[2023-03-07T18:12:38.005+0530] {logging_mixin.py:137} INFO - [2023-03-07T18:12:38.005+0530] {dag.py:3437} INFO - Setting next_dagrun for example_short_circuit_operator to 2023-03-06T12:42:38.005221+00:00, run_after=2023-03-07T12:42:38.005221+00:00
[2023-03-07T18:12:38.029+0530] {processor.py:175} INFO - Processing /home/ris/PycharmProjects/pythonProject/USA-housing/venv/lib/python3.10/site-packages/airflow/example_dags/example_short_circuit_operator.py took 0.076 seconds
[2023-03-07T18:13:17.704+0530] {processor.py:153} INFO - Started process (PID=7143) to work on /home/ris/PycharmProjects/pythonProject/USA-housing/venv/lib/python3.10/site-packages/airflow/example_dags/example_short_circuit_operator.py
[2023-03-07T18:13:17.707+0530] {processor.py:743} INFO - Processing file /home/ris/PycharmProjects/pythonProject/USA-housing/venv/lib/python3.10/site-packages/airflow/example_dags/example_short_circuit_operator.py for tasks to queue
[2023-03-07T18:13:17.708+0530] {logging_mixin.py:137} INFO - [2023-03-07T18:13:17.707+0530] {dagbag.py:538} INFO - Filling up the DagBag from /home/ris/PycharmProjects/pythonProject/USA-housing/venv/lib/python3.10/site-packages/airflow/example_dags/example_short_circuit_operator.py
[2023-03-07T18:13:17.716+0530] {processor.py:753} INFO - DAG(s) dict_keys(['example_short_circuit_operator']) retrieved from /home/ris/PycharmProjects/pythonProject/USA-housing/venv/lib/python3.10/site-packages/airflow/example_dags/example_short_circuit_operator.py
[2023-03-07T18:13:17.735+0530] {logging_mixin.py:137} INFO - [2023-03-07T18:13:17.735+0530] {dag.py:2690} INFO - Sync 1 DAGs
[2023-03-07T18:13:17.752+0530] {logging_mixin.py:137} INFO - [2023-03-07T18:13:17.752+0530] {dag.py:3437} INFO - Setting next_dagrun for example_short_circuit_operator to 2023-03-06T12:43:17.752035+00:00, run_after=2023-03-07T12:43:17.752035+00:00
[2023-03-07T18:13:17.772+0530] {processor.py:175} INFO - Processing /home/ris/PycharmProjects/pythonProject/USA-housing/venv/lib/python3.10/site-packages/airflow/example_dags/example_short_circuit_operator.py took 0.072 seconds
[2023-03-07T18:14:04.380+0530] {processor.py:153} INFO - Started process (PID=7199) to work on /home/ris/PycharmProjects/pythonProject/USA-housing/venv/lib/python3.10/site-packages/airflow/example_dags/example_short_circuit_operator.py
[2023-03-07T18:14:04.381+0530] {processor.py:743} INFO - Processing file /home/ris/PycharmProjects/pythonProject/USA-housing/venv/lib/python3.10/site-packages/airflow/example_dags/example_short_circuit_operator.py for tasks to queue
[2023-03-07T18:14:04.382+0530] {logging_mixin.py:137} INFO - [2023-03-07T18:14:04.382+0530] {dagbag.py:538} INFO - Filling up the DagBag from /home/ris/PycharmProjects/pythonProject/USA-housing/venv/lib/python3.10/site-packages/airflow/example_dags/example_short_circuit_operator.py
[2023-03-07T18:14:04.390+0530] {processor.py:753} INFO - DAG(s) dict_keys(['example_short_circuit_operator']) retrieved from /home/ris/PycharmProjects/pythonProject/USA-housing/venv/lib/python3.10/site-packages/airflow/example_dags/example_short_circuit_operator.py
[2023-03-07T18:14:04.408+0530] {logging_mixin.py:137} INFO - [2023-03-07T18:14:04.408+0530] {dag.py:2690} INFO - Sync 1 DAGs
[2023-03-07T18:14:04.425+0530] {logging_mixin.py:137} INFO - [2023-03-07T18:14:04.425+0530] {dag.py:3437} INFO - Setting next_dagrun for example_short_circuit_operator to 2023-03-06T12:44:04.425142+00:00, run_after=2023-03-07T12:44:04.425142+00:00
[2023-03-07T18:14:04.444+0530] {processor.py:175} INFO - Processing /home/ris/PycharmProjects/pythonProject/USA-housing/venv/lib/python3.10/site-packages/airflow/example_dags/example_short_circuit_operator.py took 0.067 seconds
[2023-03-07T18:14:47.377+0530] {processor.py:153} INFO - Started process (PID=7259) to work on /home/ris/PycharmProjects/pythonProject/USA-housing/venv/lib/python3.10/site-packages/airflow/example_dags/example_short_circuit_operator.py
[2023-03-07T18:14:47.380+0530] {processor.py:743} INFO - Processing file /home/ris/PycharmProjects/pythonProject/USA-housing/venv/lib/python3.10/site-packages/airflow/example_dags/example_short_circuit_operator.py for tasks to queue
[2023-03-07T18:14:47.381+0530] {logging_mixin.py:137} INFO - [2023-03-07T18:14:47.380+0530] {dagbag.py:538} INFO - Filling up the DagBag from /home/ris/PycharmProjects/pythonProject/USA-housing/venv/lib/python3.10/site-packages/airflow/example_dags/example_short_circuit_operator.py
[2023-03-07T18:14:47.391+0530] {processor.py:753} INFO - DAG(s) dict_keys(['example_short_circuit_operator']) retrieved from /home/ris/PycharmProjects/pythonProject/USA-housing/venv/lib/python3.10/site-packages/airflow/example_dags/example_short_circuit_operator.py
[2023-03-07T18:14:47.409+0530] {logging_mixin.py:137} INFO - [2023-03-07T18:14:47.409+0530] {dag.py:2690} INFO - Sync 1 DAGs
[2023-03-07T18:14:47.425+0530] {logging_mixin.py:137} INFO - [2023-03-07T18:14:47.425+0530] {dag.py:3437} INFO - Setting next_dagrun for example_short_circuit_operator to 2023-03-06T12:44:47.425097+00:00, run_after=2023-03-07T12:44:47.425097+00:00
[2023-03-07T18:14:47.444+0530] {processor.py:175} INFO - Processing /home/ris/PycharmProjects/pythonProject/USA-housing/venv/lib/python3.10/site-packages/airflow/example_dags/example_short_circuit_operator.py took 0.073 seconds
[2023-03-07T18:15:26.630+0530] {processor.py:153} INFO - Started process (PID=7330) to work on /home/ris/PycharmProjects/pythonProject/USA-housing/venv/lib/python3.10/site-packages/airflow/example_dags/example_short_circuit_operator.py
[2023-03-07T18:15:26.632+0530] {processor.py:743} INFO - Processing file /home/ris/PycharmProjects/pythonProject/USA-housing/venv/lib/python3.10/site-packages/airflow/example_dags/example_short_circuit_operator.py for tasks to queue
[2023-03-07T18:15:26.632+0530] {logging_mixin.py:137} INFO - [2023-03-07T18:15:26.632+0530] {dagbag.py:538} INFO - Filling up the DagBag from /home/ris/PycharmProjects/pythonProject/USA-housing/venv/lib/python3.10/site-packages/airflow/example_dags/example_short_circuit_operator.py
[2023-03-07T18:15:26.640+0530] {processor.py:753} INFO - DAG(s) dict_keys(['example_short_circuit_operator']) retrieved from /home/ris/PycharmProjects/pythonProject/USA-housing/venv/lib/python3.10/site-packages/airflow/example_dags/example_short_circuit_operator.py
[2023-03-07T18:15:26.664+0530] {logging_mixin.py:137} INFO - [2023-03-07T18:15:26.663+0530] {dag.py:2690} INFO - Sync 1 DAGs
[2023-03-07T18:15:26.681+0530] {logging_mixin.py:137} INFO - [2023-03-07T18:15:26.681+0530] {dag.py:3437} INFO - Setting next_dagrun for example_short_circuit_operator to 2023-03-06T12:45:26.680834+00:00, run_after=2023-03-07T12:45:26.680834+00:00
[2023-03-07T18:15:26.699+0530] {processor.py:175} INFO - Processing /home/ris/PycharmProjects/pythonProject/USA-housing/venv/lib/python3.10/site-packages/airflow/example_dags/example_short_circuit_operator.py took 0.071 seconds
[2023-03-07T18:16:04.391+0530] {processor.py:153} INFO - Started process (PID=7371) to work on /home/ris/PycharmProjects/pythonProject/USA-housing/venv/lib/python3.10/site-packages/airflow/example_dags/example_short_circuit_operator.py
[2023-03-07T18:16:04.392+0530] {processor.py:743} INFO - Processing file /home/ris/PycharmProjects/pythonProject/USA-housing/venv/lib/python3.10/site-packages/airflow/example_dags/example_short_circuit_operator.py for tasks to queue
[2023-03-07T18:16:04.392+0530] {logging_mixin.py:137} INFO - [2023-03-07T18:16:04.392+0530] {dagbag.py:538} INFO - Filling up the DagBag from /home/ris/PycharmProjects/pythonProject/USA-housing/venv/lib/python3.10/site-packages/airflow/example_dags/example_short_circuit_operator.py
[2023-03-07T18:16:04.401+0530] {processor.py:753} INFO - DAG(s) dict_keys(['example_short_circuit_operator']) retrieved from /home/ris/PycharmProjects/pythonProject/USA-housing/venv/lib/python3.10/site-packages/airflow/example_dags/example_short_circuit_operator.py
[2023-03-07T18:16:04.419+0530] {logging_mixin.py:137} INFO - [2023-03-07T18:16:04.419+0530] {dag.py:2690} INFO - Sync 1 DAGs
[2023-03-07T18:16:04.436+0530] {logging_mixin.py:137} INFO - [2023-03-07T18:16:04.436+0530] {dag.py:3437} INFO - Setting next_dagrun for example_short_circuit_operator to 2023-03-06T12:46:04.435829+00:00, run_after=2023-03-07T12:46:04.435829+00:00
[2023-03-07T18:16:04.456+0530] {processor.py:175} INFO - Processing /home/ris/PycharmProjects/pythonProject/USA-housing/venv/lib/python3.10/site-packages/airflow/example_dags/example_short_circuit_operator.py took 0.068 seconds
[2023-03-07T18:16:47.958+0530] {processor.py:153} INFO - Started process (PID=7430) to work on /home/ris/PycharmProjects/pythonProject/USA-housing/venv/lib/python3.10/site-packages/airflow/example_dags/example_short_circuit_operator.py
[2023-03-07T18:16:47.960+0530] {processor.py:743} INFO - Processing file /home/ris/PycharmProjects/pythonProject/USA-housing/venv/lib/python3.10/site-packages/airflow/example_dags/example_short_circuit_operator.py for tasks to queue
[2023-03-07T18:16:47.961+0530] {logging_mixin.py:137} INFO - [2023-03-07T18:16:47.961+0530] {dagbag.py:538} INFO - Filling up the DagBag from /home/ris/PycharmProjects/pythonProject/USA-housing/venv/lib/python3.10/site-packages/airflow/example_dags/example_short_circuit_operator.py
[2023-03-07T18:16:47.968+0530] {processor.py:753} INFO - DAG(s) dict_keys(['example_short_circuit_operator']) retrieved from /home/ris/PycharmProjects/pythonProject/USA-housing/venv/lib/python3.10/site-packages/airflow/example_dags/example_short_circuit_operator.py
[2023-03-07T18:16:47.994+0530] {logging_mixin.py:137} INFO - [2023-03-07T18:16:47.994+0530] {dag.py:2690} INFO - Sync 1 DAGs
[2023-03-07T18:16:48.011+0530] {logging_mixin.py:137} INFO - [2023-03-07T18:16:48.011+0530] {dag.py:3437} INFO - Setting next_dagrun for example_short_circuit_operator to 2023-03-06T12:46:48.011169+00:00, run_after=2023-03-07T12:46:48.011169+00:00
[2023-03-07T18:16:48.032+0530] {processor.py:175} INFO - Processing /home/ris/PycharmProjects/pythonProject/USA-housing/venv/lib/python3.10/site-packages/airflow/example_dags/example_short_circuit_operator.py took 0.077 seconds
[2023-03-07T18:17:25.438+0530] {processor.py:153} INFO - Started process (PID=7474) to work on /home/ris/PycharmProjects/pythonProject/USA-housing/venv/lib/python3.10/site-packages/airflow/example_dags/example_short_circuit_operator.py
[2023-03-07T18:17:25.439+0530] {processor.py:743} INFO - Processing file /home/ris/PycharmProjects/pythonProject/USA-housing/venv/lib/python3.10/site-packages/airflow/example_dags/example_short_circuit_operator.py for tasks to queue
[2023-03-07T18:17:25.440+0530] {logging_mixin.py:137} INFO - [2023-03-07T18:17:25.440+0530] {dagbag.py:538} INFO - Filling up the DagBag from /home/ris/PycharmProjects/pythonProject/USA-housing/venv/lib/python3.10/site-packages/airflow/example_dags/example_short_circuit_operator.py
[2023-03-07T18:17:25.448+0530] {processor.py:753} INFO - DAG(s) dict_keys(['example_short_circuit_operator']) retrieved from /home/ris/PycharmProjects/pythonProject/USA-housing/venv/lib/python3.10/site-packages/airflow/example_dags/example_short_circuit_operator.py
[2023-03-07T18:17:25.466+0530] {logging_mixin.py:137} INFO - [2023-03-07T18:17:25.466+0530] {dag.py:2690} INFO - Sync 1 DAGs
[2023-03-07T18:17:25.490+0530] {logging_mixin.py:137} INFO - [2023-03-07T18:17:25.489+0530] {dag.py:3437} INFO - Setting next_dagrun for example_short_circuit_operator to 2023-03-06T12:47:25.489524+00:00, run_after=2023-03-07T12:47:25.489524+00:00
[2023-03-07T18:17:25.512+0530] {processor.py:175} INFO - Processing /home/ris/PycharmProjects/pythonProject/USA-housing/venv/lib/python3.10/site-packages/airflow/example_dags/example_short_circuit_operator.py took 0.077 seconds
[2023-03-07T18:18:15.825+0530] {processor.py:153} INFO - Started process (PID=7538) to work on /home/ris/PycharmProjects/pythonProject/USA-housing/venv/lib/python3.10/site-packages/airflow/example_dags/example_short_circuit_operator.py
[2023-03-07T18:18:15.827+0530] {processor.py:743} INFO - Processing file /home/ris/PycharmProjects/pythonProject/USA-housing/venv/lib/python3.10/site-packages/airflow/example_dags/example_short_circuit_operator.py for tasks to queue
[2023-03-07T18:18:15.827+0530] {logging_mixin.py:137} INFO - [2023-03-07T18:18:15.827+0530] {dagbag.py:538} INFO - Filling up the DagBag from /home/ris/PycharmProjects/pythonProject/USA-housing/venv/lib/python3.10/site-packages/airflow/example_dags/example_short_circuit_operator.py
[2023-03-07T18:18:15.835+0530] {processor.py:753} INFO - DAG(s) dict_keys(['example_short_circuit_operator']) retrieved from /home/ris/PycharmProjects/pythonProject/USA-housing/venv/lib/python3.10/site-packages/airflow/example_dags/example_short_circuit_operator.py
[2023-03-07T18:18:15.854+0530] {logging_mixin.py:137} INFO - [2023-03-07T18:18:15.854+0530] {dag.py:2690} INFO - Sync 1 DAGs
[2023-03-07T18:18:15.871+0530] {logging_mixin.py:137} INFO - [2023-03-07T18:18:15.871+0530] {dag.py:3437} INFO - Setting next_dagrun for example_short_circuit_operator to 2023-03-06T12:48:15.871523+00:00, run_after=2023-03-07T12:48:15.871523+00:00
[2023-03-07T18:18:15.893+0530] {processor.py:175} INFO - Processing /home/ris/PycharmProjects/pythonProject/USA-housing/venv/lib/python3.10/site-packages/airflow/example_dags/example_short_circuit_operator.py took 0.071 seconds
[2023-03-07T18:18:58.063+0530] {processor.py:153} INFO - Started process (PID=7586) to work on /home/ris/PycharmProjects/pythonProject/USA-housing/venv/lib/python3.10/site-packages/airflow/example_dags/example_short_circuit_operator.py
[2023-03-07T18:18:58.064+0530] {processor.py:743} INFO - Processing file /home/ris/PycharmProjects/pythonProject/USA-housing/venv/lib/python3.10/site-packages/airflow/example_dags/example_short_circuit_operator.py for tasks to queue
[2023-03-07T18:18:58.065+0530] {logging_mixin.py:137} INFO - [2023-03-07T18:18:58.065+0530] {dagbag.py:538} INFO - Filling up the DagBag from /home/ris/PycharmProjects/pythonProject/USA-housing/venv/lib/python3.10/site-packages/airflow/example_dags/example_short_circuit_operator.py
[2023-03-07T18:18:58.073+0530] {processor.py:753} INFO - DAG(s) dict_keys(['example_short_circuit_operator']) retrieved from /home/ris/PycharmProjects/pythonProject/USA-housing/venv/lib/python3.10/site-packages/airflow/example_dags/example_short_circuit_operator.py
[2023-03-07T18:18:58.090+0530] {logging_mixin.py:137} INFO - [2023-03-07T18:18:58.090+0530] {dag.py:2690} INFO - Sync 1 DAGs
[2023-03-07T18:18:58.106+0530] {logging_mixin.py:137} INFO - [2023-03-07T18:18:58.106+0530] {dag.py:3437} INFO - Setting next_dagrun for example_short_circuit_operator to 2023-03-06T12:48:58.106365+00:00, run_after=2023-03-07T12:48:58.106365+00:00
[2023-03-07T18:18:58.127+0530] {processor.py:175} INFO - Processing /home/ris/PycharmProjects/pythonProject/USA-housing/venv/lib/python3.10/site-packages/airflow/example_dags/example_short_circuit_operator.py took 0.066 seconds
[2023-03-07T18:19:40.463+0530] {processor.py:153} INFO - Started process (PID=7769) to work on /home/ris/PycharmProjects/pythonProject/USA-housing/venv/lib/python3.10/site-packages/airflow/example_dags/example_short_circuit_operator.py
[2023-03-07T18:19:40.464+0530] {processor.py:743} INFO - Processing file /home/ris/PycharmProjects/pythonProject/USA-housing/venv/lib/python3.10/site-packages/airflow/example_dags/example_short_circuit_operator.py for tasks to queue
[2023-03-07T18:19:40.465+0530] {logging_mixin.py:137} INFO - [2023-03-07T18:19:40.465+0530] {dagbag.py:538} INFO - Filling up the DagBag from /home/ris/PycharmProjects/pythonProject/USA-housing/venv/lib/python3.10/site-packages/airflow/example_dags/example_short_circuit_operator.py
[2023-03-07T18:19:40.477+0530] {processor.py:753} INFO - DAG(s) dict_keys(['example_short_circuit_operator']) retrieved from /home/ris/PycharmProjects/pythonProject/USA-housing/venv/lib/python3.10/site-packages/airflow/example_dags/example_short_circuit_operator.py
[2023-03-07T18:19:40.499+0530] {logging_mixin.py:137} INFO - [2023-03-07T18:19:40.499+0530] {dag.py:2690} INFO - Sync 1 DAGs
[2023-03-07T18:19:40.519+0530] {logging_mixin.py:137} INFO - [2023-03-07T18:19:40.519+0530] {dag.py:3437} INFO - Setting next_dagrun for example_short_circuit_operator to 2023-03-06T12:49:40.519108+00:00, run_after=2023-03-07T12:49:40.519108+00:00
[2023-03-07T18:19:40.551+0530] {processor.py:175} INFO - Processing /home/ris/PycharmProjects/pythonProject/USA-housing/venv/lib/python3.10/site-packages/airflow/example_dags/example_short_circuit_operator.py took 0.092 seconds
[2023-03-07T18:20:22.440+0530] {processor.py:153} INFO - Started process (PID=7931) to work on /home/ris/PycharmProjects/pythonProject/USA-housing/venv/lib/python3.10/site-packages/airflow/example_dags/example_short_circuit_operator.py
[2023-03-07T18:20:22.441+0530] {processor.py:743} INFO - Processing file /home/ris/PycharmProjects/pythonProject/USA-housing/venv/lib/python3.10/site-packages/airflow/example_dags/example_short_circuit_operator.py for tasks to queue
[2023-03-07T18:20:22.442+0530] {logging_mixin.py:137} INFO - [2023-03-07T18:20:22.442+0530] {dagbag.py:538} INFO - Filling up the DagBag from /home/ris/PycharmProjects/pythonProject/USA-housing/venv/lib/python3.10/site-packages/airflow/example_dags/example_short_circuit_operator.py
[2023-03-07T18:20:22.459+0530] {processor.py:753} INFO - DAG(s) dict_keys(['example_short_circuit_operator']) retrieved from /home/ris/PycharmProjects/pythonProject/USA-housing/venv/lib/python3.10/site-packages/airflow/example_dags/example_short_circuit_operator.py
[2023-03-07T18:20:22.487+0530] {logging_mixin.py:137} INFO - [2023-03-07T18:20:22.487+0530] {dag.py:2690} INFO - Sync 1 DAGs
[2023-03-07T18:20:22.503+0530] {logging_mixin.py:137} INFO - [2023-03-07T18:20:22.503+0530] {dag.py:3437} INFO - Setting next_dagrun for example_short_circuit_operator to 2023-03-06T12:50:22.502862+00:00, run_after=2023-03-07T12:50:22.502862+00:00
[2023-03-07T18:20:22.522+0530] {processor.py:175} INFO - Processing /home/ris/PycharmProjects/pythonProject/USA-housing/venv/lib/python3.10/site-packages/airflow/example_dags/example_short_circuit_operator.py took 0.087 seconds
[2023-03-07T18:21:05.489+0530] {processor.py:153} INFO - Started process (PID=7982) to work on /home/ris/PycharmProjects/pythonProject/USA-housing/venv/lib/python3.10/site-packages/airflow/example_dags/example_short_circuit_operator.py
[2023-03-07T18:21:05.491+0530] {processor.py:743} INFO - Processing file /home/ris/PycharmProjects/pythonProject/USA-housing/venv/lib/python3.10/site-packages/airflow/example_dags/example_short_circuit_operator.py for tasks to queue
[2023-03-07T18:21:05.491+0530] {logging_mixin.py:137} INFO - [2023-03-07T18:21:05.491+0530] {dagbag.py:538} INFO - Filling up the DagBag from /home/ris/PycharmProjects/pythonProject/USA-housing/venv/lib/python3.10/site-packages/airflow/example_dags/example_short_circuit_operator.py
[2023-03-07T18:21:05.498+0530] {processor.py:753} INFO - DAG(s) dict_keys(['example_short_circuit_operator']) retrieved from /home/ris/PycharmProjects/pythonProject/USA-housing/venv/lib/python3.10/site-packages/airflow/example_dags/example_short_circuit_operator.py
[2023-03-07T18:21:05.518+0530] {logging_mixin.py:137} INFO - [2023-03-07T18:21:05.517+0530] {dag.py:2690} INFO - Sync 1 DAGs
[2023-03-07T18:21:05.536+0530] {logging_mixin.py:137} INFO - [2023-03-07T18:21:05.536+0530] {dag.py:3437} INFO - Setting next_dagrun for example_short_circuit_operator to 2023-03-06T12:51:05.535554+00:00, run_after=2023-03-07T12:51:05.535554+00:00
[2023-03-07T18:21:05.559+0530] {processor.py:175} INFO - Processing /home/ris/PycharmProjects/pythonProject/USA-housing/venv/lib/python3.10/site-packages/airflow/example_dags/example_short_circuit_operator.py took 0.073 seconds
[2023-03-07T18:21:56.059+0530] {processor.py:153} INFO - Started process (PID=8042) to work on /home/ris/PycharmProjects/pythonProject/USA-housing/venv/lib/python3.10/site-packages/airflow/example_dags/example_short_circuit_operator.py
[2023-03-07T18:21:56.061+0530] {processor.py:743} INFO - Processing file /home/ris/PycharmProjects/pythonProject/USA-housing/venv/lib/python3.10/site-packages/airflow/example_dags/example_short_circuit_operator.py for tasks to queue
[2023-03-07T18:21:56.061+0530] {logging_mixin.py:137} INFO - [2023-03-07T18:21:56.061+0530] {dagbag.py:538} INFO - Filling up the DagBag from /home/ris/PycharmProjects/pythonProject/USA-housing/venv/lib/python3.10/site-packages/airflow/example_dags/example_short_circuit_operator.py
[2023-03-07T18:21:56.070+0530] {processor.py:753} INFO - DAG(s) dict_keys(['example_short_circuit_operator']) retrieved from /home/ris/PycharmProjects/pythonProject/USA-housing/venv/lib/python3.10/site-packages/airflow/example_dags/example_short_circuit_operator.py
[2023-03-07T18:21:56.088+0530] {logging_mixin.py:137} INFO - [2023-03-07T18:21:56.088+0530] {dag.py:2690} INFO - Sync 1 DAGs
[2023-03-07T18:21:56.105+0530] {logging_mixin.py:137} INFO - [2023-03-07T18:21:56.105+0530] {dag.py:3437} INFO - Setting next_dagrun for example_short_circuit_operator to 2023-03-06T12:51:56.105433+00:00, run_after=2023-03-07T12:51:56.105433+00:00
[2023-03-07T18:21:56.127+0530] {processor.py:175} INFO - Processing /home/ris/PycharmProjects/pythonProject/USA-housing/venv/lib/python3.10/site-packages/airflow/example_dags/example_short_circuit_operator.py took 0.071 seconds
[2023-03-07T18:22:43.255+0530] {processor.py:153} INFO - Started process (PID=8095) to work on /home/ris/PycharmProjects/pythonProject/USA-housing/venv/lib/python3.10/site-packages/airflow/example_dags/example_short_circuit_operator.py
[2023-03-07T18:22:43.256+0530] {processor.py:743} INFO - Processing file /home/ris/PycharmProjects/pythonProject/USA-housing/venv/lib/python3.10/site-packages/airflow/example_dags/example_short_circuit_operator.py for tasks to queue
[2023-03-07T18:22:43.257+0530] {logging_mixin.py:137} INFO - [2023-03-07T18:22:43.257+0530] {dagbag.py:538} INFO - Filling up the DagBag from /home/ris/PycharmProjects/pythonProject/USA-housing/venv/lib/python3.10/site-packages/airflow/example_dags/example_short_circuit_operator.py
[2023-03-07T18:22:43.265+0530] {processor.py:753} INFO - DAG(s) dict_keys(['example_short_circuit_operator']) retrieved from /home/ris/PycharmProjects/pythonProject/USA-housing/venv/lib/python3.10/site-packages/airflow/example_dags/example_short_circuit_operator.py
[2023-03-07T18:22:43.284+0530] {logging_mixin.py:137} INFO - [2023-03-07T18:22:43.284+0530] {dag.py:2690} INFO - Sync 1 DAGs
[2023-03-07T18:22:43.306+0530] {logging_mixin.py:137} INFO - [2023-03-07T18:22:43.306+0530] {dag.py:3437} INFO - Setting next_dagrun for example_short_circuit_operator to 2023-03-06T12:52:43.305892+00:00, run_after=2023-03-07T12:52:43.305892+00:00
[2023-03-07T18:22:43.326+0530] {processor.py:175} INFO - Processing /home/ris/PycharmProjects/pythonProject/USA-housing/venv/lib/python3.10/site-packages/airflow/example_dags/example_short_circuit_operator.py took 0.074 seconds
[2023-03-07T18:23:33.868+0530] {processor.py:153} INFO - Started process (PID=8322) to work on /home/ris/PycharmProjects/pythonProject/USA-housing/venv/lib/python3.10/site-packages/airflow/example_dags/example_short_circuit_operator.py
[2023-03-07T18:23:33.870+0530] {processor.py:743} INFO - Processing file /home/ris/PycharmProjects/pythonProject/USA-housing/venv/lib/python3.10/site-packages/airflow/example_dags/example_short_circuit_operator.py for tasks to queue
[2023-03-07T18:23:33.871+0530] {logging_mixin.py:137} INFO - [2023-03-07T18:23:33.871+0530] {dagbag.py:538} INFO - Filling up the DagBag from /home/ris/PycharmProjects/pythonProject/USA-housing/venv/lib/python3.10/site-packages/airflow/example_dags/example_short_circuit_operator.py
[2023-03-07T18:23:33.883+0530] {processor.py:753} INFO - DAG(s) dict_keys(['example_short_circuit_operator']) retrieved from /home/ris/PycharmProjects/pythonProject/USA-housing/venv/lib/python3.10/site-packages/airflow/example_dags/example_short_circuit_operator.py
[2023-03-07T18:23:33.906+0530] {logging_mixin.py:137} INFO - [2023-03-07T18:23:33.906+0530] {dag.py:2690} INFO - Sync 1 DAGs
[2023-03-07T18:23:33.927+0530] {logging_mixin.py:137} INFO - [2023-03-07T18:23:33.927+0530] {dag.py:3437} INFO - Setting next_dagrun for example_short_circuit_operator to 2023-03-06T12:53:33.926861+00:00, run_after=2023-03-07T12:53:33.926861+00:00
[2023-03-07T18:23:33.953+0530] {processor.py:175} INFO - Processing /home/ris/PycharmProjects/pythonProject/USA-housing/venv/lib/python3.10/site-packages/airflow/example_dags/example_short_circuit_operator.py took 0.088 seconds
[2023-03-07T18:24:20.747+0530] {processor.py:153} INFO - Started process (PID=8367) to work on /home/ris/PycharmProjects/pythonProject/USA-housing/venv/lib/python3.10/site-packages/airflow/example_dags/example_short_circuit_operator.py
[2023-03-07T18:24:20.749+0530] {processor.py:743} INFO - Processing file /home/ris/PycharmProjects/pythonProject/USA-housing/venv/lib/python3.10/site-packages/airflow/example_dags/example_short_circuit_operator.py for tasks to queue
[2023-03-07T18:24:20.750+0530] {logging_mixin.py:137} INFO - [2023-03-07T18:24:20.750+0530] {dagbag.py:538} INFO - Filling up the DagBag from /home/ris/PycharmProjects/pythonProject/USA-housing/venv/lib/python3.10/site-packages/airflow/example_dags/example_short_circuit_operator.py
[2023-03-07T18:24:20.760+0530] {processor.py:753} INFO - DAG(s) dict_keys(['example_short_circuit_operator']) retrieved from /home/ris/PycharmProjects/pythonProject/USA-housing/venv/lib/python3.10/site-packages/airflow/example_dags/example_short_circuit_operator.py
[2023-03-07T18:24:20.781+0530] {logging_mixin.py:137} INFO - [2023-03-07T18:24:20.780+0530] {dag.py:2690} INFO - Sync 1 DAGs
[2023-03-07T18:24:20.798+0530] {logging_mixin.py:137} INFO - [2023-03-07T18:24:20.798+0530] {dag.py:3437} INFO - Setting next_dagrun for example_short_circuit_operator to 2023-03-06T12:54:20.798571+00:00, run_after=2023-03-07T12:54:20.798571+00:00
[2023-03-07T18:24:20.824+0530] {processor.py:175} INFO - Processing /home/ris/PycharmProjects/pythonProject/USA-housing/venv/lib/python3.10/site-packages/airflow/example_dags/example_short_circuit_operator.py took 0.079 seconds
[2023-03-07T18:25:05.602+0530] {processor.py:153} INFO - Started process (PID=8420) to work on /home/ris/PycharmProjects/pythonProject/USA-housing/venv/lib/python3.10/site-packages/airflow/example_dags/example_short_circuit_operator.py
[2023-03-07T18:25:05.604+0530] {processor.py:743} INFO - Processing file /home/ris/PycharmProjects/pythonProject/USA-housing/venv/lib/python3.10/site-packages/airflow/example_dags/example_short_circuit_operator.py for tasks to queue
[2023-03-07T18:25:05.604+0530] {logging_mixin.py:137} INFO - [2023-03-07T18:25:05.604+0530] {dagbag.py:538} INFO - Filling up the DagBag from /home/ris/PycharmProjects/pythonProject/USA-housing/venv/lib/python3.10/site-packages/airflow/example_dags/example_short_circuit_operator.py
[2023-03-07T18:25:05.614+0530] {processor.py:753} INFO - DAG(s) dict_keys(['example_short_circuit_operator']) retrieved from /home/ris/PycharmProjects/pythonProject/USA-housing/venv/lib/python3.10/site-packages/airflow/example_dags/example_short_circuit_operator.py
[2023-03-07T18:25:05.647+0530] {logging_mixin.py:137} INFO - [2023-03-07T18:25:05.647+0530] {dag.py:2690} INFO - Sync 1 DAGs
[2023-03-07T18:25:05.670+0530] {logging_mixin.py:137} INFO - [2023-03-07T18:25:05.670+0530] {dag.py:3437} INFO - Setting next_dagrun for example_short_circuit_operator to 2023-03-06T12:55:05.670329+00:00, run_after=2023-03-07T12:55:05.670329+00:00
[2023-03-07T18:25:05.698+0530] {processor.py:175} INFO - Processing /home/ris/PycharmProjects/pythonProject/USA-housing/venv/lib/python3.10/site-packages/airflow/example_dags/example_short_circuit_operator.py took 0.101 seconds
[2023-03-07T18:25:51.417+0530] {processor.py:153} INFO - Started process (PID=8510) to work on /home/ris/PycharmProjects/pythonProject/USA-housing/venv/lib/python3.10/site-packages/airflow/example_dags/example_short_circuit_operator.py
[2023-03-07T18:25:51.418+0530] {processor.py:743} INFO - Processing file /home/ris/PycharmProjects/pythonProject/USA-housing/venv/lib/python3.10/site-packages/airflow/example_dags/example_short_circuit_operator.py for tasks to queue
[2023-03-07T18:25:51.419+0530] {logging_mixin.py:137} INFO - [2023-03-07T18:25:51.419+0530] {dagbag.py:538} INFO - Filling up the DagBag from /home/ris/PycharmProjects/pythonProject/USA-housing/venv/lib/python3.10/site-packages/airflow/example_dags/example_short_circuit_operator.py
[2023-03-07T18:25:51.431+0530] {processor.py:753} INFO - DAG(s) dict_keys(['example_short_circuit_operator']) retrieved from /home/ris/PycharmProjects/pythonProject/USA-housing/venv/lib/python3.10/site-packages/airflow/example_dags/example_short_circuit_operator.py
[2023-03-07T18:25:51.461+0530] {logging_mixin.py:137} INFO - [2023-03-07T18:25:51.461+0530] {dag.py:2690} INFO - Sync 1 DAGs
[2023-03-07T18:25:51.487+0530] {logging_mixin.py:137} INFO - [2023-03-07T18:25:51.486+0530] {dag.py:3437} INFO - Setting next_dagrun for example_short_circuit_operator to 2023-03-06T12:55:51.486587+00:00, run_after=2023-03-07T12:55:51.486587+00:00
[2023-03-07T18:25:51.526+0530] {processor.py:175} INFO - Processing /home/ris/PycharmProjects/pythonProject/USA-housing/venv/lib/python3.10/site-packages/airflow/example_dags/example_short_circuit_operator.py took 0.114 seconds
[2023-03-07T18:26:36.759+0530] {processor.py:153} INFO - Started process (PID=8612) to work on /home/ris/PycharmProjects/pythonProject/USA-housing/venv/lib/python3.10/site-packages/airflow/example_dags/example_short_circuit_operator.py
[2023-03-07T18:26:36.761+0530] {processor.py:743} INFO - Processing file /home/ris/PycharmProjects/pythonProject/USA-housing/venv/lib/python3.10/site-packages/airflow/example_dags/example_short_circuit_operator.py for tasks to queue
[2023-03-07T18:26:36.762+0530] {logging_mixin.py:137} INFO - [2023-03-07T18:26:36.761+0530] {dagbag.py:538} INFO - Filling up the DagBag from /home/ris/PycharmProjects/pythonProject/USA-housing/venv/lib/python3.10/site-packages/airflow/example_dags/example_short_circuit_operator.py
[2023-03-07T18:26:36.772+0530] {processor.py:753} INFO - DAG(s) dict_keys(['example_short_circuit_operator']) retrieved from /home/ris/PycharmProjects/pythonProject/USA-housing/venv/lib/python3.10/site-packages/airflow/example_dags/example_short_circuit_operator.py
[2023-03-07T18:26:36.794+0530] {logging_mixin.py:137} INFO - [2023-03-07T18:26:36.794+0530] {dag.py:2690} INFO - Sync 1 DAGs
[2023-03-07T18:26:36.816+0530] {logging_mixin.py:137} INFO - [2023-03-07T18:26:36.815+0530] {dag.py:3437} INFO - Setting next_dagrun for example_short_circuit_operator to 2023-03-06T12:56:36.815511+00:00, run_after=2023-03-07T12:56:36.815511+00:00
[2023-03-07T18:26:36.839+0530] {processor.py:175} INFO - Processing /home/ris/PycharmProjects/pythonProject/USA-housing/venv/lib/python3.10/site-packages/airflow/example_dags/example_short_circuit_operator.py took 0.083 seconds
[2023-03-07T18:27:17.666+0530] {processor.py:153} INFO - Started process (PID=8681) to work on /home/ris/PycharmProjects/pythonProject/USA-housing/venv/lib/python3.10/site-packages/airflow/example_dags/example_short_circuit_operator.py
[2023-03-07T18:27:17.668+0530] {processor.py:743} INFO - Processing file /home/ris/PycharmProjects/pythonProject/USA-housing/venv/lib/python3.10/site-packages/airflow/example_dags/example_short_circuit_operator.py for tasks to queue
[2023-03-07T18:27:17.669+0530] {logging_mixin.py:137} INFO - [2023-03-07T18:27:17.669+0530] {dagbag.py:538} INFO - Filling up the DagBag from /home/ris/PycharmProjects/pythonProject/USA-housing/venv/lib/python3.10/site-packages/airflow/example_dags/example_short_circuit_operator.py
[2023-03-07T18:27:17.678+0530] {processor.py:753} INFO - DAG(s) dict_keys(['example_short_circuit_operator']) retrieved from /home/ris/PycharmProjects/pythonProject/USA-housing/venv/lib/python3.10/site-packages/airflow/example_dags/example_short_circuit_operator.py
[2023-03-07T18:27:17.701+0530] {logging_mixin.py:137} INFO - [2023-03-07T18:27:17.701+0530] {dag.py:2690} INFO - Sync 1 DAGs
[2023-03-07T18:27:17.729+0530] {logging_mixin.py:137} INFO - [2023-03-07T18:27:17.729+0530] {dag.py:3437} INFO - Setting next_dagrun for example_short_circuit_operator to 2023-03-06T12:57:17.729020+00:00, run_after=2023-03-07T12:57:17.729020+00:00
[2023-03-07T18:27:17.753+0530] {processor.py:175} INFO - Processing /home/ris/PycharmProjects/pythonProject/USA-housing/venv/lib/python3.10/site-packages/airflow/example_dags/example_short_circuit_operator.py took 0.091 seconds
[2023-03-07T18:28:00.842+0530] {processor.py:153} INFO - Started process (PID=8729) to work on /home/ris/PycharmProjects/pythonProject/USA-housing/venv/lib/python3.10/site-packages/airflow/example_dags/example_short_circuit_operator.py
[2023-03-07T18:28:00.844+0530] {processor.py:743} INFO - Processing file /home/ris/PycharmProjects/pythonProject/USA-housing/venv/lib/python3.10/site-packages/airflow/example_dags/example_short_circuit_operator.py for tasks to queue
[2023-03-07T18:28:00.846+0530] {logging_mixin.py:137} INFO - [2023-03-07T18:28:00.845+0530] {dagbag.py:538} INFO - Filling up the DagBag from /home/ris/PycharmProjects/pythonProject/USA-housing/venv/lib/python3.10/site-packages/airflow/example_dags/example_short_circuit_operator.py
[2023-03-07T18:28:00.855+0530] {processor.py:753} INFO - DAG(s) dict_keys(['example_short_circuit_operator']) retrieved from /home/ris/PycharmProjects/pythonProject/USA-housing/venv/lib/python3.10/site-packages/airflow/example_dags/example_short_circuit_operator.py
[2023-03-07T18:28:00.878+0530] {logging_mixin.py:137} INFO - [2023-03-07T18:28:00.877+0530] {dag.py:2690} INFO - Sync 1 DAGs
[2023-03-07T18:28:00.900+0530] {logging_mixin.py:137} INFO - [2023-03-07T18:28:00.900+0530] {dag.py:3437} INFO - Setting next_dagrun for example_short_circuit_operator to 2023-03-06T12:58:00.899787+00:00, run_after=2023-03-07T12:58:00.899787+00:00
[2023-03-07T18:28:00.923+0530] {processor.py:175} INFO - Processing /home/ris/PycharmProjects/pythonProject/USA-housing/venv/lib/python3.10/site-packages/airflow/example_dags/example_short_circuit_operator.py took 0.085 seconds
[2023-03-07T18:28:45.146+0530] {processor.py:153} INFO - Started process (PID=8795) to work on /home/ris/PycharmProjects/pythonProject/USA-housing/venv/lib/python3.10/site-packages/airflow/example_dags/example_short_circuit_operator.py
[2023-03-07T18:28:45.148+0530] {processor.py:743} INFO - Processing file /home/ris/PycharmProjects/pythonProject/USA-housing/venv/lib/python3.10/site-packages/airflow/example_dags/example_short_circuit_operator.py for tasks to queue
[2023-03-07T18:28:45.149+0530] {logging_mixin.py:137} INFO - [2023-03-07T18:28:45.148+0530] {dagbag.py:538} INFO - Filling up the DagBag from /home/ris/PycharmProjects/pythonProject/USA-housing/venv/lib/python3.10/site-packages/airflow/example_dags/example_short_circuit_operator.py
[2023-03-07T18:28:45.160+0530] {processor.py:753} INFO - DAG(s) dict_keys(['example_short_circuit_operator']) retrieved from /home/ris/PycharmProjects/pythonProject/USA-housing/venv/lib/python3.10/site-packages/airflow/example_dags/example_short_circuit_operator.py
[2023-03-07T18:28:45.181+0530] {logging_mixin.py:137} INFO - [2023-03-07T18:28:45.180+0530] {dag.py:2690} INFO - Sync 1 DAGs
[2023-03-07T18:28:45.198+0530] {logging_mixin.py:137} INFO - [2023-03-07T18:28:45.198+0530] {dag.py:3437} INFO - Setting next_dagrun for example_short_circuit_operator to 2023-03-06T12:58:45.197817+00:00, run_after=2023-03-07T12:58:45.197817+00:00
[2023-03-07T18:28:45.218+0530] {processor.py:175} INFO - Processing /home/ris/PycharmProjects/pythonProject/USA-housing/venv/lib/python3.10/site-packages/airflow/example_dags/example_short_circuit_operator.py took 0.076 seconds
[2023-03-07T18:29:25.088+0530] {processor.py:153} INFO - Started process (PID=8843) to work on /home/ris/PycharmProjects/pythonProject/USA-housing/venv/lib/python3.10/site-packages/airflow/example_dags/example_short_circuit_operator.py
[2023-03-07T18:29:25.090+0530] {processor.py:743} INFO - Processing file /home/ris/PycharmProjects/pythonProject/USA-housing/venv/lib/python3.10/site-packages/airflow/example_dags/example_short_circuit_operator.py for tasks to queue
[2023-03-07T18:29:25.090+0530] {logging_mixin.py:137} INFO - [2023-03-07T18:29:25.090+0530] {dagbag.py:538} INFO - Filling up the DagBag from /home/ris/PycharmProjects/pythonProject/USA-housing/venv/lib/python3.10/site-packages/airflow/example_dags/example_short_circuit_operator.py
[2023-03-07T18:29:25.099+0530] {processor.py:753} INFO - DAG(s) dict_keys(['example_short_circuit_operator']) retrieved from /home/ris/PycharmProjects/pythonProject/USA-housing/venv/lib/python3.10/site-packages/airflow/example_dags/example_short_circuit_operator.py
[2023-03-07T18:29:25.118+0530] {logging_mixin.py:137} INFO - [2023-03-07T18:29:25.118+0530] {dag.py:2690} INFO - Sync 1 DAGs
[2023-03-07T18:29:25.135+0530] {logging_mixin.py:137} INFO - [2023-03-07T18:29:25.135+0530] {dag.py:3437} INFO - Setting next_dagrun for example_short_circuit_operator to 2023-03-06T12:59:25.135084+00:00, run_after=2023-03-07T12:59:25.135084+00:00
[2023-03-07T18:29:25.155+0530] {processor.py:175} INFO - Processing /home/ris/PycharmProjects/pythonProject/USA-housing/venv/lib/python3.10/site-packages/airflow/example_dags/example_short_circuit_operator.py took 0.070 seconds
[2023-03-07T18:30:12.334+0530] {processor.py:153} INFO - Started process (PID=8896) to work on /home/ris/PycharmProjects/pythonProject/USA-housing/venv/lib/python3.10/site-packages/airflow/example_dags/example_short_circuit_operator.py
[2023-03-07T18:30:12.335+0530] {processor.py:743} INFO - Processing file /home/ris/PycharmProjects/pythonProject/USA-housing/venv/lib/python3.10/site-packages/airflow/example_dags/example_short_circuit_operator.py for tasks to queue
[2023-03-07T18:30:12.336+0530] {logging_mixin.py:137} INFO - [2023-03-07T18:30:12.336+0530] {dagbag.py:538} INFO - Filling up the DagBag from /home/ris/PycharmProjects/pythonProject/USA-housing/venv/lib/python3.10/site-packages/airflow/example_dags/example_short_circuit_operator.py
[2023-03-07T18:30:12.345+0530] {processor.py:753} INFO - DAG(s) dict_keys(['example_short_circuit_operator']) retrieved from /home/ris/PycharmProjects/pythonProject/USA-housing/venv/lib/python3.10/site-packages/airflow/example_dags/example_short_circuit_operator.py
[2023-03-07T18:30:12.364+0530] {logging_mixin.py:137} INFO - [2023-03-07T18:30:12.364+0530] {dag.py:2690} INFO - Sync 1 DAGs
[2023-03-07T18:30:12.381+0530] {logging_mixin.py:137} INFO - [2023-03-07T18:30:12.381+0530] {dag.py:3437} INFO - Setting next_dagrun for example_short_circuit_operator to 2023-03-06T13:00:12.381594+00:00, run_after=2023-03-07T13:00:12.381594+00:00
[2023-03-07T18:30:12.402+0530] {processor.py:175} INFO - Processing /home/ris/PycharmProjects/pythonProject/USA-housing/venv/lib/python3.10/site-packages/airflow/example_dags/example_short_circuit_operator.py took 0.072 seconds
[2023-03-07T18:30:51.160+0530] {processor.py:153} INFO - Started process (PID=8981) to work on /home/ris/PycharmProjects/pythonProject/USA-housing/venv/lib/python3.10/site-packages/airflow/example_dags/example_short_circuit_operator.py
[2023-03-07T18:30:51.162+0530] {processor.py:743} INFO - Processing file /home/ris/PycharmProjects/pythonProject/USA-housing/venv/lib/python3.10/site-packages/airflow/example_dags/example_short_circuit_operator.py for tasks to queue
[2023-03-07T18:30:51.165+0530] {logging_mixin.py:137} INFO - [2023-03-07T18:30:51.165+0530] {dagbag.py:538} INFO - Filling up the DagBag from /home/ris/PycharmProjects/pythonProject/USA-housing/venv/lib/python3.10/site-packages/airflow/example_dags/example_short_circuit_operator.py
[2023-03-07T18:30:51.172+0530] {processor.py:753} INFO - DAG(s) dict_keys(['example_short_circuit_operator']) retrieved from /home/ris/PycharmProjects/pythonProject/USA-housing/venv/lib/python3.10/site-packages/airflow/example_dags/example_short_circuit_operator.py
[2023-03-07T18:30:51.191+0530] {logging_mixin.py:137} INFO - [2023-03-07T18:30:51.191+0530] {dag.py:2690} INFO - Sync 1 DAGs
[2023-03-07T18:30:51.209+0530] {logging_mixin.py:137} INFO - [2023-03-07T18:30:51.209+0530] {dag.py:3437} INFO - Setting next_dagrun for example_short_circuit_operator to 2023-03-06T13:00:51.209187+00:00, run_after=2023-03-07T13:00:51.209187+00:00
[2023-03-07T18:30:51.231+0530] {processor.py:175} INFO - Processing /home/ris/PycharmProjects/pythonProject/USA-housing/venv/lib/python3.10/site-packages/airflow/example_dags/example_short_circuit_operator.py took 0.074 seconds
[2023-03-07T18:31:31.337+0530] {processor.py:153} INFO - Started process (PID=9031) to work on /home/ris/PycharmProjects/pythonProject/USA-housing/venv/lib/python3.10/site-packages/airflow/example_dags/example_short_circuit_operator.py
[2023-03-07T18:31:31.339+0530] {processor.py:743} INFO - Processing file /home/ris/PycharmProjects/pythonProject/USA-housing/venv/lib/python3.10/site-packages/airflow/example_dags/example_short_circuit_operator.py for tasks to queue
[2023-03-07T18:31:31.340+0530] {logging_mixin.py:137} INFO - [2023-03-07T18:31:31.340+0530] {dagbag.py:538} INFO - Filling up the DagBag from /home/ris/PycharmProjects/pythonProject/USA-housing/venv/lib/python3.10/site-packages/airflow/example_dags/example_short_circuit_operator.py
[2023-03-07T18:31:31.346+0530] {processor.py:753} INFO - DAG(s) dict_keys(['example_short_circuit_operator']) retrieved from /home/ris/PycharmProjects/pythonProject/USA-housing/venv/lib/python3.10/site-packages/airflow/example_dags/example_short_circuit_operator.py
[2023-03-07T18:31:31.363+0530] {logging_mixin.py:137} INFO - [2023-03-07T18:31:31.363+0530] {dag.py:2690} INFO - Sync 1 DAGs
[2023-03-07T18:31:31.379+0530] {logging_mixin.py:137} INFO - [2023-03-07T18:31:31.379+0530] {dag.py:3437} INFO - Setting next_dagrun for example_short_circuit_operator to 2023-03-06T13:01:31.379221+00:00, run_after=2023-03-07T13:01:31.379221+00:00
[2023-03-07T18:31:31.397+0530] {processor.py:175} INFO - Processing /home/ris/PycharmProjects/pythonProject/USA-housing/venv/lib/python3.10/site-packages/airflow/example_dags/example_short_circuit_operator.py took 0.063 seconds
[2023-03-07T18:32:10.027+0530] {processor.py:153} INFO - Started process (PID=9099) to work on /home/ris/PycharmProjects/pythonProject/USA-housing/venv/lib/python3.10/site-packages/airflow/example_dags/example_short_circuit_operator.py
[2023-03-07T18:32:10.029+0530] {processor.py:743} INFO - Processing file /home/ris/PycharmProjects/pythonProject/USA-housing/venv/lib/python3.10/site-packages/airflow/example_dags/example_short_circuit_operator.py for tasks to queue
[2023-03-07T18:32:10.030+0530] {logging_mixin.py:137} INFO - [2023-03-07T18:32:10.029+0530] {dagbag.py:538} INFO - Filling up the DagBag from /home/ris/PycharmProjects/pythonProject/USA-housing/venv/lib/python3.10/site-packages/airflow/example_dags/example_short_circuit_operator.py
[2023-03-07T18:32:10.038+0530] {processor.py:753} INFO - DAG(s) dict_keys(['example_short_circuit_operator']) retrieved from /home/ris/PycharmProjects/pythonProject/USA-housing/venv/lib/python3.10/site-packages/airflow/example_dags/example_short_circuit_operator.py
[2023-03-07T18:32:10.057+0530] {logging_mixin.py:137} INFO - [2023-03-07T18:32:10.057+0530] {dag.py:2690} INFO - Sync 1 DAGs
[2023-03-07T18:32:10.074+0530] {logging_mixin.py:137} INFO - [2023-03-07T18:32:10.074+0530] {dag.py:3437} INFO - Setting next_dagrun for example_short_circuit_operator to 2023-03-06T13:02:10.073915+00:00, run_after=2023-03-07T13:02:10.073915+00:00
[2023-03-07T18:32:10.093+0530] {processor.py:175} INFO - Processing /home/ris/PycharmProjects/pythonProject/USA-housing/venv/lib/python3.10/site-packages/airflow/example_dags/example_short_circuit_operator.py took 0.069 seconds
[2023-03-07T18:32:56.178+0530] {processor.py:153} INFO - Started process (PID=9153) to work on /home/ris/PycharmProjects/pythonProject/USA-housing/venv/lib/python3.10/site-packages/airflow/example_dags/example_short_circuit_operator.py
[2023-03-07T18:32:56.180+0530] {processor.py:743} INFO - Processing file /home/ris/PycharmProjects/pythonProject/USA-housing/venv/lib/python3.10/site-packages/airflow/example_dags/example_short_circuit_operator.py for tasks to queue
[2023-03-07T18:32:56.181+0530] {logging_mixin.py:137} INFO - [2023-03-07T18:32:56.181+0530] {dagbag.py:538} INFO - Filling up the DagBag from /home/ris/PycharmProjects/pythonProject/USA-housing/venv/lib/python3.10/site-packages/airflow/example_dags/example_short_circuit_operator.py
[2023-03-07T18:32:56.188+0530] {processor.py:753} INFO - DAG(s) dict_keys(['example_short_circuit_operator']) retrieved from /home/ris/PycharmProjects/pythonProject/USA-housing/venv/lib/python3.10/site-packages/airflow/example_dags/example_short_circuit_operator.py
[2023-03-07T18:32:56.209+0530] {logging_mixin.py:137} INFO - [2023-03-07T18:32:56.208+0530] {dag.py:2690} INFO - Sync 1 DAGs
[2023-03-07T18:32:56.224+0530] {logging_mixin.py:137} INFO - [2023-03-07T18:32:56.224+0530] {dag.py:3437} INFO - Setting next_dagrun for example_short_circuit_operator to 2023-03-06T13:02:56.224072+00:00, run_after=2023-03-07T13:02:56.224072+00:00
[2023-03-07T18:32:56.244+0530] {processor.py:175} INFO - Processing /home/ris/PycharmProjects/pythonProject/USA-housing/venv/lib/python3.10/site-packages/airflow/example_dags/example_short_circuit_operator.py took 0.068 seconds
[2023-03-07T18:33:46.435+0530] {processor.py:153} INFO - Started process (PID=9207) to work on /home/ris/PycharmProjects/pythonProject/USA-housing/venv/lib/python3.10/site-packages/airflow/example_dags/example_short_circuit_operator.py
[2023-03-07T18:33:46.437+0530] {processor.py:743} INFO - Processing file /home/ris/PycharmProjects/pythonProject/USA-housing/venv/lib/python3.10/site-packages/airflow/example_dags/example_short_circuit_operator.py for tasks to queue
[2023-03-07T18:33:46.438+0530] {logging_mixin.py:137} INFO - [2023-03-07T18:33:46.437+0530] {dagbag.py:538} INFO - Filling up the DagBag from /home/ris/PycharmProjects/pythonProject/USA-housing/venv/lib/python3.10/site-packages/airflow/example_dags/example_short_circuit_operator.py
[2023-03-07T18:33:46.446+0530] {processor.py:753} INFO - DAG(s) dict_keys(['example_short_circuit_operator']) retrieved from /home/ris/PycharmProjects/pythonProject/USA-housing/venv/lib/python3.10/site-packages/airflow/example_dags/example_short_circuit_operator.py
[2023-03-07T18:33:46.465+0530] {logging_mixin.py:137} INFO - [2023-03-07T18:33:46.464+0530] {dag.py:2690} INFO - Sync 1 DAGs
[2023-03-07T18:33:46.480+0530] {logging_mixin.py:137} INFO - [2023-03-07T18:33:46.480+0530] {dag.py:3437} INFO - Setting next_dagrun for example_short_circuit_operator to 2023-03-06T13:03:46.480402+00:00, run_after=2023-03-07T13:03:46.480402+00:00
[2023-03-07T18:33:46.500+0530] {processor.py:175} INFO - Processing /home/ris/PycharmProjects/pythonProject/USA-housing/venv/lib/python3.10/site-packages/airflow/example_dags/example_short_circuit_operator.py took 0.068 seconds
[2023-03-07T18:34:29.688+0530] {processor.py:153} INFO - Started process (PID=9259) to work on /home/ris/PycharmProjects/pythonProject/USA-housing/venv/lib/python3.10/site-packages/airflow/example_dags/example_short_circuit_operator.py
[2023-03-07T18:34:29.690+0530] {processor.py:743} INFO - Processing file /home/ris/PycharmProjects/pythonProject/USA-housing/venv/lib/python3.10/site-packages/airflow/example_dags/example_short_circuit_operator.py for tasks to queue
[2023-03-07T18:34:29.691+0530] {logging_mixin.py:137} INFO - [2023-03-07T18:34:29.691+0530] {dagbag.py:538} INFO - Filling up the DagBag from /home/ris/PycharmProjects/pythonProject/USA-housing/venv/lib/python3.10/site-packages/airflow/example_dags/example_short_circuit_operator.py
[2023-03-07T18:34:29.699+0530] {processor.py:753} INFO - DAG(s) dict_keys(['example_short_circuit_operator']) retrieved from /home/ris/PycharmProjects/pythonProject/USA-housing/venv/lib/python3.10/site-packages/airflow/example_dags/example_short_circuit_operator.py
[2023-03-07T18:34:29.719+0530] {logging_mixin.py:137} INFO - [2023-03-07T18:34:29.718+0530] {dag.py:2690} INFO - Sync 1 DAGs
[2023-03-07T18:34:29.736+0530] {logging_mixin.py:137} INFO - [2023-03-07T18:34:29.736+0530] {dag.py:3437} INFO - Setting next_dagrun for example_short_circuit_operator to 2023-03-06T13:04:29.736358+00:00, run_after=2023-03-07T13:04:29.736358+00:00
[2023-03-07T18:34:29.757+0530] {processor.py:175} INFO - Processing /home/ris/PycharmProjects/pythonProject/USA-housing/venv/lib/python3.10/site-packages/airflow/example_dags/example_short_circuit_operator.py took 0.071 seconds
[2023-03-07T18:35:17.474+0530] {processor.py:153} INFO - Started process (PID=9333) to work on /home/ris/PycharmProjects/pythonProject/USA-housing/venv/lib/python3.10/site-packages/airflow/example_dags/example_short_circuit_operator.py
[2023-03-07T18:35:17.475+0530] {processor.py:743} INFO - Processing file /home/ris/PycharmProjects/pythonProject/USA-housing/venv/lib/python3.10/site-packages/airflow/example_dags/example_short_circuit_operator.py for tasks to queue
[2023-03-07T18:35:17.476+0530] {logging_mixin.py:137} INFO - [2023-03-07T18:35:17.476+0530] {dagbag.py:538} INFO - Filling up the DagBag from /home/ris/PycharmProjects/pythonProject/USA-housing/venv/lib/python3.10/site-packages/airflow/example_dags/example_short_circuit_operator.py
[2023-03-07T18:35:17.484+0530] {processor.py:753} INFO - DAG(s) dict_keys(['example_short_circuit_operator']) retrieved from /home/ris/PycharmProjects/pythonProject/USA-housing/venv/lib/python3.10/site-packages/airflow/example_dags/example_short_circuit_operator.py
[2023-03-07T18:35:17.500+0530] {logging_mixin.py:137} INFO - [2023-03-07T18:35:17.500+0530] {dag.py:2690} INFO - Sync 1 DAGs
[2023-03-07T18:35:17.516+0530] {logging_mixin.py:137} INFO - [2023-03-07T18:35:17.515+0530] {dag.py:3437} INFO - Setting next_dagrun for example_short_circuit_operator to 2023-03-06T13:05:17.515715+00:00, run_after=2023-03-07T13:05:17.515715+00:00
[2023-03-07T18:35:17.534+0530] {processor.py:175} INFO - Processing /home/ris/PycharmProjects/pythonProject/USA-housing/venv/lib/python3.10/site-packages/airflow/example_dags/example_short_circuit_operator.py took 0.063 seconds
[2023-03-07T18:35:57.787+0530] {processor.py:153} INFO - Started process (PID=9376) to work on /home/ris/PycharmProjects/pythonProject/USA-housing/venv/lib/python3.10/site-packages/airflow/example_dags/example_short_circuit_operator.py
[2023-03-07T18:35:57.789+0530] {processor.py:743} INFO - Processing file /home/ris/PycharmProjects/pythonProject/USA-housing/venv/lib/python3.10/site-packages/airflow/example_dags/example_short_circuit_operator.py for tasks to queue
[2023-03-07T18:35:57.790+0530] {logging_mixin.py:137} INFO - [2023-03-07T18:35:57.790+0530] {dagbag.py:538} INFO - Filling up the DagBag from /home/ris/PycharmProjects/pythonProject/USA-housing/venv/lib/python3.10/site-packages/airflow/example_dags/example_short_circuit_operator.py
[2023-03-07T18:35:57.797+0530] {processor.py:753} INFO - DAG(s) dict_keys(['example_short_circuit_operator']) retrieved from /home/ris/PycharmProjects/pythonProject/USA-housing/venv/lib/python3.10/site-packages/airflow/example_dags/example_short_circuit_operator.py
[2023-03-07T18:35:57.816+0530] {logging_mixin.py:137} INFO - [2023-03-07T18:35:57.815+0530] {dag.py:2690} INFO - Sync 1 DAGs
[2023-03-07T18:35:57.832+0530] {logging_mixin.py:137} INFO - [2023-03-07T18:35:57.831+0530] {dag.py:3437} INFO - Setting next_dagrun for example_short_circuit_operator to 2023-03-06T13:05:57.831646+00:00, run_after=2023-03-07T13:05:57.831646+00:00
[2023-03-07T18:35:57.851+0530] {processor.py:175} INFO - Processing /home/ris/PycharmProjects/pythonProject/USA-housing/venv/lib/python3.10/site-packages/airflow/example_dags/example_short_circuit_operator.py took 0.067 seconds
[2023-03-07T18:36:44.910+0530] {processor.py:153} INFO - Started process (PID=9429) to work on /home/ris/PycharmProjects/pythonProject/USA-housing/venv/lib/python3.10/site-packages/airflow/example_dags/example_short_circuit_operator.py
[2023-03-07T18:36:44.912+0530] {processor.py:743} INFO - Processing file /home/ris/PycharmProjects/pythonProject/USA-housing/venv/lib/python3.10/site-packages/airflow/example_dags/example_short_circuit_operator.py for tasks to queue
[2023-03-07T18:36:44.912+0530] {logging_mixin.py:137} INFO - [2023-03-07T18:36:44.912+0530] {dagbag.py:538} INFO - Filling up the DagBag from /home/ris/PycharmProjects/pythonProject/USA-housing/venv/lib/python3.10/site-packages/airflow/example_dags/example_short_circuit_operator.py
[2023-03-07T18:36:44.920+0530] {processor.py:753} INFO - DAG(s) dict_keys(['example_short_circuit_operator']) retrieved from /home/ris/PycharmProjects/pythonProject/USA-housing/venv/lib/python3.10/site-packages/airflow/example_dags/example_short_circuit_operator.py
[2023-03-07T18:36:44.939+0530] {logging_mixin.py:137} INFO - [2023-03-07T18:36:44.938+0530] {dag.py:2690} INFO - Sync 1 DAGs
[2023-03-07T18:36:44.954+0530] {logging_mixin.py:137} INFO - [2023-03-07T18:36:44.954+0530] {dag.py:3437} INFO - Setting next_dagrun for example_short_circuit_operator to 2023-03-06T13:06:44.954440+00:00, run_after=2023-03-07T13:06:44.954440+00:00
[2023-03-07T18:36:44.974+0530] {processor.py:175} INFO - Processing /home/ris/PycharmProjects/pythonProject/USA-housing/venv/lib/python3.10/site-packages/airflow/example_dags/example_short_circuit_operator.py took 0.067 seconds
[2023-03-07T18:37:23.206+0530] {processor.py:153} INFO - Started process (PID=9513) to work on /home/ris/PycharmProjects/pythonProject/USA-housing/venv/lib/python3.10/site-packages/airflow/example_dags/example_short_circuit_operator.py
[2023-03-07T18:37:23.208+0530] {processor.py:743} INFO - Processing file /home/ris/PycharmProjects/pythonProject/USA-housing/venv/lib/python3.10/site-packages/airflow/example_dags/example_short_circuit_operator.py for tasks to queue
[2023-03-07T18:37:23.209+0530] {logging_mixin.py:137} INFO - [2023-03-07T18:37:23.209+0530] {dagbag.py:538} INFO - Filling up the DagBag from /home/ris/PycharmProjects/pythonProject/USA-housing/venv/lib/python3.10/site-packages/airflow/example_dags/example_short_circuit_operator.py
[2023-03-07T18:37:23.226+0530] {processor.py:753} INFO - DAG(s) dict_keys(['example_short_circuit_operator']) retrieved from /home/ris/PycharmProjects/pythonProject/USA-housing/venv/lib/python3.10/site-packages/airflow/example_dags/example_short_circuit_operator.py
[2023-03-07T18:37:23.255+0530] {logging_mixin.py:137} INFO - [2023-03-07T18:37:23.255+0530] {dag.py:2690} INFO - Sync 1 DAGs
[2023-03-07T18:37:23.270+0530] {logging_mixin.py:137} INFO - [2023-03-07T18:37:23.270+0530] {dag.py:3437} INFO - Setting next_dagrun for example_short_circuit_operator to 2023-03-06T13:07:23.270084+00:00, run_after=2023-03-07T13:07:23.270084+00:00
[2023-03-07T18:37:23.289+0530] {processor.py:175} INFO - Processing /home/ris/PycharmProjects/pythonProject/USA-housing/venv/lib/python3.10/site-packages/airflow/example_dags/example_short_circuit_operator.py took 0.088 seconds
[2023-03-07T18:38:02.676+0530] {processor.py:153} INFO - Started process (PID=9558) to work on /home/ris/PycharmProjects/pythonProject/USA-housing/venv/lib/python3.10/site-packages/airflow/example_dags/example_short_circuit_operator.py
[2023-03-07T18:38:02.678+0530] {processor.py:743} INFO - Processing file /home/ris/PycharmProjects/pythonProject/USA-housing/venv/lib/python3.10/site-packages/airflow/example_dags/example_short_circuit_operator.py for tasks to queue
[2023-03-07T18:38:02.679+0530] {logging_mixin.py:137} INFO - [2023-03-07T18:38:02.679+0530] {dagbag.py:538} INFO - Filling up the DagBag from /home/ris/PycharmProjects/pythonProject/USA-housing/venv/lib/python3.10/site-packages/airflow/example_dags/example_short_circuit_operator.py
[2023-03-07T18:38:02.687+0530] {processor.py:753} INFO - DAG(s) dict_keys(['example_short_circuit_operator']) retrieved from /home/ris/PycharmProjects/pythonProject/USA-housing/venv/lib/python3.10/site-packages/airflow/example_dags/example_short_circuit_operator.py
[2023-03-07T18:38:02.704+0530] {logging_mixin.py:137} INFO - [2023-03-07T18:38:02.704+0530] {dag.py:2690} INFO - Sync 1 DAGs
[2023-03-07T18:38:02.719+0530] {logging_mixin.py:137} INFO - [2023-03-07T18:38:02.719+0530] {dag.py:3437} INFO - Setting next_dagrun for example_short_circuit_operator to 2023-03-06T13:08:02.718998+00:00, run_after=2023-03-07T13:08:02.718998+00:00
[2023-03-07T18:38:02.738+0530] {processor.py:175} INFO - Processing /home/ris/PycharmProjects/pythonProject/USA-housing/venv/lib/python3.10/site-packages/airflow/example_dags/example_short_circuit_operator.py took 0.065 seconds
[2023-03-07T18:38:39.327+0530] {processor.py:153} INFO - Started process (PID=9624) to work on /home/ris/PycharmProjects/pythonProject/USA-housing/venv/lib/python3.10/site-packages/airflow/example_dags/example_short_circuit_operator.py
[2023-03-07T18:38:39.329+0530] {processor.py:743} INFO - Processing file /home/ris/PycharmProjects/pythonProject/USA-housing/venv/lib/python3.10/site-packages/airflow/example_dags/example_short_circuit_operator.py for tasks to queue
[2023-03-07T18:38:39.331+0530] {logging_mixin.py:137} INFO - [2023-03-07T18:38:39.330+0530] {dagbag.py:538} INFO - Filling up the DagBag from /home/ris/PycharmProjects/pythonProject/USA-housing/venv/lib/python3.10/site-packages/airflow/example_dags/example_short_circuit_operator.py
[2023-03-07T18:38:39.340+0530] {processor.py:753} INFO - DAG(s) dict_keys(['example_short_circuit_operator']) retrieved from /home/ris/PycharmProjects/pythonProject/USA-housing/venv/lib/python3.10/site-packages/airflow/example_dags/example_short_circuit_operator.py
[2023-03-07T18:38:39.359+0530] {logging_mixin.py:137} INFO - [2023-03-07T18:38:39.359+0530] {dag.py:2690} INFO - Sync 1 DAGs
[2023-03-07T18:38:39.375+0530] {logging_mixin.py:137} INFO - [2023-03-07T18:38:39.375+0530] {dag.py:3437} INFO - Setting next_dagrun for example_short_circuit_operator to 2023-03-06T13:08:39.375174+00:00, run_after=2023-03-07T13:08:39.375174+00:00
[2023-03-07T18:38:39.397+0530] {processor.py:175} INFO - Processing /home/ris/PycharmProjects/pythonProject/USA-housing/venv/lib/python3.10/site-packages/airflow/example_dags/example_short_circuit_operator.py took 0.074 seconds
[2023-03-07T18:39:19.231+0530] {processor.py:153} INFO - Started process (PID=9669) to work on /home/ris/PycharmProjects/pythonProject/USA-housing/venv/lib/python3.10/site-packages/airflow/example_dags/example_short_circuit_operator.py
[2023-03-07T18:39:19.233+0530] {processor.py:743} INFO - Processing file /home/ris/PycharmProjects/pythonProject/USA-housing/venv/lib/python3.10/site-packages/airflow/example_dags/example_short_circuit_operator.py for tasks to queue
[2023-03-07T18:39:19.234+0530] {logging_mixin.py:137} INFO - [2023-03-07T18:39:19.234+0530] {dagbag.py:538} INFO - Filling up the DagBag from /home/ris/PycharmProjects/pythonProject/USA-housing/venv/lib/python3.10/site-packages/airflow/example_dags/example_short_circuit_operator.py
[2023-03-07T18:39:19.249+0530] {processor.py:753} INFO - DAG(s) dict_keys(['example_short_circuit_operator']) retrieved from /home/ris/PycharmProjects/pythonProject/USA-housing/venv/lib/python3.10/site-packages/airflow/example_dags/example_short_circuit_operator.py
[2023-03-07T18:39:19.276+0530] {logging_mixin.py:137} INFO - [2023-03-07T18:39:19.276+0530] {dag.py:2690} INFO - Sync 1 DAGs
[2023-03-07T18:39:19.290+0530] {logging_mixin.py:137} INFO - [2023-03-07T18:39:19.290+0530] {dag.py:3437} INFO - Setting next_dagrun for example_short_circuit_operator to 2023-03-06T13:09:19.290492+00:00, run_after=2023-03-07T13:09:19.290492+00:00
[2023-03-07T18:39:19.307+0530] {processor.py:175} INFO - Processing /home/ris/PycharmProjects/pythonProject/USA-housing/venv/lib/python3.10/site-packages/airflow/example_dags/example_short_circuit_operator.py took 0.081 seconds
[2023-03-07T18:40:03.440+0530] {processor.py:153} INFO - Started process (PID=9719) to work on /home/ris/PycharmProjects/pythonProject/USA-housing/venv/lib/python3.10/site-packages/airflow/example_dags/example_short_circuit_operator.py
[2023-03-07T18:40:03.443+0530] {processor.py:743} INFO - Processing file /home/ris/PycharmProjects/pythonProject/USA-housing/venv/lib/python3.10/site-packages/airflow/example_dags/example_short_circuit_operator.py for tasks to queue
[2023-03-07T18:40:03.444+0530] {logging_mixin.py:137} INFO - [2023-03-07T18:40:03.443+0530] {dagbag.py:538} INFO - Filling up the DagBag from /home/ris/PycharmProjects/pythonProject/USA-housing/venv/lib/python3.10/site-packages/airflow/example_dags/example_short_circuit_operator.py
[2023-03-07T18:40:03.458+0530] {processor.py:753} INFO - DAG(s) dict_keys(['example_short_circuit_operator']) retrieved from /home/ris/PycharmProjects/pythonProject/USA-housing/venv/lib/python3.10/site-packages/airflow/example_dags/example_short_circuit_operator.py
[2023-03-07T18:40:03.487+0530] {logging_mixin.py:137} INFO - [2023-03-07T18:40:03.487+0530] {dag.py:2690} INFO - Sync 1 DAGs
[2023-03-07T18:40:03.501+0530] {logging_mixin.py:137} INFO - [2023-03-07T18:40:03.501+0530] {dag.py:3437} INFO - Setting next_dagrun for example_short_circuit_operator to 2023-03-06T13:10:03.501477+00:00, run_after=2023-03-07T13:10:03.501477+00:00
[2023-03-07T18:40:03.519+0530] {processor.py:175} INFO - Processing /home/ris/PycharmProjects/pythonProject/USA-housing/venv/lib/python3.10/site-packages/airflow/example_dags/example_short_circuit_operator.py took 0.083 seconds
[2023-03-07T18:40:43.942+0530] {processor.py:153} INFO - Started process (PID=9763) to work on /home/ris/PycharmProjects/pythonProject/USA-housing/venv/lib/python3.10/site-packages/airflow/example_dags/example_short_circuit_operator.py
[2023-03-07T18:40:43.945+0530] {processor.py:743} INFO - Processing file /home/ris/PycharmProjects/pythonProject/USA-housing/venv/lib/python3.10/site-packages/airflow/example_dags/example_short_circuit_operator.py for tasks to queue
[2023-03-07T18:40:43.946+0530] {logging_mixin.py:137} INFO - [2023-03-07T18:40:43.946+0530] {dagbag.py:538} INFO - Filling up the DagBag from /home/ris/PycharmProjects/pythonProject/USA-housing/venv/lib/python3.10/site-packages/airflow/example_dags/example_short_circuit_operator.py
[2023-03-07T18:40:43.961+0530] {processor.py:753} INFO - DAG(s) dict_keys(['example_short_circuit_operator']) retrieved from /home/ris/PycharmProjects/pythonProject/USA-housing/venv/lib/python3.10/site-packages/airflow/example_dags/example_short_circuit_operator.py
[2023-03-07T18:40:43.989+0530] {logging_mixin.py:137} INFO - [2023-03-07T18:40:43.989+0530] {dag.py:2690} INFO - Sync 1 DAGs
[2023-03-07T18:40:44.002+0530] {logging_mixin.py:137} INFO - [2023-03-07T18:40:44.002+0530] {dag.py:3437} INFO - Setting next_dagrun for example_short_circuit_operator to 2023-03-06T13:10:44.002481+00:00, run_after=2023-03-07T13:10:44.002481+00:00
[2023-03-07T18:40:44.019+0530] {processor.py:175} INFO - Processing /home/ris/PycharmProjects/pythonProject/USA-housing/venv/lib/python3.10/site-packages/airflow/example_dags/example_short_circuit_operator.py took 0.081 seconds
