[2023-03-07T16:10:45.082+0530] {processor.py:153} INFO - Started process (PID=14974) to work on /home/ris/PycharmProjects/pythonProject/USA-housing/venv/lib/python3.10/site-packages/airflow/example_dags/example_latest_only.py
[2023-03-07T16:10:45.083+0530] {processor.py:743} INFO - Processing file /home/ris/PycharmProjects/pythonProject/USA-housing/venv/lib/python3.10/site-packages/airflow/example_dags/example_latest_only.py for tasks to queue
[2023-03-07T16:10:45.084+0530] {logging_mixin.py:137} INFO - [2023-03-07T16:10:45.084+0530] {dagbag.py:538} INFO - Filling up the DagBag from /home/ris/PycharmProjects/pythonProject/USA-housing/venv/lib/python3.10/site-packages/airflow/example_dags/example_latest_only.py
[2023-03-07T16:10:45.107+0530] {processor.py:753} INFO - DAG(s) dict_keys(['latest_only']) retrieved from /home/ris/PycharmProjects/pythonProject/USA-housing/venv/lib/python3.10/site-packages/airflow/example_dags/example_latest_only.py
[2023-03-07T16:10:45.135+0530] {logging_mixin.py:137} INFO - [2023-03-07T16:10:45.135+0530] {dag.py:2690} INFO - Sync 1 DAGs
[2023-03-07T16:10:45.167+0530] {logging_mixin.py:137} INFO - [2023-03-07T16:10:45.167+0530] {dag.py:3437} INFO - Setting next_dagrun for latest_only to 2023-03-07T06:40:45.167127+00:00, run_after=2023-03-07T10:40:45.167127+00:00
[2023-03-07T16:10:45.206+0530] {processor.py:175} INFO - Processing /home/ris/PycharmProjects/pythonProject/USA-housing/venv/lib/python3.10/site-packages/airflow/example_dags/example_latest_only.py took 0.127 seconds
[2023-03-07T17:37:26.645+0530] {processor.py:153} INFO - Started process (PID=5557) to work on /home/ris/PycharmProjects/pythonProject/USA-housing/venv/lib/python3.10/site-packages/airflow/example_dags/example_latest_only.py
[2023-03-07T17:37:26.647+0530] {processor.py:743} INFO - Processing file /home/ris/PycharmProjects/pythonProject/USA-housing/venv/lib/python3.10/site-packages/airflow/example_dags/example_latest_only.py for tasks to queue
[2023-03-07T17:37:26.648+0530] {logging_mixin.py:137} INFO - [2023-03-07T17:37:26.648+0530] {dagbag.py:538} INFO - Filling up the DagBag from /home/ris/PycharmProjects/pythonProject/USA-housing/venv/lib/python3.10/site-packages/airflow/example_dags/example_latest_only.py
[2023-03-07T17:37:26.675+0530] {processor.py:753} INFO - DAG(s) dict_keys(['latest_only']) retrieved from /home/ris/PycharmProjects/pythonProject/USA-housing/venv/lib/python3.10/site-packages/airflow/example_dags/example_latest_only.py
[2023-03-07T17:37:26.700+0530] {logging_mixin.py:137} INFO - [2023-03-07T17:37:26.700+0530] {dag.py:2690} INFO - Sync 1 DAGs
[2023-03-07T17:37:26.719+0530] {logging_mixin.py:137} INFO - [2023-03-07T17:37:26.719+0530] {dag.py:3437} INFO - Setting next_dagrun for latest_only to 2023-03-07T08:07:26.718877+00:00, run_after=2023-03-07T12:07:26.718877+00:00
[2023-03-07T17:37:26.745+0530] {processor.py:175} INFO - Processing /home/ris/PycharmProjects/pythonProject/USA-housing/venv/lib/python3.10/site-packages/airflow/example_dags/example_latest_only.py took 0.105 seconds
[2023-03-07T17:38:46.011+0530] {processor.py:153} INFO - Started process (PID=5763) to work on /home/ris/PycharmProjects/pythonProject/USA-housing/venv/lib/python3.10/site-packages/airflow/example_dags/example_latest_only.py
[2023-03-07T17:38:46.013+0530] {processor.py:743} INFO - Processing file /home/ris/PycharmProjects/pythonProject/USA-housing/venv/lib/python3.10/site-packages/airflow/example_dags/example_latest_only.py for tasks to queue
[2023-03-07T17:38:46.015+0530] {logging_mixin.py:137} INFO - [2023-03-07T17:38:46.014+0530] {dagbag.py:538} INFO - Filling up the DagBag from /home/ris/PycharmProjects/pythonProject/USA-housing/venv/lib/python3.10/site-packages/airflow/example_dags/example_latest_only.py
[2023-03-07T17:38:46.051+0530] {processor.py:753} INFO - DAG(s) dict_keys(['latest_only']) retrieved from /home/ris/PycharmProjects/pythonProject/USA-housing/venv/lib/python3.10/site-packages/airflow/example_dags/example_latest_only.py
[2023-03-07T17:38:46.069+0530] {logging_mixin.py:137} INFO - [2023-03-07T17:38:46.068+0530] {dag.py:2690} INFO - Sync 1 DAGs
[2023-03-07T17:38:46.090+0530] {logging_mixin.py:137} INFO - [2023-03-07T17:38:46.090+0530] {dag.py:3437} INFO - Setting next_dagrun for latest_only to 2023-03-07T08:08:46.089391+00:00, run_after=2023-03-07T12:08:46.089391+00:00
[2023-03-07T17:38:46.114+0530] {processor.py:175} INFO - Processing /home/ris/PycharmProjects/pythonProject/USA-housing/venv/lib/python3.10/site-packages/airflow/example_dags/example_latest_only.py took 0.107 seconds
[2023-03-07T17:59:24.426+0530] {processor.py:153} INFO - Started process (PID=5927) to work on /home/ris/PycharmProjects/pythonProject/USA-housing/venv/lib/python3.10/site-packages/airflow/example_dags/example_latest_only.py
[2023-03-07T17:59:24.428+0530] {processor.py:743} INFO - Processing file /home/ris/PycharmProjects/pythonProject/USA-housing/venv/lib/python3.10/site-packages/airflow/example_dags/example_latest_only.py for tasks to queue
[2023-03-07T17:59:24.429+0530] {logging_mixin.py:137} INFO - [2023-03-07T17:59:24.429+0530] {dagbag.py:538} INFO - Filling up the DagBag from /home/ris/PycharmProjects/pythonProject/USA-housing/venv/lib/python3.10/site-packages/airflow/example_dags/example_latest_only.py
[2023-03-07T17:59:24.437+0530] {processor.py:753} INFO - DAG(s) dict_keys(['latest_only']) retrieved from /home/ris/PycharmProjects/pythonProject/USA-housing/venv/lib/python3.10/site-packages/airflow/example_dags/example_latest_only.py
[2023-03-07T17:59:24.458+0530] {logging_mixin.py:137} INFO - [2023-03-07T17:59:24.458+0530] {dag.py:2690} INFO - Sync 1 DAGs
[2023-03-07T17:59:24.475+0530] {logging_mixin.py:137} INFO - [2023-03-07T17:59:24.475+0530] {dag.py:3437} INFO - Setting next_dagrun for latest_only to 2023-03-07T08:29:24.475499+00:00, run_after=2023-03-07T12:29:24.475499+00:00
[2023-03-07T17:59:24.505+0530] {processor.py:175} INFO - Processing /home/ris/PycharmProjects/pythonProject/USA-housing/venv/lib/python3.10/site-packages/airflow/example_dags/example_latest_only.py took 0.082 seconds
[2023-03-07T18:00:10.531+0530] {processor.py:153} INFO - Started process (PID=5970) to work on /home/ris/PycharmProjects/pythonProject/USA-housing/venv/lib/python3.10/site-packages/airflow/example_dags/example_latest_only.py
[2023-03-07T18:00:10.532+0530] {processor.py:743} INFO - Processing file /home/ris/PycharmProjects/pythonProject/USA-housing/venv/lib/python3.10/site-packages/airflow/example_dags/example_latest_only.py for tasks to queue
[2023-03-07T18:00:10.533+0530] {logging_mixin.py:137} INFO - [2023-03-07T18:00:10.533+0530] {dagbag.py:538} INFO - Filling up the DagBag from /home/ris/PycharmProjects/pythonProject/USA-housing/venv/lib/python3.10/site-packages/airflow/example_dags/example_latest_only.py
[2023-03-07T18:00:10.546+0530] {processor.py:753} INFO - DAG(s) dict_keys(['latest_only']) retrieved from /home/ris/PycharmProjects/pythonProject/USA-housing/venv/lib/python3.10/site-packages/airflow/example_dags/example_latest_only.py
[2023-03-07T18:00:10.564+0530] {logging_mixin.py:137} INFO - [2023-03-07T18:00:10.564+0530] {dag.py:2690} INFO - Sync 1 DAGs
[2023-03-07T18:00:10.579+0530] {logging_mixin.py:137} INFO - [2023-03-07T18:00:10.579+0530] {dag.py:3437} INFO - Setting next_dagrun for latest_only to 2023-03-07T08:30:10.579133+00:00, run_after=2023-03-07T12:30:10.579133+00:00
[2023-03-07T18:00:10.600+0530] {processor.py:175} INFO - Processing /home/ris/PycharmProjects/pythonProject/USA-housing/venv/lib/python3.10/site-packages/airflow/example_dags/example_latest_only.py took 0.072 seconds
[2023-03-07T18:00:53.552+0530] {processor.py:153} INFO - Started process (PID=6017) to work on /home/ris/PycharmProjects/pythonProject/USA-housing/venv/lib/python3.10/site-packages/airflow/example_dags/example_latest_only.py
[2023-03-07T18:00:53.553+0530] {processor.py:743} INFO - Processing file /home/ris/PycharmProjects/pythonProject/USA-housing/venv/lib/python3.10/site-packages/airflow/example_dags/example_latest_only.py for tasks to queue
[2023-03-07T18:00:53.553+0530] {logging_mixin.py:137} INFO - [2023-03-07T18:00:53.553+0530] {dagbag.py:538} INFO - Filling up the DagBag from /home/ris/PycharmProjects/pythonProject/USA-housing/venv/lib/python3.10/site-packages/airflow/example_dags/example_latest_only.py
[2023-03-07T18:00:53.559+0530] {processor.py:753} INFO - DAG(s) dict_keys(['latest_only']) retrieved from /home/ris/PycharmProjects/pythonProject/USA-housing/venv/lib/python3.10/site-packages/airflow/example_dags/example_latest_only.py
[2023-03-07T18:00:53.575+0530] {logging_mixin.py:137} INFO - [2023-03-07T18:00:53.575+0530] {dag.py:2690} INFO - Sync 1 DAGs
[2023-03-07T18:00:53.600+0530] {logging_mixin.py:137} INFO - [2023-03-07T18:00:53.599+0530] {dag.py:3437} INFO - Setting next_dagrun for latest_only to 2023-03-07T08:30:53.599392+00:00, run_after=2023-03-07T12:30:53.599392+00:00
[2023-03-07T18:00:53.621+0530] {processor.py:175} INFO - Processing /home/ris/PycharmProjects/pythonProject/USA-housing/venv/lib/python3.10/site-packages/airflow/example_dags/example_latest_only.py took 0.073 seconds
[2023-03-07T18:01:34.735+0530] {processor.py:153} INFO - Started process (PID=6062) to work on /home/ris/PycharmProjects/pythonProject/USA-housing/venv/lib/python3.10/site-packages/airflow/example_dags/example_latest_only.py
[2023-03-07T18:01:34.737+0530] {processor.py:743} INFO - Processing file /home/ris/PycharmProjects/pythonProject/USA-housing/venv/lib/python3.10/site-packages/airflow/example_dags/example_latest_only.py for tasks to queue
[2023-03-07T18:01:34.737+0530] {logging_mixin.py:137} INFO - [2023-03-07T18:01:34.737+0530] {dagbag.py:538} INFO - Filling up the DagBag from /home/ris/PycharmProjects/pythonProject/USA-housing/venv/lib/python3.10/site-packages/airflow/example_dags/example_latest_only.py
[2023-03-07T18:01:34.744+0530] {processor.py:753} INFO - DAG(s) dict_keys(['latest_only']) retrieved from /home/ris/PycharmProjects/pythonProject/USA-housing/venv/lib/python3.10/site-packages/airflow/example_dags/example_latest_only.py
[2023-03-07T18:01:34.762+0530] {logging_mixin.py:137} INFO - [2023-03-07T18:01:34.762+0530] {dag.py:2690} INFO - Sync 1 DAGs
[2023-03-07T18:01:34.778+0530] {logging_mixin.py:137} INFO - [2023-03-07T18:01:34.778+0530] {dag.py:3437} INFO - Setting next_dagrun for latest_only to 2023-03-07T08:31:34.778520+00:00, run_after=2023-03-07T12:31:34.778520+00:00
[2023-03-07T18:01:34.799+0530] {processor.py:175} INFO - Processing /home/ris/PycharmProjects/pythonProject/USA-housing/venv/lib/python3.10/site-packages/airflow/example_dags/example_latest_only.py took 0.066 seconds
[2023-03-07T18:02:19.912+0530] {processor.py:153} INFO - Started process (PID=6111) to work on /home/ris/PycharmProjects/pythonProject/USA-housing/venv/lib/python3.10/site-packages/airflow/example_dags/example_latest_only.py
[2023-03-07T18:02:19.914+0530] {processor.py:743} INFO - Processing file /home/ris/PycharmProjects/pythonProject/USA-housing/venv/lib/python3.10/site-packages/airflow/example_dags/example_latest_only.py for tasks to queue
[2023-03-07T18:02:19.915+0530] {logging_mixin.py:137} INFO - [2023-03-07T18:02:19.915+0530] {dagbag.py:538} INFO - Filling up the DagBag from /home/ris/PycharmProjects/pythonProject/USA-housing/venv/lib/python3.10/site-packages/airflow/example_dags/example_latest_only.py
[2023-03-07T18:02:19.923+0530] {processor.py:753} INFO - DAG(s) dict_keys(['latest_only']) retrieved from /home/ris/PycharmProjects/pythonProject/USA-housing/venv/lib/python3.10/site-packages/airflow/example_dags/example_latest_only.py
[2023-03-07T18:02:19.939+0530] {logging_mixin.py:137} INFO - [2023-03-07T18:02:19.939+0530] {dag.py:2690} INFO - Sync 1 DAGs
[2023-03-07T18:02:19.955+0530] {logging_mixin.py:137} INFO - [2023-03-07T18:02:19.955+0530] {dag.py:3437} INFO - Setting next_dagrun for latest_only to 2023-03-07T08:32:19.955338+00:00, run_after=2023-03-07T12:32:19.955338+00:00
[2023-03-07T18:02:19.976+0530] {processor.py:175} INFO - Processing /home/ris/PycharmProjects/pythonProject/USA-housing/venv/lib/python3.10/site-packages/airflow/example_dags/example_latest_only.py took 0.067 seconds
[2023-03-07T18:02:58.981+0530] {processor.py:153} INFO - Started process (PID=6154) to work on /home/ris/PycharmProjects/pythonProject/USA-housing/venv/lib/python3.10/site-packages/airflow/example_dags/example_latest_only.py
[2023-03-07T18:02:58.983+0530] {processor.py:743} INFO - Processing file /home/ris/PycharmProjects/pythonProject/USA-housing/venv/lib/python3.10/site-packages/airflow/example_dags/example_latest_only.py for tasks to queue
[2023-03-07T18:02:58.983+0530] {logging_mixin.py:137} INFO - [2023-03-07T18:02:58.983+0530] {dagbag.py:538} INFO - Filling up the DagBag from /home/ris/PycharmProjects/pythonProject/USA-housing/venv/lib/python3.10/site-packages/airflow/example_dags/example_latest_only.py
[2023-03-07T18:02:58.990+0530] {processor.py:753} INFO - DAG(s) dict_keys(['latest_only']) retrieved from /home/ris/PycharmProjects/pythonProject/USA-housing/venv/lib/python3.10/site-packages/airflow/example_dags/example_latest_only.py
[2023-03-07T18:02:59.007+0530] {logging_mixin.py:137} INFO - [2023-03-07T18:02:59.007+0530] {dag.py:2690} INFO - Sync 1 DAGs
[2023-03-07T18:02:59.023+0530] {logging_mixin.py:137} INFO - [2023-03-07T18:02:59.023+0530] {dag.py:3437} INFO - Setting next_dagrun for latest_only to 2023-03-07T08:32:59.022848+00:00, run_after=2023-03-07T12:32:59.022848+00:00
[2023-03-07T18:02:59.042+0530] {processor.py:175} INFO - Processing /home/ris/PycharmProjects/pythonProject/USA-housing/venv/lib/python3.10/site-packages/airflow/example_dags/example_latest_only.py took 0.065 seconds
[2023-03-07T18:03:39.577+0530] {processor.py:153} INFO - Started process (PID=6201) to work on /home/ris/PycharmProjects/pythonProject/USA-housing/venv/lib/python3.10/site-packages/airflow/example_dags/example_latest_only.py
[2023-03-07T18:03:39.578+0530] {processor.py:743} INFO - Processing file /home/ris/PycharmProjects/pythonProject/USA-housing/venv/lib/python3.10/site-packages/airflow/example_dags/example_latest_only.py for tasks to queue
[2023-03-07T18:03:39.579+0530] {logging_mixin.py:137} INFO - [2023-03-07T18:03:39.579+0530] {dagbag.py:538} INFO - Filling up the DagBag from /home/ris/PycharmProjects/pythonProject/USA-housing/venv/lib/python3.10/site-packages/airflow/example_dags/example_latest_only.py
[2023-03-07T18:03:39.584+0530] {processor.py:753} INFO - DAG(s) dict_keys(['latest_only']) retrieved from /home/ris/PycharmProjects/pythonProject/USA-housing/venv/lib/python3.10/site-packages/airflow/example_dags/example_latest_only.py
[2023-03-07T18:03:39.601+0530] {logging_mixin.py:137} INFO - [2023-03-07T18:03:39.601+0530] {dag.py:2690} INFO - Sync 1 DAGs
[2023-03-07T18:03:39.619+0530] {logging_mixin.py:137} INFO - [2023-03-07T18:03:39.618+0530] {dag.py:3437} INFO - Setting next_dagrun for latest_only to 2023-03-07T08:33:39.618289+00:00, run_after=2023-03-07T12:33:39.618289+00:00
[2023-03-07T18:03:39.640+0530] {processor.py:175} INFO - Processing /home/ris/PycharmProjects/pythonProject/USA-housing/venv/lib/python3.10/site-packages/airflow/example_dags/example_latest_only.py took 0.066 seconds
[2023-03-07T18:04:15.516+0530] {processor.py:153} INFO - Started process (PID=6245) to work on /home/ris/PycharmProjects/pythonProject/USA-housing/venv/lib/python3.10/site-packages/airflow/example_dags/example_latest_only.py
[2023-03-07T18:04:15.518+0530] {processor.py:743} INFO - Processing file /home/ris/PycharmProjects/pythonProject/USA-housing/venv/lib/python3.10/site-packages/airflow/example_dags/example_latest_only.py for tasks to queue
[2023-03-07T18:04:15.518+0530] {logging_mixin.py:137} INFO - [2023-03-07T18:04:15.518+0530] {dagbag.py:538} INFO - Filling up the DagBag from /home/ris/PycharmProjects/pythonProject/USA-housing/venv/lib/python3.10/site-packages/airflow/example_dags/example_latest_only.py
[2023-03-07T18:04:15.525+0530] {processor.py:753} INFO - DAG(s) dict_keys(['latest_only']) retrieved from /home/ris/PycharmProjects/pythonProject/USA-housing/venv/lib/python3.10/site-packages/airflow/example_dags/example_latest_only.py
[2023-03-07T18:04:15.540+0530] {logging_mixin.py:137} INFO - [2023-03-07T18:04:15.540+0530] {dag.py:2690} INFO - Sync 1 DAGs
[2023-03-07T18:04:15.562+0530] {logging_mixin.py:137} INFO - [2023-03-07T18:04:15.562+0530] {dag.py:3437} INFO - Setting next_dagrun for latest_only to 2023-03-07T08:34:15.562033+00:00, run_after=2023-03-07T12:34:15.562033+00:00
[2023-03-07T18:04:15.583+0530] {processor.py:175} INFO - Processing /home/ris/PycharmProjects/pythonProject/USA-housing/venv/lib/python3.10/site-packages/airflow/example_dags/example_latest_only.py took 0.070 seconds
[2023-03-07T18:05:02.734+0530] {processor.py:153} INFO - Started process (PID=6299) to work on /home/ris/PycharmProjects/pythonProject/USA-housing/venv/lib/python3.10/site-packages/airflow/example_dags/example_latest_only.py
[2023-03-07T18:05:02.736+0530] {processor.py:743} INFO - Processing file /home/ris/PycharmProjects/pythonProject/USA-housing/venv/lib/python3.10/site-packages/airflow/example_dags/example_latest_only.py for tasks to queue
[2023-03-07T18:05:02.737+0530] {logging_mixin.py:137} INFO - [2023-03-07T18:05:02.736+0530] {dagbag.py:538} INFO - Filling up the DagBag from /home/ris/PycharmProjects/pythonProject/USA-housing/venv/lib/python3.10/site-packages/airflow/example_dags/example_latest_only.py
[2023-03-07T18:05:02.744+0530] {processor.py:753} INFO - DAG(s) dict_keys(['latest_only']) retrieved from /home/ris/PycharmProjects/pythonProject/USA-housing/venv/lib/python3.10/site-packages/airflow/example_dags/example_latest_only.py
[2023-03-07T18:05:02.761+0530] {logging_mixin.py:137} INFO - [2023-03-07T18:05:02.760+0530] {dag.py:2690} INFO - Sync 1 DAGs
[2023-03-07T18:05:02.780+0530] {logging_mixin.py:137} INFO - [2023-03-07T18:05:02.779+0530] {dag.py:3437} INFO - Setting next_dagrun for latest_only to 2023-03-07T08:35:02.779511+00:00, run_after=2023-03-07T12:35:02.779511+00:00
[2023-03-07T18:05:02.805+0530] {processor.py:175} INFO - Processing /home/ris/PycharmProjects/pythonProject/USA-housing/venv/lib/python3.10/site-packages/airflow/example_dags/example_latest_only.py took 0.074 seconds
[2023-03-07T18:05:40.473+0530] {processor.py:153} INFO - Started process (PID=6339) to work on /home/ris/PycharmProjects/pythonProject/USA-housing/venv/lib/python3.10/site-packages/airflow/example_dags/example_latest_only.py
[2023-03-07T18:05:40.475+0530] {processor.py:743} INFO - Processing file /home/ris/PycharmProjects/pythonProject/USA-housing/venv/lib/python3.10/site-packages/airflow/example_dags/example_latest_only.py for tasks to queue
[2023-03-07T18:05:40.477+0530] {logging_mixin.py:137} INFO - [2023-03-07T18:05:40.476+0530] {dagbag.py:538} INFO - Filling up the DagBag from /home/ris/PycharmProjects/pythonProject/USA-housing/venv/lib/python3.10/site-packages/airflow/example_dags/example_latest_only.py
[2023-03-07T18:05:40.487+0530] {processor.py:753} INFO - DAG(s) dict_keys(['latest_only']) retrieved from /home/ris/PycharmProjects/pythonProject/USA-housing/venv/lib/python3.10/site-packages/airflow/example_dags/example_latest_only.py
[2023-03-07T18:05:40.514+0530] {logging_mixin.py:137} INFO - [2023-03-07T18:05:40.514+0530] {dag.py:2690} INFO - Sync 1 DAGs
[2023-03-07T18:05:40.531+0530] {logging_mixin.py:137} INFO - [2023-03-07T18:05:40.531+0530] {dag.py:3437} INFO - Setting next_dagrun for latest_only to 2023-03-07T08:35:40.531180+00:00, run_after=2023-03-07T12:35:40.531180+00:00
[2023-03-07T18:05:40.550+0530] {processor.py:175} INFO - Processing /home/ris/PycharmProjects/pythonProject/USA-housing/venv/lib/python3.10/site-packages/airflow/example_dags/example_latest_only.py took 0.079 seconds
[2023-03-07T18:06:19.271+0530] {processor.py:153} INFO - Started process (PID=6381) to work on /home/ris/PycharmProjects/pythonProject/USA-housing/venv/lib/python3.10/site-packages/airflow/example_dags/example_latest_only.py
[2023-03-07T18:06:19.273+0530] {processor.py:743} INFO - Processing file /home/ris/PycharmProjects/pythonProject/USA-housing/venv/lib/python3.10/site-packages/airflow/example_dags/example_latest_only.py for tasks to queue
[2023-03-07T18:06:19.273+0530] {logging_mixin.py:137} INFO - [2023-03-07T18:06:19.273+0530] {dagbag.py:538} INFO - Filling up the DagBag from /home/ris/PycharmProjects/pythonProject/USA-housing/venv/lib/python3.10/site-packages/airflow/example_dags/example_latest_only.py
[2023-03-07T18:06:19.280+0530] {processor.py:753} INFO - DAG(s) dict_keys(['latest_only']) retrieved from /home/ris/PycharmProjects/pythonProject/USA-housing/venv/lib/python3.10/site-packages/airflow/example_dags/example_latest_only.py
[2023-03-07T18:06:19.298+0530] {logging_mixin.py:137} INFO - [2023-03-07T18:06:19.298+0530] {dag.py:2690} INFO - Sync 1 DAGs
[2023-03-07T18:06:19.314+0530] {logging_mixin.py:137} INFO - [2023-03-07T18:06:19.314+0530] {dag.py:3437} INFO - Setting next_dagrun for latest_only to 2023-03-07T08:36:19.314442+00:00, run_after=2023-03-07T12:36:19.314442+00:00
[2023-03-07T18:06:19.334+0530] {processor.py:175} INFO - Processing /home/ris/PycharmProjects/pythonProject/USA-housing/venv/lib/python3.10/site-packages/airflow/example_dags/example_latest_only.py took 0.065 seconds
[2023-03-07T18:07:05.488+0530] {processor.py:153} INFO - Started process (PID=6435) to work on /home/ris/PycharmProjects/pythonProject/USA-housing/venv/lib/python3.10/site-packages/airflow/example_dags/example_latest_only.py
[2023-03-07T18:07:05.490+0530] {processor.py:743} INFO - Processing file /home/ris/PycharmProjects/pythonProject/USA-housing/venv/lib/python3.10/site-packages/airflow/example_dags/example_latest_only.py for tasks to queue
[2023-03-07T18:07:05.490+0530] {logging_mixin.py:137} INFO - [2023-03-07T18:07:05.490+0530] {dagbag.py:538} INFO - Filling up the DagBag from /home/ris/PycharmProjects/pythonProject/USA-housing/venv/lib/python3.10/site-packages/airflow/example_dags/example_latest_only.py
[2023-03-07T18:07:05.497+0530] {processor.py:753} INFO - DAG(s) dict_keys(['latest_only']) retrieved from /home/ris/PycharmProjects/pythonProject/USA-housing/venv/lib/python3.10/site-packages/airflow/example_dags/example_latest_only.py
[2023-03-07T18:07:05.514+0530] {logging_mixin.py:137} INFO - [2023-03-07T18:07:05.513+0530] {dag.py:2690} INFO - Sync 1 DAGs
[2023-03-07T18:07:05.530+0530] {logging_mixin.py:137} INFO - [2023-03-07T18:07:05.530+0530] {dag.py:3437} INFO - Setting next_dagrun for latest_only to 2023-03-07T08:37:05.529748+00:00, run_after=2023-03-07T12:37:05.529748+00:00
[2023-03-07T18:07:05.550+0530] {processor.py:175} INFO - Processing /home/ris/PycharmProjects/pythonProject/USA-housing/venv/lib/python3.10/site-packages/airflow/example_dags/example_latest_only.py took 0.065 seconds
[2023-03-07T18:07:42.156+0530] {processor.py:153} INFO - Started process (PID=6474) to work on /home/ris/PycharmProjects/pythonProject/USA-housing/venv/lib/python3.10/site-packages/airflow/example_dags/example_latest_only.py
[2023-03-07T18:07:42.158+0530] {processor.py:743} INFO - Processing file /home/ris/PycharmProjects/pythonProject/USA-housing/venv/lib/python3.10/site-packages/airflow/example_dags/example_latest_only.py for tasks to queue
[2023-03-07T18:07:42.159+0530] {logging_mixin.py:137} INFO - [2023-03-07T18:07:42.159+0530] {dagbag.py:538} INFO - Filling up the DagBag from /home/ris/PycharmProjects/pythonProject/USA-housing/venv/lib/python3.10/site-packages/airflow/example_dags/example_latest_only.py
[2023-03-07T18:07:42.165+0530] {processor.py:753} INFO - DAG(s) dict_keys(['latest_only']) retrieved from /home/ris/PycharmProjects/pythonProject/USA-housing/venv/lib/python3.10/site-packages/airflow/example_dags/example_latest_only.py
[2023-03-07T18:07:42.181+0530] {logging_mixin.py:137} INFO - [2023-03-07T18:07:42.181+0530] {dag.py:2690} INFO - Sync 1 DAGs
[2023-03-07T18:07:42.197+0530] {logging_mixin.py:137} INFO - [2023-03-07T18:07:42.196+0530] {dag.py:3437} INFO - Setting next_dagrun for latest_only to 2023-03-07T08:37:42.196720+00:00, run_after=2023-03-07T12:37:42.196720+00:00
[2023-03-07T18:07:42.223+0530] {processor.py:175} INFO - Processing /home/ris/PycharmProjects/pythonProject/USA-housing/venv/lib/python3.10/site-packages/airflow/example_dags/example_latest_only.py took 0.069 seconds
[2023-03-07T18:08:22.752+0530] {processor.py:153} INFO - Started process (PID=6516) to work on /home/ris/PycharmProjects/pythonProject/USA-housing/venv/lib/python3.10/site-packages/airflow/example_dags/example_latest_only.py
[2023-03-07T18:08:22.754+0530] {processor.py:743} INFO - Processing file /home/ris/PycharmProjects/pythonProject/USA-housing/venv/lib/python3.10/site-packages/airflow/example_dags/example_latest_only.py for tasks to queue
[2023-03-07T18:08:22.755+0530] {logging_mixin.py:137} INFO - [2023-03-07T18:08:22.755+0530] {dagbag.py:538} INFO - Filling up the DagBag from /home/ris/PycharmProjects/pythonProject/USA-housing/venv/lib/python3.10/site-packages/airflow/example_dags/example_latest_only.py
[2023-03-07T18:08:22.761+0530] {processor.py:753} INFO - DAG(s) dict_keys(['latest_only']) retrieved from /home/ris/PycharmProjects/pythonProject/USA-housing/venv/lib/python3.10/site-packages/airflow/example_dags/example_latest_only.py
[2023-03-07T18:08:22.779+0530] {logging_mixin.py:137} INFO - [2023-03-07T18:08:22.778+0530] {dag.py:2690} INFO - Sync 1 DAGs
[2023-03-07T18:08:22.795+0530] {logging_mixin.py:137} INFO - [2023-03-07T18:08:22.795+0530] {dag.py:3437} INFO - Setting next_dagrun for latest_only to 2023-03-07T08:38:22.794750+00:00, run_after=2023-03-07T12:38:22.794750+00:00
[2023-03-07T18:08:22.815+0530] {processor.py:175} INFO - Processing /home/ris/PycharmProjects/pythonProject/USA-housing/venv/lib/python3.10/site-packages/airflow/example_dags/example_latest_only.py took 0.066 seconds
[2023-03-07T18:09:04.447+0530] {processor.py:153} INFO - Started process (PID=6564) to work on /home/ris/PycharmProjects/pythonProject/USA-housing/venv/lib/python3.10/site-packages/airflow/example_dags/example_latest_only.py
[2023-03-07T18:09:04.449+0530] {processor.py:743} INFO - Processing file /home/ris/PycharmProjects/pythonProject/USA-housing/venv/lib/python3.10/site-packages/airflow/example_dags/example_latest_only.py for tasks to queue
[2023-03-07T18:09:04.450+0530] {logging_mixin.py:137} INFO - [2023-03-07T18:09:04.450+0530] {dagbag.py:538} INFO - Filling up the DagBag from /home/ris/PycharmProjects/pythonProject/USA-housing/venv/lib/python3.10/site-packages/airflow/example_dags/example_latest_only.py
[2023-03-07T18:09:04.456+0530] {processor.py:753} INFO - DAG(s) dict_keys(['latest_only']) retrieved from /home/ris/PycharmProjects/pythonProject/USA-housing/venv/lib/python3.10/site-packages/airflow/example_dags/example_latest_only.py
[2023-03-07T18:09:04.472+0530] {logging_mixin.py:137} INFO - [2023-03-07T18:09:04.472+0530] {dag.py:2690} INFO - Sync 1 DAGs
[2023-03-07T18:09:04.488+0530] {logging_mixin.py:137} INFO - [2023-03-07T18:09:04.488+0530] {dag.py:3437} INFO - Setting next_dagrun for latest_only to 2023-03-07T08:39:04.488124+00:00, run_after=2023-03-07T12:39:04.488124+00:00
[2023-03-07T18:09:04.508+0530] {processor.py:175} INFO - Processing /home/ris/PycharmProjects/pythonProject/USA-housing/venv/lib/python3.10/site-packages/airflow/example_dags/example_latest_only.py took 0.063 seconds
[2023-03-07T18:09:50.242+0530] {processor.py:153} INFO - Started process (PID=6877) to work on /home/ris/PycharmProjects/pythonProject/USA-housing/venv/lib/python3.10/site-packages/airflow/example_dags/example_latest_only.py
[2023-03-07T18:09:50.244+0530] {processor.py:743} INFO - Processing file /home/ris/PycharmProjects/pythonProject/USA-housing/venv/lib/python3.10/site-packages/airflow/example_dags/example_latest_only.py for tasks to queue
[2023-03-07T18:09:50.246+0530] {logging_mixin.py:137} INFO - [2023-03-07T18:09:50.245+0530] {dagbag.py:538} INFO - Filling up the DagBag from /home/ris/PycharmProjects/pythonProject/USA-housing/venv/lib/python3.10/site-packages/airflow/example_dags/example_latest_only.py
[2023-03-07T18:09:50.257+0530] {processor.py:753} INFO - DAG(s) dict_keys(['latest_only']) retrieved from /home/ris/PycharmProjects/pythonProject/USA-housing/venv/lib/python3.10/site-packages/airflow/example_dags/example_latest_only.py
[2023-03-07T18:09:50.286+0530] {logging_mixin.py:137} INFO - [2023-03-07T18:09:50.285+0530] {dag.py:2690} INFO - Sync 1 DAGs
[2023-03-07T18:09:50.331+0530] {logging_mixin.py:137} INFO - [2023-03-07T18:09:50.330+0530] {dag.py:3437} INFO - Setting next_dagrun for latest_only to 2023-03-07T08:39:50.330598+00:00, run_after=2023-03-07T12:39:50.330598+00:00
[2023-03-07T18:09:50.371+0530] {processor.py:175} INFO - Processing /home/ris/PycharmProjects/pythonProject/USA-housing/venv/lib/python3.10/site-packages/airflow/example_dags/example_latest_only.py took 0.138 seconds
[2023-03-07T18:10:35.166+0530] {processor.py:153} INFO - Started process (PID=6943) to work on /home/ris/PycharmProjects/pythonProject/USA-housing/venv/lib/python3.10/site-packages/airflow/example_dags/example_latest_only.py
[2023-03-07T18:10:35.167+0530] {processor.py:743} INFO - Processing file /home/ris/PycharmProjects/pythonProject/USA-housing/venv/lib/python3.10/site-packages/airflow/example_dags/example_latest_only.py for tasks to queue
[2023-03-07T18:10:35.168+0530] {logging_mixin.py:137} INFO - [2023-03-07T18:10:35.168+0530] {dagbag.py:538} INFO - Filling up the DagBag from /home/ris/PycharmProjects/pythonProject/USA-housing/venv/lib/python3.10/site-packages/airflow/example_dags/example_latest_only.py
[2023-03-07T18:10:35.174+0530] {processor.py:753} INFO - DAG(s) dict_keys(['latest_only']) retrieved from /home/ris/PycharmProjects/pythonProject/USA-housing/venv/lib/python3.10/site-packages/airflow/example_dags/example_latest_only.py
[2023-03-07T18:10:35.191+0530] {logging_mixin.py:137} INFO - [2023-03-07T18:10:35.191+0530] {dag.py:2690} INFO - Sync 1 DAGs
[2023-03-07T18:10:35.207+0530] {logging_mixin.py:137} INFO - [2023-03-07T18:10:35.206+0530] {dag.py:3437} INFO - Setting next_dagrun for latest_only to 2023-03-07T08:40:35.206695+00:00, run_after=2023-03-07T12:40:35.206695+00:00
[2023-03-07T18:10:35.231+0530] {processor.py:175} INFO - Processing /home/ris/PycharmProjects/pythonProject/USA-housing/venv/lib/python3.10/site-packages/airflow/example_dags/example_latest_only.py took 0.068 seconds
[2023-03-07T18:11:13.252+0530] {processor.py:153} INFO - Started process (PID=6984) to work on /home/ris/PycharmProjects/pythonProject/USA-housing/venv/lib/python3.10/site-packages/airflow/example_dags/example_latest_only.py
[2023-03-07T18:11:13.253+0530] {processor.py:743} INFO - Processing file /home/ris/PycharmProjects/pythonProject/USA-housing/venv/lib/python3.10/site-packages/airflow/example_dags/example_latest_only.py for tasks to queue
[2023-03-07T18:11:13.254+0530] {logging_mixin.py:137} INFO - [2023-03-07T18:11:13.254+0530] {dagbag.py:538} INFO - Filling up the DagBag from /home/ris/PycharmProjects/pythonProject/USA-housing/venv/lib/python3.10/site-packages/airflow/example_dags/example_latest_only.py
[2023-03-07T18:11:13.260+0530] {processor.py:753} INFO - DAG(s) dict_keys(['latest_only']) retrieved from /home/ris/PycharmProjects/pythonProject/USA-housing/venv/lib/python3.10/site-packages/airflow/example_dags/example_latest_only.py
[2023-03-07T18:11:13.276+0530] {logging_mixin.py:137} INFO - [2023-03-07T18:11:13.276+0530] {dag.py:2690} INFO - Sync 1 DAGs
[2023-03-07T18:11:13.291+0530] {logging_mixin.py:137} INFO - [2023-03-07T18:11:13.291+0530] {dag.py:3437} INFO - Setting next_dagrun for latest_only to 2023-03-07T08:41:13.291475+00:00, run_after=2023-03-07T12:41:13.291475+00:00
[2023-03-07T18:11:13.311+0530] {processor.py:175} INFO - Processing /home/ris/PycharmProjects/pythonProject/USA-housing/venv/lib/python3.10/site-packages/airflow/example_dags/example_latest_only.py took 0.062 seconds
[2023-03-07T18:11:56.216+0530] {processor.py:153} INFO - Started process (PID=7042) to work on /home/ris/PycharmProjects/pythonProject/USA-housing/venv/lib/python3.10/site-packages/airflow/example_dags/example_latest_only.py
[2023-03-07T18:11:56.218+0530] {processor.py:743} INFO - Processing file /home/ris/PycharmProjects/pythonProject/USA-housing/venv/lib/python3.10/site-packages/airflow/example_dags/example_latest_only.py for tasks to queue
[2023-03-07T18:11:56.219+0530] {logging_mixin.py:137} INFO - [2023-03-07T18:11:56.219+0530] {dagbag.py:538} INFO - Filling up the DagBag from /home/ris/PycharmProjects/pythonProject/USA-housing/venv/lib/python3.10/site-packages/airflow/example_dags/example_latest_only.py
[2023-03-07T18:11:56.225+0530] {processor.py:753} INFO - DAG(s) dict_keys(['latest_only']) retrieved from /home/ris/PycharmProjects/pythonProject/USA-housing/venv/lib/python3.10/site-packages/airflow/example_dags/example_latest_only.py
[2023-03-07T18:11:56.246+0530] {logging_mixin.py:137} INFO - [2023-03-07T18:11:56.245+0530] {dag.py:2690} INFO - Sync 1 DAGs
[2023-03-07T18:11:56.273+0530] {logging_mixin.py:137} INFO - [2023-03-07T18:11:56.273+0530] {dag.py:3437} INFO - Setting next_dagrun for latest_only to 2023-03-07T08:41:56.272949+00:00, run_after=2023-03-07T12:41:56.272949+00:00
[2023-03-07T18:11:56.304+0530] {processor.py:175} INFO - Processing /home/ris/PycharmProjects/pythonProject/USA-housing/venv/lib/python3.10/site-packages/airflow/example_dags/example_latest_only.py took 0.091 seconds
[2023-03-07T18:12:36.100+0530] {processor.py:153} INFO - Started process (PID=7090) to work on /home/ris/PycharmProjects/pythonProject/USA-housing/venv/lib/python3.10/site-packages/airflow/example_dags/example_latest_only.py
[2023-03-07T18:12:36.103+0530] {processor.py:743} INFO - Processing file /home/ris/PycharmProjects/pythonProject/USA-housing/venv/lib/python3.10/site-packages/airflow/example_dags/example_latest_only.py for tasks to queue
[2023-03-07T18:12:36.105+0530] {logging_mixin.py:137} INFO - [2023-03-07T18:12:36.104+0530] {dagbag.py:538} INFO - Filling up the DagBag from /home/ris/PycharmProjects/pythonProject/USA-housing/venv/lib/python3.10/site-packages/airflow/example_dags/example_latest_only.py
[2023-03-07T18:12:36.112+0530] {processor.py:753} INFO - DAG(s) dict_keys(['latest_only']) retrieved from /home/ris/PycharmProjects/pythonProject/USA-housing/venv/lib/python3.10/site-packages/airflow/example_dags/example_latest_only.py
[2023-03-07T18:12:36.139+0530] {logging_mixin.py:137} INFO - [2023-03-07T18:12:36.138+0530] {dag.py:2690} INFO - Sync 1 DAGs
[2023-03-07T18:12:36.172+0530] {logging_mixin.py:137} INFO - [2023-03-07T18:12:36.171+0530] {dag.py:3437} INFO - Setting next_dagrun for latest_only to 2023-03-07T08:42:36.171589+00:00, run_after=2023-03-07T12:42:36.171589+00:00
[2023-03-07T18:12:36.191+0530] {processor.py:175} INFO - Processing /home/ris/PycharmProjects/pythonProject/USA-housing/venv/lib/python3.10/site-packages/airflow/example_dags/example_latest_only.py took 0.096 seconds
[2023-03-07T18:13:13.461+0530] {processor.py:153} INFO - Started process (PID=7138) to work on /home/ris/PycharmProjects/pythonProject/USA-housing/venv/lib/python3.10/site-packages/airflow/example_dags/example_latest_only.py
[2023-03-07T18:13:13.464+0530] {processor.py:743} INFO - Processing file /home/ris/PycharmProjects/pythonProject/USA-housing/venv/lib/python3.10/site-packages/airflow/example_dags/example_latest_only.py for tasks to queue
[2023-03-07T18:13:13.465+0530] {logging_mixin.py:137} INFO - [2023-03-07T18:13:13.465+0530] {dagbag.py:538} INFO - Filling up the DagBag from /home/ris/PycharmProjects/pythonProject/USA-housing/venv/lib/python3.10/site-packages/airflow/example_dags/example_latest_only.py
[2023-03-07T18:13:13.472+0530] {processor.py:753} INFO - DAG(s) dict_keys(['latest_only']) retrieved from /home/ris/PycharmProjects/pythonProject/USA-housing/venv/lib/python3.10/site-packages/airflow/example_dags/example_latest_only.py
[2023-03-07T18:13:13.491+0530] {logging_mixin.py:137} INFO - [2023-03-07T18:13:13.491+0530] {dag.py:2690} INFO - Sync 1 DAGs
[2023-03-07T18:13:13.506+0530] {logging_mixin.py:137} INFO - [2023-03-07T18:13:13.506+0530] {dag.py:3437} INFO - Setting next_dagrun for latest_only to 2023-03-07T08:43:13.506034+00:00, run_after=2023-03-07T12:43:13.506034+00:00
[2023-03-07T18:13:13.529+0530] {processor.py:175} INFO - Processing /home/ris/PycharmProjects/pythonProject/USA-housing/venv/lib/python3.10/site-packages/airflow/example_dags/example_latest_only.py took 0.073 seconds
[2023-03-07T18:13:51.549+0530] {processor.py:153} INFO - Started process (PID=7185) to work on /home/ris/PycharmProjects/pythonProject/USA-housing/venv/lib/python3.10/site-packages/airflow/example_dags/example_latest_only.py
[2023-03-07T18:13:51.551+0530] {processor.py:743} INFO - Processing file /home/ris/PycharmProjects/pythonProject/USA-housing/venv/lib/python3.10/site-packages/airflow/example_dags/example_latest_only.py for tasks to queue
[2023-03-07T18:13:51.552+0530] {logging_mixin.py:137} INFO - [2023-03-07T18:13:51.552+0530] {dagbag.py:538} INFO - Filling up the DagBag from /home/ris/PycharmProjects/pythonProject/USA-housing/venv/lib/python3.10/site-packages/airflow/example_dags/example_latest_only.py
[2023-03-07T18:13:51.557+0530] {processor.py:753} INFO - DAG(s) dict_keys(['latest_only']) retrieved from /home/ris/PycharmProjects/pythonProject/USA-housing/venv/lib/python3.10/site-packages/airflow/example_dags/example_latest_only.py
[2023-03-07T18:13:51.574+0530] {logging_mixin.py:137} INFO - [2023-03-07T18:13:51.574+0530] {dag.py:2690} INFO - Sync 1 DAGs
[2023-03-07T18:13:51.591+0530] {logging_mixin.py:137} INFO - [2023-03-07T18:13:51.591+0530] {dag.py:3437} INFO - Setting next_dagrun for latest_only to 2023-03-07T08:43:51.591002+00:00, run_after=2023-03-07T12:43:51.591002+00:00
[2023-03-07T18:13:51.609+0530] {processor.py:175} INFO - Processing /home/ris/PycharmProjects/pythonProject/USA-housing/venv/lib/python3.10/site-packages/airflow/example_dags/example_latest_only.py took 0.064 seconds
[2023-03-07T18:14:34.562+0530] {processor.py:153} INFO - Started process (PID=7245) to work on /home/ris/PycharmProjects/pythonProject/USA-housing/venv/lib/python3.10/site-packages/airflow/example_dags/example_latest_only.py
[2023-03-07T18:14:34.563+0530] {processor.py:743} INFO - Processing file /home/ris/PycharmProjects/pythonProject/USA-housing/venv/lib/python3.10/site-packages/airflow/example_dags/example_latest_only.py for tasks to queue
[2023-03-07T18:14:34.563+0530] {logging_mixin.py:137} INFO - [2023-03-07T18:14:34.563+0530] {dagbag.py:538} INFO - Filling up the DagBag from /home/ris/PycharmProjects/pythonProject/USA-housing/venv/lib/python3.10/site-packages/airflow/example_dags/example_latest_only.py
[2023-03-07T18:14:34.569+0530] {processor.py:753} INFO - DAG(s) dict_keys(['latest_only']) retrieved from /home/ris/PycharmProjects/pythonProject/USA-housing/venv/lib/python3.10/site-packages/airflow/example_dags/example_latest_only.py
[2023-03-07T18:14:34.587+0530] {logging_mixin.py:137} INFO - [2023-03-07T18:14:34.586+0530] {dag.py:2690} INFO - Sync 1 DAGs
[2023-03-07T18:14:34.603+0530] {logging_mixin.py:137} INFO - [2023-03-07T18:14:34.603+0530] {dag.py:3437} INFO - Setting next_dagrun for latest_only to 2023-03-07T08:44:34.602825+00:00, run_after=2023-03-07T12:44:34.602825+00:00
[2023-03-07T18:14:34.625+0530] {processor.py:175} INFO - Processing /home/ris/PycharmProjects/pythonProject/USA-housing/venv/lib/python3.10/site-packages/airflow/example_dags/example_latest_only.py took 0.066 seconds
[2023-03-07T18:15:13.468+0530] {processor.py:153} INFO - Started process (PID=7306) to work on /home/ris/PycharmProjects/pythonProject/USA-housing/venv/lib/python3.10/site-packages/airflow/example_dags/example_latest_only.py
[2023-03-07T18:15:13.470+0530] {processor.py:743} INFO - Processing file /home/ris/PycharmProjects/pythonProject/USA-housing/venv/lib/python3.10/site-packages/airflow/example_dags/example_latest_only.py for tasks to queue
[2023-03-07T18:15:13.471+0530] {logging_mixin.py:137} INFO - [2023-03-07T18:15:13.471+0530] {dagbag.py:538} INFO - Filling up the DagBag from /home/ris/PycharmProjects/pythonProject/USA-housing/venv/lib/python3.10/site-packages/airflow/example_dags/example_latest_only.py
[2023-03-07T18:15:13.477+0530] {processor.py:753} INFO - DAG(s) dict_keys(['latest_only']) retrieved from /home/ris/PycharmProjects/pythonProject/USA-housing/venv/lib/python3.10/site-packages/airflow/example_dags/example_latest_only.py
[2023-03-07T18:15:13.494+0530] {logging_mixin.py:137} INFO - [2023-03-07T18:15:13.493+0530] {dag.py:2690} INFO - Sync 1 DAGs
[2023-03-07T18:15:13.510+0530] {logging_mixin.py:137} INFO - [2023-03-07T18:15:13.510+0530] {dag.py:3437} INFO - Setting next_dagrun for latest_only to 2023-03-07T08:45:13.510500+00:00, run_after=2023-03-07T12:45:13.510500+00:00
[2023-03-07T18:15:13.543+0530] {processor.py:175} INFO - Processing /home/ris/PycharmProjects/pythonProject/USA-housing/venv/lib/python3.10/site-packages/airflow/example_dags/example_latest_only.py took 0.078 seconds
[2023-03-07T18:15:52.657+0530] {processor.py:153} INFO - Started process (PID=7357) to work on /home/ris/PycharmProjects/pythonProject/USA-housing/venv/lib/python3.10/site-packages/airflow/example_dags/example_latest_only.py
[2023-03-07T18:15:52.659+0530] {processor.py:743} INFO - Processing file /home/ris/PycharmProjects/pythonProject/USA-housing/venv/lib/python3.10/site-packages/airflow/example_dags/example_latest_only.py for tasks to queue
[2023-03-07T18:15:52.659+0530] {logging_mixin.py:137} INFO - [2023-03-07T18:15:52.659+0530] {dagbag.py:538} INFO - Filling up the DagBag from /home/ris/PycharmProjects/pythonProject/USA-housing/venv/lib/python3.10/site-packages/airflow/example_dags/example_latest_only.py
[2023-03-07T18:15:52.666+0530] {processor.py:753} INFO - DAG(s) dict_keys(['latest_only']) retrieved from /home/ris/PycharmProjects/pythonProject/USA-housing/venv/lib/python3.10/site-packages/airflow/example_dags/example_latest_only.py
[2023-03-07T18:15:52.683+0530] {logging_mixin.py:137} INFO - [2023-03-07T18:15:52.683+0530] {dag.py:2690} INFO - Sync 1 DAGs
[2023-03-07T18:15:52.698+0530] {logging_mixin.py:137} INFO - [2023-03-07T18:15:52.698+0530] {dag.py:3437} INFO - Setting next_dagrun for latest_only to 2023-03-07T08:45:52.698167+00:00, run_after=2023-03-07T12:45:52.698167+00:00
[2023-03-07T18:15:52.719+0530] {processor.py:175} INFO - Processing /home/ris/PycharmProjects/pythonProject/USA-housing/venv/lib/python3.10/site-packages/airflow/example_dags/example_latest_only.py took 0.065 seconds
[2023-03-07T18:16:34.730+0530] {processor.py:153} INFO - Started process (PID=7406) to work on /home/ris/PycharmProjects/pythonProject/USA-housing/venv/lib/python3.10/site-packages/airflow/example_dags/example_latest_only.py
[2023-03-07T18:16:34.732+0530] {processor.py:743} INFO - Processing file /home/ris/PycharmProjects/pythonProject/USA-housing/venv/lib/python3.10/site-packages/airflow/example_dags/example_latest_only.py for tasks to queue
[2023-03-07T18:16:34.733+0530] {logging_mixin.py:137} INFO - [2023-03-07T18:16:34.733+0530] {dagbag.py:538} INFO - Filling up the DagBag from /home/ris/PycharmProjects/pythonProject/USA-housing/venv/lib/python3.10/site-packages/airflow/example_dags/example_latest_only.py
[2023-03-07T18:16:34.739+0530] {processor.py:753} INFO - DAG(s) dict_keys(['latest_only']) retrieved from /home/ris/PycharmProjects/pythonProject/USA-housing/venv/lib/python3.10/site-packages/airflow/example_dags/example_latest_only.py
[2023-03-07T18:16:34.756+0530] {logging_mixin.py:137} INFO - [2023-03-07T18:16:34.755+0530] {dag.py:2690} INFO - Sync 1 DAGs
[2023-03-07T18:16:34.772+0530] {logging_mixin.py:137} INFO - [2023-03-07T18:16:34.772+0530] {dag.py:3437} INFO - Setting next_dagrun for latest_only to 2023-03-07T08:46:34.771943+00:00, run_after=2023-03-07T12:46:34.771943+00:00
[2023-03-07T18:16:34.791+0530] {processor.py:175} INFO - Processing /home/ris/PycharmProjects/pythonProject/USA-housing/venv/lib/python3.10/site-packages/airflow/example_dags/example_latest_only.py took 0.064 seconds
[2023-03-07T18:17:12.507+0530] {processor.py:153} INFO - Started process (PID=7460) to work on /home/ris/PycharmProjects/pythonProject/USA-housing/venv/lib/python3.10/site-packages/airflow/example_dags/example_latest_only.py
[2023-03-07T18:17:12.510+0530] {processor.py:743} INFO - Processing file /home/ris/PycharmProjects/pythonProject/USA-housing/venv/lib/python3.10/site-packages/airflow/example_dags/example_latest_only.py for tasks to queue
[2023-03-07T18:17:12.511+0530] {logging_mixin.py:137} INFO - [2023-03-07T18:17:12.510+0530] {dagbag.py:538} INFO - Filling up the DagBag from /home/ris/PycharmProjects/pythonProject/USA-housing/venv/lib/python3.10/site-packages/airflow/example_dags/example_latest_only.py
[2023-03-07T18:17:12.523+0530] {processor.py:753} INFO - DAG(s) dict_keys(['latest_only']) retrieved from /home/ris/PycharmProjects/pythonProject/USA-housing/venv/lib/python3.10/site-packages/airflow/example_dags/example_latest_only.py
[2023-03-07T18:17:12.557+0530] {logging_mixin.py:137} INFO - [2023-03-07T18:17:12.556+0530] {dag.py:2690} INFO - Sync 1 DAGs
[2023-03-07T18:17:12.572+0530] {logging_mixin.py:137} INFO - [2023-03-07T18:17:12.572+0530] {dag.py:3437} INFO - Setting next_dagrun for latest_only to 2023-03-07T08:47:12.571804+00:00, run_after=2023-03-07T12:47:12.571804+00:00
[2023-03-07T18:17:12.592+0530] {processor.py:175} INFO - Processing /home/ris/PycharmProjects/pythonProject/USA-housing/venv/lib/python3.10/site-packages/airflow/example_dags/example_latest_only.py took 0.089 seconds
[2023-03-07T18:17:57.875+0530] {processor.py:153} INFO - Started process (PID=7516) to work on /home/ris/PycharmProjects/pythonProject/USA-housing/venv/lib/python3.10/site-packages/airflow/example_dags/example_latest_only.py
[2023-03-07T18:17:57.876+0530] {processor.py:743} INFO - Processing file /home/ris/PycharmProjects/pythonProject/USA-housing/venv/lib/python3.10/site-packages/airflow/example_dags/example_latest_only.py for tasks to queue
[2023-03-07T18:17:57.877+0530] {logging_mixin.py:137} INFO - [2023-03-07T18:17:57.877+0530] {dagbag.py:538} INFO - Filling up the DagBag from /home/ris/PycharmProjects/pythonProject/USA-housing/venv/lib/python3.10/site-packages/airflow/example_dags/example_latest_only.py
[2023-03-07T18:17:57.886+0530] {processor.py:753} INFO - DAG(s) dict_keys(['latest_only']) retrieved from /home/ris/PycharmProjects/pythonProject/USA-housing/venv/lib/python3.10/site-packages/airflow/example_dags/example_latest_only.py
[2023-03-07T18:17:57.906+0530] {logging_mixin.py:137} INFO - [2023-03-07T18:17:57.906+0530] {dag.py:2690} INFO - Sync 1 DAGs
[2023-03-07T18:17:57.926+0530] {logging_mixin.py:137} INFO - [2023-03-07T18:17:57.926+0530] {dag.py:3437} INFO - Setting next_dagrun for latest_only to 2023-03-07T08:47:57.926416+00:00, run_after=2023-03-07T12:47:57.926416+00:00
[2023-03-07T18:17:57.953+0530] {processor.py:175} INFO - Processing /home/ris/PycharmProjects/pythonProject/USA-housing/venv/lib/python3.10/site-packages/airflow/example_dags/example_latest_only.py took 0.080 seconds
[2023-03-07T18:18:38.280+0530] {processor.py:153} INFO - Started process (PID=7567) to work on /home/ris/PycharmProjects/pythonProject/USA-housing/venv/lib/python3.10/site-packages/airflow/example_dags/example_latest_only.py
[2023-03-07T18:18:38.282+0530] {processor.py:743} INFO - Processing file /home/ris/PycharmProjects/pythonProject/USA-housing/venv/lib/python3.10/site-packages/airflow/example_dags/example_latest_only.py for tasks to queue
[2023-03-07T18:18:38.283+0530] {logging_mixin.py:137} INFO - [2023-03-07T18:18:38.283+0530] {dagbag.py:538} INFO - Filling up the DagBag from /home/ris/PycharmProjects/pythonProject/USA-housing/venv/lib/python3.10/site-packages/airflow/example_dags/example_latest_only.py
[2023-03-07T18:18:38.289+0530] {processor.py:753} INFO - DAG(s) dict_keys(['latest_only']) retrieved from /home/ris/PycharmProjects/pythonProject/USA-housing/venv/lib/python3.10/site-packages/airflow/example_dags/example_latest_only.py
[2023-03-07T18:18:38.309+0530] {logging_mixin.py:137} INFO - [2023-03-07T18:18:38.309+0530] {dag.py:2690} INFO - Sync 1 DAGs
[2023-03-07T18:18:38.330+0530] {logging_mixin.py:137} INFO - [2023-03-07T18:18:38.330+0530] {dag.py:3437} INFO - Setting next_dagrun for latest_only to 2023-03-07T08:48:38.330178+00:00, run_after=2023-03-07T12:48:38.330178+00:00
[2023-03-07T18:18:38.351+0530] {processor.py:175} INFO - Processing /home/ris/PycharmProjects/pythonProject/USA-housing/venv/lib/python3.10/site-packages/airflow/example_dags/example_latest_only.py took 0.073 seconds
[2023-03-07T18:19:21.435+0530] {processor.py:153} INFO - Started process (PID=7612) to work on /home/ris/PycharmProjects/pythonProject/USA-housing/venv/lib/python3.10/site-packages/airflow/example_dags/example_latest_only.py
[2023-03-07T18:19:21.439+0530] {processor.py:743} INFO - Processing file /home/ris/PycharmProjects/pythonProject/USA-housing/venv/lib/python3.10/site-packages/airflow/example_dags/example_latest_only.py for tasks to queue
[2023-03-07T18:19:21.442+0530] {logging_mixin.py:137} INFO - [2023-03-07T18:19:21.441+0530] {dagbag.py:538} INFO - Filling up the DagBag from /home/ris/PycharmProjects/pythonProject/USA-housing/venv/lib/python3.10/site-packages/airflow/example_dags/example_latest_only.py
[2023-03-07T18:19:21.457+0530] {processor.py:753} INFO - DAG(s) dict_keys(['latest_only']) retrieved from /home/ris/PycharmProjects/pythonProject/USA-housing/venv/lib/python3.10/site-packages/airflow/example_dags/example_latest_only.py
[2023-03-07T18:19:21.483+0530] {logging_mixin.py:137} INFO - [2023-03-07T18:19:21.483+0530] {dag.py:2690} INFO - Sync 1 DAGs
[2023-03-07T18:19:21.506+0530] {logging_mixin.py:137} INFO - [2023-03-07T18:19:21.505+0530] {dag.py:3437} INFO - Setting next_dagrun for latest_only to 2023-03-07T08:49:21.505619+00:00, run_after=2023-03-07T12:49:21.505619+00:00
[2023-03-07T18:19:21.538+0530] {processor.py:175} INFO - Processing /home/ris/PycharmProjects/pythonProject/USA-housing/venv/lib/python3.10/site-packages/airflow/example_dags/example_latest_only.py took 0.109 seconds
[2023-03-07T18:20:04.060+0530] {processor.py:153} INFO - Started process (PID=7902) to work on /home/ris/PycharmProjects/pythonProject/USA-housing/venv/lib/python3.10/site-packages/airflow/example_dags/example_latest_only.py
[2023-03-07T18:20:04.062+0530] {processor.py:743} INFO - Processing file /home/ris/PycharmProjects/pythonProject/USA-housing/venv/lib/python3.10/site-packages/airflow/example_dags/example_latest_only.py for tasks to queue
[2023-03-07T18:20:04.064+0530] {logging_mixin.py:137} INFO - [2023-03-07T18:20:04.064+0530] {dagbag.py:538} INFO - Filling up the DagBag from /home/ris/PycharmProjects/pythonProject/USA-housing/venv/lib/python3.10/site-packages/airflow/example_dags/example_latest_only.py
[2023-03-07T18:20:04.074+0530] {processor.py:753} INFO - DAG(s) dict_keys(['latest_only']) retrieved from /home/ris/PycharmProjects/pythonProject/USA-housing/venv/lib/python3.10/site-packages/airflow/example_dags/example_latest_only.py
[2023-03-07T18:20:04.097+0530] {logging_mixin.py:137} INFO - [2023-03-07T18:20:04.097+0530] {dag.py:2690} INFO - Sync 1 DAGs
[2023-03-07T18:20:04.123+0530] {logging_mixin.py:137} INFO - [2023-03-07T18:20:04.123+0530] {dag.py:3437} INFO - Setting next_dagrun for latest_only to 2023-03-07T08:50:04.122666+00:00, run_after=2023-03-07T12:50:04.122666+00:00
[2023-03-07T18:20:04.152+0530] {processor.py:175} INFO - Processing /home/ris/PycharmProjects/pythonProject/USA-housing/venv/lib/python3.10/site-packages/airflow/example_dags/example_latest_only.py took 0.099 seconds
[2023-03-07T18:20:47.024+0530] {processor.py:153} INFO - Started process (PID=7962) to work on /home/ris/PycharmProjects/pythonProject/USA-housing/venv/lib/python3.10/site-packages/airflow/example_dags/example_latest_only.py
[2023-03-07T18:20:47.026+0530] {processor.py:743} INFO - Processing file /home/ris/PycharmProjects/pythonProject/USA-housing/venv/lib/python3.10/site-packages/airflow/example_dags/example_latest_only.py for tasks to queue
[2023-03-07T18:20:47.027+0530] {logging_mixin.py:137} INFO - [2023-03-07T18:20:47.027+0530] {dagbag.py:538} INFO - Filling up the DagBag from /home/ris/PycharmProjects/pythonProject/USA-housing/venv/lib/python3.10/site-packages/airflow/example_dags/example_latest_only.py
[2023-03-07T18:20:47.038+0530] {processor.py:753} INFO - DAG(s) dict_keys(['latest_only']) retrieved from /home/ris/PycharmProjects/pythonProject/USA-housing/venv/lib/python3.10/site-packages/airflow/example_dags/example_latest_only.py
[2023-03-07T18:20:47.056+0530] {logging_mixin.py:137} INFO - [2023-03-07T18:20:47.055+0530] {dag.py:2690} INFO - Sync 1 DAGs
[2023-03-07T18:20:47.080+0530] {logging_mixin.py:137} INFO - [2023-03-07T18:20:47.080+0530] {dag.py:3437} INFO - Setting next_dagrun for latest_only to 2023-03-07T08:50:47.079798+00:00, run_after=2023-03-07T12:50:47.079798+00:00
[2023-03-07T18:20:47.106+0530] {processor.py:175} INFO - Processing /home/ris/PycharmProjects/pythonProject/USA-housing/venv/lib/python3.10/site-packages/airflow/example_dags/example_latest_only.py took 0.085 seconds
[2023-03-07T18:21:25.382+0530] {processor.py:153} INFO - Started process (PID=8005) to work on /home/ris/PycharmProjects/pythonProject/USA-housing/venv/lib/python3.10/site-packages/airflow/example_dags/example_latest_only.py
[2023-03-07T18:21:25.384+0530] {processor.py:743} INFO - Processing file /home/ris/PycharmProjects/pythonProject/USA-housing/venv/lib/python3.10/site-packages/airflow/example_dags/example_latest_only.py for tasks to queue
[2023-03-07T18:21:25.384+0530] {logging_mixin.py:137} INFO - [2023-03-07T18:21:25.384+0530] {dagbag.py:538} INFO - Filling up the DagBag from /home/ris/PycharmProjects/pythonProject/USA-housing/venv/lib/python3.10/site-packages/airflow/example_dags/example_latest_only.py
[2023-03-07T18:21:25.390+0530] {processor.py:753} INFO - DAG(s) dict_keys(['latest_only']) retrieved from /home/ris/PycharmProjects/pythonProject/USA-housing/venv/lib/python3.10/site-packages/airflow/example_dags/example_latest_only.py
[2023-03-07T18:21:25.407+0530] {logging_mixin.py:137} INFO - [2023-03-07T18:21:25.407+0530] {dag.py:2690} INFO - Sync 1 DAGs
[2023-03-07T18:21:25.423+0530] {logging_mixin.py:137} INFO - [2023-03-07T18:21:25.423+0530] {dag.py:3437} INFO - Setting next_dagrun for latest_only to 2023-03-07T08:51:25.423073+00:00, run_after=2023-03-07T12:51:25.423073+00:00
[2023-03-07T18:21:25.444+0530] {processor.py:175} INFO - Processing /home/ris/PycharmProjects/pythonProject/USA-housing/venv/lib/python3.10/site-packages/airflow/example_dags/example_latest_only.py took 0.065 seconds
[2023-03-07T18:22:06.420+0530] {processor.py:153} INFO - Started process (PID=8053) to work on /home/ris/PycharmProjects/pythonProject/USA-housing/venv/lib/python3.10/site-packages/airflow/example_dags/example_latest_only.py
[2023-03-07T18:22:06.422+0530] {processor.py:743} INFO - Processing file /home/ris/PycharmProjects/pythonProject/USA-housing/venv/lib/python3.10/site-packages/airflow/example_dags/example_latest_only.py for tasks to queue
[2023-03-07T18:22:06.423+0530] {logging_mixin.py:137} INFO - [2023-03-07T18:22:06.423+0530] {dagbag.py:538} INFO - Filling up the DagBag from /home/ris/PycharmProjects/pythonProject/USA-housing/venv/lib/python3.10/site-packages/airflow/example_dags/example_latest_only.py
[2023-03-07T18:22:06.430+0530] {processor.py:753} INFO - DAG(s) dict_keys(['latest_only']) retrieved from /home/ris/PycharmProjects/pythonProject/USA-housing/venv/lib/python3.10/site-packages/airflow/example_dags/example_latest_only.py
[2023-03-07T18:22:06.456+0530] {logging_mixin.py:137} INFO - [2023-03-07T18:22:06.456+0530] {dag.py:2690} INFO - Sync 1 DAGs
[2023-03-07T18:22:06.474+0530] {logging_mixin.py:137} INFO - [2023-03-07T18:22:06.474+0530] {dag.py:3437} INFO - Setting next_dagrun for latest_only to 2023-03-07T08:52:06.473981+00:00, run_after=2023-03-07T12:52:06.473981+00:00
[2023-03-07T18:22:06.493+0530] {processor.py:175} INFO - Processing /home/ris/PycharmProjects/pythonProject/USA-housing/venv/lib/python3.10/site-packages/airflow/example_dags/example_latest_only.py took 0.077 seconds
[2023-03-07T18:22:41.589+0530] {processor.py:153} INFO - Started process (PID=8093) to work on /home/ris/PycharmProjects/pythonProject/USA-housing/venv/lib/python3.10/site-packages/airflow/example_dags/example_latest_only.py
[2023-03-07T18:22:41.592+0530] {processor.py:743} INFO - Processing file /home/ris/PycharmProjects/pythonProject/USA-housing/venv/lib/python3.10/site-packages/airflow/example_dags/example_latest_only.py for tasks to queue
[2023-03-07T18:22:41.594+0530] {logging_mixin.py:137} INFO - [2023-03-07T18:22:41.594+0530] {dagbag.py:538} INFO - Filling up the DagBag from /home/ris/PycharmProjects/pythonProject/USA-housing/venv/lib/python3.10/site-packages/airflow/example_dags/example_latest_only.py
[2023-03-07T18:22:41.609+0530] {processor.py:753} INFO - DAG(s) dict_keys(['latest_only']) retrieved from /home/ris/PycharmProjects/pythonProject/USA-housing/venv/lib/python3.10/site-packages/airflow/example_dags/example_latest_only.py
[2023-03-07T18:22:41.639+0530] {logging_mixin.py:137} INFO - [2023-03-07T18:22:41.639+0530] {dag.py:2690} INFO - Sync 1 DAGs
[2023-03-07T18:22:41.656+0530] {logging_mixin.py:137} INFO - [2023-03-07T18:22:41.656+0530] {dag.py:3437} INFO - Setting next_dagrun for latest_only to 2023-03-07T08:52:41.655817+00:00, run_after=2023-03-07T12:52:41.655817+00:00
[2023-03-07T18:22:41.675+0530] {processor.py:175} INFO - Processing /home/ris/PycharmProjects/pythonProject/USA-housing/venv/lib/python3.10/site-packages/airflow/example_dags/example_latest_only.py took 0.091 seconds
[2023-03-07T18:23:21.057+0530] {processor.py:153} INFO - Started process (PID=8151) to work on /home/ris/PycharmProjects/pythonProject/USA-housing/venv/lib/python3.10/site-packages/airflow/example_dags/example_latest_only.py
[2023-03-07T18:23:21.059+0530] {processor.py:743} INFO - Processing file /home/ris/PycharmProjects/pythonProject/USA-housing/venv/lib/python3.10/site-packages/airflow/example_dags/example_latest_only.py for tasks to queue
[2023-03-07T18:23:21.059+0530] {logging_mixin.py:137} INFO - [2023-03-07T18:23:21.059+0530] {dagbag.py:538} INFO - Filling up the DagBag from /home/ris/PycharmProjects/pythonProject/USA-housing/venv/lib/python3.10/site-packages/airflow/example_dags/example_latest_only.py
[2023-03-07T18:23:21.066+0530] {processor.py:753} INFO - DAG(s) dict_keys(['latest_only']) retrieved from /home/ris/PycharmProjects/pythonProject/USA-housing/venv/lib/python3.10/site-packages/airflow/example_dags/example_latest_only.py
[2023-03-07T18:23:21.089+0530] {logging_mixin.py:137} INFO - [2023-03-07T18:23:21.089+0530] {dag.py:2690} INFO - Sync 1 DAGs
[2023-03-07T18:23:21.108+0530] {logging_mixin.py:137} INFO - [2023-03-07T18:23:21.108+0530] {dag.py:3437} INFO - Setting next_dagrun for latest_only to 2023-03-07T08:53:21.108319+00:00, run_after=2023-03-07T12:53:21.108319+00:00
[2023-03-07T18:23:21.131+0530] {processor.py:175} INFO - Processing /home/ris/PycharmProjects/pythonProject/USA-housing/venv/lib/python3.10/site-packages/airflow/example_dags/example_latest_only.py took 0.078 seconds
[2023-03-07T18:24:06.156+0530] {processor.py:153} INFO - Started process (PID=8353) to work on /home/ris/PycharmProjects/pythonProject/USA-housing/venv/lib/python3.10/site-packages/airflow/example_dags/example_latest_only.py
[2023-03-07T18:24:06.158+0530] {processor.py:743} INFO - Processing file /home/ris/PycharmProjects/pythonProject/USA-housing/venv/lib/python3.10/site-packages/airflow/example_dags/example_latest_only.py for tasks to queue
[2023-03-07T18:24:06.160+0530] {logging_mixin.py:137} INFO - [2023-03-07T18:24:06.159+0530] {dagbag.py:538} INFO - Filling up the DagBag from /home/ris/PycharmProjects/pythonProject/USA-housing/venv/lib/python3.10/site-packages/airflow/example_dags/example_latest_only.py
[2023-03-07T18:24:06.169+0530] {processor.py:753} INFO - DAG(s) dict_keys(['latest_only']) retrieved from /home/ris/PycharmProjects/pythonProject/USA-housing/venv/lib/python3.10/site-packages/airflow/example_dags/example_latest_only.py
[2023-03-07T18:24:06.189+0530] {logging_mixin.py:137} INFO - [2023-03-07T18:24:06.189+0530] {dag.py:2690} INFO - Sync 1 DAGs
[2023-03-07T18:24:06.208+0530] {logging_mixin.py:137} INFO - [2023-03-07T18:24:06.208+0530] {dag.py:3437} INFO - Setting next_dagrun for latest_only to 2023-03-07T08:54:06.208154+00:00, run_after=2023-03-07T12:54:06.208154+00:00
[2023-03-07T18:24:06.233+0530] {processor.py:175} INFO - Processing /home/ris/PycharmProjects/pythonProject/USA-housing/venv/lib/python3.10/site-packages/airflow/example_dags/example_latest_only.py took 0.081 seconds
[2023-03-07T18:24:51.112+0530] {processor.py:153} INFO - Started process (PID=8405) to work on /home/ris/PycharmProjects/pythonProject/USA-housing/venv/lib/python3.10/site-packages/airflow/example_dags/example_latest_only.py
[2023-03-07T18:24:51.115+0530] {processor.py:743} INFO - Processing file /home/ris/PycharmProjects/pythonProject/USA-housing/venv/lib/python3.10/site-packages/airflow/example_dags/example_latest_only.py for tasks to queue
[2023-03-07T18:24:51.115+0530] {logging_mixin.py:137} INFO - [2023-03-07T18:24:51.115+0530] {dagbag.py:538} INFO - Filling up the DagBag from /home/ris/PycharmProjects/pythonProject/USA-housing/venv/lib/python3.10/site-packages/airflow/example_dags/example_latest_only.py
[2023-03-07T18:24:51.126+0530] {processor.py:753} INFO - DAG(s) dict_keys(['latest_only']) retrieved from /home/ris/PycharmProjects/pythonProject/USA-housing/venv/lib/python3.10/site-packages/airflow/example_dags/example_latest_only.py
[2023-03-07T18:24:51.155+0530] {logging_mixin.py:137} INFO - [2023-03-07T18:24:51.154+0530] {dag.py:2690} INFO - Sync 1 DAGs
[2023-03-07T18:24:51.175+0530] {logging_mixin.py:137} INFO - [2023-03-07T18:24:51.175+0530] {dag.py:3437} INFO - Setting next_dagrun for latest_only to 2023-03-07T08:54:51.174789+00:00, run_after=2023-03-07T12:54:51.174789+00:00
[2023-03-07T18:24:51.200+0530] {processor.py:175} INFO - Processing /home/ris/PycharmProjects/pythonProject/USA-housing/venv/lib/python3.10/site-packages/airflow/example_dags/example_latest_only.py took 0.093 seconds
[2023-03-07T18:25:36.978+0530] {processor.py:153} INFO - Started process (PID=8490) to work on /home/ris/PycharmProjects/pythonProject/USA-housing/venv/lib/python3.10/site-packages/airflow/example_dags/example_latest_only.py
[2023-03-07T18:25:36.980+0530] {processor.py:743} INFO - Processing file /home/ris/PycharmProjects/pythonProject/USA-housing/venv/lib/python3.10/site-packages/airflow/example_dags/example_latest_only.py for tasks to queue
[2023-03-07T18:25:36.981+0530] {logging_mixin.py:137} INFO - [2023-03-07T18:25:36.981+0530] {dagbag.py:538} INFO - Filling up the DagBag from /home/ris/PycharmProjects/pythonProject/USA-housing/venv/lib/python3.10/site-packages/airflow/example_dags/example_latest_only.py
[2023-03-07T18:25:36.989+0530] {processor.py:753} INFO - DAG(s) dict_keys(['latest_only']) retrieved from /home/ris/PycharmProjects/pythonProject/USA-housing/venv/lib/python3.10/site-packages/airflow/example_dags/example_latest_only.py
[2023-03-07T18:25:37.012+0530] {logging_mixin.py:137} INFO - [2023-03-07T18:25:37.012+0530] {dag.py:2690} INFO - Sync 1 DAGs
[2023-03-07T18:25:37.040+0530] {logging_mixin.py:137} INFO - [2023-03-07T18:25:37.040+0530] {dag.py:3437} INFO - Setting next_dagrun for latest_only to 2023-03-07T08:55:37.040342+00:00, run_after=2023-03-07T12:55:37.040342+00:00
[2023-03-07T18:25:37.072+0530] {processor.py:175} INFO - Processing /home/ris/PycharmProjects/pythonProject/USA-housing/venv/lib/python3.10/site-packages/airflow/example_dags/example_latest_only.py took 0.099 seconds
[2023-03-07T18:26:22.646+0530] {processor.py:153} INFO - Started process (PID=8578) to work on /home/ris/PycharmProjects/pythonProject/USA-housing/venv/lib/python3.10/site-packages/airflow/example_dags/example_latest_only.py
[2023-03-07T18:26:22.648+0530] {processor.py:743} INFO - Processing file /home/ris/PycharmProjects/pythonProject/USA-housing/venv/lib/python3.10/site-packages/airflow/example_dags/example_latest_only.py for tasks to queue
[2023-03-07T18:26:22.649+0530] {logging_mixin.py:137} INFO - [2023-03-07T18:26:22.649+0530] {dagbag.py:538} INFO - Filling up the DagBag from /home/ris/PycharmProjects/pythonProject/USA-housing/venv/lib/python3.10/site-packages/airflow/example_dags/example_latest_only.py
[2023-03-07T18:26:22.657+0530] {processor.py:753} INFO - DAG(s) dict_keys(['latest_only']) retrieved from /home/ris/PycharmProjects/pythonProject/USA-housing/venv/lib/python3.10/site-packages/airflow/example_dags/example_latest_only.py
[2023-03-07T18:26:22.676+0530] {logging_mixin.py:137} INFO - [2023-03-07T18:26:22.675+0530] {dag.py:2690} INFO - Sync 1 DAGs
[2023-03-07T18:26:22.695+0530] {logging_mixin.py:137} INFO - [2023-03-07T18:26:22.695+0530] {dag.py:3437} INFO - Setting next_dagrun for latest_only to 2023-03-07T08:56:22.695157+00:00, run_after=2023-03-07T12:56:22.695157+00:00
[2023-03-07T18:26:22.721+0530] {processor.py:175} INFO - Processing /home/ris/PycharmProjects/pythonProject/USA-housing/venv/lib/python3.10/site-packages/airflow/example_dags/example_latest_only.py took 0.078 seconds
[2023-03-07T18:27:04.916+0530] {processor.py:153} INFO - Started process (PID=8665) to work on /home/ris/PycharmProjects/pythonProject/USA-housing/venv/lib/python3.10/site-packages/airflow/example_dags/example_latest_only.py
[2023-03-07T18:27:04.918+0530] {processor.py:743} INFO - Processing file /home/ris/PycharmProjects/pythonProject/USA-housing/venv/lib/python3.10/site-packages/airflow/example_dags/example_latest_only.py for tasks to queue
[2023-03-07T18:27:04.919+0530] {logging_mixin.py:137} INFO - [2023-03-07T18:27:04.919+0530] {dagbag.py:538} INFO - Filling up the DagBag from /home/ris/PycharmProjects/pythonProject/USA-housing/venv/lib/python3.10/site-packages/airflow/example_dags/example_latest_only.py
[2023-03-07T18:27:04.929+0530] {processor.py:753} INFO - DAG(s) dict_keys(['latest_only']) retrieved from /home/ris/PycharmProjects/pythonProject/USA-housing/venv/lib/python3.10/site-packages/airflow/example_dags/example_latest_only.py
[2023-03-07T18:27:04.949+0530] {logging_mixin.py:137} INFO - [2023-03-07T18:27:04.948+0530] {dag.py:2690} INFO - Sync 1 DAGs
[2023-03-07T18:27:04.979+0530] {logging_mixin.py:137} INFO - [2023-03-07T18:27:04.979+0530] {dag.py:3437} INFO - Setting next_dagrun for latest_only to 2023-03-07T08:57:04.979053+00:00, run_after=2023-03-07T12:57:04.979053+00:00
[2023-03-07T18:27:05.001+0530] {processor.py:175} INFO - Processing /home/ris/PycharmProjects/pythonProject/USA-housing/venv/lib/python3.10/site-packages/airflow/example_dags/example_latest_only.py took 0.087 seconds
[2023-03-07T18:27:47.732+0530] {processor.py:153} INFO - Started process (PID=8715) to work on /home/ris/PycharmProjects/pythonProject/USA-housing/venv/lib/python3.10/site-packages/airflow/example_dags/example_latest_only.py
[2023-03-07T18:27:47.735+0530] {processor.py:743} INFO - Processing file /home/ris/PycharmProjects/pythonProject/USA-housing/venv/lib/python3.10/site-packages/airflow/example_dags/example_latest_only.py for tasks to queue
[2023-03-07T18:27:47.736+0530] {logging_mixin.py:137} INFO - [2023-03-07T18:27:47.736+0530] {dagbag.py:538} INFO - Filling up the DagBag from /home/ris/PycharmProjects/pythonProject/USA-housing/venv/lib/python3.10/site-packages/airflow/example_dags/example_latest_only.py
[2023-03-07T18:27:47.747+0530] {processor.py:753} INFO - DAG(s) dict_keys(['latest_only']) retrieved from /home/ris/PycharmProjects/pythonProject/USA-housing/venv/lib/python3.10/site-packages/airflow/example_dags/example_latest_only.py
[2023-03-07T18:27:47.779+0530] {logging_mixin.py:137} INFO - [2023-03-07T18:27:47.779+0530] {dag.py:2690} INFO - Sync 1 DAGs
[2023-03-07T18:27:47.801+0530] {logging_mixin.py:137} INFO - [2023-03-07T18:27:47.801+0530] {dag.py:3437} INFO - Setting next_dagrun for latest_only to 2023-03-07T08:57:47.801317+00:00, run_after=2023-03-07T12:57:47.801317+00:00
[2023-03-07T18:27:47.826+0530] {processor.py:175} INFO - Processing /home/ris/PycharmProjects/pythonProject/USA-housing/venv/lib/python3.10/site-packages/airflow/example_dags/example_latest_only.py took 0.097 seconds
[2023-03-07T18:28:32.601+0530] {processor.py:153} INFO - Started process (PID=8771) to work on /home/ris/PycharmProjects/pythonProject/USA-housing/venv/lib/python3.10/site-packages/airflow/example_dags/example_latest_only.py
[2023-03-07T18:28:32.604+0530] {processor.py:743} INFO - Processing file /home/ris/PycharmProjects/pythonProject/USA-housing/venv/lib/python3.10/site-packages/airflow/example_dags/example_latest_only.py for tasks to queue
[2023-03-07T18:28:32.607+0530] {logging_mixin.py:137} INFO - [2023-03-07T18:28:32.607+0530] {dagbag.py:538} INFO - Filling up the DagBag from /home/ris/PycharmProjects/pythonProject/USA-housing/venv/lib/python3.10/site-packages/airflow/example_dags/example_latest_only.py
[2023-03-07T18:28:32.617+0530] {processor.py:753} INFO - DAG(s) dict_keys(['latest_only']) retrieved from /home/ris/PycharmProjects/pythonProject/USA-housing/venv/lib/python3.10/site-packages/airflow/example_dags/example_latest_only.py
[2023-03-07T18:28:32.641+0530] {logging_mixin.py:137} INFO - [2023-03-07T18:28:32.641+0530] {dag.py:2690} INFO - Sync 1 DAGs
[2023-03-07T18:28:32.670+0530] {logging_mixin.py:137} INFO - [2023-03-07T18:28:32.670+0530] {dag.py:3437} INFO - Setting next_dagrun for latest_only to 2023-03-07T08:58:32.669759+00:00, run_after=2023-03-07T12:58:32.669759+00:00
[2023-03-07T18:28:32.700+0530] {processor.py:175} INFO - Processing /home/ris/PycharmProjects/pythonProject/USA-housing/venv/lib/python3.10/site-packages/airflow/example_dags/example_latest_only.py took 0.102 seconds
[2023-03-07T18:29:13.893+0530] {processor.py:153} INFO - Started process (PID=8829) to work on /home/ris/PycharmProjects/pythonProject/USA-housing/venv/lib/python3.10/site-packages/airflow/example_dags/example_latest_only.py
[2023-03-07T18:29:13.895+0530] {processor.py:743} INFO - Processing file /home/ris/PycharmProjects/pythonProject/USA-housing/venv/lib/python3.10/site-packages/airflow/example_dags/example_latest_only.py for tasks to queue
[2023-03-07T18:29:13.895+0530] {logging_mixin.py:137} INFO - [2023-03-07T18:29:13.895+0530] {dagbag.py:538} INFO - Filling up the DagBag from /home/ris/PycharmProjects/pythonProject/USA-housing/venv/lib/python3.10/site-packages/airflow/example_dags/example_latest_only.py
[2023-03-07T18:29:13.902+0530] {processor.py:753} INFO - DAG(s) dict_keys(['latest_only']) retrieved from /home/ris/PycharmProjects/pythonProject/USA-housing/venv/lib/python3.10/site-packages/airflow/example_dags/example_latest_only.py
[2023-03-07T18:29:13.918+0530] {logging_mixin.py:137} INFO - [2023-03-07T18:29:13.917+0530] {dag.py:2690} INFO - Sync 1 DAGs
[2023-03-07T18:29:13.933+0530] {logging_mixin.py:137} INFO - [2023-03-07T18:29:13.933+0530] {dag.py:3437} INFO - Setting next_dagrun for latest_only to 2023-03-07T08:59:13.933205+00:00, run_after=2023-03-07T12:59:13.933205+00:00
[2023-03-07T18:29:13.954+0530] {processor.py:175} INFO - Processing /home/ris/PycharmProjects/pythonProject/USA-housing/venv/lib/python3.10/site-packages/airflow/example_dags/example_latest_only.py took 0.063 seconds
[2023-03-07T18:29:59.342+0530] {processor.py:153} INFO - Started process (PID=8880) to work on /home/ris/PycharmProjects/pythonProject/USA-housing/venv/lib/python3.10/site-packages/airflow/example_dags/example_latest_only.py
[2023-03-07T18:29:59.344+0530] {processor.py:743} INFO - Processing file /home/ris/PycharmProjects/pythonProject/USA-housing/venv/lib/python3.10/site-packages/airflow/example_dags/example_latest_only.py for tasks to queue
[2023-03-07T18:29:59.344+0530] {logging_mixin.py:137} INFO - [2023-03-07T18:29:59.344+0530] {dagbag.py:538} INFO - Filling up the DagBag from /home/ris/PycharmProjects/pythonProject/USA-housing/venv/lib/python3.10/site-packages/airflow/example_dags/example_latest_only.py
[2023-03-07T18:29:59.352+0530] {processor.py:753} INFO - DAG(s) dict_keys(['latest_only']) retrieved from /home/ris/PycharmProjects/pythonProject/USA-housing/venv/lib/python3.10/site-packages/airflow/example_dags/example_latest_only.py
[2023-03-07T18:29:59.368+0530] {logging_mixin.py:137} INFO - [2023-03-07T18:29:59.368+0530] {dag.py:2690} INFO - Sync 1 DAGs
[2023-03-07T18:29:59.386+0530] {logging_mixin.py:137} INFO - [2023-03-07T18:29:59.386+0530] {dag.py:3437} INFO - Setting next_dagrun for latest_only to 2023-03-07T08:59:59.385999+00:00, run_after=2023-03-07T12:59:59.385999+00:00
[2023-03-07T18:29:59.408+0530] {processor.py:175} INFO - Processing /home/ris/PycharmProjects/pythonProject/USA-housing/venv/lib/python3.10/site-packages/airflow/example_dags/example_latest_only.py took 0.069 seconds
[2023-03-07T18:30:37.191+0530] {processor.py:153} INFO - Started process (PID=8966) to work on /home/ris/PycharmProjects/pythonProject/USA-housing/venv/lib/python3.10/site-packages/airflow/example_dags/example_latest_only.py
[2023-03-07T18:30:37.193+0530] {processor.py:743} INFO - Processing file /home/ris/PycharmProjects/pythonProject/USA-housing/venv/lib/python3.10/site-packages/airflow/example_dags/example_latest_only.py for tasks to queue
[2023-03-07T18:30:37.193+0530] {logging_mixin.py:137} INFO - [2023-03-07T18:30:37.193+0530] {dagbag.py:538} INFO - Filling up the DagBag from /home/ris/PycharmProjects/pythonProject/USA-housing/venv/lib/python3.10/site-packages/airflow/example_dags/example_latest_only.py
[2023-03-07T18:30:37.199+0530] {processor.py:753} INFO - DAG(s) dict_keys(['latest_only']) retrieved from /home/ris/PycharmProjects/pythonProject/USA-housing/venv/lib/python3.10/site-packages/airflow/example_dags/example_latest_only.py
[2023-03-07T18:30:37.216+0530] {logging_mixin.py:137} INFO - [2023-03-07T18:30:37.216+0530] {dag.py:2690} INFO - Sync 1 DAGs
[2023-03-07T18:30:37.234+0530] {logging_mixin.py:137} INFO - [2023-03-07T18:30:37.233+0530] {dag.py:3437} INFO - Setting next_dagrun for latest_only to 2023-03-07T09:00:37.233792+00:00, run_after=2023-03-07T13:00:37.233792+00:00
[2023-03-07T18:30:37.253+0530] {processor.py:175} INFO - Processing /home/ris/PycharmProjects/pythonProject/USA-housing/venv/lib/python3.10/site-packages/airflow/example_dags/example_latest_only.py took 0.065 seconds
[2023-03-07T18:31:16.911+0530] {processor.py:153} INFO - Started process (PID=9009) to work on /home/ris/PycharmProjects/pythonProject/USA-housing/venv/lib/python3.10/site-packages/airflow/example_dags/example_latest_only.py
[2023-03-07T18:31:16.913+0530] {processor.py:743} INFO - Processing file /home/ris/PycharmProjects/pythonProject/USA-housing/venv/lib/python3.10/site-packages/airflow/example_dags/example_latest_only.py for tasks to queue
[2023-03-07T18:31:16.914+0530] {logging_mixin.py:137} INFO - [2023-03-07T18:31:16.914+0530] {dagbag.py:538} INFO - Filling up the DagBag from /home/ris/PycharmProjects/pythonProject/USA-housing/venv/lib/python3.10/site-packages/airflow/example_dags/example_latest_only.py
[2023-03-07T18:31:16.919+0530] {processor.py:753} INFO - DAG(s) dict_keys(['latest_only']) retrieved from /home/ris/PycharmProjects/pythonProject/USA-housing/venv/lib/python3.10/site-packages/airflow/example_dags/example_latest_only.py
[2023-03-07T18:31:16.938+0530] {logging_mixin.py:137} INFO - [2023-03-07T18:31:16.937+0530] {dag.py:2690} INFO - Sync 1 DAGs
[2023-03-07T18:31:16.955+0530] {logging_mixin.py:137} INFO - [2023-03-07T18:31:16.955+0530] {dag.py:3437} INFO - Setting next_dagrun for latest_only to 2023-03-07T09:01:16.955192+00:00, run_after=2023-03-07T13:01:16.955192+00:00
[2023-03-07T18:31:16.975+0530] {processor.py:175} INFO - Processing /home/ris/PycharmProjects/pythonProject/USA-housing/venv/lib/python3.10/site-packages/airflow/example_dags/example_latest_only.py took 0.067 seconds
[2023-03-07T18:31:57.106+0530] {processor.py:153} INFO - Started process (PID=9083) to work on /home/ris/PycharmProjects/pythonProject/USA-housing/venv/lib/python3.10/site-packages/airflow/example_dags/example_latest_only.py
[2023-03-07T18:31:57.108+0530] {processor.py:743} INFO - Processing file /home/ris/PycharmProjects/pythonProject/USA-housing/venv/lib/python3.10/site-packages/airflow/example_dags/example_latest_only.py for tasks to queue
[2023-03-07T18:31:57.108+0530] {logging_mixin.py:137} INFO - [2023-03-07T18:31:57.108+0530] {dagbag.py:538} INFO - Filling up the DagBag from /home/ris/PycharmProjects/pythonProject/USA-housing/venv/lib/python3.10/site-packages/airflow/example_dags/example_latest_only.py
[2023-03-07T18:31:57.115+0530] {processor.py:753} INFO - DAG(s) dict_keys(['latest_only']) retrieved from /home/ris/PycharmProjects/pythonProject/USA-housing/venv/lib/python3.10/site-packages/airflow/example_dags/example_latest_only.py
[2023-03-07T18:31:57.132+0530] {logging_mixin.py:137} INFO - [2023-03-07T18:31:57.132+0530] {dag.py:2690} INFO - Sync 1 DAGs
[2023-03-07T18:31:57.147+0530] {logging_mixin.py:137} INFO - [2023-03-07T18:31:57.147+0530] {dag.py:3437} INFO - Setting next_dagrun for latest_only to 2023-03-07T09:01:57.147141+00:00, run_after=2023-03-07T13:01:57.147141+00:00
[2023-03-07T18:31:57.167+0530] {processor.py:175} INFO - Processing /home/ris/PycharmProjects/pythonProject/USA-housing/venv/lib/python3.10/site-packages/airflow/example_dags/example_latest_only.py took 0.065 seconds
[2023-03-07T18:32:40.304+0530] {processor.py:153} INFO - Started process (PID=9134) to work on /home/ris/PycharmProjects/pythonProject/USA-housing/venv/lib/python3.10/site-packages/airflow/example_dags/example_latest_only.py
[2023-03-07T18:32:40.306+0530] {processor.py:743} INFO - Processing file /home/ris/PycharmProjects/pythonProject/USA-housing/venv/lib/python3.10/site-packages/airflow/example_dags/example_latest_only.py for tasks to queue
[2023-03-07T18:32:40.307+0530] {logging_mixin.py:137} INFO - [2023-03-07T18:32:40.307+0530] {dagbag.py:538} INFO - Filling up the DagBag from /home/ris/PycharmProjects/pythonProject/USA-housing/venv/lib/python3.10/site-packages/airflow/example_dags/example_latest_only.py
[2023-03-07T18:32:40.313+0530] {processor.py:753} INFO - DAG(s) dict_keys(['latest_only']) retrieved from /home/ris/PycharmProjects/pythonProject/USA-housing/venv/lib/python3.10/site-packages/airflow/example_dags/example_latest_only.py
[2023-03-07T18:32:40.330+0530] {logging_mixin.py:137} INFO - [2023-03-07T18:32:40.330+0530] {dag.py:2690} INFO - Sync 1 DAGs
[2023-03-07T18:32:40.346+0530] {logging_mixin.py:137} INFO - [2023-03-07T18:32:40.346+0530] {dag.py:3437} INFO - Setting next_dagrun for latest_only to 2023-03-07T09:02:40.345978+00:00, run_after=2023-03-07T13:02:40.345978+00:00
[2023-03-07T18:32:40.366+0530] {processor.py:175} INFO - Processing /home/ris/PycharmProjects/pythonProject/USA-housing/venv/lib/python3.10/site-packages/airflow/example_dags/example_latest_only.py took 0.066 seconds
[2023-03-07T18:33:17.285+0530] {processor.py:153} INFO - Started process (PID=9176) to work on /home/ris/PycharmProjects/pythonProject/USA-housing/venv/lib/python3.10/site-packages/airflow/example_dags/example_latest_only.py
[2023-03-07T18:33:17.287+0530] {processor.py:743} INFO - Processing file /home/ris/PycharmProjects/pythonProject/USA-housing/venv/lib/python3.10/site-packages/airflow/example_dags/example_latest_only.py for tasks to queue
[2023-03-07T18:33:17.288+0530] {logging_mixin.py:137} INFO - [2023-03-07T18:33:17.288+0530] {dagbag.py:538} INFO - Filling up the DagBag from /home/ris/PycharmProjects/pythonProject/USA-housing/venv/lib/python3.10/site-packages/airflow/example_dags/example_latest_only.py
[2023-03-07T18:33:17.295+0530] {processor.py:753} INFO - DAG(s) dict_keys(['latest_only']) retrieved from /home/ris/PycharmProjects/pythonProject/USA-housing/venv/lib/python3.10/site-packages/airflow/example_dags/example_latest_only.py
[2023-03-07T18:33:17.312+0530] {logging_mixin.py:137} INFO - [2023-03-07T18:33:17.312+0530] {dag.py:2690} INFO - Sync 1 DAGs
[2023-03-07T18:33:17.328+0530] {logging_mixin.py:137} INFO - [2023-03-07T18:33:17.328+0530] {dag.py:3437} INFO - Setting next_dagrun for latest_only to 2023-03-07T09:03:17.328597+00:00, run_after=2023-03-07T13:03:17.328597+00:00
[2023-03-07T18:33:17.347+0530] {processor.py:175} INFO - Processing /home/ris/PycharmProjects/pythonProject/USA-housing/venv/lib/python3.10/site-packages/airflow/example_dags/example_latest_only.py took 0.065 seconds
[2023-03-07T18:33:55.731+0530] {processor.py:153} INFO - Started process (PID=9218) to work on /home/ris/PycharmProjects/pythonProject/USA-housing/venv/lib/python3.10/site-packages/airflow/example_dags/example_latest_only.py
[2023-03-07T18:33:55.733+0530] {processor.py:743} INFO - Processing file /home/ris/PycharmProjects/pythonProject/USA-housing/venv/lib/python3.10/site-packages/airflow/example_dags/example_latest_only.py for tasks to queue
[2023-03-07T18:33:55.733+0530] {logging_mixin.py:137} INFO - [2023-03-07T18:33:55.733+0530] {dagbag.py:538} INFO - Filling up the DagBag from /home/ris/PycharmProjects/pythonProject/USA-housing/venv/lib/python3.10/site-packages/airflow/example_dags/example_latest_only.py
[2023-03-07T18:33:55.739+0530] {processor.py:753} INFO - DAG(s) dict_keys(['latest_only']) retrieved from /home/ris/PycharmProjects/pythonProject/USA-housing/venv/lib/python3.10/site-packages/airflow/example_dags/example_latest_only.py
[2023-03-07T18:33:55.756+0530] {logging_mixin.py:137} INFO - [2023-03-07T18:33:55.756+0530] {dag.py:2690} INFO - Sync 1 DAGs
[2023-03-07T18:33:55.772+0530] {logging_mixin.py:137} INFO - [2023-03-07T18:33:55.772+0530] {dag.py:3437} INFO - Setting next_dagrun for latest_only to 2023-03-07T09:03:55.772527+00:00, run_after=2023-03-07T13:03:55.772527+00:00
[2023-03-07T18:33:55.792+0530] {processor.py:175} INFO - Processing /home/ris/PycharmProjects/pythonProject/USA-housing/venv/lib/python3.10/site-packages/airflow/example_dags/example_latest_only.py took 0.065 seconds
[2023-03-07T18:34:40.966+0530] {processor.py:153} INFO - Started process (PID=9271) to work on /home/ris/PycharmProjects/pythonProject/USA-housing/venv/lib/python3.10/site-packages/airflow/example_dags/example_latest_only.py
[2023-03-07T18:34:40.968+0530] {processor.py:743} INFO - Processing file /home/ris/PycharmProjects/pythonProject/USA-housing/venv/lib/python3.10/site-packages/airflow/example_dags/example_latest_only.py for tasks to queue
[2023-03-07T18:34:40.968+0530] {logging_mixin.py:137} INFO - [2023-03-07T18:34:40.968+0530] {dagbag.py:538} INFO - Filling up the DagBag from /home/ris/PycharmProjects/pythonProject/USA-housing/venv/lib/python3.10/site-packages/airflow/example_dags/example_latest_only.py
[2023-03-07T18:34:40.976+0530] {processor.py:753} INFO - DAG(s) dict_keys(['latest_only']) retrieved from /home/ris/PycharmProjects/pythonProject/USA-housing/venv/lib/python3.10/site-packages/airflow/example_dags/example_latest_only.py
[2023-03-07T18:34:40.993+0530] {logging_mixin.py:137} INFO - [2023-03-07T18:34:40.993+0530] {dag.py:2690} INFO - Sync 1 DAGs
[2023-03-07T18:34:41.010+0530] {logging_mixin.py:137} INFO - [2023-03-07T18:34:41.009+0530] {dag.py:3437} INFO - Setting next_dagrun for latest_only to 2023-03-07T09:04:41.009500+00:00, run_after=2023-03-07T13:04:41.009500+00:00
[2023-03-07T18:34:41.030+0530] {processor.py:175} INFO - Processing /home/ris/PycharmProjects/pythonProject/USA-housing/venv/lib/python3.10/site-packages/airflow/example_dags/example_latest_only.py took 0.067 seconds
[2023-03-07T18:35:29.305+0530] {processor.py:153} INFO - Started process (PID=9347) to work on /home/ris/PycharmProjects/pythonProject/USA-housing/venv/lib/python3.10/site-packages/airflow/example_dags/example_latest_only.py
[2023-03-07T18:35:29.308+0530] {processor.py:743} INFO - Processing file /home/ris/PycharmProjects/pythonProject/USA-housing/venv/lib/python3.10/site-packages/airflow/example_dags/example_latest_only.py for tasks to queue
[2023-03-07T18:35:29.309+0530] {logging_mixin.py:137} INFO - [2023-03-07T18:35:29.309+0530] {dagbag.py:538} INFO - Filling up the DagBag from /home/ris/PycharmProjects/pythonProject/USA-housing/venv/lib/python3.10/site-packages/airflow/example_dags/example_latest_only.py
[2023-03-07T18:35:29.315+0530] {processor.py:753} INFO - DAG(s) dict_keys(['latest_only']) retrieved from /home/ris/PycharmProjects/pythonProject/USA-housing/venv/lib/python3.10/site-packages/airflow/example_dags/example_latest_only.py
[2023-03-07T18:35:29.331+0530] {logging_mixin.py:137} INFO - [2023-03-07T18:35:29.331+0530] {dag.py:2690} INFO - Sync 1 DAGs
[2023-03-07T18:35:29.348+0530] {logging_mixin.py:137} INFO - [2023-03-07T18:35:29.348+0530] {dag.py:3437} INFO - Setting next_dagrun for latest_only to 2023-03-07T09:05:29.348126+00:00, run_after=2023-03-07T13:05:29.348126+00:00
[2023-03-07T18:35:29.369+0530] {processor.py:175} INFO - Processing /home/ris/PycharmProjects/pythonProject/USA-housing/venv/lib/python3.10/site-packages/airflow/example_dags/example_latest_only.py took 0.066 seconds
[2023-03-07T18:36:07.985+0530] {processor.py:153} INFO - Started process (PID=9388) to work on /home/ris/PycharmProjects/pythonProject/USA-housing/venv/lib/python3.10/site-packages/airflow/example_dags/example_latest_only.py
[2023-03-07T18:36:07.987+0530] {processor.py:743} INFO - Processing file /home/ris/PycharmProjects/pythonProject/USA-housing/venv/lib/python3.10/site-packages/airflow/example_dags/example_latest_only.py for tasks to queue
[2023-03-07T18:36:07.988+0530] {logging_mixin.py:137} INFO - [2023-03-07T18:36:07.987+0530] {dagbag.py:538} INFO - Filling up the DagBag from /home/ris/PycharmProjects/pythonProject/USA-housing/venv/lib/python3.10/site-packages/airflow/example_dags/example_latest_only.py
[2023-03-07T18:36:07.994+0530] {processor.py:753} INFO - DAG(s) dict_keys(['latest_only']) retrieved from /home/ris/PycharmProjects/pythonProject/USA-housing/venv/lib/python3.10/site-packages/airflow/example_dags/example_latest_only.py
[2023-03-07T18:36:08.011+0530] {logging_mixin.py:137} INFO - [2023-03-07T18:36:08.010+0530] {dag.py:2690} INFO - Sync 1 DAGs
[2023-03-07T18:36:08.026+0530] {logging_mixin.py:137} INFO - [2023-03-07T18:36:08.025+0530] {dag.py:3437} INFO - Setting next_dagrun for latest_only to 2023-03-07T09:06:08.025686+00:00, run_after=2023-03-07T13:06:08.025686+00:00
[2023-03-07T18:36:08.044+0530] {processor.py:175} INFO - Processing /home/ris/PycharmProjects/pythonProject/USA-housing/venv/lib/python3.10/site-packages/airflow/example_dags/example_latest_only.py took 0.062 seconds
[2023-03-07T18:36:56.079+0530] {processor.py:153} INFO - Started process (PID=9449) to work on /home/ris/PycharmProjects/pythonProject/USA-housing/venv/lib/python3.10/site-packages/airflow/example_dags/example_latest_only.py
[2023-03-07T18:36:56.081+0530] {processor.py:743} INFO - Processing file /home/ris/PycharmProjects/pythonProject/USA-housing/venv/lib/python3.10/site-packages/airflow/example_dags/example_latest_only.py for tasks to queue
[2023-03-07T18:36:56.082+0530] {logging_mixin.py:137} INFO - [2023-03-07T18:36:56.082+0530] {dagbag.py:538} INFO - Filling up the DagBag from /home/ris/PycharmProjects/pythonProject/USA-housing/venv/lib/python3.10/site-packages/airflow/example_dags/example_latest_only.py
[2023-03-07T18:36:56.088+0530] {processor.py:753} INFO - DAG(s) dict_keys(['latest_only']) retrieved from /home/ris/PycharmProjects/pythonProject/USA-housing/venv/lib/python3.10/site-packages/airflow/example_dags/example_latest_only.py
[2023-03-07T18:36:56.104+0530] {logging_mixin.py:137} INFO - [2023-03-07T18:36:56.104+0530] {dag.py:2690} INFO - Sync 1 DAGs
[2023-03-07T18:36:56.119+0530] {logging_mixin.py:137} INFO - [2023-03-07T18:36:56.119+0530] {dag.py:3437} INFO - Setting next_dagrun for latest_only to 2023-03-07T09:06:56.119143+00:00, run_after=2023-03-07T13:06:56.119143+00:00
[2023-03-07T18:36:56.137+0530] {processor.py:175} INFO - Processing /home/ris/PycharmProjects/pythonProject/USA-housing/venv/lib/python3.10/site-packages/airflow/example_dags/example_latest_only.py took 0.060 seconds
[2023-03-07T18:37:35.621+0530] {processor.py:153} INFO - Started process (PID=9526) to work on /home/ris/PycharmProjects/pythonProject/USA-housing/venv/lib/python3.10/site-packages/airflow/example_dags/example_latest_only.py
[2023-03-07T18:37:35.622+0530] {processor.py:743} INFO - Processing file /home/ris/PycharmProjects/pythonProject/USA-housing/venv/lib/python3.10/site-packages/airflow/example_dags/example_latest_only.py for tasks to queue
[2023-03-07T18:37:35.623+0530] {logging_mixin.py:137} INFO - [2023-03-07T18:37:35.623+0530] {dagbag.py:538} INFO - Filling up the DagBag from /home/ris/PycharmProjects/pythonProject/USA-housing/venv/lib/python3.10/site-packages/airflow/example_dags/example_latest_only.py
[2023-03-07T18:37:35.630+0530] {processor.py:753} INFO - DAG(s) dict_keys(['latest_only']) retrieved from /home/ris/PycharmProjects/pythonProject/USA-housing/venv/lib/python3.10/site-packages/airflow/example_dags/example_latest_only.py
[2023-03-07T18:37:35.646+0530] {logging_mixin.py:137} INFO - [2023-03-07T18:37:35.646+0530] {dag.py:2690} INFO - Sync 1 DAGs
[2023-03-07T18:37:35.663+0530] {logging_mixin.py:137} INFO - [2023-03-07T18:37:35.663+0530] {dag.py:3437} INFO - Setting next_dagrun for latest_only to 2023-03-07T09:07:35.662884+00:00, run_after=2023-03-07T13:07:35.662884+00:00
[2023-03-07T18:37:35.683+0530] {processor.py:175} INFO - Processing /home/ris/PycharmProjects/pythonProject/USA-housing/venv/lib/python3.10/site-packages/airflow/example_dags/example_latest_only.py took 0.065 seconds
[2023-03-07T18:38:13.554+0530] {processor.py:153} INFO - Started process (PID=9572) to work on /home/ris/PycharmProjects/pythonProject/USA-housing/venv/lib/python3.10/site-packages/airflow/example_dags/example_latest_only.py
[2023-03-07T18:38:13.556+0530] {processor.py:743} INFO - Processing file /home/ris/PycharmProjects/pythonProject/USA-housing/venv/lib/python3.10/site-packages/airflow/example_dags/example_latest_only.py for tasks to queue
[2023-03-07T18:38:13.556+0530] {logging_mixin.py:137} INFO - [2023-03-07T18:38:13.556+0530] {dagbag.py:538} INFO - Filling up the DagBag from /home/ris/PycharmProjects/pythonProject/USA-housing/venv/lib/python3.10/site-packages/airflow/example_dags/example_latest_only.py
[2023-03-07T18:38:13.562+0530] {processor.py:753} INFO - DAG(s) dict_keys(['latest_only']) retrieved from /home/ris/PycharmProjects/pythonProject/USA-housing/venv/lib/python3.10/site-packages/airflow/example_dags/example_latest_only.py
[2023-03-07T18:38:13.579+0530] {logging_mixin.py:137} INFO - [2023-03-07T18:38:13.579+0530] {dag.py:2690} INFO - Sync 1 DAGs
[2023-03-07T18:38:13.594+0530] {logging_mixin.py:137} INFO - [2023-03-07T18:38:13.594+0530] {dag.py:3437} INFO - Setting next_dagrun for latest_only to 2023-03-07T09:08:13.594159+00:00, run_after=2023-03-07T13:08:13.594159+00:00
[2023-03-07T18:38:13.612+0530] {processor.py:175} INFO - Processing /home/ris/PycharmProjects/pythonProject/USA-housing/venv/lib/python3.10/site-packages/airflow/example_dags/example_latest_only.py took 0.061 seconds
[2023-03-07T18:38:51.967+0530] {processor.py:153} INFO - Started process (PID=9639) to work on /home/ris/PycharmProjects/pythonProject/USA-housing/venv/lib/python3.10/site-packages/airflow/example_dags/example_latest_only.py
[2023-03-07T18:38:51.970+0530] {processor.py:743} INFO - Processing file /home/ris/PycharmProjects/pythonProject/USA-housing/venv/lib/python3.10/site-packages/airflow/example_dags/example_latest_only.py for tasks to queue
[2023-03-07T18:38:51.971+0530] {logging_mixin.py:137} INFO - [2023-03-07T18:38:51.970+0530] {dagbag.py:538} INFO - Filling up the DagBag from /home/ris/PycharmProjects/pythonProject/USA-housing/venv/lib/python3.10/site-packages/airflow/example_dags/example_latest_only.py
[2023-03-07T18:38:51.977+0530] {processor.py:753} INFO - DAG(s) dict_keys(['latest_only']) retrieved from /home/ris/PycharmProjects/pythonProject/USA-housing/venv/lib/python3.10/site-packages/airflow/example_dags/example_latest_only.py
[2023-03-07T18:38:51.991+0530] {logging_mixin.py:137} INFO - [2023-03-07T18:38:51.991+0530] {dag.py:2690} INFO - Sync 1 DAGs
[2023-03-07T18:38:52.005+0530] {logging_mixin.py:137} INFO - [2023-03-07T18:38:52.004+0530] {dag.py:3437} INFO - Setting next_dagrun for latest_only to 2023-03-07T09:08:52.004723+00:00, run_after=2023-03-07T13:08:52.004723+00:00
[2023-03-07T18:38:52.023+0530] {processor.py:175} INFO - Processing /home/ris/PycharmProjects/pythonProject/USA-housing/venv/lib/python3.10/site-packages/airflow/example_dags/example_latest_only.py took 0.060 seconds
[2023-03-07T18:39:32.220+0530] {processor.py:153} INFO - Started process (PID=9686) to work on /home/ris/PycharmProjects/pythonProject/USA-housing/venv/lib/python3.10/site-packages/airflow/example_dags/example_latest_only.py
[2023-03-07T18:39:32.223+0530] {processor.py:743} INFO - Processing file /home/ris/PycharmProjects/pythonProject/USA-housing/venv/lib/python3.10/site-packages/airflow/example_dags/example_latest_only.py for tasks to queue
[2023-03-07T18:39:32.224+0530] {logging_mixin.py:137} INFO - [2023-03-07T18:39:32.223+0530] {dagbag.py:538} INFO - Filling up the DagBag from /home/ris/PycharmProjects/pythonProject/USA-housing/venv/lib/python3.10/site-packages/airflow/example_dags/example_latest_only.py
[2023-03-07T18:39:32.235+0530] {processor.py:753} INFO - DAG(s) dict_keys(['latest_only']) retrieved from /home/ris/PycharmProjects/pythonProject/USA-housing/venv/lib/python3.10/site-packages/airflow/example_dags/example_latest_only.py
[2023-03-07T18:39:32.264+0530] {logging_mixin.py:137} INFO - [2023-03-07T18:39:32.264+0530] {dag.py:2690} INFO - Sync 1 DAGs
[2023-03-07T18:39:32.279+0530] {logging_mixin.py:137} INFO - [2023-03-07T18:39:32.279+0530] {dag.py:3437} INFO - Setting next_dagrun for latest_only to 2023-03-07T09:09:32.278812+00:00, run_after=2023-03-07T13:09:32.278812+00:00
[2023-03-07T18:39:32.295+0530] {processor.py:175} INFO - Processing /home/ris/PycharmProjects/pythonProject/USA-housing/venv/lib/python3.10/site-packages/airflow/example_dags/example_latest_only.py took 0.079 seconds
[2023-03-07T18:40:15.369+0530] {processor.py:153} INFO - Started process (PID=9733) to work on /home/ris/PycharmProjects/pythonProject/USA-housing/venv/lib/python3.10/site-packages/airflow/example_dags/example_latest_only.py
[2023-03-07T18:40:15.371+0530] {processor.py:743} INFO - Processing file /home/ris/PycharmProjects/pythonProject/USA-housing/venv/lib/python3.10/site-packages/airflow/example_dags/example_latest_only.py for tasks to queue
[2023-03-07T18:40:15.372+0530] {logging_mixin.py:137} INFO - [2023-03-07T18:40:15.372+0530] {dagbag.py:538} INFO - Filling up the DagBag from /home/ris/PycharmProjects/pythonProject/USA-housing/venv/lib/python3.10/site-packages/airflow/example_dags/example_latest_only.py
[2023-03-07T18:40:15.383+0530] {processor.py:753} INFO - DAG(s) dict_keys(['latest_only']) retrieved from /home/ris/PycharmProjects/pythonProject/USA-housing/venv/lib/python3.10/site-packages/airflow/example_dags/example_latest_only.py
[2023-03-07T18:40:15.413+0530] {logging_mixin.py:137} INFO - [2023-03-07T18:40:15.412+0530] {dag.py:2690} INFO - Sync 1 DAGs
[2023-03-07T18:40:15.426+0530] {logging_mixin.py:137} INFO - [2023-03-07T18:40:15.426+0530] {dag.py:3437} INFO - Setting next_dagrun for latest_only to 2023-03-07T09:10:15.426120+00:00, run_after=2023-03-07T13:10:15.426120+00:00
[2023-03-07T18:40:15.442+0530] {processor.py:175} INFO - Processing /home/ris/PycharmProjects/pythonProject/USA-housing/venv/lib/python3.10/site-packages/airflow/example_dags/example_latest_only.py took 0.078 seconds
[2023-03-07T18:40:55.744+0530] {processor.py:153} INFO - Started process (PID=9791) to work on /home/ris/PycharmProjects/pythonProject/USA-housing/venv/lib/python3.10/site-packages/airflow/example_dags/example_latest_only.py
[2023-03-07T18:40:55.745+0530] {processor.py:743} INFO - Processing file /home/ris/PycharmProjects/pythonProject/USA-housing/venv/lib/python3.10/site-packages/airflow/example_dags/example_latest_only.py for tasks to queue
[2023-03-07T18:40:55.746+0530] {logging_mixin.py:137} INFO - [2023-03-07T18:40:55.746+0530] {dagbag.py:538} INFO - Filling up the DagBag from /home/ris/PycharmProjects/pythonProject/USA-housing/venv/lib/python3.10/site-packages/airflow/example_dags/example_latest_only.py
[2023-03-07T18:40:55.752+0530] {processor.py:753} INFO - DAG(s) dict_keys(['latest_only']) retrieved from /home/ris/PycharmProjects/pythonProject/USA-housing/venv/lib/python3.10/site-packages/airflow/example_dags/example_latest_only.py
[2023-03-07T18:40:55.766+0530] {logging_mixin.py:137} INFO - [2023-03-07T18:40:55.766+0530] {dag.py:2690} INFO - Sync 1 DAGs
[2023-03-07T18:40:55.783+0530] {logging_mixin.py:137} INFO - [2023-03-07T18:40:55.783+0530] {dag.py:3437} INFO - Setting next_dagrun for latest_only to 2023-03-07T09:10:55.782786+00:00, run_after=2023-03-07T13:10:55.782786+00:00
[2023-03-07T18:40:55.816+0530] {processor.py:175} INFO - Processing /home/ris/PycharmProjects/pythonProject/USA-housing/venv/lib/python3.10/site-packages/airflow/example_dags/example_latest_only.py took 0.074 seconds
