[2023-03-07T16:11:10.096+0530] {processor.py:153} INFO - Started process (PID=14998) to work on /home/ris/PycharmProjects/pythonProject/USA-housing/venv/lib/python3.10/site-packages/airflow/example_dags/example_branch_day_of_week_operator.py
[2023-03-07T16:11:10.097+0530] {processor.py:743} INFO - Processing file /home/ris/PycharmProjects/pythonProject/USA-housing/venv/lib/python3.10/site-packages/airflow/example_dags/example_branch_day_of_week_operator.py for tasks to queue
[2023-03-07T16:11:10.098+0530] {logging_mixin.py:137} INFO - [2023-03-07T16:11:10.098+0530] {dagbag.py:538} INFO - Filling up the DagBag from /home/ris/PycharmProjects/pythonProject/USA-housing/venv/lib/python3.10/site-packages/airflow/example_dags/example_branch_day_of_week_operator.py
[2023-03-07T16:11:10.134+0530] {processor.py:753} INFO - DAG(s) dict_keys(['example_weekday_branch_operator']) retrieved from /home/ris/PycharmProjects/pythonProject/USA-housing/venv/lib/python3.10/site-packages/airflow/example_dags/example_branch_day_of_week_operator.py
[2023-03-07T16:11:10.176+0530] {logging_mixin.py:137} INFO - [2023-03-07T16:11:10.176+0530] {dag.py:2690} INFO - Sync 1 DAGs
[2023-03-07T16:11:10.219+0530] {logging_mixin.py:137} INFO - [2023-03-07T16:11:10.219+0530] {dag.py:3437} INFO - Setting next_dagrun for example_weekday_branch_operator to 2023-03-06T00:00:00+00:00, run_after=2023-03-07T00:00:00+00:00
[2023-03-07T16:11:10.265+0530] {processor.py:175} INFO - Processing /home/ris/PycharmProjects/pythonProject/USA-housing/venv/lib/python3.10/site-packages/airflow/example_dags/example_branch_day_of_week_operator.py took 0.174 seconds
[2023-03-07T17:38:22.875+0530] {processor.py:153} INFO - Started process (PID=5740) to work on /home/ris/PycharmProjects/pythonProject/USA-housing/venv/lib/python3.10/site-packages/airflow/example_dags/example_branch_day_of_week_operator.py
[2023-03-07T17:38:22.877+0530] {processor.py:743} INFO - Processing file /home/ris/PycharmProjects/pythonProject/USA-housing/venv/lib/python3.10/site-packages/airflow/example_dags/example_branch_day_of_week_operator.py for tasks to queue
[2023-03-07T17:38:22.879+0530] {logging_mixin.py:137} INFO - [2023-03-07T17:38:22.879+0530] {dagbag.py:538} INFO - Filling up the DagBag from /home/ris/PycharmProjects/pythonProject/USA-housing/venv/lib/python3.10/site-packages/airflow/example_dags/example_branch_day_of_week_operator.py
[2023-03-07T17:38:22.895+0530] {processor.py:753} INFO - DAG(s) dict_keys(['example_weekday_branch_operator']) retrieved from /home/ris/PycharmProjects/pythonProject/USA-housing/venv/lib/python3.10/site-packages/airflow/example_dags/example_branch_day_of_week_operator.py
[2023-03-07T17:38:22.916+0530] {logging_mixin.py:137} INFO - [2023-03-07T17:38:22.915+0530] {dag.py:2690} INFO - Sync 1 DAGs
[2023-03-07T17:38:22.936+0530] {logging_mixin.py:137} INFO - [2023-03-07T17:38:22.936+0530] {dag.py:3437} INFO - Setting next_dagrun for example_weekday_branch_operator to 2023-03-06T00:00:00+00:00, run_after=2023-03-07T00:00:00+00:00
[2023-03-07T17:38:22.960+0530] {processor.py:175} INFO - Processing /home/ris/PycharmProjects/pythonProject/USA-housing/venv/lib/python3.10/site-packages/airflow/example_dags/example_branch_day_of_week_operator.py took 0.090 seconds
[2023-03-07T17:39:12.108+0530] {processor.py:153} INFO - Started process (PID=5787) to work on /home/ris/PycharmProjects/pythonProject/USA-housing/venv/lib/python3.10/site-packages/airflow/example_dags/example_branch_day_of_week_operator.py
[2023-03-07T17:39:12.110+0530] {processor.py:743} INFO - Processing file /home/ris/PycharmProjects/pythonProject/USA-housing/venv/lib/python3.10/site-packages/airflow/example_dags/example_branch_day_of_week_operator.py for tasks to queue
[2023-03-07T17:39:12.111+0530] {logging_mixin.py:137} INFO - [2023-03-07T17:39:12.111+0530] {dagbag.py:538} INFO - Filling up the DagBag from /home/ris/PycharmProjects/pythonProject/USA-housing/venv/lib/python3.10/site-packages/airflow/example_dags/example_branch_day_of_week_operator.py
[2023-03-07T17:39:12.143+0530] {processor.py:753} INFO - DAG(s) dict_keys(['example_weekday_branch_operator']) retrieved from /home/ris/PycharmProjects/pythonProject/USA-housing/venv/lib/python3.10/site-packages/airflow/example_dags/example_branch_day_of_week_operator.py
[2023-03-07T17:39:12.168+0530] {logging_mixin.py:137} INFO - [2023-03-07T17:39:12.168+0530] {dag.py:2690} INFO - Sync 1 DAGs
[2023-03-07T17:39:12.193+0530] {logging_mixin.py:137} INFO - [2023-03-07T17:39:12.192+0530] {dag.py:3437} INFO - Setting next_dagrun for example_weekday_branch_operator to 2023-03-06T00:00:00+00:00, run_after=2023-03-07T00:00:00+00:00
[2023-03-07T17:39:12.215+0530] {processor.py:175} INFO - Processing /home/ris/PycharmProjects/pythonProject/USA-housing/venv/lib/python3.10/site-packages/airflow/example_dags/example_branch_day_of_week_operator.py took 0.112 seconds
[2023-03-07T17:59:48.556+0530] {processor.py:153} INFO - Started process (PID=5948) to work on /home/ris/PycharmProjects/pythonProject/USA-housing/venv/lib/python3.10/site-packages/airflow/example_dags/example_branch_day_of_week_operator.py
[2023-03-07T17:59:48.560+0530] {processor.py:743} INFO - Processing file /home/ris/PycharmProjects/pythonProject/USA-housing/venv/lib/python3.10/site-packages/airflow/example_dags/example_branch_day_of_week_operator.py for tasks to queue
[2023-03-07T17:59:48.561+0530] {logging_mixin.py:137} INFO - [2023-03-07T17:59:48.561+0530] {dagbag.py:538} INFO - Filling up the DagBag from /home/ris/PycharmProjects/pythonProject/USA-housing/venv/lib/python3.10/site-packages/airflow/example_dags/example_branch_day_of_week_operator.py
[2023-03-07T17:59:48.568+0530] {processor.py:753} INFO - DAG(s) dict_keys(['example_weekday_branch_operator']) retrieved from /home/ris/PycharmProjects/pythonProject/USA-housing/venv/lib/python3.10/site-packages/airflow/example_dags/example_branch_day_of_week_operator.py
[2023-03-07T17:59:48.585+0530] {logging_mixin.py:137} INFO - [2023-03-07T17:59:48.584+0530] {dag.py:2690} INFO - Sync 1 DAGs
[2023-03-07T17:59:48.602+0530] {logging_mixin.py:137} INFO - [2023-03-07T17:59:48.602+0530] {dag.py:3437} INFO - Setting next_dagrun for example_weekday_branch_operator to 2023-03-06T00:00:00+00:00, run_after=2023-03-07T00:00:00+00:00
[2023-03-07T17:59:48.622+0530] {processor.py:175} INFO - Processing /home/ris/PycharmProjects/pythonProject/USA-housing/venv/lib/python3.10/site-packages/airflow/example_dags/example_branch_day_of_week_operator.py took 0.069 seconds
[2023-03-07T18:00:32.848+0530] {processor.py:153} INFO - Started process (PID=5994) to work on /home/ris/PycharmProjects/pythonProject/USA-housing/venv/lib/python3.10/site-packages/airflow/example_dags/example_branch_day_of_week_operator.py
[2023-03-07T18:00:32.850+0530] {processor.py:743} INFO - Processing file /home/ris/PycharmProjects/pythonProject/USA-housing/venv/lib/python3.10/site-packages/airflow/example_dags/example_branch_day_of_week_operator.py for tasks to queue
[2023-03-07T18:00:32.851+0530] {logging_mixin.py:137} INFO - [2023-03-07T18:00:32.851+0530] {dagbag.py:538} INFO - Filling up the DagBag from /home/ris/PycharmProjects/pythonProject/USA-housing/venv/lib/python3.10/site-packages/airflow/example_dags/example_branch_day_of_week_operator.py
[2023-03-07T18:00:32.860+0530] {processor.py:753} INFO - DAG(s) dict_keys(['example_weekday_branch_operator']) retrieved from /home/ris/PycharmProjects/pythonProject/USA-housing/venv/lib/python3.10/site-packages/airflow/example_dags/example_branch_day_of_week_operator.py
[2023-03-07T18:00:32.878+0530] {logging_mixin.py:137} INFO - [2023-03-07T18:00:32.877+0530] {dag.py:2690} INFO - Sync 1 DAGs
[2023-03-07T18:00:32.897+0530] {logging_mixin.py:137} INFO - [2023-03-07T18:00:32.896+0530] {dag.py:3437} INFO - Setting next_dagrun for example_weekday_branch_operator to 2023-03-06T00:00:00+00:00, run_after=2023-03-07T00:00:00+00:00
[2023-03-07T18:00:32.916+0530] {processor.py:175} INFO - Processing /home/ris/PycharmProjects/pythonProject/USA-housing/venv/lib/python3.10/site-packages/airflow/example_dags/example_branch_day_of_week_operator.py took 0.071 seconds
[2023-03-07T18:01:23.277+0530] {processor.py:153} INFO - Started process (PID=6050) to work on /home/ris/PycharmProjects/pythonProject/USA-housing/venv/lib/python3.10/site-packages/airflow/example_dags/example_branch_day_of_week_operator.py
[2023-03-07T18:01:23.279+0530] {processor.py:743} INFO - Processing file /home/ris/PycharmProjects/pythonProject/USA-housing/venv/lib/python3.10/site-packages/airflow/example_dags/example_branch_day_of_week_operator.py for tasks to queue
[2023-03-07T18:01:23.279+0530] {logging_mixin.py:137} INFO - [2023-03-07T18:01:23.279+0530] {dagbag.py:538} INFO - Filling up the DagBag from /home/ris/PycharmProjects/pythonProject/USA-housing/venv/lib/python3.10/site-packages/airflow/example_dags/example_branch_day_of_week_operator.py
[2023-03-07T18:01:23.290+0530] {processor.py:753} INFO - DAG(s) dict_keys(['example_weekday_branch_operator']) retrieved from /home/ris/PycharmProjects/pythonProject/USA-housing/venv/lib/python3.10/site-packages/airflow/example_dags/example_branch_day_of_week_operator.py
[2023-03-07T18:01:23.307+0530] {logging_mixin.py:137} INFO - [2023-03-07T18:01:23.307+0530] {dag.py:2690} INFO - Sync 1 DAGs
[2023-03-07T18:01:23.326+0530] {logging_mixin.py:137} INFO - [2023-03-07T18:01:23.326+0530] {dag.py:3437} INFO - Setting next_dagrun for example_weekday_branch_operator to 2023-03-06T00:00:00+00:00, run_after=2023-03-07T00:00:00+00:00
[2023-03-07T18:01:23.348+0530] {processor.py:175} INFO - Processing /home/ris/PycharmProjects/pythonProject/USA-housing/venv/lib/python3.10/site-packages/airflow/example_dags/example_branch_day_of_week_operator.py took 0.074 seconds
[2023-03-07T18:02:16.253+0530] {processor.py:153} INFO - Started process (PID=6106) to work on /home/ris/PycharmProjects/pythonProject/USA-housing/venv/lib/python3.10/site-packages/airflow/example_dags/example_branch_day_of_week_operator.py
[2023-03-07T18:02:16.255+0530] {processor.py:743} INFO - Processing file /home/ris/PycharmProjects/pythonProject/USA-housing/venv/lib/python3.10/site-packages/airflow/example_dags/example_branch_day_of_week_operator.py for tasks to queue
[2023-03-07T18:02:16.255+0530] {logging_mixin.py:137} INFO - [2023-03-07T18:02:16.255+0530] {dagbag.py:538} INFO - Filling up the DagBag from /home/ris/PycharmProjects/pythonProject/USA-housing/venv/lib/python3.10/site-packages/airflow/example_dags/example_branch_day_of_week_operator.py
[2023-03-07T18:02:16.263+0530] {processor.py:753} INFO - DAG(s) dict_keys(['example_weekday_branch_operator']) retrieved from /home/ris/PycharmProjects/pythonProject/USA-housing/venv/lib/python3.10/site-packages/airflow/example_dags/example_branch_day_of_week_operator.py
[2023-03-07T18:02:16.280+0530] {logging_mixin.py:137} INFO - [2023-03-07T18:02:16.280+0530] {dag.py:2690} INFO - Sync 1 DAGs
[2023-03-07T18:02:16.297+0530] {logging_mixin.py:137} INFO - [2023-03-07T18:02:16.297+0530] {dag.py:3437} INFO - Setting next_dagrun for example_weekday_branch_operator to 2023-03-06T00:00:00+00:00, run_after=2023-03-07T00:00:00+00:00
[2023-03-07T18:02:16.316+0530] {processor.py:175} INFO - Processing /home/ris/PycharmProjects/pythonProject/USA-housing/venv/lib/python3.10/site-packages/airflow/example_dags/example_branch_day_of_week_operator.py took 0.066 seconds
[2023-03-07T18:03:07.420+0530] {processor.py:153} INFO - Started process (PID=6163) to work on /home/ris/PycharmProjects/pythonProject/USA-housing/venv/lib/python3.10/site-packages/airflow/example_dags/example_branch_day_of_week_operator.py
[2023-03-07T18:03:07.422+0530] {processor.py:743} INFO - Processing file /home/ris/PycharmProjects/pythonProject/USA-housing/venv/lib/python3.10/site-packages/airflow/example_dags/example_branch_day_of_week_operator.py for tasks to queue
[2023-03-07T18:03:07.423+0530] {logging_mixin.py:137} INFO - [2023-03-07T18:03:07.423+0530] {dagbag.py:538} INFO - Filling up the DagBag from /home/ris/PycharmProjects/pythonProject/USA-housing/venv/lib/python3.10/site-packages/airflow/example_dags/example_branch_day_of_week_operator.py
[2023-03-07T18:03:07.430+0530] {processor.py:753} INFO - DAG(s) dict_keys(['example_weekday_branch_operator']) retrieved from /home/ris/PycharmProjects/pythonProject/USA-housing/venv/lib/python3.10/site-packages/airflow/example_dags/example_branch_day_of_week_operator.py
[2023-03-07T18:03:07.448+0530] {logging_mixin.py:137} INFO - [2023-03-07T18:03:07.447+0530] {dag.py:2690} INFO - Sync 1 DAGs
[2023-03-07T18:03:07.465+0530] {logging_mixin.py:137} INFO - [2023-03-07T18:03:07.465+0530] {dag.py:3437} INFO - Setting next_dagrun for example_weekday_branch_operator to 2023-03-06T00:00:00+00:00, run_after=2023-03-07T00:00:00+00:00
[2023-03-07T18:03:07.484+0530] {processor.py:175} INFO - Processing /home/ris/PycharmProjects/pythonProject/USA-housing/venv/lib/python3.10/site-packages/airflow/example_dags/example_branch_day_of_week_operator.py took 0.066 seconds
[2023-03-07T18:03:56.612+0530] {processor.py:153} INFO - Started process (PID=6220) to work on /home/ris/PycharmProjects/pythonProject/USA-housing/venv/lib/python3.10/site-packages/airflow/example_dags/example_branch_day_of_week_operator.py
[2023-03-07T18:03:56.614+0530] {processor.py:743} INFO - Processing file /home/ris/PycharmProjects/pythonProject/USA-housing/venv/lib/python3.10/site-packages/airflow/example_dags/example_branch_day_of_week_operator.py for tasks to queue
[2023-03-07T18:03:56.615+0530] {logging_mixin.py:137} INFO - [2023-03-07T18:03:56.615+0530] {dagbag.py:538} INFO - Filling up the DagBag from /home/ris/PycharmProjects/pythonProject/USA-housing/venv/lib/python3.10/site-packages/airflow/example_dags/example_branch_day_of_week_operator.py
[2023-03-07T18:03:56.622+0530] {processor.py:753} INFO - DAG(s) dict_keys(['example_weekday_branch_operator']) retrieved from /home/ris/PycharmProjects/pythonProject/USA-housing/venv/lib/python3.10/site-packages/airflow/example_dags/example_branch_day_of_week_operator.py
[2023-03-07T18:03:56.639+0530] {logging_mixin.py:137} INFO - [2023-03-07T18:03:56.639+0530] {dag.py:2690} INFO - Sync 1 DAGs
[2023-03-07T18:03:56.657+0530] {logging_mixin.py:137} INFO - [2023-03-07T18:03:56.656+0530] {dag.py:3437} INFO - Setting next_dagrun for example_weekday_branch_operator to 2023-03-06T00:00:00+00:00, run_after=2023-03-07T00:00:00+00:00
[2023-03-07T18:03:56.676+0530] {processor.py:175} INFO - Processing /home/ris/PycharmProjects/pythonProject/USA-housing/venv/lib/python3.10/site-packages/airflow/example_dags/example_branch_day_of_week_operator.py took 0.068 seconds
[2023-03-07T18:04:43.003+0530] {processor.py:153} INFO - Started process (PID=6278) to work on /home/ris/PycharmProjects/pythonProject/USA-housing/venv/lib/python3.10/site-packages/airflow/example_dags/example_branch_day_of_week_operator.py
[2023-03-07T18:04:43.005+0530] {processor.py:743} INFO - Processing file /home/ris/PycharmProjects/pythonProject/USA-housing/venv/lib/python3.10/site-packages/airflow/example_dags/example_branch_day_of_week_operator.py for tasks to queue
[2023-03-07T18:04:43.005+0530] {logging_mixin.py:137} INFO - [2023-03-07T18:04:43.005+0530] {dagbag.py:538} INFO - Filling up the DagBag from /home/ris/PycharmProjects/pythonProject/USA-housing/venv/lib/python3.10/site-packages/airflow/example_dags/example_branch_day_of_week_operator.py
[2023-03-07T18:04:43.013+0530] {processor.py:753} INFO - DAG(s) dict_keys(['example_weekday_branch_operator']) retrieved from /home/ris/PycharmProjects/pythonProject/USA-housing/venv/lib/python3.10/site-packages/airflow/example_dags/example_branch_day_of_week_operator.py
[2023-03-07T18:04:43.031+0530] {logging_mixin.py:137} INFO - [2023-03-07T18:04:43.031+0530] {dag.py:2690} INFO - Sync 1 DAGs
[2023-03-07T18:04:43.048+0530] {logging_mixin.py:137} INFO - [2023-03-07T18:04:43.048+0530] {dag.py:3437} INFO - Setting next_dagrun for example_weekday_branch_operator to 2023-03-06T00:00:00+00:00, run_after=2023-03-07T00:00:00+00:00
[2023-03-07T18:04:43.067+0530] {processor.py:175} INFO - Processing /home/ris/PycharmProjects/pythonProject/USA-housing/venv/lib/python3.10/site-packages/airflow/example_dags/example_branch_day_of_week_operator.py took 0.067 seconds
[2023-03-07T18:05:31.474+0530] {processor.py:153} INFO - Started process (PID=6330) to work on /home/ris/PycharmProjects/pythonProject/USA-housing/venv/lib/python3.10/site-packages/airflow/example_dags/example_branch_day_of_week_operator.py
[2023-03-07T18:05:31.475+0530] {processor.py:743} INFO - Processing file /home/ris/PycharmProjects/pythonProject/USA-housing/venv/lib/python3.10/site-packages/airflow/example_dags/example_branch_day_of_week_operator.py for tasks to queue
[2023-03-07T18:05:31.476+0530] {logging_mixin.py:137} INFO - [2023-03-07T18:05:31.476+0530] {dagbag.py:538} INFO - Filling up the DagBag from /home/ris/PycharmProjects/pythonProject/USA-housing/venv/lib/python3.10/site-packages/airflow/example_dags/example_branch_day_of_week_operator.py
[2023-03-07T18:05:31.484+0530] {processor.py:753} INFO - DAG(s) dict_keys(['example_weekday_branch_operator']) retrieved from /home/ris/PycharmProjects/pythonProject/USA-housing/venv/lib/python3.10/site-packages/airflow/example_dags/example_branch_day_of_week_operator.py
[2023-03-07T18:05:31.502+0530] {logging_mixin.py:137} INFO - [2023-03-07T18:05:31.502+0530] {dag.py:2690} INFO - Sync 1 DAGs
[2023-03-07T18:05:31.520+0530] {logging_mixin.py:137} INFO - [2023-03-07T18:05:31.520+0530] {dag.py:3437} INFO - Setting next_dagrun for example_weekday_branch_operator to 2023-03-06T00:00:00+00:00, run_after=2023-03-07T00:00:00+00:00
[2023-03-07T18:05:31.541+0530] {processor.py:175} INFO - Processing /home/ris/PycharmProjects/pythonProject/USA-housing/venv/lib/python3.10/site-packages/airflow/example_dags/example_branch_day_of_week_operator.py took 0.069 seconds
[2023-03-07T18:06:22.139+0530] {processor.py:153} INFO - Started process (PID=6384) to work on /home/ris/PycharmProjects/pythonProject/USA-housing/venv/lib/python3.10/site-packages/airflow/example_dags/example_branch_day_of_week_operator.py
[2023-03-07T18:06:22.141+0530] {processor.py:743} INFO - Processing file /home/ris/PycharmProjects/pythonProject/USA-housing/venv/lib/python3.10/site-packages/airflow/example_dags/example_branch_day_of_week_operator.py for tasks to queue
[2023-03-07T18:06:22.141+0530] {logging_mixin.py:137} INFO - [2023-03-07T18:06:22.141+0530] {dagbag.py:538} INFO - Filling up the DagBag from /home/ris/PycharmProjects/pythonProject/USA-housing/venv/lib/python3.10/site-packages/airflow/example_dags/example_branch_day_of_week_operator.py
[2023-03-07T18:06:22.149+0530] {processor.py:753} INFO - DAG(s) dict_keys(['example_weekday_branch_operator']) retrieved from /home/ris/PycharmProjects/pythonProject/USA-housing/venv/lib/python3.10/site-packages/airflow/example_dags/example_branch_day_of_week_operator.py
[2023-03-07T18:06:22.166+0530] {logging_mixin.py:137} INFO - [2023-03-07T18:06:22.166+0530] {dag.py:2690} INFO - Sync 1 DAGs
[2023-03-07T18:06:22.191+0530] {logging_mixin.py:137} INFO - [2023-03-07T18:06:22.190+0530] {dag.py:3437} INFO - Setting next_dagrun for example_weekday_branch_operator to 2023-03-06T00:00:00+00:00, run_after=2023-03-07T00:00:00+00:00
[2023-03-07T18:06:22.217+0530] {processor.py:175} INFO - Processing /home/ris/PycharmProjects/pythonProject/USA-housing/venv/lib/python3.10/site-packages/airflow/example_dags/example_branch_day_of_week_operator.py took 0.082 seconds
[2023-03-07T18:07:08.633+0530] {processor.py:153} INFO - Started process (PID=6438) to work on /home/ris/PycharmProjects/pythonProject/USA-housing/venv/lib/python3.10/site-packages/airflow/example_dags/example_branch_day_of_week_operator.py
[2023-03-07T18:07:08.634+0530] {processor.py:743} INFO - Processing file /home/ris/PycharmProjects/pythonProject/USA-housing/venv/lib/python3.10/site-packages/airflow/example_dags/example_branch_day_of_week_operator.py for tasks to queue
[2023-03-07T18:07:08.635+0530] {logging_mixin.py:137} INFO - [2023-03-07T18:07:08.635+0530] {dagbag.py:538} INFO - Filling up the DagBag from /home/ris/PycharmProjects/pythonProject/USA-housing/venv/lib/python3.10/site-packages/airflow/example_dags/example_branch_day_of_week_operator.py
[2023-03-07T18:07:08.642+0530] {processor.py:753} INFO - DAG(s) dict_keys(['example_weekday_branch_operator']) retrieved from /home/ris/PycharmProjects/pythonProject/USA-housing/venv/lib/python3.10/site-packages/airflow/example_dags/example_branch_day_of_week_operator.py
[2023-03-07T18:07:08.659+0530] {logging_mixin.py:137} INFO - [2023-03-07T18:07:08.659+0530] {dag.py:2690} INFO - Sync 1 DAGs
[2023-03-07T18:07:08.676+0530] {logging_mixin.py:137} INFO - [2023-03-07T18:07:08.676+0530] {dag.py:3437} INFO - Setting next_dagrun for example_weekday_branch_operator to 2023-03-06T00:00:00+00:00, run_after=2023-03-07T00:00:00+00:00
[2023-03-07T18:07:08.696+0530] {processor.py:175} INFO - Processing /home/ris/PycharmProjects/pythonProject/USA-housing/venv/lib/python3.10/site-packages/airflow/example_dags/example_branch_day_of_week_operator.py took 0.067 seconds
[2023-03-07T18:08:01.668+0530] {processor.py:153} INFO - Started process (PID=6494) to work on /home/ris/PycharmProjects/pythonProject/USA-housing/venv/lib/python3.10/site-packages/airflow/example_dags/example_branch_day_of_week_operator.py
[2023-03-07T18:08:01.670+0530] {processor.py:743} INFO - Processing file /home/ris/PycharmProjects/pythonProject/USA-housing/venv/lib/python3.10/site-packages/airflow/example_dags/example_branch_day_of_week_operator.py for tasks to queue
[2023-03-07T18:08:01.670+0530] {logging_mixin.py:137} INFO - [2023-03-07T18:08:01.670+0530] {dagbag.py:538} INFO - Filling up the DagBag from /home/ris/PycharmProjects/pythonProject/USA-housing/venv/lib/python3.10/site-packages/airflow/example_dags/example_branch_day_of_week_operator.py
[2023-03-07T18:08:01.677+0530] {processor.py:753} INFO - DAG(s) dict_keys(['example_weekday_branch_operator']) retrieved from /home/ris/PycharmProjects/pythonProject/USA-housing/venv/lib/python3.10/site-packages/airflow/example_dags/example_branch_day_of_week_operator.py
[2023-03-07T18:08:01.697+0530] {logging_mixin.py:137} INFO - [2023-03-07T18:08:01.697+0530] {dag.py:2690} INFO - Sync 1 DAGs
[2023-03-07T18:08:01.721+0530] {logging_mixin.py:137} INFO - [2023-03-07T18:08:01.721+0530] {dag.py:3437} INFO - Setting next_dagrun for example_weekday_branch_operator to 2023-03-06T00:00:00+00:00, run_after=2023-03-07T00:00:00+00:00
[2023-03-07T18:08:01.739+0530] {processor.py:175} INFO - Processing /home/ris/PycharmProjects/pythonProject/USA-housing/venv/lib/python3.10/site-packages/airflow/example_dags/example_branch_day_of_week_operator.py took 0.074 seconds
[2023-03-07T18:08:56.377+0530] {processor.py:153} INFO - Started process (PID=6553) to work on /home/ris/PycharmProjects/pythonProject/USA-housing/venv/lib/python3.10/site-packages/airflow/example_dags/example_branch_day_of_week_operator.py
[2023-03-07T18:08:56.378+0530] {processor.py:743} INFO - Processing file /home/ris/PycharmProjects/pythonProject/USA-housing/venv/lib/python3.10/site-packages/airflow/example_dags/example_branch_day_of_week_operator.py for tasks to queue
[2023-03-07T18:08:56.379+0530] {logging_mixin.py:137} INFO - [2023-03-07T18:08:56.379+0530] {dagbag.py:538} INFO - Filling up the DagBag from /home/ris/PycharmProjects/pythonProject/USA-housing/venv/lib/python3.10/site-packages/airflow/example_dags/example_branch_day_of_week_operator.py
[2023-03-07T18:08:56.387+0530] {processor.py:753} INFO - DAG(s) dict_keys(['example_weekday_branch_operator']) retrieved from /home/ris/PycharmProjects/pythonProject/USA-housing/venv/lib/python3.10/site-packages/airflow/example_dags/example_branch_day_of_week_operator.py
[2023-03-07T18:08:56.402+0530] {logging_mixin.py:137} INFO - [2023-03-07T18:08:56.402+0530] {dag.py:2690} INFO - Sync 1 DAGs
[2023-03-07T18:08:56.419+0530] {logging_mixin.py:137} INFO - [2023-03-07T18:08:56.419+0530] {dag.py:3437} INFO - Setting next_dagrun for example_weekday_branch_operator to 2023-03-06T00:00:00+00:00, run_after=2023-03-07T00:00:00+00:00
[2023-03-07T18:08:56.439+0530] {processor.py:175} INFO - Processing /home/ris/PycharmProjects/pythonProject/USA-housing/venv/lib/python3.10/site-packages/airflow/example_dags/example_branch_day_of_week_operator.py took 0.065 seconds
[2023-03-07T18:09:58.397+0530] {processor.py:153} INFO - Started process (PID=6886) to work on /home/ris/PycharmProjects/pythonProject/USA-housing/venv/lib/python3.10/site-packages/airflow/example_dags/example_branch_day_of_week_operator.py
[2023-03-07T18:09:58.399+0530] {processor.py:743} INFO - Processing file /home/ris/PycharmProjects/pythonProject/USA-housing/venv/lib/python3.10/site-packages/airflow/example_dags/example_branch_day_of_week_operator.py for tasks to queue
[2023-03-07T18:09:58.401+0530] {logging_mixin.py:137} INFO - [2023-03-07T18:09:58.400+0530] {dagbag.py:538} INFO - Filling up the DagBag from /home/ris/PycharmProjects/pythonProject/USA-housing/venv/lib/python3.10/site-packages/airflow/example_dags/example_branch_day_of_week_operator.py
[2023-03-07T18:09:58.422+0530] {processor.py:753} INFO - DAG(s) dict_keys(['example_weekday_branch_operator']) retrieved from /home/ris/PycharmProjects/pythonProject/USA-housing/venv/lib/python3.10/site-packages/airflow/example_dags/example_branch_day_of_week_operator.py
[2023-03-07T18:09:58.442+0530] {logging_mixin.py:137} INFO - [2023-03-07T18:09:58.442+0530] {dag.py:2690} INFO - Sync 1 DAGs
[2023-03-07T18:09:58.464+0530] {logging_mixin.py:137} INFO - [2023-03-07T18:09:58.464+0530] {dag.py:3437} INFO - Setting next_dagrun for example_weekday_branch_operator to 2023-03-06T00:00:00+00:00, run_after=2023-03-07T00:00:00+00:00
[2023-03-07T18:09:58.501+0530] {processor.py:175} INFO - Processing /home/ris/PycharmProjects/pythonProject/USA-housing/venv/lib/python3.10/site-packages/airflow/example_dags/example_branch_day_of_week_operator.py took 0.107 seconds
[2023-03-07T18:10:42.236+0530] {processor.py:153} INFO - Started process (PID=6950) to work on /home/ris/PycharmProjects/pythonProject/USA-housing/venv/lib/python3.10/site-packages/airflow/example_dags/example_branch_day_of_week_operator.py
[2023-03-07T18:10:42.238+0530] {processor.py:743} INFO - Processing file /home/ris/PycharmProjects/pythonProject/USA-housing/venv/lib/python3.10/site-packages/airflow/example_dags/example_branch_day_of_week_operator.py for tasks to queue
[2023-03-07T18:10:42.238+0530] {logging_mixin.py:137} INFO - [2023-03-07T18:10:42.238+0530] {dagbag.py:538} INFO - Filling up the DagBag from /home/ris/PycharmProjects/pythonProject/USA-housing/venv/lib/python3.10/site-packages/airflow/example_dags/example_branch_day_of_week_operator.py
[2023-03-07T18:10:42.245+0530] {processor.py:753} INFO - DAG(s) dict_keys(['example_weekday_branch_operator']) retrieved from /home/ris/PycharmProjects/pythonProject/USA-housing/venv/lib/python3.10/site-packages/airflow/example_dags/example_branch_day_of_week_operator.py
[2023-03-07T18:10:42.263+0530] {logging_mixin.py:137} INFO - [2023-03-07T18:10:42.262+0530] {dag.py:2690} INFO - Sync 1 DAGs
[2023-03-07T18:10:42.280+0530] {logging_mixin.py:137} INFO - [2023-03-07T18:10:42.279+0530] {dag.py:3437} INFO - Setting next_dagrun for example_weekday_branch_operator to 2023-03-06T00:00:00+00:00, run_after=2023-03-07T00:00:00+00:00
[2023-03-07T18:10:42.301+0530] {processor.py:175} INFO - Processing /home/ris/PycharmProjects/pythonProject/USA-housing/venv/lib/python3.10/site-packages/airflow/example_dags/example_branch_day_of_week_operator.py took 0.068 seconds
[2023-03-07T18:11:34.784+0530] {processor.py:153} INFO - Started process (PID=7007) to work on /home/ris/PycharmProjects/pythonProject/USA-housing/venv/lib/python3.10/site-packages/airflow/example_dags/example_branch_day_of_week_operator.py
[2023-03-07T18:11:34.786+0530] {processor.py:743} INFO - Processing file /home/ris/PycharmProjects/pythonProject/USA-housing/venv/lib/python3.10/site-packages/airflow/example_dags/example_branch_day_of_week_operator.py for tasks to queue
[2023-03-07T18:11:34.787+0530] {logging_mixin.py:137} INFO - [2023-03-07T18:11:34.786+0530] {dagbag.py:538} INFO - Filling up the DagBag from /home/ris/PycharmProjects/pythonProject/USA-housing/venv/lib/python3.10/site-packages/airflow/example_dags/example_branch_day_of_week_operator.py
[2023-03-07T18:11:34.797+0530] {processor.py:753} INFO - DAG(s) dict_keys(['example_weekday_branch_operator']) retrieved from /home/ris/PycharmProjects/pythonProject/USA-housing/venv/lib/python3.10/site-packages/airflow/example_dags/example_branch_day_of_week_operator.py
[2023-03-07T18:11:34.817+0530] {logging_mixin.py:137} INFO - [2023-03-07T18:11:34.816+0530] {dag.py:2690} INFO - Sync 1 DAGs
[2023-03-07T18:11:34.836+0530] {logging_mixin.py:137} INFO - [2023-03-07T18:11:34.836+0530] {dag.py:3437} INFO - Setting next_dagrun for example_weekday_branch_operator to 2023-03-06T00:00:00+00:00, run_after=2023-03-07T00:00:00+00:00
[2023-03-07T18:11:34.861+0530] {processor.py:175} INFO - Processing /home/ris/PycharmProjects/pythonProject/USA-housing/venv/lib/python3.10/site-packages/airflow/example_dags/example_branch_day_of_week_operator.py took 0.080 seconds
[2023-03-07T18:12:19.282+0530] {processor.py:153} INFO - Started process (PID=7070) to work on /home/ris/PycharmProjects/pythonProject/USA-housing/venv/lib/python3.10/site-packages/airflow/example_dags/example_branch_day_of_week_operator.py
[2023-03-07T18:12:19.284+0530] {processor.py:743} INFO - Processing file /home/ris/PycharmProjects/pythonProject/USA-housing/venv/lib/python3.10/site-packages/airflow/example_dags/example_branch_day_of_week_operator.py for tasks to queue
[2023-03-07T18:12:19.284+0530] {logging_mixin.py:137} INFO - [2023-03-07T18:12:19.284+0530] {dagbag.py:538} INFO - Filling up the DagBag from /home/ris/PycharmProjects/pythonProject/USA-housing/venv/lib/python3.10/site-packages/airflow/example_dags/example_branch_day_of_week_operator.py
[2023-03-07T18:12:19.292+0530] {processor.py:753} INFO - DAG(s) dict_keys(['example_weekday_branch_operator']) retrieved from /home/ris/PycharmProjects/pythonProject/USA-housing/venv/lib/python3.10/site-packages/airflow/example_dags/example_branch_day_of_week_operator.py
[2023-03-07T18:12:19.308+0530] {logging_mixin.py:137} INFO - [2023-03-07T18:12:19.308+0530] {dag.py:2690} INFO - Sync 1 DAGs
[2023-03-07T18:12:19.331+0530] {logging_mixin.py:137} INFO - [2023-03-07T18:12:19.331+0530] {dag.py:3437} INFO - Setting next_dagrun for example_weekday_branch_operator to 2023-03-06T00:00:00+00:00, run_after=2023-03-07T00:00:00+00:00
[2023-03-07T18:12:19.350+0530] {processor.py:175} INFO - Processing /home/ris/PycharmProjects/pythonProject/USA-housing/venv/lib/python3.10/site-packages/airflow/example_dags/example_branch_day_of_week_operator.py took 0.070 seconds
[2023-03-07T18:13:07.553+0530] {processor.py:153} INFO - Started process (PID=7132) to work on /home/ris/PycharmProjects/pythonProject/USA-housing/venv/lib/python3.10/site-packages/airflow/example_dags/example_branch_day_of_week_operator.py
[2023-03-07T18:13:07.555+0530] {processor.py:743} INFO - Processing file /home/ris/PycharmProjects/pythonProject/USA-housing/venv/lib/python3.10/site-packages/airflow/example_dags/example_branch_day_of_week_operator.py for tasks to queue
[2023-03-07T18:13:07.556+0530] {logging_mixin.py:137} INFO - [2023-03-07T18:13:07.556+0530] {dagbag.py:538} INFO - Filling up the DagBag from /home/ris/PycharmProjects/pythonProject/USA-housing/venv/lib/python3.10/site-packages/airflow/example_dags/example_branch_day_of_week_operator.py
[2023-03-07T18:13:07.563+0530] {processor.py:753} INFO - DAG(s) dict_keys(['example_weekday_branch_operator']) retrieved from /home/ris/PycharmProjects/pythonProject/USA-housing/venv/lib/python3.10/site-packages/airflow/example_dags/example_branch_day_of_week_operator.py
[2023-03-07T18:13:07.580+0530] {logging_mixin.py:137} INFO - [2023-03-07T18:13:07.580+0530] {dag.py:2690} INFO - Sync 1 DAGs
[2023-03-07T18:13:07.597+0530] {logging_mixin.py:137} INFO - [2023-03-07T18:13:07.597+0530] {dag.py:3437} INFO - Setting next_dagrun for example_weekday_branch_operator to 2023-03-06T00:00:00+00:00, run_after=2023-03-07T00:00:00+00:00
[2023-03-07T18:13:07.617+0530] {processor.py:175} INFO - Processing /home/ris/PycharmProjects/pythonProject/USA-housing/venv/lib/python3.10/site-packages/airflow/example_dags/example_branch_day_of_week_operator.py took 0.066 seconds
[2023-03-07T18:13:55.853+0530] {processor.py:153} INFO - Started process (PID=7189) to work on /home/ris/PycharmProjects/pythonProject/USA-housing/venv/lib/python3.10/site-packages/airflow/example_dags/example_branch_day_of_week_operator.py
[2023-03-07T18:13:55.855+0530] {processor.py:743} INFO - Processing file /home/ris/PycharmProjects/pythonProject/USA-housing/venv/lib/python3.10/site-packages/airflow/example_dags/example_branch_day_of_week_operator.py for tasks to queue
[2023-03-07T18:13:55.855+0530] {logging_mixin.py:137} INFO - [2023-03-07T18:13:55.855+0530] {dagbag.py:538} INFO - Filling up the DagBag from /home/ris/PycharmProjects/pythonProject/USA-housing/venv/lib/python3.10/site-packages/airflow/example_dags/example_branch_day_of_week_operator.py
[2023-03-07T18:13:55.866+0530] {processor.py:753} INFO - DAG(s) dict_keys(['example_weekday_branch_operator']) retrieved from /home/ris/PycharmProjects/pythonProject/USA-housing/venv/lib/python3.10/site-packages/airflow/example_dags/example_branch_day_of_week_operator.py
[2023-03-07T18:13:55.897+0530] {logging_mixin.py:137} INFO - [2023-03-07T18:13:55.897+0530] {dag.py:2690} INFO - Sync 1 DAGs
[2023-03-07T18:13:55.921+0530] {logging_mixin.py:137} INFO - [2023-03-07T18:13:55.921+0530] {dag.py:3437} INFO - Setting next_dagrun for example_weekday_branch_operator to 2023-03-06T00:00:00+00:00, run_after=2023-03-07T00:00:00+00:00
[2023-03-07T18:13:55.940+0530] {processor.py:175} INFO - Processing /home/ris/PycharmProjects/pythonProject/USA-housing/venv/lib/python3.10/site-packages/airflow/example_dags/example_branch_day_of_week_operator.py took 0.090 seconds
[2023-03-07T18:14:39.172+0530] {processor.py:153} INFO - Started process (PID=7249) to work on /home/ris/PycharmProjects/pythonProject/USA-housing/venv/lib/python3.10/site-packages/airflow/example_dags/example_branch_day_of_week_operator.py
[2023-03-07T18:14:39.173+0530] {processor.py:743} INFO - Processing file /home/ris/PycharmProjects/pythonProject/USA-housing/venv/lib/python3.10/site-packages/airflow/example_dags/example_branch_day_of_week_operator.py for tasks to queue
[2023-03-07T18:14:39.174+0530] {logging_mixin.py:137} INFO - [2023-03-07T18:14:39.174+0530] {dagbag.py:538} INFO - Filling up the DagBag from /home/ris/PycharmProjects/pythonProject/USA-housing/venv/lib/python3.10/site-packages/airflow/example_dags/example_branch_day_of_week_operator.py
[2023-03-07T18:14:39.184+0530] {processor.py:753} INFO - DAG(s) dict_keys(['example_weekday_branch_operator']) retrieved from /home/ris/PycharmProjects/pythonProject/USA-housing/venv/lib/python3.10/site-packages/airflow/example_dags/example_branch_day_of_week_operator.py
[2023-03-07T18:14:39.205+0530] {logging_mixin.py:137} INFO - [2023-03-07T18:14:39.204+0530] {dag.py:2690} INFO - Sync 1 DAGs
[2023-03-07T18:14:39.222+0530] {logging_mixin.py:137} INFO - [2023-03-07T18:14:39.222+0530] {dag.py:3437} INFO - Setting next_dagrun for example_weekday_branch_operator to 2023-03-06T00:00:00+00:00, run_after=2023-03-07T00:00:00+00:00
[2023-03-07T18:14:39.242+0530] {processor.py:175} INFO - Processing /home/ris/PycharmProjects/pythonProject/USA-housing/venv/lib/python3.10/site-packages/airflow/example_dags/example_branch_day_of_week_operator.py took 0.072 seconds
[2023-03-07T18:15:29.922+0530] {processor.py:153} INFO - Started process (PID=7333) to work on /home/ris/PycharmProjects/pythonProject/USA-housing/venv/lib/python3.10/site-packages/airflow/example_dags/example_branch_day_of_week_operator.py
[2023-03-07T18:15:29.924+0530] {processor.py:743} INFO - Processing file /home/ris/PycharmProjects/pythonProject/USA-housing/venv/lib/python3.10/site-packages/airflow/example_dags/example_branch_day_of_week_operator.py for tasks to queue
[2023-03-07T18:15:29.926+0530] {logging_mixin.py:137} INFO - [2023-03-07T18:15:29.926+0530] {dagbag.py:538} INFO - Filling up the DagBag from /home/ris/PycharmProjects/pythonProject/USA-housing/venv/lib/python3.10/site-packages/airflow/example_dags/example_branch_day_of_week_operator.py
[2023-03-07T18:15:29.933+0530] {processor.py:753} INFO - DAG(s) dict_keys(['example_weekday_branch_operator']) retrieved from /home/ris/PycharmProjects/pythonProject/USA-housing/venv/lib/python3.10/site-packages/airflow/example_dags/example_branch_day_of_week_operator.py
[2023-03-07T18:15:29.950+0530] {logging_mixin.py:137} INFO - [2023-03-07T18:15:29.950+0530] {dag.py:2690} INFO - Sync 1 DAGs
[2023-03-07T18:15:29.967+0530] {logging_mixin.py:137} INFO - [2023-03-07T18:15:29.967+0530] {dag.py:3437} INFO - Setting next_dagrun for example_weekday_branch_operator to 2023-03-06T00:00:00+00:00, run_after=2023-03-07T00:00:00+00:00
[2023-03-07T18:15:29.986+0530] {processor.py:175} INFO - Processing /home/ris/PycharmProjects/pythonProject/USA-housing/venv/lib/python3.10/site-packages/airflow/example_dags/example_branch_day_of_week_operator.py took 0.066 seconds
[2023-03-07T18:16:17.404+0530] {processor.py:153} INFO - Started process (PID=7385) to work on /home/ris/PycharmProjects/pythonProject/USA-housing/venv/lib/python3.10/site-packages/airflow/example_dags/example_branch_day_of_week_operator.py
[2023-03-07T18:16:17.406+0530] {processor.py:743} INFO - Processing file /home/ris/PycharmProjects/pythonProject/USA-housing/venv/lib/python3.10/site-packages/airflow/example_dags/example_branch_day_of_week_operator.py for tasks to queue
[2023-03-07T18:16:17.407+0530] {logging_mixin.py:137} INFO - [2023-03-07T18:16:17.407+0530] {dagbag.py:538} INFO - Filling up the DagBag from /home/ris/PycharmProjects/pythonProject/USA-housing/venv/lib/python3.10/site-packages/airflow/example_dags/example_branch_day_of_week_operator.py
[2023-03-07T18:16:17.417+0530] {processor.py:753} INFO - DAG(s) dict_keys(['example_weekday_branch_operator']) retrieved from /home/ris/PycharmProjects/pythonProject/USA-housing/venv/lib/python3.10/site-packages/airflow/example_dags/example_branch_day_of_week_operator.py
[2023-03-07T18:16:17.440+0530] {logging_mixin.py:137} INFO - [2023-03-07T18:16:17.440+0530] {dag.py:2690} INFO - Sync 1 DAGs
[2023-03-07T18:16:17.458+0530] {logging_mixin.py:137} INFO - [2023-03-07T18:16:17.458+0530] {dag.py:3437} INFO - Setting next_dagrun for example_weekday_branch_operator to 2023-03-06T00:00:00+00:00, run_after=2023-03-07T00:00:00+00:00
[2023-03-07T18:16:17.478+0530] {processor.py:175} INFO - Processing /home/ris/PycharmProjects/pythonProject/USA-housing/venv/lib/python3.10/site-packages/airflow/example_dags/example_branch_day_of_week_operator.py took 0.077 seconds
[2023-03-07T18:17:03.104+0530] {processor.py:153} INFO - Started process (PID=7450) to work on /home/ris/PycharmProjects/pythonProject/USA-housing/venv/lib/python3.10/site-packages/airflow/example_dags/example_branch_day_of_week_operator.py
[2023-03-07T18:17:03.106+0530] {processor.py:743} INFO - Processing file /home/ris/PycharmProjects/pythonProject/USA-housing/venv/lib/python3.10/site-packages/airflow/example_dags/example_branch_day_of_week_operator.py for tasks to queue
[2023-03-07T18:17:03.107+0530] {logging_mixin.py:137} INFO - [2023-03-07T18:17:03.107+0530] {dagbag.py:538} INFO - Filling up the DagBag from /home/ris/PycharmProjects/pythonProject/USA-housing/venv/lib/python3.10/site-packages/airflow/example_dags/example_branch_day_of_week_operator.py
[2023-03-07T18:17:03.117+0530] {processor.py:753} INFO - DAG(s) dict_keys(['example_weekday_branch_operator']) retrieved from /home/ris/PycharmProjects/pythonProject/USA-housing/venv/lib/python3.10/site-packages/airflow/example_dags/example_branch_day_of_week_operator.py
[2023-03-07T18:17:03.137+0530] {logging_mixin.py:137} INFO - [2023-03-07T18:17:03.137+0530] {dag.py:2690} INFO - Sync 1 DAGs
[2023-03-07T18:17:03.155+0530] {logging_mixin.py:137} INFO - [2023-03-07T18:17:03.154+0530] {dag.py:3437} INFO - Setting next_dagrun for example_weekday_branch_operator to 2023-03-06T00:00:00+00:00, run_after=2023-03-07T00:00:00+00:00
[2023-03-07T18:17:03.174+0530] {processor.py:175} INFO - Processing /home/ris/PycharmProjects/pythonProject/USA-housing/venv/lib/python3.10/site-packages/airflow/example_dags/example_branch_day_of_week_operator.py took 0.073 seconds
[2023-03-07T18:17:52.367+0530] {processor.py:153} INFO - Started process (PID=7510) to work on /home/ris/PycharmProjects/pythonProject/USA-housing/venv/lib/python3.10/site-packages/airflow/example_dags/example_branch_day_of_week_operator.py
[2023-03-07T18:17:52.369+0530] {processor.py:743} INFO - Processing file /home/ris/PycharmProjects/pythonProject/USA-housing/venv/lib/python3.10/site-packages/airflow/example_dags/example_branch_day_of_week_operator.py for tasks to queue
[2023-03-07T18:17:52.369+0530] {logging_mixin.py:137} INFO - [2023-03-07T18:17:52.369+0530] {dagbag.py:538} INFO - Filling up the DagBag from /home/ris/PycharmProjects/pythonProject/USA-housing/venv/lib/python3.10/site-packages/airflow/example_dags/example_branch_day_of_week_operator.py
[2023-03-07T18:17:52.378+0530] {processor.py:753} INFO - DAG(s) dict_keys(['example_weekday_branch_operator']) retrieved from /home/ris/PycharmProjects/pythonProject/USA-housing/venv/lib/python3.10/site-packages/airflow/example_dags/example_branch_day_of_week_operator.py
[2023-03-07T18:17:52.396+0530] {logging_mixin.py:137} INFO - [2023-03-07T18:17:52.396+0530] {dag.py:2690} INFO - Sync 1 DAGs
[2023-03-07T18:17:52.422+0530] {logging_mixin.py:137} INFO - [2023-03-07T18:17:52.422+0530] {dag.py:3437} INFO - Setting next_dagrun for example_weekday_branch_operator to 2023-03-06T00:00:00+00:00, run_after=2023-03-07T00:00:00+00:00
[2023-03-07T18:17:52.448+0530] {processor.py:175} INFO - Processing /home/ris/PycharmProjects/pythonProject/USA-housing/venv/lib/python3.10/site-packages/airflow/example_dags/example_branch_day_of_week_operator.py took 0.084 seconds
[2023-03-07T18:18:46.655+0530] {processor.py:153} INFO - Started process (PID=7575) to work on /home/ris/PycharmProjects/pythonProject/USA-housing/venv/lib/python3.10/site-packages/airflow/example_dags/example_branch_day_of_week_operator.py
[2023-03-07T18:18:46.658+0530] {processor.py:743} INFO - Processing file /home/ris/PycharmProjects/pythonProject/USA-housing/venv/lib/python3.10/site-packages/airflow/example_dags/example_branch_day_of_week_operator.py for tasks to queue
[2023-03-07T18:18:46.658+0530] {logging_mixin.py:137} INFO - [2023-03-07T18:18:46.658+0530] {dagbag.py:538} INFO - Filling up the DagBag from /home/ris/PycharmProjects/pythonProject/USA-housing/venv/lib/python3.10/site-packages/airflow/example_dags/example_branch_day_of_week_operator.py
[2023-03-07T18:18:46.667+0530] {processor.py:753} INFO - DAG(s) dict_keys(['example_weekday_branch_operator']) retrieved from /home/ris/PycharmProjects/pythonProject/USA-housing/venv/lib/python3.10/site-packages/airflow/example_dags/example_branch_day_of_week_operator.py
[2023-03-07T18:18:46.684+0530] {logging_mixin.py:137} INFO - [2023-03-07T18:18:46.684+0530] {dag.py:2690} INFO - Sync 1 DAGs
[2023-03-07T18:18:46.701+0530] {logging_mixin.py:137} INFO - [2023-03-07T18:18:46.701+0530] {dag.py:3437} INFO - Setting next_dagrun for example_weekday_branch_operator to 2023-03-06T00:00:00+00:00, run_after=2023-03-07T00:00:00+00:00
[2023-03-07T18:18:46.720+0530] {processor.py:175} INFO - Processing /home/ris/PycharmProjects/pythonProject/USA-housing/venv/lib/python3.10/site-packages/airflow/example_dags/example_branch_day_of_week_operator.py took 0.067 seconds
[2023-03-07T18:19:30.568+0530] {processor.py:153} INFO - Started process (PID=7632) to work on /home/ris/PycharmProjects/pythonProject/USA-housing/venv/lib/python3.10/site-packages/airflow/example_dags/example_branch_day_of_week_operator.py
[2023-03-07T18:19:30.569+0530] {processor.py:743} INFO - Processing file /home/ris/PycharmProjects/pythonProject/USA-housing/venv/lib/python3.10/site-packages/airflow/example_dags/example_branch_day_of_week_operator.py for tasks to queue
[2023-03-07T18:19:30.570+0530] {logging_mixin.py:137} INFO - [2023-03-07T18:19:30.570+0530] {dagbag.py:538} INFO - Filling up the DagBag from /home/ris/PycharmProjects/pythonProject/USA-housing/venv/lib/python3.10/site-packages/airflow/example_dags/example_branch_day_of_week_operator.py
[2023-03-07T18:19:30.578+0530] {processor.py:753} INFO - DAG(s) dict_keys(['example_weekday_branch_operator']) retrieved from /home/ris/PycharmProjects/pythonProject/USA-housing/venv/lib/python3.10/site-packages/airflow/example_dags/example_branch_day_of_week_operator.py
[2023-03-07T18:19:30.596+0530] {logging_mixin.py:137} INFO - [2023-03-07T18:19:30.595+0530] {dag.py:2690} INFO - Sync 1 DAGs
[2023-03-07T18:19:30.614+0530] {logging_mixin.py:137} INFO - [2023-03-07T18:19:30.613+0530] {dag.py:3437} INFO - Setting next_dagrun for example_weekday_branch_operator to 2023-03-06T00:00:00+00:00, run_after=2023-03-07T00:00:00+00:00
[2023-03-07T18:19:30.645+0530] {processor.py:175} INFO - Processing /home/ris/PycharmProjects/pythonProject/USA-housing/venv/lib/python3.10/site-packages/airflow/example_dags/example_branch_day_of_week_operator.py took 0.080 seconds
[2023-03-07T18:20:27.599+0530] {processor.py:153} INFO - Started process (PID=7936) to work on /home/ris/PycharmProjects/pythonProject/USA-housing/venv/lib/python3.10/site-packages/airflow/example_dags/example_branch_day_of_week_operator.py
[2023-03-07T18:20:27.601+0530] {processor.py:743} INFO - Processing file /home/ris/PycharmProjects/pythonProject/USA-housing/venv/lib/python3.10/site-packages/airflow/example_dags/example_branch_day_of_week_operator.py for tasks to queue
[2023-03-07T18:20:27.602+0530] {logging_mixin.py:137} INFO - [2023-03-07T18:20:27.602+0530] {dagbag.py:538} INFO - Filling up the DagBag from /home/ris/PycharmProjects/pythonProject/USA-housing/venv/lib/python3.10/site-packages/airflow/example_dags/example_branch_day_of_week_operator.py
[2023-03-07T18:20:27.620+0530] {processor.py:753} INFO - DAG(s) dict_keys(['example_weekday_branch_operator']) retrieved from /home/ris/PycharmProjects/pythonProject/USA-housing/venv/lib/python3.10/site-packages/airflow/example_dags/example_branch_day_of_week_operator.py
[2023-03-07T18:20:27.648+0530] {logging_mixin.py:137} INFO - [2023-03-07T18:20:27.648+0530] {dag.py:2690} INFO - Sync 1 DAGs
[2023-03-07T18:20:27.665+0530] {logging_mixin.py:137} INFO - [2023-03-07T18:20:27.665+0530] {dag.py:3437} INFO - Setting next_dagrun for example_weekday_branch_operator to 2023-03-06T00:00:00+00:00, run_after=2023-03-07T00:00:00+00:00
[2023-03-07T18:20:27.689+0530] {processor.py:175} INFO - Processing /home/ris/PycharmProjects/pythonProject/USA-housing/venv/lib/python3.10/site-packages/airflow/example_dags/example_branch_day_of_week_operator.py took 0.095 seconds
[2023-03-07T18:21:21.384+0530] {processor.py:153} INFO - Started process (PID=8000) to work on /home/ris/PycharmProjects/pythonProject/USA-housing/venv/lib/python3.10/site-packages/airflow/example_dags/example_branch_day_of_week_operator.py
[2023-03-07T18:21:21.386+0530] {processor.py:743} INFO - Processing file /home/ris/PycharmProjects/pythonProject/USA-housing/venv/lib/python3.10/site-packages/airflow/example_dags/example_branch_day_of_week_operator.py for tasks to queue
[2023-03-07T18:21:21.387+0530] {logging_mixin.py:137} INFO - [2023-03-07T18:21:21.387+0530] {dagbag.py:538} INFO - Filling up the DagBag from /home/ris/PycharmProjects/pythonProject/USA-housing/venv/lib/python3.10/site-packages/airflow/example_dags/example_branch_day_of_week_operator.py
[2023-03-07T18:21:21.394+0530] {processor.py:753} INFO - DAG(s) dict_keys(['example_weekday_branch_operator']) retrieved from /home/ris/PycharmProjects/pythonProject/USA-housing/venv/lib/python3.10/site-packages/airflow/example_dags/example_branch_day_of_week_operator.py
[2023-03-07T18:21:21.412+0530] {logging_mixin.py:137} INFO - [2023-03-07T18:21:21.411+0530] {dag.py:2690} INFO - Sync 1 DAGs
[2023-03-07T18:21:21.429+0530] {logging_mixin.py:137} INFO - [2023-03-07T18:21:21.429+0530] {dag.py:3437} INFO - Setting next_dagrun for example_weekday_branch_operator to 2023-03-06T00:00:00+00:00, run_after=2023-03-07T00:00:00+00:00
[2023-03-07T18:21:21.449+0530] {processor.py:175} INFO - Processing /home/ris/PycharmProjects/pythonProject/USA-housing/venv/lib/python3.10/site-packages/airflow/example_dags/example_branch_day_of_week_operator.py took 0.067 seconds
[2023-03-07T18:22:13.401+0530] {processor.py:153} INFO - Started process (PID=8061) to work on /home/ris/PycharmProjects/pythonProject/USA-housing/venv/lib/python3.10/site-packages/airflow/example_dags/example_branch_day_of_week_operator.py
[2023-03-07T18:22:13.402+0530] {processor.py:743} INFO - Processing file /home/ris/PycharmProjects/pythonProject/USA-housing/venv/lib/python3.10/site-packages/airflow/example_dags/example_branch_day_of_week_operator.py for tasks to queue
[2023-03-07T18:22:13.403+0530] {logging_mixin.py:137} INFO - [2023-03-07T18:22:13.403+0530] {dagbag.py:538} INFO - Filling up the DagBag from /home/ris/PycharmProjects/pythonProject/USA-housing/venv/lib/python3.10/site-packages/airflow/example_dags/example_branch_day_of_week_operator.py
[2023-03-07T18:22:13.411+0530] {processor.py:753} INFO - DAG(s) dict_keys(['example_weekday_branch_operator']) retrieved from /home/ris/PycharmProjects/pythonProject/USA-housing/venv/lib/python3.10/site-packages/airflow/example_dags/example_branch_day_of_week_operator.py
[2023-03-07T18:22:13.429+0530] {logging_mixin.py:137} INFO - [2023-03-07T18:22:13.429+0530] {dag.py:2690} INFO - Sync 1 DAGs
[2023-03-07T18:22:13.453+0530] {logging_mixin.py:137} INFO - [2023-03-07T18:22:13.452+0530] {dag.py:3437} INFO - Setting next_dagrun for example_weekday_branch_operator to 2023-03-06T00:00:00+00:00, run_after=2023-03-07T00:00:00+00:00
[2023-03-07T18:22:13.471+0530] {processor.py:175} INFO - Processing /home/ris/PycharmProjects/pythonProject/USA-housing/venv/lib/python3.10/site-packages/airflow/example_dags/example_branch_day_of_week_operator.py took 0.073 seconds
[2023-03-07T18:22:59.157+0530] {processor.py:153} INFO - Started process (PID=8114) to work on /home/ris/PycharmProjects/pythonProject/USA-housing/venv/lib/python3.10/site-packages/airflow/example_dags/example_branch_day_of_week_operator.py
[2023-03-07T18:22:59.158+0530] {processor.py:743} INFO - Processing file /home/ris/PycharmProjects/pythonProject/USA-housing/venv/lib/python3.10/site-packages/airflow/example_dags/example_branch_day_of_week_operator.py for tasks to queue
[2023-03-07T18:22:59.159+0530] {logging_mixin.py:137} INFO - [2023-03-07T18:22:59.158+0530] {dagbag.py:538} INFO - Filling up the DagBag from /home/ris/PycharmProjects/pythonProject/USA-housing/venv/lib/python3.10/site-packages/airflow/example_dags/example_branch_day_of_week_operator.py
[2023-03-07T18:22:59.166+0530] {processor.py:753} INFO - DAG(s) dict_keys(['example_weekday_branch_operator']) retrieved from /home/ris/PycharmProjects/pythonProject/USA-housing/venv/lib/python3.10/site-packages/airflow/example_dags/example_branch_day_of_week_operator.py
[2023-03-07T18:22:59.190+0530] {logging_mixin.py:137} INFO - [2023-03-07T18:22:59.189+0530] {dag.py:2690} INFO - Sync 1 DAGs
[2023-03-07T18:22:59.208+0530] {logging_mixin.py:137} INFO - [2023-03-07T18:22:59.208+0530] {dag.py:3437} INFO - Setting next_dagrun for example_weekday_branch_operator to 2023-03-06T00:00:00+00:00, run_after=2023-03-07T00:00:00+00:00
[2023-03-07T18:22:59.228+0530] {processor.py:175} INFO - Processing /home/ris/PycharmProjects/pythonProject/USA-housing/venv/lib/python3.10/site-packages/airflow/example_dags/example_branch_day_of_week_operator.py took 0.074 seconds
[2023-03-07T18:23:56.413+0530] {processor.py:153} INFO - Started process (PID=8344) to work on /home/ris/PycharmProjects/pythonProject/USA-housing/venv/lib/python3.10/site-packages/airflow/example_dags/example_branch_day_of_week_operator.py
[2023-03-07T18:23:56.413+0530] {processor.py:743} INFO - Processing file /home/ris/PycharmProjects/pythonProject/USA-housing/venv/lib/python3.10/site-packages/airflow/example_dags/example_branch_day_of_week_operator.py for tasks to queue
[2023-03-07T18:23:56.414+0530] {logging_mixin.py:137} INFO - [2023-03-07T18:23:56.414+0530] {dagbag.py:538} INFO - Filling up the DagBag from /home/ris/PycharmProjects/pythonProject/USA-housing/venv/lib/python3.10/site-packages/airflow/example_dags/example_branch_day_of_week_operator.py
[2023-03-07T18:23:56.423+0530] {processor.py:753} INFO - DAG(s) dict_keys(['example_weekday_branch_operator']) retrieved from /home/ris/PycharmProjects/pythonProject/USA-housing/venv/lib/python3.10/site-packages/airflow/example_dags/example_branch_day_of_week_operator.py
[2023-03-07T18:23:56.445+0530] {logging_mixin.py:137} INFO - [2023-03-07T18:23:56.444+0530] {dag.py:2690} INFO - Sync 1 DAGs
[2023-03-07T18:23:56.464+0530] {logging_mixin.py:137} INFO - [2023-03-07T18:23:56.464+0530] {dag.py:3437} INFO - Setting next_dagrun for example_weekday_branch_operator to 2023-03-06T00:00:00+00:00, run_after=2023-03-07T00:00:00+00:00
[2023-03-07T18:23:56.487+0530] {processor.py:175} INFO - Processing /home/ris/PycharmProjects/pythonProject/USA-housing/venv/lib/python3.10/site-packages/airflow/example_dags/example_branch_day_of_week_operator.py took 0.078 seconds
[2023-03-07T18:24:42.249+0530] {processor.py:153} INFO - Started process (PID=8396) to work on /home/ris/PycharmProjects/pythonProject/USA-housing/venv/lib/python3.10/site-packages/airflow/example_dags/example_branch_day_of_week_operator.py
[2023-03-07T18:24:42.252+0530] {processor.py:743} INFO - Processing file /home/ris/PycharmProjects/pythonProject/USA-housing/venv/lib/python3.10/site-packages/airflow/example_dags/example_branch_day_of_week_operator.py for tasks to queue
[2023-03-07T18:24:42.252+0530] {logging_mixin.py:137} INFO - [2023-03-07T18:24:42.252+0530] {dagbag.py:538} INFO - Filling up the DagBag from /home/ris/PycharmProjects/pythonProject/USA-housing/venv/lib/python3.10/site-packages/airflow/example_dags/example_branch_day_of_week_operator.py
[2023-03-07T18:24:42.261+0530] {processor.py:753} INFO - DAG(s) dict_keys(['example_weekday_branch_operator']) retrieved from /home/ris/PycharmProjects/pythonProject/USA-housing/venv/lib/python3.10/site-packages/airflow/example_dags/example_branch_day_of_week_operator.py
[2023-03-07T18:24:42.281+0530] {logging_mixin.py:137} INFO - [2023-03-07T18:24:42.281+0530] {dag.py:2690} INFO - Sync 1 DAGs
[2023-03-07T18:24:42.301+0530] {logging_mixin.py:137} INFO - [2023-03-07T18:24:42.301+0530] {dag.py:3437} INFO - Setting next_dagrun for example_weekday_branch_operator to 2023-03-06T00:00:00+00:00, run_after=2023-03-07T00:00:00+00:00
[2023-03-07T18:24:42.324+0530] {processor.py:175} INFO - Processing /home/ris/PycharmProjects/pythonProject/USA-housing/venv/lib/python3.10/site-packages/airflow/example_dags/example_branch_day_of_week_operator.py took 0.079 seconds
[2023-03-07T18:25:27.608+0530] {processor.py:153} INFO - Started process (PID=8477) to work on /home/ris/PycharmProjects/pythonProject/USA-housing/venv/lib/python3.10/site-packages/airflow/example_dags/example_branch_day_of_week_operator.py
[2023-03-07T18:25:27.611+0530] {processor.py:743} INFO - Processing file /home/ris/PycharmProjects/pythonProject/USA-housing/venv/lib/python3.10/site-packages/airflow/example_dags/example_branch_day_of_week_operator.py for tasks to queue
[2023-03-07T18:25:27.612+0530] {logging_mixin.py:137} INFO - [2023-03-07T18:25:27.612+0530] {dagbag.py:538} INFO - Filling up the DagBag from /home/ris/PycharmProjects/pythonProject/USA-housing/venv/lib/python3.10/site-packages/airflow/example_dags/example_branch_day_of_week_operator.py
[2023-03-07T18:25:27.630+0530] {processor.py:753} INFO - DAG(s) dict_keys(['example_weekday_branch_operator']) retrieved from /home/ris/PycharmProjects/pythonProject/USA-housing/venv/lib/python3.10/site-packages/airflow/example_dags/example_branch_day_of_week_operator.py
[2023-03-07T18:25:27.655+0530] {logging_mixin.py:137} INFO - [2023-03-07T18:25:27.654+0530] {dag.py:2690} INFO - Sync 1 DAGs
[2023-03-07T18:25:27.676+0530] {logging_mixin.py:137} INFO - [2023-03-07T18:25:27.676+0530] {dag.py:3437} INFO - Setting next_dagrun for example_weekday_branch_operator to 2023-03-06T00:00:00+00:00, run_after=2023-03-07T00:00:00+00:00
[2023-03-07T18:25:27.706+0530] {processor.py:175} INFO - Processing /home/ris/PycharmProjects/pythonProject/USA-housing/venv/lib/python3.10/site-packages/airflow/example_dags/example_branch_day_of_week_operator.py took 0.102 seconds
[2023-03-07T18:26:13.563+0530] {processor.py:153} INFO - Started process (PID=8535) to work on /home/ris/PycharmProjects/pythonProject/USA-housing/venv/lib/python3.10/site-packages/airflow/example_dags/example_branch_day_of_week_operator.py
[2023-03-07T18:26:13.564+0530] {processor.py:743} INFO - Processing file /home/ris/PycharmProjects/pythonProject/USA-housing/venv/lib/python3.10/site-packages/airflow/example_dags/example_branch_day_of_week_operator.py for tasks to queue
[2023-03-07T18:26:13.565+0530] {logging_mixin.py:137} INFO - [2023-03-07T18:26:13.565+0530] {dagbag.py:538} INFO - Filling up the DagBag from /home/ris/PycharmProjects/pythonProject/USA-housing/venv/lib/python3.10/site-packages/airflow/example_dags/example_branch_day_of_week_operator.py
[2023-03-07T18:26:13.576+0530] {processor.py:753} INFO - DAG(s) dict_keys(['example_weekday_branch_operator']) retrieved from /home/ris/PycharmProjects/pythonProject/USA-housing/venv/lib/python3.10/site-packages/airflow/example_dags/example_branch_day_of_week_operator.py
[2023-03-07T18:26:13.597+0530] {logging_mixin.py:137} INFO - [2023-03-07T18:26:13.597+0530] {dag.py:2690} INFO - Sync 1 DAGs
[2023-03-07T18:26:13.638+0530] {logging_mixin.py:137} INFO - [2023-03-07T18:26:13.638+0530] {dag.py:3437} INFO - Setting next_dagrun for example_weekday_branch_operator to 2023-03-06T00:00:00+00:00, run_after=2023-03-07T00:00:00+00:00
[2023-03-07T18:26:13.667+0530] {processor.py:175} INFO - Processing /home/ris/PycharmProjects/pythonProject/USA-housing/venv/lib/python3.10/site-packages/airflow/example_dags/example_branch_day_of_week_operator.py took 0.107 seconds
[2023-03-07T18:27:10.085+0530] {processor.py:153} INFO - Started process (PID=8672) to work on /home/ris/PycharmProjects/pythonProject/USA-housing/venv/lib/python3.10/site-packages/airflow/example_dags/example_branch_day_of_week_operator.py
[2023-03-07T18:27:10.087+0530] {processor.py:743} INFO - Processing file /home/ris/PycharmProjects/pythonProject/USA-housing/venv/lib/python3.10/site-packages/airflow/example_dags/example_branch_day_of_week_operator.py for tasks to queue
[2023-03-07T18:27:10.088+0530] {logging_mixin.py:137} INFO - [2023-03-07T18:27:10.088+0530] {dagbag.py:538} INFO - Filling up the DagBag from /home/ris/PycharmProjects/pythonProject/USA-housing/venv/lib/python3.10/site-packages/airflow/example_dags/example_branch_day_of_week_operator.py
[2023-03-07T18:27:10.099+0530] {processor.py:753} INFO - DAG(s) dict_keys(['example_weekday_branch_operator']) retrieved from /home/ris/PycharmProjects/pythonProject/USA-housing/venv/lib/python3.10/site-packages/airflow/example_dags/example_branch_day_of_week_operator.py
[2023-03-07T18:27:10.119+0530] {logging_mixin.py:137} INFO - [2023-03-07T18:27:10.119+0530] {dag.py:2690} INFO - Sync 1 DAGs
[2023-03-07T18:27:10.142+0530] {logging_mixin.py:137} INFO - [2023-03-07T18:27:10.142+0530] {dag.py:3437} INFO - Setting next_dagrun for example_weekday_branch_operator to 2023-03-06T00:00:00+00:00, run_after=2023-03-07T00:00:00+00:00
[2023-03-07T18:27:10.167+0530] {processor.py:175} INFO - Processing /home/ris/PycharmProjects/pythonProject/USA-housing/venv/lib/python3.10/site-packages/airflow/example_dags/example_branch_day_of_week_operator.py took 0.085 seconds
[2023-03-07T18:28:07.157+0530] {processor.py:153} INFO - Started process (PID=8736) to work on /home/ris/PycharmProjects/pythonProject/USA-housing/venv/lib/python3.10/site-packages/airflow/example_dags/example_branch_day_of_week_operator.py
[2023-03-07T18:28:07.159+0530] {processor.py:743} INFO - Processing file /home/ris/PycharmProjects/pythonProject/USA-housing/venv/lib/python3.10/site-packages/airflow/example_dags/example_branch_day_of_week_operator.py for tasks to queue
[2023-03-07T18:28:07.160+0530] {logging_mixin.py:137} INFO - [2023-03-07T18:28:07.160+0530] {dagbag.py:538} INFO - Filling up the DagBag from /home/ris/PycharmProjects/pythonProject/USA-housing/venv/lib/python3.10/site-packages/airflow/example_dags/example_branch_day_of_week_operator.py
[2023-03-07T18:28:07.170+0530] {processor.py:753} INFO - DAG(s) dict_keys(['example_weekday_branch_operator']) retrieved from /home/ris/PycharmProjects/pythonProject/USA-housing/venv/lib/python3.10/site-packages/airflow/example_dags/example_branch_day_of_week_operator.py
[2023-03-07T18:28:07.190+0530] {logging_mixin.py:137} INFO - [2023-03-07T18:28:07.190+0530] {dag.py:2690} INFO - Sync 1 DAGs
[2023-03-07T18:28:07.215+0530] {logging_mixin.py:137} INFO - [2023-03-07T18:28:07.215+0530] {dag.py:3437} INFO - Setting next_dagrun for example_weekday_branch_operator to 2023-03-06T00:00:00+00:00, run_after=2023-03-07T00:00:00+00:00
[2023-03-07T18:28:07.238+0530] {processor.py:175} INFO - Processing /home/ris/PycharmProjects/pythonProject/USA-housing/venv/lib/python3.10/site-packages/airflow/example_dags/example_branch_day_of_week_operator.py took 0.084 seconds
[2023-03-07T18:28:52.022+0530] {processor.py:153} INFO - Started process (PID=8801) to work on /home/ris/PycharmProjects/pythonProject/USA-housing/venv/lib/python3.10/site-packages/airflow/example_dags/example_branch_day_of_week_operator.py
[2023-03-07T18:28:52.024+0530] {processor.py:743} INFO - Processing file /home/ris/PycharmProjects/pythonProject/USA-housing/venv/lib/python3.10/site-packages/airflow/example_dags/example_branch_day_of_week_operator.py for tasks to queue
[2023-03-07T18:28:52.025+0530] {logging_mixin.py:137} INFO - [2023-03-07T18:28:52.025+0530] {dagbag.py:538} INFO - Filling up the DagBag from /home/ris/PycharmProjects/pythonProject/USA-housing/venv/lib/python3.10/site-packages/airflow/example_dags/example_branch_day_of_week_operator.py
[2023-03-07T18:28:52.031+0530] {processor.py:753} INFO - DAG(s) dict_keys(['example_weekday_branch_operator']) retrieved from /home/ris/PycharmProjects/pythonProject/USA-housing/venv/lib/python3.10/site-packages/airflow/example_dags/example_branch_day_of_week_operator.py
[2023-03-07T18:28:52.047+0530] {logging_mixin.py:137} INFO - [2023-03-07T18:28:52.047+0530] {dag.py:2690} INFO - Sync 1 DAGs
[2023-03-07T18:28:52.065+0530] {logging_mixin.py:137} INFO - [2023-03-07T18:28:52.065+0530] {dag.py:3437} INFO - Setting next_dagrun for example_weekday_branch_operator to 2023-03-06T00:00:00+00:00, run_after=2023-03-07T00:00:00+00:00
[2023-03-07T18:28:52.085+0530] {processor.py:175} INFO - Processing /home/ris/PycharmProjects/pythonProject/USA-housing/venv/lib/python3.10/site-packages/airflow/example_dags/example_branch_day_of_week_operator.py took 0.066 seconds
[2023-03-07T18:29:39.188+0530] {processor.py:153} INFO - Started process (PID=8857) to work on /home/ris/PycharmProjects/pythonProject/USA-housing/venv/lib/python3.10/site-packages/airflow/example_dags/example_branch_day_of_week_operator.py
[2023-03-07T18:29:39.190+0530] {processor.py:743} INFO - Processing file /home/ris/PycharmProjects/pythonProject/USA-housing/venv/lib/python3.10/site-packages/airflow/example_dags/example_branch_day_of_week_operator.py for tasks to queue
[2023-03-07T18:29:39.190+0530] {logging_mixin.py:137} INFO - [2023-03-07T18:29:39.190+0530] {dagbag.py:538} INFO - Filling up the DagBag from /home/ris/PycharmProjects/pythonProject/USA-housing/venv/lib/python3.10/site-packages/airflow/example_dags/example_branch_day_of_week_operator.py
[2023-03-07T18:29:39.197+0530] {processor.py:753} INFO - DAG(s) dict_keys(['example_weekday_branch_operator']) retrieved from /home/ris/PycharmProjects/pythonProject/USA-housing/venv/lib/python3.10/site-packages/airflow/example_dags/example_branch_day_of_week_operator.py
[2023-03-07T18:29:39.214+0530] {logging_mixin.py:137} INFO - [2023-03-07T18:29:39.213+0530] {dag.py:2690} INFO - Sync 1 DAGs
[2023-03-07T18:29:39.236+0530] {logging_mixin.py:137} INFO - [2023-03-07T18:29:39.235+0530] {dag.py:3437} INFO - Setting next_dagrun for example_weekday_branch_operator to 2023-03-06T00:00:00+00:00, run_after=2023-03-07T00:00:00+00:00
[2023-03-07T18:29:39.263+0530] {processor.py:175} INFO - Processing /home/ris/PycharmProjects/pythonProject/USA-housing/venv/lib/python3.10/site-packages/airflow/example_dags/example_branch_day_of_week_operator.py took 0.078 seconds
[2023-03-07T18:30:28.186+0530] {processor.py:153} INFO - Started process (PID=8920) to work on /home/ris/PycharmProjects/pythonProject/USA-housing/venv/lib/python3.10/site-packages/airflow/example_dags/example_branch_day_of_week_operator.py
[2023-03-07T18:30:28.188+0530] {processor.py:743} INFO - Processing file /home/ris/PycharmProjects/pythonProject/USA-housing/venv/lib/python3.10/site-packages/airflow/example_dags/example_branch_day_of_week_operator.py for tasks to queue
[2023-03-07T18:30:28.189+0530] {logging_mixin.py:137} INFO - [2023-03-07T18:30:28.189+0530] {dagbag.py:538} INFO - Filling up the DagBag from /home/ris/PycharmProjects/pythonProject/USA-housing/venv/lib/python3.10/site-packages/airflow/example_dags/example_branch_day_of_week_operator.py
[2023-03-07T18:30:28.196+0530] {processor.py:753} INFO - DAG(s) dict_keys(['example_weekday_branch_operator']) retrieved from /home/ris/PycharmProjects/pythonProject/USA-housing/venv/lib/python3.10/site-packages/airflow/example_dags/example_branch_day_of_week_operator.py
[2023-03-07T18:30:28.212+0530] {logging_mixin.py:137} INFO - [2023-03-07T18:30:28.212+0530] {dag.py:2690} INFO - Sync 1 DAGs
[2023-03-07T18:30:28.231+0530] {logging_mixin.py:137} INFO - [2023-03-07T18:30:28.231+0530] {dag.py:3437} INFO - Setting next_dagrun for example_weekday_branch_operator to 2023-03-06T00:00:00+00:00, run_after=2023-03-07T00:00:00+00:00
[2023-03-07T18:30:28.253+0530] {processor.py:175} INFO - Processing /home/ris/PycharmProjects/pythonProject/USA-housing/venv/lib/python3.10/site-packages/airflow/example_dags/example_branch_day_of_week_operator.py took 0.069 seconds
[2023-03-07T18:31:20.932+0530] {processor.py:153} INFO - Started process (PID=9013) to work on /home/ris/PycharmProjects/pythonProject/USA-housing/venv/lib/python3.10/site-packages/airflow/example_dags/example_branch_day_of_week_operator.py
[2023-03-07T18:31:20.934+0530] {processor.py:743} INFO - Processing file /home/ris/PycharmProjects/pythonProject/USA-housing/venv/lib/python3.10/site-packages/airflow/example_dags/example_branch_day_of_week_operator.py for tasks to queue
[2023-03-07T18:31:20.934+0530] {logging_mixin.py:137} INFO - [2023-03-07T18:31:20.934+0530] {dagbag.py:538} INFO - Filling up the DagBag from /home/ris/PycharmProjects/pythonProject/USA-housing/venv/lib/python3.10/site-packages/airflow/example_dags/example_branch_day_of_week_operator.py
[2023-03-07T18:31:20.942+0530] {processor.py:753} INFO - DAG(s) dict_keys(['example_weekday_branch_operator']) retrieved from /home/ris/PycharmProjects/pythonProject/USA-housing/venv/lib/python3.10/site-packages/airflow/example_dags/example_branch_day_of_week_operator.py
[2023-03-07T18:31:20.959+0530] {logging_mixin.py:137} INFO - [2023-03-07T18:31:20.959+0530] {dag.py:2690} INFO - Sync 1 DAGs
[2023-03-07T18:31:20.977+0530] {logging_mixin.py:137} INFO - [2023-03-07T18:31:20.977+0530] {dag.py:3437} INFO - Setting next_dagrun for example_weekday_branch_operator to 2023-03-06T00:00:00+00:00, run_after=2023-03-07T00:00:00+00:00
[2023-03-07T18:31:20.996+0530] {processor.py:175} INFO - Processing /home/ris/PycharmProjects/pythonProject/USA-housing/venv/lib/python3.10/site-packages/airflow/example_dags/example_branch_day_of_week_operator.py took 0.067 seconds
[2023-03-07T18:32:11.409+0530] {processor.py:153} INFO - Started process (PID=9101) to work on /home/ris/PycharmProjects/pythonProject/USA-housing/venv/lib/python3.10/site-packages/airflow/example_dags/example_branch_day_of_week_operator.py
[2023-03-07T18:32:11.411+0530] {processor.py:743} INFO - Processing file /home/ris/PycharmProjects/pythonProject/USA-housing/venv/lib/python3.10/site-packages/airflow/example_dags/example_branch_day_of_week_operator.py for tasks to queue
[2023-03-07T18:32:11.411+0530] {logging_mixin.py:137} INFO - [2023-03-07T18:32:11.411+0530] {dagbag.py:538} INFO - Filling up the DagBag from /home/ris/PycharmProjects/pythonProject/USA-housing/venv/lib/python3.10/site-packages/airflow/example_dags/example_branch_day_of_week_operator.py
[2023-03-07T18:32:11.420+0530] {processor.py:753} INFO - DAG(s) dict_keys(['example_weekday_branch_operator']) retrieved from /home/ris/PycharmProjects/pythonProject/USA-housing/venv/lib/python3.10/site-packages/airflow/example_dags/example_branch_day_of_week_operator.py
[2023-03-07T18:32:11.439+0530] {logging_mixin.py:137} INFO - [2023-03-07T18:32:11.439+0530] {dag.py:2690} INFO - Sync 1 DAGs
[2023-03-07T18:32:11.457+0530] {logging_mixin.py:137} INFO - [2023-03-07T18:32:11.456+0530] {dag.py:3437} INFO - Setting next_dagrun for example_weekday_branch_operator to 2023-03-06T00:00:00+00:00, run_after=2023-03-07T00:00:00+00:00
[2023-03-07T18:32:11.478+0530] {processor.py:175} INFO - Processing /home/ris/PycharmProjects/pythonProject/USA-housing/venv/lib/python3.10/site-packages/airflow/example_dags/example_branch_day_of_week_operator.py took 0.071 seconds
[2023-03-07T18:32:57.795+0530] {processor.py:153} INFO - Started process (PID=9155) to work on /home/ris/PycharmProjects/pythonProject/USA-housing/venv/lib/python3.10/site-packages/airflow/example_dags/example_branch_day_of_week_operator.py
[2023-03-07T18:32:57.796+0530] {processor.py:743} INFO - Processing file /home/ris/PycharmProjects/pythonProject/USA-housing/venv/lib/python3.10/site-packages/airflow/example_dags/example_branch_day_of_week_operator.py for tasks to queue
[2023-03-07T18:32:57.797+0530] {logging_mixin.py:137} INFO - [2023-03-07T18:32:57.797+0530] {dagbag.py:538} INFO - Filling up the DagBag from /home/ris/PycharmProjects/pythonProject/USA-housing/venv/lib/python3.10/site-packages/airflow/example_dags/example_branch_day_of_week_operator.py
[2023-03-07T18:32:57.805+0530] {processor.py:753} INFO - DAG(s) dict_keys(['example_weekday_branch_operator']) retrieved from /home/ris/PycharmProjects/pythonProject/USA-housing/venv/lib/python3.10/site-packages/airflow/example_dags/example_branch_day_of_week_operator.py
[2023-03-07T18:32:57.823+0530] {logging_mixin.py:137} INFO - [2023-03-07T18:32:57.822+0530] {dag.py:2690} INFO - Sync 1 DAGs
[2023-03-07T18:32:57.840+0530] {logging_mixin.py:137} INFO - [2023-03-07T18:32:57.840+0530] {dag.py:3437} INFO - Setting next_dagrun for example_weekday_branch_operator to 2023-03-06T00:00:00+00:00, run_after=2023-03-07T00:00:00+00:00
[2023-03-07T18:32:57.865+0530] {processor.py:175} INFO - Processing /home/ris/PycharmProjects/pythonProject/USA-housing/venv/lib/python3.10/site-packages/airflow/example_dags/example_branch_day_of_week_operator.py took 0.074 seconds
[2023-03-07T18:33:49.098+0530] {processor.py:153} INFO - Started process (PID=9210) to work on /home/ris/PycharmProjects/pythonProject/USA-housing/venv/lib/python3.10/site-packages/airflow/example_dags/example_branch_day_of_week_operator.py
[2023-03-07T18:33:49.100+0530] {processor.py:743} INFO - Processing file /home/ris/PycharmProjects/pythonProject/USA-housing/venv/lib/python3.10/site-packages/airflow/example_dags/example_branch_day_of_week_operator.py for tasks to queue
[2023-03-07T18:33:49.101+0530] {logging_mixin.py:137} INFO - [2023-03-07T18:33:49.101+0530] {dagbag.py:538} INFO - Filling up the DagBag from /home/ris/PycharmProjects/pythonProject/USA-housing/venv/lib/python3.10/site-packages/airflow/example_dags/example_branch_day_of_week_operator.py
[2023-03-07T18:33:49.109+0530] {processor.py:753} INFO - DAG(s) dict_keys(['example_weekday_branch_operator']) retrieved from /home/ris/PycharmProjects/pythonProject/USA-housing/venv/lib/python3.10/site-packages/airflow/example_dags/example_branch_day_of_week_operator.py
[2023-03-07T18:33:49.126+0530] {logging_mixin.py:137} INFO - [2023-03-07T18:33:49.126+0530] {dag.py:2690} INFO - Sync 1 DAGs
[2023-03-07T18:33:49.144+0530] {logging_mixin.py:137} INFO - [2023-03-07T18:33:49.144+0530] {dag.py:3437} INFO - Setting next_dagrun for example_weekday_branch_operator to 2023-03-06T00:00:00+00:00, run_after=2023-03-07T00:00:00+00:00
[2023-03-07T18:33:49.164+0530] {processor.py:175} INFO - Processing /home/ris/PycharmProjects/pythonProject/USA-housing/venv/lib/python3.10/site-packages/airflow/example_dags/example_branch_day_of_week_operator.py took 0.069 seconds
[2023-03-07T18:34:32.969+0530] {processor.py:153} INFO - Started process (PID=9262) to work on /home/ris/PycharmProjects/pythonProject/USA-housing/venv/lib/python3.10/site-packages/airflow/example_dags/example_branch_day_of_week_operator.py
[2023-03-07T18:34:32.971+0530] {processor.py:743} INFO - Processing file /home/ris/PycharmProjects/pythonProject/USA-housing/venv/lib/python3.10/site-packages/airflow/example_dags/example_branch_day_of_week_operator.py for tasks to queue
[2023-03-07T18:34:32.971+0530] {logging_mixin.py:137} INFO - [2023-03-07T18:34:32.971+0530] {dagbag.py:538} INFO - Filling up the DagBag from /home/ris/PycharmProjects/pythonProject/USA-housing/venv/lib/python3.10/site-packages/airflow/example_dags/example_branch_day_of_week_operator.py
[2023-03-07T18:34:32.980+0530] {processor.py:753} INFO - DAG(s) dict_keys(['example_weekday_branch_operator']) retrieved from /home/ris/PycharmProjects/pythonProject/USA-housing/venv/lib/python3.10/site-packages/airflow/example_dags/example_branch_day_of_week_operator.py
[2023-03-07T18:34:32.996+0530] {logging_mixin.py:137} INFO - [2023-03-07T18:34:32.996+0530] {dag.py:2690} INFO - Sync 1 DAGs
[2023-03-07T18:34:33.013+0530] {logging_mixin.py:137} INFO - [2023-03-07T18:34:33.012+0530] {dag.py:3437} INFO - Setting next_dagrun for example_weekday_branch_operator to 2023-03-06T00:00:00+00:00, run_after=2023-03-07T00:00:00+00:00
[2023-03-07T18:34:33.034+0530] {processor.py:175} INFO - Processing /home/ris/PycharmProjects/pythonProject/USA-housing/venv/lib/python3.10/site-packages/airflow/example_dags/example_branch_day_of_week_operator.py took 0.069 seconds
[2023-03-07T18:35:20.308+0530] {processor.py:153} INFO - Started process (PID=9336) to work on /home/ris/PycharmProjects/pythonProject/USA-housing/venv/lib/python3.10/site-packages/airflow/example_dags/example_branch_day_of_week_operator.py
[2023-03-07T18:35:20.310+0530] {processor.py:743} INFO - Processing file /home/ris/PycharmProjects/pythonProject/USA-housing/venv/lib/python3.10/site-packages/airflow/example_dags/example_branch_day_of_week_operator.py for tasks to queue
[2023-03-07T18:35:20.312+0530] {logging_mixin.py:137} INFO - [2023-03-07T18:35:20.311+0530] {dagbag.py:538} INFO - Filling up the DagBag from /home/ris/PycharmProjects/pythonProject/USA-housing/venv/lib/python3.10/site-packages/airflow/example_dags/example_branch_day_of_week_operator.py
[2023-03-07T18:35:20.319+0530] {processor.py:753} INFO - DAG(s) dict_keys(['example_weekday_branch_operator']) retrieved from /home/ris/PycharmProjects/pythonProject/USA-housing/venv/lib/python3.10/site-packages/airflow/example_dags/example_branch_day_of_week_operator.py
[2023-03-07T18:35:20.335+0530] {logging_mixin.py:137} INFO - [2023-03-07T18:35:20.335+0530] {dag.py:2690} INFO - Sync 1 DAGs
[2023-03-07T18:35:20.353+0530] {logging_mixin.py:137} INFO - [2023-03-07T18:35:20.353+0530] {dag.py:3437} INFO - Setting next_dagrun for example_weekday_branch_operator to 2023-03-06T00:00:00+00:00, run_after=2023-03-07T00:00:00+00:00
[2023-03-07T18:35:20.372+0530] {processor.py:175} INFO - Processing /home/ris/PycharmProjects/pythonProject/USA-housing/venv/lib/python3.10/site-packages/airflow/example_dags/example_branch_day_of_week_operator.py took 0.069 seconds
[2023-03-07T18:36:11.547+0530] {processor.py:153} INFO - Started process (PID=9393) to work on /home/ris/PycharmProjects/pythonProject/USA-housing/venv/lib/python3.10/site-packages/airflow/example_dags/example_branch_day_of_week_operator.py
[2023-03-07T18:36:11.549+0530] {processor.py:743} INFO - Processing file /home/ris/PycharmProjects/pythonProject/USA-housing/venv/lib/python3.10/site-packages/airflow/example_dags/example_branch_day_of_week_operator.py for tasks to queue
[2023-03-07T18:36:11.550+0530] {logging_mixin.py:137} INFO - [2023-03-07T18:36:11.550+0530] {dagbag.py:538} INFO - Filling up the DagBag from /home/ris/PycharmProjects/pythonProject/USA-housing/venv/lib/python3.10/site-packages/airflow/example_dags/example_branch_day_of_week_operator.py
[2023-03-07T18:36:11.557+0530] {processor.py:753} INFO - DAG(s) dict_keys(['example_weekday_branch_operator']) retrieved from /home/ris/PycharmProjects/pythonProject/USA-housing/venv/lib/python3.10/site-packages/airflow/example_dags/example_branch_day_of_week_operator.py
[2023-03-07T18:36:11.574+0530] {logging_mixin.py:137} INFO - [2023-03-07T18:36:11.574+0530] {dag.py:2690} INFO - Sync 1 DAGs
[2023-03-07T18:36:11.591+0530] {logging_mixin.py:137} INFO - [2023-03-07T18:36:11.591+0530] {dag.py:3437} INFO - Setting next_dagrun for example_weekday_branch_operator to 2023-03-06T00:00:00+00:00, run_after=2023-03-07T00:00:00+00:00
[2023-03-07T18:36:11.609+0530] {processor.py:175} INFO - Processing /home/ris/PycharmProjects/pythonProject/USA-housing/venv/lib/python3.10/site-packages/airflow/example_dags/example_branch_day_of_week_operator.py took 0.065 seconds
[2023-03-07T18:37:01.235+0530] {processor.py:153} INFO - Started process (PID=9459) to work on /home/ris/PycharmProjects/pythonProject/USA-housing/venv/lib/python3.10/site-packages/airflow/example_dags/example_branch_day_of_week_operator.py
[2023-03-07T18:37:01.236+0530] {processor.py:743} INFO - Processing file /home/ris/PycharmProjects/pythonProject/USA-housing/venv/lib/python3.10/site-packages/airflow/example_dags/example_branch_day_of_week_operator.py for tasks to queue
[2023-03-07T18:37:01.236+0530] {logging_mixin.py:137} INFO - [2023-03-07T18:37:01.236+0530] {dagbag.py:538} INFO - Filling up the DagBag from /home/ris/PycharmProjects/pythonProject/USA-housing/venv/lib/python3.10/site-packages/airflow/example_dags/example_branch_day_of_week_operator.py
[2023-03-07T18:37:01.248+0530] {processor.py:753} INFO - DAG(s) dict_keys(['example_weekday_branch_operator']) retrieved from /home/ris/PycharmProjects/pythonProject/USA-housing/venv/lib/python3.10/site-packages/airflow/example_dags/example_branch_day_of_week_operator.py
[2023-03-07T18:37:01.272+0530] {logging_mixin.py:137} INFO - [2023-03-07T18:37:01.272+0530] {dag.py:2690} INFO - Sync 1 DAGs
[2023-03-07T18:37:01.300+0530] {logging_mixin.py:137} INFO - [2023-03-07T18:37:01.300+0530] {dag.py:3437} INFO - Setting next_dagrun for example_weekday_branch_operator to 2023-03-06T00:00:00+00:00, run_after=2023-03-07T00:00:00+00:00
[2023-03-07T18:37:01.330+0530] {processor.py:175} INFO - Processing /home/ris/PycharmProjects/pythonProject/USA-housing/venv/lib/python3.10/site-packages/airflow/example_dags/example_branch_day_of_week_operator.py took 0.100 seconds
[2023-03-07T18:37:52.949+0530] {processor.py:153} INFO - Started process (PID=9547) to work on /home/ris/PycharmProjects/pythonProject/USA-housing/venv/lib/python3.10/site-packages/airflow/example_dags/example_branch_day_of_week_operator.py
[2023-03-07T18:37:52.951+0530] {processor.py:743} INFO - Processing file /home/ris/PycharmProjects/pythonProject/USA-housing/venv/lib/python3.10/site-packages/airflow/example_dags/example_branch_day_of_week_operator.py for tasks to queue
[2023-03-07T18:37:52.951+0530] {logging_mixin.py:137} INFO - [2023-03-07T18:37:52.951+0530] {dagbag.py:538} INFO - Filling up the DagBag from /home/ris/PycharmProjects/pythonProject/USA-housing/venv/lib/python3.10/site-packages/airflow/example_dags/example_branch_day_of_week_operator.py
[2023-03-07T18:37:52.959+0530] {processor.py:753} INFO - DAG(s) dict_keys(['example_weekday_branch_operator']) retrieved from /home/ris/PycharmProjects/pythonProject/USA-housing/venv/lib/python3.10/site-packages/airflow/example_dags/example_branch_day_of_week_operator.py
[2023-03-07T18:37:52.975+0530] {logging_mixin.py:137} INFO - [2023-03-07T18:37:52.975+0530] {dag.py:2690} INFO - Sync 1 DAGs
[2023-03-07T18:37:52.992+0530] {logging_mixin.py:137} INFO - [2023-03-07T18:37:52.992+0530] {dag.py:3437} INFO - Setting next_dagrun for example_weekday_branch_operator to 2023-03-06T00:00:00+00:00, run_after=2023-03-07T00:00:00+00:00
[2023-03-07T18:37:53.010+0530] {processor.py:175} INFO - Processing /home/ris/PycharmProjects/pythonProject/USA-housing/venv/lib/python3.10/site-packages/airflow/example_dags/example_branch_day_of_week_operator.py took 0.064 seconds
[2023-03-07T18:38:43.756+0530] {processor.py:153} INFO - Started process (PID=9630) to work on /home/ris/PycharmProjects/pythonProject/USA-housing/venv/lib/python3.10/site-packages/airflow/example_dags/example_branch_day_of_week_operator.py
[2023-03-07T18:38:43.759+0530] {processor.py:743} INFO - Processing file /home/ris/PycharmProjects/pythonProject/USA-housing/venv/lib/python3.10/site-packages/airflow/example_dags/example_branch_day_of_week_operator.py for tasks to queue
[2023-03-07T18:38:43.760+0530] {logging_mixin.py:137} INFO - [2023-03-07T18:38:43.759+0530] {dagbag.py:538} INFO - Filling up the DagBag from /home/ris/PycharmProjects/pythonProject/USA-housing/venv/lib/python3.10/site-packages/airflow/example_dags/example_branch_day_of_week_operator.py
[2023-03-07T18:38:43.774+0530] {processor.py:753} INFO - DAG(s) dict_keys(['example_weekday_branch_operator']) retrieved from /home/ris/PycharmProjects/pythonProject/USA-housing/venv/lib/python3.10/site-packages/airflow/example_dags/example_branch_day_of_week_operator.py
[2023-03-07T18:38:43.802+0530] {logging_mixin.py:137} INFO - [2023-03-07T18:38:43.802+0530] {dag.py:2690} INFO - Sync 1 DAGs
[2023-03-07T18:38:43.817+0530] {logging_mixin.py:137} INFO - [2023-03-07T18:38:43.817+0530] {dag.py:3437} INFO - Setting next_dagrun for example_weekday_branch_operator to 2023-03-06T00:00:00+00:00, run_after=2023-03-07T00:00:00+00:00
[2023-03-07T18:38:43.834+0530] {processor.py:175} INFO - Processing /home/ris/PycharmProjects/pythonProject/USA-housing/venv/lib/python3.10/site-packages/airflow/example_dags/example_branch_day_of_week_operator.py took 0.082 seconds
[2023-03-07T18:39:38.566+0530] {processor.py:153} INFO - Started process (PID=9693) to work on /home/ris/PycharmProjects/pythonProject/USA-housing/venv/lib/python3.10/site-packages/airflow/example_dags/example_branch_day_of_week_operator.py
[2023-03-07T18:39:38.568+0530] {processor.py:743} INFO - Processing file /home/ris/PycharmProjects/pythonProject/USA-housing/venv/lib/python3.10/site-packages/airflow/example_dags/example_branch_day_of_week_operator.py for tasks to queue
[2023-03-07T18:39:38.569+0530] {logging_mixin.py:137} INFO - [2023-03-07T18:39:38.569+0530] {dagbag.py:538} INFO - Filling up the DagBag from /home/ris/PycharmProjects/pythonProject/USA-housing/venv/lib/python3.10/site-packages/airflow/example_dags/example_branch_day_of_week_operator.py
[2023-03-07T18:39:38.584+0530] {processor.py:753} INFO - DAG(s) dict_keys(['example_weekday_branch_operator']) retrieved from /home/ris/PycharmProjects/pythonProject/USA-housing/venv/lib/python3.10/site-packages/airflow/example_dags/example_branch_day_of_week_operator.py
[2023-03-07T18:39:38.611+0530] {logging_mixin.py:137} INFO - [2023-03-07T18:39:38.611+0530] {dag.py:2690} INFO - Sync 1 DAGs
[2023-03-07T18:39:38.626+0530] {logging_mixin.py:137} INFO - [2023-03-07T18:39:38.626+0530] {dag.py:3437} INFO - Setting next_dagrun for example_weekday_branch_operator to 2023-03-06T00:00:00+00:00, run_after=2023-03-07T00:00:00+00:00
[2023-03-07T18:39:38.645+0530] {processor.py:175} INFO - Processing /home/ris/PycharmProjects/pythonProject/USA-housing/venv/lib/python3.10/site-packages/airflow/example_dags/example_branch_day_of_week_operator.py took 0.083 seconds
[2023-03-07T18:40:22.080+0530] {processor.py:153} INFO - Started process (PID=9739) to work on /home/ris/PycharmProjects/pythonProject/USA-housing/venv/lib/python3.10/site-packages/airflow/example_dags/example_branch_day_of_week_operator.py
[2023-03-07T18:40:22.082+0530] {processor.py:743} INFO - Processing file /home/ris/PycharmProjects/pythonProject/USA-housing/venv/lib/python3.10/site-packages/airflow/example_dags/example_branch_day_of_week_operator.py for tasks to queue
[2023-03-07T18:40:22.083+0530] {logging_mixin.py:137} INFO - [2023-03-07T18:40:22.083+0530] {dagbag.py:538} INFO - Filling up the DagBag from /home/ris/PycharmProjects/pythonProject/USA-housing/venv/lib/python3.10/site-packages/airflow/example_dags/example_branch_day_of_week_operator.py
[2023-03-07T18:40:22.098+0530] {processor.py:753} INFO - DAG(s) dict_keys(['example_weekday_branch_operator']) retrieved from /home/ris/PycharmProjects/pythonProject/USA-housing/venv/lib/python3.10/site-packages/airflow/example_dags/example_branch_day_of_week_operator.py
[2023-03-07T18:40:22.127+0530] {logging_mixin.py:137} INFO - [2023-03-07T18:40:22.126+0530] {dag.py:2690} INFO - Sync 1 DAGs
[2023-03-07T18:40:22.141+0530] {logging_mixin.py:137} INFO - [2023-03-07T18:40:22.141+0530] {dag.py:3437} INFO - Setting next_dagrun for example_weekday_branch_operator to 2023-03-06T00:00:00+00:00, run_after=2023-03-07T00:00:00+00:00
[2023-03-07T18:40:22.158+0530] {processor.py:175} INFO - Processing /home/ris/PycharmProjects/pythonProject/USA-housing/venv/lib/python3.10/site-packages/airflow/example_dags/example_branch_day_of_week_operator.py took 0.082 seconds
