[2023-03-07T16:11:03.533+0530] {processor.py:153} INFO - Started process (PID=14990) to work on /home/ris/PycharmProjects/pythonProject/USA-housing/venv/lib/python3.10/site-packages/airflow/example_dags/example_dynamic_task_mapping.py
[2023-03-07T16:11:03.535+0530] {processor.py:743} INFO - Processing file /home/ris/PycharmProjects/pythonProject/USA-housing/venv/lib/python3.10/site-packages/airflow/example_dags/example_dynamic_task_mapping.py for tasks to queue
[2023-03-07T16:11:03.537+0530] {logging_mixin.py:137} INFO - [2023-03-07T16:11:03.536+0530] {dagbag.py:538} INFO - Filling up the DagBag from /home/ris/PycharmProjects/pythonProject/USA-housing/venv/lib/python3.10/site-packages/airflow/example_dags/example_dynamic_task_mapping.py
[2023-03-07T16:11:03.597+0530] {processor.py:753} INFO - DAG(s) dict_keys(['example_dynamic_task_mapping']) retrieved from /home/ris/PycharmProjects/pythonProject/USA-housing/venv/lib/python3.10/site-packages/airflow/example_dags/example_dynamic_task_mapping.py
[2023-03-07T16:11:03.644+0530] {logging_mixin.py:137} INFO - [2023-03-07T16:11:03.643+0530] {dag.py:2690} INFO - Sync 1 DAGs
[2023-03-07T16:11:03.705+0530] {logging_mixin.py:137} INFO - [2023-03-07T16:11:03.704+0530] {dag.py:3437} INFO - Setting next_dagrun for example_dynamic_task_mapping to 2022-03-04T00:00:00+00:00, run_after=2022-03-05T00:00:00+00:00
[2023-03-07T16:11:03.768+0530] {processor.py:175} INFO - Processing /home/ris/PycharmProjects/pythonProject/USA-housing/venv/lib/python3.10/site-packages/airflow/example_dags/example_dynamic_task_mapping.py took 0.240 seconds
[2023-03-07T17:38:15.168+0530] {processor.py:153} INFO - Started process (PID=5725) to work on /home/ris/PycharmProjects/pythonProject/USA-housing/venv/lib/python3.10/site-packages/airflow/example_dags/example_dynamic_task_mapping.py
[2023-03-07T17:38:15.169+0530] {processor.py:743} INFO - Processing file /home/ris/PycharmProjects/pythonProject/USA-housing/venv/lib/python3.10/site-packages/airflow/example_dags/example_dynamic_task_mapping.py for tasks to queue
[2023-03-07T17:38:15.170+0530] {logging_mixin.py:137} INFO - [2023-03-07T17:38:15.170+0530] {dagbag.py:538} INFO - Filling up the DagBag from /home/ris/PycharmProjects/pythonProject/USA-housing/venv/lib/python3.10/site-packages/airflow/example_dags/example_dynamic_task_mapping.py
[2023-03-07T17:38:15.193+0530] {processor.py:753} INFO - DAG(s) dict_keys(['example_dynamic_task_mapping']) retrieved from /home/ris/PycharmProjects/pythonProject/USA-housing/venv/lib/python3.10/site-packages/airflow/example_dags/example_dynamic_task_mapping.py
[2023-03-07T17:38:15.209+0530] {logging_mixin.py:137} INFO - [2023-03-07T17:38:15.209+0530] {dag.py:2690} INFO - Sync 1 DAGs
[2023-03-07T17:38:15.226+0530] {logging_mixin.py:137} INFO - [2023-03-07T17:38:15.225+0530] {dag.py:3437} INFO - Setting next_dagrun for example_dynamic_task_mapping to 2022-03-04T00:00:00+00:00, run_after=2022-03-05T00:00:00+00:00
[2023-03-07T17:38:15.242+0530] {processor.py:175} INFO - Processing /home/ris/PycharmProjects/pythonProject/USA-housing/venv/lib/python3.10/site-packages/airflow/example_dags/example_dynamic_task_mapping.py took 0.077 seconds
[2023-03-07T17:39:06.562+0530] {processor.py:153} INFO - Started process (PID=5782) to work on /home/ris/PycharmProjects/pythonProject/USA-housing/venv/lib/python3.10/site-packages/airflow/example_dags/example_dynamic_task_mapping.py
[2023-03-07T17:39:06.564+0530] {processor.py:743} INFO - Processing file /home/ris/PycharmProjects/pythonProject/USA-housing/venv/lib/python3.10/site-packages/airflow/example_dags/example_dynamic_task_mapping.py for tasks to queue
[2023-03-07T17:39:06.565+0530] {logging_mixin.py:137} INFO - [2023-03-07T17:39:06.565+0530] {dagbag.py:538} INFO - Filling up the DagBag from /home/ris/PycharmProjects/pythonProject/USA-housing/venv/lib/python3.10/site-packages/airflow/example_dags/example_dynamic_task_mapping.py
[2023-03-07T17:39:06.608+0530] {processor.py:753} INFO - DAG(s) dict_keys(['example_dynamic_task_mapping']) retrieved from /home/ris/PycharmProjects/pythonProject/USA-housing/venv/lib/python3.10/site-packages/airflow/example_dags/example_dynamic_task_mapping.py
[2023-03-07T17:39:06.628+0530] {logging_mixin.py:137} INFO - [2023-03-07T17:39:06.628+0530] {dag.py:2690} INFO - Sync 1 DAGs
[2023-03-07T17:39:06.647+0530] {logging_mixin.py:137} INFO - [2023-03-07T17:39:06.647+0530] {dag.py:3437} INFO - Setting next_dagrun for example_dynamic_task_mapping to 2022-03-04T00:00:00+00:00, run_after=2022-03-05T00:00:00+00:00
[2023-03-07T17:39:06.679+0530] {processor.py:175} INFO - Processing /home/ris/PycharmProjects/pythonProject/USA-housing/venv/lib/python3.10/site-packages/airflow/example_dags/example_dynamic_task_mapping.py took 0.121 seconds
[2023-03-07T17:59:43.205+0530] {processor.py:153} INFO - Started process (PID=5943) to work on /home/ris/PycharmProjects/pythonProject/USA-housing/venv/lib/python3.10/site-packages/airflow/example_dags/example_dynamic_task_mapping.py
[2023-03-07T17:59:43.208+0530] {processor.py:743} INFO - Processing file /home/ris/PycharmProjects/pythonProject/USA-housing/venv/lib/python3.10/site-packages/airflow/example_dags/example_dynamic_task_mapping.py for tasks to queue
[2023-03-07T17:59:43.209+0530] {logging_mixin.py:137} INFO - [2023-03-07T17:59:43.208+0530] {dagbag.py:538} INFO - Filling up the DagBag from /home/ris/PycharmProjects/pythonProject/USA-housing/venv/lib/python3.10/site-packages/airflow/example_dags/example_dynamic_task_mapping.py
[2023-03-07T17:59:43.225+0530] {processor.py:753} INFO - DAG(s) dict_keys(['example_dynamic_task_mapping']) retrieved from /home/ris/PycharmProjects/pythonProject/USA-housing/venv/lib/python3.10/site-packages/airflow/example_dags/example_dynamic_task_mapping.py
[2023-03-07T17:59:43.241+0530] {logging_mixin.py:137} INFO - [2023-03-07T17:59:43.241+0530] {dag.py:2690} INFO - Sync 1 DAGs
[2023-03-07T17:59:43.257+0530] {logging_mixin.py:137} INFO - [2023-03-07T17:59:43.257+0530] {dag.py:3437} INFO - Setting next_dagrun for example_dynamic_task_mapping to 2022-03-04T00:00:00+00:00, run_after=2022-03-05T00:00:00+00:00
[2023-03-07T17:59:43.276+0530] {processor.py:175} INFO - Processing /home/ris/PycharmProjects/pythonProject/USA-housing/venv/lib/python3.10/site-packages/airflow/example_dags/example_dynamic_task_mapping.py took 0.077 seconds
[2023-03-07T18:00:27.697+0530] {processor.py:153} INFO - Started process (PID=5988) to work on /home/ris/PycharmProjects/pythonProject/USA-housing/venv/lib/python3.10/site-packages/airflow/example_dags/example_dynamic_task_mapping.py
[2023-03-07T18:00:27.699+0530] {processor.py:743} INFO - Processing file /home/ris/PycharmProjects/pythonProject/USA-housing/venv/lib/python3.10/site-packages/airflow/example_dags/example_dynamic_task_mapping.py for tasks to queue
[2023-03-07T18:00:27.700+0530] {logging_mixin.py:137} INFO - [2023-03-07T18:00:27.700+0530] {dagbag.py:538} INFO - Filling up the DagBag from /home/ris/PycharmProjects/pythonProject/USA-housing/venv/lib/python3.10/site-packages/airflow/example_dags/example_dynamic_task_mapping.py
[2023-03-07T18:00:27.720+0530] {processor.py:753} INFO - DAG(s) dict_keys(['example_dynamic_task_mapping']) retrieved from /home/ris/PycharmProjects/pythonProject/USA-housing/venv/lib/python3.10/site-packages/airflow/example_dags/example_dynamic_task_mapping.py
[2023-03-07T18:00:27.737+0530] {logging_mixin.py:137} INFO - [2023-03-07T18:00:27.737+0530] {dag.py:2690} INFO - Sync 1 DAGs
[2023-03-07T18:00:27.753+0530] {logging_mixin.py:137} INFO - [2023-03-07T18:00:27.753+0530] {dag.py:3437} INFO - Setting next_dagrun for example_dynamic_task_mapping to 2022-03-04T00:00:00+00:00, run_after=2022-03-05T00:00:00+00:00
[2023-03-07T18:00:27.772+0530] {processor.py:175} INFO - Processing /home/ris/PycharmProjects/pythonProject/USA-housing/venv/lib/python3.10/site-packages/airflow/example_dags/example_dynamic_task_mapping.py took 0.079 seconds
[2023-03-07T18:01:09.011+0530] {processor.py:153} INFO - Started process (PID=6035) to work on /home/ris/PycharmProjects/pythonProject/USA-housing/venv/lib/python3.10/site-packages/airflow/example_dags/example_dynamic_task_mapping.py
[2023-03-07T18:01:09.013+0530] {processor.py:743} INFO - Processing file /home/ris/PycharmProjects/pythonProject/USA-housing/venv/lib/python3.10/site-packages/airflow/example_dags/example_dynamic_task_mapping.py for tasks to queue
[2023-03-07T18:01:09.013+0530] {logging_mixin.py:137} INFO - [2023-03-07T18:01:09.013+0530] {dagbag.py:538} INFO - Filling up the DagBag from /home/ris/PycharmProjects/pythonProject/USA-housing/venv/lib/python3.10/site-packages/airflow/example_dags/example_dynamic_task_mapping.py
[2023-03-07T18:01:09.028+0530] {processor.py:753} INFO - DAG(s) dict_keys(['example_dynamic_task_mapping']) retrieved from /home/ris/PycharmProjects/pythonProject/USA-housing/venv/lib/python3.10/site-packages/airflow/example_dags/example_dynamic_task_mapping.py
[2023-03-07T18:01:09.046+0530] {logging_mixin.py:137} INFO - [2023-03-07T18:01:09.046+0530] {dag.py:2690} INFO - Sync 1 DAGs
[2023-03-07T18:01:09.073+0530] {logging_mixin.py:137} INFO - [2023-03-07T18:01:09.072+0530] {dag.py:3437} INFO - Setting next_dagrun for example_dynamic_task_mapping to 2022-03-04T00:00:00+00:00, run_after=2022-03-05T00:00:00+00:00
[2023-03-07T18:01:09.094+0530] {processor.py:175} INFO - Processing /home/ris/PycharmProjects/pythonProject/USA-housing/venv/lib/python3.10/site-packages/airflow/example_dags/example_dynamic_task_mapping.py took 0.086 seconds
[2023-03-07T18:02:00.374+0530] {processor.py:153} INFO - Started process (PID=6089) to work on /home/ris/PycharmProjects/pythonProject/USA-housing/venv/lib/python3.10/site-packages/airflow/example_dags/example_dynamic_task_mapping.py
[2023-03-07T18:02:00.376+0530] {processor.py:743} INFO - Processing file /home/ris/PycharmProjects/pythonProject/USA-housing/venv/lib/python3.10/site-packages/airflow/example_dags/example_dynamic_task_mapping.py for tasks to queue
[2023-03-07T18:02:00.377+0530] {logging_mixin.py:137} INFO - [2023-03-07T18:02:00.376+0530] {dagbag.py:538} INFO - Filling up the DagBag from /home/ris/PycharmProjects/pythonProject/USA-housing/venv/lib/python3.10/site-packages/airflow/example_dags/example_dynamic_task_mapping.py
[2023-03-07T18:02:00.392+0530] {processor.py:753} INFO - DAG(s) dict_keys(['example_dynamic_task_mapping']) retrieved from /home/ris/PycharmProjects/pythonProject/USA-housing/venv/lib/python3.10/site-packages/airflow/example_dags/example_dynamic_task_mapping.py
[2023-03-07T18:02:00.409+0530] {logging_mixin.py:137} INFO - [2023-03-07T18:02:00.408+0530] {dag.py:2690} INFO - Sync 1 DAGs
[2023-03-07T18:02:00.424+0530] {logging_mixin.py:137} INFO - [2023-03-07T18:02:00.424+0530] {dag.py:3437} INFO - Setting next_dagrun for example_dynamic_task_mapping to 2022-03-04T00:00:00+00:00, run_after=2022-03-05T00:00:00+00:00
[2023-03-07T18:02:00.443+0530] {processor.py:175} INFO - Processing /home/ris/PycharmProjects/pythonProject/USA-housing/venv/lib/python3.10/site-packages/airflow/example_dags/example_dynamic_task_mapping.py took 0.073 seconds
[2023-03-07T18:02:42.040+0530] {processor.py:153} INFO - Started process (PID=6136) to work on /home/ris/PycharmProjects/pythonProject/USA-housing/venv/lib/python3.10/site-packages/airflow/example_dags/example_dynamic_task_mapping.py
[2023-03-07T18:02:42.041+0530] {processor.py:743} INFO - Processing file /home/ris/PycharmProjects/pythonProject/USA-housing/venv/lib/python3.10/site-packages/airflow/example_dags/example_dynamic_task_mapping.py for tasks to queue
[2023-03-07T18:02:42.041+0530] {logging_mixin.py:137} INFO - [2023-03-07T18:02:42.041+0530] {dagbag.py:538} INFO - Filling up the DagBag from /home/ris/PycharmProjects/pythonProject/USA-housing/venv/lib/python3.10/site-packages/airflow/example_dags/example_dynamic_task_mapping.py
[2023-03-07T18:02:42.061+0530] {processor.py:753} INFO - DAG(s) dict_keys(['example_dynamic_task_mapping']) retrieved from /home/ris/PycharmProjects/pythonProject/USA-housing/venv/lib/python3.10/site-packages/airflow/example_dags/example_dynamic_task_mapping.py
[2023-03-07T18:02:42.078+0530] {logging_mixin.py:137} INFO - [2023-03-07T18:02:42.078+0530] {dag.py:2690} INFO - Sync 1 DAGs
[2023-03-07T18:02:42.104+0530] {logging_mixin.py:137} INFO - [2023-03-07T18:02:42.104+0530] {dag.py:3437} INFO - Setting next_dagrun for example_dynamic_task_mapping to 2022-03-04T00:00:00+00:00, run_after=2022-03-05T00:00:00+00:00
[2023-03-07T18:02:42.125+0530] {processor.py:175} INFO - Processing /home/ris/PycharmProjects/pythonProject/USA-housing/venv/lib/python3.10/site-packages/airflow/example_dags/example_dynamic_task_mapping.py took 0.087 seconds
[2023-03-07T18:03:31.571+0530] {processor.py:153} INFO - Started process (PID=6192) to work on /home/ris/PycharmProjects/pythonProject/USA-housing/venv/lib/python3.10/site-packages/airflow/example_dags/example_dynamic_task_mapping.py
[2023-03-07T18:03:31.573+0530] {processor.py:743} INFO - Processing file /home/ris/PycharmProjects/pythonProject/USA-housing/venv/lib/python3.10/site-packages/airflow/example_dags/example_dynamic_task_mapping.py for tasks to queue
[2023-03-07T18:03:31.573+0530] {logging_mixin.py:137} INFO - [2023-03-07T18:03:31.573+0530] {dagbag.py:538} INFO - Filling up the DagBag from /home/ris/PycharmProjects/pythonProject/USA-housing/venv/lib/python3.10/site-packages/airflow/example_dags/example_dynamic_task_mapping.py
[2023-03-07T18:03:31.589+0530] {processor.py:753} INFO - DAG(s) dict_keys(['example_dynamic_task_mapping']) retrieved from /home/ris/PycharmProjects/pythonProject/USA-housing/venv/lib/python3.10/site-packages/airflow/example_dags/example_dynamic_task_mapping.py
[2023-03-07T18:03:31.604+0530] {logging_mixin.py:137} INFO - [2023-03-07T18:03:31.604+0530] {dag.py:2690} INFO - Sync 1 DAGs
[2023-03-07T18:03:31.624+0530] {logging_mixin.py:137} INFO - [2023-03-07T18:03:31.623+0530] {dag.py:3437} INFO - Setting next_dagrun for example_dynamic_task_mapping to 2022-03-04T00:00:00+00:00, run_after=2022-03-05T00:00:00+00:00
[2023-03-07T18:03:31.642+0530] {processor.py:175} INFO - Processing /home/ris/PycharmProjects/pythonProject/USA-housing/venv/lib/python3.10/site-packages/airflow/example_dags/example_dynamic_task_mapping.py took 0.074 seconds
[2023-03-07T18:04:19.304+0530] {processor.py:153} INFO - Started process (PID=6249) to work on /home/ris/PycharmProjects/pythonProject/USA-housing/venv/lib/python3.10/site-packages/airflow/example_dags/example_dynamic_task_mapping.py
[2023-03-07T18:04:19.305+0530] {processor.py:743} INFO - Processing file /home/ris/PycharmProjects/pythonProject/USA-housing/venv/lib/python3.10/site-packages/airflow/example_dags/example_dynamic_task_mapping.py for tasks to queue
[2023-03-07T18:04:19.306+0530] {logging_mixin.py:137} INFO - [2023-03-07T18:04:19.306+0530] {dagbag.py:538} INFO - Filling up the DagBag from /home/ris/PycharmProjects/pythonProject/USA-housing/venv/lib/python3.10/site-packages/airflow/example_dags/example_dynamic_task_mapping.py
[2023-03-07T18:04:19.321+0530] {processor.py:753} INFO - DAG(s) dict_keys(['example_dynamic_task_mapping']) retrieved from /home/ris/PycharmProjects/pythonProject/USA-housing/venv/lib/python3.10/site-packages/airflow/example_dags/example_dynamic_task_mapping.py
[2023-03-07T18:04:19.338+0530] {logging_mixin.py:137} INFO - [2023-03-07T18:04:19.337+0530] {dag.py:2690} INFO - Sync 1 DAGs
[2023-03-07T18:04:19.359+0530] {logging_mixin.py:137} INFO - [2023-03-07T18:04:19.359+0530] {dag.py:3437} INFO - Setting next_dagrun for example_dynamic_task_mapping to 2022-03-04T00:00:00+00:00, run_after=2022-03-05T00:00:00+00:00
[2023-03-07T18:04:19.382+0530] {processor.py:175} INFO - Processing /home/ris/PycharmProjects/pythonProject/USA-housing/venv/lib/python3.10/site-packages/airflow/example_dags/example_dynamic_task_mapping.py took 0.082 seconds
[2023-03-07T18:05:06.388+0530] {processor.py:153} INFO - Started process (PID=6303) to work on /home/ris/PycharmProjects/pythonProject/USA-housing/venv/lib/python3.10/site-packages/airflow/example_dags/example_dynamic_task_mapping.py
[2023-03-07T18:05:06.391+0530] {processor.py:743} INFO - Processing file /home/ris/PycharmProjects/pythonProject/USA-housing/venv/lib/python3.10/site-packages/airflow/example_dags/example_dynamic_task_mapping.py for tasks to queue
[2023-03-07T18:05:06.394+0530] {logging_mixin.py:137} INFO - [2023-03-07T18:05:06.394+0530] {dagbag.py:538} INFO - Filling up the DagBag from /home/ris/PycharmProjects/pythonProject/USA-housing/venv/lib/python3.10/site-packages/airflow/example_dags/example_dynamic_task_mapping.py
[2023-03-07T18:05:06.410+0530] {processor.py:753} INFO - DAG(s) dict_keys(['example_dynamic_task_mapping']) retrieved from /home/ris/PycharmProjects/pythonProject/USA-housing/venv/lib/python3.10/site-packages/airflow/example_dags/example_dynamic_task_mapping.py
[2023-03-07T18:05:06.427+0530] {logging_mixin.py:137} INFO - [2023-03-07T18:05:06.427+0530] {dag.py:2690} INFO - Sync 1 DAGs
[2023-03-07T18:05:06.442+0530] {logging_mixin.py:137} INFO - [2023-03-07T18:05:06.442+0530] {dag.py:3437} INFO - Setting next_dagrun for example_dynamic_task_mapping to 2022-03-04T00:00:00+00:00, run_after=2022-03-05T00:00:00+00:00
[2023-03-07T18:05:06.462+0530] {processor.py:175} INFO - Processing /home/ris/PycharmProjects/pythonProject/USA-housing/venv/lib/python3.10/site-packages/airflow/example_dags/example_dynamic_task_mapping.py took 0.078 seconds
[2023-03-07T18:05:57.101+0530] {processor.py:153} INFO - Started process (PID=6357) to work on /home/ris/PycharmProjects/pythonProject/USA-housing/venv/lib/python3.10/site-packages/airflow/example_dags/example_dynamic_task_mapping.py
[2023-03-07T18:05:57.103+0530] {processor.py:743} INFO - Processing file /home/ris/PycharmProjects/pythonProject/USA-housing/venv/lib/python3.10/site-packages/airflow/example_dags/example_dynamic_task_mapping.py for tasks to queue
[2023-03-07T18:05:57.104+0530] {logging_mixin.py:137} INFO - [2023-03-07T18:05:57.103+0530] {dagbag.py:538} INFO - Filling up the DagBag from /home/ris/PycharmProjects/pythonProject/USA-housing/venv/lib/python3.10/site-packages/airflow/example_dags/example_dynamic_task_mapping.py
[2023-03-07T18:05:57.119+0530] {processor.py:753} INFO - DAG(s) dict_keys(['example_dynamic_task_mapping']) retrieved from /home/ris/PycharmProjects/pythonProject/USA-housing/venv/lib/python3.10/site-packages/airflow/example_dags/example_dynamic_task_mapping.py
[2023-03-07T18:05:57.135+0530] {logging_mixin.py:137} INFO - [2023-03-07T18:05:57.135+0530] {dag.py:2690} INFO - Sync 1 DAGs
[2023-03-07T18:05:57.151+0530] {logging_mixin.py:137} INFO - [2023-03-07T18:05:57.150+0530] {dag.py:3437} INFO - Setting next_dagrun for example_dynamic_task_mapping to 2022-03-04T00:00:00+00:00, run_after=2022-03-05T00:00:00+00:00
[2023-03-07T18:05:57.169+0530] {processor.py:175} INFO - Processing /home/ris/PycharmProjects/pythonProject/USA-housing/venv/lib/python3.10/site-packages/airflow/example_dags/example_dynamic_task_mapping.py took 0.071 seconds
[2023-03-07T18:06:45.138+0530] {processor.py:153} INFO - Started process (PID=6410) to work on /home/ris/PycharmProjects/pythonProject/USA-housing/venv/lib/python3.10/site-packages/airflow/example_dags/example_dynamic_task_mapping.py
[2023-03-07T18:06:45.140+0530] {processor.py:743} INFO - Processing file /home/ris/PycharmProjects/pythonProject/USA-housing/venv/lib/python3.10/site-packages/airflow/example_dags/example_dynamic_task_mapping.py for tasks to queue
[2023-03-07T18:06:45.140+0530] {logging_mixin.py:137} INFO - [2023-03-07T18:06:45.140+0530] {dagbag.py:538} INFO - Filling up the DagBag from /home/ris/PycharmProjects/pythonProject/USA-housing/venv/lib/python3.10/site-packages/airflow/example_dags/example_dynamic_task_mapping.py
[2023-03-07T18:06:45.156+0530] {processor.py:753} INFO - DAG(s) dict_keys(['example_dynamic_task_mapping']) retrieved from /home/ris/PycharmProjects/pythonProject/USA-housing/venv/lib/python3.10/site-packages/airflow/example_dags/example_dynamic_task_mapping.py
[2023-03-07T18:06:45.173+0530] {logging_mixin.py:137} INFO - [2023-03-07T18:06:45.172+0530] {dag.py:2690} INFO - Sync 1 DAGs
[2023-03-07T18:06:45.188+0530] {logging_mixin.py:137} INFO - [2023-03-07T18:06:45.188+0530] {dag.py:3437} INFO - Setting next_dagrun for example_dynamic_task_mapping to 2022-03-04T00:00:00+00:00, run_after=2022-03-05T00:00:00+00:00
[2023-03-07T18:06:45.208+0530] {processor.py:175} INFO - Processing /home/ris/PycharmProjects/pythonProject/USA-housing/venv/lib/python3.10/site-packages/airflow/example_dags/example_dynamic_task_mapping.py took 0.072 seconds
[2023-03-07T18:07:33.638+0530] {processor.py:153} INFO - Started process (PID=6464) to work on /home/ris/PycharmProjects/pythonProject/USA-housing/venv/lib/python3.10/site-packages/airflow/example_dags/example_dynamic_task_mapping.py
[2023-03-07T18:07:33.639+0530] {processor.py:743} INFO - Processing file /home/ris/PycharmProjects/pythonProject/USA-housing/venv/lib/python3.10/site-packages/airflow/example_dags/example_dynamic_task_mapping.py for tasks to queue
[2023-03-07T18:07:33.640+0530] {logging_mixin.py:137} INFO - [2023-03-07T18:07:33.640+0530] {dagbag.py:538} INFO - Filling up the DagBag from /home/ris/PycharmProjects/pythonProject/USA-housing/venv/lib/python3.10/site-packages/airflow/example_dags/example_dynamic_task_mapping.py
[2023-03-07T18:07:33.655+0530] {processor.py:753} INFO - DAG(s) dict_keys(['example_dynamic_task_mapping']) retrieved from /home/ris/PycharmProjects/pythonProject/USA-housing/venv/lib/python3.10/site-packages/airflow/example_dags/example_dynamic_task_mapping.py
[2023-03-07T18:07:33.672+0530] {logging_mixin.py:137} INFO - [2023-03-07T18:07:33.672+0530] {dag.py:2690} INFO - Sync 1 DAGs
[2023-03-07T18:07:33.688+0530] {logging_mixin.py:137} INFO - [2023-03-07T18:07:33.688+0530] {dag.py:3437} INFO - Setting next_dagrun for example_dynamic_task_mapping to 2022-03-04T00:00:00+00:00, run_after=2022-03-05T00:00:00+00:00
[2023-03-07T18:07:33.707+0530] {processor.py:175} INFO - Processing /home/ris/PycharmProjects/pythonProject/USA-housing/venv/lib/python3.10/site-packages/airflow/example_dags/example_dynamic_task_mapping.py took 0.071 seconds
[2023-03-07T18:08:27.232+0530] {processor.py:153} INFO - Started process (PID=6520) to work on /home/ris/PycharmProjects/pythonProject/USA-housing/venv/lib/python3.10/site-packages/airflow/example_dags/example_dynamic_task_mapping.py
[2023-03-07T18:08:27.234+0530] {processor.py:743} INFO - Processing file /home/ris/PycharmProjects/pythonProject/USA-housing/venv/lib/python3.10/site-packages/airflow/example_dags/example_dynamic_task_mapping.py for tasks to queue
[2023-03-07T18:08:27.234+0530] {logging_mixin.py:137} INFO - [2023-03-07T18:08:27.234+0530] {dagbag.py:538} INFO - Filling up the DagBag from /home/ris/PycharmProjects/pythonProject/USA-housing/venv/lib/python3.10/site-packages/airflow/example_dags/example_dynamic_task_mapping.py
[2023-03-07T18:08:27.249+0530] {processor.py:753} INFO - DAG(s) dict_keys(['example_dynamic_task_mapping']) retrieved from /home/ris/PycharmProjects/pythonProject/USA-housing/venv/lib/python3.10/site-packages/airflow/example_dags/example_dynamic_task_mapping.py
[2023-03-07T18:08:27.266+0530] {logging_mixin.py:137} INFO - [2023-03-07T18:08:27.265+0530] {dag.py:2690} INFO - Sync 1 DAGs
[2023-03-07T18:08:27.284+0530] {logging_mixin.py:137} INFO - [2023-03-07T18:08:27.283+0530] {dag.py:3437} INFO - Setting next_dagrun for example_dynamic_task_mapping to 2022-03-04T00:00:00+00:00, run_after=2022-03-05T00:00:00+00:00
[2023-03-07T18:08:27.303+0530] {processor.py:175} INFO - Processing /home/ris/PycharmProjects/pythonProject/USA-housing/venv/lib/python3.10/site-packages/airflow/example_dags/example_dynamic_task_mapping.py took 0.074 seconds
[2023-03-07T18:09:10.135+0530] {processor.py:153} INFO - Started process (PID=6570) to work on /home/ris/PycharmProjects/pythonProject/USA-housing/venv/lib/python3.10/site-packages/airflow/example_dags/example_dynamic_task_mapping.py
[2023-03-07T18:09:10.137+0530] {processor.py:743} INFO - Processing file /home/ris/PycharmProjects/pythonProject/USA-housing/venv/lib/python3.10/site-packages/airflow/example_dags/example_dynamic_task_mapping.py for tasks to queue
[2023-03-07T18:09:10.137+0530] {logging_mixin.py:137} INFO - [2023-03-07T18:09:10.137+0530] {dagbag.py:538} INFO - Filling up the DagBag from /home/ris/PycharmProjects/pythonProject/USA-housing/venv/lib/python3.10/site-packages/airflow/example_dags/example_dynamic_task_mapping.py
[2023-03-07T18:09:10.152+0530] {processor.py:753} INFO - DAG(s) dict_keys(['example_dynamic_task_mapping']) retrieved from /home/ris/PycharmProjects/pythonProject/USA-housing/venv/lib/python3.10/site-packages/airflow/example_dags/example_dynamic_task_mapping.py
[2023-03-07T18:09:10.168+0530] {logging_mixin.py:137} INFO - [2023-03-07T18:09:10.168+0530] {dag.py:2690} INFO - Sync 1 DAGs
[2023-03-07T18:09:10.183+0530] {logging_mixin.py:137} INFO - [2023-03-07T18:09:10.183+0530] {dag.py:3437} INFO - Setting next_dagrun for example_dynamic_task_mapping to 2022-03-04T00:00:00+00:00, run_after=2022-03-05T00:00:00+00:00
[2023-03-07T18:09:10.214+0530] {processor.py:175} INFO - Processing /home/ris/PycharmProjects/pythonProject/USA-housing/venv/lib/python3.10/site-packages/airflow/example_dags/example_dynamic_task_mapping.py took 0.081 seconds
[2023-03-07T18:09:56.611+0530] {processor.py:153} INFO - Started process (PID=6882) to work on /home/ris/PycharmProjects/pythonProject/USA-housing/venv/lib/python3.10/site-packages/airflow/example_dags/example_dynamic_task_mapping.py
[2023-03-07T18:09:56.614+0530] {processor.py:743} INFO - Processing file /home/ris/PycharmProjects/pythonProject/USA-housing/venv/lib/python3.10/site-packages/airflow/example_dags/example_dynamic_task_mapping.py for tasks to queue
[2023-03-07T18:09:56.618+0530] {logging_mixin.py:137} INFO - [2023-03-07T18:09:56.617+0530] {dagbag.py:538} INFO - Filling up the DagBag from /home/ris/PycharmProjects/pythonProject/USA-housing/venv/lib/python3.10/site-packages/airflow/example_dags/example_dynamic_task_mapping.py
[2023-03-07T18:09:56.641+0530] {processor.py:753} INFO - DAG(s) dict_keys(['example_dynamic_task_mapping']) retrieved from /home/ris/PycharmProjects/pythonProject/USA-housing/venv/lib/python3.10/site-packages/airflow/example_dags/example_dynamic_task_mapping.py
[2023-03-07T18:09:56.665+0530] {logging_mixin.py:137} INFO - [2023-03-07T18:09:56.664+0530] {dag.py:2690} INFO - Sync 1 DAGs
[2023-03-07T18:09:56.687+0530] {logging_mixin.py:137} INFO - [2023-03-07T18:09:56.687+0530] {dag.py:3437} INFO - Setting next_dagrun for example_dynamic_task_mapping to 2022-03-04T00:00:00+00:00, run_after=2022-03-05T00:00:00+00:00
[2023-03-07T18:09:56.714+0530] {processor.py:175} INFO - Processing /home/ris/PycharmProjects/pythonProject/USA-housing/venv/lib/python3.10/site-packages/airflow/example_dags/example_dynamic_task_mapping.py took 0.106 seconds
[2023-03-07T18:10:40.520+0530] {processor.py:153} INFO - Started process (PID=6948) to work on /home/ris/PycharmProjects/pythonProject/USA-housing/venv/lib/python3.10/site-packages/airflow/example_dags/example_dynamic_task_mapping.py
[2023-03-07T18:10:40.522+0530] {processor.py:743} INFO - Processing file /home/ris/PycharmProjects/pythonProject/USA-housing/venv/lib/python3.10/site-packages/airflow/example_dags/example_dynamic_task_mapping.py for tasks to queue
[2023-03-07T18:10:40.524+0530] {logging_mixin.py:137} INFO - [2023-03-07T18:10:40.523+0530] {dagbag.py:538} INFO - Filling up the DagBag from /home/ris/PycharmProjects/pythonProject/USA-housing/venv/lib/python3.10/site-packages/airflow/example_dags/example_dynamic_task_mapping.py
[2023-03-07T18:10:40.542+0530] {processor.py:753} INFO - DAG(s) dict_keys(['example_dynamic_task_mapping']) retrieved from /home/ris/PycharmProjects/pythonProject/USA-housing/venv/lib/python3.10/site-packages/airflow/example_dags/example_dynamic_task_mapping.py
[2023-03-07T18:10:40.559+0530] {logging_mixin.py:137} INFO - [2023-03-07T18:10:40.559+0530] {dag.py:2690} INFO - Sync 1 DAGs
[2023-03-07T18:10:40.575+0530] {logging_mixin.py:137} INFO - [2023-03-07T18:10:40.575+0530] {dag.py:3437} INFO - Setting next_dagrun for example_dynamic_task_mapping to 2022-03-04T00:00:00+00:00, run_after=2022-03-05T00:00:00+00:00
[2023-03-07T18:10:40.595+0530] {processor.py:175} INFO - Processing /home/ris/PycharmProjects/pythonProject/USA-housing/venv/lib/python3.10/site-packages/airflow/example_dags/example_dynamic_task_mapping.py took 0.079 seconds
[2023-03-07T18:11:20.448+0530] {processor.py:153} INFO - Started process (PID=6991) to work on /home/ris/PycharmProjects/pythonProject/USA-housing/venv/lib/python3.10/site-packages/airflow/example_dags/example_dynamic_task_mapping.py
[2023-03-07T18:11:20.450+0530] {processor.py:743} INFO - Processing file /home/ris/PycharmProjects/pythonProject/USA-housing/venv/lib/python3.10/site-packages/airflow/example_dags/example_dynamic_task_mapping.py for tasks to queue
[2023-03-07T18:11:20.450+0530] {logging_mixin.py:137} INFO - [2023-03-07T18:11:20.450+0530] {dagbag.py:538} INFO - Filling up the DagBag from /home/ris/PycharmProjects/pythonProject/USA-housing/venv/lib/python3.10/site-packages/airflow/example_dags/example_dynamic_task_mapping.py
[2023-03-07T18:11:20.465+0530] {processor.py:753} INFO - DAG(s) dict_keys(['example_dynamic_task_mapping']) retrieved from /home/ris/PycharmProjects/pythonProject/USA-housing/venv/lib/python3.10/site-packages/airflow/example_dags/example_dynamic_task_mapping.py
[2023-03-07T18:11:20.482+0530] {logging_mixin.py:137} INFO - [2023-03-07T18:11:20.482+0530] {dag.py:2690} INFO - Sync 1 DAGs
[2023-03-07T18:11:20.498+0530] {logging_mixin.py:137} INFO - [2023-03-07T18:11:20.497+0530] {dag.py:3437} INFO - Setting next_dagrun for example_dynamic_task_mapping to 2022-03-04T00:00:00+00:00, run_after=2022-03-05T00:00:00+00:00
[2023-03-07T18:11:20.517+0530] {processor.py:175} INFO - Processing /home/ris/PycharmProjects/pythonProject/USA-housing/venv/lib/python3.10/site-packages/airflow/example_dags/example_dynamic_task_mapping.py took 0.071 seconds
[2023-03-07T18:12:04.774+0530] {processor.py:153} INFO - Started process (PID=7053) to work on /home/ris/PycharmProjects/pythonProject/USA-housing/venv/lib/python3.10/site-packages/airflow/example_dags/example_dynamic_task_mapping.py
[2023-03-07T18:12:04.775+0530] {processor.py:743} INFO - Processing file /home/ris/PycharmProjects/pythonProject/USA-housing/venv/lib/python3.10/site-packages/airflow/example_dags/example_dynamic_task_mapping.py for tasks to queue
[2023-03-07T18:12:04.776+0530] {logging_mixin.py:137} INFO - [2023-03-07T18:12:04.776+0530] {dagbag.py:538} INFO - Filling up the DagBag from /home/ris/PycharmProjects/pythonProject/USA-housing/venv/lib/python3.10/site-packages/airflow/example_dags/example_dynamic_task_mapping.py
[2023-03-07T18:12:04.791+0530] {processor.py:753} INFO - DAG(s) dict_keys(['example_dynamic_task_mapping']) retrieved from /home/ris/PycharmProjects/pythonProject/USA-housing/venv/lib/python3.10/site-packages/airflow/example_dags/example_dynamic_task_mapping.py
[2023-03-07T18:12:04.807+0530] {logging_mixin.py:137} INFO - [2023-03-07T18:12:04.807+0530] {dag.py:2690} INFO - Sync 1 DAGs
[2023-03-07T18:12:04.823+0530] {logging_mixin.py:137} INFO - [2023-03-07T18:12:04.823+0530] {dag.py:3437} INFO - Setting next_dagrun for example_dynamic_task_mapping to 2022-03-04T00:00:00+00:00, run_after=2022-03-05T00:00:00+00:00
[2023-03-07T18:12:04.841+0530] {processor.py:175} INFO - Processing /home/ris/PycharmProjects/pythonProject/USA-housing/venv/lib/python3.10/site-packages/airflow/example_dags/example_dynamic_task_mapping.py took 0.070 seconds
[2023-03-07T18:12:53.836+0530] {processor.py:153} INFO - Started process (PID=7117) to work on /home/ris/PycharmProjects/pythonProject/USA-housing/venv/lib/python3.10/site-packages/airflow/example_dags/example_dynamic_task_mapping.py
[2023-03-07T18:12:53.837+0530] {processor.py:743} INFO - Processing file /home/ris/PycharmProjects/pythonProject/USA-housing/venv/lib/python3.10/site-packages/airflow/example_dags/example_dynamic_task_mapping.py for tasks to queue
[2023-03-07T18:12:53.838+0530] {logging_mixin.py:137} INFO - [2023-03-07T18:12:53.838+0530] {dagbag.py:538} INFO - Filling up the DagBag from /home/ris/PycharmProjects/pythonProject/USA-housing/venv/lib/python3.10/site-packages/airflow/example_dags/example_dynamic_task_mapping.py
[2023-03-07T18:12:53.852+0530] {processor.py:753} INFO - DAG(s) dict_keys(['example_dynamic_task_mapping']) retrieved from /home/ris/PycharmProjects/pythonProject/USA-housing/venv/lib/python3.10/site-packages/airflow/example_dags/example_dynamic_task_mapping.py
[2023-03-07T18:12:53.869+0530] {logging_mixin.py:137} INFO - [2023-03-07T18:12:53.869+0530] {dag.py:2690} INFO - Sync 1 DAGs
[2023-03-07T18:12:53.886+0530] {logging_mixin.py:137} INFO - [2023-03-07T18:12:53.886+0530] {dag.py:3437} INFO - Setting next_dagrun for example_dynamic_task_mapping to 2022-03-04T00:00:00+00:00, run_after=2022-03-05T00:00:00+00:00
[2023-03-07T18:12:53.905+0530] {processor.py:175} INFO - Processing /home/ris/PycharmProjects/pythonProject/USA-housing/venv/lib/python3.10/site-packages/airflow/example_dags/example_dynamic_task_mapping.py took 0.072 seconds
[2023-03-07T18:13:41.416+0530] {processor.py:153} INFO - Started process (PID=7169) to work on /home/ris/PycharmProjects/pythonProject/USA-housing/venv/lib/python3.10/site-packages/airflow/example_dags/example_dynamic_task_mapping.py
[2023-03-07T18:13:41.418+0530] {processor.py:743} INFO - Processing file /home/ris/PycharmProjects/pythonProject/USA-housing/venv/lib/python3.10/site-packages/airflow/example_dags/example_dynamic_task_mapping.py for tasks to queue
[2023-03-07T18:13:41.419+0530] {logging_mixin.py:137} INFO - [2023-03-07T18:13:41.419+0530] {dagbag.py:538} INFO - Filling up the DagBag from /home/ris/PycharmProjects/pythonProject/USA-housing/venv/lib/python3.10/site-packages/airflow/example_dags/example_dynamic_task_mapping.py
[2023-03-07T18:13:41.438+0530] {processor.py:753} INFO - DAG(s) dict_keys(['example_dynamic_task_mapping']) retrieved from /home/ris/PycharmProjects/pythonProject/USA-housing/venv/lib/python3.10/site-packages/airflow/example_dags/example_dynamic_task_mapping.py
[2023-03-07T18:13:41.459+0530] {logging_mixin.py:137} INFO - [2023-03-07T18:13:41.459+0530] {dag.py:2690} INFO - Sync 1 DAGs
[2023-03-07T18:13:41.476+0530] {logging_mixin.py:137} INFO - [2023-03-07T18:13:41.476+0530] {dag.py:3437} INFO - Setting next_dagrun for example_dynamic_task_mapping to 2022-03-04T00:00:00+00:00, run_after=2022-03-05T00:00:00+00:00
[2023-03-07T18:13:41.495+0530] {processor.py:175} INFO - Processing /home/ris/PycharmProjects/pythonProject/USA-housing/venv/lib/python3.10/site-packages/airflow/example_dags/example_dynamic_task_mapping.py took 0.081 seconds
[2023-03-07T18:14:27.701+0530] {processor.py:153} INFO - Started process (PID=7235) to work on /home/ris/PycharmProjects/pythonProject/USA-housing/venv/lib/python3.10/site-packages/airflow/example_dags/example_dynamic_task_mapping.py
[2023-03-07T18:14:27.702+0530] {processor.py:743} INFO - Processing file /home/ris/PycharmProjects/pythonProject/USA-housing/venv/lib/python3.10/site-packages/airflow/example_dags/example_dynamic_task_mapping.py for tasks to queue
[2023-03-07T18:14:27.704+0530] {logging_mixin.py:137} INFO - [2023-03-07T18:14:27.703+0530] {dagbag.py:538} INFO - Filling up the DagBag from /home/ris/PycharmProjects/pythonProject/USA-housing/venv/lib/python3.10/site-packages/airflow/example_dags/example_dynamic_task_mapping.py
[2023-03-07T18:14:27.724+0530] {processor.py:753} INFO - DAG(s) dict_keys(['example_dynamic_task_mapping']) retrieved from /home/ris/PycharmProjects/pythonProject/USA-housing/venv/lib/python3.10/site-packages/airflow/example_dags/example_dynamic_task_mapping.py
[2023-03-07T18:14:27.746+0530] {logging_mixin.py:137} INFO - [2023-03-07T18:14:27.746+0530] {dag.py:2690} INFO - Sync 1 DAGs
[2023-03-07T18:14:27.764+0530] {logging_mixin.py:137} INFO - [2023-03-07T18:14:27.763+0530] {dag.py:3437} INFO - Setting next_dagrun for example_dynamic_task_mapping to 2022-03-04T00:00:00+00:00, run_after=2022-03-05T00:00:00+00:00
[2023-03-07T18:14:27.789+0530] {processor.py:175} INFO - Processing /home/ris/PycharmProjects/pythonProject/USA-housing/venv/lib/python3.10/site-packages/airflow/example_dags/example_dynamic_task_mapping.py took 0.091 seconds
[2023-03-07T18:15:15.760+0530] {processor.py:153} INFO - Started process (PID=7308) to work on /home/ris/PycharmProjects/pythonProject/USA-housing/venv/lib/python3.10/site-packages/airflow/example_dags/example_dynamic_task_mapping.py
[2023-03-07T18:15:15.762+0530] {processor.py:743} INFO - Processing file /home/ris/PycharmProjects/pythonProject/USA-housing/venv/lib/python3.10/site-packages/airflow/example_dags/example_dynamic_task_mapping.py for tasks to queue
[2023-03-07T18:15:15.763+0530] {logging_mixin.py:137} INFO - [2023-03-07T18:15:15.762+0530] {dagbag.py:538} INFO - Filling up the DagBag from /home/ris/PycharmProjects/pythonProject/USA-housing/venv/lib/python3.10/site-packages/airflow/example_dags/example_dynamic_task_mapping.py
[2023-03-07T18:15:15.779+0530] {processor.py:753} INFO - DAG(s) dict_keys(['example_dynamic_task_mapping']) retrieved from /home/ris/PycharmProjects/pythonProject/USA-housing/venv/lib/python3.10/site-packages/airflow/example_dags/example_dynamic_task_mapping.py
[2023-03-07T18:15:15.798+0530] {logging_mixin.py:137} INFO - [2023-03-07T18:15:15.798+0530] {dag.py:2690} INFO - Sync 1 DAGs
[2023-03-07T18:15:15.815+0530] {logging_mixin.py:137} INFO - [2023-03-07T18:15:15.815+0530] {dag.py:3437} INFO - Setting next_dagrun for example_dynamic_task_mapping to 2022-03-04T00:00:00+00:00, run_after=2022-03-05T00:00:00+00:00
[2023-03-07T18:15:15.836+0530] {processor.py:175} INFO - Processing /home/ris/PycharmProjects/pythonProject/USA-housing/venv/lib/python3.10/site-packages/airflow/example_dags/example_dynamic_task_mapping.py took 0.078 seconds
[2023-03-07T18:16:05.535+0530] {processor.py:153} INFO - Started process (PID=7372) to work on /home/ris/PycharmProjects/pythonProject/USA-housing/venv/lib/python3.10/site-packages/airflow/example_dags/example_dynamic_task_mapping.py
[2023-03-07T18:16:05.538+0530] {processor.py:743} INFO - Processing file /home/ris/PycharmProjects/pythonProject/USA-housing/venv/lib/python3.10/site-packages/airflow/example_dags/example_dynamic_task_mapping.py for tasks to queue
[2023-03-07T18:16:05.539+0530] {logging_mixin.py:137} INFO - [2023-03-07T18:16:05.539+0530] {dagbag.py:538} INFO - Filling up the DagBag from /home/ris/PycharmProjects/pythonProject/USA-housing/venv/lib/python3.10/site-packages/airflow/example_dags/example_dynamic_task_mapping.py
[2023-03-07T18:16:05.556+0530] {processor.py:753} INFO - DAG(s) dict_keys(['example_dynamic_task_mapping']) retrieved from /home/ris/PycharmProjects/pythonProject/USA-housing/venv/lib/python3.10/site-packages/airflow/example_dags/example_dynamic_task_mapping.py
[2023-03-07T18:16:05.573+0530] {logging_mixin.py:137} INFO - [2023-03-07T18:16:05.573+0530] {dag.py:2690} INFO - Sync 1 DAGs
[2023-03-07T18:16:05.589+0530] {logging_mixin.py:137} INFO - [2023-03-07T18:16:05.589+0530] {dag.py:3437} INFO - Setting next_dagrun for example_dynamic_task_mapping to 2022-03-04T00:00:00+00:00, run_after=2022-03-05T00:00:00+00:00
[2023-03-07T18:16:05.608+0530] {processor.py:175} INFO - Processing /home/ris/PycharmProjects/pythonProject/USA-housing/venv/lib/python3.10/site-packages/airflow/example_dags/example_dynamic_task_mapping.py took 0.078 seconds
[2023-03-07T18:16:49.107+0530] {processor.py:153} INFO - Started process (PID=7431) to work on /home/ris/PycharmProjects/pythonProject/USA-housing/venv/lib/python3.10/site-packages/airflow/example_dags/example_dynamic_task_mapping.py
[2023-03-07T18:16:49.109+0530] {processor.py:743} INFO - Processing file /home/ris/PycharmProjects/pythonProject/USA-housing/venv/lib/python3.10/site-packages/airflow/example_dags/example_dynamic_task_mapping.py for tasks to queue
[2023-03-07T18:16:49.110+0530] {logging_mixin.py:137} INFO - [2023-03-07T18:16:49.110+0530] {dagbag.py:538} INFO - Filling up the DagBag from /home/ris/PycharmProjects/pythonProject/USA-housing/venv/lib/python3.10/site-packages/airflow/example_dags/example_dynamic_task_mapping.py
[2023-03-07T18:16:49.125+0530] {processor.py:753} INFO - DAG(s) dict_keys(['example_dynamic_task_mapping']) retrieved from /home/ris/PycharmProjects/pythonProject/USA-housing/venv/lib/python3.10/site-packages/airflow/example_dags/example_dynamic_task_mapping.py
[2023-03-07T18:16:49.141+0530] {logging_mixin.py:137} INFO - [2023-03-07T18:16:49.141+0530] {dag.py:2690} INFO - Sync 1 DAGs
[2023-03-07T18:16:49.159+0530] {logging_mixin.py:137} INFO - [2023-03-07T18:16:49.158+0530] {dag.py:3437} INFO - Setting next_dagrun for example_dynamic_task_mapping to 2022-03-04T00:00:00+00:00, run_after=2022-03-05T00:00:00+00:00
[2023-03-07T18:16:49.178+0530] {processor.py:175} INFO - Processing /home/ris/PycharmProjects/pythonProject/USA-housing/venv/lib/python3.10/site-packages/airflow/example_dags/example_dynamic_task_mapping.py took 0.073 seconds
[2023-03-07T18:17:37.235+0530] {processor.py:153} INFO - Started process (PID=7487) to work on /home/ris/PycharmProjects/pythonProject/USA-housing/venv/lib/python3.10/site-packages/airflow/example_dags/example_dynamic_task_mapping.py
[2023-03-07T18:17:37.238+0530] {processor.py:743} INFO - Processing file /home/ris/PycharmProjects/pythonProject/USA-housing/venv/lib/python3.10/site-packages/airflow/example_dags/example_dynamic_task_mapping.py for tasks to queue
[2023-03-07T18:17:37.239+0530] {logging_mixin.py:137} INFO - [2023-03-07T18:17:37.239+0530] {dagbag.py:538} INFO - Filling up the DagBag from /home/ris/PycharmProjects/pythonProject/USA-housing/venv/lib/python3.10/site-packages/airflow/example_dags/example_dynamic_task_mapping.py
[2023-03-07T18:17:37.274+0530] {processor.py:753} INFO - DAG(s) dict_keys(['example_dynamic_task_mapping']) retrieved from /home/ris/PycharmProjects/pythonProject/USA-housing/venv/lib/python3.10/site-packages/airflow/example_dags/example_dynamic_task_mapping.py
[2023-03-07T18:17:37.297+0530] {logging_mixin.py:137} INFO - [2023-03-07T18:17:37.297+0530] {dag.py:2690} INFO - Sync 1 DAGs
[2023-03-07T18:17:37.313+0530] {logging_mixin.py:137} INFO - [2023-03-07T18:17:37.313+0530] {dag.py:3437} INFO - Setting next_dagrun for example_dynamic_task_mapping to 2022-03-04T00:00:00+00:00, run_after=2022-03-05T00:00:00+00:00
[2023-03-07T18:17:37.333+0530] {processor.py:175} INFO - Processing /home/ris/PycharmProjects/pythonProject/USA-housing/venv/lib/python3.10/site-packages/airflow/example_dags/example_dynamic_task_mapping.py took 0.102 seconds
[2023-03-07T18:18:31.169+0530] {processor.py:153} INFO - Started process (PID=7559) to work on /home/ris/PycharmProjects/pythonProject/USA-housing/venv/lib/python3.10/site-packages/airflow/example_dags/example_dynamic_task_mapping.py
[2023-03-07T18:18:31.171+0530] {processor.py:743} INFO - Processing file /home/ris/PycharmProjects/pythonProject/USA-housing/venv/lib/python3.10/site-packages/airflow/example_dags/example_dynamic_task_mapping.py for tasks to queue
[2023-03-07T18:18:31.172+0530] {logging_mixin.py:137} INFO - [2023-03-07T18:18:31.172+0530] {dagbag.py:538} INFO - Filling up the DagBag from /home/ris/PycharmProjects/pythonProject/USA-housing/venv/lib/python3.10/site-packages/airflow/example_dags/example_dynamic_task_mapping.py
[2023-03-07T18:18:31.186+0530] {processor.py:753} INFO - DAG(s) dict_keys(['example_dynamic_task_mapping']) retrieved from /home/ris/PycharmProjects/pythonProject/USA-housing/venv/lib/python3.10/site-packages/airflow/example_dags/example_dynamic_task_mapping.py
[2023-03-07T18:18:31.204+0530] {logging_mixin.py:137} INFO - [2023-03-07T18:18:31.204+0530] {dag.py:2690} INFO - Sync 1 DAGs
[2023-03-07T18:18:31.220+0530] {logging_mixin.py:137} INFO - [2023-03-07T18:18:31.220+0530] {dag.py:3437} INFO - Setting next_dagrun for example_dynamic_task_mapping to 2022-03-04T00:00:00+00:00, run_after=2022-03-05T00:00:00+00:00
[2023-03-07T18:18:31.238+0530] {processor.py:175} INFO - Processing /home/ris/PycharmProjects/pythonProject/USA-housing/venv/lib/python3.10/site-packages/airflow/example_dags/example_dynamic_task_mapping.py took 0.073 seconds
[2023-03-07T18:19:14.084+0530] {processor.py:153} INFO - Started process (PID=7605) to work on /home/ris/PycharmProjects/pythonProject/USA-housing/venv/lib/python3.10/site-packages/airflow/example_dags/example_dynamic_task_mapping.py
[2023-03-07T18:19:14.085+0530] {processor.py:743} INFO - Processing file /home/ris/PycharmProjects/pythonProject/USA-housing/venv/lib/python3.10/site-packages/airflow/example_dags/example_dynamic_task_mapping.py for tasks to queue
[2023-03-07T18:19:14.086+0530] {logging_mixin.py:137} INFO - [2023-03-07T18:19:14.085+0530] {dagbag.py:538} INFO - Filling up the DagBag from /home/ris/PycharmProjects/pythonProject/USA-housing/venv/lib/python3.10/site-packages/airflow/example_dags/example_dynamic_task_mapping.py
[2023-03-07T18:19:14.101+0530] {processor.py:753} INFO - DAG(s) dict_keys(['example_dynamic_task_mapping']) retrieved from /home/ris/PycharmProjects/pythonProject/USA-housing/venv/lib/python3.10/site-packages/airflow/example_dags/example_dynamic_task_mapping.py
[2023-03-07T18:19:14.118+0530] {logging_mixin.py:137} INFO - [2023-03-07T18:19:14.118+0530] {dag.py:2690} INFO - Sync 1 DAGs
[2023-03-07T18:19:14.134+0530] {logging_mixin.py:137} INFO - [2023-03-07T18:19:14.134+0530] {dag.py:3437} INFO - Setting next_dagrun for example_dynamic_task_mapping to 2022-03-04T00:00:00+00:00, run_after=2022-03-05T00:00:00+00:00
[2023-03-07T18:19:14.153+0530] {processor.py:175} INFO - Processing /home/ris/PycharmProjects/pythonProject/USA-housing/venv/lib/python3.10/site-packages/airflow/example_dags/example_dynamic_task_mapping.py took 0.072 seconds
[2023-03-07T18:19:58.796+0530] {processor.py:153} INFO - Started process (PID=7894) to work on /home/ris/PycharmProjects/pythonProject/USA-housing/venv/lib/python3.10/site-packages/airflow/example_dags/example_dynamic_task_mapping.py
[2023-03-07T18:19:58.798+0530] {processor.py:743} INFO - Processing file /home/ris/PycharmProjects/pythonProject/USA-housing/venv/lib/python3.10/site-packages/airflow/example_dags/example_dynamic_task_mapping.py for tasks to queue
[2023-03-07T18:19:58.800+0530] {logging_mixin.py:137} INFO - [2023-03-07T18:19:58.799+0530] {dagbag.py:538} INFO - Filling up the DagBag from /home/ris/PycharmProjects/pythonProject/USA-housing/venv/lib/python3.10/site-packages/airflow/example_dags/example_dynamic_task_mapping.py
[2023-03-07T18:19:58.818+0530] {processor.py:753} INFO - DAG(s) dict_keys(['example_dynamic_task_mapping']) retrieved from /home/ris/PycharmProjects/pythonProject/USA-housing/venv/lib/python3.10/site-packages/airflow/example_dags/example_dynamic_task_mapping.py
[2023-03-07T18:19:58.838+0530] {logging_mixin.py:137} INFO - [2023-03-07T18:19:58.838+0530] {dag.py:2690} INFO - Sync 1 DAGs
[2023-03-07T18:19:58.860+0530] {logging_mixin.py:137} INFO - [2023-03-07T18:19:58.859+0530] {dag.py:3437} INFO - Setting next_dagrun for example_dynamic_task_mapping to 2022-03-04T00:00:00+00:00, run_after=2022-03-05T00:00:00+00:00
[2023-03-07T18:19:58.880+0530] {processor.py:175} INFO - Processing /home/ris/PycharmProjects/pythonProject/USA-housing/venv/lib/python3.10/site-packages/airflow/example_dags/example_dynamic_task_mapping.py took 0.086 seconds
[2023-03-07T18:20:53.900+0530] {processor.py:153} INFO - Started process (PID=7970) to work on /home/ris/PycharmProjects/pythonProject/USA-housing/venv/lib/python3.10/site-packages/airflow/example_dags/example_dynamic_task_mapping.py
[2023-03-07T18:20:53.902+0530] {processor.py:743} INFO - Processing file /home/ris/PycharmProjects/pythonProject/USA-housing/venv/lib/python3.10/site-packages/airflow/example_dags/example_dynamic_task_mapping.py for tasks to queue
[2023-03-07T18:20:53.903+0530] {logging_mixin.py:137} INFO - [2023-03-07T18:20:53.903+0530] {dagbag.py:538} INFO - Filling up the DagBag from /home/ris/PycharmProjects/pythonProject/USA-housing/venv/lib/python3.10/site-packages/airflow/example_dags/example_dynamic_task_mapping.py
[2023-03-07T18:20:53.918+0530] {processor.py:753} INFO - DAG(s) dict_keys(['example_dynamic_task_mapping']) retrieved from /home/ris/PycharmProjects/pythonProject/USA-housing/venv/lib/python3.10/site-packages/airflow/example_dags/example_dynamic_task_mapping.py
[2023-03-07T18:20:53.935+0530] {logging_mixin.py:137} INFO - [2023-03-07T18:20:53.935+0530] {dag.py:2690} INFO - Sync 1 DAGs
[2023-03-07T18:20:53.951+0530] {logging_mixin.py:137} INFO - [2023-03-07T18:20:53.951+0530] {dag.py:3437} INFO - Setting next_dagrun for example_dynamic_task_mapping to 2022-03-04T00:00:00+00:00, run_after=2022-03-05T00:00:00+00:00
[2023-03-07T18:20:53.970+0530] {processor.py:175} INFO - Processing /home/ris/PycharmProjects/pythonProject/USA-housing/venv/lib/python3.10/site-packages/airflow/example_dags/example_dynamic_task_mapping.py took 0.074 seconds
[2023-03-07T18:21:45.611+0530] {processor.py:153} INFO - Started process (PID=8024) to work on /home/ris/PycharmProjects/pythonProject/USA-housing/venv/lib/python3.10/site-packages/airflow/example_dags/example_dynamic_task_mapping.py
[2023-03-07T18:21:45.613+0530] {processor.py:743} INFO - Processing file /home/ris/PycharmProjects/pythonProject/USA-housing/venv/lib/python3.10/site-packages/airflow/example_dags/example_dynamic_task_mapping.py for tasks to queue
[2023-03-07T18:21:45.614+0530] {logging_mixin.py:137} INFO - [2023-03-07T18:21:45.614+0530] {dagbag.py:538} INFO - Filling up the DagBag from /home/ris/PycharmProjects/pythonProject/USA-housing/venv/lib/python3.10/site-packages/airflow/example_dags/example_dynamic_task_mapping.py
[2023-03-07T18:21:45.631+0530] {processor.py:753} INFO - DAG(s) dict_keys(['example_dynamic_task_mapping']) retrieved from /home/ris/PycharmProjects/pythonProject/USA-housing/venv/lib/python3.10/site-packages/airflow/example_dags/example_dynamic_task_mapping.py
[2023-03-07T18:21:45.650+0530] {logging_mixin.py:137} INFO - [2023-03-07T18:21:45.650+0530] {dag.py:2690} INFO - Sync 1 DAGs
[2023-03-07T18:21:45.667+0530] {logging_mixin.py:137} INFO - [2023-03-07T18:21:45.667+0530] {dag.py:3437} INFO - Setting next_dagrun for example_dynamic_task_mapping to 2022-03-04T00:00:00+00:00, run_after=2022-03-05T00:00:00+00:00
[2023-03-07T18:21:45.686+0530] {processor.py:175} INFO - Processing /home/ris/PycharmProjects/pythonProject/USA-housing/venv/lib/python3.10/site-packages/airflow/example_dags/example_dynamic_task_mapping.py took 0.078 seconds
[2023-03-07T18:22:34.200+0530] {processor.py:153} INFO - Started process (PID=8085) to work on /home/ris/PycharmProjects/pythonProject/USA-housing/venv/lib/python3.10/site-packages/airflow/example_dags/example_dynamic_task_mapping.py
[2023-03-07T18:22:34.202+0530] {processor.py:743} INFO - Processing file /home/ris/PycharmProjects/pythonProject/USA-housing/venv/lib/python3.10/site-packages/airflow/example_dags/example_dynamic_task_mapping.py for tasks to queue
[2023-03-07T18:22:34.204+0530] {logging_mixin.py:137} INFO - [2023-03-07T18:22:34.203+0530] {dagbag.py:538} INFO - Filling up the DagBag from /home/ris/PycharmProjects/pythonProject/USA-housing/venv/lib/python3.10/site-packages/airflow/example_dags/example_dynamic_task_mapping.py
[2023-03-07T18:22:34.235+0530] {processor.py:753} INFO - DAG(s) dict_keys(['example_dynamic_task_mapping']) retrieved from /home/ris/PycharmProjects/pythonProject/USA-housing/venv/lib/python3.10/site-packages/airflow/example_dags/example_dynamic_task_mapping.py
[2023-03-07T18:22:34.252+0530] {logging_mixin.py:137} INFO - [2023-03-07T18:22:34.252+0530] {dag.py:2690} INFO - Sync 1 DAGs
[2023-03-07T18:22:34.268+0530] {logging_mixin.py:137} INFO - [2023-03-07T18:22:34.268+0530] {dag.py:3437} INFO - Setting next_dagrun for example_dynamic_task_mapping to 2022-03-04T00:00:00+00:00, run_after=2022-03-05T00:00:00+00:00
[2023-03-07T18:22:34.286+0530] {processor.py:175} INFO - Processing /home/ris/PycharmProjects/pythonProject/USA-housing/venv/lib/python3.10/site-packages/airflow/example_dags/example_dynamic_task_mapping.py took 0.090 seconds
[2023-03-07T18:23:23.625+0530] {processor.py:153} INFO - Started process (PID=8154) to work on /home/ris/PycharmProjects/pythonProject/USA-housing/venv/lib/python3.10/site-packages/airflow/example_dags/example_dynamic_task_mapping.py
[2023-03-07T18:23:23.627+0530] {processor.py:743} INFO - Processing file /home/ris/PycharmProjects/pythonProject/USA-housing/venv/lib/python3.10/site-packages/airflow/example_dags/example_dynamic_task_mapping.py for tasks to queue
[2023-03-07T18:23:23.628+0530] {logging_mixin.py:137} INFO - [2023-03-07T18:23:23.628+0530] {dagbag.py:538} INFO - Filling up the DagBag from /home/ris/PycharmProjects/pythonProject/USA-housing/venv/lib/python3.10/site-packages/airflow/example_dags/example_dynamic_task_mapping.py
[2023-03-07T18:23:23.645+0530] {processor.py:753} INFO - DAG(s) dict_keys(['example_dynamic_task_mapping']) retrieved from /home/ris/PycharmProjects/pythonProject/USA-housing/venv/lib/python3.10/site-packages/airflow/example_dags/example_dynamic_task_mapping.py
[2023-03-07T18:23:23.668+0530] {logging_mixin.py:137} INFO - [2023-03-07T18:23:23.667+0530] {dag.py:2690} INFO - Sync 1 DAGs
[2023-03-07T18:23:23.687+0530] {logging_mixin.py:137} INFO - [2023-03-07T18:23:23.686+0530] {dag.py:3437} INFO - Setting next_dagrun for example_dynamic_task_mapping to 2022-03-04T00:00:00+00:00, run_after=2022-03-05T00:00:00+00:00
[2023-03-07T18:23:23.719+0530] {processor.py:175} INFO - Processing /home/ris/PycharmProjects/pythonProject/USA-housing/venv/lib/python3.10/site-packages/airflow/example_dags/example_dynamic_task_mapping.py took 0.097 seconds
[2023-03-07T18:24:08.632+0530] {processor.py:153} INFO - Started process (PID=8356) to work on /home/ris/PycharmProjects/pythonProject/USA-housing/venv/lib/python3.10/site-packages/airflow/example_dags/example_dynamic_task_mapping.py
[2023-03-07T18:24:08.634+0530] {processor.py:743} INFO - Processing file /home/ris/PycharmProjects/pythonProject/USA-housing/venv/lib/python3.10/site-packages/airflow/example_dags/example_dynamic_task_mapping.py for tasks to queue
[2023-03-07T18:24:08.634+0530] {logging_mixin.py:137} INFO - [2023-03-07T18:24:08.634+0530] {dagbag.py:538} INFO - Filling up the DagBag from /home/ris/PycharmProjects/pythonProject/USA-housing/venv/lib/python3.10/site-packages/airflow/example_dags/example_dynamic_task_mapping.py
[2023-03-07T18:24:08.653+0530] {processor.py:753} INFO - DAG(s) dict_keys(['example_dynamic_task_mapping']) retrieved from /home/ris/PycharmProjects/pythonProject/USA-housing/venv/lib/python3.10/site-packages/airflow/example_dags/example_dynamic_task_mapping.py
[2023-03-07T18:24:08.675+0530] {logging_mixin.py:137} INFO - [2023-03-07T18:24:08.675+0530] {dag.py:2690} INFO - Sync 1 DAGs
[2023-03-07T18:24:08.696+0530] {logging_mixin.py:137} INFO - [2023-03-07T18:24:08.696+0530] {dag.py:3437} INFO - Setting next_dagrun for example_dynamic_task_mapping to 2022-03-04T00:00:00+00:00, run_after=2022-03-05T00:00:00+00:00
[2023-03-07T18:24:08.728+0530] {processor.py:175} INFO - Processing /home/ris/PycharmProjects/pythonProject/USA-housing/venv/lib/python3.10/site-packages/airflow/example_dags/example_dynamic_task_mapping.py took 0.100 seconds
[2023-03-07T18:24:53.945+0530] {processor.py:153} INFO - Started process (PID=8408) to work on /home/ris/PycharmProjects/pythonProject/USA-housing/venv/lib/python3.10/site-packages/airflow/example_dags/example_dynamic_task_mapping.py
[2023-03-07T18:24:53.947+0530] {processor.py:743} INFO - Processing file /home/ris/PycharmProjects/pythonProject/USA-housing/venv/lib/python3.10/site-packages/airflow/example_dags/example_dynamic_task_mapping.py for tasks to queue
[2023-03-07T18:24:53.948+0530] {logging_mixin.py:137} INFO - [2023-03-07T18:24:53.948+0530] {dagbag.py:538} INFO - Filling up the DagBag from /home/ris/PycharmProjects/pythonProject/USA-housing/venv/lib/python3.10/site-packages/airflow/example_dags/example_dynamic_task_mapping.py
[2023-03-07T18:24:53.966+0530] {processor.py:753} INFO - DAG(s) dict_keys(['example_dynamic_task_mapping']) retrieved from /home/ris/PycharmProjects/pythonProject/USA-housing/venv/lib/python3.10/site-packages/airflow/example_dags/example_dynamic_task_mapping.py
[2023-03-07T18:24:53.988+0530] {logging_mixin.py:137} INFO - [2023-03-07T18:24:53.988+0530] {dag.py:2690} INFO - Sync 1 DAGs
[2023-03-07T18:24:54.009+0530] {logging_mixin.py:137} INFO - [2023-03-07T18:24:54.009+0530] {dag.py:3437} INFO - Setting next_dagrun for example_dynamic_task_mapping to 2022-03-04T00:00:00+00:00, run_after=2022-03-05T00:00:00+00:00
[2023-03-07T18:24:54.034+0530] {processor.py:175} INFO - Processing /home/ris/PycharmProjects/pythonProject/USA-housing/venv/lib/python3.10/site-packages/airflow/example_dags/example_dynamic_task_mapping.py took 0.094 seconds
[2023-03-07T18:25:40.457+0530] {processor.py:153} INFO - Started process (PID=8495) to work on /home/ris/PycharmProjects/pythonProject/USA-housing/venv/lib/python3.10/site-packages/airflow/example_dags/example_dynamic_task_mapping.py
[2023-03-07T18:25:40.461+0530] {processor.py:743} INFO - Processing file /home/ris/PycharmProjects/pythonProject/USA-housing/venv/lib/python3.10/site-packages/airflow/example_dags/example_dynamic_task_mapping.py for tasks to queue
[2023-03-07T18:25:40.464+0530] {logging_mixin.py:137} INFO - [2023-03-07T18:25:40.464+0530] {dagbag.py:538} INFO - Filling up the DagBag from /home/ris/PycharmProjects/pythonProject/USA-housing/venv/lib/python3.10/site-packages/airflow/example_dags/example_dynamic_task_mapping.py
[2023-03-07T18:25:40.498+0530] {processor.py:753} INFO - DAG(s) dict_keys(['example_dynamic_task_mapping']) retrieved from /home/ris/PycharmProjects/pythonProject/USA-housing/venv/lib/python3.10/site-packages/airflow/example_dags/example_dynamic_task_mapping.py
[2023-03-07T18:25:40.519+0530] {logging_mixin.py:137} INFO - [2023-03-07T18:25:40.519+0530] {dag.py:2690} INFO - Sync 1 DAGs
[2023-03-07T18:25:40.539+0530] {logging_mixin.py:137} INFO - [2023-03-07T18:25:40.539+0530] {dag.py:3437} INFO - Setting next_dagrun for example_dynamic_task_mapping to 2022-03-04T00:00:00+00:00, run_after=2022-03-05T00:00:00+00:00
[2023-03-07T18:25:40.563+0530] {processor.py:175} INFO - Processing /home/ris/PycharmProjects/pythonProject/USA-housing/venv/lib/python3.10/site-packages/airflow/example_dags/example_dynamic_task_mapping.py took 0.115 seconds
[2023-03-07T18:26:26.143+0530] {processor.py:153} INFO - Started process (PID=8588) to work on /home/ris/PycharmProjects/pythonProject/USA-housing/venv/lib/python3.10/site-packages/airflow/example_dags/example_dynamic_task_mapping.py
[2023-03-07T18:26:26.144+0530] {processor.py:743} INFO - Processing file /home/ris/PycharmProjects/pythonProject/USA-housing/venv/lib/python3.10/site-packages/airflow/example_dags/example_dynamic_task_mapping.py for tasks to queue
[2023-03-07T18:26:26.146+0530] {logging_mixin.py:137} INFO - [2023-03-07T18:26:26.146+0530] {dagbag.py:538} INFO - Filling up the DagBag from /home/ris/PycharmProjects/pythonProject/USA-housing/venv/lib/python3.10/site-packages/airflow/example_dags/example_dynamic_task_mapping.py
[2023-03-07T18:26:26.178+0530] {processor.py:753} INFO - DAG(s) dict_keys(['example_dynamic_task_mapping']) retrieved from /home/ris/PycharmProjects/pythonProject/USA-housing/venv/lib/python3.10/site-packages/airflow/example_dags/example_dynamic_task_mapping.py
[2023-03-07T18:26:26.212+0530] {logging_mixin.py:137} INFO - [2023-03-07T18:26:26.212+0530] {dag.py:2690} INFO - Sync 1 DAGs
[2023-03-07T18:26:26.237+0530] {logging_mixin.py:137} INFO - [2023-03-07T18:26:26.237+0530] {dag.py:3437} INFO - Setting next_dagrun for example_dynamic_task_mapping to 2022-03-04T00:00:00+00:00, run_after=2022-03-05T00:00:00+00:00
[2023-03-07T18:26:26.260+0530] {processor.py:175} INFO - Processing /home/ris/PycharmProjects/pythonProject/USA-housing/venv/lib/python3.10/site-packages/airflow/example_dags/example_dynamic_task_mapping.py took 0.122 seconds
[2023-03-07T18:27:08.482+0530] {processor.py:153} INFO - Started process (PID=8670) to work on /home/ris/PycharmProjects/pythonProject/USA-housing/venv/lib/python3.10/site-packages/airflow/example_dags/example_dynamic_task_mapping.py
[2023-03-07T18:27:08.484+0530] {processor.py:743} INFO - Processing file /home/ris/PycharmProjects/pythonProject/USA-housing/venv/lib/python3.10/site-packages/airflow/example_dags/example_dynamic_task_mapping.py for tasks to queue
[2023-03-07T18:27:08.484+0530] {logging_mixin.py:137} INFO - [2023-03-07T18:27:08.484+0530] {dagbag.py:538} INFO - Filling up the DagBag from /home/ris/PycharmProjects/pythonProject/USA-housing/venv/lib/python3.10/site-packages/airflow/example_dags/example_dynamic_task_mapping.py
[2023-03-07T18:27:08.503+0530] {processor.py:753} INFO - DAG(s) dict_keys(['example_dynamic_task_mapping']) retrieved from /home/ris/PycharmProjects/pythonProject/USA-housing/venv/lib/python3.10/site-packages/airflow/example_dags/example_dynamic_task_mapping.py
[2023-03-07T18:27:08.524+0530] {logging_mixin.py:137} INFO - [2023-03-07T18:27:08.524+0530] {dag.py:2690} INFO - Sync 1 DAGs
[2023-03-07T18:27:08.546+0530] {logging_mixin.py:137} INFO - [2023-03-07T18:27:08.546+0530] {dag.py:3437} INFO - Setting next_dagrun for example_dynamic_task_mapping to 2022-03-04T00:00:00+00:00, run_after=2022-03-05T00:00:00+00:00
[2023-03-07T18:27:08.573+0530] {processor.py:175} INFO - Processing /home/ris/PycharmProjects/pythonProject/USA-housing/venv/lib/python3.10/site-packages/airflow/example_dags/example_dynamic_task_mapping.py took 0.095 seconds
[2023-03-07T18:27:52.890+0530] {processor.py:153} INFO - Started process (PID=8720) to work on /home/ris/PycharmProjects/pythonProject/USA-housing/venv/lib/python3.10/site-packages/airflow/example_dags/example_dynamic_task_mapping.py
[2023-03-07T18:27:52.892+0530] {processor.py:743} INFO - Processing file /home/ris/PycharmProjects/pythonProject/USA-housing/venv/lib/python3.10/site-packages/airflow/example_dags/example_dynamic_task_mapping.py for tasks to queue
[2023-03-07T18:27:52.892+0530] {logging_mixin.py:137} INFO - [2023-03-07T18:27:52.892+0530] {dagbag.py:538} INFO - Filling up the DagBag from /home/ris/PycharmProjects/pythonProject/USA-housing/venv/lib/python3.10/site-packages/airflow/example_dags/example_dynamic_task_mapping.py
[2023-03-07T18:27:52.911+0530] {processor.py:753} INFO - DAG(s) dict_keys(['example_dynamic_task_mapping']) retrieved from /home/ris/PycharmProjects/pythonProject/USA-housing/venv/lib/python3.10/site-packages/airflow/example_dags/example_dynamic_task_mapping.py
[2023-03-07T18:27:52.932+0530] {logging_mixin.py:137} INFO - [2023-03-07T18:27:52.931+0530] {dag.py:2690} INFO - Sync 1 DAGs
[2023-03-07T18:27:52.950+0530] {logging_mixin.py:137} INFO - [2023-03-07T18:27:52.949+0530] {dag.py:3437} INFO - Setting next_dagrun for example_dynamic_task_mapping to 2022-03-04T00:00:00+00:00, run_after=2022-03-05T00:00:00+00:00
[2023-03-07T18:27:52.971+0530] {processor.py:175} INFO - Processing /home/ris/PycharmProjects/pythonProject/USA-housing/venv/lib/python3.10/site-packages/airflow/example_dags/example_dynamic_task_mapping.py took 0.085 seconds
[2023-03-07T18:28:37.191+0530] {processor.py:153} INFO - Started process (PID=8781) to work on /home/ris/PycharmProjects/pythonProject/USA-housing/venv/lib/python3.10/site-packages/airflow/example_dags/example_dynamic_task_mapping.py
[2023-03-07T18:28:37.193+0530] {processor.py:743} INFO - Processing file /home/ris/PycharmProjects/pythonProject/USA-housing/venv/lib/python3.10/site-packages/airflow/example_dags/example_dynamic_task_mapping.py for tasks to queue
[2023-03-07T18:28:37.193+0530] {logging_mixin.py:137} INFO - [2023-03-07T18:28:37.193+0530] {dagbag.py:538} INFO - Filling up the DagBag from /home/ris/PycharmProjects/pythonProject/USA-housing/venv/lib/python3.10/site-packages/airflow/example_dags/example_dynamic_task_mapping.py
[2023-03-07T18:28:37.209+0530] {processor.py:753} INFO - DAG(s) dict_keys(['example_dynamic_task_mapping']) retrieved from /home/ris/PycharmProjects/pythonProject/USA-housing/venv/lib/python3.10/site-packages/airflow/example_dags/example_dynamic_task_mapping.py
[2023-03-07T18:28:37.226+0530] {logging_mixin.py:137} INFO - [2023-03-07T18:28:37.226+0530] {dag.py:2690} INFO - Sync 1 DAGs
[2023-03-07T18:28:37.243+0530] {logging_mixin.py:137} INFO - [2023-03-07T18:28:37.243+0530] {dag.py:3437} INFO - Setting next_dagrun for example_dynamic_task_mapping to 2022-03-04T00:00:00+00:00, run_after=2022-03-05T00:00:00+00:00
[2023-03-07T18:28:37.262+0530] {processor.py:175} INFO - Processing /home/ris/PycharmProjects/pythonProject/USA-housing/venv/lib/python3.10/site-packages/airflow/example_dags/example_dynamic_task_mapping.py took 0.074 seconds
[2023-03-07T18:29:18.212+0530] {processor.py:153} INFO - Started process (PID=8834) to work on /home/ris/PycharmProjects/pythonProject/USA-housing/venv/lib/python3.10/site-packages/airflow/example_dags/example_dynamic_task_mapping.py
[2023-03-07T18:29:18.214+0530] {processor.py:743} INFO - Processing file /home/ris/PycharmProjects/pythonProject/USA-housing/venv/lib/python3.10/site-packages/airflow/example_dags/example_dynamic_task_mapping.py for tasks to queue
[2023-03-07T18:29:18.215+0530] {logging_mixin.py:137} INFO - [2023-03-07T18:29:18.215+0530] {dagbag.py:538} INFO - Filling up the DagBag from /home/ris/PycharmProjects/pythonProject/USA-housing/venv/lib/python3.10/site-packages/airflow/example_dags/example_dynamic_task_mapping.py
[2023-03-07T18:29:18.234+0530] {processor.py:753} INFO - DAG(s) dict_keys(['example_dynamic_task_mapping']) retrieved from /home/ris/PycharmProjects/pythonProject/USA-housing/venv/lib/python3.10/site-packages/airflow/example_dags/example_dynamic_task_mapping.py
[2023-03-07T18:29:18.252+0530] {logging_mixin.py:137} INFO - [2023-03-07T18:29:18.252+0530] {dag.py:2690} INFO - Sync 1 DAGs
[2023-03-07T18:29:18.268+0530] {logging_mixin.py:137} INFO - [2023-03-07T18:29:18.268+0530] {dag.py:3437} INFO - Setting next_dagrun for example_dynamic_task_mapping to 2022-03-04T00:00:00+00:00, run_after=2022-03-05T00:00:00+00:00
[2023-03-07T18:29:18.287+0530] {processor.py:175} INFO - Processing /home/ris/PycharmProjects/pythonProject/USA-housing/venv/lib/python3.10/site-packages/airflow/example_dags/example_dynamic_task_mapping.py took 0.077 seconds
[2023-03-07T18:30:04.325+0530] {processor.py:153} INFO - Started process (PID=8887) to work on /home/ris/PycharmProjects/pythonProject/USA-housing/venv/lib/python3.10/site-packages/airflow/example_dags/example_dynamic_task_mapping.py
[2023-03-07T18:30:04.327+0530] {processor.py:743} INFO - Processing file /home/ris/PycharmProjects/pythonProject/USA-housing/venv/lib/python3.10/site-packages/airflow/example_dags/example_dynamic_task_mapping.py for tasks to queue
[2023-03-07T18:30:04.328+0530] {logging_mixin.py:137} INFO - [2023-03-07T18:30:04.328+0530] {dagbag.py:538} INFO - Filling up the DagBag from /home/ris/PycharmProjects/pythonProject/USA-housing/venv/lib/python3.10/site-packages/airflow/example_dags/example_dynamic_task_mapping.py
[2023-03-07T18:30:04.342+0530] {processor.py:753} INFO - DAG(s) dict_keys(['example_dynamic_task_mapping']) retrieved from /home/ris/PycharmProjects/pythonProject/USA-housing/venv/lib/python3.10/site-packages/airflow/example_dags/example_dynamic_task_mapping.py
[2023-03-07T18:30:04.358+0530] {logging_mixin.py:137} INFO - [2023-03-07T18:30:04.358+0530] {dag.py:2690} INFO - Sync 1 DAGs
[2023-03-07T18:30:04.376+0530] {logging_mixin.py:137} INFO - [2023-03-07T18:30:04.376+0530] {dag.py:3437} INFO - Setting next_dagrun for example_dynamic_task_mapping to 2022-03-04T00:00:00+00:00, run_after=2022-03-05T00:00:00+00:00
[2023-03-07T18:30:04.395+0530] {processor.py:175} INFO - Processing /home/ris/PycharmProjects/pythonProject/USA-housing/venv/lib/python3.10/site-packages/airflow/example_dags/example_dynamic_task_mapping.py took 0.071 seconds
[2023-03-07T18:30:55.072+0530] {processor.py:153} INFO - Started process (PID=8986) to work on /home/ris/PycharmProjects/pythonProject/USA-housing/venv/lib/python3.10/site-packages/airflow/example_dags/example_dynamic_task_mapping.py
[2023-03-07T18:30:55.073+0530] {processor.py:743} INFO - Processing file /home/ris/PycharmProjects/pythonProject/USA-housing/venv/lib/python3.10/site-packages/airflow/example_dags/example_dynamic_task_mapping.py for tasks to queue
[2023-03-07T18:30:55.074+0530] {logging_mixin.py:137} INFO - [2023-03-07T18:30:55.074+0530] {dagbag.py:538} INFO - Filling up the DagBag from /home/ris/PycharmProjects/pythonProject/USA-housing/venv/lib/python3.10/site-packages/airflow/example_dags/example_dynamic_task_mapping.py
[2023-03-07T18:30:55.089+0530] {processor.py:753} INFO - DAG(s) dict_keys(['example_dynamic_task_mapping']) retrieved from /home/ris/PycharmProjects/pythonProject/USA-housing/venv/lib/python3.10/site-packages/airflow/example_dags/example_dynamic_task_mapping.py
[2023-03-07T18:30:55.106+0530] {logging_mixin.py:137} INFO - [2023-03-07T18:30:55.106+0530] {dag.py:2690} INFO - Sync 1 DAGs
[2023-03-07T18:30:55.122+0530] {logging_mixin.py:137} INFO - [2023-03-07T18:30:55.122+0530] {dag.py:3437} INFO - Setting next_dagrun for example_dynamic_task_mapping to 2022-03-04T00:00:00+00:00, run_after=2022-03-05T00:00:00+00:00
[2023-03-07T18:30:55.141+0530] {processor.py:175} INFO - Processing /home/ris/PycharmProjects/pythonProject/USA-housing/venv/lib/python3.10/site-packages/airflow/example_dags/example_dynamic_task_mapping.py took 0.071 seconds
[2023-03-07T18:31:48.492+0530] {processor.py:153} INFO - Started process (PID=9074) to work on /home/ris/PycharmProjects/pythonProject/USA-housing/venv/lib/python3.10/site-packages/airflow/example_dags/example_dynamic_task_mapping.py
[2023-03-07T18:31:48.493+0530] {processor.py:743} INFO - Processing file /home/ris/PycharmProjects/pythonProject/USA-housing/venv/lib/python3.10/site-packages/airflow/example_dags/example_dynamic_task_mapping.py for tasks to queue
[2023-03-07T18:31:48.494+0530] {logging_mixin.py:137} INFO - [2023-03-07T18:31:48.494+0530] {dagbag.py:538} INFO - Filling up the DagBag from /home/ris/PycharmProjects/pythonProject/USA-housing/venv/lib/python3.10/site-packages/airflow/example_dags/example_dynamic_task_mapping.py
[2023-03-07T18:31:48.511+0530] {processor.py:753} INFO - DAG(s) dict_keys(['example_dynamic_task_mapping']) retrieved from /home/ris/PycharmProjects/pythonProject/USA-housing/venv/lib/python3.10/site-packages/airflow/example_dags/example_dynamic_task_mapping.py
[2023-03-07T18:31:48.529+0530] {logging_mixin.py:137} INFO - [2023-03-07T18:31:48.529+0530] {dag.py:2690} INFO - Sync 1 DAGs
[2023-03-07T18:31:48.545+0530] {logging_mixin.py:137} INFO - [2023-03-07T18:31:48.545+0530] {dag.py:3437} INFO - Setting next_dagrun for example_dynamic_task_mapping to 2022-03-04T00:00:00+00:00, run_after=2022-03-05T00:00:00+00:00
[2023-03-07T18:31:48.565+0530] {processor.py:175} INFO - Processing /home/ris/PycharmProjects/pythonProject/USA-housing/venv/lib/python3.10/site-packages/airflow/example_dags/example_dynamic_task_mapping.py took 0.076 seconds
[2023-03-07T18:32:34.332+0530] {processor.py:153} INFO - Started process (PID=9127) to work on /home/ris/PycharmProjects/pythonProject/USA-housing/venv/lib/python3.10/site-packages/airflow/example_dags/example_dynamic_task_mapping.py
[2023-03-07T18:32:34.333+0530] {processor.py:743} INFO - Processing file /home/ris/PycharmProjects/pythonProject/USA-housing/venv/lib/python3.10/site-packages/airflow/example_dags/example_dynamic_task_mapping.py for tasks to queue
[2023-03-07T18:32:34.334+0530] {logging_mixin.py:137} INFO - [2023-03-07T18:32:34.334+0530] {dagbag.py:538} INFO - Filling up the DagBag from /home/ris/PycharmProjects/pythonProject/USA-housing/venv/lib/python3.10/site-packages/airflow/example_dags/example_dynamic_task_mapping.py
[2023-03-07T18:32:34.348+0530] {processor.py:753} INFO - DAG(s) dict_keys(['example_dynamic_task_mapping']) retrieved from /home/ris/PycharmProjects/pythonProject/USA-housing/venv/lib/python3.10/site-packages/airflow/example_dags/example_dynamic_task_mapping.py
[2023-03-07T18:32:34.363+0530] {logging_mixin.py:137} INFO - [2023-03-07T18:32:34.363+0530] {dag.py:2690} INFO - Sync 1 DAGs
[2023-03-07T18:32:34.379+0530] {logging_mixin.py:137} INFO - [2023-03-07T18:32:34.379+0530] {dag.py:3437} INFO - Setting next_dagrun for example_dynamic_task_mapping to 2022-03-04T00:00:00+00:00, run_after=2022-03-05T00:00:00+00:00
[2023-03-07T18:32:34.398+0530] {processor.py:175} INFO - Processing /home/ris/PycharmProjects/pythonProject/USA-housing/venv/lib/python3.10/site-packages/airflow/example_dags/example_dynamic_task_mapping.py took 0.069 seconds
[2023-03-07T18:33:24.813+0530] {processor.py:153} INFO - Started process (PID=9183) to work on /home/ris/PycharmProjects/pythonProject/USA-housing/venv/lib/python3.10/site-packages/airflow/example_dags/example_dynamic_task_mapping.py
[2023-03-07T18:33:24.815+0530] {processor.py:743} INFO - Processing file /home/ris/PycharmProjects/pythonProject/USA-housing/venv/lib/python3.10/site-packages/airflow/example_dags/example_dynamic_task_mapping.py for tasks to queue
[2023-03-07T18:33:24.815+0530] {logging_mixin.py:137} INFO - [2023-03-07T18:33:24.815+0530] {dagbag.py:538} INFO - Filling up the DagBag from /home/ris/PycharmProjects/pythonProject/USA-housing/venv/lib/python3.10/site-packages/airflow/example_dags/example_dynamic_task_mapping.py
[2023-03-07T18:33:24.830+0530] {processor.py:753} INFO - DAG(s) dict_keys(['example_dynamic_task_mapping']) retrieved from /home/ris/PycharmProjects/pythonProject/USA-housing/venv/lib/python3.10/site-packages/airflow/example_dags/example_dynamic_task_mapping.py
[2023-03-07T18:33:24.848+0530] {logging_mixin.py:137} INFO - [2023-03-07T18:33:24.847+0530] {dag.py:2690} INFO - Sync 1 DAGs
[2023-03-07T18:33:24.864+0530] {logging_mixin.py:137} INFO - [2023-03-07T18:33:24.864+0530] {dag.py:3437} INFO - Setting next_dagrun for example_dynamic_task_mapping to 2022-03-04T00:00:00+00:00, run_after=2022-03-05T00:00:00+00:00
[2023-03-07T18:33:24.882+0530] {processor.py:175} INFO - Processing /home/ris/PycharmProjects/pythonProject/USA-housing/venv/lib/python3.10/site-packages/airflow/example_dags/example_dynamic_task_mapping.py took 0.072 seconds
[2023-03-07T18:34:11.997+0530] {processor.py:153} INFO - Started process (PID=9236) to work on /home/ris/PycharmProjects/pythonProject/USA-housing/venv/lib/python3.10/site-packages/airflow/example_dags/example_dynamic_task_mapping.py
[2023-03-07T18:34:11.999+0530] {processor.py:743} INFO - Processing file /home/ris/PycharmProjects/pythonProject/USA-housing/venv/lib/python3.10/site-packages/airflow/example_dags/example_dynamic_task_mapping.py for tasks to queue
[2023-03-07T18:34:11.999+0530] {logging_mixin.py:137} INFO - [2023-03-07T18:34:11.999+0530] {dagbag.py:538} INFO - Filling up the DagBag from /home/ris/PycharmProjects/pythonProject/USA-housing/venv/lib/python3.10/site-packages/airflow/example_dags/example_dynamic_task_mapping.py
[2023-03-07T18:34:12.013+0530] {processor.py:753} INFO - DAG(s) dict_keys(['example_dynamic_task_mapping']) retrieved from /home/ris/PycharmProjects/pythonProject/USA-housing/venv/lib/python3.10/site-packages/airflow/example_dags/example_dynamic_task_mapping.py
[2023-03-07T18:34:12.029+0530] {logging_mixin.py:137} INFO - [2023-03-07T18:34:12.029+0530] {dag.py:2690} INFO - Sync 1 DAGs
[2023-03-07T18:34:12.046+0530] {logging_mixin.py:137} INFO - [2023-03-07T18:34:12.046+0530] {dag.py:3437} INFO - Setting next_dagrun for example_dynamic_task_mapping to 2022-03-04T00:00:00+00:00, run_after=2022-03-05T00:00:00+00:00
[2023-03-07T18:34:12.067+0530] {processor.py:175} INFO - Processing /home/ris/PycharmProjects/pythonProject/USA-housing/venv/lib/python3.10/site-packages/airflow/example_dags/example_dynamic_task_mapping.py took 0.073 seconds
[2023-03-07T18:34:57.895+0530] {processor.py:153} INFO - Started process (PID=9289) to work on /home/ris/PycharmProjects/pythonProject/USA-housing/venv/lib/python3.10/site-packages/airflow/example_dags/example_dynamic_task_mapping.py
[2023-03-07T18:34:57.897+0530] {processor.py:743} INFO - Processing file /home/ris/PycharmProjects/pythonProject/USA-housing/venv/lib/python3.10/site-packages/airflow/example_dags/example_dynamic_task_mapping.py for tasks to queue
[2023-03-07T18:34:57.898+0530] {logging_mixin.py:137} INFO - [2023-03-07T18:34:57.898+0530] {dagbag.py:538} INFO - Filling up the DagBag from /home/ris/PycharmProjects/pythonProject/USA-housing/venv/lib/python3.10/site-packages/airflow/example_dags/example_dynamic_task_mapping.py
[2023-03-07T18:34:57.913+0530] {processor.py:753} INFO - DAG(s) dict_keys(['example_dynamic_task_mapping']) retrieved from /home/ris/PycharmProjects/pythonProject/USA-housing/venv/lib/python3.10/site-packages/airflow/example_dags/example_dynamic_task_mapping.py
[2023-03-07T18:34:57.931+0530] {logging_mixin.py:137} INFO - [2023-03-07T18:34:57.930+0530] {dag.py:2690} INFO - Sync 1 DAGs
[2023-03-07T18:34:57.948+0530] {logging_mixin.py:137} INFO - [2023-03-07T18:34:57.948+0530] {dag.py:3437} INFO - Setting next_dagrun for example_dynamic_task_mapping to 2022-03-04T00:00:00+00:00, run_after=2022-03-05T00:00:00+00:00
[2023-03-07T18:34:57.968+0530] {processor.py:175} INFO - Processing /home/ris/PycharmProjects/pythonProject/USA-housing/venv/lib/python3.10/site-packages/airflow/example_dags/example_dynamic_task_mapping.py took 0.076 seconds
[2023-03-07T18:35:47.553+0530] {processor.py:153} INFO - Started process (PID=9366) to work on /home/ris/PycharmProjects/pythonProject/USA-housing/venv/lib/python3.10/site-packages/airflow/example_dags/example_dynamic_task_mapping.py
[2023-03-07T18:35:47.555+0530] {processor.py:743} INFO - Processing file /home/ris/PycharmProjects/pythonProject/USA-housing/venv/lib/python3.10/site-packages/airflow/example_dags/example_dynamic_task_mapping.py for tasks to queue
[2023-03-07T18:35:47.555+0530] {logging_mixin.py:137} INFO - [2023-03-07T18:35:47.555+0530] {dagbag.py:538} INFO - Filling up the DagBag from /home/ris/PycharmProjects/pythonProject/USA-housing/venv/lib/python3.10/site-packages/airflow/example_dags/example_dynamic_task_mapping.py
[2023-03-07T18:35:47.570+0530] {processor.py:753} INFO - DAG(s) dict_keys(['example_dynamic_task_mapping']) retrieved from /home/ris/PycharmProjects/pythonProject/USA-housing/venv/lib/python3.10/site-packages/airflow/example_dags/example_dynamic_task_mapping.py
[2023-03-07T18:35:47.588+0530] {logging_mixin.py:137} INFO - [2023-03-07T18:35:47.587+0530] {dag.py:2690} INFO - Sync 1 DAGs
[2023-03-07T18:35:47.603+0530] {logging_mixin.py:137} INFO - [2023-03-07T18:35:47.603+0530] {dag.py:3437} INFO - Setting next_dagrun for example_dynamic_task_mapping to 2022-03-04T00:00:00+00:00, run_after=2022-03-05T00:00:00+00:00
[2023-03-07T18:35:47.623+0530] {processor.py:175} INFO - Processing /home/ris/PycharmProjects/pythonProject/USA-housing/venv/lib/python3.10/site-packages/airflow/example_dags/example_dynamic_task_mapping.py took 0.072 seconds
[2023-03-07T18:36:36.629+0530] {processor.py:153} INFO - Started process (PID=9420) to work on /home/ris/PycharmProjects/pythonProject/USA-housing/venv/lib/python3.10/site-packages/airflow/example_dags/example_dynamic_task_mapping.py
[2023-03-07T18:36:36.630+0530] {processor.py:743} INFO - Processing file /home/ris/PycharmProjects/pythonProject/USA-housing/venv/lib/python3.10/site-packages/airflow/example_dags/example_dynamic_task_mapping.py for tasks to queue
[2023-03-07T18:36:36.631+0530] {logging_mixin.py:137} INFO - [2023-03-07T18:36:36.631+0530] {dagbag.py:538} INFO - Filling up the DagBag from /home/ris/PycharmProjects/pythonProject/USA-housing/venv/lib/python3.10/site-packages/airflow/example_dags/example_dynamic_task_mapping.py
[2023-03-07T18:36:36.644+0530] {processor.py:753} INFO - DAG(s) dict_keys(['example_dynamic_task_mapping']) retrieved from /home/ris/PycharmProjects/pythonProject/USA-housing/venv/lib/python3.10/site-packages/airflow/example_dags/example_dynamic_task_mapping.py
[2023-03-07T18:36:36.661+0530] {logging_mixin.py:137} INFO - [2023-03-07T18:36:36.661+0530] {dag.py:2690} INFO - Sync 1 DAGs
[2023-03-07T18:36:36.676+0530] {logging_mixin.py:137} INFO - [2023-03-07T18:36:36.675+0530] {dag.py:3437} INFO - Setting next_dagrun for example_dynamic_task_mapping to 2022-03-04T00:00:00+00:00, run_after=2022-03-05T00:00:00+00:00
[2023-03-07T18:36:36.694+0530] {processor.py:175} INFO - Processing /home/ris/PycharmProjects/pythonProject/USA-housing/venv/lib/python3.10/site-packages/airflow/example_dags/example_dynamic_task_mapping.py took 0.068 seconds
[2023-03-07T18:37:28.352+0530] {processor.py:153} INFO - Started process (PID=9518) to work on /home/ris/PycharmProjects/pythonProject/USA-housing/venv/lib/python3.10/site-packages/airflow/example_dags/example_dynamic_task_mapping.py
[2023-03-07T18:37:28.353+0530] {processor.py:743} INFO - Processing file /home/ris/PycharmProjects/pythonProject/USA-housing/venv/lib/python3.10/site-packages/airflow/example_dags/example_dynamic_task_mapping.py for tasks to queue
[2023-03-07T18:37:28.354+0530] {logging_mixin.py:137} INFO - [2023-03-07T18:37:28.354+0530] {dagbag.py:538} INFO - Filling up the DagBag from /home/ris/PycharmProjects/pythonProject/USA-housing/venv/lib/python3.10/site-packages/airflow/example_dags/example_dynamic_task_mapping.py
[2023-03-07T18:37:28.369+0530] {processor.py:753} INFO - DAG(s) dict_keys(['example_dynamic_task_mapping']) retrieved from /home/ris/PycharmProjects/pythonProject/USA-housing/venv/lib/python3.10/site-packages/airflow/example_dags/example_dynamic_task_mapping.py
[2023-03-07T18:37:28.388+0530] {logging_mixin.py:137} INFO - [2023-03-07T18:37:28.387+0530] {dag.py:2690} INFO - Sync 1 DAGs
[2023-03-07T18:37:28.404+0530] {logging_mixin.py:137} INFO - [2023-03-07T18:37:28.404+0530] {dag.py:3437} INFO - Setting next_dagrun for example_dynamic_task_mapping to 2022-03-04T00:00:00+00:00, run_after=2022-03-05T00:00:00+00:00
[2023-03-07T18:37:28.423+0530] {processor.py:175} INFO - Processing /home/ris/PycharmProjects/pythonProject/USA-housing/venv/lib/python3.10/site-packages/airflow/example_dags/example_dynamic_task_mapping.py took 0.074 seconds
[2023-03-07T18:38:18.707+0530] {processor.py:153} INFO - Started process (PID=9577) to work on /home/ris/PycharmProjects/pythonProject/USA-housing/venv/lib/python3.10/site-packages/airflow/example_dags/example_dynamic_task_mapping.py
[2023-03-07T18:38:18.709+0530] {processor.py:743} INFO - Processing file /home/ris/PycharmProjects/pythonProject/USA-housing/venv/lib/python3.10/site-packages/airflow/example_dags/example_dynamic_task_mapping.py for tasks to queue
[2023-03-07T18:38:18.710+0530] {logging_mixin.py:137} INFO - [2023-03-07T18:38:18.710+0530] {dagbag.py:538} INFO - Filling up the DagBag from /home/ris/PycharmProjects/pythonProject/USA-housing/venv/lib/python3.10/site-packages/airflow/example_dags/example_dynamic_task_mapping.py
[2023-03-07T18:38:18.727+0530] {processor.py:753} INFO - DAG(s) dict_keys(['example_dynamic_task_mapping']) retrieved from /home/ris/PycharmProjects/pythonProject/USA-housing/venv/lib/python3.10/site-packages/airflow/example_dags/example_dynamic_task_mapping.py
[2023-03-07T18:38:18.743+0530] {logging_mixin.py:137} INFO - [2023-03-07T18:38:18.742+0530] {dag.py:2690} INFO - Sync 1 DAGs
[2023-03-07T18:38:18.757+0530] {logging_mixin.py:137} INFO - [2023-03-07T18:38:18.757+0530] {dag.py:3437} INFO - Setting next_dagrun for example_dynamic_task_mapping to 2022-03-04T00:00:00+00:00, run_after=2022-03-05T00:00:00+00:00
[2023-03-07T18:38:18.775+0530] {processor.py:175} INFO - Processing /home/ris/PycharmProjects/pythonProject/USA-housing/venv/lib/python3.10/site-packages/airflow/example_dags/example_dynamic_task_mapping.py took 0.073 seconds
[2023-03-07T18:39:10.191+0530] {processor.py:153} INFO - Started process (PID=9659) to work on /home/ris/PycharmProjects/pythonProject/USA-housing/venv/lib/python3.10/site-packages/airflow/example_dags/example_dynamic_task_mapping.py
[2023-03-07T18:39:10.193+0530] {processor.py:743} INFO - Processing file /home/ris/PycharmProjects/pythonProject/USA-housing/venv/lib/python3.10/site-packages/airflow/example_dags/example_dynamic_task_mapping.py for tasks to queue
[2023-03-07T18:39:10.195+0530] {logging_mixin.py:137} INFO - [2023-03-07T18:39:10.194+0530] {dagbag.py:538} INFO - Filling up the DagBag from /home/ris/PycharmProjects/pythonProject/USA-housing/venv/lib/python3.10/site-packages/airflow/example_dags/example_dynamic_task_mapping.py
[2023-03-07T18:39:10.223+0530] {processor.py:753} INFO - DAG(s) dict_keys(['example_dynamic_task_mapping']) retrieved from /home/ris/PycharmProjects/pythonProject/USA-housing/venv/lib/python3.10/site-packages/airflow/example_dags/example_dynamic_task_mapping.py
[2023-03-07T18:39:10.241+0530] {logging_mixin.py:137} INFO - [2023-03-07T18:39:10.241+0530] {dag.py:2690} INFO - Sync 1 DAGs
[2023-03-07T18:39:10.255+0530] {logging_mixin.py:137} INFO - [2023-03-07T18:39:10.255+0530] {dag.py:3437} INFO - Setting next_dagrun for example_dynamic_task_mapping to 2022-03-04T00:00:00+00:00, run_after=2022-03-05T00:00:00+00:00
[2023-03-07T18:39:10.271+0530] {processor.py:175} INFO - Processing /home/ris/PycharmProjects/pythonProject/USA-housing/venv/lib/python3.10/site-packages/airflow/example_dags/example_dynamic_task_mapping.py took 0.084 seconds
[2023-03-07T18:39:51.852+0530] {processor.py:153} INFO - Started process (PID=9707) to work on /home/ris/PycharmProjects/pythonProject/USA-housing/venv/lib/python3.10/site-packages/airflow/example_dags/example_dynamic_task_mapping.py
[2023-03-07T18:39:51.854+0530] {processor.py:743} INFO - Processing file /home/ris/PycharmProjects/pythonProject/USA-housing/venv/lib/python3.10/site-packages/airflow/example_dags/example_dynamic_task_mapping.py for tasks to queue
[2023-03-07T18:39:51.856+0530] {logging_mixin.py:137} INFO - [2023-03-07T18:39:51.855+0530] {dagbag.py:538} INFO - Filling up the DagBag from /home/ris/PycharmProjects/pythonProject/USA-housing/venv/lib/python3.10/site-packages/airflow/example_dags/example_dynamic_task_mapping.py
[2023-03-07T18:39:51.884+0530] {processor.py:753} INFO - DAG(s) dict_keys(['example_dynamic_task_mapping']) retrieved from /home/ris/PycharmProjects/pythonProject/USA-housing/venv/lib/python3.10/site-packages/airflow/example_dags/example_dynamic_task_mapping.py
[2023-03-07T18:39:51.905+0530] {logging_mixin.py:137} INFO - [2023-03-07T18:39:51.904+0530] {dag.py:2690} INFO - Sync 1 DAGs
[2023-03-07T18:39:51.918+0530] {logging_mixin.py:137} INFO - [2023-03-07T18:39:51.918+0530] {dag.py:3437} INFO - Setting next_dagrun for example_dynamic_task_mapping to 2022-03-04T00:00:00+00:00, run_after=2022-03-05T00:00:00+00:00
[2023-03-07T18:39:51.936+0530] {processor.py:175} INFO - Processing /home/ris/PycharmProjects/pythonProject/USA-housing/venv/lib/python3.10/site-packages/airflow/example_dags/example_dynamic_task_mapping.py took 0.088 seconds
[2023-03-07T18:40:34.763+0530] {processor.py:153} INFO - Started process (PID=9752) to work on /home/ris/PycharmProjects/pythonProject/USA-housing/venv/lib/python3.10/site-packages/airflow/example_dags/example_dynamic_task_mapping.py
[2023-03-07T18:40:34.766+0530] {processor.py:743} INFO - Processing file /home/ris/PycharmProjects/pythonProject/USA-housing/venv/lib/python3.10/site-packages/airflow/example_dags/example_dynamic_task_mapping.py for tasks to queue
[2023-03-07T18:40:34.767+0530] {logging_mixin.py:137} INFO - [2023-03-07T18:40:34.767+0530] {dagbag.py:538} INFO - Filling up the DagBag from /home/ris/PycharmProjects/pythonProject/USA-housing/venv/lib/python3.10/site-packages/airflow/example_dags/example_dynamic_task_mapping.py
[2023-03-07T18:40:34.796+0530] {processor.py:753} INFO - DAG(s) dict_keys(['example_dynamic_task_mapping']) retrieved from /home/ris/PycharmProjects/pythonProject/USA-housing/venv/lib/python3.10/site-packages/airflow/example_dags/example_dynamic_task_mapping.py
[2023-03-07T18:40:34.814+0530] {logging_mixin.py:137} INFO - [2023-03-07T18:40:34.813+0530] {dag.py:2690} INFO - Sync 1 DAGs
[2023-03-07T18:40:34.827+0530] {logging_mixin.py:137} INFO - [2023-03-07T18:40:34.827+0530] {dag.py:3437} INFO - Setting next_dagrun for example_dynamic_task_mapping to 2022-03-04T00:00:00+00:00, run_after=2022-03-05T00:00:00+00:00
[2023-03-07T18:40:34.842+0530] {processor.py:175} INFO - Processing /home/ris/PycharmProjects/pythonProject/USA-housing/venv/lib/python3.10/site-packages/airflow/example_dags/example_dynamic_task_mapping.py took 0.085 seconds
