[2023-03-07T16:10:39.806+0530] {processor.py:153} INFO - Started process (PID=14969) to work on /home/ris/PycharmProjects/pythonProject/USA-housing/venv/lib/python3.10/site-packages/airflow/example_dags/tutorial_taskflow_api.py
[2023-03-07T16:10:39.808+0530] {processor.py:743} INFO - Processing file /home/ris/PycharmProjects/pythonProject/USA-housing/venv/lib/python3.10/site-packages/airflow/example_dags/tutorial_taskflow_api.py for tasks to queue
[2023-03-07T16:10:39.810+0530] {logging_mixin.py:137} INFO - [2023-03-07T16:10:39.809+0530] {dagbag.py:538} INFO - Filling up the DagBag from /home/ris/PycharmProjects/pythonProject/USA-housing/venv/lib/python3.10/site-packages/airflow/example_dags/tutorial_taskflow_api.py
[2023-03-07T16:10:39.861+0530] {processor.py:753} INFO - DAG(s) dict_keys(['tutorial_taskflow_api']) retrieved from /home/ris/PycharmProjects/pythonProject/USA-housing/venv/lib/python3.10/site-packages/airflow/example_dags/tutorial_taskflow_api.py
[2023-03-07T16:10:39.897+0530] {logging_mixin.py:137} INFO - [2023-03-07T16:10:39.896+0530] {dag.py:2690} INFO - Sync 1 DAGs
[2023-03-07T16:10:39.941+0530] {logging_mixin.py:137} INFO - [2023-03-07T16:10:39.940+0530] {dag.py:3437} INFO - Setting next_dagrun for tutorial_taskflow_api to None, run_after=None
[2023-03-07T16:10:39.983+0530] {processor.py:175} INFO - Processing /home/ris/PycharmProjects/pythonProject/USA-housing/venv/lib/python3.10/site-packages/airflow/example_dags/tutorial_taskflow_api.py took 0.184 seconds
[2023-03-07T17:37:21.630+0530] {processor.py:153} INFO - Started process (PID=5551) to work on /home/ris/PycharmProjects/pythonProject/USA-housing/venv/lib/python3.10/site-packages/airflow/example_dags/tutorial_taskflow_api.py
[2023-03-07T17:37:21.633+0530] {processor.py:743} INFO - Processing file /home/ris/PycharmProjects/pythonProject/USA-housing/venv/lib/python3.10/site-packages/airflow/example_dags/tutorial_taskflow_api.py for tasks to queue
[2023-03-07T17:37:21.634+0530] {logging_mixin.py:137} INFO - [2023-03-07T17:37:21.633+0530] {dagbag.py:538} INFO - Filling up the DagBag from /home/ris/PycharmProjects/pythonProject/USA-housing/venv/lib/python3.10/site-packages/airflow/example_dags/tutorial_taskflow_api.py
[2023-03-07T17:37:21.667+0530] {processor.py:753} INFO - DAG(s) dict_keys(['tutorial_taskflow_api']) retrieved from /home/ris/PycharmProjects/pythonProject/USA-housing/venv/lib/python3.10/site-packages/airflow/example_dags/tutorial_taskflow_api.py
[2023-03-07T17:37:21.686+0530] {logging_mixin.py:137} INFO - [2023-03-07T17:37:21.686+0530] {dag.py:2690} INFO - Sync 1 DAGs
[2023-03-07T17:37:21.706+0530] {logging_mixin.py:137} INFO - [2023-03-07T17:37:21.706+0530] {dag.py:3437} INFO - Setting next_dagrun for tutorial_taskflow_api to None, run_after=None
[2023-03-07T17:37:21.724+0530] {processor.py:175} INFO - Processing /home/ris/PycharmProjects/pythonProject/USA-housing/venv/lib/python3.10/site-packages/airflow/example_dags/tutorial_taskflow_api.py took 0.100 seconds
[2023-03-07T17:38:40.973+0530] {processor.py:153} INFO - Started process (PID=5758) to work on /home/ris/PycharmProjects/pythonProject/USA-housing/venv/lib/python3.10/site-packages/airflow/example_dags/tutorial_taskflow_api.py
[2023-03-07T17:38:40.975+0530] {processor.py:743} INFO - Processing file /home/ris/PycharmProjects/pythonProject/USA-housing/venv/lib/python3.10/site-packages/airflow/example_dags/tutorial_taskflow_api.py for tasks to queue
[2023-03-07T17:38:40.975+0530] {logging_mixin.py:137} INFO - [2023-03-07T17:38:40.975+0530] {dagbag.py:538} INFO - Filling up the DagBag from /home/ris/PycharmProjects/pythonProject/USA-housing/venv/lib/python3.10/site-packages/airflow/example_dags/tutorial_taskflow_api.py
[2023-03-07T17:38:40.997+0530] {processor.py:753} INFO - DAG(s) dict_keys(['tutorial_taskflow_api']) retrieved from /home/ris/PycharmProjects/pythonProject/USA-housing/venv/lib/python3.10/site-packages/airflow/example_dags/tutorial_taskflow_api.py
[2023-03-07T17:38:41.016+0530] {logging_mixin.py:137} INFO - [2023-03-07T17:38:41.016+0530] {dag.py:2690} INFO - Sync 1 DAGs
[2023-03-07T17:38:41.039+0530] {logging_mixin.py:137} INFO - [2023-03-07T17:38:41.039+0530] {dag.py:3437} INFO - Setting next_dagrun for tutorial_taskflow_api to None, run_after=None
[2023-03-07T17:38:41.061+0530] {processor.py:175} INFO - Processing /home/ris/PycharmProjects/pythonProject/USA-housing/venv/lib/python3.10/site-packages/airflow/example_dags/tutorial_taskflow_api.py took 0.092 seconds
[2023-03-07T17:39:30.782+0530] {processor.py:153} INFO - Started process (PID=5818) to work on /home/ris/PycharmProjects/pythonProject/USA-housing/venv/lib/python3.10/site-packages/airflow/example_dags/tutorial_taskflow_api.py
[2023-03-07T17:39:30.784+0530] {processor.py:743} INFO - Processing file /home/ris/PycharmProjects/pythonProject/USA-housing/venv/lib/python3.10/site-packages/airflow/example_dags/tutorial_taskflow_api.py for tasks to queue
[2023-03-07T17:39:30.785+0530] {logging_mixin.py:137} INFO - [2023-03-07T17:39:30.784+0530] {dagbag.py:538} INFO - Filling up the DagBag from /home/ris/PycharmProjects/pythonProject/USA-housing/venv/lib/python3.10/site-packages/airflow/example_dags/tutorial_taskflow_api.py
[2023-03-07T17:39:30.809+0530] {processor.py:753} INFO - DAG(s) dict_keys(['tutorial_taskflow_api']) retrieved from /home/ris/PycharmProjects/pythonProject/USA-housing/venv/lib/python3.10/site-packages/airflow/example_dags/tutorial_taskflow_api.py
[2023-03-07T17:39:30.826+0530] {logging_mixin.py:137} INFO - [2023-03-07T17:39:30.826+0530] {dag.py:2690} INFO - Sync 1 DAGs
[2023-03-07T17:39:30.843+0530] {logging_mixin.py:137} INFO - [2023-03-07T17:39:30.843+0530] {dag.py:3437} INFO - Setting next_dagrun for tutorial_taskflow_api to None, run_after=None
[2023-03-07T17:39:30.861+0530] {processor.py:175} INFO - Processing /home/ris/PycharmProjects/pythonProject/USA-housing/venv/lib/python3.10/site-packages/airflow/example_dags/tutorial_taskflow_api.py took 0.083 seconds
[2023-03-07T17:59:19.212+0530] {processor.py:153} INFO - Started process (PID=5919) to work on /home/ris/PycharmProjects/pythonProject/USA-housing/venv/lib/python3.10/site-packages/airflow/example_dags/tutorial_taskflow_api.py
[2023-03-07T17:59:19.215+0530] {processor.py:743} INFO - Processing file /home/ris/PycharmProjects/pythonProject/USA-housing/venv/lib/python3.10/site-packages/airflow/example_dags/tutorial_taskflow_api.py for tasks to queue
[2023-03-07T17:59:19.215+0530] {logging_mixin.py:137} INFO - [2023-03-07T17:59:19.215+0530] {dagbag.py:538} INFO - Filling up the DagBag from /home/ris/PycharmProjects/pythonProject/USA-housing/venv/lib/python3.10/site-packages/airflow/example_dags/tutorial_taskflow_api.py
[2023-03-07T17:59:19.231+0530] {processor.py:753} INFO - DAG(s) dict_keys(['tutorial_taskflow_api']) retrieved from /home/ris/PycharmProjects/pythonProject/USA-housing/venv/lib/python3.10/site-packages/airflow/example_dags/tutorial_taskflow_api.py
[2023-03-07T17:59:19.248+0530] {logging_mixin.py:137} INFO - [2023-03-07T17:59:19.248+0530] {dag.py:2690} INFO - Sync 1 DAGs
[2023-03-07T17:59:19.264+0530] {logging_mixin.py:137} INFO - [2023-03-07T17:59:19.264+0530] {dag.py:3437} INFO - Setting next_dagrun for tutorial_taskflow_api to None, run_after=None
[2023-03-07T17:59:19.288+0530] {processor.py:175} INFO - Processing /home/ris/PycharmProjects/pythonProject/USA-housing/venv/lib/python3.10/site-packages/airflow/example_dags/tutorial_taskflow_api.py took 0.078 seconds
[2023-03-07T18:00:05.020+0530] {processor.py:153} INFO - Started process (PID=5963) to work on /home/ris/PycharmProjects/pythonProject/USA-housing/venv/lib/python3.10/site-packages/airflow/example_dags/tutorial_taskflow_api.py
[2023-03-07T18:00:05.021+0530] {processor.py:743} INFO - Processing file /home/ris/PycharmProjects/pythonProject/USA-housing/venv/lib/python3.10/site-packages/airflow/example_dags/tutorial_taskflow_api.py for tasks to queue
[2023-03-07T18:00:05.021+0530] {logging_mixin.py:137} INFO - [2023-03-07T18:00:05.021+0530] {dagbag.py:538} INFO - Filling up the DagBag from /home/ris/PycharmProjects/pythonProject/USA-housing/venv/lib/python3.10/site-packages/airflow/example_dags/tutorial_taskflow_api.py
[2023-03-07T18:00:05.041+0530] {processor.py:753} INFO - DAG(s) dict_keys(['tutorial_taskflow_api']) retrieved from /home/ris/PycharmProjects/pythonProject/USA-housing/venv/lib/python3.10/site-packages/airflow/example_dags/tutorial_taskflow_api.py
[2023-03-07T18:00:05.060+0530] {logging_mixin.py:137} INFO - [2023-03-07T18:00:05.060+0530] {dag.py:2690} INFO - Sync 1 DAGs
[2023-03-07T18:00:05.077+0530] {logging_mixin.py:137} INFO - [2023-03-07T18:00:05.076+0530] {dag.py:3437} INFO - Setting next_dagrun for tutorial_taskflow_api to None, run_after=None
[2023-03-07T18:00:05.095+0530] {processor.py:175} INFO - Processing /home/ris/PycharmProjects/pythonProject/USA-housing/venv/lib/python3.10/site-packages/airflow/example_dags/tutorial_taskflow_api.py took 0.078 seconds
[2023-03-07T18:00:46.842+0530] {processor.py:153} INFO - Started process (PID=6010) to work on /home/ris/PycharmProjects/pythonProject/USA-housing/venv/lib/python3.10/site-packages/airflow/example_dags/tutorial_taskflow_api.py
[2023-03-07T18:00:46.844+0530] {processor.py:743} INFO - Processing file /home/ris/PycharmProjects/pythonProject/USA-housing/venv/lib/python3.10/site-packages/airflow/example_dags/tutorial_taskflow_api.py for tasks to queue
[2023-03-07T18:00:46.844+0530] {logging_mixin.py:137} INFO - [2023-03-07T18:00:46.844+0530] {dagbag.py:538} INFO - Filling up the DagBag from /home/ris/PycharmProjects/pythonProject/USA-housing/venv/lib/python3.10/site-packages/airflow/example_dags/tutorial_taskflow_api.py
[2023-03-07T18:00:46.860+0530] {processor.py:753} INFO - DAG(s) dict_keys(['tutorial_taskflow_api']) retrieved from /home/ris/PycharmProjects/pythonProject/USA-housing/venv/lib/python3.10/site-packages/airflow/example_dags/tutorial_taskflow_api.py
[2023-03-07T18:00:46.876+0530] {logging_mixin.py:137} INFO - [2023-03-07T18:00:46.876+0530] {dag.py:2690} INFO - Sync 1 DAGs
[2023-03-07T18:00:46.894+0530] {logging_mixin.py:137} INFO - [2023-03-07T18:00:46.894+0530] {dag.py:3437} INFO - Setting next_dagrun for tutorial_taskflow_api to None, run_after=None
[2023-03-07T18:00:46.914+0530] {processor.py:175} INFO - Processing /home/ris/PycharmProjects/pythonProject/USA-housing/venv/lib/python3.10/site-packages/airflow/example_dags/tutorial_taskflow_api.py took 0.075 seconds
[2023-03-07T18:01:29.582+0530] {processor.py:153} INFO - Started process (PID=6057) to work on /home/ris/PycharmProjects/pythonProject/USA-housing/venv/lib/python3.10/site-packages/airflow/example_dags/tutorial_taskflow_api.py
[2023-03-07T18:01:29.584+0530] {processor.py:743} INFO - Processing file /home/ris/PycharmProjects/pythonProject/USA-housing/venv/lib/python3.10/site-packages/airflow/example_dags/tutorial_taskflow_api.py for tasks to queue
[2023-03-07T18:01:29.585+0530] {logging_mixin.py:137} INFO - [2023-03-07T18:01:29.585+0530] {dagbag.py:538} INFO - Filling up the DagBag from /home/ris/PycharmProjects/pythonProject/USA-housing/venv/lib/python3.10/site-packages/airflow/example_dags/tutorial_taskflow_api.py
[2023-03-07T18:01:29.608+0530] {processor.py:753} INFO - DAG(s) dict_keys(['tutorial_taskflow_api']) retrieved from /home/ris/PycharmProjects/pythonProject/USA-housing/venv/lib/python3.10/site-packages/airflow/example_dags/tutorial_taskflow_api.py
[2023-03-07T18:01:29.627+0530] {logging_mixin.py:137} INFO - [2023-03-07T18:01:29.627+0530] {dag.py:2690} INFO - Sync 1 DAGs
[2023-03-07T18:01:29.642+0530] {logging_mixin.py:137} INFO - [2023-03-07T18:01:29.642+0530] {dag.py:3437} INFO - Setting next_dagrun for tutorial_taskflow_api to None, run_after=None
[2023-03-07T18:01:29.661+0530] {processor.py:175} INFO - Processing /home/ris/PycharmProjects/pythonProject/USA-housing/venv/lib/python3.10/site-packages/airflow/example_dags/tutorial_taskflow_api.py took 0.083 seconds
[2023-03-07T18:02:10.513+0530] {processor.py:153} INFO - Started process (PID=6100) to work on /home/ris/PycharmProjects/pythonProject/USA-housing/venv/lib/python3.10/site-packages/airflow/example_dags/tutorial_taskflow_api.py
[2023-03-07T18:02:10.515+0530] {processor.py:743} INFO - Processing file /home/ris/PycharmProjects/pythonProject/USA-housing/venv/lib/python3.10/site-packages/airflow/example_dags/tutorial_taskflow_api.py for tasks to queue
[2023-03-07T18:02:10.516+0530] {logging_mixin.py:137} INFO - [2023-03-07T18:02:10.516+0530] {dagbag.py:538} INFO - Filling up the DagBag from /home/ris/PycharmProjects/pythonProject/USA-housing/venv/lib/python3.10/site-packages/airflow/example_dags/tutorial_taskflow_api.py
[2023-03-07T18:02:10.532+0530] {processor.py:753} INFO - DAG(s) dict_keys(['tutorial_taskflow_api']) retrieved from /home/ris/PycharmProjects/pythonProject/USA-housing/venv/lib/python3.10/site-packages/airflow/example_dags/tutorial_taskflow_api.py
[2023-03-07T18:02:10.551+0530] {logging_mixin.py:137} INFO - [2023-03-07T18:02:10.550+0530] {dag.py:2690} INFO - Sync 1 DAGs
[2023-03-07T18:02:10.566+0530] {logging_mixin.py:137} INFO - [2023-03-07T18:02:10.566+0530] {dag.py:3437} INFO - Setting next_dagrun for tutorial_taskflow_api to None, run_after=None
[2023-03-07T18:02:10.585+0530] {processor.py:175} INFO - Processing /home/ris/PycharmProjects/pythonProject/USA-housing/venv/lib/python3.10/site-packages/airflow/example_dags/tutorial_taskflow_api.py took 0.076 seconds
[2023-03-07T18:02:51.108+0530] {processor.py:153} INFO - Started process (PID=6146) to work on /home/ris/PycharmProjects/pythonProject/USA-housing/venv/lib/python3.10/site-packages/airflow/example_dags/tutorial_taskflow_api.py
[2023-03-07T18:02:51.109+0530] {processor.py:743} INFO - Processing file /home/ris/PycharmProjects/pythonProject/USA-housing/venv/lib/python3.10/site-packages/airflow/example_dags/tutorial_taskflow_api.py for tasks to queue
[2023-03-07T18:02:51.110+0530] {logging_mixin.py:137} INFO - [2023-03-07T18:02:51.110+0530] {dagbag.py:538} INFO - Filling up the DagBag from /home/ris/PycharmProjects/pythonProject/USA-housing/venv/lib/python3.10/site-packages/airflow/example_dags/tutorial_taskflow_api.py
[2023-03-07T18:02:51.125+0530] {processor.py:753} INFO - DAG(s) dict_keys(['tutorial_taskflow_api']) retrieved from /home/ris/PycharmProjects/pythonProject/USA-housing/venv/lib/python3.10/site-packages/airflow/example_dags/tutorial_taskflow_api.py
[2023-03-07T18:02:51.141+0530] {logging_mixin.py:137} INFO - [2023-03-07T18:02:51.141+0530] {dag.py:2690} INFO - Sync 1 DAGs
[2023-03-07T18:02:51.158+0530] {logging_mixin.py:137} INFO - [2023-03-07T18:02:51.157+0530] {dag.py:3437} INFO - Setting next_dagrun for tutorial_taskflow_api to None, run_after=None
[2023-03-07T18:02:51.178+0530] {processor.py:175} INFO - Processing /home/ris/PycharmProjects/pythonProject/USA-housing/venv/lib/python3.10/site-packages/airflow/example_dags/tutorial_taskflow_api.py took 0.074 seconds
[2023-03-07T18:03:27.554+0530] {processor.py:153} INFO - Started process (PID=6187) to work on /home/ris/PycharmProjects/pythonProject/USA-housing/venv/lib/python3.10/site-packages/airflow/example_dags/tutorial_taskflow_api.py
[2023-03-07T18:03:27.555+0530] {processor.py:743} INFO - Processing file /home/ris/PycharmProjects/pythonProject/USA-housing/venv/lib/python3.10/site-packages/airflow/example_dags/tutorial_taskflow_api.py for tasks to queue
[2023-03-07T18:03:27.556+0530] {logging_mixin.py:137} INFO - [2023-03-07T18:03:27.556+0530] {dagbag.py:538} INFO - Filling up the DagBag from /home/ris/PycharmProjects/pythonProject/USA-housing/venv/lib/python3.10/site-packages/airflow/example_dags/tutorial_taskflow_api.py
[2023-03-07T18:03:27.571+0530] {processor.py:753} INFO - DAG(s) dict_keys(['tutorial_taskflow_api']) retrieved from /home/ris/PycharmProjects/pythonProject/USA-housing/venv/lib/python3.10/site-packages/airflow/example_dags/tutorial_taskflow_api.py
[2023-03-07T18:03:27.588+0530] {logging_mixin.py:137} INFO - [2023-03-07T18:03:27.587+0530] {dag.py:2690} INFO - Sync 1 DAGs
[2023-03-07T18:03:27.607+0530] {logging_mixin.py:137} INFO - [2023-03-07T18:03:27.607+0530] {dag.py:3437} INFO - Setting next_dagrun for tutorial_taskflow_api to None, run_after=None
[2023-03-07T18:03:27.627+0530] {processor.py:175} INFO - Processing /home/ris/PycharmProjects/pythonProject/USA-housing/venv/lib/python3.10/site-packages/airflow/example_dags/tutorial_taskflow_api.py took 0.075 seconds
[2023-03-07T18:04:04.277+0530] {processor.py:153} INFO - Started process (PID=6233) to work on /home/ris/PycharmProjects/pythonProject/USA-housing/venv/lib/python3.10/site-packages/airflow/example_dags/tutorial_taskflow_api.py
[2023-03-07T18:04:04.279+0530] {processor.py:743} INFO - Processing file /home/ris/PycharmProjects/pythonProject/USA-housing/venv/lib/python3.10/site-packages/airflow/example_dags/tutorial_taskflow_api.py for tasks to queue
[2023-03-07T18:04:04.280+0530] {logging_mixin.py:137} INFO - [2023-03-07T18:04:04.280+0530] {dagbag.py:538} INFO - Filling up the DagBag from /home/ris/PycharmProjects/pythonProject/USA-housing/venv/lib/python3.10/site-packages/airflow/example_dags/tutorial_taskflow_api.py
[2023-03-07T18:04:04.298+0530] {processor.py:753} INFO - DAG(s) dict_keys(['tutorial_taskflow_api']) retrieved from /home/ris/PycharmProjects/pythonProject/USA-housing/venv/lib/python3.10/site-packages/airflow/example_dags/tutorial_taskflow_api.py
[2023-03-07T18:04:04.315+0530] {logging_mixin.py:137} INFO - [2023-03-07T18:04:04.314+0530] {dag.py:2690} INFO - Sync 1 DAGs
[2023-03-07T18:04:04.331+0530] {logging_mixin.py:137} INFO - [2023-03-07T18:04:04.331+0530] {dag.py:3437} INFO - Setting next_dagrun for tutorial_taskflow_api to None, run_after=None
[2023-03-07T18:04:04.357+0530] {processor.py:175} INFO - Processing /home/ris/PycharmProjects/pythonProject/USA-housing/venv/lib/python3.10/site-packages/airflow/example_dags/tutorial_taskflow_api.py took 0.083 seconds
[2023-03-07T18:04:48.014+0530] {processor.py:153} INFO - Started process (PID=6283) to work on /home/ris/PycharmProjects/pythonProject/USA-housing/venv/lib/python3.10/site-packages/airflow/example_dags/tutorial_taskflow_api.py
[2023-03-07T18:04:48.016+0530] {processor.py:743} INFO - Processing file /home/ris/PycharmProjects/pythonProject/USA-housing/venv/lib/python3.10/site-packages/airflow/example_dags/tutorial_taskflow_api.py for tasks to queue
[2023-03-07T18:04:48.017+0530] {logging_mixin.py:137} INFO - [2023-03-07T18:04:48.017+0530] {dagbag.py:538} INFO - Filling up the DagBag from /home/ris/PycharmProjects/pythonProject/USA-housing/venv/lib/python3.10/site-packages/airflow/example_dags/tutorial_taskflow_api.py
[2023-03-07T18:04:48.032+0530] {processor.py:753} INFO - DAG(s) dict_keys(['tutorial_taskflow_api']) retrieved from /home/ris/PycharmProjects/pythonProject/USA-housing/venv/lib/python3.10/site-packages/airflow/example_dags/tutorial_taskflow_api.py
[2023-03-07T18:04:48.048+0530] {logging_mixin.py:137} INFO - [2023-03-07T18:04:48.048+0530] {dag.py:2690} INFO - Sync 1 DAGs
[2023-03-07T18:04:48.065+0530] {logging_mixin.py:137} INFO - [2023-03-07T18:04:48.064+0530] {dag.py:3437} INFO - Setting next_dagrun for tutorial_taskflow_api to None, run_after=None
[2023-03-07T18:04:48.085+0530] {processor.py:175} INFO - Processing /home/ris/PycharmProjects/pythonProject/USA-housing/venv/lib/python3.10/site-packages/airflow/example_dags/tutorial_taskflow_api.py took 0.074 seconds
[2023-03-07T18:05:23.464+0530] {processor.py:153} INFO - Started process (PID=6322) to work on /home/ris/PycharmProjects/pythonProject/USA-housing/venv/lib/python3.10/site-packages/airflow/example_dags/tutorial_taskflow_api.py
[2023-03-07T18:05:23.466+0530] {processor.py:743} INFO - Processing file /home/ris/PycharmProjects/pythonProject/USA-housing/venv/lib/python3.10/site-packages/airflow/example_dags/tutorial_taskflow_api.py for tasks to queue
[2023-03-07T18:05:23.467+0530] {logging_mixin.py:137} INFO - [2023-03-07T18:05:23.467+0530] {dagbag.py:538} INFO - Filling up the DagBag from /home/ris/PycharmProjects/pythonProject/USA-housing/venv/lib/python3.10/site-packages/airflow/example_dags/tutorial_taskflow_api.py
[2023-03-07T18:05:23.482+0530] {processor.py:753} INFO - DAG(s) dict_keys(['tutorial_taskflow_api']) retrieved from /home/ris/PycharmProjects/pythonProject/USA-housing/venv/lib/python3.10/site-packages/airflow/example_dags/tutorial_taskflow_api.py
[2023-03-07T18:05:23.499+0530] {logging_mixin.py:137} INFO - [2023-03-07T18:05:23.499+0530] {dag.py:2690} INFO - Sync 1 DAGs
[2023-03-07T18:05:23.515+0530] {logging_mixin.py:137} INFO - [2023-03-07T18:05:23.515+0530] {dag.py:3437} INFO - Setting next_dagrun for tutorial_taskflow_api to None, run_after=None
[2023-03-07T18:05:23.541+0530] {processor.py:175} INFO - Processing /home/ris/PycharmProjects/pythonProject/USA-housing/venv/lib/python3.10/site-packages/airflow/example_dags/tutorial_taskflow_api.py took 0.080 seconds
[2023-03-07T18:06:01.908+0530] {processor.py:153} INFO - Started process (PID=6363) to work on /home/ris/PycharmProjects/pythonProject/USA-housing/venv/lib/python3.10/site-packages/airflow/example_dags/tutorial_taskflow_api.py
[2023-03-07T18:06:01.910+0530] {processor.py:743} INFO - Processing file /home/ris/PycharmProjects/pythonProject/USA-housing/venv/lib/python3.10/site-packages/airflow/example_dags/tutorial_taskflow_api.py for tasks to queue
[2023-03-07T18:06:01.911+0530] {logging_mixin.py:137} INFO - [2023-03-07T18:06:01.911+0530] {dagbag.py:538} INFO - Filling up the DagBag from /home/ris/PycharmProjects/pythonProject/USA-housing/venv/lib/python3.10/site-packages/airflow/example_dags/tutorial_taskflow_api.py
[2023-03-07T18:06:01.932+0530] {processor.py:753} INFO - DAG(s) dict_keys(['tutorial_taskflow_api']) retrieved from /home/ris/PycharmProjects/pythonProject/USA-housing/venv/lib/python3.10/site-packages/airflow/example_dags/tutorial_taskflow_api.py
[2023-03-07T18:06:01.948+0530] {logging_mixin.py:137} INFO - [2023-03-07T18:06:01.948+0530] {dag.py:2690} INFO - Sync 1 DAGs
[2023-03-07T18:06:01.964+0530] {logging_mixin.py:137} INFO - [2023-03-07T18:06:01.964+0530] {dag.py:3437} INFO - Setting next_dagrun for tutorial_taskflow_api to None, run_after=None
[2023-03-07T18:06:01.985+0530] {processor.py:175} INFO - Processing /home/ris/PycharmProjects/pythonProject/USA-housing/venv/lib/python3.10/site-packages/airflow/example_dags/tutorial_taskflow_api.py took 0.081 seconds
[2023-03-07T18:06:37.590+0530] {processor.py:153} INFO - Started process (PID=6402) to work on /home/ris/PycharmProjects/pythonProject/USA-housing/venv/lib/python3.10/site-packages/airflow/example_dags/tutorial_taskflow_api.py
[2023-03-07T18:06:37.591+0530] {processor.py:743} INFO - Processing file /home/ris/PycharmProjects/pythonProject/USA-housing/venv/lib/python3.10/site-packages/airflow/example_dags/tutorial_taskflow_api.py for tasks to queue
[2023-03-07T18:06:37.592+0530] {logging_mixin.py:137} INFO - [2023-03-07T18:06:37.592+0530] {dagbag.py:538} INFO - Filling up the DagBag from /home/ris/PycharmProjects/pythonProject/USA-housing/venv/lib/python3.10/site-packages/airflow/example_dags/tutorial_taskflow_api.py
[2023-03-07T18:06:37.607+0530] {processor.py:753} INFO - DAG(s) dict_keys(['tutorial_taskflow_api']) retrieved from /home/ris/PycharmProjects/pythonProject/USA-housing/venv/lib/python3.10/site-packages/airflow/example_dags/tutorial_taskflow_api.py
[2023-03-07T18:06:37.623+0530] {logging_mixin.py:137} INFO - [2023-03-07T18:06:37.623+0530] {dag.py:2690} INFO - Sync 1 DAGs
[2023-03-07T18:06:37.645+0530] {logging_mixin.py:137} INFO - [2023-03-07T18:06:37.645+0530] {dag.py:3437} INFO - Setting next_dagrun for tutorial_taskflow_api to None, run_after=None
[2023-03-07T18:06:37.667+0530] {processor.py:175} INFO - Processing /home/ris/PycharmProjects/pythonProject/USA-housing/venv/lib/python3.10/site-packages/airflow/example_dags/tutorial_taskflow_api.py took 0.080 seconds
[2023-03-07T18:07:14.924+0530] {processor.py:153} INFO - Started process (PID=6445) to work on /home/ris/PycharmProjects/pythonProject/USA-housing/venv/lib/python3.10/site-packages/airflow/example_dags/tutorial_taskflow_api.py
[2023-03-07T18:07:14.926+0530] {processor.py:743} INFO - Processing file /home/ris/PycharmProjects/pythonProject/USA-housing/venv/lib/python3.10/site-packages/airflow/example_dags/tutorial_taskflow_api.py for tasks to queue
[2023-03-07T18:07:14.926+0530] {logging_mixin.py:137} INFO - [2023-03-07T18:07:14.926+0530] {dagbag.py:538} INFO - Filling up the DagBag from /home/ris/PycharmProjects/pythonProject/USA-housing/venv/lib/python3.10/site-packages/airflow/example_dags/tutorial_taskflow_api.py
[2023-03-07T18:07:14.942+0530] {processor.py:753} INFO - DAG(s) dict_keys(['tutorial_taskflow_api']) retrieved from /home/ris/PycharmProjects/pythonProject/USA-housing/venv/lib/python3.10/site-packages/airflow/example_dags/tutorial_taskflow_api.py
[2023-03-07T18:07:14.959+0530] {logging_mixin.py:137} INFO - [2023-03-07T18:07:14.958+0530] {dag.py:2690} INFO - Sync 1 DAGs
[2023-03-07T18:07:14.975+0530] {logging_mixin.py:137} INFO - [2023-03-07T18:07:14.975+0530] {dag.py:3437} INFO - Setting next_dagrun for tutorial_taskflow_api to None, run_after=None
[2023-03-07T18:07:14.997+0530] {processor.py:175} INFO - Processing /home/ris/PycharmProjects/pythonProject/USA-housing/venv/lib/python3.10/site-packages/airflow/example_dags/tutorial_taskflow_api.py took 0.076 seconds
[2023-03-07T18:07:54.262+0530] {processor.py:153} INFO - Started process (PID=6487) to work on /home/ris/PycharmProjects/pythonProject/USA-housing/venv/lib/python3.10/site-packages/airflow/example_dags/tutorial_taskflow_api.py
[2023-03-07T18:07:54.264+0530] {processor.py:743} INFO - Processing file /home/ris/PycharmProjects/pythonProject/USA-housing/venv/lib/python3.10/site-packages/airflow/example_dags/tutorial_taskflow_api.py for tasks to queue
[2023-03-07T18:07:54.265+0530] {logging_mixin.py:137} INFO - [2023-03-07T18:07:54.264+0530] {dagbag.py:538} INFO - Filling up the DagBag from /home/ris/PycharmProjects/pythonProject/USA-housing/venv/lib/python3.10/site-packages/airflow/example_dags/tutorial_taskflow_api.py
[2023-03-07T18:07:54.280+0530] {processor.py:753} INFO - DAG(s) dict_keys(['tutorial_taskflow_api']) retrieved from /home/ris/PycharmProjects/pythonProject/USA-housing/venv/lib/python3.10/site-packages/airflow/example_dags/tutorial_taskflow_api.py
[2023-03-07T18:07:54.302+0530] {logging_mixin.py:137} INFO - [2023-03-07T18:07:54.302+0530] {dag.py:2690} INFO - Sync 1 DAGs
[2023-03-07T18:07:54.319+0530] {logging_mixin.py:137} INFO - [2023-03-07T18:07:54.318+0530] {dag.py:3437} INFO - Setting next_dagrun for tutorial_taskflow_api to None, run_after=None
[2023-03-07T18:07:54.337+0530] {processor.py:175} INFO - Processing /home/ris/PycharmProjects/pythonProject/USA-housing/venv/lib/python3.10/site-packages/airflow/example_dags/tutorial_taskflow_api.py took 0.078 seconds
[2023-03-07T18:08:35.194+0530] {processor.py:153} INFO - Started process (PID=6528) to work on /home/ris/PycharmProjects/pythonProject/USA-housing/venv/lib/python3.10/site-packages/airflow/example_dags/tutorial_taskflow_api.py
[2023-03-07T18:08:35.197+0530] {processor.py:743} INFO - Processing file /home/ris/PycharmProjects/pythonProject/USA-housing/venv/lib/python3.10/site-packages/airflow/example_dags/tutorial_taskflow_api.py for tasks to queue
[2023-03-07T18:08:35.198+0530] {logging_mixin.py:137} INFO - [2023-03-07T18:08:35.198+0530] {dagbag.py:538} INFO - Filling up the DagBag from /home/ris/PycharmProjects/pythonProject/USA-housing/venv/lib/python3.10/site-packages/airflow/example_dags/tutorial_taskflow_api.py
[2023-03-07T18:08:35.213+0530] {processor.py:753} INFO - DAG(s) dict_keys(['tutorial_taskflow_api']) retrieved from /home/ris/PycharmProjects/pythonProject/USA-housing/venv/lib/python3.10/site-packages/airflow/example_dags/tutorial_taskflow_api.py
[2023-03-07T18:08:35.231+0530] {logging_mixin.py:137} INFO - [2023-03-07T18:08:35.231+0530] {dag.py:2690} INFO - Sync 1 DAGs
[2023-03-07T18:08:35.248+0530] {logging_mixin.py:137} INFO - [2023-03-07T18:08:35.248+0530] {dag.py:3437} INFO - Setting next_dagrun for tutorial_taskflow_api to None, run_after=None
[2023-03-07T18:08:35.275+0530] {processor.py:175} INFO - Processing /home/ris/PycharmProjects/pythonProject/USA-housing/venv/lib/python3.10/site-packages/airflow/example_dags/tutorial_taskflow_api.py took 0.083 seconds
[2023-03-07T18:09:17.050+0530] {processor.py:153} INFO - Started process (PID=6590) to work on /home/ris/PycharmProjects/pythonProject/USA-housing/venv/lib/python3.10/site-packages/airflow/example_dags/tutorial_taskflow_api.py
[2023-03-07T18:09:17.052+0530] {processor.py:743} INFO - Processing file /home/ris/PycharmProjects/pythonProject/USA-housing/venv/lib/python3.10/site-packages/airflow/example_dags/tutorial_taskflow_api.py for tasks to queue
[2023-03-07T18:09:17.053+0530] {logging_mixin.py:137} INFO - [2023-03-07T18:09:17.053+0530] {dagbag.py:538} INFO - Filling up the DagBag from /home/ris/PycharmProjects/pythonProject/USA-housing/venv/lib/python3.10/site-packages/airflow/example_dags/tutorial_taskflow_api.py
[2023-03-07T18:09:17.083+0530] {processor.py:753} INFO - DAG(s) dict_keys(['tutorial_taskflow_api']) retrieved from /home/ris/PycharmProjects/pythonProject/USA-housing/venv/lib/python3.10/site-packages/airflow/example_dags/tutorial_taskflow_api.py
[2023-03-07T18:09:17.109+0530] {logging_mixin.py:137} INFO - [2023-03-07T18:09:17.108+0530] {dag.py:2690} INFO - Sync 1 DAGs
[2023-03-07T18:09:17.148+0530] {logging_mixin.py:137} INFO - [2023-03-07T18:09:17.148+0530] {dag.py:3437} INFO - Setting next_dagrun for tutorial_taskflow_api to None, run_after=None
[2023-03-07T18:09:17.179+0530] {processor.py:175} INFO - Processing /home/ris/PycharmProjects/pythonProject/USA-housing/venv/lib/python3.10/site-packages/airflow/example_dags/tutorial_taskflow_api.py took 0.132 seconds
[2023-03-07T18:10:08.379+0530] {processor.py:153} INFO - Started process (PID=6898) to work on /home/ris/PycharmProjects/pythonProject/USA-housing/venv/lib/python3.10/site-packages/airflow/example_dags/tutorial_taskflow_api.py
[2023-03-07T18:10:08.382+0530] {processor.py:743} INFO - Processing file /home/ris/PycharmProjects/pythonProject/USA-housing/venv/lib/python3.10/site-packages/airflow/example_dags/tutorial_taskflow_api.py for tasks to queue
[2023-03-07T18:10:08.383+0530] {logging_mixin.py:137} INFO - [2023-03-07T18:10:08.383+0530] {dagbag.py:538} INFO - Filling up the DagBag from /home/ris/PycharmProjects/pythonProject/USA-housing/venv/lib/python3.10/site-packages/airflow/example_dags/tutorial_taskflow_api.py
[2023-03-07T18:10:08.402+0530] {processor.py:753} INFO - DAG(s) dict_keys(['tutorial_taskflow_api']) retrieved from /home/ris/PycharmProjects/pythonProject/USA-housing/venv/lib/python3.10/site-packages/airflow/example_dags/tutorial_taskflow_api.py
[2023-03-07T18:10:08.427+0530] {logging_mixin.py:137} INFO - [2023-03-07T18:10:08.427+0530] {dag.py:2690} INFO - Sync 1 DAGs
[2023-03-07T18:10:08.477+0530] {logging_mixin.py:137} INFO - [2023-03-07T18:10:08.477+0530] {dag.py:3437} INFO - Setting next_dagrun for tutorial_taskflow_api to None, run_after=None
[2023-03-07T18:10:08.501+0530] {processor.py:175} INFO - Processing /home/ris/PycharmProjects/pythonProject/USA-housing/venv/lib/python3.10/site-packages/airflow/example_dags/tutorial_taskflow_api.py took 0.127 seconds
[2023-03-07T18:10:51.389+0530] {processor.py:153} INFO - Started process (PID=6960) to work on /home/ris/PycharmProjects/pythonProject/USA-housing/venv/lib/python3.10/site-packages/airflow/example_dags/tutorial_taskflow_api.py
[2023-03-07T18:10:51.390+0530] {processor.py:743} INFO - Processing file /home/ris/PycharmProjects/pythonProject/USA-housing/venv/lib/python3.10/site-packages/airflow/example_dags/tutorial_taskflow_api.py for tasks to queue
[2023-03-07T18:10:51.391+0530] {logging_mixin.py:137} INFO - [2023-03-07T18:10:51.391+0530] {dagbag.py:538} INFO - Filling up the DagBag from /home/ris/PycharmProjects/pythonProject/USA-housing/venv/lib/python3.10/site-packages/airflow/example_dags/tutorial_taskflow_api.py
[2023-03-07T18:10:51.406+0530] {processor.py:753} INFO - DAG(s) dict_keys(['tutorial_taskflow_api']) retrieved from /home/ris/PycharmProjects/pythonProject/USA-housing/venv/lib/python3.10/site-packages/airflow/example_dags/tutorial_taskflow_api.py
[2023-03-07T18:10:51.423+0530] {logging_mixin.py:137} INFO - [2023-03-07T18:10:51.423+0530] {dag.py:2690} INFO - Sync 1 DAGs
[2023-03-07T18:10:51.439+0530] {logging_mixin.py:137} INFO - [2023-03-07T18:10:51.438+0530] {dag.py:3437} INFO - Setting next_dagrun for tutorial_taskflow_api to None, run_after=None
[2023-03-07T18:10:51.459+0530] {processor.py:175} INFO - Processing /home/ris/PycharmProjects/pythonProject/USA-housing/venv/lib/python3.10/site-packages/airflow/example_dags/tutorial_taskflow_api.py took 0.073 seconds
[2023-03-07T18:11:31.851+0530] {processor.py:153} INFO - Started process (PID=7003) to work on /home/ris/PycharmProjects/pythonProject/USA-housing/venv/lib/python3.10/site-packages/airflow/example_dags/tutorial_taskflow_api.py
[2023-03-07T18:11:31.852+0530] {processor.py:743} INFO - Processing file /home/ris/PycharmProjects/pythonProject/USA-housing/venv/lib/python3.10/site-packages/airflow/example_dags/tutorial_taskflow_api.py for tasks to queue
[2023-03-07T18:11:31.853+0530] {logging_mixin.py:137} INFO - [2023-03-07T18:11:31.853+0530] {dagbag.py:538} INFO - Filling up the DagBag from /home/ris/PycharmProjects/pythonProject/USA-housing/venv/lib/python3.10/site-packages/airflow/example_dags/tutorial_taskflow_api.py
[2023-03-07T18:11:31.868+0530] {processor.py:753} INFO - DAG(s) dict_keys(['tutorial_taskflow_api']) retrieved from /home/ris/PycharmProjects/pythonProject/USA-housing/venv/lib/python3.10/site-packages/airflow/example_dags/tutorial_taskflow_api.py
[2023-03-07T18:11:31.884+0530] {logging_mixin.py:137} INFO - [2023-03-07T18:11:31.884+0530] {dag.py:2690} INFO - Sync 1 DAGs
[2023-03-07T18:11:31.904+0530] {logging_mixin.py:137} INFO - [2023-03-07T18:11:31.904+0530] {dag.py:3437} INFO - Setting next_dagrun for tutorial_taskflow_api to None, run_after=None
[2023-03-07T18:11:31.923+0530] {processor.py:175} INFO - Processing /home/ris/PycharmProjects/pythonProject/USA-housing/venv/lib/python3.10/site-packages/airflow/example_dags/tutorial_taskflow_api.py took 0.075 seconds
[2023-03-07T18:12:15.281+0530] {processor.py:153} INFO - Started process (PID=7066) to work on /home/ris/PycharmProjects/pythonProject/USA-housing/venv/lib/python3.10/site-packages/airflow/example_dags/tutorial_taskflow_api.py
[2023-03-07T18:12:15.283+0530] {processor.py:743} INFO - Processing file /home/ris/PycharmProjects/pythonProject/USA-housing/venv/lib/python3.10/site-packages/airflow/example_dags/tutorial_taskflow_api.py for tasks to queue
[2023-03-07T18:12:15.284+0530] {logging_mixin.py:137} INFO - [2023-03-07T18:12:15.283+0530] {dagbag.py:538} INFO - Filling up the DagBag from /home/ris/PycharmProjects/pythonProject/USA-housing/venv/lib/python3.10/site-packages/airflow/example_dags/tutorial_taskflow_api.py
[2023-03-07T18:12:15.297+0530] {processor.py:753} INFO - DAG(s) dict_keys(['tutorial_taskflow_api']) retrieved from /home/ris/PycharmProjects/pythonProject/USA-housing/venv/lib/python3.10/site-packages/airflow/example_dags/tutorial_taskflow_api.py
[2023-03-07T18:12:15.313+0530] {logging_mixin.py:137} INFO - [2023-03-07T18:12:15.313+0530] {dag.py:2690} INFO - Sync 1 DAGs
[2023-03-07T18:12:15.329+0530] {logging_mixin.py:137} INFO - [2023-03-07T18:12:15.328+0530] {dag.py:3437} INFO - Setting next_dagrun for tutorial_taskflow_api to None, run_after=None
[2023-03-07T18:12:15.352+0530] {processor.py:175} INFO - Processing /home/ris/PycharmProjects/pythonProject/USA-housing/venv/lib/python3.10/site-packages/airflow/example_dags/tutorial_taskflow_api.py took 0.073 seconds
[2023-03-07T18:13:03.006+0530] {processor.py:153} INFO - Started process (PID=7127) to work on /home/ris/PycharmProjects/pythonProject/USA-housing/venv/lib/python3.10/site-packages/airflow/example_dags/tutorial_taskflow_api.py
[2023-03-07T18:13:03.008+0530] {processor.py:743} INFO - Processing file /home/ris/PycharmProjects/pythonProject/USA-housing/venv/lib/python3.10/site-packages/airflow/example_dags/tutorial_taskflow_api.py for tasks to queue
[2023-03-07T18:13:03.008+0530] {logging_mixin.py:137} INFO - [2023-03-07T18:13:03.008+0530] {dagbag.py:538} INFO - Filling up the DagBag from /home/ris/PycharmProjects/pythonProject/USA-housing/venv/lib/python3.10/site-packages/airflow/example_dags/tutorial_taskflow_api.py
[2023-03-07T18:13:03.024+0530] {processor.py:753} INFO - DAG(s) dict_keys(['tutorial_taskflow_api']) retrieved from /home/ris/PycharmProjects/pythonProject/USA-housing/venv/lib/python3.10/site-packages/airflow/example_dags/tutorial_taskflow_api.py
[2023-03-07T18:13:03.041+0530] {logging_mixin.py:137} INFO - [2023-03-07T18:13:03.041+0530] {dag.py:2690} INFO - Sync 1 DAGs
[2023-03-07T18:13:03.067+0530] {logging_mixin.py:137} INFO - [2023-03-07T18:13:03.067+0530] {dag.py:3437} INFO - Setting next_dagrun for tutorial_taskflow_api to None, run_after=None
[2023-03-07T18:13:03.090+0530] {processor.py:175} INFO - Processing /home/ris/PycharmProjects/pythonProject/USA-housing/venv/lib/python3.10/site-packages/airflow/example_dags/tutorial_taskflow_api.py took 0.086 seconds
[2023-03-07T18:13:39.121+0530] {processor.py:153} INFO - Started process (PID=7167) to work on /home/ris/PycharmProjects/pythonProject/USA-housing/venv/lib/python3.10/site-packages/airflow/example_dags/tutorial_taskflow_api.py
[2023-03-07T18:13:39.122+0530] {processor.py:743} INFO - Processing file /home/ris/PycharmProjects/pythonProject/USA-housing/venv/lib/python3.10/site-packages/airflow/example_dags/tutorial_taskflow_api.py for tasks to queue
[2023-03-07T18:13:39.123+0530] {logging_mixin.py:137} INFO - [2023-03-07T18:13:39.123+0530] {dagbag.py:538} INFO - Filling up the DagBag from /home/ris/PycharmProjects/pythonProject/USA-housing/venv/lib/python3.10/site-packages/airflow/example_dags/tutorial_taskflow_api.py
[2023-03-07T18:13:39.137+0530] {processor.py:753} INFO - DAG(s) dict_keys(['tutorial_taskflow_api']) retrieved from /home/ris/PycharmProjects/pythonProject/USA-housing/venv/lib/python3.10/site-packages/airflow/example_dags/tutorial_taskflow_api.py
[2023-03-07T18:13:39.157+0530] {logging_mixin.py:137} INFO - [2023-03-07T18:13:39.157+0530] {dag.py:2690} INFO - Sync 1 DAGs
[2023-03-07T18:13:39.176+0530] {logging_mixin.py:137} INFO - [2023-03-07T18:13:39.176+0530] {dag.py:3437} INFO - Setting next_dagrun for tutorial_taskflow_api to None, run_after=None
[2023-03-07T18:13:39.195+0530] {processor.py:175} INFO - Processing /home/ris/PycharmProjects/pythonProject/USA-housing/venv/lib/python3.10/site-packages/airflow/example_dags/tutorial_taskflow_api.py took 0.077 seconds
[2023-03-07T18:14:22.947+0530] {processor.py:153} INFO - Started process (PID=7224) to work on /home/ris/PycharmProjects/pythonProject/USA-housing/venv/lib/python3.10/site-packages/airflow/example_dags/tutorial_taskflow_api.py
[2023-03-07T18:14:22.949+0530] {processor.py:743} INFO - Processing file /home/ris/PycharmProjects/pythonProject/USA-housing/venv/lib/python3.10/site-packages/airflow/example_dags/tutorial_taskflow_api.py for tasks to queue
[2023-03-07T18:14:22.949+0530] {logging_mixin.py:137} INFO - [2023-03-07T18:14:22.949+0530] {dagbag.py:538} INFO - Filling up the DagBag from /home/ris/PycharmProjects/pythonProject/USA-housing/venv/lib/python3.10/site-packages/airflow/example_dags/tutorial_taskflow_api.py
[2023-03-07T18:14:22.972+0530] {processor.py:753} INFO - DAG(s) dict_keys(['tutorial_taskflow_api']) retrieved from /home/ris/PycharmProjects/pythonProject/USA-housing/venv/lib/python3.10/site-packages/airflow/example_dags/tutorial_taskflow_api.py
[2023-03-07T18:14:22.990+0530] {logging_mixin.py:137} INFO - [2023-03-07T18:14:22.990+0530] {dag.py:2690} INFO - Sync 1 DAGs
[2023-03-07T18:14:23.007+0530] {logging_mixin.py:137} INFO - [2023-03-07T18:14:23.007+0530] {dag.py:3437} INFO - Setting next_dagrun for tutorial_taskflow_api to None, run_after=None
[2023-03-07T18:14:23.026+0530] {processor.py:175} INFO - Processing /home/ris/PycharmProjects/pythonProject/USA-housing/venv/lib/python3.10/site-packages/airflow/example_dags/tutorial_taskflow_api.py took 0.082 seconds
[2023-03-07T18:15:09.001+0530] {processor.py:153} INFO - Started process (PID=7301) to work on /home/ris/PycharmProjects/pythonProject/USA-housing/venv/lib/python3.10/site-packages/airflow/example_dags/tutorial_taskflow_api.py
[2023-03-07T18:15:09.003+0530] {processor.py:743} INFO - Processing file /home/ris/PycharmProjects/pythonProject/USA-housing/venv/lib/python3.10/site-packages/airflow/example_dags/tutorial_taskflow_api.py for tasks to queue
[2023-03-07T18:15:09.003+0530] {logging_mixin.py:137} INFO - [2023-03-07T18:15:09.003+0530] {dagbag.py:538} INFO - Filling up the DagBag from /home/ris/PycharmProjects/pythonProject/USA-housing/venv/lib/python3.10/site-packages/airflow/example_dags/tutorial_taskflow_api.py
[2023-03-07T18:15:09.018+0530] {processor.py:753} INFO - DAG(s) dict_keys(['tutorial_taskflow_api']) retrieved from /home/ris/PycharmProjects/pythonProject/USA-housing/venv/lib/python3.10/site-packages/airflow/example_dags/tutorial_taskflow_api.py
[2023-03-07T18:15:09.039+0530] {logging_mixin.py:137} INFO - [2023-03-07T18:15:09.038+0530] {dag.py:2690} INFO - Sync 1 DAGs
[2023-03-07T18:15:09.055+0530] {logging_mixin.py:137} INFO - [2023-03-07T18:15:09.054+0530] {dag.py:3437} INFO - Setting next_dagrun for tutorial_taskflow_api to None, run_after=None
[2023-03-07T18:15:09.087+0530] {processor.py:175} INFO - Processing /home/ris/PycharmProjects/pythonProject/USA-housing/venv/lib/python3.10/site-packages/airflow/example_dags/tutorial_taskflow_api.py took 0.090 seconds
[2023-03-07T18:15:47.647+0530] {processor.py:153} INFO - Started process (PID=7352) to work on /home/ris/PycharmProjects/pythonProject/USA-housing/venv/lib/python3.10/site-packages/airflow/example_dags/tutorial_taskflow_api.py
[2023-03-07T18:15:47.649+0530] {processor.py:743} INFO - Processing file /home/ris/PycharmProjects/pythonProject/USA-housing/venv/lib/python3.10/site-packages/airflow/example_dags/tutorial_taskflow_api.py for tasks to queue
[2023-03-07T18:15:47.650+0530] {logging_mixin.py:137} INFO - [2023-03-07T18:15:47.650+0530] {dagbag.py:538} INFO - Filling up the DagBag from /home/ris/PycharmProjects/pythonProject/USA-housing/venv/lib/python3.10/site-packages/airflow/example_dags/tutorial_taskflow_api.py
[2023-03-07T18:15:47.666+0530] {processor.py:753} INFO - DAG(s) dict_keys(['tutorial_taskflow_api']) retrieved from /home/ris/PycharmProjects/pythonProject/USA-housing/venv/lib/python3.10/site-packages/airflow/example_dags/tutorial_taskflow_api.py
[2023-03-07T18:15:47.684+0530] {logging_mixin.py:137} INFO - [2023-03-07T18:15:47.684+0530] {dag.py:2690} INFO - Sync 1 DAGs
[2023-03-07T18:15:47.706+0530] {logging_mixin.py:137} INFO - [2023-03-07T18:15:47.706+0530] {dag.py:3437} INFO - Setting next_dagrun for tutorial_taskflow_api to None, run_after=None
[2023-03-07T18:15:47.732+0530] {processor.py:175} INFO - Processing /home/ris/PycharmProjects/pythonProject/USA-housing/venv/lib/python3.10/site-packages/airflow/example_dags/tutorial_taskflow_api.py took 0.088 seconds
[2023-03-07T18:16:23.092+0530] {processor.py:153} INFO - Started process (PID=7393) to work on /home/ris/PycharmProjects/pythonProject/USA-housing/venv/lib/python3.10/site-packages/airflow/example_dags/tutorial_taskflow_api.py
[2023-03-07T18:16:23.094+0530] {processor.py:743} INFO - Processing file /home/ris/PycharmProjects/pythonProject/USA-housing/venv/lib/python3.10/site-packages/airflow/example_dags/tutorial_taskflow_api.py for tasks to queue
[2023-03-07T18:16:23.094+0530] {logging_mixin.py:137} INFO - [2023-03-07T18:16:23.094+0530] {dagbag.py:538} INFO - Filling up the DagBag from /home/ris/PycharmProjects/pythonProject/USA-housing/venv/lib/python3.10/site-packages/airflow/example_dags/tutorial_taskflow_api.py
[2023-03-07T18:16:23.109+0530] {processor.py:753} INFO - DAG(s) dict_keys(['tutorial_taskflow_api']) retrieved from /home/ris/PycharmProjects/pythonProject/USA-housing/venv/lib/python3.10/site-packages/airflow/example_dags/tutorial_taskflow_api.py
[2023-03-07T18:16:23.125+0530] {logging_mixin.py:137} INFO - [2023-03-07T18:16:23.125+0530] {dag.py:2690} INFO - Sync 1 DAGs
[2023-03-07T18:16:23.147+0530] {logging_mixin.py:137} INFO - [2023-03-07T18:16:23.146+0530] {dag.py:3437} INFO - Setting next_dagrun for tutorial_taskflow_api to None, run_after=None
[2023-03-07T18:16:23.169+0530] {processor.py:175} INFO - Processing /home/ris/PycharmProjects/pythonProject/USA-housing/venv/lib/python3.10/site-packages/airflow/example_dags/tutorial_taskflow_api.py took 0.081 seconds
[2023-03-07T18:17:06.999+0530] {processor.py:153} INFO - Started process (PID=7455) to work on /home/ris/PycharmProjects/pythonProject/USA-housing/venv/lib/python3.10/site-packages/airflow/example_dags/tutorial_taskflow_api.py
[2023-03-07T18:17:07.000+0530] {processor.py:743} INFO - Processing file /home/ris/PycharmProjects/pythonProject/USA-housing/venv/lib/python3.10/site-packages/airflow/example_dags/tutorial_taskflow_api.py for tasks to queue
[2023-03-07T18:17:07.001+0530] {logging_mixin.py:137} INFO - [2023-03-07T18:17:07.001+0530] {dagbag.py:538} INFO - Filling up the DagBag from /home/ris/PycharmProjects/pythonProject/USA-housing/venv/lib/python3.10/site-packages/airflow/example_dags/tutorial_taskflow_api.py
[2023-03-07T18:17:07.016+0530] {processor.py:753} INFO - DAG(s) dict_keys(['tutorial_taskflow_api']) retrieved from /home/ris/PycharmProjects/pythonProject/USA-housing/venv/lib/python3.10/site-packages/airflow/example_dags/tutorial_taskflow_api.py
[2023-03-07T18:17:07.033+0530] {logging_mixin.py:137} INFO - [2023-03-07T18:17:07.033+0530] {dag.py:2690} INFO - Sync 1 DAGs
[2023-03-07T18:17:07.050+0530] {logging_mixin.py:137} INFO - [2023-03-07T18:17:07.050+0530] {dag.py:3437} INFO - Setting next_dagrun for tutorial_taskflow_api to None, run_after=None
[2023-03-07T18:17:07.073+0530] {processor.py:175} INFO - Processing /home/ris/PycharmProjects/pythonProject/USA-housing/venv/lib/python3.10/site-packages/airflow/example_dags/tutorial_taskflow_api.py took 0.077 seconds
[2023-03-07T18:17:46.069+0530] {processor.py:153} INFO - Started process (PID=7496) to work on /home/ris/PycharmProjects/pythonProject/USA-housing/venv/lib/python3.10/site-packages/airflow/example_dags/tutorial_taskflow_api.py
[2023-03-07T18:17:46.071+0530] {processor.py:743} INFO - Processing file /home/ris/PycharmProjects/pythonProject/USA-housing/venv/lib/python3.10/site-packages/airflow/example_dags/tutorial_taskflow_api.py for tasks to queue
[2023-03-07T18:17:46.072+0530] {logging_mixin.py:137} INFO - [2023-03-07T18:17:46.072+0530] {dagbag.py:538} INFO - Filling up the DagBag from /home/ris/PycharmProjects/pythonProject/USA-housing/venv/lib/python3.10/site-packages/airflow/example_dags/tutorial_taskflow_api.py
[2023-03-07T18:17:46.104+0530] {processor.py:753} INFO - DAG(s) dict_keys(['tutorial_taskflow_api']) retrieved from /home/ris/PycharmProjects/pythonProject/USA-housing/venv/lib/python3.10/site-packages/airflow/example_dags/tutorial_taskflow_api.py
[2023-03-07T18:17:46.121+0530] {logging_mixin.py:137} INFO - [2023-03-07T18:17:46.121+0530] {dag.py:2690} INFO - Sync 1 DAGs
[2023-03-07T18:17:46.139+0530] {logging_mixin.py:137} INFO - [2023-03-07T18:17:46.138+0530] {dag.py:3437} INFO - Setting next_dagrun for tutorial_taskflow_api to None, run_after=None
[2023-03-07T18:17:46.164+0530] {processor.py:175} INFO - Processing /home/ris/PycharmProjects/pythonProject/USA-housing/venv/lib/python3.10/site-packages/airflow/example_dags/tutorial_taskflow_api.py took 0.097 seconds
[2023-03-07T18:18:24.850+0530] {processor.py:153} INFO - Started process (PID=7553) to work on /home/ris/PycharmProjects/pythonProject/USA-housing/venv/lib/python3.10/site-packages/airflow/example_dags/tutorial_taskflow_api.py
[2023-03-07T18:18:24.852+0530] {processor.py:743} INFO - Processing file /home/ris/PycharmProjects/pythonProject/USA-housing/venv/lib/python3.10/site-packages/airflow/example_dags/tutorial_taskflow_api.py for tasks to queue
[2023-03-07T18:18:24.853+0530] {logging_mixin.py:137} INFO - [2023-03-07T18:18:24.853+0530] {dagbag.py:538} INFO - Filling up the DagBag from /home/ris/PycharmProjects/pythonProject/USA-housing/venv/lib/python3.10/site-packages/airflow/example_dags/tutorial_taskflow_api.py
[2023-03-07T18:18:24.867+0530] {processor.py:753} INFO - DAG(s) dict_keys(['tutorial_taskflow_api']) retrieved from /home/ris/PycharmProjects/pythonProject/USA-housing/venv/lib/python3.10/site-packages/airflow/example_dags/tutorial_taskflow_api.py
[2023-03-07T18:18:24.884+0530] {logging_mixin.py:137} INFO - [2023-03-07T18:18:24.884+0530] {dag.py:2690} INFO - Sync 1 DAGs
[2023-03-07T18:18:24.902+0530] {logging_mixin.py:137} INFO - [2023-03-07T18:18:24.902+0530] {dag.py:3437} INFO - Setting next_dagrun for tutorial_taskflow_api to None, run_after=None
[2023-03-07T18:18:24.934+0530] {processor.py:175} INFO - Processing /home/ris/PycharmProjects/pythonProject/USA-housing/venv/lib/python3.10/site-packages/airflow/example_dags/tutorial_taskflow_api.py took 0.086 seconds
[2023-03-07T18:19:07.513+0530] {processor.py:153} INFO - Started process (PID=7598) to work on /home/ris/PycharmProjects/pythonProject/USA-housing/venv/lib/python3.10/site-packages/airflow/example_dags/tutorial_taskflow_api.py
[2023-03-07T18:19:07.515+0530] {processor.py:743} INFO - Processing file /home/ris/PycharmProjects/pythonProject/USA-housing/venv/lib/python3.10/site-packages/airflow/example_dags/tutorial_taskflow_api.py for tasks to queue
[2023-03-07T18:19:07.516+0530] {logging_mixin.py:137} INFO - [2023-03-07T18:19:07.516+0530] {dagbag.py:538} INFO - Filling up the DagBag from /home/ris/PycharmProjects/pythonProject/USA-housing/venv/lib/python3.10/site-packages/airflow/example_dags/tutorial_taskflow_api.py
[2023-03-07T18:19:07.534+0530] {processor.py:753} INFO - DAG(s) dict_keys(['tutorial_taskflow_api']) retrieved from /home/ris/PycharmProjects/pythonProject/USA-housing/venv/lib/python3.10/site-packages/airflow/example_dags/tutorial_taskflow_api.py
[2023-03-07T18:19:07.550+0530] {logging_mixin.py:137} INFO - [2023-03-07T18:19:07.550+0530] {dag.py:2690} INFO - Sync 1 DAGs
[2023-03-07T18:19:07.565+0530] {logging_mixin.py:137} INFO - [2023-03-07T18:19:07.565+0530] {dag.py:3437} INFO - Setting next_dagrun for tutorial_taskflow_api to None, run_after=None
[2023-03-07T18:19:07.584+0530] {processor.py:175} INFO - Processing /home/ris/PycharmProjects/pythonProject/USA-housing/venv/lib/python3.10/site-packages/airflow/example_dags/tutorial_taskflow_api.py took 0.076 seconds
[2023-03-07T18:19:49.866+0530] {processor.py:153} INFO - Started process (PID=7863) to work on /home/ris/PycharmProjects/pythonProject/USA-housing/venv/lib/python3.10/site-packages/airflow/example_dags/tutorial_taskflow_api.py
[2023-03-07T18:19:49.868+0530] {processor.py:743} INFO - Processing file /home/ris/PycharmProjects/pythonProject/USA-housing/venv/lib/python3.10/site-packages/airflow/example_dags/tutorial_taskflow_api.py for tasks to queue
[2023-03-07T18:19:49.869+0530] {logging_mixin.py:137} INFO - [2023-03-07T18:19:49.869+0530] {dagbag.py:538} INFO - Filling up the DagBag from /home/ris/PycharmProjects/pythonProject/USA-housing/venv/lib/python3.10/site-packages/airflow/example_dags/tutorial_taskflow_api.py
[2023-03-07T18:19:49.890+0530] {processor.py:753} INFO - DAG(s) dict_keys(['tutorial_taskflow_api']) retrieved from /home/ris/PycharmProjects/pythonProject/USA-housing/venv/lib/python3.10/site-packages/airflow/example_dags/tutorial_taskflow_api.py
[2023-03-07T18:19:49.911+0530] {logging_mixin.py:137} INFO - [2023-03-07T18:19:49.911+0530] {dag.py:2690} INFO - Sync 1 DAGs
[2023-03-07T18:19:49.929+0530] {logging_mixin.py:137} INFO - [2023-03-07T18:19:49.929+0530] {dag.py:3437} INFO - Setting next_dagrun for tutorial_taskflow_api to None, run_after=None
[2023-03-07T18:19:49.961+0530] {processor.py:175} INFO - Processing /home/ris/PycharmProjects/pythonProject/USA-housing/venv/lib/python3.10/site-packages/airflow/example_dags/tutorial_taskflow_api.py took 0.098 seconds
[2023-03-07T18:20:33.984+0530] {processor.py:153} INFO - Started process (PID=7943) to work on /home/ris/PycharmProjects/pythonProject/USA-housing/venv/lib/python3.10/site-packages/airflow/example_dags/tutorial_taskflow_api.py
[2023-03-07T18:20:33.986+0530] {processor.py:743} INFO - Processing file /home/ris/PycharmProjects/pythonProject/USA-housing/venv/lib/python3.10/site-packages/airflow/example_dags/tutorial_taskflow_api.py for tasks to queue
[2023-03-07T18:20:33.987+0530] {logging_mixin.py:137} INFO - [2023-03-07T18:20:33.987+0530] {dagbag.py:538} INFO - Filling up the DagBag from /home/ris/PycharmProjects/pythonProject/USA-housing/venv/lib/python3.10/site-packages/airflow/example_dags/tutorial_taskflow_api.py
[2023-03-07T18:20:34.003+0530] {processor.py:753} INFO - DAG(s) dict_keys(['tutorial_taskflow_api']) retrieved from /home/ris/PycharmProjects/pythonProject/USA-housing/venv/lib/python3.10/site-packages/airflow/example_dags/tutorial_taskflow_api.py
[2023-03-07T18:20:34.022+0530] {logging_mixin.py:137} INFO - [2023-03-07T18:20:34.022+0530] {dag.py:2690} INFO - Sync 1 DAGs
[2023-03-07T18:20:34.039+0530] {logging_mixin.py:137} INFO - [2023-03-07T18:20:34.039+0530] {dag.py:3437} INFO - Setting next_dagrun for tutorial_taskflow_api to None, run_after=None
[2023-03-07T18:20:34.068+0530] {processor.py:175} INFO - Processing /home/ris/PycharmProjects/pythonProject/USA-housing/venv/lib/python3.10/site-packages/airflow/example_dags/tutorial_taskflow_api.py took 0.087 seconds
[2023-03-07T18:21:14.538+0530] {processor.py:153} INFO - Started process (PID=7993) to work on /home/ris/PycharmProjects/pythonProject/USA-housing/venv/lib/python3.10/site-packages/airflow/example_dags/tutorial_taskflow_api.py
[2023-03-07T18:21:14.540+0530] {processor.py:743} INFO - Processing file /home/ris/PycharmProjects/pythonProject/USA-housing/venv/lib/python3.10/site-packages/airflow/example_dags/tutorial_taskflow_api.py for tasks to queue
[2023-03-07T18:21:14.541+0530] {logging_mixin.py:137} INFO - [2023-03-07T18:21:14.541+0530] {dagbag.py:538} INFO - Filling up the DagBag from /home/ris/PycharmProjects/pythonProject/USA-housing/venv/lib/python3.10/site-packages/airflow/example_dags/tutorial_taskflow_api.py
[2023-03-07T18:21:14.560+0530] {processor.py:753} INFO - DAG(s) dict_keys(['tutorial_taskflow_api']) retrieved from /home/ris/PycharmProjects/pythonProject/USA-housing/venv/lib/python3.10/site-packages/airflow/example_dags/tutorial_taskflow_api.py
[2023-03-07T18:21:14.577+0530] {logging_mixin.py:137} INFO - [2023-03-07T18:21:14.577+0530] {dag.py:2690} INFO - Sync 1 DAGs
[2023-03-07T18:21:14.594+0530] {logging_mixin.py:137} INFO - [2023-03-07T18:21:14.594+0530] {dag.py:3437} INFO - Setting next_dagrun for tutorial_taskflow_api to None, run_after=None
[2023-03-07T18:21:14.615+0530] {processor.py:175} INFO - Processing /home/ris/PycharmProjects/pythonProject/USA-housing/venv/lib/python3.10/site-packages/airflow/example_dags/tutorial_taskflow_api.py took 0.080 seconds
[2023-03-07T18:21:52.286+0530] {processor.py:153} INFO - Started process (PID=8038) to work on /home/ris/PycharmProjects/pythonProject/USA-housing/venv/lib/python3.10/site-packages/airflow/example_dags/tutorial_taskflow_api.py
[2023-03-07T18:21:52.288+0530] {processor.py:743} INFO - Processing file /home/ris/PycharmProjects/pythonProject/USA-housing/venv/lib/python3.10/site-packages/airflow/example_dags/tutorial_taskflow_api.py for tasks to queue
[2023-03-07T18:21:52.288+0530] {logging_mixin.py:137} INFO - [2023-03-07T18:21:52.288+0530] {dagbag.py:538} INFO - Filling up the DagBag from /home/ris/PycharmProjects/pythonProject/USA-housing/venv/lib/python3.10/site-packages/airflow/example_dags/tutorial_taskflow_api.py
[2023-03-07T18:21:52.303+0530] {processor.py:753} INFO - DAG(s) dict_keys(['tutorial_taskflow_api']) retrieved from /home/ris/PycharmProjects/pythonProject/USA-housing/venv/lib/python3.10/site-packages/airflow/example_dags/tutorial_taskflow_api.py
[2023-03-07T18:21:52.320+0530] {logging_mixin.py:137} INFO - [2023-03-07T18:21:52.319+0530] {dag.py:2690} INFO - Sync 1 DAGs
[2023-03-07T18:21:52.340+0530] {logging_mixin.py:137} INFO - [2023-03-07T18:21:52.340+0530] {dag.py:3437} INFO - Setting next_dagrun for tutorial_taskflow_api to None, run_after=None
[2023-03-07T18:21:52.359+0530] {processor.py:175} INFO - Processing /home/ris/PycharmProjects/pythonProject/USA-housing/venv/lib/python3.10/site-packages/airflow/example_dags/tutorial_taskflow_api.py took 0.076 seconds
[2023-03-07T18:22:29.000+0530] {processor.py:153} INFO - Started process (PID=8080) to work on /home/ris/PycharmProjects/pythonProject/USA-housing/venv/lib/python3.10/site-packages/airflow/example_dags/tutorial_taskflow_api.py
[2023-03-07T18:22:29.002+0530] {processor.py:743} INFO - Processing file /home/ris/PycharmProjects/pythonProject/USA-housing/venv/lib/python3.10/site-packages/airflow/example_dags/tutorial_taskflow_api.py for tasks to queue
[2023-03-07T18:22:29.003+0530] {logging_mixin.py:137} INFO - [2023-03-07T18:22:29.003+0530] {dagbag.py:538} INFO - Filling up the DagBag from /home/ris/PycharmProjects/pythonProject/USA-housing/venv/lib/python3.10/site-packages/airflow/example_dags/tutorial_taskflow_api.py
[2023-03-07T18:22:29.017+0530] {processor.py:753} INFO - DAG(s) dict_keys(['tutorial_taskflow_api']) retrieved from /home/ris/PycharmProjects/pythonProject/USA-housing/venv/lib/python3.10/site-packages/airflow/example_dags/tutorial_taskflow_api.py
[2023-03-07T18:22:29.034+0530] {logging_mixin.py:137} INFO - [2023-03-07T18:22:29.034+0530] {dag.py:2690} INFO - Sync 1 DAGs
[2023-03-07T18:22:29.050+0530] {logging_mixin.py:137} INFO - [2023-03-07T18:22:29.050+0530] {dag.py:3437} INFO - Setting next_dagrun for tutorial_taskflow_api to None, run_after=None
[2023-03-07T18:22:29.070+0530] {processor.py:175} INFO - Processing /home/ris/PycharmProjects/pythonProject/USA-housing/venv/lib/python3.10/site-packages/airflow/example_dags/tutorial_taskflow_api.py took 0.072 seconds
[2023-03-07T18:23:08.068+0530] {processor.py:153} INFO - Started process (PID=8138) to work on /home/ris/PycharmProjects/pythonProject/USA-housing/venv/lib/python3.10/site-packages/airflow/example_dags/tutorial_taskflow_api.py
[2023-03-07T18:23:08.071+0530] {processor.py:743} INFO - Processing file /home/ris/PycharmProjects/pythonProject/USA-housing/venv/lib/python3.10/site-packages/airflow/example_dags/tutorial_taskflow_api.py for tasks to queue
[2023-03-07T18:23:08.073+0530] {logging_mixin.py:137} INFO - [2023-03-07T18:23:08.072+0530] {dagbag.py:538} INFO - Filling up the DagBag from /home/ris/PycharmProjects/pythonProject/USA-housing/venv/lib/python3.10/site-packages/airflow/example_dags/tutorial_taskflow_api.py
[2023-03-07T18:23:08.100+0530] {processor.py:753} INFO - DAG(s) dict_keys(['tutorial_taskflow_api']) retrieved from /home/ris/PycharmProjects/pythonProject/USA-housing/venv/lib/python3.10/site-packages/airflow/example_dags/tutorial_taskflow_api.py
[2023-03-07T18:23:08.126+0530] {logging_mixin.py:137} INFO - [2023-03-07T18:23:08.126+0530] {dag.py:2690} INFO - Sync 1 DAGs
[2023-03-07T18:23:08.147+0530] {logging_mixin.py:137} INFO - [2023-03-07T18:23:08.147+0530] {dag.py:3437} INFO - Setting next_dagrun for tutorial_taskflow_api to None, run_after=None
[2023-03-07T18:23:08.189+0530] {processor.py:175} INFO - Processing /home/ris/PycharmProjects/pythonProject/USA-housing/venv/lib/python3.10/site-packages/airflow/example_dags/tutorial_taskflow_api.py took 0.123 seconds
[2023-03-07T18:23:50.336+0530] {processor.py:153} INFO - Started process (PID=8338) to work on /home/ris/PycharmProjects/pythonProject/USA-housing/venv/lib/python3.10/site-packages/airflow/example_dags/tutorial_taskflow_api.py
[2023-03-07T18:23:50.338+0530] {processor.py:743} INFO - Processing file /home/ris/PycharmProjects/pythonProject/USA-housing/venv/lib/python3.10/site-packages/airflow/example_dags/tutorial_taskflow_api.py for tasks to queue
[2023-03-07T18:23:50.339+0530] {logging_mixin.py:137} INFO - [2023-03-07T18:23:50.339+0530] {dagbag.py:538} INFO - Filling up the DagBag from /home/ris/PycharmProjects/pythonProject/USA-housing/venv/lib/python3.10/site-packages/airflow/example_dags/tutorial_taskflow_api.py
[2023-03-07T18:23:50.356+0530] {processor.py:753} INFO - DAG(s) dict_keys(['tutorial_taskflow_api']) retrieved from /home/ris/PycharmProjects/pythonProject/USA-housing/venv/lib/python3.10/site-packages/airflow/example_dags/tutorial_taskflow_api.py
[2023-03-07T18:23:50.379+0530] {logging_mixin.py:137} INFO - [2023-03-07T18:23:50.378+0530] {dag.py:2690} INFO - Sync 1 DAGs
[2023-03-07T18:23:50.405+0530] {logging_mixin.py:137} INFO - [2023-03-07T18:23:50.405+0530] {dag.py:3437} INFO - Setting next_dagrun for tutorial_taskflow_api to None, run_after=None
[2023-03-07T18:23:50.431+0530] {processor.py:175} INFO - Processing /home/ris/PycharmProjects/pythonProject/USA-housing/venv/lib/python3.10/site-packages/airflow/example_dags/tutorial_taskflow_api.py took 0.097 seconds
[2023-03-07T18:24:36.369+0530] {processor.py:153} INFO - Started process (PID=8387) to work on /home/ris/PycharmProjects/pythonProject/USA-housing/venv/lib/python3.10/site-packages/airflow/example_dags/tutorial_taskflow_api.py
[2023-03-07T18:24:36.370+0530] {processor.py:743} INFO - Processing file /home/ris/PycharmProjects/pythonProject/USA-housing/venv/lib/python3.10/site-packages/airflow/example_dags/tutorial_taskflow_api.py for tasks to queue
[2023-03-07T18:24:36.371+0530] {logging_mixin.py:137} INFO - [2023-03-07T18:24:36.371+0530] {dagbag.py:538} INFO - Filling up the DagBag from /home/ris/PycharmProjects/pythonProject/USA-housing/venv/lib/python3.10/site-packages/airflow/example_dags/tutorial_taskflow_api.py
[2023-03-07T18:24:36.389+0530] {processor.py:753} INFO - DAG(s) dict_keys(['tutorial_taskflow_api']) retrieved from /home/ris/PycharmProjects/pythonProject/USA-housing/venv/lib/python3.10/site-packages/airflow/example_dags/tutorial_taskflow_api.py
[2023-03-07T18:24:36.414+0530] {logging_mixin.py:137} INFO - [2023-03-07T18:24:36.413+0530] {dag.py:2690} INFO - Sync 1 DAGs
[2023-03-07T18:24:36.435+0530] {logging_mixin.py:137} INFO - [2023-03-07T18:24:36.435+0530] {dag.py:3437} INFO - Setting next_dagrun for tutorial_taskflow_api to None, run_after=None
[2023-03-07T18:24:36.456+0530] {processor.py:175} INFO - Processing /home/ris/PycharmProjects/pythonProject/USA-housing/venv/lib/python3.10/site-packages/airflow/example_dags/tutorial_taskflow_api.py took 0.093 seconds
[2023-03-07T18:25:20.427+0530] {processor.py:153} INFO - Started process (PID=8436) to work on /home/ris/PycharmProjects/pythonProject/USA-housing/venv/lib/python3.10/site-packages/airflow/example_dags/tutorial_taskflow_api.py
[2023-03-07T18:25:20.428+0530] {processor.py:743} INFO - Processing file /home/ris/PycharmProjects/pythonProject/USA-housing/venv/lib/python3.10/site-packages/airflow/example_dags/tutorial_taskflow_api.py for tasks to queue
[2023-03-07T18:25:20.429+0530] {logging_mixin.py:137} INFO - [2023-03-07T18:25:20.428+0530] {dagbag.py:538} INFO - Filling up the DagBag from /home/ris/PycharmProjects/pythonProject/USA-housing/venv/lib/python3.10/site-packages/airflow/example_dags/tutorial_taskflow_api.py
[2023-03-07T18:25:20.447+0530] {processor.py:753} INFO - DAG(s) dict_keys(['tutorial_taskflow_api']) retrieved from /home/ris/PycharmProjects/pythonProject/USA-housing/venv/lib/python3.10/site-packages/airflow/example_dags/tutorial_taskflow_api.py
[2023-03-07T18:25:20.467+0530] {logging_mixin.py:137} INFO - [2023-03-07T18:25:20.467+0530] {dag.py:2690} INFO - Sync 1 DAGs
[2023-03-07T18:25:20.490+0530] {logging_mixin.py:137} INFO - [2023-03-07T18:25:20.490+0530] {dag.py:3437} INFO - Setting next_dagrun for tutorial_taskflow_api to None, run_after=None
[2023-03-07T18:25:20.516+0530] {processor.py:175} INFO - Processing /home/ris/PycharmProjects/pythonProject/USA-housing/venv/lib/python3.10/site-packages/airflow/example_dags/tutorial_taskflow_api.py took 0.093 seconds
[2023-03-07T18:26:08.520+0530] {processor.py:153} INFO - Started process (PID=8526) to work on /home/ris/PycharmProjects/pythonProject/USA-housing/venv/lib/python3.10/site-packages/airflow/example_dags/tutorial_taskflow_api.py
[2023-03-07T18:26:08.523+0530] {processor.py:743} INFO - Processing file /home/ris/PycharmProjects/pythonProject/USA-housing/venv/lib/python3.10/site-packages/airflow/example_dags/tutorial_taskflow_api.py for tasks to queue
[2023-03-07T18:26:08.524+0530] {logging_mixin.py:137} INFO - [2023-03-07T18:26:08.524+0530] {dagbag.py:538} INFO - Filling up the DagBag from /home/ris/PycharmProjects/pythonProject/USA-housing/venv/lib/python3.10/site-packages/airflow/example_dags/tutorial_taskflow_api.py
[2023-03-07T18:26:08.549+0530] {processor.py:753} INFO - DAG(s) dict_keys(['tutorial_taskflow_api']) retrieved from /home/ris/PycharmProjects/pythonProject/USA-housing/venv/lib/python3.10/site-packages/airflow/example_dags/tutorial_taskflow_api.py
[2023-03-07T18:26:08.584+0530] {logging_mixin.py:137} INFO - [2023-03-07T18:26:08.584+0530] {dag.py:2690} INFO - Sync 1 DAGs
[2023-03-07T18:26:08.608+0530] {logging_mixin.py:137} INFO - [2023-03-07T18:26:08.607+0530] {dag.py:3437} INFO - Setting next_dagrun for tutorial_taskflow_api to None, run_after=None
[2023-03-07T18:26:08.641+0530] {processor.py:175} INFO - Processing /home/ris/PycharmProjects/pythonProject/USA-housing/venv/lib/python3.10/site-packages/airflow/example_dags/tutorial_taskflow_api.py took 0.124 seconds
[2023-03-07T18:26:51.774+0530] {processor.py:153} INFO - Started process (PID=8650) to work on /home/ris/PycharmProjects/pythonProject/USA-housing/venv/lib/python3.10/site-packages/airflow/example_dags/tutorial_taskflow_api.py
[2023-03-07T18:26:51.779+0530] {processor.py:743} INFO - Processing file /home/ris/PycharmProjects/pythonProject/USA-housing/venv/lib/python3.10/site-packages/airflow/example_dags/tutorial_taskflow_api.py for tasks to queue
[2023-03-07T18:26:51.781+0530] {logging_mixin.py:137} INFO - [2023-03-07T18:26:51.780+0530] {dagbag.py:538} INFO - Filling up the DagBag from /home/ris/PycharmProjects/pythonProject/USA-housing/venv/lib/python3.10/site-packages/airflow/example_dags/tutorial_taskflow_api.py
[2023-03-07T18:26:51.810+0530] {processor.py:753} INFO - DAG(s) dict_keys(['tutorial_taskflow_api']) retrieved from /home/ris/PycharmProjects/pythonProject/USA-housing/venv/lib/python3.10/site-packages/airflow/example_dags/tutorial_taskflow_api.py
[2023-03-07T18:26:51.843+0530] {logging_mixin.py:137} INFO - [2023-03-07T18:26:51.843+0530] {dag.py:2690} INFO - Sync 1 DAGs
[2023-03-07T18:26:51.871+0530] {logging_mixin.py:137} INFO - [2023-03-07T18:26:51.870+0530] {dag.py:3437} INFO - Setting next_dagrun for tutorial_taskflow_api to None, run_after=None
[2023-03-07T18:26:51.898+0530] {processor.py:175} INFO - Processing /home/ris/PycharmProjects/pythonProject/USA-housing/venv/lib/python3.10/site-packages/airflow/example_dags/tutorial_taskflow_api.py took 0.129 seconds
[2023-03-07T18:27:32.117+0530] {processor.py:153} INFO - Started process (PID=8698) to work on /home/ris/PycharmProjects/pythonProject/USA-housing/venv/lib/python3.10/site-packages/airflow/example_dags/tutorial_taskflow_api.py
[2023-03-07T18:27:32.119+0530] {processor.py:743} INFO - Processing file /home/ris/PycharmProjects/pythonProject/USA-housing/venv/lib/python3.10/site-packages/airflow/example_dags/tutorial_taskflow_api.py for tasks to queue
[2023-03-07T18:27:32.120+0530] {logging_mixin.py:137} INFO - [2023-03-07T18:27:32.120+0530] {dagbag.py:538} INFO - Filling up the DagBag from /home/ris/PycharmProjects/pythonProject/USA-housing/venv/lib/python3.10/site-packages/airflow/example_dags/tutorial_taskflow_api.py
[2023-03-07T18:27:32.138+0530] {processor.py:753} INFO - DAG(s) dict_keys(['tutorial_taskflow_api']) retrieved from /home/ris/PycharmProjects/pythonProject/USA-housing/venv/lib/python3.10/site-packages/airflow/example_dags/tutorial_taskflow_api.py
[2023-03-07T18:27:32.157+0530] {logging_mixin.py:137} INFO - [2023-03-07T18:27:32.157+0530] {dag.py:2690} INFO - Sync 1 DAGs
[2023-03-07T18:27:32.175+0530] {logging_mixin.py:137} INFO - [2023-03-07T18:27:32.175+0530] {dag.py:3437} INFO - Setting next_dagrun for tutorial_taskflow_api to None, run_after=None
[2023-03-07T18:27:32.207+0530] {processor.py:175} INFO - Processing /home/ris/PycharmProjects/pythonProject/USA-housing/venv/lib/python3.10/site-packages/airflow/example_dags/tutorial_taskflow_api.py took 0.093 seconds
[2023-03-07T18:28:17.430+0530] {processor.py:153} INFO - Started process (PID=8751) to work on /home/ris/PycharmProjects/pythonProject/USA-housing/venv/lib/python3.10/site-packages/airflow/example_dags/tutorial_taskflow_api.py
[2023-03-07T18:28:17.431+0530] {processor.py:743} INFO - Processing file /home/ris/PycharmProjects/pythonProject/USA-housing/venv/lib/python3.10/site-packages/airflow/example_dags/tutorial_taskflow_api.py for tasks to queue
[2023-03-07T18:28:17.432+0530] {logging_mixin.py:137} INFO - [2023-03-07T18:28:17.432+0530] {dagbag.py:538} INFO - Filling up the DagBag from /home/ris/PycharmProjects/pythonProject/USA-housing/venv/lib/python3.10/site-packages/airflow/example_dags/tutorial_taskflow_api.py
[2023-03-07T18:28:17.452+0530] {processor.py:753} INFO - DAG(s) dict_keys(['tutorial_taskflow_api']) retrieved from /home/ris/PycharmProjects/pythonProject/USA-housing/venv/lib/python3.10/site-packages/airflow/example_dags/tutorial_taskflow_api.py
[2023-03-07T18:28:17.474+0530] {logging_mixin.py:137} INFO - [2023-03-07T18:28:17.473+0530] {dag.py:2690} INFO - Sync 1 DAGs
[2023-03-07T18:28:17.494+0530] {logging_mixin.py:137} INFO - [2023-03-07T18:28:17.494+0530] {dag.py:3437} INFO - Setting next_dagrun for tutorial_taskflow_api to None, run_after=None
[2023-03-07T18:28:17.520+0530] {processor.py:175} INFO - Processing /home/ris/PycharmProjects/pythonProject/USA-housing/venv/lib/python3.10/site-packages/airflow/example_dags/tutorial_taskflow_api.py took 0.092 seconds
[2023-03-07T18:29:01.600+0530] {processor.py:153} INFO - Started process (PID=8811) to work on /home/ris/PycharmProjects/pythonProject/USA-housing/venv/lib/python3.10/site-packages/airflow/example_dags/tutorial_taskflow_api.py
[2023-03-07T18:29:01.602+0530] {processor.py:743} INFO - Processing file /home/ris/PycharmProjects/pythonProject/USA-housing/venv/lib/python3.10/site-packages/airflow/example_dags/tutorial_taskflow_api.py for tasks to queue
[2023-03-07T18:29:01.602+0530] {logging_mixin.py:137} INFO - [2023-03-07T18:29:01.602+0530] {dagbag.py:538} INFO - Filling up the DagBag from /home/ris/PycharmProjects/pythonProject/USA-housing/venv/lib/python3.10/site-packages/airflow/example_dags/tutorial_taskflow_api.py
[2023-03-07T18:29:01.617+0530] {processor.py:753} INFO - DAG(s) dict_keys(['tutorial_taskflow_api']) retrieved from /home/ris/PycharmProjects/pythonProject/USA-housing/venv/lib/python3.10/site-packages/airflow/example_dags/tutorial_taskflow_api.py
[2023-03-07T18:29:01.635+0530] {logging_mixin.py:137} INFO - [2023-03-07T18:29:01.635+0530] {dag.py:2690} INFO - Sync 1 DAGs
[2023-03-07T18:29:01.652+0530] {logging_mixin.py:137} INFO - [2023-03-07T18:29:01.652+0530] {dag.py:3437} INFO - Setting next_dagrun for tutorial_taskflow_api to None, run_after=None
[2023-03-07T18:29:01.676+0530] {processor.py:175} INFO - Processing /home/ris/PycharmProjects/pythonProject/USA-housing/venv/lib/python3.10/site-packages/airflow/example_dags/tutorial_taskflow_api.py took 0.079 seconds
[2023-03-07T18:29:44.909+0530] {processor.py:153} INFO - Started process (PID=8864) to work on /home/ris/PycharmProjects/pythonProject/USA-housing/venv/lib/python3.10/site-packages/airflow/example_dags/tutorial_taskflow_api.py
[2023-03-07T18:29:44.911+0530] {processor.py:743} INFO - Processing file /home/ris/PycharmProjects/pythonProject/USA-housing/venv/lib/python3.10/site-packages/airflow/example_dags/tutorial_taskflow_api.py for tasks to queue
[2023-03-07T18:29:44.912+0530] {logging_mixin.py:137} INFO - [2023-03-07T18:29:44.912+0530] {dagbag.py:538} INFO - Filling up the DagBag from /home/ris/PycharmProjects/pythonProject/USA-housing/venv/lib/python3.10/site-packages/airflow/example_dags/tutorial_taskflow_api.py
[2023-03-07T18:29:44.926+0530] {processor.py:753} INFO - DAG(s) dict_keys(['tutorial_taskflow_api']) retrieved from /home/ris/PycharmProjects/pythonProject/USA-housing/venv/lib/python3.10/site-packages/airflow/example_dags/tutorial_taskflow_api.py
[2023-03-07T18:29:44.943+0530] {logging_mixin.py:137} INFO - [2023-03-07T18:29:44.943+0530] {dag.py:2690} INFO - Sync 1 DAGs
[2023-03-07T18:29:44.959+0530] {logging_mixin.py:137} INFO - [2023-03-07T18:29:44.959+0530] {dag.py:3437} INFO - Setting next_dagrun for tutorial_taskflow_api to None, run_after=None
[2023-03-07T18:29:44.981+0530] {processor.py:175} INFO - Processing /home/ris/PycharmProjects/pythonProject/USA-housing/venv/lib/python3.10/site-packages/airflow/example_dags/tutorial_taskflow_api.py took 0.075 seconds
[2023-03-07T18:30:23.042+0530] {processor.py:153} INFO - Started process (PID=8915) to work on /home/ris/PycharmProjects/pythonProject/USA-housing/venv/lib/python3.10/site-packages/airflow/example_dags/tutorial_taskflow_api.py
[2023-03-07T18:30:23.043+0530] {processor.py:743} INFO - Processing file /home/ris/PycharmProjects/pythonProject/USA-housing/venv/lib/python3.10/site-packages/airflow/example_dags/tutorial_taskflow_api.py for tasks to queue
[2023-03-07T18:30:23.044+0530] {logging_mixin.py:137} INFO - [2023-03-07T18:30:23.044+0530] {dagbag.py:538} INFO - Filling up the DagBag from /home/ris/PycharmProjects/pythonProject/USA-housing/venv/lib/python3.10/site-packages/airflow/example_dags/tutorial_taskflow_api.py
[2023-03-07T18:30:23.060+0530] {processor.py:753} INFO - DAG(s) dict_keys(['tutorial_taskflow_api']) retrieved from /home/ris/PycharmProjects/pythonProject/USA-housing/venv/lib/python3.10/site-packages/airflow/example_dags/tutorial_taskflow_api.py
[2023-03-07T18:30:23.077+0530] {logging_mixin.py:137} INFO - [2023-03-07T18:30:23.077+0530] {dag.py:2690} INFO - Sync 1 DAGs
[2023-03-07T18:30:23.095+0530] {logging_mixin.py:137} INFO - [2023-03-07T18:30:23.095+0530] {dag.py:3437} INFO - Setting next_dagrun for tutorial_taskflow_api to None, run_after=None
[2023-03-07T18:30:23.116+0530] {processor.py:175} INFO - Processing /home/ris/PycharmProjects/pythonProject/USA-housing/venv/lib/python3.10/site-packages/airflow/example_dags/tutorial_taskflow_api.py took 0.077 seconds
[2023-03-07T18:31:01.366+0530] {processor.py:153} INFO - Started process (PID=8993) to work on /home/ris/PycharmProjects/pythonProject/USA-housing/venv/lib/python3.10/site-packages/airflow/example_dags/tutorial_taskflow_api.py
[2023-03-07T18:31:01.368+0530] {processor.py:743} INFO - Processing file /home/ris/PycharmProjects/pythonProject/USA-housing/venv/lib/python3.10/site-packages/airflow/example_dags/tutorial_taskflow_api.py for tasks to queue
[2023-03-07T18:31:01.369+0530] {logging_mixin.py:137} INFO - [2023-03-07T18:31:01.369+0530] {dagbag.py:538} INFO - Filling up the DagBag from /home/ris/PycharmProjects/pythonProject/USA-housing/venv/lib/python3.10/site-packages/airflow/example_dags/tutorial_taskflow_api.py
[2023-03-07T18:31:01.392+0530] {processor.py:753} INFO - DAG(s) dict_keys(['tutorial_taskflow_api']) retrieved from /home/ris/PycharmProjects/pythonProject/USA-housing/venv/lib/python3.10/site-packages/airflow/example_dags/tutorial_taskflow_api.py
[2023-03-07T18:31:01.412+0530] {logging_mixin.py:137} INFO - [2023-03-07T18:31:01.412+0530] {dag.py:2690} INFO - Sync 1 DAGs
[2023-03-07T18:31:01.431+0530] {logging_mixin.py:137} INFO - [2023-03-07T18:31:01.431+0530] {dag.py:3437} INFO - Setting next_dagrun for tutorial_taskflow_api to None, run_after=None
[2023-03-07T18:31:01.451+0530] {processor.py:175} INFO - Processing /home/ris/PycharmProjects/pythonProject/USA-housing/venv/lib/python3.10/site-packages/airflow/example_dags/tutorial_taskflow_api.py took 0.087 seconds
[2023-03-07T18:31:41.646+0530] {processor.py:153} INFO - Started process (PID=9067) to work on /home/ris/PycharmProjects/pythonProject/USA-housing/venv/lib/python3.10/site-packages/airflow/example_dags/tutorial_taskflow_api.py
[2023-03-07T18:31:41.648+0530] {processor.py:743} INFO - Processing file /home/ris/PycharmProjects/pythonProject/USA-housing/venv/lib/python3.10/site-packages/airflow/example_dags/tutorial_taskflow_api.py for tasks to queue
[2023-03-07T18:31:41.648+0530] {logging_mixin.py:137} INFO - [2023-03-07T18:31:41.648+0530] {dagbag.py:538} INFO - Filling up the DagBag from /home/ris/PycharmProjects/pythonProject/USA-housing/venv/lib/python3.10/site-packages/airflow/example_dags/tutorial_taskflow_api.py
[2023-03-07T18:31:41.663+0530] {processor.py:753} INFO - DAG(s) dict_keys(['tutorial_taskflow_api']) retrieved from /home/ris/PycharmProjects/pythonProject/USA-housing/venv/lib/python3.10/site-packages/airflow/example_dags/tutorial_taskflow_api.py
[2023-03-07T18:31:41.683+0530] {logging_mixin.py:137} INFO - [2023-03-07T18:31:41.683+0530] {dag.py:2690} INFO - Sync 1 DAGs
[2023-03-07T18:31:41.699+0530] {logging_mixin.py:137} INFO - [2023-03-07T18:31:41.699+0530] {dag.py:3437} INFO - Setting next_dagrun for tutorial_taskflow_api to None, run_after=None
[2023-03-07T18:31:41.720+0530] {processor.py:175} INFO - Processing /home/ris/PycharmProjects/pythonProject/USA-housing/venv/lib/python3.10/site-packages/airflow/example_dags/tutorial_taskflow_api.py took 0.077 seconds
[2023-03-07T18:32:18.864+0530] {processor.py:153} INFO - Started process (PID=9109) to work on /home/ris/PycharmProjects/pythonProject/USA-housing/venv/lib/python3.10/site-packages/airflow/example_dags/tutorial_taskflow_api.py
[2023-03-07T18:32:18.866+0530] {processor.py:743} INFO - Processing file /home/ris/PycharmProjects/pythonProject/USA-housing/venv/lib/python3.10/site-packages/airflow/example_dags/tutorial_taskflow_api.py for tasks to queue
[2023-03-07T18:32:18.867+0530] {logging_mixin.py:137} INFO - [2023-03-07T18:32:18.866+0530] {dagbag.py:538} INFO - Filling up the DagBag from /home/ris/PycharmProjects/pythonProject/USA-housing/venv/lib/python3.10/site-packages/airflow/example_dags/tutorial_taskflow_api.py
[2023-03-07T18:32:18.883+0530] {processor.py:753} INFO - DAG(s) dict_keys(['tutorial_taskflow_api']) retrieved from /home/ris/PycharmProjects/pythonProject/USA-housing/venv/lib/python3.10/site-packages/airflow/example_dags/tutorial_taskflow_api.py
[2023-03-07T18:32:18.901+0530] {logging_mixin.py:137} INFO - [2023-03-07T18:32:18.901+0530] {dag.py:2690} INFO - Sync 1 DAGs
[2023-03-07T18:32:18.917+0530] {logging_mixin.py:137} INFO - [2023-03-07T18:32:18.917+0530] {dag.py:3437} INFO - Setting next_dagrun for tutorial_taskflow_api to None, run_after=None
[2023-03-07T18:32:18.939+0530] {processor.py:175} INFO - Processing /home/ris/PycharmProjects/pythonProject/USA-housing/venv/lib/python3.10/site-packages/airflow/example_dags/tutorial_taskflow_api.py took 0.077 seconds
[2023-03-07T18:33:05.243+0530] {processor.py:153} INFO - Started process (PID=9163) to work on /home/ris/PycharmProjects/pythonProject/USA-housing/venv/lib/python3.10/site-packages/airflow/example_dags/tutorial_taskflow_api.py
[2023-03-07T18:33:05.245+0530] {processor.py:743} INFO - Processing file /home/ris/PycharmProjects/pythonProject/USA-housing/venv/lib/python3.10/site-packages/airflow/example_dags/tutorial_taskflow_api.py for tasks to queue
[2023-03-07T18:33:05.246+0530] {logging_mixin.py:137} INFO - [2023-03-07T18:33:05.246+0530] {dagbag.py:538} INFO - Filling up the DagBag from /home/ris/PycharmProjects/pythonProject/USA-housing/venv/lib/python3.10/site-packages/airflow/example_dags/tutorial_taskflow_api.py
[2023-03-07T18:33:05.261+0530] {processor.py:753} INFO - DAG(s) dict_keys(['tutorial_taskflow_api']) retrieved from /home/ris/PycharmProjects/pythonProject/USA-housing/venv/lib/python3.10/site-packages/airflow/example_dags/tutorial_taskflow_api.py
[2023-03-07T18:33:05.278+0530] {logging_mixin.py:137} INFO - [2023-03-07T18:33:05.278+0530] {dag.py:2690} INFO - Sync 1 DAGs
[2023-03-07T18:33:05.294+0530] {logging_mixin.py:137} INFO - [2023-03-07T18:33:05.294+0530] {dag.py:3437} INFO - Setting next_dagrun for tutorial_taskflow_api to None, run_after=None
[2023-03-07T18:33:05.312+0530] {processor.py:175} INFO - Processing /home/ris/PycharmProjects/pythonProject/USA-housing/venv/lib/python3.10/site-packages/airflow/example_dags/tutorial_taskflow_api.py took 0.073 seconds
[2023-03-07T18:33:43.693+0530] {processor.py:153} INFO - Started process (PID=9204) to work on /home/ris/PycharmProjects/pythonProject/USA-housing/venv/lib/python3.10/site-packages/airflow/example_dags/tutorial_taskflow_api.py
[2023-03-07T18:33:43.694+0530] {processor.py:743} INFO - Processing file /home/ris/PycharmProjects/pythonProject/USA-housing/venv/lib/python3.10/site-packages/airflow/example_dags/tutorial_taskflow_api.py for tasks to queue
[2023-03-07T18:33:43.695+0530] {logging_mixin.py:137} INFO - [2023-03-07T18:33:43.695+0530] {dagbag.py:538} INFO - Filling up the DagBag from /home/ris/PycharmProjects/pythonProject/USA-housing/venv/lib/python3.10/site-packages/airflow/example_dags/tutorial_taskflow_api.py
[2023-03-07T18:33:43.713+0530] {processor.py:753} INFO - DAG(s) dict_keys(['tutorial_taskflow_api']) retrieved from /home/ris/PycharmProjects/pythonProject/USA-housing/venv/lib/python3.10/site-packages/airflow/example_dags/tutorial_taskflow_api.py
[2023-03-07T18:33:43.730+0530] {logging_mixin.py:137} INFO - [2023-03-07T18:33:43.730+0530] {dag.py:2690} INFO - Sync 1 DAGs
[2023-03-07T18:33:43.745+0530] {logging_mixin.py:137} INFO - [2023-03-07T18:33:43.745+0530] {dag.py:3437} INFO - Setting next_dagrun for tutorial_taskflow_api to None, run_after=None
[2023-03-07T18:33:43.765+0530] {processor.py:175} INFO - Processing /home/ris/PycharmProjects/pythonProject/USA-housing/venv/lib/python3.10/site-packages/airflow/example_dags/tutorial_taskflow_api.py took 0.075 seconds
[2023-03-07T18:34:26.655+0530] {processor.py:153} INFO - Started process (PID=9256) to work on /home/ris/PycharmProjects/pythonProject/USA-housing/venv/lib/python3.10/site-packages/airflow/example_dags/tutorial_taskflow_api.py
[2023-03-07T18:34:26.657+0530] {processor.py:743} INFO - Processing file /home/ris/PycharmProjects/pythonProject/USA-housing/venv/lib/python3.10/site-packages/airflow/example_dags/tutorial_taskflow_api.py for tasks to queue
[2023-03-07T18:34:26.658+0530] {logging_mixin.py:137} INFO - [2023-03-07T18:34:26.658+0530] {dagbag.py:538} INFO - Filling up the DagBag from /home/ris/PycharmProjects/pythonProject/USA-housing/venv/lib/python3.10/site-packages/airflow/example_dags/tutorial_taskflow_api.py
[2023-03-07T18:34:26.673+0530] {processor.py:753} INFO - DAG(s) dict_keys(['tutorial_taskflow_api']) retrieved from /home/ris/PycharmProjects/pythonProject/USA-housing/venv/lib/python3.10/site-packages/airflow/example_dags/tutorial_taskflow_api.py
[2023-03-07T18:34:26.689+0530] {logging_mixin.py:137} INFO - [2023-03-07T18:34:26.689+0530] {dag.py:2690} INFO - Sync 1 DAGs
[2023-03-07T18:34:26.705+0530] {logging_mixin.py:137} INFO - [2023-03-07T18:34:26.705+0530] {dag.py:3437} INFO - Setting next_dagrun for tutorial_taskflow_api to None, run_after=None
[2023-03-07T18:34:26.727+0530] {processor.py:175} INFO - Processing /home/ris/PycharmProjects/pythonProject/USA-housing/venv/lib/python3.10/site-packages/airflow/example_dags/tutorial_taskflow_api.py took 0.074 seconds
[2023-03-07T18:35:03.047+0530] {processor.py:153} INFO - Started process (PID=9295) to work on /home/ris/PycharmProjects/pythonProject/USA-housing/venv/lib/python3.10/site-packages/airflow/example_dags/tutorial_taskflow_api.py
[2023-03-07T18:35:03.048+0530] {processor.py:743} INFO - Processing file /home/ris/PycharmProjects/pythonProject/USA-housing/venv/lib/python3.10/site-packages/airflow/example_dags/tutorial_taskflow_api.py for tasks to queue
[2023-03-07T18:35:03.049+0530] {logging_mixin.py:137} INFO - [2023-03-07T18:35:03.049+0530] {dagbag.py:538} INFO - Filling up the DagBag from /home/ris/PycharmProjects/pythonProject/USA-housing/venv/lib/python3.10/site-packages/airflow/example_dags/tutorial_taskflow_api.py
[2023-03-07T18:35:03.065+0530] {processor.py:753} INFO - DAG(s) dict_keys(['tutorial_taskflow_api']) retrieved from /home/ris/PycharmProjects/pythonProject/USA-housing/venv/lib/python3.10/site-packages/airflow/example_dags/tutorial_taskflow_api.py
[2023-03-07T18:35:03.082+0530] {logging_mixin.py:137} INFO - [2023-03-07T18:35:03.082+0530] {dag.py:2690} INFO - Sync 1 DAGs
[2023-03-07T18:35:03.098+0530] {logging_mixin.py:137} INFO - [2023-03-07T18:35:03.098+0530] {dag.py:3437} INFO - Setting next_dagrun for tutorial_taskflow_api to None, run_after=None
[2023-03-07T18:35:03.117+0530] {processor.py:175} INFO - Processing /home/ris/PycharmProjects/pythonProject/USA-housing/venv/lib/python3.10/site-packages/airflow/example_dags/tutorial_taskflow_api.py took 0.073 seconds
[2023-03-07T18:35:39.611+0530] {processor.py:153} INFO - Started process (PID=9358) to work on /home/ris/PycharmProjects/pythonProject/USA-housing/venv/lib/python3.10/site-packages/airflow/example_dags/tutorial_taskflow_api.py
[2023-03-07T18:35:39.612+0530] {processor.py:743} INFO - Processing file /home/ris/PycharmProjects/pythonProject/USA-housing/venv/lib/python3.10/site-packages/airflow/example_dags/tutorial_taskflow_api.py for tasks to queue
[2023-03-07T18:35:39.613+0530] {logging_mixin.py:137} INFO - [2023-03-07T18:35:39.613+0530] {dagbag.py:538} INFO - Filling up the DagBag from /home/ris/PycharmProjects/pythonProject/USA-housing/venv/lib/python3.10/site-packages/airflow/example_dags/tutorial_taskflow_api.py
[2023-03-07T18:35:39.629+0530] {processor.py:753} INFO - DAG(s) dict_keys(['tutorial_taskflow_api']) retrieved from /home/ris/PycharmProjects/pythonProject/USA-housing/venv/lib/python3.10/site-packages/airflow/example_dags/tutorial_taskflow_api.py
[2023-03-07T18:35:39.645+0530] {logging_mixin.py:137} INFO - [2023-03-07T18:35:39.645+0530] {dag.py:2690} INFO - Sync 1 DAGs
[2023-03-07T18:35:39.661+0530] {logging_mixin.py:137} INFO - [2023-03-07T18:35:39.660+0530] {dag.py:3437} INFO - Setting next_dagrun for tutorial_taskflow_api to None, run_after=None
[2023-03-07T18:35:39.679+0530] {processor.py:175} INFO - Processing /home/ris/PycharmProjects/pythonProject/USA-housing/venv/lib/python3.10/site-packages/airflow/example_dags/tutorial_taskflow_api.py took 0.072 seconds
[2023-03-07T18:36:18.337+0530] {processor.py:153} INFO - Started process (PID=9400) to work on /home/ris/PycharmProjects/pythonProject/USA-housing/venv/lib/python3.10/site-packages/airflow/example_dags/tutorial_taskflow_api.py
[2023-03-07T18:36:18.339+0530] {processor.py:743} INFO - Processing file /home/ris/PycharmProjects/pythonProject/USA-housing/venv/lib/python3.10/site-packages/airflow/example_dags/tutorial_taskflow_api.py for tasks to queue
[2023-03-07T18:36:18.340+0530] {logging_mixin.py:137} INFO - [2023-03-07T18:36:18.340+0530] {dagbag.py:538} INFO - Filling up the DagBag from /home/ris/PycharmProjects/pythonProject/USA-housing/venv/lib/python3.10/site-packages/airflow/example_dags/tutorial_taskflow_api.py
[2023-03-07T18:36:18.356+0530] {processor.py:753} INFO - DAG(s) dict_keys(['tutorial_taskflow_api']) retrieved from /home/ris/PycharmProjects/pythonProject/USA-housing/venv/lib/python3.10/site-packages/airflow/example_dags/tutorial_taskflow_api.py
[2023-03-07T18:36:18.372+0530] {logging_mixin.py:137} INFO - [2023-03-07T18:36:18.372+0530] {dag.py:2690} INFO - Sync 1 DAGs
[2023-03-07T18:36:18.387+0530] {logging_mixin.py:137} INFO - [2023-03-07T18:36:18.387+0530] {dag.py:3437} INFO - Setting next_dagrun for tutorial_taskflow_api to None, run_after=None
[2023-03-07T18:36:18.405+0530] {processor.py:175} INFO - Processing /home/ris/PycharmProjects/pythonProject/USA-housing/venv/lib/python3.10/site-packages/airflow/example_dags/tutorial_taskflow_api.py took 0.070 seconds
[2023-03-07T18:36:53.894+0530] {processor.py:153} INFO - Started process (PID=9441) to work on /home/ris/PycharmProjects/pythonProject/USA-housing/venv/lib/python3.10/site-packages/airflow/example_dags/tutorial_taskflow_api.py
[2023-03-07T18:36:53.896+0530] {processor.py:743} INFO - Processing file /home/ris/PycharmProjects/pythonProject/USA-housing/venv/lib/python3.10/site-packages/airflow/example_dags/tutorial_taskflow_api.py for tasks to queue
[2023-03-07T18:36:53.897+0530] {logging_mixin.py:137} INFO - [2023-03-07T18:36:53.897+0530] {dagbag.py:538} INFO - Filling up the DagBag from /home/ris/PycharmProjects/pythonProject/USA-housing/venv/lib/python3.10/site-packages/airflow/example_dags/tutorial_taskflow_api.py
[2023-03-07T18:36:53.912+0530] {processor.py:753} INFO - DAG(s) dict_keys(['tutorial_taskflow_api']) retrieved from /home/ris/PycharmProjects/pythonProject/USA-housing/venv/lib/python3.10/site-packages/airflow/example_dags/tutorial_taskflow_api.py
[2023-03-07T18:36:53.928+0530] {logging_mixin.py:137} INFO - [2023-03-07T18:36:53.928+0530] {dag.py:2690} INFO - Sync 1 DAGs
[2023-03-07T18:36:53.943+0530] {logging_mixin.py:137} INFO - [2023-03-07T18:36:53.942+0530] {dag.py:3437} INFO - Setting next_dagrun for tutorial_taskflow_api to None, run_after=None
[2023-03-07T18:36:53.963+0530] {processor.py:175} INFO - Processing /home/ris/PycharmProjects/pythonProject/USA-housing/venv/lib/python3.10/site-packages/airflow/example_dags/tutorial_taskflow_api.py took 0.071 seconds
[2023-03-07T18:37:33.330+0530] {processor.py:153} INFO - Started process (PID=9524) to work on /home/ris/PycharmProjects/pythonProject/USA-housing/venv/lib/python3.10/site-packages/airflow/example_dags/tutorial_taskflow_api.py
[2023-03-07T18:37:33.332+0530] {processor.py:743} INFO - Processing file /home/ris/PycharmProjects/pythonProject/USA-housing/venv/lib/python3.10/site-packages/airflow/example_dags/tutorial_taskflow_api.py for tasks to queue
[2023-03-07T18:37:33.333+0530] {logging_mixin.py:137} INFO - [2023-03-07T18:37:33.333+0530] {dagbag.py:538} INFO - Filling up the DagBag from /home/ris/PycharmProjects/pythonProject/USA-housing/venv/lib/python3.10/site-packages/airflow/example_dags/tutorial_taskflow_api.py
[2023-03-07T18:37:33.366+0530] {processor.py:753} INFO - DAG(s) dict_keys(['tutorial_taskflow_api']) retrieved from /home/ris/PycharmProjects/pythonProject/USA-housing/venv/lib/python3.10/site-packages/airflow/example_dags/tutorial_taskflow_api.py
[2023-03-07T18:37:33.385+0530] {logging_mixin.py:137} INFO - [2023-03-07T18:37:33.385+0530] {dag.py:2690} INFO - Sync 1 DAGs
[2023-03-07T18:37:33.398+0530] {logging_mixin.py:137} INFO - [2023-03-07T18:37:33.398+0530] {dag.py:3437} INFO - Setting next_dagrun for tutorial_taskflow_api to None, run_after=None
[2023-03-07T18:37:33.415+0530] {processor.py:175} INFO - Processing /home/ris/PycharmProjects/pythonProject/USA-housing/venv/lib/python3.10/site-packages/airflow/example_dags/tutorial_taskflow_api.py took 0.090 seconds
[2023-03-07T18:38:11.784+0530] {processor.py:153} INFO - Started process (PID=9570) to work on /home/ris/PycharmProjects/pythonProject/USA-housing/venv/lib/python3.10/site-packages/airflow/example_dags/tutorial_taskflow_api.py
[2023-03-07T18:38:11.786+0530] {processor.py:743} INFO - Processing file /home/ris/PycharmProjects/pythonProject/USA-housing/venv/lib/python3.10/site-packages/airflow/example_dags/tutorial_taskflow_api.py for tasks to queue
[2023-03-07T18:38:11.786+0530] {logging_mixin.py:137} INFO - [2023-03-07T18:38:11.786+0530] {dagbag.py:538} INFO - Filling up the DagBag from /home/ris/PycharmProjects/pythonProject/USA-housing/venv/lib/python3.10/site-packages/airflow/example_dags/tutorial_taskflow_api.py
[2023-03-07T18:38:11.804+0530] {processor.py:753} INFO - DAG(s) dict_keys(['tutorial_taskflow_api']) retrieved from /home/ris/PycharmProjects/pythonProject/USA-housing/venv/lib/python3.10/site-packages/airflow/example_dags/tutorial_taskflow_api.py
[2023-03-07T18:38:11.820+0530] {logging_mixin.py:137} INFO - [2023-03-07T18:38:11.820+0530] {dag.py:2690} INFO - Sync 1 DAGs
[2023-03-07T18:38:11.834+0530] {logging_mixin.py:137} INFO - [2023-03-07T18:38:11.834+0530] {dag.py:3437} INFO - Setting next_dagrun for tutorial_taskflow_api to None, run_after=None
[2023-03-07T18:38:11.853+0530] {processor.py:175} INFO - Processing /home/ris/PycharmProjects/pythonProject/USA-housing/venv/lib/python3.10/site-packages/airflow/example_dags/tutorial_taskflow_api.py took 0.072 seconds
[2023-03-07T18:38:49.638+0530] {processor.py:153} INFO - Started process (PID=9637) to work on /home/ris/PycharmProjects/pythonProject/USA-housing/venv/lib/python3.10/site-packages/airflow/example_dags/tutorial_taskflow_api.py
[2023-03-07T18:38:49.641+0530] {processor.py:743} INFO - Processing file /home/ris/PycharmProjects/pythonProject/USA-housing/venv/lib/python3.10/site-packages/airflow/example_dags/tutorial_taskflow_api.py for tasks to queue
[2023-03-07T18:38:49.642+0530] {logging_mixin.py:137} INFO - [2023-03-07T18:38:49.641+0530] {dagbag.py:538} INFO - Filling up the DagBag from /home/ris/PycharmProjects/pythonProject/USA-housing/venv/lib/python3.10/site-packages/airflow/example_dags/tutorial_taskflow_api.py
[2023-03-07T18:38:49.672+0530] {processor.py:753} INFO - DAG(s) dict_keys(['tutorial_taskflow_api']) retrieved from /home/ris/PycharmProjects/pythonProject/USA-housing/venv/lib/python3.10/site-packages/airflow/example_dags/tutorial_taskflow_api.py
[2023-03-07T18:38:49.690+0530] {logging_mixin.py:137} INFO - [2023-03-07T18:38:49.689+0530] {dag.py:2690} INFO - Sync 1 DAGs
[2023-03-07T18:38:49.704+0530] {logging_mixin.py:137} INFO - [2023-03-07T18:38:49.704+0530] {dag.py:3437} INFO - Setting next_dagrun for tutorial_taskflow_api to None, run_after=None
[2023-03-07T18:38:49.721+0530] {processor.py:175} INFO - Processing /home/ris/PycharmProjects/pythonProject/USA-housing/venv/lib/python3.10/site-packages/airflow/example_dags/tutorial_taskflow_api.py took 0.089 seconds
[2023-03-07T18:39:30.541+0530] {processor.py:153} INFO - Started process (PID=9684) to work on /home/ris/PycharmProjects/pythonProject/USA-housing/venv/lib/python3.10/site-packages/airflow/example_dags/tutorial_taskflow_api.py
[2023-03-07T18:39:30.543+0530] {processor.py:743} INFO - Processing file /home/ris/PycharmProjects/pythonProject/USA-housing/venv/lib/python3.10/site-packages/airflow/example_dags/tutorial_taskflow_api.py for tasks to queue
[2023-03-07T18:39:30.544+0530] {logging_mixin.py:137} INFO - [2023-03-07T18:39:30.544+0530] {dagbag.py:538} INFO - Filling up the DagBag from /home/ris/PycharmProjects/pythonProject/USA-housing/venv/lib/python3.10/site-packages/airflow/example_dags/tutorial_taskflow_api.py
[2023-03-07T18:39:30.575+0530] {processor.py:753} INFO - DAG(s) dict_keys(['tutorial_taskflow_api']) retrieved from /home/ris/PycharmProjects/pythonProject/USA-housing/venv/lib/python3.10/site-packages/airflow/example_dags/tutorial_taskflow_api.py
[2023-03-07T18:39:30.593+0530] {logging_mixin.py:137} INFO - [2023-03-07T18:39:30.593+0530] {dag.py:2690} INFO - Sync 1 DAGs
[2023-03-07T18:39:30.607+0530] {logging_mixin.py:137} INFO - [2023-03-07T18:39:30.606+0530] {dag.py:3437} INFO - Setting next_dagrun for tutorial_taskflow_api to None, run_after=None
[2023-03-07T18:39:30.623+0530] {processor.py:175} INFO - Processing /home/ris/PycharmProjects/pythonProject/USA-housing/venv/lib/python3.10/site-packages/airflow/example_dags/tutorial_taskflow_api.py took 0.086 seconds
[2023-03-07T18:40:13.784+0530] {processor.py:153} INFO - Started process (PID=9731) to work on /home/ris/PycharmProjects/pythonProject/USA-housing/venv/lib/python3.10/site-packages/airflow/example_dags/tutorial_taskflow_api.py
[2023-03-07T18:40:13.786+0530] {processor.py:743} INFO - Processing file /home/ris/PycharmProjects/pythonProject/USA-housing/venv/lib/python3.10/site-packages/airflow/example_dags/tutorial_taskflow_api.py for tasks to queue
[2023-03-07T18:40:13.787+0530] {logging_mixin.py:137} INFO - [2023-03-07T18:40:13.787+0530] {dagbag.py:538} INFO - Filling up the DagBag from /home/ris/PycharmProjects/pythonProject/USA-housing/venv/lib/python3.10/site-packages/airflow/example_dags/tutorial_taskflow_api.py
[2023-03-07T18:40:13.816+0530] {processor.py:753} INFO - DAG(s) dict_keys(['tutorial_taskflow_api']) retrieved from /home/ris/PycharmProjects/pythonProject/USA-housing/venv/lib/python3.10/site-packages/airflow/example_dags/tutorial_taskflow_api.py
[2023-03-07T18:40:13.836+0530] {logging_mixin.py:137} INFO - [2023-03-07T18:40:13.836+0530] {dag.py:2690} INFO - Sync 1 DAGs
[2023-03-07T18:40:13.849+0530] {logging_mixin.py:137} INFO - [2023-03-07T18:40:13.849+0530] {dag.py:3437} INFO - Setting next_dagrun for tutorial_taskflow_api to None, run_after=None
[2023-03-07T18:40:13.865+0530] {processor.py:175} INFO - Processing /home/ris/PycharmProjects/pythonProject/USA-housing/venv/lib/python3.10/site-packages/airflow/example_dags/tutorial_taskflow_api.py took 0.086 seconds
[2023-03-07T18:40:53.575+0530] {processor.py:153} INFO - Started process (PID=9773) to work on /home/ris/PycharmProjects/pythonProject/USA-housing/venv/lib/python3.10/site-packages/airflow/example_dags/tutorial_taskflow_api.py
[2023-03-07T18:40:53.577+0530] {processor.py:743} INFO - Processing file /home/ris/PycharmProjects/pythonProject/USA-housing/venv/lib/python3.10/site-packages/airflow/example_dags/tutorial_taskflow_api.py for tasks to queue
[2023-03-07T18:40:53.578+0530] {logging_mixin.py:137} INFO - [2023-03-07T18:40:53.578+0530] {dagbag.py:538} INFO - Filling up the DagBag from /home/ris/PycharmProjects/pythonProject/USA-housing/venv/lib/python3.10/site-packages/airflow/example_dags/tutorial_taskflow_api.py
[2023-03-07T18:40:53.608+0530] {processor.py:753} INFO - DAG(s) dict_keys(['tutorial_taskflow_api']) retrieved from /home/ris/PycharmProjects/pythonProject/USA-housing/venv/lib/python3.10/site-packages/airflow/example_dags/tutorial_taskflow_api.py
[2023-03-07T18:40:53.625+0530] {logging_mixin.py:137} INFO - [2023-03-07T18:40:53.625+0530] {dag.py:2690} INFO - Sync 1 DAGs
[2023-03-07T18:40:53.638+0530] {logging_mixin.py:137} INFO - [2023-03-07T18:40:53.638+0530] {dag.py:3437} INFO - Setting next_dagrun for tutorial_taskflow_api to None, run_after=None
[2023-03-07T18:40:53.654+0530] {processor.py:175} INFO - Processing /home/ris/PycharmProjects/pythonProject/USA-housing/venv/lib/python3.10/site-packages/airflow/example_dags/tutorial_taskflow_api.py took 0.084 seconds
