[2023-03-07T16:10:41.931+0530] {processor.py:153} INFO - Started process (PID=14971) to work on /home/ris/PycharmProjects/pythonProject/USA-housing/venv/lib/python3.10/site-packages/airflow/example_dags/tutorial.py
[2023-03-07T16:10:41.932+0530] {processor.py:743} INFO - Processing file /home/ris/PycharmProjects/pythonProject/USA-housing/venv/lib/python3.10/site-packages/airflow/example_dags/tutorial.py for tasks to queue
[2023-03-07T16:10:41.933+0530] {logging_mixin.py:137} INFO - [2023-03-07T16:10:41.933+0530] {dagbag.py:538} INFO - Filling up the DagBag from /home/ris/PycharmProjects/pythonProject/USA-housing/venv/lib/python3.10/site-packages/airflow/example_dags/tutorial.py
[2023-03-07T16:10:41.959+0530] {processor.py:753} INFO - DAG(s) dict_keys(['tutorial']) retrieved from /home/ris/PycharmProjects/pythonProject/USA-housing/venv/lib/python3.10/site-packages/airflow/example_dags/tutorial.py
[2023-03-07T16:10:41.990+0530] {logging_mixin.py:137} INFO - [2023-03-07T16:10:41.990+0530] {dag.py:2690} INFO - Sync 1 DAGs
[2023-03-07T16:10:42.023+0530] {logging_mixin.py:137} INFO - [2023-03-07T16:10:42.023+0530] {dag.py:3437} INFO - Setting next_dagrun for tutorial to 2023-03-06T10:40:42.022682+00:00, run_after=2023-03-07T10:40:42.022682+00:00
[2023-03-07T16:10:42.062+0530] {processor.py:175} INFO - Processing /home/ris/PycharmProjects/pythonProject/USA-housing/venv/lib/python3.10/site-packages/airflow/example_dags/tutorial.py took 0.135 seconds
[2023-03-07T17:37:23.097+0530] {processor.py:153} INFO - Started process (PID=5553) to work on /home/ris/PycharmProjects/pythonProject/USA-housing/venv/lib/python3.10/site-packages/airflow/example_dags/tutorial.py
[2023-03-07T17:37:23.099+0530] {processor.py:743} INFO - Processing file /home/ris/PycharmProjects/pythonProject/USA-housing/venv/lib/python3.10/site-packages/airflow/example_dags/tutorial.py for tasks to queue
[2023-03-07T17:37:23.100+0530] {logging_mixin.py:137} INFO - [2023-03-07T17:37:23.099+0530] {dagbag.py:538} INFO - Filling up the DagBag from /home/ris/PycharmProjects/pythonProject/USA-housing/venv/lib/python3.10/site-packages/airflow/example_dags/tutorial.py
[2023-03-07T17:37:23.114+0530] {processor.py:753} INFO - DAG(s) dict_keys(['tutorial']) retrieved from /home/ris/PycharmProjects/pythonProject/USA-housing/venv/lib/python3.10/site-packages/airflow/example_dags/tutorial.py
[2023-03-07T17:37:23.135+0530] {logging_mixin.py:137} INFO - [2023-03-07T17:37:23.135+0530] {dag.py:2690} INFO - Sync 1 DAGs
[2023-03-07T17:37:23.156+0530] {logging_mixin.py:137} INFO - [2023-03-07T17:37:23.156+0530] {dag.py:3437} INFO - Setting next_dagrun for tutorial to 2023-03-06T12:07:23.156135+00:00, run_after=2023-03-07T12:07:23.156135+00:00
[2023-03-07T17:37:23.184+0530] {processor.py:175} INFO - Processing /home/ris/PycharmProjects/pythonProject/USA-housing/venv/lib/python3.10/site-packages/airflow/example_dags/tutorial.py took 0.090 seconds
[2023-03-07T17:38:42.261+0530] {processor.py:153} INFO - Started process (PID=5760) to work on /home/ris/PycharmProjects/pythonProject/USA-housing/venv/lib/python3.10/site-packages/airflow/example_dags/tutorial.py
[2023-03-07T17:38:42.262+0530] {processor.py:743} INFO - Processing file /home/ris/PycharmProjects/pythonProject/USA-housing/venv/lib/python3.10/site-packages/airflow/example_dags/tutorial.py for tasks to queue
[2023-03-07T17:38:42.263+0530] {logging_mixin.py:137} INFO - [2023-03-07T17:38:42.263+0530] {dagbag.py:538} INFO - Filling up the DagBag from /home/ris/PycharmProjects/pythonProject/USA-housing/venv/lib/python3.10/site-packages/airflow/example_dags/tutorial.py
[2023-03-07T17:38:42.276+0530] {processor.py:753} INFO - DAG(s) dict_keys(['tutorial']) retrieved from /home/ris/PycharmProjects/pythonProject/USA-housing/venv/lib/python3.10/site-packages/airflow/example_dags/tutorial.py
[2023-03-07T17:38:42.296+0530] {logging_mixin.py:137} INFO - [2023-03-07T17:38:42.296+0530] {dag.py:2690} INFO - Sync 1 DAGs
[2023-03-07T17:38:42.324+0530] {logging_mixin.py:137} INFO - [2023-03-07T17:38:42.323+0530] {dag.py:3437} INFO - Setting next_dagrun for tutorial to 2023-03-06T12:08:42.323566+00:00, run_after=2023-03-07T12:08:42.323566+00:00
[2023-03-07T17:38:42.346+0530] {processor.py:175} INFO - Processing /home/ris/PycharmProjects/pythonProject/USA-housing/venv/lib/python3.10/site-packages/airflow/example_dags/tutorial.py took 0.088 seconds
[2023-03-07T17:39:51.151+0530] {processor.py:153} INFO - Started process (PID=5871) to work on /home/ris/PycharmProjects/pythonProject/USA-housing/venv/lib/python3.10/site-packages/airflow/example_dags/tutorial.py
[2023-03-07T17:39:51.152+0530] {processor.py:743} INFO - Processing file /home/ris/PycharmProjects/pythonProject/USA-housing/venv/lib/python3.10/site-packages/airflow/example_dags/tutorial.py for tasks to queue
[2023-03-07T17:39:51.152+0530] {logging_mixin.py:137} INFO - [2023-03-07T17:39:51.152+0530] {dagbag.py:538} INFO - Filling up the DagBag from /home/ris/PycharmProjects/pythonProject/USA-housing/venv/lib/python3.10/site-packages/airflow/example_dags/tutorial.py
[2023-03-07T17:39:51.163+0530] {processor.py:753} INFO - DAG(s) dict_keys(['tutorial']) retrieved from /home/ris/PycharmProjects/pythonProject/USA-housing/venv/lib/python3.10/site-packages/airflow/example_dags/tutorial.py
[2023-03-07T17:39:51.179+0530] {logging_mixin.py:137} INFO - [2023-03-07T17:39:51.179+0530] {dag.py:2690} INFO - Sync 1 DAGs
[2023-03-07T17:39:51.198+0530] {logging_mixin.py:137} INFO - [2023-03-07T17:39:51.198+0530] {dag.py:3437} INFO - Setting next_dagrun for tutorial to 2023-03-06T12:09:51.197936+00:00, run_after=2023-03-07T12:09:51.197936+00:00
[2023-03-07T17:39:51.217+0530] {processor.py:175} INFO - Processing /home/ris/PycharmProjects/pythonProject/USA-housing/venv/lib/python3.10/site-packages/airflow/example_dags/tutorial.py took 0.068 seconds
[2023-03-07T17:59:20.973+0530] {processor.py:153} INFO - Started process (PID=5921) to work on /home/ris/PycharmProjects/pythonProject/USA-housing/venv/lib/python3.10/site-packages/airflow/example_dags/tutorial.py
[2023-03-07T17:59:20.975+0530] {processor.py:743} INFO - Processing file /home/ris/PycharmProjects/pythonProject/USA-housing/venv/lib/python3.10/site-packages/airflow/example_dags/tutorial.py for tasks to queue
[2023-03-07T17:59:20.976+0530] {logging_mixin.py:137} INFO - [2023-03-07T17:59:20.976+0530] {dagbag.py:538} INFO - Filling up the DagBag from /home/ris/PycharmProjects/pythonProject/USA-housing/venv/lib/python3.10/site-packages/airflow/example_dags/tutorial.py
[2023-03-07T17:59:20.983+0530] {processor.py:753} INFO - DAG(s) dict_keys(['tutorial']) retrieved from /home/ris/PycharmProjects/pythonProject/USA-housing/venv/lib/python3.10/site-packages/airflow/example_dags/tutorial.py
[2023-03-07T17:59:21.001+0530] {logging_mixin.py:137} INFO - [2023-03-07T17:59:21.001+0530] {dag.py:2690} INFO - Sync 1 DAGs
[2023-03-07T17:59:21.017+0530] {logging_mixin.py:137} INFO - [2023-03-07T17:59:21.017+0530] {dag.py:3437} INFO - Setting next_dagrun for tutorial to 2023-03-06T12:29:21.017435+00:00, run_after=2023-03-07T12:29:21.017435+00:00
[2023-03-07T17:59:21.036+0530] {processor.py:175} INFO - Processing /home/ris/PycharmProjects/pythonProject/USA-housing/venv/lib/python3.10/site-packages/airflow/example_dags/tutorial.py took 0.066 seconds
[2023-03-07T18:00:07.079+0530] {processor.py:153} INFO - Started process (PID=5967) to work on /home/ris/PycharmProjects/pythonProject/USA-housing/venv/lib/python3.10/site-packages/airflow/example_dags/tutorial.py
[2023-03-07T18:00:07.080+0530] {processor.py:743} INFO - Processing file /home/ris/PycharmProjects/pythonProject/USA-housing/venv/lib/python3.10/site-packages/airflow/example_dags/tutorial.py for tasks to queue
[2023-03-07T18:00:07.081+0530] {logging_mixin.py:137} INFO - [2023-03-07T18:00:07.081+0530] {dagbag.py:538} INFO - Filling up the DagBag from /home/ris/PycharmProjects/pythonProject/USA-housing/venv/lib/python3.10/site-packages/airflow/example_dags/tutorial.py
[2023-03-07T18:00:07.088+0530] {processor.py:753} INFO - DAG(s) dict_keys(['tutorial']) retrieved from /home/ris/PycharmProjects/pythonProject/USA-housing/venv/lib/python3.10/site-packages/airflow/example_dags/tutorial.py
[2023-03-07T18:00:07.105+0530] {logging_mixin.py:137} INFO - [2023-03-07T18:00:07.105+0530] {dag.py:2690} INFO - Sync 1 DAGs
[2023-03-07T18:00:07.122+0530] {logging_mixin.py:137} INFO - [2023-03-07T18:00:07.122+0530] {dag.py:3437} INFO - Setting next_dagrun for tutorial to 2023-03-06T12:30:07.121767+00:00, run_after=2023-03-07T12:30:07.121767+00:00
[2023-03-07T18:00:07.144+0530] {processor.py:175} INFO - Processing /home/ris/PycharmProjects/pythonProject/USA-housing/venv/lib/python3.10/site-packages/airflow/example_dags/tutorial.py took 0.068 seconds
[2023-03-07T18:00:50.696+0530] {processor.py:153} INFO - Started process (PID=6014) to work on /home/ris/PycharmProjects/pythonProject/USA-housing/venv/lib/python3.10/site-packages/airflow/example_dags/tutorial.py
[2023-03-07T18:00:50.698+0530] {processor.py:743} INFO - Processing file /home/ris/PycharmProjects/pythonProject/USA-housing/venv/lib/python3.10/site-packages/airflow/example_dags/tutorial.py for tasks to queue
[2023-03-07T18:00:50.699+0530] {logging_mixin.py:137} INFO - [2023-03-07T18:00:50.699+0530] {dagbag.py:538} INFO - Filling up the DagBag from /home/ris/PycharmProjects/pythonProject/USA-housing/venv/lib/python3.10/site-packages/airflow/example_dags/tutorial.py
[2023-03-07T18:00:50.706+0530] {processor.py:753} INFO - DAG(s) dict_keys(['tutorial']) retrieved from /home/ris/PycharmProjects/pythonProject/USA-housing/venv/lib/python3.10/site-packages/airflow/example_dags/tutorial.py
[2023-03-07T18:00:50.723+0530] {logging_mixin.py:137} INFO - [2023-03-07T18:00:50.723+0530] {dag.py:2690} INFO - Sync 1 DAGs
[2023-03-07T18:00:50.740+0530] {logging_mixin.py:137} INFO - [2023-03-07T18:00:50.740+0530] {dag.py:3437} INFO - Setting next_dagrun for tutorial to 2023-03-06T12:30:50.740362+00:00, run_after=2023-03-07T12:30:50.740362+00:00
[2023-03-07T18:00:50.759+0530] {processor.py:175} INFO - Processing /home/ris/PycharmProjects/pythonProject/USA-housing/venv/lib/python3.10/site-packages/airflow/example_dags/tutorial.py took 0.066 seconds
[2023-03-07T18:01:31.877+0530] {processor.py:153} INFO - Started process (PID=6059) to work on /home/ris/PycharmProjects/pythonProject/USA-housing/venv/lib/python3.10/site-packages/airflow/example_dags/tutorial.py
[2023-03-07T18:01:31.879+0530] {processor.py:743} INFO - Processing file /home/ris/PycharmProjects/pythonProject/USA-housing/venv/lib/python3.10/site-packages/airflow/example_dags/tutorial.py for tasks to queue
[2023-03-07T18:01:31.880+0530] {logging_mixin.py:137} INFO - [2023-03-07T18:01:31.879+0530] {dagbag.py:538} INFO - Filling up the DagBag from /home/ris/PycharmProjects/pythonProject/USA-housing/venv/lib/python3.10/site-packages/airflow/example_dags/tutorial.py
[2023-03-07T18:01:31.886+0530] {processor.py:753} INFO - DAG(s) dict_keys(['tutorial']) retrieved from /home/ris/PycharmProjects/pythonProject/USA-housing/venv/lib/python3.10/site-packages/airflow/example_dags/tutorial.py
[2023-03-07T18:01:31.903+0530] {logging_mixin.py:137} INFO - [2023-03-07T18:01:31.903+0530] {dag.py:2690} INFO - Sync 1 DAGs
[2023-03-07T18:01:31.924+0530] {logging_mixin.py:137} INFO - [2023-03-07T18:01:31.924+0530] {dag.py:3437} INFO - Setting next_dagrun for tutorial to 2023-03-06T12:31:31.923583+00:00, run_after=2023-03-07T12:31:31.923583+00:00
[2023-03-07T18:01:31.948+0530] {processor.py:175} INFO - Processing /home/ris/PycharmProjects/pythonProject/USA-housing/venv/lib/python3.10/site-packages/airflow/example_dags/tutorial.py took 0.074 seconds
[2023-03-07T18:02:12.253+0530] {processor.py:153} INFO - Started process (PID=6102) to work on /home/ris/PycharmProjects/pythonProject/USA-housing/venv/lib/python3.10/site-packages/airflow/example_dags/tutorial.py
[2023-03-07T18:02:12.255+0530] {processor.py:743} INFO - Processing file /home/ris/PycharmProjects/pythonProject/USA-housing/venv/lib/python3.10/site-packages/airflow/example_dags/tutorial.py for tasks to queue
[2023-03-07T18:02:12.256+0530] {logging_mixin.py:137} INFO - [2023-03-07T18:02:12.255+0530] {dagbag.py:538} INFO - Filling up the DagBag from /home/ris/PycharmProjects/pythonProject/USA-housing/venv/lib/python3.10/site-packages/airflow/example_dags/tutorial.py
[2023-03-07T18:02:12.263+0530] {processor.py:753} INFO - DAG(s) dict_keys(['tutorial']) retrieved from /home/ris/PycharmProjects/pythonProject/USA-housing/venv/lib/python3.10/site-packages/airflow/example_dags/tutorial.py
[2023-03-07T18:02:12.281+0530] {logging_mixin.py:137} INFO - [2023-03-07T18:02:12.281+0530] {dag.py:2690} INFO - Sync 1 DAGs
[2023-03-07T18:02:12.296+0530] {logging_mixin.py:137} INFO - [2023-03-07T18:02:12.296+0530] {dag.py:3437} INFO - Setting next_dagrun for tutorial to 2023-03-06T12:32:12.296166+00:00, run_after=2023-03-07T12:32:12.296166+00:00
[2023-03-07T18:02:12.315+0530] {processor.py:175} INFO - Processing /home/ris/PycharmProjects/pythonProject/USA-housing/venv/lib/python3.10/site-packages/airflow/example_dags/tutorial.py took 0.065 seconds
[2023-03-07T18:02:53.420+0530] {processor.py:153} INFO - Started process (PID=6148) to work on /home/ris/PycharmProjects/pythonProject/USA-housing/venv/lib/python3.10/site-packages/airflow/example_dags/tutorial.py
[2023-03-07T18:02:53.422+0530] {processor.py:743} INFO - Processing file /home/ris/PycharmProjects/pythonProject/USA-housing/venv/lib/python3.10/site-packages/airflow/example_dags/tutorial.py for tasks to queue
[2023-03-07T18:02:53.423+0530] {logging_mixin.py:137} INFO - [2023-03-07T18:02:53.423+0530] {dagbag.py:538} INFO - Filling up the DagBag from /home/ris/PycharmProjects/pythonProject/USA-housing/venv/lib/python3.10/site-packages/airflow/example_dags/tutorial.py
[2023-03-07T18:02:53.431+0530] {processor.py:753} INFO - DAG(s) dict_keys(['tutorial']) retrieved from /home/ris/PycharmProjects/pythonProject/USA-housing/venv/lib/python3.10/site-packages/airflow/example_dags/tutorial.py
[2023-03-07T18:02:53.448+0530] {logging_mixin.py:137} INFO - [2023-03-07T18:02:53.448+0530] {dag.py:2690} INFO - Sync 1 DAGs
[2023-03-07T18:02:53.464+0530] {logging_mixin.py:137} INFO - [2023-03-07T18:02:53.464+0530] {dag.py:3437} INFO - Setting next_dagrun for tutorial to 2023-03-06T12:32:53.463829+00:00, run_after=2023-03-07T12:32:53.463829+00:00
[2023-03-07T18:02:53.483+0530] {processor.py:175} INFO - Processing /home/ris/PycharmProjects/pythonProject/USA-housing/venv/lib/python3.10/site-packages/airflow/example_dags/tutorial.py took 0.065 seconds
[2023-03-07T18:03:37.131+0530] {processor.py:153} INFO - Started process (PID=6198) to work on /home/ris/PycharmProjects/pythonProject/USA-housing/venv/lib/python3.10/site-packages/airflow/example_dags/tutorial.py
[2023-03-07T18:03:37.133+0530] {processor.py:743} INFO - Processing file /home/ris/PycharmProjects/pythonProject/USA-housing/venv/lib/python3.10/site-packages/airflow/example_dags/tutorial.py for tasks to queue
[2023-03-07T18:03:37.134+0530] {logging_mixin.py:137} INFO - [2023-03-07T18:03:37.134+0530] {dagbag.py:538} INFO - Filling up the DagBag from /home/ris/PycharmProjects/pythonProject/USA-housing/venv/lib/python3.10/site-packages/airflow/example_dags/tutorial.py
[2023-03-07T18:03:37.141+0530] {processor.py:753} INFO - DAG(s) dict_keys(['tutorial']) retrieved from /home/ris/PycharmProjects/pythonProject/USA-housing/venv/lib/python3.10/site-packages/airflow/example_dags/tutorial.py
[2023-03-07T18:03:37.158+0530] {logging_mixin.py:137} INFO - [2023-03-07T18:03:37.158+0530] {dag.py:2690} INFO - Sync 1 DAGs
[2023-03-07T18:03:37.173+0530] {logging_mixin.py:137} INFO - [2023-03-07T18:03:37.172+0530] {dag.py:3437} INFO - Setting next_dagrun for tutorial to 2023-03-06T12:33:37.172737+00:00, run_after=2023-03-07T12:33:37.172737+00:00
[2023-03-07T18:03:37.193+0530] {processor.py:175} INFO - Processing /home/ris/PycharmProjects/pythonProject/USA-housing/venv/lib/python3.10/site-packages/airflow/example_dags/tutorial.py took 0.064 seconds
[2023-03-07T18:04:12.075+0530] {processor.py:153} INFO - Started process (PID=6242) to work on /home/ris/PycharmProjects/pythonProject/USA-housing/venv/lib/python3.10/site-packages/airflow/example_dags/tutorial.py
[2023-03-07T18:04:12.076+0530] {processor.py:743} INFO - Processing file /home/ris/PycharmProjects/pythonProject/USA-housing/venv/lib/python3.10/site-packages/airflow/example_dags/tutorial.py for tasks to queue
[2023-03-07T18:04:12.077+0530] {logging_mixin.py:137} INFO - [2023-03-07T18:04:12.077+0530] {dagbag.py:538} INFO - Filling up the DagBag from /home/ris/PycharmProjects/pythonProject/USA-housing/venv/lib/python3.10/site-packages/airflow/example_dags/tutorial.py
[2023-03-07T18:04:12.084+0530] {processor.py:753} INFO - DAG(s) dict_keys(['tutorial']) retrieved from /home/ris/PycharmProjects/pythonProject/USA-housing/venv/lib/python3.10/site-packages/airflow/example_dags/tutorial.py
[2023-03-07T18:04:12.106+0530] {logging_mixin.py:137} INFO - [2023-03-07T18:04:12.106+0530] {dag.py:2690} INFO - Sync 1 DAGs
[2023-03-07T18:04:12.121+0530] {logging_mixin.py:137} INFO - [2023-03-07T18:04:12.121+0530] {dag.py:3437} INFO - Setting next_dagrun for tutorial to 2023-03-06T12:34:12.121339+00:00, run_after=2023-03-07T12:34:12.121339+00:00
[2023-03-07T18:04:12.143+0530] {processor.py:175} INFO - Processing /home/ris/PycharmProjects/pythonProject/USA-housing/venv/lib/python3.10/site-packages/airflow/example_dags/tutorial.py took 0.071 seconds
[2023-03-07T18:04:49.848+0530] {processor.py:153} INFO - Started process (PID=6285) to work on /home/ris/PycharmProjects/pythonProject/USA-housing/venv/lib/python3.10/site-packages/airflow/example_dags/tutorial.py
[2023-03-07T18:04:49.851+0530] {processor.py:743} INFO - Processing file /home/ris/PycharmProjects/pythonProject/USA-housing/venv/lib/python3.10/site-packages/airflow/example_dags/tutorial.py for tasks to queue
[2023-03-07T18:04:49.852+0530] {logging_mixin.py:137} INFO - [2023-03-07T18:04:49.851+0530] {dagbag.py:538} INFO - Filling up the DagBag from /home/ris/PycharmProjects/pythonProject/USA-housing/venv/lib/python3.10/site-packages/airflow/example_dags/tutorial.py
[2023-03-07T18:04:49.865+0530] {processor.py:753} INFO - DAG(s) dict_keys(['tutorial']) retrieved from /home/ris/PycharmProjects/pythonProject/USA-housing/venv/lib/python3.10/site-packages/airflow/example_dags/tutorial.py
[2023-03-07T18:04:49.887+0530] {logging_mixin.py:137} INFO - [2023-03-07T18:04:49.887+0530] {dag.py:2690} INFO - Sync 1 DAGs
[2023-03-07T18:04:49.903+0530] {logging_mixin.py:137} INFO - [2023-03-07T18:04:49.903+0530] {dag.py:3437} INFO - Setting next_dagrun for tutorial to 2023-03-06T12:34:49.902782+00:00, run_after=2023-03-07T12:34:49.902782+00:00
[2023-03-07T18:04:49.923+0530] {processor.py:175} INFO - Processing /home/ris/PycharmProjects/pythonProject/USA-housing/venv/lib/python3.10/site-packages/airflow/example_dags/tutorial.py took 0.081 seconds
[2023-03-07T18:05:25.391+0530] {processor.py:153} INFO - Started process (PID=6324) to work on /home/ris/PycharmProjects/pythonProject/USA-housing/venv/lib/python3.10/site-packages/airflow/example_dags/tutorial.py
[2023-03-07T18:05:25.392+0530] {processor.py:743} INFO - Processing file /home/ris/PycharmProjects/pythonProject/USA-housing/venv/lib/python3.10/site-packages/airflow/example_dags/tutorial.py for tasks to queue
[2023-03-07T18:05:25.393+0530] {logging_mixin.py:137} INFO - [2023-03-07T18:05:25.393+0530] {dagbag.py:538} INFO - Filling up the DagBag from /home/ris/PycharmProjects/pythonProject/USA-housing/venv/lib/python3.10/site-packages/airflow/example_dags/tutorial.py
[2023-03-07T18:05:25.400+0530] {processor.py:753} INFO - DAG(s) dict_keys(['tutorial']) retrieved from /home/ris/PycharmProjects/pythonProject/USA-housing/venv/lib/python3.10/site-packages/airflow/example_dags/tutorial.py
[2023-03-07T18:05:25.417+0530] {logging_mixin.py:137} INFO - [2023-03-07T18:05:25.417+0530] {dag.py:2690} INFO - Sync 1 DAGs
[2023-03-07T18:05:25.433+0530] {logging_mixin.py:137} INFO - [2023-03-07T18:05:25.432+0530] {dag.py:3437} INFO - Setting next_dagrun for tutorial to 2023-03-06T12:35:25.432642+00:00, run_after=2023-03-07T12:35:25.432642+00:00
[2023-03-07T18:05:25.460+0530] {processor.py:175} INFO - Processing /home/ris/PycharmProjects/pythonProject/USA-housing/venv/lib/python3.10/site-packages/airflow/example_dags/tutorial.py took 0.071 seconds
[2023-03-07T18:06:04.198+0530] {processor.py:153} INFO - Started process (PID=6365) to work on /home/ris/PycharmProjects/pythonProject/USA-housing/venv/lib/python3.10/site-packages/airflow/example_dags/tutorial.py
[2023-03-07T18:06:04.201+0530] {processor.py:743} INFO - Processing file /home/ris/PycharmProjects/pythonProject/USA-housing/venv/lib/python3.10/site-packages/airflow/example_dags/tutorial.py for tasks to queue
[2023-03-07T18:06:04.201+0530] {logging_mixin.py:137} INFO - [2023-03-07T18:06:04.201+0530] {dagbag.py:538} INFO - Filling up the DagBag from /home/ris/PycharmProjects/pythonProject/USA-housing/venv/lib/python3.10/site-packages/airflow/example_dags/tutorial.py
[2023-03-07T18:06:04.213+0530] {processor.py:753} INFO - DAG(s) dict_keys(['tutorial']) retrieved from /home/ris/PycharmProjects/pythonProject/USA-housing/venv/lib/python3.10/site-packages/airflow/example_dags/tutorial.py
[2023-03-07T18:06:04.231+0530] {logging_mixin.py:137} INFO - [2023-03-07T18:06:04.231+0530] {dag.py:2690} INFO - Sync 1 DAGs
[2023-03-07T18:06:04.246+0530] {logging_mixin.py:137} INFO - [2023-03-07T18:06:04.246+0530] {dag.py:3437} INFO - Setting next_dagrun for tutorial to 2023-03-06T12:36:04.246559+00:00, run_after=2023-03-07T12:36:04.246559+00:00
[2023-03-07T18:06:04.266+0530] {processor.py:175} INFO - Processing /home/ris/PycharmProjects/pythonProject/USA-housing/venv/lib/python3.10/site-packages/airflow/example_dags/tutorial.py took 0.072 seconds
[2023-03-07T18:06:39.875+0530] {processor.py:153} INFO - Started process (PID=6404) to work on /home/ris/PycharmProjects/pythonProject/USA-housing/venv/lib/python3.10/site-packages/airflow/example_dags/tutorial.py
[2023-03-07T18:06:39.876+0530] {processor.py:743} INFO - Processing file /home/ris/PycharmProjects/pythonProject/USA-housing/venv/lib/python3.10/site-packages/airflow/example_dags/tutorial.py for tasks to queue
[2023-03-07T18:06:39.877+0530] {logging_mixin.py:137} INFO - [2023-03-07T18:06:39.877+0530] {dagbag.py:538} INFO - Filling up the DagBag from /home/ris/PycharmProjects/pythonProject/USA-housing/venv/lib/python3.10/site-packages/airflow/example_dags/tutorial.py
[2023-03-07T18:06:39.885+0530] {processor.py:753} INFO - DAG(s) dict_keys(['tutorial']) retrieved from /home/ris/PycharmProjects/pythonProject/USA-housing/venv/lib/python3.10/site-packages/airflow/example_dags/tutorial.py
[2023-03-07T18:06:39.901+0530] {logging_mixin.py:137} INFO - [2023-03-07T18:06:39.901+0530] {dag.py:2690} INFO - Sync 1 DAGs
[2023-03-07T18:06:39.918+0530] {logging_mixin.py:137} INFO - [2023-03-07T18:06:39.918+0530] {dag.py:3437} INFO - Setting next_dagrun for tutorial to 2023-03-06T12:36:39.918213+00:00, run_after=2023-03-07T12:36:39.918213+00:00
[2023-03-07T18:06:39.937+0530] {processor.py:175} INFO - Processing /home/ris/PycharmProjects/pythonProject/USA-housing/venv/lib/python3.10/site-packages/airflow/example_dags/tutorial.py took 0.065 seconds
[2023-03-07T18:07:17.218+0530] {processor.py:153} INFO - Started process (PID=6447) to work on /home/ris/PycharmProjects/pythonProject/USA-housing/venv/lib/python3.10/site-packages/airflow/example_dags/tutorial.py
[2023-03-07T18:07:17.220+0530] {processor.py:743} INFO - Processing file /home/ris/PycharmProjects/pythonProject/USA-housing/venv/lib/python3.10/site-packages/airflow/example_dags/tutorial.py for tasks to queue
[2023-03-07T18:07:17.221+0530] {logging_mixin.py:137} INFO - [2023-03-07T18:07:17.221+0530] {dagbag.py:538} INFO - Filling up the DagBag from /home/ris/PycharmProjects/pythonProject/USA-housing/venv/lib/python3.10/site-packages/airflow/example_dags/tutorial.py
[2023-03-07T18:07:17.234+0530] {processor.py:753} INFO - DAG(s) dict_keys(['tutorial']) retrieved from /home/ris/PycharmProjects/pythonProject/USA-housing/venv/lib/python3.10/site-packages/airflow/example_dags/tutorial.py
[2023-03-07T18:07:17.253+0530] {logging_mixin.py:137} INFO - [2023-03-07T18:07:17.253+0530] {dag.py:2690} INFO - Sync 1 DAGs
[2023-03-07T18:07:17.269+0530] {logging_mixin.py:137} INFO - [2023-03-07T18:07:17.269+0530] {dag.py:3437} INFO - Setting next_dagrun for tutorial to 2023-03-06T12:37:17.268899+00:00, run_after=2023-03-07T12:37:17.268899+00:00
[2023-03-07T18:07:17.289+0530] {processor.py:175} INFO - Processing /home/ris/PycharmProjects/pythonProject/USA-housing/venv/lib/python3.10/site-packages/airflow/example_dags/tutorial.py took 0.074 seconds
[2023-03-07T18:07:55.922+0530] {processor.py:153} INFO - Started process (PID=6489) to work on /home/ris/PycharmProjects/pythonProject/USA-housing/venv/lib/python3.10/site-packages/airflow/example_dags/tutorial.py
[2023-03-07T18:07:55.924+0530] {processor.py:743} INFO - Processing file /home/ris/PycharmProjects/pythonProject/USA-housing/venv/lib/python3.10/site-packages/airflow/example_dags/tutorial.py for tasks to queue
[2023-03-07T18:07:55.924+0530] {logging_mixin.py:137} INFO - [2023-03-07T18:07:55.924+0530] {dagbag.py:538} INFO - Filling up the DagBag from /home/ris/PycharmProjects/pythonProject/USA-housing/venv/lib/python3.10/site-packages/airflow/example_dags/tutorial.py
[2023-03-07T18:07:55.932+0530] {processor.py:753} INFO - DAG(s) dict_keys(['tutorial']) retrieved from /home/ris/PycharmProjects/pythonProject/USA-housing/venv/lib/python3.10/site-packages/airflow/example_dags/tutorial.py
[2023-03-07T18:07:55.949+0530] {logging_mixin.py:137} INFO - [2023-03-07T18:07:55.949+0530] {dag.py:2690} INFO - Sync 1 DAGs
[2023-03-07T18:07:55.965+0530] {logging_mixin.py:137} INFO - [2023-03-07T18:07:55.965+0530] {dag.py:3437} INFO - Setting next_dagrun for tutorial to 2023-03-06T12:37:55.965131+00:00, run_after=2023-03-07T12:37:55.965131+00:00
[2023-03-07T18:07:55.990+0530] {processor.py:175} INFO - Processing /home/ris/PycharmProjects/pythonProject/USA-housing/venv/lib/python3.10/site-packages/airflow/example_dags/tutorial.py took 0.071 seconds
[2023-03-07T18:08:36.946+0530] {processor.py:153} INFO - Started process (PID=6530) to work on /home/ris/PycharmProjects/pythonProject/USA-housing/venv/lib/python3.10/site-packages/airflow/example_dags/tutorial.py
[2023-03-07T18:08:36.947+0530] {processor.py:743} INFO - Processing file /home/ris/PycharmProjects/pythonProject/USA-housing/venv/lib/python3.10/site-packages/airflow/example_dags/tutorial.py for tasks to queue
[2023-03-07T18:08:36.948+0530] {logging_mixin.py:137} INFO - [2023-03-07T18:08:36.948+0530] {dagbag.py:538} INFO - Filling up the DagBag from /home/ris/PycharmProjects/pythonProject/USA-housing/venv/lib/python3.10/site-packages/airflow/example_dags/tutorial.py
[2023-03-07T18:08:36.955+0530] {processor.py:753} INFO - DAG(s) dict_keys(['tutorial']) retrieved from /home/ris/PycharmProjects/pythonProject/USA-housing/venv/lib/python3.10/site-packages/airflow/example_dags/tutorial.py
[2023-03-07T18:08:36.971+0530] {logging_mixin.py:137} INFO - [2023-03-07T18:08:36.971+0530] {dag.py:2690} INFO - Sync 1 DAGs
[2023-03-07T18:08:36.987+0530] {logging_mixin.py:137} INFO - [2023-03-07T18:08:36.987+0530] {dag.py:3437} INFO - Setting next_dagrun for tutorial to 2023-03-06T12:38:36.987414+00:00, run_after=2023-03-07T12:38:36.987414+00:00
[2023-03-07T18:08:37.009+0530] {processor.py:175} INFO - Processing /home/ris/PycharmProjects/pythonProject/USA-housing/venv/lib/python3.10/site-packages/airflow/example_dags/tutorial.py took 0.066 seconds
[2023-03-07T18:09:18.797+0530] {processor.py:153} INFO - Started process (PID=6592) to work on /home/ris/PycharmProjects/pythonProject/USA-housing/venv/lib/python3.10/site-packages/airflow/example_dags/tutorial.py
[2023-03-07T18:09:18.798+0530] {processor.py:743} INFO - Processing file /home/ris/PycharmProjects/pythonProject/USA-housing/venv/lib/python3.10/site-packages/airflow/example_dags/tutorial.py for tasks to queue
[2023-03-07T18:09:18.799+0530] {logging_mixin.py:137} INFO - [2023-03-07T18:09:18.799+0530] {dagbag.py:538} INFO - Filling up the DagBag from /home/ris/PycharmProjects/pythonProject/USA-housing/venv/lib/python3.10/site-packages/airflow/example_dags/tutorial.py
[2023-03-07T18:09:18.809+0530] {processor.py:753} INFO - DAG(s) dict_keys(['tutorial']) retrieved from /home/ris/PycharmProjects/pythonProject/USA-housing/venv/lib/python3.10/site-packages/airflow/example_dags/tutorial.py
[2023-03-07T18:09:18.828+0530] {logging_mixin.py:137} INFO - [2023-03-07T18:09:18.828+0530] {dag.py:2690} INFO - Sync 1 DAGs
[2023-03-07T18:09:18.855+0530] {logging_mixin.py:137} INFO - [2023-03-07T18:09:18.855+0530] {dag.py:3437} INFO - Setting next_dagrun for tutorial to 2023-03-06T12:39:18.854892+00:00, run_after=2023-03-07T12:39:18.854892+00:00
[2023-03-07T18:09:18.880+0530] {processor.py:175} INFO - Processing /home/ris/PycharmProjects/pythonProject/USA-housing/venv/lib/python3.10/site-packages/airflow/example_dags/tutorial.py took 0.086 seconds
[2023-03-07T18:10:09.906+0530] {processor.py:153} INFO - Started process (PID=6900) to work on /home/ris/PycharmProjects/pythonProject/USA-housing/venv/lib/python3.10/site-packages/airflow/example_dags/tutorial.py
[2023-03-07T18:10:09.908+0530] {processor.py:743} INFO - Processing file /home/ris/PycharmProjects/pythonProject/USA-housing/venv/lib/python3.10/site-packages/airflow/example_dags/tutorial.py for tasks to queue
[2023-03-07T18:10:09.910+0530] {logging_mixin.py:137} INFO - [2023-03-07T18:10:09.909+0530] {dagbag.py:538} INFO - Filling up the DagBag from /home/ris/PycharmProjects/pythonProject/USA-housing/venv/lib/python3.10/site-packages/airflow/example_dags/tutorial.py
[2023-03-07T18:10:09.919+0530] {processor.py:753} INFO - DAG(s) dict_keys(['tutorial']) retrieved from /home/ris/PycharmProjects/pythonProject/USA-housing/venv/lib/python3.10/site-packages/airflow/example_dags/tutorial.py
[2023-03-07T18:10:09.957+0530] {logging_mixin.py:137} INFO - [2023-03-07T18:10:09.957+0530] {dag.py:2690} INFO - Sync 1 DAGs
[2023-03-07T18:10:09.991+0530] {logging_mixin.py:137} INFO - [2023-03-07T18:10:09.990+0530] {dag.py:3437} INFO - Setting next_dagrun for tutorial to 2023-03-06T12:40:09.990154+00:00, run_after=2023-03-07T12:40:09.990154+00:00
[2023-03-07T18:10:10.019+0530] {processor.py:175} INFO - Processing /home/ris/PycharmProjects/pythonProject/USA-housing/venv/lib/python3.10/site-packages/airflow/example_dags/tutorial.py took 0.117 seconds
[2023-03-07T18:10:53.692+0530] {processor.py:153} INFO - Started process (PID=6962) to work on /home/ris/PycharmProjects/pythonProject/USA-housing/venv/lib/python3.10/site-packages/airflow/example_dags/tutorial.py
[2023-03-07T18:10:53.693+0530] {processor.py:743} INFO - Processing file /home/ris/PycharmProjects/pythonProject/USA-housing/venv/lib/python3.10/site-packages/airflow/example_dags/tutorial.py for tasks to queue
[2023-03-07T18:10:53.694+0530] {logging_mixin.py:137} INFO - [2023-03-07T18:10:53.694+0530] {dagbag.py:538} INFO - Filling up the DagBag from /home/ris/PycharmProjects/pythonProject/USA-housing/venv/lib/python3.10/site-packages/airflow/example_dags/tutorial.py
[2023-03-07T18:10:53.701+0530] {processor.py:753} INFO - DAG(s) dict_keys(['tutorial']) retrieved from /home/ris/PycharmProjects/pythonProject/USA-housing/venv/lib/python3.10/site-packages/airflow/example_dags/tutorial.py
[2023-03-07T18:10:53.721+0530] {logging_mixin.py:137} INFO - [2023-03-07T18:10:53.720+0530] {dag.py:2690} INFO - Sync 1 DAGs
[2023-03-07T18:10:53.737+0530] {logging_mixin.py:137} INFO - [2023-03-07T18:10:53.737+0530] {dag.py:3437} INFO - Setting next_dagrun for tutorial to 2023-03-06T12:40:53.736804+00:00, run_after=2023-03-07T12:40:53.736804+00:00
[2023-03-07T18:10:53.756+0530] {processor.py:175} INFO - Processing /home/ris/PycharmProjects/pythonProject/USA-housing/venv/lib/python3.10/site-packages/airflow/example_dags/tutorial.py took 0.068 seconds
[2023-03-07T18:11:33.631+0530] {processor.py:153} INFO - Started process (PID=7005) to work on /home/ris/PycharmProjects/pythonProject/USA-housing/venv/lib/python3.10/site-packages/airflow/example_dags/tutorial.py
[2023-03-07T18:11:33.633+0530] {processor.py:743} INFO - Processing file /home/ris/PycharmProjects/pythonProject/USA-housing/venv/lib/python3.10/site-packages/airflow/example_dags/tutorial.py for tasks to queue
[2023-03-07T18:11:33.634+0530] {logging_mixin.py:137} INFO - [2023-03-07T18:11:33.634+0530] {dagbag.py:538} INFO - Filling up the DagBag from /home/ris/PycharmProjects/pythonProject/USA-housing/venv/lib/python3.10/site-packages/airflow/example_dags/tutorial.py
[2023-03-07T18:11:33.643+0530] {processor.py:753} INFO - DAG(s) dict_keys(['tutorial']) retrieved from /home/ris/PycharmProjects/pythonProject/USA-housing/venv/lib/python3.10/site-packages/airflow/example_dags/tutorial.py
[2023-03-07T18:11:33.664+0530] {logging_mixin.py:137} INFO - [2023-03-07T18:11:33.663+0530] {dag.py:2690} INFO - Sync 1 DAGs
[2023-03-07T18:11:33.688+0530] {logging_mixin.py:137} INFO - [2023-03-07T18:11:33.688+0530] {dag.py:3437} INFO - Setting next_dagrun for tutorial to 2023-03-06T12:41:33.687753+00:00, run_after=2023-03-07T12:41:33.687753+00:00
[2023-03-07T18:11:33.719+0530] {processor.py:175} INFO - Processing /home/ris/PycharmProjects/pythonProject/USA-housing/venv/lib/python3.10/site-packages/airflow/example_dags/tutorial.py took 0.091 seconds
[2023-03-07T18:12:17.564+0530] {processor.py:153} INFO - Started process (PID=7068) to work on /home/ris/PycharmProjects/pythonProject/USA-housing/venv/lib/python3.10/site-packages/airflow/example_dags/tutorial.py
[2023-03-07T18:12:17.566+0530] {processor.py:743} INFO - Processing file /home/ris/PycharmProjects/pythonProject/USA-housing/venv/lib/python3.10/site-packages/airflow/example_dags/tutorial.py for tasks to queue
[2023-03-07T18:12:17.566+0530] {logging_mixin.py:137} INFO - [2023-03-07T18:12:17.566+0530] {dagbag.py:538} INFO - Filling up the DagBag from /home/ris/PycharmProjects/pythonProject/USA-housing/venv/lib/python3.10/site-packages/airflow/example_dags/tutorial.py
[2023-03-07T18:12:17.573+0530] {processor.py:753} INFO - DAG(s) dict_keys(['tutorial']) retrieved from /home/ris/PycharmProjects/pythonProject/USA-housing/venv/lib/python3.10/site-packages/airflow/example_dags/tutorial.py
[2023-03-07T18:12:17.591+0530] {logging_mixin.py:137} INFO - [2023-03-07T18:12:17.591+0530] {dag.py:2690} INFO - Sync 1 DAGs
[2023-03-07T18:12:17.607+0530] {logging_mixin.py:137} INFO - [2023-03-07T18:12:17.607+0530] {dag.py:3437} INFO - Setting next_dagrun for tutorial to 2023-03-06T12:42:17.607150+00:00, run_after=2023-03-07T12:42:17.607150+00:00
[2023-03-07T18:12:17.628+0530] {processor.py:175} INFO - Processing /home/ris/PycharmProjects/pythonProject/USA-housing/venv/lib/python3.10/site-packages/airflow/example_dags/tutorial.py took 0.066 seconds
[2023-03-07T18:13:05.289+0530] {processor.py:153} INFO - Started process (PID=7129) to work on /home/ris/PycharmProjects/pythonProject/USA-housing/venv/lib/python3.10/site-packages/airflow/example_dags/tutorial.py
[2023-03-07T18:13:05.291+0530] {processor.py:743} INFO - Processing file /home/ris/PycharmProjects/pythonProject/USA-housing/venv/lib/python3.10/site-packages/airflow/example_dags/tutorial.py for tasks to queue
[2023-03-07T18:13:05.291+0530] {logging_mixin.py:137} INFO - [2023-03-07T18:13:05.291+0530] {dagbag.py:538} INFO - Filling up the DagBag from /home/ris/PycharmProjects/pythonProject/USA-housing/venv/lib/python3.10/site-packages/airflow/example_dags/tutorial.py
[2023-03-07T18:13:05.299+0530] {processor.py:753} INFO - DAG(s) dict_keys(['tutorial']) retrieved from /home/ris/PycharmProjects/pythonProject/USA-housing/venv/lib/python3.10/site-packages/airflow/example_dags/tutorial.py
[2023-03-07T18:13:05.320+0530] {logging_mixin.py:137} INFO - [2023-03-07T18:13:05.320+0530] {dag.py:2690} INFO - Sync 1 DAGs
[2023-03-07T18:13:05.342+0530] {logging_mixin.py:137} INFO - [2023-03-07T18:13:05.341+0530] {dag.py:3437} INFO - Setting next_dagrun for tutorial to 2023-03-06T12:43:05.341706+00:00, run_after=2023-03-07T12:43:05.341706+00:00
[2023-03-07T18:13:05.362+0530] {processor.py:175} INFO - Processing /home/ris/PycharmProjects/pythonProject/USA-housing/venv/lib/python3.10/site-packages/airflow/example_dags/tutorial.py took 0.076 seconds
[2023-03-07T18:13:48.114+0530] {processor.py:153} INFO - Started process (PID=7179) to work on /home/ris/PycharmProjects/pythonProject/USA-housing/venv/lib/python3.10/site-packages/airflow/example_dags/tutorial.py
[2023-03-07T18:13:48.116+0530] {processor.py:743} INFO - Processing file /home/ris/PycharmProjects/pythonProject/USA-housing/venv/lib/python3.10/site-packages/airflow/example_dags/tutorial.py for tasks to queue
[2023-03-07T18:13:48.117+0530] {logging_mixin.py:137} INFO - [2023-03-07T18:13:48.117+0530] {dagbag.py:538} INFO - Filling up the DagBag from /home/ris/PycharmProjects/pythonProject/USA-housing/venv/lib/python3.10/site-packages/airflow/example_dags/tutorial.py
[2023-03-07T18:13:48.124+0530] {processor.py:753} INFO - DAG(s) dict_keys(['tutorial']) retrieved from /home/ris/PycharmProjects/pythonProject/USA-housing/venv/lib/python3.10/site-packages/airflow/example_dags/tutorial.py
[2023-03-07T18:13:48.141+0530] {logging_mixin.py:137} INFO - [2023-03-07T18:13:48.140+0530] {dag.py:2690} INFO - Sync 1 DAGs
[2023-03-07T18:13:48.165+0530] {logging_mixin.py:137} INFO - [2023-03-07T18:13:48.165+0530] {dag.py:3437} INFO - Setting next_dagrun for tutorial to 2023-03-06T12:43:48.164940+00:00, run_after=2023-03-07T12:43:48.164940+00:00
[2023-03-07T18:13:48.187+0530] {processor.py:175} INFO - Processing /home/ris/PycharmProjects/pythonProject/USA-housing/venv/lib/python3.10/site-packages/airflow/example_dags/tutorial.py took 0.077 seconds
[2023-03-07T18:14:24.250+0530] {processor.py:153} INFO - Started process (PID=7226) to work on /home/ris/PycharmProjects/pythonProject/USA-housing/venv/lib/python3.10/site-packages/airflow/example_dags/tutorial.py
[2023-03-07T18:14:24.251+0530] {processor.py:743} INFO - Processing file /home/ris/PycharmProjects/pythonProject/USA-housing/venv/lib/python3.10/site-packages/airflow/example_dags/tutorial.py for tasks to queue
[2023-03-07T18:14:24.252+0530] {logging_mixin.py:137} INFO - [2023-03-07T18:14:24.252+0530] {dagbag.py:538} INFO - Filling up the DagBag from /home/ris/PycharmProjects/pythonProject/USA-housing/venv/lib/python3.10/site-packages/airflow/example_dags/tutorial.py
[2023-03-07T18:14:24.259+0530] {processor.py:753} INFO - DAG(s) dict_keys(['tutorial']) retrieved from /home/ris/PycharmProjects/pythonProject/USA-housing/venv/lib/python3.10/site-packages/airflow/example_dags/tutorial.py
[2023-03-07T18:14:24.276+0530] {logging_mixin.py:137} INFO - [2023-03-07T18:14:24.276+0530] {dag.py:2690} INFO - Sync 1 DAGs
[2023-03-07T18:14:24.294+0530] {logging_mixin.py:137} INFO - [2023-03-07T18:14:24.294+0530] {dag.py:3437} INFO - Setting next_dagrun for tutorial to 2023-03-06T12:44:24.294599+00:00, run_after=2023-03-07T12:44:24.294599+00:00
[2023-03-07T18:14:24.314+0530] {processor.py:175} INFO - Processing /home/ris/PycharmProjects/pythonProject/USA-housing/venv/lib/python3.10/site-packages/airflow/example_dags/tutorial.py took 0.066 seconds
[2023-03-07T18:15:10.780+0530] {processor.py:153} INFO - Started process (PID=7303) to work on /home/ris/PycharmProjects/pythonProject/USA-housing/venv/lib/python3.10/site-packages/airflow/example_dags/tutorial.py
[2023-03-07T18:15:10.784+0530] {processor.py:743} INFO - Processing file /home/ris/PycharmProjects/pythonProject/USA-housing/venv/lib/python3.10/site-packages/airflow/example_dags/tutorial.py for tasks to queue
[2023-03-07T18:15:10.785+0530] {logging_mixin.py:137} INFO - [2023-03-07T18:15:10.785+0530] {dagbag.py:538} INFO - Filling up the DagBag from /home/ris/PycharmProjects/pythonProject/USA-housing/venv/lib/python3.10/site-packages/airflow/example_dags/tutorial.py
[2023-03-07T18:15:10.793+0530] {processor.py:753} INFO - DAG(s) dict_keys(['tutorial']) retrieved from /home/ris/PycharmProjects/pythonProject/USA-housing/venv/lib/python3.10/site-packages/airflow/example_dags/tutorial.py
[2023-03-07T18:15:10.810+0530] {logging_mixin.py:137} INFO - [2023-03-07T18:15:10.809+0530] {dag.py:2690} INFO - Sync 1 DAGs
[2023-03-07T18:15:10.825+0530] {logging_mixin.py:137} INFO - [2023-03-07T18:15:10.825+0530] {dag.py:3437} INFO - Setting next_dagrun for tutorial to 2023-03-06T12:45:10.825417+00:00, run_after=2023-03-07T12:45:10.825417+00:00
[2023-03-07T18:15:10.844+0530] {processor.py:175} INFO - Processing /home/ris/PycharmProjects/pythonProject/USA-housing/venv/lib/python3.10/site-packages/airflow/example_dags/tutorial.py took 0.068 seconds
[2023-03-07T18:15:49.951+0530] {processor.py:153} INFO - Started process (PID=7354) to work on /home/ris/PycharmProjects/pythonProject/USA-housing/venv/lib/python3.10/site-packages/airflow/example_dags/tutorial.py
[2023-03-07T18:15:49.952+0530] {processor.py:743} INFO - Processing file /home/ris/PycharmProjects/pythonProject/USA-housing/venv/lib/python3.10/site-packages/airflow/example_dags/tutorial.py for tasks to queue
[2023-03-07T18:15:49.952+0530] {logging_mixin.py:137} INFO - [2023-03-07T18:15:49.952+0530] {dagbag.py:538} INFO - Filling up the DagBag from /home/ris/PycharmProjects/pythonProject/USA-housing/venv/lib/python3.10/site-packages/airflow/example_dags/tutorial.py
[2023-03-07T18:15:49.961+0530] {processor.py:753} INFO - DAG(s) dict_keys(['tutorial']) retrieved from /home/ris/PycharmProjects/pythonProject/USA-housing/venv/lib/python3.10/site-packages/airflow/example_dags/tutorial.py
[2023-03-07T18:15:49.978+0530] {logging_mixin.py:137} INFO - [2023-03-07T18:15:49.978+0530] {dag.py:2690} INFO - Sync 1 DAGs
[2023-03-07T18:15:49.994+0530] {logging_mixin.py:137} INFO - [2023-03-07T18:15:49.994+0530] {dag.py:3437} INFO - Setting next_dagrun for tutorial to 2023-03-06T12:45:49.994319+00:00, run_after=2023-03-07T12:45:49.994319+00:00
[2023-03-07T18:15:50.014+0530] {processor.py:175} INFO - Processing /home/ris/PycharmProjects/pythonProject/USA-housing/venv/lib/python3.10/site-packages/airflow/example_dags/tutorial.py took 0.065 seconds
[2023-03-07T18:16:31.977+0530] {processor.py:153} INFO - Started process (PID=7403) to work on /home/ris/PycharmProjects/pythonProject/USA-housing/venv/lib/python3.10/site-packages/airflow/example_dags/tutorial.py
[2023-03-07T18:16:31.978+0530] {processor.py:743} INFO - Processing file /home/ris/PycharmProjects/pythonProject/USA-housing/venv/lib/python3.10/site-packages/airflow/example_dags/tutorial.py for tasks to queue
[2023-03-07T18:16:31.979+0530] {logging_mixin.py:137} INFO - [2023-03-07T18:16:31.979+0530] {dagbag.py:538} INFO - Filling up the DagBag from /home/ris/PycharmProjects/pythonProject/USA-housing/venv/lib/python3.10/site-packages/airflow/example_dags/tutorial.py
[2023-03-07T18:16:31.986+0530] {processor.py:753} INFO - DAG(s) dict_keys(['tutorial']) retrieved from /home/ris/PycharmProjects/pythonProject/USA-housing/venv/lib/python3.10/site-packages/airflow/example_dags/tutorial.py
[2023-03-07T18:16:32.004+0530] {logging_mixin.py:137} INFO - [2023-03-07T18:16:32.004+0530] {dag.py:2690} INFO - Sync 1 DAGs
[2023-03-07T18:16:32.020+0530] {logging_mixin.py:137} INFO - [2023-03-07T18:16:32.020+0530] {dag.py:3437} INFO - Setting next_dagrun for tutorial to 2023-03-06T12:46:32.020469+00:00, run_after=2023-03-07T12:46:32.020469+00:00
[2023-03-07T18:16:32.041+0530] {processor.py:175} INFO - Processing /home/ris/PycharmProjects/pythonProject/USA-housing/venv/lib/python3.10/site-packages/airflow/example_dags/tutorial.py took 0.067 seconds
[2023-03-07T18:17:09.297+0530] {processor.py:153} INFO - Started process (PID=7457) to work on /home/ris/PycharmProjects/pythonProject/USA-housing/venv/lib/python3.10/site-packages/airflow/example_dags/tutorial.py
[2023-03-07T18:17:09.299+0530] {processor.py:743} INFO - Processing file /home/ris/PycharmProjects/pythonProject/USA-housing/venv/lib/python3.10/site-packages/airflow/example_dags/tutorial.py for tasks to queue
[2023-03-07T18:17:09.300+0530] {logging_mixin.py:137} INFO - [2023-03-07T18:17:09.299+0530] {dagbag.py:538} INFO - Filling up the DagBag from /home/ris/PycharmProjects/pythonProject/USA-housing/venv/lib/python3.10/site-packages/airflow/example_dags/tutorial.py
[2023-03-07T18:17:09.307+0530] {processor.py:753} INFO - DAG(s) dict_keys(['tutorial']) retrieved from /home/ris/PycharmProjects/pythonProject/USA-housing/venv/lib/python3.10/site-packages/airflow/example_dags/tutorial.py
[2023-03-07T18:17:09.325+0530] {logging_mixin.py:137} INFO - [2023-03-07T18:17:09.325+0530] {dag.py:2690} INFO - Sync 1 DAGs
[2023-03-07T18:17:09.343+0530] {logging_mixin.py:137} INFO - [2023-03-07T18:17:09.342+0530] {dag.py:3437} INFO - Setting next_dagrun for tutorial to 2023-03-06T12:47:09.342436+00:00, run_after=2023-03-07T12:47:09.342436+00:00
[2023-03-07T18:17:09.366+0530] {processor.py:175} INFO - Processing /home/ris/PycharmProjects/pythonProject/USA-housing/venv/lib/python3.10/site-packages/airflow/example_dags/tutorial.py took 0.071 seconds
[2023-03-07T18:17:47.672+0530] {processor.py:153} INFO - Started process (PID=7498) to work on /home/ris/PycharmProjects/pythonProject/USA-housing/venv/lib/python3.10/site-packages/airflow/example_dags/tutorial.py
[2023-03-07T18:17:47.674+0530] {processor.py:743} INFO - Processing file /home/ris/PycharmProjects/pythonProject/USA-housing/venv/lib/python3.10/site-packages/airflow/example_dags/tutorial.py for tasks to queue
[2023-03-07T18:17:47.674+0530] {logging_mixin.py:137} INFO - [2023-03-07T18:17:47.674+0530] {dagbag.py:538} INFO - Filling up the DagBag from /home/ris/PycharmProjects/pythonProject/USA-housing/venv/lib/python3.10/site-packages/airflow/example_dags/tutorial.py
[2023-03-07T18:17:47.682+0530] {processor.py:753} INFO - DAG(s) dict_keys(['tutorial']) retrieved from /home/ris/PycharmProjects/pythonProject/USA-housing/venv/lib/python3.10/site-packages/airflow/example_dags/tutorial.py
[2023-03-07T18:17:47.700+0530] {logging_mixin.py:137} INFO - [2023-03-07T18:17:47.699+0530] {dag.py:2690} INFO - Sync 1 DAGs
[2023-03-07T18:17:47.717+0530] {logging_mixin.py:137} INFO - [2023-03-07T18:17:47.716+0530] {dag.py:3437} INFO - Setting next_dagrun for tutorial to 2023-03-06T12:47:47.716682+00:00, run_after=2023-03-07T12:47:47.716682+00:00
[2023-03-07T18:17:47.736+0530] {processor.py:175} INFO - Processing /home/ris/PycharmProjects/pythonProject/USA-housing/venv/lib/python3.10/site-packages/airflow/example_dags/tutorial.py took 0.067 seconds
[2023-03-07T18:18:27.156+0530] {processor.py:153} INFO - Started process (PID=7555) to work on /home/ris/PycharmProjects/pythonProject/USA-housing/venv/lib/python3.10/site-packages/airflow/example_dags/tutorial.py
[2023-03-07T18:18:27.158+0530] {processor.py:743} INFO - Processing file /home/ris/PycharmProjects/pythonProject/USA-housing/venv/lib/python3.10/site-packages/airflow/example_dags/tutorial.py for tasks to queue
[2023-03-07T18:18:27.159+0530] {logging_mixin.py:137} INFO - [2023-03-07T18:18:27.159+0530] {dagbag.py:538} INFO - Filling up the DagBag from /home/ris/PycharmProjects/pythonProject/USA-housing/venv/lib/python3.10/site-packages/airflow/example_dags/tutorial.py
[2023-03-07T18:18:27.165+0530] {processor.py:753} INFO - DAG(s) dict_keys(['tutorial']) retrieved from /home/ris/PycharmProjects/pythonProject/USA-housing/venv/lib/python3.10/site-packages/airflow/example_dags/tutorial.py
[2023-03-07T18:18:27.182+0530] {logging_mixin.py:137} INFO - [2023-03-07T18:18:27.182+0530] {dag.py:2690} INFO - Sync 1 DAGs
[2023-03-07T18:18:27.198+0530] {logging_mixin.py:137} INFO - [2023-03-07T18:18:27.198+0530] {dag.py:3437} INFO - Setting next_dagrun for tutorial to 2023-03-06T12:48:27.198454+00:00, run_after=2023-03-07T12:48:27.198454+00:00
[2023-03-07T18:18:27.219+0530] {processor.py:175} INFO - Processing /home/ris/PycharmProjects/pythonProject/USA-housing/venv/lib/python3.10/site-packages/airflow/example_dags/tutorial.py took 0.067 seconds
[2023-03-07T18:19:08.840+0530] {processor.py:153} INFO - Started process (PID=7600) to work on /home/ris/PycharmProjects/pythonProject/USA-housing/venv/lib/python3.10/site-packages/airflow/example_dags/tutorial.py
[2023-03-07T18:19:08.842+0530] {processor.py:743} INFO - Processing file /home/ris/PycharmProjects/pythonProject/USA-housing/venv/lib/python3.10/site-packages/airflow/example_dags/tutorial.py for tasks to queue
[2023-03-07T18:19:08.842+0530] {logging_mixin.py:137} INFO - [2023-03-07T18:19:08.842+0530] {dagbag.py:538} INFO - Filling up the DagBag from /home/ris/PycharmProjects/pythonProject/USA-housing/venv/lib/python3.10/site-packages/airflow/example_dags/tutorial.py
[2023-03-07T18:19:08.851+0530] {processor.py:753} INFO - DAG(s) dict_keys(['tutorial']) retrieved from /home/ris/PycharmProjects/pythonProject/USA-housing/venv/lib/python3.10/site-packages/airflow/example_dags/tutorial.py
[2023-03-07T18:19:08.868+0530] {logging_mixin.py:137} INFO - [2023-03-07T18:19:08.867+0530] {dag.py:2690} INFO - Sync 1 DAGs
[2023-03-07T18:19:08.883+0530] {logging_mixin.py:137} INFO - [2023-03-07T18:19:08.882+0530] {dag.py:3437} INFO - Setting next_dagrun for tutorial to 2023-03-06T12:49:08.882661+00:00, run_after=2023-03-07T12:49:08.882661+00:00
[2023-03-07T18:19:08.902+0530] {processor.py:175} INFO - Processing /home/ris/PycharmProjects/pythonProject/USA-housing/venv/lib/python3.10/site-packages/airflow/example_dags/tutorial.py took 0.065 seconds
[2023-03-07T18:19:51.363+0530] {processor.py:153} INFO - Started process (PID=7887) to work on /home/ris/PycharmProjects/pythonProject/USA-housing/venv/lib/python3.10/site-packages/airflow/example_dags/tutorial.py
[2023-03-07T18:19:51.364+0530] {processor.py:743} INFO - Processing file /home/ris/PycharmProjects/pythonProject/USA-housing/venv/lib/python3.10/site-packages/airflow/example_dags/tutorial.py for tasks to queue
[2023-03-07T18:19:51.365+0530] {logging_mixin.py:137} INFO - [2023-03-07T18:19:51.365+0530] {dagbag.py:538} INFO - Filling up the DagBag from /home/ris/PycharmProjects/pythonProject/USA-housing/venv/lib/python3.10/site-packages/airflow/example_dags/tutorial.py
[2023-03-07T18:19:51.375+0530] {processor.py:753} INFO - DAG(s) dict_keys(['tutorial']) retrieved from /home/ris/PycharmProjects/pythonProject/USA-housing/venv/lib/python3.10/site-packages/airflow/example_dags/tutorial.py
[2023-03-07T18:19:51.396+0530] {logging_mixin.py:137} INFO - [2023-03-07T18:19:51.396+0530] {dag.py:2690} INFO - Sync 1 DAGs
[2023-03-07T18:19:51.417+0530] {logging_mixin.py:137} INFO - [2023-03-07T18:19:51.416+0530] {dag.py:3437} INFO - Setting next_dagrun for tutorial to 2023-03-06T12:49:51.416510+00:00, run_after=2023-03-07T12:49:51.416510+00:00
[2023-03-07T18:19:51.444+0530] {processor.py:175} INFO - Processing /home/ris/PycharmProjects/pythonProject/USA-housing/venv/lib/python3.10/site-packages/airflow/example_dags/tutorial.py took 0.084 seconds
[2023-03-07T18:20:35.816+0530] {processor.py:153} INFO - Started process (PID=7947) to work on /home/ris/PycharmProjects/pythonProject/USA-housing/venv/lib/python3.10/site-packages/airflow/example_dags/tutorial.py
[2023-03-07T18:20:35.818+0530] {processor.py:743} INFO - Processing file /home/ris/PycharmProjects/pythonProject/USA-housing/venv/lib/python3.10/site-packages/airflow/example_dags/tutorial.py for tasks to queue
[2023-03-07T18:20:35.819+0530] {logging_mixin.py:137} INFO - [2023-03-07T18:20:35.819+0530] {dagbag.py:538} INFO - Filling up the DagBag from /home/ris/PycharmProjects/pythonProject/USA-housing/venv/lib/python3.10/site-packages/airflow/example_dags/tutorial.py
[2023-03-07T18:20:35.826+0530] {processor.py:753} INFO - DAG(s) dict_keys(['tutorial']) retrieved from /home/ris/PycharmProjects/pythonProject/USA-housing/venv/lib/python3.10/site-packages/airflow/example_dags/tutorial.py
[2023-03-07T18:20:35.842+0530] {logging_mixin.py:137} INFO - [2023-03-07T18:20:35.841+0530] {dag.py:2690} INFO - Sync 1 DAGs
[2023-03-07T18:20:35.857+0530] {logging_mixin.py:137} INFO - [2023-03-07T18:20:35.857+0530] {dag.py:3437} INFO - Setting next_dagrun for tutorial to 2023-03-06T12:50:35.857260+00:00, run_after=2023-03-07T12:50:35.857260+00:00
[2023-03-07T18:20:35.876+0530] {processor.py:175} INFO - Processing /home/ris/PycharmProjects/pythonProject/USA-housing/venv/lib/python3.10/site-packages/airflow/example_dags/tutorial.py took 0.063 seconds
[2023-03-07T18:21:16.228+0530] {processor.py:153} INFO - Started process (PID=7995) to work on /home/ris/PycharmProjects/pythonProject/USA-housing/venv/lib/python3.10/site-packages/airflow/example_dags/tutorial.py
[2023-03-07T18:21:16.230+0530] {processor.py:743} INFO - Processing file /home/ris/PycharmProjects/pythonProject/USA-housing/venv/lib/python3.10/site-packages/airflow/example_dags/tutorial.py for tasks to queue
[2023-03-07T18:21:16.231+0530] {logging_mixin.py:137} INFO - [2023-03-07T18:21:16.230+0530] {dagbag.py:538} INFO - Filling up the DagBag from /home/ris/PycharmProjects/pythonProject/USA-housing/venv/lib/python3.10/site-packages/airflow/example_dags/tutorial.py
[2023-03-07T18:21:16.237+0530] {processor.py:753} INFO - DAG(s) dict_keys(['tutorial']) retrieved from /home/ris/PycharmProjects/pythonProject/USA-housing/venv/lib/python3.10/site-packages/airflow/example_dags/tutorial.py
[2023-03-07T18:21:16.253+0530] {logging_mixin.py:137} INFO - [2023-03-07T18:21:16.253+0530] {dag.py:2690} INFO - Sync 1 DAGs
[2023-03-07T18:21:16.267+0530] {logging_mixin.py:137} INFO - [2023-03-07T18:21:16.267+0530] {dag.py:3437} INFO - Setting next_dagrun for tutorial to 2023-03-06T12:51:16.267478+00:00, run_after=2023-03-07T12:51:16.267478+00:00
[2023-03-07T18:21:16.287+0530] {processor.py:175} INFO - Processing /home/ris/PycharmProjects/pythonProject/USA-housing/venv/lib/python3.10/site-packages/airflow/example_dags/tutorial.py took 0.061 seconds
[2023-03-07T18:21:53.776+0530] {processor.py:153} INFO - Started process (PID=8040) to work on /home/ris/PycharmProjects/pythonProject/USA-housing/venv/lib/python3.10/site-packages/airflow/example_dags/tutorial.py
[2023-03-07T18:21:53.778+0530] {processor.py:743} INFO - Processing file /home/ris/PycharmProjects/pythonProject/USA-housing/venv/lib/python3.10/site-packages/airflow/example_dags/tutorial.py for tasks to queue
[2023-03-07T18:21:53.779+0530] {logging_mixin.py:137} INFO - [2023-03-07T18:21:53.779+0530] {dagbag.py:538} INFO - Filling up the DagBag from /home/ris/PycharmProjects/pythonProject/USA-housing/venv/lib/python3.10/site-packages/airflow/example_dags/tutorial.py
[2023-03-07T18:21:53.787+0530] {processor.py:753} INFO - DAG(s) dict_keys(['tutorial']) retrieved from /home/ris/PycharmProjects/pythonProject/USA-housing/venv/lib/python3.10/site-packages/airflow/example_dags/tutorial.py
[2023-03-07T18:21:53.803+0530] {logging_mixin.py:137} INFO - [2023-03-07T18:21:53.803+0530] {dag.py:2690} INFO - Sync 1 DAGs
[2023-03-07T18:21:53.821+0530] {logging_mixin.py:137} INFO - [2023-03-07T18:21:53.821+0530] {dag.py:3437} INFO - Setting next_dagrun for tutorial to 2023-03-06T12:51:53.820955+00:00, run_after=2023-03-07T12:51:53.820955+00:00
[2023-03-07T18:21:53.846+0530] {processor.py:175} INFO - Processing /home/ris/PycharmProjects/pythonProject/USA-housing/venv/lib/python3.10/site-packages/airflow/example_dags/tutorial.py took 0.075 seconds
[2023-03-07T18:22:31.396+0530] {processor.py:153} INFO - Started process (PID=8082) to work on /home/ris/PycharmProjects/pythonProject/USA-housing/venv/lib/python3.10/site-packages/airflow/example_dags/tutorial.py
[2023-03-07T18:22:31.397+0530] {processor.py:743} INFO - Processing file /home/ris/PycharmProjects/pythonProject/USA-housing/venv/lib/python3.10/site-packages/airflow/example_dags/tutorial.py for tasks to queue
[2023-03-07T18:22:31.398+0530] {logging_mixin.py:137} INFO - [2023-03-07T18:22:31.398+0530] {dagbag.py:538} INFO - Filling up the DagBag from /home/ris/PycharmProjects/pythonProject/USA-housing/venv/lib/python3.10/site-packages/airflow/example_dags/tutorial.py
[2023-03-07T18:22:31.405+0530] {processor.py:753} INFO - DAG(s) dict_keys(['tutorial']) retrieved from /home/ris/PycharmProjects/pythonProject/USA-housing/venv/lib/python3.10/site-packages/airflow/example_dags/tutorial.py
[2023-03-07T18:22:31.423+0530] {logging_mixin.py:137} INFO - [2023-03-07T18:22:31.422+0530] {dag.py:2690} INFO - Sync 1 DAGs
[2023-03-07T18:22:31.446+0530] {logging_mixin.py:137} INFO - [2023-03-07T18:22:31.446+0530] {dag.py:3437} INFO - Setting next_dagrun for tutorial to 2023-03-06T12:52:31.446307+00:00, run_after=2023-03-07T12:52:31.446307+00:00
[2023-03-07T18:22:31.466+0530] {processor.py:175} INFO - Processing /home/ris/PycharmProjects/pythonProject/USA-housing/venv/lib/python3.10/site-packages/airflow/example_dags/tutorial.py took 0.073 seconds
[2023-03-07T18:23:18.400+0530] {processor.py:153} INFO - Started process (PID=8148) to work on /home/ris/PycharmProjects/pythonProject/USA-housing/venv/lib/python3.10/site-packages/airflow/example_dags/tutorial.py
[2023-03-07T18:23:18.402+0530] {processor.py:743} INFO - Processing file /home/ris/PycharmProjects/pythonProject/USA-housing/venv/lib/python3.10/site-packages/airflow/example_dags/tutorial.py for tasks to queue
[2023-03-07T18:23:18.404+0530] {logging_mixin.py:137} INFO - [2023-03-07T18:23:18.403+0530] {dagbag.py:538} INFO - Filling up the DagBag from /home/ris/PycharmProjects/pythonProject/USA-housing/venv/lib/python3.10/site-packages/airflow/example_dags/tutorial.py
[2023-03-07T18:23:18.413+0530] {processor.py:753} INFO - DAG(s) dict_keys(['tutorial']) retrieved from /home/ris/PycharmProjects/pythonProject/USA-housing/venv/lib/python3.10/site-packages/airflow/example_dags/tutorial.py
[2023-03-07T18:23:18.437+0530] {logging_mixin.py:137} INFO - [2023-03-07T18:23:18.436+0530] {dag.py:2690} INFO - Sync 1 DAGs
[2023-03-07T18:23:18.455+0530] {logging_mixin.py:137} INFO - [2023-03-07T18:23:18.455+0530] {dag.py:3437} INFO - Setting next_dagrun for tutorial to 2023-03-06T12:53:18.455360+00:00, run_after=2023-03-07T12:53:18.455360+00:00
[2023-03-07T18:23:18.479+0530] {processor.py:175} INFO - Processing /home/ris/PycharmProjects/pythonProject/USA-housing/venv/lib/python3.10/site-packages/airflow/example_dags/tutorial.py took 0.084 seconds
[2023-03-07T18:24:02.842+0530] {processor.py:153} INFO - Started process (PID=8350) to work on /home/ris/PycharmProjects/pythonProject/USA-housing/venv/lib/python3.10/site-packages/airflow/example_dags/tutorial.py
[2023-03-07T18:24:02.844+0530] {processor.py:743} INFO - Processing file /home/ris/PycharmProjects/pythonProject/USA-housing/venv/lib/python3.10/site-packages/airflow/example_dags/tutorial.py for tasks to queue
[2023-03-07T18:24:02.845+0530] {logging_mixin.py:137} INFO - [2023-03-07T18:24:02.845+0530] {dagbag.py:538} INFO - Filling up the DagBag from /home/ris/PycharmProjects/pythonProject/USA-housing/venv/lib/python3.10/site-packages/airflow/example_dags/tutorial.py
[2023-03-07T18:24:02.853+0530] {processor.py:753} INFO - DAG(s) dict_keys(['tutorial']) retrieved from /home/ris/PycharmProjects/pythonProject/USA-housing/venv/lib/python3.10/site-packages/airflow/example_dags/tutorial.py
[2023-03-07T18:24:02.874+0530] {logging_mixin.py:137} INFO - [2023-03-07T18:24:02.874+0530] {dag.py:2690} INFO - Sync 1 DAGs
[2023-03-07T18:24:02.894+0530] {logging_mixin.py:137} INFO - [2023-03-07T18:24:02.894+0530] {dag.py:3437} INFO - Setting next_dagrun for tutorial to 2023-03-06T12:54:02.893943+00:00, run_after=2023-03-07T12:54:02.893943+00:00
[2023-03-07T18:24:02.918+0530] {processor.py:175} INFO - Processing /home/ris/PycharmProjects/pythonProject/USA-housing/venv/lib/python3.10/site-packages/airflow/example_dags/tutorial.py took 0.080 seconds
[2023-03-07T18:24:48.429+0530] {processor.py:153} INFO - Started process (PID=8402) to work on /home/ris/PycharmProjects/pythonProject/USA-housing/venv/lib/python3.10/site-packages/airflow/example_dags/tutorial.py
[2023-03-07T18:24:48.431+0530] {processor.py:743} INFO - Processing file /home/ris/PycharmProjects/pythonProject/USA-housing/venv/lib/python3.10/site-packages/airflow/example_dags/tutorial.py for tasks to queue
[2023-03-07T18:24:48.432+0530] {logging_mixin.py:137} INFO - [2023-03-07T18:24:48.431+0530] {dagbag.py:538} INFO - Filling up the DagBag from /home/ris/PycharmProjects/pythonProject/USA-housing/venv/lib/python3.10/site-packages/airflow/example_dags/tutorial.py
[2023-03-07T18:24:48.440+0530] {processor.py:753} INFO - DAG(s) dict_keys(['tutorial']) retrieved from /home/ris/PycharmProjects/pythonProject/USA-housing/venv/lib/python3.10/site-packages/airflow/example_dags/tutorial.py
[2023-03-07T18:24:48.460+0530] {logging_mixin.py:137} INFO - [2023-03-07T18:24:48.459+0530] {dag.py:2690} INFO - Sync 1 DAGs
[2023-03-07T18:24:48.478+0530] {logging_mixin.py:137} INFO - [2023-03-07T18:24:48.477+0530] {dag.py:3437} INFO - Setting next_dagrun for tutorial to 2023-03-06T12:54:48.477520+00:00, run_after=2023-03-07T12:54:48.477520+00:00
[2023-03-07T18:24:48.501+0530] {processor.py:175} INFO - Processing /home/ris/PycharmProjects/pythonProject/USA-housing/venv/lib/python3.10/site-packages/airflow/example_dags/tutorial.py took 0.076 seconds
[2023-03-07T18:25:34.128+0530] {processor.py:153} INFO - Started process (PID=8487) to work on /home/ris/PycharmProjects/pythonProject/USA-housing/venv/lib/python3.10/site-packages/airflow/example_dags/tutorial.py
[2023-03-07T18:25:34.130+0530] {processor.py:743} INFO - Processing file /home/ris/PycharmProjects/pythonProject/USA-housing/venv/lib/python3.10/site-packages/airflow/example_dags/tutorial.py for tasks to queue
[2023-03-07T18:25:34.131+0530] {logging_mixin.py:137} INFO - [2023-03-07T18:25:34.131+0530] {dagbag.py:538} INFO - Filling up the DagBag from /home/ris/PycharmProjects/pythonProject/USA-housing/venv/lib/python3.10/site-packages/airflow/example_dags/tutorial.py
[2023-03-07T18:25:34.147+0530] {processor.py:753} INFO - DAG(s) dict_keys(['tutorial']) retrieved from /home/ris/PycharmProjects/pythonProject/USA-housing/venv/lib/python3.10/site-packages/airflow/example_dags/tutorial.py
[2023-03-07T18:25:34.181+0530] {logging_mixin.py:137} INFO - [2023-03-07T18:25:34.180+0530] {dag.py:2690} INFO - Sync 1 DAGs
[2023-03-07T18:25:34.211+0530] {logging_mixin.py:137} INFO - [2023-03-07T18:25:34.211+0530] {dag.py:3437} INFO - Setting next_dagrun for tutorial to 2023-03-06T12:55:34.210858+00:00, run_after=2023-03-07T12:55:34.210858+00:00
[2023-03-07T18:25:34.266+0530] {processor.py:175} INFO - Processing /home/ris/PycharmProjects/pythonProject/USA-housing/venv/lib/python3.10/site-packages/airflow/example_dags/tutorial.py took 0.142 seconds
[2023-03-07T18:26:19.996+0530] {processor.py:153} INFO - Started process (PID=8542) to work on /home/ris/PycharmProjects/pythonProject/USA-housing/venv/lib/python3.10/site-packages/airflow/example_dags/tutorial.py
[2023-03-07T18:26:19.998+0530] {processor.py:743} INFO - Processing file /home/ris/PycharmProjects/pythonProject/USA-housing/venv/lib/python3.10/site-packages/airflow/example_dags/tutorial.py for tasks to queue
[2023-03-07T18:26:19.998+0530] {logging_mixin.py:137} INFO - [2023-03-07T18:26:19.998+0530] {dagbag.py:538} INFO - Filling up the DagBag from /home/ris/PycharmProjects/pythonProject/USA-housing/venv/lib/python3.10/site-packages/airflow/example_dags/tutorial.py
[2023-03-07T18:26:20.008+0530] {processor.py:753} INFO - DAG(s) dict_keys(['tutorial']) retrieved from /home/ris/PycharmProjects/pythonProject/USA-housing/venv/lib/python3.10/site-packages/airflow/example_dags/tutorial.py
[2023-03-07T18:26:20.038+0530] {logging_mixin.py:137} INFO - [2023-03-07T18:26:20.037+0530] {dag.py:2690} INFO - Sync 1 DAGs
[2023-03-07T18:26:20.059+0530] {logging_mixin.py:137} INFO - [2023-03-07T18:26:20.059+0530] {dag.py:3437} INFO - Setting next_dagrun for tutorial to 2023-03-06T12:56:20.058906+00:00, run_after=2023-03-07T12:56:20.058906+00:00
[2023-03-07T18:26:20.082+0530] {processor.py:175} INFO - Processing /home/ris/PycharmProjects/pythonProject/USA-housing/venv/lib/python3.10/site-packages/airflow/example_dags/tutorial.py took 0.089 seconds
[2023-03-07T18:27:02.181+0530] {processor.py:153} INFO - Started process (PID=8662) to work on /home/ris/PycharmProjects/pythonProject/USA-housing/venv/lib/python3.10/site-packages/airflow/example_dags/tutorial.py
[2023-03-07T18:27:02.183+0530] {processor.py:743} INFO - Processing file /home/ris/PycharmProjects/pythonProject/USA-housing/venv/lib/python3.10/site-packages/airflow/example_dags/tutorial.py for tasks to queue
[2023-03-07T18:27:02.185+0530] {logging_mixin.py:137} INFO - [2023-03-07T18:27:02.184+0530] {dagbag.py:538} INFO - Filling up the DagBag from /home/ris/PycharmProjects/pythonProject/USA-housing/venv/lib/python3.10/site-packages/airflow/example_dags/tutorial.py
[2023-03-07T18:27:02.199+0530] {processor.py:753} INFO - DAG(s) dict_keys(['tutorial']) retrieved from /home/ris/PycharmProjects/pythonProject/USA-housing/venv/lib/python3.10/site-packages/airflow/example_dags/tutorial.py
[2023-03-07T18:27:02.219+0530] {logging_mixin.py:137} INFO - [2023-03-07T18:27:02.219+0530] {dag.py:2690} INFO - Sync 1 DAGs
[2023-03-07T18:27:02.239+0530] {logging_mixin.py:137} INFO - [2023-03-07T18:27:02.239+0530] {dag.py:3437} INFO - Setting next_dagrun for tutorial to 2023-03-06T12:57:02.239145+00:00, run_after=2023-03-07T12:57:02.239145+00:00
[2023-03-07T18:27:02.265+0530] {processor.py:175} INFO - Processing /home/ris/PycharmProjects/pythonProject/USA-housing/venv/lib/python3.10/site-packages/airflow/example_dags/tutorial.py took 0.087 seconds
[2023-03-07T18:27:44.152+0530] {processor.py:153} INFO - Started process (PID=8712) to work on /home/ris/PycharmProjects/pythonProject/USA-housing/venv/lib/python3.10/site-packages/airflow/example_dags/tutorial.py
[2023-03-07T18:27:44.153+0530] {processor.py:743} INFO - Processing file /home/ris/PycharmProjects/pythonProject/USA-housing/venv/lib/python3.10/site-packages/airflow/example_dags/tutorial.py for tasks to queue
[2023-03-07T18:27:44.154+0530] {logging_mixin.py:137} INFO - [2023-03-07T18:27:44.154+0530] {dagbag.py:538} INFO - Filling up the DagBag from /home/ris/PycharmProjects/pythonProject/USA-housing/venv/lib/python3.10/site-packages/airflow/example_dags/tutorial.py
[2023-03-07T18:27:44.161+0530] {processor.py:753} INFO - DAG(s) dict_keys(['tutorial']) retrieved from /home/ris/PycharmProjects/pythonProject/USA-housing/venv/lib/python3.10/site-packages/airflow/example_dags/tutorial.py
[2023-03-07T18:27:44.183+0530] {logging_mixin.py:137} INFO - [2023-03-07T18:27:44.182+0530] {dag.py:2690} INFO - Sync 1 DAGs
[2023-03-07T18:27:44.200+0530] {logging_mixin.py:137} INFO - [2023-03-07T18:27:44.199+0530] {dag.py:3437} INFO - Setting next_dagrun for tutorial to 2023-03-06T12:57:44.199395+00:00, run_after=2023-03-07T12:57:44.199395+00:00
[2023-03-07T18:27:44.223+0530] {processor.py:175} INFO - Processing /home/ris/PycharmProjects/pythonProject/USA-housing/venv/lib/python3.10/site-packages/airflow/example_dags/tutorial.py took 0.074 seconds
[2023-03-07T18:28:29.131+0530] {processor.py:153} INFO - Started process (PID=8765) to work on /home/ris/PycharmProjects/pythonProject/USA-housing/venv/lib/python3.10/site-packages/airflow/example_dags/tutorial.py
[2023-03-07T18:28:29.132+0530] {processor.py:743} INFO - Processing file /home/ris/PycharmProjects/pythonProject/USA-housing/venv/lib/python3.10/site-packages/airflow/example_dags/tutorial.py for tasks to queue
[2023-03-07T18:28:29.133+0530] {logging_mixin.py:137} INFO - [2023-03-07T18:28:29.133+0530] {dagbag.py:538} INFO - Filling up the DagBag from /home/ris/PycharmProjects/pythonProject/USA-housing/venv/lib/python3.10/site-packages/airflow/example_dags/tutorial.py
[2023-03-07T18:28:29.143+0530] {processor.py:753} INFO - DAG(s) dict_keys(['tutorial']) retrieved from /home/ris/PycharmProjects/pythonProject/USA-housing/venv/lib/python3.10/site-packages/airflow/example_dags/tutorial.py
[2023-03-07T18:28:29.162+0530] {logging_mixin.py:137} INFO - [2023-03-07T18:28:29.162+0530] {dag.py:2690} INFO - Sync 1 DAGs
[2023-03-07T18:28:29.179+0530] {logging_mixin.py:137} INFO - [2023-03-07T18:28:29.179+0530] {dag.py:3437} INFO - Setting next_dagrun for tutorial to 2023-03-06T12:58:29.179015+00:00, run_after=2023-03-07T12:58:29.179015+00:00
[2023-03-07T18:28:29.202+0530] {processor.py:175} INFO - Processing /home/ris/PycharmProjects/pythonProject/USA-housing/venv/lib/python3.10/site-packages/airflow/example_dags/tutorial.py took 0.075 seconds
[2023-03-07T18:29:11.264+0530] {processor.py:153} INFO - Started process (PID=8826) to work on /home/ris/PycharmProjects/pythonProject/USA-housing/venv/lib/python3.10/site-packages/airflow/example_dags/tutorial.py
[2023-03-07T18:29:11.265+0530] {processor.py:743} INFO - Processing file /home/ris/PycharmProjects/pythonProject/USA-housing/venv/lib/python3.10/site-packages/airflow/example_dags/tutorial.py for tasks to queue
[2023-03-07T18:29:11.266+0530] {logging_mixin.py:137} INFO - [2023-03-07T18:29:11.266+0530] {dagbag.py:538} INFO - Filling up the DagBag from /home/ris/PycharmProjects/pythonProject/USA-housing/venv/lib/python3.10/site-packages/airflow/example_dags/tutorial.py
[2023-03-07T18:29:11.273+0530] {processor.py:753} INFO - DAG(s) dict_keys(['tutorial']) retrieved from /home/ris/PycharmProjects/pythonProject/USA-housing/venv/lib/python3.10/site-packages/airflow/example_dags/tutorial.py
[2023-03-07T18:29:11.290+0530] {logging_mixin.py:137} INFO - [2023-03-07T18:29:11.290+0530] {dag.py:2690} INFO - Sync 1 DAGs
[2023-03-07T18:29:11.306+0530] {logging_mixin.py:137} INFO - [2023-03-07T18:29:11.306+0530] {dag.py:3437} INFO - Setting next_dagrun for tutorial to 2023-03-06T12:59:11.306608+00:00, run_after=2023-03-07T12:59:11.306608+00:00
[2023-03-07T18:29:11.327+0530] {processor.py:175} INFO - Processing /home/ris/PycharmProjects/pythonProject/USA-housing/venv/lib/python3.10/site-packages/airflow/example_dags/tutorial.py took 0.065 seconds
[2023-03-07T18:29:56.871+0530] {processor.py:153} INFO - Started process (PID=8877) to work on /home/ris/PycharmProjects/pythonProject/USA-housing/venv/lib/python3.10/site-packages/airflow/example_dags/tutorial.py
[2023-03-07T18:29:56.873+0530] {processor.py:743} INFO - Processing file /home/ris/PycharmProjects/pythonProject/USA-housing/venv/lib/python3.10/site-packages/airflow/example_dags/tutorial.py for tasks to queue
[2023-03-07T18:29:56.874+0530] {logging_mixin.py:137} INFO - [2023-03-07T18:29:56.874+0530] {dagbag.py:538} INFO - Filling up the DagBag from /home/ris/PycharmProjects/pythonProject/USA-housing/venv/lib/python3.10/site-packages/airflow/example_dags/tutorial.py
[2023-03-07T18:29:56.881+0530] {processor.py:753} INFO - DAG(s) dict_keys(['tutorial']) retrieved from /home/ris/PycharmProjects/pythonProject/USA-housing/venv/lib/python3.10/site-packages/airflow/example_dags/tutorial.py
[2023-03-07T18:29:56.898+0530] {logging_mixin.py:137} INFO - [2023-03-07T18:29:56.898+0530] {dag.py:2690} INFO - Sync 1 DAGs
[2023-03-07T18:29:56.914+0530] {logging_mixin.py:137} INFO - [2023-03-07T18:29:56.914+0530] {dag.py:3437} INFO - Setting next_dagrun for tutorial to 2023-03-06T12:59:56.914507+00:00, run_after=2023-03-07T12:59:56.914507+00:00
[2023-03-07T18:29:56.935+0530] {processor.py:175} INFO - Processing /home/ris/PycharmProjects/pythonProject/USA-housing/venv/lib/python3.10/site-packages/airflow/example_dags/tutorial.py took 0.066 seconds
[2023-03-07T18:30:34.502+0530] {processor.py:153} INFO - Started process (PID=8963) to work on /home/ris/PycharmProjects/pythonProject/USA-housing/venv/lib/python3.10/site-packages/airflow/example_dags/tutorial.py
[2023-03-07T18:30:34.504+0530] {processor.py:743} INFO - Processing file /home/ris/PycharmProjects/pythonProject/USA-housing/venv/lib/python3.10/site-packages/airflow/example_dags/tutorial.py for tasks to queue
[2023-03-07T18:30:34.505+0530] {logging_mixin.py:137} INFO - [2023-03-07T18:30:34.505+0530] {dagbag.py:538} INFO - Filling up the DagBag from /home/ris/PycharmProjects/pythonProject/USA-housing/venv/lib/python3.10/site-packages/airflow/example_dags/tutorial.py
[2023-03-07T18:30:34.512+0530] {processor.py:753} INFO - DAG(s) dict_keys(['tutorial']) retrieved from /home/ris/PycharmProjects/pythonProject/USA-housing/venv/lib/python3.10/site-packages/airflow/example_dags/tutorial.py
[2023-03-07T18:30:34.528+0530] {logging_mixin.py:137} INFO - [2023-03-07T18:30:34.528+0530] {dag.py:2690} INFO - Sync 1 DAGs
[2023-03-07T18:30:34.545+0530] {logging_mixin.py:137} INFO - [2023-03-07T18:30:34.545+0530] {dag.py:3437} INFO - Setting next_dagrun for tutorial to 2023-03-06T13:00:34.544883+00:00, run_after=2023-03-07T13:00:34.544883+00:00
[2023-03-07T18:30:34.566+0530] {processor.py:175} INFO - Processing /home/ris/PycharmProjects/pythonProject/USA-housing/venv/lib/python3.10/site-packages/airflow/example_dags/tutorial.py took 0.066 seconds
[2023-03-07T18:31:13.848+0530] {processor.py:153} INFO - Started process (PID=9006) to work on /home/ris/PycharmProjects/pythonProject/USA-housing/venv/lib/python3.10/site-packages/airflow/example_dags/tutorial.py
[2023-03-07T18:31:13.850+0530] {processor.py:743} INFO - Processing file /home/ris/PycharmProjects/pythonProject/USA-housing/venv/lib/python3.10/site-packages/airflow/example_dags/tutorial.py for tasks to queue
[2023-03-07T18:31:13.852+0530] {logging_mixin.py:137} INFO - [2023-03-07T18:31:13.852+0530] {dagbag.py:538} INFO - Filling up the DagBag from /home/ris/PycharmProjects/pythonProject/USA-housing/venv/lib/python3.10/site-packages/airflow/example_dags/tutorial.py
[2023-03-07T18:31:13.860+0530] {processor.py:753} INFO - DAG(s) dict_keys(['tutorial']) retrieved from /home/ris/PycharmProjects/pythonProject/USA-housing/venv/lib/python3.10/site-packages/airflow/example_dags/tutorial.py
[2023-03-07T18:31:13.879+0530] {logging_mixin.py:137} INFO - [2023-03-07T18:31:13.879+0530] {dag.py:2690} INFO - Sync 1 DAGs
[2023-03-07T18:31:13.897+0530] {logging_mixin.py:137} INFO - [2023-03-07T18:31:13.897+0530] {dag.py:3437} INFO - Setting next_dagrun for tutorial to 2023-03-06T13:01:13.897255+00:00, run_after=2023-03-07T13:01:13.897255+00:00
[2023-03-07T18:31:13.919+0530] {processor.py:175} INFO - Processing /home/ris/PycharmProjects/pythonProject/USA-housing/venv/lib/python3.10/site-packages/airflow/example_dags/tutorial.py took 0.074 seconds
[2023-03-07T18:31:54.236+0530] {processor.py:153} INFO - Started process (PID=9080) to work on /home/ris/PycharmProjects/pythonProject/USA-housing/venv/lib/python3.10/site-packages/airflow/example_dags/tutorial.py
[2023-03-07T18:31:54.238+0530] {processor.py:743} INFO - Processing file /home/ris/PycharmProjects/pythonProject/USA-housing/venv/lib/python3.10/site-packages/airflow/example_dags/tutorial.py for tasks to queue
[2023-03-07T18:31:54.239+0530] {logging_mixin.py:137} INFO - [2023-03-07T18:31:54.238+0530] {dagbag.py:538} INFO - Filling up the DagBag from /home/ris/PycharmProjects/pythonProject/USA-housing/venv/lib/python3.10/site-packages/airflow/example_dags/tutorial.py
[2023-03-07T18:31:54.247+0530] {processor.py:753} INFO - DAG(s) dict_keys(['tutorial']) retrieved from /home/ris/PycharmProjects/pythonProject/USA-housing/venv/lib/python3.10/site-packages/airflow/example_dags/tutorial.py
[2023-03-07T18:31:54.265+0530] {logging_mixin.py:137} INFO - [2023-03-07T18:31:54.264+0530] {dag.py:2690} INFO - Sync 1 DAGs
[2023-03-07T18:31:54.282+0530] {logging_mixin.py:137} INFO - [2023-03-07T18:31:54.282+0530] {dag.py:3437} INFO - Setting next_dagrun for tutorial to 2023-03-06T13:01:54.281861+00:00, run_after=2023-03-07T13:01:54.281861+00:00
[2023-03-07T18:31:54.302+0530] {processor.py:175} INFO - Processing /home/ris/PycharmProjects/pythonProject/USA-housing/venv/lib/python3.10/site-packages/airflow/example_dags/tutorial.py took 0.069 seconds
[2023-03-07T18:32:29.009+0530] {processor.py:153} INFO - Started process (PID=9120) to work on /home/ris/PycharmProjects/pythonProject/USA-housing/venv/lib/python3.10/site-packages/airflow/example_dags/tutorial.py
[2023-03-07T18:32:29.011+0530] {processor.py:743} INFO - Processing file /home/ris/PycharmProjects/pythonProject/USA-housing/venv/lib/python3.10/site-packages/airflow/example_dags/tutorial.py for tasks to queue
[2023-03-07T18:32:29.011+0530] {logging_mixin.py:137} INFO - [2023-03-07T18:32:29.011+0530] {dagbag.py:538} INFO - Filling up the DagBag from /home/ris/PycharmProjects/pythonProject/USA-housing/venv/lib/python3.10/site-packages/airflow/example_dags/tutorial.py
[2023-03-07T18:32:29.019+0530] {processor.py:753} INFO - DAG(s) dict_keys(['tutorial']) retrieved from /home/ris/PycharmProjects/pythonProject/USA-housing/venv/lib/python3.10/site-packages/airflow/example_dags/tutorial.py
[2023-03-07T18:32:29.036+0530] {logging_mixin.py:137} INFO - [2023-03-07T18:32:29.036+0530] {dag.py:2690} INFO - Sync 1 DAGs
[2023-03-07T18:32:29.052+0530] {logging_mixin.py:137} INFO - [2023-03-07T18:32:29.052+0530] {dag.py:3437} INFO - Setting next_dagrun for tutorial to 2023-03-06T13:02:29.052333+00:00, run_after=2023-03-07T13:02:29.052333+00:00
[2023-03-07T18:32:29.072+0530] {processor.py:175} INFO - Processing /home/ris/PycharmProjects/pythonProject/USA-housing/venv/lib/python3.10/site-packages/airflow/example_dags/tutorial.py took 0.067 seconds
[2023-03-07T18:33:07.530+0530] {processor.py:153} INFO - Started process (PID=9165) to work on /home/ris/PycharmProjects/pythonProject/USA-housing/venv/lib/python3.10/site-packages/airflow/example_dags/tutorial.py
[2023-03-07T18:33:07.533+0530] {processor.py:743} INFO - Processing file /home/ris/PycharmProjects/pythonProject/USA-housing/venv/lib/python3.10/site-packages/airflow/example_dags/tutorial.py for tasks to queue
[2023-03-07T18:33:07.533+0530] {logging_mixin.py:137} INFO - [2023-03-07T18:33:07.533+0530] {dagbag.py:538} INFO - Filling up the DagBag from /home/ris/PycharmProjects/pythonProject/USA-housing/venv/lib/python3.10/site-packages/airflow/example_dags/tutorial.py
[2023-03-07T18:33:07.539+0530] {processor.py:753} INFO - DAG(s) dict_keys(['tutorial']) retrieved from /home/ris/PycharmProjects/pythonProject/USA-housing/venv/lib/python3.10/site-packages/airflow/example_dags/tutorial.py
[2023-03-07T18:33:07.556+0530] {logging_mixin.py:137} INFO - [2023-03-07T18:33:07.556+0530] {dag.py:2690} INFO - Sync 1 DAGs
[2023-03-07T18:33:07.572+0530] {logging_mixin.py:137} INFO - [2023-03-07T18:33:07.572+0530] {dag.py:3437} INFO - Setting next_dagrun for tutorial to 2023-03-06T13:03:07.571922+00:00, run_after=2023-03-07T13:03:07.571922+00:00
[2023-03-07T18:33:07.590+0530] {processor.py:175} INFO - Processing /home/ris/PycharmProjects/pythonProject/USA-housing/venv/lib/python3.10/site-packages/airflow/example_dags/tutorial.py took 0.063 seconds
[2023-03-07T18:33:45.288+0530] {processor.py:153} INFO - Started process (PID=9206) to work on /home/ris/PycharmProjects/pythonProject/USA-housing/venv/lib/python3.10/site-packages/airflow/example_dags/tutorial.py
[2023-03-07T18:33:45.290+0530] {processor.py:743} INFO - Processing file /home/ris/PycharmProjects/pythonProject/USA-housing/venv/lib/python3.10/site-packages/airflow/example_dags/tutorial.py for tasks to queue
[2023-03-07T18:33:45.291+0530] {logging_mixin.py:137} INFO - [2023-03-07T18:33:45.291+0530] {dagbag.py:538} INFO - Filling up the DagBag from /home/ris/PycharmProjects/pythonProject/USA-housing/venv/lib/python3.10/site-packages/airflow/example_dags/tutorial.py
[2023-03-07T18:33:45.299+0530] {processor.py:753} INFO - DAG(s) dict_keys(['tutorial']) retrieved from /home/ris/PycharmProjects/pythonProject/USA-housing/venv/lib/python3.10/site-packages/airflow/example_dags/tutorial.py
[2023-03-07T18:33:45.317+0530] {logging_mixin.py:137} INFO - [2023-03-07T18:33:45.317+0530] {dag.py:2690} INFO - Sync 1 DAGs
[2023-03-07T18:33:45.334+0530] {logging_mixin.py:137} INFO - [2023-03-07T18:33:45.333+0530] {dag.py:3437} INFO - Setting next_dagrun for tutorial to 2023-03-06T13:03:45.333696+00:00, run_after=2023-03-07T13:03:45.333696+00:00
[2023-03-07T18:33:45.355+0530] {processor.py:175} INFO - Processing /home/ris/PycharmProjects/pythonProject/USA-housing/venv/lib/python3.10/site-packages/airflow/example_dags/tutorial.py took 0.069 seconds
[2023-03-07T18:34:28.946+0530] {processor.py:153} INFO - Started process (PID=9258) to work on /home/ris/PycharmProjects/pythonProject/USA-housing/venv/lib/python3.10/site-packages/airflow/example_dags/tutorial.py
[2023-03-07T18:34:28.948+0530] {processor.py:743} INFO - Processing file /home/ris/PycharmProjects/pythonProject/USA-housing/venv/lib/python3.10/site-packages/airflow/example_dags/tutorial.py for tasks to queue
[2023-03-07T18:34:28.949+0530] {logging_mixin.py:137} INFO - [2023-03-07T18:34:28.949+0530] {dagbag.py:538} INFO - Filling up the DagBag from /home/ris/PycharmProjects/pythonProject/USA-housing/venv/lib/python3.10/site-packages/airflow/example_dags/tutorial.py
[2023-03-07T18:34:28.956+0530] {processor.py:753} INFO - DAG(s) dict_keys(['tutorial']) retrieved from /home/ris/PycharmProjects/pythonProject/USA-housing/venv/lib/python3.10/site-packages/airflow/example_dags/tutorial.py
[2023-03-07T18:34:28.974+0530] {logging_mixin.py:137} INFO - [2023-03-07T18:34:28.974+0530] {dag.py:2690} INFO - Sync 1 DAGs
[2023-03-07T18:34:28.990+0530] {logging_mixin.py:137} INFO - [2023-03-07T18:34:28.990+0530] {dag.py:3437} INFO - Setting next_dagrun for tutorial to 2023-03-06T13:04:28.990588+00:00, run_after=2023-03-07T13:04:28.990588+00:00
[2023-03-07T18:34:29.011+0530] {processor.py:175} INFO - Processing /home/ris/PycharmProjects/pythonProject/USA-housing/venv/lib/python3.10/site-packages/airflow/example_dags/tutorial.py took 0.068 seconds
[2023-03-07T18:35:15.771+0530] {processor.py:153} INFO - Started process (PID=9330) to work on /home/ris/PycharmProjects/pythonProject/USA-housing/venv/lib/python3.10/site-packages/airflow/example_dags/tutorial.py
[2023-03-07T18:35:15.773+0530] {processor.py:743} INFO - Processing file /home/ris/PycharmProjects/pythonProject/USA-housing/venv/lib/python3.10/site-packages/airflow/example_dags/tutorial.py for tasks to queue
[2023-03-07T18:35:15.773+0530] {logging_mixin.py:137} INFO - [2023-03-07T18:35:15.773+0530] {dagbag.py:538} INFO - Filling up the DagBag from /home/ris/PycharmProjects/pythonProject/USA-housing/venv/lib/python3.10/site-packages/airflow/example_dags/tutorial.py
[2023-03-07T18:35:15.782+0530] {processor.py:753} INFO - DAG(s) dict_keys(['tutorial']) retrieved from /home/ris/PycharmProjects/pythonProject/USA-housing/venv/lib/python3.10/site-packages/airflow/example_dags/tutorial.py
[2023-03-07T18:35:15.799+0530] {logging_mixin.py:137} INFO - [2023-03-07T18:35:15.799+0530] {dag.py:2690} INFO - Sync 1 DAGs
[2023-03-07T18:35:15.816+0530] {logging_mixin.py:137} INFO - [2023-03-07T18:35:15.816+0530] {dag.py:3437} INFO - Setting next_dagrun for tutorial to 2023-03-06T13:05:15.815810+00:00, run_after=2023-03-07T13:05:15.815810+00:00
[2023-03-07T18:35:15.835+0530] {processor.py:175} INFO - Processing /home/ris/PycharmProjects/pythonProject/USA-housing/venv/lib/python3.10/site-packages/airflow/example_dags/tutorial.py took 0.067 seconds
[2023-03-07T18:35:53.129+0530] {processor.py:153} INFO - Started process (PID=9372) to work on /home/ris/PycharmProjects/pythonProject/USA-housing/venv/lib/python3.10/site-packages/airflow/example_dags/tutorial.py
[2023-03-07T18:35:53.131+0530] {processor.py:743} INFO - Processing file /home/ris/PycharmProjects/pythonProject/USA-housing/venv/lib/python3.10/site-packages/airflow/example_dags/tutorial.py for tasks to queue
[2023-03-07T18:35:53.132+0530] {logging_mixin.py:137} INFO - [2023-03-07T18:35:53.132+0530] {dagbag.py:538} INFO - Filling up the DagBag from /home/ris/PycharmProjects/pythonProject/USA-housing/venv/lib/python3.10/site-packages/airflow/example_dags/tutorial.py
[2023-03-07T18:35:53.140+0530] {processor.py:753} INFO - DAG(s) dict_keys(['tutorial']) retrieved from /home/ris/PycharmProjects/pythonProject/USA-housing/venv/lib/python3.10/site-packages/airflow/example_dags/tutorial.py
[2023-03-07T18:35:53.157+0530] {logging_mixin.py:137} INFO - [2023-03-07T18:35:53.157+0530] {dag.py:2690} INFO - Sync 1 DAGs
[2023-03-07T18:35:53.172+0530] {logging_mixin.py:137} INFO - [2023-03-07T18:35:53.172+0530] {dag.py:3437} INFO - Setting next_dagrun for tutorial to 2023-03-06T13:05:53.172304+00:00, run_after=2023-03-07T13:05:53.172304+00:00
[2023-03-07T18:35:53.191+0530] {processor.py:175} INFO - Processing /home/ris/PycharmProjects/pythonProject/USA-housing/venv/lib/python3.10/site-packages/airflow/example_dags/tutorial.py took 0.064 seconds
[2023-03-07T18:36:30.313+0530] {processor.py:153} INFO - Started process (PID=9414) to work on /home/ris/PycharmProjects/pythonProject/USA-housing/venv/lib/python3.10/site-packages/airflow/example_dags/tutorial.py
[2023-03-07T18:36:30.315+0530] {processor.py:743} INFO - Processing file /home/ris/PycharmProjects/pythonProject/USA-housing/venv/lib/python3.10/site-packages/airflow/example_dags/tutorial.py for tasks to queue
[2023-03-07T18:36:30.315+0530] {logging_mixin.py:137} INFO - [2023-03-07T18:36:30.315+0530] {dagbag.py:538} INFO - Filling up the DagBag from /home/ris/PycharmProjects/pythonProject/USA-housing/venv/lib/python3.10/site-packages/airflow/example_dags/tutorial.py
[2023-03-07T18:36:30.323+0530] {processor.py:753} INFO - DAG(s) dict_keys(['tutorial']) retrieved from /home/ris/PycharmProjects/pythonProject/USA-housing/venv/lib/python3.10/site-packages/airflow/example_dags/tutorial.py
[2023-03-07T18:36:30.339+0530] {logging_mixin.py:137} INFO - [2023-03-07T18:36:30.339+0530] {dag.py:2690} INFO - Sync 1 DAGs
[2023-03-07T18:36:30.355+0530] {logging_mixin.py:137} INFO - [2023-03-07T18:36:30.355+0530] {dag.py:3437} INFO - Setting next_dagrun for tutorial to 2023-03-06T13:06:30.355237+00:00, run_after=2023-03-07T13:06:30.355237+00:00
[2023-03-07T18:36:30.373+0530] {processor.py:175} INFO - Processing /home/ris/PycharmProjects/pythonProject/USA-housing/venv/lib/python3.10/site-packages/airflow/example_dags/tutorial.py took 0.063 seconds
[2023-03-07T18:37:07.629+0530] {processor.py:153} INFO - Started process (PID=9493) to work on /home/ris/PycharmProjects/pythonProject/USA-housing/venv/lib/python3.10/site-packages/airflow/example_dags/tutorial.py
[2023-03-07T18:37:07.631+0530] {processor.py:743} INFO - Processing file /home/ris/PycharmProjects/pythonProject/USA-housing/venv/lib/python3.10/site-packages/airflow/example_dags/tutorial.py for tasks to queue
[2023-03-07T18:37:07.632+0530] {logging_mixin.py:137} INFO - [2023-03-07T18:37:07.631+0530] {dagbag.py:538} INFO - Filling up the DagBag from /home/ris/PycharmProjects/pythonProject/USA-housing/venv/lib/python3.10/site-packages/airflow/example_dags/tutorial.py
[2023-03-07T18:37:07.639+0530] {processor.py:753} INFO - DAG(s) dict_keys(['tutorial']) retrieved from /home/ris/PycharmProjects/pythonProject/USA-housing/venv/lib/python3.10/site-packages/airflow/example_dags/tutorial.py
[2023-03-07T18:37:07.656+0530] {logging_mixin.py:137} INFO - [2023-03-07T18:37:07.656+0530] {dag.py:2690} INFO - Sync 1 DAGs
[2023-03-07T18:37:07.673+0530] {logging_mixin.py:137} INFO - [2023-03-07T18:37:07.672+0530] {dag.py:3437} INFO - Setting next_dagrun for tutorial to 2023-03-06T13:07:07.672623+00:00, run_after=2023-03-07T13:07:07.672623+00:00
[2023-03-07T18:37:07.693+0530] {processor.py:175} INFO - Processing /home/ris/PycharmProjects/pythonProject/USA-housing/venv/lib/python3.10/site-packages/airflow/example_dags/tutorial.py took 0.066 seconds
[2023-03-07T18:37:46.077+0530] {processor.py:153} INFO - Started process (PID=9539) to work on /home/ris/PycharmProjects/pythonProject/USA-housing/venv/lib/python3.10/site-packages/airflow/example_dags/tutorial.py
[2023-03-07T18:37:46.079+0530] {processor.py:743} INFO - Processing file /home/ris/PycharmProjects/pythonProject/USA-housing/venv/lib/python3.10/site-packages/airflow/example_dags/tutorial.py for tasks to queue
[2023-03-07T18:37:46.080+0530] {logging_mixin.py:137} INFO - [2023-03-07T18:37:46.079+0530] {dagbag.py:538} INFO - Filling up the DagBag from /home/ris/PycharmProjects/pythonProject/USA-housing/venv/lib/python3.10/site-packages/airflow/example_dags/tutorial.py
[2023-03-07T18:37:46.086+0530] {processor.py:753} INFO - DAG(s) dict_keys(['tutorial']) retrieved from /home/ris/PycharmProjects/pythonProject/USA-housing/venv/lib/python3.10/site-packages/airflow/example_dags/tutorial.py
[2023-03-07T18:37:46.103+0530] {logging_mixin.py:137} INFO - [2023-03-07T18:37:46.103+0530] {dag.py:2690} INFO - Sync 1 DAGs
[2023-03-07T18:37:46.118+0530] {logging_mixin.py:137} INFO - [2023-03-07T18:37:46.118+0530] {dag.py:3437} INFO - Setting next_dagrun for tutorial to 2023-03-06T13:07:46.117805+00:00, run_after=2023-03-07T13:07:46.117805+00:00
[2023-03-07T18:37:46.141+0530] {processor.py:175} INFO - Processing /home/ris/PycharmProjects/pythonProject/USA-housing/venv/lib/python3.10/site-packages/airflow/example_dags/tutorial.py took 0.066 seconds
[2023-03-07T18:38:23.863+0530] {processor.py:153} INFO - Started process (PID=9585) to work on /home/ris/PycharmProjects/pythonProject/USA-housing/venv/lib/python3.10/site-packages/airflow/example_dags/tutorial.py
[2023-03-07T18:38:23.865+0530] {processor.py:743} INFO - Processing file /home/ris/PycharmProjects/pythonProject/USA-housing/venv/lib/python3.10/site-packages/airflow/example_dags/tutorial.py for tasks to queue
[2023-03-07T18:38:23.865+0530] {logging_mixin.py:137} INFO - [2023-03-07T18:38:23.865+0530] {dagbag.py:538} INFO - Filling up the DagBag from /home/ris/PycharmProjects/pythonProject/USA-housing/venv/lib/python3.10/site-packages/airflow/example_dags/tutorial.py
[2023-03-07T18:38:23.875+0530] {processor.py:753} INFO - DAG(s) dict_keys(['tutorial']) retrieved from /home/ris/PycharmProjects/pythonProject/USA-housing/venv/lib/python3.10/site-packages/airflow/example_dags/tutorial.py
[2023-03-07T18:38:23.901+0530] {logging_mixin.py:137} INFO - [2023-03-07T18:38:23.901+0530] {dag.py:2690} INFO - Sync 1 DAGs
[2023-03-07T18:38:23.916+0530] {logging_mixin.py:137} INFO - [2023-03-07T18:38:23.916+0530] {dag.py:3437} INFO - Setting next_dagrun for tutorial to 2023-03-06T13:08:23.916299+00:00, run_after=2023-03-07T13:08:23.916299+00:00
[2023-03-07T18:38:23.935+0530] {processor.py:175} INFO - Processing /home/ris/PycharmProjects/pythonProject/USA-housing/venv/lib/python3.10/site-packages/airflow/example_dags/tutorial.py took 0.074 seconds
[2023-03-07T18:39:03.337+0530] {processor.py:153} INFO - Started process (PID=9651) to work on /home/ris/PycharmProjects/pythonProject/USA-housing/venv/lib/python3.10/site-packages/airflow/example_dags/tutorial.py
[2023-03-07T18:39:03.339+0530] {processor.py:743} INFO - Processing file /home/ris/PycharmProjects/pythonProject/USA-housing/venv/lib/python3.10/site-packages/airflow/example_dags/tutorial.py for tasks to queue
[2023-03-07T18:39:03.340+0530] {logging_mixin.py:137} INFO - [2023-03-07T18:39:03.340+0530] {dagbag.py:538} INFO - Filling up the DagBag from /home/ris/PycharmProjects/pythonProject/USA-housing/venv/lib/python3.10/site-packages/airflow/example_dags/tutorial.py
[2023-03-07T18:39:03.353+0530] {processor.py:753} INFO - DAG(s) dict_keys(['tutorial']) retrieved from /home/ris/PycharmProjects/pythonProject/USA-housing/venv/lib/python3.10/site-packages/airflow/example_dags/tutorial.py
[2023-03-07T18:39:03.382+0530] {logging_mixin.py:137} INFO - [2023-03-07T18:39:03.382+0530] {dag.py:2690} INFO - Sync 1 DAGs
[2023-03-07T18:39:03.395+0530] {logging_mixin.py:137} INFO - [2023-03-07T18:39:03.395+0530] {dag.py:3437} INFO - Setting next_dagrun for tutorial to 2023-03-06T13:09:03.395573+00:00, run_after=2023-03-07T13:09:03.395573+00:00
[2023-03-07T18:39:03.413+0530] {processor.py:175} INFO - Processing /home/ris/PycharmProjects/pythonProject/USA-housing/venv/lib/python3.10/site-packages/airflow/example_dags/tutorial.py took 0.081 seconds
[2023-03-07T18:39:44.575+0530] {processor.py:153} INFO - Started process (PID=9700) to work on /home/ris/PycharmProjects/pythonProject/USA-housing/venv/lib/python3.10/site-packages/airflow/example_dags/tutorial.py
[2023-03-07T18:39:44.577+0530] {processor.py:743} INFO - Processing file /home/ris/PycharmProjects/pythonProject/USA-housing/venv/lib/python3.10/site-packages/airflow/example_dags/tutorial.py for tasks to queue
[2023-03-07T18:39:44.579+0530] {logging_mixin.py:137} INFO - [2023-03-07T18:39:44.578+0530] {dagbag.py:538} INFO - Filling up the DagBag from /home/ris/PycharmProjects/pythonProject/USA-housing/venv/lib/python3.10/site-packages/airflow/example_dags/tutorial.py
[2023-03-07T18:39:44.592+0530] {processor.py:753} INFO - DAG(s) dict_keys(['tutorial']) retrieved from /home/ris/PycharmProjects/pythonProject/USA-housing/venv/lib/python3.10/site-packages/airflow/example_dags/tutorial.py
[2023-03-07T18:39:44.619+0530] {logging_mixin.py:137} INFO - [2023-03-07T18:39:44.619+0530] {dag.py:2690} INFO - Sync 1 DAGs
[2023-03-07T18:39:44.633+0530] {logging_mixin.py:137} INFO - [2023-03-07T18:39:44.633+0530] {dag.py:3437} INFO - Setting next_dagrun for tutorial to 2023-03-06T13:09:44.633065+00:00, run_after=2023-03-07T13:09:44.633065+00:00
[2023-03-07T18:39:44.649+0530] {processor.py:175} INFO - Processing /home/ris/PycharmProjects/pythonProject/USA-housing/venv/lib/python3.10/site-packages/airflow/example_dags/tutorial.py took 0.079 seconds
[2023-03-07T18:40:27.863+0530] {processor.py:153} INFO - Started process (PID=9745) to work on /home/ris/PycharmProjects/pythonProject/USA-housing/venv/lib/python3.10/site-packages/airflow/example_dags/tutorial.py
[2023-03-07T18:40:27.865+0530] {processor.py:743} INFO - Processing file /home/ris/PycharmProjects/pythonProject/USA-housing/venv/lib/python3.10/site-packages/airflow/example_dags/tutorial.py for tasks to queue
[2023-03-07T18:40:27.866+0530] {logging_mixin.py:137} INFO - [2023-03-07T18:40:27.866+0530] {dagbag.py:538} INFO - Filling up the DagBag from /home/ris/PycharmProjects/pythonProject/USA-housing/venv/lib/python3.10/site-packages/airflow/example_dags/tutorial.py
[2023-03-07T18:40:27.880+0530] {processor.py:753} INFO - DAG(s) dict_keys(['tutorial']) retrieved from /home/ris/PycharmProjects/pythonProject/USA-housing/venv/lib/python3.10/site-packages/airflow/example_dags/tutorial.py
[2023-03-07T18:40:27.907+0530] {logging_mixin.py:137} INFO - [2023-03-07T18:40:27.907+0530] {dag.py:2690} INFO - Sync 1 DAGs
[2023-03-07T18:40:27.921+0530] {logging_mixin.py:137} INFO - [2023-03-07T18:40:27.921+0530] {dag.py:3437} INFO - Setting next_dagrun for tutorial to 2023-03-06T13:10:27.920818+00:00, run_after=2023-03-07T13:10:27.920818+00:00
[2023-03-07T18:40:27.937+0530] {processor.py:175} INFO - Processing /home/ris/PycharmProjects/pythonProject/USA-housing/venv/lib/python3.10/site-packages/airflow/example_dags/tutorial.py took 0.079 seconds
