[2023-03-07T16:10:30.295+0530] {processor.py:153} INFO - Started process (PID=14958) to work on /home/ris/PycharmProjects/pythonProject/USA-housing/venv/lib/python3.10/site-packages/airflow/example_dags/tutorial_dag.py
[2023-03-07T16:10:30.296+0530] {processor.py:743} INFO - Processing file /home/ris/PycharmProjects/pythonProject/USA-housing/venv/lib/python3.10/site-packages/airflow/example_dags/tutorial_dag.py for tasks to queue
[2023-03-07T16:10:30.297+0530] {logging_mixin.py:137} INFO - [2023-03-07T16:10:30.297+0530] {dagbag.py:538} INFO - Filling up the DagBag from /home/ris/PycharmProjects/pythonProject/USA-housing/venv/lib/python3.10/site-packages/airflow/example_dags/tutorial_dag.py
[2023-03-07T16:10:30.320+0530] {processor.py:753} INFO - DAG(s) dict_keys(['tutorial_dag']) retrieved from /home/ris/PycharmProjects/pythonProject/USA-housing/venv/lib/python3.10/site-packages/airflow/example_dags/tutorial_dag.py
[2023-03-07T16:10:30.353+0530] {logging_mixin.py:137} INFO - [2023-03-07T16:10:30.353+0530] {dag.py:2690} INFO - Sync 1 DAGs
[2023-03-07T16:10:30.390+0530] {logging_mixin.py:137} INFO - [2023-03-07T16:10:30.389+0530] {dag.py:3437} INFO - Setting next_dagrun for tutorial_dag to None, run_after=None
[2023-03-07T16:10:30.429+0530] {processor.py:175} INFO - Processing /home/ris/PycharmProjects/pythonProject/USA-housing/venv/lib/python3.10/site-packages/airflow/example_dags/tutorial_dag.py took 0.139 seconds
[2023-03-07T17:37:11.594+0530] {processor.py:153} INFO - Started process (PID=5533) to work on /home/ris/PycharmProjects/pythonProject/USA-housing/venv/lib/python3.10/site-packages/airflow/example_dags/tutorial_dag.py
[2023-03-07T17:37:11.596+0530] {processor.py:743} INFO - Processing file /home/ris/PycharmProjects/pythonProject/USA-housing/venv/lib/python3.10/site-packages/airflow/example_dags/tutorial_dag.py for tasks to queue
[2023-03-07T17:37:11.597+0530] {logging_mixin.py:137} INFO - [2023-03-07T17:37:11.597+0530] {dagbag.py:538} INFO - Filling up the DagBag from /home/ris/PycharmProjects/pythonProject/USA-housing/venv/lib/python3.10/site-packages/airflow/example_dags/tutorial_dag.py
[2023-03-07T17:37:11.609+0530] {processor.py:753} INFO - DAG(s) dict_keys(['tutorial_dag']) retrieved from /home/ris/PycharmProjects/pythonProject/USA-housing/venv/lib/python3.10/site-packages/airflow/example_dags/tutorial_dag.py
[2023-03-07T17:37:11.631+0530] {logging_mixin.py:137} INFO - [2023-03-07T17:37:11.631+0530] {dag.py:2690} INFO - Sync 1 DAGs
[2023-03-07T17:37:11.665+0530] {logging_mixin.py:137} INFO - [2023-03-07T17:37:11.665+0530] {dag.py:3437} INFO - Setting next_dagrun for tutorial_dag to None, run_after=None
[2023-03-07T17:37:11.692+0530] {processor.py:175} INFO - Processing /home/ris/PycharmProjects/pythonProject/USA-housing/venv/lib/python3.10/site-packages/airflow/example_dags/tutorial_dag.py took 0.100 seconds
[2023-03-07T17:38:29.352+0530] {processor.py:153} INFO - Started process (PID=5746) to work on /home/ris/PycharmProjects/pythonProject/USA-housing/venv/lib/python3.10/site-packages/airflow/example_dags/tutorial_dag.py
[2023-03-07T17:38:29.354+0530] {processor.py:743} INFO - Processing file /home/ris/PycharmProjects/pythonProject/USA-housing/venv/lib/python3.10/site-packages/airflow/example_dags/tutorial_dag.py for tasks to queue
[2023-03-07T17:38:29.355+0530] {logging_mixin.py:137} INFO - [2023-03-07T17:38:29.355+0530] {dagbag.py:538} INFO - Filling up the DagBag from /home/ris/PycharmProjects/pythonProject/USA-housing/venv/lib/python3.10/site-packages/airflow/example_dags/tutorial_dag.py
[2023-03-07T17:38:29.374+0530] {processor.py:753} INFO - DAG(s) dict_keys(['tutorial_dag']) retrieved from /home/ris/PycharmProjects/pythonProject/USA-housing/venv/lib/python3.10/site-packages/airflow/example_dags/tutorial_dag.py
[2023-03-07T17:38:29.400+0530] {logging_mixin.py:137} INFO - [2023-03-07T17:38:29.400+0530] {dag.py:2690} INFO - Sync 1 DAGs
[2023-03-07T17:38:29.422+0530] {logging_mixin.py:137} INFO - [2023-03-07T17:38:29.422+0530] {dag.py:3437} INFO - Setting next_dagrun for tutorial_dag to None, run_after=None
[2023-03-07T17:38:29.444+0530] {processor.py:175} INFO - Processing /home/ris/PycharmProjects/pythonProject/USA-housing/venv/lib/python3.10/site-packages/airflow/example_dags/tutorial_dag.py took 0.095 seconds
[2023-03-07T17:39:20.269+0530] {processor.py:153} INFO - Started process (PID=5804) to work on /home/ris/PycharmProjects/pythonProject/USA-housing/venv/lib/python3.10/site-packages/airflow/example_dags/tutorial_dag.py
[2023-03-07T17:39:20.270+0530] {processor.py:743} INFO - Processing file /home/ris/PycharmProjects/pythonProject/USA-housing/venv/lib/python3.10/site-packages/airflow/example_dags/tutorial_dag.py for tasks to queue
[2023-03-07T17:39:20.271+0530] {logging_mixin.py:137} INFO - [2023-03-07T17:39:20.271+0530] {dagbag.py:538} INFO - Filling up the DagBag from /home/ris/PycharmProjects/pythonProject/USA-housing/venv/lib/python3.10/site-packages/airflow/example_dags/tutorial_dag.py
[2023-03-07T17:39:20.295+0530] {processor.py:753} INFO - DAG(s) dict_keys(['tutorial_dag']) retrieved from /home/ris/PycharmProjects/pythonProject/USA-housing/venv/lib/python3.10/site-packages/airflow/example_dags/tutorial_dag.py
[2023-03-07T17:39:20.325+0530] {logging_mixin.py:137} INFO - [2023-03-07T17:39:20.325+0530] {dag.py:2690} INFO - Sync 1 DAGs
[2023-03-07T17:39:20.357+0530] {logging_mixin.py:137} INFO - [2023-03-07T17:39:20.357+0530] {dag.py:3437} INFO - Setting next_dagrun for tutorial_dag to None, run_after=None
[2023-03-07T17:39:20.389+0530] {processor.py:175} INFO - Processing /home/ris/PycharmProjects/pythonProject/USA-housing/venv/lib/python3.10/site-packages/airflow/example_dags/tutorial_dag.py took 0.124 seconds
[2023-03-07T17:59:09.185+0530] {processor.py:153} INFO - Started process (PID=5909) to work on /home/ris/PycharmProjects/pythonProject/USA-housing/venv/lib/python3.10/site-packages/airflow/example_dags/tutorial_dag.py
[2023-03-07T17:59:09.187+0530] {processor.py:743} INFO - Processing file /home/ris/PycharmProjects/pythonProject/USA-housing/venv/lib/python3.10/site-packages/airflow/example_dags/tutorial_dag.py for tasks to queue
[2023-03-07T17:59:09.188+0530] {logging_mixin.py:137} INFO - [2023-03-07T17:59:09.188+0530] {dagbag.py:538} INFO - Filling up the DagBag from /home/ris/PycharmProjects/pythonProject/USA-housing/venv/lib/python3.10/site-packages/airflow/example_dags/tutorial_dag.py
[2023-03-07T17:59:09.194+0530] {processor.py:753} INFO - DAG(s) dict_keys(['tutorial_dag']) retrieved from /home/ris/PycharmProjects/pythonProject/USA-housing/venv/lib/python3.10/site-packages/airflow/example_dags/tutorial_dag.py
[2023-03-07T17:59:09.214+0530] {logging_mixin.py:137} INFO - [2023-03-07T17:59:09.213+0530] {dag.py:2690} INFO - Sync 1 DAGs
[2023-03-07T17:59:09.233+0530] {logging_mixin.py:137} INFO - [2023-03-07T17:59:09.233+0530] {dag.py:3437} INFO - Setting next_dagrun for tutorial_dag to None, run_after=None
[2023-03-07T17:59:09.253+0530] {processor.py:175} INFO - Processing /home/ris/PycharmProjects/pythonProject/USA-housing/venv/lib/python3.10/site-packages/airflow/example_dags/tutorial_dag.py took 0.072 seconds
[2023-03-07T17:59:54.999+0530] {processor.py:153} INFO - Started process (PID=5954) to work on /home/ris/PycharmProjects/pythonProject/USA-housing/venv/lib/python3.10/site-packages/airflow/example_dags/tutorial_dag.py
[2023-03-07T17:59:55.001+0530] {processor.py:743} INFO - Processing file /home/ris/PycharmProjects/pythonProject/USA-housing/venv/lib/python3.10/site-packages/airflow/example_dags/tutorial_dag.py for tasks to queue
[2023-03-07T17:59:55.001+0530] {logging_mixin.py:137} INFO - [2023-03-07T17:59:55.001+0530] {dagbag.py:538} INFO - Filling up the DagBag from /home/ris/PycharmProjects/pythonProject/USA-housing/venv/lib/python3.10/site-packages/airflow/example_dags/tutorial_dag.py
[2023-03-07T17:59:55.007+0530] {processor.py:753} INFO - DAG(s) dict_keys(['tutorial_dag']) retrieved from /home/ris/PycharmProjects/pythonProject/USA-housing/venv/lib/python3.10/site-packages/airflow/example_dags/tutorial_dag.py
[2023-03-07T17:59:55.023+0530] {logging_mixin.py:137} INFO - [2023-03-07T17:59:55.022+0530] {dag.py:2690} INFO - Sync 1 DAGs
[2023-03-07T17:59:55.037+0530] {logging_mixin.py:137} INFO - [2023-03-07T17:59:55.037+0530] {dag.py:3437} INFO - Setting next_dagrun for tutorial_dag to None, run_after=None
[2023-03-07T17:59:55.055+0530] {processor.py:175} INFO - Processing /home/ris/PycharmProjects/pythonProject/USA-housing/venv/lib/python3.10/site-packages/airflow/example_dags/tutorial_dag.py took 0.060 seconds
[2023-03-07T18:00:38.001+0530] {processor.py:153} INFO - Started process (PID=6000) to work on /home/ris/PycharmProjects/pythonProject/USA-housing/venv/lib/python3.10/site-packages/airflow/example_dags/tutorial_dag.py
[2023-03-07T18:00:38.003+0530] {processor.py:743} INFO - Processing file /home/ris/PycharmProjects/pythonProject/USA-housing/venv/lib/python3.10/site-packages/airflow/example_dags/tutorial_dag.py for tasks to queue
[2023-03-07T18:00:38.003+0530] {logging_mixin.py:137} INFO - [2023-03-07T18:00:38.003+0530] {dagbag.py:538} INFO - Filling up the DagBag from /home/ris/PycharmProjects/pythonProject/USA-housing/venv/lib/python3.10/site-packages/airflow/example_dags/tutorial_dag.py
[2023-03-07T18:00:38.011+0530] {processor.py:753} INFO - DAG(s) dict_keys(['tutorial_dag']) retrieved from /home/ris/PycharmProjects/pythonProject/USA-housing/venv/lib/python3.10/site-packages/airflow/example_dags/tutorial_dag.py
[2023-03-07T18:00:38.028+0530] {logging_mixin.py:137} INFO - [2023-03-07T18:00:38.028+0530] {dag.py:2690} INFO - Sync 1 DAGs
[2023-03-07T18:00:38.048+0530] {logging_mixin.py:137} INFO - [2023-03-07T18:00:38.048+0530] {dag.py:3437} INFO - Setting next_dagrun for tutorial_dag to None, run_after=None
[2023-03-07T18:00:38.068+0530] {processor.py:175} INFO - Processing /home/ris/PycharmProjects/pythonProject/USA-housing/venv/lib/python3.10/site-packages/airflow/example_dags/tutorial_dag.py took 0.070 seconds
[2023-03-07T18:01:16.141+0530] {processor.py:153} INFO - Started process (PID=6043) to work on /home/ris/PycharmProjects/pythonProject/USA-housing/venv/lib/python3.10/site-packages/airflow/example_dags/tutorial_dag.py
[2023-03-07T18:01:16.142+0530] {processor.py:743} INFO - Processing file /home/ris/PycharmProjects/pythonProject/USA-housing/venv/lib/python3.10/site-packages/airflow/example_dags/tutorial_dag.py for tasks to queue
[2023-03-07T18:01:16.143+0530] {logging_mixin.py:137} INFO - [2023-03-07T18:01:16.143+0530] {dagbag.py:538} INFO - Filling up the DagBag from /home/ris/PycharmProjects/pythonProject/USA-housing/venv/lib/python3.10/site-packages/airflow/example_dags/tutorial_dag.py
[2023-03-07T18:01:16.150+0530] {processor.py:753} INFO - DAG(s) dict_keys(['tutorial_dag']) retrieved from /home/ris/PycharmProjects/pythonProject/USA-housing/venv/lib/python3.10/site-packages/airflow/example_dags/tutorial_dag.py
[2023-03-07T18:01:16.167+0530] {logging_mixin.py:137} INFO - [2023-03-07T18:01:16.166+0530] {dag.py:2690} INFO - Sync 1 DAGs
[2023-03-07T18:01:16.183+0530] {logging_mixin.py:137} INFO - [2023-03-07T18:01:16.183+0530] {dag.py:3437} INFO - Setting next_dagrun for tutorial_dag to None, run_after=None
[2023-03-07T18:01:16.202+0530] {processor.py:175} INFO - Processing /home/ris/PycharmProjects/pythonProject/USA-housing/venv/lib/python3.10/site-packages/airflow/example_dags/tutorial_dag.py took 0.064 seconds
[2023-03-07T18:01:53.976+0530] {processor.py:153} INFO - Started process (PID=6083) to work on /home/ris/PycharmProjects/pythonProject/USA-housing/venv/lib/python3.10/site-packages/airflow/example_dags/tutorial_dag.py
[2023-03-07T18:01:53.979+0530] {processor.py:743} INFO - Processing file /home/ris/PycharmProjects/pythonProject/USA-housing/venv/lib/python3.10/site-packages/airflow/example_dags/tutorial_dag.py for tasks to queue
[2023-03-07T18:01:53.980+0530] {logging_mixin.py:137} INFO - [2023-03-07T18:01:53.980+0530] {dagbag.py:538} INFO - Filling up the DagBag from /home/ris/PycharmProjects/pythonProject/USA-housing/venv/lib/python3.10/site-packages/airflow/example_dags/tutorial_dag.py
[2023-03-07T18:01:53.986+0530] {processor.py:753} INFO - DAG(s) dict_keys(['tutorial_dag']) retrieved from /home/ris/PycharmProjects/pythonProject/USA-housing/venv/lib/python3.10/site-packages/airflow/example_dags/tutorial_dag.py
[2023-03-07T18:01:54.007+0530] {logging_mixin.py:137} INFO - [2023-03-07T18:01:54.007+0530] {dag.py:2690} INFO - Sync 1 DAGs
[2023-03-07T18:01:54.023+0530] {logging_mixin.py:137} INFO - [2023-03-07T18:01:54.023+0530] {dag.py:3437} INFO - Setting next_dagrun for tutorial_dag to None, run_after=None
[2023-03-07T18:01:54.042+0530] {processor.py:175} INFO - Processing /home/ris/PycharmProjects/pythonProject/USA-housing/venv/lib/python3.10/site-packages/airflow/example_dags/tutorial_dag.py took 0.069 seconds
[2023-03-07T18:02:36.719+0530] {processor.py:153} INFO - Started process (PID=6128) to work on /home/ris/PycharmProjects/pythonProject/USA-housing/venv/lib/python3.10/site-packages/airflow/example_dags/tutorial_dag.py
[2023-03-07T18:02:36.721+0530] {processor.py:743} INFO - Processing file /home/ris/PycharmProjects/pythonProject/USA-housing/venv/lib/python3.10/site-packages/airflow/example_dags/tutorial_dag.py for tasks to queue
[2023-03-07T18:02:36.722+0530] {logging_mixin.py:137} INFO - [2023-03-07T18:02:36.721+0530] {dagbag.py:538} INFO - Filling up the DagBag from /home/ris/PycharmProjects/pythonProject/USA-housing/venv/lib/python3.10/site-packages/airflow/example_dags/tutorial_dag.py
[2023-03-07T18:02:36.727+0530] {processor.py:753} INFO - DAG(s) dict_keys(['tutorial_dag']) retrieved from /home/ris/PycharmProjects/pythonProject/USA-housing/venv/lib/python3.10/site-packages/airflow/example_dags/tutorial_dag.py
[2023-03-07T18:02:36.745+0530] {logging_mixin.py:137} INFO - [2023-03-07T18:02:36.745+0530] {dag.py:2690} INFO - Sync 1 DAGs
[2023-03-07T18:02:36.760+0530] {logging_mixin.py:137} INFO - [2023-03-07T18:02:36.760+0530] {dag.py:3437} INFO - Setting next_dagrun for tutorial_dag to None, run_after=None
[2023-03-07T18:02:36.779+0530] {processor.py:175} INFO - Processing /home/ris/PycharmProjects/pythonProject/USA-housing/venv/lib/python3.10/site-packages/airflow/example_dags/tutorial_dag.py took 0.062 seconds
[2023-03-07T18:03:12.075+0530] {processor.py:153} INFO - Started process (PID=6169) to work on /home/ris/PycharmProjects/pythonProject/USA-housing/venv/lib/python3.10/site-packages/airflow/example_dags/tutorial_dag.py
[2023-03-07T18:03:12.077+0530] {processor.py:743} INFO - Processing file /home/ris/PycharmProjects/pythonProject/USA-housing/venv/lib/python3.10/site-packages/airflow/example_dags/tutorial_dag.py for tasks to queue
[2023-03-07T18:03:12.078+0530] {logging_mixin.py:137} INFO - [2023-03-07T18:03:12.077+0530] {dagbag.py:538} INFO - Filling up the DagBag from /home/ris/PycharmProjects/pythonProject/USA-housing/venv/lib/python3.10/site-packages/airflow/example_dags/tutorial_dag.py
[2023-03-07T18:03:12.085+0530] {processor.py:753} INFO - DAG(s) dict_keys(['tutorial_dag']) retrieved from /home/ris/PycharmProjects/pythonProject/USA-housing/venv/lib/python3.10/site-packages/airflow/example_dags/tutorial_dag.py
[2023-03-07T18:03:12.105+0530] {logging_mixin.py:137} INFO - [2023-03-07T18:03:12.105+0530] {dag.py:2690} INFO - Sync 1 DAGs
[2023-03-07T18:03:12.122+0530] {logging_mixin.py:137} INFO - [2023-03-07T18:03:12.121+0530] {dag.py:3437} INFO - Setting next_dagrun for tutorial_dag to None, run_after=None
[2023-03-07T18:03:12.143+0530] {processor.py:175} INFO - Processing /home/ris/PycharmProjects/pythonProject/USA-housing/venv/lib/python3.10/site-packages/airflow/example_dags/tutorial_dag.py took 0.071 seconds
[2023-03-07T18:03:49.723+0530] {processor.py:153} INFO - Started process (PID=6212) to work on /home/ris/PycharmProjects/pythonProject/USA-housing/venv/lib/python3.10/site-packages/airflow/example_dags/tutorial_dag.py
[2023-03-07T18:03:49.725+0530] {processor.py:743} INFO - Processing file /home/ris/PycharmProjects/pythonProject/USA-housing/venv/lib/python3.10/site-packages/airflow/example_dags/tutorial_dag.py for tasks to queue
[2023-03-07T18:03:49.727+0530] {logging_mixin.py:137} INFO - [2023-03-07T18:03:49.726+0530] {dagbag.py:538} INFO - Filling up the DagBag from /home/ris/PycharmProjects/pythonProject/USA-housing/venv/lib/python3.10/site-packages/airflow/example_dags/tutorial_dag.py
[2023-03-07T18:03:49.735+0530] {processor.py:753} INFO - DAG(s) dict_keys(['tutorial_dag']) retrieved from /home/ris/PycharmProjects/pythonProject/USA-housing/venv/lib/python3.10/site-packages/airflow/example_dags/tutorial_dag.py
[2023-03-07T18:03:49.753+0530] {logging_mixin.py:137} INFO - [2023-03-07T18:03:49.753+0530] {dag.py:2690} INFO - Sync 1 DAGs
[2023-03-07T18:03:49.769+0530] {logging_mixin.py:137} INFO - [2023-03-07T18:03:49.768+0530] {dag.py:3437} INFO - Setting next_dagrun for tutorial_dag to None, run_after=None
[2023-03-07T18:03:49.787+0530] {processor.py:175} INFO - Processing /home/ris/PycharmProjects/pythonProject/USA-housing/venv/lib/python3.10/site-packages/airflow/example_dags/tutorial_dag.py took 0.068 seconds
[2023-03-07T18:04:25.441+0530] {processor.py:153} INFO - Started process (PID=6259) to work on /home/ris/PycharmProjects/pythonProject/USA-housing/venv/lib/python3.10/site-packages/airflow/example_dags/tutorial_dag.py
[2023-03-07T18:04:25.442+0530] {processor.py:743} INFO - Processing file /home/ris/PycharmProjects/pythonProject/USA-housing/venv/lib/python3.10/site-packages/airflow/example_dags/tutorial_dag.py for tasks to queue
[2023-03-07T18:04:25.443+0530] {logging_mixin.py:137} INFO - [2023-03-07T18:04:25.443+0530] {dagbag.py:538} INFO - Filling up the DagBag from /home/ris/PycharmProjects/pythonProject/USA-housing/venv/lib/python3.10/site-packages/airflow/example_dags/tutorial_dag.py
[2023-03-07T18:04:25.449+0530] {processor.py:753} INFO - DAG(s) dict_keys(['tutorial_dag']) retrieved from /home/ris/PycharmProjects/pythonProject/USA-housing/venv/lib/python3.10/site-packages/airflow/example_dags/tutorial_dag.py
[2023-03-07T18:04:25.465+0530] {logging_mixin.py:137} INFO - [2023-03-07T18:04:25.464+0530] {dag.py:2690} INFO - Sync 1 DAGs
[2023-03-07T18:04:25.480+0530] {logging_mixin.py:137} INFO - [2023-03-07T18:04:25.479+0530] {dag.py:3437} INFO - Setting next_dagrun for tutorial_dag to None, run_after=None
[2023-03-07T18:04:25.508+0530] {processor.py:175} INFO - Processing /home/ris/PycharmProjects/pythonProject/USA-housing/venv/lib/python3.10/site-packages/airflow/example_dags/tutorial_dag.py took 0.070 seconds
[2023-03-07T18:05:01.028+0530] {processor.py:153} INFO - Started process (PID=6297) to work on /home/ris/PycharmProjects/pythonProject/USA-housing/venv/lib/python3.10/site-packages/airflow/example_dags/tutorial_dag.py
[2023-03-07T18:05:01.029+0530] {processor.py:743} INFO - Processing file /home/ris/PycharmProjects/pythonProject/USA-housing/venv/lib/python3.10/site-packages/airflow/example_dags/tutorial_dag.py for tasks to queue
[2023-03-07T18:05:01.030+0530] {logging_mixin.py:137} INFO - [2023-03-07T18:05:01.030+0530] {dagbag.py:538} INFO - Filling up the DagBag from /home/ris/PycharmProjects/pythonProject/USA-housing/venv/lib/python3.10/site-packages/airflow/example_dags/tutorial_dag.py
[2023-03-07T18:05:01.035+0530] {processor.py:753} INFO - DAG(s) dict_keys(['tutorial_dag']) retrieved from /home/ris/PycharmProjects/pythonProject/USA-housing/venv/lib/python3.10/site-packages/airflow/example_dags/tutorial_dag.py
[2023-03-07T18:05:01.053+0530] {logging_mixin.py:137} INFO - [2023-03-07T18:05:01.052+0530] {dag.py:2690} INFO - Sync 1 DAGs
[2023-03-07T18:05:01.071+0530] {logging_mixin.py:137} INFO - [2023-03-07T18:05:01.071+0530] {dag.py:3437} INFO - Setting next_dagrun for tutorial_dag to None, run_after=None
[2023-03-07T18:05:01.096+0530] {processor.py:175} INFO - Processing /home/ris/PycharmProjects/pythonProject/USA-housing/venv/lib/python3.10/site-packages/airflow/example_dags/tutorial_dag.py took 0.071 seconds
[2023-03-07T18:05:37.608+0530] {processor.py:153} INFO - Started process (PID=6336) to work on /home/ris/PycharmProjects/pythonProject/USA-housing/venv/lib/python3.10/site-packages/airflow/example_dags/tutorial_dag.py
[2023-03-07T18:05:37.610+0530] {processor.py:743} INFO - Processing file /home/ris/PycharmProjects/pythonProject/USA-housing/venv/lib/python3.10/site-packages/airflow/example_dags/tutorial_dag.py for tasks to queue
[2023-03-07T18:05:37.611+0530] {logging_mixin.py:137} INFO - [2023-03-07T18:05:37.611+0530] {dagbag.py:538} INFO - Filling up the DagBag from /home/ris/PycharmProjects/pythonProject/USA-housing/venv/lib/python3.10/site-packages/airflow/example_dags/tutorial_dag.py
[2023-03-07T18:05:37.617+0530] {processor.py:753} INFO - DAG(s) dict_keys(['tutorial_dag']) retrieved from /home/ris/PycharmProjects/pythonProject/USA-housing/venv/lib/python3.10/site-packages/airflow/example_dags/tutorial_dag.py
[2023-03-07T18:05:37.634+0530] {logging_mixin.py:137} INFO - [2023-03-07T18:05:37.634+0530] {dag.py:2690} INFO - Sync 1 DAGs
[2023-03-07T18:05:37.650+0530] {logging_mixin.py:137} INFO - [2023-03-07T18:05:37.650+0530] {dag.py:3437} INFO - Setting next_dagrun for tutorial_dag to None, run_after=None
[2023-03-07T18:05:37.670+0530] {processor.py:175} INFO - Processing /home/ris/PycharmProjects/pythonProject/USA-housing/venv/lib/python3.10/site-packages/airflow/example_dags/tutorial_dag.py took 0.065 seconds
[2023-03-07T18:06:15.823+0530] {processor.py:153} INFO - Started process (PID=6378) to work on /home/ris/PycharmProjects/pythonProject/USA-housing/venv/lib/python3.10/site-packages/airflow/example_dags/tutorial_dag.py
[2023-03-07T18:06:15.824+0530] {processor.py:743} INFO - Processing file /home/ris/PycharmProjects/pythonProject/USA-housing/venv/lib/python3.10/site-packages/airflow/example_dags/tutorial_dag.py for tasks to queue
[2023-03-07T18:06:15.824+0530] {logging_mixin.py:137} INFO - [2023-03-07T18:06:15.824+0530] {dagbag.py:538} INFO - Filling up the DagBag from /home/ris/PycharmProjects/pythonProject/USA-housing/venv/lib/python3.10/site-packages/airflow/example_dags/tutorial_dag.py
[2023-03-07T18:06:15.830+0530] {processor.py:753} INFO - DAG(s) dict_keys(['tutorial_dag']) retrieved from /home/ris/PycharmProjects/pythonProject/USA-housing/venv/lib/python3.10/site-packages/airflow/example_dags/tutorial_dag.py
[2023-03-07T18:06:15.854+0530] {logging_mixin.py:137} INFO - [2023-03-07T18:06:15.854+0530] {dag.py:2690} INFO - Sync 1 DAGs
[2023-03-07T18:06:15.871+0530] {logging_mixin.py:137} INFO - [2023-03-07T18:06:15.871+0530] {dag.py:3437} INFO - Setting next_dagrun for tutorial_dag to None, run_after=None
[2023-03-07T18:06:15.891+0530] {processor.py:175} INFO - Processing /home/ris/PycharmProjects/pythonProject/USA-housing/venv/lib/python3.10/site-packages/airflow/example_dags/tutorial_dag.py took 0.070 seconds
[2023-03-07T18:06:51.429+0530] {processor.py:153} INFO - Started process (PID=6420) to work on /home/ris/PycharmProjects/pythonProject/USA-housing/venv/lib/python3.10/site-packages/airflow/example_dags/tutorial_dag.py
[2023-03-07T18:06:51.430+0530] {processor.py:743} INFO - Processing file /home/ris/PycharmProjects/pythonProject/USA-housing/venv/lib/python3.10/site-packages/airflow/example_dags/tutorial_dag.py for tasks to queue
[2023-03-07T18:06:51.430+0530] {logging_mixin.py:137} INFO - [2023-03-07T18:06:51.430+0530] {dagbag.py:538} INFO - Filling up the DagBag from /home/ris/PycharmProjects/pythonProject/USA-housing/venv/lib/python3.10/site-packages/airflow/example_dags/tutorial_dag.py
[2023-03-07T18:06:51.436+0530] {processor.py:753} INFO - DAG(s) dict_keys(['tutorial_dag']) retrieved from /home/ris/PycharmProjects/pythonProject/USA-housing/venv/lib/python3.10/site-packages/airflow/example_dags/tutorial_dag.py
[2023-03-07T18:06:51.456+0530] {logging_mixin.py:137} INFO - [2023-03-07T18:06:51.456+0530] {dag.py:2690} INFO - Sync 1 DAGs
[2023-03-07T18:06:51.474+0530] {logging_mixin.py:137} INFO - [2023-03-07T18:06:51.474+0530] {dag.py:3437} INFO - Setting next_dagrun for tutorial_dag to None, run_after=None
[2023-03-07T18:06:51.493+0530] {processor.py:175} INFO - Processing /home/ris/PycharmProjects/pythonProject/USA-housing/venv/lib/python3.10/site-packages/airflow/example_dags/tutorial_dag.py took 0.067 seconds
[2023-03-07T18:07:26.781+0530] {processor.py:153} INFO - Started process (PID=6457) to work on /home/ris/PycharmProjects/pythonProject/USA-housing/venv/lib/python3.10/site-packages/airflow/example_dags/tutorial_dag.py
[2023-03-07T18:07:26.783+0530] {processor.py:743} INFO - Processing file /home/ris/PycharmProjects/pythonProject/USA-housing/venv/lib/python3.10/site-packages/airflow/example_dags/tutorial_dag.py for tasks to queue
[2023-03-07T18:07:26.784+0530] {logging_mixin.py:137} INFO - [2023-03-07T18:07:26.784+0530] {dagbag.py:538} INFO - Filling up the DagBag from /home/ris/PycharmProjects/pythonProject/USA-housing/venv/lib/python3.10/site-packages/airflow/example_dags/tutorial_dag.py
[2023-03-07T18:07:26.790+0530] {processor.py:753} INFO - DAG(s) dict_keys(['tutorial_dag']) retrieved from /home/ris/PycharmProjects/pythonProject/USA-housing/venv/lib/python3.10/site-packages/airflow/example_dags/tutorial_dag.py
[2023-03-07T18:07:26.807+0530] {logging_mixin.py:137} INFO - [2023-03-07T18:07:26.807+0530] {dag.py:2690} INFO - Sync 1 DAGs
[2023-03-07T18:07:26.824+0530] {logging_mixin.py:137} INFO - [2023-03-07T18:07:26.824+0530] {dag.py:3437} INFO - Setting next_dagrun for tutorial_dag to None, run_after=None
[2023-03-07T18:07:26.844+0530] {processor.py:175} INFO - Processing /home/ris/PycharmProjects/pythonProject/USA-housing/venv/lib/python3.10/site-packages/airflow/example_dags/tutorial_dag.py took 0.065 seconds
[2023-03-07T18:08:06.797+0530] {processor.py:153} INFO - Started process (PID=6500) to work on /home/ris/PycharmProjects/pythonProject/USA-housing/venv/lib/python3.10/site-packages/airflow/example_dags/tutorial_dag.py
[2023-03-07T18:08:06.798+0530] {processor.py:743} INFO - Processing file /home/ris/PycharmProjects/pythonProject/USA-housing/venv/lib/python3.10/site-packages/airflow/example_dags/tutorial_dag.py for tasks to queue
[2023-03-07T18:08:06.799+0530] {logging_mixin.py:137} INFO - [2023-03-07T18:08:06.799+0530] {dagbag.py:538} INFO - Filling up the DagBag from /home/ris/PycharmProjects/pythonProject/USA-housing/venv/lib/python3.10/site-packages/airflow/example_dags/tutorial_dag.py
[2023-03-07T18:08:06.806+0530] {processor.py:753} INFO - DAG(s) dict_keys(['tutorial_dag']) retrieved from /home/ris/PycharmProjects/pythonProject/USA-housing/venv/lib/python3.10/site-packages/airflow/example_dags/tutorial_dag.py
[2023-03-07T18:08:06.823+0530] {logging_mixin.py:137} INFO - [2023-03-07T18:08:06.822+0530] {dag.py:2690} INFO - Sync 1 DAGs
[2023-03-07T18:08:06.838+0530] {logging_mixin.py:137} INFO - [2023-03-07T18:08:06.838+0530] {dag.py:3437} INFO - Setting next_dagrun for tutorial_dag to None, run_after=None
[2023-03-07T18:08:06.859+0530] {processor.py:175} INFO - Processing /home/ris/PycharmProjects/pythonProject/USA-housing/venv/lib/python3.10/site-packages/airflow/example_dags/tutorial_dag.py took 0.065 seconds
[2023-03-07T18:08:47.250+0530] {processor.py:153} INFO - Started process (PID=6544) to work on /home/ris/PycharmProjects/pythonProject/USA-housing/venv/lib/python3.10/site-packages/airflow/example_dags/tutorial_dag.py
[2023-03-07T18:08:47.252+0530] {processor.py:743} INFO - Processing file /home/ris/PycharmProjects/pythonProject/USA-housing/venv/lib/python3.10/site-packages/airflow/example_dags/tutorial_dag.py for tasks to queue
[2023-03-07T18:08:47.253+0530] {logging_mixin.py:137} INFO - [2023-03-07T18:08:47.252+0530] {dagbag.py:538} INFO - Filling up the DagBag from /home/ris/PycharmProjects/pythonProject/USA-housing/venv/lib/python3.10/site-packages/airflow/example_dags/tutorial_dag.py
[2023-03-07T18:08:47.259+0530] {processor.py:753} INFO - DAG(s) dict_keys(['tutorial_dag']) retrieved from /home/ris/PycharmProjects/pythonProject/USA-housing/venv/lib/python3.10/site-packages/airflow/example_dags/tutorial_dag.py
[2023-03-07T18:08:47.275+0530] {logging_mixin.py:137} INFO - [2023-03-07T18:08:47.275+0530] {dag.py:2690} INFO - Sync 1 DAGs
[2023-03-07T18:08:47.289+0530] {logging_mixin.py:137} INFO - [2023-03-07T18:08:47.289+0530] {dag.py:3437} INFO - Setting next_dagrun for tutorial_dag to None, run_after=None
[2023-03-07T18:08:47.310+0530] {processor.py:175} INFO - Processing /home/ris/PycharmProjects/pythonProject/USA-housing/venv/lib/python3.10/site-packages/airflow/example_dags/tutorial_dag.py took 0.063 seconds
[2023-03-07T18:09:30.181+0530] {processor.py:153} INFO - Started process (PID=6848) to work on /home/ris/PycharmProjects/pythonProject/USA-housing/venv/lib/python3.10/site-packages/airflow/example_dags/tutorial_dag.py
[2023-03-07T18:09:30.182+0530] {processor.py:743} INFO - Processing file /home/ris/PycharmProjects/pythonProject/USA-housing/venv/lib/python3.10/site-packages/airflow/example_dags/tutorial_dag.py for tasks to queue
[2023-03-07T18:09:30.183+0530] {logging_mixin.py:137} INFO - [2023-03-07T18:09:30.183+0530] {dagbag.py:538} INFO - Filling up the DagBag from /home/ris/PycharmProjects/pythonProject/USA-housing/venv/lib/python3.10/site-packages/airflow/example_dags/tutorial_dag.py
[2023-03-07T18:09:30.209+0530] {processor.py:753} INFO - DAG(s) dict_keys(['tutorial_dag']) retrieved from /home/ris/PycharmProjects/pythonProject/USA-housing/venv/lib/python3.10/site-packages/airflow/example_dags/tutorial_dag.py
[2023-03-07T18:09:30.255+0530] {logging_mixin.py:137} INFO - [2023-03-07T18:09:30.255+0530] {dag.py:2690} INFO - Sync 1 DAGs
[2023-03-07T18:09:30.298+0530] {logging_mixin.py:137} INFO - [2023-03-07T18:09:30.298+0530] {dag.py:3437} INFO - Setting next_dagrun for tutorial_dag to None, run_after=None
[2023-03-07T18:09:30.333+0530] {processor.py:175} INFO - Processing /home/ris/PycharmProjects/pythonProject/USA-housing/venv/lib/python3.10/site-packages/airflow/example_dags/tutorial_dag.py took 0.160 seconds
[2023-03-07T18:10:04.443+0530] {processor.py:153} INFO - Started process (PID=6894) to work on /home/ris/PycharmProjects/pythonProject/USA-housing/venv/lib/python3.10/site-packages/airflow/example_dags/tutorial_dag.py
[2023-03-07T18:10:04.443+0530] {processor.py:743} INFO - Processing file /home/ris/PycharmProjects/pythonProject/USA-housing/venv/lib/python3.10/site-packages/airflow/example_dags/tutorial_dag.py for tasks to queue
[2023-03-07T18:10:04.444+0530] {logging_mixin.py:137} INFO - [2023-03-07T18:10:04.444+0530] {dagbag.py:538} INFO - Filling up the DagBag from /home/ris/PycharmProjects/pythonProject/USA-housing/venv/lib/python3.10/site-packages/airflow/example_dags/tutorial_dag.py
[2023-03-07T18:10:04.453+0530] {processor.py:753} INFO - DAG(s) dict_keys(['tutorial_dag']) retrieved from /home/ris/PycharmProjects/pythonProject/USA-housing/venv/lib/python3.10/site-packages/airflow/example_dags/tutorial_dag.py
[2023-03-07T18:10:04.478+0530] {logging_mixin.py:137} INFO - [2023-03-07T18:10:04.477+0530] {dag.py:2690} INFO - Sync 1 DAGs
[2023-03-07T18:10:04.512+0530] {logging_mixin.py:137} INFO - [2023-03-07T18:10:04.512+0530] {dag.py:3437} INFO - Setting next_dagrun for tutorial_dag to None, run_after=None
[2023-03-07T18:10:04.545+0530] {processor.py:175} INFO - Processing /home/ris/PycharmProjects/pythonProject/USA-housing/venv/lib/python3.10/site-packages/airflow/example_dags/tutorial_dag.py took 0.107 seconds
[2023-03-07T18:10:47.390+0530] {processor.py:153} INFO - Started process (PID=6956) to work on /home/ris/PycharmProjects/pythonProject/USA-housing/venv/lib/python3.10/site-packages/airflow/example_dags/tutorial_dag.py
[2023-03-07T18:10:47.392+0530] {processor.py:743} INFO - Processing file /home/ris/PycharmProjects/pythonProject/USA-housing/venv/lib/python3.10/site-packages/airflow/example_dags/tutorial_dag.py for tasks to queue
[2023-03-07T18:10:47.392+0530] {logging_mixin.py:137} INFO - [2023-03-07T18:10:47.392+0530] {dagbag.py:538} INFO - Filling up the DagBag from /home/ris/PycharmProjects/pythonProject/USA-housing/venv/lib/python3.10/site-packages/airflow/example_dags/tutorial_dag.py
[2023-03-07T18:10:47.398+0530] {processor.py:753} INFO - DAG(s) dict_keys(['tutorial_dag']) retrieved from /home/ris/PycharmProjects/pythonProject/USA-housing/venv/lib/python3.10/site-packages/airflow/example_dags/tutorial_dag.py
[2023-03-07T18:10:47.416+0530] {logging_mixin.py:137} INFO - [2023-03-07T18:10:47.416+0530] {dag.py:2690} INFO - Sync 1 DAGs
[2023-03-07T18:10:47.432+0530] {logging_mixin.py:137} INFO - [2023-03-07T18:10:47.431+0530] {dag.py:3437} INFO - Setting next_dagrun for tutorial_dag to None, run_after=None
[2023-03-07T18:10:47.450+0530] {processor.py:175} INFO - Processing /home/ris/PycharmProjects/pythonProject/USA-housing/venv/lib/python3.10/site-packages/airflow/example_dags/tutorial_dag.py took 0.063 seconds
[2023-03-07T18:11:27.321+0530] {processor.py:153} INFO - Started process (PID=6999) to work on /home/ris/PycharmProjects/pythonProject/USA-housing/venv/lib/python3.10/site-packages/airflow/example_dags/tutorial_dag.py
[2023-03-07T18:11:27.322+0530] {processor.py:743} INFO - Processing file /home/ris/PycharmProjects/pythonProject/USA-housing/venv/lib/python3.10/site-packages/airflow/example_dags/tutorial_dag.py for tasks to queue
[2023-03-07T18:11:27.322+0530] {logging_mixin.py:137} INFO - [2023-03-07T18:11:27.322+0530] {dagbag.py:538} INFO - Filling up the DagBag from /home/ris/PycharmProjects/pythonProject/USA-housing/venv/lib/python3.10/site-packages/airflow/example_dags/tutorial_dag.py
[2023-03-07T18:11:27.328+0530] {processor.py:753} INFO - DAG(s) dict_keys(['tutorial_dag']) retrieved from /home/ris/PycharmProjects/pythonProject/USA-housing/venv/lib/python3.10/site-packages/airflow/example_dags/tutorial_dag.py
[2023-03-07T18:11:27.351+0530] {logging_mixin.py:137} INFO - [2023-03-07T18:11:27.351+0530] {dag.py:2690} INFO - Sync 1 DAGs
[2023-03-07T18:11:27.368+0530] {logging_mixin.py:137} INFO - [2023-03-07T18:11:27.367+0530] {dag.py:3437} INFO - Setting next_dagrun for tutorial_dag to None, run_after=None
[2023-03-07T18:11:27.391+0530] {processor.py:175} INFO - Processing /home/ris/PycharmProjects/pythonProject/USA-housing/venv/lib/python3.10/site-packages/airflow/example_dags/tutorial_dag.py took 0.072 seconds
[2023-03-07T18:12:12.414+0530] {processor.py:153} INFO - Started process (PID=7062) to work on /home/ris/PycharmProjects/pythonProject/USA-housing/venv/lib/python3.10/site-packages/airflow/example_dags/tutorial_dag.py
[2023-03-07T18:12:12.415+0530] {processor.py:743} INFO - Processing file /home/ris/PycharmProjects/pythonProject/USA-housing/venv/lib/python3.10/site-packages/airflow/example_dags/tutorial_dag.py for tasks to queue
[2023-03-07T18:12:12.416+0530] {logging_mixin.py:137} INFO - [2023-03-07T18:12:12.415+0530] {dagbag.py:538} INFO - Filling up the DagBag from /home/ris/PycharmProjects/pythonProject/USA-housing/venv/lib/python3.10/site-packages/airflow/example_dags/tutorial_dag.py
[2023-03-07T18:12:12.422+0530] {processor.py:753} INFO - DAG(s) dict_keys(['tutorial_dag']) retrieved from /home/ris/PycharmProjects/pythonProject/USA-housing/venv/lib/python3.10/site-packages/airflow/example_dags/tutorial_dag.py
[2023-03-07T18:12:12.438+0530] {logging_mixin.py:137} INFO - [2023-03-07T18:12:12.438+0530] {dag.py:2690} INFO - Sync 1 DAGs
[2023-03-07T18:12:12.452+0530] {logging_mixin.py:137} INFO - [2023-03-07T18:12:12.452+0530] {dag.py:3437} INFO - Setting next_dagrun for tutorial_dag to None, run_after=None
[2023-03-07T18:12:12.472+0530] {processor.py:175} INFO - Processing /home/ris/PycharmProjects/pythonProject/USA-housing/venv/lib/python3.10/site-packages/airflow/example_dags/tutorial_dag.py took 0.060 seconds
[2023-03-07T18:12:46.956+0530] {processor.py:153} INFO - Started process (PID=7111) to work on /home/ris/PycharmProjects/pythonProject/USA-housing/venv/lib/python3.10/site-packages/airflow/example_dags/tutorial_dag.py
[2023-03-07T18:12:46.960+0530] {processor.py:743} INFO - Processing file /home/ris/PycharmProjects/pythonProject/USA-housing/venv/lib/python3.10/site-packages/airflow/example_dags/tutorial_dag.py for tasks to queue
[2023-03-07T18:12:46.962+0530] {logging_mixin.py:137} INFO - [2023-03-07T18:12:46.961+0530] {dagbag.py:538} INFO - Filling up the DagBag from /home/ris/PycharmProjects/pythonProject/USA-housing/venv/lib/python3.10/site-packages/airflow/example_dags/tutorial_dag.py
[2023-03-07T18:12:46.971+0530] {processor.py:753} INFO - DAG(s) dict_keys(['tutorial_dag']) retrieved from /home/ris/PycharmProjects/pythonProject/USA-housing/venv/lib/python3.10/site-packages/airflow/example_dags/tutorial_dag.py
[2023-03-07T18:12:46.989+0530] {logging_mixin.py:137} INFO - [2023-03-07T18:12:46.989+0530] {dag.py:2690} INFO - Sync 1 DAGs
[2023-03-07T18:12:47.005+0530] {logging_mixin.py:137} INFO - [2023-03-07T18:12:47.005+0530] {dag.py:3437} INFO - Setting next_dagrun for tutorial_dag to None, run_after=None
[2023-03-07T18:12:47.025+0530] {processor.py:175} INFO - Processing /home/ris/PycharmProjects/pythonProject/USA-housing/venv/lib/python3.10/site-packages/airflow/example_dags/tutorial_dag.py took 0.073 seconds
[2023-03-07T18:13:26.336+0530] {processor.py:153} INFO - Started process (PID=7152) to work on /home/ris/PycharmProjects/pythonProject/USA-housing/venv/lib/python3.10/site-packages/airflow/example_dags/tutorial_dag.py
[2023-03-07T18:13:26.339+0530] {processor.py:743} INFO - Processing file /home/ris/PycharmProjects/pythonProject/USA-housing/venv/lib/python3.10/site-packages/airflow/example_dags/tutorial_dag.py for tasks to queue
[2023-03-07T18:13:26.340+0530] {logging_mixin.py:137} INFO - [2023-03-07T18:13:26.340+0530] {dagbag.py:538} INFO - Filling up the DagBag from /home/ris/PycharmProjects/pythonProject/USA-housing/venv/lib/python3.10/site-packages/airflow/example_dags/tutorial_dag.py
[2023-03-07T18:13:26.345+0530] {processor.py:753} INFO - DAG(s) dict_keys(['tutorial_dag']) retrieved from /home/ris/PycharmProjects/pythonProject/USA-housing/venv/lib/python3.10/site-packages/airflow/example_dags/tutorial_dag.py
[2023-03-07T18:13:26.360+0530] {logging_mixin.py:137} INFO - [2023-03-07T18:13:26.360+0530] {dag.py:2690} INFO - Sync 1 DAGs
[2023-03-07T18:13:26.376+0530] {logging_mixin.py:137} INFO - [2023-03-07T18:13:26.376+0530] {dag.py:3437} INFO - Setting next_dagrun for tutorial_dag to None, run_after=None
[2023-03-07T18:13:26.402+0530] {processor.py:175} INFO - Processing /home/ris/PycharmProjects/pythonProject/USA-housing/venv/lib/python3.10/site-packages/airflow/example_dags/tutorial_dag.py took 0.071 seconds
[2023-03-07T18:14:00.558+0530] {processor.py:153} INFO - Started process (PID=7195) to work on /home/ris/PycharmProjects/pythonProject/USA-housing/venv/lib/python3.10/site-packages/airflow/example_dags/tutorial_dag.py
[2023-03-07T18:14:00.560+0530] {processor.py:743} INFO - Processing file /home/ris/PycharmProjects/pythonProject/USA-housing/venv/lib/python3.10/site-packages/airflow/example_dags/tutorial_dag.py for tasks to queue
[2023-03-07T18:14:00.560+0530] {logging_mixin.py:137} INFO - [2023-03-07T18:14:00.560+0530] {dagbag.py:538} INFO - Filling up the DagBag from /home/ris/PycharmProjects/pythonProject/USA-housing/venv/lib/python3.10/site-packages/airflow/example_dags/tutorial_dag.py
[2023-03-07T18:14:00.566+0530] {processor.py:753} INFO - DAG(s) dict_keys(['tutorial_dag']) retrieved from /home/ris/PycharmProjects/pythonProject/USA-housing/venv/lib/python3.10/site-packages/airflow/example_dags/tutorial_dag.py
[2023-03-07T18:14:00.584+0530] {logging_mixin.py:137} INFO - [2023-03-07T18:14:00.584+0530] {dag.py:2690} INFO - Sync 1 DAGs
[2023-03-07T18:14:00.601+0530] {logging_mixin.py:137} INFO - [2023-03-07T18:14:00.600+0530] {dag.py:3437} INFO - Setting next_dagrun for tutorial_dag to None, run_after=None
[2023-03-07T18:14:00.621+0530] {processor.py:175} INFO - Processing /home/ris/PycharmProjects/pythonProject/USA-housing/venv/lib/python3.10/site-packages/airflow/example_dags/tutorial_dag.py took 0.066 seconds
[2023-03-07T18:14:42.431+0530] {processor.py:153} INFO - Started process (PID=7254) to work on /home/ris/PycharmProjects/pythonProject/USA-housing/venv/lib/python3.10/site-packages/airflow/example_dags/tutorial_dag.py
[2023-03-07T18:14:42.432+0530] {processor.py:743} INFO - Processing file /home/ris/PycharmProjects/pythonProject/USA-housing/venv/lib/python3.10/site-packages/airflow/example_dags/tutorial_dag.py for tasks to queue
[2023-03-07T18:14:42.433+0530] {logging_mixin.py:137} INFO - [2023-03-07T18:14:42.433+0530] {dagbag.py:538} INFO - Filling up the DagBag from /home/ris/PycharmProjects/pythonProject/USA-housing/venv/lib/python3.10/site-packages/airflow/example_dags/tutorial_dag.py
[2023-03-07T18:14:42.439+0530] {processor.py:753} INFO - DAG(s) dict_keys(['tutorial_dag']) retrieved from /home/ris/PycharmProjects/pythonProject/USA-housing/venv/lib/python3.10/site-packages/airflow/example_dags/tutorial_dag.py
[2023-03-07T18:14:42.456+0530] {logging_mixin.py:137} INFO - [2023-03-07T18:14:42.456+0530] {dag.py:2690} INFO - Sync 1 DAGs
[2023-03-07T18:14:42.473+0530] {logging_mixin.py:137} INFO - [2023-03-07T18:14:42.473+0530] {dag.py:3437} INFO - Setting next_dagrun for tutorial_dag to None, run_after=None
[2023-03-07T18:14:42.506+0530] {processor.py:175} INFO - Processing /home/ris/PycharmProjects/pythonProject/USA-housing/venv/lib/python3.10/site-packages/airflow/example_dags/tutorial_dag.py took 0.079 seconds
[2023-03-07T18:15:19.772+0530] {processor.py:153} INFO - Started process (PID=7314) to work on /home/ris/PycharmProjects/pythonProject/USA-housing/venv/lib/python3.10/site-packages/airflow/example_dags/tutorial_dag.py
[2023-03-07T18:15:19.774+0530] {processor.py:743} INFO - Processing file /home/ris/PycharmProjects/pythonProject/USA-housing/venv/lib/python3.10/site-packages/airflow/example_dags/tutorial_dag.py for tasks to queue
[2023-03-07T18:15:19.775+0530] {logging_mixin.py:137} INFO - [2023-03-07T18:15:19.775+0530] {dagbag.py:538} INFO - Filling up the DagBag from /home/ris/PycharmProjects/pythonProject/USA-housing/venv/lib/python3.10/site-packages/airflow/example_dags/tutorial_dag.py
[2023-03-07T18:15:19.781+0530] {processor.py:753} INFO - DAG(s) dict_keys(['tutorial_dag']) retrieved from /home/ris/PycharmProjects/pythonProject/USA-housing/venv/lib/python3.10/site-packages/airflow/example_dags/tutorial_dag.py
[2023-03-07T18:15:19.806+0530] {logging_mixin.py:137} INFO - [2023-03-07T18:15:19.806+0530] {dag.py:2690} INFO - Sync 1 DAGs
[2023-03-07T18:15:19.823+0530] {logging_mixin.py:137} INFO - [2023-03-07T18:15:19.823+0530] {dag.py:3437} INFO - Setting next_dagrun for tutorial_dag to None, run_after=None
[2023-03-07T18:15:19.843+0530] {processor.py:175} INFO - Processing /home/ris/PycharmProjects/pythonProject/USA-housing/venv/lib/python3.10/site-packages/airflow/example_dags/tutorial_dag.py took 0.074 seconds
[2023-03-07T18:15:57.971+0530] {processor.py:153} INFO - Started process (PID=7364) to work on /home/ris/PycharmProjects/pythonProject/USA-housing/venv/lib/python3.10/site-packages/airflow/example_dags/tutorial_dag.py
[2023-03-07T18:15:57.972+0530] {processor.py:743} INFO - Processing file /home/ris/PycharmProjects/pythonProject/USA-housing/venv/lib/python3.10/site-packages/airflow/example_dags/tutorial_dag.py for tasks to queue
[2023-03-07T18:15:57.972+0530] {logging_mixin.py:137} INFO - [2023-03-07T18:15:57.972+0530] {dagbag.py:538} INFO - Filling up the DagBag from /home/ris/PycharmProjects/pythonProject/USA-housing/venv/lib/python3.10/site-packages/airflow/example_dags/tutorial_dag.py
[2023-03-07T18:15:57.978+0530] {processor.py:753} INFO - DAG(s) dict_keys(['tutorial_dag']) retrieved from /home/ris/PycharmProjects/pythonProject/USA-housing/venv/lib/python3.10/site-packages/airflow/example_dags/tutorial_dag.py
[2023-03-07T18:15:57.995+0530] {logging_mixin.py:137} INFO - [2023-03-07T18:15:57.995+0530] {dag.py:2690} INFO - Sync 1 DAGs
[2023-03-07T18:15:58.011+0530] {logging_mixin.py:137} INFO - [2023-03-07T18:15:58.011+0530] {dag.py:3437} INFO - Setting next_dagrun for tutorial_dag to None, run_after=None
[2023-03-07T18:15:58.029+0530] {processor.py:175} INFO - Processing /home/ris/PycharmProjects/pythonProject/USA-housing/venv/lib/python3.10/site-packages/airflow/example_dags/tutorial_dag.py took 0.061 seconds
[2023-03-07T18:16:29.576+0530] {processor.py:153} INFO - Started process (PID=7401) to work on /home/ris/PycharmProjects/pythonProject/USA-housing/venv/lib/python3.10/site-packages/airflow/example_dags/tutorial_dag.py
[2023-03-07T18:16:29.577+0530] {processor.py:743} INFO - Processing file /home/ris/PycharmProjects/pythonProject/USA-housing/venv/lib/python3.10/site-packages/airflow/example_dags/tutorial_dag.py for tasks to queue
[2023-03-07T18:16:29.578+0530] {logging_mixin.py:137} INFO - [2023-03-07T18:16:29.578+0530] {dagbag.py:538} INFO - Filling up the DagBag from /home/ris/PycharmProjects/pythonProject/USA-housing/venv/lib/python3.10/site-packages/airflow/example_dags/tutorial_dag.py
[2023-03-07T18:16:29.584+0530] {processor.py:753} INFO - DAG(s) dict_keys(['tutorial_dag']) retrieved from /home/ris/PycharmProjects/pythonProject/USA-housing/venv/lib/python3.10/site-packages/airflow/example_dags/tutorial_dag.py
[2023-03-07T18:16:29.601+0530] {logging_mixin.py:137} INFO - [2023-03-07T18:16:29.601+0530] {dag.py:2690} INFO - Sync 1 DAGs
[2023-03-07T18:16:29.616+0530] {logging_mixin.py:137} INFO - [2023-03-07T18:16:29.616+0530] {dag.py:3437} INFO - Setting next_dagrun for tutorial_dag to None, run_after=None
[2023-03-07T18:16:29.635+0530] {processor.py:175} INFO - Processing /home/ris/PycharmProjects/pythonProject/USA-housing/venv/lib/python3.10/site-packages/airflow/example_dags/tutorial_dag.py took 0.062 seconds
[2023-03-07T18:17:06.186+0530] {processor.py:153} INFO - Started process (PID=7454) to work on /home/ris/PycharmProjects/pythonProject/USA-housing/venv/lib/python3.10/site-packages/airflow/example_dags/tutorial_dag.py
[2023-03-07T18:17:06.188+0530] {processor.py:743} INFO - Processing file /home/ris/PycharmProjects/pythonProject/USA-housing/venv/lib/python3.10/site-packages/airflow/example_dags/tutorial_dag.py for tasks to queue
[2023-03-07T18:17:06.188+0530] {logging_mixin.py:137} INFO - [2023-03-07T18:17:06.188+0530] {dagbag.py:538} INFO - Filling up the DagBag from /home/ris/PycharmProjects/pythonProject/USA-housing/venv/lib/python3.10/site-packages/airflow/example_dags/tutorial_dag.py
[2023-03-07T18:17:06.195+0530] {processor.py:753} INFO - DAG(s) dict_keys(['tutorial_dag']) retrieved from /home/ris/PycharmProjects/pythonProject/USA-housing/venv/lib/python3.10/site-packages/airflow/example_dags/tutorial_dag.py
[2023-03-07T18:17:06.212+0530] {logging_mixin.py:137} INFO - [2023-03-07T18:17:06.212+0530] {dag.py:2690} INFO - Sync 1 DAGs
[2023-03-07T18:17:06.228+0530] {logging_mixin.py:137} INFO - [2023-03-07T18:17:06.227+0530] {dag.py:3437} INFO - Setting next_dagrun for tutorial_dag to None, run_after=None
[2023-03-07T18:17:06.248+0530] {processor.py:175} INFO - Processing /home/ris/PycharmProjects/pythonProject/USA-housing/venv/lib/python3.10/site-packages/airflow/example_dags/tutorial_dag.py took 0.065 seconds
[2023-03-07T18:17:42.519+0530] {processor.py:153} INFO - Started process (PID=7493) to work on /home/ris/PycharmProjects/pythonProject/USA-housing/venv/lib/python3.10/site-packages/airflow/example_dags/tutorial_dag.py
[2023-03-07T18:17:42.521+0530] {processor.py:743} INFO - Processing file /home/ris/PycharmProjects/pythonProject/USA-housing/venv/lib/python3.10/site-packages/airflow/example_dags/tutorial_dag.py for tasks to queue
[2023-03-07T18:17:42.522+0530] {logging_mixin.py:137} INFO - [2023-03-07T18:17:42.522+0530] {dagbag.py:538} INFO - Filling up the DagBag from /home/ris/PycharmProjects/pythonProject/USA-housing/venv/lib/python3.10/site-packages/airflow/example_dags/tutorial_dag.py
[2023-03-07T18:17:42.532+0530] {processor.py:753} INFO - DAG(s) dict_keys(['tutorial_dag']) retrieved from /home/ris/PycharmProjects/pythonProject/USA-housing/venv/lib/python3.10/site-packages/airflow/example_dags/tutorial_dag.py
[2023-03-07T18:17:42.568+0530] {logging_mixin.py:137} INFO - [2023-03-07T18:17:42.568+0530] {dag.py:2690} INFO - Sync 1 DAGs
[2023-03-07T18:17:42.584+0530] {logging_mixin.py:137} INFO - [2023-03-07T18:17:42.584+0530] {dag.py:3437} INFO - Setting next_dagrun for tutorial_dag to None, run_after=None
[2023-03-07T18:17:42.605+0530] {processor.py:175} INFO - Processing /home/ris/PycharmProjects/pythonProject/USA-housing/venv/lib/python3.10/site-packages/airflow/example_dags/tutorial_dag.py took 0.091 seconds
[2023-03-07T18:18:21.989+0530] {processor.py:153} INFO - Started process (PID=7545) to work on /home/ris/PycharmProjects/pythonProject/USA-housing/venv/lib/python3.10/site-packages/airflow/example_dags/tutorial_dag.py
[2023-03-07T18:18:21.991+0530] {processor.py:743} INFO - Processing file /home/ris/PycharmProjects/pythonProject/USA-housing/venv/lib/python3.10/site-packages/airflow/example_dags/tutorial_dag.py for tasks to queue
[2023-03-07T18:18:21.993+0530] {logging_mixin.py:137} INFO - [2023-03-07T18:18:21.993+0530] {dagbag.py:538} INFO - Filling up the DagBag from /home/ris/PycharmProjects/pythonProject/USA-housing/venv/lib/python3.10/site-packages/airflow/example_dags/tutorial_dag.py
[2023-03-07T18:18:22.006+0530] {processor.py:753} INFO - DAG(s) dict_keys(['tutorial_dag']) retrieved from /home/ris/PycharmProjects/pythonProject/USA-housing/venv/lib/python3.10/site-packages/airflow/example_dags/tutorial_dag.py
[2023-03-07T18:18:22.042+0530] {logging_mixin.py:137} INFO - [2023-03-07T18:18:22.042+0530] {dag.py:2690} INFO - Sync 1 DAGs
[2023-03-07T18:18:22.085+0530] {logging_mixin.py:137} INFO - [2023-03-07T18:18:22.084+0530] {dag.py:3437} INFO - Setting next_dagrun for tutorial_dag to None, run_after=None
[2023-03-07T18:18:22.144+0530] {processor.py:175} INFO - Processing /home/ris/PycharmProjects/pythonProject/USA-housing/venv/lib/python3.10/site-packages/airflow/example_dags/tutorial_dag.py took 0.158 seconds
[2023-03-07T18:19:04.793+0530] {processor.py:153} INFO - Started process (PID=7595) to work on /home/ris/PycharmProjects/pythonProject/USA-housing/venv/lib/python3.10/site-packages/airflow/example_dags/tutorial_dag.py
[2023-03-07T18:19:04.794+0530] {processor.py:743} INFO - Processing file /home/ris/PycharmProjects/pythonProject/USA-housing/venv/lib/python3.10/site-packages/airflow/example_dags/tutorial_dag.py for tasks to queue
[2023-03-07T18:19:04.795+0530] {logging_mixin.py:137} INFO - [2023-03-07T18:19:04.795+0530] {dagbag.py:538} INFO - Filling up the DagBag from /home/ris/PycharmProjects/pythonProject/USA-housing/venv/lib/python3.10/site-packages/airflow/example_dags/tutorial_dag.py
[2023-03-07T18:19:04.800+0530] {processor.py:753} INFO - DAG(s) dict_keys(['tutorial_dag']) retrieved from /home/ris/PycharmProjects/pythonProject/USA-housing/venv/lib/python3.10/site-packages/airflow/example_dags/tutorial_dag.py
[2023-03-07T18:19:04.817+0530] {logging_mixin.py:137} INFO - [2023-03-07T18:19:04.817+0530] {dag.py:2690} INFO - Sync 1 DAGs
[2023-03-07T18:19:04.833+0530] {logging_mixin.py:137} INFO - [2023-03-07T18:19:04.833+0530] {dag.py:3437} INFO - Setting next_dagrun for tutorial_dag to None, run_after=None
[2023-03-07T18:19:04.852+0530] {processor.py:175} INFO - Processing /home/ris/PycharmProjects/pythonProject/USA-housing/venv/lib/python3.10/site-packages/airflow/example_dags/tutorial_dag.py took 0.063 seconds
[2023-03-07T18:19:46.088+0530] {processor.py:153} INFO - Started process (PID=7842) to work on /home/ris/PycharmProjects/pythonProject/USA-housing/venv/lib/python3.10/site-packages/airflow/example_dags/tutorial_dag.py
[2023-03-07T18:19:46.090+0530] {processor.py:743} INFO - Processing file /home/ris/PycharmProjects/pythonProject/USA-housing/venv/lib/python3.10/site-packages/airflow/example_dags/tutorial_dag.py for tasks to queue
[2023-03-07T18:19:46.091+0530] {logging_mixin.py:137} INFO - [2023-03-07T18:19:46.090+0530] {dagbag.py:538} INFO - Filling up the DagBag from /home/ris/PycharmProjects/pythonProject/USA-housing/venv/lib/python3.10/site-packages/airflow/example_dags/tutorial_dag.py
[2023-03-07T18:19:46.103+0530] {processor.py:753} INFO - DAG(s) dict_keys(['tutorial_dag']) retrieved from /home/ris/PycharmProjects/pythonProject/USA-housing/venv/lib/python3.10/site-packages/airflow/example_dags/tutorial_dag.py
[2023-03-07T18:19:46.148+0530] {logging_mixin.py:137} INFO - [2023-03-07T18:19:46.148+0530] {dag.py:2690} INFO - Sync 1 DAGs
[2023-03-07T18:19:46.175+0530] {logging_mixin.py:137} INFO - [2023-03-07T18:19:46.174+0530] {dag.py:3437} INFO - Setting next_dagrun for tutorial_dag to None, run_after=None
[2023-03-07T18:19:46.207+0530] {processor.py:175} INFO - Processing /home/ris/PycharmProjects/pythonProject/USA-housing/venv/lib/python3.10/site-packages/airflow/example_dags/tutorial_dag.py took 0.123 seconds
[2023-03-07T18:20:30.399+0530] {processor.py:153} INFO - Started process (PID=7939) to work on /home/ris/PycharmProjects/pythonProject/USA-housing/venv/lib/python3.10/site-packages/airflow/example_dags/tutorial_dag.py
[2023-03-07T18:20:30.401+0530] {processor.py:743} INFO - Processing file /home/ris/PycharmProjects/pythonProject/USA-housing/venv/lib/python3.10/site-packages/airflow/example_dags/tutorial_dag.py for tasks to queue
[2023-03-07T18:20:30.402+0530] {logging_mixin.py:137} INFO - [2023-03-07T18:20:30.401+0530] {dagbag.py:538} INFO - Filling up the DagBag from /home/ris/PycharmProjects/pythonProject/USA-housing/venv/lib/python3.10/site-packages/airflow/example_dags/tutorial_dag.py
[2023-03-07T18:20:30.408+0530] {processor.py:753} INFO - DAG(s) dict_keys(['tutorial_dag']) retrieved from /home/ris/PycharmProjects/pythonProject/USA-housing/venv/lib/python3.10/site-packages/airflow/example_dags/tutorial_dag.py
[2023-03-07T18:20:30.426+0530] {logging_mixin.py:137} INFO - [2023-03-07T18:20:30.426+0530] {dag.py:2690} INFO - Sync 1 DAGs
[2023-03-07T18:20:30.448+0530] {logging_mixin.py:137} INFO - [2023-03-07T18:20:30.448+0530] {dag.py:3437} INFO - Setting next_dagrun for tutorial_dag to None, run_after=None
[2023-03-07T18:20:30.470+0530] {processor.py:175} INFO - Processing /home/ris/PycharmProjects/pythonProject/USA-housing/venv/lib/python3.10/site-packages/airflow/example_dags/tutorial_dag.py took 0.073 seconds
[2023-03-07T18:21:11.076+0530] {processor.py:153} INFO - Started process (PID=7990) to work on /home/ris/PycharmProjects/pythonProject/USA-housing/venv/lib/python3.10/site-packages/airflow/example_dags/tutorial_dag.py
[2023-03-07T18:21:11.077+0530] {processor.py:743} INFO - Processing file /home/ris/PycharmProjects/pythonProject/USA-housing/venv/lib/python3.10/site-packages/airflow/example_dags/tutorial_dag.py for tasks to queue
[2023-03-07T18:21:11.078+0530] {logging_mixin.py:137} INFO - [2023-03-07T18:21:11.078+0530] {dagbag.py:538} INFO - Filling up the DagBag from /home/ris/PycharmProjects/pythonProject/USA-housing/venv/lib/python3.10/site-packages/airflow/example_dags/tutorial_dag.py
[2023-03-07T18:21:11.084+0530] {processor.py:753} INFO - DAG(s) dict_keys(['tutorial_dag']) retrieved from /home/ris/PycharmProjects/pythonProject/USA-housing/venv/lib/python3.10/site-packages/airflow/example_dags/tutorial_dag.py
[2023-03-07T18:21:11.102+0530] {logging_mixin.py:137} INFO - [2023-03-07T18:21:11.102+0530] {dag.py:2690} INFO - Sync 1 DAGs
[2023-03-07T18:21:11.125+0530] {logging_mixin.py:137} INFO - [2023-03-07T18:21:11.125+0530] {dag.py:3437} INFO - Setting next_dagrun for tutorial_dag to None, run_after=None
[2023-03-07T18:21:11.145+0530] {processor.py:175} INFO - Processing /home/ris/PycharmProjects/pythonProject/USA-housing/venv/lib/python3.10/site-packages/airflow/example_dags/tutorial_dag.py took 0.072 seconds
[2023-03-07T18:21:49.382+0530] {processor.py:153} INFO - Started process (PID=8034) to work on /home/ris/PycharmProjects/pythonProject/USA-housing/venv/lib/python3.10/site-packages/airflow/example_dags/tutorial_dag.py
[2023-03-07T18:21:49.384+0530] {processor.py:743} INFO - Processing file /home/ris/PycharmProjects/pythonProject/USA-housing/venv/lib/python3.10/site-packages/airflow/example_dags/tutorial_dag.py for tasks to queue
[2023-03-07T18:21:49.385+0530] {logging_mixin.py:137} INFO - [2023-03-07T18:21:49.385+0530] {dagbag.py:538} INFO - Filling up the DagBag from /home/ris/PycharmProjects/pythonProject/USA-housing/venv/lib/python3.10/site-packages/airflow/example_dags/tutorial_dag.py
[2023-03-07T18:21:49.391+0530] {processor.py:753} INFO - DAG(s) dict_keys(['tutorial_dag']) retrieved from /home/ris/PycharmProjects/pythonProject/USA-housing/venv/lib/python3.10/site-packages/airflow/example_dags/tutorial_dag.py
[2023-03-07T18:21:49.409+0530] {logging_mixin.py:137} INFO - [2023-03-07T18:21:49.409+0530] {dag.py:2690} INFO - Sync 1 DAGs
[2023-03-07T18:21:49.426+0530] {logging_mixin.py:137} INFO - [2023-03-07T18:21:49.425+0530] {dag.py:3437} INFO - Setting next_dagrun for tutorial_dag to None, run_after=None
[2023-03-07T18:21:49.447+0530] {processor.py:175} INFO - Processing /home/ris/PycharmProjects/pythonProject/USA-housing/venv/lib/python3.10/site-packages/airflow/example_dags/tutorial_dag.py took 0.070 seconds
[2023-03-07T18:22:26.760+0530] {processor.py:153} INFO - Started process (PID=8077) to work on /home/ris/PycharmProjects/pythonProject/USA-housing/venv/lib/python3.10/site-packages/airflow/example_dags/tutorial_dag.py
[2023-03-07T18:22:26.762+0530] {processor.py:743} INFO - Processing file /home/ris/PycharmProjects/pythonProject/USA-housing/venv/lib/python3.10/site-packages/airflow/example_dags/tutorial_dag.py for tasks to queue
[2023-03-07T18:22:26.763+0530] {logging_mixin.py:137} INFO - [2023-03-07T18:22:26.762+0530] {dagbag.py:538} INFO - Filling up the DagBag from /home/ris/PycharmProjects/pythonProject/USA-housing/venv/lib/python3.10/site-packages/airflow/example_dags/tutorial_dag.py
[2023-03-07T18:22:26.771+0530] {processor.py:753} INFO - DAG(s) dict_keys(['tutorial_dag']) retrieved from /home/ris/PycharmProjects/pythonProject/USA-housing/venv/lib/python3.10/site-packages/airflow/example_dags/tutorial_dag.py
[2023-03-07T18:22:26.790+0530] {logging_mixin.py:137} INFO - [2023-03-07T18:22:26.790+0530] {dag.py:2690} INFO - Sync 1 DAGs
[2023-03-07T18:22:26.806+0530] {logging_mixin.py:137} INFO - [2023-03-07T18:22:26.806+0530] {dag.py:3437} INFO - Setting next_dagrun for tutorial_dag to None, run_after=None
[2023-03-07T18:22:26.826+0530] {processor.py:175} INFO - Processing /home/ris/PycharmProjects/pythonProject/USA-housing/venv/lib/python3.10/site-packages/airflow/example_dags/tutorial_dag.py took 0.068 seconds
[2023-03-07T18:23:01.861+0530] {processor.py:153} INFO - Started process (PID=8117) to work on /home/ris/PycharmProjects/pythonProject/USA-housing/venv/lib/python3.10/site-packages/airflow/example_dags/tutorial_dag.py
[2023-03-07T18:23:01.862+0530] {processor.py:743} INFO - Processing file /home/ris/PycharmProjects/pythonProject/USA-housing/venv/lib/python3.10/site-packages/airflow/example_dags/tutorial_dag.py for tasks to queue
[2023-03-07T18:23:01.863+0530] {logging_mixin.py:137} INFO - [2023-03-07T18:23:01.863+0530] {dagbag.py:538} INFO - Filling up the DagBag from /home/ris/PycharmProjects/pythonProject/USA-housing/venv/lib/python3.10/site-packages/airflow/example_dags/tutorial_dag.py
[2023-03-07T18:23:01.869+0530] {processor.py:753} INFO - DAG(s) dict_keys(['tutorial_dag']) retrieved from /home/ris/PycharmProjects/pythonProject/USA-housing/venv/lib/python3.10/site-packages/airflow/example_dags/tutorial_dag.py
[2023-03-07T18:23:01.887+0530] {logging_mixin.py:137} INFO - [2023-03-07T18:23:01.887+0530] {dag.py:2690} INFO - Sync 1 DAGs
[2023-03-07T18:23:01.904+0530] {logging_mixin.py:137} INFO - [2023-03-07T18:23:01.904+0530] {dag.py:3437} INFO - Setting next_dagrun for tutorial_dag to None, run_after=None
[2023-03-07T18:23:01.925+0530] {processor.py:175} INFO - Processing /home/ris/PycharmProjects/pythonProject/USA-housing/venv/lib/python3.10/site-packages/airflow/example_dags/tutorial_dag.py took 0.067 seconds
[2023-03-07T18:23:43.733+0530] {processor.py:153} INFO - Started process (PID=8332) to work on /home/ris/PycharmProjects/pythonProject/USA-housing/venv/lib/python3.10/site-packages/airflow/example_dags/tutorial_dag.py
[2023-03-07T18:23:43.735+0530] {processor.py:743} INFO - Processing file /home/ris/PycharmProjects/pythonProject/USA-housing/venv/lib/python3.10/site-packages/airflow/example_dags/tutorial_dag.py for tasks to queue
[2023-03-07T18:23:43.736+0530] {logging_mixin.py:137} INFO - [2023-03-07T18:23:43.736+0530] {dagbag.py:538} INFO - Filling up the DagBag from /home/ris/PycharmProjects/pythonProject/USA-housing/venv/lib/python3.10/site-packages/airflow/example_dags/tutorial_dag.py
[2023-03-07T18:23:43.744+0530] {processor.py:753} INFO - DAG(s) dict_keys(['tutorial_dag']) retrieved from /home/ris/PycharmProjects/pythonProject/USA-housing/venv/lib/python3.10/site-packages/airflow/example_dags/tutorial_dag.py
[2023-03-07T18:23:43.767+0530] {logging_mixin.py:137} INFO - [2023-03-07T18:23:43.767+0530] {dag.py:2690} INFO - Sync 1 DAGs
[2023-03-07T18:23:43.792+0530] {logging_mixin.py:137} INFO - [2023-03-07T18:23:43.791+0530] {dag.py:3437} INFO - Setting next_dagrun for tutorial_dag to None, run_after=None
[2023-03-07T18:23:43.831+0530] {processor.py:175} INFO - Processing /home/ris/PycharmProjects/pythonProject/USA-housing/venv/lib/python3.10/site-packages/airflow/example_dags/tutorial_dag.py took 0.102 seconds
[2023-03-07T18:24:29.746+0530] {processor.py:153} INFO - Started process (PID=8380) to work on /home/ris/PycharmProjects/pythonProject/USA-housing/venv/lib/python3.10/site-packages/airflow/example_dags/tutorial_dag.py
[2023-03-07T18:24:29.748+0530] {processor.py:743} INFO - Processing file /home/ris/PycharmProjects/pythonProject/USA-housing/venv/lib/python3.10/site-packages/airflow/example_dags/tutorial_dag.py for tasks to queue
[2023-03-07T18:24:29.749+0530] {logging_mixin.py:137} INFO - [2023-03-07T18:24:29.749+0530] {dagbag.py:538} INFO - Filling up the DagBag from /home/ris/PycharmProjects/pythonProject/USA-housing/venv/lib/python3.10/site-packages/airflow/example_dags/tutorial_dag.py
[2023-03-07T18:24:29.756+0530] {processor.py:753} INFO - DAG(s) dict_keys(['tutorial_dag']) retrieved from /home/ris/PycharmProjects/pythonProject/USA-housing/venv/lib/python3.10/site-packages/airflow/example_dags/tutorial_dag.py
[2023-03-07T18:24:29.777+0530] {logging_mixin.py:137} INFO - [2023-03-07T18:24:29.777+0530] {dag.py:2690} INFO - Sync 1 DAGs
[2023-03-07T18:24:29.806+0530] {logging_mixin.py:137} INFO - [2023-03-07T18:24:29.806+0530] {dag.py:3437} INFO - Setting next_dagrun for tutorial_dag to None, run_after=None
[2023-03-07T18:24:29.830+0530] {processor.py:175} INFO - Processing /home/ris/PycharmProjects/pythonProject/USA-housing/venv/lib/python3.10/site-packages/airflow/example_dags/tutorial_dag.py took 0.087 seconds
[2023-03-07T18:25:14.869+0530] {processor.py:153} INFO - Started process (PID=8430) to work on /home/ris/PycharmProjects/pythonProject/USA-housing/venv/lib/python3.10/site-packages/airflow/example_dags/tutorial_dag.py
[2023-03-07T18:25:14.872+0530] {processor.py:743} INFO - Processing file /home/ris/PycharmProjects/pythonProject/USA-housing/venv/lib/python3.10/site-packages/airflow/example_dags/tutorial_dag.py for tasks to queue
[2023-03-07T18:25:14.874+0530] {logging_mixin.py:137} INFO - [2023-03-07T18:25:14.874+0530] {dagbag.py:538} INFO - Filling up the DagBag from /home/ris/PycharmProjects/pythonProject/USA-housing/venv/lib/python3.10/site-packages/airflow/example_dags/tutorial_dag.py
[2023-03-07T18:25:14.880+0530] {processor.py:753} INFO - DAG(s) dict_keys(['tutorial_dag']) retrieved from /home/ris/PycharmProjects/pythonProject/USA-housing/venv/lib/python3.10/site-packages/airflow/example_dags/tutorial_dag.py
[2023-03-07T18:25:14.901+0530] {logging_mixin.py:137} INFO - [2023-03-07T18:25:14.900+0530] {dag.py:2690} INFO - Sync 1 DAGs
[2023-03-07T18:25:14.920+0530] {logging_mixin.py:137} INFO - [2023-03-07T18:25:14.919+0530] {dag.py:3437} INFO - Setting next_dagrun for tutorial_dag to None, run_after=None
[2023-03-07T18:25:14.946+0530] {processor.py:175} INFO - Processing /home/ris/PycharmProjects/pythonProject/USA-housing/venv/lib/python3.10/site-packages/airflow/example_dags/tutorial_dag.py took 0.080 seconds
[2023-03-07T18:26:01.978+0530] {processor.py:153} INFO - Started process (PID=8520) to work on /home/ris/PycharmProjects/pythonProject/USA-housing/venv/lib/python3.10/site-packages/airflow/example_dags/tutorial_dag.py
[2023-03-07T18:26:01.981+0530] {processor.py:743} INFO - Processing file /home/ris/PycharmProjects/pythonProject/USA-housing/venv/lib/python3.10/site-packages/airflow/example_dags/tutorial_dag.py for tasks to queue
[2023-03-07T18:26:01.982+0530] {logging_mixin.py:137} INFO - [2023-03-07T18:26:01.982+0530] {dagbag.py:538} INFO - Filling up the DagBag from /home/ris/PycharmProjects/pythonProject/USA-housing/venv/lib/python3.10/site-packages/airflow/example_dags/tutorial_dag.py
[2023-03-07T18:26:01.995+0530] {processor.py:753} INFO - DAG(s) dict_keys(['tutorial_dag']) retrieved from /home/ris/PycharmProjects/pythonProject/USA-housing/venv/lib/python3.10/site-packages/airflow/example_dags/tutorial_dag.py
[2023-03-07T18:26:02.028+0530] {logging_mixin.py:137} INFO - [2023-03-07T18:26:02.027+0530] {dag.py:2690} INFO - Sync 1 DAGs
[2023-03-07T18:26:02.055+0530] {logging_mixin.py:137} INFO - [2023-03-07T18:26:02.054+0530] {dag.py:3437} INFO - Setting next_dagrun for tutorial_dag to None, run_after=None
[2023-03-07T18:26:02.101+0530] {processor.py:175} INFO - Processing /home/ris/PycharmProjects/pythonProject/USA-housing/venv/lib/python3.10/site-packages/airflow/example_dags/tutorial_dag.py took 0.127 seconds
[2023-03-07T18:26:45.191+0530] {processor.py:153} INFO - Started process (PID=8644) to work on /home/ris/PycharmProjects/pythonProject/USA-housing/venv/lib/python3.10/site-packages/airflow/example_dags/tutorial_dag.py
[2023-03-07T18:26:45.193+0530] {processor.py:743} INFO - Processing file /home/ris/PycharmProjects/pythonProject/USA-housing/venv/lib/python3.10/site-packages/airflow/example_dags/tutorial_dag.py for tasks to queue
[2023-03-07T18:26:45.193+0530] {logging_mixin.py:137} INFO - [2023-03-07T18:26:45.193+0530] {dagbag.py:538} INFO - Filling up the DagBag from /home/ris/PycharmProjects/pythonProject/USA-housing/venv/lib/python3.10/site-packages/airflow/example_dags/tutorial_dag.py
[2023-03-07T18:26:45.205+0530] {processor.py:753} INFO - DAG(s) dict_keys(['tutorial_dag']) retrieved from /home/ris/PycharmProjects/pythonProject/USA-housing/venv/lib/python3.10/site-packages/airflow/example_dags/tutorial_dag.py
[2023-03-07T18:26:45.229+0530] {logging_mixin.py:137} INFO - [2023-03-07T18:26:45.229+0530] {dag.py:2690} INFO - Sync 1 DAGs
[2023-03-07T18:26:45.254+0530] {logging_mixin.py:137} INFO - [2023-03-07T18:26:45.254+0530] {dag.py:3437} INFO - Setting next_dagrun for tutorial_dag to None, run_after=None
[2023-03-07T18:26:45.278+0530] {processor.py:175} INFO - Processing /home/ris/PycharmProjects/pythonProject/USA-housing/venv/lib/python3.10/site-packages/airflow/example_dags/tutorial_dag.py took 0.090 seconds
[2023-03-07T18:27:25.683+0530] {processor.py:153} INFO - Started process (PID=8691) to work on /home/ris/PycharmProjects/pythonProject/USA-housing/venv/lib/python3.10/site-packages/airflow/example_dags/tutorial_dag.py
[2023-03-07T18:27:25.685+0530] {processor.py:743} INFO - Processing file /home/ris/PycharmProjects/pythonProject/USA-housing/venv/lib/python3.10/site-packages/airflow/example_dags/tutorial_dag.py for tasks to queue
[2023-03-07T18:27:25.686+0530] {logging_mixin.py:137} INFO - [2023-03-07T18:27:25.686+0530] {dagbag.py:538} INFO - Filling up the DagBag from /home/ris/PycharmProjects/pythonProject/USA-housing/venv/lib/python3.10/site-packages/airflow/example_dags/tutorial_dag.py
[2023-03-07T18:27:25.695+0530] {processor.py:753} INFO - DAG(s) dict_keys(['tutorial_dag']) retrieved from /home/ris/PycharmProjects/pythonProject/USA-housing/venv/lib/python3.10/site-packages/airflow/example_dags/tutorial_dag.py
[2023-03-07T18:27:25.716+0530] {logging_mixin.py:137} INFO - [2023-03-07T18:27:25.715+0530] {dag.py:2690} INFO - Sync 1 DAGs
[2023-03-07T18:27:25.735+0530] {logging_mixin.py:137} INFO - [2023-03-07T18:27:25.734+0530] {dag.py:3437} INFO - Setting next_dagrun for tutorial_dag to None, run_after=None
[2023-03-07T18:27:25.762+0530] {processor.py:175} INFO - Processing /home/ris/PycharmProjects/pythonProject/USA-housing/venv/lib/python3.10/site-packages/airflow/example_dags/tutorial_dag.py took 0.082 seconds
[2023-03-07T18:28:11.122+0530] {processor.py:153} INFO - Started process (PID=8741) to work on /home/ris/PycharmProjects/pythonProject/USA-housing/venv/lib/python3.10/site-packages/airflow/example_dags/tutorial_dag.py
[2023-03-07T18:28:11.124+0530] {processor.py:743} INFO - Processing file /home/ris/PycharmProjects/pythonProject/USA-housing/venv/lib/python3.10/site-packages/airflow/example_dags/tutorial_dag.py for tasks to queue
[2023-03-07T18:28:11.125+0530] {logging_mixin.py:137} INFO - [2023-03-07T18:28:11.125+0530] {dagbag.py:538} INFO - Filling up the DagBag from /home/ris/PycharmProjects/pythonProject/USA-housing/venv/lib/python3.10/site-packages/airflow/example_dags/tutorial_dag.py
[2023-03-07T18:28:11.133+0530] {processor.py:753} INFO - DAG(s) dict_keys(['tutorial_dag']) retrieved from /home/ris/PycharmProjects/pythonProject/USA-housing/venv/lib/python3.10/site-packages/airflow/example_dags/tutorial_dag.py
[2023-03-07T18:28:11.153+0530] {logging_mixin.py:137} INFO - [2023-03-07T18:28:11.153+0530] {dag.py:2690} INFO - Sync 1 DAGs
[2023-03-07T18:28:11.171+0530] {logging_mixin.py:137} INFO - [2023-03-07T18:28:11.171+0530] {dag.py:3437} INFO - Setting next_dagrun for tutorial_dag to None, run_after=None
[2023-03-07T18:28:11.201+0530] {processor.py:175} INFO - Processing /home/ris/PycharmProjects/pythonProject/USA-housing/venv/lib/python3.10/site-packages/airflow/example_dags/tutorial_dag.py took 0.083 seconds
[2023-03-07T18:28:55.309+0530] {processor.py:153} INFO - Started process (PID=8805) to work on /home/ris/PycharmProjects/pythonProject/USA-housing/venv/lib/python3.10/site-packages/airflow/example_dags/tutorial_dag.py
[2023-03-07T18:28:55.312+0530] {processor.py:743} INFO - Processing file /home/ris/PycharmProjects/pythonProject/USA-housing/venv/lib/python3.10/site-packages/airflow/example_dags/tutorial_dag.py for tasks to queue
[2023-03-07T18:28:55.312+0530] {logging_mixin.py:137} INFO - [2023-03-07T18:28:55.312+0530] {dagbag.py:538} INFO - Filling up the DagBag from /home/ris/PycharmProjects/pythonProject/USA-housing/venv/lib/python3.10/site-packages/airflow/example_dags/tutorial_dag.py
[2023-03-07T18:28:55.318+0530] {processor.py:753} INFO - DAG(s) dict_keys(['tutorial_dag']) retrieved from /home/ris/PycharmProjects/pythonProject/USA-housing/venv/lib/python3.10/site-packages/airflow/example_dags/tutorial_dag.py
[2023-03-07T18:28:55.336+0530] {logging_mixin.py:137} INFO - [2023-03-07T18:28:55.336+0530] {dag.py:2690} INFO - Sync 1 DAGs
[2023-03-07T18:28:55.352+0530] {logging_mixin.py:137} INFO - [2023-03-07T18:28:55.352+0530] {dag.py:3437} INFO - Setting next_dagrun for tutorial_dag to None, run_after=None
[2023-03-07T18:28:55.372+0530] {processor.py:175} INFO - Processing /home/ris/PycharmProjects/pythonProject/USA-housing/venv/lib/python3.10/site-packages/airflow/example_dags/tutorial_dag.py took 0.066 seconds
[2023-03-07T18:29:31.739+0530] {processor.py:153} INFO - Started process (PID=8850) to work on /home/ris/PycharmProjects/pythonProject/USA-housing/venv/lib/python3.10/site-packages/airflow/example_dags/tutorial_dag.py
[2023-03-07T18:29:31.740+0530] {processor.py:743} INFO - Processing file /home/ris/PycharmProjects/pythonProject/USA-housing/venv/lib/python3.10/site-packages/airflow/example_dags/tutorial_dag.py for tasks to queue
[2023-03-07T18:29:31.741+0530] {logging_mixin.py:137} INFO - [2023-03-07T18:29:31.741+0530] {dagbag.py:538} INFO - Filling up the DagBag from /home/ris/PycharmProjects/pythonProject/USA-housing/venv/lib/python3.10/site-packages/airflow/example_dags/tutorial_dag.py
[2023-03-07T18:29:31.747+0530] {processor.py:753} INFO - DAG(s) dict_keys(['tutorial_dag']) retrieved from /home/ris/PycharmProjects/pythonProject/USA-housing/venv/lib/python3.10/site-packages/airflow/example_dags/tutorial_dag.py
[2023-03-07T18:29:31.764+0530] {logging_mixin.py:137} INFO - [2023-03-07T18:29:31.764+0530] {dag.py:2690} INFO - Sync 1 DAGs
[2023-03-07T18:29:31.779+0530] {logging_mixin.py:137} INFO - [2023-03-07T18:29:31.779+0530] {dag.py:3437} INFO - Setting next_dagrun for tutorial_dag to None, run_after=None
[2023-03-07T18:29:31.798+0530] {processor.py:175} INFO - Processing /home/ris/PycharmProjects/pythonProject/USA-housing/venv/lib/python3.10/site-packages/airflow/example_dags/tutorial_dag.py took 0.063 seconds
[2023-03-07T18:30:06.747+0530] {processor.py:153} INFO - Started process (PID=8890) to work on /home/ris/PycharmProjects/pythonProject/USA-housing/venv/lib/python3.10/site-packages/airflow/example_dags/tutorial_dag.py
[2023-03-07T18:30:06.749+0530] {processor.py:743} INFO - Processing file /home/ris/PycharmProjects/pythonProject/USA-housing/venv/lib/python3.10/site-packages/airflow/example_dags/tutorial_dag.py for tasks to queue
[2023-03-07T18:30:06.750+0530] {logging_mixin.py:137} INFO - [2023-03-07T18:30:06.750+0530] {dagbag.py:538} INFO - Filling up the DagBag from /home/ris/PycharmProjects/pythonProject/USA-housing/venv/lib/python3.10/site-packages/airflow/example_dags/tutorial_dag.py
[2023-03-07T18:30:06.756+0530] {processor.py:753} INFO - DAG(s) dict_keys(['tutorial_dag']) retrieved from /home/ris/PycharmProjects/pythonProject/USA-housing/venv/lib/python3.10/site-packages/airflow/example_dags/tutorial_dag.py
[2023-03-07T18:30:06.773+0530] {logging_mixin.py:137} INFO - [2023-03-07T18:30:06.773+0530] {dag.py:2690} INFO - Sync 1 DAGs
[2023-03-07T18:30:06.790+0530] {logging_mixin.py:137} INFO - [2023-03-07T18:30:06.789+0530] {dag.py:3437} INFO - Setting next_dagrun for tutorial_dag to None, run_after=None
[2023-03-07T18:30:06.810+0530] {processor.py:175} INFO - Processing /home/ris/PycharmProjects/pythonProject/USA-housing/venv/lib/python3.10/site-packages/airflow/example_dags/tutorial_dag.py took 0.066 seconds
[2023-03-07T18:30:44.764+0530] {processor.py:153} INFO - Started process (PID=8974) to work on /home/ris/PycharmProjects/pythonProject/USA-housing/venv/lib/python3.10/site-packages/airflow/example_dags/tutorial_dag.py
[2023-03-07T18:30:44.765+0530] {processor.py:743} INFO - Processing file /home/ris/PycharmProjects/pythonProject/USA-housing/venv/lib/python3.10/site-packages/airflow/example_dags/tutorial_dag.py for tasks to queue
[2023-03-07T18:30:44.766+0530] {logging_mixin.py:137} INFO - [2023-03-07T18:30:44.766+0530] {dagbag.py:538} INFO - Filling up the DagBag from /home/ris/PycharmProjects/pythonProject/USA-housing/venv/lib/python3.10/site-packages/airflow/example_dags/tutorial_dag.py
[2023-03-07T18:30:44.772+0530] {processor.py:753} INFO - DAG(s) dict_keys(['tutorial_dag']) retrieved from /home/ris/PycharmProjects/pythonProject/USA-housing/venv/lib/python3.10/site-packages/airflow/example_dags/tutorial_dag.py
[2023-03-07T18:30:44.789+0530] {logging_mixin.py:137} INFO - [2023-03-07T18:30:44.789+0530] {dag.py:2690} INFO - Sync 1 DAGs
[2023-03-07T18:30:44.806+0530] {logging_mixin.py:137} INFO - [2023-03-07T18:30:44.806+0530] {dag.py:3437} INFO - Setting next_dagrun for tutorial_dag to None, run_after=None
[2023-03-07T18:30:44.826+0530] {processor.py:175} INFO - Processing /home/ris/PycharmProjects/pythonProject/USA-housing/venv/lib/python3.10/site-packages/airflow/example_dags/tutorial_dag.py took 0.065 seconds
[2023-03-07T18:31:24.763+0530] {processor.py:153} INFO - Started process (PID=9017) to work on /home/ris/PycharmProjects/pythonProject/USA-housing/venv/lib/python3.10/site-packages/airflow/example_dags/tutorial_dag.py
[2023-03-07T18:31:24.765+0530] {processor.py:743} INFO - Processing file /home/ris/PycharmProjects/pythonProject/USA-housing/venv/lib/python3.10/site-packages/airflow/example_dags/tutorial_dag.py for tasks to queue
[2023-03-07T18:31:24.766+0530] {logging_mixin.py:137} INFO - [2023-03-07T18:31:24.766+0530] {dagbag.py:538} INFO - Filling up the DagBag from /home/ris/PycharmProjects/pythonProject/USA-housing/venv/lib/python3.10/site-packages/airflow/example_dags/tutorial_dag.py
[2023-03-07T18:31:24.773+0530] {processor.py:753} INFO - DAG(s) dict_keys(['tutorial_dag']) retrieved from /home/ris/PycharmProjects/pythonProject/USA-housing/venv/lib/python3.10/site-packages/airflow/example_dags/tutorial_dag.py
[2023-03-07T18:31:24.791+0530] {logging_mixin.py:137} INFO - [2023-03-07T18:31:24.791+0530] {dag.py:2690} INFO - Sync 1 DAGs
[2023-03-07T18:31:24.808+0530] {logging_mixin.py:137} INFO - [2023-03-07T18:31:24.808+0530] {dag.py:3437} INFO - Setting next_dagrun for tutorial_dag to None, run_after=None
[2023-03-07T18:31:24.828+0530] {processor.py:175} INFO - Processing /home/ris/PycharmProjects/pythonProject/USA-housing/venv/lib/python3.10/site-packages/airflow/example_dags/tutorial_dag.py took 0.068 seconds
[2023-03-07T18:32:03.801+0530] {processor.py:153} INFO - Started process (PID=9092) to work on /home/ris/PycharmProjects/pythonProject/USA-housing/venv/lib/python3.10/site-packages/airflow/example_dags/tutorial_dag.py
[2023-03-07T18:32:03.803+0530] {processor.py:743} INFO - Processing file /home/ris/PycharmProjects/pythonProject/USA-housing/venv/lib/python3.10/site-packages/airflow/example_dags/tutorial_dag.py for tasks to queue
[2023-03-07T18:32:03.804+0530] {logging_mixin.py:137} INFO - [2023-03-07T18:32:03.804+0530] {dagbag.py:538} INFO - Filling up the DagBag from /home/ris/PycharmProjects/pythonProject/USA-housing/venv/lib/python3.10/site-packages/airflow/example_dags/tutorial_dag.py
[2023-03-07T18:32:03.810+0530] {processor.py:753} INFO - DAG(s) dict_keys(['tutorial_dag']) retrieved from /home/ris/PycharmProjects/pythonProject/USA-housing/venv/lib/python3.10/site-packages/airflow/example_dags/tutorial_dag.py
[2023-03-07T18:32:03.829+0530] {logging_mixin.py:137} INFO - [2023-03-07T18:32:03.828+0530] {dag.py:2690} INFO - Sync 1 DAGs
[2023-03-07T18:32:03.845+0530] {logging_mixin.py:137} INFO - [2023-03-07T18:32:03.845+0530] {dag.py:3437} INFO - Setting next_dagrun for tutorial_dag to None, run_after=None
[2023-03-07T18:32:03.865+0530] {processor.py:175} INFO - Processing /home/ris/PycharmProjects/pythonProject/USA-housing/venv/lib/python3.10/site-packages/airflow/example_dags/tutorial_dag.py took 0.067 seconds
[2023-03-07T18:32:37.022+0530] {processor.py:153} INFO - Started process (PID=9130) to work on /home/ris/PycharmProjects/pythonProject/USA-housing/venv/lib/python3.10/site-packages/airflow/example_dags/tutorial_dag.py
[2023-03-07T18:32:37.023+0530] {processor.py:743} INFO - Processing file /home/ris/PycharmProjects/pythonProject/USA-housing/venv/lib/python3.10/site-packages/airflow/example_dags/tutorial_dag.py for tasks to queue
[2023-03-07T18:32:37.024+0530] {logging_mixin.py:137} INFO - [2023-03-07T18:32:37.024+0530] {dagbag.py:538} INFO - Filling up the DagBag from /home/ris/PycharmProjects/pythonProject/USA-housing/venv/lib/python3.10/site-packages/airflow/example_dags/tutorial_dag.py
[2023-03-07T18:32:37.030+0530] {processor.py:753} INFO - DAG(s) dict_keys(['tutorial_dag']) retrieved from /home/ris/PycharmProjects/pythonProject/USA-housing/venv/lib/python3.10/site-packages/airflow/example_dags/tutorial_dag.py
[2023-03-07T18:32:37.046+0530] {logging_mixin.py:137} INFO - [2023-03-07T18:32:37.046+0530] {dag.py:2690} INFO - Sync 1 DAGs
[2023-03-07T18:32:37.061+0530] {logging_mixin.py:137} INFO - [2023-03-07T18:32:37.060+0530] {dag.py:3437} INFO - Setting next_dagrun for tutorial_dag to None, run_after=None
[2023-03-07T18:32:37.080+0530] {processor.py:175} INFO - Processing /home/ris/PycharmProjects/pythonProject/USA-housing/venv/lib/python3.10/site-packages/airflow/example_dags/tutorial_dag.py took 0.061 seconds
[2023-03-07T18:33:13.252+0530] {processor.py:153} INFO - Started process (PID=9172) to work on /home/ris/PycharmProjects/pythonProject/USA-housing/venv/lib/python3.10/site-packages/airflow/example_dags/tutorial_dag.py
[2023-03-07T18:33:13.253+0530] {processor.py:743} INFO - Processing file /home/ris/PycharmProjects/pythonProject/USA-housing/venv/lib/python3.10/site-packages/airflow/example_dags/tutorial_dag.py for tasks to queue
[2023-03-07T18:33:13.254+0530] {logging_mixin.py:137} INFO - [2023-03-07T18:33:13.254+0530] {dagbag.py:538} INFO - Filling up the DagBag from /home/ris/PycharmProjects/pythonProject/USA-housing/venv/lib/python3.10/site-packages/airflow/example_dags/tutorial_dag.py
[2023-03-07T18:33:13.260+0530] {processor.py:753} INFO - DAG(s) dict_keys(['tutorial_dag']) retrieved from /home/ris/PycharmProjects/pythonProject/USA-housing/venv/lib/python3.10/site-packages/airflow/example_dags/tutorial_dag.py
[2023-03-07T18:33:13.277+0530] {logging_mixin.py:137} INFO - [2023-03-07T18:33:13.277+0530] {dag.py:2690} INFO - Sync 1 DAGs
[2023-03-07T18:33:13.292+0530] {logging_mixin.py:137} INFO - [2023-03-07T18:33:13.292+0530] {dag.py:3437} INFO - Setting next_dagrun for tutorial_dag to None, run_after=None
[2023-03-07T18:33:13.312+0530] {processor.py:175} INFO - Processing /home/ris/PycharmProjects/pythonProject/USA-housing/venv/lib/python3.10/site-packages/airflow/example_dags/tutorial_dag.py took 0.063 seconds
[2023-03-07T18:33:52.117+0530] {processor.py:153} INFO - Started process (PID=9214) to work on /home/ris/PycharmProjects/pythonProject/USA-housing/venv/lib/python3.10/site-packages/airflow/example_dags/tutorial_dag.py
[2023-03-07T18:33:52.119+0530] {processor.py:743} INFO - Processing file /home/ris/PycharmProjects/pythonProject/USA-housing/venv/lib/python3.10/site-packages/airflow/example_dags/tutorial_dag.py for tasks to queue
[2023-03-07T18:33:52.120+0530] {logging_mixin.py:137} INFO - [2023-03-07T18:33:52.119+0530] {dagbag.py:538} INFO - Filling up the DagBag from /home/ris/PycharmProjects/pythonProject/USA-housing/venv/lib/python3.10/site-packages/airflow/example_dags/tutorial_dag.py
[2023-03-07T18:33:52.125+0530] {processor.py:753} INFO - DAG(s) dict_keys(['tutorial_dag']) retrieved from /home/ris/PycharmProjects/pythonProject/USA-housing/venv/lib/python3.10/site-packages/airflow/example_dags/tutorial_dag.py
[2023-03-07T18:33:52.143+0530] {logging_mixin.py:137} INFO - [2023-03-07T18:33:52.143+0530] {dag.py:2690} INFO - Sync 1 DAGs
[2023-03-07T18:33:52.159+0530] {logging_mixin.py:137} INFO - [2023-03-07T18:33:52.158+0530] {dag.py:3437} INFO - Setting next_dagrun for tutorial_dag to None, run_after=None
[2023-03-07T18:33:52.178+0530] {processor.py:175} INFO - Processing /home/ris/PycharmProjects/pythonProject/USA-housing/venv/lib/python3.10/site-packages/airflow/example_dags/tutorial_dag.py took 0.063 seconds
[2023-03-07T18:34:25.345+0530] {processor.py:153} INFO - Started process (PID=9254) to work on /home/ris/PycharmProjects/pythonProject/USA-housing/venv/lib/python3.10/site-packages/airflow/example_dags/tutorial_dag.py
[2023-03-07T18:34:25.347+0530] {processor.py:743} INFO - Processing file /home/ris/PycharmProjects/pythonProject/USA-housing/venv/lib/python3.10/site-packages/airflow/example_dags/tutorial_dag.py for tasks to queue
[2023-03-07T18:34:25.347+0530] {logging_mixin.py:137} INFO - [2023-03-07T18:34:25.347+0530] {dagbag.py:538} INFO - Filling up the DagBag from /home/ris/PycharmProjects/pythonProject/USA-housing/venv/lib/python3.10/site-packages/airflow/example_dags/tutorial_dag.py
[2023-03-07T18:34:25.353+0530] {processor.py:753} INFO - DAG(s) dict_keys(['tutorial_dag']) retrieved from /home/ris/PycharmProjects/pythonProject/USA-housing/venv/lib/python3.10/site-packages/airflow/example_dags/tutorial_dag.py
[2023-03-07T18:34:25.370+0530] {logging_mixin.py:137} INFO - [2023-03-07T18:34:25.370+0530] {dag.py:2690} INFO - Sync 1 DAGs
[2023-03-07T18:34:25.386+0530] {logging_mixin.py:137} INFO - [2023-03-07T18:34:25.386+0530] {dag.py:3437} INFO - Setting next_dagrun for tutorial_dag to None, run_after=None
[2023-03-07T18:34:25.408+0530] {processor.py:175} INFO - Processing /home/ris/PycharmProjects/pythonProject/USA-housing/venv/lib/python3.10/site-packages/airflow/example_dags/tutorial_dag.py took 0.066 seconds
[2023-03-07T18:35:00.018+0530] {processor.py:153} INFO - Started process (PID=9292) to work on /home/ris/PycharmProjects/pythonProject/USA-housing/venv/lib/python3.10/site-packages/airflow/example_dags/tutorial_dag.py
[2023-03-07T18:35:00.020+0530] {processor.py:743} INFO - Processing file /home/ris/PycharmProjects/pythonProject/USA-housing/venv/lib/python3.10/site-packages/airflow/example_dags/tutorial_dag.py for tasks to queue
[2023-03-07T18:35:00.020+0530] {logging_mixin.py:137} INFO - [2023-03-07T18:35:00.020+0530] {dagbag.py:538} INFO - Filling up the DagBag from /home/ris/PycharmProjects/pythonProject/USA-housing/venv/lib/python3.10/site-packages/airflow/example_dags/tutorial_dag.py
[2023-03-07T18:35:00.026+0530] {processor.py:753} INFO - DAG(s) dict_keys(['tutorial_dag']) retrieved from /home/ris/PycharmProjects/pythonProject/USA-housing/venv/lib/python3.10/site-packages/airflow/example_dags/tutorial_dag.py
[2023-03-07T18:35:00.046+0530] {logging_mixin.py:137} INFO - [2023-03-07T18:35:00.045+0530] {dag.py:2690} INFO - Sync 1 DAGs
[2023-03-07T18:35:00.064+0530] {logging_mixin.py:137} INFO - [2023-03-07T18:35:00.064+0530] {dag.py:3437} INFO - Setting next_dagrun for tutorial_dag to None, run_after=None
[2023-03-07T18:35:00.085+0530] {processor.py:175} INFO - Processing /home/ris/PycharmProjects/pythonProject/USA-housing/venv/lib/python3.10/site-packages/airflow/example_dags/tutorial_dag.py took 0.071 seconds
[2023-03-07T18:35:37.057+0530] {processor.py:153} INFO - Started process (PID=9355) to work on /home/ris/PycharmProjects/pythonProject/USA-housing/venv/lib/python3.10/site-packages/airflow/example_dags/tutorial_dag.py
[2023-03-07T18:35:37.059+0530] {processor.py:743} INFO - Processing file /home/ris/PycharmProjects/pythonProject/USA-housing/venv/lib/python3.10/site-packages/airflow/example_dags/tutorial_dag.py for tasks to queue
[2023-03-07T18:35:37.060+0530] {logging_mixin.py:137} INFO - [2023-03-07T18:35:37.060+0530] {dagbag.py:538} INFO - Filling up the DagBag from /home/ris/PycharmProjects/pythonProject/USA-housing/venv/lib/python3.10/site-packages/airflow/example_dags/tutorial_dag.py
[2023-03-07T18:35:37.066+0530] {processor.py:753} INFO - DAG(s) dict_keys(['tutorial_dag']) retrieved from /home/ris/PycharmProjects/pythonProject/USA-housing/venv/lib/python3.10/site-packages/airflow/example_dags/tutorial_dag.py
[2023-03-07T18:35:37.082+0530] {logging_mixin.py:137} INFO - [2023-03-07T18:35:37.082+0530] {dag.py:2690} INFO - Sync 1 DAGs
[2023-03-07T18:35:37.099+0530] {logging_mixin.py:137} INFO - [2023-03-07T18:35:37.098+0530] {dag.py:3437} INFO - Setting next_dagrun for tutorial_dag to None, run_after=None
[2023-03-07T18:35:37.117+0530] {processor.py:175} INFO - Processing /home/ris/PycharmProjects/pythonProject/USA-housing/venv/lib/python3.10/site-packages/airflow/example_dags/tutorial_dag.py took 0.062 seconds
[2023-03-07T18:36:14.859+0530] {processor.py:153} INFO - Started process (PID=9397) to work on /home/ris/PycharmProjects/pythonProject/USA-housing/venv/lib/python3.10/site-packages/airflow/example_dags/tutorial_dag.py
[2023-03-07T18:36:14.860+0530] {processor.py:743} INFO - Processing file /home/ris/PycharmProjects/pythonProject/USA-housing/venv/lib/python3.10/site-packages/airflow/example_dags/tutorial_dag.py for tasks to queue
[2023-03-07T18:36:14.861+0530] {logging_mixin.py:137} INFO - [2023-03-07T18:36:14.861+0530] {dagbag.py:538} INFO - Filling up the DagBag from /home/ris/PycharmProjects/pythonProject/USA-housing/venv/lib/python3.10/site-packages/airflow/example_dags/tutorial_dag.py
[2023-03-07T18:36:14.867+0530] {processor.py:753} INFO - DAG(s) dict_keys(['tutorial_dag']) retrieved from /home/ris/PycharmProjects/pythonProject/USA-housing/venv/lib/python3.10/site-packages/airflow/example_dags/tutorial_dag.py
[2023-03-07T18:36:14.884+0530] {logging_mixin.py:137} INFO - [2023-03-07T18:36:14.884+0530] {dag.py:2690} INFO - Sync 1 DAGs
[2023-03-07T18:36:14.900+0530] {logging_mixin.py:137} INFO - [2023-03-07T18:36:14.899+0530] {dag.py:3437} INFO - Setting next_dagrun for tutorial_dag to None, run_after=None
[2023-03-07T18:36:14.918+0530] {processor.py:175} INFO - Processing /home/ris/PycharmProjects/pythonProject/USA-housing/venv/lib/python3.10/site-packages/airflow/example_dags/tutorial_dag.py took 0.062 seconds
[2023-03-07T18:36:50.929+0530] {processor.py:153} INFO - Started process (PID=9438) to work on /home/ris/PycharmProjects/pythonProject/USA-housing/venv/lib/python3.10/site-packages/airflow/example_dags/tutorial_dag.py
[2023-03-07T18:36:50.930+0530] {processor.py:743} INFO - Processing file /home/ris/PycharmProjects/pythonProject/USA-housing/venv/lib/python3.10/site-packages/airflow/example_dags/tutorial_dag.py for tasks to queue
[2023-03-07T18:36:50.931+0530] {logging_mixin.py:137} INFO - [2023-03-07T18:36:50.931+0530] {dagbag.py:538} INFO - Filling up the DagBag from /home/ris/PycharmProjects/pythonProject/USA-housing/venv/lib/python3.10/site-packages/airflow/example_dags/tutorial_dag.py
[2023-03-07T18:36:50.937+0530] {processor.py:753} INFO - DAG(s) dict_keys(['tutorial_dag']) retrieved from /home/ris/PycharmProjects/pythonProject/USA-housing/venv/lib/python3.10/site-packages/airflow/example_dags/tutorial_dag.py
[2023-03-07T18:36:50.953+0530] {logging_mixin.py:137} INFO - [2023-03-07T18:36:50.953+0530] {dag.py:2690} INFO - Sync 1 DAGs
[2023-03-07T18:36:50.969+0530] {logging_mixin.py:137} INFO - [2023-03-07T18:36:50.969+0530] {dag.py:3437} INFO - Setting next_dagrun for tutorial_dag to None, run_after=None
[2023-03-07T18:36:50.988+0530] {processor.py:175} INFO - Processing /home/ris/PycharmProjects/pythonProject/USA-housing/venv/lib/python3.10/site-packages/airflow/example_dags/tutorial_dag.py took 0.062 seconds
[2023-03-07T18:37:30.951+0530] {processor.py:153} INFO - Started process (PID=9521) to work on /home/ris/PycharmProjects/pythonProject/USA-housing/venv/lib/python3.10/site-packages/airflow/example_dags/tutorial_dag.py
[2023-03-07T18:37:30.952+0530] {processor.py:743} INFO - Processing file /home/ris/PycharmProjects/pythonProject/USA-housing/venv/lib/python3.10/site-packages/airflow/example_dags/tutorial_dag.py for tasks to queue
[2023-03-07T18:37:30.953+0530] {logging_mixin.py:137} INFO - [2023-03-07T18:37:30.953+0530] {dagbag.py:538} INFO - Filling up the DagBag from /home/ris/PycharmProjects/pythonProject/USA-housing/venv/lib/python3.10/site-packages/airflow/example_dags/tutorial_dag.py
[2023-03-07T18:37:30.959+0530] {processor.py:753} INFO - DAG(s) dict_keys(['tutorial_dag']) retrieved from /home/ris/PycharmProjects/pythonProject/USA-housing/venv/lib/python3.10/site-packages/airflow/example_dags/tutorial_dag.py
[2023-03-07T18:37:30.975+0530] {logging_mixin.py:137} INFO - [2023-03-07T18:37:30.975+0530] {dag.py:2690} INFO - Sync 1 DAGs
[2023-03-07T18:37:30.991+0530] {logging_mixin.py:137} INFO - [2023-03-07T18:37:30.991+0530] {dag.py:3437} INFO - Setting next_dagrun for tutorial_dag to None, run_after=None
[2023-03-07T18:37:31.011+0530] {processor.py:175} INFO - Processing /home/ris/PycharmProjects/pythonProject/USA-housing/venv/lib/python3.10/site-packages/airflow/example_dags/tutorial_dag.py took 0.063 seconds
[2023-03-07T18:38:08.401+0530] {processor.py:153} INFO - Started process (PID=9566) to work on /home/ris/PycharmProjects/pythonProject/USA-housing/venv/lib/python3.10/site-packages/airflow/example_dags/tutorial_dag.py
[2023-03-07T18:38:08.402+0530] {processor.py:743} INFO - Processing file /home/ris/PycharmProjects/pythonProject/USA-housing/venv/lib/python3.10/site-packages/airflow/example_dags/tutorial_dag.py for tasks to queue
[2023-03-07T18:38:08.403+0530] {logging_mixin.py:137} INFO - [2023-03-07T18:38:08.403+0530] {dagbag.py:538} INFO - Filling up the DagBag from /home/ris/PycharmProjects/pythonProject/USA-housing/venv/lib/python3.10/site-packages/airflow/example_dags/tutorial_dag.py
[2023-03-07T18:38:08.408+0530] {processor.py:753} INFO - DAG(s) dict_keys(['tutorial_dag']) retrieved from /home/ris/PycharmProjects/pythonProject/USA-housing/venv/lib/python3.10/site-packages/airflow/example_dags/tutorial_dag.py
[2023-03-07T18:38:08.424+0530] {logging_mixin.py:137} INFO - [2023-03-07T18:38:08.424+0530] {dag.py:2690} INFO - Sync 1 DAGs
[2023-03-07T18:38:08.439+0530] {logging_mixin.py:137} INFO - [2023-03-07T18:38:08.439+0530] {dag.py:3437} INFO - Setting next_dagrun for tutorial_dag to None, run_after=None
[2023-03-07T18:38:08.459+0530] {processor.py:175} INFO - Processing /home/ris/PycharmProjects/pythonProject/USA-housing/venv/lib/python3.10/site-packages/airflow/example_dags/tutorial_dag.py took 0.061 seconds
[2023-03-07T18:38:47.091+0530] {processor.py:153} INFO - Started process (PID=9634) to work on /home/ris/PycharmProjects/pythonProject/USA-housing/venv/lib/python3.10/site-packages/airflow/example_dags/tutorial_dag.py
[2023-03-07T18:38:47.093+0530] {processor.py:743} INFO - Processing file /home/ris/PycharmProjects/pythonProject/USA-housing/venv/lib/python3.10/site-packages/airflow/example_dags/tutorial_dag.py for tasks to queue
[2023-03-07T18:38:47.093+0530] {logging_mixin.py:137} INFO - [2023-03-07T18:38:47.093+0530] {dagbag.py:538} INFO - Filling up the DagBag from /home/ris/PycharmProjects/pythonProject/USA-housing/venv/lib/python3.10/site-packages/airflow/example_dags/tutorial_dag.py
[2023-03-07T18:38:47.098+0530] {processor.py:753} INFO - DAG(s) dict_keys(['tutorial_dag']) retrieved from /home/ris/PycharmProjects/pythonProject/USA-housing/venv/lib/python3.10/site-packages/airflow/example_dags/tutorial_dag.py
[2023-03-07T18:38:47.113+0530] {logging_mixin.py:137} INFO - [2023-03-07T18:38:47.113+0530] {dag.py:2690} INFO - Sync 1 DAGs
[2023-03-07T18:38:47.126+0530] {logging_mixin.py:137} INFO - [2023-03-07T18:38:47.126+0530] {dag.py:3437} INFO - Setting next_dagrun for tutorial_dag to None, run_after=None
[2023-03-07T18:38:47.143+0530] {processor.py:175} INFO - Processing /home/ris/PycharmProjects/pythonProject/USA-housing/venv/lib/python3.10/site-packages/airflow/example_dags/tutorial_dag.py took 0.055 seconds
[2023-03-07T18:39:27.041+0530] {processor.py:153} INFO - Started process (PID=9681) to work on /home/ris/PycharmProjects/pythonProject/USA-housing/venv/lib/python3.10/site-packages/airflow/example_dags/tutorial_dag.py
[2023-03-07T18:39:27.043+0530] {processor.py:743} INFO - Processing file /home/ris/PycharmProjects/pythonProject/USA-housing/venv/lib/python3.10/site-packages/airflow/example_dags/tutorial_dag.py for tasks to queue
[2023-03-07T18:39:27.043+0530] {logging_mixin.py:137} INFO - [2023-03-07T18:39:27.043+0530] {dagbag.py:538} INFO - Filling up the DagBag from /home/ris/PycharmProjects/pythonProject/USA-housing/venv/lib/python3.10/site-packages/airflow/example_dags/tutorial_dag.py
[2023-03-07T18:39:27.048+0530] {processor.py:753} INFO - DAG(s) dict_keys(['tutorial_dag']) retrieved from /home/ris/PycharmProjects/pythonProject/USA-housing/venv/lib/python3.10/site-packages/airflow/example_dags/tutorial_dag.py
[2023-03-07T18:39:27.063+0530] {logging_mixin.py:137} INFO - [2023-03-07T18:39:27.063+0530] {dag.py:2690} INFO - Sync 1 DAGs
[2023-03-07T18:39:27.077+0530] {logging_mixin.py:137} INFO - [2023-03-07T18:39:27.077+0530] {dag.py:3437} INFO - Setting next_dagrun for tutorial_dag to None, run_after=None
[2023-03-07T18:39:27.093+0530] {processor.py:175} INFO - Processing /home/ris/PycharmProjects/pythonProject/USA-housing/venv/lib/python3.10/site-packages/airflow/example_dags/tutorial_dag.py took 0.056 seconds
[2023-03-07T18:40:11.240+0530] {processor.py:153} INFO - Started process (PID=9727) to work on /home/ris/PycharmProjects/pythonProject/USA-housing/venv/lib/python3.10/site-packages/airflow/example_dags/tutorial_dag.py
[2023-03-07T18:40:11.243+0530] {processor.py:743} INFO - Processing file /home/ris/PycharmProjects/pythonProject/USA-housing/venv/lib/python3.10/site-packages/airflow/example_dags/tutorial_dag.py for tasks to queue
[2023-03-07T18:40:11.245+0530] {logging_mixin.py:137} INFO - [2023-03-07T18:40:11.245+0530] {dagbag.py:538} INFO - Filling up the DagBag from /home/ris/PycharmProjects/pythonProject/USA-housing/venv/lib/python3.10/site-packages/airflow/example_dags/tutorial_dag.py
[2023-03-07T18:40:11.255+0530] {processor.py:753} INFO - DAG(s) dict_keys(['tutorial_dag']) retrieved from /home/ris/PycharmProjects/pythonProject/USA-housing/venv/lib/python3.10/site-packages/airflow/example_dags/tutorial_dag.py
[2023-03-07T18:40:11.284+0530] {logging_mixin.py:137} INFO - [2023-03-07T18:40:11.284+0530] {dag.py:2690} INFO - Sync 1 DAGs
[2023-03-07T18:40:11.298+0530] {logging_mixin.py:137} INFO - [2023-03-07T18:40:11.298+0530] {dag.py:3437} INFO - Setting next_dagrun for tutorial_dag to None, run_after=None
[2023-03-07T18:40:11.314+0530] {processor.py:175} INFO - Processing /home/ris/PycharmProjects/pythonProject/USA-housing/venv/lib/python3.10/site-packages/airflow/example_dags/tutorial_dag.py took 0.078 seconds
[2023-03-07T18:40:50.095+0530] {processor.py:153} INFO - Started process (PID=9770) to work on /home/ris/PycharmProjects/pythonProject/USA-housing/venv/lib/python3.10/site-packages/airflow/example_dags/tutorial_dag.py
[2023-03-07T18:40:50.098+0530] {processor.py:743} INFO - Processing file /home/ris/PycharmProjects/pythonProject/USA-housing/venv/lib/python3.10/site-packages/airflow/example_dags/tutorial_dag.py for tasks to queue
[2023-03-07T18:40:50.099+0530] {logging_mixin.py:137} INFO - [2023-03-07T18:40:50.098+0530] {dagbag.py:538} INFO - Filling up the DagBag from /home/ris/PycharmProjects/pythonProject/USA-housing/venv/lib/python3.10/site-packages/airflow/example_dags/tutorial_dag.py
[2023-03-07T18:40:50.110+0530] {processor.py:753} INFO - DAG(s) dict_keys(['tutorial_dag']) retrieved from /home/ris/PycharmProjects/pythonProject/USA-housing/venv/lib/python3.10/site-packages/airflow/example_dags/tutorial_dag.py
[2023-03-07T18:40:50.138+0530] {logging_mixin.py:137} INFO - [2023-03-07T18:40:50.138+0530] {dag.py:2690} INFO - Sync 1 DAGs
[2023-03-07T18:40:50.152+0530] {logging_mixin.py:137} INFO - [2023-03-07T18:40:50.152+0530] {dag.py:3437} INFO - Setting next_dagrun for tutorial_dag to None, run_after=None
[2023-03-07T18:40:50.170+0530] {processor.py:175} INFO - Processing /home/ris/PycharmProjects/pythonProject/USA-housing/venv/lib/python3.10/site-packages/airflow/example_dags/tutorial_dag.py took 0.079 seconds
