[2023-03-01T13:09:30.594+0530] {taskinstance.py:1083} INFO - Dependencies all met for <TaskInstance: example_task_group.section_1.task_2 scheduled__2023-02-28T07:38:44.573022+00:00 [queued]>
[2023-03-01T13:09:30.609+0530] {taskinstance.py:1083} INFO - Dependencies all met for <TaskInstance: example_task_group.section_1.task_2 scheduled__2023-02-28T07:38:44.573022+00:00 [queued]>
[2023-03-01T13:09:30.610+0530] {taskinstance.py:1279} INFO - 
--------------------------------------------------------------------------------
[2023-03-01T13:09:30.610+0530] {taskinstance.py:1280} INFO - Starting attempt 1 of 1
[2023-03-01T13:09:30.610+0530] {taskinstance.py:1281} INFO - 
--------------------------------------------------------------------------------
[2023-03-01T13:09:30.632+0530] {taskinstance.py:1300} INFO - Executing <Task(BashOperator): section_1.task_2> on 2023-02-28 07:38:44.573022+00:00
[2023-03-01T13:09:30.642+0530] {standard_task_runner.py:55} INFO - Started process 7645 to run task
[2023-03-01T13:09:30.647+0530] {standard_task_runner.py:82} INFO - Running: ['airflow', 'tasks', 'run', 'example_task_group', 'section_1.task_2', 'scheduled__2023-02-28T07:38:44.573022+00:00', '--job-id', '2', '--raw', '--subdir', '/home/ris/PycharmProjects/pythonProject/USA-housing/venv/lib/python3.10/site-packages/airflow/example_dags/example_task_group.py', '--cfg-path', '/tmp/tmpf97zm86u']
[2023-03-01T13:09:30.649+0530] {standard_task_runner.py:83} INFO - Job 2: Subtask section_1.task_2
[2023-03-01T13:09:30.717+0530] {task_command.py:388} INFO - Running <TaskInstance: example_task_group.section_1.task_2 scheduled__2023-02-28T07:38:44.573022+00:00 [running]> on host ris
[2023-03-01T13:09:30.795+0530] {taskinstance.py:1507} INFO - Exporting the following env vars:
AIRFLOW_CTX_DAG_OWNER=airflow
AIRFLOW_CTX_DAG_ID=example_task_group
AIRFLOW_CTX_TASK_ID=section_1.task_2
AIRFLOW_CTX_EXECUTION_DATE=2023-02-28T07:38:44.573022+00:00
AIRFLOW_CTX_TRY_NUMBER=1
AIRFLOW_CTX_DAG_RUN_ID=scheduled__2023-02-28T07:38:44.573022+00:00
[2023-03-01T13:09:30.796+0530] {subprocess.py:63} INFO - Tmp dir root location: 
 /tmp
[2023-03-01T13:09:30.797+0530] {subprocess.py:75} INFO - Running command: ['/usr/bin/bash', '-c', 'echo 1']
[2023-03-01T13:09:30.814+0530] {subprocess.py:86} INFO - Output:
[2023-03-01T13:09:30.816+0530] {subprocess.py:93} INFO - 1
[2023-03-01T13:09:30.816+0530] {subprocess.py:97} INFO - Command exited with return code 0
[2023-03-01T13:09:30.840+0530] {taskinstance.py:1318} INFO - Marking task as SUCCESS. dag_id=example_task_group, task_id=section_1.task_2, execution_date=20230228T073844, start_date=20230301T073930, end_date=20230301T073930
[2023-03-01T13:09:30.899+0530] {local_task_job.py:208} INFO - Task exited with return code 0
[2023-03-01T13:09:30.944+0530] {taskinstance.py:2578} INFO - 3 downstream tasks scheduled from follow-on schedule check
