[2023-03-04T09:23:38.307+0530] {processor.py:153} INFO - Started process (PID=29519) to work on /home/ris/PycharmProjects/pythonProject/USA-housing/venv/lib/python3.10/site-packages/airflow/example_dags/example_sensors.py
[2023-03-04T09:23:38.308+0530] {processor.py:743} INFO - Processing file /home/ris/PycharmProjects/pythonProject/USA-housing/venv/lib/python3.10/site-packages/airflow/example_dags/example_sensors.py for tasks to queue
[2023-03-04T09:23:38.309+0530] {logging_mixin.py:137} INFO - [2023-03-04T09:23:38.309+0530] {dagbag.py:538} INFO - Filling up the DagBag from /home/ris/PycharmProjects/pythonProject/USA-housing/venv/lib/python3.10/site-packages/airflow/example_dags/example_sensors.py
[2023-03-04T09:23:38.344+0530] {processor.py:753} INFO - DAG(s) dict_keys(['example_sensors']) retrieved from /home/ris/PycharmProjects/pythonProject/USA-housing/venv/lib/python3.10/site-packages/airflow/example_dags/example_sensors.py
[2023-03-04T09:23:38.370+0530] {logging_mixin.py:137} INFO - [2023-03-04T09:23:38.370+0530] {dag.py:2690} INFO - Sync 1 DAGs
[2023-03-04T09:23:38.394+0530] {logging_mixin.py:137} INFO - [2023-03-04T09:23:38.394+0530] {dag.py:3437} INFO - Setting next_dagrun for example_sensors to None, run_after=None
[2023-03-04T09:23:38.418+0530] {processor.py:175} INFO - Processing /home/ris/PycharmProjects/pythonProject/USA-housing/venv/lib/python3.10/site-packages/airflow/example_dags/example_sensors.py took 0.115 seconds
[2023-03-04T09:24:20.456+0530] {processor.py:153} INFO - Started process (PID=29754) to work on /home/ris/PycharmProjects/pythonProject/USA-housing/venv/lib/python3.10/site-packages/airflow/example_dags/example_sensors.py
[2023-03-04T09:24:20.458+0530] {processor.py:743} INFO - Processing file /home/ris/PycharmProjects/pythonProject/USA-housing/venv/lib/python3.10/site-packages/airflow/example_dags/example_sensors.py for tasks to queue
[2023-03-04T09:24:20.459+0530] {logging_mixin.py:137} INFO - [2023-03-04T09:24:20.459+0530] {dagbag.py:538} INFO - Filling up the DagBag from /home/ris/PycharmProjects/pythonProject/USA-housing/venv/lib/python3.10/site-packages/airflow/example_dags/example_sensors.py
[2023-03-04T09:24:20.494+0530] {processor.py:753} INFO - DAG(s) dict_keys(['example_sensors']) retrieved from /home/ris/PycharmProjects/pythonProject/USA-housing/venv/lib/python3.10/site-packages/airflow/example_dags/example_sensors.py
[2023-03-04T09:24:20.514+0530] {logging_mixin.py:137} INFO - [2023-03-04T09:24:20.514+0530] {dag.py:2690} INFO - Sync 1 DAGs
[2023-03-04T09:24:20.531+0530] {logging_mixin.py:137} INFO - [2023-03-04T09:24:20.531+0530] {dag.py:3437} INFO - Setting next_dagrun for example_sensors to None, run_after=None
[2023-03-04T09:24:20.548+0530] {processor.py:175} INFO - Processing /home/ris/PycharmProjects/pythonProject/USA-housing/venv/lib/python3.10/site-packages/airflow/example_dags/example_sensors.py took 0.096 seconds
[2023-03-04T09:25:02.358+0530] {processor.py:153} INFO - Started process (PID=29800) to work on /home/ris/PycharmProjects/pythonProject/USA-housing/venv/lib/python3.10/site-packages/airflow/example_dags/example_sensors.py
[2023-03-04T09:25:02.361+0530] {processor.py:743} INFO - Processing file /home/ris/PycharmProjects/pythonProject/USA-housing/venv/lib/python3.10/site-packages/airflow/example_dags/example_sensors.py for tasks to queue
[2023-03-04T09:25:02.362+0530] {logging_mixin.py:137} INFO - [2023-03-04T09:25:02.361+0530] {dagbag.py:538} INFO - Filling up the DagBag from /home/ris/PycharmProjects/pythonProject/USA-housing/venv/lib/python3.10/site-packages/airflow/example_dags/example_sensors.py
[2023-03-04T09:25:02.396+0530] {processor.py:753} INFO - DAG(s) dict_keys(['example_sensors']) retrieved from /home/ris/PycharmProjects/pythonProject/USA-housing/venv/lib/python3.10/site-packages/airflow/example_dags/example_sensors.py
[2023-03-04T09:25:02.416+0530] {logging_mixin.py:137} INFO - [2023-03-04T09:25:02.415+0530] {dag.py:2690} INFO - Sync 1 DAGs
[2023-03-04T09:25:02.432+0530] {logging_mixin.py:137} INFO - [2023-03-04T09:25:02.432+0530] {dag.py:3437} INFO - Setting next_dagrun for example_sensors to None, run_after=None
[2023-03-04T09:25:02.451+0530] {processor.py:175} INFO - Processing /home/ris/PycharmProjects/pythonProject/USA-housing/venv/lib/python3.10/site-packages/airflow/example_dags/example_sensors.py took 0.097 seconds
[2023-03-04T09:25:46.046+0530] {processor.py:153} INFO - Started process (PID=30036) to work on /home/ris/PycharmProjects/pythonProject/USA-housing/venv/lib/python3.10/site-packages/airflow/example_dags/example_sensors.py
[2023-03-04T09:25:46.049+0530] {processor.py:743} INFO - Processing file /home/ris/PycharmProjects/pythonProject/USA-housing/venv/lib/python3.10/site-packages/airflow/example_dags/example_sensors.py for tasks to queue
[2023-03-04T09:25:46.050+0530] {logging_mixin.py:137} INFO - [2023-03-04T09:25:46.049+0530] {dagbag.py:538} INFO - Filling up the DagBag from /home/ris/PycharmProjects/pythonProject/USA-housing/venv/lib/python3.10/site-packages/airflow/example_dags/example_sensors.py
[2023-03-04T09:25:46.082+0530] {processor.py:753} INFO - DAG(s) dict_keys(['example_sensors']) retrieved from /home/ris/PycharmProjects/pythonProject/USA-housing/venv/lib/python3.10/site-packages/airflow/example_dags/example_sensors.py
[2023-03-04T09:25:46.108+0530] {logging_mixin.py:137} INFO - [2023-03-04T09:25:46.108+0530] {dag.py:2690} INFO - Sync 1 DAGs
[2023-03-04T09:25:46.131+0530] {logging_mixin.py:137} INFO - [2023-03-04T09:25:46.131+0530] {dag.py:3437} INFO - Setting next_dagrun for example_sensors to None, run_after=None
[2023-03-04T09:25:46.158+0530] {processor.py:175} INFO - Processing /home/ris/PycharmProjects/pythonProject/USA-housing/venv/lib/python3.10/site-packages/airflow/example_dags/example_sensors.py took 0.116 seconds
[2023-03-04T09:26:33.908+0530] {processor.py:153} INFO - Started process (PID=30128) to work on /home/ris/PycharmProjects/pythonProject/USA-housing/venv/lib/python3.10/site-packages/airflow/example_dags/example_sensors.py
[2023-03-04T09:26:33.910+0530] {processor.py:743} INFO - Processing file /home/ris/PycharmProjects/pythonProject/USA-housing/venv/lib/python3.10/site-packages/airflow/example_dags/example_sensors.py for tasks to queue
[2023-03-04T09:26:33.912+0530] {logging_mixin.py:137} INFO - [2023-03-04T09:26:33.911+0530] {dagbag.py:538} INFO - Filling up the DagBag from /home/ris/PycharmProjects/pythonProject/USA-housing/venv/lib/python3.10/site-packages/airflow/example_dags/example_sensors.py
[2023-03-04T09:26:33.947+0530] {processor.py:753} INFO - DAG(s) dict_keys(['example_sensors']) retrieved from /home/ris/PycharmProjects/pythonProject/USA-housing/venv/lib/python3.10/site-packages/airflow/example_dags/example_sensors.py
[2023-03-04T09:26:33.967+0530] {logging_mixin.py:137} INFO - [2023-03-04T09:26:33.967+0530] {dag.py:2690} INFO - Sync 1 DAGs
[2023-03-04T09:26:33.983+0530] {logging_mixin.py:137} INFO - [2023-03-04T09:26:33.983+0530] {dag.py:3437} INFO - Setting next_dagrun for example_sensors to None, run_after=None
[2023-03-04T09:26:34.000+0530] {processor.py:175} INFO - Processing /home/ris/PycharmProjects/pythonProject/USA-housing/venv/lib/python3.10/site-packages/airflow/example_dags/example_sensors.py took 0.096 seconds
[2023-03-04T09:27:22.863+0530] {processor.py:153} INFO - Started process (PID=30176) to work on /home/ris/PycharmProjects/pythonProject/USA-housing/venv/lib/python3.10/site-packages/airflow/example_dags/example_sensors.py
[2023-03-04T09:27:22.865+0530] {processor.py:743} INFO - Processing file /home/ris/PycharmProjects/pythonProject/USA-housing/venv/lib/python3.10/site-packages/airflow/example_dags/example_sensors.py for tasks to queue
[2023-03-04T09:27:22.866+0530] {logging_mixin.py:137} INFO - [2023-03-04T09:27:22.866+0530] {dagbag.py:538} INFO - Filling up the DagBag from /home/ris/PycharmProjects/pythonProject/USA-housing/venv/lib/python3.10/site-packages/airflow/example_dags/example_sensors.py
[2023-03-04T09:27:22.903+0530] {processor.py:753} INFO - DAG(s) dict_keys(['example_sensors']) retrieved from /home/ris/PycharmProjects/pythonProject/USA-housing/venv/lib/python3.10/site-packages/airflow/example_dags/example_sensors.py
[2023-03-04T09:27:22.922+0530] {logging_mixin.py:137} INFO - [2023-03-04T09:27:22.922+0530] {dag.py:2690} INFO - Sync 1 DAGs
[2023-03-04T09:27:22.938+0530] {logging_mixin.py:137} INFO - [2023-03-04T09:27:22.938+0530] {dag.py:3437} INFO - Setting next_dagrun for example_sensors to None, run_after=None
[2023-03-04T09:27:22.955+0530] {processor.py:175} INFO - Processing /home/ris/PycharmProjects/pythonProject/USA-housing/venv/lib/python3.10/site-packages/airflow/example_dags/example_sensors.py took 0.096 seconds
[2023-03-04T09:28:04.902+0530] {processor.py:153} INFO - Started process (PID=30221) to work on /home/ris/PycharmProjects/pythonProject/USA-housing/venv/lib/python3.10/site-packages/airflow/example_dags/example_sensors.py
[2023-03-04T09:28:04.905+0530] {processor.py:743} INFO - Processing file /home/ris/PycharmProjects/pythonProject/USA-housing/venv/lib/python3.10/site-packages/airflow/example_dags/example_sensors.py for tasks to queue
[2023-03-04T09:28:04.906+0530] {logging_mixin.py:137} INFO - [2023-03-04T09:28:04.906+0530] {dagbag.py:538} INFO - Filling up the DagBag from /home/ris/PycharmProjects/pythonProject/USA-housing/venv/lib/python3.10/site-packages/airflow/example_dags/example_sensors.py
[2023-03-04T09:28:04.942+0530] {processor.py:753} INFO - DAG(s) dict_keys(['example_sensors']) retrieved from /home/ris/PycharmProjects/pythonProject/USA-housing/venv/lib/python3.10/site-packages/airflow/example_dags/example_sensors.py
[2023-03-04T09:28:04.961+0530] {logging_mixin.py:137} INFO - [2023-03-04T09:28:04.960+0530] {dag.py:2690} INFO - Sync 1 DAGs
[2023-03-04T09:28:04.976+0530] {logging_mixin.py:137} INFO - [2023-03-04T09:28:04.976+0530] {dag.py:3437} INFO - Setting next_dagrun for example_sensors to None, run_after=None
[2023-03-04T09:28:04.995+0530] {processor.py:175} INFO - Processing /home/ris/PycharmProjects/pythonProject/USA-housing/venv/lib/python3.10/site-packages/airflow/example_dags/example_sensors.py took 0.097 seconds
[2023-03-04T09:28:49.229+0530] {processor.py:153} INFO - Started process (PID=30268) to work on /home/ris/PycharmProjects/pythonProject/USA-housing/venv/lib/python3.10/site-packages/airflow/example_dags/example_sensors.py
[2023-03-04T09:28:49.231+0530] {processor.py:743} INFO - Processing file /home/ris/PycharmProjects/pythonProject/USA-housing/venv/lib/python3.10/site-packages/airflow/example_dags/example_sensors.py for tasks to queue
[2023-03-04T09:28:49.232+0530] {logging_mixin.py:137} INFO - [2023-03-04T09:28:49.232+0530] {dagbag.py:538} INFO - Filling up the DagBag from /home/ris/PycharmProjects/pythonProject/USA-housing/venv/lib/python3.10/site-packages/airflow/example_dags/example_sensors.py
[2023-03-04T09:28:49.270+0530] {processor.py:753} INFO - DAG(s) dict_keys(['example_sensors']) retrieved from /home/ris/PycharmProjects/pythonProject/USA-housing/venv/lib/python3.10/site-packages/airflow/example_dags/example_sensors.py
[2023-03-04T09:28:49.288+0530] {logging_mixin.py:137} INFO - [2023-03-04T09:28:49.288+0530] {dag.py:2690} INFO - Sync 1 DAGs
[2023-03-04T09:28:49.305+0530] {logging_mixin.py:137} INFO - [2023-03-04T09:28:49.305+0530] {dag.py:3437} INFO - Setting next_dagrun for example_sensors to None, run_after=None
[2023-03-04T09:28:49.322+0530] {processor.py:175} INFO - Processing /home/ris/PycharmProjects/pythonProject/USA-housing/venv/lib/python3.10/site-packages/airflow/example_dags/example_sensors.py took 0.098 seconds
[2023-03-04T09:29:34.648+0530] {processor.py:153} INFO - Started process (PID=30314) to work on /home/ris/PycharmProjects/pythonProject/USA-housing/venv/lib/python3.10/site-packages/airflow/example_dags/example_sensors.py
[2023-03-04T09:29:34.650+0530] {processor.py:743} INFO - Processing file /home/ris/PycharmProjects/pythonProject/USA-housing/venv/lib/python3.10/site-packages/airflow/example_dags/example_sensors.py for tasks to queue
[2023-03-04T09:29:34.651+0530] {logging_mixin.py:137} INFO - [2023-03-04T09:29:34.651+0530] {dagbag.py:538} INFO - Filling up the DagBag from /home/ris/PycharmProjects/pythonProject/USA-housing/venv/lib/python3.10/site-packages/airflow/example_dags/example_sensors.py
[2023-03-04T09:29:34.683+0530] {processor.py:753} INFO - DAG(s) dict_keys(['example_sensors']) retrieved from /home/ris/PycharmProjects/pythonProject/USA-housing/venv/lib/python3.10/site-packages/airflow/example_dags/example_sensors.py
[2023-03-04T09:29:34.700+0530] {logging_mixin.py:137} INFO - [2023-03-04T09:29:34.700+0530] {dag.py:2690} INFO - Sync 1 DAGs
[2023-03-04T09:29:34.716+0530] {logging_mixin.py:137} INFO - [2023-03-04T09:29:34.716+0530] {dag.py:3437} INFO - Setting next_dagrun for example_sensors to None, run_after=None
[2023-03-04T09:29:34.733+0530] {processor.py:175} INFO - Processing /home/ris/PycharmProjects/pythonProject/USA-housing/venv/lib/python3.10/site-packages/airflow/example_dags/example_sensors.py took 0.090 seconds
[2023-03-04T09:30:23.778+0530] {processor.py:153} INFO - Started process (PID=30369) to work on /home/ris/PycharmProjects/pythonProject/USA-housing/venv/lib/python3.10/site-packages/airflow/example_dags/example_sensors.py
[2023-03-04T09:30:23.781+0530] {processor.py:743} INFO - Processing file /home/ris/PycharmProjects/pythonProject/USA-housing/venv/lib/python3.10/site-packages/airflow/example_dags/example_sensors.py for tasks to queue
[2023-03-04T09:30:23.783+0530] {logging_mixin.py:137} INFO - [2023-03-04T09:30:23.783+0530] {dagbag.py:538} INFO - Filling up the DagBag from /home/ris/PycharmProjects/pythonProject/USA-housing/venv/lib/python3.10/site-packages/airflow/example_dags/example_sensors.py
[2023-03-04T09:30:23.817+0530] {processor.py:753} INFO - DAG(s) dict_keys(['example_sensors']) retrieved from /home/ris/PycharmProjects/pythonProject/USA-housing/venv/lib/python3.10/site-packages/airflow/example_dags/example_sensors.py
[2023-03-04T09:30:23.836+0530] {logging_mixin.py:137} INFO - [2023-03-04T09:30:23.836+0530] {dag.py:2690} INFO - Sync 1 DAGs
[2023-03-04T09:30:23.852+0530] {logging_mixin.py:137} INFO - [2023-03-04T09:30:23.852+0530] {dag.py:3437} INFO - Setting next_dagrun for example_sensors to None, run_after=None
[2023-03-04T09:30:23.869+0530] {processor.py:175} INFO - Processing /home/ris/PycharmProjects/pythonProject/USA-housing/venv/lib/python3.10/site-packages/airflow/example_dags/example_sensors.py took 0.094 seconds
[2023-03-04T09:31:12.939+0530] {processor.py:153} INFO - Started process (PID=30418) to work on /home/ris/PycharmProjects/pythonProject/USA-housing/venv/lib/python3.10/site-packages/airflow/example_dags/example_sensors.py
[2023-03-04T09:31:12.941+0530] {processor.py:743} INFO - Processing file /home/ris/PycharmProjects/pythonProject/USA-housing/venv/lib/python3.10/site-packages/airflow/example_dags/example_sensors.py for tasks to queue
[2023-03-04T09:31:12.942+0530] {logging_mixin.py:137} INFO - [2023-03-04T09:31:12.942+0530] {dagbag.py:538} INFO - Filling up the DagBag from /home/ris/PycharmProjects/pythonProject/USA-housing/venv/lib/python3.10/site-packages/airflow/example_dags/example_sensors.py
[2023-03-04T09:31:12.978+0530] {processor.py:753} INFO - DAG(s) dict_keys(['example_sensors']) retrieved from /home/ris/PycharmProjects/pythonProject/USA-housing/venv/lib/python3.10/site-packages/airflow/example_dags/example_sensors.py
[2023-03-04T09:31:12.998+0530] {logging_mixin.py:137} INFO - [2023-03-04T09:31:12.998+0530] {dag.py:2690} INFO - Sync 1 DAGs
[2023-03-04T09:31:13.015+0530] {logging_mixin.py:137} INFO - [2023-03-04T09:31:13.015+0530] {dag.py:3437} INFO - Setting next_dagrun for example_sensors to None, run_after=None
[2023-03-04T09:31:13.035+0530] {processor.py:175} INFO - Processing /home/ris/PycharmProjects/pythonProject/USA-housing/venv/lib/python3.10/site-packages/airflow/example_dags/example_sensors.py took 0.100 seconds
[2023-03-04T09:31:57.985+0530] {processor.py:153} INFO - Started process (PID=30462) to work on /home/ris/PycharmProjects/pythonProject/USA-housing/venv/lib/python3.10/site-packages/airflow/example_dags/example_sensors.py
[2023-03-04T09:31:57.987+0530] {processor.py:743} INFO - Processing file /home/ris/PycharmProjects/pythonProject/USA-housing/venv/lib/python3.10/site-packages/airflow/example_dags/example_sensors.py for tasks to queue
[2023-03-04T09:31:57.989+0530] {logging_mixin.py:137} INFO - [2023-03-04T09:31:57.988+0530] {dagbag.py:538} INFO - Filling up the DagBag from /home/ris/PycharmProjects/pythonProject/USA-housing/venv/lib/python3.10/site-packages/airflow/example_dags/example_sensors.py
[2023-03-04T09:31:58.025+0530] {processor.py:753} INFO - DAG(s) dict_keys(['example_sensors']) retrieved from /home/ris/PycharmProjects/pythonProject/USA-housing/venv/lib/python3.10/site-packages/airflow/example_dags/example_sensors.py
[2023-03-04T09:31:58.044+0530] {logging_mixin.py:137} INFO - [2023-03-04T09:31:58.044+0530] {dag.py:2690} INFO - Sync 1 DAGs
[2023-03-04T09:31:58.060+0530] {logging_mixin.py:137} INFO - [2023-03-04T09:31:58.060+0530] {dag.py:3437} INFO - Setting next_dagrun for example_sensors to None, run_after=None
[2023-03-04T09:31:58.077+0530] {processor.py:175} INFO - Processing /home/ris/PycharmProjects/pythonProject/USA-housing/venv/lib/python3.10/site-packages/airflow/example_dags/example_sensors.py took 0.096 seconds
[2023-03-04T09:32:44.798+0530] {processor.py:153} INFO - Started process (PID=30510) to work on /home/ris/PycharmProjects/pythonProject/USA-housing/venv/lib/python3.10/site-packages/airflow/example_dags/example_sensors.py
[2023-03-04T09:32:44.800+0530] {processor.py:743} INFO - Processing file /home/ris/PycharmProjects/pythonProject/USA-housing/venv/lib/python3.10/site-packages/airflow/example_dags/example_sensors.py for tasks to queue
[2023-03-04T09:32:44.801+0530] {logging_mixin.py:137} INFO - [2023-03-04T09:32:44.801+0530] {dagbag.py:538} INFO - Filling up the DagBag from /home/ris/PycharmProjects/pythonProject/USA-housing/venv/lib/python3.10/site-packages/airflow/example_dags/example_sensors.py
[2023-03-04T09:32:44.836+0530] {processor.py:753} INFO - DAG(s) dict_keys(['example_sensors']) retrieved from /home/ris/PycharmProjects/pythonProject/USA-housing/venv/lib/python3.10/site-packages/airflow/example_dags/example_sensors.py
[2023-03-04T09:32:44.856+0530] {logging_mixin.py:137} INFO - [2023-03-04T09:32:44.855+0530] {dag.py:2690} INFO - Sync 1 DAGs
[2023-03-04T09:32:44.872+0530] {logging_mixin.py:137} INFO - [2023-03-04T09:32:44.872+0530] {dag.py:3437} INFO - Setting next_dagrun for example_sensors to None, run_after=None
[2023-03-04T09:32:44.890+0530] {processor.py:175} INFO - Processing /home/ris/PycharmProjects/pythonProject/USA-housing/venv/lib/python3.10/site-packages/airflow/example_dags/example_sensors.py took 0.096 seconds
[2023-03-04T09:33:33.570+0530] {processor.py:153} INFO - Started process (PID=30557) to work on /home/ris/PycharmProjects/pythonProject/USA-housing/venv/lib/python3.10/site-packages/airflow/example_dags/example_sensors.py
[2023-03-04T09:33:33.571+0530] {processor.py:743} INFO - Processing file /home/ris/PycharmProjects/pythonProject/USA-housing/venv/lib/python3.10/site-packages/airflow/example_dags/example_sensors.py for tasks to queue
[2023-03-04T09:33:33.572+0530] {logging_mixin.py:137} INFO - [2023-03-04T09:33:33.572+0530] {dagbag.py:538} INFO - Filling up the DagBag from /home/ris/PycharmProjects/pythonProject/USA-housing/venv/lib/python3.10/site-packages/airflow/example_dags/example_sensors.py
[2023-03-04T09:33:33.608+0530] {processor.py:753} INFO - DAG(s) dict_keys(['example_sensors']) retrieved from /home/ris/PycharmProjects/pythonProject/USA-housing/venv/lib/python3.10/site-packages/airflow/example_dags/example_sensors.py
[2023-03-04T09:33:33.625+0530] {logging_mixin.py:137} INFO - [2023-03-04T09:33:33.625+0530] {dag.py:2690} INFO - Sync 1 DAGs
[2023-03-04T09:33:33.642+0530] {logging_mixin.py:137} INFO - [2023-03-04T09:33:33.642+0530] {dag.py:3437} INFO - Setting next_dagrun for example_sensors to None, run_after=None
[2023-03-04T09:33:33.659+0530] {processor.py:175} INFO - Processing /home/ris/PycharmProjects/pythonProject/USA-housing/venv/lib/python3.10/site-packages/airflow/example_dags/example_sensors.py took 0.094 seconds
[2023-03-04T09:34:14.480+0530] {processor.py:153} INFO - Started process (PID=30598) to work on /home/ris/PycharmProjects/pythonProject/USA-housing/venv/lib/python3.10/site-packages/airflow/example_dags/example_sensors.py
[2023-03-04T09:34:14.482+0530] {processor.py:743} INFO - Processing file /home/ris/PycharmProjects/pythonProject/USA-housing/venv/lib/python3.10/site-packages/airflow/example_dags/example_sensors.py for tasks to queue
[2023-03-04T09:34:14.484+0530] {logging_mixin.py:137} INFO - [2023-03-04T09:34:14.483+0530] {dagbag.py:538} INFO - Filling up the DagBag from /home/ris/PycharmProjects/pythonProject/USA-housing/venv/lib/python3.10/site-packages/airflow/example_dags/example_sensors.py
[2023-03-04T09:34:14.518+0530] {processor.py:753} INFO - DAG(s) dict_keys(['example_sensors']) retrieved from /home/ris/PycharmProjects/pythonProject/USA-housing/venv/lib/python3.10/site-packages/airflow/example_dags/example_sensors.py
[2023-03-04T09:34:14.538+0530] {logging_mixin.py:137} INFO - [2023-03-04T09:34:14.537+0530] {dag.py:2690} INFO - Sync 1 DAGs
[2023-03-04T09:34:14.553+0530] {logging_mixin.py:137} INFO - [2023-03-04T09:34:14.553+0530] {dag.py:3437} INFO - Setting next_dagrun for example_sensors to None, run_after=None
[2023-03-04T09:34:14.570+0530] {processor.py:175} INFO - Processing /home/ris/PycharmProjects/pythonProject/USA-housing/venv/lib/python3.10/site-packages/airflow/example_dags/example_sensors.py took 0.095 seconds
[2023-03-04T09:34:58.768+0530] {processor.py:153} INFO - Started process (PID=30644) to work on /home/ris/PycharmProjects/pythonProject/USA-housing/venv/lib/python3.10/site-packages/airflow/example_dags/example_sensors.py
[2023-03-04T09:34:58.771+0530] {processor.py:743} INFO - Processing file /home/ris/PycharmProjects/pythonProject/USA-housing/venv/lib/python3.10/site-packages/airflow/example_dags/example_sensors.py for tasks to queue
[2023-03-04T09:34:58.772+0530] {logging_mixin.py:137} INFO - [2023-03-04T09:34:58.772+0530] {dagbag.py:538} INFO - Filling up the DagBag from /home/ris/PycharmProjects/pythonProject/USA-housing/venv/lib/python3.10/site-packages/airflow/example_dags/example_sensors.py
[2023-03-04T09:34:58.808+0530] {processor.py:753} INFO - DAG(s) dict_keys(['example_sensors']) retrieved from /home/ris/PycharmProjects/pythonProject/USA-housing/venv/lib/python3.10/site-packages/airflow/example_dags/example_sensors.py
[2023-03-04T09:34:58.827+0530] {logging_mixin.py:137} INFO - [2023-03-04T09:34:58.827+0530] {dag.py:2690} INFO - Sync 1 DAGs
[2023-03-04T09:34:58.844+0530] {logging_mixin.py:137} INFO - [2023-03-04T09:34:58.843+0530] {dag.py:3437} INFO - Setting next_dagrun for example_sensors to None, run_after=None
[2023-03-04T09:34:58.861+0530] {processor.py:175} INFO - Processing /home/ris/PycharmProjects/pythonProject/USA-housing/venv/lib/python3.10/site-packages/airflow/example_dags/example_sensors.py took 0.097 seconds
[2023-03-04T09:35:43.329+0530] {processor.py:153} INFO - Started process (PID=30692) to work on /home/ris/PycharmProjects/pythonProject/USA-housing/venv/lib/python3.10/site-packages/airflow/example_dags/example_sensors.py
[2023-03-04T09:35:43.331+0530] {processor.py:743} INFO - Processing file /home/ris/PycharmProjects/pythonProject/USA-housing/venv/lib/python3.10/site-packages/airflow/example_dags/example_sensors.py for tasks to queue
[2023-03-04T09:35:43.332+0530] {logging_mixin.py:137} INFO - [2023-03-04T09:35:43.332+0530] {dagbag.py:538} INFO - Filling up the DagBag from /home/ris/PycharmProjects/pythonProject/USA-housing/venv/lib/python3.10/site-packages/airflow/example_dags/example_sensors.py
[2023-03-04T09:35:43.370+0530] {processor.py:753} INFO - DAG(s) dict_keys(['example_sensors']) retrieved from /home/ris/PycharmProjects/pythonProject/USA-housing/venv/lib/python3.10/site-packages/airflow/example_dags/example_sensors.py
[2023-03-04T09:35:43.388+0530] {logging_mixin.py:137} INFO - [2023-03-04T09:35:43.388+0530] {dag.py:2690} INFO - Sync 1 DAGs
[2023-03-04T09:35:43.404+0530] {logging_mixin.py:137} INFO - [2023-03-04T09:35:43.404+0530] {dag.py:3437} INFO - Setting next_dagrun for example_sensors to None, run_after=None
[2023-03-04T09:35:43.420+0530] {processor.py:175} INFO - Processing /home/ris/PycharmProjects/pythonProject/USA-housing/venv/lib/python3.10/site-packages/airflow/example_dags/example_sensors.py took 0.096 seconds
[2023-03-04T10:24:58.652+0530] {processor.py:153} INFO - Started process (PID=31116) to work on /home/ris/PycharmProjects/pythonProject/USA-housing/venv/lib/python3.10/site-packages/airflow/example_dags/example_sensors.py
[2023-03-04T10:24:58.654+0530] {processor.py:743} INFO - Processing file /home/ris/PycharmProjects/pythonProject/USA-housing/venv/lib/python3.10/site-packages/airflow/example_dags/example_sensors.py for tasks to queue
[2023-03-04T10:24:58.656+0530] {logging_mixin.py:137} INFO - [2023-03-04T10:24:58.655+0530] {dagbag.py:538} INFO - Filling up the DagBag from /home/ris/PycharmProjects/pythonProject/USA-housing/venv/lib/python3.10/site-packages/airflow/example_dags/example_sensors.py
[2023-03-04T10:24:58.690+0530] {processor.py:753} INFO - DAG(s) dict_keys(['example_sensors']) retrieved from /home/ris/PycharmProjects/pythonProject/USA-housing/venv/lib/python3.10/site-packages/airflow/example_dags/example_sensors.py
[2023-03-04T10:24:58.709+0530] {logging_mixin.py:137} INFO - [2023-03-04T10:24:58.709+0530] {dag.py:2690} INFO - Sync 1 DAGs
[2023-03-04T10:24:58.724+0530] {logging_mixin.py:137} INFO - [2023-03-04T10:24:58.724+0530] {dag.py:3437} INFO - Setting next_dagrun for example_sensors to None, run_after=None
[2023-03-04T10:24:58.743+0530] {processor.py:175} INFO - Processing /home/ris/PycharmProjects/pythonProject/USA-housing/venv/lib/python3.10/site-packages/airflow/example_dags/example_sensors.py took 0.095 seconds
[2023-03-04T10:25:40.752+0530] {processor.py:153} INFO - Started process (PID=31361) to work on /home/ris/PycharmProjects/pythonProject/USA-housing/venv/lib/python3.10/site-packages/airflow/example_dags/example_sensors.py
[2023-03-04T10:25:40.754+0530] {processor.py:743} INFO - Processing file /home/ris/PycharmProjects/pythonProject/USA-housing/venv/lib/python3.10/site-packages/airflow/example_dags/example_sensors.py for tasks to queue
[2023-03-04T10:25:40.755+0530] {logging_mixin.py:137} INFO - [2023-03-04T10:25:40.755+0530] {dagbag.py:538} INFO - Filling up the DagBag from /home/ris/PycharmProjects/pythonProject/USA-housing/venv/lib/python3.10/site-packages/airflow/example_dags/example_sensors.py
[2023-03-04T10:25:40.791+0530] {processor.py:753} INFO - DAG(s) dict_keys(['example_sensors']) retrieved from /home/ris/PycharmProjects/pythonProject/USA-housing/venv/lib/python3.10/site-packages/airflow/example_dags/example_sensors.py
[2023-03-04T10:25:40.809+0530] {logging_mixin.py:137} INFO - [2023-03-04T10:25:40.809+0530] {dag.py:2690} INFO - Sync 1 DAGs
[2023-03-04T10:25:40.825+0530] {logging_mixin.py:137} INFO - [2023-03-04T10:25:40.825+0530] {dag.py:3437} INFO - Setting next_dagrun for example_sensors to None, run_after=None
[2023-03-04T10:25:40.843+0530] {processor.py:175} INFO - Processing /home/ris/PycharmProjects/pythonProject/USA-housing/venv/lib/python3.10/site-packages/airflow/example_dags/example_sensors.py took 0.095 seconds
[2023-03-04T10:26:25.366+0530] {processor.py:153} INFO - Started process (PID=31408) to work on /home/ris/PycharmProjects/pythonProject/USA-housing/venv/lib/python3.10/site-packages/airflow/example_dags/example_sensors.py
[2023-03-04T10:26:25.369+0530] {processor.py:743} INFO - Processing file /home/ris/PycharmProjects/pythonProject/USA-housing/venv/lib/python3.10/site-packages/airflow/example_dags/example_sensors.py for tasks to queue
[2023-03-04T10:26:25.370+0530] {logging_mixin.py:137} INFO - [2023-03-04T10:26:25.370+0530] {dagbag.py:538} INFO - Filling up the DagBag from /home/ris/PycharmProjects/pythonProject/USA-housing/venv/lib/python3.10/site-packages/airflow/example_dags/example_sensors.py
[2023-03-04T10:26:25.406+0530] {processor.py:753} INFO - DAG(s) dict_keys(['example_sensors']) retrieved from /home/ris/PycharmProjects/pythonProject/USA-housing/venv/lib/python3.10/site-packages/airflow/example_dags/example_sensors.py
[2023-03-04T10:26:25.425+0530] {logging_mixin.py:137} INFO - [2023-03-04T10:26:25.425+0530] {dag.py:2690} INFO - Sync 1 DAGs
[2023-03-04T10:26:25.442+0530] {logging_mixin.py:137} INFO - [2023-03-04T10:26:25.442+0530] {dag.py:3437} INFO - Setting next_dagrun for example_sensors to None, run_after=None
[2023-03-04T10:26:25.459+0530] {processor.py:175} INFO - Processing /home/ris/PycharmProjects/pythonProject/USA-housing/venv/lib/python3.10/site-packages/airflow/example_dags/example_sensors.py took 0.097 seconds
[2023-03-04T10:27:12.195+0530] {processor.py:153} INFO - Started process (PID=31455) to work on /home/ris/PycharmProjects/pythonProject/USA-housing/venv/lib/python3.10/site-packages/airflow/example_dags/example_sensors.py
[2023-03-04T10:27:12.198+0530] {processor.py:743} INFO - Processing file /home/ris/PycharmProjects/pythonProject/USA-housing/venv/lib/python3.10/site-packages/airflow/example_dags/example_sensors.py for tasks to queue
[2023-03-04T10:27:12.199+0530] {logging_mixin.py:137} INFO - [2023-03-04T10:27:12.199+0530] {dagbag.py:538} INFO - Filling up the DagBag from /home/ris/PycharmProjects/pythonProject/USA-housing/venv/lib/python3.10/site-packages/airflow/example_dags/example_sensors.py
[2023-03-04T10:27:12.239+0530] {processor.py:753} INFO - DAG(s) dict_keys(['example_sensors']) retrieved from /home/ris/PycharmProjects/pythonProject/USA-housing/venv/lib/python3.10/site-packages/airflow/example_dags/example_sensors.py
[2023-03-04T10:27:12.260+0530] {logging_mixin.py:137} INFO - [2023-03-04T10:27:12.260+0530] {dag.py:2690} INFO - Sync 1 DAGs
[2023-03-04T10:27:12.280+0530] {logging_mixin.py:137} INFO - [2023-03-04T10:27:12.280+0530] {dag.py:3437} INFO - Setting next_dagrun for example_sensors to None, run_after=None
[2023-03-04T10:27:12.301+0530] {processor.py:175} INFO - Processing /home/ris/PycharmProjects/pythonProject/USA-housing/venv/lib/python3.10/site-packages/airflow/example_dags/example_sensors.py took 0.110 seconds
[2023-03-04T10:27:59.711+0530] {processor.py:153} INFO - Started process (PID=31502) to work on /home/ris/PycharmProjects/pythonProject/USA-housing/venv/lib/python3.10/site-packages/airflow/example_dags/example_sensors.py
[2023-03-04T10:27:59.714+0530] {processor.py:743} INFO - Processing file /home/ris/PycharmProjects/pythonProject/USA-housing/venv/lib/python3.10/site-packages/airflow/example_dags/example_sensors.py for tasks to queue
[2023-03-04T10:27:59.715+0530] {logging_mixin.py:137} INFO - [2023-03-04T10:27:59.715+0530] {dagbag.py:538} INFO - Filling up the DagBag from /home/ris/PycharmProjects/pythonProject/USA-housing/venv/lib/python3.10/site-packages/airflow/example_dags/example_sensors.py
[2023-03-04T10:27:59.755+0530] {processor.py:753} INFO - DAG(s) dict_keys(['example_sensors']) retrieved from /home/ris/PycharmProjects/pythonProject/USA-housing/venv/lib/python3.10/site-packages/airflow/example_dags/example_sensors.py
[2023-03-04T10:27:59.778+0530] {logging_mixin.py:137} INFO - [2023-03-04T10:27:59.777+0530] {dag.py:2690} INFO - Sync 1 DAGs
[2023-03-04T10:27:59.800+0530] {logging_mixin.py:137} INFO - [2023-03-04T10:27:59.800+0530] {dag.py:3437} INFO - Setting next_dagrun for example_sensors to None, run_after=None
[2023-03-04T10:27:59.823+0530] {processor.py:175} INFO - Processing /home/ris/PycharmProjects/pythonProject/USA-housing/venv/lib/python3.10/site-packages/airflow/example_dags/example_sensors.py took 0.116 seconds
[2023-03-04T10:28:49.542+0530] {processor.py:153} INFO - Started process (PID=31556) to work on /home/ris/PycharmProjects/pythonProject/USA-housing/venv/lib/python3.10/site-packages/airflow/example_dags/example_sensors.py
[2023-03-04T10:28:49.544+0530] {processor.py:743} INFO - Processing file /home/ris/PycharmProjects/pythonProject/USA-housing/venv/lib/python3.10/site-packages/airflow/example_dags/example_sensors.py for tasks to queue
[2023-03-04T10:28:49.545+0530] {logging_mixin.py:137} INFO - [2023-03-04T10:28:49.544+0530] {dagbag.py:538} INFO - Filling up the DagBag from /home/ris/PycharmProjects/pythonProject/USA-housing/venv/lib/python3.10/site-packages/airflow/example_dags/example_sensors.py
[2023-03-04T10:28:49.561+0530] {processor.py:753} INFO - DAG(s) dict_keys(['example_sensors']) retrieved from /home/ris/PycharmProjects/pythonProject/USA-housing/venv/lib/python3.10/site-packages/airflow/example_dags/example_sensors.py
[2023-03-04T10:28:49.579+0530] {logging_mixin.py:137} INFO - [2023-03-04T10:28:49.579+0530] {dag.py:2690} INFO - Sync 1 DAGs
[2023-03-04T10:28:49.600+0530] {logging_mixin.py:137} INFO - [2023-03-04T10:28:49.600+0530] {dag.py:3437} INFO - Setting next_dagrun for example_sensors to None, run_after=None
[2023-03-04T10:28:49.618+0530] {processor.py:175} INFO - Processing /home/ris/PycharmProjects/pythonProject/USA-housing/venv/lib/python3.10/site-packages/airflow/example_dags/example_sensors.py took 0.079 seconds
[2023-03-04T10:29:37.583+0530] {processor.py:153} INFO - Started process (PID=31605) to work on /home/ris/PycharmProjects/pythonProject/USA-housing/venv/lib/python3.10/site-packages/airflow/example_dags/example_sensors.py
[2023-03-04T10:29:37.585+0530] {processor.py:743} INFO - Processing file /home/ris/PycharmProjects/pythonProject/USA-housing/venv/lib/python3.10/site-packages/airflow/example_dags/example_sensors.py for tasks to queue
[2023-03-04T10:29:37.587+0530] {logging_mixin.py:137} INFO - [2023-03-04T10:29:37.586+0530] {dagbag.py:538} INFO - Filling up the DagBag from /home/ris/PycharmProjects/pythonProject/USA-housing/venv/lib/python3.10/site-packages/airflow/example_dags/example_sensors.py
[2023-03-04T10:29:37.622+0530] {processor.py:753} INFO - DAG(s) dict_keys(['example_sensors']) retrieved from /home/ris/PycharmProjects/pythonProject/USA-housing/venv/lib/python3.10/site-packages/airflow/example_dags/example_sensors.py
[2023-03-04T10:29:37.640+0530] {logging_mixin.py:137} INFO - [2023-03-04T10:29:37.640+0530] {dag.py:2690} INFO - Sync 1 DAGs
[2023-03-04T10:29:37.656+0530] {logging_mixin.py:137} INFO - [2023-03-04T10:29:37.656+0530] {dag.py:3437} INFO - Setting next_dagrun for example_sensors to None, run_after=None
[2023-03-04T10:29:37.674+0530] {processor.py:175} INFO - Processing /home/ris/PycharmProjects/pythonProject/USA-housing/venv/lib/python3.10/site-packages/airflow/example_dags/example_sensors.py took 0.095 seconds
[2023-03-04T10:30:19.859+0530] {processor.py:153} INFO - Started process (PID=31647) to work on /home/ris/PycharmProjects/pythonProject/USA-housing/venv/lib/python3.10/site-packages/airflow/example_dags/example_sensors.py
[2023-03-04T10:30:19.860+0530] {processor.py:743} INFO - Processing file /home/ris/PycharmProjects/pythonProject/USA-housing/venv/lib/python3.10/site-packages/airflow/example_dags/example_sensors.py for tasks to queue
[2023-03-04T10:30:19.861+0530] {logging_mixin.py:137} INFO - [2023-03-04T10:30:19.861+0530] {dagbag.py:538} INFO - Filling up the DagBag from /home/ris/PycharmProjects/pythonProject/USA-housing/venv/lib/python3.10/site-packages/airflow/example_dags/example_sensors.py
[2023-03-04T10:30:19.876+0530] {processor.py:753} INFO - DAG(s) dict_keys(['example_sensors']) retrieved from /home/ris/PycharmProjects/pythonProject/USA-housing/venv/lib/python3.10/site-packages/airflow/example_dags/example_sensors.py
[2023-03-04T10:30:19.893+0530] {logging_mixin.py:137} INFO - [2023-03-04T10:30:19.893+0530] {dag.py:2690} INFO - Sync 1 DAGs
[2023-03-04T10:30:19.910+0530] {logging_mixin.py:137} INFO - [2023-03-04T10:30:19.910+0530] {dag.py:3437} INFO - Setting next_dagrun for example_sensors to None, run_after=None
[2023-03-04T10:30:19.929+0530] {processor.py:175} INFO - Processing /home/ris/PycharmProjects/pythonProject/USA-housing/venv/lib/python3.10/site-packages/airflow/example_dags/example_sensors.py took 0.072 seconds
[2023-03-04T10:31:01.937+0530] {processor.py:153} INFO - Started process (PID=31696) to work on /home/ris/PycharmProjects/pythonProject/USA-housing/venv/lib/python3.10/site-packages/airflow/example_dags/example_sensors.py
[2023-03-04T10:31:01.940+0530] {processor.py:743} INFO - Processing file /home/ris/PycharmProjects/pythonProject/USA-housing/venv/lib/python3.10/site-packages/airflow/example_dags/example_sensors.py for tasks to queue
[2023-03-04T10:31:01.941+0530] {logging_mixin.py:137} INFO - [2023-03-04T10:31:01.941+0530] {dagbag.py:538} INFO - Filling up the DagBag from /home/ris/PycharmProjects/pythonProject/USA-housing/venv/lib/python3.10/site-packages/airflow/example_dags/example_sensors.py
[2023-03-04T10:31:01.977+0530] {processor.py:753} INFO - DAG(s) dict_keys(['example_sensors']) retrieved from /home/ris/PycharmProjects/pythonProject/USA-housing/venv/lib/python3.10/site-packages/airflow/example_dags/example_sensors.py
[2023-03-04T10:31:01.994+0530] {logging_mixin.py:137} INFO - [2023-03-04T10:31:01.994+0530] {dag.py:2690} INFO - Sync 1 DAGs
[2023-03-04T10:31:02.010+0530] {logging_mixin.py:137} INFO - [2023-03-04T10:31:02.010+0530] {dag.py:3437} INFO - Setting next_dagrun for example_sensors to None, run_after=None
[2023-03-04T10:31:02.027+0530] {processor.py:175} INFO - Processing /home/ris/PycharmProjects/pythonProject/USA-housing/venv/lib/python3.10/site-packages/airflow/example_dags/example_sensors.py took 0.096 seconds
[2023-03-04T10:31:49.630+0530] {processor.py:153} INFO - Started process (PID=32065) to work on /home/ris/PycharmProjects/pythonProject/USA-housing/venv/lib/python3.10/site-packages/airflow/example_dags/example_sensors.py
[2023-03-04T10:31:49.632+0530] {processor.py:743} INFO - Processing file /home/ris/PycharmProjects/pythonProject/USA-housing/venv/lib/python3.10/site-packages/airflow/example_dags/example_sensors.py for tasks to queue
[2023-03-04T10:31:49.633+0530] {logging_mixin.py:137} INFO - [2023-03-04T10:31:49.633+0530] {dagbag.py:538} INFO - Filling up the DagBag from /home/ris/PycharmProjects/pythonProject/USA-housing/venv/lib/python3.10/site-packages/airflow/example_dags/example_sensors.py
[2023-03-04T10:31:49.656+0530] {processor.py:753} INFO - DAG(s) dict_keys(['example_sensors']) retrieved from /home/ris/PycharmProjects/pythonProject/USA-housing/venv/lib/python3.10/site-packages/airflow/example_dags/example_sensors.py
[2023-03-04T10:31:49.677+0530] {logging_mixin.py:137} INFO - [2023-03-04T10:31:49.677+0530] {dag.py:2690} INFO - Sync 1 DAGs
[2023-03-04T10:31:49.694+0530] {logging_mixin.py:137} INFO - [2023-03-04T10:31:49.694+0530] {dag.py:3437} INFO - Setting next_dagrun for example_sensors to None, run_after=None
[2023-03-04T10:31:49.718+0530] {processor.py:175} INFO - Processing /home/ris/PycharmProjects/pythonProject/USA-housing/venv/lib/python3.10/site-packages/airflow/example_dags/example_sensors.py took 0.092 seconds
[2023-03-04T10:32:36.727+0530] {processor.py:153} INFO - Started process (PID=32237) to work on /home/ris/PycharmProjects/pythonProject/USA-housing/venv/lib/python3.10/site-packages/airflow/example_dags/example_sensors.py
[2023-03-04T10:32:36.729+0530] {processor.py:743} INFO - Processing file /home/ris/PycharmProjects/pythonProject/USA-housing/venv/lib/python3.10/site-packages/airflow/example_dags/example_sensors.py for tasks to queue
[2023-03-04T10:32:36.730+0530] {logging_mixin.py:137} INFO - [2023-03-04T10:32:36.730+0530] {dagbag.py:538} INFO - Filling up the DagBag from /home/ris/PycharmProjects/pythonProject/USA-housing/venv/lib/python3.10/site-packages/airflow/example_dags/example_sensors.py
[2023-03-04T10:32:36.770+0530] {processor.py:753} INFO - DAG(s) dict_keys(['example_sensors']) retrieved from /home/ris/PycharmProjects/pythonProject/USA-housing/venv/lib/python3.10/site-packages/airflow/example_dags/example_sensors.py
[2023-03-04T10:32:36.790+0530] {logging_mixin.py:137} INFO - [2023-03-04T10:32:36.790+0530] {dag.py:2690} INFO - Sync 1 DAGs
[2023-03-04T10:32:36.810+0530] {logging_mixin.py:137} INFO - [2023-03-04T10:32:36.809+0530] {dag.py:3437} INFO - Setting next_dagrun for example_sensors to None, run_after=None
[2023-03-04T10:32:36.833+0530] {processor.py:175} INFO - Processing /home/ris/PycharmProjects/pythonProject/USA-housing/venv/lib/python3.10/site-packages/airflow/example_dags/example_sensors.py took 0.111 seconds
[2023-03-04T10:33:20.320+0530] {processor.py:153} INFO - Started process (PID=32338) to work on /home/ris/PycharmProjects/pythonProject/USA-housing/venv/lib/python3.10/site-packages/airflow/example_dags/example_sensors.py
[2023-03-04T10:33:20.323+0530] {processor.py:743} INFO - Processing file /home/ris/PycharmProjects/pythonProject/USA-housing/venv/lib/python3.10/site-packages/airflow/example_dags/example_sensors.py for tasks to queue
[2023-03-04T10:33:20.324+0530] {logging_mixin.py:137} INFO - [2023-03-04T10:33:20.324+0530] {dagbag.py:538} INFO - Filling up the DagBag from /home/ris/PycharmProjects/pythonProject/USA-housing/venv/lib/python3.10/site-packages/airflow/example_dags/example_sensors.py
[2023-03-04T10:33:20.352+0530] {processor.py:753} INFO - DAG(s) dict_keys(['example_sensors']) retrieved from /home/ris/PycharmProjects/pythonProject/USA-housing/venv/lib/python3.10/site-packages/airflow/example_dags/example_sensors.py
[2023-03-04T10:33:20.385+0530] {logging_mixin.py:137} INFO - [2023-03-04T10:33:20.385+0530] {dag.py:2690} INFO - Sync 1 DAGs
[2023-03-04T10:33:20.414+0530] {logging_mixin.py:137} INFO - [2023-03-04T10:33:20.414+0530] {dag.py:3437} INFO - Setting next_dagrun for example_sensors to None, run_after=None
[2023-03-04T10:33:20.446+0530] {processor.py:175} INFO - Processing /home/ris/PycharmProjects/pythonProject/USA-housing/venv/lib/python3.10/site-packages/airflow/example_dags/example_sensors.py took 0.129 seconds
[2023-03-04T10:34:02.339+0530] {processor.py:153} INFO - Started process (PID=32469) to work on /home/ris/PycharmProjects/pythonProject/USA-housing/venv/lib/python3.10/site-packages/airflow/example_dags/example_sensors.py
[2023-03-04T10:34:02.340+0530] {processor.py:743} INFO - Processing file /home/ris/PycharmProjects/pythonProject/USA-housing/venv/lib/python3.10/site-packages/airflow/example_dags/example_sensors.py for tasks to queue
[2023-03-04T10:34:02.341+0530] {logging_mixin.py:137} INFO - [2023-03-04T10:34:02.341+0530] {dagbag.py:538} INFO - Filling up the DagBag from /home/ris/PycharmProjects/pythonProject/USA-housing/venv/lib/python3.10/site-packages/airflow/example_dags/example_sensors.py
[2023-03-04T10:34:02.357+0530] {processor.py:753} INFO - DAG(s) dict_keys(['example_sensors']) retrieved from /home/ris/PycharmProjects/pythonProject/USA-housing/venv/lib/python3.10/site-packages/airflow/example_dags/example_sensors.py
[2023-03-04T10:34:02.377+0530] {logging_mixin.py:137} INFO - [2023-03-04T10:34:02.376+0530] {dag.py:2690} INFO - Sync 1 DAGs
[2023-03-04T10:34:02.397+0530] {logging_mixin.py:137} INFO - [2023-03-04T10:34:02.396+0530] {dag.py:3437} INFO - Setting next_dagrun for example_sensors to None, run_after=None
[2023-03-04T10:34:02.421+0530] {processor.py:175} INFO - Processing /home/ris/PycharmProjects/pythonProject/USA-housing/venv/lib/python3.10/site-packages/airflow/example_dags/example_sensors.py took 0.086 seconds
[2023-03-04T10:34:47.603+0530] {processor.py:153} INFO - Started process (PID=32567) to work on /home/ris/PycharmProjects/pythonProject/USA-housing/venv/lib/python3.10/site-packages/airflow/example_dags/example_sensors.py
[2023-03-04T10:34:47.605+0530] {processor.py:743} INFO - Processing file /home/ris/PycharmProjects/pythonProject/USA-housing/venv/lib/python3.10/site-packages/airflow/example_dags/example_sensors.py for tasks to queue
[2023-03-04T10:34:47.607+0530] {logging_mixin.py:137} INFO - [2023-03-04T10:34:47.607+0530] {dagbag.py:538} INFO - Filling up the DagBag from /home/ris/PycharmProjects/pythonProject/USA-housing/venv/lib/python3.10/site-packages/airflow/example_dags/example_sensors.py
[2023-03-04T10:34:47.629+0530] {processor.py:753} INFO - DAG(s) dict_keys(['example_sensors']) retrieved from /home/ris/PycharmProjects/pythonProject/USA-housing/venv/lib/python3.10/site-packages/airflow/example_dags/example_sensors.py
[2023-03-04T10:34:47.652+0530] {logging_mixin.py:137} INFO - [2023-03-04T10:34:47.652+0530] {dag.py:2690} INFO - Sync 1 DAGs
[2023-03-04T10:34:47.676+0530] {logging_mixin.py:137} INFO - [2023-03-04T10:34:47.676+0530] {dag.py:3437} INFO - Setting next_dagrun for example_sensors to None, run_after=None
[2023-03-04T10:34:47.701+0530] {processor.py:175} INFO - Processing /home/ris/PycharmProjects/pythonProject/USA-housing/venv/lib/python3.10/site-packages/airflow/example_dags/example_sensors.py took 0.105 seconds
[2023-03-04T10:35:36.905+0530] {processor.py:153} INFO - Started process (PID=32714) to work on /home/ris/PycharmProjects/pythonProject/USA-housing/venv/lib/python3.10/site-packages/airflow/example_dags/example_sensors.py
[2023-03-04T10:35:36.907+0530] {processor.py:743} INFO - Processing file /home/ris/PycharmProjects/pythonProject/USA-housing/venv/lib/python3.10/site-packages/airflow/example_dags/example_sensors.py for tasks to queue
[2023-03-04T10:35:36.907+0530] {logging_mixin.py:137} INFO - [2023-03-04T10:35:36.907+0530] {dagbag.py:538} INFO - Filling up the DagBag from /home/ris/PycharmProjects/pythonProject/USA-housing/venv/lib/python3.10/site-packages/airflow/example_dags/example_sensors.py
[2023-03-04T10:35:36.927+0530] {processor.py:753} INFO - DAG(s) dict_keys(['example_sensors']) retrieved from /home/ris/PycharmProjects/pythonProject/USA-housing/venv/lib/python3.10/site-packages/airflow/example_dags/example_sensors.py
[2023-03-04T10:35:36.951+0530] {logging_mixin.py:137} INFO - [2023-03-04T10:35:36.950+0530] {dag.py:2690} INFO - Sync 1 DAGs
[2023-03-04T10:35:36.971+0530] {logging_mixin.py:137} INFO - [2023-03-04T10:35:36.971+0530] {dag.py:3437} INFO - Setting next_dagrun for example_sensors to None, run_after=None
[2023-03-04T10:35:36.992+0530] {processor.py:175} INFO - Processing /home/ris/PycharmProjects/pythonProject/USA-housing/venv/lib/python3.10/site-packages/airflow/example_dags/example_sensors.py took 0.091 seconds
[2023-03-04T10:36:26.794+0530] {processor.py:153} INFO - Started process (PID=32781) to work on /home/ris/PycharmProjects/pythonProject/USA-housing/venv/lib/python3.10/site-packages/airflow/example_dags/example_sensors.py
[2023-03-04T10:36:26.797+0530] {processor.py:743} INFO - Processing file /home/ris/PycharmProjects/pythonProject/USA-housing/venv/lib/python3.10/site-packages/airflow/example_dags/example_sensors.py for tasks to queue
[2023-03-04T10:36:26.799+0530] {logging_mixin.py:137} INFO - [2023-03-04T10:36:26.799+0530] {dagbag.py:538} INFO - Filling up the DagBag from /home/ris/PycharmProjects/pythonProject/USA-housing/venv/lib/python3.10/site-packages/airflow/example_dags/example_sensors.py
[2023-03-04T10:36:26.843+0530] {processor.py:753} INFO - DAG(s) dict_keys(['example_sensors']) retrieved from /home/ris/PycharmProjects/pythonProject/USA-housing/venv/lib/python3.10/site-packages/airflow/example_dags/example_sensors.py
[2023-03-04T10:36:26.892+0530] {logging_mixin.py:137} INFO - [2023-03-04T10:36:26.891+0530] {dag.py:2690} INFO - Sync 1 DAGs
[2023-03-04T10:36:26.932+0530] {logging_mixin.py:137} INFO - [2023-03-04T10:36:26.931+0530] {dag.py:3437} INFO - Setting next_dagrun for example_sensors to None, run_after=None
[2023-03-04T10:36:26.970+0530] {processor.py:175} INFO - Processing /home/ris/PycharmProjects/pythonProject/USA-housing/venv/lib/python3.10/site-packages/airflow/example_dags/example_sensors.py took 0.182 seconds
[2023-03-04T10:37:12.043+0530] {processor.py:153} INFO - Started process (PID=32841) to work on /home/ris/PycharmProjects/pythonProject/USA-housing/venv/lib/python3.10/site-packages/airflow/example_dags/example_sensors.py
[2023-03-04T10:37:12.045+0530] {processor.py:743} INFO - Processing file /home/ris/PycharmProjects/pythonProject/USA-housing/venv/lib/python3.10/site-packages/airflow/example_dags/example_sensors.py for tasks to queue
[2023-03-04T10:37:12.046+0530] {logging_mixin.py:137} INFO - [2023-03-04T10:37:12.046+0530] {dagbag.py:538} INFO - Filling up the DagBag from /home/ris/PycharmProjects/pythonProject/USA-housing/venv/lib/python3.10/site-packages/airflow/example_dags/example_sensors.py
[2023-03-04T10:37:12.080+0530] {processor.py:753} INFO - DAG(s) dict_keys(['example_sensors']) retrieved from /home/ris/PycharmProjects/pythonProject/USA-housing/venv/lib/python3.10/site-packages/airflow/example_dags/example_sensors.py
[2023-03-04T10:37:12.113+0530] {logging_mixin.py:137} INFO - [2023-03-04T10:37:12.113+0530] {dag.py:2690} INFO - Sync 1 DAGs
[2023-03-04T10:37:12.140+0530] {logging_mixin.py:137} INFO - [2023-03-04T10:37:12.140+0530] {dag.py:3437} INFO - Setting next_dagrun for example_sensors to None, run_after=None
[2023-03-04T10:37:12.169+0530] {processor.py:175} INFO - Processing /home/ris/PycharmProjects/pythonProject/USA-housing/venv/lib/python3.10/site-packages/airflow/example_dags/example_sensors.py took 0.130 seconds
[2023-03-04T10:38:05.419+0530] {processor.py:153} INFO - Started process (PID=32922) to work on /home/ris/PycharmProjects/pythonProject/USA-housing/venv/lib/python3.10/site-packages/airflow/example_dags/example_sensors.py
[2023-03-04T10:38:05.422+0530] {processor.py:743} INFO - Processing file /home/ris/PycharmProjects/pythonProject/USA-housing/venv/lib/python3.10/site-packages/airflow/example_dags/example_sensors.py for tasks to queue
[2023-03-04T10:38:05.423+0530] {logging_mixin.py:137} INFO - [2023-03-04T10:38:05.423+0530] {dagbag.py:538} INFO - Filling up the DagBag from /home/ris/PycharmProjects/pythonProject/USA-housing/venv/lib/python3.10/site-packages/airflow/example_dags/example_sensors.py
[2023-03-04T10:38:05.472+0530] {processor.py:753} INFO - DAG(s) dict_keys(['example_sensors']) retrieved from /home/ris/PycharmProjects/pythonProject/USA-housing/venv/lib/python3.10/site-packages/airflow/example_dags/example_sensors.py
[2023-03-04T10:38:05.506+0530] {logging_mixin.py:137} INFO - [2023-03-04T10:38:05.506+0530] {dag.py:2690} INFO - Sync 1 DAGs
[2023-03-04T10:38:05.536+0530] {logging_mixin.py:137} INFO - [2023-03-04T10:38:05.536+0530] {dag.py:3437} INFO - Setting next_dagrun for example_sensors to None, run_after=None
[2023-03-04T10:38:05.570+0530] {processor.py:175} INFO - Processing /home/ris/PycharmProjects/pythonProject/USA-housing/venv/lib/python3.10/site-packages/airflow/example_dags/example_sensors.py took 0.158 seconds
[2023-03-04T10:38:53.028+0530] {processor.py:153} INFO - Started process (PID=32969) to work on /home/ris/PycharmProjects/pythonProject/USA-housing/venv/lib/python3.10/site-packages/airflow/example_dags/example_sensors.py
[2023-03-04T10:38:53.030+0530] {processor.py:743} INFO - Processing file /home/ris/PycharmProjects/pythonProject/USA-housing/venv/lib/python3.10/site-packages/airflow/example_dags/example_sensors.py for tasks to queue
[2023-03-04T10:38:53.031+0530] {logging_mixin.py:137} INFO - [2023-03-04T10:38:53.031+0530] {dagbag.py:538} INFO - Filling up the DagBag from /home/ris/PycharmProjects/pythonProject/USA-housing/venv/lib/python3.10/site-packages/airflow/example_dags/example_sensors.py
[2023-03-04T10:38:53.067+0530] {processor.py:753} INFO - DAG(s) dict_keys(['example_sensors']) retrieved from /home/ris/PycharmProjects/pythonProject/USA-housing/venv/lib/python3.10/site-packages/airflow/example_dags/example_sensors.py
[2023-03-04T10:38:53.103+0530] {logging_mixin.py:137} INFO - [2023-03-04T10:38:53.102+0530] {dag.py:2690} INFO - Sync 1 DAGs
[2023-03-04T10:38:53.128+0530] {logging_mixin.py:137} INFO - [2023-03-04T10:38:53.128+0530] {dag.py:3437} INFO - Setting next_dagrun for example_sensors to None, run_after=None
[2023-03-04T10:38:53.154+0530] {processor.py:175} INFO - Processing /home/ris/PycharmProjects/pythonProject/USA-housing/venv/lib/python3.10/site-packages/airflow/example_dags/example_sensors.py took 0.130 seconds
[2023-03-04T10:39:38.948+0530] {processor.py:153} INFO - Started process (PID=33510) to work on /home/ris/PycharmProjects/pythonProject/USA-housing/venv/lib/python3.10/site-packages/airflow/example_dags/example_sensors.py
[2023-03-04T10:39:38.952+0530] {processor.py:743} INFO - Processing file /home/ris/PycharmProjects/pythonProject/USA-housing/venv/lib/python3.10/site-packages/airflow/example_dags/example_sensors.py for tasks to queue
[2023-03-04T10:39:38.954+0530] {logging_mixin.py:137} INFO - [2023-03-04T10:39:38.954+0530] {dagbag.py:538} INFO - Filling up the DagBag from /home/ris/PycharmProjects/pythonProject/USA-housing/venv/lib/python3.10/site-packages/airflow/example_dags/example_sensors.py
[2023-03-04T10:39:39.015+0530] {processor.py:753} INFO - DAG(s) dict_keys(['example_sensors']) retrieved from /home/ris/PycharmProjects/pythonProject/USA-housing/venv/lib/python3.10/site-packages/airflow/example_dags/example_sensors.py
[2023-03-04T10:39:39.051+0530] {logging_mixin.py:137} INFO - [2023-03-04T10:39:39.050+0530] {dag.py:2690} INFO - Sync 1 DAGs
[2023-03-04T10:39:39.086+0530] {logging_mixin.py:137} INFO - [2023-03-04T10:39:39.085+0530] {dag.py:3437} INFO - Setting next_dagrun for example_sensors to None, run_after=None
[2023-03-04T10:39:39.122+0530] {processor.py:175} INFO - Processing /home/ris/PycharmProjects/pythonProject/USA-housing/venv/lib/python3.10/site-packages/airflow/example_dags/example_sensors.py took 0.184 seconds
[2023-03-04T10:40:25.842+0530] {processor.py:153} INFO - Started process (PID=33560) to work on /home/ris/PycharmProjects/pythonProject/USA-housing/venv/lib/python3.10/site-packages/airflow/example_dags/example_sensors.py
[2023-03-04T10:40:25.844+0530] {processor.py:743} INFO - Processing file /home/ris/PycharmProjects/pythonProject/USA-housing/venv/lib/python3.10/site-packages/airflow/example_dags/example_sensors.py for tasks to queue
[2023-03-04T10:40:25.845+0530] {logging_mixin.py:137} INFO - [2023-03-04T10:40:25.844+0530] {dagbag.py:538} INFO - Filling up the DagBag from /home/ris/PycharmProjects/pythonProject/USA-housing/venv/lib/python3.10/site-packages/airflow/example_dags/example_sensors.py
[2023-03-04T10:40:25.868+0530] {processor.py:753} INFO - DAG(s) dict_keys(['example_sensors']) retrieved from /home/ris/PycharmProjects/pythonProject/USA-housing/venv/lib/python3.10/site-packages/airflow/example_dags/example_sensors.py
[2023-03-04T10:40:25.891+0530] {logging_mixin.py:137} INFO - [2023-03-04T10:40:25.890+0530] {dag.py:2690} INFO - Sync 1 DAGs
[2023-03-04T10:40:25.916+0530] {logging_mixin.py:137} INFO - [2023-03-04T10:40:25.915+0530] {dag.py:3437} INFO - Setting next_dagrun for example_sensors to None, run_after=None
[2023-03-04T10:40:25.944+0530] {processor.py:175} INFO - Processing /home/ris/PycharmProjects/pythonProject/USA-housing/venv/lib/python3.10/site-packages/airflow/example_dags/example_sensors.py took 0.107 seconds
[2023-03-04T10:41:09.488+0530] {processor.py:153} INFO - Started process (PID=33606) to work on /home/ris/PycharmProjects/pythonProject/USA-housing/venv/lib/python3.10/site-packages/airflow/example_dags/example_sensors.py
[2023-03-04T10:41:09.490+0530] {processor.py:743} INFO - Processing file /home/ris/PycharmProjects/pythonProject/USA-housing/venv/lib/python3.10/site-packages/airflow/example_dags/example_sensors.py for tasks to queue
[2023-03-04T10:41:09.491+0530] {logging_mixin.py:137} INFO - [2023-03-04T10:41:09.491+0530] {dagbag.py:538} INFO - Filling up the DagBag from /home/ris/PycharmProjects/pythonProject/USA-housing/venv/lib/python3.10/site-packages/airflow/example_dags/example_sensors.py
[2023-03-04T10:41:09.519+0530] {processor.py:753} INFO - DAG(s) dict_keys(['example_sensors']) retrieved from /home/ris/PycharmProjects/pythonProject/USA-housing/venv/lib/python3.10/site-packages/airflow/example_dags/example_sensors.py
[2023-03-04T10:41:09.543+0530] {logging_mixin.py:137} INFO - [2023-03-04T10:41:09.543+0530] {dag.py:2690} INFO - Sync 1 DAGs
[2023-03-04T10:41:09.565+0530] {logging_mixin.py:137} INFO - [2023-03-04T10:41:09.565+0530] {dag.py:3437} INFO - Setting next_dagrun for example_sensors to None, run_after=None
[2023-03-04T10:41:09.603+0530] {processor.py:175} INFO - Processing /home/ris/PycharmProjects/pythonProject/USA-housing/venv/lib/python3.10/site-packages/airflow/example_dags/example_sensors.py took 0.121 seconds
[2023-03-04T10:41:59.322+0530] {processor.py:153} INFO - Started process (PID=33672) to work on /home/ris/PycharmProjects/pythonProject/USA-housing/venv/lib/python3.10/site-packages/airflow/example_dags/example_sensors.py
[2023-03-04T10:41:59.325+0530] {processor.py:743} INFO - Processing file /home/ris/PycharmProjects/pythonProject/USA-housing/venv/lib/python3.10/site-packages/airflow/example_dags/example_sensors.py for tasks to queue
[2023-03-04T10:41:59.326+0530] {logging_mixin.py:137} INFO - [2023-03-04T10:41:59.326+0530] {dagbag.py:538} INFO - Filling up the DagBag from /home/ris/PycharmProjects/pythonProject/USA-housing/venv/lib/python3.10/site-packages/airflow/example_dags/example_sensors.py
[2023-03-04T10:41:59.353+0530] {processor.py:753} INFO - DAG(s) dict_keys(['example_sensors']) retrieved from /home/ris/PycharmProjects/pythonProject/USA-housing/venv/lib/python3.10/site-packages/airflow/example_dags/example_sensors.py
[2023-03-04T10:41:59.380+0530] {logging_mixin.py:137} INFO - [2023-03-04T10:41:59.379+0530] {dag.py:2690} INFO - Sync 1 DAGs
[2023-03-04T10:41:59.406+0530] {logging_mixin.py:137} INFO - [2023-03-04T10:41:59.406+0530] {dag.py:3437} INFO - Setting next_dagrun for example_sensors to None, run_after=None
[2023-03-04T10:41:59.438+0530] {processor.py:175} INFO - Processing /home/ris/PycharmProjects/pythonProject/USA-housing/venv/lib/python3.10/site-packages/airflow/example_dags/example_sensors.py took 0.120 seconds
[2023-03-04T10:42:44.536+0530] {processor.py:153} INFO - Started process (PID=33724) to work on /home/ris/PycharmProjects/pythonProject/USA-housing/venv/lib/python3.10/site-packages/airflow/example_dags/example_sensors.py
[2023-03-04T10:42:44.537+0530] {processor.py:743} INFO - Processing file /home/ris/PycharmProjects/pythonProject/USA-housing/venv/lib/python3.10/site-packages/airflow/example_dags/example_sensors.py for tasks to queue
[2023-03-04T10:42:44.538+0530] {logging_mixin.py:137} INFO - [2023-03-04T10:42:44.538+0530] {dagbag.py:538} INFO - Filling up the DagBag from /home/ris/PycharmProjects/pythonProject/USA-housing/venv/lib/python3.10/site-packages/airflow/example_dags/example_sensors.py
[2023-03-04T10:42:44.555+0530] {processor.py:753} INFO - DAG(s) dict_keys(['example_sensors']) retrieved from /home/ris/PycharmProjects/pythonProject/USA-housing/venv/lib/python3.10/site-packages/airflow/example_dags/example_sensors.py
[2023-03-04T10:42:44.574+0530] {logging_mixin.py:137} INFO - [2023-03-04T10:42:44.573+0530] {dag.py:2690} INFO - Sync 1 DAGs
[2023-03-04T10:42:44.592+0530] {logging_mixin.py:137} INFO - [2023-03-04T10:42:44.592+0530] {dag.py:3437} INFO - Setting next_dagrun for example_sensors to None, run_after=None
[2023-03-04T10:42:44.613+0530] {processor.py:175} INFO - Processing /home/ris/PycharmProjects/pythonProject/USA-housing/venv/lib/python3.10/site-packages/airflow/example_dags/example_sensors.py took 0.080 seconds
[2023-03-04T10:43:30.189+0530] {processor.py:153} INFO - Started process (PID=33771) to work on /home/ris/PycharmProjects/pythonProject/USA-housing/venv/lib/python3.10/site-packages/airflow/example_dags/example_sensors.py
[2023-03-04T10:43:30.191+0530] {processor.py:743} INFO - Processing file /home/ris/PycharmProjects/pythonProject/USA-housing/venv/lib/python3.10/site-packages/airflow/example_dags/example_sensors.py for tasks to queue
[2023-03-04T10:43:30.192+0530] {logging_mixin.py:137} INFO - [2023-03-04T10:43:30.192+0530] {dagbag.py:538} INFO - Filling up the DagBag from /home/ris/PycharmProjects/pythonProject/USA-housing/venv/lib/python3.10/site-packages/airflow/example_dags/example_sensors.py
[2023-03-04T10:43:30.214+0530] {processor.py:753} INFO - DAG(s) dict_keys(['example_sensors']) retrieved from /home/ris/PycharmProjects/pythonProject/USA-housing/venv/lib/python3.10/site-packages/airflow/example_dags/example_sensors.py
[2023-03-04T10:43:30.241+0530] {logging_mixin.py:137} INFO - [2023-03-04T10:43:30.241+0530] {dag.py:2690} INFO - Sync 1 DAGs
[2023-03-04T10:43:30.266+0530] {logging_mixin.py:137} INFO - [2023-03-04T10:43:30.266+0530] {dag.py:3437} INFO - Setting next_dagrun for example_sensors to None, run_after=None
[2023-03-04T10:43:30.290+0530] {processor.py:175} INFO - Processing /home/ris/PycharmProjects/pythonProject/USA-housing/venv/lib/python3.10/site-packages/airflow/example_dags/example_sensors.py took 0.107 seconds
[2023-03-04T10:44:16.599+0530] {processor.py:153} INFO - Started process (PID=33817) to work on /home/ris/PycharmProjects/pythonProject/USA-housing/venv/lib/python3.10/site-packages/airflow/example_dags/example_sensors.py
[2023-03-04T10:44:16.601+0530] {processor.py:743} INFO - Processing file /home/ris/PycharmProjects/pythonProject/USA-housing/venv/lib/python3.10/site-packages/airflow/example_dags/example_sensors.py for tasks to queue
[2023-03-04T10:44:16.601+0530] {logging_mixin.py:137} INFO - [2023-03-04T10:44:16.601+0530] {dagbag.py:538} INFO - Filling up the DagBag from /home/ris/PycharmProjects/pythonProject/USA-housing/venv/lib/python3.10/site-packages/airflow/example_dags/example_sensors.py
[2023-03-04T10:44:16.633+0530] {processor.py:753} INFO - DAG(s) dict_keys(['example_sensors']) retrieved from /home/ris/PycharmProjects/pythonProject/USA-housing/venv/lib/python3.10/site-packages/airflow/example_dags/example_sensors.py
[2023-03-04T10:44:16.661+0530] {logging_mixin.py:137} INFO - [2023-03-04T10:44:16.660+0530] {dag.py:2690} INFO - Sync 1 DAGs
[2023-03-04T10:44:16.692+0530] {logging_mixin.py:137} INFO - [2023-03-04T10:44:16.692+0530] {dag.py:3437} INFO - Setting next_dagrun for example_sensors to None, run_after=None
[2023-03-04T10:44:16.722+0530] {processor.py:175} INFO - Processing /home/ris/PycharmProjects/pythonProject/USA-housing/venv/lib/python3.10/site-packages/airflow/example_dags/example_sensors.py took 0.127 seconds
[2023-03-04T10:45:04.470+0530] {processor.py:153} INFO - Started process (PID=33873) to work on /home/ris/PycharmProjects/pythonProject/USA-housing/venv/lib/python3.10/site-packages/airflow/example_dags/example_sensors.py
[2023-03-04T10:45:04.472+0530] {processor.py:743} INFO - Processing file /home/ris/PycharmProjects/pythonProject/USA-housing/venv/lib/python3.10/site-packages/airflow/example_dags/example_sensors.py for tasks to queue
[2023-03-04T10:45:04.472+0530] {logging_mixin.py:137} INFO - [2023-03-04T10:45:04.472+0530] {dagbag.py:538} INFO - Filling up the DagBag from /home/ris/PycharmProjects/pythonProject/USA-housing/venv/lib/python3.10/site-packages/airflow/example_dags/example_sensors.py
[2023-03-04T10:45:04.490+0530] {processor.py:753} INFO - DAG(s) dict_keys(['example_sensors']) retrieved from /home/ris/PycharmProjects/pythonProject/USA-housing/venv/lib/python3.10/site-packages/airflow/example_dags/example_sensors.py
[2023-03-04T10:45:04.519+0530] {logging_mixin.py:137} INFO - [2023-03-04T10:45:04.519+0530] {dag.py:2690} INFO - Sync 1 DAGs
[2023-03-04T10:45:04.548+0530] {logging_mixin.py:137} INFO - [2023-03-04T10:45:04.547+0530] {dag.py:3437} INFO - Setting next_dagrun for example_sensors to None, run_after=None
[2023-03-04T10:45:04.579+0530] {processor.py:175} INFO - Processing /home/ris/PycharmProjects/pythonProject/USA-housing/venv/lib/python3.10/site-packages/airflow/example_dags/example_sensors.py took 0.112 seconds
[2023-03-04T10:45:44.818+0530] {processor.py:153} INFO - Started process (PID=33917) to work on /home/ris/PycharmProjects/pythonProject/USA-housing/venv/lib/python3.10/site-packages/airflow/example_dags/example_sensors.py
[2023-03-04T10:45:44.820+0530] {processor.py:743} INFO - Processing file /home/ris/PycharmProjects/pythonProject/USA-housing/venv/lib/python3.10/site-packages/airflow/example_dags/example_sensors.py for tasks to queue
[2023-03-04T10:45:44.821+0530] {logging_mixin.py:137} INFO - [2023-03-04T10:45:44.821+0530] {dagbag.py:538} INFO - Filling up the DagBag from /home/ris/PycharmProjects/pythonProject/USA-housing/venv/lib/python3.10/site-packages/airflow/example_dags/example_sensors.py
[2023-03-04T10:45:44.847+0530] {processor.py:753} INFO - DAG(s) dict_keys(['example_sensors']) retrieved from /home/ris/PycharmProjects/pythonProject/USA-housing/venv/lib/python3.10/site-packages/airflow/example_dags/example_sensors.py
[2023-03-04T10:45:44.876+0530] {logging_mixin.py:137} INFO - [2023-03-04T10:45:44.876+0530] {dag.py:2690} INFO - Sync 1 DAGs
[2023-03-04T10:45:44.906+0530] {logging_mixin.py:137} INFO - [2023-03-04T10:45:44.905+0530] {dag.py:3437} INFO - Setting next_dagrun for example_sensors to None, run_after=None
[2023-03-04T10:45:44.936+0530] {processor.py:175} INFO - Processing /home/ris/PycharmProjects/pythonProject/USA-housing/venv/lib/python3.10/site-packages/airflow/example_dags/example_sensors.py took 0.124 seconds
[2023-03-04T10:46:27.865+0530] {processor.py:153} INFO - Started process (PID=33962) to work on /home/ris/PycharmProjects/pythonProject/USA-housing/venv/lib/python3.10/site-packages/airflow/example_dags/example_sensors.py
[2023-03-04T10:46:27.867+0530] {processor.py:743} INFO - Processing file /home/ris/PycharmProjects/pythonProject/USA-housing/venv/lib/python3.10/site-packages/airflow/example_dags/example_sensors.py for tasks to queue
[2023-03-04T10:46:27.867+0530] {logging_mixin.py:137} INFO - [2023-03-04T10:46:27.867+0530] {dagbag.py:538} INFO - Filling up the DagBag from /home/ris/PycharmProjects/pythonProject/USA-housing/venv/lib/python3.10/site-packages/airflow/example_dags/example_sensors.py
[2023-03-04T10:46:27.890+0530] {processor.py:753} INFO - DAG(s) dict_keys(['example_sensors']) retrieved from /home/ris/PycharmProjects/pythonProject/USA-housing/venv/lib/python3.10/site-packages/airflow/example_dags/example_sensors.py
[2023-03-04T10:46:27.915+0530] {logging_mixin.py:137} INFO - [2023-03-04T10:46:27.915+0530] {dag.py:2690} INFO - Sync 1 DAGs
[2023-03-04T10:46:27.938+0530] {logging_mixin.py:137} INFO - [2023-03-04T10:46:27.937+0530] {dag.py:3437} INFO - Setting next_dagrun for example_sensors to None, run_after=None
[2023-03-04T10:46:27.965+0530] {processor.py:175} INFO - Processing /home/ris/PycharmProjects/pythonProject/USA-housing/venv/lib/python3.10/site-packages/airflow/example_dags/example_sensors.py took 0.102 seconds
[2023-03-04T10:47:14.284+0530] {processor.py:153} INFO - Started process (PID=34020) to work on /home/ris/PycharmProjects/pythonProject/USA-housing/venv/lib/python3.10/site-packages/airflow/example_dags/example_sensors.py
[2023-03-04T10:47:14.288+0530] {processor.py:743} INFO - Processing file /home/ris/PycharmProjects/pythonProject/USA-housing/venv/lib/python3.10/site-packages/airflow/example_dags/example_sensors.py for tasks to queue
[2023-03-04T10:47:14.290+0530] {logging_mixin.py:137} INFO - [2023-03-04T10:47:14.290+0530] {dagbag.py:538} INFO - Filling up the DagBag from /home/ris/PycharmProjects/pythonProject/USA-housing/venv/lib/python3.10/site-packages/airflow/example_dags/example_sensors.py
[2023-03-04T10:47:14.337+0530] {processor.py:753} INFO - DAG(s) dict_keys(['example_sensors']) retrieved from /home/ris/PycharmProjects/pythonProject/USA-housing/venv/lib/python3.10/site-packages/airflow/example_dags/example_sensors.py
[2023-03-04T10:47:14.380+0530] {logging_mixin.py:137} INFO - [2023-03-04T10:47:14.380+0530] {dag.py:2690} INFO - Sync 1 DAGs
[2023-03-04T10:47:14.430+0530] {logging_mixin.py:137} INFO - [2023-03-04T10:47:14.430+0530] {dag.py:3437} INFO - Setting next_dagrun for example_sensors to None, run_after=None
[2023-03-04T10:47:14.492+0530] {processor.py:175} INFO - Processing /home/ris/PycharmProjects/pythonProject/USA-housing/venv/lib/python3.10/site-packages/airflow/example_dags/example_sensors.py took 0.217 seconds
[2023-03-04T10:48:09.628+0530] {processor.py:153} INFO - Started process (PID=34078) to work on /home/ris/PycharmProjects/pythonProject/USA-housing/venv/lib/python3.10/site-packages/airflow/example_dags/example_sensors.py
[2023-03-04T10:48:09.630+0530] {processor.py:743} INFO - Processing file /home/ris/PycharmProjects/pythonProject/USA-housing/venv/lib/python3.10/site-packages/airflow/example_dags/example_sensors.py for tasks to queue
[2023-03-04T10:48:09.631+0530] {logging_mixin.py:137} INFO - [2023-03-04T10:48:09.631+0530] {dagbag.py:538} INFO - Filling up the DagBag from /home/ris/PycharmProjects/pythonProject/USA-housing/venv/lib/python3.10/site-packages/airflow/example_dags/example_sensors.py
[2023-03-04T10:48:09.658+0530] {processor.py:753} INFO - DAG(s) dict_keys(['example_sensors']) retrieved from /home/ris/PycharmProjects/pythonProject/USA-housing/venv/lib/python3.10/site-packages/airflow/example_dags/example_sensors.py
[2023-03-04T10:48:09.685+0530] {logging_mixin.py:137} INFO - [2023-03-04T10:48:09.685+0530] {dag.py:2690} INFO - Sync 1 DAGs
[2023-03-04T10:48:09.720+0530] {logging_mixin.py:137} INFO - [2023-03-04T10:48:09.720+0530] {dag.py:3437} INFO - Setting next_dagrun for example_sensors to None, run_after=None
[2023-03-04T10:48:09.753+0530] {processor.py:175} INFO - Processing /home/ris/PycharmProjects/pythonProject/USA-housing/venv/lib/python3.10/site-packages/airflow/example_dags/example_sensors.py took 0.130 seconds
[2023-03-04T10:49:05.575+0530] {processor.py:153} INFO - Started process (PID=34149) to work on /home/ris/PycharmProjects/pythonProject/USA-housing/venv/lib/python3.10/site-packages/airflow/example_dags/example_sensors.py
[2023-03-04T10:49:05.576+0530] {processor.py:743} INFO - Processing file /home/ris/PycharmProjects/pythonProject/USA-housing/venv/lib/python3.10/site-packages/airflow/example_dags/example_sensors.py for tasks to queue
[2023-03-04T10:49:05.578+0530] {logging_mixin.py:137} INFO - [2023-03-04T10:49:05.578+0530] {dagbag.py:538} INFO - Filling up the DagBag from /home/ris/PycharmProjects/pythonProject/USA-housing/venv/lib/python3.10/site-packages/airflow/example_dags/example_sensors.py
[2023-03-04T10:49:05.596+0530] {processor.py:753} INFO - DAG(s) dict_keys(['example_sensors']) retrieved from /home/ris/PycharmProjects/pythonProject/USA-housing/venv/lib/python3.10/site-packages/airflow/example_dags/example_sensors.py
[2023-03-04T10:49:05.617+0530] {logging_mixin.py:137} INFO - [2023-03-04T10:49:05.616+0530] {dag.py:2690} INFO - Sync 1 DAGs
[2023-03-04T10:49:05.639+0530] {logging_mixin.py:137} INFO - [2023-03-04T10:49:05.639+0530] {dag.py:3437} INFO - Setting next_dagrun for example_sensors to None, run_after=None
[2023-03-04T10:49:05.659+0530] {processor.py:175} INFO - Processing /home/ris/PycharmProjects/pythonProject/USA-housing/venv/lib/python3.10/site-packages/airflow/example_dags/example_sensors.py took 0.087 seconds
[2023-03-04T10:49:50.456+0530] {processor.py:153} INFO - Started process (PID=34215) to work on /home/ris/PycharmProjects/pythonProject/USA-housing/venv/lib/python3.10/site-packages/airflow/example_dags/example_sensors.py
[2023-03-04T10:49:50.458+0530] {processor.py:743} INFO - Processing file /home/ris/PycharmProjects/pythonProject/USA-housing/venv/lib/python3.10/site-packages/airflow/example_dags/example_sensors.py for tasks to queue
[2023-03-04T10:49:50.459+0530] {logging_mixin.py:137} INFO - [2023-03-04T10:49:50.458+0530] {dagbag.py:538} INFO - Filling up the DagBag from /home/ris/PycharmProjects/pythonProject/USA-housing/venv/lib/python3.10/site-packages/airflow/example_dags/example_sensors.py
[2023-03-04T10:49:50.485+0530] {processor.py:753} INFO - DAG(s) dict_keys(['example_sensors']) retrieved from /home/ris/PycharmProjects/pythonProject/USA-housing/venv/lib/python3.10/site-packages/airflow/example_dags/example_sensors.py
[2023-03-04T10:49:50.528+0530] {logging_mixin.py:137} INFO - [2023-03-04T10:49:50.528+0530] {dag.py:2690} INFO - Sync 1 DAGs
[2023-03-04T10:49:50.559+0530] {logging_mixin.py:137} INFO - [2023-03-04T10:49:50.559+0530] {dag.py:3437} INFO - Setting next_dagrun for example_sensors to None, run_after=None
[2023-03-04T10:49:50.587+0530] {processor.py:175} INFO - Processing /home/ris/PycharmProjects/pythonProject/USA-housing/venv/lib/python3.10/site-packages/airflow/example_dags/example_sensors.py took 0.135 seconds
[2023-03-04T10:50:38.864+0530] {processor.py:153} INFO - Started process (PID=34316) to work on /home/ris/PycharmProjects/pythonProject/USA-housing/venv/lib/python3.10/site-packages/airflow/example_dags/example_sensors.py
[2023-03-04T10:50:38.867+0530] {processor.py:743} INFO - Processing file /home/ris/PycharmProjects/pythonProject/USA-housing/venv/lib/python3.10/site-packages/airflow/example_dags/example_sensors.py for tasks to queue
[2023-03-04T10:50:38.869+0530] {logging_mixin.py:137} INFO - [2023-03-04T10:50:38.868+0530] {dagbag.py:538} INFO - Filling up the DagBag from /home/ris/PycharmProjects/pythonProject/USA-housing/venv/lib/python3.10/site-packages/airflow/example_dags/example_sensors.py
[2023-03-04T10:50:38.910+0530] {processor.py:753} INFO - DAG(s) dict_keys(['example_sensors']) retrieved from /home/ris/PycharmProjects/pythonProject/USA-housing/venv/lib/python3.10/site-packages/airflow/example_dags/example_sensors.py
[2023-03-04T10:50:38.937+0530] {logging_mixin.py:137} INFO - [2023-03-04T10:50:38.937+0530] {dag.py:2690} INFO - Sync 1 DAGs
[2023-03-04T10:50:38.971+0530] {logging_mixin.py:137} INFO - [2023-03-04T10:50:38.971+0530] {dag.py:3437} INFO - Setting next_dagrun for example_sensors to None, run_after=None
[2023-03-04T10:50:39.004+0530] {processor.py:175} INFO - Processing /home/ris/PycharmProjects/pythonProject/USA-housing/venv/lib/python3.10/site-packages/airflow/example_dags/example_sensors.py took 0.146 seconds
[2023-03-04T10:51:32.476+0530] {processor.py:153} INFO - Started process (PID=34382) to work on /home/ris/PycharmProjects/pythonProject/USA-housing/venv/lib/python3.10/site-packages/airflow/example_dags/example_sensors.py
[2023-03-04T10:51:32.478+0530] {processor.py:743} INFO - Processing file /home/ris/PycharmProjects/pythonProject/USA-housing/venv/lib/python3.10/site-packages/airflow/example_dags/example_sensors.py for tasks to queue
[2023-03-04T10:51:32.480+0530] {logging_mixin.py:137} INFO - [2023-03-04T10:51:32.479+0530] {dagbag.py:538} INFO - Filling up the DagBag from /home/ris/PycharmProjects/pythonProject/USA-housing/venv/lib/python3.10/site-packages/airflow/example_dags/example_sensors.py
[2023-03-04T10:51:32.521+0530] {processor.py:753} INFO - DAG(s) dict_keys(['example_sensors']) retrieved from /home/ris/PycharmProjects/pythonProject/USA-housing/venv/lib/python3.10/site-packages/airflow/example_dags/example_sensors.py
[2023-03-04T10:51:32.556+0530] {logging_mixin.py:137} INFO - [2023-03-04T10:51:32.556+0530] {dag.py:2690} INFO - Sync 1 DAGs
[2023-03-04T10:51:32.587+0530] {logging_mixin.py:137} INFO - [2023-03-04T10:51:32.586+0530] {dag.py:3437} INFO - Setting next_dagrun for example_sensors to None, run_after=None
[2023-03-04T10:51:32.621+0530] {processor.py:175} INFO - Processing /home/ris/PycharmProjects/pythonProject/USA-housing/venv/lib/python3.10/site-packages/airflow/example_dags/example_sensors.py took 0.148 seconds
[2023-03-04T10:52:18.774+0530] {processor.py:153} INFO - Started process (PID=34453) to work on /home/ris/PycharmProjects/pythonProject/USA-housing/venv/lib/python3.10/site-packages/airflow/example_dags/example_sensors.py
[2023-03-04T10:52:18.775+0530] {processor.py:743} INFO - Processing file /home/ris/PycharmProjects/pythonProject/USA-housing/venv/lib/python3.10/site-packages/airflow/example_dags/example_sensors.py for tasks to queue
[2023-03-04T10:52:18.775+0530] {logging_mixin.py:137} INFO - [2023-03-04T10:52:18.775+0530] {dagbag.py:538} INFO - Filling up the DagBag from /home/ris/PycharmProjects/pythonProject/USA-housing/venv/lib/python3.10/site-packages/airflow/example_dags/example_sensors.py
[2023-03-04T10:52:18.796+0530] {processor.py:753} INFO - DAG(s) dict_keys(['example_sensors']) retrieved from /home/ris/PycharmProjects/pythonProject/USA-housing/venv/lib/python3.10/site-packages/airflow/example_dags/example_sensors.py
[2023-03-04T10:52:18.816+0530] {logging_mixin.py:137} INFO - [2023-03-04T10:52:18.816+0530] {dag.py:2690} INFO - Sync 1 DAGs
[2023-03-04T10:52:18.836+0530] {logging_mixin.py:137} INFO - [2023-03-04T10:52:18.836+0530] {dag.py:3437} INFO - Setting next_dagrun for example_sensors to None, run_after=None
[2023-03-04T10:52:18.859+0530] {processor.py:175} INFO - Processing /home/ris/PycharmProjects/pythonProject/USA-housing/venv/lib/python3.10/site-packages/airflow/example_dags/example_sensors.py took 0.088 seconds
[2023-03-04T10:53:11.263+0530] {processor.py:153} INFO - Started process (PID=34564) to work on /home/ris/PycharmProjects/pythonProject/USA-housing/venv/lib/python3.10/site-packages/airflow/example_dags/example_sensors.py
[2023-03-04T10:53:11.265+0530] {processor.py:743} INFO - Processing file /home/ris/PycharmProjects/pythonProject/USA-housing/venv/lib/python3.10/site-packages/airflow/example_dags/example_sensors.py for tasks to queue
[2023-03-04T10:53:11.266+0530] {logging_mixin.py:137} INFO - [2023-03-04T10:53:11.266+0530] {dagbag.py:538} INFO - Filling up the DagBag from /home/ris/PycharmProjects/pythonProject/USA-housing/venv/lib/python3.10/site-packages/airflow/example_dags/example_sensors.py
[2023-03-04T10:53:11.311+0530] {processor.py:753} INFO - DAG(s) dict_keys(['example_sensors']) retrieved from /home/ris/PycharmProjects/pythonProject/USA-housing/venv/lib/python3.10/site-packages/airflow/example_dags/example_sensors.py
[2023-03-04T10:53:11.358+0530] {logging_mixin.py:137} INFO - [2023-03-04T10:53:11.358+0530] {dag.py:2690} INFO - Sync 1 DAGs
[2023-03-04T10:53:11.398+0530] {logging_mixin.py:137} INFO - [2023-03-04T10:53:11.398+0530] {dag.py:3437} INFO - Setting next_dagrun for example_sensors to None, run_after=None
[2023-03-04T10:53:11.439+0530] {processor.py:175} INFO - Processing /home/ris/PycharmProjects/pythonProject/USA-housing/venv/lib/python3.10/site-packages/airflow/example_dags/example_sensors.py took 0.181 seconds
[2023-03-04T10:54:08.272+0530] {processor.py:153} INFO - Started process (PID=34734) to work on /home/ris/PycharmProjects/pythonProject/USA-housing/venv/lib/python3.10/site-packages/airflow/example_dags/example_sensors.py
[2023-03-04T10:54:08.274+0530] {processor.py:743} INFO - Processing file /home/ris/PycharmProjects/pythonProject/USA-housing/venv/lib/python3.10/site-packages/airflow/example_dags/example_sensors.py for tasks to queue
[2023-03-04T10:54:08.275+0530] {logging_mixin.py:137} INFO - [2023-03-04T10:54:08.275+0530] {dagbag.py:538} INFO - Filling up the DagBag from /home/ris/PycharmProjects/pythonProject/USA-housing/venv/lib/python3.10/site-packages/airflow/example_dags/example_sensors.py
[2023-03-04T10:54:08.326+0530] {processor.py:753} INFO - DAG(s) dict_keys(['example_sensors']) retrieved from /home/ris/PycharmProjects/pythonProject/USA-housing/venv/lib/python3.10/site-packages/airflow/example_dags/example_sensors.py
[2023-03-04T10:54:08.364+0530] {logging_mixin.py:137} INFO - [2023-03-04T10:54:08.364+0530] {dag.py:2690} INFO - Sync 1 DAGs
[2023-03-04T10:54:08.410+0530] {logging_mixin.py:137} INFO - [2023-03-04T10:54:08.409+0530] {dag.py:3437} INFO - Setting next_dagrun for example_sensors to None, run_after=None
[2023-03-04T10:54:08.457+0530] {processor.py:175} INFO - Processing /home/ris/PycharmProjects/pythonProject/USA-housing/venv/lib/python3.10/site-packages/airflow/example_dags/example_sensors.py took 0.193 seconds
[2023-03-04T10:54:59.328+0530] {processor.py:153} INFO - Started process (PID=34807) to work on /home/ris/PycharmProjects/pythonProject/USA-housing/venv/lib/python3.10/site-packages/airflow/example_dags/example_sensors.py
[2023-03-04T10:54:59.331+0530] {processor.py:743} INFO - Processing file /home/ris/PycharmProjects/pythonProject/USA-housing/venv/lib/python3.10/site-packages/airflow/example_dags/example_sensors.py for tasks to queue
[2023-03-04T10:54:59.332+0530] {logging_mixin.py:137} INFO - [2023-03-04T10:54:59.332+0530] {dagbag.py:538} INFO - Filling up the DagBag from /home/ris/PycharmProjects/pythonProject/USA-housing/venv/lib/python3.10/site-packages/airflow/example_dags/example_sensors.py
[2023-03-04T10:54:59.373+0530] {processor.py:753} INFO - DAG(s) dict_keys(['example_sensors']) retrieved from /home/ris/PycharmProjects/pythonProject/USA-housing/venv/lib/python3.10/site-packages/airflow/example_dags/example_sensors.py
[2023-03-04T10:54:59.394+0530] {logging_mixin.py:137} INFO - [2023-03-04T10:54:59.394+0530] {dag.py:2690} INFO - Sync 1 DAGs
[2023-03-04T10:54:59.412+0530] {logging_mixin.py:137} INFO - [2023-03-04T10:54:59.412+0530] {dag.py:3437} INFO - Setting next_dagrun for example_sensors to None, run_after=None
[2023-03-04T10:54:59.431+0530] {processor.py:175} INFO - Processing /home/ris/PycharmProjects/pythonProject/USA-housing/venv/lib/python3.10/site-packages/airflow/example_dags/example_sensors.py took 0.109 seconds
[2023-03-04T10:55:41.931+0530] {processor.py:153} INFO - Started process (PID=34855) to work on /home/ris/PycharmProjects/pythonProject/USA-housing/venv/lib/python3.10/site-packages/airflow/example_dags/example_sensors.py
[2023-03-04T10:55:41.932+0530] {processor.py:743} INFO - Processing file /home/ris/PycharmProjects/pythonProject/USA-housing/venv/lib/python3.10/site-packages/airflow/example_dags/example_sensors.py for tasks to queue
[2023-03-04T10:55:41.933+0530] {logging_mixin.py:137} INFO - [2023-03-04T10:55:41.933+0530] {dagbag.py:538} INFO - Filling up the DagBag from /home/ris/PycharmProjects/pythonProject/USA-housing/venv/lib/python3.10/site-packages/airflow/example_dags/example_sensors.py
[2023-03-04T10:55:41.952+0530] {processor.py:753} INFO - DAG(s) dict_keys(['example_sensors']) retrieved from /home/ris/PycharmProjects/pythonProject/USA-housing/venv/lib/python3.10/site-packages/airflow/example_dags/example_sensors.py
[2023-03-04T10:55:41.972+0530] {logging_mixin.py:137} INFO - [2023-03-04T10:55:41.972+0530] {dag.py:2690} INFO - Sync 1 DAGs
[2023-03-04T10:55:41.993+0530] {logging_mixin.py:137} INFO - [2023-03-04T10:55:41.993+0530] {dag.py:3437} INFO - Setting next_dagrun for example_sensors to None, run_after=None
[2023-03-04T10:55:42.015+0530] {processor.py:175} INFO - Processing /home/ris/PycharmProjects/pythonProject/USA-housing/venv/lib/python3.10/site-packages/airflow/example_dags/example_sensors.py took 0.086 seconds
[2023-03-04T10:56:25.398+0530] {processor.py:153} INFO - Started process (PID=34911) to work on /home/ris/PycharmProjects/pythonProject/USA-housing/venv/lib/python3.10/site-packages/airflow/example_dags/example_sensors.py
[2023-03-04T10:56:25.400+0530] {processor.py:743} INFO - Processing file /home/ris/PycharmProjects/pythonProject/USA-housing/venv/lib/python3.10/site-packages/airflow/example_dags/example_sensors.py for tasks to queue
[2023-03-04T10:56:25.400+0530] {logging_mixin.py:137} INFO - [2023-03-04T10:56:25.400+0530] {dagbag.py:538} INFO - Filling up the DagBag from /home/ris/PycharmProjects/pythonProject/USA-housing/venv/lib/python3.10/site-packages/airflow/example_dags/example_sensors.py
[2023-03-04T10:56:25.419+0530] {processor.py:753} INFO - DAG(s) dict_keys(['example_sensors']) retrieved from /home/ris/PycharmProjects/pythonProject/USA-housing/venv/lib/python3.10/site-packages/airflow/example_dags/example_sensors.py
[2023-03-04T10:56:25.439+0530] {logging_mixin.py:137} INFO - [2023-03-04T10:56:25.439+0530] {dag.py:2690} INFO - Sync 1 DAGs
[2023-03-04T10:56:25.457+0530] {logging_mixin.py:137} INFO - [2023-03-04T10:56:25.457+0530] {dag.py:3437} INFO - Setting next_dagrun for example_sensors to None, run_after=None
[2023-03-04T10:56:25.477+0530] {processor.py:175} INFO - Processing /home/ris/PycharmProjects/pythonProject/USA-housing/venv/lib/python3.10/site-packages/airflow/example_dags/example_sensors.py took 0.081 seconds
[2023-03-04T10:57:17.900+0530] {processor.py:153} INFO - Started process (PID=34997) to work on /home/ris/PycharmProjects/pythonProject/USA-housing/venv/lib/python3.10/site-packages/airflow/example_dags/example_sensors.py
[2023-03-04T10:57:17.902+0530] {processor.py:743} INFO - Processing file /home/ris/PycharmProjects/pythonProject/USA-housing/venv/lib/python3.10/site-packages/airflow/example_dags/example_sensors.py for tasks to queue
[2023-03-04T10:57:17.903+0530] {logging_mixin.py:137} INFO - [2023-03-04T10:57:17.903+0530] {dagbag.py:538} INFO - Filling up the DagBag from /home/ris/PycharmProjects/pythonProject/USA-housing/venv/lib/python3.10/site-packages/airflow/example_dags/example_sensors.py
[2023-03-04T10:57:17.934+0530] {processor.py:753} INFO - DAG(s) dict_keys(['example_sensors']) retrieved from /home/ris/PycharmProjects/pythonProject/USA-housing/venv/lib/python3.10/site-packages/airflow/example_dags/example_sensors.py
[2023-03-04T10:57:17.956+0530] {logging_mixin.py:137} INFO - [2023-03-04T10:57:17.955+0530] {dag.py:2690} INFO - Sync 1 DAGs
[2023-03-04T10:57:17.979+0530] {logging_mixin.py:137} INFO - [2023-03-04T10:57:17.978+0530] {dag.py:3437} INFO - Setting next_dagrun for example_sensors to None, run_after=None
[2023-03-04T10:57:18.000+0530] {processor.py:175} INFO - Processing /home/ris/PycharmProjects/pythonProject/USA-housing/venv/lib/python3.10/site-packages/airflow/example_dags/example_sensors.py took 0.103 seconds
[2023-03-04T10:58:05.178+0530] {processor.py:153} INFO - Started process (PID=35067) to work on /home/ris/PycharmProjects/pythonProject/USA-housing/venv/lib/python3.10/site-packages/airflow/example_dags/example_sensors.py
[2023-03-04T10:58:05.180+0530] {processor.py:743} INFO - Processing file /home/ris/PycharmProjects/pythonProject/USA-housing/venv/lib/python3.10/site-packages/airflow/example_dags/example_sensors.py for tasks to queue
[2023-03-04T10:58:05.181+0530] {logging_mixin.py:137} INFO - [2023-03-04T10:58:05.180+0530] {dagbag.py:538} INFO - Filling up the DagBag from /home/ris/PycharmProjects/pythonProject/USA-housing/venv/lib/python3.10/site-packages/airflow/example_dags/example_sensors.py
[2023-03-04T10:58:05.199+0530] {processor.py:753} INFO - DAG(s) dict_keys(['example_sensors']) retrieved from /home/ris/PycharmProjects/pythonProject/USA-housing/venv/lib/python3.10/site-packages/airflow/example_dags/example_sensors.py
[2023-03-04T10:58:05.219+0530] {logging_mixin.py:137} INFO - [2023-03-04T10:58:05.219+0530] {dag.py:2690} INFO - Sync 1 DAGs
[2023-03-04T10:58:05.239+0530] {logging_mixin.py:137} INFO - [2023-03-04T10:58:05.239+0530] {dag.py:3437} INFO - Setting next_dagrun for example_sensors to None, run_after=None
[2023-03-04T10:58:05.260+0530] {processor.py:175} INFO - Processing /home/ris/PycharmProjects/pythonProject/USA-housing/venv/lib/python3.10/site-packages/airflow/example_dags/example_sensors.py took 0.085 seconds
[2023-03-04T11:01:37.514+0530] {processor.py:153} INFO - Started process (PID=35223) to work on /home/ris/PycharmProjects/pythonProject/USA-housing/venv/lib/python3.10/site-packages/airflow/example_dags/example_sensors.py
[2023-03-04T11:01:37.516+0530] {processor.py:743} INFO - Processing file /home/ris/PycharmProjects/pythonProject/USA-housing/venv/lib/python3.10/site-packages/airflow/example_dags/example_sensors.py for tasks to queue
[2023-03-04T11:01:37.516+0530] {logging_mixin.py:137} INFO - [2023-03-04T11:01:37.516+0530] {dagbag.py:538} INFO - Filling up the DagBag from /home/ris/PycharmProjects/pythonProject/USA-housing/venv/lib/python3.10/site-packages/airflow/example_dags/example_sensors.py
[2023-03-04T11:01:37.541+0530] {processor.py:753} INFO - DAG(s) dict_keys(['example_sensors']) retrieved from /home/ris/PycharmProjects/pythonProject/USA-housing/venv/lib/python3.10/site-packages/airflow/example_dags/example_sensors.py
[2023-03-04T11:01:37.570+0530] {logging_mixin.py:137} INFO - [2023-03-04T11:01:37.569+0530] {dag.py:2690} INFO - Sync 1 DAGs
[2023-03-04T11:01:37.597+0530] {logging_mixin.py:137} INFO - [2023-03-04T11:01:37.597+0530] {dag.py:3437} INFO - Setting next_dagrun for example_sensors to None, run_after=None
[2023-03-04T11:01:37.624+0530] {processor.py:175} INFO - Processing /home/ris/PycharmProjects/pythonProject/USA-housing/venv/lib/python3.10/site-packages/airflow/example_dags/example_sensors.py took 0.114 seconds
