[2023-03-04T09:23:40.558+0530] {processor.py:153} INFO - Started process (PID=29715) to work on /home/ris/PycharmProjects/pythonProject/USA-housing/venv/lib/python3.10/site-packages/airflow/example_dags/example_latest_only_with_trigger.py
[2023-03-04T09:23:40.559+0530] {processor.py:743} INFO - Processing file /home/ris/PycharmProjects/pythonProject/USA-housing/venv/lib/python3.10/site-packages/airflow/example_dags/example_latest_only_with_trigger.py for tasks to queue
[2023-03-04T09:23:40.560+0530] {logging_mixin.py:137} INFO - [2023-03-04T09:23:40.560+0530] {dagbag.py:538} INFO - Filling up the DagBag from /home/ris/PycharmProjects/pythonProject/USA-housing/venv/lib/python3.10/site-packages/airflow/example_dags/example_latest_only_with_trigger.py
[2023-03-04T09:23:40.586+0530] {processor.py:753} INFO - DAG(s) dict_keys(['latest_only_with_trigger']) retrieved from /home/ris/PycharmProjects/pythonProject/USA-housing/venv/lib/python3.10/site-packages/airflow/example_dags/example_latest_only_with_trigger.py
[2023-03-04T09:23:40.606+0530] {logging_mixin.py:137} INFO - [2023-03-04T09:23:40.606+0530] {dag.py:2690} INFO - Sync 1 DAGs
[2023-03-04T09:23:40.622+0530] {logging_mixin.py:137} INFO - [2023-03-04T09:23:40.622+0530] {dag.py:3437} INFO - Setting next_dagrun for latest_only_with_trigger to 2023-03-03T23:53:40.622266+00:00, run_after=2023-03-04T03:53:40.622266+00:00
[2023-03-04T09:23:40.641+0530] {processor.py:175} INFO - Processing /home/ris/PycharmProjects/pythonProject/USA-housing/venv/lib/python3.10/site-packages/airflow/example_dags/example_latest_only_with_trigger.py took 0.088 seconds
[2023-03-04T09:24:22.517+0530] {processor.py:153} INFO - Started process (PID=29756) to work on /home/ris/PycharmProjects/pythonProject/USA-housing/venv/lib/python3.10/site-packages/airflow/example_dags/example_latest_only_with_trigger.py
[2023-03-04T09:24:22.519+0530] {processor.py:743} INFO - Processing file /home/ris/PycharmProjects/pythonProject/USA-housing/venv/lib/python3.10/site-packages/airflow/example_dags/example_latest_only_with_trigger.py for tasks to queue
[2023-03-04T09:24:22.520+0530] {logging_mixin.py:137} INFO - [2023-03-04T09:24:22.520+0530] {dagbag.py:538} INFO - Filling up the DagBag from /home/ris/PycharmProjects/pythonProject/USA-housing/venv/lib/python3.10/site-packages/airflow/example_dags/example_latest_only_with_trigger.py
[2023-03-04T09:24:22.544+0530] {processor.py:753} INFO - DAG(s) dict_keys(['latest_only_with_trigger']) retrieved from /home/ris/PycharmProjects/pythonProject/USA-housing/venv/lib/python3.10/site-packages/airflow/example_dags/example_latest_only_with_trigger.py
[2023-03-04T09:24:22.567+0530] {logging_mixin.py:137} INFO - [2023-03-04T09:24:22.567+0530] {dag.py:2690} INFO - Sync 1 DAGs
[2023-03-04T09:24:22.583+0530] {logging_mixin.py:137} INFO - [2023-03-04T09:24:22.583+0530] {dag.py:3437} INFO - Setting next_dagrun for latest_only_with_trigger to 2023-03-03T23:54:22.583433+00:00, run_after=2023-03-04T03:54:22.583433+00:00
[2023-03-04T09:24:22.603+0530] {processor.py:175} INFO - Processing /home/ris/PycharmProjects/pythonProject/USA-housing/venv/lib/python3.10/site-packages/airflow/example_dags/example_latest_only_with_trigger.py took 0.090 seconds
[2023-03-04T09:25:10.214+0530] {processor.py:153} INFO - Started process (PID=29808) to work on /home/ris/PycharmProjects/pythonProject/USA-housing/venv/lib/python3.10/site-packages/airflow/example_dags/example_latest_only_with_trigger.py
[2023-03-04T09:25:10.216+0530] {processor.py:743} INFO - Processing file /home/ris/PycharmProjects/pythonProject/USA-housing/venv/lib/python3.10/site-packages/airflow/example_dags/example_latest_only_with_trigger.py for tasks to queue
[2023-03-04T09:25:10.217+0530] {logging_mixin.py:137} INFO - [2023-03-04T09:25:10.217+0530] {dagbag.py:538} INFO - Filling up the DagBag from /home/ris/PycharmProjects/pythonProject/USA-housing/venv/lib/python3.10/site-packages/airflow/example_dags/example_latest_only_with_trigger.py
[2023-03-04T09:25:10.242+0530] {processor.py:753} INFO - DAG(s) dict_keys(['latest_only_with_trigger']) retrieved from /home/ris/PycharmProjects/pythonProject/USA-housing/venv/lib/python3.10/site-packages/airflow/example_dags/example_latest_only_with_trigger.py
[2023-03-04T09:25:10.264+0530] {logging_mixin.py:137} INFO - [2023-03-04T09:25:10.264+0530] {dag.py:2690} INFO - Sync 1 DAGs
[2023-03-04T09:25:10.282+0530] {logging_mixin.py:137} INFO - [2023-03-04T09:25:10.282+0530] {dag.py:3437} INFO - Setting next_dagrun for latest_only_with_trigger to 2023-03-03T23:55:10.281920+00:00, run_after=2023-03-04T03:55:10.281920+00:00
[2023-03-04T09:25:10.299+0530] {processor.py:175} INFO - Processing /home/ris/PycharmProjects/pythonProject/USA-housing/venv/lib/python3.10/site-packages/airflow/example_dags/example_latest_only_with_trigger.py took 0.089 seconds
[2023-03-04T09:25:54.497+0530] {processor.py:153} INFO - Started process (PID=30070) to work on /home/ris/PycharmProjects/pythonProject/USA-housing/venv/lib/python3.10/site-packages/airflow/example_dags/example_latest_only_with_trigger.py
[2023-03-04T09:25:54.500+0530] {processor.py:743} INFO - Processing file /home/ris/PycharmProjects/pythonProject/USA-housing/venv/lib/python3.10/site-packages/airflow/example_dags/example_latest_only_with_trigger.py for tasks to queue
[2023-03-04T09:25:54.501+0530] {logging_mixin.py:137} INFO - [2023-03-04T09:25:54.500+0530] {dagbag.py:538} INFO - Filling up the DagBag from /home/ris/PycharmProjects/pythonProject/USA-housing/venv/lib/python3.10/site-packages/airflow/example_dags/example_latest_only_with_trigger.py
[2023-03-04T09:25:54.525+0530] {processor.py:753} INFO - DAG(s) dict_keys(['latest_only_with_trigger']) retrieved from /home/ris/PycharmProjects/pythonProject/USA-housing/venv/lib/python3.10/site-packages/airflow/example_dags/example_latest_only_with_trigger.py
[2023-03-04T09:25:54.551+0530] {logging_mixin.py:137} INFO - [2023-03-04T09:25:54.551+0530] {dag.py:2690} INFO - Sync 1 DAGs
[2023-03-04T09:25:54.576+0530] {logging_mixin.py:137} INFO - [2023-03-04T09:25:54.576+0530] {dag.py:3437} INFO - Setting next_dagrun for latest_only_with_trigger to 2023-03-03T23:55:54.576085+00:00, run_after=2023-03-04T03:55:54.576085+00:00
[2023-03-04T09:25:54.605+0530] {processor.py:175} INFO - Processing /home/ris/PycharmProjects/pythonProject/USA-housing/venv/lib/python3.10/site-packages/airflow/example_dags/example_latest_only_with_trigger.py took 0.111 seconds
[2023-03-04T09:26:43.291+0530] {processor.py:153} INFO - Started process (PID=30137) to work on /home/ris/PycharmProjects/pythonProject/USA-housing/venv/lib/python3.10/site-packages/airflow/example_dags/example_latest_only_with_trigger.py
[2023-03-04T09:26:43.294+0530] {processor.py:743} INFO - Processing file /home/ris/PycharmProjects/pythonProject/USA-housing/venv/lib/python3.10/site-packages/airflow/example_dags/example_latest_only_with_trigger.py for tasks to queue
[2023-03-04T09:26:43.295+0530] {logging_mixin.py:137} INFO - [2023-03-04T09:26:43.294+0530] {dagbag.py:538} INFO - Filling up the DagBag from /home/ris/PycharmProjects/pythonProject/USA-housing/venv/lib/python3.10/site-packages/airflow/example_dags/example_latest_only_with_trigger.py
[2023-03-04T09:26:43.319+0530] {processor.py:753} INFO - DAG(s) dict_keys(['latest_only_with_trigger']) retrieved from /home/ris/PycharmProjects/pythonProject/USA-housing/venv/lib/python3.10/site-packages/airflow/example_dags/example_latest_only_with_trigger.py
[2023-03-04T09:26:43.344+0530] {logging_mixin.py:137} INFO - [2023-03-04T09:26:43.343+0530] {dag.py:2690} INFO - Sync 1 DAGs
[2023-03-04T09:26:43.360+0530] {logging_mixin.py:137} INFO - [2023-03-04T09:26:43.359+0530] {dag.py:3437} INFO - Setting next_dagrun for latest_only_with_trigger to 2023-03-03T23:56:43.359651+00:00, run_after=2023-03-04T03:56:43.359651+00:00
[2023-03-04T09:26:43.377+0530] {processor.py:175} INFO - Processing /home/ris/PycharmProjects/pythonProject/USA-housing/venv/lib/python3.10/site-packages/airflow/example_dags/example_latest_only_with_trigger.py took 0.090 seconds
[2023-03-04T09:27:25.404+0530] {processor.py:153} INFO - Started process (PID=30178) to work on /home/ris/PycharmProjects/pythonProject/USA-housing/venv/lib/python3.10/site-packages/airflow/example_dags/example_latest_only_with_trigger.py
[2023-03-04T09:27:25.406+0530] {processor.py:743} INFO - Processing file /home/ris/PycharmProjects/pythonProject/USA-housing/venv/lib/python3.10/site-packages/airflow/example_dags/example_latest_only_with_trigger.py for tasks to queue
[2023-03-04T09:27:25.407+0530] {logging_mixin.py:137} INFO - [2023-03-04T09:27:25.407+0530] {dagbag.py:538} INFO - Filling up the DagBag from /home/ris/PycharmProjects/pythonProject/USA-housing/venv/lib/python3.10/site-packages/airflow/example_dags/example_latest_only_with_trigger.py
[2023-03-04T09:27:25.432+0530] {processor.py:753} INFO - DAG(s) dict_keys(['latest_only_with_trigger']) retrieved from /home/ris/PycharmProjects/pythonProject/USA-housing/venv/lib/python3.10/site-packages/airflow/example_dags/example_latest_only_with_trigger.py
[2023-03-04T09:27:25.454+0530] {logging_mixin.py:137} INFO - [2023-03-04T09:27:25.453+0530] {dag.py:2690} INFO - Sync 1 DAGs
[2023-03-04T09:27:25.469+0530] {logging_mixin.py:137} INFO - [2023-03-04T09:27:25.469+0530] {dag.py:3437} INFO - Setting next_dagrun for latest_only_with_trigger to 2023-03-03T23:57:25.469511+00:00, run_after=2023-03-04T03:57:25.469511+00:00
[2023-03-04T09:27:25.487+0530] {processor.py:175} INFO - Processing /home/ris/PycharmProjects/pythonProject/USA-housing/venv/lib/python3.10/site-packages/airflow/example_dags/example_latest_only_with_trigger.py took 0.087 seconds
[2023-03-04T09:28:07.355+0530] {processor.py:153} INFO - Started process (PID=30223) to work on /home/ris/PycharmProjects/pythonProject/USA-housing/venv/lib/python3.10/site-packages/airflow/example_dags/example_latest_only_with_trigger.py
[2023-03-04T09:28:07.357+0530] {processor.py:743} INFO - Processing file /home/ris/PycharmProjects/pythonProject/USA-housing/venv/lib/python3.10/site-packages/airflow/example_dags/example_latest_only_with_trigger.py for tasks to queue
[2023-03-04T09:28:07.358+0530] {logging_mixin.py:137} INFO - [2023-03-04T09:28:07.358+0530] {dagbag.py:538} INFO - Filling up the DagBag from /home/ris/PycharmProjects/pythonProject/USA-housing/venv/lib/python3.10/site-packages/airflow/example_dags/example_latest_only_with_trigger.py
[2023-03-04T09:28:07.385+0530] {processor.py:753} INFO - DAG(s) dict_keys(['latest_only_with_trigger']) retrieved from /home/ris/PycharmProjects/pythonProject/USA-housing/venv/lib/python3.10/site-packages/airflow/example_dags/example_latest_only_with_trigger.py
[2023-03-04T09:28:07.406+0530] {logging_mixin.py:137} INFO - [2023-03-04T09:28:07.405+0530] {dag.py:2690} INFO - Sync 1 DAGs
[2023-03-04T09:28:07.421+0530] {logging_mixin.py:137} INFO - [2023-03-04T09:28:07.421+0530] {dag.py:3437} INFO - Setting next_dagrun for latest_only_with_trigger to 2023-03-03T23:58:07.421586+00:00, run_after=2023-03-04T03:58:07.421586+00:00
[2023-03-04T09:28:07.439+0530] {processor.py:175} INFO - Processing /home/ris/PycharmProjects/pythonProject/USA-housing/venv/lib/python3.10/site-packages/airflow/example_dags/example_latest_only_with_trigger.py took 0.089 seconds
[2023-03-04T09:28:51.757+0530] {processor.py:153} INFO - Started process (PID=30270) to work on /home/ris/PycharmProjects/pythonProject/USA-housing/venv/lib/python3.10/site-packages/airflow/example_dags/example_latest_only_with_trigger.py
[2023-03-04T09:28:51.759+0530] {processor.py:743} INFO - Processing file /home/ris/PycharmProjects/pythonProject/USA-housing/venv/lib/python3.10/site-packages/airflow/example_dags/example_latest_only_with_trigger.py for tasks to queue
[2023-03-04T09:28:51.760+0530] {logging_mixin.py:137} INFO - [2023-03-04T09:28:51.760+0530] {dagbag.py:538} INFO - Filling up the DagBag from /home/ris/PycharmProjects/pythonProject/USA-housing/venv/lib/python3.10/site-packages/airflow/example_dags/example_latest_only_with_trigger.py
[2023-03-04T09:28:51.786+0530] {processor.py:753} INFO - DAG(s) dict_keys(['latest_only_with_trigger']) retrieved from /home/ris/PycharmProjects/pythonProject/USA-housing/venv/lib/python3.10/site-packages/airflow/example_dags/example_latest_only_with_trigger.py
[2023-03-04T09:28:51.808+0530] {logging_mixin.py:137} INFO - [2023-03-04T09:28:51.808+0530] {dag.py:2690} INFO - Sync 1 DAGs
[2023-03-04T09:28:51.825+0530] {logging_mixin.py:137} INFO - [2023-03-04T09:28:51.825+0530] {dag.py:3437} INFO - Setting next_dagrun for latest_only_with_trigger to 2023-03-03T23:58:51.825355+00:00, run_after=2023-03-04T03:58:51.825355+00:00
[2023-03-04T09:28:51.843+0530] {processor.py:175} INFO - Processing /home/ris/PycharmProjects/pythonProject/USA-housing/venv/lib/python3.10/site-packages/airflow/example_dags/example_latest_only_with_trigger.py took 0.091 seconds
[2023-03-04T09:29:36.216+0530] {processor.py:153} INFO - Started process (PID=30316) to work on /home/ris/PycharmProjects/pythonProject/USA-housing/venv/lib/python3.10/site-packages/airflow/example_dags/example_latest_only_with_trigger.py
[2023-03-04T09:29:36.218+0530] {processor.py:743} INFO - Processing file /home/ris/PycharmProjects/pythonProject/USA-housing/venv/lib/python3.10/site-packages/airflow/example_dags/example_latest_only_with_trigger.py for tasks to queue
[2023-03-04T09:29:36.219+0530] {logging_mixin.py:137} INFO - [2023-03-04T09:29:36.219+0530] {dagbag.py:538} INFO - Filling up the DagBag from /home/ris/PycharmProjects/pythonProject/USA-housing/venv/lib/python3.10/site-packages/airflow/example_dags/example_latest_only_with_trigger.py
[2023-03-04T09:29:36.245+0530] {processor.py:753} INFO - DAG(s) dict_keys(['latest_only_with_trigger']) retrieved from /home/ris/PycharmProjects/pythonProject/USA-housing/venv/lib/python3.10/site-packages/airflow/example_dags/example_latest_only_with_trigger.py
[2023-03-04T09:29:36.268+0530] {logging_mixin.py:137} INFO - [2023-03-04T09:29:36.268+0530] {dag.py:2690} INFO - Sync 1 DAGs
[2023-03-04T09:29:36.285+0530] {logging_mixin.py:137} INFO - [2023-03-04T09:29:36.284+0530] {dag.py:3437} INFO - Setting next_dagrun for latest_only_with_trigger to 2023-03-03T23:59:36.284815+00:00, run_after=2023-03-04T03:59:36.284815+00:00
[2023-03-04T09:29:36.302+0530] {processor.py:175} INFO - Processing /home/ris/PycharmProjects/pythonProject/USA-housing/venv/lib/python3.10/site-packages/airflow/example_dags/example_latest_only_with_trigger.py took 0.090 seconds
[2023-03-04T09:30:25.251+0530] {processor.py:153} INFO - Started process (PID=30371) to work on /home/ris/PycharmProjects/pythonProject/USA-housing/venv/lib/python3.10/site-packages/airflow/example_dags/example_latest_only_with_trigger.py
[2023-03-04T09:30:25.253+0530] {processor.py:743} INFO - Processing file /home/ris/PycharmProjects/pythonProject/USA-housing/venv/lib/python3.10/site-packages/airflow/example_dags/example_latest_only_with_trigger.py for tasks to queue
[2023-03-04T09:30:25.254+0530] {logging_mixin.py:137} INFO - [2023-03-04T09:30:25.254+0530] {dagbag.py:538} INFO - Filling up the DagBag from /home/ris/PycharmProjects/pythonProject/USA-housing/venv/lib/python3.10/site-packages/airflow/example_dags/example_latest_only_with_trigger.py
[2023-03-04T09:30:25.279+0530] {processor.py:753} INFO - DAG(s) dict_keys(['latest_only_with_trigger']) retrieved from /home/ris/PycharmProjects/pythonProject/USA-housing/venv/lib/python3.10/site-packages/airflow/example_dags/example_latest_only_with_trigger.py
[2023-03-04T09:30:25.302+0530] {logging_mixin.py:137} INFO - [2023-03-04T09:30:25.301+0530] {dag.py:2690} INFO - Sync 1 DAGs
[2023-03-04T09:30:25.317+0530] {logging_mixin.py:137} INFO - [2023-03-04T09:30:25.317+0530] {dag.py:3437} INFO - Setting next_dagrun for latest_only_with_trigger to 2023-03-04T00:00:25.317492+00:00, run_after=2023-03-04T04:00:25.317492+00:00
[2023-03-04T09:30:25.336+0530] {processor.py:175} INFO - Processing /home/ris/PycharmProjects/pythonProject/USA-housing/venv/lib/python3.10/site-packages/airflow/example_dags/example_latest_only_with_trigger.py took 0.089 seconds
[2023-03-04T09:31:15.460+0530] {processor.py:153} INFO - Started process (PID=30420) to work on /home/ris/PycharmProjects/pythonProject/USA-housing/venv/lib/python3.10/site-packages/airflow/example_dags/example_latest_only_with_trigger.py
[2023-03-04T09:31:15.461+0530] {processor.py:743} INFO - Processing file /home/ris/PycharmProjects/pythonProject/USA-housing/venv/lib/python3.10/site-packages/airflow/example_dags/example_latest_only_with_trigger.py for tasks to queue
[2023-03-04T09:31:15.462+0530] {logging_mixin.py:137} INFO - [2023-03-04T09:31:15.462+0530] {dagbag.py:538} INFO - Filling up the DagBag from /home/ris/PycharmProjects/pythonProject/USA-housing/venv/lib/python3.10/site-packages/airflow/example_dags/example_latest_only_with_trigger.py
[2023-03-04T09:31:15.473+0530] {processor.py:753} INFO - DAG(s) dict_keys(['latest_only_with_trigger']) retrieved from /home/ris/PycharmProjects/pythonProject/USA-housing/venv/lib/python3.10/site-packages/airflow/example_dags/example_latest_only_with_trigger.py
[2023-03-04T09:31:15.498+0530] {logging_mixin.py:137} INFO - [2023-03-04T09:31:15.497+0530] {dag.py:2690} INFO - Sync 1 DAGs
[2023-03-04T09:31:15.518+0530] {logging_mixin.py:137} INFO - [2023-03-04T09:31:15.518+0530] {dag.py:3437} INFO - Setting next_dagrun for latest_only_with_trigger to 2023-03-04T00:01:15.517893+00:00, run_after=2023-03-04T04:01:15.517893+00:00
[2023-03-04T09:31:15.537+0530] {processor.py:175} INFO - Processing /home/ris/PycharmProjects/pythonProject/USA-housing/venv/lib/python3.10/site-packages/airflow/example_dags/example_latest_only_with_trigger.py took 0.080 seconds
[2023-03-04T09:31:59.554+0530] {processor.py:153} INFO - Started process (PID=30465) to work on /home/ris/PycharmProjects/pythonProject/USA-housing/venv/lib/python3.10/site-packages/airflow/example_dags/example_latest_only_with_trigger.py
[2023-03-04T09:31:59.557+0530] {processor.py:743} INFO - Processing file /home/ris/PycharmProjects/pythonProject/USA-housing/venv/lib/python3.10/site-packages/airflow/example_dags/example_latest_only_with_trigger.py for tasks to queue
[2023-03-04T09:31:59.558+0530] {logging_mixin.py:137} INFO - [2023-03-04T09:31:59.558+0530] {dagbag.py:538} INFO - Filling up the DagBag from /home/ris/PycharmProjects/pythonProject/USA-housing/venv/lib/python3.10/site-packages/airflow/example_dags/example_latest_only_with_trigger.py
[2023-03-04T09:31:59.583+0530] {processor.py:753} INFO - DAG(s) dict_keys(['latest_only_with_trigger']) retrieved from /home/ris/PycharmProjects/pythonProject/USA-housing/venv/lib/python3.10/site-packages/airflow/example_dags/example_latest_only_with_trigger.py
[2023-03-04T09:31:59.606+0530] {logging_mixin.py:137} INFO - [2023-03-04T09:31:59.605+0530] {dag.py:2690} INFO - Sync 1 DAGs
[2023-03-04T09:31:59.622+0530] {logging_mixin.py:137} INFO - [2023-03-04T09:31:59.621+0530] {dag.py:3437} INFO - Setting next_dagrun for latest_only_with_trigger to 2023-03-04T00:01:59.621672+00:00, run_after=2023-03-04T04:01:59.621672+00:00
[2023-03-04T09:31:59.639+0530] {processor.py:175} INFO - Processing /home/ris/PycharmProjects/pythonProject/USA-housing/venv/lib/python3.10/site-packages/airflow/example_dags/example_latest_only_with_trigger.py took 0.089 seconds
[2023-03-04T09:32:47.347+0530] {processor.py:153} INFO - Started process (PID=30512) to work on /home/ris/PycharmProjects/pythonProject/USA-housing/venv/lib/python3.10/site-packages/airflow/example_dags/example_latest_only_with_trigger.py
[2023-03-04T09:32:47.349+0530] {processor.py:743} INFO - Processing file /home/ris/PycharmProjects/pythonProject/USA-housing/venv/lib/python3.10/site-packages/airflow/example_dags/example_latest_only_with_trigger.py for tasks to queue
[2023-03-04T09:32:47.350+0530] {logging_mixin.py:137} INFO - [2023-03-04T09:32:47.350+0530] {dagbag.py:538} INFO - Filling up the DagBag from /home/ris/PycharmProjects/pythonProject/USA-housing/venv/lib/python3.10/site-packages/airflow/example_dags/example_latest_only_with_trigger.py
[2023-03-04T09:32:47.363+0530] {processor.py:753} INFO - DAG(s) dict_keys(['latest_only_with_trigger']) retrieved from /home/ris/PycharmProjects/pythonProject/USA-housing/venv/lib/python3.10/site-packages/airflow/example_dags/example_latest_only_with_trigger.py
[2023-03-04T09:32:47.378+0530] {logging_mixin.py:137} INFO - [2023-03-04T09:32:47.378+0530] {dag.py:2690} INFO - Sync 1 DAGs
[2023-03-04T09:32:47.394+0530] {logging_mixin.py:137} INFO - [2023-03-04T09:32:47.394+0530] {dag.py:3437} INFO - Setting next_dagrun for latest_only_with_trigger to 2023-03-04T00:02:47.394084+00:00, run_after=2023-03-04T04:02:47.394084+00:00
[2023-03-04T09:32:47.414+0530] {processor.py:175} INFO - Processing /home/ris/PycharmProjects/pythonProject/USA-housing/venv/lib/python3.10/site-packages/airflow/example_dags/example_latest_only_with_trigger.py took 0.071 seconds
[2023-03-04T09:33:35.993+0530] {processor.py:153} INFO - Started process (PID=30559) to work on /home/ris/PycharmProjects/pythonProject/USA-housing/venv/lib/python3.10/site-packages/airflow/example_dags/example_latest_only_with_trigger.py
[2023-03-04T09:33:35.995+0530] {processor.py:743} INFO - Processing file /home/ris/PycharmProjects/pythonProject/USA-housing/venv/lib/python3.10/site-packages/airflow/example_dags/example_latest_only_with_trigger.py for tasks to queue
[2023-03-04T09:33:35.996+0530] {logging_mixin.py:137} INFO - [2023-03-04T09:33:35.996+0530] {dagbag.py:538} INFO - Filling up the DagBag from /home/ris/PycharmProjects/pythonProject/USA-housing/venv/lib/python3.10/site-packages/airflow/example_dags/example_latest_only_with_trigger.py
[2023-03-04T09:33:36.021+0530] {processor.py:753} INFO - DAG(s) dict_keys(['latest_only_with_trigger']) retrieved from /home/ris/PycharmProjects/pythonProject/USA-housing/venv/lib/python3.10/site-packages/airflow/example_dags/example_latest_only_with_trigger.py
[2023-03-04T09:33:36.042+0530] {logging_mixin.py:137} INFO - [2023-03-04T09:33:36.042+0530] {dag.py:2690} INFO - Sync 1 DAGs
[2023-03-04T09:33:36.059+0530] {logging_mixin.py:137} INFO - [2023-03-04T09:33:36.059+0530] {dag.py:3437} INFO - Setting next_dagrun for latest_only_with_trigger to 2023-03-04T00:03:36.058961+00:00, run_after=2023-03-04T04:03:36.058961+00:00
[2023-03-04T09:33:36.076+0530] {processor.py:175} INFO - Processing /home/ris/PycharmProjects/pythonProject/USA-housing/venv/lib/python3.10/site-packages/airflow/example_dags/example_latest_only_with_trigger.py took 0.088 seconds
[2023-03-04T09:34:26.324+0530] {processor.py:153} INFO - Started process (PID=30610) to work on /home/ris/PycharmProjects/pythonProject/USA-housing/venv/lib/python3.10/site-packages/airflow/example_dags/example_latest_only_with_trigger.py
[2023-03-04T09:34:26.326+0530] {processor.py:743} INFO - Processing file /home/ris/PycharmProjects/pythonProject/USA-housing/venv/lib/python3.10/site-packages/airflow/example_dags/example_latest_only_with_trigger.py for tasks to queue
[2023-03-04T09:34:26.327+0530] {logging_mixin.py:137} INFO - [2023-03-04T09:34:26.327+0530] {dagbag.py:538} INFO - Filling up the DagBag from /home/ris/PycharmProjects/pythonProject/USA-housing/venv/lib/python3.10/site-packages/airflow/example_dags/example_latest_only_with_trigger.py
[2023-03-04T09:34:26.352+0530] {processor.py:753} INFO - DAG(s) dict_keys(['latest_only_with_trigger']) retrieved from /home/ris/PycharmProjects/pythonProject/USA-housing/venv/lib/python3.10/site-packages/airflow/example_dags/example_latest_only_with_trigger.py
[2023-03-04T09:34:26.374+0530] {logging_mixin.py:137} INFO - [2023-03-04T09:34:26.374+0530] {dag.py:2690} INFO - Sync 1 DAGs
[2023-03-04T09:34:26.390+0530] {logging_mixin.py:137} INFO - [2023-03-04T09:34:26.390+0530] {dag.py:3437} INFO - Setting next_dagrun for latest_only_with_trigger to 2023-03-04T00:04:26.390200+00:00, run_after=2023-03-04T04:04:26.390200+00:00
[2023-03-04T09:34:26.409+0530] {processor.py:175} INFO - Processing /home/ris/PycharmProjects/pythonProject/USA-housing/venv/lib/python3.10/site-packages/airflow/example_dags/example_latest_only_with_trigger.py took 0.089 seconds
[2023-03-04T09:35:09.438+0530] {processor.py:153} INFO - Started process (PID=30658) to work on /home/ris/PycharmProjects/pythonProject/USA-housing/venv/lib/python3.10/site-packages/airflow/example_dags/example_latest_only_with_trigger.py
[2023-03-04T09:35:09.440+0530] {processor.py:743} INFO - Processing file /home/ris/PycharmProjects/pythonProject/USA-housing/venv/lib/python3.10/site-packages/airflow/example_dags/example_latest_only_with_trigger.py for tasks to queue
[2023-03-04T09:35:09.441+0530] {logging_mixin.py:137} INFO - [2023-03-04T09:35:09.441+0530] {dagbag.py:538} INFO - Filling up the DagBag from /home/ris/PycharmProjects/pythonProject/USA-housing/venv/lib/python3.10/site-packages/airflow/example_dags/example_latest_only_with_trigger.py
[2023-03-04T09:35:09.466+0530] {processor.py:753} INFO - DAG(s) dict_keys(['latest_only_with_trigger']) retrieved from /home/ris/PycharmProjects/pythonProject/USA-housing/venv/lib/python3.10/site-packages/airflow/example_dags/example_latest_only_with_trigger.py
[2023-03-04T09:35:09.490+0530] {logging_mixin.py:137} INFO - [2023-03-04T09:35:09.489+0530] {dag.py:2690} INFO - Sync 1 DAGs
[2023-03-04T09:35:09.506+0530] {logging_mixin.py:137} INFO - [2023-03-04T09:35:09.505+0530] {dag.py:3437} INFO - Setting next_dagrun for latest_only_with_trigger to 2023-03-04T00:05:09.505735+00:00, run_after=2023-03-04T04:05:09.505735+00:00
[2023-03-04T09:35:09.525+0530] {processor.py:175} INFO - Processing /home/ris/PycharmProjects/pythonProject/USA-housing/venv/lib/python3.10/site-packages/airflow/example_dags/example_latest_only_with_trigger.py took 0.092 seconds
[2023-03-04T09:45:16.244+0530] {processor.py:153} INFO - Started process (PID=30839) to work on /home/ris/PycharmProjects/pythonProject/USA-housing/venv/lib/python3.10/site-packages/airflow/example_dags/example_latest_only_with_trigger.py
[2023-03-04T09:45:16.246+0530] {processor.py:743} INFO - Processing file /home/ris/PycharmProjects/pythonProject/USA-housing/venv/lib/python3.10/site-packages/airflow/example_dags/example_latest_only_with_trigger.py for tasks to queue
[2023-03-04T09:45:16.247+0530] {logging_mixin.py:137} INFO - [2023-03-04T09:45:16.247+0530] {dagbag.py:538} INFO - Filling up the DagBag from /home/ris/PycharmProjects/pythonProject/USA-housing/venv/lib/python3.10/site-packages/airflow/example_dags/example_latest_only_with_trigger.py
[2023-03-04T09:45:16.273+0530] {processor.py:753} INFO - DAG(s) dict_keys(['latest_only_with_trigger']) retrieved from /home/ris/PycharmProjects/pythonProject/USA-housing/venv/lib/python3.10/site-packages/airflow/example_dags/example_latest_only_with_trigger.py
[2023-03-04T09:45:16.295+0530] {logging_mixin.py:137} INFO - [2023-03-04T09:45:16.295+0530] {dag.py:2690} INFO - Sync 1 DAGs
[2023-03-04T09:45:16.311+0530] {logging_mixin.py:137} INFO - [2023-03-04T09:45:16.311+0530] {dag.py:3437} INFO - Setting next_dagrun for latest_only_with_trigger to 2023-03-04T00:15:16.311127+00:00, run_after=2023-03-04T04:15:16.311127+00:00
[2023-03-04T09:45:16.328+0530] {processor.py:175} INFO - Processing /home/ris/PycharmProjects/pythonProject/USA-housing/venv/lib/python3.10/site-packages/airflow/example_dags/example_latest_only_with_trigger.py took 0.089 seconds
[2023-03-04T10:25:30.294+0530] {processor.py:153} INFO - Started process (PID=31351) to work on /home/ris/PycharmProjects/pythonProject/USA-housing/venv/lib/python3.10/site-packages/airflow/example_dags/example_latest_only_with_trigger.py
[2023-03-04T10:25:30.296+0530] {processor.py:743} INFO - Processing file /home/ris/PycharmProjects/pythonProject/USA-housing/venv/lib/python3.10/site-packages/airflow/example_dags/example_latest_only_with_trigger.py for tasks to queue
[2023-03-04T10:25:30.297+0530] {logging_mixin.py:137} INFO - [2023-03-04T10:25:30.296+0530] {dagbag.py:538} INFO - Filling up the DagBag from /home/ris/PycharmProjects/pythonProject/USA-housing/venv/lib/python3.10/site-packages/airflow/example_dags/example_latest_only_with_trigger.py
[2023-03-04T10:25:30.323+0530] {processor.py:753} INFO - DAG(s) dict_keys(['latest_only_with_trigger']) retrieved from /home/ris/PycharmProjects/pythonProject/USA-housing/venv/lib/python3.10/site-packages/airflow/example_dags/example_latest_only_with_trigger.py
[2023-03-04T10:25:30.348+0530] {logging_mixin.py:137} INFO - [2023-03-04T10:25:30.347+0530] {dag.py:2690} INFO - Sync 1 DAGs
[2023-03-04T10:25:30.369+0530] {logging_mixin.py:137} INFO - [2023-03-04T10:25:30.369+0530] {dag.py:3437} INFO - Setting next_dagrun for latest_only_with_trigger to 2023-03-04T00:55:30.368836+00:00, run_after=2023-03-04T04:55:30.368836+00:00
[2023-03-04T10:25:30.392+0530] {processor.py:175} INFO - Processing /home/ris/PycharmProjects/pythonProject/USA-housing/venv/lib/python3.10/site-packages/airflow/example_dags/example_latest_only_with_trigger.py took 0.104 seconds
[2023-03-04T10:26:14.709+0530] {processor.py:153} INFO - Started process (PID=31396) to work on /home/ris/PycharmProjects/pythonProject/USA-housing/venv/lib/python3.10/site-packages/airflow/example_dags/example_latest_only_with_trigger.py
[2023-03-04T10:26:14.712+0530] {processor.py:743} INFO - Processing file /home/ris/PycharmProjects/pythonProject/USA-housing/venv/lib/python3.10/site-packages/airflow/example_dags/example_latest_only_with_trigger.py for tasks to queue
[2023-03-04T10:26:14.713+0530] {logging_mixin.py:137} INFO - [2023-03-04T10:26:14.712+0530] {dagbag.py:538} INFO - Filling up the DagBag from /home/ris/PycharmProjects/pythonProject/USA-housing/venv/lib/python3.10/site-packages/airflow/example_dags/example_latest_only_with_trigger.py
[2023-03-04T10:26:14.738+0530] {processor.py:753} INFO - DAG(s) dict_keys(['latest_only_with_trigger']) retrieved from /home/ris/PycharmProjects/pythonProject/USA-housing/venv/lib/python3.10/site-packages/airflow/example_dags/example_latest_only_with_trigger.py
[2023-03-04T10:26:14.761+0530] {logging_mixin.py:137} INFO - [2023-03-04T10:26:14.760+0530] {dag.py:2690} INFO - Sync 1 DAGs
[2023-03-04T10:26:14.778+0530] {logging_mixin.py:137} INFO - [2023-03-04T10:26:14.778+0530] {dag.py:3437} INFO - Setting next_dagrun for latest_only_with_trigger to 2023-03-04T00:56:14.778162+00:00, run_after=2023-03-04T04:56:14.778162+00:00
[2023-03-04T10:26:14.796+0530] {processor.py:175} INFO - Processing /home/ris/PycharmProjects/pythonProject/USA-housing/venv/lib/python3.10/site-packages/airflow/example_dags/example_latest_only_with_trigger.py took 0.092 seconds
[2023-03-04T10:27:01.583+0530] {processor.py:153} INFO - Started process (PID=31445) to work on /home/ris/PycharmProjects/pythonProject/USA-housing/venv/lib/python3.10/site-packages/airflow/example_dags/example_latest_only_with_trigger.py
[2023-03-04T10:27:01.585+0530] {processor.py:743} INFO - Processing file /home/ris/PycharmProjects/pythonProject/USA-housing/venv/lib/python3.10/site-packages/airflow/example_dags/example_latest_only_with_trigger.py for tasks to queue
[2023-03-04T10:27:01.586+0530] {logging_mixin.py:137} INFO - [2023-03-04T10:27:01.586+0530] {dagbag.py:538} INFO - Filling up the DagBag from /home/ris/PycharmProjects/pythonProject/USA-housing/venv/lib/python3.10/site-packages/airflow/example_dags/example_latest_only_with_trigger.py
[2023-03-04T10:27:01.611+0530] {processor.py:753} INFO - DAG(s) dict_keys(['latest_only_with_trigger']) retrieved from /home/ris/PycharmProjects/pythonProject/USA-housing/venv/lib/python3.10/site-packages/airflow/example_dags/example_latest_only_with_trigger.py
[2023-03-04T10:27:01.634+0530] {logging_mixin.py:137} INFO - [2023-03-04T10:27:01.633+0530] {dag.py:2690} INFO - Sync 1 DAGs
[2023-03-04T10:27:01.651+0530] {logging_mixin.py:137} INFO - [2023-03-04T10:27:01.650+0530] {dag.py:3437} INFO - Setting next_dagrun for latest_only_with_trigger to 2023-03-04T00:57:01.650788+00:00, run_after=2023-03-04T04:57:01.650788+00:00
[2023-03-04T10:27:01.668+0530] {processor.py:175} INFO - Processing /home/ris/PycharmProjects/pythonProject/USA-housing/venv/lib/python3.10/site-packages/airflow/example_dags/example_latest_only_with_trigger.py took 0.089 seconds
[2023-03-04T10:27:49.265+0530] {processor.py:153} INFO - Started process (PID=31492) to work on /home/ris/PycharmProjects/pythonProject/USA-housing/venv/lib/python3.10/site-packages/airflow/example_dags/example_latest_only_with_trigger.py
[2023-03-04T10:27:49.267+0530] {processor.py:743} INFO - Processing file /home/ris/PycharmProjects/pythonProject/USA-housing/venv/lib/python3.10/site-packages/airflow/example_dags/example_latest_only_with_trigger.py for tasks to queue
[2023-03-04T10:27:49.269+0530] {logging_mixin.py:137} INFO - [2023-03-04T10:27:49.268+0530] {dagbag.py:538} INFO - Filling up the DagBag from /home/ris/PycharmProjects/pythonProject/USA-housing/venv/lib/python3.10/site-packages/airflow/example_dags/example_latest_only_with_trigger.py
[2023-03-04T10:27:49.293+0530] {processor.py:753} INFO - DAG(s) dict_keys(['latest_only_with_trigger']) retrieved from /home/ris/PycharmProjects/pythonProject/USA-housing/venv/lib/python3.10/site-packages/airflow/example_dags/example_latest_only_with_trigger.py
[2023-03-04T10:27:49.316+0530] {logging_mixin.py:137} INFO - [2023-03-04T10:27:49.316+0530] {dag.py:2690} INFO - Sync 1 DAGs
[2023-03-04T10:27:49.334+0530] {logging_mixin.py:137} INFO - [2023-03-04T10:27:49.334+0530] {dag.py:3437} INFO - Setting next_dagrun for latest_only_with_trigger to 2023-03-04T00:57:49.334279+00:00, run_after=2023-03-04T04:57:49.334279+00:00
[2023-03-04T10:27:49.352+0530] {processor.py:175} INFO - Processing /home/ris/PycharmProjects/pythonProject/USA-housing/venv/lib/python3.10/site-packages/airflow/example_dags/example_latest_only_with_trigger.py took 0.091 seconds
[2023-03-04T10:28:37.655+0530] {processor.py:153} INFO - Started process (PID=31545) to work on /home/ris/PycharmProjects/pythonProject/USA-housing/venv/lib/python3.10/site-packages/airflow/example_dags/example_latest_only_with_trigger.py
[2023-03-04T10:28:37.657+0530] {processor.py:743} INFO - Processing file /home/ris/PycharmProjects/pythonProject/USA-housing/venv/lib/python3.10/site-packages/airflow/example_dags/example_latest_only_with_trigger.py for tasks to queue
[2023-03-04T10:28:37.658+0530] {logging_mixin.py:137} INFO - [2023-03-04T10:28:37.658+0530] {dagbag.py:538} INFO - Filling up the DagBag from /home/ris/PycharmProjects/pythonProject/USA-housing/venv/lib/python3.10/site-packages/airflow/example_dags/example_latest_only_with_trigger.py
[2023-03-04T10:28:37.685+0530] {processor.py:753} INFO - DAG(s) dict_keys(['latest_only_with_trigger']) retrieved from /home/ris/PycharmProjects/pythonProject/USA-housing/venv/lib/python3.10/site-packages/airflow/example_dags/example_latest_only_with_trigger.py
[2023-03-04T10:28:37.709+0530] {logging_mixin.py:137} INFO - [2023-03-04T10:28:37.709+0530] {dag.py:2690} INFO - Sync 1 DAGs
[2023-03-04T10:28:37.726+0530] {logging_mixin.py:137} INFO - [2023-03-04T10:28:37.726+0530] {dag.py:3437} INFO - Setting next_dagrun for latest_only_with_trigger to 2023-03-04T00:58:37.726323+00:00, run_after=2023-03-04T04:58:37.726323+00:00
[2023-03-04T10:28:37.744+0530] {processor.py:175} INFO - Processing /home/ris/PycharmProjects/pythonProject/USA-housing/venv/lib/python3.10/site-packages/airflow/example_dags/example_latest_only_with_trigger.py took 0.094 seconds
[2023-03-04T10:29:27.410+0530] {processor.py:153} INFO - Started process (PID=31595) to work on /home/ris/PycharmProjects/pythonProject/USA-housing/venv/lib/python3.10/site-packages/airflow/example_dags/example_latest_only_with_trigger.py
[2023-03-04T10:29:27.412+0530] {processor.py:743} INFO - Processing file /home/ris/PycharmProjects/pythonProject/USA-housing/venv/lib/python3.10/site-packages/airflow/example_dags/example_latest_only_with_trigger.py for tasks to queue
[2023-03-04T10:29:27.413+0530] {logging_mixin.py:137} INFO - [2023-03-04T10:29:27.413+0530] {dagbag.py:538} INFO - Filling up the DagBag from /home/ris/PycharmProjects/pythonProject/USA-housing/venv/lib/python3.10/site-packages/airflow/example_dags/example_latest_only_with_trigger.py
[2023-03-04T10:29:27.425+0530] {processor.py:753} INFO - DAG(s) dict_keys(['latest_only_with_trigger']) retrieved from /home/ris/PycharmProjects/pythonProject/USA-housing/venv/lib/python3.10/site-packages/airflow/example_dags/example_latest_only_with_trigger.py
[2023-03-04T10:29:27.440+0530] {logging_mixin.py:137} INFO - [2023-03-04T10:29:27.440+0530] {dag.py:2690} INFO - Sync 1 DAGs
[2023-03-04T10:29:27.456+0530] {logging_mixin.py:137} INFO - [2023-03-04T10:29:27.456+0530] {dag.py:3437} INFO - Setting next_dagrun for latest_only_with_trigger to 2023-03-04T00:59:27.456090+00:00, run_after=2023-03-04T04:59:27.456090+00:00
[2023-03-04T10:29:27.473+0530] {processor.py:175} INFO - Processing /home/ris/PycharmProjects/pythonProject/USA-housing/venv/lib/python3.10/site-packages/airflow/example_dags/example_latest_only_with_trigger.py took 0.065 seconds
[2023-03-04T10:30:21.041+0530] {processor.py:153} INFO - Started process (PID=31648) to work on /home/ris/PycharmProjects/pythonProject/USA-housing/venv/lib/python3.10/site-packages/airflow/example_dags/example_latest_only_with_trigger.py
[2023-03-04T10:30:21.043+0530] {processor.py:743} INFO - Processing file /home/ris/PycharmProjects/pythonProject/USA-housing/venv/lib/python3.10/site-packages/airflow/example_dags/example_latest_only_with_trigger.py for tasks to queue
[2023-03-04T10:30:21.044+0530] {logging_mixin.py:137} INFO - [2023-03-04T10:30:21.044+0530] {dagbag.py:538} INFO - Filling up the DagBag from /home/ris/PycharmProjects/pythonProject/USA-housing/venv/lib/python3.10/site-packages/airflow/example_dags/example_latest_only_with_trigger.py
[2023-03-04T10:30:21.061+0530] {processor.py:753} INFO - DAG(s) dict_keys(['latest_only_with_trigger']) retrieved from /home/ris/PycharmProjects/pythonProject/USA-housing/venv/lib/python3.10/site-packages/airflow/example_dags/example_latest_only_with_trigger.py
[2023-03-04T10:30:21.079+0530] {logging_mixin.py:137} INFO - [2023-03-04T10:30:21.078+0530] {dag.py:2690} INFO - Sync 1 DAGs
[2023-03-04T10:30:21.098+0530] {logging_mixin.py:137} INFO - [2023-03-04T10:30:21.098+0530] {dag.py:3437} INFO - Setting next_dagrun for latest_only_with_trigger to 2023-03-04T01:00:21.098162+00:00, run_after=2023-03-04T05:00:21.098162+00:00
[2023-03-04T10:30:21.116+0530] {processor.py:175} INFO - Processing /home/ris/PycharmProjects/pythonProject/USA-housing/venv/lib/python3.10/site-packages/airflow/example_dags/example_latest_only_with_trigger.py took 0.079 seconds
[2023-03-04T10:31:03.216+0530] {processor.py:153} INFO - Started process (PID=31697) to work on /home/ris/PycharmProjects/pythonProject/USA-housing/venv/lib/python3.10/site-packages/airflow/example_dags/example_latest_only_with_trigger.py
[2023-03-04T10:31:03.218+0530] {processor.py:743} INFO - Processing file /home/ris/PycharmProjects/pythonProject/USA-housing/venv/lib/python3.10/site-packages/airflow/example_dags/example_latest_only_with_trigger.py for tasks to queue
[2023-03-04T10:31:03.218+0530] {logging_mixin.py:137} INFO - [2023-03-04T10:31:03.218+0530] {dagbag.py:538} INFO - Filling up the DagBag from /home/ris/PycharmProjects/pythonProject/USA-housing/venv/lib/python3.10/site-packages/airflow/example_dags/example_latest_only_with_trigger.py
[2023-03-04T10:31:03.242+0530] {processor.py:753} INFO - DAG(s) dict_keys(['latest_only_with_trigger']) retrieved from /home/ris/PycharmProjects/pythonProject/USA-housing/venv/lib/python3.10/site-packages/airflow/example_dags/example_latest_only_with_trigger.py
[2023-03-04T10:31:03.264+0530] {logging_mixin.py:137} INFO - [2023-03-04T10:31:03.264+0530] {dag.py:2690} INFO - Sync 1 DAGs
[2023-03-04T10:31:03.281+0530] {logging_mixin.py:137} INFO - [2023-03-04T10:31:03.281+0530] {dag.py:3437} INFO - Setting next_dagrun for latest_only_with_trigger to 2023-03-04T01:01:03.281423+00:00, run_after=2023-03-04T05:01:03.281423+00:00
[2023-03-04T10:31:03.299+0530] {processor.py:175} INFO - Processing /home/ris/PycharmProjects/pythonProject/USA-housing/venv/lib/python3.10/site-packages/airflow/example_dags/example_latest_only_with_trigger.py took 0.085 seconds
[2023-03-04T10:31:50.126+0530] {processor.py:153} INFO - Started process (PID=32066) to work on /home/ris/PycharmProjects/pythonProject/USA-housing/venv/lib/python3.10/site-packages/airflow/example_dags/example_latest_only_with_trigger.py
[2023-03-04T10:31:50.128+0530] {processor.py:743} INFO - Processing file /home/ris/PycharmProjects/pythonProject/USA-housing/venv/lib/python3.10/site-packages/airflow/example_dags/example_latest_only_with_trigger.py for tasks to queue
[2023-03-04T10:31:50.129+0530] {logging_mixin.py:137} INFO - [2023-03-04T10:31:50.128+0530] {dagbag.py:538} INFO - Filling up the DagBag from /home/ris/PycharmProjects/pythonProject/USA-housing/venv/lib/python3.10/site-packages/airflow/example_dags/example_latest_only_with_trigger.py
[2023-03-04T10:31:50.144+0530] {processor.py:753} INFO - DAG(s) dict_keys(['latest_only_with_trigger']) retrieved from /home/ris/PycharmProjects/pythonProject/USA-housing/venv/lib/python3.10/site-packages/airflow/example_dags/example_latest_only_with_trigger.py
[2023-03-04T10:31:50.160+0530] {logging_mixin.py:137} INFO - [2023-03-04T10:31:50.160+0530] {dag.py:2690} INFO - Sync 1 DAGs
[2023-03-04T10:31:50.178+0530] {logging_mixin.py:137} INFO - [2023-03-04T10:31:50.178+0530] {dag.py:3437} INFO - Setting next_dagrun for latest_only_with_trigger to 2023-03-04T01:01:50.177834+00:00, run_after=2023-03-04T05:01:50.177834+00:00
[2023-03-04T10:31:50.200+0530] {processor.py:175} INFO - Processing /home/ris/PycharmProjects/pythonProject/USA-housing/venv/lib/python3.10/site-packages/airflow/example_dags/example_latest_only_with_trigger.py took 0.078 seconds
[2023-03-04T10:32:37.988+0530] {processor.py:153} INFO - Started process (PID=32263) to work on /home/ris/PycharmProjects/pythonProject/USA-housing/venv/lib/python3.10/site-packages/airflow/example_dags/example_latest_only_with_trigger.py
[2023-03-04T10:32:37.990+0530] {processor.py:743} INFO - Processing file /home/ris/PycharmProjects/pythonProject/USA-housing/venv/lib/python3.10/site-packages/airflow/example_dags/example_latest_only_with_trigger.py for tasks to queue
[2023-03-04T10:32:37.991+0530] {logging_mixin.py:137} INFO - [2023-03-04T10:32:37.991+0530] {dagbag.py:538} INFO - Filling up the DagBag from /home/ris/PycharmProjects/pythonProject/USA-housing/venv/lib/python3.10/site-packages/airflow/example_dags/example_latest_only_with_trigger.py
[2023-03-04T10:32:38.007+0530] {processor.py:753} INFO - DAG(s) dict_keys(['latest_only_with_trigger']) retrieved from /home/ris/PycharmProjects/pythonProject/USA-housing/venv/lib/python3.10/site-packages/airflow/example_dags/example_latest_only_with_trigger.py
[2023-03-04T10:32:38.031+0530] {logging_mixin.py:137} INFO - [2023-03-04T10:32:38.031+0530] {dag.py:2690} INFO - Sync 1 DAGs
[2023-03-04T10:32:38.059+0530] {logging_mixin.py:137} INFO - [2023-03-04T10:32:38.059+0530] {dag.py:3437} INFO - Setting next_dagrun for latest_only_with_trigger to 2023-03-04T01:02:38.058866+00:00, run_after=2023-03-04T05:02:38.058866+00:00
[2023-03-04T10:32:38.087+0530] {processor.py:175} INFO - Processing /home/ris/PycharmProjects/pythonProject/USA-housing/venv/lib/python3.10/site-packages/airflow/example_dags/example_latest_only_with_trigger.py took 0.102 seconds
[2023-03-04T10:33:20.864+0530] {processor.py:153} INFO - Started process (PID=32339) to work on /home/ris/PycharmProjects/pythonProject/USA-housing/venv/lib/python3.10/site-packages/airflow/example_dags/example_latest_only_with_trigger.py
[2023-03-04T10:33:20.866+0530] {processor.py:743} INFO - Processing file /home/ris/PycharmProjects/pythonProject/USA-housing/venv/lib/python3.10/site-packages/airflow/example_dags/example_latest_only_with_trigger.py for tasks to queue
[2023-03-04T10:33:20.867+0530] {logging_mixin.py:137} INFO - [2023-03-04T10:33:20.867+0530] {dagbag.py:538} INFO - Filling up the DagBag from /home/ris/PycharmProjects/pythonProject/USA-housing/venv/lib/python3.10/site-packages/airflow/example_dags/example_latest_only_with_trigger.py
[2023-03-04T10:33:20.883+0530] {processor.py:753} INFO - DAG(s) dict_keys(['latest_only_with_trigger']) retrieved from /home/ris/PycharmProjects/pythonProject/USA-housing/venv/lib/python3.10/site-packages/airflow/example_dags/example_latest_only_with_trigger.py
[2023-03-04T10:33:20.907+0530] {logging_mixin.py:137} INFO - [2023-03-04T10:33:20.906+0530] {dag.py:2690} INFO - Sync 1 DAGs
[2023-03-04T10:33:20.931+0530] {logging_mixin.py:137} INFO - [2023-03-04T10:33:20.931+0530] {dag.py:3437} INFO - Setting next_dagrun for latest_only_with_trigger to 2023-03-04T01:03:20.931541+00:00, run_after=2023-03-04T05:03:20.931541+00:00
[2023-03-04T10:33:20.958+0530] {processor.py:175} INFO - Processing /home/ris/PycharmProjects/pythonProject/USA-housing/venv/lib/python3.10/site-packages/airflow/example_dags/example_latest_only_with_trigger.py took 0.097 seconds
[2023-03-04T10:34:02.597+0530] {processor.py:153} INFO - Started process (PID=32470) to work on /home/ris/PycharmProjects/pythonProject/USA-housing/venv/lib/python3.10/site-packages/airflow/example_dags/example_latest_only_with_trigger.py
[2023-03-04T10:34:02.599+0530] {processor.py:743} INFO - Processing file /home/ris/PycharmProjects/pythonProject/USA-housing/venv/lib/python3.10/site-packages/airflow/example_dags/example_latest_only_with_trigger.py for tasks to queue
[2023-03-04T10:34:02.600+0530] {logging_mixin.py:137} INFO - [2023-03-04T10:34:02.599+0530] {dagbag.py:538} INFO - Filling up the DagBag from /home/ris/PycharmProjects/pythonProject/USA-housing/venv/lib/python3.10/site-packages/airflow/example_dags/example_latest_only_with_trigger.py
[2023-03-04T10:34:02.611+0530] {processor.py:753} INFO - DAG(s) dict_keys(['latest_only_with_trigger']) retrieved from /home/ris/PycharmProjects/pythonProject/USA-housing/venv/lib/python3.10/site-packages/airflow/example_dags/example_latest_only_with_trigger.py
[2023-03-04T10:34:02.626+0530] {logging_mixin.py:137} INFO - [2023-03-04T10:34:02.626+0530] {dag.py:2690} INFO - Sync 1 DAGs
[2023-03-04T10:34:02.643+0530] {logging_mixin.py:137} INFO - [2023-03-04T10:34:02.643+0530] {dag.py:3437} INFO - Setting next_dagrun for latest_only_with_trigger to 2023-03-04T01:04:02.643158+00:00, run_after=2023-03-04T05:04:02.643158+00:00
[2023-03-04T10:34:02.664+0530] {processor.py:175} INFO - Processing /home/ris/PycharmProjects/pythonProject/USA-housing/venv/lib/python3.10/site-packages/airflow/example_dags/example_latest_only_with_trigger.py took 0.070 seconds
[2023-03-04T10:34:48.866+0530] {processor.py:153} INFO - Started process (PID=32568) to work on /home/ris/PycharmProjects/pythonProject/USA-housing/venv/lib/python3.10/site-packages/airflow/example_dags/example_latest_only_with_trigger.py
[2023-03-04T10:34:48.868+0530] {processor.py:743} INFO - Processing file /home/ris/PycharmProjects/pythonProject/USA-housing/venv/lib/python3.10/site-packages/airflow/example_dags/example_latest_only_with_trigger.py for tasks to queue
[2023-03-04T10:34:48.870+0530] {logging_mixin.py:137} INFO - [2023-03-04T10:34:48.869+0530] {dagbag.py:538} INFO - Filling up the DagBag from /home/ris/PycharmProjects/pythonProject/USA-housing/venv/lib/python3.10/site-packages/airflow/example_dags/example_latest_only_with_trigger.py
[2023-03-04T10:34:48.896+0530] {processor.py:753} INFO - DAG(s) dict_keys(['latest_only_with_trigger']) retrieved from /home/ris/PycharmProjects/pythonProject/USA-housing/venv/lib/python3.10/site-packages/airflow/example_dags/example_latest_only_with_trigger.py
[2023-03-04T10:34:48.921+0530] {logging_mixin.py:137} INFO - [2023-03-04T10:34:48.920+0530] {dag.py:2690} INFO - Sync 1 DAGs
[2023-03-04T10:34:48.946+0530] {logging_mixin.py:137} INFO - [2023-03-04T10:34:48.946+0530] {dag.py:3437} INFO - Setting next_dagrun for latest_only_with_trigger to 2023-03-04T01:04:48.946120+00:00, run_after=2023-03-04T05:04:48.946120+00:00
[2023-03-04T10:34:48.972+0530] {processor.py:175} INFO - Processing /home/ris/PycharmProjects/pythonProject/USA-housing/venv/lib/python3.10/site-packages/airflow/example_dags/example_latest_only_with_trigger.py took 0.111 seconds
[2023-03-04T10:35:37.107+0530] {processor.py:153} INFO - Started process (PID=32715) to work on /home/ris/PycharmProjects/pythonProject/USA-housing/venv/lib/python3.10/site-packages/airflow/example_dags/example_latest_only_with_trigger.py
[2023-03-04T10:35:37.109+0530] {processor.py:743} INFO - Processing file /home/ris/PycharmProjects/pythonProject/USA-housing/venv/lib/python3.10/site-packages/airflow/example_dags/example_latest_only_with_trigger.py for tasks to queue
[2023-03-04T10:35:37.110+0530] {logging_mixin.py:137} INFO - [2023-03-04T10:35:37.109+0530] {dagbag.py:538} INFO - Filling up the DagBag from /home/ris/PycharmProjects/pythonProject/USA-housing/venv/lib/python3.10/site-packages/airflow/example_dags/example_latest_only_with_trigger.py
[2023-03-04T10:35:37.130+0530] {processor.py:753} INFO - DAG(s) dict_keys(['latest_only_with_trigger']) retrieved from /home/ris/PycharmProjects/pythonProject/USA-housing/venv/lib/python3.10/site-packages/airflow/example_dags/example_latest_only_with_trigger.py
[2023-03-04T10:35:37.150+0530] {logging_mixin.py:137} INFO - [2023-03-04T10:35:37.150+0530] {dag.py:2690} INFO - Sync 1 DAGs
[2023-03-04T10:35:37.172+0530] {logging_mixin.py:137} INFO - [2023-03-04T10:35:37.171+0530] {dag.py:3437} INFO - Setting next_dagrun for latest_only_with_trigger to 2023-03-04T01:05:37.171601+00:00, run_after=2023-03-04T05:05:37.171601+00:00
[2023-03-04T10:35:37.193+0530] {processor.py:175} INFO - Processing /home/ris/PycharmProjects/pythonProject/USA-housing/venv/lib/python3.10/site-packages/airflow/example_dags/example_latest_only_with_trigger.py took 0.089 seconds
[2023-03-04T10:36:28.089+0530] {processor.py:153} INFO - Started process (PID=32782) to work on /home/ris/PycharmProjects/pythonProject/USA-housing/venv/lib/python3.10/site-packages/airflow/example_dags/example_latest_only_with_trigger.py
[2023-03-04T10:36:28.092+0530] {processor.py:743} INFO - Processing file /home/ris/PycharmProjects/pythonProject/USA-housing/venv/lib/python3.10/site-packages/airflow/example_dags/example_latest_only_with_trigger.py for tasks to queue
[2023-03-04T10:36:28.094+0530] {logging_mixin.py:137} INFO - [2023-03-04T10:36:28.093+0530] {dagbag.py:538} INFO - Filling up the DagBag from /home/ris/PycharmProjects/pythonProject/USA-housing/venv/lib/python3.10/site-packages/airflow/example_dags/example_latest_only_with_trigger.py
[2023-03-04T10:36:28.133+0530] {processor.py:753} INFO - DAG(s) dict_keys(['latest_only_with_trigger']) retrieved from /home/ris/PycharmProjects/pythonProject/USA-housing/venv/lib/python3.10/site-packages/airflow/example_dags/example_latest_only_with_trigger.py
[2023-03-04T10:36:28.174+0530] {logging_mixin.py:137} INFO - [2023-03-04T10:36:28.173+0530] {dag.py:2690} INFO - Sync 1 DAGs
[2023-03-04T10:36:28.226+0530] {logging_mixin.py:137} INFO - [2023-03-04T10:36:28.225+0530] {dag.py:3437} INFO - Setting next_dagrun for latest_only_with_trigger to 2023-03-04T01:06:28.225450+00:00, run_after=2023-03-04T05:06:28.225450+00:00
[2023-03-04T10:36:28.290+0530] {processor.py:175} INFO - Processing /home/ris/PycharmProjects/pythonProject/USA-housing/venv/lib/python3.10/site-packages/airflow/example_dags/example_latest_only_with_trigger.py took 0.209 seconds
[2023-03-04T10:37:13.319+0530] {processor.py:153} INFO - Started process (PID=32842) to work on /home/ris/PycharmProjects/pythonProject/USA-housing/venv/lib/python3.10/site-packages/airflow/example_dags/example_latest_only_with_trigger.py
[2023-03-04T10:37:13.322+0530] {processor.py:743} INFO - Processing file /home/ris/PycharmProjects/pythonProject/USA-housing/venv/lib/python3.10/site-packages/airflow/example_dags/example_latest_only_with_trigger.py for tasks to queue
[2023-03-04T10:37:13.323+0530] {logging_mixin.py:137} INFO - [2023-03-04T10:37:13.323+0530] {dagbag.py:538} INFO - Filling up the DagBag from /home/ris/PycharmProjects/pythonProject/USA-housing/venv/lib/python3.10/site-packages/airflow/example_dags/example_latest_only_with_trigger.py
[2023-03-04T10:37:13.347+0530] {processor.py:753} INFO - DAG(s) dict_keys(['latest_only_with_trigger']) retrieved from /home/ris/PycharmProjects/pythonProject/USA-housing/venv/lib/python3.10/site-packages/airflow/example_dags/example_latest_only_with_trigger.py
[2023-03-04T10:37:13.383+0530] {logging_mixin.py:137} INFO - [2023-03-04T10:37:13.383+0530] {dag.py:2690} INFO - Sync 1 DAGs
[2023-03-04T10:37:13.425+0530] {logging_mixin.py:137} INFO - [2023-03-04T10:37:13.424+0530] {dag.py:3437} INFO - Setting next_dagrun for latest_only_with_trigger to 2023-03-04T01:07:13.424154+00:00, run_after=2023-03-04T05:07:13.424154+00:00
[2023-03-04T10:37:13.467+0530] {processor.py:175} INFO - Processing /home/ris/PycharmProjects/pythonProject/USA-housing/venv/lib/python3.10/site-packages/airflow/example_dags/example_latest_only_with_trigger.py took 0.153 seconds
[2023-03-04T10:38:06.722+0530] {processor.py:153} INFO - Started process (PID=32923) to work on /home/ris/PycharmProjects/pythonProject/USA-housing/venv/lib/python3.10/site-packages/airflow/example_dags/example_latest_only_with_trigger.py
[2023-03-04T10:38:06.724+0530] {processor.py:743} INFO - Processing file /home/ris/PycharmProjects/pythonProject/USA-housing/venv/lib/python3.10/site-packages/airflow/example_dags/example_latest_only_with_trigger.py for tasks to queue
[2023-03-04T10:38:06.726+0530] {logging_mixin.py:137} INFO - [2023-03-04T10:38:06.725+0530] {dagbag.py:538} INFO - Filling up the DagBag from /home/ris/PycharmProjects/pythonProject/USA-housing/venv/lib/python3.10/site-packages/airflow/example_dags/example_latest_only_with_trigger.py
[2023-03-04T10:38:06.762+0530] {processor.py:753} INFO - DAG(s) dict_keys(['latest_only_with_trigger']) retrieved from /home/ris/PycharmProjects/pythonProject/USA-housing/venv/lib/python3.10/site-packages/airflow/example_dags/example_latest_only_with_trigger.py
[2023-03-04T10:38:06.796+0530] {logging_mixin.py:137} INFO - [2023-03-04T10:38:06.795+0530] {dag.py:2690} INFO - Sync 1 DAGs
[2023-03-04T10:38:06.833+0530] {logging_mixin.py:137} INFO - [2023-03-04T10:38:06.833+0530] {dag.py:3437} INFO - Setting next_dagrun for latest_only_with_trigger to 2023-03-04T01:08:06.832610+00:00, run_after=2023-03-04T05:08:06.832610+00:00
[2023-03-04T10:38:06.882+0530] {processor.py:175} INFO - Processing /home/ris/PycharmProjects/pythonProject/USA-housing/venv/lib/python3.10/site-packages/airflow/example_dags/example_latest_only_with_trigger.py took 0.166 seconds
[2023-03-04T10:38:54.301+0530] {processor.py:153} INFO - Started process (PID=33422) to work on /home/ris/PycharmProjects/pythonProject/USA-housing/venv/lib/python3.10/site-packages/airflow/example_dags/example_latest_only_with_trigger.py
[2023-03-04T10:38:54.302+0530] {processor.py:743} INFO - Processing file /home/ris/PycharmProjects/pythonProject/USA-housing/venv/lib/python3.10/site-packages/airflow/example_dags/example_latest_only_with_trigger.py for tasks to queue
[2023-03-04T10:38:54.303+0530] {logging_mixin.py:137} INFO - [2023-03-04T10:38:54.303+0530] {dagbag.py:538} INFO - Filling up the DagBag from /home/ris/PycharmProjects/pythonProject/USA-housing/venv/lib/python3.10/site-packages/airflow/example_dags/example_latest_only_with_trigger.py
[2023-03-04T10:38:54.323+0530] {processor.py:753} INFO - DAG(s) dict_keys(['latest_only_with_trigger']) retrieved from /home/ris/PycharmProjects/pythonProject/USA-housing/venv/lib/python3.10/site-packages/airflow/example_dags/example_latest_only_with_trigger.py
[2023-03-04T10:38:54.356+0530] {logging_mixin.py:137} INFO - [2023-03-04T10:38:54.356+0530] {dag.py:2690} INFO - Sync 1 DAGs
[2023-03-04T10:38:54.383+0530] {logging_mixin.py:137} INFO - [2023-03-04T10:38:54.383+0530] {dag.py:3437} INFO - Setting next_dagrun for latest_only_with_trigger to 2023-03-04T01:08:54.382858+00:00, run_after=2023-03-04T05:08:54.382858+00:00
[2023-03-04T10:38:54.417+0530] {processor.py:175} INFO - Processing /home/ris/PycharmProjects/pythonProject/USA-housing/venv/lib/python3.10/site-packages/airflow/example_dags/example_latest_only_with_trigger.py took 0.119 seconds
[2023-03-04T10:39:40.246+0530] {processor.py:153} INFO - Started process (PID=33511) to work on /home/ris/PycharmProjects/pythonProject/USA-housing/venv/lib/python3.10/site-packages/airflow/example_dags/example_latest_only_with_trigger.py
[2023-03-04T10:39:40.248+0530] {processor.py:743} INFO - Processing file /home/ris/PycharmProjects/pythonProject/USA-housing/venv/lib/python3.10/site-packages/airflow/example_dags/example_latest_only_with_trigger.py for tasks to queue
[2023-03-04T10:39:40.249+0530] {logging_mixin.py:137} INFO - [2023-03-04T10:39:40.249+0530] {dagbag.py:538} INFO - Filling up the DagBag from /home/ris/PycharmProjects/pythonProject/USA-housing/venv/lib/python3.10/site-packages/airflow/example_dags/example_latest_only_with_trigger.py
[2023-03-04T10:39:40.264+0530] {processor.py:753} INFO - DAG(s) dict_keys(['latest_only_with_trigger']) retrieved from /home/ris/PycharmProjects/pythonProject/USA-housing/venv/lib/python3.10/site-packages/airflow/example_dags/example_latest_only_with_trigger.py
[2023-03-04T10:39:40.284+0530] {logging_mixin.py:137} INFO - [2023-03-04T10:39:40.284+0530] {dag.py:2690} INFO - Sync 1 DAGs
[2023-03-04T10:39:40.309+0530] {logging_mixin.py:137} INFO - [2023-03-04T10:39:40.309+0530] {dag.py:3437} INFO - Setting next_dagrun for latest_only_with_trigger to 2023-03-04T01:09:40.308939+00:00, run_after=2023-03-04T05:09:40.308939+00:00
[2023-03-04T10:39:40.335+0530] {processor.py:175} INFO - Processing /home/ris/PycharmProjects/pythonProject/USA-housing/venv/lib/python3.10/site-packages/airflow/example_dags/example_latest_only_with_trigger.py took 0.095 seconds
[2023-03-04T10:40:27.107+0530] {processor.py:153} INFO - Started process (PID=33561) to work on /home/ris/PycharmProjects/pythonProject/USA-housing/venv/lib/python3.10/site-packages/airflow/example_dags/example_latest_only_with_trigger.py
[2023-03-04T10:40:27.110+0530] {processor.py:743} INFO - Processing file /home/ris/PycharmProjects/pythonProject/USA-housing/venv/lib/python3.10/site-packages/airflow/example_dags/example_latest_only_with_trigger.py for tasks to queue
[2023-03-04T10:40:27.112+0530] {logging_mixin.py:137} INFO - [2023-03-04T10:40:27.111+0530] {dagbag.py:538} INFO - Filling up the DagBag from /home/ris/PycharmProjects/pythonProject/USA-housing/venv/lib/python3.10/site-packages/airflow/example_dags/example_latest_only_with_trigger.py
[2023-03-04T10:40:27.139+0530] {processor.py:753} INFO - DAG(s) dict_keys(['latest_only_with_trigger']) retrieved from /home/ris/PycharmProjects/pythonProject/USA-housing/venv/lib/python3.10/site-packages/airflow/example_dags/example_latest_only_with_trigger.py
[2023-03-04T10:40:27.162+0530] {logging_mixin.py:137} INFO - [2023-03-04T10:40:27.162+0530] {dag.py:2690} INFO - Sync 1 DAGs
[2023-03-04T10:40:27.186+0530] {logging_mixin.py:137} INFO - [2023-03-04T10:40:27.186+0530] {dag.py:3437} INFO - Setting next_dagrun for latest_only_with_trigger to 2023-03-04T01:10:27.185996+00:00, run_after=2023-03-04T05:10:27.185996+00:00
[2023-03-04T10:40:27.211+0530] {processor.py:175} INFO - Processing /home/ris/PycharmProjects/pythonProject/USA-housing/venv/lib/python3.10/site-packages/airflow/example_dags/example_latest_only_with_trigger.py took 0.110 seconds
[2023-03-04T10:41:10.748+0530] {processor.py:153} INFO - Started process (PID=33608) to work on /home/ris/PycharmProjects/pythonProject/USA-housing/venv/lib/python3.10/site-packages/airflow/example_dags/example_latest_only_with_trigger.py
[2023-03-04T10:41:10.750+0530] {processor.py:743} INFO - Processing file /home/ris/PycharmProjects/pythonProject/USA-housing/venv/lib/python3.10/site-packages/airflow/example_dags/example_latest_only_with_trigger.py for tasks to queue
[2023-03-04T10:41:10.751+0530] {logging_mixin.py:137} INFO - [2023-03-04T10:41:10.751+0530] {dagbag.py:538} INFO - Filling up the DagBag from /home/ris/PycharmProjects/pythonProject/USA-housing/venv/lib/python3.10/site-packages/airflow/example_dags/example_latest_only_with_trigger.py
[2023-03-04T10:41:10.769+0530] {processor.py:753} INFO - DAG(s) dict_keys(['latest_only_with_trigger']) retrieved from /home/ris/PycharmProjects/pythonProject/USA-housing/venv/lib/python3.10/site-packages/airflow/example_dags/example_latest_only_with_trigger.py
[2023-03-04T10:41:10.791+0530] {logging_mixin.py:137} INFO - [2023-03-04T10:41:10.790+0530] {dag.py:2690} INFO - Sync 1 DAGs
[2023-03-04T10:41:10.818+0530] {logging_mixin.py:137} INFO - [2023-03-04T10:41:10.817+0530] {dag.py:3437} INFO - Setting next_dagrun for latest_only_with_trigger to 2023-03-04T01:11:10.817665+00:00, run_after=2023-03-04T05:11:10.817665+00:00
[2023-03-04T10:41:10.846+0530] {processor.py:175} INFO - Processing /home/ris/PycharmProjects/pythonProject/USA-housing/venv/lib/python3.10/site-packages/airflow/example_dags/example_latest_only_with_trigger.py took 0.103 seconds
[2023-03-04T10:42:00.575+0530] {processor.py:153} INFO - Started process (PID=33673) to work on /home/ris/PycharmProjects/pythonProject/USA-housing/venv/lib/python3.10/site-packages/airflow/example_dags/example_latest_only_with_trigger.py
[2023-03-04T10:42:00.578+0530] {processor.py:743} INFO - Processing file /home/ris/PycharmProjects/pythonProject/USA-housing/venv/lib/python3.10/site-packages/airflow/example_dags/example_latest_only_with_trigger.py for tasks to queue
[2023-03-04T10:42:00.580+0530] {logging_mixin.py:137} INFO - [2023-03-04T10:42:00.579+0530] {dagbag.py:538} INFO - Filling up the DagBag from /home/ris/PycharmProjects/pythonProject/USA-housing/venv/lib/python3.10/site-packages/airflow/example_dags/example_latest_only_with_trigger.py
[2023-03-04T10:42:00.604+0530] {processor.py:753} INFO - DAG(s) dict_keys(['latest_only_with_trigger']) retrieved from /home/ris/PycharmProjects/pythonProject/USA-housing/venv/lib/python3.10/site-packages/airflow/example_dags/example_latest_only_with_trigger.py
[2023-03-04T10:42:00.625+0530] {logging_mixin.py:137} INFO - [2023-03-04T10:42:00.625+0530] {dag.py:2690} INFO - Sync 1 DAGs
[2023-03-04T10:42:00.651+0530] {logging_mixin.py:137} INFO - [2023-03-04T10:42:00.651+0530] {dag.py:3437} INFO - Setting next_dagrun for latest_only_with_trigger to 2023-03-04T01:12:00.651043+00:00, run_after=2023-03-04T05:12:00.651043+00:00
[2023-03-04T10:42:00.675+0530] {processor.py:175} INFO - Processing /home/ris/PycharmProjects/pythonProject/USA-housing/venv/lib/python3.10/site-packages/airflow/example_dags/example_latest_only_with_trigger.py took 0.103 seconds
[2023-03-04T10:42:44.866+0530] {processor.py:153} INFO - Started process (PID=33725) to work on /home/ris/PycharmProjects/pythonProject/USA-housing/venv/lib/python3.10/site-packages/airflow/example_dags/example_latest_only_with_trigger.py
[2023-03-04T10:42:44.867+0530] {processor.py:743} INFO - Processing file /home/ris/PycharmProjects/pythonProject/USA-housing/venv/lib/python3.10/site-packages/airflow/example_dags/example_latest_only_with_trigger.py for tasks to queue
[2023-03-04T10:42:44.868+0530] {logging_mixin.py:137} INFO - [2023-03-04T10:42:44.868+0530] {dagbag.py:538} INFO - Filling up the DagBag from /home/ris/PycharmProjects/pythonProject/USA-housing/venv/lib/python3.10/site-packages/airflow/example_dags/example_latest_only_with_trigger.py
[2023-03-04T10:42:44.882+0530] {processor.py:753} INFO - DAG(s) dict_keys(['latest_only_with_trigger']) retrieved from /home/ris/PycharmProjects/pythonProject/USA-housing/venv/lib/python3.10/site-packages/airflow/example_dags/example_latest_only_with_trigger.py
[2023-03-04T10:42:44.906+0530] {logging_mixin.py:137} INFO - [2023-03-04T10:42:44.905+0530] {dag.py:2690} INFO - Sync 1 DAGs
[2023-03-04T10:42:44.927+0530] {logging_mixin.py:137} INFO - [2023-03-04T10:42:44.926+0530] {dag.py:3437} INFO - Setting next_dagrun for latest_only_with_trigger to 2023-03-04T01:12:44.926660+00:00, run_after=2023-03-04T05:12:44.926660+00:00
[2023-03-04T10:42:44.949+0530] {processor.py:175} INFO - Processing /home/ris/PycharmProjects/pythonProject/USA-housing/venv/lib/python3.10/site-packages/airflow/example_dags/example_latest_only_with_trigger.py took 0.085 seconds
[2023-03-04T10:43:30.526+0530] {processor.py:153} INFO - Started process (PID=33772) to work on /home/ris/PycharmProjects/pythonProject/USA-housing/venv/lib/python3.10/site-packages/airflow/example_dags/example_latest_only_with_trigger.py
[2023-03-04T10:43:30.528+0530] {processor.py:743} INFO - Processing file /home/ris/PycharmProjects/pythonProject/USA-housing/venv/lib/python3.10/site-packages/airflow/example_dags/example_latest_only_with_trigger.py for tasks to queue
[2023-03-04T10:43:30.529+0530] {logging_mixin.py:137} INFO - [2023-03-04T10:43:30.529+0530] {dagbag.py:538} INFO - Filling up the DagBag from /home/ris/PycharmProjects/pythonProject/USA-housing/venv/lib/python3.10/site-packages/airflow/example_dags/example_latest_only_with_trigger.py
[2023-03-04T10:43:30.545+0530] {processor.py:753} INFO - DAG(s) dict_keys(['latest_only_with_trigger']) retrieved from /home/ris/PycharmProjects/pythonProject/USA-housing/venv/lib/python3.10/site-packages/airflow/example_dags/example_latest_only_with_trigger.py
[2023-03-04T10:43:30.569+0530] {logging_mixin.py:137} INFO - [2023-03-04T10:43:30.569+0530] {dag.py:2690} INFO - Sync 1 DAGs
[2023-03-04T10:43:30.599+0530] {logging_mixin.py:137} INFO - [2023-03-04T10:43:30.598+0530] {dag.py:3437} INFO - Setting next_dagrun for latest_only_with_trigger to 2023-03-04T01:13:30.597936+00:00, run_after=2023-03-04T05:13:30.597936+00:00
[2023-03-04T10:43:30.634+0530] {processor.py:175} INFO - Processing /home/ris/PycharmProjects/pythonProject/USA-housing/venv/lib/python3.10/site-packages/airflow/example_dags/example_latest_only_with_trigger.py took 0.112 seconds
[2023-03-04T10:44:17.155+0530] {processor.py:153} INFO - Started process (PID=33818) to work on /home/ris/PycharmProjects/pythonProject/USA-housing/venv/lib/python3.10/site-packages/airflow/example_dags/example_latest_only_with_trigger.py
[2023-03-04T10:44:17.158+0530] {processor.py:743} INFO - Processing file /home/ris/PycharmProjects/pythonProject/USA-housing/venv/lib/python3.10/site-packages/airflow/example_dags/example_latest_only_with_trigger.py for tasks to queue
[2023-03-04T10:44:17.160+0530] {logging_mixin.py:137} INFO - [2023-03-04T10:44:17.159+0530] {dagbag.py:538} INFO - Filling up the DagBag from /home/ris/PycharmProjects/pythonProject/USA-housing/venv/lib/python3.10/site-packages/airflow/example_dags/example_latest_only_with_trigger.py
[2023-03-04T10:44:17.186+0530] {processor.py:753} INFO - DAG(s) dict_keys(['latest_only_with_trigger']) retrieved from /home/ris/PycharmProjects/pythonProject/USA-housing/venv/lib/python3.10/site-packages/airflow/example_dags/example_latest_only_with_trigger.py
[2023-03-04T10:44:17.231+0530] {logging_mixin.py:137} INFO - [2023-03-04T10:44:17.230+0530] {dag.py:2690} INFO - Sync 1 DAGs
[2023-03-04T10:44:17.258+0530] {logging_mixin.py:137} INFO - [2023-03-04T10:44:17.257+0530] {dag.py:3437} INFO - Setting next_dagrun for latest_only_with_trigger to 2023-03-04T01:14:17.257175+00:00, run_after=2023-03-04T05:14:17.257175+00:00
[2023-03-04T10:44:17.291+0530] {processor.py:175} INFO - Processing /home/ris/PycharmProjects/pythonProject/USA-housing/venv/lib/python3.10/site-packages/airflow/example_dags/example_latest_only_with_trigger.py took 0.140 seconds
[2023-03-04T10:45:05.760+0530] {processor.py:153} INFO - Started process (PID=33874) to work on /home/ris/PycharmProjects/pythonProject/USA-housing/venv/lib/python3.10/site-packages/airflow/example_dags/example_latest_only_with_trigger.py
[2023-03-04T10:45:05.762+0530] {processor.py:743} INFO - Processing file /home/ris/PycharmProjects/pythonProject/USA-housing/venv/lib/python3.10/site-packages/airflow/example_dags/example_latest_only_with_trigger.py for tasks to queue
[2023-03-04T10:45:05.763+0530] {logging_mixin.py:137} INFO - [2023-03-04T10:45:05.763+0530] {dagbag.py:538} INFO - Filling up the DagBag from /home/ris/PycharmProjects/pythonProject/USA-housing/venv/lib/python3.10/site-packages/airflow/example_dags/example_latest_only_with_trigger.py
[2023-03-04T10:45:05.781+0530] {processor.py:753} INFO - DAG(s) dict_keys(['latest_only_with_trigger']) retrieved from /home/ris/PycharmProjects/pythonProject/USA-housing/venv/lib/python3.10/site-packages/airflow/example_dags/example_latest_only_with_trigger.py
[2023-03-04T10:45:05.805+0530] {logging_mixin.py:137} INFO - [2023-03-04T10:45:05.805+0530] {dag.py:2690} INFO - Sync 1 DAGs
[2023-03-04T10:45:05.832+0530] {logging_mixin.py:137} INFO - [2023-03-04T10:45:05.831+0530] {dag.py:3437} INFO - Setting next_dagrun for latest_only_with_trigger to 2023-03-04T01:15:05.831061+00:00, run_after=2023-03-04T05:15:05.831061+00:00
[2023-03-04T10:45:05.861+0530] {processor.py:175} INFO - Processing /home/ris/PycharmProjects/pythonProject/USA-housing/venv/lib/python3.10/site-packages/airflow/example_dags/example_latest_only_with_trigger.py took 0.104 seconds
[2023-03-04T10:45:58.634+0530] {processor.py:153} INFO - Started process (PID=33930) to work on /home/ris/PycharmProjects/pythonProject/USA-housing/venv/lib/python3.10/site-packages/airflow/example_dags/example_latest_only_with_trigger.py
[2023-03-04T10:45:58.636+0530] {processor.py:743} INFO - Processing file /home/ris/PycharmProjects/pythonProject/USA-housing/venv/lib/python3.10/site-packages/airflow/example_dags/example_latest_only_with_trigger.py for tasks to queue
[2023-03-04T10:45:58.637+0530] {logging_mixin.py:137} INFO - [2023-03-04T10:45:58.637+0530] {dagbag.py:538} INFO - Filling up the DagBag from /home/ris/PycharmProjects/pythonProject/USA-housing/venv/lib/python3.10/site-packages/airflow/example_dags/example_latest_only_with_trigger.py
[2023-03-04T10:45:58.656+0530] {processor.py:753} INFO - DAG(s) dict_keys(['latest_only_with_trigger']) retrieved from /home/ris/PycharmProjects/pythonProject/USA-housing/venv/lib/python3.10/site-packages/airflow/example_dags/example_latest_only_with_trigger.py
[2023-03-04T10:45:58.693+0530] {logging_mixin.py:137} INFO - [2023-03-04T10:45:58.692+0530] {dag.py:2690} INFO - Sync 1 DAGs
[2023-03-04T10:45:58.737+0530] {logging_mixin.py:137} INFO - [2023-03-04T10:45:58.737+0530] {dag.py:3437} INFO - Setting next_dagrun for latest_only_with_trigger to 2023-03-04T01:15:58.736836+00:00, run_after=2023-03-04T05:15:58.736836+00:00
[2023-03-04T10:45:58.766+0530] {processor.py:175} INFO - Processing /home/ris/PycharmProjects/pythonProject/USA-housing/venv/lib/python3.10/site-packages/airflow/example_dags/example_latest_only_with_trigger.py took 0.136 seconds
[2023-03-04T10:46:40.895+0530] {processor.py:153} INFO - Started process (PID=33986) to work on /home/ris/PycharmProjects/pythonProject/USA-housing/venv/lib/python3.10/site-packages/airflow/example_dags/example_latest_only_with_trigger.py
[2023-03-04T10:46:40.897+0530] {processor.py:743} INFO - Processing file /home/ris/PycharmProjects/pythonProject/USA-housing/venv/lib/python3.10/site-packages/airflow/example_dags/example_latest_only_with_trigger.py for tasks to queue
[2023-03-04T10:46:40.898+0530] {logging_mixin.py:137} INFO - [2023-03-04T10:46:40.898+0530] {dagbag.py:538} INFO - Filling up the DagBag from /home/ris/PycharmProjects/pythonProject/USA-housing/venv/lib/python3.10/site-packages/airflow/example_dags/example_latest_only_with_trigger.py
[2023-03-04T10:46:40.911+0530] {processor.py:753} INFO - DAG(s) dict_keys(['latest_only_with_trigger']) retrieved from /home/ris/PycharmProjects/pythonProject/USA-housing/venv/lib/python3.10/site-packages/airflow/example_dags/example_latest_only_with_trigger.py
[2023-03-04T10:46:40.929+0530] {logging_mixin.py:137} INFO - [2023-03-04T10:46:40.929+0530] {dag.py:2690} INFO - Sync 1 DAGs
[2023-03-04T10:46:40.948+0530] {logging_mixin.py:137} INFO - [2023-03-04T10:46:40.947+0530] {dag.py:3437} INFO - Setting next_dagrun for latest_only_with_trigger to 2023-03-04T01:16:40.947636+00:00, run_after=2023-03-04T05:16:40.947636+00:00
[2023-03-04T10:46:40.972+0530] {processor.py:175} INFO - Processing /home/ris/PycharmProjects/pythonProject/USA-housing/venv/lib/python3.10/site-packages/airflow/example_dags/example_latest_only_with_trigger.py took 0.079 seconds
[2023-03-04T10:47:35.084+0530] {processor.py:153} INFO - Started process (PID=34043) to work on /home/ris/PycharmProjects/pythonProject/USA-housing/venv/lib/python3.10/site-packages/airflow/example_dags/example_latest_only_with_trigger.py
[2023-03-04T10:47:35.089+0530] {processor.py:743} INFO - Processing file /home/ris/PycharmProjects/pythonProject/USA-housing/venv/lib/python3.10/site-packages/airflow/example_dags/example_latest_only_with_trigger.py for tasks to queue
[2023-03-04T10:47:35.092+0530] {logging_mixin.py:137} INFO - [2023-03-04T10:47:35.091+0530] {dagbag.py:538} INFO - Filling up the DagBag from /home/ris/PycharmProjects/pythonProject/USA-housing/venv/lib/python3.10/site-packages/airflow/example_dags/example_latest_only_with_trigger.py
[2023-03-04T10:47:35.141+0530] {processor.py:753} INFO - DAG(s) dict_keys(['latest_only_with_trigger']) retrieved from /home/ris/PycharmProjects/pythonProject/USA-housing/venv/lib/python3.10/site-packages/airflow/example_dags/example_latest_only_with_trigger.py
[2023-03-04T10:47:35.168+0530] {logging_mixin.py:137} INFO - [2023-03-04T10:47:35.168+0530] {dag.py:2690} INFO - Sync 1 DAGs
[2023-03-04T10:47:35.192+0530] {logging_mixin.py:137} INFO - [2023-03-04T10:47:35.192+0530] {dag.py:3437} INFO - Setting next_dagrun for latest_only_with_trigger to 2023-03-04T01:17:35.191611+00:00, run_after=2023-03-04T05:17:35.191611+00:00
[2023-03-04T10:47:35.222+0530] {processor.py:175} INFO - Processing /home/ris/PycharmProjects/pythonProject/USA-housing/venv/lib/python3.10/site-packages/airflow/example_dags/example_latest_only_with_trigger.py took 0.148 seconds
[2023-03-04T10:48:32.728+0530] {processor.py:153} INFO - Started process (PID=34101) to work on /home/ris/PycharmProjects/pythonProject/USA-housing/venv/lib/python3.10/site-packages/airflow/example_dags/example_latest_only_with_trigger.py
[2023-03-04T10:48:32.731+0530] {processor.py:743} INFO - Processing file /home/ris/PycharmProjects/pythonProject/USA-housing/venv/lib/python3.10/site-packages/airflow/example_dags/example_latest_only_with_trigger.py for tasks to queue
[2023-03-04T10:48:32.732+0530] {logging_mixin.py:137} INFO - [2023-03-04T10:48:32.732+0530] {dagbag.py:538} INFO - Filling up the DagBag from /home/ris/PycharmProjects/pythonProject/USA-housing/venv/lib/python3.10/site-packages/airflow/example_dags/example_latest_only_with_trigger.py
[2023-03-04T10:48:32.749+0530] {processor.py:753} INFO - DAG(s) dict_keys(['latest_only_with_trigger']) retrieved from /home/ris/PycharmProjects/pythonProject/USA-housing/venv/lib/python3.10/site-packages/airflow/example_dags/example_latest_only_with_trigger.py
[2023-03-04T10:48:32.767+0530] {logging_mixin.py:137} INFO - [2023-03-04T10:48:32.767+0530] {dag.py:2690} INFO - Sync 1 DAGs
[2023-03-04T10:48:32.793+0530] {logging_mixin.py:137} INFO - [2023-03-04T10:48:32.793+0530] {dag.py:3437} INFO - Setting next_dagrun for latest_only_with_trigger to 2023-03-04T01:18:32.792854+00:00, run_after=2023-03-04T05:18:32.792854+00:00
[2023-03-04T10:48:32.813+0530] {processor.py:175} INFO - Processing /home/ris/PycharmProjects/pythonProject/USA-housing/venv/lib/python3.10/site-packages/airflow/example_dags/example_latest_only_with_trigger.py took 0.088 seconds
[2023-03-04T10:49:24.250+0530] {processor.py:153} INFO - Started process (PID=34170) to work on /home/ris/PycharmProjects/pythonProject/USA-housing/venv/lib/python3.10/site-packages/airflow/example_dags/example_latest_only_with_trigger.py
[2023-03-04T10:49:24.253+0530] {processor.py:743} INFO - Processing file /home/ris/PycharmProjects/pythonProject/USA-housing/venv/lib/python3.10/site-packages/airflow/example_dags/example_latest_only_with_trigger.py for tasks to queue
[2023-03-04T10:49:24.254+0530] {logging_mixin.py:137} INFO - [2023-03-04T10:49:24.254+0530] {dagbag.py:538} INFO - Filling up the DagBag from /home/ris/PycharmProjects/pythonProject/USA-housing/venv/lib/python3.10/site-packages/airflow/example_dags/example_latest_only_with_trigger.py
[2023-03-04T10:49:24.271+0530] {processor.py:753} INFO - DAG(s) dict_keys(['latest_only_with_trigger']) retrieved from /home/ris/PycharmProjects/pythonProject/USA-housing/venv/lib/python3.10/site-packages/airflow/example_dags/example_latest_only_with_trigger.py
[2023-03-04T10:49:24.292+0530] {logging_mixin.py:137} INFO - [2023-03-04T10:49:24.292+0530] {dag.py:2690} INFO - Sync 1 DAGs
[2023-03-04T10:49:24.312+0530] {logging_mixin.py:137} INFO - [2023-03-04T10:49:24.312+0530] {dag.py:3437} INFO - Setting next_dagrun for latest_only_with_trigger to 2023-03-04T01:19:24.312154+00:00, run_after=2023-03-04T05:19:24.312154+00:00
[2023-03-04T10:49:24.336+0530] {processor.py:175} INFO - Processing /home/ris/PycharmProjects/pythonProject/USA-housing/venv/lib/python3.10/site-packages/airflow/example_dags/example_latest_only_with_trigger.py took 0.089 seconds
[2023-03-04T10:50:10.289+0530] {processor.py:153} INFO - Started process (PID=34274) to work on /home/ris/PycharmProjects/pythonProject/USA-housing/venv/lib/python3.10/site-packages/airflow/example_dags/example_latest_only_with_trigger.py
[2023-03-04T10:50:10.291+0530] {processor.py:743} INFO - Processing file /home/ris/PycharmProjects/pythonProject/USA-housing/venv/lib/python3.10/site-packages/airflow/example_dags/example_latest_only_with_trigger.py for tasks to queue
[2023-03-04T10:50:10.292+0530] {logging_mixin.py:137} INFO - [2023-03-04T10:50:10.292+0530] {dagbag.py:538} INFO - Filling up the DagBag from /home/ris/PycharmProjects/pythonProject/USA-housing/venv/lib/python3.10/site-packages/airflow/example_dags/example_latest_only_with_trigger.py
[2023-03-04T10:50:10.307+0530] {processor.py:753} INFO - DAG(s) dict_keys(['latest_only_with_trigger']) retrieved from /home/ris/PycharmProjects/pythonProject/USA-housing/venv/lib/python3.10/site-packages/airflow/example_dags/example_latest_only_with_trigger.py
[2023-03-04T10:50:10.327+0530] {logging_mixin.py:137} INFO - [2023-03-04T10:50:10.327+0530] {dag.py:2690} INFO - Sync 1 DAGs
[2023-03-04T10:50:10.357+0530] {logging_mixin.py:137} INFO - [2023-03-04T10:50:10.357+0530] {dag.py:3437} INFO - Setting next_dagrun for latest_only_with_trigger to 2023-03-04T01:20:10.356714+00:00, run_after=2023-03-04T05:20:10.356714+00:00
[2023-03-04T10:50:10.380+0530] {processor.py:175} INFO - Processing /home/ris/PycharmProjects/pythonProject/USA-housing/venv/lib/python3.10/site-packages/airflow/example_dags/example_latest_only_with_trigger.py took 0.094 seconds
[2023-03-04T10:51:00.540+0530] {processor.py:153} INFO - Started process (PID=34345) to work on /home/ris/PycharmProjects/pythonProject/USA-housing/venv/lib/python3.10/site-packages/airflow/example_dags/example_latest_only_with_trigger.py
[2023-03-04T10:51:00.543+0530] {processor.py:743} INFO - Processing file /home/ris/PycharmProjects/pythonProject/USA-housing/venv/lib/python3.10/site-packages/airflow/example_dags/example_latest_only_with_trigger.py for tasks to queue
[2023-03-04T10:51:00.544+0530] {logging_mixin.py:137} INFO - [2023-03-04T10:51:00.544+0530] {dagbag.py:538} INFO - Filling up the DagBag from /home/ris/PycharmProjects/pythonProject/USA-housing/venv/lib/python3.10/site-packages/airflow/example_dags/example_latest_only_with_trigger.py
[2023-03-04T10:51:00.561+0530] {processor.py:753} INFO - DAG(s) dict_keys(['latest_only_with_trigger']) retrieved from /home/ris/PycharmProjects/pythonProject/USA-housing/venv/lib/python3.10/site-packages/airflow/example_dags/example_latest_only_with_trigger.py
[2023-03-04T10:51:00.593+0530] {logging_mixin.py:137} INFO - [2023-03-04T10:51:00.593+0530] {dag.py:2690} INFO - Sync 1 DAGs
[2023-03-04T10:51:00.617+0530] {logging_mixin.py:137} INFO - [2023-03-04T10:51:00.617+0530] {dag.py:3437} INFO - Setting next_dagrun for latest_only_with_trigger to 2023-03-04T01:21:00.616902+00:00, run_after=2023-03-04T05:21:00.616902+00:00
[2023-03-04T10:51:00.642+0530] {processor.py:175} INFO - Processing /home/ris/PycharmProjects/pythonProject/USA-housing/venv/lib/python3.10/site-packages/airflow/example_dags/example_latest_only_with_trigger.py took 0.105 seconds
[2023-03-04T10:51:51.781+0530] {processor.py:153} INFO - Started process (PID=34418) to work on /home/ris/PycharmProjects/pythonProject/USA-housing/venv/lib/python3.10/site-packages/airflow/example_dags/example_latest_only_with_trigger.py
[2023-03-04T10:51:51.783+0530] {processor.py:743} INFO - Processing file /home/ris/PycharmProjects/pythonProject/USA-housing/venv/lib/python3.10/site-packages/airflow/example_dags/example_latest_only_with_trigger.py for tasks to queue
[2023-03-04T10:51:51.785+0530] {logging_mixin.py:137} INFO - [2023-03-04T10:51:51.784+0530] {dagbag.py:538} INFO - Filling up the DagBag from /home/ris/PycharmProjects/pythonProject/USA-housing/venv/lib/python3.10/site-packages/airflow/example_dags/example_latest_only_with_trigger.py
[2023-03-04T10:51:51.816+0530] {processor.py:753} INFO - DAG(s) dict_keys(['latest_only_with_trigger']) retrieved from /home/ris/PycharmProjects/pythonProject/USA-housing/venv/lib/python3.10/site-packages/airflow/example_dags/example_latest_only_with_trigger.py
[2023-03-04T10:51:51.838+0530] {logging_mixin.py:137} INFO - [2023-03-04T10:51:51.837+0530] {dag.py:2690} INFO - Sync 1 DAGs
[2023-03-04T10:51:51.871+0530] {logging_mixin.py:137} INFO - [2023-03-04T10:51:51.871+0530] {dag.py:3437} INFO - Setting next_dagrun for latest_only_with_trigger to 2023-03-04T01:21:51.871308+00:00, run_after=2023-03-04T05:21:51.871308+00:00
[2023-03-04T10:51:51.921+0530] {processor.py:175} INFO - Processing /home/ris/PycharmProjects/pythonProject/USA-housing/venv/lib/python3.10/site-packages/airflow/example_dags/example_latest_only_with_trigger.py took 0.144 seconds
[2023-03-04T10:52:40.773+0530] {processor.py:153} INFO - Started process (PID=34474) to work on /home/ris/PycharmProjects/pythonProject/USA-housing/venv/lib/python3.10/site-packages/airflow/example_dags/example_latest_only_with_trigger.py
[2023-03-04T10:52:40.775+0530] {processor.py:743} INFO - Processing file /home/ris/PycharmProjects/pythonProject/USA-housing/venv/lib/python3.10/site-packages/airflow/example_dags/example_latest_only_with_trigger.py for tasks to queue
[2023-03-04T10:52:40.776+0530] {logging_mixin.py:137} INFO - [2023-03-04T10:52:40.775+0530] {dagbag.py:538} INFO - Filling up the DagBag from /home/ris/PycharmProjects/pythonProject/USA-housing/venv/lib/python3.10/site-packages/airflow/example_dags/example_latest_only_with_trigger.py
[2023-03-04T10:52:40.796+0530] {processor.py:753} INFO - DAG(s) dict_keys(['latest_only_with_trigger']) retrieved from /home/ris/PycharmProjects/pythonProject/USA-housing/venv/lib/python3.10/site-packages/airflow/example_dags/example_latest_only_with_trigger.py
[2023-03-04T10:52:40.819+0530] {logging_mixin.py:137} INFO - [2023-03-04T10:52:40.819+0530] {dag.py:2690} INFO - Sync 1 DAGs
[2023-03-04T10:52:40.844+0530] {logging_mixin.py:137} INFO - [2023-03-04T10:52:40.844+0530] {dag.py:3437} INFO - Setting next_dagrun for latest_only_with_trigger to 2023-03-04T01:22:40.843788+00:00, run_after=2023-03-04T05:22:40.843788+00:00
[2023-03-04T10:52:40.868+0530] {processor.py:175} INFO - Processing /home/ris/PycharmProjects/pythonProject/USA-housing/venv/lib/python3.10/site-packages/airflow/example_dags/example_latest_only_with_trigger.py took 0.102 seconds
[2023-03-04T10:53:35.463+0530] {processor.py:153} INFO - Started process (PID=34683) to work on /home/ris/PycharmProjects/pythonProject/USA-housing/venv/lib/python3.10/site-packages/airflow/example_dags/example_latest_only_with_trigger.py
[2023-03-04T10:53:35.466+0530] {processor.py:743} INFO - Processing file /home/ris/PycharmProjects/pythonProject/USA-housing/venv/lib/python3.10/site-packages/airflow/example_dags/example_latest_only_with_trigger.py for tasks to queue
[2023-03-04T10:53:35.468+0530] {logging_mixin.py:137} INFO - [2023-03-04T10:53:35.468+0530] {dagbag.py:538} INFO - Filling up the DagBag from /home/ris/PycharmProjects/pythonProject/USA-housing/venv/lib/python3.10/site-packages/airflow/example_dags/example_latest_only_with_trigger.py
[2023-03-04T10:53:35.493+0530] {processor.py:753} INFO - DAG(s) dict_keys(['latest_only_with_trigger']) retrieved from /home/ris/PycharmProjects/pythonProject/USA-housing/venv/lib/python3.10/site-packages/airflow/example_dags/example_latest_only_with_trigger.py
[2023-03-04T10:53:35.511+0530] {logging_mixin.py:137} INFO - [2023-03-04T10:53:35.511+0530] {dag.py:2690} INFO - Sync 1 DAGs
[2023-03-04T10:53:35.530+0530] {logging_mixin.py:137} INFO - [2023-03-04T10:53:35.530+0530] {dag.py:3437} INFO - Setting next_dagrun for latest_only_with_trigger to 2023-03-04T01:23:35.529989+00:00, run_after=2023-03-04T05:23:35.529989+00:00
[2023-03-04T10:53:35.551+0530] {processor.py:175} INFO - Processing /home/ris/PycharmProjects/pythonProject/USA-housing/venv/lib/python3.10/site-packages/airflow/example_dags/example_latest_only_with_trigger.py took 0.093 seconds
[2023-03-04T10:54:29.125+0530] {processor.py:153} INFO - Started process (PID=34764) to work on /home/ris/PycharmProjects/pythonProject/USA-housing/venv/lib/python3.10/site-packages/airflow/example_dags/example_latest_only_with_trigger.py
[2023-03-04T10:54:29.127+0530] {processor.py:743} INFO - Processing file /home/ris/PycharmProjects/pythonProject/USA-housing/venv/lib/python3.10/site-packages/airflow/example_dags/example_latest_only_with_trigger.py for tasks to queue
[2023-03-04T10:54:29.128+0530] {logging_mixin.py:137} INFO - [2023-03-04T10:54:29.128+0530] {dagbag.py:538} INFO - Filling up the DagBag from /home/ris/PycharmProjects/pythonProject/USA-housing/venv/lib/python3.10/site-packages/airflow/example_dags/example_latest_only_with_trigger.py
[2023-03-04T10:54:29.145+0530] {processor.py:753} INFO - DAG(s) dict_keys(['latest_only_with_trigger']) retrieved from /home/ris/PycharmProjects/pythonProject/USA-housing/venv/lib/python3.10/site-packages/airflow/example_dags/example_latest_only_with_trigger.py
[2023-03-04T10:54:29.171+0530] {logging_mixin.py:137} INFO - [2023-03-04T10:54:29.171+0530] {dag.py:2690} INFO - Sync 1 DAGs
[2023-03-04T10:54:29.195+0530] {logging_mixin.py:137} INFO - [2023-03-04T10:54:29.195+0530] {dag.py:3437} INFO - Setting next_dagrun for latest_only_with_trigger to 2023-03-04T01:24:29.195358+00:00, run_after=2023-03-04T05:24:29.195358+00:00
[2023-03-04T10:54:29.218+0530] {processor.py:175} INFO - Processing /home/ris/PycharmProjects/pythonProject/USA-housing/venv/lib/python3.10/site-packages/airflow/example_dags/example_latest_only_with_trigger.py took 0.096 seconds
[2023-03-04T10:55:15.171+0530] {processor.py:153} INFO - Started process (PID=34823) to work on /home/ris/PycharmProjects/pythonProject/USA-housing/venv/lib/python3.10/site-packages/airflow/example_dags/example_latest_only_with_trigger.py
[2023-03-04T10:55:15.173+0530] {processor.py:743} INFO - Processing file /home/ris/PycharmProjects/pythonProject/USA-housing/venv/lib/python3.10/site-packages/airflow/example_dags/example_latest_only_with_trigger.py for tasks to queue
[2023-03-04T10:55:15.174+0530] {logging_mixin.py:137} INFO - [2023-03-04T10:55:15.174+0530] {dagbag.py:538} INFO - Filling up the DagBag from /home/ris/PycharmProjects/pythonProject/USA-housing/venv/lib/python3.10/site-packages/airflow/example_dags/example_latest_only_with_trigger.py
[2023-03-04T10:55:15.205+0530] {processor.py:753} INFO - DAG(s) dict_keys(['latest_only_with_trigger']) retrieved from /home/ris/PycharmProjects/pythonProject/USA-housing/venv/lib/python3.10/site-packages/airflow/example_dags/example_latest_only_with_trigger.py
[2023-03-04T10:55:15.230+0530] {logging_mixin.py:137} INFO - [2023-03-04T10:55:15.230+0530] {dag.py:2690} INFO - Sync 1 DAGs
[2023-03-04T10:55:15.249+0530] {logging_mixin.py:137} INFO - [2023-03-04T10:55:15.249+0530] {dag.py:3437} INFO - Setting next_dagrun for latest_only_with_trigger to 2023-03-04T01:25:15.249450+00:00, run_after=2023-03-04T05:25:15.249450+00:00
[2023-03-04T10:55:15.270+0530] {processor.py:175} INFO - Processing /home/ris/PycharmProjects/pythonProject/USA-housing/venv/lib/python3.10/site-packages/airflow/example_dags/example_latest_only_with_trigger.py took 0.104 seconds
[2023-03-04T10:55:55.712+0530] {processor.py:153} INFO - Started process (PID=34877) to work on /home/ris/PycharmProjects/pythonProject/USA-housing/venv/lib/python3.10/site-packages/airflow/example_dags/example_latest_only_with_trigger.py
[2023-03-04T10:55:55.714+0530] {processor.py:743} INFO - Processing file /home/ris/PycharmProjects/pythonProject/USA-housing/venv/lib/python3.10/site-packages/airflow/example_dags/example_latest_only_with_trigger.py for tasks to queue
[2023-03-04T10:55:55.714+0530] {logging_mixin.py:137} INFO - [2023-03-04T10:55:55.714+0530] {dagbag.py:538} INFO - Filling up the DagBag from /home/ris/PycharmProjects/pythonProject/USA-housing/venv/lib/python3.10/site-packages/airflow/example_dags/example_latest_only_with_trigger.py
[2023-03-04T10:55:55.729+0530] {processor.py:753} INFO - DAG(s) dict_keys(['latest_only_with_trigger']) retrieved from /home/ris/PycharmProjects/pythonProject/USA-housing/venv/lib/python3.10/site-packages/airflow/example_dags/example_latest_only_with_trigger.py
[2023-03-04T10:55:55.748+0530] {logging_mixin.py:137} INFO - [2023-03-04T10:55:55.748+0530] {dag.py:2690} INFO - Sync 1 DAGs
[2023-03-04T10:55:55.769+0530] {logging_mixin.py:137} INFO - [2023-03-04T10:55:55.769+0530] {dag.py:3437} INFO - Setting next_dagrun for latest_only_with_trigger to 2023-03-04T01:25:55.768878+00:00, run_after=2023-03-04T05:25:55.768878+00:00
[2023-03-04T10:55:55.789+0530] {processor.py:175} INFO - Processing /home/ris/PycharmProjects/pythonProject/USA-housing/venv/lib/python3.10/site-packages/airflow/example_dags/example_latest_only_with_trigger.py took 0.081 seconds
[2023-03-04T10:56:35.544+0530] {processor.py:153} INFO - Started process (PID=34925) to work on /home/ris/PycharmProjects/pythonProject/USA-housing/venv/lib/python3.10/site-packages/airflow/example_dags/example_latest_only_with_trigger.py
[2023-03-04T10:56:35.546+0530] {processor.py:743} INFO - Processing file /home/ris/PycharmProjects/pythonProject/USA-housing/venv/lib/python3.10/site-packages/airflow/example_dags/example_latest_only_with_trigger.py for tasks to queue
[2023-03-04T10:56:35.546+0530] {logging_mixin.py:137} INFO - [2023-03-04T10:56:35.546+0530] {dagbag.py:538} INFO - Filling up the DagBag from /home/ris/PycharmProjects/pythonProject/USA-housing/venv/lib/python3.10/site-packages/airflow/example_dags/example_latest_only_with_trigger.py
[2023-03-04T10:56:35.572+0530] {processor.py:753} INFO - DAG(s) dict_keys(['latest_only_with_trigger']) retrieved from /home/ris/PycharmProjects/pythonProject/USA-housing/venv/lib/python3.10/site-packages/airflow/example_dags/example_latest_only_with_trigger.py
[2023-03-04T10:56:35.600+0530] {logging_mixin.py:137} INFO - [2023-03-04T10:56:35.600+0530] {dag.py:2690} INFO - Sync 1 DAGs
[2023-03-04T10:56:35.619+0530] {logging_mixin.py:137} INFO - [2023-03-04T10:56:35.619+0530] {dag.py:3437} INFO - Setting next_dagrun for latest_only_with_trigger to 2023-03-04T01:26:35.618902+00:00, run_after=2023-03-04T05:26:35.618902+00:00
[2023-03-04T10:56:35.637+0530] {processor.py:175} INFO - Processing /home/ris/PycharmProjects/pythonProject/USA-housing/venv/lib/python3.10/site-packages/airflow/example_dags/example_latest_only_with_trigger.py took 0.096 seconds
[2023-03-04T10:57:31.033+0530] {processor.py:153} INFO - Started process (PID=35029) to work on /home/ris/PycharmProjects/pythonProject/USA-housing/venv/lib/python3.10/site-packages/airflow/example_dags/example_latest_only_with_trigger.py
[2023-03-04T10:57:31.035+0530] {processor.py:743} INFO - Processing file /home/ris/PycharmProjects/pythonProject/USA-housing/venv/lib/python3.10/site-packages/airflow/example_dags/example_latest_only_with_trigger.py for tasks to queue
[2023-03-04T10:57:31.037+0530] {logging_mixin.py:137} INFO - [2023-03-04T10:57:31.036+0530] {dagbag.py:538} INFO - Filling up the DagBag from /home/ris/PycharmProjects/pythonProject/USA-housing/venv/lib/python3.10/site-packages/airflow/example_dags/example_latest_only_with_trigger.py
[2023-03-04T10:57:31.064+0530] {processor.py:753} INFO - DAG(s) dict_keys(['latest_only_with_trigger']) retrieved from /home/ris/PycharmProjects/pythonProject/USA-housing/venv/lib/python3.10/site-packages/airflow/example_dags/example_latest_only_with_trigger.py
[2023-03-04T10:57:31.084+0530] {logging_mixin.py:137} INFO - [2023-03-04T10:57:31.084+0530] {dag.py:2690} INFO - Sync 1 DAGs
[2023-03-04T10:57:31.104+0530] {logging_mixin.py:137} INFO - [2023-03-04T10:57:31.103+0530] {dag.py:3437} INFO - Setting next_dagrun for latest_only_with_trigger to 2023-03-04T01:27:31.103649+00:00, run_after=2023-03-04T05:27:31.103649+00:00
[2023-03-04T10:57:31.124+0530] {processor.py:175} INFO - Processing /home/ris/PycharmProjects/pythonProject/USA-housing/venv/lib/python3.10/site-packages/airflow/example_dags/example_latest_only_with_trigger.py took 0.094 seconds
[2023-03-04T11:01:10.493+0530] {processor.py:153} INFO - Started process (PID=35182) to work on /home/ris/PycharmProjects/pythonProject/USA-housing/venv/lib/python3.10/site-packages/airflow/example_dags/example_latest_only_with_trigger.py
[2023-03-04T11:01:10.495+0530] {processor.py:743} INFO - Processing file /home/ris/PycharmProjects/pythonProject/USA-housing/venv/lib/python3.10/site-packages/airflow/example_dags/example_latest_only_with_trigger.py for tasks to queue
[2023-03-04T11:01:10.496+0530] {logging_mixin.py:137} INFO - [2023-03-04T11:01:10.496+0530] {dagbag.py:538} INFO - Filling up the DagBag from /home/ris/PycharmProjects/pythonProject/USA-housing/venv/lib/python3.10/site-packages/airflow/example_dags/example_latest_only_with_trigger.py
[2023-03-04T11:01:10.524+0530] {processor.py:753} INFO - DAG(s) dict_keys(['latest_only_with_trigger']) retrieved from /home/ris/PycharmProjects/pythonProject/USA-housing/venv/lib/python3.10/site-packages/airflow/example_dags/example_latest_only_with_trigger.py
[2023-03-04T11:01:10.552+0530] {logging_mixin.py:137} INFO - [2023-03-04T11:01:10.552+0530] {dag.py:2690} INFO - Sync 1 DAGs
[2023-03-04T11:01:10.583+0530] {logging_mixin.py:137} INFO - [2023-03-04T11:01:10.582+0530] {dag.py:3437} INFO - Setting next_dagrun for latest_only_with_trigger to 2023-03-04T01:31:10.582573+00:00, run_after=2023-03-04T05:31:10.582573+00:00
[2023-03-04T11:01:10.608+0530] {processor.py:175} INFO - Processing /home/ris/PycharmProjects/pythonProject/USA-housing/venv/lib/python3.10/site-packages/airflow/example_dags/example_latest_only_with_trigger.py took 0.118 seconds
