[2023-03-04T09:23:15.569+0530] {processor.py:153} INFO - Started process (PID=28777) to work on /home/ris/PycharmProjects/pythonProject/USA-housing/venv/lib/python3.10/site-packages/airflow/example_dags/example_kubernetes_executor.py
[2023-03-04T09:23:15.569+0530] {processor.py:743} INFO - Processing file /home/ris/PycharmProjects/pythonProject/USA-housing/venv/lib/python3.10/site-packages/airflow/example_dags/example_kubernetes_executor.py for tasks to queue
[2023-03-04T09:23:15.570+0530] {logging_mixin.py:137} INFO - [2023-03-04T09:23:15.570+0530] {dagbag.py:538} INFO - Filling up the DagBag from /home/ris/PycharmProjects/pythonProject/USA-housing/venv/lib/python3.10/site-packages/airflow/example_dags/example_kubernetes_executor.py
[2023-03-04T09:23:15.584+0530] {logging_mixin.py:137} INFO - [2023-03-04T09:23:15.584+0530] {example_kubernetes_executor.py:41} WARNING - The example_kubernetes_executor example DAG requires the kubernetes provider. Please install it with: pip install apache-airflow[cncf.kubernetes]
[2023-03-04T09:23:15.585+0530] {processor.py:755} WARNING - No viable dags retrieved from /home/ris/PycharmProjects/pythonProject/USA-housing/venv/lib/python3.10/site-packages/airflow/example_dags/example_kubernetes_executor.py
[2023-03-04T09:23:15.592+0530] {processor.py:175} INFO - Processing /home/ris/PycharmProjects/pythonProject/USA-housing/venv/lib/python3.10/site-packages/airflow/example_dags/example_kubernetes_executor.py took 0.026 seconds
[2023-03-04T09:23:57.668+0530] {processor.py:153} INFO - Started process (PID=29731) to work on /home/ris/PycharmProjects/pythonProject/USA-housing/venv/lib/python3.10/site-packages/airflow/example_dags/example_kubernetes_executor.py
[2023-03-04T09:23:57.670+0530] {processor.py:743} INFO - Processing file /home/ris/PycharmProjects/pythonProject/USA-housing/venv/lib/python3.10/site-packages/airflow/example_dags/example_kubernetes_executor.py for tasks to queue
[2023-03-04T09:23:57.671+0530] {logging_mixin.py:137} INFO - [2023-03-04T09:23:57.671+0530] {dagbag.py:538} INFO - Filling up the DagBag from /home/ris/PycharmProjects/pythonProject/USA-housing/venv/lib/python3.10/site-packages/airflow/example_dags/example_kubernetes_executor.py
[2023-03-04T09:23:57.700+0530] {logging_mixin.py:137} INFO - [2023-03-04T09:23:57.700+0530] {example_kubernetes_executor.py:41} WARNING - The example_kubernetes_executor example DAG requires the kubernetes provider. Please install it with: pip install apache-airflow[cncf.kubernetes]
[2023-03-04T09:23:57.701+0530] {processor.py:755} WARNING - No viable dags retrieved from /home/ris/PycharmProjects/pythonProject/USA-housing/venv/lib/python3.10/site-packages/airflow/example_dags/example_kubernetes_executor.py
[2023-03-04T09:23:57.711+0530] {processor.py:175} INFO - Processing /home/ris/PycharmProjects/pythonProject/USA-housing/venv/lib/python3.10/site-packages/airflow/example_dags/example_kubernetes_executor.py took 0.048 seconds
[2023-03-04T09:24:48.694+0530] {processor.py:153} INFO - Started process (PID=29781) to work on /home/ris/PycharmProjects/pythonProject/USA-housing/venv/lib/python3.10/site-packages/airflow/example_dags/example_kubernetes_executor.py
[2023-03-04T09:24:48.696+0530] {processor.py:743} INFO - Processing file /home/ris/PycharmProjects/pythonProject/USA-housing/venv/lib/python3.10/site-packages/airflow/example_dags/example_kubernetes_executor.py for tasks to queue
[2023-03-04T09:24:48.697+0530] {logging_mixin.py:137} INFO - [2023-03-04T09:24:48.697+0530] {dagbag.py:538} INFO - Filling up the DagBag from /home/ris/PycharmProjects/pythonProject/USA-housing/venv/lib/python3.10/site-packages/airflow/example_dags/example_kubernetes_executor.py
[2023-03-04T09:24:48.726+0530] {logging_mixin.py:137} INFO - [2023-03-04T09:24:48.726+0530] {example_kubernetes_executor.py:41} WARNING - The example_kubernetes_executor example DAG requires the kubernetes provider. Please install it with: pip install apache-airflow[cncf.kubernetes]
[2023-03-04T09:24:48.727+0530] {processor.py:755} WARNING - No viable dags retrieved from /home/ris/PycharmProjects/pythonProject/USA-housing/venv/lib/python3.10/site-packages/airflow/example_dags/example_kubernetes_executor.py
[2023-03-04T09:24:48.738+0530] {processor.py:175} INFO - Processing /home/ris/PycharmProjects/pythonProject/USA-housing/venv/lib/python3.10/site-packages/airflow/example_dags/example_kubernetes_executor.py took 0.048 seconds
[2023-03-04T09:25:34.553+0530] {processor.py:153} INFO - Started process (PID=29832) to work on /home/ris/PycharmProjects/pythonProject/USA-housing/venv/lib/python3.10/site-packages/airflow/example_dags/example_kubernetes_executor.py
[2023-03-04T09:25:34.556+0530] {processor.py:743} INFO - Processing file /home/ris/PycharmProjects/pythonProject/USA-housing/venv/lib/python3.10/site-packages/airflow/example_dags/example_kubernetes_executor.py for tasks to queue
[2023-03-04T09:25:34.557+0530] {logging_mixin.py:137} INFO - [2023-03-04T09:25:34.557+0530] {dagbag.py:538} INFO - Filling up the DagBag from /home/ris/PycharmProjects/pythonProject/USA-housing/venv/lib/python3.10/site-packages/airflow/example_dags/example_kubernetes_executor.py
[2023-03-04T09:25:34.586+0530] {logging_mixin.py:137} INFO - [2023-03-04T09:25:34.586+0530] {example_kubernetes_executor.py:41} WARNING - The example_kubernetes_executor example DAG requires the kubernetes provider. Please install it with: pip install apache-airflow[cncf.kubernetes]
[2023-03-04T09:25:34.587+0530] {processor.py:755} WARNING - No viable dags retrieved from /home/ris/PycharmProjects/pythonProject/USA-housing/venv/lib/python3.10/site-packages/airflow/example_dags/example_kubernetes_executor.py
[2023-03-04T09:25:34.598+0530] {processor.py:175} INFO - Processing /home/ris/PycharmProjects/pythonProject/USA-housing/venv/lib/python3.10/site-packages/airflow/example_dags/example_kubernetes_executor.py took 0.049 seconds
[2023-03-04T09:26:20.967+0530] {processor.py:153} INFO - Started process (PID=30114) to work on /home/ris/PycharmProjects/pythonProject/USA-housing/venv/lib/python3.10/site-packages/airflow/example_dags/example_kubernetes_executor.py
[2023-03-04T09:26:20.969+0530] {processor.py:743} INFO - Processing file /home/ris/PycharmProjects/pythonProject/USA-housing/venv/lib/python3.10/site-packages/airflow/example_dags/example_kubernetes_executor.py for tasks to queue
[2023-03-04T09:26:20.970+0530] {logging_mixin.py:137} INFO - [2023-03-04T09:26:20.970+0530] {dagbag.py:538} INFO - Filling up the DagBag from /home/ris/PycharmProjects/pythonProject/USA-housing/venv/lib/python3.10/site-packages/airflow/example_dags/example_kubernetes_executor.py
[2023-03-04T09:26:20.999+0530] {logging_mixin.py:137} INFO - [2023-03-04T09:26:20.999+0530] {example_kubernetes_executor.py:41} WARNING - The example_kubernetes_executor example DAG requires the kubernetes provider. Please install it with: pip install apache-airflow[cncf.kubernetes]
[2023-03-04T09:26:20.999+0530] {processor.py:755} WARNING - No viable dags retrieved from /home/ris/PycharmProjects/pythonProject/USA-housing/venv/lib/python3.10/site-packages/airflow/example_dags/example_kubernetes_executor.py
[2023-03-04T09:26:21.012+0530] {processor.py:175} INFO - Processing /home/ris/PycharmProjects/pythonProject/USA-housing/venv/lib/python3.10/site-packages/airflow/example_dags/example_kubernetes_executor.py took 0.050 seconds
[2023-03-04T09:27:12.131+0530] {processor.py:153} INFO - Started process (PID=30165) to work on /home/ris/PycharmProjects/pythonProject/USA-housing/venv/lib/python3.10/site-packages/airflow/example_dags/example_kubernetes_executor.py
[2023-03-04T09:27:12.132+0530] {processor.py:743} INFO - Processing file /home/ris/PycharmProjects/pythonProject/USA-housing/venv/lib/python3.10/site-packages/airflow/example_dags/example_kubernetes_executor.py for tasks to queue
[2023-03-04T09:27:12.133+0530] {logging_mixin.py:137} INFO - [2023-03-04T09:27:12.133+0530] {dagbag.py:538} INFO - Filling up the DagBag from /home/ris/PycharmProjects/pythonProject/USA-housing/venv/lib/python3.10/site-packages/airflow/example_dags/example_kubernetes_executor.py
[2023-03-04T09:27:12.165+0530] {logging_mixin.py:137} INFO - [2023-03-04T09:27:12.165+0530] {example_kubernetes_executor.py:41} WARNING - The example_kubernetes_executor example DAG requires the kubernetes provider. Please install it with: pip install apache-airflow[cncf.kubernetes]
[2023-03-04T09:27:12.166+0530] {processor.py:755} WARNING - No viable dags retrieved from /home/ris/PycharmProjects/pythonProject/USA-housing/venv/lib/python3.10/site-packages/airflow/example_dags/example_kubernetes_executor.py
[2023-03-04T09:27:12.175+0530] {processor.py:175} INFO - Processing /home/ris/PycharmProjects/pythonProject/USA-housing/venv/lib/python3.10/site-packages/airflow/example_dags/example_kubernetes_executor.py took 0.049 seconds
[2023-03-04T09:27:56.904+0530] {processor.py:153} INFO - Started process (PID=30211) to work on /home/ris/PycharmProjects/pythonProject/USA-housing/venv/lib/python3.10/site-packages/airflow/example_dags/example_kubernetes_executor.py
[2023-03-04T09:27:56.906+0530] {processor.py:743} INFO - Processing file /home/ris/PycharmProjects/pythonProject/USA-housing/venv/lib/python3.10/site-packages/airflow/example_dags/example_kubernetes_executor.py for tasks to queue
[2023-03-04T09:27:56.906+0530] {logging_mixin.py:137} INFO - [2023-03-04T09:27:56.906+0530] {dagbag.py:538} INFO - Filling up the DagBag from /home/ris/PycharmProjects/pythonProject/USA-housing/venv/lib/python3.10/site-packages/airflow/example_dags/example_kubernetes_executor.py
[2023-03-04T09:27:56.919+0530] {logging_mixin.py:137} INFO - [2023-03-04T09:27:56.919+0530] {example_kubernetes_executor.py:41} WARNING - The example_kubernetes_executor example DAG requires the kubernetes provider. Please install it with: pip install apache-airflow[cncf.kubernetes]
[2023-03-04T09:27:56.919+0530] {processor.py:755} WARNING - No viable dags retrieved from /home/ris/PycharmProjects/pythonProject/USA-housing/venv/lib/python3.10/site-packages/airflow/example_dags/example_kubernetes_executor.py
[2023-03-04T09:27:56.931+0530] {processor.py:175} INFO - Processing /home/ris/PycharmProjects/pythonProject/USA-housing/venv/lib/python3.10/site-packages/airflow/example_dags/example_kubernetes_executor.py took 0.030 seconds
[2023-03-04T09:28:38.788+0530] {processor.py:153} INFO - Started process (PID=30257) to work on /home/ris/PycharmProjects/pythonProject/USA-housing/venv/lib/python3.10/site-packages/airflow/example_dags/example_kubernetes_executor.py
[2023-03-04T09:28:38.790+0530] {processor.py:743} INFO - Processing file /home/ris/PycharmProjects/pythonProject/USA-housing/venv/lib/python3.10/site-packages/airflow/example_dags/example_kubernetes_executor.py for tasks to queue
[2023-03-04T09:28:38.791+0530] {logging_mixin.py:137} INFO - [2023-03-04T09:28:38.791+0530] {dagbag.py:538} INFO - Filling up the DagBag from /home/ris/PycharmProjects/pythonProject/USA-housing/venv/lib/python3.10/site-packages/airflow/example_dags/example_kubernetes_executor.py
[2023-03-04T09:28:38.820+0530] {logging_mixin.py:137} INFO - [2023-03-04T09:28:38.820+0530] {example_kubernetes_executor.py:41} WARNING - The example_kubernetes_executor example DAG requires the kubernetes provider. Please install it with: pip install apache-airflow[cncf.kubernetes]
[2023-03-04T09:28:38.821+0530] {processor.py:755} WARNING - No viable dags retrieved from /home/ris/PycharmProjects/pythonProject/USA-housing/venv/lib/python3.10/site-packages/airflow/example_dags/example_kubernetes_executor.py
[2023-03-04T09:28:38.831+0530] {processor.py:175} INFO - Processing /home/ris/PycharmProjects/pythonProject/USA-housing/venv/lib/python3.10/site-packages/airflow/example_dags/example_kubernetes_executor.py took 0.048 seconds
[2023-03-04T09:29:24.414+0530] {processor.py:153} INFO - Started process (PID=30303) to work on /home/ris/PycharmProjects/pythonProject/USA-housing/venv/lib/python3.10/site-packages/airflow/example_dags/example_kubernetes_executor.py
[2023-03-04T09:29:24.416+0530] {processor.py:743} INFO - Processing file /home/ris/PycharmProjects/pythonProject/USA-housing/venv/lib/python3.10/site-packages/airflow/example_dags/example_kubernetes_executor.py for tasks to queue
[2023-03-04T09:29:24.417+0530] {logging_mixin.py:137} INFO - [2023-03-04T09:29:24.417+0530] {dagbag.py:538} INFO - Filling up the DagBag from /home/ris/PycharmProjects/pythonProject/USA-housing/venv/lib/python3.10/site-packages/airflow/example_dags/example_kubernetes_executor.py
[2023-03-04T09:29:24.443+0530] {logging_mixin.py:137} INFO - [2023-03-04T09:29:24.443+0530] {example_kubernetes_executor.py:41} WARNING - The example_kubernetes_executor example DAG requires the kubernetes provider. Please install it with: pip install apache-airflow[cncf.kubernetes]
[2023-03-04T09:29:24.443+0530] {processor.py:755} WARNING - No viable dags retrieved from /home/ris/PycharmProjects/pythonProject/USA-housing/venv/lib/python3.10/site-packages/airflow/example_dags/example_kubernetes_executor.py
[2023-03-04T09:29:24.449+0530] {processor.py:175} INFO - Processing /home/ris/PycharmProjects/pythonProject/USA-housing/venv/lib/python3.10/site-packages/airflow/example_dags/example_kubernetes_executor.py took 0.040 seconds
[2023-03-04T09:30:13.418+0530] {processor.py:153} INFO - Started process (PID=30358) to work on /home/ris/PycharmProjects/pythonProject/USA-housing/venv/lib/python3.10/site-packages/airflow/example_dags/example_kubernetes_executor.py
[2023-03-04T09:30:13.420+0530] {processor.py:743} INFO - Processing file /home/ris/PycharmProjects/pythonProject/USA-housing/venv/lib/python3.10/site-packages/airflow/example_dags/example_kubernetes_executor.py for tasks to queue
[2023-03-04T09:30:13.421+0530] {logging_mixin.py:137} INFO - [2023-03-04T09:30:13.421+0530] {dagbag.py:538} INFO - Filling up the DagBag from /home/ris/PycharmProjects/pythonProject/USA-housing/venv/lib/python3.10/site-packages/airflow/example_dags/example_kubernetes_executor.py
[2023-03-04T09:30:13.450+0530] {logging_mixin.py:137} INFO - [2023-03-04T09:30:13.450+0530] {example_kubernetes_executor.py:41} WARNING - The example_kubernetes_executor example DAG requires the kubernetes provider. Please install it with: pip install apache-airflow[cncf.kubernetes]
[2023-03-04T09:30:13.451+0530] {processor.py:755} WARNING - No viable dags retrieved from /home/ris/PycharmProjects/pythonProject/USA-housing/venv/lib/python3.10/site-packages/airflow/example_dags/example_kubernetes_executor.py
[2023-03-04T09:30:13.462+0530] {processor.py:175} INFO - Processing /home/ris/PycharmProjects/pythonProject/USA-housing/venv/lib/python3.10/site-packages/airflow/example_dags/example_kubernetes_executor.py took 0.048 seconds
[2023-03-04T09:31:01.298+0530] {processor.py:153} INFO - Started process (PID=30407) to work on /home/ris/PycharmProjects/pythonProject/USA-housing/venv/lib/python3.10/site-packages/airflow/example_dags/example_kubernetes_executor.py
[2023-03-04T09:31:01.301+0530] {processor.py:743} INFO - Processing file /home/ris/PycharmProjects/pythonProject/USA-housing/venv/lib/python3.10/site-packages/airflow/example_dags/example_kubernetes_executor.py for tasks to queue
[2023-03-04T09:31:01.302+0530] {logging_mixin.py:137} INFO - [2023-03-04T09:31:01.302+0530] {dagbag.py:538} INFO - Filling up the DagBag from /home/ris/PycharmProjects/pythonProject/USA-housing/venv/lib/python3.10/site-packages/airflow/example_dags/example_kubernetes_executor.py
[2023-03-04T09:31:01.316+0530] {logging_mixin.py:137} INFO - [2023-03-04T09:31:01.316+0530] {example_kubernetes_executor.py:41} WARNING - The example_kubernetes_executor example DAG requires the kubernetes provider. Please install it with: pip install apache-airflow[cncf.kubernetes]
[2023-03-04T09:31:01.316+0530] {processor.py:755} WARNING - No viable dags retrieved from /home/ris/PycharmProjects/pythonProject/USA-housing/venv/lib/python3.10/site-packages/airflow/example_dags/example_kubernetes_executor.py
[2023-03-04T09:31:01.322+0530] {processor.py:175} INFO - Processing /home/ris/PycharmProjects/pythonProject/USA-housing/venv/lib/python3.10/site-packages/airflow/example_dags/example_kubernetes_executor.py took 0.028 seconds
[2023-03-04T09:31:48.365+0530] {processor.py:153} INFO - Started process (PID=30452) to work on /home/ris/PycharmProjects/pythonProject/USA-housing/venv/lib/python3.10/site-packages/airflow/example_dags/example_kubernetes_executor.py
[2023-03-04T09:31:48.367+0530] {processor.py:743} INFO - Processing file /home/ris/PycharmProjects/pythonProject/USA-housing/venv/lib/python3.10/site-packages/airflow/example_dags/example_kubernetes_executor.py for tasks to queue
[2023-03-04T09:31:48.368+0530] {logging_mixin.py:137} INFO - [2023-03-04T09:31:48.368+0530] {dagbag.py:538} INFO - Filling up the DagBag from /home/ris/PycharmProjects/pythonProject/USA-housing/venv/lib/python3.10/site-packages/airflow/example_dags/example_kubernetes_executor.py
[2023-03-04T09:31:48.399+0530] {logging_mixin.py:137} INFO - [2023-03-04T09:31:48.399+0530] {example_kubernetes_executor.py:41} WARNING - The example_kubernetes_executor example DAG requires the kubernetes provider. Please install it with: pip install apache-airflow[cncf.kubernetes]
[2023-03-04T09:31:48.400+0530] {processor.py:755} WARNING - No viable dags retrieved from /home/ris/PycharmProjects/pythonProject/USA-housing/venv/lib/python3.10/site-packages/airflow/example_dags/example_kubernetes_executor.py
[2023-03-04T09:31:48.410+0530] {processor.py:175} INFO - Processing /home/ris/PycharmProjects/pythonProject/USA-housing/venv/lib/python3.10/site-packages/airflow/example_dags/example_kubernetes_executor.py took 0.049 seconds
[2023-03-04T09:32:34.045+0530] {processor.py:153} INFO - Started process (PID=30499) to work on /home/ris/PycharmProjects/pythonProject/USA-housing/venv/lib/python3.10/site-packages/airflow/example_dags/example_kubernetes_executor.py
[2023-03-04T09:32:34.046+0530] {processor.py:743} INFO - Processing file /home/ris/PycharmProjects/pythonProject/USA-housing/venv/lib/python3.10/site-packages/airflow/example_dags/example_kubernetes_executor.py for tasks to queue
[2023-03-04T09:32:34.047+0530] {logging_mixin.py:137} INFO - [2023-03-04T09:32:34.047+0530] {dagbag.py:538} INFO - Filling up the DagBag from /home/ris/PycharmProjects/pythonProject/USA-housing/venv/lib/python3.10/site-packages/airflow/example_dags/example_kubernetes_executor.py
[2023-03-04T09:32:34.077+0530] {logging_mixin.py:137} INFO - [2023-03-04T09:32:34.076+0530] {example_kubernetes_executor.py:41} WARNING - The example_kubernetes_executor example DAG requires the kubernetes provider. Please install it with: pip install apache-airflow[cncf.kubernetes]
[2023-03-04T09:32:34.077+0530] {processor.py:755} WARNING - No viable dags retrieved from /home/ris/PycharmProjects/pythonProject/USA-housing/venv/lib/python3.10/site-packages/airflow/example_dags/example_kubernetes_executor.py
[2023-03-04T09:32:34.088+0530] {processor.py:175} INFO - Processing /home/ris/PycharmProjects/pythonProject/USA-housing/venv/lib/python3.10/site-packages/airflow/example_dags/example_kubernetes_executor.py took 0.047 seconds
[2023-03-04T09:33:22.568+0530] {processor.py:153} INFO - Started process (PID=30546) to work on /home/ris/PycharmProjects/pythonProject/USA-housing/venv/lib/python3.10/site-packages/airflow/example_dags/example_kubernetes_executor.py
[2023-03-04T09:33:22.570+0530] {processor.py:743} INFO - Processing file /home/ris/PycharmProjects/pythonProject/USA-housing/venv/lib/python3.10/site-packages/airflow/example_dags/example_kubernetes_executor.py for tasks to queue
[2023-03-04T09:33:22.571+0530] {logging_mixin.py:137} INFO - [2023-03-04T09:33:22.571+0530] {dagbag.py:538} INFO - Filling up the DagBag from /home/ris/PycharmProjects/pythonProject/USA-housing/venv/lib/python3.10/site-packages/airflow/example_dags/example_kubernetes_executor.py
[2023-03-04T09:33:22.602+0530] {logging_mixin.py:137} INFO - [2023-03-04T09:33:22.601+0530] {example_kubernetes_executor.py:41} WARNING - The example_kubernetes_executor example DAG requires the kubernetes provider. Please install it with: pip install apache-airflow[cncf.kubernetes]
[2023-03-04T09:33:22.602+0530] {processor.py:755} WARNING - No viable dags retrieved from /home/ris/PycharmProjects/pythonProject/USA-housing/venv/lib/python3.10/site-packages/airflow/example_dags/example_kubernetes_executor.py
[2023-03-04T09:33:22.613+0530] {processor.py:175} INFO - Processing /home/ris/PycharmProjects/pythonProject/USA-housing/venv/lib/python3.10/site-packages/airflow/example_dags/example_kubernetes_executor.py took 0.050 seconds
[2023-03-04T09:34:14.087+0530] {processor.py:153} INFO - Started process (PID=30597) to work on /home/ris/PycharmProjects/pythonProject/USA-housing/venv/lib/python3.10/site-packages/airflow/example_dags/example_kubernetes_executor.py
[2023-03-04T09:34:14.088+0530] {processor.py:743} INFO - Processing file /home/ris/PycharmProjects/pythonProject/USA-housing/venv/lib/python3.10/site-packages/airflow/example_dags/example_kubernetes_executor.py for tasks to queue
[2023-03-04T09:34:14.090+0530] {logging_mixin.py:137} INFO - [2023-03-04T09:34:14.089+0530] {dagbag.py:538} INFO - Filling up the DagBag from /home/ris/PycharmProjects/pythonProject/USA-housing/venv/lib/python3.10/site-packages/airflow/example_dags/example_kubernetes_executor.py
[2023-03-04T09:34:14.119+0530] {logging_mixin.py:137} INFO - [2023-03-04T09:34:14.119+0530] {example_kubernetes_executor.py:41} WARNING - The example_kubernetes_executor example DAG requires the kubernetes provider. Please install it with: pip install apache-airflow[cncf.kubernetes]
[2023-03-04T09:34:14.120+0530] {processor.py:755} WARNING - No viable dags retrieved from /home/ris/PycharmProjects/pythonProject/USA-housing/venv/lib/python3.10/site-packages/airflow/example_dags/example_kubernetes_executor.py
[2023-03-04T09:34:14.129+0530] {processor.py:175} INFO - Processing /home/ris/PycharmProjects/pythonProject/USA-housing/venv/lib/python3.10/site-packages/airflow/example_dags/example_kubernetes_executor.py took 0.047 seconds
[2023-03-04T09:34:57.605+0530] {processor.py:153} INFO - Started process (PID=30643) to work on /home/ris/PycharmProjects/pythonProject/USA-housing/venv/lib/python3.10/site-packages/airflow/example_dags/example_kubernetes_executor.py
[2023-03-04T09:34:57.608+0530] {processor.py:743} INFO - Processing file /home/ris/PycharmProjects/pythonProject/USA-housing/venv/lib/python3.10/site-packages/airflow/example_dags/example_kubernetes_executor.py for tasks to queue
[2023-03-04T09:34:57.609+0530] {logging_mixin.py:137} INFO - [2023-03-04T09:34:57.608+0530] {dagbag.py:538} INFO - Filling up the DagBag from /home/ris/PycharmProjects/pythonProject/USA-housing/venv/lib/python3.10/site-packages/airflow/example_dags/example_kubernetes_executor.py
[2023-03-04T09:34:57.639+0530] {logging_mixin.py:137} INFO - [2023-03-04T09:34:57.638+0530] {example_kubernetes_executor.py:41} WARNING - The example_kubernetes_executor example DAG requires the kubernetes provider. Please install it with: pip install apache-airflow[cncf.kubernetes]
[2023-03-04T09:34:57.639+0530] {processor.py:755} WARNING - No viable dags retrieved from /home/ris/PycharmProjects/pythonProject/USA-housing/venv/lib/python3.10/site-packages/airflow/example_dags/example_kubernetes_executor.py
[2023-03-04T09:34:57.649+0530] {processor.py:175} INFO - Processing /home/ris/PycharmProjects/pythonProject/USA-housing/venv/lib/python3.10/site-packages/airflow/example_dags/example_kubernetes_executor.py took 0.049 seconds
[2023-03-04T09:35:43.064+0530] {processor.py:153} INFO - Started process (PID=30691) to work on /home/ris/PycharmProjects/pythonProject/USA-housing/venv/lib/python3.10/site-packages/airflow/example_dags/example_kubernetes_executor.py
[2023-03-04T09:35:43.066+0530] {processor.py:743} INFO - Processing file /home/ris/PycharmProjects/pythonProject/USA-housing/venv/lib/python3.10/site-packages/airflow/example_dags/example_kubernetes_executor.py for tasks to queue
[2023-03-04T09:35:43.067+0530] {logging_mixin.py:137} INFO - [2023-03-04T09:35:43.066+0530] {dagbag.py:538} INFO - Filling up the DagBag from /home/ris/PycharmProjects/pythonProject/USA-housing/venv/lib/python3.10/site-packages/airflow/example_dags/example_kubernetes_executor.py
[2023-03-04T09:35:43.096+0530] {logging_mixin.py:137} INFO - [2023-03-04T09:35:43.096+0530] {example_kubernetes_executor.py:41} WARNING - The example_kubernetes_executor example DAG requires the kubernetes provider. Please install it with: pip install apache-airflow[cncf.kubernetes]
[2023-03-04T09:35:43.096+0530] {processor.py:755} WARNING - No viable dags retrieved from /home/ris/PycharmProjects/pythonProject/USA-housing/venv/lib/python3.10/site-packages/airflow/example_dags/example_kubernetes_executor.py
[2023-03-04T09:35:43.108+0530] {processor.py:175} INFO - Processing /home/ris/PycharmProjects/pythonProject/USA-housing/venv/lib/python3.10/site-packages/airflow/example_dags/example_kubernetes_executor.py took 0.048 seconds
[2023-03-04T10:24:57.782+0530] {processor.py:153} INFO - Started process (PID=31115) to work on /home/ris/PycharmProjects/pythonProject/USA-housing/venv/lib/python3.10/site-packages/airflow/example_dags/example_kubernetes_executor.py
[2023-03-04T10:24:57.785+0530] {processor.py:743} INFO - Processing file /home/ris/PycharmProjects/pythonProject/USA-housing/venv/lib/python3.10/site-packages/airflow/example_dags/example_kubernetes_executor.py for tasks to queue
[2023-03-04T10:24:57.786+0530] {logging_mixin.py:137} INFO - [2023-03-04T10:24:57.785+0530] {dagbag.py:538} INFO - Filling up the DagBag from /home/ris/PycharmProjects/pythonProject/USA-housing/venv/lib/python3.10/site-packages/airflow/example_dags/example_kubernetes_executor.py
[2023-03-04T10:24:57.807+0530] {logging_mixin.py:137} INFO - [2023-03-04T10:24:57.806+0530] {example_kubernetes_executor.py:41} WARNING - The example_kubernetes_executor example DAG requires the kubernetes provider. Please install it with: pip install apache-airflow[cncf.kubernetes]
[2023-03-04T10:24:57.807+0530] {processor.py:755} WARNING - No viable dags retrieved from /home/ris/PycharmProjects/pythonProject/USA-housing/venv/lib/python3.10/site-packages/airflow/example_dags/example_kubernetes_executor.py
[2023-03-04T10:24:57.814+0530] {processor.py:175} INFO - Processing /home/ris/PycharmProjects/pythonProject/USA-housing/venv/lib/python3.10/site-packages/airflow/example_dags/example_kubernetes_executor.py took 0.036 seconds
[2023-03-04T10:25:39.588+0530] {processor.py:153} INFO - Started process (PID=31360) to work on /home/ris/PycharmProjects/pythonProject/USA-housing/venv/lib/python3.10/site-packages/airflow/example_dags/example_kubernetes_executor.py
[2023-03-04T10:25:39.590+0530] {processor.py:743} INFO - Processing file /home/ris/PycharmProjects/pythonProject/USA-housing/venv/lib/python3.10/site-packages/airflow/example_dags/example_kubernetes_executor.py for tasks to queue
[2023-03-04T10:25:39.591+0530] {logging_mixin.py:137} INFO - [2023-03-04T10:25:39.591+0530] {dagbag.py:538} INFO - Filling up the DagBag from /home/ris/PycharmProjects/pythonProject/USA-housing/venv/lib/python3.10/site-packages/airflow/example_dags/example_kubernetes_executor.py
[2023-03-04T10:25:39.621+0530] {logging_mixin.py:137} INFO - [2023-03-04T10:25:39.620+0530] {example_kubernetes_executor.py:41} WARNING - The example_kubernetes_executor example DAG requires the kubernetes provider. Please install it with: pip install apache-airflow[cncf.kubernetes]
[2023-03-04T10:25:39.621+0530] {processor.py:755} WARNING - No viable dags retrieved from /home/ris/PycharmProjects/pythonProject/USA-housing/venv/lib/python3.10/site-packages/airflow/example_dags/example_kubernetes_executor.py
[2023-03-04T10:25:39.631+0530] {processor.py:175} INFO - Processing /home/ris/PycharmProjects/pythonProject/USA-housing/venv/lib/python3.10/site-packages/airflow/example_dags/example_kubernetes_executor.py took 0.048 seconds
[2023-03-04T10:26:24.770+0530] {processor.py:153} INFO - Started process (PID=31407) to work on /home/ris/PycharmProjects/pythonProject/USA-housing/venv/lib/python3.10/site-packages/airflow/example_dags/example_kubernetes_executor.py
[2023-03-04T10:26:24.771+0530] {processor.py:743} INFO - Processing file /home/ris/PycharmProjects/pythonProject/USA-housing/venv/lib/python3.10/site-packages/airflow/example_dags/example_kubernetes_executor.py for tasks to queue
[2023-03-04T10:26:24.772+0530] {logging_mixin.py:137} INFO - [2023-03-04T10:26:24.772+0530] {dagbag.py:538} INFO - Filling up the DagBag from /home/ris/PycharmProjects/pythonProject/USA-housing/venv/lib/python3.10/site-packages/airflow/example_dags/example_kubernetes_executor.py
[2023-03-04T10:26:24.795+0530] {logging_mixin.py:137} INFO - [2023-03-04T10:26:24.795+0530] {example_kubernetes_executor.py:41} WARNING - The example_kubernetes_executor example DAG requires the kubernetes provider. Please install it with: pip install apache-airflow[cncf.kubernetes]
[2023-03-04T10:26:24.796+0530] {processor.py:755} WARNING - No viable dags retrieved from /home/ris/PycharmProjects/pythonProject/USA-housing/venv/lib/python3.10/site-packages/airflow/example_dags/example_kubernetes_executor.py
[2023-03-04T10:26:24.809+0530] {processor.py:175} INFO - Processing /home/ris/PycharmProjects/pythonProject/USA-housing/venv/lib/python3.10/site-packages/airflow/example_dags/example_kubernetes_executor.py took 0.042 seconds
[2023-03-04T10:27:11.029+0530] {processor.py:153} INFO - Started process (PID=31454) to work on /home/ris/PycharmProjects/pythonProject/USA-housing/venv/lib/python3.10/site-packages/airflow/example_dags/example_kubernetes_executor.py
[2023-03-04T10:27:11.031+0530] {processor.py:743} INFO - Processing file /home/ris/PycharmProjects/pythonProject/USA-housing/venv/lib/python3.10/site-packages/airflow/example_dags/example_kubernetes_executor.py for tasks to queue
[2023-03-04T10:27:11.032+0530] {logging_mixin.py:137} INFO - [2023-03-04T10:27:11.032+0530] {dagbag.py:538} INFO - Filling up the DagBag from /home/ris/PycharmProjects/pythonProject/USA-housing/venv/lib/python3.10/site-packages/airflow/example_dags/example_kubernetes_executor.py
[2023-03-04T10:27:11.046+0530] {logging_mixin.py:137} INFO - [2023-03-04T10:27:11.046+0530] {example_kubernetes_executor.py:41} WARNING - The example_kubernetes_executor example DAG requires the kubernetes provider. Please install it with: pip install apache-airflow[cncf.kubernetes]
[2023-03-04T10:27:11.046+0530] {processor.py:755} WARNING - No viable dags retrieved from /home/ris/PycharmProjects/pythonProject/USA-housing/venv/lib/python3.10/site-packages/airflow/example_dags/example_kubernetes_executor.py
[2023-03-04T10:27:11.053+0530] {processor.py:175} INFO - Processing /home/ris/PycharmProjects/pythonProject/USA-housing/venv/lib/python3.10/site-packages/airflow/example_dags/example_kubernetes_executor.py took 0.029 seconds
[2023-03-04T10:27:59.229+0530] {processor.py:153} INFO - Started process (PID=31501) to work on /home/ris/PycharmProjects/pythonProject/USA-housing/venv/lib/python3.10/site-packages/airflow/example_dags/example_kubernetes_executor.py
[2023-03-04T10:27:59.231+0530] {processor.py:743} INFO - Processing file /home/ris/PycharmProjects/pythonProject/USA-housing/venv/lib/python3.10/site-packages/airflow/example_dags/example_kubernetes_executor.py for tasks to queue
[2023-03-04T10:27:59.232+0530] {logging_mixin.py:137} INFO - [2023-03-04T10:27:59.232+0530] {dagbag.py:538} INFO - Filling up the DagBag from /home/ris/PycharmProjects/pythonProject/USA-housing/venv/lib/python3.10/site-packages/airflow/example_dags/example_kubernetes_executor.py
[2023-03-04T10:27:59.251+0530] {logging_mixin.py:137} INFO - [2023-03-04T10:27:59.251+0530] {example_kubernetes_executor.py:41} WARNING - The example_kubernetes_executor example DAG requires the kubernetes provider. Please install it with: pip install apache-airflow[cncf.kubernetes]
[2023-03-04T10:27:59.251+0530] {processor.py:755} WARNING - No viable dags retrieved from /home/ris/PycharmProjects/pythonProject/USA-housing/venv/lib/python3.10/site-packages/airflow/example_dags/example_kubernetes_executor.py
[2023-03-04T10:27:59.260+0530] {processor.py:175} INFO - Processing /home/ris/PycharmProjects/pythonProject/USA-housing/venv/lib/python3.10/site-packages/airflow/example_dags/example_kubernetes_executor.py took 0.035 seconds
[2023-03-04T10:28:48.368+0530] {processor.py:153} INFO - Started process (PID=31555) to work on /home/ris/PycharmProjects/pythonProject/USA-housing/venv/lib/python3.10/site-packages/airflow/example_dags/example_kubernetes_executor.py
[2023-03-04T10:28:48.371+0530] {processor.py:743} INFO - Processing file /home/ris/PycharmProjects/pythonProject/USA-housing/venv/lib/python3.10/site-packages/airflow/example_dags/example_kubernetes_executor.py for tasks to queue
[2023-03-04T10:28:48.371+0530] {logging_mixin.py:137} INFO - [2023-03-04T10:28:48.371+0530] {dagbag.py:538} INFO - Filling up the DagBag from /home/ris/PycharmProjects/pythonProject/USA-housing/venv/lib/python3.10/site-packages/airflow/example_dags/example_kubernetes_executor.py
[2023-03-04T10:28:48.387+0530] {logging_mixin.py:137} INFO - [2023-03-04T10:28:48.387+0530] {example_kubernetes_executor.py:41} WARNING - The example_kubernetes_executor example DAG requires the kubernetes provider. Please install it with: pip install apache-airflow[cncf.kubernetes]
[2023-03-04T10:28:48.387+0530] {processor.py:755} WARNING - No viable dags retrieved from /home/ris/PycharmProjects/pythonProject/USA-housing/venv/lib/python3.10/site-packages/airflow/example_dags/example_kubernetes_executor.py
[2023-03-04T10:28:48.396+0530] {processor.py:175} INFO - Processing /home/ris/PycharmProjects/pythonProject/USA-housing/venv/lib/python3.10/site-packages/airflow/example_dags/example_kubernetes_executor.py took 0.031 seconds
[2023-03-04T10:29:26.921+0530] {processor.py:153} INFO - Started process (PID=31594) to work on /home/ris/PycharmProjects/pythonProject/USA-housing/venv/lib/python3.10/site-packages/airflow/example_dags/example_kubernetes_executor.py
[2023-03-04T10:29:26.924+0530] {processor.py:743} INFO - Processing file /home/ris/PycharmProjects/pythonProject/USA-housing/venv/lib/python3.10/site-packages/airflow/example_dags/example_kubernetes_executor.py for tasks to queue
[2023-03-04T10:29:26.925+0530] {logging_mixin.py:137} INFO - [2023-03-04T10:29:26.925+0530] {dagbag.py:538} INFO - Filling up the DagBag from /home/ris/PycharmProjects/pythonProject/USA-housing/venv/lib/python3.10/site-packages/airflow/example_dags/example_kubernetes_executor.py
[2023-03-04T10:29:26.957+0530] {logging_mixin.py:137} INFO - [2023-03-04T10:29:26.956+0530] {example_kubernetes_executor.py:41} WARNING - The example_kubernetes_executor example DAG requires the kubernetes provider. Please install it with: pip install apache-airflow[cncf.kubernetes]
[2023-03-04T10:29:26.957+0530] {processor.py:755} WARNING - No viable dags retrieved from /home/ris/PycharmProjects/pythonProject/USA-housing/venv/lib/python3.10/site-packages/airflow/example_dags/example_kubernetes_executor.py
[2023-03-04T10:29:26.967+0530] {processor.py:175} INFO - Processing /home/ris/PycharmProjects/pythonProject/USA-housing/venv/lib/python3.10/site-packages/airflow/example_dags/example_kubernetes_executor.py took 0.050 seconds
[2023-03-04T10:30:19.527+0530] {processor.py:153} INFO - Started process (PID=31646) to work on /home/ris/PycharmProjects/pythonProject/USA-housing/venv/lib/python3.10/site-packages/airflow/example_dags/example_kubernetes_executor.py
[2023-03-04T10:30:19.529+0530] {processor.py:743} INFO - Processing file /home/ris/PycharmProjects/pythonProject/USA-housing/venv/lib/python3.10/site-packages/airflow/example_dags/example_kubernetes_executor.py for tasks to queue
[2023-03-04T10:30:19.530+0530] {logging_mixin.py:137} INFO - [2023-03-04T10:30:19.530+0530] {dagbag.py:538} INFO - Filling up the DagBag from /home/ris/PycharmProjects/pythonProject/USA-housing/venv/lib/python3.10/site-packages/airflow/example_dags/example_kubernetes_executor.py
[2023-03-04T10:30:19.551+0530] {logging_mixin.py:137} INFO - [2023-03-04T10:30:19.551+0530] {example_kubernetes_executor.py:41} WARNING - The example_kubernetes_executor example DAG requires the kubernetes provider. Please install it with: pip install apache-airflow[cncf.kubernetes]
[2023-03-04T10:30:19.552+0530] {processor.py:755} WARNING - No viable dags retrieved from /home/ris/PycharmProjects/pythonProject/USA-housing/venv/lib/python3.10/site-packages/airflow/example_dags/example_kubernetes_executor.py
[2023-03-04T10:30:19.564+0530] {processor.py:175} INFO - Processing /home/ris/PycharmProjects/pythonProject/USA-housing/venv/lib/python3.10/site-packages/airflow/example_dags/example_kubernetes_executor.py took 0.042 seconds
[2023-03-04T10:31:01.632+0530] {processor.py:153} INFO - Started process (PID=31695) to work on /home/ris/PycharmProjects/pythonProject/USA-housing/venv/lib/python3.10/site-packages/airflow/example_dags/example_kubernetes_executor.py
[2023-03-04T10:31:01.634+0530] {processor.py:743} INFO - Processing file /home/ris/PycharmProjects/pythonProject/USA-housing/venv/lib/python3.10/site-packages/airflow/example_dags/example_kubernetes_executor.py for tasks to queue
[2023-03-04T10:31:01.635+0530] {logging_mixin.py:137} INFO - [2023-03-04T10:31:01.635+0530] {dagbag.py:538} INFO - Filling up the DagBag from /home/ris/PycharmProjects/pythonProject/USA-housing/venv/lib/python3.10/site-packages/airflow/example_dags/example_kubernetes_executor.py
[2023-03-04T10:31:01.662+0530] {logging_mixin.py:137} INFO - [2023-03-04T10:31:01.662+0530] {example_kubernetes_executor.py:41} WARNING - The example_kubernetes_executor example DAG requires the kubernetes provider. Please install it with: pip install apache-airflow[cncf.kubernetes]
[2023-03-04T10:31:01.663+0530] {processor.py:755} WARNING - No viable dags retrieved from /home/ris/PycharmProjects/pythonProject/USA-housing/venv/lib/python3.10/site-packages/airflow/example_dags/example_kubernetes_executor.py
[2023-03-04T10:31:01.676+0530] {processor.py:175} INFO - Processing /home/ris/PycharmProjects/pythonProject/USA-housing/venv/lib/python3.10/site-packages/airflow/example_dags/example_kubernetes_executor.py took 0.046 seconds
[2023-03-04T10:31:48.846+0530] {processor.py:153} INFO - Started process (PID=32063) to work on /home/ris/PycharmProjects/pythonProject/USA-housing/venv/lib/python3.10/site-packages/airflow/example_dags/example_kubernetes_executor.py
[2023-03-04T10:31:48.848+0530] {processor.py:743} INFO - Processing file /home/ris/PycharmProjects/pythonProject/USA-housing/venv/lib/python3.10/site-packages/airflow/example_dags/example_kubernetes_executor.py for tasks to queue
[2023-03-04T10:31:48.849+0530] {logging_mixin.py:137} INFO - [2023-03-04T10:31:48.849+0530] {dagbag.py:538} INFO - Filling up the DagBag from /home/ris/PycharmProjects/pythonProject/USA-housing/venv/lib/python3.10/site-packages/airflow/example_dags/example_kubernetes_executor.py
[2023-03-04T10:31:48.872+0530] {logging_mixin.py:137} INFO - [2023-03-04T10:31:48.872+0530] {example_kubernetes_executor.py:41} WARNING - The example_kubernetes_executor example DAG requires the kubernetes provider. Please install it with: pip install apache-airflow[cncf.kubernetes]
[2023-03-04T10:31:48.873+0530] {processor.py:755} WARNING - No viable dags retrieved from /home/ris/PycharmProjects/pythonProject/USA-housing/venv/lib/python3.10/site-packages/airflow/example_dags/example_kubernetes_executor.py
[2023-03-04T10:31:48.884+0530] {processor.py:175} INFO - Processing /home/ris/PycharmProjects/pythonProject/USA-housing/venv/lib/python3.10/site-packages/airflow/example_dags/example_kubernetes_executor.py took 0.041 seconds
[2023-03-04T10:32:35.562+0530] {processor.py:153} INFO - Started process (PID=32235) to work on /home/ris/PycharmProjects/pythonProject/USA-housing/venv/lib/python3.10/site-packages/airflow/example_dags/example_kubernetes_executor.py
[2023-03-04T10:32:35.564+0530] {processor.py:743} INFO - Processing file /home/ris/PycharmProjects/pythonProject/USA-housing/venv/lib/python3.10/site-packages/airflow/example_dags/example_kubernetes_executor.py for tasks to queue
[2023-03-04T10:32:35.564+0530] {logging_mixin.py:137} INFO - [2023-03-04T10:32:35.564+0530] {dagbag.py:538} INFO - Filling up the DagBag from /home/ris/PycharmProjects/pythonProject/USA-housing/venv/lib/python3.10/site-packages/airflow/example_dags/example_kubernetes_executor.py
[2023-03-04T10:32:35.578+0530] {logging_mixin.py:137} INFO - [2023-03-04T10:32:35.577+0530] {example_kubernetes_executor.py:41} WARNING - The example_kubernetes_executor example DAG requires the kubernetes provider. Please install it with: pip install apache-airflow[cncf.kubernetes]
[2023-03-04T10:32:35.578+0530] {processor.py:755} WARNING - No viable dags retrieved from /home/ris/PycharmProjects/pythonProject/USA-housing/venv/lib/python3.10/site-packages/airflow/example_dags/example_kubernetes_executor.py
[2023-03-04T10:32:35.585+0530] {processor.py:175} INFO - Processing /home/ris/PycharmProjects/pythonProject/USA-housing/venv/lib/python3.10/site-packages/airflow/example_dags/example_kubernetes_executor.py took 0.025 seconds
[2023-03-04T10:33:19.176+0530] {processor.py:153} INFO - Started process (PID=32337) to work on /home/ris/PycharmProjects/pythonProject/USA-housing/venv/lib/python3.10/site-packages/airflow/example_dags/example_kubernetes_executor.py
[2023-03-04T10:33:19.178+0530] {processor.py:743} INFO - Processing file /home/ris/PycharmProjects/pythonProject/USA-housing/venv/lib/python3.10/site-packages/airflow/example_dags/example_kubernetes_executor.py for tasks to queue
[2023-03-04T10:33:19.180+0530] {logging_mixin.py:137} INFO - [2023-03-04T10:33:19.179+0530] {dagbag.py:538} INFO - Filling up the DagBag from /home/ris/PycharmProjects/pythonProject/USA-housing/venv/lib/python3.10/site-packages/airflow/example_dags/example_kubernetes_executor.py
[2023-03-04T10:33:19.216+0530] {logging_mixin.py:137} INFO - [2023-03-04T10:33:19.215+0530] {example_kubernetes_executor.py:41} WARNING - The example_kubernetes_executor example DAG requires the kubernetes provider. Please install it with: pip install apache-airflow[cncf.kubernetes]
[2023-03-04T10:33:19.216+0530] {processor.py:755} WARNING - No viable dags retrieved from /home/ris/PycharmProjects/pythonProject/USA-housing/venv/lib/python3.10/site-packages/airflow/example_dags/example_kubernetes_executor.py
[2023-03-04T10:33:19.223+0530] {processor.py:175} INFO - Processing /home/ris/PycharmProjects/pythonProject/USA-housing/venv/lib/python3.10/site-packages/airflow/example_dags/example_kubernetes_executor.py took 0.053 seconds
[2023-03-04T10:34:01.173+0530] {processor.py:153} INFO - Started process (PID=32468) to work on /home/ris/PycharmProjects/pythonProject/USA-housing/venv/lib/python3.10/site-packages/airflow/example_dags/example_kubernetes_executor.py
[2023-03-04T10:34:01.174+0530] {processor.py:743} INFO - Processing file /home/ris/PycharmProjects/pythonProject/USA-housing/venv/lib/python3.10/site-packages/airflow/example_dags/example_kubernetes_executor.py for tasks to queue
[2023-03-04T10:34:01.175+0530] {logging_mixin.py:137} INFO - [2023-03-04T10:34:01.175+0530] {dagbag.py:538} INFO - Filling up the DagBag from /home/ris/PycharmProjects/pythonProject/USA-housing/venv/lib/python3.10/site-packages/airflow/example_dags/example_kubernetes_executor.py
[2023-03-04T10:34:01.191+0530] {logging_mixin.py:137} INFO - [2023-03-04T10:34:01.191+0530] {example_kubernetes_executor.py:41} WARNING - The example_kubernetes_executor example DAG requires the kubernetes provider. Please install it with: pip install apache-airflow[cncf.kubernetes]
[2023-03-04T10:34:01.192+0530] {processor.py:755} WARNING - No viable dags retrieved from /home/ris/PycharmProjects/pythonProject/USA-housing/venv/lib/python3.10/site-packages/airflow/example_dags/example_kubernetes_executor.py
[2023-03-04T10:34:01.202+0530] {processor.py:175} INFO - Processing /home/ris/PycharmProjects/pythonProject/USA-housing/venv/lib/python3.10/site-packages/airflow/example_dags/example_kubernetes_executor.py took 0.032 seconds
[2023-03-04T10:34:46.431+0530] {processor.py:153} INFO - Started process (PID=32563) to work on /home/ris/PycharmProjects/pythonProject/USA-housing/venv/lib/python3.10/site-packages/airflow/example_dags/example_kubernetes_executor.py
[2023-03-04T10:34:46.433+0530] {processor.py:743} INFO - Processing file /home/ris/PycharmProjects/pythonProject/USA-housing/venv/lib/python3.10/site-packages/airflow/example_dags/example_kubernetes_executor.py for tasks to queue
[2023-03-04T10:34:46.434+0530] {logging_mixin.py:137} INFO - [2023-03-04T10:34:46.434+0530] {dagbag.py:538} INFO - Filling up the DagBag from /home/ris/PycharmProjects/pythonProject/USA-housing/venv/lib/python3.10/site-packages/airflow/example_dags/example_kubernetes_executor.py
[2023-03-04T10:34:46.451+0530] {logging_mixin.py:137} INFO - [2023-03-04T10:34:46.451+0530] {example_kubernetes_executor.py:41} WARNING - The example_kubernetes_executor example DAG requires the kubernetes provider. Please install it with: pip install apache-airflow[cncf.kubernetes]
[2023-03-04T10:34:46.451+0530] {processor.py:755} WARNING - No viable dags retrieved from /home/ris/PycharmProjects/pythonProject/USA-housing/venv/lib/python3.10/site-packages/airflow/example_dags/example_kubernetes_executor.py
[2023-03-04T10:34:46.461+0530] {processor.py:175} INFO - Processing /home/ris/PycharmProjects/pythonProject/USA-housing/venv/lib/python3.10/site-packages/airflow/example_dags/example_kubernetes_executor.py took 0.033 seconds
[2023-03-04T10:35:35.758+0530] {processor.py:153} INFO - Started process (PID=32713) to work on /home/ris/PycharmProjects/pythonProject/USA-housing/venv/lib/python3.10/site-packages/airflow/example_dags/example_kubernetes_executor.py
[2023-03-04T10:35:35.760+0530] {processor.py:743} INFO - Processing file /home/ris/PycharmProjects/pythonProject/USA-housing/venv/lib/python3.10/site-packages/airflow/example_dags/example_kubernetes_executor.py for tasks to queue
[2023-03-04T10:35:35.762+0530] {logging_mixin.py:137} INFO - [2023-03-04T10:35:35.761+0530] {dagbag.py:538} INFO - Filling up the DagBag from /home/ris/PycharmProjects/pythonProject/USA-housing/venv/lib/python3.10/site-packages/airflow/example_dags/example_kubernetes_executor.py
[2023-03-04T10:35:35.795+0530] {logging_mixin.py:137} INFO - [2023-03-04T10:35:35.795+0530] {example_kubernetes_executor.py:41} WARNING - The example_kubernetes_executor example DAG requires the kubernetes provider. Please install it with: pip install apache-airflow[cncf.kubernetes]
[2023-03-04T10:35:35.795+0530] {processor.py:755} WARNING - No viable dags retrieved from /home/ris/PycharmProjects/pythonProject/USA-housing/venv/lib/python3.10/site-packages/airflow/example_dags/example_kubernetes_executor.py
[2023-03-04T10:35:35.808+0530] {processor.py:175} INFO - Processing /home/ris/PycharmProjects/pythonProject/USA-housing/venv/lib/python3.10/site-packages/airflow/example_dags/example_kubernetes_executor.py took 0.055 seconds
[2023-03-04T10:36:25.609+0530] {processor.py:153} INFO - Started process (PID=32780) to work on /home/ris/PycharmProjects/pythonProject/USA-housing/venv/lib/python3.10/site-packages/airflow/example_dags/example_kubernetes_executor.py
[2023-03-04T10:36:25.611+0530] {processor.py:743} INFO - Processing file /home/ris/PycharmProjects/pythonProject/USA-housing/venv/lib/python3.10/site-packages/airflow/example_dags/example_kubernetes_executor.py for tasks to queue
[2023-03-04T10:36:25.613+0530] {logging_mixin.py:137} INFO - [2023-03-04T10:36:25.612+0530] {dagbag.py:538} INFO - Filling up the DagBag from /home/ris/PycharmProjects/pythonProject/USA-housing/venv/lib/python3.10/site-packages/airflow/example_dags/example_kubernetes_executor.py
[2023-03-04T10:36:25.653+0530] {logging_mixin.py:137} INFO - [2023-03-04T10:36:25.653+0530] {example_kubernetes_executor.py:41} WARNING - The example_kubernetes_executor example DAG requires the kubernetes provider. Please install it with: pip install apache-airflow[cncf.kubernetes]
[2023-03-04T10:36:25.654+0530] {processor.py:755} WARNING - No viable dags retrieved from /home/ris/PycharmProjects/pythonProject/USA-housing/venv/lib/python3.10/site-packages/airflow/example_dags/example_kubernetes_executor.py
[2023-03-04T10:36:25.672+0530] {processor.py:175} INFO - Processing /home/ris/PycharmProjects/pythonProject/USA-housing/venv/lib/python3.10/site-packages/airflow/example_dags/example_kubernetes_executor.py took 0.068 seconds
[2023-03-04T10:37:11.015+0530] {processor.py:153} INFO - Started process (PID=32840) to work on /home/ris/PycharmProjects/pythonProject/USA-housing/venv/lib/python3.10/site-packages/airflow/example_dags/example_kubernetes_executor.py
[2023-03-04T10:37:11.017+0530] {processor.py:743} INFO - Processing file /home/ris/PycharmProjects/pythonProject/USA-housing/venv/lib/python3.10/site-packages/airflow/example_dags/example_kubernetes_executor.py for tasks to queue
[2023-03-04T10:37:11.018+0530] {logging_mixin.py:137} INFO - [2023-03-04T10:37:11.018+0530] {dagbag.py:538} INFO - Filling up the DagBag from /home/ris/PycharmProjects/pythonProject/USA-housing/venv/lib/python3.10/site-packages/airflow/example_dags/example_kubernetes_executor.py
[2023-03-04T10:37:11.042+0530] {logging_mixin.py:137} INFO - [2023-03-04T10:37:11.042+0530] {example_kubernetes_executor.py:41} WARNING - The example_kubernetes_executor example DAG requires the kubernetes provider. Please install it with: pip install apache-airflow[cncf.kubernetes]
[2023-03-04T10:37:11.043+0530] {processor.py:755} WARNING - No viable dags retrieved from /home/ris/PycharmProjects/pythonProject/USA-housing/venv/lib/python3.10/site-packages/airflow/example_dags/example_kubernetes_executor.py
[2023-03-04T10:37:11.053+0530] {processor.py:175} INFO - Processing /home/ris/PycharmProjects/pythonProject/USA-housing/venv/lib/python3.10/site-packages/airflow/example_dags/example_kubernetes_executor.py took 0.043 seconds
[2023-03-04T10:38:04.226+0530] {processor.py:153} INFO - Started process (PID=32921) to work on /home/ris/PycharmProjects/pythonProject/USA-housing/venv/lib/python3.10/site-packages/airflow/example_dags/example_kubernetes_executor.py
[2023-03-04T10:38:04.227+0530] {processor.py:743} INFO - Processing file /home/ris/PycharmProjects/pythonProject/USA-housing/venv/lib/python3.10/site-packages/airflow/example_dags/example_kubernetes_executor.py for tasks to queue
[2023-03-04T10:38:04.228+0530] {logging_mixin.py:137} INFO - [2023-03-04T10:38:04.227+0530] {dagbag.py:538} INFO - Filling up the DagBag from /home/ris/PycharmProjects/pythonProject/USA-housing/venv/lib/python3.10/site-packages/airflow/example_dags/example_kubernetes_executor.py
[2023-03-04T10:38:04.262+0530] {logging_mixin.py:137} INFO - [2023-03-04T10:38:04.262+0530] {example_kubernetes_executor.py:41} WARNING - The example_kubernetes_executor example DAG requires the kubernetes provider. Please install it with: pip install apache-airflow[cncf.kubernetes]
[2023-03-04T10:38:04.262+0530] {processor.py:755} WARNING - No viable dags retrieved from /home/ris/PycharmProjects/pythonProject/USA-housing/venv/lib/python3.10/site-packages/airflow/example_dags/example_kubernetes_executor.py
[2023-03-04T10:38:04.281+0530] {processor.py:175} INFO - Processing /home/ris/PycharmProjects/pythonProject/USA-housing/venv/lib/python3.10/site-packages/airflow/example_dags/example_kubernetes_executor.py took 0.060 seconds
[2023-03-04T10:38:52.481+0530] {processor.py:153} INFO - Started process (PID=32968) to work on /home/ris/PycharmProjects/pythonProject/USA-housing/venv/lib/python3.10/site-packages/airflow/example_dags/example_kubernetes_executor.py
[2023-03-04T10:38:52.483+0530] {processor.py:743} INFO - Processing file /home/ris/PycharmProjects/pythonProject/USA-housing/venv/lib/python3.10/site-packages/airflow/example_dags/example_kubernetes_executor.py for tasks to queue
[2023-03-04T10:38:52.485+0530] {logging_mixin.py:137} INFO - [2023-03-04T10:38:52.484+0530] {dagbag.py:538} INFO - Filling up the DagBag from /home/ris/PycharmProjects/pythonProject/USA-housing/venv/lib/python3.10/site-packages/airflow/example_dags/example_kubernetes_executor.py
[2023-03-04T10:38:52.510+0530] {logging_mixin.py:137} INFO - [2023-03-04T10:38:52.510+0530] {example_kubernetes_executor.py:41} WARNING - The example_kubernetes_executor example DAG requires the kubernetes provider. Please install it with: pip install apache-airflow[cncf.kubernetes]
[2023-03-04T10:38:52.510+0530] {processor.py:755} WARNING - No viable dags retrieved from /home/ris/PycharmProjects/pythonProject/USA-housing/venv/lib/python3.10/site-packages/airflow/example_dags/example_kubernetes_executor.py
[2023-03-04T10:38:52.522+0530] {processor.py:175} INFO - Processing /home/ris/PycharmProjects/pythonProject/USA-housing/venv/lib/python3.10/site-packages/airflow/example_dags/example_kubernetes_executor.py took 0.044 seconds
[2023-03-04T10:39:37.662+0530] {processor.py:153} INFO - Started process (PID=33503) to work on /home/ris/PycharmProjects/pythonProject/USA-housing/venv/lib/python3.10/site-packages/airflow/example_dags/example_kubernetes_executor.py
[2023-03-04T10:39:37.668+0530] {processor.py:743} INFO - Processing file /home/ris/PycharmProjects/pythonProject/USA-housing/venv/lib/python3.10/site-packages/airflow/example_dags/example_kubernetes_executor.py for tasks to queue
[2023-03-04T10:39:37.670+0530] {logging_mixin.py:137} INFO - [2023-03-04T10:39:37.669+0530] {dagbag.py:538} INFO - Filling up the DagBag from /home/ris/PycharmProjects/pythonProject/USA-housing/venv/lib/python3.10/site-packages/airflow/example_dags/example_kubernetes_executor.py
[2023-03-04T10:39:37.741+0530] {logging_mixin.py:137} INFO - [2023-03-04T10:39:37.740+0530] {example_kubernetes_executor.py:41} WARNING - The example_kubernetes_executor example DAG requires the kubernetes provider. Please install it with: pip install apache-airflow[cncf.kubernetes]
[2023-03-04T10:39:37.741+0530] {processor.py:755} WARNING - No viable dags retrieved from /home/ris/PycharmProjects/pythonProject/USA-housing/venv/lib/python3.10/site-packages/airflow/example_dags/example_kubernetes_executor.py
[2023-03-04T10:39:37.764+0530] {processor.py:175} INFO - Processing /home/ris/PycharmProjects/pythonProject/USA-housing/venv/lib/python3.10/site-packages/airflow/example_dags/example_kubernetes_executor.py took 0.111 seconds
[2023-03-04T10:40:24.679+0530] {processor.py:153} INFO - Started process (PID=33559) to work on /home/ris/PycharmProjects/pythonProject/USA-housing/venv/lib/python3.10/site-packages/airflow/example_dags/example_kubernetes_executor.py
[2023-03-04T10:40:24.681+0530] {processor.py:743} INFO - Processing file /home/ris/PycharmProjects/pythonProject/USA-housing/venv/lib/python3.10/site-packages/airflow/example_dags/example_kubernetes_executor.py for tasks to queue
[2023-03-04T10:40:24.682+0530] {logging_mixin.py:137} INFO - [2023-03-04T10:40:24.681+0530] {dagbag.py:538} INFO - Filling up the DagBag from /home/ris/PycharmProjects/pythonProject/USA-housing/venv/lib/python3.10/site-packages/airflow/example_dags/example_kubernetes_executor.py
[2023-03-04T10:40:24.700+0530] {logging_mixin.py:137} INFO - [2023-03-04T10:40:24.700+0530] {example_kubernetes_executor.py:41} WARNING - The example_kubernetes_executor example DAG requires the kubernetes provider. Please install it with: pip install apache-airflow[cncf.kubernetes]
[2023-03-04T10:40:24.701+0530] {processor.py:755} WARNING - No viable dags retrieved from /home/ris/PycharmProjects/pythonProject/USA-housing/venv/lib/python3.10/site-packages/airflow/example_dags/example_kubernetes_executor.py
[2023-03-04T10:40:24.712+0530] {processor.py:175} INFO - Processing /home/ris/PycharmProjects/pythonProject/USA-housing/venv/lib/python3.10/site-packages/airflow/example_dags/example_kubernetes_executor.py took 0.036 seconds
[2023-03-04T10:41:09.248+0530] {processor.py:153} INFO - Started process (PID=33605) to work on /home/ris/PycharmProjects/pythonProject/USA-housing/venv/lib/python3.10/site-packages/airflow/example_dags/example_kubernetes_executor.py
[2023-03-04T10:41:09.250+0530] {processor.py:743} INFO - Processing file /home/ris/PycharmProjects/pythonProject/USA-housing/venv/lib/python3.10/site-packages/airflow/example_dags/example_kubernetes_executor.py for tasks to queue
[2023-03-04T10:41:09.250+0530] {logging_mixin.py:137} INFO - [2023-03-04T10:41:09.250+0530] {dagbag.py:538} INFO - Filling up the DagBag from /home/ris/PycharmProjects/pythonProject/USA-housing/venv/lib/python3.10/site-packages/airflow/example_dags/example_kubernetes_executor.py
[2023-03-04T10:41:09.265+0530] {logging_mixin.py:137} INFO - [2023-03-04T10:41:09.265+0530] {example_kubernetes_executor.py:41} WARNING - The example_kubernetes_executor example DAG requires the kubernetes provider. Please install it with: pip install apache-airflow[cncf.kubernetes]
[2023-03-04T10:41:09.265+0530] {processor.py:755} WARNING - No viable dags retrieved from /home/ris/PycharmProjects/pythonProject/USA-housing/venv/lib/python3.10/site-packages/airflow/example_dags/example_kubernetes_executor.py
[2023-03-04T10:41:09.272+0530] {processor.py:175} INFO - Processing /home/ris/PycharmProjects/pythonProject/USA-housing/venv/lib/python3.10/site-packages/airflow/example_dags/example_kubernetes_executor.py took 0.026 seconds
[2023-03-04T10:41:46.016+0530] {processor.py:153} INFO - Started process (PID=33658) to work on /home/ris/PycharmProjects/pythonProject/USA-housing/venv/lib/python3.10/site-packages/airflow/example_dags/example_kubernetes_executor.py
[2023-03-04T10:41:46.017+0530] {processor.py:743} INFO - Processing file /home/ris/PycharmProjects/pythonProject/USA-housing/venv/lib/python3.10/site-packages/airflow/example_dags/example_kubernetes_executor.py for tasks to queue
[2023-03-04T10:41:46.018+0530] {logging_mixin.py:137} INFO - [2023-03-04T10:41:46.018+0530] {dagbag.py:538} INFO - Filling up the DagBag from /home/ris/PycharmProjects/pythonProject/USA-housing/venv/lib/python3.10/site-packages/airflow/example_dags/example_kubernetes_executor.py
[2023-03-04T10:41:46.032+0530] {logging_mixin.py:137} INFO - [2023-03-04T10:41:46.032+0530] {example_kubernetes_executor.py:41} WARNING - The example_kubernetes_executor example DAG requires the kubernetes provider. Please install it with: pip install apache-airflow[cncf.kubernetes]
[2023-03-04T10:41:46.032+0530] {processor.py:755} WARNING - No viable dags retrieved from /home/ris/PycharmProjects/pythonProject/USA-housing/venv/lib/python3.10/site-packages/airflow/example_dags/example_kubernetes_executor.py
[2023-03-04T10:41:46.040+0530] {processor.py:175} INFO - Processing /home/ris/PycharmProjects/pythonProject/USA-housing/venv/lib/python3.10/site-packages/airflow/example_dags/example_kubernetes_executor.py took 0.027 seconds
[2023-03-04T10:42:33.054+0530] {processor.py:153} INFO - Started process (PID=33712) to work on /home/ris/PycharmProjects/pythonProject/USA-housing/venv/lib/python3.10/site-packages/airflow/example_dags/example_kubernetes_executor.py
[2023-03-04T10:42:33.055+0530] {processor.py:743} INFO - Processing file /home/ris/PycharmProjects/pythonProject/USA-housing/venv/lib/python3.10/site-packages/airflow/example_dags/example_kubernetes_executor.py for tasks to queue
[2023-03-04T10:42:33.056+0530] {logging_mixin.py:137} INFO - [2023-03-04T10:42:33.056+0530] {dagbag.py:538} INFO - Filling up the DagBag from /home/ris/PycharmProjects/pythonProject/USA-housing/venv/lib/python3.10/site-packages/airflow/example_dags/example_kubernetes_executor.py
[2023-03-04T10:42:33.071+0530] {logging_mixin.py:137} INFO - [2023-03-04T10:42:33.071+0530] {example_kubernetes_executor.py:41} WARNING - The example_kubernetes_executor example DAG requires the kubernetes provider. Please install it with: pip install apache-airflow[cncf.kubernetes]
[2023-03-04T10:42:33.071+0530] {processor.py:755} WARNING - No viable dags retrieved from /home/ris/PycharmProjects/pythonProject/USA-housing/venv/lib/python3.10/site-packages/airflow/example_dags/example_kubernetes_executor.py
[2023-03-04T10:42:33.079+0530] {processor.py:175} INFO - Processing /home/ris/PycharmProjects/pythonProject/USA-housing/venv/lib/python3.10/site-packages/airflow/example_dags/example_kubernetes_executor.py took 0.028 seconds
[2023-03-04T10:43:15.291+0530] {processor.py:153} INFO - Started process (PID=33755) to work on /home/ris/PycharmProjects/pythonProject/USA-housing/venv/lib/python3.10/site-packages/airflow/example_dags/example_kubernetes_executor.py
[2023-03-04T10:43:15.293+0530] {processor.py:743} INFO - Processing file /home/ris/PycharmProjects/pythonProject/USA-housing/venv/lib/python3.10/site-packages/airflow/example_dags/example_kubernetes_executor.py for tasks to queue
[2023-03-04T10:43:15.293+0530] {logging_mixin.py:137} INFO - [2023-03-04T10:43:15.293+0530] {dagbag.py:538} INFO - Filling up the DagBag from /home/ris/PycharmProjects/pythonProject/USA-housing/venv/lib/python3.10/site-packages/airflow/example_dags/example_kubernetes_executor.py
[2023-03-04T10:43:15.308+0530] {logging_mixin.py:137} INFO - [2023-03-04T10:43:15.307+0530] {example_kubernetes_executor.py:41} WARNING - The example_kubernetes_executor example DAG requires the kubernetes provider. Please install it with: pip install apache-airflow[cncf.kubernetes]
[2023-03-04T10:43:15.308+0530] {processor.py:755} WARNING - No viable dags retrieved from /home/ris/PycharmProjects/pythonProject/USA-housing/venv/lib/python3.10/site-packages/airflow/example_dags/example_kubernetes_executor.py
[2023-03-04T10:43:15.316+0530] {processor.py:175} INFO - Processing /home/ris/PycharmProjects/pythonProject/USA-housing/venv/lib/python3.10/site-packages/airflow/example_dags/example_kubernetes_executor.py took 0.028 seconds
[2023-03-04T10:43:56.399+0530] {processor.py:153} INFO - Started process (PID=33797) to work on /home/ris/PycharmProjects/pythonProject/USA-housing/venv/lib/python3.10/site-packages/airflow/example_dags/example_kubernetes_executor.py
[2023-03-04T10:43:56.400+0530] {processor.py:743} INFO - Processing file /home/ris/PycharmProjects/pythonProject/USA-housing/venv/lib/python3.10/site-packages/airflow/example_dags/example_kubernetes_executor.py for tasks to queue
[2023-03-04T10:43:56.401+0530] {logging_mixin.py:137} INFO - [2023-03-04T10:43:56.401+0530] {dagbag.py:538} INFO - Filling up the DagBag from /home/ris/PycharmProjects/pythonProject/USA-housing/venv/lib/python3.10/site-packages/airflow/example_dags/example_kubernetes_executor.py
[2023-03-04T10:43:56.420+0530] {logging_mixin.py:137} INFO - [2023-03-04T10:43:56.419+0530] {example_kubernetes_executor.py:41} WARNING - The example_kubernetes_executor example DAG requires the kubernetes provider. Please install it with: pip install apache-airflow[cncf.kubernetes]
[2023-03-04T10:43:56.420+0530] {processor.py:755} WARNING - No viable dags retrieved from /home/ris/PycharmProjects/pythonProject/USA-housing/venv/lib/python3.10/site-packages/airflow/example_dags/example_kubernetes_executor.py
[2023-03-04T10:43:56.428+0530] {processor.py:175} INFO - Processing /home/ris/PycharmProjects/pythonProject/USA-housing/venv/lib/python3.10/site-packages/airflow/example_dags/example_kubernetes_executor.py took 0.034 seconds
[2023-03-04T10:44:43.379+0530] {processor.py:153} INFO - Started process (PID=33843) to work on /home/ris/PycharmProjects/pythonProject/USA-housing/venv/lib/python3.10/site-packages/airflow/example_dags/example_kubernetes_executor.py
[2023-03-04T10:44:43.379+0530] {processor.py:743} INFO - Processing file /home/ris/PycharmProjects/pythonProject/USA-housing/venv/lib/python3.10/site-packages/airflow/example_dags/example_kubernetes_executor.py for tasks to queue
[2023-03-04T10:44:43.380+0530] {logging_mixin.py:137} INFO - [2023-03-04T10:44:43.380+0530] {dagbag.py:538} INFO - Filling up the DagBag from /home/ris/PycharmProjects/pythonProject/USA-housing/venv/lib/python3.10/site-packages/airflow/example_dags/example_kubernetes_executor.py
[2023-03-04T10:44:43.395+0530] {logging_mixin.py:137} INFO - [2023-03-04T10:44:43.395+0530] {example_kubernetes_executor.py:41} WARNING - The example_kubernetes_executor example DAG requires the kubernetes provider. Please install it with: pip install apache-airflow[cncf.kubernetes]
[2023-03-04T10:44:43.396+0530] {processor.py:755} WARNING - No viable dags retrieved from /home/ris/PycharmProjects/pythonProject/USA-housing/venv/lib/python3.10/site-packages/airflow/example_dags/example_kubernetes_executor.py
[2023-03-04T10:44:43.403+0530] {processor.py:175} INFO - Processing /home/ris/PycharmProjects/pythonProject/USA-housing/venv/lib/python3.10/site-packages/airflow/example_dags/example_kubernetes_executor.py took 0.027 seconds
[2023-03-04T10:45:33.272+0530] {processor.py:153} INFO - Started process (PID=33906) to work on /home/ris/PycharmProjects/pythonProject/USA-housing/venv/lib/python3.10/site-packages/airflow/example_dags/example_kubernetes_executor.py
[2023-03-04T10:45:33.274+0530] {processor.py:743} INFO - Processing file /home/ris/PycharmProjects/pythonProject/USA-housing/venv/lib/python3.10/site-packages/airflow/example_dags/example_kubernetes_executor.py for tasks to queue
[2023-03-04T10:45:33.275+0530] {logging_mixin.py:137} INFO - [2023-03-04T10:45:33.275+0530] {dagbag.py:538} INFO - Filling up the DagBag from /home/ris/PycharmProjects/pythonProject/USA-housing/venv/lib/python3.10/site-packages/airflow/example_dags/example_kubernetes_executor.py
[2023-03-04T10:45:33.295+0530] {logging_mixin.py:137} INFO - [2023-03-04T10:45:33.295+0530] {example_kubernetes_executor.py:41} WARNING - The example_kubernetes_executor example DAG requires the kubernetes provider. Please install it with: pip install apache-airflow[cncf.kubernetes]
[2023-03-04T10:45:33.295+0530] {processor.py:755} WARNING - No viable dags retrieved from /home/ris/PycharmProjects/pythonProject/USA-housing/venv/lib/python3.10/site-packages/airflow/example_dags/example_kubernetes_executor.py
[2023-03-04T10:45:33.303+0530] {processor.py:175} INFO - Processing /home/ris/PycharmProjects/pythonProject/USA-housing/venv/lib/python3.10/site-packages/airflow/example_dags/example_kubernetes_executor.py took 0.035 seconds
[2023-03-04T10:46:15.559+0530] {processor.py:153} INFO - Started process (PID=33949) to work on /home/ris/PycharmProjects/pythonProject/USA-housing/venv/lib/python3.10/site-packages/airflow/example_dags/example_kubernetes_executor.py
[2023-03-04T10:46:15.560+0530] {processor.py:743} INFO - Processing file /home/ris/PycharmProjects/pythonProject/USA-housing/venv/lib/python3.10/site-packages/airflow/example_dags/example_kubernetes_executor.py for tasks to queue
[2023-03-04T10:46:15.561+0530] {logging_mixin.py:137} INFO - [2023-03-04T10:46:15.560+0530] {dagbag.py:538} INFO - Filling up the DagBag from /home/ris/PycharmProjects/pythonProject/USA-housing/venv/lib/python3.10/site-packages/airflow/example_dags/example_kubernetes_executor.py
[2023-03-04T10:46:15.581+0530] {logging_mixin.py:137} INFO - [2023-03-04T10:46:15.581+0530] {example_kubernetes_executor.py:41} WARNING - The example_kubernetes_executor example DAG requires the kubernetes provider. Please install it with: pip install apache-airflow[cncf.kubernetes]
[2023-03-04T10:46:15.581+0530] {processor.py:755} WARNING - No viable dags retrieved from /home/ris/PycharmProjects/pythonProject/USA-housing/venv/lib/python3.10/site-packages/airflow/example_dags/example_kubernetes_executor.py
[2023-03-04T10:46:15.595+0530] {processor.py:175} INFO - Processing /home/ris/PycharmProjects/pythonProject/USA-housing/venv/lib/python3.10/site-packages/airflow/example_dags/example_kubernetes_executor.py took 0.039 seconds
[2023-03-04T10:47:01.419+0530] {processor.py:153} INFO - Started process (PID=34008) to work on /home/ris/PycharmProjects/pythonProject/USA-housing/venv/lib/python3.10/site-packages/airflow/example_dags/example_kubernetes_executor.py
[2023-03-04T10:47:01.420+0530] {processor.py:743} INFO - Processing file /home/ris/PycharmProjects/pythonProject/USA-housing/venv/lib/python3.10/site-packages/airflow/example_dags/example_kubernetes_executor.py for tasks to queue
[2023-03-04T10:47:01.421+0530] {logging_mixin.py:137} INFO - [2023-03-04T10:47:01.420+0530] {dagbag.py:538} INFO - Filling up the DagBag from /home/ris/PycharmProjects/pythonProject/USA-housing/venv/lib/python3.10/site-packages/airflow/example_dags/example_kubernetes_executor.py
[2023-03-04T10:47:01.438+0530] {logging_mixin.py:137} INFO - [2023-03-04T10:47:01.438+0530] {example_kubernetes_executor.py:41} WARNING - The example_kubernetes_executor example DAG requires the kubernetes provider. Please install it with: pip install apache-airflow[cncf.kubernetes]
[2023-03-04T10:47:01.439+0530] {processor.py:755} WARNING - No viable dags retrieved from /home/ris/PycharmProjects/pythonProject/USA-housing/venv/lib/python3.10/site-packages/airflow/example_dags/example_kubernetes_executor.py
[2023-03-04T10:47:01.448+0530] {processor.py:175} INFO - Processing /home/ris/PycharmProjects/pythonProject/USA-housing/venv/lib/python3.10/site-packages/airflow/example_dags/example_kubernetes_executor.py took 0.031 seconds
[2023-03-04T10:47:55.886+0530] {processor.py:153} INFO - Started process (PID=34064) to work on /home/ris/PycharmProjects/pythonProject/USA-housing/venv/lib/python3.10/site-packages/airflow/example_dags/example_kubernetes_executor.py
[2023-03-04T10:47:55.888+0530] {processor.py:743} INFO - Processing file /home/ris/PycharmProjects/pythonProject/USA-housing/venv/lib/python3.10/site-packages/airflow/example_dags/example_kubernetes_executor.py for tasks to queue
[2023-03-04T10:47:55.889+0530] {logging_mixin.py:137} INFO - [2023-03-04T10:47:55.889+0530] {dagbag.py:538} INFO - Filling up the DagBag from /home/ris/PycharmProjects/pythonProject/USA-housing/venv/lib/python3.10/site-packages/airflow/example_dags/example_kubernetes_executor.py
[2023-03-04T10:47:55.912+0530] {logging_mixin.py:137} INFO - [2023-03-04T10:47:55.912+0530] {example_kubernetes_executor.py:41} WARNING - The example_kubernetes_executor example DAG requires the kubernetes provider. Please install it with: pip install apache-airflow[cncf.kubernetes]
[2023-03-04T10:47:55.912+0530] {processor.py:755} WARNING - No viable dags retrieved from /home/ris/PycharmProjects/pythonProject/USA-housing/venv/lib/python3.10/site-packages/airflow/example_dags/example_kubernetes_executor.py
[2023-03-04T10:47:55.924+0530] {processor.py:175} INFO - Processing /home/ris/PycharmProjects/pythonProject/USA-housing/venv/lib/python3.10/site-packages/airflow/example_dags/example_kubernetes_executor.py took 0.042 seconds
[2023-03-04T10:48:54.265+0530] {processor.py:153} INFO - Started process (PID=34136) to work on /home/ris/PycharmProjects/pythonProject/USA-housing/venv/lib/python3.10/site-packages/airflow/example_dags/example_kubernetes_executor.py
[2023-03-04T10:48:54.267+0530] {processor.py:743} INFO - Processing file /home/ris/PycharmProjects/pythonProject/USA-housing/venv/lib/python3.10/site-packages/airflow/example_dags/example_kubernetes_executor.py for tasks to queue
[2023-03-04T10:48:54.268+0530] {logging_mixin.py:137} INFO - [2023-03-04T10:48:54.268+0530] {dagbag.py:538} INFO - Filling up the DagBag from /home/ris/PycharmProjects/pythonProject/USA-housing/venv/lib/python3.10/site-packages/airflow/example_dags/example_kubernetes_executor.py
[2023-03-04T10:48:54.291+0530] {logging_mixin.py:137} INFO - [2023-03-04T10:48:54.291+0530] {example_kubernetes_executor.py:41} WARNING - The example_kubernetes_executor example DAG requires the kubernetes provider. Please install it with: pip install apache-airflow[cncf.kubernetes]
[2023-03-04T10:48:54.292+0530] {processor.py:755} WARNING - No viable dags retrieved from /home/ris/PycharmProjects/pythonProject/USA-housing/venv/lib/python3.10/site-packages/airflow/example_dags/example_kubernetes_executor.py
[2023-03-04T10:48:54.300+0530] {processor.py:175} INFO - Processing /home/ris/PycharmProjects/pythonProject/USA-housing/venv/lib/python3.10/site-packages/airflow/example_dags/example_kubernetes_executor.py took 0.039 seconds
[2023-03-04T10:49:41.186+0530] {processor.py:153} INFO - Started process (PID=34198) to work on /home/ris/PycharmProjects/pythonProject/USA-housing/venv/lib/python3.10/site-packages/airflow/example_dags/example_kubernetes_executor.py
[2023-03-04T10:49:41.188+0530] {processor.py:743} INFO - Processing file /home/ris/PycharmProjects/pythonProject/USA-housing/venv/lib/python3.10/site-packages/airflow/example_dags/example_kubernetes_executor.py for tasks to queue
[2023-03-04T10:49:41.189+0530] {logging_mixin.py:137} INFO - [2023-03-04T10:49:41.188+0530] {dagbag.py:538} INFO - Filling up the DagBag from /home/ris/PycharmProjects/pythonProject/USA-housing/venv/lib/python3.10/site-packages/airflow/example_dags/example_kubernetes_executor.py
[2023-03-04T10:49:41.204+0530] {logging_mixin.py:137} INFO - [2023-03-04T10:49:41.204+0530] {example_kubernetes_executor.py:41} WARNING - The example_kubernetes_executor example DAG requires the kubernetes provider. Please install it with: pip install apache-airflow[cncf.kubernetes]
[2023-03-04T10:49:41.205+0530] {processor.py:755} WARNING - No viable dags retrieved from /home/ris/PycharmProjects/pythonProject/USA-housing/venv/lib/python3.10/site-packages/airflow/example_dags/example_kubernetes_executor.py
[2023-03-04T10:49:41.213+0530] {processor.py:175} INFO - Processing /home/ris/PycharmProjects/pythonProject/USA-housing/venv/lib/python3.10/site-packages/airflow/example_dags/example_kubernetes_executor.py took 0.029 seconds
[2023-03-04T10:50:29.681+0530] {processor.py:153} INFO - Started process (PID=34292) to work on /home/ris/PycharmProjects/pythonProject/USA-housing/venv/lib/python3.10/site-packages/airflow/example_dags/example_kubernetes_executor.py
[2023-03-04T10:50:29.683+0530] {processor.py:743} INFO - Processing file /home/ris/PycharmProjects/pythonProject/USA-housing/venv/lib/python3.10/site-packages/airflow/example_dags/example_kubernetes_executor.py for tasks to queue
[2023-03-04T10:50:29.684+0530] {logging_mixin.py:137} INFO - [2023-03-04T10:50:29.684+0530] {dagbag.py:538} INFO - Filling up the DagBag from /home/ris/PycharmProjects/pythonProject/USA-housing/venv/lib/python3.10/site-packages/airflow/example_dags/example_kubernetes_executor.py
[2023-03-04T10:50:29.700+0530] {logging_mixin.py:137} INFO - [2023-03-04T10:50:29.700+0530] {example_kubernetes_executor.py:41} WARNING - The example_kubernetes_executor example DAG requires the kubernetes provider. Please install it with: pip install apache-airflow[cncf.kubernetes]
[2023-03-04T10:50:29.701+0530] {processor.py:755} WARNING - No viable dags retrieved from /home/ris/PycharmProjects/pythonProject/USA-housing/venv/lib/python3.10/site-packages/airflow/example_dags/example_kubernetes_executor.py
[2023-03-04T10:50:29.712+0530] {processor.py:175} INFO - Processing /home/ris/PycharmProjects/pythonProject/USA-housing/venv/lib/python3.10/site-packages/airflow/example_dags/example_kubernetes_executor.py took 0.033 seconds
[2023-03-04T10:51:19.683+0530] {processor.py:153} INFO - Started process (PID=34364) to work on /home/ris/PycharmProjects/pythonProject/USA-housing/venv/lib/python3.10/site-packages/airflow/example_dags/example_kubernetes_executor.py
[2023-03-04T10:51:19.685+0530] {processor.py:743} INFO - Processing file /home/ris/PycharmProjects/pythonProject/USA-housing/venv/lib/python3.10/site-packages/airflow/example_dags/example_kubernetes_executor.py for tasks to queue
[2023-03-04T10:51:19.686+0530] {logging_mixin.py:137} INFO - [2023-03-04T10:51:19.686+0530] {dagbag.py:538} INFO - Filling up the DagBag from /home/ris/PycharmProjects/pythonProject/USA-housing/venv/lib/python3.10/site-packages/airflow/example_dags/example_kubernetes_executor.py
[2023-03-04T10:51:19.702+0530] {logging_mixin.py:137} INFO - [2023-03-04T10:51:19.702+0530] {example_kubernetes_executor.py:41} WARNING - The example_kubernetes_executor example DAG requires the kubernetes provider. Please install it with: pip install apache-airflow[cncf.kubernetes]
[2023-03-04T10:51:19.702+0530] {processor.py:755} WARNING - No viable dags retrieved from /home/ris/PycharmProjects/pythonProject/USA-housing/venv/lib/python3.10/site-packages/airflow/example_dags/example_kubernetes_executor.py
[2023-03-04T10:51:19.710+0530] {processor.py:175} INFO - Processing /home/ris/PycharmProjects/pythonProject/USA-housing/venv/lib/python3.10/site-packages/airflow/example_dags/example_kubernetes_executor.py took 0.030 seconds
[2023-03-04T10:52:06.148+0530] {processor.py:153} INFO - Started process (PID=34438) to work on /home/ris/PycharmProjects/pythonProject/USA-housing/venv/lib/python3.10/site-packages/airflow/example_dags/example_kubernetes_executor.py
[2023-03-04T10:52:06.150+0530] {processor.py:743} INFO - Processing file /home/ris/PycharmProjects/pythonProject/USA-housing/venv/lib/python3.10/site-packages/airflow/example_dags/example_kubernetes_executor.py for tasks to queue
[2023-03-04T10:52:06.151+0530] {logging_mixin.py:137} INFO - [2023-03-04T10:52:06.151+0530] {dagbag.py:538} INFO - Filling up the DagBag from /home/ris/PycharmProjects/pythonProject/USA-housing/venv/lib/python3.10/site-packages/airflow/example_dags/example_kubernetes_executor.py
[2023-03-04T10:52:06.172+0530] {logging_mixin.py:137} INFO - [2023-03-04T10:52:06.171+0530] {example_kubernetes_executor.py:41} WARNING - The example_kubernetes_executor example DAG requires the kubernetes provider. Please install it with: pip install apache-airflow[cncf.kubernetes]
[2023-03-04T10:52:06.172+0530] {processor.py:755} WARNING - No viable dags retrieved from /home/ris/PycharmProjects/pythonProject/USA-housing/venv/lib/python3.10/site-packages/airflow/example_dags/example_kubernetes_executor.py
[2023-03-04T10:52:06.180+0530] {processor.py:175} INFO - Processing /home/ris/PycharmProjects/pythonProject/USA-housing/venv/lib/python3.10/site-packages/airflow/example_dags/example_kubernetes_executor.py took 0.035 seconds
[2023-03-04T10:52:59.282+0530] {processor.py:153} INFO - Started process (PID=34502) to work on /home/ris/PycharmProjects/pythonProject/USA-housing/venv/lib/python3.10/site-packages/airflow/example_dags/example_kubernetes_executor.py
[2023-03-04T10:52:59.285+0530] {processor.py:743} INFO - Processing file /home/ris/PycharmProjects/pythonProject/USA-housing/venv/lib/python3.10/site-packages/airflow/example_dags/example_kubernetes_executor.py for tasks to queue
[2023-03-04T10:52:59.286+0530] {logging_mixin.py:137} INFO - [2023-03-04T10:52:59.285+0530] {dagbag.py:538} INFO - Filling up the DagBag from /home/ris/PycharmProjects/pythonProject/USA-housing/venv/lib/python3.10/site-packages/airflow/example_dags/example_kubernetes_executor.py
[2023-03-04T10:52:59.305+0530] {logging_mixin.py:137} INFO - [2023-03-04T10:52:59.305+0530] {example_kubernetes_executor.py:41} WARNING - The example_kubernetes_executor example DAG requires the kubernetes provider. Please install it with: pip install apache-airflow[cncf.kubernetes]
[2023-03-04T10:52:59.306+0530] {processor.py:755} WARNING - No viable dags retrieved from /home/ris/PycharmProjects/pythonProject/USA-housing/venv/lib/python3.10/site-packages/airflow/example_dags/example_kubernetes_executor.py
[2023-03-04T10:52:59.316+0530] {processor.py:175} INFO - Processing /home/ris/PycharmProjects/pythonProject/USA-housing/venv/lib/python3.10/site-packages/airflow/example_dags/example_kubernetes_executor.py took 0.041 seconds
[2023-03-04T10:53:54.982+0530] {processor.py:153} INFO - Started process (PID=34702) to work on /home/ris/PycharmProjects/pythonProject/USA-housing/venv/lib/python3.10/site-packages/airflow/example_dags/example_kubernetes_executor.py
[2023-03-04T10:53:54.984+0530] {processor.py:743} INFO - Processing file /home/ris/PycharmProjects/pythonProject/USA-housing/venv/lib/python3.10/site-packages/airflow/example_dags/example_kubernetes_executor.py for tasks to queue
[2023-03-04T10:53:54.985+0530] {logging_mixin.py:137} INFO - [2023-03-04T10:53:54.985+0530] {dagbag.py:538} INFO - Filling up the DagBag from /home/ris/PycharmProjects/pythonProject/USA-housing/venv/lib/python3.10/site-packages/airflow/example_dags/example_kubernetes_executor.py
[2023-03-04T10:53:55.008+0530] {logging_mixin.py:137} INFO - [2023-03-04T10:53:55.008+0530] {example_kubernetes_executor.py:41} WARNING - The example_kubernetes_executor example DAG requires the kubernetes provider. Please install it with: pip install apache-airflow[cncf.kubernetes]
[2023-03-04T10:53:55.008+0530] {processor.py:755} WARNING - No viable dags retrieved from /home/ris/PycharmProjects/pythonProject/USA-housing/venv/lib/python3.10/site-packages/airflow/example_dags/example_kubernetes_executor.py
[2023-03-04T10:53:55.022+0530] {processor.py:175} INFO - Processing /home/ris/PycharmProjects/pythonProject/USA-housing/venv/lib/python3.10/site-packages/airflow/example_dags/example_kubernetes_executor.py took 0.045 seconds
[2023-03-04T10:54:48.944+0530] {processor.py:153} INFO - Started process (PID=34795) to work on /home/ris/PycharmProjects/pythonProject/USA-housing/venv/lib/python3.10/site-packages/airflow/example_dags/example_kubernetes_executor.py
[2023-03-04T10:54:48.946+0530] {processor.py:743} INFO - Processing file /home/ris/PycharmProjects/pythonProject/USA-housing/venv/lib/python3.10/site-packages/airflow/example_dags/example_kubernetes_executor.py for tasks to queue
[2023-03-04T10:54:48.949+0530] {logging_mixin.py:137} INFO - [2023-03-04T10:54:48.949+0530] {dagbag.py:538} INFO - Filling up the DagBag from /home/ris/PycharmProjects/pythonProject/USA-housing/venv/lib/python3.10/site-packages/airflow/example_dags/example_kubernetes_executor.py
[2023-03-04T10:54:48.984+0530] {logging_mixin.py:137} INFO - [2023-03-04T10:54:48.983+0530] {example_kubernetes_executor.py:41} WARNING - The example_kubernetes_executor example DAG requires the kubernetes provider. Please install it with: pip install apache-airflow[cncf.kubernetes]
[2023-03-04T10:54:48.984+0530] {processor.py:755} WARNING - No viable dags retrieved from /home/ris/PycharmProjects/pythonProject/USA-housing/venv/lib/python3.10/site-packages/airflow/example_dags/example_kubernetes_executor.py
[2023-03-04T10:54:48.992+0530] {processor.py:175} INFO - Processing /home/ris/PycharmProjects/pythonProject/USA-housing/venv/lib/python3.10/site-packages/airflow/example_dags/example_kubernetes_executor.py took 0.053 seconds
[2023-03-04T10:55:33.251+0530] {processor.py:153} INFO - Started process (PID=34843) to work on /home/ris/PycharmProjects/pythonProject/USA-housing/venv/lib/python3.10/site-packages/airflow/example_dags/example_kubernetes_executor.py
[2023-03-04T10:55:33.253+0530] {processor.py:743} INFO - Processing file /home/ris/PycharmProjects/pythonProject/USA-housing/venv/lib/python3.10/site-packages/airflow/example_dags/example_kubernetes_executor.py for tasks to queue
[2023-03-04T10:55:33.253+0530] {logging_mixin.py:137} INFO - [2023-03-04T10:55:33.253+0530] {dagbag.py:538} INFO - Filling up the DagBag from /home/ris/PycharmProjects/pythonProject/USA-housing/venv/lib/python3.10/site-packages/airflow/example_dags/example_kubernetes_executor.py
[2023-03-04T10:55:33.269+0530] {logging_mixin.py:137} INFO - [2023-03-04T10:55:33.269+0530] {example_kubernetes_executor.py:41} WARNING - The example_kubernetes_executor example DAG requires the kubernetes provider. Please install it with: pip install apache-airflow[cncf.kubernetes]
[2023-03-04T10:55:33.269+0530] {processor.py:755} WARNING - No viable dags retrieved from /home/ris/PycharmProjects/pythonProject/USA-housing/venv/lib/python3.10/site-packages/airflow/example_dags/example_kubernetes_executor.py
[2023-03-04T10:55:33.277+0530] {processor.py:175} INFO - Processing /home/ris/PycharmProjects/pythonProject/USA-housing/venv/lib/python3.10/site-packages/airflow/example_dags/example_kubernetes_executor.py took 0.029 seconds
[2023-03-04T10:56:24.347+0530] {processor.py:153} INFO - Started process (PID=34910) to work on /home/ris/PycharmProjects/pythonProject/USA-housing/venv/lib/python3.10/site-packages/airflow/example_dags/example_kubernetes_executor.py
[2023-03-04T10:56:24.350+0530] {processor.py:743} INFO - Processing file /home/ris/PycharmProjects/pythonProject/USA-housing/venv/lib/python3.10/site-packages/airflow/example_dags/example_kubernetes_executor.py for tasks to queue
[2023-03-04T10:56:24.351+0530] {logging_mixin.py:137} INFO - [2023-03-04T10:56:24.350+0530] {dagbag.py:538} INFO - Filling up the DagBag from /home/ris/PycharmProjects/pythonProject/USA-housing/venv/lib/python3.10/site-packages/airflow/example_dags/example_kubernetes_executor.py
[2023-03-04T10:56:24.388+0530] {logging_mixin.py:137} INFO - [2023-03-04T10:56:24.388+0530] {example_kubernetes_executor.py:41} WARNING - The example_kubernetes_executor example DAG requires the kubernetes provider. Please install it with: pip install apache-airflow[cncf.kubernetes]
[2023-03-04T10:56:24.388+0530] {processor.py:755} WARNING - No viable dags retrieved from /home/ris/PycharmProjects/pythonProject/USA-housing/venv/lib/python3.10/site-packages/airflow/example_dags/example_kubernetes_executor.py
[2023-03-04T10:56:24.398+0530] {processor.py:175} INFO - Processing /home/ris/PycharmProjects/pythonProject/USA-housing/venv/lib/python3.10/site-packages/airflow/example_dags/example_kubernetes_executor.py took 0.055 seconds
[2023-03-04T10:57:16.748+0530] {processor.py:153} INFO - Started process (PID=34996) to work on /home/ris/PycharmProjects/pythonProject/USA-housing/venv/lib/python3.10/site-packages/airflow/example_dags/example_kubernetes_executor.py
[2023-03-04T10:57:16.749+0530] {processor.py:743} INFO - Processing file /home/ris/PycharmProjects/pythonProject/USA-housing/venv/lib/python3.10/site-packages/airflow/example_dags/example_kubernetes_executor.py for tasks to queue
[2023-03-04T10:57:16.750+0530] {logging_mixin.py:137} INFO - [2023-03-04T10:57:16.749+0530] {dagbag.py:538} INFO - Filling up the DagBag from /home/ris/PycharmProjects/pythonProject/USA-housing/venv/lib/python3.10/site-packages/airflow/example_dags/example_kubernetes_executor.py
[2023-03-04T10:57:16.770+0530] {logging_mixin.py:137} INFO - [2023-03-04T10:57:16.770+0530] {example_kubernetes_executor.py:41} WARNING - The example_kubernetes_executor example DAG requires the kubernetes provider. Please install it with: pip install apache-airflow[cncf.kubernetes]
[2023-03-04T10:57:16.770+0530] {processor.py:755} WARNING - No viable dags retrieved from /home/ris/PycharmProjects/pythonProject/USA-housing/venv/lib/python3.10/site-packages/airflow/example_dags/example_kubernetes_executor.py
[2023-03-04T10:57:16.778+0530] {processor.py:175} INFO - Processing /home/ris/PycharmProjects/pythonProject/USA-housing/venv/lib/python3.10/site-packages/airflow/example_dags/example_kubernetes_executor.py took 0.033 seconds
[2023-03-04T10:58:04.031+0530] {processor.py:153} INFO - Started process (PID=35066) to work on /home/ris/PycharmProjects/pythonProject/USA-housing/venv/lib/python3.10/site-packages/airflow/example_dags/example_kubernetes_executor.py
[2023-03-04T10:58:04.032+0530] {processor.py:743} INFO - Processing file /home/ris/PycharmProjects/pythonProject/USA-housing/venv/lib/python3.10/site-packages/airflow/example_dags/example_kubernetes_executor.py for tasks to queue
[2023-03-04T10:58:04.033+0530] {logging_mixin.py:137} INFO - [2023-03-04T10:58:04.033+0530] {dagbag.py:538} INFO - Filling up the DagBag from /home/ris/PycharmProjects/pythonProject/USA-housing/venv/lib/python3.10/site-packages/airflow/example_dags/example_kubernetes_executor.py
[2023-03-04T10:58:04.049+0530] {logging_mixin.py:137} INFO - [2023-03-04T10:58:04.049+0530] {example_kubernetes_executor.py:41} WARNING - The example_kubernetes_executor example DAG requires the kubernetes provider. Please install it with: pip install apache-airflow[cncf.kubernetes]
[2023-03-04T10:58:04.049+0530] {processor.py:755} WARNING - No viable dags retrieved from /home/ris/PycharmProjects/pythonProject/USA-housing/venv/lib/python3.10/site-packages/airflow/example_dags/example_kubernetes_executor.py
[2023-03-04T10:58:04.058+0530] {processor.py:175} INFO - Processing /home/ris/PycharmProjects/pythonProject/USA-housing/venv/lib/python3.10/site-packages/airflow/example_dags/example_kubernetes_executor.py took 0.030 seconds
[2023-03-04T11:01:36.353+0530] {processor.py:153} INFO - Started process (PID=35215) to work on /home/ris/PycharmProjects/pythonProject/USA-housing/venv/lib/python3.10/site-packages/airflow/example_dags/example_kubernetes_executor.py
[2023-03-04T11:01:36.354+0530] {processor.py:743} INFO - Processing file /home/ris/PycharmProjects/pythonProject/USA-housing/venv/lib/python3.10/site-packages/airflow/example_dags/example_kubernetes_executor.py for tasks to queue
[2023-03-04T11:01:36.356+0530] {logging_mixin.py:137} INFO - [2023-03-04T11:01:36.355+0530] {dagbag.py:538} INFO - Filling up the DagBag from /home/ris/PycharmProjects/pythonProject/USA-housing/venv/lib/python3.10/site-packages/airflow/example_dags/example_kubernetes_executor.py
[2023-03-04T11:01:36.390+0530] {logging_mixin.py:137} INFO - [2023-03-04T11:01:36.390+0530] {example_kubernetes_executor.py:41} WARNING - The example_kubernetes_executor example DAG requires the kubernetes provider. Please install it with: pip install apache-airflow[cncf.kubernetes]
[2023-03-04T11:01:36.391+0530] {processor.py:755} WARNING - No viable dags retrieved from /home/ris/PycharmProjects/pythonProject/USA-housing/venv/lib/python3.10/site-packages/airflow/example_dags/example_kubernetes_executor.py
[2023-03-04T11:01:36.399+0530] {processor.py:175} INFO - Processing /home/ris/PycharmProjects/pythonProject/USA-housing/venv/lib/python3.10/site-packages/airflow/example_dags/example_kubernetes_executor.py took 0.052 seconds
