[2023-03-04T09:23:48.572+0530] {processor.py:153} INFO - Started process (PID=29723) to work on /home/ris/PycharmProjects/pythonProject/USA-housing/venv/lib/python3.10/site-packages/airflow/example_dags/example_branch_day_of_week_operator.py
[2023-03-04T09:23:48.573+0530] {processor.py:743} INFO - Processing file /home/ris/PycharmProjects/pythonProject/USA-housing/venv/lib/python3.10/site-packages/airflow/example_dags/example_branch_day_of_week_operator.py for tasks to queue
[2023-03-04T09:23:48.574+0530] {logging_mixin.py:137} INFO - [2023-03-04T09:23:48.574+0530] {dagbag.py:538} INFO - Filling up the DagBag from /home/ris/PycharmProjects/pythonProject/USA-housing/venv/lib/python3.10/site-packages/airflow/example_dags/example_branch_day_of_week_operator.py
[2023-03-04T09:23:48.601+0530] {processor.py:753} INFO - DAG(s) dict_keys(['example_weekday_branch_operator']) retrieved from /home/ris/PycharmProjects/pythonProject/USA-housing/venv/lib/python3.10/site-packages/airflow/example_dags/example_branch_day_of_week_operator.py
[2023-03-04T09:23:48.624+0530] {logging_mixin.py:137} INFO - [2023-03-04T09:23:48.624+0530] {dag.py:2690} INFO - Sync 1 DAGs
[2023-03-04T09:23:48.641+0530] {logging_mixin.py:137} INFO - [2023-03-04T09:23:48.641+0530] {dag.py:3437} INFO - Setting next_dagrun for example_weekday_branch_operator to 2023-03-03T00:00:00+00:00, run_after=2023-03-04T00:00:00+00:00
[2023-03-04T09:23:48.661+0530] {processor.py:175} INFO - Processing /home/ris/PycharmProjects/pythonProject/USA-housing/venv/lib/python3.10/site-packages/airflow/example_dags/example_branch_day_of_week_operator.py took 0.092 seconds
[2023-03-04T09:24:38.129+0530] {processor.py:153} INFO - Started process (PID=29770) to work on /home/ris/PycharmProjects/pythonProject/USA-housing/venv/lib/python3.10/site-packages/airflow/example_dags/example_branch_day_of_week_operator.py
[2023-03-04T09:24:38.132+0530] {processor.py:743} INFO - Processing file /home/ris/PycharmProjects/pythonProject/USA-housing/venv/lib/python3.10/site-packages/airflow/example_dags/example_branch_day_of_week_operator.py for tasks to queue
[2023-03-04T09:24:38.133+0530] {logging_mixin.py:137} INFO - [2023-03-04T09:24:38.132+0530] {dagbag.py:538} INFO - Filling up the DagBag from /home/ris/PycharmProjects/pythonProject/USA-housing/venv/lib/python3.10/site-packages/airflow/example_dags/example_branch_day_of_week_operator.py
[2023-03-04T09:24:38.161+0530] {processor.py:753} INFO - DAG(s) dict_keys(['example_weekday_branch_operator']) retrieved from /home/ris/PycharmProjects/pythonProject/USA-housing/venv/lib/python3.10/site-packages/airflow/example_dags/example_branch_day_of_week_operator.py
[2023-03-04T09:24:38.182+0530] {logging_mixin.py:137} INFO - [2023-03-04T09:24:38.181+0530] {dag.py:2690} INFO - Sync 1 DAGs
[2023-03-04T09:24:38.200+0530] {logging_mixin.py:137} INFO - [2023-03-04T09:24:38.200+0530] {dag.py:3437} INFO - Setting next_dagrun for example_weekday_branch_operator to 2023-03-03T00:00:00+00:00, run_after=2023-03-04T00:00:00+00:00
[2023-03-04T09:24:38.217+0530] {processor.py:175} INFO - Processing /home/ris/PycharmProjects/pythonProject/USA-housing/venv/lib/python3.10/site-packages/airflow/example_dags/example_branch_day_of_week_operator.py took 0.092 seconds
[2023-03-04T09:25:25.484+0530] {processor.py:153} INFO - Started process (PID=29823) to work on /home/ris/PycharmProjects/pythonProject/USA-housing/venv/lib/python3.10/site-packages/airflow/example_dags/example_branch_day_of_week_operator.py
[2023-03-04T09:25:25.487+0530] {processor.py:743} INFO - Processing file /home/ris/PycharmProjects/pythonProject/USA-housing/venv/lib/python3.10/site-packages/airflow/example_dags/example_branch_day_of_week_operator.py for tasks to queue
[2023-03-04T09:25:25.488+0530] {logging_mixin.py:137} INFO - [2023-03-04T09:25:25.488+0530] {dagbag.py:538} INFO - Filling up the DagBag from /home/ris/PycharmProjects/pythonProject/USA-housing/venv/lib/python3.10/site-packages/airflow/example_dags/example_branch_day_of_week_operator.py
[2023-03-04T09:25:25.516+0530] {processor.py:753} INFO - DAG(s) dict_keys(['example_weekday_branch_operator']) retrieved from /home/ris/PycharmProjects/pythonProject/USA-housing/venv/lib/python3.10/site-packages/airflow/example_dags/example_branch_day_of_week_operator.py
[2023-03-04T09:25:25.538+0530] {logging_mixin.py:137} INFO - [2023-03-04T09:25:25.538+0530] {dag.py:2690} INFO - Sync 1 DAGs
[2023-03-04T09:25:25.556+0530] {logging_mixin.py:137} INFO - [2023-03-04T09:25:25.556+0530] {dag.py:3437} INFO - Setting next_dagrun for example_weekday_branch_operator to 2023-03-03T00:00:00+00:00, run_after=2023-03-04T00:00:00+00:00
[2023-03-04T09:25:25.574+0530] {processor.py:175} INFO - Processing /home/ris/PycharmProjects/pythonProject/USA-housing/venv/lib/python3.10/site-packages/airflow/example_dags/example_branch_day_of_week_operator.py took 0.094 seconds
[2023-03-04T09:26:11.144+0530] {processor.py:153} INFO - Started process (PID=30105) to work on /home/ris/PycharmProjects/pythonProject/USA-housing/venv/lib/python3.10/site-packages/airflow/example_dags/example_branch_day_of_week_operator.py
[2023-03-04T09:26:11.146+0530] {processor.py:743} INFO - Processing file /home/ris/PycharmProjects/pythonProject/USA-housing/venv/lib/python3.10/site-packages/airflow/example_dags/example_branch_day_of_week_operator.py for tasks to queue
[2023-03-04T09:26:11.147+0530] {logging_mixin.py:137} INFO - [2023-03-04T09:26:11.147+0530] {dagbag.py:538} INFO - Filling up the DagBag from /home/ris/PycharmProjects/pythonProject/USA-housing/venv/lib/python3.10/site-packages/airflow/example_dags/example_branch_day_of_week_operator.py
[2023-03-04T09:26:11.175+0530] {processor.py:753} INFO - DAG(s) dict_keys(['example_weekday_branch_operator']) retrieved from /home/ris/PycharmProjects/pythonProject/USA-housing/venv/lib/python3.10/site-packages/airflow/example_dags/example_branch_day_of_week_operator.py
[2023-03-04T09:26:11.198+0530] {logging_mixin.py:137} INFO - [2023-03-04T09:26:11.197+0530] {dag.py:2690} INFO - Sync 1 DAGs
[2023-03-04T09:26:11.215+0530] {logging_mixin.py:137} INFO - [2023-03-04T09:26:11.214+0530] {dag.py:3437} INFO - Setting next_dagrun for example_weekday_branch_operator to 2023-03-03T00:00:00+00:00, run_after=2023-03-04T00:00:00+00:00
[2023-03-04T09:26:11.231+0530] {processor.py:175} INFO - Processing /home/ris/PycharmProjects/pythonProject/USA-housing/venv/lib/python3.10/site-packages/airflow/example_dags/example_branch_day_of_week_operator.py took 0.092 seconds
[2023-03-04T09:27:00.793+0530] {processor.py:153} INFO - Started process (PID=30153) to work on /home/ris/PycharmProjects/pythonProject/USA-housing/venv/lib/python3.10/site-packages/airflow/example_dags/example_branch_day_of_week_operator.py
[2023-03-04T09:27:00.795+0530] {processor.py:743} INFO - Processing file /home/ris/PycharmProjects/pythonProject/USA-housing/venv/lib/python3.10/site-packages/airflow/example_dags/example_branch_day_of_week_operator.py for tasks to queue
[2023-03-04T09:27:00.797+0530] {logging_mixin.py:137} INFO - [2023-03-04T09:27:00.796+0530] {dagbag.py:538} INFO - Filling up the DagBag from /home/ris/PycharmProjects/pythonProject/USA-housing/venv/lib/python3.10/site-packages/airflow/example_dags/example_branch_day_of_week_operator.py
[2023-03-04T09:27:00.825+0530] {processor.py:753} INFO - DAG(s) dict_keys(['example_weekday_branch_operator']) retrieved from /home/ris/PycharmProjects/pythonProject/USA-housing/venv/lib/python3.10/site-packages/airflow/example_dags/example_branch_day_of_week_operator.py
[2023-03-04T09:27:00.846+0530] {logging_mixin.py:137} INFO - [2023-03-04T09:27:00.846+0530] {dag.py:2690} INFO - Sync 1 DAGs
[2023-03-04T09:27:00.863+0530] {logging_mixin.py:137} INFO - [2023-03-04T09:27:00.863+0530] {dag.py:3437} INFO - Setting next_dagrun for example_weekday_branch_operator to 2023-03-03T00:00:00+00:00, run_after=2023-03-04T00:00:00+00:00
[2023-03-04T09:27:00.881+0530] {processor.py:175} INFO - Processing /home/ris/PycharmProjects/pythonProject/USA-housing/venv/lib/python3.10/site-packages/airflow/example_dags/example_branch_day_of_week_operator.py took 0.092 seconds
[2023-03-04T09:27:49.278+0530] {processor.py:153} INFO - Started process (PID=30203) to work on /home/ris/PycharmProjects/pythonProject/USA-housing/venv/lib/python3.10/site-packages/airflow/example_dags/example_branch_day_of_week_operator.py
[2023-03-04T09:27:49.280+0530] {processor.py:743} INFO - Processing file /home/ris/PycharmProjects/pythonProject/USA-housing/venv/lib/python3.10/site-packages/airflow/example_dags/example_branch_day_of_week_operator.py for tasks to queue
[2023-03-04T09:27:49.281+0530] {logging_mixin.py:137} INFO - [2023-03-04T09:27:49.280+0530] {dagbag.py:538} INFO - Filling up the DagBag from /home/ris/PycharmProjects/pythonProject/USA-housing/venv/lib/python3.10/site-packages/airflow/example_dags/example_branch_day_of_week_operator.py
[2023-03-04T09:27:49.309+0530] {processor.py:753} INFO - DAG(s) dict_keys(['example_weekday_branch_operator']) retrieved from /home/ris/PycharmProjects/pythonProject/USA-housing/venv/lib/python3.10/site-packages/airflow/example_dags/example_branch_day_of_week_operator.py
[2023-03-04T09:27:49.330+0530] {logging_mixin.py:137} INFO - [2023-03-04T09:27:49.330+0530] {dag.py:2690} INFO - Sync 1 DAGs
[2023-03-04T09:27:49.347+0530] {logging_mixin.py:137} INFO - [2023-03-04T09:27:49.347+0530] {dag.py:3437} INFO - Setting next_dagrun for example_weekday_branch_operator to 2023-03-03T00:00:00+00:00, run_after=2023-03-04T00:00:00+00:00
[2023-03-04T09:27:49.364+0530] {processor.py:175} INFO - Processing /home/ris/PycharmProjects/pythonProject/USA-housing/venv/lib/python3.10/site-packages/airflow/example_dags/example_branch_day_of_week_operator.py took 0.090 seconds
[2023-03-04T09:28:29.789+0530] {processor.py:153} INFO - Started process (PID=30247) to work on /home/ris/PycharmProjects/pythonProject/USA-housing/venv/lib/python3.10/site-packages/airflow/example_dags/example_branch_day_of_week_operator.py
[2023-03-04T09:28:29.791+0530] {processor.py:743} INFO - Processing file /home/ris/PycharmProjects/pythonProject/USA-housing/venv/lib/python3.10/site-packages/airflow/example_dags/example_branch_day_of_week_operator.py for tasks to queue
[2023-03-04T09:28:29.791+0530] {logging_mixin.py:137} INFO - [2023-03-04T09:28:29.791+0530] {dagbag.py:538} INFO - Filling up the DagBag from /home/ris/PycharmProjects/pythonProject/USA-housing/venv/lib/python3.10/site-packages/airflow/example_dags/example_branch_day_of_week_operator.py
[2023-03-04T09:28:29.803+0530] {processor.py:753} INFO - DAG(s) dict_keys(['example_weekday_branch_operator']) retrieved from /home/ris/PycharmProjects/pythonProject/USA-housing/venv/lib/python3.10/site-packages/airflow/example_dags/example_branch_day_of_week_operator.py
[2023-03-04T09:28:29.818+0530] {logging_mixin.py:137} INFO - [2023-03-04T09:28:29.818+0530] {dag.py:2690} INFO - Sync 1 DAGs
[2023-03-04T09:28:29.835+0530] {logging_mixin.py:137} INFO - [2023-03-04T09:28:29.835+0530] {dag.py:3437} INFO - Setting next_dagrun for example_weekday_branch_operator to 2023-03-03T00:00:00+00:00, run_after=2023-03-04T00:00:00+00:00
[2023-03-04T09:28:29.857+0530] {processor.py:175} INFO - Processing /home/ris/PycharmProjects/pythonProject/USA-housing/venv/lib/python3.10/site-packages/airflow/example_dags/example_branch_day_of_week_operator.py took 0.071 seconds
[2023-03-04T09:29:14.603+0530] {processor.py:153} INFO - Started process (PID=30294) to work on /home/ris/PycharmProjects/pythonProject/USA-housing/venv/lib/python3.10/site-packages/airflow/example_dags/example_branch_day_of_week_operator.py
[2023-03-04T09:29:14.605+0530] {processor.py:743} INFO - Processing file /home/ris/PycharmProjects/pythonProject/USA-housing/venv/lib/python3.10/site-packages/airflow/example_dags/example_branch_day_of_week_operator.py for tasks to queue
[2023-03-04T09:29:14.607+0530] {logging_mixin.py:137} INFO - [2023-03-04T09:29:14.607+0530] {dagbag.py:538} INFO - Filling up the DagBag from /home/ris/PycharmProjects/pythonProject/USA-housing/venv/lib/python3.10/site-packages/airflow/example_dags/example_branch_day_of_week_operator.py
[2023-03-04T09:29:14.634+0530] {processor.py:753} INFO - DAG(s) dict_keys(['example_weekday_branch_operator']) retrieved from /home/ris/PycharmProjects/pythonProject/USA-housing/venv/lib/python3.10/site-packages/airflow/example_dags/example_branch_day_of_week_operator.py
[2023-03-04T09:29:14.655+0530] {logging_mixin.py:137} INFO - [2023-03-04T09:29:14.655+0530] {dag.py:2690} INFO - Sync 1 DAGs
[2023-03-04T09:29:14.673+0530] {logging_mixin.py:137} INFO - [2023-03-04T09:29:14.673+0530] {dag.py:3437} INFO - Setting next_dagrun for example_weekday_branch_operator to 2023-03-03T00:00:00+00:00, run_after=2023-03-04T00:00:00+00:00
[2023-03-04T09:29:14.690+0530] {processor.py:175} INFO - Processing /home/ris/PycharmProjects/pythonProject/USA-housing/venv/lib/python3.10/site-packages/airflow/example_dags/example_branch_day_of_week_operator.py took 0.091 seconds
[2023-03-04T09:30:02.296+0530] {processor.py:153} INFO - Started process (PID=30348) to work on /home/ris/PycharmProjects/pythonProject/USA-housing/venv/lib/python3.10/site-packages/airflow/example_dags/example_branch_day_of_week_operator.py
[2023-03-04T09:30:02.298+0530] {processor.py:743} INFO - Processing file /home/ris/PycharmProjects/pythonProject/USA-housing/venv/lib/python3.10/site-packages/airflow/example_dags/example_branch_day_of_week_operator.py for tasks to queue
[2023-03-04T09:30:02.299+0530] {logging_mixin.py:137} INFO - [2023-03-04T09:30:02.299+0530] {dagbag.py:538} INFO - Filling up the DagBag from /home/ris/PycharmProjects/pythonProject/USA-housing/venv/lib/python3.10/site-packages/airflow/example_dags/example_branch_day_of_week_operator.py
[2023-03-04T09:30:02.326+0530] {processor.py:753} INFO - DAG(s) dict_keys(['example_weekday_branch_operator']) retrieved from /home/ris/PycharmProjects/pythonProject/USA-housing/venv/lib/python3.10/site-packages/airflow/example_dags/example_branch_day_of_week_operator.py
[2023-03-04T09:30:02.347+0530] {logging_mixin.py:137} INFO - [2023-03-04T09:30:02.347+0530] {dag.py:2690} INFO - Sync 1 DAGs
[2023-03-04T09:30:02.365+0530] {logging_mixin.py:137} INFO - [2023-03-04T09:30:02.365+0530] {dag.py:3437} INFO - Setting next_dagrun for example_weekday_branch_operator to 2023-03-03T00:00:00+00:00, run_after=2023-03-04T00:00:00+00:00
[2023-03-04T09:30:02.382+0530] {processor.py:175} INFO - Processing /home/ris/PycharmProjects/pythonProject/USA-housing/venv/lib/python3.10/site-packages/airflow/example_dags/example_branch_day_of_week_operator.py took 0.091 seconds
[2023-03-04T09:30:51.097+0530] {processor.py:153} INFO - Started process (PID=30396) to work on /home/ris/PycharmProjects/pythonProject/USA-housing/venv/lib/python3.10/site-packages/airflow/example_dags/example_branch_day_of_week_operator.py
[2023-03-04T09:30:51.099+0530] {processor.py:743} INFO - Processing file /home/ris/PycharmProjects/pythonProject/USA-housing/venv/lib/python3.10/site-packages/airflow/example_dags/example_branch_day_of_week_operator.py for tasks to queue
[2023-03-04T09:30:51.101+0530] {logging_mixin.py:137} INFO - [2023-03-04T09:30:51.100+0530] {dagbag.py:538} INFO - Filling up the DagBag from /home/ris/PycharmProjects/pythonProject/USA-housing/venv/lib/python3.10/site-packages/airflow/example_dags/example_branch_day_of_week_operator.py
[2023-03-04T09:30:51.129+0530] {processor.py:753} INFO - DAG(s) dict_keys(['example_weekday_branch_operator']) retrieved from /home/ris/PycharmProjects/pythonProject/USA-housing/venv/lib/python3.10/site-packages/airflow/example_dags/example_branch_day_of_week_operator.py
[2023-03-04T09:30:51.151+0530] {logging_mixin.py:137} INFO - [2023-03-04T09:30:51.150+0530] {dag.py:2690} INFO - Sync 1 DAGs
[2023-03-04T09:30:51.168+0530] {logging_mixin.py:137} INFO - [2023-03-04T09:30:51.167+0530] {dag.py:3437} INFO - Setting next_dagrun for example_weekday_branch_operator to 2023-03-03T00:00:00+00:00, run_after=2023-03-04T00:00:00+00:00
[2023-03-04T09:30:51.185+0530] {processor.py:175} INFO - Processing /home/ris/PycharmProjects/pythonProject/USA-housing/venv/lib/python3.10/site-packages/airflow/example_dags/example_branch_day_of_week_operator.py took 0.092 seconds
[2023-03-04T09:31:37.853+0530] {processor.py:153} INFO - Started process (PID=30443) to work on /home/ris/PycharmProjects/pythonProject/USA-housing/venv/lib/python3.10/site-packages/airflow/example_dags/example_branch_day_of_week_operator.py
[2023-03-04T09:31:37.855+0530] {processor.py:743} INFO - Processing file /home/ris/PycharmProjects/pythonProject/USA-housing/venv/lib/python3.10/site-packages/airflow/example_dags/example_branch_day_of_week_operator.py for tasks to queue
[2023-03-04T09:31:37.856+0530] {logging_mixin.py:137} INFO - [2023-03-04T09:31:37.856+0530] {dagbag.py:538} INFO - Filling up the DagBag from /home/ris/PycharmProjects/pythonProject/USA-housing/venv/lib/python3.10/site-packages/airflow/example_dags/example_branch_day_of_week_operator.py
[2023-03-04T09:31:37.870+0530] {processor.py:753} INFO - DAG(s) dict_keys(['example_weekday_branch_operator']) retrieved from /home/ris/PycharmProjects/pythonProject/USA-housing/venv/lib/python3.10/site-packages/airflow/example_dags/example_branch_day_of_week_operator.py
[2023-03-04T09:31:37.886+0530] {logging_mixin.py:137} INFO - [2023-03-04T09:31:37.886+0530] {dag.py:2690} INFO - Sync 1 DAGs
[2023-03-04T09:31:37.903+0530] {logging_mixin.py:137} INFO - [2023-03-04T09:31:37.903+0530] {dag.py:3437} INFO - Setting next_dagrun for example_weekday_branch_operator to 2023-03-03T00:00:00+00:00, run_after=2023-03-04T00:00:00+00:00
[2023-03-04T09:31:37.920+0530] {processor.py:175} INFO - Processing /home/ris/PycharmProjects/pythonProject/USA-housing/venv/lib/python3.10/site-packages/airflow/example_dags/example_branch_day_of_week_operator.py took 0.072 seconds
[2023-03-04T09:32:24.006+0530] {processor.py:153} INFO - Started process (PID=30488) to work on /home/ris/PycharmProjects/pythonProject/USA-housing/venv/lib/python3.10/site-packages/airflow/example_dags/example_branch_day_of_week_operator.py
[2023-03-04T09:32:24.008+0530] {processor.py:743} INFO - Processing file /home/ris/PycharmProjects/pythonProject/USA-housing/venv/lib/python3.10/site-packages/airflow/example_dags/example_branch_day_of_week_operator.py for tasks to queue
[2023-03-04T09:32:24.009+0530] {logging_mixin.py:137} INFO - [2023-03-04T09:32:24.008+0530] {dagbag.py:538} INFO - Filling up the DagBag from /home/ris/PycharmProjects/pythonProject/USA-housing/venv/lib/python3.10/site-packages/airflow/example_dags/example_branch_day_of_week_operator.py
[2023-03-04T09:32:24.037+0530] {processor.py:753} INFO - DAG(s) dict_keys(['example_weekday_branch_operator']) retrieved from /home/ris/PycharmProjects/pythonProject/USA-housing/venv/lib/python3.10/site-packages/airflow/example_dags/example_branch_day_of_week_operator.py
[2023-03-04T09:32:24.056+0530] {logging_mixin.py:137} INFO - [2023-03-04T09:32:24.056+0530] {dag.py:2690} INFO - Sync 1 DAGs
[2023-03-04T09:32:24.073+0530] {logging_mixin.py:137} INFO - [2023-03-04T09:32:24.073+0530] {dag.py:3437} INFO - Setting next_dagrun for example_weekday_branch_operator to 2023-03-03T00:00:00+00:00, run_after=2023-03-04T00:00:00+00:00
[2023-03-04T09:32:24.091+0530] {processor.py:175} INFO - Processing /home/ris/PycharmProjects/pythonProject/USA-housing/venv/lib/python3.10/site-packages/airflow/example_dags/example_branch_day_of_week_operator.py took 0.090 seconds
[2023-03-04T09:33:12.210+0530] {processor.py:153} INFO - Started process (PID=30537) to work on /home/ris/PycharmProjects/pythonProject/USA-housing/venv/lib/python3.10/site-packages/airflow/example_dags/example_branch_day_of_week_operator.py
[2023-03-04T09:33:12.213+0530] {processor.py:743} INFO - Processing file /home/ris/PycharmProjects/pythonProject/USA-housing/venv/lib/python3.10/site-packages/airflow/example_dags/example_branch_day_of_week_operator.py for tasks to queue
[2023-03-04T09:33:12.214+0530] {logging_mixin.py:137} INFO - [2023-03-04T09:33:12.213+0530] {dagbag.py:538} INFO - Filling up the DagBag from /home/ris/PycharmProjects/pythonProject/USA-housing/venv/lib/python3.10/site-packages/airflow/example_dags/example_branch_day_of_week_operator.py
[2023-03-04T09:33:12.241+0530] {processor.py:753} INFO - DAG(s) dict_keys(['example_weekday_branch_operator']) retrieved from /home/ris/PycharmProjects/pythonProject/USA-housing/venv/lib/python3.10/site-packages/airflow/example_dags/example_branch_day_of_week_operator.py
[2023-03-04T09:33:12.263+0530] {logging_mixin.py:137} INFO - [2023-03-04T09:33:12.263+0530] {dag.py:2690} INFO - Sync 1 DAGs
[2023-03-04T09:33:12.281+0530] {logging_mixin.py:137} INFO - [2023-03-04T09:33:12.281+0530] {dag.py:3437} INFO - Setting next_dagrun for example_weekday_branch_operator to 2023-03-03T00:00:00+00:00, run_after=2023-03-04T00:00:00+00:00
[2023-03-04T09:33:12.299+0530] {processor.py:175} INFO - Processing /home/ris/PycharmProjects/pythonProject/USA-housing/venv/lib/python3.10/site-packages/airflow/example_dags/example_branch_day_of_week_operator.py took 0.093 seconds
[2023-03-04T09:34:03.718+0530] {processor.py:153} INFO - Started process (PID=30587) to work on /home/ris/PycharmProjects/pythonProject/USA-housing/venv/lib/python3.10/site-packages/airflow/example_dags/example_branch_day_of_week_operator.py
[2023-03-04T09:34:03.720+0530] {processor.py:743} INFO - Processing file /home/ris/PycharmProjects/pythonProject/USA-housing/venv/lib/python3.10/site-packages/airflow/example_dags/example_branch_day_of_week_operator.py for tasks to queue
[2023-03-04T09:34:03.721+0530] {logging_mixin.py:137} INFO - [2023-03-04T09:34:03.721+0530] {dagbag.py:538} INFO - Filling up the DagBag from /home/ris/PycharmProjects/pythonProject/USA-housing/venv/lib/python3.10/site-packages/airflow/example_dags/example_branch_day_of_week_operator.py
[2023-03-04T09:34:03.744+0530] {processor.py:753} INFO - DAG(s) dict_keys(['example_weekday_branch_operator']) retrieved from /home/ris/PycharmProjects/pythonProject/USA-housing/venv/lib/python3.10/site-packages/airflow/example_dags/example_branch_day_of_week_operator.py
[2023-03-04T09:34:03.766+0530] {logging_mixin.py:137} INFO - [2023-03-04T09:34:03.765+0530] {dag.py:2690} INFO - Sync 1 DAGs
[2023-03-04T09:34:03.784+0530] {logging_mixin.py:137} INFO - [2023-03-04T09:34:03.783+0530] {dag.py:3437} INFO - Setting next_dagrun for example_weekday_branch_operator to 2023-03-03T00:00:00+00:00, run_after=2023-03-04T00:00:00+00:00
[2023-03-04T09:34:03.801+0530] {processor.py:175} INFO - Processing /home/ris/PycharmProjects/pythonProject/USA-housing/venv/lib/python3.10/site-packages/airflow/example_dags/example_branch_day_of_week_operator.py took 0.087 seconds
[2023-03-04T09:34:49.333+0530] {processor.py:153} INFO - Started process (PID=30635) to work on /home/ris/PycharmProjects/pythonProject/USA-housing/venv/lib/python3.10/site-packages/airflow/example_dags/example_branch_day_of_week_operator.py
[2023-03-04T09:34:49.335+0530] {processor.py:743} INFO - Processing file /home/ris/PycharmProjects/pythonProject/USA-housing/venv/lib/python3.10/site-packages/airflow/example_dags/example_branch_day_of_week_operator.py for tasks to queue
[2023-03-04T09:34:49.336+0530] {logging_mixin.py:137} INFO - [2023-03-04T09:34:49.336+0530] {dagbag.py:538} INFO - Filling up the DagBag from /home/ris/PycharmProjects/pythonProject/USA-housing/venv/lib/python3.10/site-packages/airflow/example_dags/example_branch_day_of_week_operator.py
[2023-03-04T09:34:49.365+0530] {processor.py:753} INFO - DAG(s) dict_keys(['example_weekday_branch_operator']) retrieved from /home/ris/PycharmProjects/pythonProject/USA-housing/venv/lib/python3.10/site-packages/airflow/example_dags/example_branch_day_of_week_operator.py
[2023-03-04T09:34:49.387+0530] {logging_mixin.py:137} INFO - [2023-03-04T09:34:49.387+0530] {dag.py:2690} INFO - Sync 1 DAGs
[2023-03-04T09:34:49.405+0530] {logging_mixin.py:137} INFO - [2023-03-04T09:34:49.405+0530] {dag.py:3437} INFO - Setting next_dagrun for example_weekday_branch_operator to 2023-03-03T00:00:00+00:00, run_after=2023-03-04T00:00:00+00:00
[2023-03-04T09:34:49.422+0530] {processor.py:175} INFO - Processing /home/ris/PycharmProjects/pythonProject/USA-housing/venv/lib/python3.10/site-packages/airflow/example_dags/example_branch_day_of_week_operator.py took 0.093 seconds
[2023-03-04T09:35:34.332+0530] {processor.py:153} INFO - Started process (PID=30683) to work on /home/ris/PycharmProjects/pythonProject/USA-housing/venv/lib/python3.10/site-packages/airflow/example_dags/example_branch_day_of_week_operator.py
[2023-03-04T09:35:34.335+0530] {processor.py:743} INFO - Processing file /home/ris/PycharmProjects/pythonProject/USA-housing/venv/lib/python3.10/site-packages/airflow/example_dags/example_branch_day_of_week_operator.py for tasks to queue
[2023-03-04T09:35:34.336+0530] {logging_mixin.py:137} INFO - [2023-03-04T09:35:34.335+0530] {dagbag.py:538} INFO - Filling up the DagBag from /home/ris/PycharmProjects/pythonProject/USA-housing/venv/lib/python3.10/site-packages/airflow/example_dags/example_branch_day_of_week_operator.py
[2023-03-04T09:35:34.364+0530] {processor.py:753} INFO - DAG(s) dict_keys(['example_weekday_branch_operator']) retrieved from /home/ris/PycharmProjects/pythonProject/USA-housing/venv/lib/python3.10/site-packages/airflow/example_dags/example_branch_day_of_week_operator.py
[2023-03-04T09:35:34.385+0530] {logging_mixin.py:137} INFO - [2023-03-04T09:35:34.385+0530] {dag.py:2690} INFO - Sync 1 DAGs
[2023-03-04T09:35:34.402+0530] {logging_mixin.py:137} INFO - [2023-03-04T09:35:34.402+0530] {dag.py:3437} INFO - Setting next_dagrun for example_weekday_branch_operator to 2023-03-03T00:00:00+00:00, run_after=2023-03-04T00:00:00+00:00
[2023-03-04T09:35:34.421+0530] {processor.py:175} INFO - Processing /home/ris/PycharmProjects/pythonProject/USA-housing/venv/lib/python3.10/site-packages/airflow/example_dags/example_branch_day_of_week_operator.py took 0.093 seconds
[2023-03-04T10:25:06.423+0530] {processor.py:153} INFO - Started process (PID=31318) to work on /home/ris/PycharmProjects/pythonProject/USA-housing/venv/lib/python3.10/site-packages/airflow/example_dags/example_branch_day_of_week_operator.py
[2023-03-04T10:25:06.425+0530] {processor.py:743} INFO - Processing file /home/ris/PycharmProjects/pythonProject/USA-housing/venv/lib/python3.10/site-packages/airflow/example_dags/example_branch_day_of_week_operator.py for tasks to queue
[2023-03-04T10:25:06.426+0530] {logging_mixin.py:137} INFO - [2023-03-04T10:25:06.426+0530] {dagbag.py:538} INFO - Filling up the DagBag from /home/ris/PycharmProjects/pythonProject/USA-housing/venv/lib/python3.10/site-packages/airflow/example_dags/example_branch_day_of_week_operator.py
[2023-03-04T10:25:06.459+0530] {processor.py:753} INFO - DAG(s) dict_keys(['example_weekday_branch_operator']) retrieved from /home/ris/PycharmProjects/pythonProject/USA-housing/venv/lib/python3.10/site-packages/airflow/example_dags/example_branch_day_of_week_operator.py
[2023-03-04T10:25:06.478+0530] {logging_mixin.py:137} INFO - [2023-03-04T10:25:06.478+0530] {dag.py:2690} INFO - Sync 1 DAGs
[2023-03-04T10:25:06.495+0530] {logging_mixin.py:137} INFO - [2023-03-04T10:25:06.495+0530] {dag.py:3437} INFO - Setting next_dagrun for example_weekday_branch_operator to 2023-03-03T00:00:00+00:00, run_after=2023-03-04T00:00:00+00:00
[2023-03-04T10:25:06.512+0530] {processor.py:175} INFO - Processing /home/ris/PycharmProjects/pythonProject/USA-housing/venv/lib/python3.10/site-packages/airflow/example_dags/example_branch_day_of_week_operator.py took 0.094 seconds
[2023-03-04T10:25:52.700+0530] {processor.py:153} INFO - Started process (PID=31373) to work on /home/ris/PycharmProjects/pythonProject/USA-housing/venv/lib/python3.10/site-packages/airflow/example_dags/example_branch_day_of_week_operator.py
[2023-03-04T10:25:52.702+0530] {processor.py:743} INFO - Processing file /home/ris/PycharmProjects/pythonProject/USA-housing/venv/lib/python3.10/site-packages/airflow/example_dags/example_branch_day_of_week_operator.py for tasks to queue
[2023-03-04T10:25:52.702+0530] {logging_mixin.py:137} INFO - [2023-03-04T10:25:52.702+0530] {dagbag.py:538} INFO - Filling up the DagBag from /home/ris/PycharmProjects/pythonProject/USA-housing/venv/lib/python3.10/site-packages/airflow/example_dags/example_branch_day_of_week_operator.py
[2023-03-04T10:25:52.715+0530] {processor.py:753} INFO - DAG(s) dict_keys(['example_weekday_branch_operator']) retrieved from /home/ris/PycharmProjects/pythonProject/USA-housing/venv/lib/python3.10/site-packages/airflow/example_dags/example_branch_day_of_week_operator.py
[2023-03-04T10:25:52.731+0530] {logging_mixin.py:137} INFO - [2023-03-04T10:25:52.731+0530] {dag.py:2690} INFO - Sync 1 DAGs
[2023-03-04T10:25:52.748+0530] {logging_mixin.py:137} INFO - [2023-03-04T10:25:52.748+0530] {dag.py:3437} INFO - Setting next_dagrun for example_weekday_branch_operator to 2023-03-03T00:00:00+00:00, run_after=2023-03-04T00:00:00+00:00
[2023-03-04T10:25:52.766+0530] {processor.py:175} INFO - Processing /home/ris/PycharmProjects/pythonProject/USA-housing/venv/lib/python3.10/site-packages/airflow/example_dags/example_branch_day_of_week_operator.py took 0.068 seconds
[2023-03-04T10:26:40.787+0530] {processor.py:153} INFO - Started process (PID=31423) to work on /home/ris/PycharmProjects/pythonProject/USA-housing/venv/lib/python3.10/site-packages/airflow/example_dags/example_branch_day_of_week_operator.py
[2023-03-04T10:26:40.789+0530] {processor.py:743} INFO - Processing file /home/ris/PycharmProjects/pythonProject/USA-housing/venv/lib/python3.10/site-packages/airflow/example_dags/example_branch_day_of_week_operator.py for tasks to queue
[2023-03-04T10:26:40.790+0530] {logging_mixin.py:137} INFO - [2023-03-04T10:26:40.790+0530] {dagbag.py:538} INFO - Filling up the DagBag from /home/ris/PycharmProjects/pythonProject/USA-housing/venv/lib/python3.10/site-packages/airflow/example_dags/example_branch_day_of_week_operator.py
[2023-03-04T10:26:40.819+0530] {processor.py:753} INFO - DAG(s) dict_keys(['example_weekday_branch_operator']) retrieved from /home/ris/PycharmProjects/pythonProject/USA-housing/venv/lib/python3.10/site-packages/airflow/example_dags/example_branch_day_of_week_operator.py
[2023-03-04T10:26:40.839+0530] {logging_mixin.py:137} INFO - [2023-03-04T10:26:40.839+0530] {dag.py:2690} INFO - Sync 1 DAGs
[2023-03-04T10:26:40.857+0530] {logging_mixin.py:137} INFO - [2023-03-04T10:26:40.857+0530] {dag.py:3437} INFO - Setting next_dagrun for example_weekday_branch_operator to 2023-03-03T00:00:00+00:00, run_after=2023-03-04T00:00:00+00:00
[2023-03-04T10:26:40.874+0530] {processor.py:175} INFO - Processing /home/ris/PycharmProjects/pythonProject/USA-housing/venv/lib/python3.10/site-packages/airflow/example_dags/example_branch_day_of_week_operator.py took 0.092 seconds
[2023-03-04T10:27:24.915+0530] {processor.py:153} INFO - Started process (PID=31469) to work on /home/ris/PycharmProjects/pythonProject/USA-housing/venv/lib/python3.10/site-packages/airflow/example_dags/example_branch_day_of_week_operator.py
[2023-03-04T10:27:24.917+0530] {processor.py:743} INFO - Processing file /home/ris/PycharmProjects/pythonProject/USA-housing/venv/lib/python3.10/site-packages/airflow/example_dags/example_branch_day_of_week_operator.py for tasks to queue
[2023-03-04T10:27:24.918+0530] {logging_mixin.py:137} INFO - [2023-03-04T10:27:24.918+0530] {dagbag.py:538} INFO - Filling up the DagBag from /home/ris/PycharmProjects/pythonProject/USA-housing/venv/lib/python3.10/site-packages/airflow/example_dags/example_branch_day_of_week_operator.py
[2023-03-04T10:27:24.946+0530] {processor.py:753} INFO - DAG(s) dict_keys(['example_weekday_branch_operator']) retrieved from /home/ris/PycharmProjects/pythonProject/USA-housing/venv/lib/python3.10/site-packages/airflow/example_dags/example_branch_day_of_week_operator.py
[2023-03-04T10:27:24.970+0530] {logging_mixin.py:137} INFO - [2023-03-04T10:27:24.970+0530] {dag.py:2690} INFO - Sync 1 DAGs
[2023-03-04T10:27:24.992+0530] {logging_mixin.py:137} INFO - [2023-03-04T10:27:24.991+0530] {dag.py:3437} INFO - Setting next_dagrun for example_weekday_branch_operator to 2023-03-03T00:00:00+00:00, run_after=2023-03-04T00:00:00+00:00
[2023-03-04T10:27:25.014+0530] {processor.py:175} INFO - Processing /home/ris/PycharmProjects/pythonProject/USA-housing/venv/lib/python3.10/site-packages/airflow/example_dags/example_branch_day_of_week_operator.py took 0.103 seconds
[2023-03-04T10:28:15.173+0530] {processor.py:153} INFO - Started process (PID=31516) to work on /home/ris/PycharmProjects/pythonProject/USA-housing/venv/lib/python3.10/site-packages/airflow/example_dags/example_branch_day_of_week_operator.py
[2023-03-04T10:28:15.175+0530] {processor.py:743} INFO - Processing file /home/ris/PycharmProjects/pythonProject/USA-housing/venv/lib/python3.10/site-packages/airflow/example_dags/example_branch_day_of_week_operator.py for tasks to queue
[2023-03-04T10:28:15.176+0530] {logging_mixin.py:137} INFO - [2023-03-04T10:28:15.176+0530] {dagbag.py:538} INFO - Filling up the DagBag from /home/ris/PycharmProjects/pythonProject/USA-housing/venv/lib/python3.10/site-packages/airflow/example_dags/example_branch_day_of_week_operator.py
[2023-03-04T10:28:15.190+0530] {processor.py:753} INFO - DAG(s) dict_keys(['example_weekday_branch_operator']) retrieved from /home/ris/PycharmProjects/pythonProject/USA-housing/venv/lib/python3.10/site-packages/airflow/example_dags/example_branch_day_of_week_operator.py
[2023-03-04T10:28:15.206+0530] {logging_mixin.py:137} INFO - [2023-03-04T10:28:15.206+0530] {dag.py:2690} INFO - Sync 1 DAGs
[2023-03-04T10:28:15.223+0530] {logging_mixin.py:137} INFO - [2023-03-04T10:28:15.223+0530] {dag.py:3437} INFO - Setting next_dagrun for example_weekday_branch_operator to 2023-03-03T00:00:00+00:00, run_after=2023-03-04T00:00:00+00:00
[2023-03-04T10:28:15.240+0530] {processor.py:175} INFO - Processing /home/ris/PycharmProjects/pythonProject/USA-housing/venv/lib/python3.10/site-packages/airflow/example_dags/example_branch_day_of_week_operator.py took 0.071 seconds
[2023-03-04T10:29:04.803+0530] {processor.py:153} INFO - Started process (PID=31570) to work on /home/ris/PycharmProjects/pythonProject/USA-housing/venv/lib/python3.10/site-packages/airflow/example_dags/example_branch_day_of_week_operator.py
[2023-03-04T10:29:04.805+0530] {processor.py:743} INFO - Processing file /home/ris/PycharmProjects/pythonProject/USA-housing/venv/lib/python3.10/site-packages/airflow/example_dags/example_branch_day_of_week_operator.py for tasks to queue
[2023-03-04T10:29:04.806+0530] {logging_mixin.py:137} INFO - [2023-03-04T10:29:04.806+0530] {dagbag.py:538} INFO - Filling up the DagBag from /home/ris/PycharmProjects/pythonProject/USA-housing/venv/lib/python3.10/site-packages/airflow/example_dags/example_branch_day_of_week_operator.py
[2023-03-04T10:29:04.836+0530] {processor.py:753} INFO - DAG(s) dict_keys(['example_weekday_branch_operator']) retrieved from /home/ris/PycharmProjects/pythonProject/USA-housing/venv/lib/python3.10/site-packages/airflow/example_dags/example_branch_day_of_week_operator.py
[2023-03-04T10:29:04.856+0530] {logging_mixin.py:137} INFO - [2023-03-04T10:29:04.855+0530] {dag.py:2690} INFO - Sync 1 DAGs
[2023-03-04T10:29:04.873+0530] {logging_mixin.py:137} INFO - [2023-03-04T10:29:04.873+0530] {dag.py:3437} INFO - Setting next_dagrun for example_weekday_branch_operator to 2023-03-03T00:00:00+00:00, run_after=2023-03-04T00:00:00+00:00
[2023-03-04T10:29:04.890+0530] {processor.py:175} INFO - Processing /home/ris/PycharmProjects/pythonProject/USA-housing/venv/lib/python3.10/site-packages/airflow/example_dags/example_branch_day_of_week_operator.py took 0.092 seconds
[2023-03-04T10:29:51.595+0530] {processor.py:153} INFO - Started process (PID=31617) to work on /home/ris/PycharmProjects/pythonProject/USA-housing/venv/lib/python3.10/site-packages/airflow/example_dags/example_branch_day_of_week_operator.py
[2023-03-04T10:29:51.597+0530] {processor.py:743} INFO - Processing file /home/ris/PycharmProjects/pythonProject/USA-housing/venv/lib/python3.10/site-packages/airflow/example_dags/example_branch_day_of_week_operator.py for tasks to queue
[2023-03-04T10:29:51.598+0530] {logging_mixin.py:137} INFO - [2023-03-04T10:29:51.598+0530] {dagbag.py:538} INFO - Filling up the DagBag from /home/ris/PycharmProjects/pythonProject/USA-housing/venv/lib/python3.10/site-packages/airflow/example_dags/example_branch_day_of_week_operator.py
[2023-03-04T10:29:51.626+0530] {processor.py:753} INFO - DAG(s) dict_keys(['example_weekday_branch_operator']) retrieved from /home/ris/PycharmProjects/pythonProject/USA-housing/venv/lib/python3.10/site-packages/airflow/example_dags/example_branch_day_of_week_operator.py
[2023-03-04T10:29:51.647+0530] {logging_mixin.py:137} INFO - [2023-03-04T10:29:51.647+0530] {dag.py:2690} INFO - Sync 1 DAGs
[2023-03-04T10:29:51.664+0530] {logging_mixin.py:137} INFO - [2023-03-04T10:29:51.664+0530] {dag.py:3437} INFO - Setting next_dagrun for example_weekday_branch_operator to 2023-03-03T00:00:00+00:00, run_after=2023-03-04T00:00:00+00:00
[2023-03-04T10:29:51.682+0530] {processor.py:175} INFO - Processing /home/ris/PycharmProjects/pythonProject/USA-housing/venv/lib/python3.10/site-packages/airflow/example_dags/example_branch_day_of_week_operator.py took 0.092 seconds
[2023-03-04T10:30:37.004+0530] {processor.py:153} INFO - Started process (PID=31664) to work on /home/ris/PycharmProjects/pythonProject/USA-housing/venv/lib/python3.10/site-packages/airflow/example_dags/example_branch_day_of_week_operator.py
[2023-03-04T10:30:37.006+0530] {processor.py:743} INFO - Processing file /home/ris/PycharmProjects/pythonProject/USA-housing/venv/lib/python3.10/site-packages/airflow/example_dags/example_branch_day_of_week_operator.py for tasks to queue
[2023-03-04T10:30:37.006+0530] {logging_mixin.py:137} INFO - [2023-03-04T10:30:37.006+0530] {dagbag.py:538} INFO - Filling up the DagBag from /home/ris/PycharmProjects/pythonProject/USA-housing/venv/lib/python3.10/site-packages/airflow/example_dags/example_branch_day_of_week_operator.py
[2023-03-04T10:30:37.025+0530] {processor.py:753} INFO - DAG(s) dict_keys(['example_weekday_branch_operator']) retrieved from /home/ris/PycharmProjects/pythonProject/USA-housing/venv/lib/python3.10/site-packages/airflow/example_dags/example_branch_day_of_week_operator.py
[2023-03-04T10:30:37.045+0530] {logging_mixin.py:137} INFO - [2023-03-04T10:30:37.045+0530] {dag.py:2690} INFO - Sync 1 DAGs
[2023-03-04T10:30:37.070+0530] {logging_mixin.py:137} INFO - [2023-03-04T10:30:37.070+0530] {dag.py:3437} INFO - Setting next_dagrun for example_weekday_branch_operator to 2023-03-03T00:00:00+00:00, run_after=2023-03-04T00:00:00+00:00
[2023-03-04T10:30:37.092+0530] {processor.py:175} INFO - Processing /home/ris/PycharmProjects/pythonProject/USA-housing/venv/lib/python3.10/site-packages/airflow/example_dags/example_branch_day_of_week_operator.py took 0.092 seconds
[2023-03-04T10:31:26.481+0530] {processor.py:153} INFO - Started process (PID=31720) to work on /home/ris/PycharmProjects/pythonProject/USA-housing/venv/lib/python3.10/site-packages/airflow/example_dags/example_branch_day_of_week_operator.py
[2023-03-04T10:31:26.484+0530] {processor.py:743} INFO - Processing file /home/ris/PycharmProjects/pythonProject/USA-housing/venv/lib/python3.10/site-packages/airflow/example_dags/example_branch_day_of_week_operator.py for tasks to queue
[2023-03-04T10:31:26.485+0530] {logging_mixin.py:137} INFO - [2023-03-04T10:31:26.485+0530] {dagbag.py:538} INFO - Filling up the DagBag from /home/ris/PycharmProjects/pythonProject/USA-housing/venv/lib/python3.10/site-packages/airflow/example_dags/example_branch_day_of_week_operator.py
[2023-03-04T10:31:26.515+0530] {processor.py:753} INFO - DAG(s) dict_keys(['example_weekday_branch_operator']) retrieved from /home/ris/PycharmProjects/pythonProject/USA-housing/venv/lib/python3.10/site-packages/airflow/example_dags/example_branch_day_of_week_operator.py
[2023-03-04T10:31:26.535+0530] {logging_mixin.py:137} INFO - [2023-03-04T10:31:26.535+0530] {dag.py:2690} INFO - Sync 1 DAGs
[2023-03-04T10:31:26.554+0530] {logging_mixin.py:137} INFO - [2023-03-04T10:31:26.553+0530] {dag.py:3437} INFO - Setting next_dagrun for example_weekday_branch_operator to 2023-03-03T00:00:00+00:00, run_after=2023-03-04T00:00:00+00:00
[2023-03-04T10:31:26.572+0530] {processor.py:175} INFO - Processing /home/ris/PycharmProjects/pythonProject/USA-housing/venv/lib/python3.10/site-packages/airflow/example_dags/example_branch_day_of_week_operator.py took 0.094 seconds
[2023-03-04T10:32:13.994+0530] {processor.py:153} INFO - Started process (PID=32137) to work on /home/ris/PycharmProjects/pythonProject/USA-housing/venv/lib/python3.10/site-packages/airflow/example_dags/example_branch_day_of_week_operator.py
[2023-03-04T10:32:13.996+0530] {processor.py:743} INFO - Processing file /home/ris/PycharmProjects/pythonProject/USA-housing/venv/lib/python3.10/site-packages/airflow/example_dags/example_branch_day_of_week_operator.py for tasks to queue
[2023-03-04T10:32:13.997+0530] {logging_mixin.py:137} INFO - [2023-03-04T10:32:13.997+0530] {dagbag.py:538} INFO - Filling up the DagBag from /home/ris/PycharmProjects/pythonProject/USA-housing/venv/lib/python3.10/site-packages/airflow/example_dags/example_branch_day_of_week_operator.py
[2023-03-04T10:32:14.012+0530] {processor.py:753} INFO - DAG(s) dict_keys(['example_weekday_branch_operator']) retrieved from /home/ris/PycharmProjects/pythonProject/USA-housing/venv/lib/python3.10/site-packages/airflow/example_dags/example_branch_day_of_week_operator.py
[2023-03-04T10:32:14.033+0530] {logging_mixin.py:137} INFO - [2023-03-04T10:32:14.032+0530] {dag.py:2690} INFO - Sync 1 DAGs
[2023-03-04T10:32:14.064+0530] {logging_mixin.py:137} INFO - [2023-03-04T10:32:14.063+0530] {dag.py:3437} INFO - Setting next_dagrun for example_weekday_branch_operator to 2023-03-03T00:00:00+00:00, run_after=2023-03-04T00:00:00+00:00
[2023-03-04T10:32:14.094+0530] {processor.py:175} INFO - Processing /home/ris/PycharmProjects/pythonProject/USA-housing/venv/lib/python3.10/site-packages/airflow/example_dags/example_branch_day_of_week_operator.py took 0.103 seconds
[2023-03-04T10:33:00.716+0530] {processor.py:153} INFO - Started process (PID=32314) to work on /home/ris/PycharmProjects/pythonProject/USA-housing/venv/lib/python3.10/site-packages/airflow/example_dags/example_branch_day_of_week_operator.py
[2023-03-04T10:33:00.718+0530] {processor.py:743} INFO - Processing file /home/ris/PycharmProjects/pythonProject/USA-housing/venv/lib/python3.10/site-packages/airflow/example_dags/example_branch_day_of_week_operator.py for tasks to queue
[2023-03-04T10:33:00.718+0530] {logging_mixin.py:137} INFO - [2023-03-04T10:33:00.718+0530] {dagbag.py:538} INFO - Filling up the DagBag from /home/ris/PycharmProjects/pythonProject/USA-housing/venv/lib/python3.10/site-packages/airflow/example_dags/example_branch_day_of_week_operator.py
[2023-03-04T10:33:00.732+0530] {processor.py:753} INFO - DAG(s) dict_keys(['example_weekday_branch_operator']) retrieved from /home/ris/PycharmProjects/pythonProject/USA-housing/venv/lib/python3.10/site-packages/airflow/example_dags/example_branch_day_of_week_operator.py
[2023-03-04T10:33:00.750+0530] {logging_mixin.py:137} INFO - [2023-03-04T10:33:00.749+0530] {dag.py:2690} INFO - Sync 1 DAGs
[2023-03-04T10:33:00.769+0530] {logging_mixin.py:137} INFO - [2023-03-04T10:33:00.769+0530] {dag.py:3437} INFO - Setting next_dagrun for example_weekday_branch_operator to 2023-03-03T00:00:00+00:00, run_after=2023-03-04T00:00:00+00:00
[2023-03-04T10:33:00.789+0530] {processor.py:175} INFO - Processing /home/ris/PycharmProjects/pythonProject/USA-housing/venv/lib/python3.10/site-packages/airflow/example_dags/example_branch_day_of_week_operator.py took 0.075 seconds
[2023-03-04T10:33:41.221+0530] {processor.py:153} INFO - Started process (PID=32370) to work on /home/ris/PycharmProjects/pythonProject/USA-housing/venv/lib/python3.10/site-packages/airflow/example_dags/example_branch_day_of_week_operator.py
[2023-03-04T10:33:41.223+0530] {processor.py:743} INFO - Processing file /home/ris/PycharmProjects/pythonProject/USA-housing/venv/lib/python3.10/site-packages/airflow/example_dags/example_branch_day_of_week_operator.py for tasks to queue
[2023-03-04T10:33:41.224+0530] {logging_mixin.py:137} INFO - [2023-03-04T10:33:41.224+0530] {dagbag.py:538} INFO - Filling up the DagBag from /home/ris/PycharmProjects/pythonProject/USA-housing/venv/lib/python3.10/site-packages/airflow/example_dags/example_branch_day_of_week_operator.py
[2023-03-04T10:33:41.249+0530] {processor.py:753} INFO - DAG(s) dict_keys(['example_weekday_branch_operator']) retrieved from /home/ris/PycharmProjects/pythonProject/USA-housing/venv/lib/python3.10/site-packages/airflow/example_dags/example_branch_day_of_week_operator.py
[2023-03-04T10:33:41.277+0530] {logging_mixin.py:137} INFO - [2023-03-04T10:33:41.277+0530] {dag.py:2690} INFO - Sync 1 DAGs
[2023-03-04T10:33:41.309+0530] {logging_mixin.py:137} INFO - [2023-03-04T10:33:41.309+0530] {dag.py:3437} INFO - Setting next_dagrun for example_weekday_branch_operator to 2023-03-03T00:00:00+00:00, run_after=2023-03-04T00:00:00+00:00
[2023-03-04T10:33:41.339+0530] {processor.py:175} INFO - Processing /home/ris/PycharmProjects/pythonProject/USA-housing/venv/lib/python3.10/site-packages/airflow/example_dags/example_branch_day_of_week_operator.py took 0.122 seconds
[2023-03-04T10:34:25.740+0530] {processor.py:153} INFO - Started process (PID=32539) to work on /home/ris/PycharmProjects/pythonProject/USA-housing/venv/lib/python3.10/site-packages/airflow/example_dags/example_branch_day_of_week_operator.py
[2023-03-04T10:34:25.742+0530] {processor.py:743} INFO - Processing file /home/ris/PycharmProjects/pythonProject/USA-housing/venv/lib/python3.10/site-packages/airflow/example_dags/example_branch_day_of_week_operator.py for tasks to queue
[2023-03-04T10:34:25.742+0530] {logging_mixin.py:137} INFO - [2023-03-04T10:34:25.742+0530] {dagbag.py:538} INFO - Filling up the DagBag from /home/ris/PycharmProjects/pythonProject/USA-housing/venv/lib/python3.10/site-packages/airflow/example_dags/example_branch_day_of_week_operator.py
[2023-03-04T10:34:25.757+0530] {processor.py:753} INFO - DAG(s) dict_keys(['example_weekday_branch_operator']) retrieved from /home/ris/PycharmProjects/pythonProject/USA-housing/venv/lib/python3.10/site-packages/airflow/example_dags/example_branch_day_of_week_operator.py
[2023-03-04T10:34:25.776+0530] {logging_mixin.py:137} INFO - [2023-03-04T10:34:25.776+0530] {dag.py:2690} INFO - Sync 1 DAGs
[2023-03-04T10:34:25.805+0530] {logging_mixin.py:137} INFO - [2023-03-04T10:34:25.805+0530] {dag.py:3437} INFO - Setting next_dagrun for example_weekday_branch_operator to 2023-03-03T00:00:00+00:00, run_after=2023-03-04T00:00:00+00:00
[2023-03-04T10:34:25.836+0530] {processor.py:175} INFO - Processing /home/ris/PycharmProjects/pythonProject/USA-housing/venv/lib/python3.10/site-packages/airflow/example_dags/example_branch_day_of_week_operator.py took 0.099 seconds
[2023-03-04T10:35:11.173+0530] {processor.py:153} INFO - Started process (PID=32665) to work on /home/ris/PycharmProjects/pythonProject/USA-housing/venv/lib/python3.10/site-packages/airflow/example_dags/example_branch_day_of_week_operator.py
[2023-03-04T10:35:11.174+0530] {processor.py:743} INFO - Processing file /home/ris/PycharmProjects/pythonProject/USA-housing/venv/lib/python3.10/site-packages/airflow/example_dags/example_branch_day_of_week_operator.py for tasks to queue
[2023-03-04T10:35:11.175+0530] {logging_mixin.py:137} INFO - [2023-03-04T10:35:11.175+0530] {dagbag.py:538} INFO - Filling up the DagBag from /home/ris/PycharmProjects/pythonProject/USA-housing/venv/lib/python3.10/site-packages/airflow/example_dags/example_branch_day_of_week_operator.py
[2023-03-04T10:35:11.196+0530] {processor.py:753} INFO - DAG(s) dict_keys(['example_weekday_branch_operator']) retrieved from /home/ris/PycharmProjects/pythonProject/USA-housing/venv/lib/python3.10/site-packages/airflow/example_dags/example_branch_day_of_week_operator.py
[2023-03-04T10:35:11.222+0530] {logging_mixin.py:137} INFO - [2023-03-04T10:35:11.222+0530] {dag.py:2690} INFO - Sync 1 DAGs
[2023-03-04T10:35:11.251+0530] {logging_mixin.py:137} INFO - [2023-03-04T10:35:11.250+0530] {dag.py:3437} INFO - Setting next_dagrun for example_weekday_branch_operator to 2023-03-03T00:00:00+00:00, run_after=2023-03-04T00:00:00+00:00
[2023-03-04T10:35:11.278+0530] {processor.py:175} INFO - Processing /home/ris/PycharmProjects/pythonProject/USA-housing/venv/lib/python3.10/site-packages/airflow/example_dags/example_branch_day_of_week_operator.py took 0.107 seconds
[2023-03-04T10:36:02.757+0530] {processor.py:153} INFO - Started process (PID=32741) to work on /home/ris/PycharmProjects/pythonProject/USA-housing/venv/lib/python3.10/site-packages/airflow/example_dags/example_branch_day_of_week_operator.py
[2023-03-04T10:36:02.758+0530] {processor.py:743} INFO - Processing file /home/ris/PycharmProjects/pythonProject/USA-housing/venv/lib/python3.10/site-packages/airflow/example_dags/example_branch_day_of_week_operator.py for tasks to queue
[2023-03-04T10:36:02.760+0530] {logging_mixin.py:137} INFO - [2023-03-04T10:36:02.759+0530] {dagbag.py:538} INFO - Filling up the DagBag from /home/ris/PycharmProjects/pythonProject/USA-housing/venv/lib/python3.10/site-packages/airflow/example_dags/example_branch_day_of_week_operator.py
[2023-03-04T10:36:02.784+0530] {processor.py:753} INFO - DAG(s) dict_keys(['example_weekday_branch_operator']) retrieved from /home/ris/PycharmProjects/pythonProject/USA-housing/venv/lib/python3.10/site-packages/airflow/example_dags/example_branch_day_of_week_operator.py
[2023-03-04T10:36:02.807+0530] {logging_mixin.py:137} INFO - [2023-03-04T10:36:02.807+0530] {dag.py:2690} INFO - Sync 1 DAGs
[2023-03-04T10:36:02.831+0530] {logging_mixin.py:137} INFO - [2023-03-04T10:36:02.831+0530] {dag.py:3437} INFO - Setting next_dagrun for example_weekday_branch_operator to 2023-03-03T00:00:00+00:00, run_after=2023-03-04T00:00:00+00:00
[2023-03-04T10:36:02.854+0530] {processor.py:175} INFO - Processing /home/ris/PycharmProjects/pythonProject/USA-housing/venv/lib/python3.10/site-packages/airflow/example_dags/example_branch_day_of_week_operator.py took 0.102 seconds
[2023-03-04T10:36:58.978+0530] {processor.py:153} INFO - Started process (PID=32830) to work on /home/ris/PycharmProjects/pythonProject/USA-housing/venv/lib/python3.10/site-packages/airflow/example_dags/example_branch_day_of_week_operator.py
[2023-03-04T10:36:58.980+0530] {processor.py:743} INFO - Processing file /home/ris/PycharmProjects/pythonProject/USA-housing/venv/lib/python3.10/site-packages/airflow/example_dags/example_branch_day_of_week_operator.py for tasks to queue
[2023-03-04T10:36:58.981+0530] {logging_mixin.py:137} INFO - [2023-03-04T10:36:58.981+0530] {dagbag.py:538} INFO - Filling up the DagBag from /home/ris/PycharmProjects/pythonProject/USA-housing/venv/lib/python3.10/site-packages/airflow/example_dags/example_branch_day_of_week_operator.py
[2023-03-04T10:36:59.010+0530] {processor.py:753} INFO - DAG(s) dict_keys(['example_weekday_branch_operator']) retrieved from /home/ris/PycharmProjects/pythonProject/USA-housing/venv/lib/python3.10/site-packages/airflow/example_dags/example_branch_day_of_week_operator.py
[2023-03-04T10:36:59.048+0530] {logging_mixin.py:137} INFO - [2023-03-04T10:36:59.048+0530] {dag.py:2690} INFO - Sync 1 DAGs
[2023-03-04T10:36:59.089+0530] {logging_mixin.py:137} INFO - [2023-03-04T10:36:59.089+0530] {dag.py:3437} INFO - Setting next_dagrun for example_weekday_branch_operator to 2023-03-03T00:00:00+00:00, run_after=2023-03-04T00:00:00+00:00
[2023-03-04T10:36:59.125+0530] {processor.py:175} INFO - Processing /home/ris/PycharmProjects/pythonProject/USA-housing/venv/lib/python3.10/site-packages/airflow/example_dags/example_branch_day_of_week_operator.py took 0.150 seconds
[2023-03-04T10:37:49.468+0530] {processor.py:153} INFO - Started process (PID=32907) to work on /home/ris/PycharmProjects/pythonProject/USA-housing/venv/lib/python3.10/site-packages/airflow/example_dags/example_branch_day_of_week_operator.py
[2023-03-04T10:37:49.470+0530] {processor.py:743} INFO - Processing file /home/ris/PycharmProjects/pythonProject/USA-housing/venv/lib/python3.10/site-packages/airflow/example_dags/example_branch_day_of_week_operator.py for tasks to queue
[2023-03-04T10:37:49.471+0530] {logging_mixin.py:137} INFO - [2023-03-04T10:37:49.471+0530] {dagbag.py:538} INFO - Filling up the DagBag from /home/ris/PycharmProjects/pythonProject/USA-housing/venv/lib/python3.10/site-packages/airflow/example_dags/example_branch_day_of_week_operator.py
[2023-03-04T10:37:49.512+0530] {processor.py:753} INFO - DAG(s) dict_keys(['example_weekday_branch_operator']) retrieved from /home/ris/PycharmProjects/pythonProject/USA-housing/venv/lib/python3.10/site-packages/airflow/example_dags/example_branch_day_of_week_operator.py
[2023-03-04T10:37:49.553+0530] {logging_mixin.py:137} INFO - [2023-03-04T10:37:49.553+0530] {dag.py:2690} INFO - Sync 1 DAGs
[2023-03-04T10:37:49.598+0530] {logging_mixin.py:137} INFO - [2023-03-04T10:37:49.597+0530] {dag.py:3437} INFO - Setting next_dagrun for example_weekday_branch_operator to 2023-03-03T00:00:00+00:00, run_after=2023-03-04T00:00:00+00:00
[2023-03-04T10:37:49.657+0530] {processor.py:175} INFO - Processing /home/ris/PycharmProjects/pythonProject/USA-housing/venv/lib/python3.10/site-packages/airflow/example_dags/example_branch_day_of_week_operator.py took 0.194 seconds
[2023-03-04T10:38:40.731+0530] {processor.py:153} INFO - Started process (PID=32957) to work on /home/ris/PycharmProjects/pythonProject/USA-housing/venv/lib/python3.10/site-packages/airflow/example_dags/example_branch_day_of_week_operator.py
[2023-03-04T10:38:40.734+0530] {processor.py:743} INFO - Processing file /home/ris/PycharmProjects/pythonProject/USA-housing/venv/lib/python3.10/site-packages/airflow/example_dags/example_branch_day_of_week_operator.py for tasks to queue
[2023-03-04T10:38:40.735+0530] {logging_mixin.py:137} INFO - [2023-03-04T10:38:40.734+0530] {dagbag.py:538} INFO - Filling up the DagBag from /home/ris/PycharmProjects/pythonProject/USA-housing/venv/lib/python3.10/site-packages/airflow/example_dags/example_branch_day_of_week_operator.py
[2023-03-04T10:38:40.759+0530] {processor.py:753} INFO - DAG(s) dict_keys(['example_weekday_branch_operator']) retrieved from /home/ris/PycharmProjects/pythonProject/USA-housing/venv/lib/python3.10/site-packages/airflow/example_dags/example_branch_day_of_week_operator.py
[2023-03-04T10:38:40.786+0530] {logging_mixin.py:137} INFO - [2023-03-04T10:38:40.785+0530] {dag.py:2690} INFO - Sync 1 DAGs
[2023-03-04T10:38:40.814+0530] {logging_mixin.py:137} INFO - [2023-03-04T10:38:40.814+0530] {dag.py:3437} INFO - Setting next_dagrun for example_weekday_branch_operator to 2023-03-03T00:00:00+00:00, run_after=2023-03-04T00:00:00+00:00
[2023-03-04T10:38:40.842+0530] {processor.py:175} INFO - Processing /home/ris/PycharmProjects/pythonProject/USA-housing/venv/lib/python3.10/site-packages/airflow/example_dags/example_branch_day_of_week_operator.py took 0.114 seconds
[2023-03-04T10:39:24.437+0530] {processor.py:153} INFO - Started process (PID=33479) to work on /home/ris/PycharmProjects/pythonProject/USA-housing/venv/lib/python3.10/site-packages/airflow/example_dags/example_branch_day_of_week_operator.py
[2023-03-04T10:39:24.440+0530] {processor.py:743} INFO - Processing file /home/ris/PycharmProjects/pythonProject/USA-housing/venv/lib/python3.10/site-packages/airflow/example_dags/example_branch_day_of_week_operator.py for tasks to queue
[2023-03-04T10:39:24.441+0530] {logging_mixin.py:137} INFO - [2023-03-04T10:39:24.441+0530] {dagbag.py:538} INFO - Filling up the DagBag from /home/ris/PycharmProjects/pythonProject/USA-housing/venv/lib/python3.10/site-packages/airflow/example_dags/example_branch_day_of_week_operator.py
[2023-03-04T10:39:24.478+0530] {processor.py:753} INFO - DAG(s) dict_keys(['example_weekday_branch_operator']) retrieved from /home/ris/PycharmProjects/pythonProject/USA-housing/venv/lib/python3.10/site-packages/airflow/example_dags/example_branch_day_of_week_operator.py
[2023-03-04T10:39:24.514+0530] {logging_mixin.py:137} INFO - [2023-03-04T10:39:24.513+0530] {dag.py:2690} INFO - Sync 1 DAGs
[2023-03-04T10:39:24.576+0530] {logging_mixin.py:137} INFO - [2023-03-04T10:39:24.575+0530] {dag.py:3437} INFO - Setting next_dagrun for example_weekday_branch_operator to 2023-03-03T00:00:00+00:00, run_after=2023-03-04T00:00:00+00:00
[2023-03-04T10:39:24.623+0530] {processor.py:175} INFO - Processing /home/ris/PycharmProjects/pythonProject/USA-housing/venv/lib/python3.10/site-packages/airflow/example_dags/example_branch_day_of_week_operator.py took 0.190 seconds
[2023-03-04T10:40:13.827+0530] {processor.py:153} INFO - Started process (PID=33547) to work on /home/ris/PycharmProjects/pythonProject/USA-housing/venv/lib/python3.10/site-packages/airflow/example_dags/example_branch_day_of_week_operator.py
[2023-03-04T10:40:13.829+0530] {processor.py:743} INFO - Processing file /home/ris/PycharmProjects/pythonProject/USA-housing/venv/lib/python3.10/site-packages/airflow/example_dags/example_branch_day_of_week_operator.py for tasks to queue
[2023-03-04T10:40:13.830+0530] {logging_mixin.py:137} INFO - [2023-03-04T10:40:13.830+0530] {dagbag.py:538} INFO - Filling up the DagBag from /home/ris/PycharmProjects/pythonProject/USA-housing/venv/lib/python3.10/site-packages/airflow/example_dags/example_branch_day_of_week_operator.py
[2023-03-04T10:40:13.852+0530] {processor.py:753} INFO - DAG(s) dict_keys(['example_weekday_branch_operator']) retrieved from /home/ris/PycharmProjects/pythonProject/USA-housing/venv/lib/python3.10/site-packages/airflow/example_dags/example_branch_day_of_week_operator.py
[2023-03-04T10:40:13.893+0530] {logging_mixin.py:137} INFO - [2023-03-04T10:40:13.892+0530] {dag.py:2690} INFO - Sync 1 DAGs
[2023-03-04T10:40:13.931+0530] {logging_mixin.py:137} INFO - [2023-03-04T10:40:13.931+0530] {dag.py:3437} INFO - Setting next_dagrun for example_weekday_branch_operator to 2023-03-03T00:00:00+00:00, run_after=2023-03-04T00:00:00+00:00
[2023-03-04T10:40:13.962+0530] {processor.py:175} INFO - Processing /home/ris/PycharmProjects/pythonProject/USA-housing/venv/lib/python3.10/site-packages/airflow/example_dags/example_branch_day_of_week_operator.py took 0.142 seconds
[2023-03-04T10:41:00.212+0530] {processor.py:153} INFO - Started process (PID=33596) to work on /home/ris/PycharmProjects/pythonProject/USA-housing/venv/lib/python3.10/site-packages/airflow/example_dags/example_branch_day_of_week_operator.py
[2023-03-04T10:41:00.215+0530] {processor.py:743} INFO - Processing file /home/ris/PycharmProjects/pythonProject/USA-housing/venv/lib/python3.10/site-packages/airflow/example_dags/example_branch_day_of_week_operator.py for tasks to queue
[2023-03-04T10:41:00.216+0530] {logging_mixin.py:137} INFO - [2023-03-04T10:41:00.215+0530] {dagbag.py:538} INFO - Filling up the DagBag from /home/ris/PycharmProjects/pythonProject/USA-housing/venv/lib/python3.10/site-packages/airflow/example_dags/example_branch_day_of_week_operator.py
[2023-03-04T10:41:00.234+0530] {processor.py:753} INFO - DAG(s) dict_keys(['example_weekday_branch_operator']) retrieved from /home/ris/PycharmProjects/pythonProject/USA-housing/venv/lib/python3.10/site-packages/airflow/example_dags/example_branch_day_of_week_operator.py
[2023-03-04T10:41:00.256+0530] {logging_mixin.py:137} INFO - [2023-03-04T10:41:00.256+0530] {dag.py:2690} INFO - Sync 1 DAGs
[2023-03-04T10:41:00.283+0530] {logging_mixin.py:137} INFO - [2023-03-04T10:41:00.283+0530] {dag.py:3437} INFO - Setting next_dagrun for example_weekday_branch_operator to 2023-03-03T00:00:00+00:00, run_after=2023-03-04T00:00:00+00:00
[2023-03-04T10:41:00.313+0530] {processor.py:175} INFO - Processing /home/ris/PycharmProjects/pythonProject/USA-housing/venv/lib/python3.10/site-packages/airflow/example_dags/example_branch_day_of_week_operator.py took 0.109 seconds
[2023-03-04T10:41:49.058+0530] {processor.py:153} INFO - Started process (PID=33661) to work on /home/ris/PycharmProjects/pythonProject/USA-housing/venv/lib/python3.10/site-packages/airflow/example_dags/example_branch_day_of_week_operator.py
[2023-03-04T10:41:49.060+0530] {processor.py:743} INFO - Processing file /home/ris/PycharmProjects/pythonProject/USA-housing/venv/lib/python3.10/site-packages/airflow/example_dags/example_branch_day_of_week_operator.py for tasks to queue
[2023-03-04T10:41:49.061+0530] {logging_mixin.py:137} INFO - [2023-03-04T10:41:49.061+0530] {dagbag.py:538} INFO - Filling up the DagBag from /home/ris/PycharmProjects/pythonProject/USA-housing/venv/lib/python3.10/site-packages/airflow/example_dags/example_branch_day_of_week_operator.py
[2023-03-04T10:41:49.075+0530] {processor.py:753} INFO - DAG(s) dict_keys(['example_weekday_branch_operator']) retrieved from /home/ris/PycharmProjects/pythonProject/USA-housing/venv/lib/python3.10/site-packages/airflow/example_dags/example_branch_day_of_week_operator.py
[2023-03-04T10:41:49.094+0530] {logging_mixin.py:137} INFO - [2023-03-04T10:41:49.093+0530] {dag.py:2690} INFO - Sync 1 DAGs
[2023-03-04T10:41:49.113+0530] {logging_mixin.py:137} INFO - [2023-03-04T10:41:49.113+0530] {dag.py:3437} INFO - Setting next_dagrun for example_weekday_branch_operator to 2023-03-03T00:00:00+00:00, run_after=2023-03-04T00:00:00+00:00
[2023-03-04T10:41:49.134+0530] {processor.py:175} INFO - Processing /home/ris/PycharmProjects/pythonProject/USA-housing/venv/lib/python3.10/site-packages/airflow/example_dags/example_branch_day_of_week_operator.py took 0.080 seconds
[2023-03-04T10:42:35.873+0530] {processor.py:153} INFO - Started process (PID=33715) to work on /home/ris/PycharmProjects/pythonProject/USA-housing/venv/lib/python3.10/site-packages/airflow/example_dags/example_branch_day_of_week_operator.py
[2023-03-04T10:42:35.877+0530] {processor.py:743} INFO - Processing file /home/ris/PycharmProjects/pythonProject/USA-housing/venv/lib/python3.10/site-packages/airflow/example_dags/example_branch_day_of_week_operator.py for tasks to queue
[2023-03-04T10:42:35.878+0530] {logging_mixin.py:137} INFO - [2023-03-04T10:42:35.878+0530] {dagbag.py:538} INFO - Filling up the DagBag from /home/ris/PycharmProjects/pythonProject/USA-housing/venv/lib/python3.10/site-packages/airflow/example_dags/example_branch_day_of_week_operator.py
[2023-03-04T10:42:35.905+0530] {processor.py:753} INFO - DAG(s) dict_keys(['example_weekday_branch_operator']) retrieved from /home/ris/PycharmProjects/pythonProject/USA-housing/venv/lib/python3.10/site-packages/airflow/example_dags/example_branch_day_of_week_operator.py
[2023-03-04T10:42:35.940+0530] {logging_mixin.py:137} INFO - [2023-03-04T10:42:35.939+0530] {dag.py:2690} INFO - Sync 1 DAGs
[2023-03-04T10:42:35.968+0530] {logging_mixin.py:137} INFO - [2023-03-04T10:42:35.968+0530] {dag.py:3437} INFO - Setting next_dagrun for example_weekday_branch_operator to 2023-03-03T00:00:00+00:00, run_after=2023-03-04T00:00:00+00:00
[2023-03-04T10:42:36.006+0530] {processor.py:175} INFO - Processing /home/ris/PycharmProjects/pythonProject/USA-housing/venv/lib/python3.10/site-packages/airflow/example_dags/example_branch_day_of_week_operator.py took 0.137 seconds
[2023-03-04T10:43:18.982+0530] {processor.py:153} INFO - Started process (PID=33758) to work on /home/ris/PycharmProjects/pythonProject/USA-housing/venv/lib/python3.10/site-packages/airflow/example_dags/example_branch_day_of_week_operator.py
[2023-03-04T10:43:18.984+0530] {processor.py:743} INFO - Processing file /home/ris/PycharmProjects/pythonProject/USA-housing/venv/lib/python3.10/site-packages/airflow/example_dags/example_branch_day_of_week_operator.py for tasks to queue
[2023-03-04T10:43:18.985+0530] {logging_mixin.py:137} INFO - [2023-03-04T10:43:18.985+0530] {dagbag.py:538} INFO - Filling up the DagBag from /home/ris/PycharmProjects/pythonProject/USA-housing/venv/lib/python3.10/site-packages/airflow/example_dags/example_branch_day_of_week_operator.py
[2023-03-04T10:43:19.001+0530] {processor.py:753} INFO - DAG(s) dict_keys(['example_weekday_branch_operator']) retrieved from /home/ris/PycharmProjects/pythonProject/USA-housing/venv/lib/python3.10/site-packages/airflow/example_dags/example_branch_day_of_week_operator.py
[2023-03-04T10:43:19.019+0530] {logging_mixin.py:137} INFO - [2023-03-04T10:43:19.019+0530] {dag.py:2690} INFO - Sync 1 DAGs
[2023-03-04T10:43:19.037+0530] {logging_mixin.py:137} INFO - [2023-03-04T10:43:19.037+0530] {dag.py:3437} INFO - Setting next_dagrun for example_weekday_branch_operator to 2023-03-03T00:00:00+00:00, run_after=2023-03-04T00:00:00+00:00
[2023-03-04T10:43:19.058+0530] {processor.py:175} INFO - Processing /home/ris/PycharmProjects/pythonProject/USA-housing/venv/lib/python3.10/site-packages/airflow/example_dags/example_branch_day_of_week_operator.py took 0.078 seconds
[2023-03-04T10:44:08.017+0530] {processor.py:153} INFO - Started process (PID=33808) to work on /home/ris/PycharmProjects/pythonProject/USA-housing/venv/lib/python3.10/site-packages/airflow/example_dags/example_branch_day_of_week_operator.py
[2023-03-04T10:44:08.020+0530] {processor.py:743} INFO - Processing file /home/ris/PycharmProjects/pythonProject/USA-housing/venv/lib/python3.10/site-packages/airflow/example_dags/example_branch_day_of_week_operator.py for tasks to queue
[2023-03-04T10:44:08.021+0530] {logging_mixin.py:137} INFO - [2023-03-04T10:44:08.020+0530] {dagbag.py:538} INFO - Filling up the DagBag from /home/ris/PycharmProjects/pythonProject/USA-housing/venv/lib/python3.10/site-packages/airflow/example_dags/example_branch_day_of_week_operator.py
[2023-03-04T10:44:08.040+0530] {processor.py:753} INFO - DAG(s) dict_keys(['example_weekday_branch_operator']) retrieved from /home/ris/PycharmProjects/pythonProject/USA-housing/venv/lib/python3.10/site-packages/airflow/example_dags/example_branch_day_of_week_operator.py
[2023-03-04T10:44:08.062+0530] {logging_mixin.py:137} INFO - [2023-03-04T10:44:08.062+0530] {dag.py:2690} INFO - Sync 1 DAGs
[2023-03-04T10:44:08.087+0530] {logging_mixin.py:137} INFO - [2023-03-04T10:44:08.087+0530] {dag.py:3437} INFO - Setting next_dagrun for example_weekday_branch_operator to 2023-03-03T00:00:00+00:00, run_after=2023-03-04T00:00:00+00:00
[2023-03-04T10:44:08.111+0530] {processor.py:175} INFO - Processing /home/ris/PycharmProjects/pythonProject/USA-housing/venv/lib/python3.10/site-packages/airflow/example_dags/example_branch_day_of_week_operator.py took 0.096 seconds
[2023-03-04T10:44:53.930+0530] {processor.py:153} INFO - Started process (PID=33856) to work on /home/ris/PycharmProjects/pythonProject/USA-housing/venv/lib/python3.10/site-packages/airflow/example_dags/example_branch_day_of_week_operator.py
[2023-03-04T10:44:53.933+0530] {processor.py:743} INFO - Processing file /home/ris/PycharmProjects/pythonProject/USA-housing/venv/lib/python3.10/site-packages/airflow/example_dags/example_branch_day_of_week_operator.py for tasks to queue
[2023-03-04T10:44:53.935+0530] {logging_mixin.py:137} INFO - [2023-03-04T10:44:53.934+0530] {dagbag.py:538} INFO - Filling up the DagBag from /home/ris/PycharmProjects/pythonProject/USA-housing/venv/lib/python3.10/site-packages/airflow/example_dags/example_branch_day_of_week_operator.py
[2023-03-04T10:44:53.965+0530] {processor.py:753} INFO - DAG(s) dict_keys(['example_weekday_branch_operator']) retrieved from /home/ris/PycharmProjects/pythonProject/USA-housing/venv/lib/python3.10/site-packages/airflow/example_dags/example_branch_day_of_week_operator.py
[2023-03-04T10:44:54.013+0530] {logging_mixin.py:137} INFO - [2023-03-04T10:44:54.012+0530] {dag.py:2690} INFO - Sync 1 DAGs
[2023-03-04T10:44:54.062+0530] {logging_mixin.py:137} INFO - [2023-03-04T10:44:54.062+0530] {dag.py:3437} INFO - Setting next_dagrun for example_weekday_branch_operator to 2023-03-03T00:00:00+00:00, run_after=2023-03-04T00:00:00+00:00
[2023-03-04T10:44:54.093+0530] {processor.py:175} INFO - Processing /home/ris/PycharmProjects/pythonProject/USA-housing/venv/lib/python3.10/site-packages/airflow/example_dags/example_branch_day_of_week_operator.py took 0.167 seconds
[2023-03-04T10:45:47.287+0530] {processor.py:153} INFO - Started process (PID=33920) to work on /home/ris/PycharmProjects/pythonProject/USA-housing/venv/lib/python3.10/site-packages/airflow/example_dags/example_branch_day_of_week_operator.py
[2023-03-04T10:45:47.289+0530] {processor.py:743} INFO - Processing file /home/ris/PycharmProjects/pythonProject/USA-housing/venv/lib/python3.10/site-packages/airflow/example_dags/example_branch_day_of_week_operator.py for tasks to queue
[2023-03-04T10:45:47.290+0530] {logging_mixin.py:137} INFO - [2023-03-04T10:45:47.289+0530] {dagbag.py:538} INFO - Filling up the DagBag from /home/ris/PycharmProjects/pythonProject/USA-housing/venv/lib/python3.10/site-packages/airflow/example_dags/example_branch_day_of_week_operator.py
[2023-03-04T10:45:47.316+0530] {processor.py:753} INFO - DAG(s) dict_keys(['example_weekday_branch_operator']) retrieved from /home/ris/PycharmProjects/pythonProject/USA-housing/venv/lib/python3.10/site-packages/airflow/example_dags/example_branch_day_of_week_operator.py
[2023-03-04T10:45:47.352+0530] {logging_mixin.py:137} INFO - [2023-03-04T10:45:47.351+0530] {dag.py:2690} INFO - Sync 1 DAGs
[2023-03-04T10:45:47.388+0530] {logging_mixin.py:137} INFO - [2023-03-04T10:45:47.388+0530] {dag.py:3437} INFO - Setting next_dagrun for example_weekday_branch_operator to 2023-03-03T00:00:00+00:00, run_after=2023-03-04T00:00:00+00:00
[2023-03-04T10:45:47.426+0530] {processor.py:175} INFO - Processing /home/ris/PycharmProjects/pythonProject/USA-housing/venv/lib/python3.10/site-packages/airflow/example_dags/example_branch_day_of_week_operator.py took 0.144 seconds
[2023-03-04T10:46:30.650+0530] {processor.py:153} INFO - Started process (PID=33965) to work on /home/ris/PycharmProjects/pythonProject/USA-housing/venv/lib/python3.10/site-packages/airflow/example_dags/example_branch_day_of_week_operator.py
[2023-03-04T10:46:30.653+0530] {processor.py:743} INFO - Processing file /home/ris/PycharmProjects/pythonProject/USA-housing/venv/lib/python3.10/site-packages/airflow/example_dags/example_branch_day_of_week_operator.py for tasks to queue
[2023-03-04T10:46:30.655+0530] {logging_mixin.py:137} INFO - [2023-03-04T10:46:30.655+0530] {dagbag.py:538} INFO - Filling up the DagBag from /home/ris/PycharmProjects/pythonProject/USA-housing/venv/lib/python3.10/site-packages/airflow/example_dags/example_branch_day_of_week_operator.py
[2023-03-04T10:46:30.677+0530] {processor.py:753} INFO - DAG(s) dict_keys(['example_weekday_branch_operator']) retrieved from /home/ris/PycharmProjects/pythonProject/USA-housing/venv/lib/python3.10/site-packages/airflow/example_dags/example_branch_day_of_week_operator.py
[2023-03-04T10:46:30.707+0530] {logging_mixin.py:137} INFO - [2023-03-04T10:46:30.707+0530] {dag.py:2690} INFO - Sync 1 DAGs
[2023-03-04T10:46:30.742+0530] {logging_mixin.py:137} INFO - [2023-03-04T10:46:30.742+0530] {dag.py:3437} INFO - Setting next_dagrun for example_weekday_branch_operator to 2023-03-03T00:00:00+00:00, run_after=2023-03-04T00:00:00+00:00
[2023-03-04T10:46:30.806+0530] {processor.py:175} INFO - Processing /home/ris/PycharmProjects/pythonProject/USA-housing/venv/lib/python3.10/site-packages/airflow/example_dags/example_branch_day_of_week_operator.py took 0.163 seconds
[2023-03-04T10:47:20.680+0530] {processor.py:153} INFO - Started process (PID=34026) to work on /home/ris/PycharmProjects/pythonProject/USA-housing/venv/lib/python3.10/site-packages/airflow/example_dags/example_branch_day_of_week_operator.py
[2023-03-04T10:47:20.683+0530] {processor.py:743} INFO - Processing file /home/ris/PycharmProjects/pythonProject/USA-housing/venv/lib/python3.10/site-packages/airflow/example_dags/example_branch_day_of_week_operator.py for tasks to queue
[2023-03-04T10:47:20.686+0530] {logging_mixin.py:137} INFO - [2023-03-04T10:47:20.685+0530] {dagbag.py:538} INFO - Filling up the DagBag from /home/ris/PycharmProjects/pythonProject/USA-housing/venv/lib/python3.10/site-packages/airflow/example_dags/example_branch_day_of_week_operator.py
[2023-03-04T10:47:20.706+0530] {processor.py:753} INFO - DAG(s) dict_keys(['example_weekday_branch_operator']) retrieved from /home/ris/PycharmProjects/pythonProject/USA-housing/venv/lib/python3.10/site-packages/airflow/example_dags/example_branch_day_of_week_operator.py
[2023-03-04T10:47:20.734+0530] {logging_mixin.py:137} INFO - [2023-03-04T10:47:20.734+0530] {dag.py:2690} INFO - Sync 1 DAGs
[2023-03-04T10:47:20.762+0530] {logging_mixin.py:137} INFO - [2023-03-04T10:47:20.762+0530] {dag.py:3437} INFO - Setting next_dagrun for example_weekday_branch_operator to 2023-03-03T00:00:00+00:00, run_after=2023-03-04T00:00:00+00:00
[2023-03-04T10:47:20.796+0530] {processor.py:175} INFO - Processing /home/ris/PycharmProjects/pythonProject/USA-housing/venv/lib/python3.10/site-packages/airflow/example_dags/example_branch_day_of_week_operator.py took 0.119 seconds
[2023-03-04T10:48:15.963+0530] {processor.py:153} INFO - Started process (PID=34083) to work on /home/ris/PycharmProjects/pythonProject/USA-housing/venv/lib/python3.10/site-packages/airflow/example_dags/example_branch_day_of_week_operator.py
[2023-03-04T10:48:15.965+0530] {processor.py:743} INFO - Processing file /home/ris/PycharmProjects/pythonProject/USA-housing/venv/lib/python3.10/site-packages/airflow/example_dags/example_branch_day_of_week_operator.py for tasks to queue
[2023-03-04T10:48:15.965+0530] {logging_mixin.py:137} INFO - [2023-03-04T10:48:15.965+0530] {dagbag.py:538} INFO - Filling up the DagBag from /home/ris/PycharmProjects/pythonProject/USA-housing/venv/lib/python3.10/site-packages/airflow/example_dags/example_branch_day_of_week_operator.py
[2023-03-04T10:48:15.987+0530] {processor.py:753} INFO - DAG(s) dict_keys(['example_weekday_branch_operator']) retrieved from /home/ris/PycharmProjects/pythonProject/USA-housing/venv/lib/python3.10/site-packages/airflow/example_dags/example_branch_day_of_week_operator.py
[2023-03-04T10:48:16.013+0530] {logging_mixin.py:137} INFO - [2023-03-04T10:48:16.013+0530] {dag.py:2690} INFO - Sync 1 DAGs
[2023-03-04T10:48:16.032+0530] {logging_mixin.py:137} INFO - [2023-03-04T10:48:16.032+0530] {dag.py:3437} INFO - Setting next_dagrun for example_weekday_branch_operator to 2023-03-03T00:00:00+00:00, run_after=2023-03-04T00:00:00+00:00
[2023-03-04T10:48:16.054+0530] {processor.py:175} INFO - Processing /home/ris/PycharmProjects/pythonProject/USA-housing/venv/lib/python3.10/site-packages/airflow/example_dags/example_branch_day_of_week_operator.py took 0.095 seconds
[2023-03-04T10:49:11.407+0530] {processor.py:153} INFO - Started process (PID=34154) to work on /home/ris/PycharmProjects/pythonProject/USA-housing/venv/lib/python3.10/site-packages/airflow/example_dags/example_branch_day_of_week_operator.py
[2023-03-04T10:49:11.409+0530] {processor.py:743} INFO - Processing file /home/ris/PycharmProjects/pythonProject/USA-housing/venv/lib/python3.10/site-packages/airflow/example_dags/example_branch_day_of_week_operator.py for tasks to queue
[2023-03-04T10:49:11.410+0530] {logging_mixin.py:137} INFO - [2023-03-04T10:49:11.410+0530] {dagbag.py:538} INFO - Filling up the DagBag from /home/ris/PycharmProjects/pythonProject/USA-housing/venv/lib/python3.10/site-packages/airflow/example_dags/example_branch_day_of_week_operator.py
[2023-03-04T10:49:11.427+0530] {processor.py:753} INFO - DAG(s) dict_keys(['example_weekday_branch_operator']) retrieved from /home/ris/PycharmProjects/pythonProject/USA-housing/venv/lib/python3.10/site-packages/airflow/example_dags/example_branch_day_of_week_operator.py
[2023-03-04T10:49:11.451+0530] {logging_mixin.py:137} INFO - [2023-03-04T10:49:11.451+0530] {dag.py:2690} INFO - Sync 1 DAGs
[2023-03-04T10:49:11.482+0530] {logging_mixin.py:137} INFO - [2023-03-04T10:49:11.482+0530] {dag.py:3437} INFO - Setting next_dagrun for example_weekday_branch_operator to 2023-03-03T00:00:00+00:00, run_after=2023-03-04T00:00:00+00:00
[2023-03-04T10:49:11.505+0530] {processor.py:175} INFO - Processing /home/ris/PycharmProjects/pythonProject/USA-housing/venv/lib/python3.10/site-packages/airflow/example_dags/example_branch_day_of_week_operator.py took 0.101 seconds
[2023-03-04T10:49:55.719+0530] {processor.py:153} INFO - Started process (PID=34220) to work on /home/ris/PycharmProjects/pythonProject/USA-housing/venv/lib/python3.10/site-packages/airflow/example_dags/example_branch_day_of_week_operator.py
[2023-03-04T10:49:55.721+0530] {processor.py:743} INFO - Processing file /home/ris/PycharmProjects/pythonProject/USA-housing/venv/lib/python3.10/site-packages/airflow/example_dags/example_branch_day_of_week_operator.py for tasks to queue
[2023-03-04T10:49:55.722+0530] {logging_mixin.py:137} INFO - [2023-03-04T10:49:55.722+0530] {dagbag.py:538} INFO - Filling up the DagBag from /home/ris/PycharmProjects/pythonProject/USA-housing/venv/lib/python3.10/site-packages/airflow/example_dags/example_branch_day_of_week_operator.py
[2023-03-04T10:49:55.737+0530] {processor.py:753} INFO - DAG(s) dict_keys(['example_weekday_branch_operator']) retrieved from /home/ris/PycharmProjects/pythonProject/USA-housing/venv/lib/python3.10/site-packages/airflow/example_dags/example_branch_day_of_week_operator.py
[2023-03-04T10:49:55.755+0530] {logging_mixin.py:137} INFO - [2023-03-04T10:49:55.755+0530] {dag.py:2690} INFO - Sync 1 DAGs
[2023-03-04T10:49:55.778+0530] {logging_mixin.py:137} INFO - [2023-03-04T10:49:55.778+0530] {dag.py:3437} INFO - Setting next_dagrun for example_weekday_branch_operator to 2023-03-03T00:00:00+00:00, run_after=2023-03-04T00:00:00+00:00
[2023-03-04T10:49:55.802+0530] {processor.py:175} INFO - Processing /home/ris/PycharmProjects/pythonProject/USA-housing/venv/lib/python3.10/site-packages/airflow/example_dags/example_branch_day_of_week_operator.py took 0.085 seconds
[2023-03-04T10:50:44.441+0530] {processor.py:153} INFO - Started process (PID=34321) to work on /home/ris/PycharmProjects/pythonProject/USA-housing/venv/lib/python3.10/site-packages/airflow/example_dags/example_branch_day_of_week_operator.py
[2023-03-04T10:50:44.443+0530] {processor.py:743} INFO - Processing file /home/ris/PycharmProjects/pythonProject/USA-housing/venv/lib/python3.10/site-packages/airflow/example_dags/example_branch_day_of_week_operator.py for tasks to queue
[2023-03-04T10:50:44.444+0530] {logging_mixin.py:137} INFO - [2023-03-04T10:50:44.444+0530] {dagbag.py:538} INFO - Filling up the DagBag from /home/ris/PycharmProjects/pythonProject/USA-housing/venv/lib/python3.10/site-packages/airflow/example_dags/example_branch_day_of_week_operator.py
[2023-03-04T10:50:44.465+0530] {processor.py:753} INFO - DAG(s) dict_keys(['example_weekday_branch_operator']) retrieved from /home/ris/PycharmProjects/pythonProject/USA-housing/venv/lib/python3.10/site-packages/airflow/example_dags/example_branch_day_of_week_operator.py
[2023-03-04T10:50:44.488+0530] {logging_mixin.py:137} INFO - [2023-03-04T10:50:44.488+0530] {dag.py:2690} INFO - Sync 1 DAGs
[2023-03-04T10:50:44.518+0530] {logging_mixin.py:137} INFO - [2023-03-04T10:50:44.518+0530] {dag.py:3437} INFO - Setting next_dagrun for example_weekday_branch_operator to 2023-03-03T00:00:00+00:00, run_after=2023-03-04T00:00:00+00:00
[2023-03-04T10:50:44.559+0530] {processor.py:175} INFO - Processing /home/ris/PycharmProjects/pythonProject/USA-housing/venv/lib/python3.10/site-packages/airflow/example_dags/example_branch_day_of_week_operator.py took 0.122 seconds
[2023-03-04T10:51:37.478+0530] {processor.py:153} INFO - Started process (PID=34388) to work on /home/ris/PycharmProjects/pythonProject/USA-housing/venv/lib/python3.10/site-packages/airflow/example_dags/example_branch_day_of_week_operator.py
[2023-03-04T10:51:37.480+0530] {processor.py:743} INFO - Processing file /home/ris/PycharmProjects/pythonProject/USA-housing/venv/lib/python3.10/site-packages/airflow/example_dags/example_branch_day_of_week_operator.py for tasks to queue
[2023-03-04T10:51:37.481+0530] {logging_mixin.py:137} INFO - [2023-03-04T10:51:37.481+0530] {dagbag.py:538} INFO - Filling up the DagBag from /home/ris/PycharmProjects/pythonProject/USA-housing/venv/lib/python3.10/site-packages/airflow/example_dags/example_branch_day_of_week_operator.py
[2023-03-04T10:51:37.496+0530] {processor.py:753} INFO - DAG(s) dict_keys(['example_weekday_branch_operator']) retrieved from /home/ris/PycharmProjects/pythonProject/USA-housing/venv/lib/python3.10/site-packages/airflow/example_dags/example_branch_day_of_week_operator.py
[2023-03-04T10:51:37.515+0530] {logging_mixin.py:137} INFO - [2023-03-04T10:51:37.514+0530] {dag.py:2690} INFO - Sync 1 DAGs
[2023-03-04T10:51:37.538+0530] {logging_mixin.py:137} INFO - [2023-03-04T10:51:37.538+0530] {dag.py:3437} INFO - Setting next_dagrun for example_weekday_branch_operator to 2023-03-03T00:00:00+00:00, run_after=2023-03-04T00:00:00+00:00
[2023-03-04T10:51:37.562+0530] {processor.py:175} INFO - Processing /home/ris/PycharmProjects/pythonProject/USA-housing/venv/lib/python3.10/site-packages/airflow/example_dags/example_branch_day_of_week_operator.py took 0.087 seconds
[2023-03-04T10:52:24.950+0530] {processor.py:153} INFO - Started process (PID=34458) to work on /home/ris/PycharmProjects/pythonProject/USA-housing/venv/lib/python3.10/site-packages/airflow/example_dags/example_branch_day_of_week_operator.py
[2023-03-04T10:52:24.952+0530] {processor.py:743} INFO - Processing file /home/ris/PycharmProjects/pythonProject/USA-housing/venv/lib/python3.10/site-packages/airflow/example_dags/example_branch_day_of_week_operator.py for tasks to queue
[2023-03-04T10:52:24.952+0530] {logging_mixin.py:137} INFO - [2023-03-04T10:52:24.952+0530] {dagbag.py:538} INFO - Filling up the DagBag from /home/ris/PycharmProjects/pythonProject/USA-housing/venv/lib/python3.10/site-packages/airflow/example_dags/example_branch_day_of_week_operator.py
[2023-03-04T10:52:24.970+0530] {processor.py:753} INFO - DAG(s) dict_keys(['example_weekday_branch_operator']) retrieved from /home/ris/PycharmProjects/pythonProject/USA-housing/venv/lib/python3.10/site-packages/airflow/example_dags/example_branch_day_of_week_operator.py
[2023-03-04T10:52:24.990+0530] {logging_mixin.py:137} INFO - [2023-03-04T10:52:24.990+0530] {dag.py:2690} INFO - Sync 1 DAGs
[2023-03-04T10:52:25.010+0530] {logging_mixin.py:137} INFO - [2023-03-04T10:52:25.009+0530] {dag.py:3437} INFO - Setting next_dagrun for example_weekday_branch_operator to 2023-03-03T00:00:00+00:00, run_after=2023-03-04T00:00:00+00:00
[2023-03-04T10:52:25.029+0530] {processor.py:175} INFO - Processing /home/ris/PycharmProjects/pythonProject/USA-housing/venv/lib/python3.10/site-packages/airflow/example_dags/example_branch_day_of_week_operator.py took 0.083 seconds
[2023-03-04T10:53:17.588+0530] {processor.py:153} INFO - Started process (PID=34587) to work on /home/ris/PycharmProjects/pythonProject/USA-housing/venv/lib/python3.10/site-packages/airflow/example_dags/example_branch_day_of_week_operator.py
[2023-03-04T10:53:17.590+0530] {processor.py:743} INFO - Processing file /home/ris/PycharmProjects/pythonProject/USA-housing/venv/lib/python3.10/site-packages/airflow/example_dags/example_branch_day_of_week_operator.py for tasks to queue
[2023-03-04T10:53:17.590+0530] {logging_mixin.py:137} INFO - [2023-03-04T10:53:17.590+0530] {dagbag.py:538} INFO - Filling up the DagBag from /home/ris/PycharmProjects/pythonProject/USA-housing/venv/lib/python3.10/site-packages/airflow/example_dags/example_branch_day_of_week_operator.py
[2023-03-04T10:53:17.610+0530] {processor.py:753} INFO - DAG(s) dict_keys(['example_weekday_branch_operator']) retrieved from /home/ris/PycharmProjects/pythonProject/USA-housing/venv/lib/python3.10/site-packages/airflow/example_dags/example_branch_day_of_week_operator.py
[2023-03-04T10:53:17.634+0530] {logging_mixin.py:137} INFO - [2023-03-04T10:53:17.633+0530] {dag.py:2690} INFO - Sync 1 DAGs
[2023-03-04T10:53:17.666+0530] {logging_mixin.py:137} INFO - [2023-03-04T10:53:17.665+0530] {dag.py:3437} INFO - Setting next_dagrun for example_weekday_branch_operator to 2023-03-03T00:00:00+00:00, run_after=2023-03-04T00:00:00+00:00
[2023-03-04T10:53:17.692+0530] {processor.py:175} INFO - Processing /home/ris/PycharmProjects/pythonProject/USA-housing/venv/lib/python3.10/site-packages/airflow/example_dags/example_branch_day_of_week_operator.py took 0.107 seconds
[2023-03-04T10:54:13.536+0530] {processor.py:153} INFO - Started process (PID=34740) to work on /home/ris/PycharmProjects/pythonProject/USA-housing/venv/lib/python3.10/site-packages/airflow/example_dags/example_branch_day_of_week_operator.py
[2023-03-04T10:54:13.538+0530] {processor.py:743} INFO - Processing file /home/ris/PycharmProjects/pythonProject/USA-housing/venv/lib/python3.10/site-packages/airflow/example_dags/example_branch_day_of_week_operator.py for tasks to queue
[2023-03-04T10:54:13.539+0530] {logging_mixin.py:137} INFO - [2023-03-04T10:54:13.539+0530] {dagbag.py:538} INFO - Filling up the DagBag from /home/ris/PycharmProjects/pythonProject/USA-housing/venv/lib/python3.10/site-packages/airflow/example_dags/example_branch_day_of_week_operator.py
[2023-03-04T10:54:13.555+0530] {processor.py:753} INFO - DAG(s) dict_keys(['example_weekday_branch_operator']) retrieved from /home/ris/PycharmProjects/pythonProject/USA-housing/venv/lib/python3.10/site-packages/airflow/example_dags/example_branch_day_of_week_operator.py
[2023-03-04T10:54:13.572+0530] {logging_mixin.py:137} INFO - [2023-03-04T10:54:13.572+0530] {dag.py:2690} INFO - Sync 1 DAGs
[2023-03-04T10:54:13.593+0530] {logging_mixin.py:137} INFO - [2023-03-04T10:54:13.593+0530] {dag.py:3437} INFO - Setting next_dagrun for example_weekday_branch_operator to 2023-03-03T00:00:00+00:00, run_after=2023-03-04T00:00:00+00:00
[2023-03-04T10:54:13.613+0530] {processor.py:175} INFO - Processing /home/ris/PycharmProjects/pythonProject/USA-housing/venv/lib/python3.10/site-packages/airflow/example_dags/example_branch_day_of_week_operator.py took 0.080 seconds
[2023-03-04T10:55:04.866+0530] {processor.py:153} INFO - Started process (PID=34812) to work on /home/ris/PycharmProjects/pythonProject/USA-housing/venv/lib/python3.10/site-packages/airflow/example_dags/example_branch_day_of_week_operator.py
[2023-03-04T10:55:04.868+0530] {processor.py:743} INFO - Processing file /home/ris/PycharmProjects/pythonProject/USA-housing/venv/lib/python3.10/site-packages/airflow/example_dags/example_branch_day_of_week_operator.py for tasks to queue
[2023-03-04T10:55:04.869+0530] {logging_mixin.py:137} INFO - [2023-03-04T10:55:04.868+0530] {dagbag.py:538} INFO - Filling up the DagBag from /home/ris/PycharmProjects/pythonProject/USA-housing/venv/lib/python3.10/site-packages/airflow/example_dags/example_branch_day_of_week_operator.py
[2023-03-04T10:55:04.885+0530] {processor.py:753} INFO - DAG(s) dict_keys(['example_weekday_branch_operator']) retrieved from /home/ris/PycharmProjects/pythonProject/USA-housing/venv/lib/python3.10/site-packages/airflow/example_dags/example_branch_day_of_week_operator.py
[2023-03-04T10:55:04.904+0530] {logging_mixin.py:137} INFO - [2023-03-04T10:55:04.903+0530] {dag.py:2690} INFO - Sync 1 DAGs
[2023-03-04T10:55:04.925+0530] {logging_mixin.py:137} INFO - [2023-03-04T10:55:04.925+0530] {dag.py:3437} INFO - Setting next_dagrun for example_weekday_branch_operator to 2023-03-03T00:00:00+00:00, run_after=2023-03-04T00:00:00+00:00
[2023-03-04T10:55:04.950+0530] {processor.py:175} INFO - Processing /home/ris/PycharmProjects/pythonProject/USA-housing/venv/lib/python3.10/site-packages/airflow/example_dags/example_branch_day_of_week_operator.py took 0.087 seconds
[2023-03-04T10:55:59.476+0530] {processor.py:153} INFO - Started process (PID=34882) to work on /home/ris/PycharmProjects/pythonProject/USA-housing/venv/lib/python3.10/site-packages/airflow/example_dags/example_branch_day_of_week_operator.py
[2023-03-04T10:55:59.477+0530] {processor.py:743} INFO - Processing file /home/ris/PycharmProjects/pythonProject/USA-housing/venv/lib/python3.10/site-packages/airflow/example_dags/example_branch_day_of_week_operator.py for tasks to queue
[2023-03-04T10:55:59.478+0530] {logging_mixin.py:137} INFO - [2023-03-04T10:55:59.478+0530] {dagbag.py:538} INFO - Filling up the DagBag from /home/ris/PycharmProjects/pythonProject/USA-housing/venv/lib/python3.10/site-packages/airflow/example_dags/example_branch_day_of_week_operator.py
[2023-03-04T10:55:59.495+0530] {processor.py:753} INFO - DAG(s) dict_keys(['example_weekday_branch_operator']) retrieved from /home/ris/PycharmProjects/pythonProject/USA-housing/venv/lib/python3.10/site-packages/airflow/example_dags/example_branch_day_of_week_operator.py
[2023-03-04T10:55:59.514+0530] {logging_mixin.py:137} INFO - [2023-03-04T10:55:59.514+0530] {dag.py:2690} INFO - Sync 1 DAGs
[2023-03-04T10:55:59.535+0530] {logging_mixin.py:137} INFO - [2023-03-04T10:55:59.535+0530] {dag.py:3437} INFO - Setting next_dagrun for example_weekday_branch_operator to 2023-03-03T00:00:00+00:00, run_after=2023-03-04T00:00:00+00:00
[2023-03-04T10:55:59.556+0530] {processor.py:175} INFO - Processing /home/ris/PycharmProjects/pythonProject/USA-housing/venv/lib/python3.10/site-packages/airflow/example_dags/example_branch_day_of_week_operator.py took 0.085 seconds
[2023-03-04T10:56:58.630+0530] {processor.py:153} INFO - Started process (PID=34977) to work on /home/ris/PycharmProjects/pythonProject/USA-housing/venv/lib/python3.10/site-packages/airflow/example_dags/example_branch_day_of_week_operator.py
[2023-03-04T10:56:58.632+0530] {processor.py:743} INFO - Processing file /home/ris/PycharmProjects/pythonProject/USA-housing/venv/lib/python3.10/site-packages/airflow/example_dags/example_branch_day_of_week_operator.py for tasks to queue
[2023-03-04T10:56:58.634+0530] {logging_mixin.py:137} INFO - [2023-03-04T10:56:58.634+0530] {dagbag.py:538} INFO - Filling up the DagBag from /home/ris/PycharmProjects/pythonProject/USA-housing/venv/lib/python3.10/site-packages/airflow/example_dags/example_branch_day_of_week_operator.py
[2023-03-04T10:56:58.656+0530] {processor.py:753} INFO - DAG(s) dict_keys(['example_weekday_branch_operator']) retrieved from /home/ris/PycharmProjects/pythonProject/USA-housing/venv/lib/python3.10/site-packages/airflow/example_dags/example_branch_day_of_week_operator.py
[2023-03-04T10:56:58.678+0530] {logging_mixin.py:137} INFO - [2023-03-04T10:56:58.678+0530] {dag.py:2690} INFO - Sync 1 DAGs
[2023-03-04T10:56:58.703+0530] {logging_mixin.py:137} INFO - [2023-03-04T10:56:58.702+0530] {dag.py:3437} INFO - Setting next_dagrun for example_weekday_branch_operator to 2023-03-03T00:00:00+00:00, run_after=2023-03-04T00:00:00+00:00
[2023-03-04T10:56:58.725+0530] {processor.py:175} INFO - Processing /home/ris/PycharmProjects/pythonProject/USA-housing/venv/lib/python3.10/site-packages/airflow/example_dags/example_branch_day_of_week_operator.py took 0.100 seconds
[2023-03-04T10:57:52.718+0530] {processor.py:153} INFO - Started process (PID=35053) to work on /home/ris/PycharmProjects/pythonProject/USA-housing/venv/lib/python3.10/site-packages/airflow/example_dags/example_branch_day_of_week_operator.py
[2023-03-04T10:57:52.720+0530] {processor.py:743} INFO - Processing file /home/ris/PycharmProjects/pythonProject/USA-housing/venv/lib/python3.10/site-packages/airflow/example_dags/example_branch_day_of_week_operator.py for tasks to queue
[2023-03-04T10:57:52.721+0530] {logging_mixin.py:137} INFO - [2023-03-04T10:57:52.721+0530] {dagbag.py:538} INFO - Filling up the DagBag from /home/ris/PycharmProjects/pythonProject/USA-housing/venv/lib/python3.10/site-packages/airflow/example_dags/example_branch_day_of_week_operator.py
[2023-03-04T10:57:52.735+0530] {processor.py:753} INFO - DAG(s) dict_keys(['example_weekday_branch_operator']) retrieved from /home/ris/PycharmProjects/pythonProject/USA-housing/venv/lib/python3.10/site-packages/airflow/example_dags/example_branch_day_of_week_operator.py
[2023-03-04T10:57:52.755+0530] {logging_mixin.py:137} INFO - [2023-03-04T10:57:52.754+0530] {dag.py:2690} INFO - Sync 1 DAGs
[2023-03-04T10:57:52.781+0530] {logging_mixin.py:137} INFO - [2023-03-04T10:57:52.781+0530] {dag.py:3437} INFO - Setting next_dagrun for example_weekday_branch_operator to 2023-03-03T00:00:00+00:00, run_after=2023-03-04T00:00:00+00:00
[2023-03-04T10:57:52.810+0530] {processor.py:175} INFO - Processing /home/ris/PycharmProjects/pythonProject/USA-housing/venv/lib/python3.10/site-packages/airflow/example_dags/example_branch_day_of_week_operator.py took 0.095 seconds
[2023-03-04T11:01:42.740+0530] {processor.py:153} INFO - Started process (PID=35232) to work on /home/ris/PycharmProjects/pythonProject/USA-housing/venv/lib/python3.10/site-packages/airflow/example_dags/example_branch_day_of_week_operator.py
[2023-03-04T11:01:42.743+0530] {processor.py:743} INFO - Processing file /home/ris/PycharmProjects/pythonProject/USA-housing/venv/lib/python3.10/site-packages/airflow/example_dags/example_branch_day_of_week_operator.py for tasks to queue
[2023-03-04T11:01:42.744+0530] {logging_mixin.py:137} INFO - [2023-03-04T11:01:42.743+0530] {dagbag.py:538} INFO - Filling up the DagBag from /home/ris/PycharmProjects/pythonProject/USA-housing/venv/lib/python3.10/site-packages/airflow/example_dags/example_branch_day_of_week_operator.py
[2023-03-04T11:01:42.774+0530] {processor.py:753} INFO - DAG(s) dict_keys(['example_weekday_branch_operator']) retrieved from /home/ris/PycharmProjects/pythonProject/USA-housing/venv/lib/python3.10/site-packages/airflow/example_dags/example_branch_day_of_week_operator.py
[2023-03-04T11:01:42.796+0530] {logging_mixin.py:137} INFO - [2023-03-04T11:01:42.796+0530] {dag.py:2690} INFO - Sync 1 DAGs
[2023-03-04T11:01:42.814+0530] {logging_mixin.py:137} INFO - [2023-03-04T11:01:42.814+0530] {dag.py:3437} INFO - Setting next_dagrun for example_weekday_branch_operator to 2023-03-03T00:00:00+00:00, run_after=2023-03-04T00:00:00+00:00
[2023-03-04T11:01:42.831+0530] {processor.py:175} INFO - Processing /home/ris/PycharmProjects/pythonProject/USA-housing/venv/lib/python3.10/site-packages/airflow/example_dags/example_branch_day_of_week_operator.py took 0.096 seconds
