[2023-03-04T09:23:48.364+0530] {processor.py:153} INFO - Started process (PID=29722) to work on /home/ris/PycharmProjects/pythonProject/USA-housing/venv/lib/python3.10/site-packages/airflow/example_dags/example_branch_operator_decorator.py
[2023-03-04T09:23:48.364+0530] {processor.py:743} INFO - Processing file /home/ris/PycharmProjects/pythonProject/USA-housing/venv/lib/python3.10/site-packages/airflow/example_dags/example_branch_operator_decorator.py for tasks to queue
[2023-03-04T09:23:48.365+0530] {logging_mixin.py:137} INFO - [2023-03-04T09:23:48.365+0530] {dagbag.py:538} INFO - Filling up the DagBag from /home/ris/PycharmProjects/pythonProject/USA-housing/venv/lib/python3.10/site-packages/airflow/example_dags/example_branch_operator_decorator.py
[2023-03-04T09:23:48.385+0530] {processor.py:753} INFO - DAG(s) dict_keys(['example_branch_python_operator_decorator']) retrieved from /home/ris/PycharmProjects/pythonProject/USA-housing/venv/lib/python3.10/site-packages/airflow/example_dags/example_branch_operator_decorator.py
[2023-03-04T09:23:48.401+0530] {logging_mixin.py:137} INFO - [2023-03-04T09:23:48.401+0530] {dag.py:2690} INFO - Sync 1 DAGs
[2023-03-04T09:23:48.422+0530] {logging_mixin.py:137} INFO - [2023-03-04T09:23:48.421+0530] {dag.py:3437} INFO - Setting next_dagrun for example_branch_python_operator_decorator to 2023-03-03T00:00:00+00:00, run_after=2023-03-04T00:00:00+00:00
[2023-03-04T09:23:48.441+0530] {processor.py:175} INFO - Processing /home/ris/PycharmProjects/pythonProject/USA-housing/venv/lib/python3.10/site-packages/airflow/example_dags/example_branch_operator_decorator.py took 0.080 seconds
[2023-03-04T09:24:36.853+0530] {processor.py:153} INFO - Started process (PID=29769) to work on /home/ris/PycharmProjects/pythonProject/USA-housing/venv/lib/python3.10/site-packages/airflow/example_dags/example_branch_operator_decorator.py
[2023-03-04T09:24:36.855+0530] {processor.py:743} INFO - Processing file /home/ris/PycharmProjects/pythonProject/USA-housing/venv/lib/python3.10/site-packages/airflow/example_dags/example_branch_operator_decorator.py for tasks to queue
[2023-03-04T09:24:36.856+0530] {logging_mixin.py:137} INFO - [2023-03-04T09:24:36.856+0530] {dagbag.py:538} INFO - Filling up the DagBag from /home/ris/PycharmProjects/pythonProject/USA-housing/venv/lib/python3.10/site-packages/airflow/example_dags/example_branch_operator_decorator.py
[2023-03-04T09:24:36.899+0530] {processor.py:753} INFO - DAG(s) dict_keys(['example_branch_python_operator_decorator']) retrieved from /home/ris/PycharmProjects/pythonProject/USA-housing/venv/lib/python3.10/site-packages/airflow/example_dags/example_branch_operator_decorator.py
[2023-03-04T09:24:36.915+0530] {logging_mixin.py:137} INFO - [2023-03-04T09:24:36.915+0530] {dag.py:2690} INFO - Sync 1 DAGs
[2023-03-04T09:24:36.934+0530] {logging_mixin.py:137} INFO - [2023-03-04T09:24:36.933+0530] {dag.py:3437} INFO - Setting next_dagrun for example_branch_python_operator_decorator to 2023-03-03T00:00:00+00:00, run_after=2023-03-04T00:00:00+00:00
[2023-03-04T09:24:36.951+0530] {processor.py:175} INFO - Processing /home/ris/PycharmProjects/pythonProject/USA-housing/venv/lib/python3.10/site-packages/airflow/example_dags/example_branch_operator_decorator.py took 0.102 seconds
[2023-03-04T09:25:24.203+0530] {processor.py:153} INFO - Started process (PID=29822) to work on /home/ris/PycharmProjects/pythonProject/USA-housing/venv/lib/python3.10/site-packages/airflow/example_dags/example_branch_operator_decorator.py
[2023-03-04T09:25:24.205+0530] {processor.py:743} INFO - Processing file /home/ris/PycharmProjects/pythonProject/USA-housing/venv/lib/python3.10/site-packages/airflow/example_dags/example_branch_operator_decorator.py for tasks to queue
[2023-03-04T09:25:24.207+0530] {logging_mixin.py:137} INFO - [2023-03-04T09:25:24.206+0530] {dagbag.py:538} INFO - Filling up the DagBag from /home/ris/PycharmProjects/pythonProject/USA-housing/venv/lib/python3.10/site-packages/airflow/example_dags/example_branch_operator_decorator.py
[2023-03-04T09:25:24.252+0530] {processor.py:753} INFO - DAG(s) dict_keys(['example_branch_python_operator_decorator']) retrieved from /home/ris/PycharmProjects/pythonProject/USA-housing/venv/lib/python3.10/site-packages/airflow/example_dags/example_branch_operator_decorator.py
[2023-03-04T09:25:24.269+0530] {logging_mixin.py:137} INFO - [2023-03-04T09:25:24.268+0530] {dag.py:2690} INFO - Sync 1 DAGs
[2023-03-04T09:25:24.286+0530] {logging_mixin.py:137} INFO - [2023-03-04T09:25:24.286+0530] {dag.py:3437} INFO - Setting next_dagrun for example_branch_python_operator_decorator to 2023-03-03T00:00:00+00:00, run_after=2023-03-04T00:00:00+00:00
[2023-03-04T09:25:24.303+0530] {processor.py:175} INFO - Processing /home/ris/PycharmProjects/pythonProject/USA-housing/venv/lib/python3.10/site-packages/airflow/example_dags/example_branch_operator_decorator.py took 0.104 seconds
[2023-03-04T09:26:10.697+0530] {processor.py:153} INFO - Started process (PID=30104) to work on /home/ris/PycharmProjects/pythonProject/USA-housing/venv/lib/python3.10/site-packages/airflow/example_dags/example_branch_operator_decorator.py
[2023-03-04T09:26:10.699+0530] {processor.py:743} INFO - Processing file /home/ris/PycharmProjects/pythonProject/USA-housing/venv/lib/python3.10/site-packages/airflow/example_dags/example_branch_operator_decorator.py for tasks to queue
[2023-03-04T09:26:10.700+0530] {logging_mixin.py:137} INFO - [2023-03-04T09:26:10.700+0530] {dagbag.py:538} INFO - Filling up the DagBag from /home/ris/PycharmProjects/pythonProject/USA-housing/venv/lib/python3.10/site-packages/airflow/example_dags/example_branch_operator_decorator.py
[2023-03-04T09:26:10.744+0530] {processor.py:753} INFO - DAG(s) dict_keys(['example_branch_python_operator_decorator']) retrieved from /home/ris/PycharmProjects/pythonProject/USA-housing/venv/lib/python3.10/site-packages/airflow/example_dags/example_branch_operator_decorator.py
[2023-03-04T09:26:10.760+0530] {logging_mixin.py:137} INFO - [2023-03-04T09:26:10.760+0530] {dag.py:2690} INFO - Sync 1 DAGs
[2023-03-04T09:26:10.777+0530] {logging_mixin.py:137} INFO - [2023-03-04T09:26:10.777+0530] {dag.py:3437} INFO - Setting next_dagrun for example_branch_python_operator_decorator to 2023-03-03T00:00:00+00:00, run_after=2023-03-04T00:00:00+00:00
[2023-03-04T09:26:10.796+0530] {processor.py:175} INFO - Processing /home/ris/PycharmProjects/pythonProject/USA-housing/venv/lib/python3.10/site-packages/airflow/example_dags/example_branch_operator_decorator.py took 0.104 seconds
[2023-03-04T09:26:59.627+0530] {processor.py:153} INFO - Started process (PID=30152) to work on /home/ris/PycharmProjects/pythonProject/USA-housing/venv/lib/python3.10/site-packages/airflow/example_dags/example_branch_operator_decorator.py
[2023-03-04T09:26:59.629+0530] {processor.py:743} INFO - Processing file /home/ris/PycharmProjects/pythonProject/USA-housing/venv/lib/python3.10/site-packages/airflow/example_dags/example_branch_operator_decorator.py for tasks to queue
[2023-03-04T09:26:59.630+0530] {logging_mixin.py:137} INFO - [2023-03-04T09:26:59.630+0530] {dagbag.py:538} INFO - Filling up the DagBag from /home/ris/PycharmProjects/pythonProject/USA-housing/venv/lib/python3.10/site-packages/airflow/example_dags/example_branch_operator_decorator.py
[2023-03-04T09:26:59.662+0530] {processor.py:753} INFO - DAG(s) dict_keys(['example_branch_python_operator_decorator']) retrieved from /home/ris/PycharmProjects/pythonProject/USA-housing/venv/lib/python3.10/site-packages/airflow/example_dags/example_branch_operator_decorator.py
[2023-03-04T09:26:59.678+0530] {logging_mixin.py:137} INFO - [2023-03-04T09:26:59.678+0530] {dag.py:2690} INFO - Sync 1 DAGs
[2023-03-04T09:26:59.695+0530] {logging_mixin.py:137} INFO - [2023-03-04T09:26:59.695+0530] {dag.py:3437} INFO - Setting next_dagrun for example_branch_python_operator_decorator to 2023-03-03T00:00:00+00:00, run_after=2023-03-04T00:00:00+00:00
[2023-03-04T09:26:59.713+0530] {processor.py:175} INFO - Processing /home/ris/PycharmProjects/pythonProject/USA-housing/venv/lib/python3.10/site-packages/airflow/example_dags/example_branch_operator_decorator.py took 0.091 seconds
[2023-03-04T09:27:48.978+0530] {processor.py:153} INFO - Started process (PID=30202) to work on /home/ris/PycharmProjects/pythonProject/USA-housing/venv/lib/python3.10/site-packages/airflow/example_dags/example_branch_operator_decorator.py
[2023-03-04T09:27:48.980+0530] {processor.py:743} INFO - Processing file /home/ris/PycharmProjects/pythonProject/USA-housing/venv/lib/python3.10/site-packages/airflow/example_dags/example_branch_operator_decorator.py for tasks to queue
[2023-03-04T09:27:48.981+0530] {logging_mixin.py:137} INFO - [2023-03-04T09:27:48.981+0530] {dagbag.py:538} INFO - Filling up the DagBag from /home/ris/PycharmProjects/pythonProject/USA-housing/venv/lib/python3.10/site-packages/airflow/example_dags/example_branch_operator_decorator.py
[2023-03-04T09:27:49.025+0530] {processor.py:753} INFO - DAG(s) dict_keys(['example_branch_python_operator_decorator']) retrieved from /home/ris/PycharmProjects/pythonProject/USA-housing/venv/lib/python3.10/site-packages/airflow/example_dags/example_branch_operator_decorator.py
[2023-03-04T09:27:49.040+0530] {logging_mixin.py:137} INFO - [2023-03-04T09:27:49.040+0530] {dag.py:2690} INFO - Sync 1 DAGs
[2023-03-04T09:27:49.057+0530] {logging_mixin.py:137} INFO - [2023-03-04T09:27:49.057+0530] {dag.py:3437} INFO - Setting next_dagrun for example_branch_python_operator_decorator to 2023-03-03T00:00:00+00:00, run_after=2023-03-04T00:00:00+00:00
[2023-03-04T09:27:49.078+0530] {processor.py:175} INFO - Processing /home/ris/PycharmProjects/pythonProject/USA-housing/venv/lib/python3.10/site-packages/airflow/example_dags/example_branch_operator_decorator.py took 0.104 seconds
[2023-03-04T09:28:28.623+0530] {processor.py:153} INFO - Started process (PID=30246) to work on /home/ris/PycharmProjects/pythonProject/USA-housing/venv/lib/python3.10/site-packages/airflow/example_dags/example_branch_operator_decorator.py
[2023-03-04T09:28:28.625+0530] {processor.py:743} INFO - Processing file /home/ris/PycharmProjects/pythonProject/USA-housing/venv/lib/python3.10/site-packages/airflow/example_dags/example_branch_operator_decorator.py for tasks to queue
[2023-03-04T09:28:28.626+0530] {logging_mixin.py:137} INFO - [2023-03-04T09:28:28.626+0530] {dagbag.py:538} INFO - Filling up the DagBag from /home/ris/PycharmProjects/pythonProject/USA-housing/venv/lib/python3.10/site-packages/airflow/example_dags/example_branch_operator_decorator.py
[2023-03-04T09:28:28.647+0530] {processor.py:753} INFO - DAG(s) dict_keys(['example_branch_python_operator_decorator']) retrieved from /home/ris/PycharmProjects/pythonProject/USA-housing/venv/lib/python3.10/site-packages/airflow/example_dags/example_branch_operator_decorator.py
[2023-03-04T09:28:28.663+0530] {logging_mixin.py:137} INFO - [2023-03-04T09:28:28.663+0530] {dag.py:2690} INFO - Sync 1 DAGs
[2023-03-04T09:28:28.682+0530] {logging_mixin.py:137} INFO - [2023-03-04T09:28:28.682+0530] {dag.py:3437} INFO - Setting next_dagrun for example_branch_python_operator_decorator to 2023-03-03T00:00:00+00:00, run_after=2023-03-04T00:00:00+00:00
[2023-03-04T09:28:28.699+0530] {processor.py:175} INFO - Processing /home/ris/PycharmProjects/pythonProject/USA-housing/venv/lib/python3.10/site-packages/airflow/example_dags/example_branch_operator_decorator.py took 0.080 seconds
[2023-03-04T09:29:14.153+0530] {processor.py:153} INFO - Started process (PID=30293) to work on /home/ris/PycharmProjects/pythonProject/USA-housing/venv/lib/python3.10/site-packages/airflow/example_dags/example_branch_operator_decorator.py
[2023-03-04T09:29:14.156+0530] {processor.py:743} INFO - Processing file /home/ris/PycharmProjects/pythonProject/USA-housing/venv/lib/python3.10/site-packages/airflow/example_dags/example_branch_operator_decorator.py for tasks to queue
[2023-03-04T09:29:14.157+0530] {logging_mixin.py:137} INFO - [2023-03-04T09:29:14.157+0530] {dagbag.py:538} INFO - Filling up the DagBag from /home/ris/PycharmProjects/pythonProject/USA-housing/venv/lib/python3.10/site-packages/airflow/example_dags/example_branch_operator_decorator.py
[2023-03-04T09:29:14.201+0530] {processor.py:753} INFO - DAG(s) dict_keys(['example_branch_python_operator_decorator']) retrieved from /home/ris/PycharmProjects/pythonProject/USA-housing/venv/lib/python3.10/site-packages/airflow/example_dags/example_branch_operator_decorator.py
[2023-03-04T09:29:14.217+0530] {logging_mixin.py:137} INFO - [2023-03-04T09:29:14.217+0530] {dag.py:2690} INFO - Sync 1 DAGs
[2023-03-04T09:29:14.235+0530] {logging_mixin.py:137} INFO - [2023-03-04T09:29:14.235+0530] {dag.py:3437} INFO - Setting next_dagrun for example_branch_python_operator_decorator to 2023-03-03T00:00:00+00:00, run_after=2023-03-04T00:00:00+00:00
[2023-03-04T09:29:14.252+0530] {processor.py:175} INFO - Processing /home/ris/PycharmProjects/pythonProject/USA-housing/venv/lib/python3.10/site-packages/airflow/example_dags/example_branch_operator_decorator.py took 0.103 seconds
[2023-03-04T09:30:01.125+0530] {processor.py:153} INFO - Started process (PID=30343) to work on /home/ris/PycharmProjects/pythonProject/USA-housing/venv/lib/python3.10/site-packages/airflow/example_dags/example_branch_operator_decorator.py
[2023-03-04T09:30:01.127+0530] {processor.py:743} INFO - Processing file /home/ris/PycharmProjects/pythonProject/USA-housing/venv/lib/python3.10/site-packages/airflow/example_dags/example_branch_operator_decorator.py for tasks to queue
[2023-03-04T09:30:01.128+0530] {logging_mixin.py:137} INFO - [2023-03-04T09:30:01.128+0530] {dagbag.py:538} INFO - Filling up the DagBag from /home/ris/PycharmProjects/pythonProject/USA-housing/venv/lib/python3.10/site-packages/airflow/example_dags/example_branch_operator_decorator.py
[2023-03-04T09:30:01.148+0530] {processor.py:753} INFO - DAG(s) dict_keys(['example_branch_python_operator_decorator']) retrieved from /home/ris/PycharmProjects/pythonProject/USA-housing/venv/lib/python3.10/site-packages/airflow/example_dags/example_branch_operator_decorator.py
[2023-03-04T09:30:01.174+0530] {logging_mixin.py:137} INFO - [2023-03-04T09:30:01.173+0530] {dag.py:2690} INFO - Sync 1 DAGs
[2023-03-04T09:30:01.193+0530] {logging_mixin.py:137} INFO - [2023-03-04T09:30:01.193+0530] {dag.py:3437} INFO - Setting next_dagrun for example_branch_python_operator_decorator to 2023-03-03T00:00:00+00:00, run_after=2023-03-04T00:00:00+00:00
[2023-03-04T09:30:01.214+0530] {processor.py:175} INFO - Processing /home/ris/PycharmProjects/pythonProject/USA-housing/venv/lib/python3.10/site-packages/airflow/example_dags/example_branch_operator_decorator.py took 0.091 seconds
[2023-03-04T09:30:50.157+0530] {processor.py:153} INFO - Started process (PID=30395) to work on /home/ris/PycharmProjects/pythonProject/USA-housing/venv/lib/python3.10/site-packages/airflow/example_dags/example_branch_operator_decorator.py
[2023-03-04T09:30:50.159+0530] {processor.py:743} INFO - Processing file /home/ris/PycharmProjects/pythonProject/USA-housing/venv/lib/python3.10/site-packages/airflow/example_dags/example_branch_operator_decorator.py for tasks to queue
[2023-03-04T09:30:50.160+0530] {logging_mixin.py:137} INFO - [2023-03-04T09:30:50.160+0530] {dagbag.py:538} INFO - Filling up the DagBag from /home/ris/PycharmProjects/pythonProject/USA-housing/venv/lib/python3.10/site-packages/airflow/example_dags/example_branch_operator_decorator.py
[2023-03-04T09:30:50.204+0530] {processor.py:753} INFO - DAG(s) dict_keys(['example_branch_python_operator_decorator']) retrieved from /home/ris/PycharmProjects/pythonProject/USA-housing/venv/lib/python3.10/site-packages/airflow/example_dags/example_branch_operator_decorator.py
[2023-03-04T09:30:50.221+0530] {logging_mixin.py:137} INFO - [2023-03-04T09:30:50.221+0530] {dag.py:2690} INFO - Sync 1 DAGs
[2023-03-04T09:30:50.238+0530] {logging_mixin.py:137} INFO - [2023-03-04T09:30:50.237+0530] {dag.py:3437} INFO - Setting next_dagrun for example_branch_python_operator_decorator to 2023-03-03T00:00:00+00:00, run_after=2023-03-04T00:00:00+00:00
[2023-03-04T09:30:50.255+0530] {processor.py:175} INFO - Processing /home/ris/PycharmProjects/pythonProject/USA-housing/venv/lib/python3.10/site-packages/airflow/example_dags/example_branch_operator_decorator.py took 0.102 seconds
[2023-03-04T09:31:37.446+0530] {processor.py:153} INFO - Started process (PID=30442) to work on /home/ris/PycharmProjects/pythonProject/USA-housing/venv/lib/python3.10/site-packages/airflow/example_dags/example_branch_operator_decorator.py
[2023-03-04T09:31:37.448+0530] {processor.py:743} INFO - Processing file /home/ris/PycharmProjects/pythonProject/USA-housing/venv/lib/python3.10/site-packages/airflow/example_dags/example_branch_operator_decorator.py for tasks to queue
[2023-03-04T09:31:37.449+0530] {logging_mixin.py:137} INFO - [2023-03-04T09:31:37.449+0530] {dagbag.py:538} INFO - Filling up the DagBag from /home/ris/PycharmProjects/pythonProject/USA-housing/venv/lib/python3.10/site-packages/airflow/example_dags/example_branch_operator_decorator.py
[2023-03-04T09:31:37.493+0530] {processor.py:753} INFO - DAG(s) dict_keys(['example_branch_python_operator_decorator']) retrieved from /home/ris/PycharmProjects/pythonProject/USA-housing/venv/lib/python3.10/site-packages/airflow/example_dags/example_branch_operator_decorator.py
[2023-03-04T09:31:37.508+0530] {logging_mixin.py:137} INFO - [2023-03-04T09:31:37.508+0530] {dag.py:2690} INFO - Sync 1 DAGs
[2023-03-04T09:31:37.525+0530] {logging_mixin.py:137} INFO - [2023-03-04T09:31:37.525+0530] {dag.py:3437} INFO - Setting next_dagrun for example_branch_python_operator_decorator to 2023-03-03T00:00:00+00:00, run_after=2023-03-04T00:00:00+00:00
[2023-03-04T09:31:37.542+0530] {processor.py:175} INFO - Processing /home/ris/PycharmProjects/pythonProject/USA-housing/venv/lib/python3.10/site-packages/airflow/example_dags/example_branch_operator_decorator.py took 0.101 seconds
[2023-03-04T09:32:22.744+0530] {processor.py:153} INFO - Started process (PID=30487) to work on /home/ris/PycharmProjects/pythonProject/USA-housing/venv/lib/python3.10/site-packages/airflow/example_dags/example_branch_operator_decorator.py
[2023-03-04T09:32:22.747+0530] {processor.py:743} INFO - Processing file /home/ris/PycharmProjects/pythonProject/USA-housing/venv/lib/python3.10/site-packages/airflow/example_dags/example_branch_operator_decorator.py for tasks to queue
[2023-03-04T09:32:22.748+0530] {logging_mixin.py:137} INFO - [2023-03-04T09:32:22.748+0530] {dagbag.py:538} INFO - Filling up the DagBag from /home/ris/PycharmProjects/pythonProject/USA-housing/venv/lib/python3.10/site-packages/airflow/example_dags/example_branch_operator_decorator.py
[2023-03-04T09:32:22.793+0530] {processor.py:753} INFO - DAG(s) dict_keys(['example_branch_python_operator_decorator']) retrieved from /home/ris/PycharmProjects/pythonProject/USA-housing/venv/lib/python3.10/site-packages/airflow/example_dags/example_branch_operator_decorator.py
[2023-03-04T09:32:22.809+0530] {logging_mixin.py:137} INFO - [2023-03-04T09:32:22.809+0530] {dag.py:2690} INFO - Sync 1 DAGs
[2023-03-04T09:32:22.826+0530] {logging_mixin.py:137} INFO - [2023-03-04T09:32:22.826+0530] {dag.py:3437} INFO - Setting next_dagrun for example_branch_python_operator_decorator to 2023-03-03T00:00:00+00:00, run_after=2023-03-04T00:00:00+00:00
[2023-03-04T09:32:22.844+0530] {processor.py:175} INFO - Processing /home/ris/PycharmProjects/pythonProject/USA-housing/venv/lib/python3.10/site-packages/airflow/example_dags/example_branch_operator_decorator.py took 0.104 seconds
[2023-03-04T09:33:11.318+0530] {processor.py:153} INFO - Started process (PID=30536) to work on /home/ris/PycharmProjects/pythonProject/USA-housing/venv/lib/python3.10/site-packages/airflow/example_dags/example_branch_operator_decorator.py
[2023-03-04T09:33:11.321+0530] {processor.py:743} INFO - Processing file /home/ris/PycharmProjects/pythonProject/USA-housing/venv/lib/python3.10/site-packages/airflow/example_dags/example_branch_operator_decorator.py for tasks to queue
[2023-03-04T09:33:11.322+0530] {logging_mixin.py:137} INFO - [2023-03-04T09:33:11.321+0530] {dagbag.py:538} INFO - Filling up the DagBag from /home/ris/PycharmProjects/pythonProject/USA-housing/venv/lib/python3.10/site-packages/airflow/example_dags/example_branch_operator_decorator.py
[2023-03-04T09:33:11.366+0530] {processor.py:753} INFO - DAG(s) dict_keys(['example_branch_python_operator_decorator']) retrieved from /home/ris/PycharmProjects/pythonProject/USA-housing/venv/lib/python3.10/site-packages/airflow/example_dags/example_branch_operator_decorator.py
[2023-03-04T09:33:11.382+0530] {logging_mixin.py:137} INFO - [2023-03-04T09:33:11.381+0530] {dag.py:2690} INFO - Sync 1 DAGs
[2023-03-04T09:33:11.400+0530] {logging_mixin.py:137} INFO - [2023-03-04T09:33:11.399+0530] {dag.py:3437} INFO - Setting next_dagrun for example_branch_python_operator_decorator to 2023-03-03T00:00:00+00:00, run_after=2023-03-04T00:00:00+00:00
[2023-03-04T09:33:11.417+0530] {processor.py:175} INFO - Processing /home/ris/PycharmProjects/pythonProject/USA-housing/venv/lib/python3.10/site-packages/airflow/example_dags/example_branch_operator_decorator.py took 0.103 seconds
[2023-03-04T09:34:02.549+0530] {processor.py:153} INFO - Started process (PID=30586) to work on /home/ris/PycharmProjects/pythonProject/USA-housing/venv/lib/python3.10/site-packages/airflow/example_dags/example_branch_operator_decorator.py
[2023-03-04T09:34:02.551+0530] {processor.py:743} INFO - Processing file /home/ris/PycharmProjects/pythonProject/USA-housing/venv/lib/python3.10/site-packages/airflow/example_dags/example_branch_operator_decorator.py for tasks to queue
[2023-03-04T09:34:02.551+0530] {logging_mixin.py:137} INFO - [2023-03-04T09:34:02.551+0530] {dagbag.py:538} INFO - Filling up the DagBag from /home/ris/PycharmProjects/pythonProject/USA-housing/venv/lib/python3.10/site-packages/airflow/example_dags/example_branch_operator_decorator.py
[2023-03-04T09:34:02.572+0530] {processor.py:753} INFO - DAG(s) dict_keys(['example_branch_python_operator_decorator']) retrieved from /home/ris/PycharmProjects/pythonProject/USA-housing/venv/lib/python3.10/site-packages/airflow/example_dags/example_branch_operator_decorator.py
[2023-03-04T09:34:02.589+0530] {logging_mixin.py:137} INFO - [2023-03-04T09:34:02.589+0530] {dag.py:2690} INFO - Sync 1 DAGs
[2023-03-04T09:34:02.606+0530] {logging_mixin.py:137} INFO - [2023-03-04T09:34:02.606+0530] {dag.py:3437} INFO - Setting next_dagrun for example_branch_python_operator_decorator to 2023-03-03T00:00:00+00:00, run_after=2023-03-04T00:00:00+00:00
[2023-03-04T09:34:02.623+0530] {processor.py:175} INFO - Processing /home/ris/PycharmProjects/pythonProject/USA-housing/venv/lib/python3.10/site-packages/airflow/example_dags/example_branch_operator_decorator.py took 0.076 seconds
[2023-03-04T09:34:48.409+0530] {processor.py:153} INFO - Started process (PID=30634) to work on /home/ris/PycharmProjects/pythonProject/USA-housing/venv/lib/python3.10/site-packages/airflow/example_dags/example_branch_operator_decorator.py
[2023-03-04T09:34:48.411+0530] {processor.py:743} INFO - Processing file /home/ris/PycharmProjects/pythonProject/USA-housing/venv/lib/python3.10/site-packages/airflow/example_dags/example_branch_operator_decorator.py for tasks to queue
[2023-03-04T09:34:48.412+0530] {logging_mixin.py:137} INFO - [2023-03-04T09:34:48.412+0530] {dagbag.py:538} INFO - Filling up the DagBag from /home/ris/PycharmProjects/pythonProject/USA-housing/venv/lib/python3.10/site-packages/airflow/example_dags/example_branch_operator_decorator.py
[2023-03-04T09:34:48.454+0530] {processor.py:753} INFO - DAG(s) dict_keys(['example_branch_python_operator_decorator']) retrieved from /home/ris/PycharmProjects/pythonProject/USA-housing/venv/lib/python3.10/site-packages/airflow/example_dags/example_branch_operator_decorator.py
[2023-03-04T09:34:48.471+0530] {logging_mixin.py:137} INFO - [2023-03-04T09:34:48.470+0530] {dag.py:2690} INFO - Sync 1 DAGs
[2023-03-04T09:34:48.488+0530] {logging_mixin.py:137} INFO - [2023-03-04T09:34:48.487+0530] {dag.py:3437} INFO - Setting next_dagrun for example_branch_python_operator_decorator to 2023-03-03T00:00:00+00:00, run_after=2023-03-04T00:00:00+00:00
[2023-03-04T09:34:48.507+0530] {processor.py:175} INFO - Processing /home/ris/PycharmProjects/pythonProject/USA-housing/venv/lib/python3.10/site-packages/airflow/example_dags/example_branch_operator_decorator.py took 0.102 seconds
[2023-03-04T09:35:33.164+0530] {processor.py:153} INFO - Started process (PID=30682) to work on /home/ris/PycharmProjects/pythonProject/USA-housing/venv/lib/python3.10/site-packages/airflow/example_dags/example_branch_operator_decorator.py
[2023-03-04T09:35:33.166+0530] {processor.py:743} INFO - Processing file /home/ris/PycharmProjects/pythonProject/USA-housing/venv/lib/python3.10/site-packages/airflow/example_dags/example_branch_operator_decorator.py for tasks to queue
[2023-03-04T09:35:33.168+0530] {logging_mixin.py:137} INFO - [2023-03-04T09:35:33.167+0530] {dagbag.py:538} INFO - Filling up the DagBag from /home/ris/PycharmProjects/pythonProject/USA-housing/venv/lib/python3.10/site-packages/airflow/example_dags/example_branch_operator_decorator.py
[2023-03-04T09:35:33.190+0530] {processor.py:753} INFO - DAG(s) dict_keys(['example_branch_python_operator_decorator']) retrieved from /home/ris/PycharmProjects/pythonProject/USA-housing/venv/lib/python3.10/site-packages/airflow/example_dags/example_branch_operator_decorator.py
[2023-03-04T09:35:33.206+0530] {logging_mixin.py:137} INFO - [2023-03-04T09:35:33.205+0530] {dag.py:2690} INFO - Sync 1 DAGs
[2023-03-04T09:35:33.223+0530] {logging_mixin.py:137} INFO - [2023-03-04T09:35:33.222+0530] {dag.py:3437} INFO - Setting next_dagrun for example_branch_python_operator_decorator to 2023-03-03T00:00:00+00:00, run_after=2023-03-04T00:00:00+00:00
[2023-03-04T09:35:33.241+0530] {processor.py:175} INFO - Processing /home/ris/PycharmProjects/pythonProject/USA-housing/venv/lib/python3.10/site-packages/airflow/example_dags/example_branch_operator_decorator.py took 0.081 seconds
[2023-03-04T10:25:05.279+0530] {processor.py:153} INFO - Started process (PID=31313) to work on /home/ris/PycharmProjects/pythonProject/USA-housing/venv/lib/python3.10/site-packages/airflow/example_dags/example_branch_operator_decorator.py
[2023-03-04T10:25:05.281+0530] {processor.py:743} INFO - Processing file /home/ris/PycharmProjects/pythonProject/USA-housing/venv/lib/python3.10/site-packages/airflow/example_dags/example_branch_operator_decorator.py for tasks to queue
[2023-03-04T10:25:05.281+0530] {logging_mixin.py:137} INFO - [2023-03-04T10:25:05.281+0530] {dagbag.py:538} INFO - Filling up the DagBag from /home/ris/PycharmProjects/pythonProject/USA-housing/venv/lib/python3.10/site-packages/airflow/example_dags/example_branch_operator_decorator.py
[2023-03-04T10:25:05.303+0530] {processor.py:753} INFO - DAG(s) dict_keys(['example_branch_python_operator_decorator']) retrieved from /home/ris/PycharmProjects/pythonProject/USA-housing/venv/lib/python3.10/site-packages/airflow/example_dags/example_branch_operator_decorator.py
[2023-03-04T10:25:05.319+0530] {logging_mixin.py:137} INFO - [2023-03-04T10:25:05.319+0530] {dag.py:2690} INFO - Sync 1 DAGs
[2023-03-04T10:25:05.338+0530] {logging_mixin.py:137} INFO - [2023-03-04T10:25:05.338+0530] {dag.py:3437} INFO - Setting next_dagrun for example_branch_python_operator_decorator to 2023-03-03T00:00:00+00:00, run_after=2023-03-04T00:00:00+00:00
[2023-03-04T10:25:05.355+0530] {processor.py:175} INFO - Processing /home/ris/PycharmProjects/pythonProject/USA-housing/venv/lib/python3.10/site-packages/airflow/example_dags/example_branch_operator_decorator.py took 0.079 seconds
[2023-03-04T10:25:51.535+0530] {processor.py:153} INFO - Started process (PID=31372) to work on /home/ris/PycharmProjects/pythonProject/USA-housing/venv/lib/python3.10/site-packages/airflow/example_dags/example_branch_operator_decorator.py
[2023-03-04T10:25:51.537+0530] {processor.py:743} INFO - Processing file /home/ris/PycharmProjects/pythonProject/USA-housing/venv/lib/python3.10/site-packages/airflow/example_dags/example_branch_operator_decorator.py for tasks to queue
[2023-03-04T10:25:51.538+0530] {logging_mixin.py:137} INFO - [2023-03-04T10:25:51.538+0530] {dagbag.py:538} INFO - Filling up the DagBag from /home/ris/PycharmProjects/pythonProject/USA-housing/venv/lib/python3.10/site-packages/airflow/example_dags/example_branch_operator_decorator.py
[2023-03-04T10:25:51.561+0530] {processor.py:753} INFO - DAG(s) dict_keys(['example_branch_python_operator_decorator']) retrieved from /home/ris/PycharmProjects/pythonProject/USA-housing/venv/lib/python3.10/site-packages/airflow/example_dags/example_branch_operator_decorator.py
[2023-03-04T10:25:51.577+0530] {logging_mixin.py:137} INFO - [2023-03-04T10:25:51.577+0530] {dag.py:2690} INFO - Sync 1 DAGs
[2023-03-04T10:25:51.597+0530] {logging_mixin.py:137} INFO - [2023-03-04T10:25:51.596+0530] {dag.py:3437} INFO - Setting next_dagrun for example_branch_python_operator_decorator to 2023-03-03T00:00:00+00:00, run_after=2023-03-04T00:00:00+00:00
[2023-03-04T10:25:51.614+0530] {processor.py:175} INFO - Processing /home/ris/PycharmProjects/pythonProject/USA-housing/venv/lib/python3.10/site-packages/airflow/example_dags/example_branch_operator_decorator.py took 0.081 seconds
[2023-03-04T10:26:39.617+0530] {processor.py:153} INFO - Started process (PID=31421) to work on /home/ris/PycharmProjects/pythonProject/USA-housing/venv/lib/python3.10/site-packages/airflow/example_dags/example_branch_operator_decorator.py
[2023-03-04T10:26:39.619+0530] {processor.py:743} INFO - Processing file /home/ris/PycharmProjects/pythonProject/USA-housing/venv/lib/python3.10/site-packages/airflow/example_dags/example_branch_operator_decorator.py for tasks to queue
[2023-03-04T10:26:39.620+0530] {logging_mixin.py:137} INFO - [2023-03-04T10:26:39.619+0530] {dagbag.py:538} INFO - Filling up the DagBag from /home/ris/PycharmProjects/pythonProject/USA-housing/venv/lib/python3.10/site-packages/airflow/example_dags/example_branch_operator_decorator.py
[2023-03-04T10:26:39.641+0530] {processor.py:753} INFO - DAG(s) dict_keys(['example_branch_python_operator_decorator']) retrieved from /home/ris/PycharmProjects/pythonProject/USA-housing/venv/lib/python3.10/site-packages/airflow/example_dags/example_branch_operator_decorator.py
[2023-03-04T10:26:39.658+0530] {logging_mixin.py:137} INFO - [2023-03-04T10:26:39.658+0530] {dag.py:2690} INFO - Sync 1 DAGs
[2023-03-04T10:26:39.676+0530] {logging_mixin.py:137} INFO - [2023-03-04T10:26:39.675+0530] {dag.py:3437} INFO - Setting next_dagrun for example_branch_python_operator_decorator to 2023-03-03T00:00:00+00:00, run_after=2023-03-04T00:00:00+00:00
[2023-03-04T10:26:39.693+0530] {processor.py:175} INFO - Processing /home/ris/PycharmProjects/pythonProject/USA-housing/venv/lib/python3.10/site-packages/airflow/example_dags/example_branch_operator_decorator.py took 0.078 seconds
[2023-03-04T10:27:24.457+0530] {processor.py:153} INFO - Started process (PID=31468) to work on /home/ris/PycharmProjects/pythonProject/USA-housing/venv/lib/python3.10/site-packages/airflow/example_dags/example_branch_operator_decorator.py
[2023-03-04T10:27:24.459+0530] {processor.py:743} INFO - Processing file /home/ris/PycharmProjects/pythonProject/USA-housing/venv/lib/python3.10/site-packages/airflow/example_dags/example_branch_operator_decorator.py for tasks to queue
[2023-03-04T10:27:24.461+0530] {logging_mixin.py:137} INFO - [2023-03-04T10:27:24.460+0530] {dagbag.py:538} INFO - Filling up the DagBag from /home/ris/PycharmProjects/pythonProject/USA-housing/venv/lib/python3.10/site-packages/airflow/example_dags/example_branch_operator_decorator.py
[2023-03-04T10:27:24.506+0530] {processor.py:753} INFO - DAG(s) dict_keys(['example_branch_python_operator_decorator']) retrieved from /home/ris/PycharmProjects/pythonProject/USA-housing/venv/lib/python3.10/site-packages/airflow/example_dags/example_branch_operator_decorator.py
[2023-03-04T10:27:24.528+0530] {logging_mixin.py:137} INFO - [2023-03-04T10:27:24.528+0530] {dag.py:2690} INFO - Sync 1 DAGs
[2023-03-04T10:27:24.550+0530] {logging_mixin.py:137} INFO - [2023-03-04T10:27:24.550+0530] {dag.py:3437} INFO - Setting next_dagrun for example_branch_python_operator_decorator to 2023-03-03T00:00:00+00:00, run_after=2023-03-04T00:00:00+00:00
[2023-03-04T10:27:24.574+0530] {processor.py:175} INFO - Processing /home/ris/PycharmProjects/pythonProject/USA-housing/venv/lib/python3.10/site-packages/airflow/example_dags/example_branch_operator_decorator.py took 0.122 seconds
[2023-03-04T10:28:13.908+0530] {processor.py:153} INFO - Started process (PID=31515) to work on /home/ris/PycharmProjects/pythonProject/USA-housing/venv/lib/python3.10/site-packages/airflow/example_dags/example_branch_operator_decorator.py
[2023-03-04T10:28:13.910+0530] {processor.py:743} INFO - Processing file /home/ris/PycharmProjects/pythonProject/USA-housing/venv/lib/python3.10/site-packages/airflow/example_dags/example_branch_operator_decorator.py for tasks to queue
[2023-03-04T10:28:13.911+0530] {logging_mixin.py:137} INFO - [2023-03-04T10:28:13.911+0530] {dagbag.py:538} INFO - Filling up the DagBag from /home/ris/PycharmProjects/pythonProject/USA-housing/venv/lib/python3.10/site-packages/airflow/example_dags/example_branch_operator_decorator.py
[2023-03-04T10:28:13.954+0530] {processor.py:753} INFO - DAG(s) dict_keys(['example_branch_python_operator_decorator']) retrieved from /home/ris/PycharmProjects/pythonProject/USA-housing/venv/lib/python3.10/site-packages/airflow/example_dags/example_branch_operator_decorator.py
[2023-03-04T10:28:13.970+0530] {logging_mixin.py:137} INFO - [2023-03-04T10:28:13.970+0530] {dag.py:2690} INFO - Sync 1 DAGs
[2023-03-04T10:28:13.987+0530] {logging_mixin.py:137} INFO - [2023-03-04T10:28:13.987+0530] {dag.py:3437} INFO - Setting next_dagrun for example_branch_python_operator_decorator to 2023-03-03T00:00:00+00:00, run_after=2023-03-04T00:00:00+00:00
[2023-03-04T10:28:14.007+0530] {processor.py:175} INFO - Processing /home/ris/PycharmProjects/pythonProject/USA-housing/venv/lib/python3.10/site-packages/airflow/example_dags/example_branch_operator_decorator.py took 0.104 seconds
[2023-03-04T10:29:03.540+0530] {processor.py:153} INFO - Started process (PID=31569) to work on /home/ris/PycharmProjects/pythonProject/USA-housing/venv/lib/python3.10/site-packages/airflow/example_dags/example_branch_operator_decorator.py
[2023-03-04T10:29:03.542+0530] {processor.py:743} INFO - Processing file /home/ris/PycharmProjects/pythonProject/USA-housing/venv/lib/python3.10/site-packages/airflow/example_dags/example_branch_operator_decorator.py for tasks to queue
[2023-03-04T10:29:03.543+0530] {logging_mixin.py:137} INFO - [2023-03-04T10:29:03.543+0530] {dagbag.py:538} INFO - Filling up the DagBag from /home/ris/PycharmProjects/pythonProject/USA-housing/venv/lib/python3.10/site-packages/airflow/example_dags/example_branch_operator_decorator.py
[2023-03-04T10:29:03.585+0530] {processor.py:753} INFO - DAG(s) dict_keys(['example_branch_python_operator_decorator']) retrieved from /home/ris/PycharmProjects/pythonProject/USA-housing/venv/lib/python3.10/site-packages/airflow/example_dags/example_branch_operator_decorator.py
[2023-03-04T10:29:03.602+0530] {logging_mixin.py:137} INFO - [2023-03-04T10:29:03.602+0530] {dag.py:2690} INFO - Sync 1 DAGs
[2023-03-04T10:29:03.619+0530] {logging_mixin.py:137} INFO - [2023-03-04T10:29:03.619+0530] {dag.py:3437} INFO - Setting next_dagrun for example_branch_python_operator_decorator to 2023-03-03T00:00:00+00:00, run_after=2023-03-04T00:00:00+00:00
[2023-03-04T10:29:03.637+0530] {processor.py:175} INFO - Processing /home/ris/PycharmProjects/pythonProject/USA-housing/venv/lib/python3.10/site-packages/airflow/example_dags/example_branch_operator_decorator.py took 0.102 seconds
[2023-03-04T10:29:50.279+0530] {processor.py:153} INFO - Started process (PID=31616) to work on /home/ris/PycharmProjects/pythonProject/USA-housing/venv/lib/python3.10/site-packages/airflow/example_dags/example_branch_operator_decorator.py
[2023-03-04T10:29:50.281+0530] {processor.py:743} INFO - Processing file /home/ris/PycharmProjects/pythonProject/USA-housing/venv/lib/python3.10/site-packages/airflow/example_dags/example_branch_operator_decorator.py for tasks to queue
[2023-03-04T10:29:50.282+0530] {logging_mixin.py:137} INFO - [2023-03-04T10:29:50.282+0530] {dagbag.py:538} INFO - Filling up the DagBag from /home/ris/PycharmProjects/pythonProject/USA-housing/venv/lib/python3.10/site-packages/airflow/example_dags/example_branch_operator_decorator.py
[2023-03-04T10:29:50.327+0530] {processor.py:753} INFO - DAG(s) dict_keys(['example_branch_python_operator_decorator']) retrieved from /home/ris/PycharmProjects/pythonProject/USA-housing/venv/lib/python3.10/site-packages/airflow/example_dags/example_branch_operator_decorator.py
[2023-03-04T10:29:50.343+0530] {logging_mixin.py:137} INFO - [2023-03-04T10:29:50.343+0530] {dag.py:2690} INFO - Sync 1 DAGs
[2023-03-04T10:29:50.369+0530] {logging_mixin.py:137} INFO - [2023-03-04T10:29:50.369+0530] {dag.py:3437} INFO - Setting next_dagrun for example_branch_python_operator_decorator to 2023-03-03T00:00:00+00:00, run_after=2023-03-04T00:00:00+00:00
[2023-03-04T10:29:50.391+0530] {processor.py:175} INFO - Processing /home/ris/PycharmProjects/pythonProject/USA-housing/venv/lib/python3.10/site-packages/airflow/example_dags/example_branch_operator_decorator.py took 0.116 seconds
[2023-03-04T10:30:35.709+0530] {processor.py:153} INFO - Started process (PID=31663) to work on /home/ris/PycharmProjects/pythonProject/USA-housing/venv/lib/python3.10/site-packages/airflow/example_dags/example_branch_operator_decorator.py
[2023-03-04T10:30:35.711+0530] {processor.py:743} INFO - Processing file /home/ris/PycharmProjects/pythonProject/USA-housing/venv/lib/python3.10/site-packages/airflow/example_dags/example_branch_operator_decorator.py for tasks to queue
[2023-03-04T10:30:35.712+0530] {logging_mixin.py:137} INFO - [2023-03-04T10:30:35.711+0530] {dagbag.py:538} INFO - Filling up the DagBag from /home/ris/PycharmProjects/pythonProject/USA-housing/venv/lib/python3.10/site-packages/airflow/example_dags/example_branch_operator_decorator.py
[2023-03-04T10:30:35.740+0530] {processor.py:753} INFO - DAG(s) dict_keys(['example_branch_python_operator_decorator']) retrieved from /home/ris/PycharmProjects/pythonProject/USA-housing/venv/lib/python3.10/site-packages/airflow/example_dags/example_branch_operator_decorator.py
[2023-03-04T10:30:35.763+0530] {logging_mixin.py:137} INFO - [2023-03-04T10:30:35.762+0530] {dag.py:2690} INFO - Sync 1 DAGs
[2023-03-04T10:30:35.788+0530] {logging_mixin.py:137} INFO - [2023-03-04T10:30:35.788+0530] {dag.py:3437} INFO - Setting next_dagrun for example_branch_python_operator_decorator to 2023-03-03T00:00:00+00:00, run_after=2023-03-04T00:00:00+00:00
[2023-03-04T10:30:35.812+0530] {processor.py:175} INFO - Processing /home/ris/PycharmProjects/pythonProject/USA-housing/venv/lib/python3.10/site-packages/airflow/example_dags/example_branch_operator_decorator.py took 0.106 seconds
[2023-03-04T10:31:25.217+0530] {processor.py:153} INFO - Started process (PID=31719) to work on /home/ris/PycharmProjects/pythonProject/USA-housing/venv/lib/python3.10/site-packages/airflow/example_dags/example_branch_operator_decorator.py
[2023-03-04T10:31:25.219+0530] {processor.py:743} INFO - Processing file /home/ris/PycharmProjects/pythonProject/USA-housing/venv/lib/python3.10/site-packages/airflow/example_dags/example_branch_operator_decorator.py for tasks to queue
[2023-03-04T10:31:25.220+0530] {logging_mixin.py:137} INFO - [2023-03-04T10:31:25.220+0530] {dagbag.py:538} INFO - Filling up the DagBag from /home/ris/PycharmProjects/pythonProject/USA-housing/venv/lib/python3.10/site-packages/airflow/example_dags/example_branch_operator_decorator.py
[2023-03-04T10:31:25.264+0530] {processor.py:753} INFO - DAG(s) dict_keys(['example_branch_python_operator_decorator']) retrieved from /home/ris/PycharmProjects/pythonProject/USA-housing/venv/lib/python3.10/site-packages/airflow/example_dags/example_branch_operator_decorator.py
[2023-03-04T10:31:25.281+0530] {logging_mixin.py:137} INFO - [2023-03-04T10:31:25.280+0530] {dag.py:2690} INFO - Sync 1 DAGs
[2023-03-04T10:31:25.298+0530] {logging_mixin.py:137} INFO - [2023-03-04T10:31:25.298+0530] {dag.py:3437} INFO - Setting next_dagrun for example_branch_python_operator_decorator to 2023-03-03T00:00:00+00:00, run_after=2023-03-04T00:00:00+00:00
[2023-03-04T10:31:25.315+0530] {processor.py:175} INFO - Processing /home/ris/PycharmProjects/pythonProject/USA-housing/venv/lib/python3.10/site-packages/airflow/example_dags/example_branch_operator_decorator.py took 0.102 seconds
[2023-03-04T10:32:12.756+0530] {processor.py:153} INFO - Started process (PID=32134) to work on /home/ris/PycharmProjects/pythonProject/USA-housing/venv/lib/python3.10/site-packages/airflow/example_dags/example_branch_operator_decorator.py
[2023-03-04T10:32:12.759+0530] {processor.py:743} INFO - Processing file /home/ris/PycharmProjects/pythonProject/USA-housing/venv/lib/python3.10/site-packages/airflow/example_dags/example_branch_operator_decorator.py for tasks to queue
[2023-03-04T10:32:12.760+0530] {logging_mixin.py:137} INFO - [2023-03-04T10:32:12.760+0530] {dagbag.py:538} INFO - Filling up the DagBag from /home/ris/PycharmProjects/pythonProject/USA-housing/venv/lib/python3.10/site-packages/airflow/example_dags/example_branch_operator_decorator.py
[2023-03-04T10:32:12.806+0530] {processor.py:753} INFO - DAG(s) dict_keys(['example_branch_python_operator_decorator']) retrieved from /home/ris/PycharmProjects/pythonProject/USA-housing/venv/lib/python3.10/site-packages/airflow/example_dags/example_branch_operator_decorator.py
[2023-03-04T10:32:12.824+0530] {logging_mixin.py:137} INFO - [2023-03-04T10:32:12.824+0530] {dag.py:2690} INFO - Sync 1 DAGs
[2023-03-04T10:32:12.843+0530] {logging_mixin.py:137} INFO - [2023-03-04T10:32:12.842+0530] {dag.py:3437} INFO - Setting next_dagrun for example_branch_python_operator_decorator to 2023-03-03T00:00:00+00:00, run_after=2023-03-04T00:00:00+00:00
[2023-03-04T10:32:12.863+0530] {processor.py:175} INFO - Processing /home/ris/PycharmProjects/pythonProject/USA-housing/venv/lib/python3.10/site-packages/airflow/example_dags/example_branch_operator_decorator.py took 0.112 seconds
[2023-03-04T10:32:59.469+0530] {processor.py:153} INFO - Started process (PID=32313) to work on /home/ris/PycharmProjects/pythonProject/USA-housing/venv/lib/python3.10/site-packages/airflow/example_dags/example_branch_operator_decorator.py
[2023-03-04T10:32:59.470+0530] {processor.py:743} INFO - Processing file /home/ris/PycharmProjects/pythonProject/USA-housing/venv/lib/python3.10/site-packages/airflow/example_dags/example_branch_operator_decorator.py for tasks to queue
[2023-03-04T10:32:59.471+0530] {logging_mixin.py:137} INFO - [2023-03-04T10:32:59.471+0530] {dagbag.py:538} INFO - Filling up the DagBag from /home/ris/PycharmProjects/pythonProject/USA-housing/venv/lib/python3.10/site-packages/airflow/example_dags/example_branch_operator_decorator.py
[2023-03-04T10:32:59.500+0530] {processor.py:753} INFO - DAG(s) dict_keys(['example_branch_python_operator_decorator']) retrieved from /home/ris/PycharmProjects/pythonProject/USA-housing/venv/lib/python3.10/site-packages/airflow/example_dags/example_branch_operator_decorator.py
[2023-03-04T10:32:59.520+0530] {logging_mixin.py:137} INFO - [2023-03-04T10:32:59.520+0530] {dag.py:2690} INFO - Sync 1 DAGs
[2023-03-04T10:32:59.541+0530] {logging_mixin.py:137} INFO - [2023-03-04T10:32:59.540+0530] {dag.py:3437} INFO - Setting next_dagrun for example_branch_python_operator_decorator to 2023-03-03T00:00:00+00:00, run_after=2023-03-04T00:00:00+00:00
[2023-03-04T10:32:59.562+0530] {processor.py:175} INFO - Processing /home/ris/PycharmProjects/pythonProject/USA-housing/venv/lib/python3.10/site-packages/airflow/example_dags/example_branch_operator_decorator.py took 0.096 seconds
[2023-03-04T10:33:39.958+0530] {processor.py:153} INFO - Started process (PID=32368) to work on /home/ris/PycharmProjects/pythonProject/USA-housing/venv/lib/python3.10/site-packages/airflow/example_dags/example_branch_operator_decorator.py
[2023-03-04T10:33:39.960+0530] {processor.py:743} INFO - Processing file /home/ris/PycharmProjects/pythonProject/USA-housing/venv/lib/python3.10/site-packages/airflow/example_dags/example_branch_operator_decorator.py for tasks to queue
[2023-03-04T10:33:39.962+0530] {logging_mixin.py:137} INFO - [2023-03-04T10:33:39.961+0530] {dagbag.py:538} INFO - Filling up the DagBag from /home/ris/PycharmProjects/pythonProject/USA-housing/venv/lib/python3.10/site-packages/airflow/example_dags/example_branch_operator_decorator.py
[2023-03-04T10:33:40.007+0530] {processor.py:753} INFO - DAG(s) dict_keys(['example_branch_python_operator_decorator']) retrieved from /home/ris/PycharmProjects/pythonProject/USA-housing/venv/lib/python3.10/site-packages/airflow/example_dags/example_branch_operator_decorator.py
[2023-03-04T10:33:40.026+0530] {logging_mixin.py:137} INFO - [2023-03-04T10:33:40.025+0530] {dag.py:2690} INFO - Sync 1 DAGs
[2023-03-04T10:33:40.044+0530] {logging_mixin.py:137} INFO - [2023-03-04T10:33:40.044+0530] {dag.py:3437} INFO - Setting next_dagrun for example_branch_python_operator_decorator to 2023-03-03T00:00:00+00:00, run_after=2023-03-04T00:00:00+00:00
[2023-03-04T10:33:40.063+0530] {processor.py:175} INFO - Processing /home/ris/PycharmProjects/pythonProject/USA-housing/venv/lib/python3.10/site-packages/airflow/example_dags/example_branch_operator_decorator.py took 0.109 seconds
[2023-03-04T10:34:24.485+0530] {processor.py:153} INFO - Started process (PID=32538) to work on /home/ris/PycharmProjects/pythonProject/USA-housing/venv/lib/python3.10/site-packages/airflow/example_dags/example_branch_operator_decorator.py
[2023-03-04T10:34:24.487+0530] {processor.py:743} INFO - Processing file /home/ris/PycharmProjects/pythonProject/USA-housing/venv/lib/python3.10/site-packages/airflow/example_dags/example_branch_operator_decorator.py for tasks to queue
[2023-03-04T10:34:24.487+0530] {logging_mixin.py:137} INFO - [2023-03-04T10:34:24.487+0530] {dagbag.py:538} INFO - Filling up the DagBag from /home/ris/PycharmProjects/pythonProject/USA-housing/venv/lib/python3.10/site-packages/airflow/example_dags/example_branch_operator_decorator.py
[2023-03-04T10:34:24.512+0530] {processor.py:753} INFO - DAG(s) dict_keys(['example_branch_python_operator_decorator']) retrieved from /home/ris/PycharmProjects/pythonProject/USA-housing/venv/lib/python3.10/site-packages/airflow/example_dags/example_branch_operator_decorator.py
[2023-03-04T10:34:24.532+0530] {logging_mixin.py:137} INFO - [2023-03-04T10:34:24.532+0530] {dag.py:2690} INFO - Sync 1 DAGs
[2023-03-04T10:34:24.564+0530] {logging_mixin.py:137} INFO - [2023-03-04T10:34:24.564+0530] {dag.py:3437} INFO - Setting next_dagrun for example_branch_python_operator_decorator to 2023-03-03T00:00:00+00:00, run_after=2023-03-04T00:00:00+00:00
[2023-03-04T10:34:24.585+0530] {processor.py:175} INFO - Processing /home/ris/PycharmProjects/pythonProject/USA-housing/venv/lib/python3.10/site-packages/airflow/example_dags/example_branch_operator_decorator.py took 0.103 seconds
[2023-03-04T10:35:09.920+0530] {processor.py:153} INFO - Started process (PID=32663) to work on /home/ris/PycharmProjects/pythonProject/USA-housing/venv/lib/python3.10/site-packages/airflow/example_dags/example_branch_operator_decorator.py
[2023-03-04T10:35:09.922+0530] {processor.py:743} INFO - Processing file /home/ris/PycharmProjects/pythonProject/USA-housing/venv/lib/python3.10/site-packages/airflow/example_dags/example_branch_operator_decorator.py for tasks to queue
[2023-03-04T10:35:09.923+0530] {logging_mixin.py:137} INFO - [2023-03-04T10:35:09.923+0530] {dagbag.py:538} INFO - Filling up the DagBag from /home/ris/PycharmProjects/pythonProject/USA-housing/venv/lib/python3.10/site-packages/airflow/example_dags/example_branch_operator_decorator.py
[2023-03-04T10:35:09.960+0530] {processor.py:753} INFO - DAG(s) dict_keys(['example_branch_python_operator_decorator']) retrieved from /home/ris/PycharmProjects/pythonProject/USA-housing/venv/lib/python3.10/site-packages/airflow/example_dags/example_branch_operator_decorator.py
[2023-03-04T10:35:09.989+0530] {logging_mixin.py:137} INFO - [2023-03-04T10:35:09.989+0530] {dag.py:2690} INFO - Sync 1 DAGs
[2023-03-04T10:35:10.015+0530] {logging_mixin.py:137} INFO - [2023-03-04T10:35:10.015+0530] {dag.py:3437} INFO - Setting next_dagrun for example_branch_python_operator_decorator to 2023-03-03T00:00:00+00:00, run_after=2023-03-04T00:00:00+00:00
[2023-03-04T10:35:10.037+0530] {processor.py:175} INFO - Processing /home/ris/PycharmProjects/pythonProject/USA-housing/venv/lib/python3.10/site-packages/airflow/example_dags/example_branch_operator_decorator.py took 0.120 seconds
[2023-03-04T10:36:01.503+0530] {processor.py:153} INFO - Started process (PID=32740) to work on /home/ris/PycharmProjects/pythonProject/USA-housing/venv/lib/python3.10/site-packages/airflow/example_dags/example_branch_operator_decorator.py
[2023-03-04T10:36:01.505+0530] {processor.py:743} INFO - Processing file /home/ris/PycharmProjects/pythonProject/USA-housing/venv/lib/python3.10/site-packages/airflow/example_dags/example_branch_operator_decorator.py for tasks to queue
[2023-03-04T10:36:01.505+0530] {logging_mixin.py:137} INFO - [2023-03-04T10:36:01.505+0530] {dagbag.py:538} INFO - Filling up the DagBag from /home/ris/PycharmProjects/pythonProject/USA-housing/venv/lib/python3.10/site-packages/airflow/example_dags/example_branch_operator_decorator.py
[2023-03-04T10:36:01.532+0530] {processor.py:753} INFO - DAG(s) dict_keys(['example_branch_python_operator_decorator']) retrieved from /home/ris/PycharmProjects/pythonProject/USA-housing/venv/lib/python3.10/site-packages/airflow/example_dags/example_branch_operator_decorator.py
[2023-03-04T10:36:01.558+0530] {logging_mixin.py:137} INFO - [2023-03-04T10:36:01.558+0530] {dag.py:2690} INFO - Sync 1 DAGs
[2023-03-04T10:36:01.580+0530] {logging_mixin.py:137} INFO - [2023-03-04T10:36:01.580+0530] {dag.py:3437} INFO - Setting next_dagrun for example_branch_python_operator_decorator to 2023-03-03T00:00:00+00:00, run_after=2023-03-04T00:00:00+00:00
[2023-03-04T10:36:01.610+0530] {processor.py:175} INFO - Processing /home/ris/PycharmProjects/pythonProject/USA-housing/venv/lib/python3.10/site-packages/airflow/example_dags/example_branch_operator_decorator.py took 0.110 seconds
[2023-03-04T10:36:57.717+0530] {processor.py:153} INFO - Started process (PID=32829) to work on /home/ris/PycharmProjects/pythonProject/USA-housing/venv/lib/python3.10/site-packages/airflow/example_dags/example_branch_operator_decorator.py
[2023-03-04T10:36:57.719+0530] {processor.py:743} INFO - Processing file /home/ris/PycharmProjects/pythonProject/USA-housing/venv/lib/python3.10/site-packages/airflow/example_dags/example_branch_operator_decorator.py for tasks to queue
[2023-03-04T10:36:57.720+0530] {logging_mixin.py:137} INFO - [2023-03-04T10:36:57.720+0530] {dagbag.py:538} INFO - Filling up the DagBag from /home/ris/PycharmProjects/pythonProject/USA-housing/venv/lib/python3.10/site-packages/airflow/example_dags/example_branch_operator_decorator.py
[2023-03-04T10:36:57.766+0530] {processor.py:753} INFO - DAG(s) dict_keys(['example_branch_python_operator_decorator']) retrieved from /home/ris/PycharmProjects/pythonProject/USA-housing/venv/lib/python3.10/site-packages/airflow/example_dags/example_branch_operator_decorator.py
[2023-03-04T10:36:57.798+0530] {logging_mixin.py:137} INFO - [2023-03-04T10:36:57.798+0530] {dag.py:2690} INFO - Sync 1 DAGs
[2023-03-04T10:36:57.829+0530] {logging_mixin.py:137} INFO - [2023-03-04T10:36:57.829+0530] {dag.py:3437} INFO - Setting next_dagrun for example_branch_python_operator_decorator to 2023-03-03T00:00:00+00:00, run_after=2023-03-04T00:00:00+00:00
[2023-03-04T10:36:57.858+0530] {processor.py:175} INFO - Processing /home/ris/PycharmProjects/pythonProject/USA-housing/venv/lib/python3.10/site-packages/airflow/example_dags/example_branch_operator_decorator.py took 0.145 seconds
[2023-03-04T10:37:48.097+0530] {processor.py:153} INFO - Started process (PID=32906) to work on /home/ris/PycharmProjects/pythonProject/USA-housing/venv/lib/python3.10/site-packages/airflow/example_dags/example_branch_operator_decorator.py
[2023-03-04T10:37:48.099+0530] {processor.py:743} INFO - Processing file /home/ris/PycharmProjects/pythonProject/USA-housing/venv/lib/python3.10/site-packages/airflow/example_dags/example_branch_operator_decorator.py for tasks to queue
[2023-03-04T10:37:48.100+0530] {logging_mixin.py:137} INFO - [2023-03-04T10:37:48.100+0530] {dagbag.py:538} INFO - Filling up the DagBag from /home/ris/PycharmProjects/pythonProject/USA-housing/venv/lib/python3.10/site-packages/airflow/example_dags/example_branch_operator_decorator.py
[2023-03-04T10:37:48.163+0530] {processor.py:753} INFO - DAG(s) dict_keys(['example_branch_python_operator_decorator']) retrieved from /home/ris/PycharmProjects/pythonProject/USA-housing/venv/lib/python3.10/site-packages/airflow/example_dags/example_branch_operator_decorator.py
[2023-03-04T10:37:48.211+0530] {logging_mixin.py:137} INFO - [2023-03-04T10:37:48.211+0530] {dag.py:2690} INFO - Sync 1 DAGs
[2023-03-04T10:37:48.260+0530] {logging_mixin.py:137} INFO - [2023-03-04T10:37:48.259+0530] {dag.py:3437} INFO - Setting next_dagrun for example_branch_python_operator_decorator to 2023-03-03T00:00:00+00:00, run_after=2023-03-04T00:00:00+00:00
[2023-03-04T10:37:48.301+0530] {processor.py:175} INFO - Processing /home/ris/PycharmProjects/pythonProject/USA-housing/venv/lib/python3.10/site-packages/airflow/example_dags/example_branch_operator_decorator.py took 0.208 seconds
[2023-03-04T10:38:39.465+0530] {processor.py:153} INFO - Started process (PID=32956) to work on /home/ris/PycharmProjects/pythonProject/USA-housing/venv/lib/python3.10/site-packages/airflow/example_dags/example_branch_operator_decorator.py
[2023-03-04T10:38:39.467+0530] {processor.py:743} INFO - Processing file /home/ris/PycharmProjects/pythonProject/USA-housing/venv/lib/python3.10/site-packages/airflow/example_dags/example_branch_operator_decorator.py for tasks to queue
[2023-03-04T10:38:39.468+0530] {logging_mixin.py:137} INFO - [2023-03-04T10:38:39.467+0530] {dagbag.py:538} INFO - Filling up the DagBag from /home/ris/PycharmProjects/pythonProject/USA-housing/venv/lib/python3.10/site-packages/airflow/example_dags/example_branch_operator_decorator.py
[2023-03-04T10:38:39.509+0530] {processor.py:753} INFO - DAG(s) dict_keys(['example_branch_python_operator_decorator']) retrieved from /home/ris/PycharmProjects/pythonProject/USA-housing/venv/lib/python3.10/site-packages/airflow/example_dags/example_branch_operator_decorator.py
[2023-03-04T10:38:39.535+0530] {logging_mixin.py:137} INFO - [2023-03-04T10:38:39.535+0530] {dag.py:2690} INFO - Sync 1 DAGs
[2023-03-04T10:38:39.567+0530] {logging_mixin.py:137} INFO - [2023-03-04T10:38:39.567+0530] {dag.py:3437} INFO - Setting next_dagrun for example_branch_python_operator_decorator to 2023-03-03T00:00:00+00:00, run_after=2023-03-04T00:00:00+00:00
[2023-03-04T10:38:39.593+0530] {processor.py:175} INFO - Processing /home/ris/PycharmProjects/pythonProject/USA-housing/venv/lib/python3.10/site-packages/airflow/example_dags/example_branch_operator_decorator.py took 0.132 seconds
[2023-03-04T10:39:23.164+0530] {processor.py:153} INFO - Started process (PID=33478) to work on /home/ris/PycharmProjects/pythonProject/USA-housing/venv/lib/python3.10/site-packages/airflow/example_dags/example_branch_operator_decorator.py
[2023-03-04T10:39:23.167+0530] {processor.py:743} INFO - Processing file /home/ris/PycharmProjects/pythonProject/USA-housing/venv/lib/python3.10/site-packages/airflow/example_dags/example_branch_operator_decorator.py for tasks to queue
[2023-03-04T10:39:23.168+0530] {logging_mixin.py:137} INFO - [2023-03-04T10:39:23.167+0530] {dagbag.py:538} INFO - Filling up the DagBag from /home/ris/PycharmProjects/pythonProject/USA-housing/venv/lib/python3.10/site-packages/airflow/example_dags/example_branch_operator_decorator.py
[2023-03-04T10:39:23.207+0530] {processor.py:753} INFO - DAG(s) dict_keys(['example_branch_python_operator_decorator']) retrieved from /home/ris/PycharmProjects/pythonProject/USA-housing/venv/lib/python3.10/site-packages/airflow/example_dags/example_branch_operator_decorator.py
[2023-03-04T10:39:23.233+0530] {logging_mixin.py:137} INFO - [2023-03-04T10:39:23.233+0530] {dag.py:2690} INFO - Sync 1 DAGs
[2023-03-04T10:39:23.274+0530] {logging_mixin.py:137} INFO - [2023-03-04T10:39:23.274+0530] {dag.py:3437} INFO - Setting next_dagrun for example_branch_python_operator_decorator to 2023-03-03T00:00:00+00:00, run_after=2023-03-04T00:00:00+00:00
[2023-03-04T10:39:23.302+0530] {processor.py:175} INFO - Processing /home/ris/PycharmProjects/pythonProject/USA-housing/venv/lib/python3.10/site-packages/airflow/example_dags/example_branch_operator_decorator.py took 0.142 seconds
[2023-03-04T10:40:12.568+0530] {processor.py:153} INFO - Started process (PID=33546) to work on /home/ris/PycharmProjects/pythonProject/USA-housing/venv/lib/python3.10/site-packages/airflow/example_dags/example_branch_operator_decorator.py
[2023-03-04T10:40:12.569+0530] {processor.py:743} INFO - Processing file /home/ris/PycharmProjects/pythonProject/USA-housing/venv/lib/python3.10/site-packages/airflow/example_dags/example_branch_operator_decorator.py for tasks to queue
[2023-03-04T10:40:12.569+0530] {logging_mixin.py:137} INFO - [2023-03-04T10:40:12.569+0530] {dagbag.py:538} INFO - Filling up the DagBag from /home/ris/PycharmProjects/pythonProject/USA-housing/venv/lib/python3.10/site-packages/airflow/example_dags/example_branch_operator_decorator.py
[2023-03-04T10:40:12.618+0530] {processor.py:753} INFO - DAG(s) dict_keys(['example_branch_python_operator_decorator']) retrieved from /home/ris/PycharmProjects/pythonProject/USA-housing/venv/lib/python3.10/site-packages/airflow/example_dags/example_branch_operator_decorator.py
[2023-03-04T10:40:12.643+0530] {logging_mixin.py:137} INFO - [2023-03-04T10:40:12.642+0530] {dag.py:2690} INFO - Sync 1 DAGs
[2023-03-04T10:40:12.667+0530] {logging_mixin.py:137} INFO - [2023-03-04T10:40:12.666+0530] {dag.py:3437} INFO - Setting next_dagrun for example_branch_python_operator_decorator to 2023-03-03T00:00:00+00:00, run_after=2023-03-04T00:00:00+00:00
[2023-03-04T10:40:12.691+0530] {processor.py:175} INFO - Processing /home/ris/PycharmProjects/pythonProject/USA-housing/venv/lib/python3.10/site-packages/airflow/example_dags/example_branch_operator_decorator.py took 0.127 seconds
[2023-03-04T10:40:58.925+0530] {processor.py:153} INFO - Started process (PID=33595) to work on /home/ris/PycharmProjects/pythonProject/USA-housing/venv/lib/python3.10/site-packages/airflow/example_dags/example_branch_operator_decorator.py
[2023-03-04T10:40:58.927+0530] {processor.py:743} INFO - Processing file /home/ris/PycharmProjects/pythonProject/USA-housing/venv/lib/python3.10/site-packages/airflow/example_dags/example_branch_operator_decorator.py for tasks to queue
[2023-03-04T10:40:58.927+0530] {logging_mixin.py:137} INFO - [2023-03-04T10:40:58.927+0530] {dagbag.py:538} INFO - Filling up the DagBag from /home/ris/PycharmProjects/pythonProject/USA-housing/venv/lib/python3.10/site-packages/airflow/example_dags/example_branch_operator_decorator.py
[2023-03-04T10:40:58.954+0530] {processor.py:753} INFO - DAG(s) dict_keys(['example_branch_python_operator_decorator']) retrieved from /home/ris/PycharmProjects/pythonProject/USA-housing/venv/lib/python3.10/site-packages/airflow/example_dags/example_branch_operator_decorator.py
[2023-03-04T10:40:58.981+0530] {logging_mixin.py:137} INFO - [2023-03-04T10:40:58.980+0530] {dag.py:2690} INFO - Sync 1 DAGs
[2023-03-04T10:40:59.005+0530] {logging_mixin.py:137} INFO - [2023-03-04T10:40:59.004+0530] {dag.py:3437} INFO - Setting next_dagrun for example_branch_python_operator_decorator to 2023-03-03T00:00:00+00:00, run_after=2023-03-04T00:00:00+00:00
[2023-03-04T10:40:59.037+0530] {processor.py:175} INFO - Processing /home/ris/PycharmProjects/pythonProject/USA-housing/venv/lib/python3.10/site-packages/airflow/example_dags/example_branch_operator_decorator.py took 0.118 seconds
[2023-03-04T10:41:47.807+0530] {processor.py:153} INFO - Started process (PID=33660) to work on /home/ris/PycharmProjects/pythonProject/USA-housing/venv/lib/python3.10/site-packages/airflow/example_dags/example_branch_operator_decorator.py
[2023-03-04T10:41:47.809+0530] {processor.py:743} INFO - Processing file /home/ris/PycharmProjects/pythonProject/USA-housing/venv/lib/python3.10/site-packages/airflow/example_dags/example_branch_operator_decorator.py for tasks to queue
[2023-03-04T10:41:47.810+0530] {logging_mixin.py:137} INFO - [2023-03-04T10:41:47.810+0530] {dagbag.py:538} INFO - Filling up the DagBag from /home/ris/PycharmProjects/pythonProject/USA-housing/venv/lib/python3.10/site-packages/airflow/example_dags/example_branch_operator_decorator.py
[2023-03-04T10:41:47.850+0530] {processor.py:753} INFO - DAG(s) dict_keys(['example_branch_python_operator_decorator']) retrieved from /home/ris/PycharmProjects/pythonProject/USA-housing/venv/lib/python3.10/site-packages/airflow/example_dags/example_branch_operator_decorator.py
[2023-03-04T10:41:47.875+0530] {logging_mixin.py:137} INFO - [2023-03-04T10:41:47.875+0530] {dag.py:2690} INFO - Sync 1 DAGs
[2023-03-04T10:41:47.902+0530] {logging_mixin.py:137} INFO - [2023-03-04T10:41:47.902+0530] {dag.py:3437} INFO - Setting next_dagrun for example_branch_python_operator_decorator to 2023-03-03T00:00:00+00:00, run_after=2023-03-04T00:00:00+00:00
[2023-03-04T10:41:47.953+0530] {processor.py:175} INFO - Processing /home/ris/PycharmProjects/pythonProject/USA-housing/venv/lib/python3.10/site-packages/airflow/example_dags/example_branch_operator_decorator.py took 0.152 seconds
[2023-03-04T10:42:34.606+0530] {processor.py:153} INFO - Started process (PID=33714) to work on /home/ris/PycharmProjects/pythonProject/USA-housing/venv/lib/python3.10/site-packages/airflow/example_dags/example_branch_operator_decorator.py
[2023-03-04T10:42:34.609+0530] {processor.py:743} INFO - Processing file /home/ris/PycharmProjects/pythonProject/USA-housing/venv/lib/python3.10/site-packages/airflow/example_dags/example_branch_operator_decorator.py for tasks to queue
[2023-03-04T10:42:34.610+0530] {logging_mixin.py:137} INFO - [2023-03-04T10:42:34.610+0530] {dagbag.py:538} INFO - Filling up the DagBag from /home/ris/PycharmProjects/pythonProject/USA-housing/venv/lib/python3.10/site-packages/airflow/example_dags/example_branch_operator_decorator.py
[2023-03-04T10:42:34.660+0530] {processor.py:753} INFO - DAG(s) dict_keys(['example_branch_python_operator_decorator']) retrieved from /home/ris/PycharmProjects/pythonProject/USA-housing/venv/lib/python3.10/site-packages/airflow/example_dags/example_branch_operator_decorator.py
[2023-03-04T10:42:34.679+0530] {logging_mixin.py:137} INFO - [2023-03-04T10:42:34.679+0530] {dag.py:2690} INFO - Sync 1 DAGs
[2023-03-04T10:42:34.703+0530] {logging_mixin.py:137} INFO - [2023-03-04T10:42:34.703+0530] {dag.py:3437} INFO - Setting next_dagrun for example_branch_python_operator_decorator to 2023-03-03T00:00:00+00:00, run_after=2023-03-04T00:00:00+00:00
[2023-03-04T10:42:34.730+0530] {processor.py:175} INFO - Processing /home/ris/PycharmProjects/pythonProject/USA-housing/venv/lib/python3.10/site-packages/airflow/example_dags/example_branch_operator_decorator.py took 0.128 seconds
[2023-03-04T10:43:17.715+0530] {processor.py:153} INFO - Started process (PID=33757) to work on /home/ris/PycharmProjects/pythonProject/USA-housing/venv/lib/python3.10/site-packages/airflow/example_dags/example_branch_operator_decorator.py
[2023-03-04T10:43:17.717+0530] {processor.py:743} INFO - Processing file /home/ris/PycharmProjects/pythonProject/USA-housing/venv/lib/python3.10/site-packages/airflow/example_dags/example_branch_operator_decorator.py for tasks to queue
[2023-03-04T10:43:17.718+0530] {logging_mixin.py:137} INFO - [2023-03-04T10:43:17.718+0530] {dagbag.py:538} INFO - Filling up the DagBag from /home/ris/PycharmProjects/pythonProject/USA-housing/venv/lib/python3.10/site-packages/airflow/example_dags/example_branch_operator_decorator.py
[2023-03-04T10:43:17.762+0530] {processor.py:753} INFO - DAG(s) dict_keys(['example_branch_python_operator_decorator']) retrieved from /home/ris/PycharmProjects/pythonProject/USA-housing/venv/lib/python3.10/site-packages/airflow/example_dags/example_branch_operator_decorator.py
[2023-03-04T10:43:17.809+0530] {logging_mixin.py:137} INFO - [2023-03-04T10:43:17.809+0530] {dag.py:2690} INFO - Sync 1 DAGs
[2023-03-04T10:43:17.845+0530] {logging_mixin.py:137} INFO - [2023-03-04T10:43:17.845+0530] {dag.py:3437} INFO - Setting next_dagrun for example_branch_python_operator_decorator to 2023-03-03T00:00:00+00:00, run_after=2023-03-04T00:00:00+00:00
[2023-03-04T10:43:17.882+0530] {processor.py:175} INFO - Processing /home/ris/PycharmProjects/pythonProject/USA-housing/venv/lib/python3.10/site-packages/airflow/example_dags/example_branch_operator_decorator.py took 0.173 seconds
[2023-03-04T10:44:06.733+0530] {processor.py:153} INFO - Started process (PID=33807) to work on /home/ris/PycharmProjects/pythonProject/USA-housing/venv/lib/python3.10/site-packages/airflow/example_dags/example_branch_operator_decorator.py
[2023-03-04T10:44:06.736+0530] {processor.py:743} INFO - Processing file /home/ris/PycharmProjects/pythonProject/USA-housing/venv/lib/python3.10/site-packages/airflow/example_dags/example_branch_operator_decorator.py for tasks to queue
[2023-03-04T10:44:06.737+0530] {logging_mixin.py:137} INFO - [2023-03-04T10:44:06.736+0530] {dagbag.py:538} INFO - Filling up the DagBag from /home/ris/PycharmProjects/pythonProject/USA-housing/venv/lib/python3.10/site-packages/airflow/example_dags/example_branch_operator_decorator.py
[2023-03-04T10:44:06.779+0530] {processor.py:753} INFO - DAG(s) dict_keys(['example_branch_python_operator_decorator']) retrieved from /home/ris/PycharmProjects/pythonProject/USA-housing/venv/lib/python3.10/site-packages/airflow/example_dags/example_branch_operator_decorator.py
[2023-03-04T10:44:06.801+0530] {logging_mixin.py:137} INFO - [2023-03-04T10:44:06.801+0530] {dag.py:2690} INFO - Sync 1 DAGs
[2023-03-04T10:44:06.828+0530] {logging_mixin.py:137} INFO - [2023-03-04T10:44:06.828+0530] {dag.py:3437} INFO - Setting next_dagrun for example_branch_python_operator_decorator to 2023-03-03T00:00:00+00:00, run_after=2023-03-04T00:00:00+00:00
[2023-03-04T10:44:06.851+0530] {processor.py:175} INFO - Processing /home/ris/PycharmProjects/pythonProject/USA-housing/venv/lib/python3.10/site-packages/airflow/example_dags/example_branch_operator_decorator.py took 0.121 seconds
[2023-03-04T10:44:53.601+0530] {processor.py:153} INFO - Started process (PID=33855) to work on /home/ris/PycharmProjects/pythonProject/USA-housing/venv/lib/python3.10/site-packages/airflow/example_dags/example_branch_operator_decorator.py
[2023-03-04T10:44:53.603+0530] {processor.py:743} INFO - Processing file /home/ris/PycharmProjects/pythonProject/USA-housing/venv/lib/python3.10/site-packages/airflow/example_dags/example_branch_operator_decorator.py for tasks to queue
[2023-03-04T10:44:53.604+0530] {logging_mixin.py:137} INFO - [2023-03-04T10:44:53.604+0530] {dagbag.py:538} INFO - Filling up the DagBag from /home/ris/PycharmProjects/pythonProject/USA-housing/venv/lib/python3.10/site-packages/airflow/example_dags/example_branch_operator_decorator.py
[2023-03-04T10:44:53.649+0530] {processor.py:753} INFO - DAG(s) dict_keys(['example_branch_python_operator_decorator']) retrieved from /home/ris/PycharmProjects/pythonProject/USA-housing/venv/lib/python3.10/site-packages/airflow/example_dags/example_branch_operator_decorator.py
[2023-03-04T10:44:53.682+0530] {logging_mixin.py:137} INFO - [2023-03-04T10:44:53.682+0530] {dag.py:2690} INFO - Sync 1 DAGs
[2023-03-04T10:44:53.722+0530] {logging_mixin.py:137} INFO - [2023-03-04T10:44:53.722+0530] {dag.py:3437} INFO - Setting next_dagrun for example_branch_python_operator_decorator to 2023-03-03T00:00:00+00:00, run_after=2023-03-04T00:00:00+00:00
[2023-03-04T10:44:53.757+0530] {processor.py:175} INFO - Processing /home/ris/PycharmProjects/pythonProject/USA-housing/venv/lib/python3.10/site-packages/airflow/example_dags/example_branch_operator_decorator.py took 0.159 seconds
[2023-03-04T10:45:46.372+0530] {processor.py:153} INFO - Started process (PID=33919) to work on /home/ris/PycharmProjects/pythonProject/USA-housing/venv/lib/python3.10/site-packages/airflow/example_dags/example_branch_operator_decorator.py
[2023-03-04T10:45:46.374+0530] {processor.py:743} INFO - Processing file /home/ris/PycharmProjects/pythonProject/USA-housing/venv/lib/python3.10/site-packages/airflow/example_dags/example_branch_operator_decorator.py for tasks to queue
[2023-03-04T10:45:46.376+0530] {logging_mixin.py:137} INFO - [2023-03-04T10:45:46.375+0530] {dagbag.py:538} INFO - Filling up the DagBag from /home/ris/PycharmProjects/pythonProject/USA-housing/venv/lib/python3.10/site-packages/airflow/example_dags/example_branch_operator_decorator.py
[2023-03-04T10:45:46.425+0530] {processor.py:753} INFO - DAG(s) dict_keys(['example_branch_python_operator_decorator']) retrieved from /home/ris/PycharmProjects/pythonProject/USA-housing/venv/lib/python3.10/site-packages/airflow/example_dags/example_branch_operator_decorator.py
[2023-03-04T10:45:46.448+0530] {logging_mixin.py:137} INFO - [2023-03-04T10:45:46.447+0530] {dag.py:2690} INFO - Sync 1 DAGs
[2023-03-04T10:45:46.470+0530] {logging_mixin.py:137} INFO - [2023-03-04T10:45:46.470+0530] {dag.py:3437} INFO - Setting next_dagrun for example_branch_python_operator_decorator to 2023-03-03T00:00:00+00:00, run_after=2023-03-04T00:00:00+00:00
[2023-03-04T10:45:46.498+0530] {processor.py:175} INFO - Processing /home/ris/PycharmProjects/pythonProject/USA-housing/venv/lib/python3.10/site-packages/airflow/example_dags/example_branch_operator_decorator.py took 0.131 seconds
[2023-03-04T10:46:29.397+0530] {processor.py:153} INFO - Started process (PID=33964) to work on /home/ris/PycharmProjects/pythonProject/USA-housing/venv/lib/python3.10/site-packages/airflow/example_dags/example_branch_operator_decorator.py
[2023-03-04T10:46:29.399+0530] {processor.py:743} INFO - Processing file /home/ris/PycharmProjects/pythonProject/USA-housing/venv/lib/python3.10/site-packages/airflow/example_dags/example_branch_operator_decorator.py for tasks to queue
[2023-03-04T10:46:29.399+0530] {logging_mixin.py:137} INFO - [2023-03-04T10:46:29.399+0530] {dagbag.py:538} INFO - Filling up the DagBag from /home/ris/PycharmProjects/pythonProject/USA-housing/venv/lib/python3.10/site-packages/airflow/example_dags/example_branch_operator_decorator.py
[2023-03-04T10:46:29.431+0530] {processor.py:753} INFO - DAG(s) dict_keys(['example_branch_python_operator_decorator']) retrieved from /home/ris/PycharmProjects/pythonProject/USA-housing/venv/lib/python3.10/site-packages/airflow/example_dags/example_branch_operator_decorator.py
[2023-03-04T10:46:29.454+0530] {logging_mixin.py:137} INFO - [2023-03-04T10:46:29.453+0530] {dag.py:2690} INFO - Sync 1 DAGs
[2023-03-04T10:46:29.480+0530] {logging_mixin.py:137} INFO - [2023-03-04T10:46:29.480+0530] {dag.py:3437} INFO - Setting next_dagrun for example_branch_python_operator_decorator to 2023-03-03T00:00:00+00:00, run_after=2023-03-04T00:00:00+00:00
[2023-03-04T10:46:29.514+0530] {processor.py:175} INFO - Processing /home/ris/PycharmProjects/pythonProject/USA-housing/venv/lib/python3.10/site-packages/airflow/example_dags/example_branch_operator_decorator.py took 0.121 seconds
[2023-03-04T10:47:19.407+0530] {processor.py:153} INFO - Started process (PID=34025) to work on /home/ris/PycharmProjects/pythonProject/USA-housing/venv/lib/python3.10/site-packages/airflow/example_dags/example_branch_operator_decorator.py
[2023-03-04T10:47:19.409+0530] {processor.py:743} INFO - Processing file /home/ris/PycharmProjects/pythonProject/USA-housing/venv/lib/python3.10/site-packages/airflow/example_dags/example_branch_operator_decorator.py for tasks to queue
[2023-03-04T10:47:19.411+0530] {logging_mixin.py:137} INFO - [2023-03-04T10:47:19.411+0530] {dagbag.py:538} INFO - Filling up the DagBag from /home/ris/PycharmProjects/pythonProject/USA-housing/venv/lib/python3.10/site-packages/airflow/example_dags/example_branch_operator_decorator.py
[2023-03-04T10:47:19.449+0530] {processor.py:753} INFO - DAG(s) dict_keys(['example_branch_python_operator_decorator']) retrieved from /home/ris/PycharmProjects/pythonProject/USA-housing/venv/lib/python3.10/site-packages/airflow/example_dags/example_branch_operator_decorator.py
[2023-03-04T10:47:19.479+0530] {logging_mixin.py:137} INFO - [2023-03-04T10:47:19.478+0530] {dag.py:2690} INFO - Sync 1 DAGs
[2023-03-04T10:47:19.507+0530] {logging_mixin.py:137} INFO - [2023-03-04T10:47:19.507+0530] {dag.py:3437} INFO - Setting next_dagrun for example_branch_python_operator_decorator to 2023-03-03T00:00:00+00:00, run_after=2023-03-04T00:00:00+00:00
[2023-03-04T10:47:19.541+0530] {processor.py:175} INFO - Processing /home/ris/PycharmProjects/pythonProject/USA-housing/venv/lib/python3.10/site-packages/airflow/example_dags/example_branch_operator_decorator.py took 0.137 seconds
[2023-03-04T10:48:14.707+0530] {processor.py:153} INFO - Started process (PID=34082) to work on /home/ris/PycharmProjects/pythonProject/USA-housing/venv/lib/python3.10/site-packages/airflow/example_dags/example_branch_operator_decorator.py
[2023-03-04T10:48:14.710+0530] {processor.py:743} INFO - Processing file /home/ris/PycharmProjects/pythonProject/USA-housing/venv/lib/python3.10/site-packages/airflow/example_dags/example_branch_operator_decorator.py for tasks to queue
[2023-03-04T10:48:14.711+0530] {logging_mixin.py:137} INFO - [2023-03-04T10:48:14.711+0530] {dagbag.py:538} INFO - Filling up the DagBag from /home/ris/PycharmProjects/pythonProject/USA-housing/venv/lib/python3.10/site-packages/airflow/example_dags/example_branch_operator_decorator.py
[2023-03-04T10:48:14.750+0530] {processor.py:753} INFO - DAG(s) dict_keys(['example_branch_python_operator_decorator']) retrieved from /home/ris/PycharmProjects/pythonProject/USA-housing/venv/lib/python3.10/site-packages/airflow/example_dags/example_branch_operator_decorator.py
[2023-03-04T10:48:14.780+0530] {logging_mixin.py:137} INFO - [2023-03-04T10:48:14.779+0530] {dag.py:2690} INFO - Sync 1 DAGs
[2023-03-04T10:48:14.805+0530] {logging_mixin.py:137} INFO - [2023-03-04T10:48:14.805+0530] {dag.py:3437} INFO - Setting next_dagrun for example_branch_python_operator_decorator to 2023-03-03T00:00:00+00:00, run_after=2023-03-04T00:00:00+00:00
[2023-03-04T10:48:14.838+0530] {processor.py:175} INFO - Processing /home/ris/PycharmProjects/pythonProject/USA-housing/venv/lib/python3.10/site-packages/airflow/example_dags/example_branch_operator_decorator.py took 0.135 seconds
[2023-03-04T10:49:10.154+0530] {processor.py:153} INFO - Started process (PID=34153) to work on /home/ris/PycharmProjects/pythonProject/USA-housing/venv/lib/python3.10/site-packages/airflow/example_dags/example_branch_operator_decorator.py
[2023-03-04T10:49:10.156+0530] {processor.py:743} INFO - Processing file /home/ris/PycharmProjects/pythonProject/USA-housing/venv/lib/python3.10/site-packages/airflow/example_dags/example_branch_operator_decorator.py for tasks to queue
[2023-03-04T10:49:10.156+0530] {logging_mixin.py:137} INFO - [2023-03-04T10:49:10.156+0530] {dagbag.py:538} INFO - Filling up the DagBag from /home/ris/PycharmProjects/pythonProject/USA-housing/venv/lib/python3.10/site-packages/airflow/example_dags/example_branch_operator_decorator.py
[2023-03-04T10:49:10.193+0530] {processor.py:753} INFO - DAG(s) dict_keys(['example_branch_python_operator_decorator']) retrieved from /home/ris/PycharmProjects/pythonProject/USA-housing/venv/lib/python3.10/site-packages/airflow/example_dags/example_branch_operator_decorator.py
[2023-03-04T10:49:10.216+0530] {logging_mixin.py:137} INFO - [2023-03-04T10:49:10.216+0530] {dag.py:2690} INFO - Sync 1 DAGs
[2023-03-04T10:49:10.238+0530] {logging_mixin.py:137} INFO - [2023-03-04T10:49:10.238+0530] {dag.py:3437} INFO - Setting next_dagrun for example_branch_python_operator_decorator to 2023-03-03T00:00:00+00:00, run_after=2023-03-04T00:00:00+00:00
[2023-03-04T10:49:10.259+0530] {processor.py:175} INFO - Processing /home/ris/PycharmProjects/pythonProject/USA-housing/venv/lib/python3.10/site-packages/airflow/example_dags/example_branch_operator_decorator.py took 0.108 seconds
[2023-03-04T10:49:54.453+0530] {processor.py:153} INFO - Started process (PID=34219) to work on /home/ris/PycharmProjects/pythonProject/USA-housing/venv/lib/python3.10/site-packages/airflow/example_dags/example_branch_operator_decorator.py
[2023-03-04T10:49:54.455+0530] {processor.py:743} INFO - Processing file /home/ris/PycharmProjects/pythonProject/USA-housing/venv/lib/python3.10/site-packages/airflow/example_dags/example_branch_operator_decorator.py for tasks to queue
[2023-03-04T10:49:54.456+0530] {logging_mixin.py:137} INFO - [2023-03-04T10:49:54.456+0530] {dagbag.py:538} INFO - Filling up the DagBag from /home/ris/PycharmProjects/pythonProject/USA-housing/venv/lib/python3.10/site-packages/airflow/example_dags/example_branch_operator_decorator.py
[2023-03-04T10:49:54.481+0530] {processor.py:753} INFO - DAG(s) dict_keys(['example_branch_python_operator_decorator']) retrieved from /home/ris/PycharmProjects/pythonProject/USA-housing/venv/lib/python3.10/site-packages/airflow/example_dags/example_branch_operator_decorator.py
[2023-03-04T10:49:54.502+0530] {logging_mixin.py:137} INFO - [2023-03-04T10:49:54.501+0530] {dag.py:2690} INFO - Sync 1 DAGs
[2023-03-04T10:49:54.528+0530] {logging_mixin.py:137} INFO - [2023-03-04T10:49:54.528+0530] {dag.py:3437} INFO - Setting next_dagrun for example_branch_python_operator_decorator to 2023-03-03T00:00:00+00:00, run_after=2023-03-04T00:00:00+00:00
[2023-03-04T10:49:54.560+0530] {processor.py:175} INFO - Processing /home/ris/PycharmProjects/pythonProject/USA-housing/venv/lib/python3.10/site-packages/airflow/example_dags/example_branch_operator_decorator.py took 0.110 seconds
[2023-03-04T10:50:43.976+0530] {processor.py:153} INFO - Started process (PID=34320) to work on /home/ris/PycharmProjects/pythonProject/USA-housing/venv/lib/python3.10/site-packages/airflow/example_dags/example_branch_operator_decorator.py
[2023-03-04T10:50:43.977+0530] {processor.py:743} INFO - Processing file /home/ris/PycharmProjects/pythonProject/USA-housing/venv/lib/python3.10/site-packages/airflow/example_dags/example_branch_operator_decorator.py for tasks to queue
[2023-03-04T10:50:43.978+0530] {logging_mixin.py:137} INFO - [2023-03-04T10:50:43.978+0530] {dagbag.py:538} INFO - Filling up the DagBag from /home/ris/PycharmProjects/pythonProject/USA-housing/venv/lib/python3.10/site-packages/airflow/example_dags/example_branch_operator_decorator.py
[2023-03-04T10:50:44.004+0530] {processor.py:753} INFO - DAG(s) dict_keys(['example_branch_python_operator_decorator']) retrieved from /home/ris/PycharmProjects/pythonProject/USA-housing/venv/lib/python3.10/site-packages/airflow/example_dags/example_branch_operator_decorator.py
[2023-03-04T10:50:44.026+0530] {logging_mixin.py:137} INFO - [2023-03-04T10:50:44.026+0530] {dag.py:2690} INFO - Sync 1 DAGs
[2023-03-04T10:50:44.050+0530] {logging_mixin.py:137} INFO - [2023-03-04T10:50:44.050+0530] {dag.py:3437} INFO - Setting next_dagrun for example_branch_python_operator_decorator to 2023-03-03T00:00:00+00:00, run_after=2023-03-04T00:00:00+00:00
[2023-03-04T10:50:44.072+0530] {processor.py:175} INFO - Processing /home/ris/PycharmProjects/pythonProject/USA-housing/venv/lib/python3.10/site-packages/airflow/example_dags/example_branch_operator_decorator.py took 0.100 seconds
[2023-03-04T10:51:37.051+0530] {processor.py:153} INFO - Started process (PID=34387) to work on /home/ris/PycharmProjects/pythonProject/USA-housing/venv/lib/python3.10/site-packages/airflow/example_dags/example_branch_operator_decorator.py
[2023-03-04T10:51:37.053+0530] {processor.py:743} INFO - Processing file /home/ris/PycharmProjects/pythonProject/USA-housing/venv/lib/python3.10/site-packages/airflow/example_dags/example_branch_operator_decorator.py for tasks to queue
[2023-03-04T10:51:37.053+0530] {logging_mixin.py:137} INFO - [2023-03-04T10:51:37.053+0530] {dagbag.py:538} INFO - Filling up the DagBag from /home/ris/PycharmProjects/pythonProject/USA-housing/venv/lib/python3.10/site-packages/airflow/example_dags/example_branch_operator_decorator.py
[2023-03-04T10:51:37.080+0530] {processor.py:753} INFO - DAG(s) dict_keys(['example_branch_python_operator_decorator']) retrieved from /home/ris/PycharmProjects/pythonProject/USA-housing/venv/lib/python3.10/site-packages/airflow/example_dags/example_branch_operator_decorator.py
[2023-03-04T10:51:37.103+0530] {logging_mixin.py:137} INFO - [2023-03-04T10:51:37.103+0530] {dag.py:2690} INFO - Sync 1 DAGs
[2023-03-04T10:51:37.125+0530] {logging_mixin.py:137} INFO - [2023-03-04T10:51:37.125+0530] {dag.py:3437} INFO - Setting next_dagrun for example_branch_python_operator_decorator to 2023-03-03T00:00:00+00:00, run_after=2023-03-04T00:00:00+00:00
[2023-03-04T10:51:37.149+0530] {processor.py:175} INFO - Processing /home/ris/PycharmProjects/pythonProject/USA-housing/venv/lib/python3.10/site-packages/airflow/example_dags/example_branch_operator_decorator.py took 0.100 seconds
[2023-03-04T10:52:23.690+0530] {processor.py:153} INFO - Started process (PID=34457) to work on /home/ris/PycharmProjects/pythonProject/USA-housing/venv/lib/python3.10/site-packages/airflow/example_dags/example_branch_operator_decorator.py
[2023-03-04T10:52:23.691+0530] {processor.py:743} INFO - Processing file /home/ris/PycharmProjects/pythonProject/USA-housing/venv/lib/python3.10/site-packages/airflow/example_dags/example_branch_operator_decorator.py for tasks to queue
[2023-03-04T10:52:23.692+0530] {logging_mixin.py:137} INFO - [2023-03-04T10:52:23.692+0530] {dagbag.py:538} INFO - Filling up the DagBag from /home/ris/PycharmProjects/pythonProject/USA-housing/venv/lib/python3.10/site-packages/airflow/example_dags/example_branch_operator_decorator.py
[2023-03-04T10:52:23.719+0530] {processor.py:753} INFO - DAG(s) dict_keys(['example_branch_python_operator_decorator']) retrieved from /home/ris/PycharmProjects/pythonProject/USA-housing/venv/lib/python3.10/site-packages/airflow/example_dags/example_branch_operator_decorator.py
[2023-03-04T10:52:23.737+0530] {logging_mixin.py:137} INFO - [2023-03-04T10:52:23.737+0530] {dag.py:2690} INFO - Sync 1 DAGs
[2023-03-04T10:52:23.759+0530] {logging_mixin.py:137} INFO - [2023-03-04T10:52:23.759+0530] {dag.py:3437} INFO - Setting next_dagrun for example_branch_python_operator_decorator to 2023-03-03T00:00:00+00:00, run_after=2023-03-04T00:00:00+00:00
[2023-03-04T10:52:23.788+0530] {processor.py:175} INFO - Processing /home/ris/PycharmProjects/pythonProject/USA-housing/venv/lib/python3.10/site-packages/airflow/example_dags/example_branch_operator_decorator.py took 0.101 seconds
[2023-03-04T10:53:16.343+0530] {processor.py:153} INFO - Started process (PID=34586) to work on /home/ris/PycharmProjects/pythonProject/USA-housing/venv/lib/python3.10/site-packages/airflow/example_dags/example_branch_operator_decorator.py
[2023-03-04T10:53:16.345+0530] {processor.py:743} INFO - Processing file /home/ris/PycharmProjects/pythonProject/USA-housing/venv/lib/python3.10/site-packages/airflow/example_dags/example_branch_operator_decorator.py for tasks to queue
[2023-03-04T10:53:16.345+0530] {logging_mixin.py:137} INFO - [2023-03-04T10:53:16.345+0530] {dagbag.py:538} INFO - Filling up the DagBag from /home/ris/PycharmProjects/pythonProject/USA-housing/venv/lib/python3.10/site-packages/airflow/example_dags/example_branch_operator_decorator.py
[2023-03-04T10:53:16.381+0530] {processor.py:753} INFO - DAG(s) dict_keys(['example_branch_python_operator_decorator']) retrieved from /home/ris/PycharmProjects/pythonProject/USA-housing/venv/lib/python3.10/site-packages/airflow/example_dags/example_branch_operator_decorator.py
[2023-03-04T10:53:16.401+0530] {logging_mixin.py:137} INFO - [2023-03-04T10:53:16.400+0530] {dag.py:2690} INFO - Sync 1 DAGs
[2023-03-04T10:53:16.426+0530] {logging_mixin.py:137} INFO - [2023-03-04T10:53:16.426+0530] {dag.py:3437} INFO - Setting next_dagrun for example_branch_python_operator_decorator to 2023-03-03T00:00:00+00:00, run_after=2023-03-04T00:00:00+00:00
[2023-03-04T10:53:16.450+0530] {processor.py:175} INFO - Processing /home/ris/PycharmProjects/pythonProject/USA-housing/venv/lib/python3.10/site-packages/airflow/example_dags/example_branch_operator_decorator.py took 0.110 seconds
[2023-03-04T10:54:13.173+0530] {processor.py:153} INFO - Started process (PID=34739) to work on /home/ris/PycharmProjects/pythonProject/USA-housing/venv/lib/python3.10/site-packages/airflow/example_dags/example_branch_operator_decorator.py
[2023-03-04T10:54:13.174+0530] {processor.py:743} INFO - Processing file /home/ris/PycharmProjects/pythonProject/USA-housing/venv/lib/python3.10/site-packages/airflow/example_dags/example_branch_operator_decorator.py for tasks to queue
[2023-03-04T10:54:13.175+0530] {logging_mixin.py:137} INFO - [2023-03-04T10:54:13.175+0530] {dagbag.py:538} INFO - Filling up the DagBag from /home/ris/PycharmProjects/pythonProject/USA-housing/venv/lib/python3.10/site-packages/airflow/example_dags/example_branch_operator_decorator.py
[2023-03-04T10:54:13.200+0530] {processor.py:753} INFO - DAG(s) dict_keys(['example_branch_python_operator_decorator']) retrieved from /home/ris/PycharmProjects/pythonProject/USA-housing/venv/lib/python3.10/site-packages/airflow/example_dags/example_branch_operator_decorator.py
[2023-03-04T10:54:13.218+0530] {logging_mixin.py:137} INFO - [2023-03-04T10:54:13.218+0530] {dag.py:2690} INFO - Sync 1 DAGs
[2023-03-04T10:54:13.240+0530] {logging_mixin.py:137} INFO - [2023-03-04T10:54:13.240+0530] {dag.py:3437} INFO - Setting next_dagrun for example_branch_python_operator_decorator to 2023-03-03T00:00:00+00:00, run_after=2023-03-04T00:00:00+00:00
[2023-03-04T10:54:13.261+0530] {processor.py:175} INFO - Processing /home/ris/PycharmProjects/pythonProject/USA-housing/venv/lib/python3.10/site-packages/airflow/example_dags/example_branch_operator_decorator.py took 0.091 seconds
[2023-03-04T10:55:03.710+0530] {processor.py:153} INFO - Started process (PID=34811) to work on /home/ris/PycharmProjects/pythonProject/USA-housing/venv/lib/python3.10/site-packages/airflow/example_dags/example_branch_operator_decorator.py
[2023-03-04T10:55:03.713+0530] {processor.py:743} INFO - Processing file /home/ris/PycharmProjects/pythonProject/USA-housing/venv/lib/python3.10/site-packages/airflow/example_dags/example_branch_operator_decorator.py for tasks to queue
[2023-03-04T10:55:03.714+0530] {logging_mixin.py:137} INFO - [2023-03-04T10:55:03.714+0530] {dagbag.py:538} INFO - Filling up the DagBag from /home/ris/PycharmProjects/pythonProject/USA-housing/venv/lib/python3.10/site-packages/airflow/example_dags/example_branch_operator_decorator.py
[2023-03-04T10:55:03.740+0530] {processor.py:753} INFO - DAG(s) dict_keys(['example_branch_python_operator_decorator']) retrieved from /home/ris/PycharmProjects/pythonProject/USA-housing/venv/lib/python3.10/site-packages/airflow/example_dags/example_branch_operator_decorator.py
[2023-03-04T10:55:03.760+0530] {logging_mixin.py:137} INFO - [2023-03-04T10:55:03.760+0530] {dag.py:2690} INFO - Sync 1 DAGs
[2023-03-04T10:55:03.782+0530] {logging_mixin.py:137} INFO - [2023-03-04T10:55:03.782+0530] {dag.py:3437} INFO - Setting next_dagrun for example_branch_python_operator_decorator to 2023-03-03T00:00:00+00:00, run_after=2023-03-04T00:00:00+00:00
[2023-03-04T10:55:03.803+0530] {processor.py:175} INFO - Processing /home/ris/PycharmProjects/pythonProject/USA-housing/venv/lib/python3.10/site-packages/airflow/example_dags/example_branch_operator_decorator.py took 0.096 seconds
[2023-03-04T10:55:58.324+0530] {processor.py:153} INFO - Started process (PID=34881) to work on /home/ris/PycharmProjects/pythonProject/USA-housing/venv/lib/python3.10/site-packages/airflow/example_dags/example_branch_operator_decorator.py
[2023-03-04T10:55:58.326+0530] {processor.py:743} INFO - Processing file /home/ris/PycharmProjects/pythonProject/USA-housing/venv/lib/python3.10/site-packages/airflow/example_dags/example_branch_operator_decorator.py for tasks to queue
[2023-03-04T10:55:58.326+0530] {logging_mixin.py:137} INFO - [2023-03-04T10:55:58.326+0530] {dagbag.py:538} INFO - Filling up the DagBag from /home/ris/PycharmProjects/pythonProject/USA-housing/venv/lib/python3.10/site-packages/airflow/example_dags/example_branch_operator_decorator.py
[2023-03-04T10:55:58.353+0530] {processor.py:753} INFO - DAG(s) dict_keys(['example_branch_python_operator_decorator']) retrieved from /home/ris/PycharmProjects/pythonProject/USA-housing/venv/lib/python3.10/site-packages/airflow/example_dags/example_branch_operator_decorator.py
[2023-03-04T10:55:58.373+0530] {logging_mixin.py:137} INFO - [2023-03-04T10:55:58.373+0530] {dag.py:2690} INFO - Sync 1 DAGs
[2023-03-04T10:55:58.394+0530] {logging_mixin.py:137} INFO - [2023-03-04T10:55:58.394+0530] {dag.py:3437} INFO - Setting next_dagrun for example_branch_python_operator_decorator to 2023-03-03T00:00:00+00:00, run_after=2023-03-04T00:00:00+00:00
[2023-03-04T10:55:58.414+0530] {processor.py:175} INFO - Processing /home/ris/PycharmProjects/pythonProject/USA-housing/venv/lib/python3.10/site-packages/airflow/example_dags/example_branch_operator_decorator.py took 0.093 seconds
[2023-03-04T10:56:58.173+0530] {processor.py:153} INFO - Started process (PID=34976) to work on /home/ris/PycharmProjects/pythonProject/USA-housing/venv/lib/python3.10/site-packages/airflow/example_dags/example_branch_operator_decorator.py
[2023-03-04T10:56:58.175+0530] {processor.py:743} INFO - Processing file /home/ris/PycharmProjects/pythonProject/USA-housing/venv/lib/python3.10/site-packages/airflow/example_dags/example_branch_operator_decorator.py for tasks to queue
[2023-03-04T10:56:58.175+0530] {logging_mixin.py:137} INFO - [2023-03-04T10:56:58.175+0530] {dagbag.py:538} INFO - Filling up the DagBag from /home/ris/PycharmProjects/pythonProject/USA-housing/venv/lib/python3.10/site-packages/airflow/example_dags/example_branch_operator_decorator.py
[2023-03-04T10:56:58.204+0530] {processor.py:753} INFO - DAG(s) dict_keys(['example_branch_python_operator_decorator']) retrieved from /home/ris/PycharmProjects/pythonProject/USA-housing/venv/lib/python3.10/site-packages/airflow/example_dags/example_branch_operator_decorator.py
[2023-03-04T10:56:58.222+0530] {logging_mixin.py:137} INFO - [2023-03-04T10:56:58.222+0530] {dag.py:2690} INFO - Sync 1 DAGs
[2023-03-04T10:56:58.242+0530] {logging_mixin.py:137} INFO - [2023-03-04T10:56:58.242+0530] {dag.py:3437} INFO - Setting next_dagrun for example_branch_python_operator_decorator to 2023-03-03T00:00:00+00:00, run_after=2023-03-04T00:00:00+00:00
[2023-03-04T10:56:58.263+0530] {processor.py:175} INFO - Processing /home/ris/PycharmProjects/pythonProject/USA-housing/venv/lib/python3.10/site-packages/airflow/example_dags/example_branch_operator_decorator.py took 0.092 seconds
[2023-03-04T10:57:51.476+0530] {processor.py:153} INFO - Started process (PID=35052) to work on /home/ris/PycharmProjects/pythonProject/USA-housing/venv/lib/python3.10/site-packages/airflow/example_dags/example_branch_operator_decorator.py
[2023-03-04T10:57:51.478+0530] {processor.py:743} INFO - Processing file /home/ris/PycharmProjects/pythonProject/USA-housing/venv/lib/python3.10/site-packages/airflow/example_dags/example_branch_operator_decorator.py for tasks to queue
[2023-03-04T10:57:51.478+0530] {logging_mixin.py:137} INFO - [2023-03-04T10:57:51.478+0530] {dagbag.py:538} INFO - Filling up the DagBag from /home/ris/PycharmProjects/pythonProject/USA-housing/venv/lib/python3.10/site-packages/airflow/example_dags/example_branch_operator_decorator.py
[2023-03-04T10:57:51.508+0530] {processor.py:753} INFO - DAG(s) dict_keys(['example_branch_python_operator_decorator']) retrieved from /home/ris/PycharmProjects/pythonProject/USA-housing/venv/lib/python3.10/site-packages/airflow/example_dags/example_branch_operator_decorator.py
[2023-03-04T10:57:51.536+0530] {logging_mixin.py:137} INFO - [2023-03-04T10:57:51.535+0530] {dag.py:2690} INFO - Sync 1 DAGs
[2023-03-04T10:57:51.557+0530] {logging_mixin.py:137} INFO - [2023-03-04T10:57:51.557+0530] {dag.py:3437} INFO - Setting next_dagrun for example_branch_python_operator_decorator to 2023-03-03T00:00:00+00:00, run_after=2023-03-04T00:00:00+00:00
[2023-03-04T10:57:51.577+0530] {processor.py:175} INFO - Processing /home/ris/PycharmProjects/pythonProject/USA-housing/venv/lib/python3.10/site-packages/airflow/example_dags/example_branch_operator_decorator.py took 0.103 seconds
[2023-03-04T11:01:41.578+0530] {processor.py:153} INFO - Started process (PID=35231) to work on /home/ris/PycharmProjects/pythonProject/USA-housing/venv/lib/python3.10/site-packages/airflow/example_dags/example_branch_operator_decorator.py
[2023-03-04T11:01:41.579+0530] {processor.py:743} INFO - Processing file /home/ris/PycharmProjects/pythonProject/USA-housing/venv/lib/python3.10/site-packages/airflow/example_dags/example_branch_operator_decorator.py for tasks to queue
[2023-03-04T11:01:41.579+0530] {logging_mixin.py:137} INFO - [2023-03-04T11:01:41.579+0530] {dagbag.py:538} INFO - Filling up the DagBag from /home/ris/PycharmProjects/pythonProject/USA-housing/venv/lib/python3.10/site-packages/airflow/example_dags/example_branch_operator_decorator.py
[2023-03-04T11:01:41.602+0530] {processor.py:753} INFO - DAG(s) dict_keys(['example_branch_python_operator_decorator']) retrieved from /home/ris/PycharmProjects/pythonProject/USA-housing/venv/lib/python3.10/site-packages/airflow/example_dags/example_branch_operator_decorator.py
[2023-03-04T11:01:41.621+0530] {logging_mixin.py:137} INFO - [2023-03-04T11:01:41.621+0530] {dag.py:2690} INFO - Sync 1 DAGs
[2023-03-04T11:01:41.646+0530] {logging_mixin.py:137} INFO - [2023-03-04T11:01:41.645+0530] {dag.py:3437} INFO - Setting next_dagrun for example_branch_python_operator_decorator to 2023-03-03T00:00:00+00:00, run_after=2023-03-04T00:00:00+00:00
[2023-03-04T11:01:41.668+0530] {processor.py:175} INFO - Processing /home/ris/PycharmProjects/pythonProject/USA-housing/venv/lib/python3.10/site-packages/airflow/example_dags/example_branch_operator_decorator.py took 0.093 seconds
