[2023-03-04T09:23:36.519+0530] {processor.py:153} INFO - Started process (PID=29325) to work on /home/ris/PycharmProjects/pythonProject/USA-housing/venv/lib/python3.10/site-packages/airflow/example_dags/example_nested_branch_dag.py
[2023-03-04T09:23:36.520+0530] {processor.py:743} INFO - Processing file /home/ris/PycharmProjects/pythonProject/USA-housing/venv/lib/python3.10/site-packages/airflow/example_dags/example_nested_branch_dag.py for tasks to queue
[2023-03-04T09:23:36.522+0530] {logging_mixin.py:137} INFO - [2023-03-04T09:23:36.521+0530] {dagbag.py:538} INFO - Filling up the DagBag from /home/ris/PycharmProjects/pythonProject/USA-housing/venv/lib/python3.10/site-packages/airflow/example_dags/example_nested_branch_dag.py
[2023-03-04T09:23:36.555+0530] {processor.py:753} INFO - DAG(s) dict_keys(['example_nested_branch_dag']) retrieved from /home/ris/PycharmProjects/pythonProject/USA-housing/venv/lib/python3.10/site-packages/airflow/example_dags/example_nested_branch_dag.py
[2023-03-04T09:23:36.571+0530] {logging_mixin.py:137} INFO - [2023-03-04T09:23:36.570+0530] {dag.py:2690} INFO - Sync 1 DAGs
[2023-03-04T09:23:36.587+0530] {logging_mixin.py:137} INFO - [2023-03-04T09:23:36.587+0530] {dag.py:3437} INFO - Setting next_dagrun for example_nested_branch_dag to 2023-03-03T00:00:00+00:00, run_after=2023-03-04T00:00:00+00:00
[2023-03-04T09:23:36.606+0530] {processor.py:175} INFO - Processing /home/ris/PycharmProjects/pythonProject/USA-housing/venv/lib/python3.10/site-packages/airflow/example_dags/example_nested_branch_dag.py took 0.091 seconds
[2023-03-04T09:24:18.287+0530] {processor.py:153} INFO - Started process (PID=29752) to work on /home/ris/PycharmProjects/pythonProject/USA-housing/venv/lib/python3.10/site-packages/airflow/example_dags/example_nested_branch_dag.py
[2023-03-04T09:24:18.289+0530] {processor.py:743} INFO - Processing file /home/ris/PycharmProjects/pythonProject/USA-housing/venv/lib/python3.10/site-packages/airflow/example_dags/example_nested_branch_dag.py for tasks to queue
[2023-03-04T09:24:18.291+0530] {logging_mixin.py:137} INFO - [2023-03-04T09:24:18.290+0530] {dagbag.py:538} INFO - Filling up the DagBag from /home/ris/PycharmProjects/pythonProject/USA-housing/venv/lib/python3.10/site-packages/airflow/example_dags/example_nested_branch_dag.py
[2023-03-04T09:24:18.332+0530] {processor.py:753} INFO - DAG(s) dict_keys(['example_nested_branch_dag']) retrieved from /home/ris/PycharmProjects/pythonProject/USA-housing/venv/lib/python3.10/site-packages/airflow/example_dags/example_nested_branch_dag.py
[2023-03-04T09:24:18.348+0530] {logging_mixin.py:137} INFO - [2023-03-04T09:24:18.348+0530] {dag.py:2690} INFO - Sync 1 DAGs
[2023-03-04T09:24:18.366+0530] {logging_mixin.py:137} INFO - [2023-03-04T09:24:18.366+0530] {dag.py:3437} INFO - Setting next_dagrun for example_nested_branch_dag to 2023-03-03T00:00:00+00:00, run_after=2023-03-04T00:00:00+00:00
[2023-03-04T09:24:18.384+0530] {processor.py:175} INFO - Processing /home/ris/PycharmProjects/pythonProject/USA-housing/venv/lib/python3.10/site-packages/airflow/example_dags/example_nested_branch_dag.py took 0.101 seconds
[2023-03-04T09:24:59.947+0530] {processor.py:153} INFO - Started process (PID=29793) to work on /home/ris/PycharmProjects/pythonProject/USA-housing/venv/lib/python3.10/site-packages/airflow/example_dags/example_nested_branch_dag.py
[2023-03-04T09:24:59.950+0530] {processor.py:743} INFO - Processing file /home/ris/PycharmProjects/pythonProject/USA-housing/venv/lib/python3.10/site-packages/airflow/example_dags/example_nested_branch_dag.py for tasks to queue
[2023-03-04T09:24:59.951+0530] {logging_mixin.py:137} INFO - [2023-03-04T09:24:59.950+0530] {dagbag.py:538} INFO - Filling up the DagBag from /home/ris/PycharmProjects/pythonProject/USA-housing/venv/lib/python3.10/site-packages/airflow/example_dags/example_nested_branch_dag.py
[2023-03-04T09:24:59.993+0530] {processor.py:753} INFO - DAG(s) dict_keys(['example_nested_branch_dag']) retrieved from /home/ris/PycharmProjects/pythonProject/USA-housing/venv/lib/python3.10/site-packages/airflow/example_dags/example_nested_branch_dag.py
[2023-03-04T09:25:00.009+0530] {logging_mixin.py:137} INFO - [2023-03-04T09:25:00.009+0530] {dag.py:2690} INFO - Sync 1 DAGs
[2023-03-04T09:25:00.030+0530] {logging_mixin.py:137} INFO - [2023-03-04T09:25:00.029+0530] {dag.py:3437} INFO - Setting next_dagrun for example_nested_branch_dag to 2023-03-03T00:00:00+00:00, run_after=2023-03-04T00:00:00+00:00
[2023-03-04T09:25:00.048+0530] {processor.py:175} INFO - Processing /home/ris/PycharmProjects/pythonProject/USA-housing/venv/lib/python3.10/site-packages/airflow/example_dags/example_nested_branch_dag.py took 0.105 seconds
[2023-03-04T09:25:44.644+0530] {processor.py:153} INFO - Started process (PID=30003) to work on /home/ris/PycharmProjects/pythonProject/USA-housing/venv/lib/python3.10/site-packages/airflow/example_dags/example_nested_branch_dag.py
[2023-03-04T09:25:44.645+0530] {processor.py:743} INFO - Processing file /home/ris/PycharmProjects/pythonProject/USA-housing/venv/lib/python3.10/site-packages/airflow/example_dags/example_nested_branch_dag.py for tasks to queue
[2023-03-04T09:25:44.646+0530] {logging_mixin.py:137} INFO - [2023-03-04T09:25:44.646+0530] {dagbag.py:538} INFO - Filling up the DagBag from /home/ris/PycharmProjects/pythonProject/USA-housing/venv/lib/python3.10/site-packages/airflow/example_dags/example_nested_branch_dag.py
[2023-03-04T09:25:44.669+0530] {processor.py:753} INFO - DAG(s) dict_keys(['example_nested_branch_dag']) retrieved from /home/ris/PycharmProjects/pythonProject/USA-housing/venv/lib/python3.10/site-packages/airflow/example_dags/example_nested_branch_dag.py
[2023-03-04T09:25:44.687+0530] {logging_mixin.py:137} INFO - [2023-03-04T09:25:44.687+0530] {dag.py:2690} INFO - Sync 1 DAGs
[2023-03-04T09:25:44.705+0530] {logging_mixin.py:137} INFO - [2023-03-04T09:25:44.705+0530] {dag.py:3437} INFO - Setting next_dagrun for example_nested_branch_dag to 2023-03-03T00:00:00+00:00, run_after=2023-03-04T00:00:00+00:00
[2023-03-04T09:25:44.725+0530] {processor.py:175} INFO - Processing /home/ris/PycharmProjects/pythonProject/USA-housing/venv/lib/python3.10/site-packages/airflow/example_dags/example_nested_branch_dag.py took 0.084 seconds
[2023-03-04T09:26:31.357+0530] {processor.py:153} INFO - Started process (PID=30126) to work on /home/ris/PycharmProjects/pythonProject/USA-housing/venv/lib/python3.10/site-packages/airflow/example_dags/example_nested_branch_dag.py
[2023-03-04T09:26:31.359+0530] {processor.py:743} INFO - Processing file /home/ris/PycharmProjects/pythonProject/USA-housing/venv/lib/python3.10/site-packages/airflow/example_dags/example_nested_branch_dag.py for tasks to queue
[2023-03-04T09:26:31.360+0530] {logging_mixin.py:137} INFO - [2023-03-04T09:26:31.360+0530] {dagbag.py:538} INFO - Filling up the DagBag from /home/ris/PycharmProjects/pythonProject/USA-housing/venv/lib/python3.10/site-packages/airflow/example_dags/example_nested_branch_dag.py
[2023-03-04T09:26:31.403+0530] {processor.py:753} INFO - DAG(s) dict_keys(['example_nested_branch_dag']) retrieved from /home/ris/PycharmProjects/pythonProject/USA-housing/venv/lib/python3.10/site-packages/airflow/example_dags/example_nested_branch_dag.py
[2023-03-04T09:26:31.419+0530] {logging_mixin.py:137} INFO - [2023-03-04T09:26:31.419+0530] {dag.py:2690} INFO - Sync 1 DAGs
[2023-03-04T09:26:31.436+0530] {logging_mixin.py:137} INFO - [2023-03-04T09:26:31.436+0530] {dag.py:3437} INFO - Setting next_dagrun for example_nested_branch_dag to 2023-03-03T00:00:00+00:00, run_after=2023-03-04T00:00:00+00:00
[2023-03-04T09:26:31.456+0530] {processor.py:175} INFO - Processing /home/ris/PycharmProjects/pythonProject/USA-housing/venv/lib/python3.10/site-packages/airflow/example_dags/example_nested_branch_dag.py took 0.104 seconds
[2023-03-04T09:27:11.107+0530] {processor.py:153} INFO - Started process (PID=30164) to work on /home/ris/PycharmProjects/pythonProject/USA-housing/venv/lib/python3.10/site-packages/airflow/example_dags/example_nested_branch_dag.py
[2023-03-04T09:27:11.110+0530] {processor.py:743} INFO - Processing file /home/ris/PycharmProjects/pythonProject/USA-housing/venv/lib/python3.10/site-packages/airflow/example_dags/example_nested_branch_dag.py for tasks to queue
[2023-03-04T09:27:11.111+0530] {logging_mixin.py:137} INFO - [2023-03-04T09:27:11.111+0530] {dagbag.py:538} INFO - Filling up the DagBag from /home/ris/PycharmProjects/pythonProject/USA-housing/venv/lib/python3.10/site-packages/airflow/example_dags/example_nested_branch_dag.py
[2023-03-04T09:27:11.154+0530] {processor.py:753} INFO - DAG(s) dict_keys(['example_nested_branch_dag']) retrieved from /home/ris/PycharmProjects/pythonProject/USA-housing/venv/lib/python3.10/site-packages/airflow/example_dags/example_nested_branch_dag.py
[2023-03-04T09:27:11.169+0530] {logging_mixin.py:137} INFO - [2023-03-04T09:27:11.169+0530] {dag.py:2690} INFO - Sync 1 DAGs
[2023-03-04T09:27:11.186+0530] {logging_mixin.py:137} INFO - [2023-03-04T09:27:11.186+0530] {dag.py:3437} INFO - Setting next_dagrun for example_nested_branch_dag to 2023-03-03T00:00:00+00:00, run_after=2023-03-04T00:00:00+00:00
[2023-03-04T09:27:11.203+0530] {processor.py:175} INFO - Processing /home/ris/PycharmProjects/pythonProject/USA-housing/venv/lib/python3.10/site-packages/airflow/example_dags/example_nested_branch_dag.py took 0.100 seconds
[2023-03-04T09:27:55.739+0530] {processor.py:153} INFO - Started process (PID=30210) to work on /home/ris/PycharmProjects/pythonProject/USA-housing/venv/lib/python3.10/site-packages/airflow/example_dags/example_nested_branch_dag.py
[2023-03-04T09:27:55.741+0530] {processor.py:743} INFO - Processing file /home/ris/PycharmProjects/pythonProject/USA-housing/venv/lib/python3.10/site-packages/airflow/example_dags/example_nested_branch_dag.py for tasks to queue
[2023-03-04T09:27:55.741+0530] {logging_mixin.py:137} INFO - [2023-03-04T09:27:55.741+0530] {dagbag.py:538} INFO - Filling up the DagBag from /home/ris/PycharmProjects/pythonProject/USA-housing/venv/lib/python3.10/site-packages/airflow/example_dags/example_nested_branch_dag.py
[2023-03-04T09:27:55.762+0530] {processor.py:753} INFO - DAG(s) dict_keys(['example_nested_branch_dag']) retrieved from /home/ris/PycharmProjects/pythonProject/USA-housing/venv/lib/python3.10/site-packages/airflow/example_dags/example_nested_branch_dag.py
[2023-03-04T09:27:55.777+0530] {logging_mixin.py:137} INFO - [2023-03-04T09:27:55.777+0530] {dag.py:2690} INFO - Sync 1 DAGs
[2023-03-04T09:27:55.794+0530] {logging_mixin.py:137} INFO - [2023-03-04T09:27:55.794+0530] {dag.py:3437} INFO - Setting next_dagrun for example_nested_branch_dag to 2023-03-03T00:00:00+00:00, run_after=2023-03-04T00:00:00+00:00
[2023-03-04T09:27:55.813+0530] {processor.py:175} INFO - Processing /home/ris/PycharmProjects/pythonProject/USA-housing/venv/lib/python3.10/site-packages/airflow/example_dags/example_nested_branch_dag.py took 0.076 seconds
[2023-03-04T09:28:37.624+0530] {processor.py:153} INFO - Started process (PID=30256) to work on /home/ris/PycharmProjects/pythonProject/USA-housing/venv/lib/python3.10/site-packages/airflow/example_dags/example_nested_branch_dag.py
[2023-03-04T09:28:37.626+0530] {processor.py:743} INFO - Processing file /home/ris/PycharmProjects/pythonProject/USA-housing/venv/lib/python3.10/site-packages/airflow/example_dags/example_nested_branch_dag.py for tasks to queue
[2023-03-04T09:28:37.627+0530] {logging_mixin.py:137} INFO - [2023-03-04T09:28:37.627+0530] {dagbag.py:538} INFO - Filling up the DagBag from /home/ris/PycharmProjects/pythonProject/USA-housing/venv/lib/python3.10/site-packages/airflow/example_dags/example_nested_branch_dag.py
[2023-03-04T09:28:37.655+0530] {processor.py:753} INFO - DAG(s) dict_keys(['example_nested_branch_dag']) retrieved from /home/ris/PycharmProjects/pythonProject/USA-housing/venv/lib/python3.10/site-packages/airflow/example_dags/example_nested_branch_dag.py
[2023-03-04T09:28:37.671+0530] {logging_mixin.py:137} INFO - [2023-03-04T09:28:37.671+0530] {dag.py:2690} INFO - Sync 1 DAGs
[2023-03-04T09:28:37.689+0530] {logging_mixin.py:137} INFO - [2023-03-04T09:28:37.689+0530] {dag.py:3437} INFO - Setting next_dagrun for example_nested_branch_dag to 2023-03-03T00:00:00+00:00, run_after=2023-03-04T00:00:00+00:00
[2023-03-04T09:28:37.706+0530] {processor.py:175} INFO - Processing /home/ris/PycharmProjects/pythonProject/USA-housing/venv/lib/python3.10/site-packages/airflow/example_dags/example_nested_branch_dag.py took 0.086 seconds
[2023-03-04T09:29:23.132+0530] {processor.py:153} INFO - Started process (PID=30302) to work on /home/ris/PycharmProjects/pythonProject/USA-housing/venv/lib/python3.10/site-packages/airflow/example_dags/example_nested_branch_dag.py
[2023-03-04T09:29:23.133+0530] {processor.py:743} INFO - Processing file /home/ris/PycharmProjects/pythonProject/USA-housing/venv/lib/python3.10/site-packages/airflow/example_dags/example_nested_branch_dag.py for tasks to queue
[2023-03-04T09:29:23.134+0530] {logging_mixin.py:137} INFO - [2023-03-04T09:29:23.134+0530] {dagbag.py:538} INFO - Filling up the DagBag from /home/ris/PycharmProjects/pythonProject/USA-housing/venv/lib/python3.10/site-packages/airflow/example_dags/example_nested_branch_dag.py
[2023-03-04T09:29:23.177+0530] {processor.py:753} INFO - DAG(s) dict_keys(['example_nested_branch_dag']) retrieved from /home/ris/PycharmProjects/pythonProject/USA-housing/venv/lib/python3.10/site-packages/airflow/example_dags/example_nested_branch_dag.py
[2023-03-04T09:29:23.198+0530] {logging_mixin.py:137} INFO - [2023-03-04T09:29:23.198+0530] {dag.py:2690} INFO - Sync 1 DAGs
[2023-03-04T09:29:23.216+0530] {logging_mixin.py:137} INFO - [2023-03-04T09:29:23.216+0530] {dag.py:3437} INFO - Setting next_dagrun for example_nested_branch_dag to 2023-03-03T00:00:00+00:00, run_after=2023-03-04T00:00:00+00:00
[2023-03-04T09:29:23.233+0530] {processor.py:175} INFO - Processing /home/ris/PycharmProjects/pythonProject/USA-housing/venv/lib/python3.10/site-packages/airflow/example_dags/example_nested_branch_dag.py took 0.106 seconds
[2023-03-04T09:30:12.146+0530] {processor.py:153} INFO - Started process (PID=30357) to work on /home/ris/PycharmProjects/pythonProject/USA-housing/venv/lib/python3.10/site-packages/airflow/example_dags/example_nested_branch_dag.py
[2023-03-04T09:30:12.148+0530] {processor.py:743} INFO - Processing file /home/ris/PycharmProjects/pythonProject/USA-housing/venv/lib/python3.10/site-packages/airflow/example_dags/example_nested_branch_dag.py for tasks to queue
[2023-03-04T09:30:12.149+0530] {logging_mixin.py:137} INFO - [2023-03-04T09:30:12.149+0530] {dagbag.py:538} INFO - Filling up the DagBag from /home/ris/PycharmProjects/pythonProject/USA-housing/venv/lib/python3.10/site-packages/airflow/example_dags/example_nested_branch_dag.py
[2023-03-04T09:30:12.194+0530] {processor.py:753} INFO - DAG(s) dict_keys(['example_nested_branch_dag']) retrieved from /home/ris/PycharmProjects/pythonProject/USA-housing/venv/lib/python3.10/site-packages/airflow/example_dags/example_nested_branch_dag.py
[2023-03-04T09:30:12.210+0530] {logging_mixin.py:137} INFO - [2023-03-04T09:30:12.210+0530] {dag.py:2690} INFO - Sync 1 DAGs
[2023-03-04T09:30:12.227+0530] {logging_mixin.py:137} INFO - [2023-03-04T09:30:12.227+0530] {dag.py:3437} INFO - Setting next_dagrun for example_nested_branch_dag to 2023-03-03T00:00:00+00:00, run_after=2023-03-04T00:00:00+00:00
[2023-03-04T09:30:12.244+0530] {processor.py:175} INFO - Processing /home/ris/PycharmProjects/pythonProject/USA-housing/venv/lib/python3.10/site-packages/airflow/example_dags/example_nested_branch_dag.py took 0.101 seconds
[2023-03-04T09:31:00.760+0530] {processor.py:153} INFO - Started process (PID=30406) to work on /home/ris/PycharmProjects/pythonProject/USA-housing/venv/lib/python3.10/site-packages/airflow/example_dags/example_nested_branch_dag.py
[2023-03-04T09:31:00.761+0530] {processor.py:743} INFO - Processing file /home/ris/PycharmProjects/pythonProject/USA-housing/venv/lib/python3.10/site-packages/airflow/example_dags/example_nested_branch_dag.py for tasks to queue
[2023-03-04T09:31:00.762+0530] {logging_mixin.py:137} INFO - [2023-03-04T09:31:00.762+0530] {dagbag.py:538} INFO - Filling up the DagBag from /home/ris/PycharmProjects/pythonProject/USA-housing/venv/lib/python3.10/site-packages/airflow/example_dags/example_nested_branch_dag.py
[2023-03-04T09:31:00.783+0530] {processor.py:753} INFO - DAG(s) dict_keys(['example_nested_branch_dag']) retrieved from /home/ris/PycharmProjects/pythonProject/USA-housing/venv/lib/python3.10/site-packages/airflow/example_dags/example_nested_branch_dag.py
[2023-03-04T09:31:00.805+0530] {logging_mixin.py:137} INFO - [2023-03-04T09:31:00.805+0530] {dag.py:2690} INFO - Sync 1 DAGs
[2023-03-04T09:31:00.822+0530] {logging_mixin.py:137} INFO - [2023-03-04T09:31:00.822+0530] {dag.py:3437} INFO - Setting next_dagrun for example_nested_branch_dag to 2023-03-03T00:00:00+00:00, run_after=2023-03-04T00:00:00+00:00
[2023-03-04T09:31:00.839+0530] {processor.py:175} INFO - Processing /home/ris/PycharmProjects/pythonProject/USA-housing/venv/lib/python3.10/site-packages/airflow/example_dags/example_nested_branch_dag.py took 0.082 seconds
[2023-03-04T09:31:47.184+0530] {processor.py:153} INFO - Started process (PID=30451) to work on /home/ris/PycharmProjects/pythonProject/USA-housing/venv/lib/python3.10/site-packages/airflow/example_dags/example_nested_branch_dag.py
[2023-03-04T09:31:47.186+0530] {processor.py:743} INFO - Processing file /home/ris/PycharmProjects/pythonProject/USA-housing/venv/lib/python3.10/site-packages/airflow/example_dags/example_nested_branch_dag.py for tasks to queue
[2023-03-04T09:31:47.186+0530] {logging_mixin.py:137} INFO - [2023-03-04T09:31:47.186+0530] {dagbag.py:538} INFO - Filling up the DagBag from /home/ris/PycharmProjects/pythonProject/USA-housing/venv/lib/python3.10/site-packages/airflow/example_dags/example_nested_branch_dag.py
[2023-03-04T09:31:47.207+0530] {processor.py:753} INFO - DAG(s) dict_keys(['example_nested_branch_dag']) retrieved from /home/ris/PycharmProjects/pythonProject/USA-housing/venv/lib/python3.10/site-packages/airflow/example_dags/example_nested_branch_dag.py
[2023-03-04T09:31:47.223+0530] {logging_mixin.py:137} INFO - [2023-03-04T09:31:47.223+0530] {dag.py:2690} INFO - Sync 1 DAGs
[2023-03-04T09:31:47.240+0530] {logging_mixin.py:137} INFO - [2023-03-04T09:31:47.240+0530] {dag.py:3437} INFO - Setting next_dagrun for example_nested_branch_dag to 2023-03-03T00:00:00+00:00, run_after=2023-03-04T00:00:00+00:00
[2023-03-04T09:31:47.258+0530] {processor.py:175} INFO - Processing /home/ris/PycharmProjects/pythonProject/USA-housing/venv/lib/python3.10/site-packages/airflow/example_dags/example_nested_branch_dag.py took 0.077 seconds
[2023-03-04T09:32:32.782+0530] {processor.py:153} INFO - Started process (PID=30498) to work on /home/ris/PycharmProjects/pythonProject/USA-housing/venv/lib/python3.10/site-packages/airflow/example_dags/example_nested_branch_dag.py
[2023-03-04T09:32:32.784+0530] {processor.py:743} INFO - Processing file /home/ris/PycharmProjects/pythonProject/USA-housing/venv/lib/python3.10/site-packages/airflow/example_dags/example_nested_branch_dag.py for tasks to queue
[2023-03-04T09:32:32.785+0530] {logging_mixin.py:137} INFO - [2023-03-04T09:32:32.785+0530] {dagbag.py:538} INFO - Filling up the DagBag from /home/ris/PycharmProjects/pythonProject/USA-housing/venv/lib/python3.10/site-packages/airflow/example_dags/example_nested_branch_dag.py
[2023-03-04T09:32:32.828+0530] {processor.py:753} INFO - DAG(s) dict_keys(['example_nested_branch_dag']) retrieved from /home/ris/PycharmProjects/pythonProject/USA-housing/venv/lib/python3.10/site-packages/airflow/example_dags/example_nested_branch_dag.py
[2023-03-04T09:32:32.844+0530] {logging_mixin.py:137} INFO - [2023-03-04T09:32:32.844+0530] {dag.py:2690} INFO - Sync 1 DAGs
[2023-03-04T09:32:32.861+0530] {logging_mixin.py:137} INFO - [2023-03-04T09:32:32.861+0530] {dag.py:3437} INFO - Setting next_dagrun for example_nested_branch_dag to 2023-03-03T00:00:00+00:00, run_after=2023-03-04T00:00:00+00:00
[2023-03-04T09:32:32.879+0530] {processor.py:175} INFO - Processing /home/ris/PycharmProjects/pythonProject/USA-housing/venv/lib/python3.10/site-packages/airflow/example_dags/example_nested_branch_dag.py took 0.101 seconds
[2023-03-04T09:33:21.575+0530] {processor.py:153} INFO - Started process (PID=30545) to work on /home/ris/PycharmProjects/pythonProject/USA-housing/venv/lib/python3.10/site-packages/airflow/example_dags/example_nested_branch_dag.py
[2023-03-04T09:33:21.578+0530] {processor.py:743} INFO - Processing file /home/ris/PycharmProjects/pythonProject/USA-housing/venv/lib/python3.10/site-packages/airflow/example_dags/example_nested_branch_dag.py for tasks to queue
[2023-03-04T09:33:21.579+0530] {logging_mixin.py:137} INFO - [2023-03-04T09:33:21.578+0530] {dagbag.py:538} INFO - Filling up the DagBag from /home/ris/PycharmProjects/pythonProject/USA-housing/venv/lib/python3.10/site-packages/airflow/example_dags/example_nested_branch_dag.py
[2023-03-04T09:33:21.620+0530] {processor.py:753} INFO - DAG(s) dict_keys(['example_nested_branch_dag']) retrieved from /home/ris/PycharmProjects/pythonProject/USA-housing/venv/lib/python3.10/site-packages/airflow/example_dags/example_nested_branch_dag.py
[2023-03-04T09:33:21.636+0530] {logging_mixin.py:137} INFO - [2023-03-04T09:33:21.636+0530] {dag.py:2690} INFO - Sync 1 DAGs
[2023-03-04T09:33:21.654+0530] {logging_mixin.py:137} INFO - [2023-03-04T09:33:21.654+0530] {dag.py:3437} INFO - Setting next_dagrun for example_nested_branch_dag to 2023-03-03T00:00:00+00:00, run_after=2023-03-04T00:00:00+00:00
[2023-03-04T09:33:21.671+0530] {processor.py:175} INFO - Processing /home/ris/PycharmProjects/pythonProject/USA-housing/venv/lib/python3.10/site-packages/airflow/example_dags/example_nested_branch_dag.py took 0.100 seconds
[2023-03-04T09:34:11.553+0530] {processor.py:153} INFO - Started process (PID=30595) to work on /home/ris/PycharmProjects/pythonProject/USA-housing/venv/lib/python3.10/site-packages/airflow/example_dags/example_nested_branch_dag.py
[2023-03-04T09:34:11.556+0530] {processor.py:743} INFO - Processing file /home/ris/PycharmProjects/pythonProject/USA-housing/venv/lib/python3.10/site-packages/airflow/example_dags/example_nested_branch_dag.py for tasks to queue
[2023-03-04T09:34:11.557+0530] {logging_mixin.py:137} INFO - [2023-03-04T09:34:11.557+0530] {dagbag.py:538} INFO - Filling up the DagBag from /home/ris/PycharmProjects/pythonProject/USA-housing/venv/lib/python3.10/site-packages/airflow/example_dags/example_nested_branch_dag.py
[2023-03-04T09:34:11.598+0530] {processor.py:753} INFO - DAG(s) dict_keys(['example_nested_branch_dag']) retrieved from /home/ris/PycharmProjects/pythonProject/USA-housing/venv/lib/python3.10/site-packages/airflow/example_dags/example_nested_branch_dag.py
[2023-03-04T09:34:11.614+0530] {logging_mixin.py:137} INFO - [2023-03-04T09:34:11.614+0530] {dag.py:2690} INFO - Sync 1 DAGs
[2023-03-04T09:34:11.631+0530] {logging_mixin.py:137} INFO - [2023-03-04T09:34:11.631+0530] {dag.py:3437} INFO - Setting next_dagrun for example_nested_branch_dag to 2023-03-03T00:00:00+00:00, run_after=2023-03-04T00:00:00+00:00
[2023-03-04T09:34:11.650+0530] {processor.py:175} INFO - Processing /home/ris/PycharmProjects/pythonProject/USA-housing/venv/lib/python3.10/site-packages/airflow/example_dags/example_nested_branch_dag.py took 0.101 seconds
[2023-03-04T09:34:56.019+0530] {processor.py:153} INFO - Started process (PID=30641) to work on /home/ris/PycharmProjects/pythonProject/USA-housing/venv/lib/python3.10/site-packages/airflow/example_dags/example_nested_branch_dag.py
[2023-03-04T09:34:56.021+0530] {processor.py:743} INFO - Processing file /home/ris/PycharmProjects/pythonProject/USA-housing/venv/lib/python3.10/site-packages/airflow/example_dags/example_nested_branch_dag.py for tasks to queue
[2023-03-04T09:34:56.022+0530] {logging_mixin.py:137} INFO - [2023-03-04T09:34:56.022+0530] {dagbag.py:538} INFO - Filling up the DagBag from /home/ris/PycharmProjects/pythonProject/USA-housing/venv/lib/python3.10/site-packages/airflow/example_dags/example_nested_branch_dag.py
[2023-03-04T09:34:56.047+0530] {processor.py:753} INFO - DAG(s) dict_keys(['example_nested_branch_dag']) retrieved from /home/ris/PycharmProjects/pythonProject/USA-housing/venv/lib/python3.10/site-packages/airflow/example_dags/example_nested_branch_dag.py
[2023-03-04T09:34:56.063+0530] {logging_mixin.py:137} INFO - [2023-03-04T09:34:56.063+0530] {dag.py:2690} INFO - Sync 1 DAGs
[2023-03-04T09:34:56.080+0530] {logging_mixin.py:137} INFO - [2023-03-04T09:34:56.080+0530] {dag.py:3437} INFO - Setting next_dagrun for example_nested_branch_dag to 2023-03-03T00:00:00+00:00, run_after=2023-03-04T00:00:00+00:00
[2023-03-04T09:34:56.098+0530] {processor.py:175} INFO - Processing /home/ris/PycharmProjects/pythonProject/USA-housing/venv/lib/python3.10/site-packages/airflow/example_dags/example_nested_branch_dag.py took 0.084 seconds
[2023-03-04T09:35:40.538+0530] {processor.py:153} INFO - Started process (PID=30689) to work on /home/ris/PycharmProjects/pythonProject/USA-housing/venv/lib/python3.10/site-packages/airflow/example_dags/example_nested_branch_dag.py
[2023-03-04T09:35:40.541+0530] {processor.py:743} INFO - Processing file /home/ris/PycharmProjects/pythonProject/USA-housing/venv/lib/python3.10/site-packages/airflow/example_dags/example_nested_branch_dag.py for tasks to queue
[2023-03-04T09:35:40.542+0530] {logging_mixin.py:137} INFO - [2023-03-04T09:35:40.541+0530] {dagbag.py:538} INFO - Filling up the DagBag from /home/ris/PycharmProjects/pythonProject/USA-housing/venv/lib/python3.10/site-packages/airflow/example_dags/example_nested_branch_dag.py
[2023-03-04T09:35:40.586+0530] {processor.py:753} INFO - DAG(s) dict_keys(['example_nested_branch_dag']) retrieved from /home/ris/PycharmProjects/pythonProject/USA-housing/venv/lib/python3.10/site-packages/airflow/example_dags/example_nested_branch_dag.py
[2023-03-04T09:35:40.601+0530] {logging_mixin.py:137} INFO - [2023-03-04T09:35:40.601+0530] {dag.py:2690} INFO - Sync 1 DAGs
[2023-03-04T09:35:40.618+0530] {logging_mixin.py:137} INFO - [2023-03-04T09:35:40.618+0530] {dag.py:3437} INFO - Setting next_dagrun for example_nested_branch_dag to 2023-03-03T00:00:00+00:00, run_after=2023-03-04T00:00:00+00:00
[2023-03-04T09:35:40.635+0530] {processor.py:175} INFO - Processing /home/ris/PycharmProjects/pythonProject/USA-housing/venv/lib/python3.10/site-packages/airflow/example_dags/example_nested_branch_dag.py took 0.101 seconds
[2023-03-04T10:24:55.325+0530] {processor.py:153} INFO - Started process (PID=31113) to work on /home/ris/PycharmProjects/pythonProject/USA-housing/venv/lib/python3.10/site-packages/airflow/example_dags/example_nested_branch_dag.py
[2023-03-04T10:24:55.327+0530] {processor.py:743} INFO - Processing file /home/ris/PycharmProjects/pythonProject/USA-housing/venv/lib/python3.10/site-packages/airflow/example_dags/example_nested_branch_dag.py for tasks to queue
[2023-03-04T10:24:55.328+0530] {logging_mixin.py:137} INFO - [2023-03-04T10:24:55.328+0530] {dagbag.py:538} INFO - Filling up the DagBag from /home/ris/PycharmProjects/pythonProject/USA-housing/venv/lib/python3.10/site-packages/airflow/example_dags/example_nested_branch_dag.py
[2023-03-04T10:24:55.363+0530] {processor.py:753} INFO - DAG(s) dict_keys(['example_nested_branch_dag']) retrieved from /home/ris/PycharmProjects/pythonProject/USA-housing/venv/lib/python3.10/site-packages/airflow/example_dags/example_nested_branch_dag.py
[2023-03-04T10:24:55.381+0530] {logging_mixin.py:137} INFO - [2023-03-04T10:24:55.381+0530] {dag.py:2690} INFO - Sync 1 DAGs
[2023-03-04T10:24:55.399+0530] {logging_mixin.py:137} INFO - [2023-03-04T10:24:55.398+0530] {dag.py:3437} INFO - Setting next_dagrun for example_nested_branch_dag to 2023-03-03T00:00:00+00:00, run_after=2023-03-04T00:00:00+00:00
[2023-03-04T10:24:55.419+0530] {processor.py:175} INFO - Processing /home/ris/PycharmProjects/pythonProject/USA-housing/venv/lib/python3.10/site-packages/airflow/example_dags/example_nested_branch_dag.py took 0.098 seconds
[2023-03-04T10:25:37.921+0530] {processor.py:153} INFO - Started process (PID=31358) to work on /home/ris/PycharmProjects/pythonProject/USA-housing/venv/lib/python3.10/site-packages/airflow/example_dags/example_nested_branch_dag.py
[2023-03-04T10:25:37.923+0530] {processor.py:743} INFO - Processing file /home/ris/PycharmProjects/pythonProject/USA-housing/venv/lib/python3.10/site-packages/airflow/example_dags/example_nested_branch_dag.py for tasks to queue
[2023-03-04T10:25:37.924+0530] {logging_mixin.py:137} INFO - [2023-03-04T10:25:37.924+0530] {dagbag.py:538} INFO - Filling up the DagBag from /home/ris/PycharmProjects/pythonProject/USA-housing/venv/lib/python3.10/site-packages/airflow/example_dags/example_nested_branch_dag.py
[2023-03-04T10:25:37.966+0530] {processor.py:753} INFO - DAG(s) dict_keys(['example_nested_branch_dag']) retrieved from /home/ris/PycharmProjects/pythonProject/USA-housing/venv/lib/python3.10/site-packages/airflow/example_dags/example_nested_branch_dag.py
[2023-03-04T10:25:37.982+0530] {logging_mixin.py:137} INFO - [2023-03-04T10:25:37.982+0530] {dag.py:2690} INFO - Sync 1 DAGs
[2023-03-04T10:25:38.000+0530] {logging_mixin.py:137} INFO - [2023-03-04T10:25:38.000+0530] {dag.py:3437} INFO - Setting next_dagrun for example_nested_branch_dag to 2023-03-03T00:00:00+00:00, run_after=2023-03-04T00:00:00+00:00
[2023-03-04T10:25:38.019+0530] {processor.py:175} INFO - Processing /home/ris/PycharmProjects/pythonProject/USA-housing/venv/lib/python3.10/site-packages/airflow/example_dags/example_nested_branch_dag.py took 0.103 seconds
[2023-03-04T10:26:22.632+0530] {processor.py:153} INFO - Started process (PID=31405) to work on /home/ris/PycharmProjects/pythonProject/USA-housing/venv/lib/python3.10/site-packages/airflow/example_dags/example_nested_branch_dag.py
[2023-03-04T10:26:22.635+0530] {processor.py:743} INFO - Processing file /home/ris/PycharmProjects/pythonProject/USA-housing/venv/lib/python3.10/site-packages/airflow/example_dags/example_nested_branch_dag.py for tasks to queue
[2023-03-04T10:26:22.636+0530] {logging_mixin.py:137} INFO - [2023-03-04T10:26:22.636+0530] {dagbag.py:538} INFO - Filling up the DagBag from /home/ris/PycharmProjects/pythonProject/USA-housing/venv/lib/python3.10/site-packages/airflow/example_dags/example_nested_branch_dag.py
[2023-03-04T10:26:22.680+0530] {processor.py:753} INFO - DAG(s) dict_keys(['example_nested_branch_dag']) retrieved from /home/ris/PycharmProjects/pythonProject/USA-housing/venv/lib/python3.10/site-packages/airflow/example_dags/example_nested_branch_dag.py
[2023-03-04T10:26:22.695+0530] {logging_mixin.py:137} INFO - [2023-03-04T10:26:22.695+0530] {dag.py:2690} INFO - Sync 1 DAGs
[2023-03-04T10:26:22.713+0530] {logging_mixin.py:137} INFO - [2023-03-04T10:26:22.713+0530] {dag.py:3437} INFO - Setting next_dagrun for example_nested_branch_dag to 2023-03-03T00:00:00+00:00, run_after=2023-03-04T00:00:00+00:00
[2023-03-04T10:26:22.731+0530] {processor.py:175} INFO - Processing /home/ris/PycharmProjects/pythonProject/USA-housing/venv/lib/python3.10/site-packages/airflow/example_dags/example_nested_branch_dag.py took 0.103 seconds
[2023-03-04T10:26:59.502+0530] {processor.py:153} INFO - Started process (PID=31443) to work on /home/ris/PycharmProjects/pythonProject/USA-housing/venv/lib/python3.10/site-packages/airflow/example_dags/example_nested_branch_dag.py
[2023-03-04T10:26:59.504+0530] {processor.py:743} INFO - Processing file /home/ris/PycharmProjects/pythonProject/USA-housing/venv/lib/python3.10/site-packages/airflow/example_dags/example_nested_branch_dag.py for tasks to queue
[2023-03-04T10:26:59.505+0530] {logging_mixin.py:137} INFO - [2023-03-04T10:26:59.505+0530] {dagbag.py:538} INFO - Filling up the DagBag from /home/ris/PycharmProjects/pythonProject/USA-housing/venv/lib/python3.10/site-packages/airflow/example_dags/example_nested_branch_dag.py
[2023-03-04T10:26:59.536+0530] {processor.py:753} INFO - DAG(s) dict_keys(['example_nested_branch_dag']) retrieved from /home/ris/PycharmProjects/pythonProject/USA-housing/venv/lib/python3.10/site-packages/airflow/example_dags/example_nested_branch_dag.py
[2023-03-04T10:26:59.561+0530] {logging_mixin.py:137} INFO - [2023-03-04T10:26:59.560+0530] {dag.py:2690} INFO - Sync 1 DAGs
[2023-03-04T10:26:59.584+0530] {logging_mixin.py:137} INFO - [2023-03-04T10:26:59.584+0530] {dag.py:3437} INFO - Setting next_dagrun for example_nested_branch_dag to 2023-03-03T00:00:00+00:00, run_after=2023-03-04T00:00:00+00:00
[2023-03-04T10:26:59.606+0530] {processor.py:175} INFO - Processing /home/ris/PycharmProjects/pythonProject/USA-housing/venv/lib/python3.10/site-packages/airflow/example_dags/example_nested_branch_dag.py took 0.109 seconds
[2023-03-04T10:27:46.021+0530] {processor.py:153} INFO - Started process (PID=31489) to work on /home/ris/PycharmProjects/pythonProject/USA-housing/venv/lib/python3.10/site-packages/airflow/example_dags/example_nested_branch_dag.py
[2023-03-04T10:27:46.024+0530] {processor.py:743} INFO - Processing file /home/ris/PycharmProjects/pythonProject/USA-housing/venv/lib/python3.10/site-packages/airflow/example_dags/example_nested_branch_dag.py for tasks to queue
[2023-03-04T10:27:46.025+0530] {logging_mixin.py:137} INFO - [2023-03-04T10:27:46.025+0530] {dagbag.py:538} INFO - Filling up the DagBag from /home/ris/PycharmProjects/pythonProject/USA-housing/venv/lib/python3.10/site-packages/airflow/example_dags/example_nested_branch_dag.py
[2023-03-04T10:27:46.069+0530] {processor.py:753} INFO - DAG(s) dict_keys(['example_nested_branch_dag']) retrieved from /home/ris/PycharmProjects/pythonProject/USA-housing/venv/lib/python3.10/site-packages/airflow/example_dags/example_nested_branch_dag.py
[2023-03-04T10:27:46.085+0530] {logging_mixin.py:137} INFO - [2023-03-04T10:27:46.085+0530] {dag.py:2690} INFO - Sync 1 DAGs
[2023-03-04T10:27:46.102+0530] {logging_mixin.py:137} INFO - [2023-03-04T10:27:46.102+0530] {dag.py:3437} INFO - Setting next_dagrun for example_nested_branch_dag to 2023-03-03T00:00:00+00:00, run_after=2023-03-04T00:00:00+00:00
[2023-03-04T10:27:46.120+0530] {processor.py:175} INFO - Processing /home/ris/PycharmProjects/pythonProject/USA-housing/venv/lib/python3.10/site-packages/airflow/example_dags/example_nested_branch_dag.py took 0.102 seconds
[2023-03-04T10:28:35.525+0530] {processor.py:153} INFO - Started process (PID=31542) to work on /home/ris/PycharmProjects/pythonProject/USA-housing/venv/lib/python3.10/site-packages/airflow/example_dags/example_nested_branch_dag.py
[2023-03-04T10:28:35.526+0530] {processor.py:743} INFO - Processing file /home/ris/PycharmProjects/pythonProject/USA-housing/venv/lib/python3.10/site-packages/airflow/example_dags/example_nested_branch_dag.py for tasks to queue
[2023-03-04T10:28:35.527+0530] {logging_mixin.py:137} INFO - [2023-03-04T10:28:35.526+0530] {dagbag.py:538} INFO - Filling up the DagBag from /home/ris/PycharmProjects/pythonProject/USA-housing/venv/lib/python3.10/site-packages/airflow/example_dags/example_nested_branch_dag.py
[2023-03-04T10:28:35.555+0530] {processor.py:753} INFO - DAG(s) dict_keys(['example_nested_branch_dag']) retrieved from /home/ris/PycharmProjects/pythonProject/USA-housing/venv/lib/python3.10/site-packages/airflow/example_dags/example_nested_branch_dag.py
[2023-03-04T10:28:35.576+0530] {logging_mixin.py:137} INFO - [2023-03-04T10:28:35.576+0530] {dag.py:2690} INFO - Sync 1 DAGs
[2023-03-04T10:28:35.599+0530] {logging_mixin.py:137} INFO - [2023-03-04T10:28:35.599+0530] {dag.py:3437} INFO - Setting next_dagrun for example_nested_branch_dag to 2023-03-03T00:00:00+00:00, run_after=2023-03-04T00:00:00+00:00
[2023-03-04T10:28:35.622+0530] {processor.py:175} INFO - Processing /home/ris/PycharmProjects/pythonProject/USA-housing/venv/lib/python3.10/site-packages/airflow/example_dags/example_nested_branch_dag.py took 0.100 seconds
[2023-03-04T10:29:17.127+0530] {processor.py:153} INFO - Started process (PID=31584) to work on /home/ris/PycharmProjects/pythonProject/USA-housing/venv/lib/python3.10/site-packages/airflow/example_dags/example_nested_branch_dag.py
[2023-03-04T10:29:17.129+0530] {processor.py:743} INFO - Processing file /home/ris/PycharmProjects/pythonProject/USA-housing/venv/lib/python3.10/site-packages/airflow/example_dags/example_nested_branch_dag.py for tasks to queue
[2023-03-04T10:29:17.130+0530] {logging_mixin.py:137} INFO - [2023-03-04T10:29:17.130+0530] {dagbag.py:538} INFO - Filling up the DagBag from /home/ris/PycharmProjects/pythonProject/USA-housing/venv/lib/python3.10/site-packages/airflow/example_dags/example_nested_branch_dag.py
[2023-03-04T10:29:17.162+0530] {processor.py:753} INFO - DAG(s) dict_keys(['example_nested_branch_dag']) retrieved from /home/ris/PycharmProjects/pythonProject/USA-housing/venv/lib/python3.10/site-packages/airflow/example_dags/example_nested_branch_dag.py
[2023-03-04T10:29:17.182+0530] {logging_mixin.py:137} INFO - [2023-03-04T10:29:17.182+0530] {dag.py:2690} INFO - Sync 1 DAGs
[2023-03-04T10:29:17.203+0530] {logging_mixin.py:137} INFO - [2023-03-04T10:29:17.203+0530] {dag.py:3437} INFO - Setting next_dagrun for example_nested_branch_dag to 2023-03-03T00:00:00+00:00, run_after=2023-03-04T00:00:00+00:00
[2023-03-04T10:29:17.231+0530] {processor.py:175} INFO - Processing /home/ris/PycharmProjects/pythonProject/USA-housing/venv/lib/python3.10/site-packages/airflow/example_dags/example_nested_branch_dag.py took 0.108 seconds
[2023-03-04T10:30:05.517+0530] {processor.py:153} INFO - Started process (PID=31633) to work on /home/ris/PycharmProjects/pythonProject/USA-housing/venv/lib/python3.10/site-packages/airflow/example_dags/example_nested_branch_dag.py
[2023-03-04T10:30:05.519+0530] {processor.py:743} INFO - Processing file /home/ris/PycharmProjects/pythonProject/USA-housing/venv/lib/python3.10/site-packages/airflow/example_dags/example_nested_branch_dag.py for tasks to queue
[2023-03-04T10:30:05.520+0530] {logging_mixin.py:137} INFO - [2023-03-04T10:30:05.520+0530] {dagbag.py:538} INFO - Filling up the DagBag from /home/ris/PycharmProjects/pythonProject/USA-housing/venv/lib/python3.10/site-packages/airflow/example_dags/example_nested_branch_dag.py
[2023-03-04T10:30:05.546+0530] {processor.py:753} INFO - DAG(s) dict_keys(['example_nested_branch_dag']) retrieved from /home/ris/PycharmProjects/pythonProject/USA-housing/venv/lib/python3.10/site-packages/airflow/example_dags/example_nested_branch_dag.py
[2023-03-04T10:30:05.566+0530] {logging_mixin.py:137} INFO - [2023-03-04T10:30:05.565+0530] {dag.py:2690} INFO - Sync 1 DAGs
[2023-03-04T10:30:05.590+0530] {logging_mixin.py:137} INFO - [2023-03-04T10:30:05.589+0530] {dag.py:3437} INFO - Setting next_dagrun for example_nested_branch_dag to 2023-03-03T00:00:00+00:00, run_after=2023-03-04T00:00:00+00:00
[2023-03-04T10:30:05.612+0530] {processor.py:175} INFO - Processing /home/ris/PycharmProjects/pythonProject/USA-housing/venv/lib/python3.10/site-packages/airflow/example_dags/example_nested_branch_dag.py took 0.099 seconds
[2023-03-04T10:30:48.639+0530] {processor.py:153} INFO - Started process (PID=31682) to work on /home/ris/PycharmProjects/pythonProject/USA-housing/venv/lib/python3.10/site-packages/airflow/example_dags/example_nested_branch_dag.py
[2023-03-04T10:30:48.641+0530] {processor.py:743} INFO - Processing file /home/ris/PycharmProjects/pythonProject/USA-housing/venv/lib/python3.10/site-packages/airflow/example_dags/example_nested_branch_dag.py for tasks to queue
[2023-03-04T10:30:48.642+0530] {logging_mixin.py:137} INFO - [2023-03-04T10:30:48.642+0530] {dagbag.py:538} INFO - Filling up the DagBag from /home/ris/PycharmProjects/pythonProject/USA-housing/venv/lib/python3.10/site-packages/airflow/example_dags/example_nested_branch_dag.py
[2023-03-04T10:30:48.684+0530] {processor.py:753} INFO - DAG(s) dict_keys(['example_nested_branch_dag']) retrieved from /home/ris/PycharmProjects/pythonProject/USA-housing/venv/lib/python3.10/site-packages/airflow/example_dags/example_nested_branch_dag.py
[2023-03-04T10:30:48.700+0530] {logging_mixin.py:137} INFO - [2023-03-04T10:30:48.700+0530] {dag.py:2690} INFO - Sync 1 DAGs
[2023-03-04T10:30:48.718+0530] {logging_mixin.py:137} INFO - [2023-03-04T10:30:48.718+0530] {dag.py:3437} INFO - Setting next_dagrun for example_nested_branch_dag to 2023-03-03T00:00:00+00:00, run_after=2023-03-04T00:00:00+00:00
[2023-03-04T10:30:48.735+0530] {processor.py:175} INFO - Processing /home/ris/PycharmProjects/pythonProject/USA-housing/venv/lib/python3.10/site-packages/airflow/example_dags/example_nested_branch_dag.py took 0.101 seconds
[2023-03-04T10:31:36.785+0530] {processor.py:153} INFO - Started process (PID=31879) to work on /home/ris/PycharmProjects/pythonProject/USA-housing/venv/lib/python3.10/site-packages/airflow/example_dags/example_nested_branch_dag.py
[2023-03-04T10:31:36.786+0530] {processor.py:743} INFO - Processing file /home/ris/PycharmProjects/pythonProject/USA-housing/venv/lib/python3.10/site-packages/airflow/example_dags/example_nested_branch_dag.py for tasks to queue
[2023-03-04T10:31:36.787+0530] {logging_mixin.py:137} INFO - [2023-03-04T10:31:36.787+0530] {dagbag.py:538} INFO - Filling up the DagBag from /home/ris/PycharmProjects/pythonProject/USA-housing/venv/lib/python3.10/site-packages/airflow/example_dags/example_nested_branch_dag.py
[2023-03-04T10:31:36.826+0530] {processor.py:753} INFO - DAG(s) dict_keys(['example_nested_branch_dag']) retrieved from /home/ris/PycharmProjects/pythonProject/USA-housing/venv/lib/python3.10/site-packages/airflow/example_dags/example_nested_branch_dag.py
[2023-03-04T10:31:36.858+0530] {logging_mixin.py:137} INFO - [2023-03-04T10:31:36.857+0530] {dag.py:2690} INFO - Sync 1 DAGs
[2023-03-04T10:31:36.905+0530] {logging_mixin.py:137} INFO - [2023-03-04T10:31:36.905+0530] {dag.py:3437} INFO - Setting next_dagrun for example_nested_branch_dag to 2023-03-03T00:00:00+00:00, run_after=2023-03-04T00:00:00+00:00
[2023-03-04T10:31:36.948+0530] {processor.py:175} INFO - Processing /home/ris/PycharmProjects/pythonProject/USA-housing/venv/lib/python3.10/site-packages/airflow/example_dags/example_nested_branch_dag.py took 0.167 seconds
[2023-03-04T10:32:25.135+0530] {processor.py:153} INFO - Started process (PID=32161) to work on /home/ris/PycharmProjects/pythonProject/USA-housing/venv/lib/python3.10/site-packages/airflow/example_dags/example_nested_branch_dag.py
[2023-03-04T10:32:25.138+0530] {processor.py:743} INFO - Processing file /home/ris/PycharmProjects/pythonProject/USA-housing/venv/lib/python3.10/site-packages/airflow/example_dags/example_nested_branch_dag.py for tasks to queue
[2023-03-04T10:32:25.139+0530] {logging_mixin.py:137} INFO - [2023-03-04T10:32:25.139+0530] {dagbag.py:538} INFO - Filling up the DagBag from /home/ris/PycharmProjects/pythonProject/USA-housing/venv/lib/python3.10/site-packages/airflow/example_dags/example_nested_branch_dag.py
[2023-03-04T10:32:25.166+0530] {processor.py:753} INFO - DAG(s) dict_keys(['example_nested_branch_dag']) retrieved from /home/ris/PycharmProjects/pythonProject/USA-housing/venv/lib/python3.10/site-packages/airflow/example_dags/example_nested_branch_dag.py
[2023-03-04T10:32:25.183+0530] {logging_mixin.py:137} INFO - [2023-03-04T10:32:25.182+0530] {dag.py:2690} INFO - Sync 1 DAGs
[2023-03-04T10:32:25.200+0530] {logging_mixin.py:137} INFO - [2023-03-04T10:32:25.200+0530] {dag.py:3437} INFO - Setting next_dagrun for example_nested_branch_dag to 2023-03-03T00:00:00+00:00, run_after=2023-03-04T00:00:00+00:00
[2023-03-04T10:32:25.219+0530] {processor.py:175} INFO - Processing /home/ris/PycharmProjects/pythonProject/USA-housing/venv/lib/python3.10/site-packages/airflow/example_dags/example_nested_branch_dag.py took 0.088 seconds
[2023-03-04T10:33:08.634+0530] {processor.py:153} INFO - Started process (PID=32327) to work on /home/ris/PycharmProjects/pythonProject/USA-housing/venv/lib/python3.10/site-packages/airflow/example_dags/example_nested_branch_dag.py
[2023-03-04T10:33:08.636+0530] {processor.py:743} INFO - Processing file /home/ris/PycharmProjects/pythonProject/USA-housing/venv/lib/python3.10/site-packages/airflow/example_dags/example_nested_branch_dag.py for tasks to queue
[2023-03-04T10:33:08.636+0530] {logging_mixin.py:137} INFO - [2023-03-04T10:33:08.636+0530] {dagbag.py:538} INFO - Filling up the DagBag from /home/ris/PycharmProjects/pythonProject/USA-housing/venv/lib/python3.10/site-packages/airflow/example_dags/example_nested_branch_dag.py
[2023-03-04T10:33:08.661+0530] {processor.py:753} INFO - DAG(s) dict_keys(['example_nested_branch_dag']) retrieved from /home/ris/PycharmProjects/pythonProject/USA-housing/venv/lib/python3.10/site-packages/airflow/example_dags/example_nested_branch_dag.py
[2023-03-04T10:33:08.679+0530] {logging_mixin.py:137} INFO - [2023-03-04T10:33:08.679+0530] {dag.py:2690} INFO - Sync 1 DAGs
[2023-03-04T10:33:08.701+0530] {logging_mixin.py:137} INFO - [2023-03-04T10:33:08.700+0530] {dag.py:3437} INFO - Setting next_dagrun for example_nested_branch_dag to 2023-03-03T00:00:00+00:00, run_after=2023-03-04T00:00:00+00:00
[2023-03-04T10:33:08.720+0530] {processor.py:175} INFO - Processing /home/ris/PycharmProjects/pythonProject/USA-housing/venv/lib/python3.10/site-packages/airflow/example_dags/example_nested_branch_dag.py took 0.089 seconds
[2023-03-04T10:33:50.377+0530] {processor.py:153} INFO - Started process (PID=32436) to work on /home/ris/PycharmProjects/pythonProject/USA-housing/venv/lib/python3.10/site-packages/airflow/example_dags/example_nested_branch_dag.py
[2023-03-04T10:33:50.378+0530] {processor.py:743} INFO - Processing file /home/ris/PycharmProjects/pythonProject/USA-housing/venv/lib/python3.10/site-packages/airflow/example_dags/example_nested_branch_dag.py for tasks to queue
[2023-03-04T10:33:50.379+0530] {logging_mixin.py:137} INFO - [2023-03-04T10:33:50.379+0530] {dagbag.py:538} INFO - Filling up the DagBag from /home/ris/PycharmProjects/pythonProject/USA-housing/venv/lib/python3.10/site-packages/airflow/example_dags/example_nested_branch_dag.py
[2023-03-04T10:33:50.402+0530] {processor.py:753} INFO - DAG(s) dict_keys(['example_nested_branch_dag']) retrieved from /home/ris/PycharmProjects/pythonProject/USA-housing/venv/lib/python3.10/site-packages/airflow/example_dags/example_nested_branch_dag.py
[2023-03-04T10:33:50.419+0530] {logging_mixin.py:137} INFO - [2023-03-04T10:33:50.419+0530] {dag.py:2690} INFO - Sync 1 DAGs
[2023-03-04T10:33:50.439+0530] {logging_mixin.py:137} INFO - [2023-03-04T10:33:50.439+0530] {dag.py:3437} INFO - Setting next_dagrun for example_nested_branch_dag to 2023-03-03T00:00:00+00:00, run_after=2023-03-04T00:00:00+00:00
[2023-03-04T10:33:50.460+0530] {processor.py:175} INFO - Processing /home/ris/PycharmProjects/pythonProject/USA-housing/venv/lib/python3.10/site-packages/airflow/example_dags/example_nested_branch_dag.py took 0.085 seconds
[2023-03-04T10:34:35.994+0530] {processor.py:153} INFO - Started process (PID=32548) to work on /home/ris/PycharmProjects/pythonProject/USA-housing/venv/lib/python3.10/site-packages/airflow/example_dags/example_nested_branch_dag.py
[2023-03-04T10:34:35.996+0530] {processor.py:743} INFO - Processing file /home/ris/PycharmProjects/pythonProject/USA-housing/venv/lib/python3.10/site-packages/airflow/example_dags/example_nested_branch_dag.py for tasks to queue
[2023-03-04T10:34:35.997+0530] {logging_mixin.py:137} INFO - [2023-03-04T10:34:35.997+0530] {dagbag.py:538} INFO - Filling up the DagBag from /home/ris/PycharmProjects/pythonProject/USA-housing/venv/lib/python3.10/site-packages/airflow/example_dags/example_nested_branch_dag.py
[2023-03-04T10:34:36.027+0530] {processor.py:753} INFO - DAG(s) dict_keys(['example_nested_branch_dag']) retrieved from /home/ris/PycharmProjects/pythonProject/USA-housing/venv/lib/python3.10/site-packages/airflow/example_dags/example_nested_branch_dag.py
[2023-03-04T10:34:36.047+0530] {logging_mixin.py:137} INFO - [2023-03-04T10:34:36.047+0530] {dag.py:2690} INFO - Sync 1 DAGs
[2023-03-04T10:34:36.071+0530] {logging_mixin.py:137} INFO - [2023-03-04T10:34:36.071+0530] {dag.py:3437} INFO - Setting next_dagrun for example_nested_branch_dag to 2023-03-03T00:00:00+00:00, run_after=2023-03-04T00:00:00+00:00
[2023-03-04T10:34:36.096+0530] {processor.py:175} INFO - Processing /home/ris/PycharmProjects/pythonProject/USA-housing/venv/lib/python3.10/site-packages/airflow/example_dags/example_nested_branch_dag.py took 0.105 seconds
[2023-03-04T10:35:22.659+0530] {processor.py:153} INFO - Started process (PID=32688) to work on /home/ris/PycharmProjects/pythonProject/USA-housing/venv/lib/python3.10/site-packages/airflow/example_dags/example_nested_branch_dag.py
[2023-03-04T10:35:22.661+0530] {processor.py:743} INFO - Processing file /home/ris/PycharmProjects/pythonProject/USA-housing/venv/lib/python3.10/site-packages/airflow/example_dags/example_nested_branch_dag.py for tasks to queue
[2023-03-04T10:35:22.662+0530] {logging_mixin.py:137} INFO - [2023-03-04T10:35:22.661+0530] {dagbag.py:538} INFO - Filling up the DagBag from /home/ris/PycharmProjects/pythonProject/USA-housing/venv/lib/python3.10/site-packages/airflow/example_dags/example_nested_branch_dag.py
[2023-03-04T10:35:22.685+0530] {processor.py:753} INFO - DAG(s) dict_keys(['example_nested_branch_dag']) retrieved from /home/ris/PycharmProjects/pythonProject/USA-housing/venv/lib/python3.10/site-packages/airflow/example_dags/example_nested_branch_dag.py
[2023-03-04T10:35:22.702+0530] {logging_mixin.py:137} INFO - [2023-03-04T10:35:22.702+0530] {dag.py:2690} INFO - Sync 1 DAGs
[2023-03-04T10:35:22.731+0530] {logging_mixin.py:137} INFO - [2023-03-04T10:35:22.731+0530] {dag.py:3437} INFO - Setting next_dagrun for example_nested_branch_dag to 2023-03-03T00:00:00+00:00, run_after=2023-03-04T00:00:00+00:00
[2023-03-04T10:35:22.765+0530] {processor.py:175} INFO - Processing /home/ris/PycharmProjects/pythonProject/USA-housing/venv/lib/python3.10/site-packages/airflow/example_dags/example_nested_branch_dag.py took 0.110 seconds
[2023-03-04T10:36:12.702+0530] {processor.py:153} INFO - Started process (PID=32768) to work on /home/ris/PycharmProjects/pythonProject/USA-housing/venv/lib/python3.10/site-packages/airflow/example_dags/example_nested_branch_dag.py
[2023-03-04T10:36:12.704+0530] {processor.py:743} INFO - Processing file /home/ris/PycharmProjects/pythonProject/USA-housing/venv/lib/python3.10/site-packages/airflow/example_dags/example_nested_branch_dag.py for tasks to queue
[2023-03-04T10:36:12.706+0530] {logging_mixin.py:137} INFO - [2023-03-04T10:36:12.706+0530] {dagbag.py:538} INFO - Filling up the DagBag from /home/ris/PycharmProjects/pythonProject/USA-housing/venv/lib/python3.10/site-packages/airflow/example_dags/example_nested_branch_dag.py
[2023-03-04T10:36:12.798+0530] {processor.py:753} INFO - DAG(s) dict_keys(['example_nested_branch_dag']) retrieved from /home/ris/PycharmProjects/pythonProject/USA-housing/venv/lib/python3.10/site-packages/airflow/example_dags/example_nested_branch_dag.py
[2023-03-04T10:36:12.870+0530] {logging_mixin.py:137} INFO - [2023-03-04T10:36:12.869+0530] {dag.py:2690} INFO - Sync 1 DAGs
[2023-03-04T10:36:12.934+0530] {logging_mixin.py:137} INFO - [2023-03-04T10:36:12.933+0530] {dag.py:3437} INFO - Setting next_dagrun for example_nested_branch_dag to 2023-03-03T00:00:00+00:00, run_after=2023-03-04T00:00:00+00:00
[2023-03-04T10:36:12.992+0530] {processor.py:175} INFO - Processing /home/ris/PycharmProjects/pythonProject/USA-housing/venv/lib/python3.10/site-packages/airflow/example_dags/example_nested_branch_dag.py took 0.297 seconds
[2023-03-04T10:36:54.350+0530] {processor.py:153} INFO - Started process (PID=32826) to work on /home/ris/PycharmProjects/pythonProject/USA-housing/venv/lib/python3.10/site-packages/airflow/example_dags/example_nested_branch_dag.py
[2023-03-04T10:36:54.353+0530] {processor.py:743} INFO - Processing file /home/ris/PycharmProjects/pythonProject/USA-housing/venv/lib/python3.10/site-packages/airflow/example_dags/example_nested_branch_dag.py for tasks to queue
[2023-03-04T10:36:54.354+0530] {logging_mixin.py:137} INFO - [2023-03-04T10:36:54.354+0530] {dagbag.py:538} INFO - Filling up the DagBag from /home/ris/PycharmProjects/pythonProject/USA-housing/venv/lib/python3.10/site-packages/airflow/example_dags/example_nested_branch_dag.py
[2023-03-04T10:36:54.422+0530] {processor.py:753} INFO - DAG(s) dict_keys(['example_nested_branch_dag']) retrieved from /home/ris/PycharmProjects/pythonProject/USA-housing/venv/lib/python3.10/site-packages/airflow/example_dags/example_nested_branch_dag.py
[2023-03-04T10:36:54.479+0530] {logging_mixin.py:137} INFO - [2023-03-04T10:36:54.478+0530] {dag.py:2690} INFO - Sync 1 DAGs
[2023-03-04T10:36:54.549+0530] {logging_mixin.py:137} INFO - [2023-03-04T10:36:54.548+0530] {dag.py:3437} INFO - Setting next_dagrun for example_nested_branch_dag to 2023-03-03T00:00:00+00:00, run_after=2023-03-04T00:00:00+00:00
[2023-03-04T10:36:54.601+0530] {processor.py:175} INFO - Processing /home/ris/PycharmProjects/pythonProject/USA-housing/venv/lib/python3.10/site-packages/airflow/example_dags/example_nested_branch_dag.py took 0.256 seconds
[2023-03-04T10:37:44.173+0530] {processor.py:153} INFO - Started process (PID=32903) to work on /home/ris/PycharmProjects/pythonProject/USA-housing/venv/lib/python3.10/site-packages/airflow/example_dags/example_nested_branch_dag.py
[2023-03-04T10:37:44.178+0530] {processor.py:743} INFO - Processing file /home/ris/PycharmProjects/pythonProject/USA-housing/venv/lib/python3.10/site-packages/airflow/example_dags/example_nested_branch_dag.py for tasks to queue
[2023-03-04T10:37:44.180+0530] {logging_mixin.py:137} INFO - [2023-03-04T10:37:44.180+0530] {dagbag.py:538} INFO - Filling up the DagBag from /home/ris/PycharmProjects/pythonProject/USA-housing/venv/lib/python3.10/site-packages/airflow/example_dags/example_nested_branch_dag.py
[2023-03-04T10:37:44.242+0530] {processor.py:753} INFO - DAG(s) dict_keys(['example_nested_branch_dag']) retrieved from /home/ris/PycharmProjects/pythonProject/USA-housing/venv/lib/python3.10/site-packages/airflow/example_dags/example_nested_branch_dag.py
[2023-03-04T10:37:44.281+0530] {logging_mixin.py:137} INFO - [2023-03-04T10:37:44.281+0530] {dag.py:2690} INFO - Sync 1 DAGs
[2023-03-04T10:37:44.323+0530] {logging_mixin.py:137} INFO - [2023-03-04T10:37:44.322+0530] {dag.py:3437} INFO - Setting next_dagrun for example_nested_branch_dag to 2023-03-03T00:00:00+00:00, run_after=2023-03-04T00:00:00+00:00
[2023-03-04T10:37:44.374+0530] {processor.py:175} INFO - Processing /home/ris/PycharmProjects/pythonProject/USA-housing/venv/lib/python3.10/site-packages/airflow/example_dags/example_nested_branch_dag.py took 0.206 seconds
[2023-03-04T10:38:35.569+0530] {processor.py:153} INFO - Started process (PID=32953) to work on /home/ris/PycharmProjects/pythonProject/USA-housing/venv/lib/python3.10/site-packages/airflow/example_dags/example_nested_branch_dag.py
[2023-03-04T10:38:35.571+0530] {processor.py:743} INFO - Processing file /home/ris/PycharmProjects/pythonProject/USA-housing/venv/lib/python3.10/site-packages/airflow/example_dags/example_nested_branch_dag.py for tasks to queue
[2023-03-04T10:38:35.572+0530] {logging_mixin.py:137} INFO - [2023-03-04T10:38:35.572+0530] {dagbag.py:538} INFO - Filling up the DagBag from /home/ris/PycharmProjects/pythonProject/USA-housing/venv/lib/python3.10/site-packages/airflow/example_dags/example_nested_branch_dag.py
[2023-03-04T10:38:35.620+0530] {processor.py:753} INFO - DAG(s) dict_keys(['example_nested_branch_dag']) retrieved from /home/ris/PycharmProjects/pythonProject/USA-housing/venv/lib/python3.10/site-packages/airflow/example_dags/example_nested_branch_dag.py
[2023-03-04T10:38:35.653+0530] {logging_mixin.py:137} INFO - [2023-03-04T10:38:35.653+0530] {dag.py:2690} INFO - Sync 1 DAGs
[2023-03-04T10:38:35.692+0530] {logging_mixin.py:137} INFO - [2023-03-04T10:38:35.692+0530] {dag.py:3437} INFO - Setting next_dagrun for example_nested_branch_dag to 2023-03-03T00:00:00+00:00, run_after=2023-03-04T00:00:00+00:00
[2023-03-04T10:38:35.744+0530] {processor.py:175} INFO - Processing /home/ris/PycharmProjects/pythonProject/USA-housing/venv/lib/python3.10/site-packages/airflow/example_dags/example_nested_branch_dag.py took 0.179 seconds
[2023-03-04T10:39:19.136+0530] {processor.py:153} INFO - Started process (PID=33475) to work on /home/ris/PycharmProjects/pythonProject/USA-housing/venv/lib/python3.10/site-packages/airflow/example_dags/example_nested_branch_dag.py
[2023-03-04T10:39:19.140+0530] {processor.py:743} INFO - Processing file /home/ris/PycharmProjects/pythonProject/USA-housing/venv/lib/python3.10/site-packages/airflow/example_dags/example_nested_branch_dag.py for tasks to queue
[2023-03-04T10:39:19.143+0530] {logging_mixin.py:137} INFO - [2023-03-04T10:39:19.142+0530] {dagbag.py:538} INFO - Filling up the DagBag from /home/ris/PycharmProjects/pythonProject/USA-housing/venv/lib/python3.10/site-packages/airflow/example_dags/example_nested_branch_dag.py
[2023-03-04T10:39:19.203+0530] {processor.py:753} INFO - DAG(s) dict_keys(['example_nested_branch_dag']) retrieved from /home/ris/PycharmProjects/pythonProject/USA-housing/venv/lib/python3.10/site-packages/airflow/example_dags/example_nested_branch_dag.py
[2023-03-04T10:39:19.240+0530] {logging_mixin.py:137} INFO - [2023-03-04T10:39:19.239+0530] {dag.py:2690} INFO - Sync 1 DAGs
[2023-03-04T10:39:19.289+0530] {logging_mixin.py:137} INFO - [2023-03-04T10:39:19.288+0530] {dag.py:3437} INFO - Setting next_dagrun for example_nested_branch_dag to 2023-03-03T00:00:00+00:00, run_after=2023-03-04T00:00:00+00:00
[2023-03-04T10:39:19.350+0530] {processor.py:175} INFO - Processing /home/ris/PycharmProjects/pythonProject/USA-housing/venv/lib/python3.10/site-packages/airflow/example_dags/example_nested_branch_dag.py took 0.218 seconds
[2023-03-04T10:40:10.420+0530] {processor.py:153} INFO - Started process (PID=33543) to work on /home/ris/PycharmProjects/pythonProject/USA-housing/venv/lib/python3.10/site-packages/airflow/example_dags/example_nested_branch_dag.py
[2023-03-04T10:40:10.422+0530] {processor.py:743} INFO - Processing file /home/ris/PycharmProjects/pythonProject/USA-housing/venv/lib/python3.10/site-packages/airflow/example_dags/example_nested_branch_dag.py for tasks to queue
[2023-03-04T10:40:10.423+0530] {logging_mixin.py:137} INFO - [2023-03-04T10:40:10.423+0530] {dagbag.py:538} INFO - Filling up the DagBag from /home/ris/PycharmProjects/pythonProject/USA-housing/venv/lib/python3.10/site-packages/airflow/example_dags/example_nested_branch_dag.py
[2023-03-04T10:40:10.447+0530] {processor.py:753} INFO - DAG(s) dict_keys(['example_nested_branch_dag']) retrieved from /home/ris/PycharmProjects/pythonProject/USA-housing/venv/lib/python3.10/site-packages/airflow/example_dags/example_nested_branch_dag.py
[2023-03-04T10:40:10.475+0530] {logging_mixin.py:137} INFO - [2023-03-04T10:40:10.475+0530] {dag.py:2690} INFO - Sync 1 DAGs
[2023-03-04T10:40:10.501+0530] {logging_mixin.py:137} INFO - [2023-03-04T10:40:10.501+0530] {dag.py:3437} INFO - Setting next_dagrun for example_nested_branch_dag to 2023-03-03T00:00:00+00:00, run_after=2023-03-04T00:00:00+00:00
[2023-03-04T10:40:10.520+0530] {processor.py:175} INFO - Processing /home/ris/PycharmProjects/pythonProject/USA-housing/venv/lib/python3.10/site-packages/airflow/example_dags/example_nested_branch_dag.py took 0.103 seconds
[2023-03-04T10:40:48.510+0530] {processor.py:153} INFO - Started process (PID=33585) to work on /home/ris/PycharmProjects/pythonProject/USA-housing/venv/lib/python3.10/site-packages/airflow/example_dags/example_nested_branch_dag.py
[2023-03-04T10:40:48.512+0530] {processor.py:743} INFO - Processing file /home/ris/PycharmProjects/pythonProject/USA-housing/venv/lib/python3.10/site-packages/airflow/example_dags/example_nested_branch_dag.py for tasks to queue
[2023-03-04T10:40:48.512+0530] {logging_mixin.py:137} INFO - [2023-03-04T10:40:48.512+0530] {dagbag.py:538} INFO - Filling up the DagBag from /home/ris/PycharmProjects/pythonProject/USA-housing/venv/lib/python3.10/site-packages/airflow/example_dags/example_nested_branch_dag.py
[2023-03-04T10:40:48.537+0530] {processor.py:753} INFO - DAG(s) dict_keys(['example_nested_branch_dag']) retrieved from /home/ris/PycharmProjects/pythonProject/USA-housing/venv/lib/python3.10/site-packages/airflow/example_dags/example_nested_branch_dag.py
[2023-03-04T10:40:48.558+0530] {logging_mixin.py:137} INFO - [2023-03-04T10:40:48.557+0530] {dag.py:2690} INFO - Sync 1 DAGs
[2023-03-04T10:40:48.580+0530] {logging_mixin.py:137} INFO - [2023-03-04T10:40:48.580+0530] {dag.py:3437} INFO - Setting next_dagrun for example_nested_branch_dag to 2023-03-03T00:00:00+00:00, run_after=2023-03-04T00:00:00+00:00
[2023-03-04T10:40:48.605+0530] {processor.py:175} INFO - Processing /home/ris/PycharmProjects/pythonProject/USA-housing/venv/lib/python3.10/site-packages/airflow/example_dags/example_nested_branch_dag.py took 0.097 seconds
[2023-03-04T10:41:35.696+0530] {processor.py:153} INFO - Started process (PID=33647) to work on /home/ris/PycharmProjects/pythonProject/USA-housing/venv/lib/python3.10/site-packages/airflow/example_dags/example_nested_branch_dag.py
[2023-03-04T10:41:35.698+0530] {processor.py:743} INFO - Processing file /home/ris/PycharmProjects/pythonProject/USA-housing/venv/lib/python3.10/site-packages/airflow/example_dags/example_nested_branch_dag.py for tasks to queue
[2023-03-04T10:41:35.699+0530] {logging_mixin.py:137} INFO - [2023-03-04T10:41:35.699+0530] {dagbag.py:538} INFO - Filling up the DagBag from /home/ris/PycharmProjects/pythonProject/USA-housing/venv/lib/python3.10/site-packages/airflow/example_dags/example_nested_branch_dag.py
[2023-03-04T10:41:35.737+0530] {processor.py:753} INFO - DAG(s) dict_keys(['example_nested_branch_dag']) retrieved from /home/ris/PycharmProjects/pythonProject/USA-housing/venv/lib/python3.10/site-packages/airflow/example_dags/example_nested_branch_dag.py
[2023-03-04T10:41:35.771+0530] {logging_mixin.py:137} INFO - [2023-03-04T10:41:35.770+0530] {dag.py:2690} INFO - Sync 1 DAGs
[2023-03-04T10:41:35.810+0530] {logging_mixin.py:137} INFO - [2023-03-04T10:41:35.810+0530] {dag.py:3437} INFO - Setting next_dagrun for example_nested_branch_dag to 2023-03-03T00:00:00+00:00, run_after=2023-03-04T00:00:00+00:00
[2023-03-04T10:41:35.836+0530] {processor.py:175} INFO - Processing /home/ris/PycharmProjects/pythonProject/USA-housing/venv/lib/python3.10/site-packages/airflow/example_dags/example_nested_branch_dag.py took 0.143 seconds
[2023-03-04T10:42:23.796+0530] {processor.py:153} INFO - Started process (PID=33696) to work on /home/ris/PycharmProjects/pythonProject/USA-housing/venv/lib/python3.10/site-packages/airflow/example_dags/example_nested_branch_dag.py
[2023-03-04T10:42:23.799+0530] {processor.py:743} INFO - Processing file /home/ris/PycharmProjects/pythonProject/USA-housing/venv/lib/python3.10/site-packages/airflow/example_dags/example_nested_branch_dag.py for tasks to queue
[2023-03-04T10:42:23.801+0530] {logging_mixin.py:137} INFO - [2023-03-04T10:42:23.801+0530] {dagbag.py:538} INFO - Filling up the DagBag from /home/ris/PycharmProjects/pythonProject/USA-housing/venv/lib/python3.10/site-packages/airflow/example_dags/example_nested_branch_dag.py
[2023-03-04T10:42:23.851+0530] {processor.py:753} INFO - DAG(s) dict_keys(['example_nested_branch_dag']) retrieved from /home/ris/PycharmProjects/pythonProject/USA-housing/venv/lib/python3.10/site-packages/airflow/example_dags/example_nested_branch_dag.py
[2023-03-04T10:42:23.874+0530] {logging_mixin.py:137} INFO - [2023-03-04T10:42:23.874+0530] {dag.py:2690} INFO - Sync 1 DAGs
[2023-03-04T10:42:23.902+0530] {logging_mixin.py:137} INFO - [2023-03-04T10:42:23.902+0530] {dag.py:3437} INFO - Setting next_dagrun for example_nested_branch_dag to 2023-03-03T00:00:00+00:00, run_after=2023-03-04T00:00:00+00:00
[2023-03-04T10:42:23.931+0530] {processor.py:175} INFO - Processing /home/ris/PycharmProjects/pythonProject/USA-housing/venv/lib/python3.10/site-packages/airflow/example_dags/example_nested_branch_dag.py took 0.145 seconds
[2023-03-04T10:43:06.424+0530] {processor.py:153} INFO - Started process (PID=33746) to work on /home/ris/PycharmProjects/pythonProject/USA-housing/venv/lib/python3.10/site-packages/airflow/example_dags/example_nested_branch_dag.py
[2023-03-04T10:43:06.429+0530] {processor.py:743} INFO - Processing file /home/ris/PycharmProjects/pythonProject/USA-housing/venv/lib/python3.10/site-packages/airflow/example_dags/example_nested_branch_dag.py for tasks to queue
[2023-03-04T10:43:06.431+0530] {logging_mixin.py:137} INFO - [2023-03-04T10:43:06.430+0530] {dagbag.py:538} INFO - Filling up the DagBag from /home/ris/PycharmProjects/pythonProject/USA-housing/venv/lib/python3.10/site-packages/airflow/example_dags/example_nested_branch_dag.py
[2023-03-04T10:43:06.480+0530] {processor.py:753} INFO - DAG(s) dict_keys(['example_nested_branch_dag']) retrieved from /home/ris/PycharmProjects/pythonProject/USA-housing/venv/lib/python3.10/site-packages/airflow/example_dags/example_nested_branch_dag.py
[2023-03-04T10:43:06.503+0530] {logging_mixin.py:137} INFO - [2023-03-04T10:43:06.503+0530] {dag.py:2690} INFO - Sync 1 DAGs
[2023-03-04T10:43:06.528+0530] {logging_mixin.py:137} INFO - [2023-03-04T10:43:06.528+0530] {dag.py:3437} INFO - Setting next_dagrun for example_nested_branch_dag to 2023-03-03T00:00:00+00:00, run_after=2023-03-04T00:00:00+00:00
[2023-03-04T10:43:06.557+0530] {processor.py:175} INFO - Processing /home/ris/PycharmProjects/pythonProject/USA-housing/venv/lib/python3.10/site-packages/airflow/example_dags/example_nested_branch_dag.py took 0.138 seconds
[2023-03-04T10:43:54.952+0530] {processor.py:153} INFO - Started process (PID=33795) to work on /home/ris/PycharmProjects/pythonProject/USA-housing/venv/lib/python3.10/site-packages/airflow/example_dags/example_nested_branch_dag.py
[2023-03-04T10:43:54.954+0530] {processor.py:743} INFO - Processing file /home/ris/PycharmProjects/pythonProject/USA-housing/venv/lib/python3.10/site-packages/airflow/example_dags/example_nested_branch_dag.py for tasks to queue
[2023-03-04T10:43:54.956+0530] {logging_mixin.py:137} INFO - [2023-03-04T10:43:54.955+0530] {dagbag.py:538} INFO - Filling up the DagBag from /home/ris/PycharmProjects/pythonProject/USA-housing/venv/lib/python3.10/site-packages/airflow/example_dags/example_nested_branch_dag.py
[2023-03-04T10:43:54.995+0530] {processor.py:753} INFO - DAG(s) dict_keys(['example_nested_branch_dag']) retrieved from /home/ris/PycharmProjects/pythonProject/USA-housing/venv/lib/python3.10/site-packages/airflow/example_dags/example_nested_branch_dag.py
[2023-03-04T10:43:55.015+0530] {logging_mixin.py:137} INFO - [2023-03-04T10:43:55.015+0530] {dag.py:2690} INFO - Sync 1 DAGs
[2023-03-04T10:43:55.036+0530] {logging_mixin.py:137} INFO - [2023-03-04T10:43:55.036+0530] {dag.py:3437} INFO - Setting next_dagrun for example_nested_branch_dag to 2023-03-03T00:00:00+00:00, run_after=2023-03-04T00:00:00+00:00
[2023-03-04T10:43:55.056+0530] {processor.py:175} INFO - Processing /home/ris/PycharmProjects/pythonProject/USA-housing/venv/lib/python3.10/site-packages/airflow/example_dags/example_nested_branch_dag.py took 0.111 seconds
[2023-03-04T10:44:41.895+0530] {processor.py:153} INFO - Started process (PID=33841) to work on /home/ris/PycharmProjects/pythonProject/USA-housing/venv/lib/python3.10/site-packages/airflow/example_dags/example_nested_branch_dag.py
[2023-03-04T10:44:41.898+0530] {processor.py:743} INFO - Processing file /home/ris/PycharmProjects/pythonProject/USA-housing/venv/lib/python3.10/site-packages/airflow/example_dags/example_nested_branch_dag.py for tasks to queue
[2023-03-04T10:44:41.900+0530] {logging_mixin.py:137} INFO - [2023-03-04T10:44:41.899+0530] {dagbag.py:538} INFO - Filling up the DagBag from /home/ris/PycharmProjects/pythonProject/USA-housing/venv/lib/python3.10/site-packages/airflow/example_dags/example_nested_branch_dag.py
[2023-03-04T10:44:41.937+0530] {processor.py:753} INFO - DAG(s) dict_keys(['example_nested_branch_dag']) retrieved from /home/ris/PycharmProjects/pythonProject/USA-housing/venv/lib/python3.10/site-packages/airflow/example_dags/example_nested_branch_dag.py
[2023-03-04T10:44:41.965+0530] {logging_mixin.py:137} INFO - [2023-03-04T10:44:41.965+0530] {dag.py:2690} INFO - Sync 1 DAGs
[2023-03-04T10:44:41.998+0530] {logging_mixin.py:137} INFO - [2023-03-04T10:44:41.998+0530] {dag.py:3437} INFO - Setting next_dagrun for example_nested_branch_dag to 2023-03-03T00:00:00+00:00, run_after=2023-03-04T00:00:00+00:00
[2023-03-04T10:44:42.032+0530] {processor.py:175} INFO - Processing /home/ris/PycharmProjects/pythonProject/USA-housing/venv/lib/python3.10/site-packages/airflow/example_dags/example_nested_branch_dag.py took 0.144 seconds
[2023-03-04T10:45:31.754+0530] {processor.py:153} INFO - Started process (PID=33904) to work on /home/ris/PycharmProjects/pythonProject/USA-housing/venv/lib/python3.10/site-packages/airflow/example_dags/example_nested_branch_dag.py
[2023-03-04T10:45:31.756+0530] {processor.py:743} INFO - Processing file /home/ris/PycharmProjects/pythonProject/USA-housing/venv/lib/python3.10/site-packages/airflow/example_dags/example_nested_branch_dag.py for tasks to queue
[2023-03-04T10:45:31.756+0530] {logging_mixin.py:137} INFO - [2023-03-04T10:45:31.756+0530] {dagbag.py:538} INFO - Filling up the DagBag from /home/ris/PycharmProjects/pythonProject/USA-housing/venv/lib/python3.10/site-packages/airflow/example_dags/example_nested_branch_dag.py
[2023-03-04T10:45:31.780+0530] {processor.py:753} INFO - DAG(s) dict_keys(['example_nested_branch_dag']) retrieved from /home/ris/PycharmProjects/pythonProject/USA-housing/venv/lib/python3.10/site-packages/airflow/example_dags/example_nested_branch_dag.py
[2023-03-04T10:45:31.799+0530] {logging_mixin.py:137} INFO - [2023-03-04T10:45:31.799+0530] {dag.py:2690} INFO - Sync 1 DAGs
[2023-03-04T10:45:31.819+0530] {logging_mixin.py:137} INFO - [2023-03-04T10:45:31.819+0530] {dag.py:3437} INFO - Setting next_dagrun for example_nested_branch_dag to 2023-03-03T00:00:00+00:00, run_after=2023-03-04T00:00:00+00:00
[2023-03-04T10:45:31.838+0530] {processor.py:175} INFO - Processing /home/ris/PycharmProjects/pythonProject/USA-housing/venv/lib/python3.10/site-packages/airflow/example_dags/example_nested_branch_dag.py took 0.087 seconds
[2023-03-04T10:46:13.686+0530] {processor.py:153} INFO - Started process (PID=33947) to work on /home/ris/PycharmProjects/pythonProject/USA-housing/venv/lib/python3.10/site-packages/airflow/example_dags/example_nested_branch_dag.py
[2023-03-04T10:46:13.688+0530] {processor.py:743} INFO - Processing file /home/ris/PycharmProjects/pythonProject/USA-housing/venv/lib/python3.10/site-packages/airflow/example_dags/example_nested_branch_dag.py for tasks to queue
[2023-03-04T10:46:13.688+0530] {logging_mixin.py:137} INFO - [2023-03-04T10:46:13.688+0530] {dagbag.py:538} INFO - Filling up the DagBag from /home/ris/PycharmProjects/pythonProject/USA-housing/venv/lib/python3.10/site-packages/airflow/example_dags/example_nested_branch_dag.py
[2023-03-04T10:46:13.712+0530] {processor.py:753} INFO - DAG(s) dict_keys(['example_nested_branch_dag']) retrieved from /home/ris/PycharmProjects/pythonProject/USA-housing/venv/lib/python3.10/site-packages/airflow/example_dags/example_nested_branch_dag.py
[2023-03-04T10:46:13.731+0530] {logging_mixin.py:137} INFO - [2023-03-04T10:46:13.730+0530] {dag.py:2690} INFO - Sync 1 DAGs
[2023-03-04T10:46:13.752+0530] {logging_mixin.py:137} INFO - [2023-03-04T10:46:13.751+0530] {dag.py:3437} INFO - Setting next_dagrun for example_nested_branch_dag to 2023-03-03T00:00:00+00:00, run_after=2023-03-04T00:00:00+00:00
[2023-03-04T10:46:13.773+0530] {processor.py:175} INFO - Processing /home/ris/PycharmProjects/pythonProject/USA-housing/venv/lib/python3.10/site-packages/airflow/example_dags/example_nested_branch_dag.py took 0.090 seconds
[2023-03-04T10:46:59.829+0530] {processor.py:153} INFO - Started process (PID=34006) to work on /home/ris/PycharmProjects/pythonProject/USA-housing/venv/lib/python3.10/site-packages/airflow/example_dags/example_nested_branch_dag.py
[2023-03-04T10:46:59.831+0530] {processor.py:743} INFO - Processing file /home/ris/PycharmProjects/pythonProject/USA-housing/venv/lib/python3.10/site-packages/airflow/example_dags/example_nested_branch_dag.py for tasks to queue
[2023-03-04T10:46:59.833+0530] {logging_mixin.py:137} INFO - [2023-03-04T10:46:59.832+0530] {dagbag.py:538} INFO - Filling up the DagBag from /home/ris/PycharmProjects/pythonProject/USA-housing/venv/lib/python3.10/site-packages/airflow/example_dags/example_nested_branch_dag.py
[2023-03-04T10:46:59.887+0530] {processor.py:753} INFO - DAG(s) dict_keys(['example_nested_branch_dag']) retrieved from /home/ris/PycharmProjects/pythonProject/USA-housing/venv/lib/python3.10/site-packages/airflow/example_dags/example_nested_branch_dag.py
[2023-03-04T10:46:59.911+0530] {logging_mixin.py:137} INFO - [2023-03-04T10:46:59.911+0530] {dag.py:2690} INFO - Sync 1 DAGs
[2023-03-04T10:46:59.943+0530] {logging_mixin.py:137} INFO - [2023-03-04T10:46:59.943+0530] {dag.py:3437} INFO - Setting next_dagrun for example_nested_branch_dag to 2023-03-03T00:00:00+00:00, run_after=2023-03-04T00:00:00+00:00
[2023-03-04T10:46:59.978+0530] {processor.py:175} INFO - Processing /home/ris/PycharmProjects/pythonProject/USA-housing/venv/lib/python3.10/site-packages/airflow/example_dags/example_nested_branch_dag.py took 0.153 seconds
[2023-03-04T10:47:53.362+0530] {processor.py:153} INFO - Started process (PID=34062) to work on /home/ris/PycharmProjects/pythonProject/USA-housing/venv/lib/python3.10/site-packages/airflow/example_dags/example_nested_branch_dag.py
[2023-03-04T10:47:53.363+0530] {processor.py:743} INFO - Processing file /home/ris/PycharmProjects/pythonProject/USA-housing/venv/lib/python3.10/site-packages/airflow/example_dags/example_nested_branch_dag.py for tasks to queue
[2023-03-04T10:47:53.364+0530] {logging_mixin.py:137} INFO - [2023-03-04T10:47:53.364+0530] {dagbag.py:538} INFO - Filling up the DagBag from /home/ris/PycharmProjects/pythonProject/USA-housing/venv/lib/python3.10/site-packages/airflow/example_dags/example_nested_branch_dag.py
[2023-03-04T10:47:53.393+0530] {processor.py:753} INFO - DAG(s) dict_keys(['example_nested_branch_dag']) retrieved from /home/ris/PycharmProjects/pythonProject/USA-housing/venv/lib/python3.10/site-packages/airflow/example_dags/example_nested_branch_dag.py
[2023-03-04T10:47:53.419+0530] {logging_mixin.py:137} INFO - [2023-03-04T10:47:53.419+0530] {dag.py:2690} INFO - Sync 1 DAGs
[2023-03-04T10:47:53.445+0530] {logging_mixin.py:137} INFO - [2023-03-04T10:47:53.444+0530] {dag.py:3437} INFO - Setting next_dagrun for example_nested_branch_dag to 2023-03-03T00:00:00+00:00, run_after=2023-03-04T00:00:00+00:00
[2023-03-04T10:47:53.470+0530] {processor.py:175} INFO - Processing /home/ris/PycharmProjects/pythonProject/USA-housing/venv/lib/python3.10/site-packages/airflow/example_dags/example_nested_branch_dag.py took 0.112 seconds
[2023-03-04T10:48:52.666+0530] {processor.py:153} INFO - Started process (PID=34123) to work on /home/ris/PycharmProjects/pythonProject/USA-housing/venv/lib/python3.10/site-packages/airflow/example_dags/example_nested_branch_dag.py
[2023-03-04T10:48:52.668+0530] {processor.py:743} INFO - Processing file /home/ris/PycharmProjects/pythonProject/USA-housing/venv/lib/python3.10/site-packages/airflow/example_dags/example_nested_branch_dag.py for tasks to queue
[2023-03-04T10:48:52.668+0530] {logging_mixin.py:137} INFO - [2023-03-04T10:48:52.668+0530] {dagbag.py:538} INFO - Filling up the DagBag from /home/ris/PycharmProjects/pythonProject/USA-housing/venv/lib/python3.10/site-packages/airflow/example_dags/example_nested_branch_dag.py
[2023-03-04T10:48:52.703+0530] {processor.py:753} INFO - DAG(s) dict_keys(['example_nested_branch_dag']) retrieved from /home/ris/PycharmProjects/pythonProject/USA-housing/venv/lib/python3.10/site-packages/airflow/example_dags/example_nested_branch_dag.py
[2023-03-04T10:48:52.728+0530] {logging_mixin.py:137} INFO - [2023-03-04T10:48:52.728+0530] {dag.py:2690} INFO - Sync 1 DAGs
[2023-03-04T10:48:52.759+0530] {logging_mixin.py:137} INFO - [2023-03-04T10:48:52.759+0530] {dag.py:3437} INFO - Setting next_dagrun for example_nested_branch_dag to 2023-03-03T00:00:00+00:00, run_after=2023-03-04T00:00:00+00:00
[2023-03-04T10:48:52.779+0530] {processor.py:175} INFO - Processing /home/ris/PycharmProjects/pythonProject/USA-housing/venv/lib/python3.10/site-packages/airflow/example_dags/example_nested_branch_dag.py took 0.116 seconds
[2023-03-04T10:49:38.670+0530] {processor.py:153} INFO - Started process (PID=34185) to work on /home/ris/PycharmProjects/pythonProject/USA-housing/venv/lib/python3.10/site-packages/airflow/example_dags/example_nested_branch_dag.py
[2023-03-04T10:49:38.672+0530] {processor.py:743} INFO - Processing file /home/ris/PycharmProjects/pythonProject/USA-housing/venv/lib/python3.10/site-packages/airflow/example_dags/example_nested_branch_dag.py for tasks to queue
[2023-03-04T10:49:38.673+0530] {logging_mixin.py:137} INFO - [2023-03-04T10:49:38.673+0530] {dagbag.py:538} INFO - Filling up the DagBag from /home/ris/PycharmProjects/pythonProject/USA-housing/venv/lib/python3.10/site-packages/airflow/example_dags/example_nested_branch_dag.py
[2023-03-04T10:49:38.709+0530] {processor.py:753} INFO - DAG(s) dict_keys(['example_nested_branch_dag']) retrieved from /home/ris/PycharmProjects/pythonProject/USA-housing/venv/lib/python3.10/site-packages/airflow/example_dags/example_nested_branch_dag.py
[2023-03-04T10:49:38.733+0530] {logging_mixin.py:137} INFO - [2023-03-04T10:49:38.733+0530] {dag.py:2690} INFO - Sync 1 DAGs
[2023-03-04T10:49:38.756+0530] {logging_mixin.py:137} INFO - [2023-03-04T10:49:38.756+0530] {dag.py:3437} INFO - Setting next_dagrun for example_nested_branch_dag to 2023-03-03T00:00:00+00:00, run_after=2023-03-04T00:00:00+00:00
[2023-03-04T10:49:38.784+0530] {processor.py:175} INFO - Processing /home/ris/PycharmProjects/pythonProject/USA-housing/venv/lib/python3.10/site-packages/airflow/example_dags/example_nested_branch_dag.py took 0.118 seconds
[2023-03-04T10:50:27.159+0530] {processor.py:153} INFO - Started process (PID=34290) to work on /home/ris/PycharmProjects/pythonProject/USA-housing/venv/lib/python3.10/site-packages/airflow/example_dags/example_nested_branch_dag.py
[2023-03-04T10:50:27.161+0530] {processor.py:743} INFO - Processing file /home/ris/PycharmProjects/pythonProject/USA-housing/venv/lib/python3.10/site-packages/airflow/example_dags/example_nested_branch_dag.py for tasks to queue
[2023-03-04T10:50:27.162+0530] {logging_mixin.py:137} INFO - [2023-03-04T10:50:27.162+0530] {dagbag.py:538} INFO - Filling up the DagBag from /home/ris/PycharmProjects/pythonProject/USA-housing/venv/lib/python3.10/site-packages/airflow/example_dags/example_nested_branch_dag.py
[2023-03-04T10:50:27.198+0530] {processor.py:753} INFO - DAG(s) dict_keys(['example_nested_branch_dag']) retrieved from /home/ris/PycharmProjects/pythonProject/USA-housing/venv/lib/python3.10/site-packages/airflow/example_dags/example_nested_branch_dag.py
[2023-03-04T10:50:27.227+0530] {logging_mixin.py:137} INFO - [2023-03-04T10:50:27.226+0530] {dag.py:2690} INFO - Sync 1 DAGs
[2023-03-04T10:50:27.262+0530] {logging_mixin.py:137} INFO - [2023-03-04T10:50:27.262+0530] {dag.py:3437} INFO - Setting next_dagrun for example_nested_branch_dag to 2023-03-03T00:00:00+00:00, run_after=2023-03-04T00:00:00+00:00
[2023-03-04T10:50:27.287+0530] {processor.py:175} INFO - Processing /home/ris/PycharmProjects/pythonProject/USA-housing/venv/lib/python3.10/site-packages/airflow/example_dags/example_nested_branch_dag.py took 0.132 seconds
[2023-03-04T10:51:17.147+0530] {processor.py:153} INFO - Started process (PID=34362) to work on /home/ris/PycharmProjects/pythonProject/USA-housing/venv/lib/python3.10/site-packages/airflow/example_dags/example_nested_branch_dag.py
[2023-03-04T10:51:17.149+0530] {processor.py:743} INFO - Processing file /home/ris/PycharmProjects/pythonProject/USA-housing/venv/lib/python3.10/site-packages/airflow/example_dags/example_nested_branch_dag.py for tasks to queue
[2023-03-04T10:51:17.150+0530] {logging_mixin.py:137} INFO - [2023-03-04T10:51:17.149+0530] {dagbag.py:538} INFO - Filling up the DagBag from /home/ris/PycharmProjects/pythonProject/USA-housing/venv/lib/python3.10/site-packages/airflow/example_dags/example_nested_branch_dag.py
[2023-03-04T10:51:17.176+0530] {processor.py:753} INFO - DAG(s) dict_keys(['example_nested_branch_dag']) retrieved from /home/ris/PycharmProjects/pythonProject/USA-housing/venv/lib/python3.10/site-packages/airflow/example_dags/example_nested_branch_dag.py
[2023-03-04T10:51:17.195+0530] {logging_mixin.py:137} INFO - [2023-03-04T10:51:17.195+0530] {dag.py:2690} INFO - Sync 1 DAGs
[2023-03-04T10:51:17.217+0530] {logging_mixin.py:137} INFO - [2023-03-04T10:51:17.216+0530] {dag.py:3437} INFO - Setting next_dagrun for example_nested_branch_dag to 2023-03-03T00:00:00+00:00, run_after=2023-03-04T00:00:00+00:00
[2023-03-04T10:51:17.243+0530] {processor.py:175} INFO - Processing /home/ris/PycharmProjects/pythonProject/USA-housing/venv/lib/python3.10/site-packages/airflow/example_dags/example_nested_branch_dag.py took 0.099 seconds
[2023-03-04T10:52:03.625+0530] {processor.py:153} INFO - Started process (PID=34436) to work on /home/ris/PycharmProjects/pythonProject/USA-housing/venv/lib/python3.10/site-packages/airflow/example_dags/example_nested_branch_dag.py
[2023-03-04T10:52:03.628+0530] {processor.py:743} INFO - Processing file /home/ris/PycharmProjects/pythonProject/USA-housing/venv/lib/python3.10/site-packages/airflow/example_dags/example_nested_branch_dag.py for tasks to queue
[2023-03-04T10:52:03.629+0530] {logging_mixin.py:137} INFO - [2023-03-04T10:52:03.629+0530] {dagbag.py:538} INFO - Filling up the DagBag from /home/ris/PycharmProjects/pythonProject/USA-housing/venv/lib/python3.10/site-packages/airflow/example_dags/example_nested_branch_dag.py
[2023-03-04T10:52:03.667+0530] {processor.py:753} INFO - DAG(s) dict_keys(['example_nested_branch_dag']) retrieved from /home/ris/PycharmProjects/pythonProject/USA-housing/venv/lib/python3.10/site-packages/airflow/example_dags/example_nested_branch_dag.py
[2023-03-04T10:52:03.689+0530] {logging_mixin.py:137} INFO - [2023-03-04T10:52:03.689+0530] {dag.py:2690} INFO - Sync 1 DAGs
[2023-03-04T10:52:03.715+0530] {logging_mixin.py:137} INFO - [2023-03-04T10:52:03.715+0530] {dag.py:3437} INFO - Setting next_dagrun for example_nested_branch_dag to 2023-03-03T00:00:00+00:00, run_after=2023-03-04T00:00:00+00:00
[2023-03-04T10:52:03.743+0530] {processor.py:175} INFO - Processing /home/ris/PycharmProjects/pythonProject/USA-housing/venv/lib/python3.10/site-packages/airflow/example_dags/example_nested_branch_dag.py took 0.123 seconds
[2023-03-04T10:52:56.750+0530] {processor.py:153} INFO - Started process (PID=34500) to work on /home/ris/PycharmProjects/pythonProject/USA-housing/venv/lib/python3.10/site-packages/airflow/example_dags/example_nested_branch_dag.py
[2023-03-04T10:52:56.752+0530] {processor.py:743} INFO - Processing file /home/ris/PycharmProjects/pythonProject/USA-housing/venv/lib/python3.10/site-packages/airflow/example_dags/example_nested_branch_dag.py for tasks to queue
[2023-03-04T10:52:56.755+0530] {logging_mixin.py:137} INFO - [2023-03-04T10:52:56.754+0530] {dagbag.py:538} INFO - Filling up the DagBag from /home/ris/PycharmProjects/pythonProject/USA-housing/venv/lib/python3.10/site-packages/airflow/example_dags/example_nested_branch_dag.py
[2023-03-04T10:52:56.794+0530] {processor.py:753} INFO - DAG(s) dict_keys(['example_nested_branch_dag']) retrieved from /home/ris/PycharmProjects/pythonProject/USA-housing/venv/lib/python3.10/site-packages/airflow/example_dags/example_nested_branch_dag.py
[2023-03-04T10:52:56.813+0530] {logging_mixin.py:137} INFO - [2023-03-04T10:52:56.813+0530] {dag.py:2690} INFO - Sync 1 DAGs
[2023-03-04T10:52:56.836+0530] {logging_mixin.py:137} INFO - [2023-03-04T10:52:56.836+0530] {dag.py:3437} INFO - Setting next_dagrun for example_nested_branch_dag to 2023-03-03T00:00:00+00:00, run_after=2023-03-04T00:00:00+00:00
[2023-03-04T10:52:56.857+0530] {processor.py:175} INFO - Processing /home/ris/PycharmProjects/pythonProject/USA-housing/venv/lib/python3.10/site-packages/airflow/example_dags/example_nested_branch_dag.py took 0.111 seconds
[2023-03-04T10:53:52.572+0530] {processor.py:153} INFO - Started process (PID=34700) to work on /home/ris/PycharmProjects/pythonProject/USA-housing/venv/lib/python3.10/site-packages/airflow/example_dags/example_nested_branch_dag.py
[2023-03-04T10:53:52.575+0530] {processor.py:743} INFO - Processing file /home/ris/PycharmProjects/pythonProject/USA-housing/venv/lib/python3.10/site-packages/airflow/example_dags/example_nested_branch_dag.py for tasks to queue
[2023-03-04T10:53:52.576+0530] {logging_mixin.py:137} INFO - [2023-03-04T10:53:52.575+0530] {dagbag.py:538} INFO - Filling up the DagBag from /home/ris/PycharmProjects/pythonProject/USA-housing/venv/lib/python3.10/site-packages/airflow/example_dags/example_nested_branch_dag.py
[2023-03-04T10:53:52.600+0530] {processor.py:753} INFO - DAG(s) dict_keys(['example_nested_branch_dag']) retrieved from /home/ris/PycharmProjects/pythonProject/USA-housing/venv/lib/python3.10/site-packages/airflow/example_dags/example_nested_branch_dag.py
[2023-03-04T10:53:52.618+0530] {logging_mixin.py:137} INFO - [2023-03-04T10:53:52.618+0530] {dag.py:2690} INFO - Sync 1 DAGs
[2023-03-04T10:53:52.640+0530] {logging_mixin.py:137} INFO - [2023-03-04T10:53:52.639+0530] {dag.py:3437} INFO - Setting next_dagrun for example_nested_branch_dag to 2023-03-03T00:00:00+00:00, run_after=2023-03-04T00:00:00+00:00
[2023-03-04T10:53:52.660+0530] {processor.py:175} INFO - Processing /home/ris/PycharmProjects/pythonProject/USA-housing/venv/lib/python3.10/site-packages/airflow/example_dags/example_nested_branch_dag.py took 0.093 seconds
[2023-03-04T10:54:46.554+0530] {processor.py:153} INFO - Started process (PID=34793) to work on /home/ris/PycharmProjects/pythonProject/USA-housing/venv/lib/python3.10/site-packages/airflow/example_dags/example_nested_branch_dag.py
[2023-03-04T10:54:46.555+0530] {processor.py:743} INFO - Processing file /home/ris/PycharmProjects/pythonProject/USA-housing/venv/lib/python3.10/site-packages/airflow/example_dags/example_nested_branch_dag.py for tasks to queue
[2023-03-04T10:54:46.556+0530] {logging_mixin.py:137} INFO - [2023-03-04T10:54:46.556+0530] {dagbag.py:538} INFO - Filling up the DagBag from /home/ris/PycharmProjects/pythonProject/USA-housing/venv/lib/python3.10/site-packages/airflow/example_dags/example_nested_branch_dag.py
[2023-03-04T10:54:46.608+0530] {processor.py:753} INFO - DAG(s) dict_keys(['example_nested_branch_dag']) retrieved from /home/ris/PycharmProjects/pythonProject/USA-housing/venv/lib/python3.10/site-packages/airflow/example_dags/example_nested_branch_dag.py
[2023-03-04T10:54:46.630+0530] {logging_mixin.py:137} INFO - [2023-03-04T10:54:46.630+0530] {dag.py:2690} INFO - Sync 1 DAGs
[2023-03-04T10:54:46.651+0530] {logging_mixin.py:137} INFO - [2023-03-04T10:54:46.651+0530] {dag.py:3437} INFO - Setting next_dagrun for example_nested_branch_dag to 2023-03-03T00:00:00+00:00, run_after=2023-03-04T00:00:00+00:00
[2023-03-04T10:54:46.670+0530] {processor.py:175} INFO - Processing /home/ris/PycharmProjects/pythonProject/USA-housing/venv/lib/python3.10/site-packages/airflow/example_dags/example_nested_branch_dag.py took 0.120 seconds
[2023-03-04T10:55:30.848+0530] {processor.py:153} INFO - Started process (PID=34841) to work on /home/ris/PycharmProjects/pythonProject/USA-housing/venv/lib/python3.10/site-packages/airflow/example_dags/example_nested_branch_dag.py
[2023-03-04T10:55:30.850+0530] {processor.py:743} INFO - Processing file /home/ris/PycharmProjects/pythonProject/USA-housing/venv/lib/python3.10/site-packages/airflow/example_dags/example_nested_branch_dag.py for tasks to queue
[2023-03-04T10:55:30.851+0530] {logging_mixin.py:137} INFO - [2023-03-04T10:55:30.851+0530] {dagbag.py:538} INFO - Filling up the DagBag from /home/ris/PycharmProjects/pythonProject/USA-housing/venv/lib/python3.10/site-packages/airflow/example_dags/example_nested_branch_dag.py
[2023-03-04T10:55:30.877+0530] {processor.py:753} INFO - DAG(s) dict_keys(['example_nested_branch_dag']) retrieved from /home/ris/PycharmProjects/pythonProject/USA-housing/venv/lib/python3.10/site-packages/airflow/example_dags/example_nested_branch_dag.py
[2023-03-04T10:55:30.900+0530] {logging_mixin.py:137} INFO - [2023-03-04T10:55:30.900+0530] {dag.py:2690} INFO - Sync 1 DAGs
[2023-03-04T10:55:30.921+0530] {logging_mixin.py:137} INFO - [2023-03-04T10:55:30.921+0530] {dag.py:3437} INFO - Setting next_dagrun for example_nested_branch_dag to 2023-03-03T00:00:00+00:00, run_after=2023-03-04T00:00:00+00:00
[2023-03-04T10:55:30.944+0530] {processor.py:175} INFO - Processing /home/ris/PycharmProjects/pythonProject/USA-housing/venv/lib/python3.10/site-packages/airflow/example_dags/example_nested_branch_dag.py took 0.100 seconds
[2023-03-04T10:56:21.954+0530] {processor.py:153} INFO - Started process (PID=34908) to work on /home/ris/PycharmProjects/pythonProject/USA-housing/venv/lib/python3.10/site-packages/airflow/example_dags/example_nested_branch_dag.py
[2023-03-04T10:56:21.955+0530] {processor.py:743} INFO - Processing file /home/ris/PycharmProjects/pythonProject/USA-housing/venv/lib/python3.10/site-packages/airflow/example_dags/example_nested_branch_dag.py for tasks to queue
[2023-03-04T10:56:21.956+0530] {logging_mixin.py:137} INFO - [2023-03-04T10:56:21.956+0530] {dagbag.py:538} INFO - Filling up the DagBag from /home/ris/PycharmProjects/pythonProject/USA-housing/venv/lib/python3.10/site-packages/airflow/example_dags/example_nested_branch_dag.py
[2023-03-04T10:56:21.981+0530] {processor.py:753} INFO - DAG(s) dict_keys(['example_nested_branch_dag']) retrieved from /home/ris/PycharmProjects/pythonProject/USA-housing/venv/lib/python3.10/site-packages/airflow/example_dags/example_nested_branch_dag.py
[2023-03-04T10:56:22.000+0530] {logging_mixin.py:137} INFO - [2023-03-04T10:56:22.000+0530] {dag.py:2690} INFO - Sync 1 DAGs
[2023-03-04T10:56:22.020+0530] {logging_mixin.py:137} INFO - [2023-03-04T10:56:22.020+0530] {dag.py:3437} INFO - Setting next_dagrun for example_nested_branch_dag to 2023-03-03T00:00:00+00:00, run_after=2023-03-04T00:00:00+00:00
[2023-03-04T10:56:22.040+0530] {processor.py:175} INFO - Processing /home/ris/PycharmProjects/pythonProject/USA-housing/venv/lib/python3.10/site-packages/airflow/example_dags/example_nested_branch_dag.py took 0.089 seconds
[2023-03-04T10:57:14.326+0530] {processor.py:153} INFO - Started process (PID=34994) to work on /home/ris/PycharmProjects/pythonProject/USA-housing/venv/lib/python3.10/site-packages/airflow/example_dags/example_nested_branch_dag.py
[2023-03-04T10:57:14.328+0530] {processor.py:743} INFO - Processing file /home/ris/PycharmProjects/pythonProject/USA-housing/venv/lib/python3.10/site-packages/airflow/example_dags/example_nested_branch_dag.py for tasks to queue
[2023-03-04T10:57:14.329+0530] {logging_mixin.py:137} INFO - [2023-03-04T10:57:14.329+0530] {dagbag.py:538} INFO - Filling up the DagBag from /home/ris/PycharmProjects/pythonProject/USA-housing/venv/lib/python3.10/site-packages/airflow/example_dags/example_nested_branch_dag.py
[2023-03-04T10:57:14.354+0530] {processor.py:753} INFO - DAG(s) dict_keys(['example_nested_branch_dag']) retrieved from /home/ris/PycharmProjects/pythonProject/USA-housing/venv/lib/python3.10/site-packages/airflow/example_dags/example_nested_branch_dag.py
[2023-03-04T10:57:14.374+0530] {logging_mixin.py:137} INFO - [2023-03-04T10:57:14.374+0530] {dag.py:2690} INFO - Sync 1 DAGs
[2023-03-04T10:57:14.395+0530] {logging_mixin.py:137} INFO - [2023-03-04T10:57:14.394+0530] {dag.py:3437} INFO - Setting next_dagrun for example_nested_branch_dag to 2023-03-03T00:00:00+00:00, run_after=2023-03-04T00:00:00+00:00
[2023-03-04T10:57:14.416+0530] {processor.py:175} INFO - Processing /home/ris/PycharmProjects/pythonProject/USA-housing/venv/lib/python3.10/site-packages/airflow/example_dags/example_nested_branch_dag.py took 0.092 seconds
[2023-03-04T10:58:01.858+0530] {processor.py:153} INFO - Started process (PID=35063) to work on /home/ris/PycharmProjects/pythonProject/USA-housing/venv/lib/python3.10/site-packages/airflow/example_dags/example_nested_branch_dag.py
[2023-03-04T10:58:01.860+0530] {processor.py:743} INFO - Processing file /home/ris/PycharmProjects/pythonProject/USA-housing/venv/lib/python3.10/site-packages/airflow/example_dags/example_nested_branch_dag.py for tasks to queue
[2023-03-04T10:58:01.861+0530] {logging_mixin.py:137} INFO - [2023-03-04T10:58:01.861+0530] {dagbag.py:538} INFO - Filling up the DagBag from /home/ris/PycharmProjects/pythonProject/USA-housing/venv/lib/python3.10/site-packages/airflow/example_dags/example_nested_branch_dag.py
[2023-03-04T10:58:01.901+0530] {processor.py:753} INFO - DAG(s) dict_keys(['example_nested_branch_dag']) retrieved from /home/ris/PycharmProjects/pythonProject/USA-housing/venv/lib/python3.10/site-packages/airflow/example_dags/example_nested_branch_dag.py
[2023-03-04T10:58:01.936+0530] {logging_mixin.py:137} INFO - [2023-03-04T10:58:01.936+0530] {dag.py:2690} INFO - Sync 1 DAGs
[2023-03-04T10:58:01.972+0530] {logging_mixin.py:137} INFO - [2023-03-04T10:58:01.971+0530] {dag.py:3437} INFO - Setting next_dagrun for example_nested_branch_dag to 2023-03-03T00:00:00+00:00, run_after=2023-03-04T00:00:00+00:00
[2023-03-04T10:58:01.999+0530] {processor.py:175} INFO - Processing /home/ris/PycharmProjects/pythonProject/USA-housing/venv/lib/python3.10/site-packages/airflow/example_dags/example_nested_branch_dag.py took 0.144 seconds
[2023-03-04T11:01:33.890+0530] {processor.py:153} INFO - Started process (PID=35213) to work on /home/ris/PycharmProjects/pythonProject/USA-housing/venv/lib/python3.10/site-packages/airflow/example_dags/example_nested_branch_dag.py
[2023-03-04T11:01:33.891+0530] {processor.py:743} INFO - Processing file /home/ris/PycharmProjects/pythonProject/USA-housing/venv/lib/python3.10/site-packages/airflow/example_dags/example_nested_branch_dag.py for tasks to queue
[2023-03-04T11:01:33.892+0530] {logging_mixin.py:137} INFO - [2023-03-04T11:01:33.892+0530] {dagbag.py:538} INFO - Filling up the DagBag from /home/ris/PycharmProjects/pythonProject/USA-housing/venv/lib/python3.10/site-packages/airflow/example_dags/example_nested_branch_dag.py
[2023-03-04T11:01:33.917+0530] {processor.py:753} INFO - DAG(s) dict_keys(['example_nested_branch_dag']) retrieved from /home/ris/PycharmProjects/pythonProject/USA-housing/venv/lib/python3.10/site-packages/airflow/example_dags/example_nested_branch_dag.py
[2023-03-04T11:01:33.935+0530] {logging_mixin.py:137} INFO - [2023-03-04T11:01:33.935+0530] {dag.py:2690} INFO - Sync 1 DAGs
[2023-03-04T11:01:33.957+0530] {logging_mixin.py:137} INFO - [2023-03-04T11:01:33.957+0530] {dag.py:3437} INFO - Setting next_dagrun for example_nested_branch_dag to 2023-03-03T00:00:00+00:00, run_after=2023-03-04T00:00:00+00:00
[2023-03-04T11:01:33.979+0530] {processor.py:175} INFO - Processing /home/ris/PycharmProjects/pythonProject/USA-housing/venv/lib/python3.10/site-packages/airflow/example_dags/example_nested_branch_dag.py took 0.093 seconds
