[2023-03-04T09:23:32.428+0530] {processor.py:153} INFO - Started process (PID=29119) to work on /home/ris/PycharmProjects/pythonProject/USA-housing/venv/lib/python3.10/site-packages/airflow/example_dags/example_xcom.py
[2023-03-04T09:23:32.429+0530] {processor.py:743} INFO - Processing file /home/ris/PycharmProjects/pythonProject/USA-housing/venv/lib/python3.10/site-packages/airflow/example_dags/example_xcom.py for tasks to queue
[2023-03-04T09:23:32.430+0530] {logging_mixin.py:137} INFO - [2023-03-04T09:23:32.430+0530] {dagbag.py:538} INFO - Filling up the DagBag from /home/ris/PycharmProjects/pythonProject/USA-housing/venv/lib/python3.10/site-packages/airflow/example_dags/example_xcom.py
[2023-03-04T09:23:32.476+0530] {processor.py:753} INFO - DAG(s) dict_keys(['example_xcom']) retrieved from /home/ris/PycharmProjects/pythonProject/USA-housing/venv/lib/python3.10/site-packages/airflow/example_dags/example_xcom.py
[2023-03-04T09:23:32.503+0530] {logging_mixin.py:137} INFO - [2023-03-04T09:23:32.503+0530] {dag.py:2690} INFO - Sync 1 DAGs
[2023-03-04T09:23:32.531+0530] {logging_mixin.py:137} INFO - [2023-03-04T09:23:32.531+0530] {dag.py:3437} INFO - Setting next_dagrun for example_xcom to 2021-01-01T00:00:00+00:00, run_after=2021-01-01T00:00:00+00:00
[2023-03-04T09:23:32.558+0530] {processor.py:175} INFO - Processing /home/ris/PycharmProjects/pythonProject/USA-housing/venv/lib/python3.10/site-packages/airflow/example_dags/example_xcom.py took 0.135 seconds
[2023-03-04T09:24:14.446+0530] {processor.py:153} INFO - Started process (PID=29748) to work on /home/ris/PycharmProjects/pythonProject/USA-housing/venv/lib/python3.10/site-packages/airflow/example_dags/example_xcom.py
[2023-03-04T09:24:14.448+0530] {processor.py:743} INFO - Processing file /home/ris/PycharmProjects/pythonProject/USA-housing/venv/lib/python3.10/site-packages/airflow/example_dags/example_xcom.py for tasks to queue
[2023-03-04T09:24:14.449+0530] {logging_mixin.py:137} INFO - [2023-03-04T09:24:14.449+0530] {dagbag.py:538} INFO - Filling up the DagBag from /home/ris/PycharmProjects/pythonProject/USA-housing/venv/lib/python3.10/site-packages/airflow/example_dags/example_xcom.py
[2023-03-04T09:24:14.492+0530] {processor.py:753} INFO - DAG(s) dict_keys(['example_xcom']) retrieved from /home/ris/PycharmProjects/pythonProject/USA-housing/venv/lib/python3.10/site-packages/airflow/example_dags/example_xcom.py
[2023-03-04T09:24:14.507+0530] {logging_mixin.py:137} INFO - [2023-03-04T09:24:14.507+0530] {dag.py:2690} INFO - Sync 1 DAGs
[2023-03-04T09:24:14.524+0530] {logging_mixin.py:137} INFO - [2023-03-04T09:24:14.524+0530] {dag.py:3437} INFO - Setting next_dagrun for example_xcom to 2021-01-01T00:00:00+00:00, run_after=2021-01-01T00:00:00+00:00
[2023-03-04T09:24:14.542+0530] {processor.py:175} INFO - Processing /home/ris/PycharmProjects/pythonProject/USA-housing/venv/lib/python3.10/site-packages/airflow/example_dags/example_xcom.py took 0.100 seconds
[2023-03-04T09:24:55.362+0530] {processor.py:153} INFO - Started process (PID=29788) to work on /home/ris/PycharmProjects/pythonProject/USA-housing/venv/lib/python3.10/site-packages/airflow/example_dags/example_xcom.py
[2023-03-04T09:24:55.364+0530] {processor.py:743} INFO - Processing file /home/ris/PycharmProjects/pythonProject/USA-housing/venv/lib/python3.10/site-packages/airflow/example_dags/example_xcom.py for tasks to queue
[2023-03-04T09:24:55.365+0530] {logging_mixin.py:137} INFO - [2023-03-04T09:24:55.365+0530] {dagbag.py:538} INFO - Filling up the DagBag from /home/ris/PycharmProjects/pythonProject/USA-housing/venv/lib/python3.10/site-packages/airflow/example_dags/example_xcom.py
[2023-03-04T09:24:55.407+0530] {processor.py:753} INFO - DAG(s) dict_keys(['example_xcom']) retrieved from /home/ris/PycharmProjects/pythonProject/USA-housing/venv/lib/python3.10/site-packages/airflow/example_dags/example_xcom.py
[2023-03-04T09:24:55.423+0530] {logging_mixin.py:137} INFO - [2023-03-04T09:24:55.422+0530] {dag.py:2690} INFO - Sync 1 DAGs
[2023-03-04T09:24:55.440+0530] {logging_mixin.py:137} INFO - [2023-03-04T09:24:55.439+0530] {dag.py:3437} INFO - Setting next_dagrun for example_xcom to 2021-01-01T00:00:00+00:00, run_after=2021-01-01T00:00:00+00:00
[2023-03-04T09:24:55.458+0530] {processor.py:175} INFO - Processing /home/ris/PycharmProjects/pythonProject/USA-housing/venv/lib/python3.10/site-packages/airflow/example_dags/example_xcom.py took 0.101 seconds
[2023-03-04T09:25:32.810+0530] {processor.py:153} INFO - Started process (PID=29830) to work on /home/ris/PycharmProjects/pythonProject/USA-housing/venv/lib/python3.10/site-packages/airflow/example_dags/example_xcom.py
[2023-03-04T09:25:32.812+0530] {processor.py:743} INFO - Processing file /home/ris/PycharmProjects/pythonProject/USA-housing/venv/lib/python3.10/site-packages/airflow/example_dags/example_xcom.py for tasks to queue
[2023-03-04T09:25:32.813+0530] {logging_mixin.py:137} INFO - [2023-03-04T09:25:32.813+0530] {dagbag.py:538} INFO - Filling up the DagBag from /home/ris/PycharmProjects/pythonProject/USA-housing/venv/lib/python3.10/site-packages/airflow/example_dags/example_xcom.py
[2023-03-04T09:25:32.854+0530] {processor.py:753} INFO - DAG(s) dict_keys(['example_xcom']) retrieved from /home/ris/PycharmProjects/pythonProject/USA-housing/venv/lib/python3.10/site-packages/airflow/example_dags/example_xcom.py
[2023-03-04T09:25:32.870+0530] {logging_mixin.py:137} INFO - [2023-03-04T09:25:32.870+0530] {dag.py:2690} INFO - Sync 1 DAGs
[2023-03-04T09:25:32.886+0530] {logging_mixin.py:137} INFO - [2023-03-04T09:25:32.886+0530] {dag.py:3437} INFO - Setting next_dagrun for example_xcom to 2021-01-01T00:00:00+00:00, run_after=2021-01-01T00:00:00+00:00
[2023-03-04T09:25:32.904+0530] {processor.py:175} INFO - Processing /home/ris/PycharmProjects/pythonProject/USA-housing/venv/lib/python3.10/site-packages/airflow/example_dags/example_xcom.py took 0.098 seconds
[2023-03-04T09:26:17.165+0530] {processor.py:153} INFO - Started process (PID=30111) to work on /home/ris/PycharmProjects/pythonProject/USA-housing/venv/lib/python3.10/site-packages/airflow/example_dags/example_xcom.py
[2023-03-04T09:26:17.167+0530] {processor.py:743} INFO - Processing file /home/ris/PycharmProjects/pythonProject/USA-housing/venv/lib/python3.10/site-packages/airflow/example_dags/example_xcom.py for tasks to queue
[2023-03-04T09:26:17.168+0530] {logging_mixin.py:137} INFO - [2023-03-04T09:26:17.168+0530] {dagbag.py:538} INFO - Filling up the DagBag from /home/ris/PycharmProjects/pythonProject/USA-housing/venv/lib/python3.10/site-packages/airflow/example_dags/example_xcom.py
[2023-03-04T09:26:17.210+0530] {processor.py:753} INFO - DAG(s) dict_keys(['example_xcom']) retrieved from /home/ris/PycharmProjects/pythonProject/USA-housing/venv/lib/python3.10/site-packages/airflow/example_dags/example_xcom.py
[2023-03-04T09:26:17.226+0530] {logging_mixin.py:137} INFO - [2023-03-04T09:26:17.226+0530] {dag.py:2690} INFO - Sync 1 DAGs
[2023-03-04T09:26:17.242+0530] {logging_mixin.py:137} INFO - [2023-03-04T09:26:17.242+0530] {dag.py:3437} INFO - Setting next_dagrun for example_xcom to 2021-01-01T00:00:00+00:00, run_after=2021-01-01T00:00:00+00:00
[2023-03-04T09:26:17.259+0530] {processor.py:175} INFO - Processing /home/ris/PycharmProjects/pythonProject/USA-housing/venv/lib/python3.10/site-packages/airflow/example_dags/example_xcom.py took 0.098 seconds
[2023-03-04T09:26:56.646+0530] {processor.py:153} INFO - Started process (PID=30148) to work on /home/ris/PycharmProjects/pythonProject/USA-housing/venv/lib/python3.10/site-packages/airflow/example_dags/example_xcom.py
[2023-03-04T09:26:56.648+0530] {processor.py:743} INFO - Processing file /home/ris/PycharmProjects/pythonProject/USA-housing/venv/lib/python3.10/site-packages/airflow/example_dags/example_xcom.py for tasks to queue
[2023-03-04T09:26:56.649+0530] {logging_mixin.py:137} INFO - [2023-03-04T09:26:56.649+0530] {dagbag.py:538} INFO - Filling up the DagBag from /home/ris/PycharmProjects/pythonProject/USA-housing/venv/lib/python3.10/site-packages/airflow/example_dags/example_xcom.py
[2023-03-04T09:26:56.680+0530] {processor.py:753} INFO - DAG(s) dict_keys(['example_xcom']) retrieved from /home/ris/PycharmProjects/pythonProject/USA-housing/venv/lib/python3.10/site-packages/airflow/example_dags/example_xcom.py
[2023-03-04T09:26:56.700+0530] {logging_mixin.py:137} INFO - [2023-03-04T09:26:56.700+0530] {dag.py:2690} INFO - Sync 1 DAGs
[2023-03-04T09:26:56.715+0530] {logging_mixin.py:137} INFO - [2023-03-04T09:26:56.715+0530] {dag.py:3437} INFO - Setting next_dagrun for example_xcom to 2021-01-01T00:00:00+00:00, run_after=2021-01-01T00:00:00+00:00
[2023-03-04T09:26:56.732+0530] {processor.py:175} INFO - Processing /home/ris/PycharmProjects/pythonProject/USA-housing/venv/lib/python3.10/site-packages/airflow/example_dags/example_xcom.py took 0.091 seconds
[2023-03-04T09:27:33.434+0530] {processor.py:153} INFO - Started process (PID=30187) to work on /home/ris/PycharmProjects/pythonProject/USA-housing/venv/lib/python3.10/site-packages/airflow/example_dags/example_xcom.py
[2023-03-04T09:27:33.436+0530] {processor.py:743} INFO - Processing file /home/ris/PycharmProjects/pythonProject/USA-housing/venv/lib/python3.10/site-packages/airflow/example_dags/example_xcom.py for tasks to queue
[2023-03-04T09:27:33.437+0530] {logging_mixin.py:137} INFO - [2023-03-04T09:27:33.437+0530] {dagbag.py:538} INFO - Filling up the DagBag from /home/ris/PycharmProjects/pythonProject/USA-housing/venv/lib/python3.10/site-packages/airflow/example_dags/example_xcom.py
[2023-03-04T09:27:33.479+0530] {processor.py:753} INFO - DAG(s) dict_keys(['example_xcom']) retrieved from /home/ris/PycharmProjects/pythonProject/USA-housing/venv/lib/python3.10/site-packages/airflow/example_dags/example_xcom.py
[2023-03-04T09:27:33.495+0530] {logging_mixin.py:137} INFO - [2023-03-04T09:27:33.494+0530] {dag.py:2690} INFO - Sync 1 DAGs
[2023-03-04T09:27:33.510+0530] {logging_mixin.py:137} INFO - [2023-03-04T09:27:33.510+0530] {dag.py:3437} INFO - Setting next_dagrun for example_xcom to 2021-01-01T00:00:00+00:00, run_after=2021-01-01T00:00:00+00:00
[2023-03-04T09:27:33.530+0530] {processor.py:175} INFO - Processing /home/ris/PycharmProjects/pythonProject/USA-housing/venv/lib/python3.10/site-packages/airflow/example_dags/example_xcom.py took 0.100 seconds
[2023-03-04T09:28:13.351+0530] {processor.py:153} INFO - Started process (PID=30229) to work on /home/ris/PycharmProjects/pythonProject/USA-housing/venv/lib/python3.10/site-packages/airflow/example_dags/example_xcom.py
[2023-03-04T09:28:13.353+0530] {processor.py:743} INFO - Processing file /home/ris/PycharmProjects/pythonProject/USA-housing/venv/lib/python3.10/site-packages/airflow/example_dags/example_xcom.py for tasks to queue
[2023-03-04T09:28:13.354+0530] {logging_mixin.py:137} INFO - [2023-03-04T09:28:13.354+0530] {dagbag.py:538} INFO - Filling up the DagBag from /home/ris/PycharmProjects/pythonProject/USA-housing/venv/lib/python3.10/site-packages/airflow/example_dags/example_xcom.py
[2023-03-04T09:28:13.396+0530] {processor.py:753} INFO - DAG(s) dict_keys(['example_xcom']) retrieved from /home/ris/PycharmProjects/pythonProject/USA-housing/venv/lib/python3.10/site-packages/airflow/example_dags/example_xcom.py
[2023-03-04T09:28:13.411+0530] {logging_mixin.py:137} INFO - [2023-03-04T09:28:13.411+0530] {dag.py:2690} INFO - Sync 1 DAGs
[2023-03-04T09:28:13.428+0530] {logging_mixin.py:137} INFO - [2023-03-04T09:28:13.428+0530] {dag.py:3437} INFO - Setting next_dagrun for example_xcom to 2021-01-01T00:00:00+00:00, run_after=2021-01-01T00:00:00+00:00
[2023-03-04T09:28:13.445+0530] {processor.py:175} INFO - Processing /home/ris/PycharmProjects/pythonProject/USA-housing/venv/lib/python3.10/site-packages/airflow/example_dags/example_xcom.py took 0.098 seconds
[2023-03-04T09:28:57.148+0530] {processor.py:153} INFO - Started process (PID=30276) to work on /home/ris/PycharmProjects/pythonProject/USA-housing/venv/lib/python3.10/site-packages/airflow/example_dags/example_xcom.py
[2023-03-04T09:28:57.150+0530] {processor.py:743} INFO - Processing file /home/ris/PycharmProjects/pythonProject/USA-housing/venv/lib/python3.10/site-packages/airflow/example_dags/example_xcom.py for tasks to queue
[2023-03-04T09:28:57.151+0530] {logging_mixin.py:137} INFO - [2023-03-04T09:28:57.151+0530] {dagbag.py:538} INFO - Filling up the DagBag from /home/ris/PycharmProjects/pythonProject/USA-housing/venv/lib/python3.10/site-packages/airflow/example_dags/example_xcom.py
[2023-03-04T09:28:57.194+0530] {processor.py:753} INFO - DAG(s) dict_keys(['example_xcom']) retrieved from /home/ris/PycharmProjects/pythonProject/USA-housing/venv/lib/python3.10/site-packages/airflow/example_dags/example_xcom.py
[2023-03-04T09:28:57.210+0530] {logging_mixin.py:137} INFO - [2023-03-04T09:28:57.209+0530] {dag.py:2690} INFO - Sync 1 DAGs
[2023-03-04T09:28:57.226+0530] {logging_mixin.py:137} INFO - [2023-03-04T09:28:57.226+0530] {dag.py:3437} INFO - Setting next_dagrun for example_xcom to 2021-01-01T00:00:00+00:00, run_after=2021-01-01T00:00:00+00:00
[2023-03-04T09:28:57.244+0530] {processor.py:175} INFO - Processing /home/ris/PycharmProjects/pythonProject/USA-housing/venv/lib/python3.10/site-packages/airflow/example_dags/example_xcom.py took 0.099 seconds
[2023-03-04T09:29:43.631+0530] {processor.py:153} INFO - Started process (PID=30323) to work on /home/ris/PycharmProjects/pythonProject/USA-housing/venv/lib/python3.10/site-packages/airflow/example_dags/example_xcom.py
[2023-03-04T09:29:43.633+0530] {processor.py:743} INFO - Processing file /home/ris/PycharmProjects/pythonProject/USA-housing/venv/lib/python3.10/site-packages/airflow/example_dags/example_xcom.py for tasks to queue
[2023-03-04T09:29:43.634+0530] {logging_mixin.py:137} INFO - [2023-03-04T09:29:43.634+0530] {dagbag.py:538} INFO - Filling up the DagBag from /home/ris/PycharmProjects/pythonProject/USA-housing/venv/lib/python3.10/site-packages/airflow/example_dags/example_xcom.py
[2023-03-04T09:29:43.676+0530] {processor.py:753} INFO - DAG(s) dict_keys(['example_xcom']) retrieved from /home/ris/PycharmProjects/pythonProject/USA-housing/venv/lib/python3.10/site-packages/airflow/example_dags/example_xcom.py
[2023-03-04T09:29:43.692+0530] {logging_mixin.py:137} INFO - [2023-03-04T09:29:43.692+0530] {dag.py:2690} INFO - Sync 1 DAGs
[2023-03-04T09:29:43.707+0530] {logging_mixin.py:137} INFO - [2023-03-04T09:29:43.707+0530] {dag.py:3437} INFO - Setting next_dagrun for example_xcom to 2021-01-01T00:00:00+00:00, run_after=2021-01-01T00:00:00+00:00
[2023-03-04T09:29:43.724+0530] {processor.py:175} INFO - Processing /home/ris/PycharmProjects/pythonProject/USA-housing/venv/lib/python3.10/site-packages/airflow/example_dags/example_xcom.py took 0.098 seconds
[2023-03-04T09:30:19.166+0530] {processor.py:153} INFO - Started process (PID=30365) to work on /home/ris/PycharmProjects/pythonProject/USA-housing/venv/lib/python3.10/site-packages/airflow/example_dags/example_xcom.py
[2023-03-04T09:30:19.168+0530] {processor.py:743} INFO - Processing file /home/ris/PycharmProjects/pythonProject/USA-housing/venv/lib/python3.10/site-packages/airflow/example_dags/example_xcom.py for tasks to queue
[2023-03-04T09:30:19.169+0530] {logging_mixin.py:137} INFO - [2023-03-04T09:30:19.169+0530] {dagbag.py:538} INFO - Filling up the DagBag from /home/ris/PycharmProjects/pythonProject/USA-housing/venv/lib/python3.10/site-packages/airflow/example_dags/example_xcom.py
[2023-03-04T09:30:19.211+0530] {processor.py:753} INFO - DAG(s) dict_keys(['example_xcom']) retrieved from /home/ris/PycharmProjects/pythonProject/USA-housing/venv/lib/python3.10/site-packages/airflow/example_dags/example_xcom.py
[2023-03-04T09:30:19.227+0530] {logging_mixin.py:137} INFO - [2023-03-04T09:30:19.227+0530] {dag.py:2690} INFO - Sync 1 DAGs
[2023-03-04T09:30:19.243+0530] {logging_mixin.py:137} INFO - [2023-03-04T09:30:19.243+0530] {dag.py:3437} INFO - Setting next_dagrun for example_xcom to 2021-01-01T00:00:00+00:00, run_after=2021-01-01T00:00:00+00:00
[2023-03-04T09:30:19.260+0530] {processor.py:175} INFO - Processing /home/ris/PycharmProjects/pythonProject/USA-housing/venv/lib/python3.10/site-packages/airflow/example_dags/example_xcom.py took 0.099 seconds
[2023-03-04T09:30:56.718+0530] {processor.py:153} INFO - Started process (PID=30402) to work on /home/ris/PycharmProjects/pythonProject/USA-housing/venv/lib/python3.10/site-packages/airflow/example_dags/example_xcom.py
[2023-03-04T09:30:56.720+0530] {processor.py:743} INFO - Processing file /home/ris/PycharmProjects/pythonProject/USA-housing/venv/lib/python3.10/site-packages/airflow/example_dags/example_xcom.py for tasks to queue
[2023-03-04T09:30:56.721+0530] {logging_mixin.py:137} INFO - [2023-03-04T09:30:56.721+0530] {dagbag.py:538} INFO - Filling up the DagBag from /home/ris/PycharmProjects/pythonProject/USA-housing/venv/lib/python3.10/site-packages/airflow/example_dags/example_xcom.py
[2023-03-04T09:30:56.763+0530] {processor.py:753} INFO - DAG(s) dict_keys(['example_xcom']) retrieved from /home/ris/PycharmProjects/pythonProject/USA-housing/venv/lib/python3.10/site-packages/airflow/example_dags/example_xcom.py
[2023-03-04T09:30:56.779+0530] {logging_mixin.py:137} INFO - [2023-03-04T09:30:56.778+0530] {dag.py:2690} INFO - Sync 1 DAGs
[2023-03-04T09:30:56.795+0530] {logging_mixin.py:137} INFO - [2023-03-04T09:30:56.794+0530] {dag.py:3437} INFO - Setting next_dagrun for example_xcom to 2021-01-01T00:00:00+00:00, run_after=2021-01-01T00:00:00+00:00
[2023-03-04T09:30:56.812+0530] {processor.py:175} INFO - Processing /home/ris/PycharmProjects/pythonProject/USA-housing/venv/lib/python3.10/site-packages/airflow/example_dags/example_xcom.py took 0.098 seconds
[2023-03-04T09:31:32.574+0530] {processor.py:153} INFO - Started process (PID=30438) to work on /home/ris/PycharmProjects/pythonProject/USA-housing/venv/lib/python3.10/site-packages/airflow/example_dags/example_xcom.py
[2023-03-04T09:31:32.576+0530] {processor.py:743} INFO - Processing file /home/ris/PycharmProjects/pythonProject/USA-housing/venv/lib/python3.10/site-packages/airflow/example_dags/example_xcom.py for tasks to queue
[2023-03-04T09:31:32.577+0530] {logging_mixin.py:137} INFO - [2023-03-04T09:31:32.577+0530] {dagbag.py:538} INFO - Filling up the DagBag from /home/ris/PycharmProjects/pythonProject/USA-housing/venv/lib/python3.10/site-packages/airflow/example_dags/example_xcom.py
[2023-03-04T09:31:32.619+0530] {processor.py:753} INFO - DAG(s) dict_keys(['example_xcom']) retrieved from /home/ris/PycharmProjects/pythonProject/USA-housing/venv/lib/python3.10/site-packages/airflow/example_dags/example_xcom.py
[2023-03-04T09:31:32.634+0530] {logging_mixin.py:137} INFO - [2023-03-04T09:31:32.634+0530] {dag.py:2690} INFO - Sync 1 DAGs
[2023-03-04T09:31:32.650+0530] {logging_mixin.py:137} INFO - [2023-03-04T09:31:32.650+0530] {dag.py:3437} INFO - Setting next_dagrun for example_xcom to 2021-01-01T00:00:00+00:00, run_after=2021-01-01T00:00:00+00:00
[2023-03-04T09:31:32.667+0530] {processor.py:175} INFO - Processing /home/ris/PycharmProjects/pythonProject/USA-housing/venv/lib/python3.10/site-packages/airflow/example_dags/example_xcom.py took 0.098 seconds
[2023-03-04T09:32:18.783+0530] {processor.py:153} INFO - Started process (PID=30483) to work on /home/ris/PycharmProjects/pythonProject/USA-housing/venv/lib/python3.10/site-packages/airflow/example_dags/example_xcom.py
[2023-03-04T09:32:18.786+0530] {processor.py:743} INFO - Processing file /home/ris/PycharmProjects/pythonProject/USA-housing/venv/lib/python3.10/site-packages/airflow/example_dags/example_xcom.py for tasks to queue
[2023-03-04T09:32:18.787+0530] {logging_mixin.py:137} INFO - [2023-03-04T09:32:18.786+0530] {dagbag.py:538} INFO - Filling up the DagBag from /home/ris/PycharmProjects/pythonProject/USA-housing/venv/lib/python3.10/site-packages/airflow/example_dags/example_xcom.py
[2023-03-04T09:32:18.830+0530] {processor.py:753} INFO - DAG(s) dict_keys(['example_xcom']) retrieved from /home/ris/PycharmProjects/pythonProject/USA-housing/venv/lib/python3.10/site-packages/airflow/example_dags/example_xcom.py
[2023-03-04T09:32:18.845+0530] {logging_mixin.py:137} INFO - [2023-03-04T09:32:18.845+0530] {dag.py:2690} INFO - Sync 1 DAGs
[2023-03-04T09:32:18.861+0530] {logging_mixin.py:137} INFO - [2023-03-04T09:32:18.861+0530] {dag.py:3437} INFO - Setting next_dagrun for example_xcom to 2021-01-01T00:00:00+00:00, run_after=2021-01-01T00:00:00+00:00
[2023-03-04T09:32:18.879+0530] {processor.py:175} INFO - Processing /home/ris/PycharmProjects/pythonProject/USA-housing/venv/lib/python3.10/site-packages/airflow/example_dags/example_xcom.py took 0.101 seconds
[2023-03-04T09:32:54.956+0530] {processor.py:153} INFO - Started process (PID=30520) to work on /home/ris/PycharmProjects/pythonProject/USA-housing/venv/lib/python3.10/site-packages/airflow/example_dags/example_xcom.py
[2023-03-04T09:32:54.959+0530] {processor.py:743} INFO - Processing file /home/ris/PycharmProjects/pythonProject/USA-housing/venv/lib/python3.10/site-packages/airflow/example_dags/example_xcom.py for tasks to queue
[2023-03-04T09:32:54.960+0530] {logging_mixin.py:137} INFO - [2023-03-04T09:32:54.959+0530] {dagbag.py:538} INFO - Filling up the DagBag from /home/ris/PycharmProjects/pythonProject/USA-housing/venv/lib/python3.10/site-packages/airflow/example_dags/example_xcom.py
[2023-03-04T09:32:55.003+0530] {processor.py:753} INFO - DAG(s) dict_keys(['example_xcom']) retrieved from /home/ris/PycharmProjects/pythonProject/USA-housing/venv/lib/python3.10/site-packages/airflow/example_dags/example_xcom.py
[2023-03-04T09:32:55.018+0530] {logging_mixin.py:137} INFO - [2023-03-04T09:32:55.018+0530] {dag.py:2690} INFO - Sync 1 DAGs
[2023-03-04T09:32:55.035+0530] {logging_mixin.py:137} INFO - [2023-03-04T09:32:55.035+0530] {dag.py:3437} INFO - Setting next_dagrun for example_xcom to 2021-01-01T00:00:00+00:00, run_after=2021-01-01T00:00:00+00:00
[2023-03-04T09:32:55.052+0530] {processor.py:175} INFO - Processing /home/ris/PycharmProjects/pythonProject/USA-housing/venv/lib/python3.10/site-packages/airflow/example_dags/example_xcom.py took 0.100 seconds
[2023-03-04T09:33:31.747+0530] {processor.py:153} INFO - Started process (PID=30555) to work on /home/ris/PycharmProjects/pythonProject/USA-housing/venv/lib/python3.10/site-packages/airflow/example_dags/example_xcom.py
[2023-03-04T09:33:31.750+0530] {processor.py:743} INFO - Processing file /home/ris/PycharmProjects/pythonProject/USA-housing/venv/lib/python3.10/site-packages/airflow/example_dags/example_xcom.py for tasks to queue
[2023-03-04T09:33:31.751+0530] {logging_mixin.py:137} INFO - [2023-03-04T09:33:31.750+0530] {dagbag.py:538} INFO - Filling up the DagBag from /home/ris/PycharmProjects/pythonProject/USA-housing/venv/lib/python3.10/site-packages/airflow/example_dags/example_xcom.py
[2023-03-04T09:33:31.793+0530] {processor.py:753} INFO - DAG(s) dict_keys(['example_xcom']) retrieved from /home/ris/PycharmProjects/pythonProject/USA-housing/venv/lib/python3.10/site-packages/airflow/example_dags/example_xcom.py
[2023-03-04T09:33:31.810+0530] {logging_mixin.py:137} INFO - [2023-03-04T09:33:31.810+0530] {dag.py:2690} INFO - Sync 1 DAGs
[2023-03-04T09:33:31.827+0530] {logging_mixin.py:137} INFO - [2023-03-04T09:33:31.826+0530] {dag.py:3437} INFO - Setting next_dagrun for example_xcom to 2021-01-01T00:00:00+00:00, run_after=2021-01-01T00:00:00+00:00
[2023-03-04T09:33:31.844+0530] {processor.py:175} INFO - Processing /home/ris/PycharmProjects/pythonProject/USA-housing/venv/lib/python3.10/site-packages/airflow/example_dags/example_xcom.py took 0.102 seconds
[2023-03-04T09:34:10.481+0530] {processor.py:153} INFO - Started process (PID=30594) to work on /home/ris/PycharmProjects/pythonProject/USA-housing/venv/lib/python3.10/site-packages/airflow/example_dags/example_xcom.py
[2023-03-04T09:34:10.484+0530] {processor.py:743} INFO - Processing file /home/ris/PycharmProjects/pythonProject/USA-housing/venv/lib/python3.10/site-packages/airflow/example_dags/example_xcom.py for tasks to queue
[2023-03-04T09:34:10.485+0530] {logging_mixin.py:137} INFO - [2023-03-04T09:34:10.484+0530] {dagbag.py:538} INFO - Filling up the DagBag from /home/ris/PycharmProjects/pythonProject/USA-housing/venv/lib/python3.10/site-packages/airflow/example_dags/example_xcom.py
[2023-03-04T09:34:10.525+0530] {processor.py:753} INFO - DAG(s) dict_keys(['example_xcom']) retrieved from /home/ris/PycharmProjects/pythonProject/USA-housing/venv/lib/python3.10/site-packages/airflow/example_dags/example_xcom.py
[2023-03-04T09:34:10.541+0530] {logging_mixin.py:137} INFO - [2023-03-04T09:34:10.541+0530] {dag.py:2690} INFO - Sync 1 DAGs
[2023-03-04T09:34:10.557+0530] {logging_mixin.py:137} INFO - [2023-03-04T09:34:10.557+0530] {dag.py:3437} INFO - Setting next_dagrun for example_xcom to 2021-01-01T00:00:00+00:00, run_after=2021-01-01T00:00:00+00:00
[2023-03-04T09:34:10.576+0530] {processor.py:175} INFO - Processing /home/ris/PycharmProjects/pythonProject/USA-housing/venv/lib/python3.10/site-packages/airflow/example_dags/example_xcom.py took 0.099 seconds
[2023-03-04T09:34:54.754+0530] {processor.py:153} INFO - Started process (PID=30640) to work on /home/ris/PycharmProjects/pythonProject/USA-housing/venv/lib/python3.10/site-packages/airflow/example_dags/example_xcom.py
[2023-03-04T09:34:54.756+0530] {processor.py:743} INFO - Processing file /home/ris/PycharmProjects/pythonProject/USA-housing/venv/lib/python3.10/site-packages/airflow/example_dags/example_xcom.py for tasks to queue
[2023-03-04T09:34:54.758+0530] {logging_mixin.py:137} INFO - [2023-03-04T09:34:54.757+0530] {dagbag.py:538} INFO - Filling up the DagBag from /home/ris/PycharmProjects/pythonProject/USA-housing/venv/lib/python3.10/site-packages/airflow/example_dags/example_xcom.py
[2023-03-04T09:34:54.800+0530] {processor.py:753} INFO - DAG(s) dict_keys(['example_xcom']) retrieved from /home/ris/PycharmProjects/pythonProject/USA-housing/venv/lib/python3.10/site-packages/airflow/example_dags/example_xcom.py
[2023-03-04T09:34:54.816+0530] {logging_mixin.py:137} INFO - [2023-03-04T09:34:54.815+0530] {dag.py:2690} INFO - Sync 1 DAGs
[2023-03-04T09:34:54.831+0530] {logging_mixin.py:137} INFO - [2023-03-04T09:34:54.831+0530] {dag.py:3437} INFO - Setting next_dagrun for example_xcom to 2021-01-01T00:00:00+00:00, run_after=2021-01-01T00:00:00+00:00
[2023-03-04T09:34:54.848+0530] {processor.py:175} INFO - Processing /home/ris/PycharmProjects/pythonProject/USA-housing/venv/lib/python3.10/site-packages/airflow/example_dags/example_xcom.py took 0.098 seconds
[2023-03-04T09:35:38.098+0530] {processor.py:153} INFO - Started process (PID=30687) to work on /home/ris/PycharmProjects/pythonProject/USA-housing/venv/lib/python3.10/site-packages/airflow/example_dags/example_xcom.py
[2023-03-04T09:35:38.100+0530] {processor.py:743} INFO - Processing file /home/ris/PycharmProjects/pythonProject/USA-housing/venv/lib/python3.10/site-packages/airflow/example_dags/example_xcom.py for tasks to queue
[2023-03-04T09:35:38.102+0530] {logging_mixin.py:137} INFO - [2023-03-04T09:35:38.101+0530] {dagbag.py:538} INFO - Filling up the DagBag from /home/ris/PycharmProjects/pythonProject/USA-housing/venv/lib/python3.10/site-packages/airflow/example_dags/example_xcom.py
[2023-03-04T09:35:38.145+0530] {processor.py:753} INFO - DAG(s) dict_keys(['example_xcom']) retrieved from /home/ris/PycharmProjects/pythonProject/USA-housing/venv/lib/python3.10/site-packages/airflow/example_dags/example_xcom.py
[2023-03-04T09:35:38.160+0530] {logging_mixin.py:137} INFO - [2023-03-04T09:35:38.160+0530] {dag.py:2690} INFO - Sync 1 DAGs
[2023-03-04T09:35:38.176+0530] {logging_mixin.py:137} INFO - [2023-03-04T09:35:38.176+0530] {dag.py:3437} INFO - Setting next_dagrun for example_xcom to 2021-01-01T00:00:00+00:00, run_after=2021-01-01T00:00:00+00:00
[2023-03-04T09:35:38.193+0530] {processor.py:175} INFO - Processing /home/ris/PycharmProjects/pythonProject/USA-housing/venv/lib/python3.10/site-packages/airflow/example_dags/example_xcom.py took 0.099 seconds
[2023-03-04T09:45:34.291+0530] {processor.py:153} INFO - Started process (PID=31003) to work on /home/ris/PycharmProjects/pythonProject/USA-housing/venv/lib/python3.10/site-packages/airflow/example_dags/example_xcom.py
[2023-03-04T09:45:34.293+0530] {processor.py:743} INFO - Processing file /home/ris/PycharmProjects/pythonProject/USA-housing/venv/lib/python3.10/site-packages/airflow/example_dags/example_xcom.py for tasks to queue
[2023-03-04T09:45:34.295+0530] {logging_mixin.py:137} INFO - [2023-03-04T09:45:34.294+0530] {dagbag.py:538} INFO - Filling up the DagBag from /home/ris/PycharmProjects/pythonProject/USA-housing/venv/lib/python3.10/site-packages/airflow/example_dags/example_xcom.py
[2023-03-04T09:45:34.338+0530] {processor.py:753} INFO - DAG(s) dict_keys(['example_xcom']) retrieved from /home/ris/PycharmProjects/pythonProject/USA-housing/venv/lib/python3.10/site-packages/airflow/example_dags/example_xcom.py
[2023-03-04T09:45:34.353+0530] {logging_mixin.py:137} INFO - [2023-03-04T09:45:34.353+0530] {dag.py:2690} INFO - Sync 1 DAGs
[2023-03-04T09:45:34.369+0530] {logging_mixin.py:137} INFO - [2023-03-04T09:45:34.369+0530] {dag.py:3437} INFO - Setting next_dagrun for example_xcom to 2021-01-01T00:00:00+00:00, run_after=2021-01-01T00:00:00+00:00
[2023-03-04T09:45:34.387+0530] {processor.py:175} INFO - Processing /home/ris/PycharmProjects/pythonProject/USA-housing/venv/lib/python3.10/site-packages/airflow/example_dags/example_xcom.py took 0.101 seconds
[2023-03-04T10:25:25.008+0530] {processor.py:153} INFO - Started process (PID=31345) to work on /home/ris/PycharmProjects/pythonProject/USA-housing/venv/lib/python3.10/site-packages/airflow/example_dags/example_xcom.py
[2023-03-04T10:25:25.010+0530] {processor.py:743} INFO - Processing file /home/ris/PycharmProjects/pythonProject/USA-housing/venv/lib/python3.10/site-packages/airflow/example_dags/example_xcom.py for tasks to queue
[2023-03-04T10:25:25.010+0530] {logging_mixin.py:137} INFO - [2023-03-04T10:25:25.010+0530] {dagbag.py:538} INFO - Filling up the DagBag from /home/ris/PycharmProjects/pythonProject/USA-housing/venv/lib/python3.10/site-packages/airflow/example_dags/example_xcom.py
[2023-03-04T10:25:25.040+0530] {processor.py:753} INFO - DAG(s) dict_keys(['example_xcom']) retrieved from /home/ris/PycharmProjects/pythonProject/USA-housing/venv/lib/python3.10/site-packages/airflow/example_dags/example_xcom.py
[2023-03-04T10:25:25.064+0530] {logging_mixin.py:137} INFO - [2023-03-04T10:25:25.064+0530] {dag.py:2690} INFO - Sync 1 DAGs
[2023-03-04T10:25:25.088+0530] {logging_mixin.py:137} INFO - [2023-03-04T10:25:25.087+0530] {dag.py:3437} INFO - Setting next_dagrun for example_xcom to 2021-01-01T00:00:00+00:00, run_after=2021-01-01T00:00:00+00:00
[2023-03-04T10:25:25.111+0530] {processor.py:175} INFO - Processing /home/ris/PycharmProjects/pythonProject/USA-housing/venv/lib/python3.10/site-packages/airflow/example_dags/example_xcom.py took 0.106 seconds
[2023-03-04T10:26:05.899+0530] {processor.py:153} INFO - Started process (PID=31387) to work on /home/ris/PycharmProjects/pythonProject/USA-housing/venv/lib/python3.10/site-packages/airflow/example_dags/example_xcom.py
[2023-03-04T10:26:05.902+0530] {processor.py:743} INFO - Processing file /home/ris/PycharmProjects/pythonProject/USA-housing/venv/lib/python3.10/site-packages/airflow/example_dags/example_xcom.py for tasks to queue
[2023-03-04T10:26:05.903+0530] {logging_mixin.py:137} INFO - [2023-03-04T10:26:05.903+0530] {dagbag.py:538} INFO - Filling up the DagBag from /home/ris/PycharmProjects/pythonProject/USA-housing/venv/lib/python3.10/site-packages/airflow/example_dags/example_xcom.py
[2023-03-04T10:26:05.950+0530] {processor.py:753} INFO - DAG(s) dict_keys(['example_xcom']) retrieved from /home/ris/PycharmProjects/pythonProject/USA-housing/venv/lib/python3.10/site-packages/airflow/example_dags/example_xcom.py
[2023-03-04T10:26:05.971+0530] {logging_mixin.py:137} INFO - [2023-03-04T10:26:05.971+0530] {dag.py:2690} INFO - Sync 1 DAGs
[2023-03-04T10:26:05.994+0530] {logging_mixin.py:137} INFO - [2023-03-04T10:26:05.994+0530] {dag.py:3437} INFO - Setting next_dagrun for example_xcom to 2021-01-01T00:00:00+00:00, run_after=2021-01-01T00:00:00+00:00
[2023-03-04T10:26:06.017+0530] {processor.py:175} INFO - Processing /home/ris/PycharmProjects/pythonProject/USA-housing/venv/lib/python3.10/site-packages/airflow/example_dags/example_xcom.py took 0.123 seconds
[2023-03-04T10:26:46.485+0530] {processor.py:153} INFO - Started process (PID=31430) to work on /home/ris/PycharmProjects/pythonProject/USA-housing/venv/lib/python3.10/site-packages/airflow/example_dags/example_xcom.py
[2023-03-04T10:26:46.486+0530] {processor.py:743} INFO - Processing file /home/ris/PycharmProjects/pythonProject/USA-housing/venv/lib/python3.10/site-packages/airflow/example_dags/example_xcom.py for tasks to queue
[2023-03-04T10:26:46.487+0530] {logging_mixin.py:137} INFO - [2023-03-04T10:26:46.487+0530] {dagbag.py:538} INFO - Filling up the DagBag from /home/ris/PycharmProjects/pythonProject/USA-housing/venv/lib/python3.10/site-packages/airflow/example_dags/example_xcom.py
[2023-03-04T10:26:46.506+0530] {processor.py:753} INFO - DAG(s) dict_keys(['example_xcom']) retrieved from /home/ris/PycharmProjects/pythonProject/USA-housing/venv/lib/python3.10/site-packages/airflow/example_dags/example_xcom.py
[2023-03-04T10:26:46.523+0530] {logging_mixin.py:137} INFO - [2023-03-04T10:26:46.522+0530] {dag.py:2690} INFO - Sync 1 DAGs
[2023-03-04T10:26:46.538+0530] {logging_mixin.py:137} INFO - [2023-03-04T10:26:46.538+0530] {dag.py:3437} INFO - Setting next_dagrun for example_xcom to 2021-01-01T00:00:00+00:00, run_after=2021-01-01T00:00:00+00:00
[2023-03-04T10:26:46.556+0530] {processor.py:175} INFO - Processing /home/ris/PycharmProjects/pythonProject/USA-housing/venv/lib/python3.10/site-packages/airflow/example_dags/example_xcom.py took 0.073 seconds
[2023-03-04T10:27:33.168+0530] {processor.py:153} INFO - Started process (PID=31476) to work on /home/ris/PycharmProjects/pythonProject/USA-housing/venv/lib/python3.10/site-packages/airflow/example_dags/example_xcom.py
[2023-03-04T10:27:33.170+0530] {processor.py:743} INFO - Processing file /home/ris/PycharmProjects/pythonProject/USA-housing/venv/lib/python3.10/site-packages/airflow/example_dags/example_xcom.py for tasks to queue
[2023-03-04T10:27:33.171+0530] {logging_mixin.py:137} INFO - [2023-03-04T10:27:33.171+0530] {dagbag.py:538} INFO - Filling up the DagBag from /home/ris/PycharmProjects/pythonProject/USA-housing/venv/lib/python3.10/site-packages/airflow/example_dags/example_xcom.py
[2023-03-04T10:27:33.212+0530] {processor.py:753} INFO - DAG(s) dict_keys(['example_xcom']) retrieved from /home/ris/PycharmProjects/pythonProject/USA-housing/venv/lib/python3.10/site-packages/airflow/example_dags/example_xcom.py
[2023-03-04T10:27:33.228+0530] {logging_mixin.py:137} INFO - [2023-03-04T10:27:33.228+0530] {dag.py:2690} INFO - Sync 1 DAGs
[2023-03-04T10:27:33.244+0530] {logging_mixin.py:137} INFO - [2023-03-04T10:27:33.244+0530] {dag.py:3437} INFO - Setting next_dagrun for example_xcom to 2021-01-01T00:00:00+00:00, run_after=2021-01-01T00:00:00+00:00
[2023-03-04T10:27:33.261+0530] {processor.py:175} INFO - Processing /home/ris/PycharmProjects/pythonProject/USA-housing/venv/lib/python3.10/site-packages/airflow/example_dags/example_xcom.py took 0.098 seconds
[2023-03-04T10:28:09.291+0530] {processor.py:153} INFO - Started process (PID=31511) to work on /home/ris/PycharmProjects/pythonProject/USA-housing/venv/lib/python3.10/site-packages/airflow/example_dags/example_xcom.py
[2023-03-04T10:28:09.293+0530] {processor.py:743} INFO - Processing file /home/ris/PycharmProjects/pythonProject/USA-housing/venv/lib/python3.10/site-packages/airflow/example_dags/example_xcom.py for tasks to queue
[2023-03-04T10:28:09.294+0530] {logging_mixin.py:137} INFO - [2023-03-04T10:28:09.294+0530] {dagbag.py:538} INFO - Filling up the DagBag from /home/ris/PycharmProjects/pythonProject/USA-housing/venv/lib/python3.10/site-packages/airflow/example_dags/example_xcom.py
[2023-03-04T10:28:09.337+0530] {processor.py:753} INFO - DAG(s) dict_keys(['example_xcom']) retrieved from /home/ris/PycharmProjects/pythonProject/USA-housing/venv/lib/python3.10/site-packages/airflow/example_dags/example_xcom.py
[2023-03-04T10:28:09.356+0530] {logging_mixin.py:137} INFO - [2023-03-04T10:28:09.355+0530] {dag.py:2690} INFO - Sync 1 DAGs
[2023-03-04T10:28:09.373+0530] {logging_mixin.py:137} INFO - [2023-03-04T10:28:09.372+0530] {dag.py:3437} INFO - Setting next_dagrun for example_xcom to 2021-01-01T00:00:00+00:00, run_after=2021-01-01T00:00:00+00:00
[2023-03-04T10:28:09.391+0530] {processor.py:175} INFO - Processing /home/ris/PycharmProjects/pythonProject/USA-housing/venv/lib/python3.10/site-packages/airflow/example_dags/example_xcom.py took 0.104 seconds
[2023-03-04T10:28:46.532+0530] {processor.py:153} INFO - Started process (PID=31553) to work on /home/ris/PycharmProjects/pythonProject/USA-housing/venv/lib/python3.10/site-packages/airflow/example_dags/example_xcom.py
[2023-03-04T10:28:46.534+0530] {processor.py:743} INFO - Processing file /home/ris/PycharmProjects/pythonProject/USA-housing/venv/lib/python3.10/site-packages/airflow/example_dags/example_xcom.py for tasks to queue
[2023-03-04T10:28:46.535+0530] {logging_mixin.py:137} INFO - [2023-03-04T10:28:46.535+0530] {dagbag.py:538} INFO - Filling up the DagBag from /home/ris/PycharmProjects/pythonProject/USA-housing/venv/lib/python3.10/site-packages/airflow/example_dags/example_xcom.py
[2023-03-04T10:28:46.578+0530] {processor.py:753} INFO - DAG(s) dict_keys(['example_xcom']) retrieved from /home/ris/PycharmProjects/pythonProject/USA-housing/venv/lib/python3.10/site-packages/airflow/example_dags/example_xcom.py
[2023-03-04T10:28:46.594+0530] {logging_mixin.py:137} INFO - [2023-03-04T10:28:46.594+0530] {dag.py:2690} INFO - Sync 1 DAGs
[2023-03-04T10:28:46.611+0530] {logging_mixin.py:137} INFO - [2023-03-04T10:28:46.611+0530] {dag.py:3437} INFO - Setting next_dagrun for example_xcom to 2021-01-01T00:00:00+00:00, run_after=2021-01-01T00:00:00+00:00
[2023-03-04T10:28:46.629+0530] {processor.py:175} INFO - Processing /home/ris/PycharmProjects/pythonProject/USA-housing/venv/lib/python3.10/site-packages/airflow/example_dags/example_xcom.py took 0.102 seconds
[2023-03-04T10:29:24.492+0530] {processor.py:153} INFO - Started process (PID=31592) to work on /home/ris/PycharmProjects/pythonProject/USA-housing/venv/lib/python3.10/site-packages/airflow/example_dags/example_xcom.py
[2023-03-04T10:29:24.494+0530] {processor.py:743} INFO - Processing file /home/ris/PycharmProjects/pythonProject/USA-housing/venv/lib/python3.10/site-packages/airflow/example_dags/example_xcom.py for tasks to queue
[2023-03-04T10:29:24.495+0530] {logging_mixin.py:137} INFO - [2023-03-04T10:29:24.495+0530] {dagbag.py:538} INFO - Filling up the DagBag from /home/ris/PycharmProjects/pythonProject/USA-housing/venv/lib/python3.10/site-packages/airflow/example_dags/example_xcom.py
[2023-03-04T10:29:24.542+0530] {processor.py:753} INFO - DAG(s) dict_keys(['example_xcom']) retrieved from /home/ris/PycharmProjects/pythonProject/USA-housing/venv/lib/python3.10/site-packages/airflow/example_dags/example_xcom.py
[2023-03-04T10:29:24.564+0530] {logging_mixin.py:137} INFO - [2023-03-04T10:29:24.564+0530] {dag.py:2690} INFO - Sync 1 DAGs
[2023-03-04T10:29:24.585+0530] {logging_mixin.py:137} INFO - [2023-03-04T10:29:24.585+0530] {dag.py:3437} INFO - Setting next_dagrun for example_xcom to 2021-01-01T00:00:00+00:00, run_after=2021-01-01T00:00:00+00:00
[2023-03-04T10:29:24.608+0530] {processor.py:175} INFO - Processing /home/ris/PycharmProjects/pythonProject/USA-housing/venv/lib/python3.10/site-packages/airflow/example_dags/example_xcom.py took 0.119 seconds
[2023-03-04T10:30:14.584+0530] {processor.py:153} INFO - Started process (PID=31642) to work on /home/ris/PycharmProjects/pythonProject/USA-housing/venv/lib/python3.10/site-packages/airflow/example_dags/example_xcom.py
[2023-03-04T10:30:14.586+0530] {processor.py:743} INFO - Processing file /home/ris/PycharmProjects/pythonProject/USA-housing/venv/lib/python3.10/site-packages/airflow/example_dags/example_xcom.py for tasks to queue
[2023-03-04T10:30:14.587+0530] {logging_mixin.py:137} INFO - [2023-03-04T10:30:14.587+0530] {dagbag.py:538} INFO - Filling up the DagBag from /home/ris/PycharmProjects/pythonProject/USA-housing/venv/lib/python3.10/site-packages/airflow/example_dags/example_xcom.py
[2023-03-04T10:30:14.627+0530] {processor.py:753} INFO - DAG(s) dict_keys(['example_xcom']) retrieved from /home/ris/PycharmProjects/pythonProject/USA-housing/venv/lib/python3.10/site-packages/airflow/example_dags/example_xcom.py
[2023-03-04T10:30:14.643+0530] {logging_mixin.py:137} INFO - [2023-03-04T10:30:14.643+0530] {dag.py:2690} INFO - Sync 1 DAGs
[2023-03-04T10:30:14.660+0530] {logging_mixin.py:137} INFO - [2023-03-04T10:30:14.660+0530] {dag.py:3437} INFO - Setting next_dagrun for example_xcom to 2021-01-01T00:00:00+00:00, run_after=2021-01-01T00:00:00+00:00
[2023-03-04T10:30:14.677+0530] {processor.py:175} INFO - Processing /home/ris/PycharmProjects/pythonProject/USA-housing/venv/lib/python3.10/site-packages/airflow/example_dags/example_xcom.py took 0.099 seconds
[2023-03-04T10:30:56.656+0530] {processor.py:153} INFO - Started process (PID=31690) to work on /home/ris/PycharmProjects/pythonProject/USA-housing/venv/lib/python3.10/site-packages/airflow/example_dags/example_xcom.py
[2023-03-04T10:30:56.658+0530] {processor.py:743} INFO - Processing file /home/ris/PycharmProjects/pythonProject/USA-housing/venv/lib/python3.10/site-packages/airflow/example_dags/example_xcom.py for tasks to queue
[2023-03-04T10:30:56.659+0530] {logging_mixin.py:137} INFO - [2023-03-04T10:30:56.659+0530] {dagbag.py:538} INFO - Filling up the DagBag from /home/ris/PycharmProjects/pythonProject/USA-housing/venv/lib/python3.10/site-packages/airflow/example_dags/example_xcom.py
[2023-03-04T10:30:56.700+0530] {processor.py:753} INFO - DAG(s) dict_keys(['example_xcom']) retrieved from /home/ris/PycharmProjects/pythonProject/USA-housing/venv/lib/python3.10/site-packages/airflow/example_dags/example_xcom.py
[2023-03-04T10:30:56.717+0530] {logging_mixin.py:137} INFO - [2023-03-04T10:30:56.717+0530] {dag.py:2690} INFO - Sync 1 DAGs
[2023-03-04T10:30:56.733+0530] {logging_mixin.py:137} INFO - [2023-03-04T10:30:56.733+0530] {dag.py:3437} INFO - Setting next_dagrun for example_xcom to 2021-01-01T00:00:00+00:00, run_after=2021-01-01T00:00:00+00:00
[2023-03-04T10:30:56.750+0530] {processor.py:175} INFO - Processing /home/ris/PycharmProjects/pythonProject/USA-housing/venv/lib/python3.10/site-packages/airflow/example_dags/example_xcom.py took 0.098 seconds
[2023-03-04T10:31:33.304+0530] {processor.py:153} INFO - Started process (PID=31849) to work on /home/ris/PycharmProjects/pythonProject/USA-housing/venv/lib/python3.10/site-packages/airflow/example_dags/example_xcom.py
[2023-03-04T10:31:33.306+0530] {processor.py:743} INFO - Processing file /home/ris/PycharmProjects/pythonProject/USA-housing/venv/lib/python3.10/site-packages/airflow/example_dags/example_xcom.py for tasks to queue
[2023-03-04T10:31:33.306+0530] {logging_mixin.py:137} INFO - [2023-03-04T10:31:33.306+0530] {dagbag.py:538} INFO - Filling up the DagBag from /home/ris/PycharmProjects/pythonProject/USA-housing/venv/lib/python3.10/site-packages/airflow/example_dags/example_xcom.py
[2023-03-04T10:31:33.342+0530] {processor.py:753} INFO - DAG(s) dict_keys(['example_xcom']) retrieved from /home/ris/PycharmProjects/pythonProject/USA-housing/venv/lib/python3.10/site-packages/airflow/example_dags/example_xcom.py
[2023-03-04T10:31:33.360+0530] {logging_mixin.py:137} INFO - [2023-03-04T10:31:33.360+0530] {dag.py:2690} INFO - Sync 1 DAGs
[2023-03-04T10:31:33.376+0530] {logging_mixin.py:137} INFO - [2023-03-04T10:31:33.376+0530] {dag.py:3437} INFO - Setting next_dagrun for example_xcom to 2021-01-01T00:00:00+00:00, run_after=2021-01-01T00:00:00+00:00
[2023-03-04T10:31:33.393+0530] {processor.py:175} INFO - Processing /home/ris/PycharmProjects/pythonProject/USA-housing/venv/lib/python3.10/site-packages/airflow/example_dags/example_xcom.py took 0.092 seconds
[2023-03-04T10:32:08.349+0530] {processor.py:153} INFO - Started process (PID=32130) to work on /home/ris/PycharmProjects/pythonProject/USA-housing/venv/lib/python3.10/site-packages/airflow/example_dags/example_xcom.py
[2023-03-04T10:32:08.351+0530] {processor.py:743} INFO - Processing file /home/ris/PycharmProjects/pythonProject/USA-housing/venv/lib/python3.10/site-packages/airflow/example_dags/example_xcom.py for tasks to queue
[2023-03-04T10:32:08.352+0530] {logging_mixin.py:137} INFO - [2023-03-04T10:32:08.352+0530] {dagbag.py:538} INFO - Filling up the DagBag from /home/ris/PycharmProjects/pythonProject/USA-housing/venv/lib/python3.10/site-packages/airflow/example_dags/example_xcom.py
[2023-03-04T10:32:08.377+0530] {processor.py:753} INFO - DAG(s) dict_keys(['example_xcom']) retrieved from /home/ris/PycharmProjects/pythonProject/USA-housing/venv/lib/python3.10/site-packages/airflow/example_dags/example_xcom.py
[2023-03-04T10:32:08.394+0530] {logging_mixin.py:137} INFO - [2023-03-04T10:32:08.394+0530] {dag.py:2690} INFO - Sync 1 DAGs
[2023-03-04T10:32:08.410+0530] {logging_mixin.py:137} INFO - [2023-03-04T10:32:08.410+0530] {dag.py:3437} INFO - Setting next_dagrun for example_xcom to 2021-01-01T00:00:00+00:00, run_after=2021-01-01T00:00:00+00:00
[2023-03-04T10:32:08.429+0530] {processor.py:175} INFO - Processing /home/ris/PycharmProjects/pythonProject/USA-housing/venv/lib/python3.10/site-packages/airflow/example_dags/example_xcom.py took 0.082 seconds
[2023-03-04T10:32:44.489+0530] {processor.py:153} INFO - Started process (PID=32270) to work on /home/ris/PycharmProjects/pythonProject/USA-housing/venv/lib/python3.10/site-packages/airflow/example_dags/example_xcom.py
[2023-03-04T10:32:44.491+0530] {processor.py:743} INFO - Processing file /home/ris/PycharmProjects/pythonProject/USA-housing/venv/lib/python3.10/site-packages/airflow/example_dags/example_xcom.py for tasks to queue
[2023-03-04T10:32:44.492+0530] {logging_mixin.py:137} INFO - [2023-03-04T10:32:44.492+0530] {dagbag.py:538} INFO - Filling up the DagBag from /home/ris/PycharmProjects/pythonProject/USA-housing/venv/lib/python3.10/site-packages/airflow/example_dags/example_xcom.py
[2023-03-04T10:32:44.517+0530] {processor.py:753} INFO - DAG(s) dict_keys(['example_xcom']) retrieved from /home/ris/PycharmProjects/pythonProject/USA-housing/venv/lib/python3.10/site-packages/airflow/example_dags/example_xcom.py
[2023-03-04T10:32:44.534+0530] {logging_mixin.py:137} INFO - [2023-03-04T10:32:44.534+0530] {dag.py:2690} INFO - Sync 1 DAGs
[2023-03-04T10:32:44.554+0530] {logging_mixin.py:137} INFO - [2023-03-04T10:32:44.554+0530] {dag.py:3437} INFO - Setting next_dagrun for example_xcom to 2021-01-01T00:00:00+00:00, run_after=2021-01-01T00:00:00+00:00
[2023-03-04T10:32:44.575+0530] {processor.py:175} INFO - Processing /home/ris/PycharmProjects/pythonProject/USA-housing/venv/lib/python3.10/site-packages/airflow/example_dags/example_xcom.py took 0.088 seconds
[2023-03-04T10:33:25.574+0530] {processor.py:153} INFO - Started process (PID=32347) to work on /home/ris/PycharmProjects/pythonProject/USA-housing/venv/lib/python3.10/site-packages/airflow/example_dags/example_xcom.py
[2023-03-04T10:33:25.575+0530] {processor.py:743} INFO - Processing file /home/ris/PycharmProjects/pythonProject/USA-housing/venv/lib/python3.10/site-packages/airflow/example_dags/example_xcom.py for tasks to queue
[2023-03-04T10:33:25.576+0530] {logging_mixin.py:137} INFO - [2023-03-04T10:33:25.576+0530] {dagbag.py:538} INFO - Filling up the DagBag from /home/ris/PycharmProjects/pythonProject/USA-housing/venv/lib/python3.10/site-packages/airflow/example_dags/example_xcom.py
[2023-03-04T10:33:25.599+0530] {processor.py:753} INFO - DAG(s) dict_keys(['example_xcom']) retrieved from /home/ris/PycharmProjects/pythonProject/USA-housing/venv/lib/python3.10/site-packages/airflow/example_dags/example_xcom.py
[2023-03-04T10:33:25.617+0530] {logging_mixin.py:137} INFO - [2023-03-04T10:33:25.617+0530] {dag.py:2690} INFO - Sync 1 DAGs
[2023-03-04T10:33:25.636+0530] {logging_mixin.py:137} INFO - [2023-03-04T10:33:25.636+0530] {dag.py:3437} INFO - Setting next_dagrun for example_xcom to 2021-01-01T00:00:00+00:00, run_after=2021-01-01T00:00:00+00:00
[2023-03-04T10:33:25.658+0530] {processor.py:175} INFO - Processing /home/ris/PycharmProjects/pythonProject/USA-housing/venv/lib/python3.10/site-packages/airflow/example_dags/example_xcom.py took 0.088 seconds
[2023-03-04T10:34:10.137+0530] {processor.py:153} INFO - Started process (PID=32477) to work on /home/ris/PycharmProjects/pythonProject/USA-housing/venv/lib/python3.10/site-packages/airflow/example_dags/example_xcom.py
[2023-03-04T10:34:10.138+0530] {processor.py:743} INFO - Processing file /home/ris/PycharmProjects/pythonProject/USA-housing/venv/lib/python3.10/site-packages/airflow/example_dags/example_xcom.py for tasks to queue
[2023-03-04T10:34:10.139+0530] {logging_mixin.py:137} INFO - [2023-03-04T10:34:10.139+0530] {dagbag.py:538} INFO - Filling up the DagBag from /home/ris/PycharmProjects/pythonProject/USA-housing/venv/lib/python3.10/site-packages/airflow/example_dags/example_xcom.py
[2023-03-04T10:34:10.161+0530] {processor.py:753} INFO - DAG(s) dict_keys(['example_xcom']) retrieved from /home/ris/PycharmProjects/pythonProject/USA-housing/venv/lib/python3.10/site-packages/airflow/example_dags/example_xcom.py
[2023-03-04T10:34:10.178+0530] {logging_mixin.py:137} INFO - [2023-03-04T10:34:10.178+0530] {dag.py:2690} INFO - Sync 1 DAGs
[2023-03-04T10:34:10.196+0530] {logging_mixin.py:137} INFO - [2023-03-04T10:34:10.196+0530] {dag.py:3437} INFO - Setting next_dagrun for example_xcom to 2021-01-01T00:00:00+00:00, run_after=2021-01-01T00:00:00+00:00
[2023-03-04T10:34:10.214+0530] {processor.py:175} INFO - Processing /home/ris/PycharmProjects/pythonProject/USA-housing/venv/lib/python3.10/site-packages/airflow/example_dags/example_xcom.py took 0.081 seconds
[2023-03-04T10:34:54.761+0530] {processor.py:153} INFO - Started process (PID=32576) to work on /home/ris/PycharmProjects/pythonProject/USA-housing/venv/lib/python3.10/site-packages/airflow/example_dags/example_xcom.py
[2023-03-04T10:34:54.762+0530] {processor.py:743} INFO - Processing file /home/ris/PycharmProjects/pythonProject/USA-housing/venv/lib/python3.10/site-packages/airflow/example_dags/example_xcom.py for tasks to queue
[2023-03-04T10:34:54.763+0530] {logging_mixin.py:137} INFO - [2023-03-04T10:34:54.763+0530] {dagbag.py:538} INFO - Filling up the DagBag from /home/ris/PycharmProjects/pythonProject/USA-housing/venv/lib/python3.10/site-packages/airflow/example_dags/example_xcom.py
[2023-03-04T10:34:54.803+0530] {processor.py:753} INFO - DAG(s) dict_keys(['example_xcom']) retrieved from /home/ris/PycharmProjects/pythonProject/USA-housing/venv/lib/python3.10/site-packages/airflow/example_dags/example_xcom.py
[2023-03-04T10:34:54.822+0530] {logging_mixin.py:137} INFO - [2023-03-04T10:34:54.822+0530] {dag.py:2690} INFO - Sync 1 DAGs
[2023-03-04T10:34:54.852+0530] {logging_mixin.py:137} INFO - [2023-03-04T10:34:54.852+0530] {dag.py:3437} INFO - Setting next_dagrun for example_xcom to 2021-01-01T00:00:00+00:00, run_after=2021-01-01T00:00:00+00:00
[2023-03-04T10:34:54.878+0530] {processor.py:175} INFO - Processing /home/ris/PycharmProjects/pythonProject/USA-housing/venv/lib/python3.10/site-packages/airflow/example_dags/example_xcom.py took 0.122 seconds
[2023-03-04T10:35:30.433+0530] {processor.py:153} INFO - Started process (PID=32701) to work on /home/ris/PycharmProjects/pythonProject/USA-housing/venv/lib/python3.10/site-packages/airflow/example_dags/example_xcom.py
[2023-03-04T10:35:30.435+0530] {processor.py:743} INFO - Processing file /home/ris/PycharmProjects/pythonProject/USA-housing/venv/lib/python3.10/site-packages/airflow/example_dags/example_xcom.py for tasks to queue
[2023-03-04T10:35:30.437+0530] {logging_mixin.py:137} INFO - [2023-03-04T10:35:30.436+0530] {dagbag.py:538} INFO - Filling up the DagBag from /home/ris/PycharmProjects/pythonProject/USA-housing/venv/lib/python3.10/site-packages/airflow/example_dags/example_xcom.py
[2023-03-04T10:35:30.517+0530] {processor.py:753} INFO - DAG(s) dict_keys(['example_xcom']) retrieved from /home/ris/PycharmProjects/pythonProject/USA-housing/venv/lib/python3.10/site-packages/airflow/example_dags/example_xcom.py
[2023-03-04T10:35:30.582+0530] {logging_mixin.py:137} INFO - [2023-03-04T10:35:30.580+0530] {dag.py:2690} INFO - Sync 1 DAGs
[2023-03-04T10:35:30.636+0530] {logging_mixin.py:137} INFO - [2023-03-04T10:35:30.635+0530] {dag.py:3437} INFO - Setting next_dagrun for example_xcom to 2021-01-01T00:00:00+00:00, run_after=2021-01-01T00:00:00+00:00
[2023-03-04T10:35:30.705+0530] {processor.py:175} INFO - Processing /home/ris/PycharmProjects/pythonProject/USA-housing/venv/lib/python3.10/site-packages/airflow/example_dags/example_xcom.py took 0.283 seconds
[2023-03-04T10:36:08.414+0530] {processor.py:153} INFO - Started process (PID=32765) to work on /home/ris/PycharmProjects/pythonProject/USA-housing/venv/lib/python3.10/site-packages/airflow/example_dags/example_xcom.py
[2023-03-04T10:36:08.417+0530] {processor.py:743} INFO - Processing file /home/ris/PycharmProjects/pythonProject/USA-housing/venv/lib/python3.10/site-packages/airflow/example_dags/example_xcom.py for tasks to queue
[2023-03-04T10:36:08.419+0530] {logging_mixin.py:137} INFO - [2023-03-04T10:36:08.418+0530] {dagbag.py:538} INFO - Filling up the DagBag from /home/ris/PycharmProjects/pythonProject/USA-housing/venv/lib/python3.10/site-packages/airflow/example_dags/example_xcom.py
[2023-03-04T10:36:08.496+0530] {processor.py:753} INFO - DAG(s) dict_keys(['example_xcom']) retrieved from /home/ris/PycharmProjects/pythonProject/USA-housing/venv/lib/python3.10/site-packages/airflow/example_dags/example_xcom.py
[2023-03-04T10:36:08.538+0530] {logging_mixin.py:137} INFO - [2023-03-04T10:36:08.538+0530] {dag.py:2690} INFO - Sync 1 DAGs
[2023-03-04T10:36:08.589+0530] {logging_mixin.py:137} INFO - [2023-03-04T10:36:08.588+0530] {dag.py:3437} INFO - Setting next_dagrun for example_xcom to 2021-01-01T00:00:00+00:00, run_after=2021-01-01T00:00:00+00:00
[2023-03-04T10:36:08.638+0530] {processor.py:175} INFO - Processing /home/ris/PycharmProjects/pythonProject/USA-housing/venv/lib/python3.10/site-packages/airflow/example_dags/example_xcom.py took 0.232 seconds
[2023-03-04T10:36:50.568+0530] {processor.py:153} INFO - Started process (PID=32822) to work on /home/ris/PycharmProjects/pythonProject/USA-housing/venv/lib/python3.10/site-packages/airflow/example_dags/example_xcom.py
[2023-03-04T10:36:50.570+0530] {processor.py:743} INFO - Processing file /home/ris/PycharmProjects/pythonProject/USA-housing/venv/lib/python3.10/site-packages/airflow/example_dags/example_xcom.py for tasks to queue
[2023-03-04T10:36:50.571+0530] {logging_mixin.py:137} INFO - [2023-03-04T10:36:50.571+0530] {dagbag.py:538} INFO - Filling up the DagBag from /home/ris/PycharmProjects/pythonProject/USA-housing/venv/lib/python3.10/site-packages/airflow/example_dags/example_xcom.py
[2023-03-04T10:36:50.616+0530] {processor.py:753} INFO - DAG(s) dict_keys(['example_xcom']) retrieved from /home/ris/PycharmProjects/pythonProject/USA-housing/venv/lib/python3.10/site-packages/airflow/example_dags/example_xcom.py
[2023-03-04T10:36:50.664+0530] {logging_mixin.py:137} INFO - [2023-03-04T10:36:50.664+0530] {dag.py:2690} INFO - Sync 1 DAGs
[2023-03-04T10:36:50.709+0530] {logging_mixin.py:137} INFO - [2023-03-04T10:36:50.709+0530] {dag.py:3437} INFO - Setting next_dagrun for example_xcom to 2021-01-01T00:00:00+00:00, run_after=2021-01-01T00:00:00+00:00
[2023-03-04T10:36:50.747+0530] {processor.py:175} INFO - Processing /home/ris/PycharmProjects/pythonProject/USA-housing/venv/lib/python3.10/site-packages/airflow/example_dags/example_xcom.py took 0.182 seconds
[2023-03-04T10:37:40.172+0530] {processor.py:153} INFO - Started process (PID=32900) to work on /home/ris/PycharmProjects/pythonProject/USA-housing/venv/lib/python3.10/site-packages/airflow/example_dags/example_xcom.py
[2023-03-04T10:37:40.174+0530] {processor.py:743} INFO - Processing file /home/ris/PycharmProjects/pythonProject/USA-housing/venv/lib/python3.10/site-packages/airflow/example_dags/example_xcom.py for tasks to queue
[2023-03-04T10:37:40.176+0530] {logging_mixin.py:137} INFO - [2023-03-04T10:37:40.175+0530] {dagbag.py:538} INFO - Filling up the DagBag from /home/ris/PycharmProjects/pythonProject/USA-housing/venv/lib/python3.10/site-packages/airflow/example_dags/example_xcom.py
[2023-03-04T10:37:40.231+0530] {processor.py:753} INFO - DAG(s) dict_keys(['example_xcom']) retrieved from /home/ris/PycharmProjects/pythonProject/USA-housing/venv/lib/python3.10/site-packages/airflow/example_dags/example_xcom.py
[2023-03-04T10:37:40.285+0530] {logging_mixin.py:137} INFO - [2023-03-04T10:37:40.284+0530] {dag.py:2690} INFO - Sync 1 DAGs
[2023-03-04T10:37:40.340+0530] {logging_mixin.py:137} INFO - [2023-03-04T10:37:40.340+0530] {dag.py:3437} INFO - Setting next_dagrun for example_xcom to 2021-01-01T00:00:00+00:00, run_after=2021-01-01T00:00:00+00:00
[2023-03-04T10:37:40.379+0530] {processor.py:175} INFO - Processing /home/ris/PycharmProjects/pythonProject/USA-housing/venv/lib/python3.10/site-packages/airflow/example_dags/example_xcom.py took 0.212 seconds
[2023-03-04T10:38:31.652+0530] {processor.py:153} INFO - Started process (PID=32950) to work on /home/ris/PycharmProjects/pythonProject/USA-housing/venv/lib/python3.10/site-packages/airflow/example_dags/example_xcom.py
[2023-03-04T10:38:31.654+0530] {processor.py:743} INFO - Processing file /home/ris/PycharmProjects/pythonProject/USA-housing/venv/lib/python3.10/site-packages/airflow/example_dags/example_xcom.py for tasks to queue
[2023-03-04T10:38:31.656+0530] {logging_mixin.py:137} INFO - [2023-03-04T10:38:31.655+0530] {dagbag.py:538} INFO - Filling up the DagBag from /home/ris/PycharmProjects/pythonProject/USA-housing/venv/lib/python3.10/site-packages/airflow/example_dags/example_xcom.py
[2023-03-04T10:38:31.711+0530] {processor.py:753} INFO - DAG(s) dict_keys(['example_xcom']) retrieved from /home/ris/PycharmProjects/pythonProject/USA-housing/venv/lib/python3.10/site-packages/airflow/example_dags/example_xcom.py
[2023-03-04T10:38:31.752+0530] {logging_mixin.py:137} INFO - [2023-03-04T10:38:31.751+0530] {dag.py:2690} INFO - Sync 1 DAGs
[2023-03-04T10:38:31.805+0530] {logging_mixin.py:137} INFO - [2023-03-04T10:38:31.804+0530] {dag.py:3437} INFO - Setting next_dagrun for example_xcom to 2021-01-01T00:00:00+00:00, run_after=2021-01-01T00:00:00+00:00
[2023-03-04T10:38:31.855+0530] {processor.py:175} INFO - Processing /home/ris/PycharmProjects/pythonProject/USA-housing/venv/lib/python3.10/site-packages/airflow/example_dags/example_xcom.py took 0.206 seconds
[2023-03-04T10:39:15.353+0530] {processor.py:153} INFO - Started process (PID=33472) to work on /home/ris/PycharmProjects/pythonProject/USA-housing/venv/lib/python3.10/site-packages/airflow/example_dags/example_xcom.py
[2023-03-04T10:39:15.355+0530] {processor.py:743} INFO - Processing file /home/ris/PycharmProjects/pythonProject/USA-housing/venv/lib/python3.10/site-packages/airflow/example_dags/example_xcom.py for tasks to queue
[2023-03-04T10:39:15.356+0530] {logging_mixin.py:137} INFO - [2023-03-04T10:39:15.356+0530] {dagbag.py:538} INFO - Filling up the DagBag from /home/ris/PycharmProjects/pythonProject/USA-housing/venv/lib/python3.10/site-packages/airflow/example_dags/example_xcom.py
[2023-03-04T10:39:15.402+0530] {processor.py:753} INFO - DAG(s) dict_keys(['example_xcom']) retrieved from /home/ris/PycharmProjects/pythonProject/USA-housing/venv/lib/python3.10/site-packages/airflow/example_dags/example_xcom.py
[2023-03-04T10:39:15.437+0530] {logging_mixin.py:137} INFO - [2023-03-04T10:39:15.437+0530] {dag.py:2690} INFO - Sync 1 DAGs
[2023-03-04T10:39:15.468+0530] {logging_mixin.py:137} INFO - [2023-03-04T10:39:15.468+0530] {dag.py:3437} INFO - Setting next_dagrun for example_xcom to 2021-01-01T00:00:00+00:00, run_after=2021-01-01T00:00:00+00:00
[2023-03-04T10:39:15.498+0530] {processor.py:175} INFO - Processing /home/ris/PycharmProjects/pythonProject/USA-housing/venv/lib/python3.10/site-packages/airflow/example_dags/example_xcom.py took 0.149 seconds
[2023-03-04T10:40:06.554+0530] {processor.py:153} INFO - Started process (PID=33539) to work on /home/ris/PycharmProjects/pythonProject/USA-housing/venv/lib/python3.10/site-packages/airflow/example_dags/example_xcom.py
[2023-03-04T10:40:06.556+0530] {processor.py:743} INFO - Processing file /home/ris/PycharmProjects/pythonProject/USA-housing/venv/lib/python3.10/site-packages/airflow/example_dags/example_xcom.py for tasks to queue
[2023-03-04T10:40:06.557+0530] {logging_mixin.py:137} INFO - [2023-03-04T10:40:06.557+0530] {dagbag.py:538} INFO - Filling up the DagBag from /home/ris/PycharmProjects/pythonProject/USA-housing/venv/lib/python3.10/site-packages/airflow/example_dags/example_xcom.py
[2023-03-04T10:40:06.605+0530] {processor.py:753} INFO - DAG(s) dict_keys(['example_xcom']) retrieved from /home/ris/PycharmProjects/pythonProject/USA-housing/venv/lib/python3.10/site-packages/airflow/example_dags/example_xcom.py
[2023-03-04T10:40:06.636+0530] {logging_mixin.py:137} INFO - [2023-03-04T10:40:06.636+0530] {dag.py:2690} INFO - Sync 1 DAGs
[2023-03-04T10:40:06.668+0530] {logging_mixin.py:137} INFO - [2023-03-04T10:40:06.668+0530] {dag.py:3437} INFO - Setting next_dagrun for example_xcom to 2021-01-01T00:00:00+00:00, run_after=2021-01-01T00:00:00+00:00
[2023-03-04T10:40:06.718+0530] {processor.py:175} INFO - Processing /home/ris/PycharmProjects/pythonProject/USA-housing/venv/lib/python3.10/site-packages/airflow/example_dags/example_xcom.py took 0.168 seconds
[2023-03-04T10:40:45.684+0530] {processor.py:153} INFO - Started process (PID=33581) to work on /home/ris/PycharmProjects/pythonProject/USA-housing/venv/lib/python3.10/site-packages/airflow/example_dags/example_xcom.py
[2023-03-04T10:40:45.688+0530] {processor.py:743} INFO - Processing file /home/ris/PycharmProjects/pythonProject/USA-housing/venv/lib/python3.10/site-packages/airflow/example_dags/example_xcom.py for tasks to queue
[2023-03-04T10:40:45.690+0530] {logging_mixin.py:137} INFO - [2023-03-04T10:40:45.689+0530] {dagbag.py:538} INFO - Filling up the DagBag from /home/ris/PycharmProjects/pythonProject/USA-housing/venv/lib/python3.10/site-packages/airflow/example_dags/example_xcom.py
[2023-03-04T10:40:45.727+0530] {processor.py:753} INFO - DAG(s) dict_keys(['example_xcom']) retrieved from /home/ris/PycharmProjects/pythonProject/USA-housing/venv/lib/python3.10/site-packages/airflow/example_dags/example_xcom.py
[2023-03-04T10:40:45.751+0530] {logging_mixin.py:137} INFO - [2023-03-04T10:40:45.751+0530] {dag.py:2690} INFO - Sync 1 DAGs
[2023-03-04T10:40:45.776+0530] {logging_mixin.py:137} INFO - [2023-03-04T10:40:45.776+0530] {dag.py:3437} INFO - Setting next_dagrun for example_xcom to 2021-01-01T00:00:00+00:00, run_after=2021-01-01T00:00:00+00:00
[2023-03-04T10:40:45.802+0530] {processor.py:175} INFO - Processing /home/ris/PycharmProjects/pythonProject/USA-housing/venv/lib/python3.10/site-packages/airflow/example_dags/example_xcom.py took 0.122 seconds
[2023-03-04T10:41:32.877+0530] {processor.py:153} INFO - Started process (PID=33644) to work on /home/ris/PycharmProjects/pythonProject/USA-housing/venv/lib/python3.10/site-packages/airflow/example_dags/example_xcom.py
[2023-03-04T10:41:32.879+0530] {processor.py:743} INFO - Processing file /home/ris/PycharmProjects/pythonProject/USA-housing/venv/lib/python3.10/site-packages/airflow/example_dags/example_xcom.py for tasks to queue
[2023-03-04T10:41:32.879+0530] {logging_mixin.py:137} INFO - [2023-03-04T10:41:32.879+0530] {dagbag.py:538} INFO - Filling up the DagBag from /home/ris/PycharmProjects/pythonProject/USA-housing/venv/lib/python3.10/site-packages/airflow/example_dags/example_xcom.py
[2023-03-04T10:41:32.902+0530] {processor.py:753} INFO - DAG(s) dict_keys(['example_xcom']) retrieved from /home/ris/PycharmProjects/pythonProject/USA-housing/venv/lib/python3.10/site-packages/airflow/example_dags/example_xcom.py
[2023-03-04T10:41:32.921+0530] {logging_mixin.py:137} INFO - [2023-03-04T10:41:32.921+0530] {dag.py:2690} INFO - Sync 1 DAGs
[2023-03-04T10:41:32.942+0530] {logging_mixin.py:137} INFO - [2023-03-04T10:41:32.942+0530] {dag.py:3437} INFO - Setting next_dagrun for example_xcom to 2021-01-01T00:00:00+00:00, run_after=2021-01-01T00:00:00+00:00
[2023-03-04T10:41:32.961+0530] {processor.py:175} INFO - Processing /home/ris/PycharmProjects/pythonProject/USA-housing/venv/lib/python3.10/site-packages/airflow/example_dags/example_xcom.py took 0.087 seconds
[2023-03-04T10:42:10.466+0530] {processor.py:153} INFO - Started process (PID=33682) to work on /home/ris/PycharmProjects/pythonProject/USA-housing/venv/lib/python3.10/site-packages/airflow/example_dags/example_xcom.py
[2023-03-04T10:42:10.469+0530] {processor.py:743} INFO - Processing file /home/ris/PycharmProjects/pythonProject/USA-housing/venv/lib/python3.10/site-packages/airflow/example_dags/example_xcom.py for tasks to queue
[2023-03-04T10:42:10.470+0530] {logging_mixin.py:137} INFO - [2023-03-04T10:42:10.470+0530] {dagbag.py:538} INFO - Filling up the DagBag from /home/ris/PycharmProjects/pythonProject/USA-housing/venv/lib/python3.10/site-packages/airflow/example_dags/example_xcom.py
[2023-03-04T10:42:10.512+0530] {processor.py:753} INFO - DAG(s) dict_keys(['example_xcom']) retrieved from /home/ris/PycharmProjects/pythonProject/USA-housing/venv/lib/python3.10/site-packages/airflow/example_dags/example_xcom.py
[2023-03-04T10:42:10.537+0530] {logging_mixin.py:137} INFO - [2023-03-04T10:42:10.537+0530] {dag.py:2690} INFO - Sync 1 DAGs
[2023-03-04T10:42:10.577+0530] {logging_mixin.py:137} INFO - [2023-03-04T10:42:10.576+0530] {dag.py:3437} INFO - Setting next_dagrun for example_xcom to 2021-01-01T00:00:00+00:00, run_after=2021-01-01T00:00:00+00:00
[2023-03-04T10:42:10.610+0530] {processor.py:175} INFO - Processing /home/ris/PycharmProjects/pythonProject/USA-housing/venv/lib/python3.10/site-packages/airflow/example_dags/example_xcom.py took 0.149 seconds
[2023-03-04T10:42:53.265+0530] {processor.py:153} INFO - Started process (PID=33733) to work on /home/ris/PycharmProjects/pythonProject/USA-housing/venv/lib/python3.10/site-packages/airflow/example_dags/example_xcom.py
[2023-03-04T10:42:53.268+0530] {processor.py:743} INFO - Processing file /home/ris/PycharmProjects/pythonProject/USA-housing/venv/lib/python3.10/site-packages/airflow/example_dags/example_xcom.py for tasks to queue
[2023-03-04T10:42:53.269+0530] {logging_mixin.py:137} INFO - [2023-03-04T10:42:53.269+0530] {dagbag.py:538} INFO - Filling up the DagBag from /home/ris/PycharmProjects/pythonProject/USA-housing/venv/lib/python3.10/site-packages/airflow/example_dags/example_xcom.py
[2023-03-04T10:42:53.304+0530] {processor.py:753} INFO - DAG(s) dict_keys(['example_xcom']) retrieved from /home/ris/PycharmProjects/pythonProject/USA-housing/venv/lib/python3.10/site-packages/airflow/example_dags/example_xcom.py
[2023-03-04T10:42:53.331+0530] {logging_mixin.py:137} INFO - [2023-03-04T10:42:53.331+0530] {dag.py:2690} INFO - Sync 1 DAGs
[2023-03-04T10:42:53.358+0530] {logging_mixin.py:137} INFO - [2023-03-04T10:42:53.358+0530] {dag.py:3437} INFO - Setting next_dagrun for example_xcom to 2021-01-01T00:00:00+00:00, run_after=2021-01-01T00:00:00+00:00
[2023-03-04T10:42:53.398+0530] {processor.py:175} INFO - Processing /home/ris/PycharmProjects/pythonProject/USA-housing/venv/lib/python3.10/site-packages/airflow/example_dags/example_xcom.py took 0.137 seconds
[2023-03-04T10:43:39.313+0530] {processor.py:153} INFO - Started process (PID=33779) to work on /home/ris/PycharmProjects/pythonProject/USA-housing/venv/lib/python3.10/site-packages/airflow/example_dags/example_xcom.py
[2023-03-04T10:43:39.315+0530] {processor.py:743} INFO - Processing file /home/ris/PycharmProjects/pythonProject/USA-housing/venv/lib/python3.10/site-packages/airflow/example_dags/example_xcom.py for tasks to queue
[2023-03-04T10:43:39.316+0530] {logging_mixin.py:137} INFO - [2023-03-04T10:43:39.315+0530] {dagbag.py:538} INFO - Filling up the DagBag from /home/ris/PycharmProjects/pythonProject/USA-housing/venv/lib/python3.10/site-packages/airflow/example_dags/example_xcom.py
[2023-03-04T10:43:39.336+0530] {processor.py:753} INFO - DAG(s) dict_keys(['example_xcom']) retrieved from /home/ris/PycharmProjects/pythonProject/USA-housing/venv/lib/python3.10/site-packages/airflow/example_dags/example_xcom.py
[2023-03-04T10:43:39.353+0530] {logging_mixin.py:137} INFO - [2023-03-04T10:43:39.353+0530] {dag.py:2690} INFO - Sync 1 DAGs
[2023-03-04T10:43:39.378+0530] {logging_mixin.py:137} INFO - [2023-03-04T10:43:39.378+0530] {dag.py:3437} INFO - Setting next_dagrun for example_xcom to 2021-01-01T00:00:00+00:00, run_after=2021-01-01T00:00:00+00:00
[2023-03-04T10:43:39.399+0530] {processor.py:175} INFO - Processing /home/ris/PycharmProjects/pythonProject/USA-housing/venv/lib/python3.10/site-packages/airflow/example_dags/example_xcom.py took 0.088 seconds
[2023-03-04T10:44:15.676+0530] {processor.py:153} INFO - Started process (PID=33815) to work on /home/ris/PycharmProjects/pythonProject/USA-housing/venv/lib/python3.10/site-packages/airflow/example_dags/example_xcom.py
[2023-03-04T10:44:15.678+0530] {processor.py:743} INFO - Processing file /home/ris/PycharmProjects/pythonProject/USA-housing/venv/lib/python3.10/site-packages/airflow/example_dags/example_xcom.py for tasks to queue
[2023-03-04T10:44:15.679+0530] {logging_mixin.py:137} INFO - [2023-03-04T10:44:15.678+0530] {dagbag.py:538} INFO - Filling up the DagBag from /home/ris/PycharmProjects/pythonProject/USA-housing/venv/lib/python3.10/site-packages/airflow/example_dags/example_xcom.py
[2023-03-04T10:44:15.731+0530] {processor.py:753} INFO - DAG(s) dict_keys(['example_xcom']) retrieved from /home/ris/PycharmProjects/pythonProject/USA-housing/venv/lib/python3.10/site-packages/airflow/example_dags/example_xcom.py
[2023-03-04T10:44:15.766+0530] {logging_mixin.py:137} INFO - [2023-03-04T10:44:15.766+0530] {dag.py:2690} INFO - Sync 1 DAGs
[2023-03-04T10:44:15.796+0530] {logging_mixin.py:137} INFO - [2023-03-04T10:44:15.795+0530] {dag.py:3437} INFO - Setting next_dagrun for example_xcom to 2021-01-01T00:00:00+00:00, run_after=2021-01-01T00:00:00+00:00
[2023-03-04T10:44:15.829+0530] {processor.py:175} INFO - Processing /home/ris/PycharmProjects/pythonProject/USA-housing/venv/lib/python3.10/site-packages/airflow/example_dags/example_xcom.py took 0.156 seconds
[2023-03-04T10:45:01.589+0530] {processor.py:153} INFO - Started process (PID=33870) to work on /home/ris/PycharmProjects/pythonProject/USA-housing/venv/lib/python3.10/site-packages/airflow/example_dags/example_xcom.py
[2023-03-04T10:45:01.590+0530] {processor.py:743} INFO - Processing file /home/ris/PycharmProjects/pythonProject/USA-housing/venv/lib/python3.10/site-packages/airflow/example_dags/example_xcom.py for tasks to queue
[2023-03-04T10:45:01.591+0530] {logging_mixin.py:137} INFO - [2023-03-04T10:45:01.591+0530] {dagbag.py:538} INFO - Filling up the DagBag from /home/ris/PycharmProjects/pythonProject/USA-housing/venv/lib/python3.10/site-packages/airflow/example_dags/example_xcom.py
[2023-03-04T10:45:01.616+0530] {processor.py:753} INFO - DAG(s) dict_keys(['example_xcom']) retrieved from /home/ris/PycharmProjects/pythonProject/USA-housing/venv/lib/python3.10/site-packages/airflow/example_dags/example_xcom.py
[2023-03-04T10:45:01.639+0530] {logging_mixin.py:137} INFO - [2023-03-04T10:45:01.638+0530] {dag.py:2690} INFO - Sync 1 DAGs
[2023-03-04T10:45:01.657+0530] {logging_mixin.py:137} INFO - [2023-03-04T10:45:01.657+0530] {dag.py:3437} INFO - Setting next_dagrun for example_xcom to 2021-01-01T00:00:00+00:00, run_after=2021-01-01T00:00:00+00:00
[2023-03-04T10:45:01.683+0530] {processor.py:175} INFO - Processing /home/ris/PycharmProjects/pythonProject/USA-housing/venv/lib/python3.10/site-packages/airflow/example_dags/example_xcom.py took 0.097 seconds
[2023-03-04T10:45:40.978+0530] {processor.py:153} INFO - Started process (PID=33914) to work on /home/ris/PycharmProjects/pythonProject/USA-housing/venv/lib/python3.10/site-packages/airflow/example_dags/example_xcom.py
[2023-03-04T10:45:40.982+0530] {processor.py:743} INFO - Processing file /home/ris/PycharmProjects/pythonProject/USA-housing/venv/lib/python3.10/site-packages/airflow/example_dags/example_xcom.py for tasks to queue
[2023-03-04T10:45:40.983+0530] {logging_mixin.py:137} INFO - [2023-03-04T10:45:40.983+0530] {dagbag.py:538} INFO - Filling up the DagBag from /home/ris/PycharmProjects/pythonProject/USA-housing/venv/lib/python3.10/site-packages/airflow/example_dags/example_xcom.py
[2023-03-04T10:45:41.046+0530] {processor.py:753} INFO - DAG(s) dict_keys(['example_xcom']) retrieved from /home/ris/PycharmProjects/pythonProject/USA-housing/venv/lib/python3.10/site-packages/airflow/example_dags/example_xcom.py
[2023-03-04T10:45:41.104+0530] {logging_mixin.py:137} INFO - [2023-03-04T10:45:41.103+0530] {dag.py:2690} INFO - Sync 1 DAGs
[2023-03-04T10:45:41.145+0530] {logging_mixin.py:137} INFO - [2023-03-04T10:45:41.145+0530] {dag.py:3437} INFO - Setting next_dagrun for example_xcom to 2021-01-01T00:00:00+00:00, run_after=2021-01-01T00:00:00+00:00
[2023-03-04T10:45:41.188+0530] {processor.py:175} INFO - Processing /home/ris/PycharmProjects/pythonProject/USA-housing/venv/lib/python3.10/site-packages/airflow/example_dags/example_xcom.py took 0.217 seconds
[2023-03-04T10:46:24.126+0530] {processor.py:153} INFO - Started process (PID=33958) to work on /home/ris/PycharmProjects/pythonProject/USA-housing/venv/lib/python3.10/site-packages/airflow/example_dags/example_xcom.py
[2023-03-04T10:46:24.128+0530] {processor.py:743} INFO - Processing file /home/ris/PycharmProjects/pythonProject/USA-housing/venv/lib/python3.10/site-packages/airflow/example_dags/example_xcom.py for tasks to queue
[2023-03-04T10:46:24.131+0530] {logging_mixin.py:137} INFO - [2023-03-04T10:46:24.131+0530] {dagbag.py:538} INFO - Filling up the DagBag from /home/ris/PycharmProjects/pythonProject/USA-housing/venv/lib/python3.10/site-packages/airflow/example_dags/example_xcom.py
[2023-03-04T10:46:24.166+0530] {processor.py:753} INFO - DAG(s) dict_keys(['example_xcom']) retrieved from /home/ris/PycharmProjects/pythonProject/USA-housing/venv/lib/python3.10/site-packages/airflow/example_dags/example_xcom.py
[2023-03-04T10:46:24.185+0530] {logging_mixin.py:137} INFO - [2023-03-04T10:46:24.185+0530] {dag.py:2690} INFO - Sync 1 DAGs
[2023-03-04T10:46:24.203+0530] {logging_mixin.py:137} INFO - [2023-03-04T10:46:24.203+0530] {dag.py:3437} INFO - Setting next_dagrun for example_xcom to 2021-01-01T00:00:00+00:00, run_after=2021-01-01T00:00:00+00:00
[2023-03-04T10:46:24.224+0530] {processor.py:175} INFO - Processing /home/ris/PycharmProjects/pythonProject/USA-housing/venv/lib/python3.10/site-packages/airflow/example_dags/example_xcom.py took 0.103 seconds
[2023-03-04T10:47:11.356+0530] {processor.py:153} INFO - Started process (PID=34017) to work on /home/ris/PycharmProjects/pythonProject/USA-housing/venv/lib/python3.10/site-packages/airflow/example_dags/example_xcom.py
[2023-03-04T10:47:11.358+0530] {processor.py:743} INFO - Processing file /home/ris/PycharmProjects/pythonProject/USA-housing/venv/lib/python3.10/site-packages/airflow/example_dags/example_xcom.py for tasks to queue
[2023-03-04T10:47:11.359+0530] {logging_mixin.py:137} INFO - [2023-03-04T10:47:11.359+0530] {dagbag.py:538} INFO - Filling up the DagBag from /home/ris/PycharmProjects/pythonProject/USA-housing/venv/lib/python3.10/site-packages/airflow/example_dags/example_xcom.py
[2023-03-04T10:47:11.391+0530] {processor.py:753} INFO - DAG(s) dict_keys(['example_xcom']) retrieved from /home/ris/PycharmProjects/pythonProject/USA-housing/venv/lib/python3.10/site-packages/airflow/example_dags/example_xcom.py
[2023-03-04T10:47:11.428+0530] {logging_mixin.py:137} INFO - [2023-03-04T10:47:11.428+0530] {dag.py:2690} INFO - Sync 1 DAGs
[2023-03-04T10:47:11.451+0530] {logging_mixin.py:137} INFO - [2023-03-04T10:47:11.451+0530] {dag.py:3437} INFO - Setting next_dagrun for example_xcom to 2021-01-01T00:00:00+00:00, run_after=2021-01-01T00:00:00+00:00
[2023-03-04T10:47:11.478+0530] {processor.py:175} INFO - Processing /home/ris/PycharmProjects/pythonProject/USA-housing/venv/lib/python3.10/site-packages/airflow/example_dags/example_xcom.py took 0.125 seconds
[2023-03-04T10:48:05.767+0530] {processor.py:153} INFO - Started process (PID=34075) to work on /home/ris/PycharmProjects/pythonProject/USA-housing/venv/lib/python3.10/site-packages/airflow/example_dags/example_xcom.py
[2023-03-04T10:48:05.770+0530] {processor.py:743} INFO - Processing file /home/ris/PycharmProjects/pythonProject/USA-housing/venv/lib/python3.10/site-packages/airflow/example_dags/example_xcom.py for tasks to queue
[2023-03-04T10:48:05.770+0530] {logging_mixin.py:137} INFO - [2023-03-04T10:48:05.770+0530] {dagbag.py:538} INFO - Filling up the DagBag from /home/ris/PycharmProjects/pythonProject/USA-housing/venv/lib/python3.10/site-packages/airflow/example_dags/example_xcom.py
[2023-03-04T10:48:05.793+0530] {processor.py:753} INFO - DAG(s) dict_keys(['example_xcom']) retrieved from /home/ris/PycharmProjects/pythonProject/USA-housing/venv/lib/python3.10/site-packages/airflow/example_dags/example_xcom.py
[2023-03-04T10:48:05.812+0530] {logging_mixin.py:137} INFO - [2023-03-04T10:48:05.812+0530] {dag.py:2690} INFO - Sync 1 DAGs
[2023-03-04T10:48:05.833+0530] {logging_mixin.py:137} INFO - [2023-03-04T10:48:05.833+0530] {dag.py:3437} INFO - Setting next_dagrun for example_xcom to 2021-01-01T00:00:00+00:00, run_after=2021-01-01T00:00:00+00:00
[2023-03-04T10:48:05.860+0530] {processor.py:175} INFO - Processing /home/ris/PycharmProjects/pythonProject/USA-housing/venv/lib/python3.10/site-packages/airflow/example_dags/example_xcom.py took 0.097 seconds
[2023-03-04T10:48:47.649+0530] {processor.py:153} INFO - Started process (PID=34118) to work on /home/ris/PycharmProjects/pythonProject/USA-housing/venv/lib/python3.10/site-packages/airflow/example_dags/example_xcom.py
[2023-03-04T10:48:47.651+0530] {processor.py:743} INFO - Processing file /home/ris/PycharmProjects/pythonProject/USA-housing/venv/lib/python3.10/site-packages/airflow/example_dags/example_xcom.py for tasks to queue
[2023-03-04T10:48:47.651+0530] {logging_mixin.py:137} INFO - [2023-03-04T10:48:47.651+0530] {dagbag.py:538} INFO - Filling up the DagBag from /home/ris/PycharmProjects/pythonProject/USA-housing/venv/lib/python3.10/site-packages/airflow/example_dags/example_xcom.py
[2023-03-04T10:48:47.673+0530] {processor.py:753} INFO - DAG(s) dict_keys(['example_xcom']) retrieved from /home/ris/PycharmProjects/pythonProject/USA-housing/venv/lib/python3.10/site-packages/airflow/example_dags/example_xcom.py
[2023-03-04T10:48:47.691+0530] {logging_mixin.py:137} INFO - [2023-03-04T10:48:47.691+0530] {dag.py:2690} INFO - Sync 1 DAGs
[2023-03-04T10:48:47.711+0530] {logging_mixin.py:137} INFO - [2023-03-04T10:48:47.711+0530] {dag.py:3437} INFO - Setting next_dagrun for example_xcom to 2021-01-01T00:00:00+00:00, run_after=2021-01-01T00:00:00+00:00
[2023-03-04T10:48:47.733+0530] {processor.py:175} INFO - Processing /home/ris/PycharmProjects/pythonProject/USA-housing/venv/lib/python3.10/site-packages/airflow/example_dags/example_xcom.py took 0.087 seconds
[2023-03-04T10:49:33.405+0530] {processor.py:153} INFO - Started process (PID=34180) to work on /home/ris/PycharmProjects/pythonProject/USA-housing/venv/lib/python3.10/site-packages/airflow/example_dags/example_xcom.py
[2023-03-04T10:49:33.407+0530] {processor.py:743} INFO - Processing file /home/ris/PycharmProjects/pythonProject/USA-housing/venv/lib/python3.10/site-packages/airflow/example_dags/example_xcom.py for tasks to queue
[2023-03-04T10:49:33.407+0530] {logging_mixin.py:137} INFO - [2023-03-04T10:49:33.407+0530] {dagbag.py:538} INFO - Filling up the DagBag from /home/ris/PycharmProjects/pythonProject/USA-housing/venv/lib/python3.10/site-packages/airflow/example_dags/example_xcom.py
[2023-03-04T10:49:33.433+0530] {processor.py:753} INFO - DAG(s) dict_keys(['example_xcom']) retrieved from /home/ris/PycharmProjects/pythonProject/USA-housing/venv/lib/python3.10/site-packages/airflow/example_dags/example_xcom.py
[2023-03-04T10:49:33.455+0530] {logging_mixin.py:137} INFO - [2023-03-04T10:49:33.454+0530] {dag.py:2690} INFO - Sync 1 DAGs
[2023-03-04T10:49:33.476+0530] {logging_mixin.py:137} INFO - [2023-03-04T10:49:33.476+0530] {dag.py:3437} INFO - Setting next_dagrun for example_xcom to 2021-01-01T00:00:00+00:00, run_after=2021-01-01T00:00:00+00:00
[2023-03-04T10:49:33.503+0530] {processor.py:175} INFO - Processing /home/ris/PycharmProjects/pythonProject/USA-housing/venv/lib/python3.10/site-packages/airflow/example_dags/example_xcom.py took 0.101 seconds
[2023-03-04T10:50:21.965+0530] {processor.py:153} INFO - Started process (PID=34285) to work on /home/ris/PycharmProjects/pythonProject/USA-housing/venv/lib/python3.10/site-packages/airflow/example_dags/example_xcom.py
[2023-03-04T10:50:21.967+0530] {processor.py:743} INFO - Processing file /home/ris/PycharmProjects/pythonProject/USA-housing/venv/lib/python3.10/site-packages/airflow/example_dags/example_xcom.py for tasks to queue
[2023-03-04T10:50:21.968+0530] {logging_mixin.py:137} INFO - [2023-03-04T10:50:21.968+0530] {dagbag.py:538} INFO - Filling up the DagBag from /home/ris/PycharmProjects/pythonProject/USA-housing/venv/lib/python3.10/site-packages/airflow/example_dags/example_xcom.py
[2023-03-04T10:50:21.998+0530] {processor.py:753} INFO - DAG(s) dict_keys(['example_xcom']) retrieved from /home/ris/PycharmProjects/pythonProject/USA-housing/venv/lib/python3.10/site-packages/airflow/example_dags/example_xcom.py
[2023-03-04T10:50:22.023+0530] {logging_mixin.py:137} INFO - [2023-03-04T10:50:22.023+0530] {dag.py:2690} INFO - Sync 1 DAGs
[2023-03-04T10:50:22.052+0530] {logging_mixin.py:137} INFO - [2023-03-04T10:50:22.052+0530] {dag.py:3437} INFO - Setting next_dagrun for example_xcom to 2021-01-01T00:00:00+00:00, run_after=2021-01-01T00:00:00+00:00
[2023-03-04T10:50:22.076+0530] {processor.py:175} INFO - Processing /home/ris/PycharmProjects/pythonProject/USA-housing/venv/lib/python3.10/site-packages/airflow/example_dags/example_xcom.py took 0.114 seconds
[2023-03-04T10:51:11.882+0530] {processor.py:153} INFO - Started process (PID=34356) to work on /home/ris/PycharmProjects/pythonProject/USA-housing/venv/lib/python3.10/site-packages/airflow/example_dags/example_xcom.py
[2023-03-04T10:51:11.884+0530] {processor.py:743} INFO - Processing file /home/ris/PycharmProjects/pythonProject/USA-housing/venv/lib/python3.10/site-packages/airflow/example_dags/example_xcom.py for tasks to queue
[2023-03-04T10:51:11.885+0530] {logging_mixin.py:137} INFO - [2023-03-04T10:51:11.885+0530] {dagbag.py:538} INFO - Filling up the DagBag from /home/ris/PycharmProjects/pythonProject/USA-housing/venv/lib/python3.10/site-packages/airflow/example_dags/example_xcom.py
[2023-03-04T10:51:11.931+0530] {processor.py:753} INFO - DAG(s) dict_keys(['example_xcom']) retrieved from /home/ris/PycharmProjects/pythonProject/USA-housing/venv/lib/python3.10/site-packages/airflow/example_dags/example_xcom.py
[2023-03-04T10:51:11.950+0530] {logging_mixin.py:137} INFO - [2023-03-04T10:51:11.950+0530] {dag.py:2690} INFO - Sync 1 DAGs
[2023-03-04T10:51:11.970+0530] {logging_mixin.py:137} INFO - [2023-03-04T10:51:11.969+0530] {dag.py:3437} INFO - Setting next_dagrun for example_xcom to 2021-01-01T00:00:00+00:00, run_after=2021-01-01T00:00:00+00:00
[2023-03-04T10:51:11.992+0530] {processor.py:175} INFO - Processing /home/ris/PycharmProjects/pythonProject/USA-housing/venv/lib/python3.10/site-packages/airflow/example_dags/example_xcom.py took 0.115 seconds
[2023-03-04T10:51:57.824+0530] {processor.py:153} INFO - Started process (PID=34430) to work on /home/ris/PycharmProjects/pythonProject/USA-housing/venv/lib/python3.10/site-packages/airflow/example_dags/example_xcom.py
[2023-03-04T10:51:57.830+0530] {processor.py:743} INFO - Processing file /home/ris/PycharmProjects/pythonProject/USA-housing/venv/lib/python3.10/site-packages/airflow/example_dags/example_xcom.py for tasks to queue
[2023-03-04T10:51:57.833+0530] {logging_mixin.py:137} INFO - [2023-03-04T10:51:57.831+0530] {dagbag.py:538} INFO - Filling up the DagBag from /home/ris/PycharmProjects/pythonProject/USA-housing/venv/lib/python3.10/site-packages/airflow/example_dags/example_xcom.py
[2023-03-04T10:51:57.920+0530] {processor.py:753} INFO - DAG(s) dict_keys(['example_xcom']) retrieved from /home/ris/PycharmProjects/pythonProject/USA-housing/venv/lib/python3.10/site-packages/airflow/example_dags/example_xcom.py
[2023-03-04T10:51:57.964+0530] {logging_mixin.py:137} INFO - [2023-03-04T10:51:57.964+0530] {dag.py:2690} INFO - Sync 1 DAGs
[2023-03-04T10:51:58.024+0530] {logging_mixin.py:137} INFO - [2023-03-04T10:51:58.024+0530] {dag.py:3437} INFO - Setting next_dagrun for example_xcom to 2021-01-01T00:00:00+00:00, run_after=2021-01-01T00:00:00+00:00
[2023-03-04T10:51:58.087+0530] {processor.py:175} INFO - Processing /home/ris/PycharmProjects/pythonProject/USA-housing/venv/lib/python3.10/site-packages/airflow/example_dags/example_xcom.py took 0.269 seconds
[2023-03-04T10:52:51.514+0530] {processor.py:153} INFO - Started process (PID=34488) to work on /home/ris/PycharmProjects/pythonProject/USA-housing/venv/lib/python3.10/site-packages/airflow/example_dags/example_xcom.py
[2023-03-04T10:52:51.517+0530] {processor.py:743} INFO - Processing file /home/ris/PycharmProjects/pythonProject/USA-housing/venv/lib/python3.10/site-packages/airflow/example_dags/example_xcom.py for tasks to queue
[2023-03-04T10:52:51.519+0530] {logging_mixin.py:137} INFO - [2023-03-04T10:52:51.518+0530] {dagbag.py:538} INFO - Filling up the DagBag from /home/ris/PycharmProjects/pythonProject/USA-housing/venv/lib/python3.10/site-packages/airflow/example_dags/example_xcom.py
[2023-03-04T10:52:51.555+0530] {processor.py:753} INFO - DAG(s) dict_keys(['example_xcom']) retrieved from /home/ris/PycharmProjects/pythonProject/USA-housing/venv/lib/python3.10/site-packages/airflow/example_dags/example_xcom.py
[2023-03-04T10:52:51.576+0530] {logging_mixin.py:137} INFO - [2023-03-04T10:52:51.576+0530] {dag.py:2690} INFO - Sync 1 DAGs
[2023-03-04T10:52:51.603+0530] {logging_mixin.py:137} INFO - [2023-03-04T10:52:51.603+0530] {dag.py:3437} INFO - Setting next_dagrun for example_xcom to 2021-01-01T00:00:00+00:00, run_after=2021-01-01T00:00:00+00:00
[2023-03-04T10:52:51.626+0530] {processor.py:175} INFO - Processing /home/ris/PycharmProjects/pythonProject/USA-housing/venv/lib/python3.10/site-packages/airflow/example_dags/example_xcom.py took 0.117 seconds
[2023-03-04T10:53:47.394+0530] {processor.py:153} INFO - Started process (PID=34695) to work on /home/ris/PycharmProjects/pythonProject/USA-housing/venv/lib/python3.10/site-packages/airflow/example_dags/example_xcom.py
[2023-03-04T10:53:47.396+0530] {processor.py:743} INFO - Processing file /home/ris/PycharmProjects/pythonProject/USA-housing/venv/lib/python3.10/site-packages/airflow/example_dags/example_xcom.py for tasks to queue
[2023-03-04T10:53:47.396+0530] {logging_mixin.py:137} INFO - [2023-03-04T10:53:47.396+0530] {dagbag.py:538} INFO - Filling up the DagBag from /home/ris/PycharmProjects/pythonProject/USA-housing/venv/lib/python3.10/site-packages/airflow/example_dags/example_xcom.py
[2023-03-04T10:53:47.443+0530] {processor.py:753} INFO - DAG(s) dict_keys(['example_xcom']) retrieved from /home/ris/PycharmProjects/pythonProject/USA-housing/venv/lib/python3.10/site-packages/airflow/example_dags/example_xcom.py
[2023-03-04T10:53:47.465+0530] {logging_mixin.py:137} INFO - [2023-03-04T10:53:47.465+0530] {dag.py:2690} INFO - Sync 1 DAGs
[2023-03-04T10:53:47.490+0530] {logging_mixin.py:137} INFO - [2023-03-04T10:53:47.489+0530] {dag.py:3437} INFO - Setting next_dagrun for example_xcom to 2021-01-01T00:00:00+00:00, run_after=2021-01-01T00:00:00+00:00
[2023-03-04T10:53:47.510+0530] {processor.py:175} INFO - Processing /home/ris/PycharmProjects/pythonProject/USA-housing/venv/lib/python3.10/site-packages/airflow/example_dags/example_xcom.py took 0.119 seconds
[2023-03-04T10:54:41.206+0530] {processor.py:153} INFO - Started process (PID=34779) to work on /home/ris/PycharmProjects/pythonProject/USA-housing/venv/lib/python3.10/site-packages/airflow/example_dags/example_xcom.py
[2023-03-04T10:54:41.207+0530] {processor.py:743} INFO - Processing file /home/ris/PycharmProjects/pythonProject/USA-housing/venv/lib/python3.10/site-packages/airflow/example_dags/example_xcom.py for tasks to queue
[2023-03-04T10:54:41.208+0530] {logging_mixin.py:137} INFO - [2023-03-04T10:54:41.208+0530] {dagbag.py:538} INFO - Filling up the DagBag from /home/ris/PycharmProjects/pythonProject/USA-housing/venv/lib/python3.10/site-packages/airflow/example_dags/example_xcom.py
[2023-03-04T10:54:41.240+0530] {processor.py:753} INFO - DAG(s) dict_keys(['example_xcom']) retrieved from /home/ris/PycharmProjects/pythonProject/USA-housing/venv/lib/python3.10/site-packages/airflow/example_dags/example_xcom.py
[2023-03-04T10:54:41.264+0530] {logging_mixin.py:137} INFO - [2023-03-04T10:54:41.263+0530] {dag.py:2690} INFO - Sync 1 DAGs
[2023-03-04T10:54:41.326+0530] {logging_mixin.py:137} INFO - [2023-03-04T10:54:41.325+0530] {dag.py:3437} INFO - Setting next_dagrun for example_xcom to 2021-01-01T00:00:00+00:00, run_after=2021-01-01T00:00:00+00:00
[2023-03-04T10:54:41.349+0530] {processor.py:175} INFO - Processing /home/ris/PycharmProjects/pythonProject/USA-housing/venv/lib/python3.10/site-packages/airflow/example_dags/example_xcom.py took 0.149 seconds
[2023-03-04T10:55:25.615+0530] {processor.py:153} INFO - Started process (PID=34836) to work on /home/ris/PycharmProjects/pythonProject/USA-housing/venv/lib/python3.10/site-packages/airflow/example_dags/example_xcom.py
[2023-03-04T10:55:25.616+0530] {processor.py:743} INFO - Processing file /home/ris/PycharmProjects/pythonProject/USA-housing/venv/lib/python3.10/site-packages/airflow/example_dags/example_xcom.py for tasks to queue
[2023-03-04T10:55:25.617+0530] {logging_mixin.py:137} INFO - [2023-03-04T10:55:25.617+0530] {dagbag.py:538} INFO - Filling up the DagBag from /home/ris/PycharmProjects/pythonProject/USA-housing/venv/lib/python3.10/site-packages/airflow/example_dags/example_xcom.py
[2023-03-04T10:55:25.647+0530] {processor.py:753} INFO - DAG(s) dict_keys(['example_xcom']) retrieved from /home/ris/PycharmProjects/pythonProject/USA-housing/venv/lib/python3.10/site-packages/airflow/example_dags/example_xcom.py
[2023-03-04T10:55:25.667+0530] {logging_mixin.py:137} INFO - [2023-03-04T10:55:25.667+0530] {dag.py:2690} INFO - Sync 1 DAGs
[2023-03-04T10:55:25.686+0530] {logging_mixin.py:137} INFO - [2023-03-04T10:55:25.685+0530] {dag.py:3437} INFO - Setting next_dagrun for example_xcom to 2021-01-01T00:00:00+00:00, run_after=2021-01-01T00:00:00+00:00
[2023-03-04T10:55:25.706+0530] {processor.py:175} INFO - Processing /home/ris/PycharmProjects/pythonProject/USA-housing/venv/lib/python3.10/site-packages/airflow/example_dags/example_xcom.py took 0.094 seconds
[2023-03-04T10:56:07.283+0530] {processor.py:153} INFO - Started process (PID=34893) to work on /home/ris/PycharmProjects/pythonProject/USA-housing/venv/lib/python3.10/site-packages/airflow/example_dags/example_xcom.py
[2023-03-04T10:56:07.285+0530] {processor.py:743} INFO - Processing file /home/ris/PycharmProjects/pythonProject/USA-housing/venv/lib/python3.10/site-packages/airflow/example_dags/example_xcom.py for tasks to queue
[2023-03-04T10:56:07.286+0530] {logging_mixin.py:137} INFO - [2023-03-04T10:56:07.286+0530] {dagbag.py:538} INFO - Filling up the DagBag from /home/ris/PycharmProjects/pythonProject/USA-housing/venv/lib/python3.10/site-packages/airflow/example_dags/example_xcom.py
[2023-03-04T10:56:07.333+0530] {processor.py:753} INFO - DAG(s) dict_keys(['example_xcom']) retrieved from /home/ris/PycharmProjects/pythonProject/USA-housing/venv/lib/python3.10/site-packages/airflow/example_dags/example_xcom.py
[2023-03-04T10:56:07.350+0530] {logging_mixin.py:137} INFO - [2023-03-04T10:56:07.350+0530] {dag.py:2690} INFO - Sync 1 DAGs
[2023-03-04T10:56:07.369+0530] {logging_mixin.py:137} INFO - [2023-03-04T10:56:07.369+0530] {dag.py:3437} INFO - Setting next_dagrun for example_xcom to 2021-01-01T00:00:00+00:00, run_after=2021-01-01T00:00:00+00:00
[2023-03-04T10:56:07.388+0530] {processor.py:175} INFO - Processing /home/ris/PycharmProjects/pythonProject/USA-housing/venv/lib/python3.10/site-packages/airflow/example_dags/example_xcom.py took 0.110 seconds
[2023-03-04T10:56:50.517+0530] {processor.py:153} INFO - Started process (PID=34968) to work on /home/ris/PycharmProjects/pythonProject/USA-housing/venv/lib/python3.10/site-packages/airflow/example_dags/example_xcom.py
[2023-03-04T10:56:50.519+0530] {processor.py:743} INFO - Processing file /home/ris/PycharmProjects/pythonProject/USA-housing/venv/lib/python3.10/site-packages/airflow/example_dags/example_xcom.py for tasks to queue
[2023-03-04T10:56:50.519+0530] {logging_mixin.py:137} INFO - [2023-03-04T10:56:50.519+0530] {dagbag.py:538} INFO - Filling up the DagBag from /home/ris/PycharmProjects/pythonProject/USA-housing/venv/lib/python3.10/site-packages/airflow/example_dags/example_xcom.py
[2023-03-04T10:56:50.544+0530] {processor.py:753} INFO - DAG(s) dict_keys(['example_xcom']) retrieved from /home/ris/PycharmProjects/pythonProject/USA-housing/venv/lib/python3.10/site-packages/airflow/example_dags/example_xcom.py
[2023-03-04T10:56:50.567+0530] {logging_mixin.py:137} INFO - [2023-03-04T10:56:50.567+0530] {dag.py:2690} INFO - Sync 1 DAGs
[2023-03-04T10:56:50.584+0530] {logging_mixin.py:137} INFO - [2023-03-04T10:56:50.584+0530] {dag.py:3437} INFO - Setting next_dagrun for example_xcom to 2021-01-01T00:00:00+00:00, run_after=2021-01-01T00:00:00+00:00
[2023-03-04T10:56:50.609+0530] {processor.py:175} INFO - Processing /home/ris/PycharmProjects/pythonProject/USA-housing/venv/lib/python3.10/site-packages/airflow/example_dags/example_xcom.py took 0.096 seconds
[2023-03-04T10:57:43.976+0530] {processor.py:153} INFO - Started process (PID=35044) to work on /home/ris/PycharmProjects/pythonProject/USA-housing/venv/lib/python3.10/site-packages/airflow/example_dags/example_xcom.py
[2023-03-04T10:57:43.978+0530] {processor.py:743} INFO - Processing file /home/ris/PycharmProjects/pythonProject/USA-housing/venv/lib/python3.10/site-packages/airflow/example_dags/example_xcom.py for tasks to queue
[2023-03-04T10:57:43.979+0530] {logging_mixin.py:137} INFO - [2023-03-04T10:57:43.978+0530] {dagbag.py:538} INFO - Filling up the DagBag from /home/ris/PycharmProjects/pythonProject/USA-housing/venv/lib/python3.10/site-packages/airflow/example_dags/example_xcom.py
[2023-03-04T10:57:44.002+0530] {processor.py:753} INFO - DAG(s) dict_keys(['example_xcom']) retrieved from /home/ris/PycharmProjects/pythonProject/USA-housing/venv/lib/python3.10/site-packages/airflow/example_dags/example_xcom.py
[2023-03-04T10:57:44.021+0530] {logging_mixin.py:137} INFO - [2023-03-04T10:57:44.021+0530] {dag.py:2690} INFO - Sync 1 DAGs
[2023-03-04T10:57:44.043+0530] {logging_mixin.py:137} INFO - [2023-03-04T10:57:44.043+0530] {dag.py:3437} INFO - Setting next_dagrun for example_xcom to 2021-01-01T00:00:00+00:00, run_after=2021-01-01T00:00:00+00:00
[2023-03-04T10:57:44.068+0530] {processor.py:175} INFO - Processing /home/ris/PycharmProjects/pythonProject/USA-housing/venv/lib/python3.10/site-packages/airflow/example_dags/example_xcom.py took 0.097 seconds
[2023-03-04T11:01:28.608+0530] {processor.py:153} INFO - Started process (PID=35206) to work on /home/ris/PycharmProjects/pythonProject/USA-housing/venv/lib/python3.10/site-packages/airflow/example_dags/example_xcom.py
[2023-03-04T11:01:28.610+0530] {processor.py:743} INFO - Processing file /home/ris/PycharmProjects/pythonProject/USA-housing/venv/lib/python3.10/site-packages/airflow/example_dags/example_xcom.py for tasks to queue
[2023-03-04T11:01:28.611+0530] {logging_mixin.py:137} INFO - [2023-03-04T11:01:28.611+0530] {dagbag.py:538} INFO - Filling up the DagBag from /home/ris/PycharmProjects/pythonProject/USA-housing/venv/lib/python3.10/site-packages/airflow/example_dags/example_xcom.py
[2023-03-04T11:01:28.661+0530] {processor.py:753} INFO - DAG(s) dict_keys(['example_xcom']) retrieved from /home/ris/PycharmProjects/pythonProject/USA-housing/venv/lib/python3.10/site-packages/airflow/example_dags/example_xcom.py
[2023-03-04T11:01:28.683+0530] {logging_mixin.py:137} INFO - [2023-03-04T11:01:28.683+0530] {dag.py:2690} INFO - Sync 1 DAGs
[2023-03-04T11:01:28.703+0530] {logging_mixin.py:137} INFO - [2023-03-04T11:01:28.703+0530] {dag.py:3437} INFO - Setting next_dagrun for example_xcom to 2021-01-01T00:00:00+00:00, run_after=2021-01-01T00:00:00+00:00
[2023-03-04T11:01:28.728+0530] {processor.py:175} INFO - Processing /home/ris/PycharmProjects/pythonProject/USA-housing/venv/lib/python3.10/site-packages/airflow/example_dags/example_xcom.py took 0.126 seconds
