[2023-03-04T09:23:42.888+0530] {processor.py:153} INFO - Started process (PID=29717) to work on /home/ris/PycharmProjects/pythonProject/USA-housing/venv/lib/python3.10/site-packages/airflow/example_dags/example_branch_python_dop_operator_3.py
[2023-03-04T09:23:42.889+0530] {processor.py:743} INFO - Processing file /home/ris/PycharmProjects/pythonProject/USA-housing/venv/lib/python3.10/site-packages/airflow/example_dags/example_branch_python_dop_operator_3.py for tasks to queue
[2023-03-04T09:23:42.891+0530] {logging_mixin.py:137} INFO - [2023-03-04T09:23:42.890+0530] {dagbag.py:538} INFO - Filling up the DagBag from /home/ris/PycharmProjects/pythonProject/USA-housing/venv/lib/python3.10/site-packages/airflow/example_dags/example_branch_python_dop_operator_3.py
[2023-03-04T09:23:42.932+0530] {processor.py:753} INFO - DAG(s) dict_keys(['example_branch_dop_operator_v3']) retrieved from /home/ris/PycharmProjects/pythonProject/USA-housing/venv/lib/python3.10/site-packages/airflow/example_dags/example_branch_python_dop_operator_3.py
[2023-03-04T09:23:42.947+0530] {logging_mixin.py:137} INFO - [2023-03-04T09:23:42.947+0530] {dag.py:2690} INFO - Sync 1 DAGs
[2023-03-04T09:23:42.967+0530] {logging_mixin.py:137} INFO - [2023-03-04T09:23:42.967+0530] {dag.py:3437} INFO - Setting next_dagrun for example_branch_dop_operator_v3 to 2023-03-04T03:52:00+00:00, run_after=2023-03-04T03:53:00+00:00
[2023-03-04T09:23:42.988+0530] {processor.py:175} INFO - Processing /home/ris/PycharmProjects/pythonProject/USA-housing/venv/lib/python3.10/site-packages/airflow/example_dags/example_branch_python_dop_operator_3.py took 0.104 seconds
[2023-03-04T09:24:24.924+0530] {processor.py:153} INFO - Started process (PID=29758) to work on /home/ris/PycharmProjects/pythonProject/USA-housing/venv/lib/python3.10/site-packages/airflow/example_dags/example_branch_python_dop_operator_3.py
[2023-03-04T09:24:24.925+0530] {processor.py:743} INFO - Processing file /home/ris/PycharmProjects/pythonProject/USA-housing/venv/lib/python3.10/site-packages/airflow/example_dags/example_branch_python_dop_operator_3.py for tasks to queue
[2023-03-04T09:24:24.926+0530] {logging_mixin.py:137} INFO - [2023-03-04T09:24:24.926+0530] {dagbag.py:538} INFO - Filling up the DagBag from /home/ris/PycharmProjects/pythonProject/USA-housing/venv/lib/python3.10/site-packages/airflow/example_dags/example_branch_python_dop_operator_3.py
[2023-03-04T09:24:24.968+0530] {processor.py:753} INFO - DAG(s) dict_keys(['example_branch_dop_operator_v3']) retrieved from /home/ris/PycharmProjects/pythonProject/USA-housing/venv/lib/python3.10/site-packages/airflow/example_dags/example_branch_python_dop_operator_3.py
[2023-03-04T09:24:24.983+0530] {logging_mixin.py:137} INFO - [2023-03-04T09:24:24.983+0530] {dag.py:2690} INFO - Sync 1 DAGs
[2023-03-04T09:24:25.004+0530] {logging_mixin.py:137} INFO - [2023-03-04T09:24:25.004+0530] {dag.py:3437} INFO - Setting next_dagrun for example_branch_dop_operator_v3 to 2023-03-04T03:53:00+00:00, run_after=2023-03-04T03:54:00+00:00
[2023-03-04T09:24:25.022+0530] {processor.py:175} INFO - Processing /home/ris/PycharmProjects/pythonProject/USA-housing/venv/lib/python3.10/site-packages/airflow/example_dags/example_branch_python_dop_operator_3.py took 0.103 seconds
[2023-03-04T09:25:11.780+0530] {processor.py:153} INFO - Started process (PID=29810) to work on /home/ris/PycharmProjects/pythonProject/USA-housing/venv/lib/python3.10/site-packages/airflow/example_dags/example_branch_python_dop_operator_3.py
[2023-03-04T09:25:11.782+0530] {processor.py:743} INFO - Processing file /home/ris/PycharmProjects/pythonProject/USA-housing/venv/lib/python3.10/site-packages/airflow/example_dags/example_branch_python_dop_operator_3.py for tasks to queue
[2023-03-04T09:25:11.783+0530] {logging_mixin.py:137} INFO - [2023-03-04T09:25:11.782+0530] {dagbag.py:538} INFO - Filling up the DagBag from /home/ris/PycharmProjects/pythonProject/USA-housing/venv/lib/python3.10/site-packages/airflow/example_dags/example_branch_python_dop_operator_3.py
[2023-03-04T09:25:11.824+0530] {processor.py:753} INFO - DAG(s) dict_keys(['example_branch_dop_operator_v3']) retrieved from /home/ris/PycharmProjects/pythonProject/USA-housing/venv/lib/python3.10/site-packages/airflow/example_dags/example_branch_python_dop_operator_3.py
[2023-03-04T09:25:11.839+0530] {logging_mixin.py:137} INFO - [2023-03-04T09:25:11.839+0530] {dag.py:2690} INFO - Sync 1 DAGs
[2023-03-04T09:25:11.860+0530] {logging_mixin.py:137} INFO - [2023-03-04T09:25:11.860+0530] {dag.py:3437} INFO - Setting next_dagrun for example_branch_dop_operator_v3 to 2023-03-04T03:54:00+00:00, run_after=2023-03-04T03:55:00+00:00
[2023-03-04T09:25:11.877+0530] {processor.py:175} INFO - Processing /home/ris/PycharmProjects/pythonProject/USA-housing/venv/lib/python3.10/site-packages/airflow/example_dags/example_branch_python_dop_operator_3.py took 0.102 seconds
[2023-03-04T09:25:56.218+0530] {processor.py:153} INFO - Started process (PID=30085) to work on /home/ris/PycharmProjects/pythonProject/USA-housing/venv/lib/python3.10/site-packages/airflow/example_dags/example_branch_python_dop_operator_3.py
[2023-03-04T09:25:56.220+0530] {processor.py:743} INFO - Processing file /home/ris/PycharmProjects/pythonProject/USA-housing/venv/lib/python3.10/site-packages/airflow/example_dags/example_branch_python_dop_operator_3.py for tasks to queue
[2023-03-04T09:25:56.221+0530] {logging_mixin.py:137} INFO - [2023-03-04T09:25:56.221+0530] {dagbag.py:538} INFO - Filling up the DagBag from /home/ris/PycharmProjects/pythonProject/USA-housing/venv/lib/python3.10/site-packages/airflow/example_dags/example_branch_python_dop_operator_3.py
[2023-03-04T09:25:56.264+0530] {processor.py:753} INFO - DAG(s) dict_keys(['example_branch_dop_operator_v3']) retrieved from /home/ris/PycharmProjects/pythonProject/USA-housing/venv/lib/python3.10/site-packages/airflow/example_dags/example_branch_python_dop_operator_3.py
[2023-03-04T09:25:56.287+0530] {logging_mixin.py:137} INFO - [2023-03-04T09:25:56.287+0530] {dag.py:2690} INFO - Sync 1 DAGs
[2023-03-04T09:25:56.315+0530] {logging_mixin.py:137} INFO - [2023-03-04T09:25:56.315+0530] {dag.py:3437} INFO - Setting next_dagrun for example_branch_dop_operator_v3 to 2023-03-04T03:54:00+00:00, run_after=2023-03-04T03:55:00+00:00
[2023-03-04T09:25:56.346+0530] {processor.py:175} INFO - Processing /home/ris/PycharmProjects/pythonProject/USA-housing/venv/lib/python3.10/site-packages/airflow/example_dags/example_branch_python_dop_operator_3.py took 0.132 seconds
[2023-03-04T09:26:45.622+0530] {processor.py:153} INFO - Started process (PID=30139) to work on /home/ris/PycharmProjects/pythonProject/USA-housing/venv/lib/python3.10/site-packages/airflow/example_dags/example_branch_python_dop_operator_3.py
[2023-03-04T09:26:45.624+0530] {processor.py:743} INFO - Processing file /home/ris/PycharmProjects/pythonProject/USA-housing/venv/lib/python3.10/site-packages/airflow/example_dags/example_branch_python_dop_operator_3.py for tasks to queue
[2023-03-04T09:26:45.624+0530] {logging_mixin.py:137} INFO - [2023-03-04T09:26:45.624+0530] {dagbag.py:538} INFO - Filling up the DagBag from /home/ris/PycharmProjects/pythonProject/USA-housing/venv/lib/python3.10/site-packages/airflow/example_dags/example_branch_python_dop_operator_3.py
[2023-03-04T09:26:45.644+0530] {processor.py:753} INFO - DAG(s) dict_keys(['example_branch_dop_operator_v3']) retrieved from /home/ris/PycharmProjects/pythonProject/USA-housing/venv/lib/python3.10/site-packages/airflow/example_dags/example_branch_python_dop_operator_3.py
[2023-03-04T09:26:45.659+0530] {logging_mixin.py:137} INFO - [2023-03-04T09:26:45.659+0530] {dag.py:2690} INFO - Sync 1 DAGs
[2023-03-04T09:26:45.679+0530] {logging_mixin.py:137} INFO - [2023-03-04T09:26:45.679+0530] {dag.py:3437} INFO - Setting next_dagrun for example_branch_dop_operator_v3 to 2023-03-04T03:55:00+00:00, run_after=2023-03-04T03:56:00+00:00
[2023-03-04T09:26:45.696+0530] {processor.py:175} INFO - Processing /home/ris/PycharmProjects/pythonProject/USA-housing/venv/lib/python3.10/site-packages/airflow/example_dags/example_branch_python_dop_operator_3.py took 0.076 seconds
[2023-03-04T09:27:35.980+0530] {processor.py:153} INFO - Started process (PID=30189) to work on /home/ris/PycharmProjects/pythonProject/USA-housing/venv/lib/python3.10/site-packages/airflow/example_dags/example_branch_python_dop_operator_3.py
[2023-03-04T09:27:35.983+0530] {processor.py:743} INFO - Processing file /home/ris/PycharmProjects/pythonProject/USA-housing/venv/lib/python3.10/site-packages/airflow/example_dags/example_branch_python_dop_operator_3.py for tasks to queue
[2023-03-04T09:27:35.984+0530] {logging_mixin.py:137} INFO - [2023-03-04T09:27:35.984+0530] {dagbag.py:538} INFO - Filling up the DagBag from /home/ris/PycharmProjects/pythonProject/USA-housing/venv/lib/python3.10/site-packages/airflow/example_dags/example_branch_python_dop_operator_3.py
[2023-03-04T09:27:36.028+0530] {processor.py:753} INFO - DAG(s) dict_keys(['example_branch_dop_operator_v3']) retrieved from /home/ris/PycharmProjects/pythonProject/USA-housing/venv/lib/python3.10/site-packages/airflow/example_dags/example_branch_python_dop_operator_3.py
[2023-03-04T09:27:36.043+0530] {logging_mixin.py:137} INFO - [2023-03-04T09:27:36.042+0530] {dag.py:2690} INFO - Sync 1 DAGs
[2023-03-04T09:27:36.062+0530] {logging_mixin.py:137} INFO - [2023-03-04T09:27:36.062+0530] {dag.py:3437} INFO - Setting next_dagrun for example_branch_dop_operator_v3 to 2023-03-04T03:56:00+00:00, run_after=2023-03-04T03:57:00+00:00
[2023-03-04T09:27:36.079+0530] {processor.py:175} INFO - Processing /home/ris/PycharmProjects/pythonProject/USA-housing/venv/lib/python3.10/site-packages/airflow/example_dags/example_branch_python_dop_operator_3.py took 0.103 seconds
[2023-03-04T09:28:15.363+0530] {processor.py:153} INFO - Started process (PID=30231) to work on /home/ris/PycharmProjects/pythonProject/USA-housing/venv/lib/python3.10/site-packages/airflow/example_dags/example_branch_python_dop_operator_3.py
[2023-03-04T09:28:15.364+0530] {processor.py:743} INFO - Processing file /home/ris/PycharmProjects/pythonProject/USA-housing/venv/lib/python3.10/site-packages/airflow/example_dags/example_branch_python_dop_operator_3.py for tasks to queue
[2023-03-04T09:28:15.365+0530] {logging_mixin.py:137} INFO - [2023-03-04T09:28:15.365+0530] {dagbag.py:538} INFO - Filling up the DagBag from /home/ris/PycharmProjects/pythonProject/USA-housing/venv/lib/python3.10/site-packages/airflow/example_dags/example_branch_python_dop_operator_3.py
[2023-03-04T09:28:15.407+0530] {processor.py:753} INFO - DAG(s) dict_keys(['example_branch_dop_operator_v3']) retrieved from /home/ris/PycharmProjects/pythonProject/USA-housing/venv/lib/python3.10/site-packages/airflow/example_dags/example_branch_python_dop_operator_3.py
[2023-03-04T09:28:15.422+0530] {logging_mixin.py:137} INFO - [2023-03-04T09:28:15.422+0530] {dag.py:2690} INFO - Sync 1 DAGs
[2023-03-04T09:28:15.443+0530] {logging_mixin.py:137} INFO - [2023-03-04T09:28:15.443+0530] {dag.py:3437} INFO - Setting next_dagrun for example_branch_dop_operator_v3 to 2023-03-04T03:57:00+00:00, run_after=2023-03-04T03:58:00+00:00
[2023-03-04T09:28:15.460+0530] {processor.py:175} INFO - Processing /home/ris/PycharmProjects/pythonProject/USA-housing/venv/lib/python3.10/site-packages/airflow/example_dags/example_branch_python_dop_operator_3.py took 0.102 seconds
[2023-03-04T09:29:00.228+0530] {processor.py:153} INFO - Started process (PID=30280) to work on /home/ris/PycharmProjects/pythonProject/USA-housing/venv/lib/python3.10/site-packages/airflow/example_dags/example_branch_python_dop_operator_3.py
[2023-03-04T09:29:00.229+0530] {processor.py:743} INFO - Processing file /home/ris/PycharmProjects/pythonProject/USA-housing/venv/lib/python3.10/site-packages/airflow/example_dags/example_branch_python_dop_operator_3.py for tasks to queue
[2023-03-04T09:29:00.230+0530] {logging_mixin.py:137} INFO - [2023-03-04T09:29:00.230+0530] {dagbag.py:538} INFO - Filling up the DagBag from /home/ris/PycharmProjects/pythonProject/USA-housing/venv/lib/python3.10/site-packages/airflow/example_dags/example_branch_python_dop_operator_3.py
[2023-03-04T09:29:00.249+0530] {processor.py:753} INFO - DAG(s) dict_keys(['example_branch_dop_operator_v3']) retrieved from /home/ris/PycharmProjects/pythonProject/USA-housing/venv/lib/python3.10/site-packages/airflow/example_dags/example_branch_python_dop_operator_3.py
[2023-03-04T09:29:00.264+0530] {logging_mixin.py:137} INFO - [2023-03-04T09:29:00.264+0530] {dag.py:2690} INFO - Sync 1 DAGs
[2023-03-04T09:29:00.285+0530] {logging_mixin.py:137} INFO - [2023-03-04T09:29:00.285+0530] {dag.py:3437} INFO - Setting next_dagrun for example_branch_dop_operator_v3 to 2023-03-04T03:58:00+00:00, run_after=2023-03-04T03:59:00+00:00
[2023-03-04T09:29:00.303+0530] {processor.py:175} INFO - Processing /home/ris/PycharmProjects/pythonProject/USA-housing/venv/lib/python3.10/site-packages/airflow/example_dags/example_branch_python_dop_operator_3.py took 0.077 seconds
[2023-03-04T09:29:45.216+0530] {processor.py:153} INFO - Started process (PID=30326) to work on /home/ris/PycharmProjects/pythonProject/USA-housing/venv/lib/python3.10/site-packages/airflow/example_dags/example_branch_python_dop_operator_3.py
[2023-03-04T09:29:45.217+0530] {processor.py:743} INFO - Processing file /home/ris/PycharmProjects/pythonProject/USA-housing/venv/lib/python3.10/site-packages/airflow/example_dags/example_branch_python_dop_operator_3.py for tasks to queue
[2023-03-04T09:29:45.218+0530] {logging_mixin.py:137} INFO - [2023-03-04T09:29:45.218+0530] {dagbag.py:538} INFO - Filling up the DagBag from /home/ris/PycharmProjects/pythonProject/USA-housing/venv/lib/python3.10/site-packages/airflow/example_dags/example_branch_python_dop_operator_3.py
[2023-03-04T09:29:45.260+0530] {processor.py:753} INFO - DAG(s) dict_keys(['example_branch_dop_operator_v3']) retrieved from /home/ris/PycharmProjects/pythonProject/USA-housing/venv/lib/python3.10/site-packages/airflow/example_dags/example_branch_python_dop_operator_3.py
[2023-03-04T09:29:45.276+0530] {logging_mixin.py:137} INFO - [2023-03-04T09:29:45.275+0530] {dag.py:2690} INFO - Sync 1 DAGs
[2023-03-04T09:29:45.295+0530] {logging_mixin.py:137} INFO - [2023-03-04T09:29:45.295+0530] {dag.py:3437} INFO - Setting next_dagrun for example_branch_dop_operator_v3 to 2023-03-04T03:58:00+00:00, run_after=2023-03-04T03:59:00+00:00
[2023-03-04T09:29:45.312+0530] {processor.py:175} INFO - Processing /home/ris/PycharmProjects/pythonProject/USA-housing/venv/lib/python3.10/site-packages/airflow/example_dags/example_branch_python_dop_operator_3.py took 0.101 seconds
[2023-03-04T09:30:35.469+0530] {processor.py:153} INFO - Started process (PID=30380) to work on /home/ris/PycharmProjects/pythonProject/USA-housing/venv/lib/python3.10/site-packages/airflow/example_dags/example_branch_python_dop_operator_3.py
[2023-03-04T09:30:35.471+0530] {processor.py:743} INFO - Processing file /home/ris/PycharmProjects/pythonProject/USA-housing/venv/lib/python3.10/site-packages/airflow/example_dags/example_branch_python_dop_operator_3.py for tasks to queue
[2023-03-04T09:30:35.472+0530] {logging_mixin.py:137} INFO - [2023-03-04T09:30:35.472+0530] {dagbag.py:538} INFO - Filling up the DagBag from /home/ris/PycharmProjects/pythonProject/USA-housing/venv/lib/python3.10/site-packages/airflow/example_dags/example_branch_python_dop_operator_3.py
[2023-03-04T09:30:35.512+0530] {processor.py:753} INFO - DAG(s) dict_keys(['example_branch_dop_operator_v3']) retrieved from /home/ris/PycharmProjects/pythonProject/USA-housing/venv/lib/python3.10/site-packages/airflow/example_dags/example_branch_python_dop_operator_3.py
[2023-03-04T09:30:35.528+0530] {logging_mixin.py:137} INFO - [2023-03-04T09:30:35.528+0530] {dag.py:2690} INFO - Sync 1 DAGs
[2023-03-04T09:30:35.548+0530] {logging_mixin.py:137} INFO - [2023-03-04T09:30:35.548+0530] {dag.py:3437} INFO - Setting next_dagrun for example_branch_dop_operator_v3 to 2023-03-04T03:59:00+00:00, run_after=2023-03-04T04:00:00+00:00
[2023-03-04T09:30:35.565+0530] {processor.py:175} INFO - Processing /home/ris/PycharmProjects/pythonProject/USA-housing/venv/lib/python3.10/site-packages/airflow/example_dags/example_branch_python_dop_operator_3.py took 0.100 seconds
[2023-03-04T09:31:24.553+0530] {processor.py:153} INFO - Started process (PID=30430) to work on /home/ris/PycharmProjects/pythonProject/USA-housing/venv/lib/python3.10/site-packages/airflow/example_dags/example_branch_python_dop_operator_3.py
[2023-03-04T09:31:24.556+0530] {processor.py:743} INFO - Processing file /home/ris/PycharmProjects/pythonProject/USA-housing/venv/lib/python3.10/site-packages/airflow/example_dags/example_branch_python_dop_operator_3.py for tasks to queue
[2023-03-04T09:31:24.557+0530] {logging_mixin.py:137} INFO - [2023-03-04T09:31:24.557+0530] {dagbag.py:538} INFO - Filling up the DagBag from /home/ris/PycharmProjects/pythonProject/USA-housing/venv/lib/python3.10/site-packages/airflow/example_dags/example_branch_python_dop_operator_3.py
[2023-03-04T09:31:24.600+0530] {processor.py:753} INFO - DAG(s) dict_keys(['example_branch_dop_operator_v3']) retrieved from /home/ris/PycharmProjects/pythonProject/USA-housing/venv/lib/python3.10/site-packages/airflow/example_dags/example_branch_python_dop_operator_3.py
[2023-03-04T09:31:24.616+0530] {logging_mixin.py:137} INFO - [2023-03-04T09:31:24.615+0530] {dag.py:2690} INFO - Sync 1 DAGs
[2023-03-04T09:31:24.635+0530] {logging_mixin.py:137} INFO - [2023-03-04T09:31:24.635+0530] {dag.py:3437} INFO - Setting next_dagrun for example_branch_dop_operator_v3 to 2023-03-04T04:00:00+00:00, run_after=2023-03-04T04:01:00+00:00
[2023-03-04T09:31:24.653+0530] {processor.py:175} INFO - Processing /home/ris/PycharmProjects/pythonProject/USA-housing/venv/lib/python3.10/site-packages/airflow/example_dags/example_branch_python_dop_operator_3.py took 0.104 seconds
[2023-03-04T09:32:09.097+0530] {processor.py:153} INFO - Started process (PID=30474) to work on /home/ris/PycharmProjects/pythonProject/USA-housing/venv/lib/python3.10/site-packages/airflow/example_dags/example_branch_python_dop_operator_3.py
[2023-03-04T09:32:09.099+0530] {processor.py:743} INFO - Processing file /home/ris/PycharmProjects/pythonProject/USA-housing/venv/lib/python3.10/site-packages/airflow/example_dags/example_branch_python_dop_operator_3.py for tasks to queue
[2023-03-04T09:32:09.100+0530] {logging_mixin.py:137} INFO - [2023-03-04T09:32:09.100+0530] {dagbag.py:538} INFO - Filling up the DagBag from /home/ris/PycharmProjects/pythonProject/USA-housing/venv/lib/python3.10/site-packages/airflow/example_dags/example_branch_python_dop_operator_3.py
[2023-03-04T09:32:09.124+0530] {processor.py:753} INFO - DAG(s) dict_keys(['example_branch_dop_operator_v3']) retrieved from /home/ris/PycharmProjects/pythonProject/USA-housing/venv/lib/python3.10/site-packages/airflow/example_dags/example_branch_python_dop_operator_3.py
[2023-03-04T09:32:09.139+0530] {logging_mixin.py:137} INFO - [2023-03-04T09:32:09.139+0530] {dag.py:2690} INFO - Sync 1 DAGs
[2023-03-04T09:32:09.158+0530] {logging_mixin.py:137} INFO - [2023-03-04T09:32:09.158+0530] {dag.py:3437} INFO - Setting next_dagrun for example_branch_dop_operator_v3 to 2023-03-04T04:01:00+00:00, run_after=2023-03-04T04:02:00+00:00
[2023-03-04T09:32:09.177+0530] {processor.py:175} INFO - Processing /home/ris/PycharmProjects/pythonProject/USA-housing/venv/lib/python3.10/site-packages/airflow/example_dags/example_branch_python_dop_operator_3.py took 0.084 seconds
[2023-03-04T09:32:57.806+0530] {processor.py:153} INFO - Started process (PID=30523) to work on /home/ris/PycharmProjects/pythonProject/USA-housing/venv/lib/python3.10/site-packages/airflow/example_dags/example_branch_python_dop_operator_3.py
[2023-03-04T09:32:57.808+0530] {processor.py:743} INFO - Processing file /home/ris/PycharmProjects/pythonProject/USA-housing/venv/lib/python3.10/site-packages/airflow/example_dags/example_branch_python_dop_operator_3.py for tasks to queue
[2023-03-04T09:32:57.809+0530] {logging_mixin.py:137} INFO - [2023-03-04T09:32:57.809+0530] {dagbag.py:538} INFO - Filling up the DagBag from /home/ris/PycharmProjects/pythonProject/USA-housing/venv/lib/python3.10/site-packages/airflow/example_dags/example_branch_python_dop_operator_3.py
[2023-03-04T09:32:57.852+0530] {processor.py:753} INFO - DAG(s) dict_keys(['example_branch_dop_operator_v3']) retrieved from /home/ris/PycharmProjects/pythonProject/USA-housing/venv/lib/python3.10/site-packages/airflow/example_dags/example_branch_python_dop_operator_3.py
[2023-03-04T09:32:57.867+0530] {logging_mixin.py:137} INFO - [2023-03-04T09:32:57.867+0530] {dag.py:2690} INFO - Sync 1 DAGs
[2023-03-04T09:32:57.888+0530] {logging_mixin.py:137} INFO - [2023-03-04T09:32:57.888+0530] {dag.py:3437} INFO - Setting next_dagrun for example_branch_dop_operator_v3 to 2023-03-04T04:01:00+00:00, run_after=2023-03-04T04:02:00+00:00
[2023-03-04T09:32:57.905+0530] {processor.py:175} INFO - Processing /home/ris/PycharmProjects/pythonProject/USA-housing/venv/lib/python3.10/site-packages/airflow/example_dags/example_branch_python_dop_operator_3.py took 0.103 seconds
[2023-03-04T09:33:46.992+0530] {processor.py:153} INFO - Started process (PID=30569) to work on /home/ris/PycharmProjects/pythonProject/USA-housing/venv/lib/python3.10/site-packages/airflow/example_dags/example_branch_python_dop_operator_3.py
[2023-03-04T09:33:46.995+0530] {processor.py:743} INFO - Processing file /home/ris/PycharmProjects/pythonProject/USA-housing/venv/lib/python3.10/site-packages/airflow/example_dags/example_branch_python_dop_operator_3.py for tasks to queue
[2023-03-04T09:33:46.996+0530] {logging_mixin.py:137} INFO - [2023-03-04T09:33:46.996+0530] {dagbag.py:538} INFO - Filling up the DagBag from /home/ris/PycharmProjects/pythonProject/USA-housing/venv/lib/python3.10/site-packages/airflow/example_dags/example_branch_python_dop_operator_3.py
[2023-03-04T09:33:47.037+0530] {processor.py:753} INFO - DAG(s) dict_keys(['example_branch_dop_operator_v3']) retrieved from /home/ris/PycharmProjects/pythonProject/USA-housing/venv/lib/python3.10/site-packages/airflow/example_dags/example_branch_python_dop_operator_3.py
[2023-03-04T09:33:47.052+0530] {logging_mixin.py:137} INFO - [2023-03-04T09:33:47.052+0530] {dag.py:2690} INFO - Sync 1 DAGs
[2023-03-04T09:33:47.072+0530] {logging_mixin.py:137} INFO - [2023-03-04T09:33:47.072+0530] {dag.py:3437} INFO - Setting next_dagrun for example_branch_dop_operator_v3 to 2023-03-04T04:02:00+00:00, run_after=2023-03-04T04:03:00+00:00
[2023-03-04T09:33:47.089+0530] {processor.py:175} INFO - Processing /home/ris/PycharmProjects/pythonProject/USA-housing/venv/lib/python3.10/site-packages/airflow/example_dags/example_branch_python_dop_operator_3.py took 0.102 seconds
[2023-03-04T09:34:28.652+0530] {processor.py:153} INFO - Started process (PID=30612) to work on /home/ris/PycharmProjects/pythonProject/USA-housing/venv/lib/python3.10/site-packages/airflow/example_dags/example_branch_python_dop_operator_3.py
[2023-03-04T09:34:28.654+0530] {processor.py:743} INFO - Processing file /home/ris/PycharmProjects/pythonProject/USA-housing/venv/lib/python3.10/site-packages/airflow/example_dags/example_branch_python_dop_operator_3.py for tasks to queue
[2023-03-04T09:34:28.655+0530] {logging_mixin.py:137} INFO - [2023-03-04T09:34:28.655+0530] {dagbag.py:538} INFO - Filling up the DagBag from /home/ris/PycharmProjects/pythonProject/USA-housing/venv/lib/python3.10/site-packages/airflow/example_dags/example_branch_python_dop_operator_3.py
[2023-03-04T09:34:28.697+0530] {processor.py:753} INFO - DAG(s) dict_keys(['example_branch_dop_operator_v3']) retrieved from /home/ris/PycharmProjects/pythonProject/USA-housing/venv/lib/python3.10/site-packages/airflow/example_dags/example_branch_python_dop_operator_3.py
[2023-03-04T09:34:28.712+0530] {logging_mixin.py:137} INFO - [2023-03-04T09:34:28.712+0530] {dag.py:2690} INFO - Sync 1 DAGs
[2023-03-04T09:34:28.732+0530] {logging_mixin.py:137} INFO - [2023-03-04T09:34:28.732+0530] {dag.py:3437} INFO - Setting next_dagrun for example_branch_dop_operator_v3 to 2023-03-04T04:03:00+00:00, run_after=2023-03-04T04:04:00+00:00
[2023-03-04T09:34:28.749+0530] {processor.py:175} INFO - Processing /home/ris/PycharmProjects/pythonProject/USA-housing/venv/lib/python3.10/site-packages/airflow/example_dags/example_branch_python_dop_operator_3.py took 0.102 seconds
[2023-03-04T09:35:11.726+0530] {processor.py:153} INFO - Started process (PID=30660) to work on /home/ris/PycharmProjects/pythonProject/USA-housing/venv/lib/python3.10/site-packages/airflow/example_dags/example_branch_python_dop_operator_3.py
[2023-03-04T09:35:11.728+0530] {processor.py:743} INFO - Processing file /home/ris/PycharmProjects/pythonProject/USA-housing/venv/lib/python3.10/site-packages/airflow/example_dags/example_branch_python_dop_operator_3.py for tasks to queue
[2023-03-04T09:35:11.729+0530] {logging_mixin.py:137} INFO - [2023-03-04T09:35:11.729+0530] {dagbag.py:538} INFO - Filling up the DagBag from /home/ris/PycharmProjects/pythonProject/USA-housing/venv/lib/python3.10/site-packages/airflow/example_dags/example_branch_python_dop_operator_3.py
[2023-03-04T09:35:11.772+0530] {processor.py:753} INFO - DAG(s) dict_keys(['example_branch_dop_operator_v3']) retrieved from /home/ris/PycharmProjects/pythonProject/USA-housing/venv/lib/python3.10/site-packages/airflow/example_dags/example_branch_python_dop_operator_3.py
[2023-03-04T09:35:11.787+0530] {logging_mixin.py:137} INFO - [2023-03-04T09:35:11.787+0530] {dag.py:2690} INFO - Sync 1 DAGs
[2023-03-04T09:35:11.807+0530] {logging_mixin.py:137} INFO - [2023-03-04T09:35:11.807+0530] {dag.py:3437} INFO - Setting next_dagrun for example_branch_dop_operator_v3 to 2023-03-04T04:04:00+00:00, run_after=2023-03-04T04:05:00+00:00
[2023-03-04T09:35:11.824+0530] {processor.py:175} INFO - Processing /home/ris/PycharmProjects/pythonProject/USA-housing/venv/lib/python3.10/site-packages/airflow/example_dags/example_branch_python_dop_operator_3.py took 0.103 seconds
[2023-03-04T09:45:17.690+0530] {processor.py:153} INFO - Started process (PID=30974) to work on /home/ris/PycharmProjects/pythonProject/USA-housing/venv/lib/python3.10/site-packages/airflow/example_dags/example_branch_python_dop_operator_3.py
[2023-03-04T09:45:17.692+0530] {processor.py:743} INFO - Processing file /home/ris/PycharmProjects/pythonProject/USA-housing/venv/lib/python3.10/site-packages/airflow/example_dags/example_branch_python_dop_operator_3.py for tasks to queue
[2023-03-04T09:45:17.693+0530] {logging_mixin.py:137} INFO - [2023-03-04T09:45:17.693+0530] {dagbag.py:538} INFO - Filling up the DagBag from /home/ris/PycharmProjects/pythonProject/USA-housing/venv/lib/python3.10/site-packages/airflow/example_dags/example_branch_python_dop_operator_3.py
[2023-03-04T09:45:17.738+0530] {processor.py:753} INFO - DAG(s) dict_keys(['example_branch_dop_operator_v3']) retrieved from /home/ris/PycharmProjects/pythonProject/USA-housing/venv/lib/python3.10/site-packages/airflow/example_dags/example_branch_python_dop_operator_3.py
[2023-03-04T09:45:17.755+0530] {logging_mixin.py:137} INFO - [2023-03-04T09:45:17.755+0530] {dag.py:2690} INFO - Sync 1 DAGs
[2023-03-04T09:45:17.780+0530] {logging_mixin.py:137} INFO - [2023-03-04T09:45:17.780+0530] {dag.py:3437} INFO - Setting next_dagrun for example_branch_dop_operator_v3 to 2023-03-04T04:14:00+00:00, run_after=2023-03-04T04:15:00+00:00
[2023-03-04T09:45:17.800+0530] {processor.py:175} INFO - Processing /home/ris/PycharmProjects/pythonProject/USA-housing/venv/lib/python3.10/site-packages/airflow/example_dags/example_branch_python_dop_operator_3.py took 0.115 seconds
[2023-03-04T10:25:32.341+0530] {processor.py:153} INFO - Started process (PID=31353) to work on /home/ris/PycharmProjects/pythonProject/USA-housing/venv/lib/python3.10/site-packages/airflow/example_dags/example_branch_python_dop_operator_3.py
[2023-03-04T10:25:32.343+0530] {processor.py:743} INFO - Processing file /home/ris/PycharmProjects/pythonProject/USA-housing/venv/lib/python3.10/site-packages/airflow/example_dags/example_branch_python_dop_operator_3.py for tasks to queue
[2023-03-04T10:25:32.344+0530] {logging_mixin.py:137} INFO - [2023-03-04T10:25:32.344+0530] {dagbag.py:538} INFO - Filling up the DagBag from /home/ris/PycharmProjects/pythonProject/USA-housing/venv/lib/python3.10/site-packages/airflow/example_dags/example_branch_python_dop_operator_3.py
[2023-03-04T10:25:32.388+0530] {processor.py:753} INFO - DAG(s) dict_keys(['example_branch_dop_operator_v3']) retrieved from /home/ris/PycharmProjects/pythonProject/USA-housing/venv/lib/python3.10/site-packages/airflow/example_dags/example_branch_python_dop_operator_3.py
[2023-03-04T10:25:32.403+0530] {logging_mixin.py:137} INFO - [2023-03-04T10:25:32.403+0530] {dag.py:2690} INFO - Sync 1 DAGs
[2023-03-04T10:25:32.424+0530] {logging_mixin.py:137} INFO - [2023-03-04T10:25:32.424+0530] {dag.py:3437} INFO - Setting next_dagrun for example_branch_dop_operator_v3 to 2023-03-04T04:54:00+00:00, run_after=2023-03-04T04:55:00+00:00
[2023-03-04T10:25:32.442+0530] {processor.py:175} INFO - Processing /home/ris/PycharmProjects/pythonProject/USA-housing/venv/lib/python3.10/site-packages/airflow/example_dags/example_branch_python_dop_operator_3.py took 0.106 seconds
[2023-03-04T10:26:16.174+0530] {processor.py:153} INFO - Started process (PID=31398) to work on /home/ris/PycharmProjects/pythonProject/USA-housing/venv/lib/python3.10/site-packages/airflow/example_dags/example_branch_python_dop_operator_3.py
[2023-03-04T10:26:16.176+0530] {processor.py:743} INFO - Processing file /home/ris/PycharmProjects/pythonProject/USA-housing/venv/lib/python3.10/site-packages/airflow/example_dags/example_branch_python_dop_operator_3.py for tasks to queue
[2023-03-04T10:26:16.177+0530] {logging_mixin.py:137} INFO - [2023-03-04T10:26:16.177+0530] {dagbag.py:538} INFO - Filling up the DagBag from /home/ris/PycharmProjects/pythonProject/USA-housing/venv/lib/python3.10/site-packages/airflow/example_dags/example_branch_python_dop_operator_3.py
[2023-03-04T10:26:16.219+0530] {processor.py:753} INFO - DAG(s) dict_keys(['example_branch_dop_operator_v3']) retrieved from /home/ris/PycharmProjects/pythonProject/USA-housing/venv/lib/python3.10/site-packages/airflow/example_dags/example_branch_python_dop_operator_3.py
[2023-03-04T10:26:16.235+0530] {logging_mixin.py:137} INFO - [2023-03-04T10:26:16.235+0530] {dag.py:2690} INFO - Sync 1 DAGs
[2023-03-04T10:26:16.256+0530] {logging_mixin.py:137} INFO - [2023-03-04T10:26:16.256+0530] {dag.py:3437} INFO - Setting next_dagrun for example_branch_dop_operator_v3 to 2023-03-04T04:55:00+00:00, run_after=2023-03-04T04:56:00+00:00
[2023-03-04T10:26:16.278+0530] {processor.py:175} INFO - Processing /home/ris/PycharmProjects/pythonProject/USA-housing/venv/lib/python3.10/site-packages/airflow/example_dags/example_branch_python_dop_operator_3.py took 0.108 seconds
[2023-03-04T10:27:03.521+0530] {processor.py:153} INFO - Started process (PID=31447) to work on /home/ris/PycharmProjects/pythonProject/USA-housing/venv/lib/python3.10/site-packages/airflow/example_dags/example_branch_python_dop_operator_3.py
[2023-03-04T10:27:03.524+0530] {processor.py:743} INFO - Processing file /home/ris/PycharmProjects/pythonProject/USA-housing/venv/lib/python3.10/site-packages/airflow/example_dags/example_branch_python_dop_operator_3.py for tasks to queue
[2023-03-04T10:27:03.525+0530] {logging_mixin.py:137} INFO - [2023-03-04T10:27:03.525+0530] {dagbag.py:538} INFO - Filling up the DagBag from /home/ris/PycharmProjects/pythonProject/USA-housing/venv/lib/python3.10/site-packages/airflow/example_dags/example_branch_python_dop_operator_3.py
[2023-03-04T10:27:03.567+0530] {processor.py:753} INFO - DAG(s) dict_keys(['example_branch_dop_operator_v3']) retrieved from /home/ris/PycharmProjects/pythonProject/USA-housing/venv/lib/python3.10/site-packages/airflow/example_dags/example_branch_python_dop_operator_3.py
[2023-03-04T10:27:03.583+0530] {logging_mixin.py:137} INFO - [2023-03-04T10:27:03.583+0530] {dag.py:2690} INFO - Sync 1 DAGs
[2023-03-04T10:27:03.603+0530] {logging_mixin.py:137} INFO - [2023-03-04T10:27:03.603+0530] {dag.py:3437} INFO - Setting next_dagrun for example_branch_dop_operator_v3 to 2023-03-04T04:56:00+00:00, run_after=2023-03-04T04:57:00+00:00
[2023-03-04T10:27:03.620+0530] {processor.py:175} INFO - Processing /home/ris/PycharmProjects/pythonProject/USA-housing/venv/lib/python3.10/site-packages/airflow/example_dags/example_branch_python_dop_operator_3.py took 0.103 seconds
[2023-03-04T10:27:51.625+0530] {processor.py:153} INFO - Started process (PID=31494) to work on /home/ris/PycharmProjects/pythonProject/USA-housing/venv/lib/python3.10/site-packages/airflow/example_dags/example_branch_python_dop_operator_3.py
[2023-03-04T10:27:51.627+0530] {processor.py:743} INFO - Processing file /home/ris/PycharmProjects/pythonProject/USA-housing/venv/lib/python3.10/site-packages/airflow/example_dags/example_branch_python_dop_operator_3.py for tasks to queue
[2023-03-04T10:27:51.628+0530] {logging_mixin.py:137} INFO - [2023-03-04T10:27:51.628+0530] {dagbag.py:538} INFO - Filling up the DagBag from /home/ris/PycharmProjects/pythonProject/USA-housing/venv/lib/python3.10/site-packages/airflow/example_dags/example_branch_python_dop_operator_3.py
[2023-03-04T10:27:51.668+0530] {processor.py:753} INFO - DAG(s) dict_keys(['example_branch_dop_operator_v3']) retrieved from /home/ris/PycharmProjects/pythonProject/USA-housing/venv/lib/python3.10/site-packages/airflow/example_dags/example_branch_python_dop_operator_3.py
[2023-03-04T10:27:51.684+0530] {logging_mixin.py:137} INFO - [2023-03-04T10:27:51.684+0530] {dag.py:2690} INFO - Sync 1 DAGs
[2023-03-04T10:27:51.704+0530] {logging_mixin.py:137} INFO - [2023-03-04T10:27:51.704+0530] {dag.py:3437} INFO - Setting next_dagrun for example_branch_dop_operator_v3 to 2023-03-04T04:56:00+00:00, run_after=2023-03-04T04:57:00+00:00
[2023-03-04T10:27:51.721+0530] {processor.py:175} INFO - Processing /home/ris/PycharmProjects/pythonProject/USA-housing/venv/lib/python3.10/site-packages/airflow/example_dags/example_branch_python_dop_operator_3.py took 0.102 seconds
[2023-03-04T10:28:39.993+0530] {processor.py:153} INFO - Started process (PID=31547) to work on /home/ris/PycharmProjects/pythonProject/USA-housing/venv/lib/python3.10/site-packages/airflow/example_dags/example_branch_python_dop_operator_3.py
[2023-03-04T10:28:39.994+0530] {processor.py:743} INFO - Processing file /home/ris/PycharmProjects/pythonProject/USA-housing/venv/lib/python3.10/site-packages/airflow/example_dags/example_branch_python_dop_operator_3.py for tasks to queue
[2023-03-04T10:28:39.995+0530] {logging_mixin.py:137} INFO - [2023-03-04T10:28:39.995+0530] {dagbag.py:538} INFO - Filling up the DagBag from /home/ris/PycharmProjects/pythonProject/USA-housing/venv/lib/python3.10/site-packages/airflow/example_dags/example_branch_python_dop_operator_3.py
[2023-03-04T10:28:40.018+0530] {processor.py:753} INFO - DAG(s) dict_keys(['example_branch_dop_operator_v3']) retrieved from /home/ris/PycharmProjects/pythonProject/USA-housing/venv/lib/python3.10/site-packages/airflow/example_dags/example_branch_python_dop_operator_3.py
[2023-03-04T10:28:40.035+0530] {logging_mixin.py:137} INFO - [2023-03-04T10:28:40.034+0530] {dag.py:2690} INFO - Sync 1 DAGs
[2023-03-04T10:28:40.056+0530] {logging_mixin.py:137} INFO - [2023-03-04T10:28:40.056+0530] {dag.py:3437} INFO - Setting next_dagrun for example_branch_dop_operator_v3 to 2023-03-04T04:57:00+00:00, run_after=2023-03-04T04:58:00+00:00
[2023-03-04T10:28:40.074+0530] {processor.py:175} INFO - Processing /home/ris/PycharmProjects/pythonProject/USA-housing/venv/lib/python3.10/site-packages/airflow/example_dags/example_branch_python_dop_operator_3.py took 0.084 seconds
[2023-03-04T10:29:29.680+0530] {processor.py:153} INFO - Started process (PID=31597) to work on /home/ris/PycharmProjects/pythonProject/USA-housing/venv/lib/python3.10/site-packages/airflow/example_dags/example_branch_python_dop_operator_3.py
[2023-03-04T10:29:29.681+0530] {processor.py:743} INFO - Processing file /home/ris/PycharmProjects/pythonProject/USA-housing/venv/lib/python3.10/site-packages/airflow/example_dags/example_branch_python_dop_operator_3.py for tasks to queue
[2023-03-04T10:29:29.682+0530] {logging_mixin.py:137} INFO - [2023-03-04T10:29:29.682+0530] {dagbag.py:538} INFO - Filling up the DagBag from /home/ris/PycharmProjects/pythonProject/USA-housing/venv/lib/python3.10/site-packages/airflow/example_dags/example_branch_python_dop_operator_3.py
[2023-03-04T10:29:29.708+0530] {processor.py:753} INFO - DAG(s) dict_keys(['example_branch_dop_operator_v3']) retrieved from /home/ris/PycharmProjects/pythonProject/USA-housing/venv/lib/python3.10/site-packages/airflow/example_dags/example_branch_python_dop_operator_3.py
[2023-03-04T10:29:29.729+0530] {logging_mixin.py:137} INFO - [2023-03-04T10:29:29.729+0530] {dag.py:2690} INFO - Sync 1 DAGs
[2023-03-04T10:29:29.757+0530] {logging_mixin.py:137} INFO - [2023-03-04T10:29:29.756+0530] {dag.py:3437} INFO - Setting next_dagrun for example_branch_dop_operator_v3 to 2023-03-04T04:58:00+00:00, run_after=2023-03-04T04:59:00+00:00
[2023-03-04T10:29:29.786+0530] {processor.py:175} INFO - Processing /home/ris/PycharmProjects/pythonProject/USA-housing/venv/lib/python3.10/site-packages/airflow/example_dags/example_branch_python_dop_operator_3.py took 0.110 seconds
[2023-03-04T10:30:23.371+0530] {processor.py:153} INFO - Started process (PID=31651) to work on /home/ris/PycharmProjects/pythonProject/USA-housing/venv/lib/python3.10/site-packages/airflow/example_dags/example_branch_python_dop_operator_3.py
[2023-03-04T10:30:23.373+0530] {processor.py:743} INFO - Processing file /home/ris/PycharmProjects/pythonProject/USA-housing/venv/lib/python3.10/site-packages/airflow/example_dags/example_branch_python_dop_operator_3.py for tasks to queue
[2023-03-04T10:30:23.374+0530] {logging_mixin.py:137} INFO - [2023-03-04T10:30:23.374+0530] {dagbag.py:538} INFO - Filling up the DagBag from /home/ris/PycharmProjects/pythonProject/USA-housing/venv/lib/python3.10/site-packages/airflow/example_dags/example_branch_python_dop_operator_3.py
[2023-03-04T10:30:23.419+0530] {processor.py:753} INFO - DAG(s) dict_keys(['example_branch_dop_operator_v3']) retrieved from /home/ris/PycharmProjects/pythonProject/USA-housing/venv/lib/python3.10/site-packages/airflow/example_dags/example_branch_python_dop_operator_3.py
[2023-03-04T10:30:23.439+0530] {logging_mixin.py:137} INFO - [2023-03-04T10:30:23.438+0530] {dag.py:2690} INFO - Sync 1 DAGs
[2023-03-04T10:30:23.466+0530] {logging_mixin.py:137} INFO - [2023-03-04T10:30:23.466+0530] {dag.py:3437} INFO - Setting next_dagrun for example_branch_dop_operator_v3 to 2023-03-04T04:59:00+00:00, run_after=2023-03-04T05:00:00+00:00
[2023-03-04T10:30:23.489+0530] {processor.py:175} INFO - Processing /home/ris/PycharmProjects/pythonProject/USA-housing/venv/lib/python3.10/site-packages/airflow/example_dags/example_branch_python_dop_operator_3.py took 0.123 seconds
[2023-03-04T10:31:11.811+0530] {processor.py:153} INFO - Started process (PID=31705) to work on /home/ris/PycharmProjects/pythonProject/USA-housing/venv/lib/python3.10/site-packages/airflow/example_dags/example_branch_python_dop_operator_3.py
[2023-03-04T10:31:11.813+0530] {processor.py:743} INFO - Processing file /home/ris/PycharmProjects/pythonProject/USA-housing/venv/lib/python3.10/site-packages/airflow/example_dags/example_branch_python_dop_operator_3.py for tasks to queue
[2023-03-04T10:31:11.814+0530] {logging_mixin.py:137} INFO - [2023-03-04T10:31:11.814+0530] {dagbag.py:538} INFO - Filling up the DagBag from /home/ris/PycharmProjects/pythonProject/USA-housing/venv/lib/python3.10/site-packages/airflow/example_dags/example_branch_python_dop_operator_3.py
[2023-03-04T10:31:11.856+0530] {processor.py:753} INFO - DAG(s) dict_keys(['example_branch_dop_operator_v3']) retrieved from /home/ris/PycharmProjects/pythonProject/USA-housing/venv/lib/python3.10/site-packages/airflow/example_dags/example_branch_python_dop_operator_3.py
[2023-03-04T10:31:11.872+0530] {logging_mixin.py:137} INFO - [2023-03-04T10:31:11.872+0530] {dag.py:2690} INFO - Sync 1 DAGs
[2023-03-04T10:31:11.892+0530] {logging_mixin.py:137} INFO - [2023-03-04T10:31:11.891+0530] {dag.py:3437} INFO - Setting next_dagrun for example_branch_dop_operator_v3 to 2023-03-04T05:00:00+00:00, run_after=2023-03-04T05:01:00+00:00
[2023-03-04T10:31:11.912+0530] {processor.py:175} INFO - Processing /home/ris/PycharmProjects/pythonProject/USA-housing/venv/lib/python3.10/site-packages/airflow/example_dags/example_branch_python_dop_operator_3.py took 0.105 seconds
[2023-03-04T10:31:58.910+0530] {processor.py:153} INFO - Started process (PID=32117) to work on /home/ris/PycharmProjects/pythonProject/USA-housing/venv/lib/python3.10/site-packages/airflow/example_dags/example_branch_python_dop_operator_3.py
[2023-03-04T10:31:58.913+0530] {processor.py:743} INFO - Processing file /home/ris/PycharmProjects/pythonProject/USA-housing/venv/lib/python3.10/site-packages/airflow/example_dags/example_branch_python_dop_operator_3.py for tasks to queue
[2023-03-04T10:31:58.914+0530] {logging_mixin.py:137} INFO - [2023-03-04T10:31:58.914+0530] {dagbag.py:538} INFO - Filling up the DagBag from /home/ris/PycharmProjects/pythonProject/USA-housing/venv/lib/python3.10/site-packages/airflow/example_dags/example_branch_python_dop_operator_3.py
[2023-03-04T10:31:58.957+0530] {processor.py:753} INFO - DAG(s) dict_keys(['example_branch_dop_operator_v3']) retrieved from /home/ris/PycharmProjects/pythonProject/USA-housing/venv/lib/python3.10/site-packages/airflow/example_dags/example_branch_python_dop_operator_3.py
[2023-03-04T10:31:58.973+0530] {logging_mixin.py:137} INFO - [2023-03-04T10:31:58.973+0530] {dag.py:2690} INFO - Sync 1 DAGs
[2023-03-04T10:31:58.994+0530] {logging_mixin.py:137} INFO - [2023-03-04T10:31:58.993+0530] {dag.py:3437} INFO - Setting next_dagrun for example_branch_dop_operator_v3 to 2023-03-04T05:00:00+00:00, run_after=2023-03-04T05:01:00+00:00
[2023-03-04T10:31:59.012+0530] {processor.py:175} INFO - Processing /home/ris/PycharmProjects/pythonProject/USA-housing/venv/lib/python3.10/site-packages/airflow/example_dags/example_branch_python_dop_operator_3.py took 0.106 seconds
[2023-03-04T10:32:46.905+0530] {processor.py:153} INFO - Started process (PID=32272) to work on /home/ris/PycharmProjects/pythonProject/USA-housing/venv/lib/python3.10/site-packages/airflow/example_dags/example_branch_python_dop_operator_3.py
[2023-03-04T10:32:46.907+0530] {processor.py:743} INFO - Processing file /home/ris/PycharmProjects/pythonProject/USA-housing/venv/lib/python3.10/site-packages/airflow/example_dags/example_branch_python_dop_operator_3.py for tasks to queue
[2023-03-04T10:32:46.908+0530] {logging_mixin.py:137} INFO - [2023-03-04T10:32:46.907+0530] {dagbag.py:538} INFO - Filling up the DagBag from /home/ris/PycharmProjects/pythonProject/USA-housing/venv/lib/python3.10/site-packages/airflow/example_dags/example_branch_python_dop_operator_3.py
[2023-03-04T10:32:46.931+0530] {processor.py:753} INFO - DAG(s) dict_keys(['example_branch_dop_operator_v3']) retrieved from /home/ris/PycharmProjects/pythonProject/USA-housing/venv/lib/python3.10/site-packages/airflow/example_dags/example_branch_python_dop_operator_3.py
[2023-03-04T10:32:46.950+0530] {logging_mixin.py:137} INFO - [2023-03-04T10:32:46.950+0530] {dag.py:2690} INFO - Sync 1 DAGs
[2023-03-04T10:32:46.973+0530] {logging_mixin.py:137} INFO - [2023-03-04T10:32:46.973+0530] {dag.py:3437} INFO - Setting next_dagrun for example_branch_dop_operator_v3 to 2023-03-04T05:01:00+00:00, run_after=2023-03-04T05:02:00+00:00
[2023-03-04T10:32:46.997+0530] {processor.py:175} INFO - Processing /home/ris/PycharmProjects/pythonProject/USA-housing/venv/lib/python3.10/site-packages/airflow/example_dags/example_branch_python_dop_operator_3.py took 0.094 seconds
[2023-03-04T10:33:27.281+0530] {processor.py:153} INFO - Started process (PID=32350) to work on /home/ris/PycharmProjects/pythonProject/USA-housing/venv/lib/python3.10/site-packages/airflow/example_dags/example_branch_python_dop_operator_3.py
[2023-03-04T10:33:27.281+0530] {processor.py:743} INFO - Processing file /home/ris/PycharmProjects/pythonProject/USA-housing/venv/lib/python3.10/site-packages/airflow/example_dags/example_branch_python_dop_operator_3.py for tasks to queue
[2023-03-04T10:33:27.282+0530] {logging_mixin.py:137} INFO - [2023-03-04T10:33:27.282+0530] {dagbag.py:538} INFO - Filling up the DagBag from /home/ris/PycharmProjects/pythonProject/USA-housing/venv/lib/python3.10/site-packages/airflow/example_dags/example_branch_python_dop_operator_3.py
[2023-03-04T10:33:27.305+0530] {processor.py:753} INFO - DAG(s) dict_keys(['example_branch_dop_operator_v3']) retrieved from /home/ris/PycharmProjects/pythonProject/USA-housing/venv/lib/python3.10/site-packages/airflow/example_dags/example_branch_python_dop_operator_3.py
[2023-03-04T10:33:27.322+0530] {logging_mixin.py:137} INFO - [2023-03-04T10:33:27.322+0530] {dag.py:2690} INFO - Sync 1 DAGs
[2023-03-04T10:33:27.346+0530] {logging_mixin.py:137} INFO - [2023-03-04T10:33:27.346+0530] {dag.py:3437} INFO - Setting next_dagrun for example_branch_dop_operator_v3 to 2023-03-04T05:02:00+00:00, run_after=2023-03-04T05:03:00+00:00
[2023-03-04T10:33:27.371+0530] {processor.py:175} INFO - Processing /home/ris/PycharmProjects/pythonProject/USA-housing/venv/lib/python3.10/site-packages/airflow/example_dags/example_branch_python_dop_operator_3.py took 0.093 seconds
[2023-03-04T10:34:12.564+0530] {processor.py:153} INFO - Started process (PID=32479) to work on /home/ris/PycharmProjects/pythonProject/USA-housing/venv/lib/python3.10/site-packages/airflow/example_dags/example_branch_python_dop_operator_3.py
[2023-03-04T10:34:12.566+0530] {processor.py:743} INFO - Processing file /home/ris/PycharmProjects/pythonProject/USA-housing/venv/lib/python3.10/site-packages/airflow/example_dags/example_branch_python_dop_operator_3.py for tasks to queue
[2023-03-04T10:34:12.566+0530] {logging_mixin.py:137} INFO - [2023-03-04T10:34:12.566+0530] {dagbag.py:538} INFO - Filling up the DagBag from /home/ris/PycharmProjects/pythonProject/USA-housing/venv/lib/python3.10/site-packages/airflow/example_dags/example_branch_python_dop_operator_3.py
[2023-03-04T10:34:12.590+0530] {processor.py:753} INFO - DAG(s) dict_keys(['example_branch_dop_operator_v3']) retrieved from /home/ris/PycharmProjects/pythonProject/USA-housing/venv/lib/python3.10/site-packages/airflow/example_dags/example_branch_python_dop_operator_3.py
[2023-03-04T10:34:12.608+0530] {logging_mixin.py:137} INFO - [2023-03-04T10:34:12.608+0530] {dag.py:2690} INFO - Sync 1 DAGs
[2023-03-04T10:34:12.632+0530] {logging_mixin.py:137} INFO - [2023-03-04T10:34:12.632+0530] {dag.py:3437} INFO - Setting next_dagrun for example_branch_dop_operator_v3 to 2023-03-04T05:03:00+00:00, run_after=2023-03-04T05:04:00+00:00
[2023-03-04T10:34:12.654+0530] {processor.py:175} INFO - Processing /home/ris/PycharmProjects/pythonProject/USA-housing/venv/lib/python3.10/site-packages/airflow/example_dags/example_branch_python_dop_operator_3.py took 0.092 seconds
[2023-03-04T10:34:56.961+0530] {processor.py:153} INFO - Started process (PID=32639) to work on /home/ris/PycharmProjects/pythonProject/USA-housing/venv/lib/python3.10/site-packages/airflow/example_dags/example_branch_python_dop_operator_3.py
[2023-03-04T10:34:56.962+0530] {processor.py:743} INFO - Processing file /home/ris/PycharmProjects/pythonProject/USA-housing/venv/lib/python3.10/site-packages/airflow/example_dags/example_branch_python_dop_operator_3.py for tasks to queue
[2023-03-04T10:34:56.963+0530] {logging_mixin.py:137} INFO - [2023-03-04T10:34:56.963+0530] {dagbag.py:538} INFO - Filling up the DagBag from /home/ris/PycharmProjects/pythonProject/USA-housing/venv/lib/python3.10/site-packages/airflow/example_dags/example_branch_python_dop_operator_3.py
[2023-03-04T10:34:56.992+0530] {processor.py:753} INFO - DAG(s) dict_keys(['example_branch_dop_operator_v3']) retrieved from /home/ris/PycharmProjects/pythonProject/USA-housing/venv/lib/python3.10/site-packages/airflow/example_dags/example_branch_python_dop_operator_3.py
[2023-03-04T10:34:57.012+0530] {logging_mixin.py:137} INFO - [2023-03-04T10:34:57.012+0530] {dag.py:2690} INFO - Sync 1 DAGs
[2023-03-04T10:34:57.043+0530] {logging_mixin.py:137} INFO - [2023-03-04T10:34:57.043+0530] {dag.py:3437} INFO - Setting next_dagrun for example_branch_dop_operator_v3 to 2023-03-04T05:03:00+00:00, run_after=2023-03-04T05:04:00+00:00
[2023-03-04T10:34:57.067+0530] {processor.py:175} INFO - Processing /home/ris/PycharmProjects/pythonProject/USA-housing/venv/lib/python3.10/site-packages/airflow/example_dags/example_branch_python_dop_operator_3.py took 0.109 seconds
[2023-03-04T10:35:46.246+0530] {processor.py:153} INFO - Started process (PID=32724) to work on /home/ris/PycharmProjects/pythonProject/USA-housing/venv/lib/python3.10/site-packages/airflow/example_dags/example_branch_python_dop_operator_3.py
[2023-03-04T10:35:46.248+0530] {processor.py:743} INFO - Processing file /home/ris/PycharmProjects/pythonProject/USA-housing/venv/lib/python3.10/site-packages/airflow/example_dags/example_branch_python_dop_operator_3.py for tasks to queue
[2023-03-04T10:35:46.249+0530] {logging_mixin.py:137} INFO - [2023-03-04T10:35:46.249+0530] {dagbag.py:538} INFO - Filling up the DagBag from /home/ris/PycharmProjects/pythonProject/USA-housing/venv/lib/python3.10/site-packages/airflow/example_dags/example_branch_python_dop_operator_3.py
[2023-03-04T10:35:46.287+0530] {processor.py:753} INFO - DAG(s) dict_keys(['example_branch_dop_operator_v3']) retrieved from /home/ris/PycharmProjects/pythonProject/USA-housing/venv/lib/python3.10/site-packages/airflow/example_dags/example_branch_python_dop_operator_3.py
[2023-03-04T10:35:46.309+0530] {logging_mixin.py:137} INFO - [2023-03-04T10:35:46.309+0530] {dag.py:2690} INFO - Sync 1 DAGs
[2023-03-04T10:35:46.340+0530] {logging_mixin.py:137} INFO - [2023-03-04T10:35:46.340+0530] {dag.py:3437} INFO - Setting next_dagrun for example_branch_dop_operator_v3 to 2023-03-04T05:04:00+00:00, run_after=2023-03-04T05:05:00+00:00
[2023-03-04T10:35:46.365+0530] {processor.py:175} INFO - Processing /home/ris/PycharmProjects/pythonProject/USA-housing/venv/lib/python3.10/site-packages/airflow/example_dags/example_branch_python_dop_operator_3.py took 0.121 seconds
[2023-03-04T10:36:29.847+0530] {processor.py:153} INFO - Started process (PID=32784) to work on /home/ris/PycharmProjects/pythonProject/USA-housing/venv/lib/python3.10/site-packages/airflow/example_dags/example_branch_python_dop_operator_3.py
[2023-03-04T10:36:29.850+0530] {processor.py:743} INFO - Processing file /home/ris/PycharmProjects/pythonProject/USA-housing/venv/lib/python3.10/site-packages/airflow/example_dags/example_branch_python_dop_operator_3.py for tasks to queue
[2023-03-04T10:36:29.851+0530] {logging_mixin.py:137} INFO - [2023-03-04T10:36:29.850+0530] {dagbag.py:538} INFO - Filling up the DagBag from /home/ris/PycharmProjects/pythonProject/USA-housing/venv/lib/python3.10/site-packages/airflow/example_dags/example_branch_python_dop_operator_3.py
[2023-03-04T10:36:29.889+0530] {processor.py:753} INFO - DAG(s) dict_keys(['example_branch_dop_operator_v3']) retrieved from /home/ris/PycharmProjects/pythonProject/USA-housing/venv/lib/python3.10/site-packages/airflow/example_dags/example_branch_python_dop_operator_3.py
[2023-03-04T10:36:29.914+0530] {logging_mixin.py:137} INFO - [2023-03-04T10:36:29.913+0530] {dag.py:2690} INFO - Sync 1 DAGs
[2023-03-04T10:36:29.947+0530] {logging_mixin.py:137} INFO - [2023-03-04T10:36:29.947+0530] {dag.py:3437} INFO - Setting next_dagrun for example_branch_dop_operator_v3 to 2023-03-04T05:05:00+00:00, run_after=2023-03-04T05:06:00+00:00
[2023-03-04T10:36:29.976+0530] {processor.py:175} INFO - Processing /home/ris/PycharmProjects/pythonProject/USA-housing/venv/lib/python3.10/site-packages/airflow/example_dags/example_branch_python_dop_operator_3.py took 0.135 seconds
[2023-03-04T10:37:15.847+0530] {processor.py:153} INFO - Started process (PID=32844) to work on /home/ris/PycharmProjects/pythonProject/USA-housing/venv/lib/python3.10/site-packages/airflow/example_dags/example_branch_python_dop_operator_3.py
[2023-03-04T10:37:15.849+0530] {processor.py:743} INFO - Processing file /home/ris/PycharmProjects/pythonProject/USA-housing/venv/lib/python3.10/site-packages/airflow/example_dags/example_branch_python_dop_operator_3.py for tasks to queue
[2023-03-04T10:37:15.850+0530] {logging_mixin.py:137} INFO - [2023-03-04T10:37:15.849+0530] {dagbag.py:538} INFO - Filling up the DagBag from /home/ris/PycharmProjects/pythonProject/USA-housing/venv/lib/python3.10/site-packages/airflow/example_dags/example_branch_python_dop_operator_3.py
[2023-03-04T10:37:15.889+0530] {processor.py:753} INFO - DAG(s) dict_keys(['example_branch_dop_operator_v3']) retrieved from /home/ris/PycharmProjects/pythonProject/USA-housing/venv/lib/python3.10/site-packages/airflow/example_dags/example_branch_python_dop_operator_3.py
[2023-03-04T10:37:15.915+0530] {logging_mixin.py:137} INFO - [2023-03-04T10:37:15.915+0530] {dag.py:2690} INFO - Sync 1 DAGs
[2023-03-04T10:37:15.956+0530] {logging_mixin.py:137} INFO - [2023-03-04T10:37:15.955+0530] {dag.py:3437} INFO - Setting next_dagrun for example_branch_dop_operator_v3 to 2023-03-04T05:06:00+00:00, run_after=2023-03-04T05:07:00+00:00
[2023-03-04T10:37:16.000+0530] {processor.py:175} INFO - Processing /home/ris/PycharmProjects/pythonProject/USA-housing/venv/lib/python3.10/site-packages/airflow/example_dags/example_branch_python_dop_operator_3.py took 0.156 seconds
[2023-03-04T10:38:08.497+0530] {processor.py:153} INFO - Started process (PID=32925) to work on /home/ris/PycharmProjects/pythonProject/USA-housing/venv/lib/python3.10/site-packages/airflow/example_dags/example_branch_python_dop_operator_3.py
[2023-03-04T10:38:08.500+0530] {processor.py:743} INFO - Processing file /home/ris/PycharmProjects/pythonProject/USA-housing/venv/lib/python3.10/site-packages/airflow/example_dags/example_branch_python_dop_operator_3.py for tasks to queue
[2023-03-04T10:38:08.503+0530] {logging_mixin.py:137} INFO - [2023-03-04T10:38:08.503+0530] {dagbag.py:538} INFO - Filling up the DagBag from /home/ris/PycharmProjects/pythonProject/USA-housing/venv/lib/python3.10/site-packages/airflow/example_dags/example_branch_python_dop_operator_3.py
[2023-03-04T10:38:08.557+0530] {processor.py:753} INFO - DAG(s) dict_keys(['example_branch_dop_operator_v3']) retrieved from /home/ris/PycharmProjects/pythonProject/USA-housing/venv/lib/python3.10/site-packages/airflow/example_dags/example_branch_python_dop_operator_3.py
[2023-03-04T10:38:08.591+0530] {logging_mixin.py:137} INFO - [2023-03-04T10:38:08.590+0530] {dag.py:2690} INFO - Sync 1 DAGs
[2023-03-04T10:38:08.635+0530] {logging_mixin.py:137} INFO - [2023-03-04T10:38:08.635+0530] {dag.py:3437} INFO - Setting next_dagrun for example_branch_dop_operator_v3 to 2023-03-04T05:07:00+00:00, run_after=2023-03-04T05:08:00+00:00
[2023-03-04T10:38:08.682+0530] {processor.py:175} INFO - Processing /home/ris/PycharmProjects/pythonProject/USA-housing/venv/lib/python3.10/site-packages/airflow/example_dags/example_branch_python_dop_operator_3.py took 0.191 seconds
[2023-03-04T10:38:56.679+0530] {processor.py:153} INFO - Started process (PID=33424) to work on /home/ris/PycharmProjects/pythonProject/USA-housing/venv/lib/python3.10/site-packages/airflow/example_dags/example_branch_python_dop_operator_3.py
[2023-03-04T10:38:56.681+0530] {processor.py:743} INFO - Processing file /home/ris/PycharmProjects/pythonProject/USA-housing/venv/lib/python3.10/site-packages/airflow/example_dags/example_branch_python_dop_operator_3.py for tasks to queue
[2023-03-04T10:38:56.682+0530] {logging_mixin.py:137} INFO - [2023-03-04T10:38:56.682+0530] {dagbag.py:538} INFO - Filling up the DagBag from /home/ris/PycharmProjects/pythonProject/USA-housing/venv/lib/python3.10/site-packages/airflow/example_dags/example_branch_python_dop_operator_3.py
[2023-03-04T10:38:56.731+0530] {processor.py:753} INFO - DAG(s) dict_keys(['example_branch_dop_operator_v3']) retrieved from /home/ris/PycharmProjects/pythonProject/USA-housing/venv/lib/python3.10/site-packages/airflow/example_dags/example_branch_python_dop_operator_3.py
[2023-03-04T10:38:56.762+0530] {logging_mixin.py:137} INFO - [2023-03-04T10:38:56.762+0530] {dag.py:2690} INFO - Sync 1 DAGs
[2023-03-04T10:38:56.820+0530] {logging_mixin.py:137} INFO - [2023-03-04T10:38:56.820+0530] {dag.py:3437} INFO - Setting next_dagrun for example_branch_dop_operator_v3 to 2023-03-04T05:07:00+00:00, run_after=2023-03-04T05:08:00+00:00
[2023-03-04T10:38:56.859+0530] {processor.py:175} INFO - Processing /home/ris/PycharmProjects/pythonProject/USA-housing/venv/lib/python3.10/site-packages/airflow/example_dags/example_branch_python_dop_operator_3.py took 0.186 seconds
[2023-03-04T10:39:42.245+0530] {processor.py:153} INFO - Started process (PID=33513) to work on /home/ris/PycharmProjects/pythonProject/USA-housing/venv/lib/python3.10/site-packages/airflow/example_dags/example_branch_python_dop_operator_3.py
[2023-03-04T10:39:42.247+0530] {processor.py:743} INFO - Processing file /home/ris/PycharmProjects/pythonProject/USA-housing/venv/lib/python3.10/site-packages/airflow/example_dags/example_branch_python_dop_operator_3.py for tasks to queue
[2023-03-04T10:39:42.248+0530] {logging_mixin.py:137} INFO - [2023-03-04T10:39:42.247+0530] {dagbag.py:538} INFO - Filling up the DagBag from /home/ris/PycharmProjects/pythonProject/USA-housing/venv/lib/python3.10/site-packages/airflow/example_dags/example_branch_python_dop_operator_3.py
[2023-03-04T10:39:42.292+0530] {processor.py:753} INFO - DAG(s) dict_keys(['example_branch_dop_operator_v3']) retrieved from /home/ris/PycharmProjects/pythonProject/USA-housing/venv/lib/python3.10/site-packages/airflow/example_dags/example_branch_python_dop_operator_3.py
[2023-03-04T10:39:42.323+0530] {logging_mixin.py:137} INFO - [2023-03-04T10:39:42.323+0530] {dag.py:2690} INFO - Sync 1 DAGs
[2023-03-04T10:39:42.389+0530] {logging_mixin.py:137} INFO - [2023-03-04T10:39:42.388+0530] {dag.py:3437} INFO - Setting next_dagrun for example_branch_dop_operator_v3 to 2023-03-04T05:08:00+00:00, run_after=2023-03-04T05:09:00+00:00
[2023-03-04T10:39:42.432+0530] {processor.py:175} INFO - Processing /home/ris/PycharmProjects/pythonProject/USA-housing/venv/lib/python3.10/site-packages/airflow/example_dags/example_branch_python_dop_operator_3.py took 0.191 seconds
[2023-03-04T10:40:27.819+0530] {processor.py:153} INFO - Started process (PID=33563) to work on /home/ris/PycharmProjects/pythonProject/USA-housing/venv/lib/python3.10/site-packages/airflow/example_dags/example_branch_python_dop_operator_3.py
[2023-03-04T10:40:27.820+0530] {processor.py:743} INFO - Processing file /home/ris/PycharmProjects/pythonProject/USA-housing/venv/lib/python3.10/site-packages/airflow/example_dags/example_branch_python_dop_operator_3.py for tasks to queue
[2023-03-04T10:40:27.821+0530] {logging_mixin.py:137} INFO - [2023-03-04T10:40:27.821+0530] {dagbag.py:538} INFO - Filling up the DagBag from /home/ris/PycharmProjects/pythonProject/USA-housing/venv/lib/python3.10/site-packages/airflow/example_dags/example_branch_python_dop_operator_3.py
[2023-03-04T10:40:27.853+0530] {processor.py:753} INFO - DAG(s) dict_keys(['example_branch_dop_operator_v3']) retrieved from /home/ris/PycharmProjects/pythonProject/USA-housing/venv/lib/python3.10/site-packages/airflow/example_dags/example_branch_python_dop_operator_3.py
[2023-03-04T10:40:27.877+0530] {logging_mixin.py:137} INFO - [2023-03-04T10:40:27.877+0530] {dag.py:2690} INFO - Sync 1 DAGs
[2023-03-04T10:40:27.908+0530] {logging_mixin.py:137} INFO - [2023-03-04T10:40:27.908+0530] {dag.py:3437} INFO - Setting next_dagrun for example_branch_dop_operator_v3 to 2023-03-04T05:09:00+00:00, run_after=2023-03-04T05:10:00+00:00
[2023-03-04T10:40:27.935+0530] {processor.py:175} INFO - Processing /home/ris/PycharmProjects/pythonProject/USA-housing/venv/lib/python3.10/site-packages/airflow/example_dags/example_branch_python_dop_operator_3.py took 0.120 seconds
[2023-03-04T10:41:12.752+0530] {processor.py:153} INFO - Started process (PID=33611) to work on /home/ris/PycharmProjects/pythonProject/USA-housing/venv/lib/python3.10/site-packages/airflow/example_dags/example_branch_python_dop_operator_3.py
[2023-03-04T10:41:12.754+0530] {processor.py:743} INFO - Processing file /home/ris/PycharmProjects/pythonProject/USA-housing/venv/lib/python3.10/site-packages/airflow/example_dags/example_branch_python_dop_operator_3.py for tasks to queue
[2023-03-04T10:41:12.755+0530] {logging_mixin.py:137} INFO - [2023-03-04T10:41:12.755+0530] {dagbag.py:538} INFO - Filling up the DagBag from /home/ris/PycharmProjects/pythonProject/USA-housing/venv/lib/python3.10/site-packages/airflow/example_dags/example_branch_python_dop_operator_3.py
[2023-03-04T10:41:12.794+0530] {processor.py:753} INFO - DAG(s) dict_keys(['example_branch_dop_operator_v3']) retrieved from /home/ris/PycharmProjects/pythonProject/USA-housing/venv/lib/python3.10/site-packages/airflow/example_dags/example_branch_python_dop_operator_3.py
[2023-03-04T10:41:12.829+0530] {logging_mixin.py:137} INFO - [2023-03-04T10:41:12.829+0530] {dag.py:2690} INFO - Sync 1 DAGs
[2023-03-04T10:41:12.859+0530] {logging_mixin.py:137} INFO - [2023-03-04T10:41:12.859+0530] {dag.py:3437} INFO - Setting next_dagrun for example_branch_dop_operator_v3 to 2023-03-04T05:10:00+00:00, run_after=2023-03-04T05:11:00+00:00
[2023-03-04T10:41:12.889+0530] {processor.py:175} INFO - Processing /home/ris/PycharmProjects/pythonProject/USA-housing/venv/lib/python3.10/site-packages/airflow/example_dags/example_branch_python_dop_operator_3.py took 0.140 seconds
[2023-03-04T10:42:02.873+0530] {processor.py:153} INFO - Started process (PID=33675) to work on /home/ris/PycharmProjects/pythonProject/USA-housing/venv/lib/python3.10/site-packages/airflow/example_dags/example_branch_python_dop_operator_3.py
[2023-03-04T10:42:02.874+0530] {processor.py:743} INFO - Processing file /home/ris/PycharmProjects/pythonProject/USA-housing/venv/lib/python3.10/site-packages/airflow/example_dags/example_branch_python_dop_operator_3.py for tasks to queue
[2023-03-04T10:42:02.875+0530] {logging_mixin.py:137} INFO - [2023-03-04T10:42:02.875+0530] {dagbag.py:538} INFO - Filling up the DagBag from /home/ris/PycharmProjects/pythonProject/USA-housing/venv/lib/python3.10/site-packages/airflow/example_dags/example_branch_python_dop_operator_3.py
[2023-03-04T10:42:02.899+0530] {processor.py:753} INFO - DAG(s) dict_keys(['example_branch_dop_operator_v3']) retrieved from /home/ris/PycharmProjects/pythonProject/USA-housing/venv/lib/python3.10/site-packages/airflow/example_dags/example_branch_python_dop_operator_3.py
[2023-03-04T10:42:02.926+0530] {logging_mixin.py:137} INFO - [2023-03-04T10:42:02.926+0530] {dag.py:2690} INFO - Sync 1 DAGs
[2023-03-04T10:42:02.951+0530] {logging_mixin.py:137} INFO - [2023-03-04T10:42:02.950+0530] {dag.py:3437} INFO - Setting next_dagrun for example_branch_dop_operator_v3 to 2023-03-04T05:11:00+00:00, run_after=2023-03-04T05:12:00+00:00
[2023-03-04T10:42:02.969+0530] {processor.py:175} INFO - Processing /home/ris/PycharmProjects/pythonProject/USA-housing/venv/lib/python3.10/site-packages/airflow/example_dags/example_branch_python_dop_operator_3.py took 0.099 seconds
[2023-03-04T10:42:46.818+0530] {processor.py:153} INFO - Started process (PID=33727) to work on /home/ris/PycharmProjects/pythonProject/USA-housing/venv/lib/python3.10/site-packages/airflow/example_dags/example_branch_python_dop_operator_3.py
[2023-03-04T10:42:46.822+0530] {processor.py:743} INFO - Processing file /home/ris/PycharmProjects/pythonProject/USA-housing/venv/lib/python3.10/site-packages/airflow/example_dags/example_branch_python_dop_operator_3.py for tasks to queue
[2023-03-04T10:42:46.825+0530] {logging_mixin.py:137} INFO - [2023-03-04T10:42:46.824+0530] {dagbag.py:538} INFO - Filling up the DagBag from /home/ris/PycharmProjects/pythonProject/USA-housing/venv/lib/python3.10/site-packages/airflow/example_dags/example_branch_python_dop_operator_3.py
[2023-03-04T10:42:46.858+0530] {processor.py:753} INFO - DAG(s) dict_keys(['example_branch_dop_operator_v3']) retrieved from /home/ris/PycharmProjects/pythonProject/USA-housing/venv/lib/python3.10/site-packages/airflow/example_dags/example_branch_python_dop_operator_3.py
[2023-03-04T10:42:46.885+0530] {logging_mixin.py:137} INFO - [2023-03-04T10:42:46.885+0530] {dag.py:2690} INFO - Sync 1 DAGs
[2023-03-04T10:42:46.918+0530] {logging_mixin.py:137} INFO - [2023-03-04T10:42:46.918+0530] {dag.py:3437} INFO - Setting next_dagrun for example_branch_dop_operator_v3 to 2023-03-04T05:11:00+00:00, run_after=2023-03-04T05:12:00+00:00
[2023-03-04T10:42:46.952+0530] {processor.py:175} INFO - Processing /home/ris/PycharmProjects/pythonProject/USA-housing/venv/lib/python3.10/site-packages/airflow/example_dags/example_branch_python_dop_operator_3.py took 0.144 seconds
[2023-03-04T10:43:32.947+0530] {processor.py:153} INFO - Started process (PID=33774) to work on /home/ris/PycharmProjects/pythonProject/USA-housing/venv/lib/python3.10/site-packages/airflow/example_dags/example_branch_python_dop_operator_3.py
[2023-03-04T10:43:32.949+0530] {processor.py:743} INFO - Processing file /home/ris/PycharmProjects/pythonProject/USA-housing/venv/lib/python3.10/site-packages/airflow/example_dags/example_branch_python_dop_operator_3.py for tasks to queue
[2023-03-04T10:43:32.951+0530] {logging_mixin.py:137} INFO - [2023-03-04T10:43:32.950+0530] {dagbag.py:538} INFO - Filling up the DagBag from /home/ris/PycharmProjects/pythonProject/USA-housing/venv/lib/python3.10/site-packages/airflow/example_dags/example_branch_python_dop_operator_3.py
[2023-03-04T10:43:32.979+0530] {processor.py:753} INFO - DAG(s) dict_keys(['example_branch_dop_operator_v3']) retrieved from /home/ris/PycharmProjects/pythonProject/USA-housing/venv/lib/python3.10/site-packages/airflow/example_dags/example_branch_python_dop_operator_3.py
[2023-03-04T10:43:32.996+0530] {logging_mixin.py:137} INFO - [2023-03-04T10:43:32.996+0530] {dag.py:2690} INFO - Sync 1 DAGs
[2023-03-04T10:43:33.021+0530] {logging_mixin.py:137} INFO - [2023-03-04T10:43:33.021+0530] {dag.py:3437} INFO - Setting next_dagrun for example_branch_dop_operator_v3 to 2023-03-04T05:12:00+00:00, run_after=2023-03-04T05:13:00+00:00
[2023-03-04T10:43:33.041+0530] {processor.py:175} INFO - Processing /home/ris/PycharmProjects/pythonProject/USA-housing/venv/lib/python3.10/site-packages/airflow/example_dags/example_branch_python_dop_operator_3.py took 0.101 seconds
[2023-03-04T10:44:19.694+0530] {processor.py:153} INFO - Started process (PID=33820) to work on /home/ris/PycharmProjects/pythonProject/USA-housing/venv/lib/python3.10/site-packages/airflow/example_dags/example_branch_python_dop_operator_3.py
[2023-03-04T10:44:19.696+0530] {processor.py:743} INFO - Processing file /home/ris/PycharmProjects/pythonProject/USA-housing/venv/lib/python3.10/site-packages/airflow/example_dags/example_branch_python_dop_operator_3.py for tasks to queue
[2023-03-04T10:44:19.699+0530] {logging_mixin.py:137} INFO - [2023-03-04T10:44:19.698+0530] {dagbag.py:538} INFO - Filling up the DagBag from /home/ris/PycharmProjects/pythonProject/USA-housing/venv/lib/python3.10/site-packages/airflow/example_dags/example_branch_python_dop_operator_3.py
[2023-03-04T10:44:19.723+0530] {processor.py:753} INFO - DAG(s) dict_keys(['example_branch_dop_operator_v3']) retrieved from /home/ris/PycharmProjects/pythonProject/USA-housing/venv/lib/python3.10/site-packages/airflow/example_dags/example_branch_python_dop_operator_3.py
[2023-03-04T10:44:19.740+0530] {logging_mixin.py:137} INFO - [2023-03-04T10:44:19.740+0530] {dag.py:2690} INFO - Sync 1 DAGs
[2023-03-04T10:44:19.765+0530] {logging_mixin.py:137} INFO - [2023-03-04T10:44:19.765+0530] {dag.py:3437} INFO - Setting next_dagrun for example_branch_dop_operator_v3 to 2023-03-04T05:13:00+00:00, run_after=2023-03-04T05:14:00+00:00
[2023-03-04T10:44:19.793+0530] {processor.py:175} INFO - Processing /home/ris/PycharmProjects/pythonProject/USA-housing/venv/lib/python3.10/site-packages/airflow/example_dags/example_branch_python_dop_operator_3.py took 0.105 seconds
[2023-03-04T10:45:07.679+0530] {processor.py:153} INFO - Started process (PID=33876) to work on /home/ris/PycharmProjects/pythonProject/USA-housing/venv/lib/python3.10/site-packages/airflow/example_dags/example_branch_python_dop_operator_3.py
[2023-03-04T10:45:07.680+0530] {processor.py:743} INFO - Processing file /home/ris/PycharmProjects/pythonProject/USA-housing/venv/lib/python3.10/site-packages/airflow/example_dags/example_branch_python_dop_operator_3.py for tasks to queue
[2023-03-04T10:45:07.681+0530] {logging_mixin.py:137} INFO - [2023-03-04T10:45:07.681+0530] {dagbag.py:538} INFO - Filling up the DagBag from /home/ris/PycharmProjects/pythonProject/USA-housing/venv/lib/python3.10/site-packages/airflow/example_dags/example_branch_python_dop_operator_3.py
[2023-03-04T10:45:07.704+0530] {processor.py:753} INFO - DAG(s) dict_keys(['example_branch_dop_operator_v3']) retrieved from /home/ris/PycharmProjects/pythonProject/USA-housing/venv/lib/python3.10/site-packages/airflow/example_dags/example_branch_python_dop_operator_3.py
[2023-03-04T10:45:07.722+0530] {logging_mixin.py:137} INFO - [2023-03-04T10:45:07.722+0530] {dag.py:2690} INFO - Sync 1 DAGs
[2023-03-04T10:45:07.743+0530] {logging_mixin.py:137} INFO - [2023-03-04T10:45:07.743+0530] {dag.py:3437} INFO - Setting next_dagrun for example_branch_dop_operator_v3 to 2023-03-04T05:14:00+00:00, run_after=2023-03-04T05:15:00+00:00
[2023-03-04T10:45:07.762+0530] {processor.py:175} INFO - Processing /home/ris/PycharmProjects/pythonProject/USA-housing/venv/lib/python3.10/site-packages/airflow/example_dags/example_branch_python_dop_operator_3.py took 0.086 seconds
[2023-03-04T10:46:01.159+0530] {processor.py:153} INFO - Started process (PID=33932) to work on /home/ris/PycharmProjects/pythonProject/USA-housing/venv/lib/python3.10/site-packages/airflow/example_dags/example_branch_python_dop_operator_3.py
[2023-03-04T10:46:01.161+0530] {processor.py:743} INFO - Processing file /home/ris/PycharmProjects/pythonProject/USA-housing/venv/lib/python3.10/site-packages/airflow/example_dags/example_branch_python_dop_operator_3.py for tasks to queue
[2023-03-04T10:46:01.162+0530] {logging_mixin.py:137} INFO - [2023-03-04T10:46:01.162+0530] {dagbag.py:538} INFO - Filling up the DagBag from /home/ris/PycharmProjects/pythonProject/USA-housing/venv/lib/python3.10/site-packages/airflow/example_dags/example_branch_python_dop_operator_3.py
[2023-03-04T10:46:01.188+0530] {processor.py:753} INFO - DAG(s) dict_keys(['example_branch_dop_operator_v3']) retrieved from /home/ris/PycharmProjects/pythonProject/USA-housing/venv/lib/python3.10/site-packages/airflow/example_dags/example_branch_python_dop_operator_3.py
[2023-03-04T10:46:01.206+0530] {logging_mixin.py:137} INFO - [2023-03-04T10:46:01.206+0530] {dag.py:2690} INFO - Sync 1 DAGs
[2023-03-04T10:46:01.230+0530] {logging_mixin.py:137} INFO - [2023-03-04T10:46:01.229+0530] {dag.py:3437} INFO - Setting next_dagrun for example_branch_dop_operator_v3 to 2023-03-04T05:15:00+00:00, run_after=2023-03-04T05:16:00+00:00
[2023-03-04T10:46:01.260+0530] {processor.py:175} INFO - Processing /home/ris/PycharmProjects/pythonProject/USA-housing/venv/lib/python3.10/site-packages/airflow/example_dags/example_branch_python_dop_operator_3.py took 0.103 seconds
[2023-03-04T10:46:43.313+0530] {processor.py:153} INFO - Started process (PID=33988) to work on /home/ris/PycharmProjects/pythonProject/USA-housing/venv/lib/python3.10/site-packages/airflow/example_dags/example_branch_python_dop_operator_3.py
[2023-03-04T10:46:43.315+0530] {processor.py:743} INFO - Processing file /home/ris/PycharmProjects/pythonProject/USA-housing/venv/lib/python3.10/site-packages/airflow/example_dags/example_branch_python_dop_operator_3.py for tasks to queue
[2023-03-04T10:46:43.315+0530] {logging_mixin.py:137} INFO - [2023-03-04T10:46:43.315+0530] {dagbag.py:538} INFO - Filling up the DagBag from /home/ris/PycharmProjects/pythonProject/USA-housing/venv/lib/python3.10/site-packages/airflow/example_dags/example_branch_python_dop_operator_3.py
[2023-03-04T10:46:43.339+0530] {processor.py:753} INFO - DAG(s) dict_keys(['example_branch_dop_operator_v3']) retrieved from /home/ris/PycharmProjects/pythonProject/USA-housing/venv/lib/python3.10/site-packages/airflow/example_dags/example_branch_python_dop_operator_3.py
[2023-03-04T10:46:43.357+0530] {logging_mixin.py:137} INFO - [2023-03-04T10:46:43.356+0530] {dag.py:2690} INFO - Sync 1 DAGs
[2023-03-04T10:46:43.386+0530] {logging_mixin.py:137} INFO - [2023-03-04T10:46:43.386+0530] {dag.py:3437} INFO - Setting next_dagrun for example_branch_dop_operator_v3 to 2023-03-04T05:15:00+00:00, run_after=2023-03-04T05:16:00+00:00
[2023-03-04T10:46:43.408+0530] {processor.py:175} INFO - Processing /home/ris/PycharmProjects/pythonProject/USA-housing/venv/lib/python3.10/site-packages/airflow/example_dags/example_branch_python_dop_operator_3.py took 0.098 seconds
[2023-03-04T10:47:36.680+0530] {processor.py:153} INFO - Started process (PID=34046) to work on /home/ris/PycharmProjects/pythonProject/USA-housing/venv/lib/python3.10/site-packages/airflow/example_dags/example_branch_python_dop_operator_3.py
[2023-03-04T10:47:36.682+0530] {processor.py:743} INFO - Processing file /home/ris/PycharmProjects/pythonProject/USA-housing/venv/lib/python3.10/site-packages/airflow/example_dags/example_branch_python_dop_operator_3.py for tasks to queue
[2023-03-04T10:47:36.683+0530] {logging_mixin.py:137} INFO - [2023-03-04T10:47:36.683+0530] {dagbag.py:538} INFO - Filling up the DagBag from /home/ris/PycharmProjects/pythonProject/USA-housing/venv/lib/python3.10/site-packages/airflow/example_dags/example_branch_python_dop_operator_3.py
[2023-03-04T10:47:36.712+0530] {processor.py:753} INFO - DAG(s) dict_keys(['example_branch_dop_operator_v3']) retrieved from /home/ris/PycharmProjects/pythonProject/USA-housing/venv/lib/python3.10/site-packages/airflow/example_dags/example_branch_python_dop_operator_3.py
[2023-03-04T10:47:36.735+0530] {logging_mixin.py:137} INFO - [2023-03-04T10:47:36.735+0530] {dag.py:2690} INFO - Sync 1 DAGs
[2023-03-04T10:47:36.763+0530] {logging_mixin.py:137} INFO - [2023-03-04T10:47:36.763+0530] {dag.py:3437} INFO - Setting next_dagrun for example_branch_dop_operator_v3 to 2023-03-04T05:16:00+00:00, run_after=2023-03-04T05:17:00+00:00
[2023-03-04T10:47:36.800+0530] {processor.py:175} INFO - Processing /home/ris/PycharmProjects/pythonProject/USA-housing/venv/lib/python3.10/site-packages/airflow/example_dags/example_branch_python_dop_operator_3.py took 0.123 seconds
[2023-03-04T10:48:34.329+0530] {processor.py:153} INFO - Started process (PID=34104) to work on /home/ris/PycharmProjects/pythonProject/USA-housing/venv/lib/python3.10/site-packages/airflow/example_dags/example_branch_python_dop_operator_3.py
[2023-03-04T10:48:34.331+0530] {processor.py:743} INFO - Processing file /home/ris/PycharmProjects/pythonProject/USA-housing/venv/lib/python3.10/site-packages/airflow/example_dags/example_branch_python_dop_operator_3.py for tasks to queue
[2023-03-04T10:48:34.332+0530] {logging_mixin.py:137} INFO - [2023-03-04T10:48:34.332+0530] {dagbag.py:538} INFO - Filling up the DagBag from /home/ris/PycharmProjects/pythonProject/USA-housing/venv/lib/python3.10/site-packages/airflow/example_dags/example_branch_python_dop_operator_3.py
[2023-03-04T10:48:34.383+0530] {processor.py:753} INFO - DAG(s) dict_keys(['example_branch_dop_operator_v3']) retrieved from /home/ris/PycharmProjects/pythonProject/USA-housing/venv/lib/python3.10/site-packages/airflow/example_dags/example_branch_python_dop_operator_3.py
[2023-03-04T10:48:34.405+0530] {logging_mixin.py:137} INFO - [2023-03-04T10:48:34.405+0530] {dag.py:2690} INFO - Sync 1 DAGs
[2023-03-04T10:48:34.442+0530] {logging_mixin.py:137} INFO - [2023-03-04T10:48:34.442+0530] {dag.py:3437} INFO - Setting next_dagrun for example_branch_dop_operator_v3 to 2023-03-04T05:17:00+00:00, run_after=2023-03-04T05:18:00+00:00
[2023-03-04T10:48:34.472+0530] {processor.py:175} INFO - Processing /home/ris/PycharmProjects/pythonProject/USA-housing/venv/lib/python3.10/site-packages/airflow/example_dags/example_branch_python_dop_operator_3.py took 0.148 seconds
[2023-03-04T10:49:26.556+0530] {processor.py:153} INFO - Started process (PID=34172) to work on /home/ris/PycharmProjects/pythonProject/USA-housing/venv/lib/python3.10/site-packages/airflow/example_dags/example_branch_python_dop_operator_3.py
[2023-03-04T10:49:26.557+0530] {processor.py:743} INFO - Processing file /home/ris/PycharmProjects/pythonProject/USA-housing/venv/lib/python3.10/site-packages/airflow/example_dags/example_branch_python_dop_operator_3.py for tasks to queue
[2023-03-04T10:49:26.558+0530] {logging_mixin.py:137} INFO - [2023-03-04T10:49:26.558+0530] {dagbag.py:538} INFO - Filling up the DagBag from /home/ris/PycharmProjects/pythonProject/USA-housing/venv/lib/python3.10/site-packages/airflow/example_dags/example_branch_python_dop_operator_3.py
[2023-03-04T10:49:26.600+0530] {processor.py:753} INFO - DAG(s) dict_keys(['example_branch_dop_operator_v3']) retrieved from /home/ris/PycharmProjects/pythonProject/USA-housing/venv/lib/python3.10/site-packages/airflow/example_dags/example_branch_python_dop_operator_3.py
[2023-03-04T10:49:26.618+0530] {logging_mixin.py:137} INFO - [2023-03-04T10:49:26.618+0530] {dag.py:2690} INFO - Sync 1 DAGs
[2023-03-04T10:49:26.644+0530] {logging_mixin.py:137} INFO - [2023-03-04T10:49:26.643+0530] {dag.py:3437} INFO - Setting next_dagrun for example_branch_dop_operator_v3 to 2023-03-04T05:18:00+00:00, run_after=2023-03-04T05:19:00+00:00
[2023-03-04T10:49:26.668+0530] {processor.py:175} INFO - Processing /home/ris/PycharmProjects/pythonProject/USA-housing/venv/lib/python3.10/site-packages/airflow/example_dags/example_branch_python_dop_operator_3.py took 0.115 seconds
[2023-03-04T10:50:12.693+0530] {processor.py:153} INFO - Started process (PID=34276) to work on /home/ris/PycharmProjects/pythonProject/USA-housing/venv/lib/python3.10/site-packages/airflow/example_dags/example_branch_python_dop_operator_3.py
[2023-03-04T10:50:12.695+0530] {processor.py:743} INFO - Processing file /home/ris/PycharmProjects/pythonProject/USA-housing/venv/lib/python3.10/site-packages/airflow/example_dags/example_branch_python_dop_operator_3.py for tasks to queue
[2023-03-04T10:50:12.696+0530] {logging_mixin.py:137} INFO - [2023-03-04T10:50:12.696+0530] {dagbag.py:538} INFO - Filling up the DagBag from /home/ris/PycharmProjects/pythonProject/USA-housing/venv/lib/python3.10/site-packages/airflow/example_dags/example_branch_python_dop_operator_3.py
[2023-03-04T10:50:12.734+0530] {processor.py:753} INFO - DAG(s) dict_keys(['example_branch_dop_operator_v3']) retrieved from /home/ris/PycharmProjects/pythonProject/USA-housing/venv/lib/python3.10/site-packages/airflow/example_dags/example_branch_python_dop_operator_3.py
[2023-03-04T10:50:12.761+0530] {logging_mixin.py:137} INFO - [2023-03-04T10:50:12.761+0530] {dag.py:2690} INFO - Sync 1 DAGs
[2023-03-04T10:50:12.814+0530] {logging_mixin.py:137} INFO - [2023-03-04T10:50:12.814+0530] {dag.py:3437} INFO - Setting next_dagrun for example_branch_dop_operator_v3 to 2023-03-04T05:19:00+00:00, run_after=2023-03-04T05:20:00+00:00
[2023-03-04T10:50:12.844+0530] {processor.py:175} INFO - Processing /home/ris/PycharmProjects/pythonProject/USA-housing/venv/lib/python3.10/site-packages/airflow/example_dags/example_branch_python_dop_operator_3.py took 0.154 seconds
[2023-03-04T10:51:02.958+0530] {processor.py:153} INFO - Started process (PID=34347) to work on /home/ris/PycharmProjects/pythonProject/USA-housing/venv/lib/python3.10/site-packages/airflow/example_dags/example_branch_python_dop_operator_3.py
[2023-03-04T10:51:02.960+0530] {processor.py:743} INFO - Processing file /home/ris/PycharmProjects/pythonProject/USA-housing/venv/lib/python3.10/site-packages/airflow/example_dags/example_branch_python_dop_operator_3.py for tasks to queue
[2023-03-04T10:51:02.961+0530] {logging_mixin.py:137} INFO - [2023-03-04T10:51:02.961+0530] {dagbag.py:538} INFO - Filling up the DagBag from /home/ris/PycharmProjects/pythonProject/USA-housing/venv/lib/python3.10/site-packages/airflow/example_dags/example_branch_python_dop_operator_3.py
[2023-03-04T10:51:03.013+0530] {processor.py:753} INFO - DAG(s) dict_keys(['example_branch_dop_operator_v3']) retrieved from /home/ris/PycharmProjects/pythonProject/USA-housing/venv/lib/python3.10/site-packages/airflow/example_dags/example_branch_python_dop_operator_3.py
[2023-03-04T10:51:03.064+0530] {logging_mixin.py:137} INFO - [2023-03-04T10:51:03.064+0530] {dag.py:2690} INFO - Sync 1 DAGs
[2023-03-04T10:51:03.111+0530] {logging_mixin.py:137} INFO - [2023-03-04T10:51:03.110+0530] {dag.py:3437} INFO - Setting next_dagrun for example_branch_dop_operator_v3 to 2023-03-04T05:20:00+00:00, run_after=2023-03-04T05:21:00+00:00
[2023-03-04T10:51:03.148+0530] {processor.py:175} INFO - Processing /home/ris/PycharmProjects/pythonProject/USA-housing/venv/lib/python3.10/site-packages/airflow/example_dags/example_branch_python_dop_operator_3.py took 0.196 seconds
[2023-03-04T10:51:53.356+0530] {processor.py:153} INFO - Started process (PID=34420) to work on /home/ris/PycharmProjects/pythonProject/USA-housing/venv/lib/python3.10/site-packages/airflow/example_dags/example_branch_python_dop_operator_3.py
[2023-03-04T10:51:53.358+0530] {processor.py:743} INFO - Processing file /home/ris/PycharmProjects/pythonProject/USA-housing/venv/lib/python3.10/site-packages/airflow/example_dags/example_branch_python_dop_operator_3.py for tasks to queue
[2023-03-04T10:51:53.359+0530] {logging_mixin.py:137} INFO - [2023-03-04T10:51:53.359+0530] {dagbag.py:538} INFO - Filling up the DagBag from /home/ris/PycharmProjects/pythonProject/USA-housing/venv/lib/python3.10/site-packages/airflow/example_dags/example_branch_python_dop_operator_3.py
[2023-03-04T10:51:53.417+0530] {processor.py:753} INFO - DAG(s) dict_keys(['example_branch_dop_operator_v3']) retrieved from /home/ris/PycharmProjects/pythonProject/USA-housing/venv/lib/python3.10/site-packages/airflow/example_dags/example_branch_python_dop_operator_3.py
[2023-03-04T10:51:53.453+0530] {logging_mixin.py:137} INFO - [2023-03-04T10:51:53.452+0530] {dag.py:2690} INFO - Sync 1 DAGs
[2023-03-04T10:51:53.493+0530] {logging_mixin.py:137} INFO - [2023-03-04T10:51:53.493+0530] {dag.py:3437} INFO - Setting next_dagrun for example_branch_dop_operator_v3 to 2023-03-04T05:20:00+00:00, run_after=2023-03-04T05:21:00+00:00
[2023-03-04T10:51:53.521+0530] {processor.py:175} INFO - Processing /home/ris/PycharmProjects/pythonProject/USA-housing/venv/lib/python3.10/site-packages/airflow/example_dags/example_branch_python_dop_operator_3.py took 0.168 seconds
[2023-03-04T10:52:43.192+0530] {processor.py:153} INFO - Started process (PID=34477) to work on /home/ris/PycharmProjects/pythonProject/USA-housing/venv/lib/python3.10/site-packages/airflow/example_dags/example_branch_python_dop_operator_3.py
[2023-03-04T10:52:43.194+0530] {processor.py:743} INFO - Processing file /home/ris/PycharmProjects/pythonProject/USA-housing/venv/lib/python3.10/site-packages/airflow/example_dags/example_branch_python_dop_operator_3.py for tasks to queue
[2023-03-04T10:52:43.194+0530] {logging_mixin.py:137} INFO - [2023-03-04T10:52:43.194+0530] {dagbag.py:538} INFO - Filling up the DagBag from /home/ris/PycharmProjects/pythonProject/USA-housing/venv/lib/python3.10/site-packages/airflow/example_dags/example_branch_python_dop_operator_3.py
[2023-03-04T10:52:43.218+0530] {processor.py:753} INFO - DAG(s) dict_keys(['example_branch_dop_operator_v3']) retrieved from /home/ris/PycharmProjects/pythonProject/USA-housing/venv/lib/python3.10/site-packages/airflow/example_dags/example_branch_python_dop_operator_3.py
[2023-03-04T10:52:43.240+0530] {logging_mixin.py:137} INFO - [2023-03-04T10:52:43.240+0530] {dag.py:2690} INFO - Sync 1 DAGs
[2023-03-04T10:52:43.271+0530] {logging_mixin.py:137} INFO - [2023-03-04T10:52:43.271+0530] {dag.py:3437} INFO - Setting next_dagrun for example_branch_dop_operator_v3 to 2023-03-04T05:21:00+00:00, run_after=2023-03-04T05:22:00+00:00
[2023-03-04T10:52:43.295+0530] {processor.py:175} INFO - Processing /home/ris/PycharmProjects/pythonProject/USA-housing/venv/lib/python3.10/site-packages/airflow/example_dags/example_branch_python_dop_operator_3.py took 0.105 seconds
[2023-03-04T10:53:37.062+0530] {processor.py:153} INFO - Started process (PID=34685) to work on /home/ris/PycharmProjects/pythonProject/USA-housing/venv/lib/python3.10/site-packages/airflow/example_dags/example_branch_python_dop_operator_3.py
[2023-03-04T10:53:37.064+0530] {processor.py:743} INFO - Processing file /home/ris/PycharmProjects/pythonProject/USA-housing/venv/lib/python3.10/site-packages/airflow/example_dags/example_branch_python_dop_operator_3.py for tasks to queue
[2023-03-04T10:53:37.065+0530] {logging_mixin.py:137} INFO - [2023-03-04T10:53:37.065+0530] {dagbag.py:538} INFO - Filling up the DagBag from /home/ris/PycharmProjects/pythonProject/USA-housing/venv/lib/python3.10/site-packages/airflow/example_dags/example_branch_python_dop_operator_3.py
[2023-03-04T10:53:37.088+0530] {processor.py:753} INFO - DAG(s) dict_keys(['example_branch_dop_operator_v3']) retrieved from /home/ris/PycharmProjects/pythonProject/USA-housing/venv/lib/python3.10/site-packages/airflow/example_dags/example_branch_python_dop_operator_3.py
[2023-03-04T10:53:37.106+0530] {logging_mixin.py:137} INFO - [2023-03-04T10:53:37.105+0530] {dag.py:2690} INFO - Sync 1 DAGs
[2023-03-04T10:53:37.130+0530] {logging_mixin.py:137} INFO - [2023-03-04T10:53:37.129+0530] {dag.py:3437} INFO - Setting next_dagrun for example_branch_dop_operator_v3 to 2023-03-04T05:22:00+00:00, run_after=2023-03-04T05:23:00+00:00
[2023-03-04T10:53:37.149+0530] {processor.py:175} INFO - Processing /home/ris/PycharmProjects/pythonProject/USA-housing/venv/lib/python3.10/site-packages/airflow/example_dags/example_branch_python_dop_operator_3.py took 0.090 seconds
[2023-03-04T10:54:31.681+0530] {processor.py:153} INFO - Started process (PID=34766) to work on /home/ris/PycharmProjects/pythonProject/USA-housing/venv/lib/python3.10/site-packages/airflow/example_dags/example_branch_python_dop_operator_3.py
[2023-03-04T10:54:31.685+0530] {processor.py:743} INFO - Processing file /home/ris/PycharmProjects/pythonProject/USA-housing/venv/lib/python3.10/site-packages/airflow/example_dags/example_branch_python_dop_operator_3.py for tasks to queue
[2023-03-04T10:54:31.686+0530] {logging_mixin.py:137} INFO - [2023-03-04T10:54:31.685+0530] {dagbag.py:538} INFO - Filling up the DagBag from /home/ris/PycharmProjects/pythonProject/USA-housing/venv/lib/python3.10/site-packages/airflow/example_dags/example_branch_python_dop_operator_3.py
[2023-03-04T10:54:31.718+0530] {processor.py:753} INFO - DAG(s) dict_keys(['example_branch_dop_operator_v3']) retrieved from /home/ris/PycharmProjects/pythonProject/USA-housing/venv/lib/python3.10/site-packages/airflow/example_dags/example_branch_python_dop_operator_3.py
[2023-03-04T10:54:31.744+0530] {logging_mixin.py:137} INFO - [2023-03-04T10:54:31.744+0530] {dag.py:2690} INFO - Sync 1 DAGs
[2023-03-04T10:54:31.780+0530] {logging_mixin.py:137} INFO - [2023-03-04T10:54:31.780+0530] {dag.py:3437} INFO - Setting next_dagrun for example_branch_dop_operator_v3 to 2023-03-04T05:23:00+00:00, run_after=2023-03-04T05:24:00+00:00
[2023-03-04T10:54:31.814+0530] {processor.py:175} INFO - Processing /home/ris/PycharmProjects/pythonProject/USA-housing/venv/lib/python3.10/site-packages/airflow/example_dags/example_branch_python_dop_operator_3.py took 0.141 seconds
[2023-03-04T10:55:16.813+0530] {processor.py:153} INFO - Started process (PID=34825) to work on /home/ris/PycharmProjects/pythonProject/USA-housing/venv/lib/python3.10/site-packages/airflow/example_dags/example_branch_python_dop_operator_3.py
[2023-03-04T10:55:16.814+0530] {processor.py:743} INFO - Processing file /home/ris/PycharmProjects/pythonProject/USA-housing/venv/lib/python3.10/site-packages/airflow/example_dags/example_branch_python_dop_operator_3.py for tasks to queue
[2023-03-04T10:55:16.815+0530] {logging_mixin.py:137} INFO - [2023-03-04T10:55:16.815+0530] {dagbag.py:538} INFO - Filling up the DagBag from /home/ris/PycharmProjects/pythonProject/USA-housing/venv/lib/python3.10/site-packages/airflow/example_dags/example_branch_python_dop_operator_3.py
[2023-03-04T10:55:16.840+0530] {processor.py:753} INFO - DAG(s) dict_keys(['example_branch_dop_operator_v3']) retrieved from /home/ris/PycharmProjects/pythonProject/USA-housing/venv/lib/python3.10/site-packages/airflow/example_dags/example_branch_python_dop_operator_3.py
[2023-03-04T10:55:16.858+0530] {logging_mixin.py:137} INFO - [2023-03-04T10:55:16.858+0530] {dag.py:2690} INFO - Sync 1 DAGs
[2023-03-04T10:55:16.881+0530] {logging_mixin.py:137} INFO - [2023-03-04T10:55:16.880+0530] {dag.py:3437} INFO - Setting next_dagrun for example_branch_dop_operator_v3 to 2023-03-04T05:24:00+00:00, run_after=2023-03-04T05:25:00+00:00
[2023-03-04T10:55:16.900+0530] {processor.py:175} INFO - Processing /home/ris/PycharmProjects/pythonProject/USA-housing/venv/lib/python3.10/site-packages/airflow/example_dags/example_branch_python_dop_operator_3.py took 0.090 seconds
[2023-03-04T10:55:57.083+0530] {processor.py:153} INFO - Started process (PID=34880) to work on /home/ris/PycharmProjects/pythonProject/USA-housing/venv/lib/python3.10/site-packages/airflow/example_dags/example_branch_python_dop_operator_3.py
[2023-03-04T10:55:57.086+0530] {processor.py:743} INFO - Processing file /home/ris/PycharmProjects/pythonProject/USA-housing/venv/lib/python3.10/site-packages/airflow/example_dags/example_branch_python_dop_operator_3.py for tasks to queue
[2023-03-04T10:55:57.087+0530] {logging_mixin.py:137} INFO - [2023-03-04T10:55:57.086+0530] {dagbag.py:538} INFO - Filling up the DagBag from /home/ris/PycharmProjects/pythonProject/USA-housing/venv/lib/python3.10/site-packages/airflow/example_dags/example_branch_python_dop_operator_3.py
[2023-03-04T10:55:57.119+0530] {processor.py:753} INFO - DAG(s) dict_keys(['example_branch_dop_operator_v3']) retrieved from /home/ris/PycharmProjects/pythonProject/USA-housing/venv/lib/python3.10/site-packages/airflow/example_dags/example_branch_python_dop_operator_3.py
[2023-03-04T10:55:57.141+0530] {logging_mixin.py:137} INFO - [2023-03-04T10:55:57.141+0530] {dag.py:2690} INFO - Sync 1 DAGs
[2023-03-04T10:55:57.163+0530] {logging_mixin.py:137} INFO - [2023-03-04T10:55:57.163+0530] {dag.py:3437} INFO - Setting next_dagrun for example_branch_dop_operator_v3 to 2023-03-04T05:24:00+00:00, run_after=2023-03-04T05:25:00+00:00
[2023-03-04T10:55:57.185+0530] {processor.py:175} INFO - Processing /home/ris/PycharmProjects/pythonProject/USA-housing/venv/lib/python3.10/site-packages/airflow/example_dags/example_branch_python_dop_operator_3.py took 0.106 seconds
[2023-03-04T10:56:55.766+0530] {processor.py:153} INFO - Started process (PID=34974) to work on /home/ris/PycharmProjects/pythonProject/USA-housing/venv/lib/python3.10/site-packages/airflow/example_dags/example_branch_python_dop_operator_3.py
[2023-03-04T10:56:55.768+0530] {processor.py:743} INFO - Processing file /home/ris/PycharmProjects/pythonProject/USA-housing/venv/lib/python3.10/site-packages/airflow/example_dags/example_branch_python_dop_operator_3.py for tasks to queue
[2023-03-04T10:56:55.770+0530] {logging_mixin.py:137} INFO - [2023-03-04T10:56:55.769+0530] {dagbag.py:538} INFO - Filling up the DagBag from /home/ris/PycharmProjects/pythonProject/USA-housing/venv/lib/python3.10/site-packages/airflow/example_dags/example_branch_python_dop_operator_3.py
[2023-03-04T10:56:55.796+0530] {processor.py:753} INFO - DAG(s) dict_keys(['example_branch_dop_operator_v3']) retrieved from /home/ris/PycharmProjects/pythonProject/USA-housing/venv/lib/python3.10/site-packages/airflow/example_dags/example_branch_python_dop_operator_3.py
[2023-03-04T10:56:55.823+0530] {logging_mixin.py:137} INFO - [2023-03-04T10:56:55.823+0530] {dag.py:2690} INFO - Sync 1 DAGs
[2023-03-04T10:56:55.846+0530] {logging_mixin.py:137} INFO - [2023-03-04T10:56:55.846+0530] {dag.py:3437} INFO - Setting next_dagrun for example_branch_dop_operator_v3 to 2023-03-04T05:25:00+00:00, run_after=2023-03-04T05:26:00+00:00
[2023-03-04T10:56:55.866+0530] {processor.py:175} INFO - Processing /home/ris/PycharmProjects/pythonProject/USA-housing/venv/lib/python3.10/site-packages/airflow/example_dags/example_branch_python_dop_operator_3.py took 0.104 seconds
[2023-03-04T10:57:49.070+0530] {processor.py:153} INFO - Started process (PID=35050) to work on /home/ris/PycharmProjects/pythonProject/USA-housing/venv/lib/python3.10/site-packages/airflow/example_dags/example_branch_python_dop_operator_3.py
[2023-03-04T10:57:49.072+0530] {processor.py:743} INFO - Processing file /home/ris/PycharmProjects/pythonProject/USA-housing/venv/lib/python3.10/site-packages/airflow/example_dags/example_branch_python_dop_operator_3.py for tasks to queue
[2023-03-04T10:57:49.072+0530] {logging_mixin.py:137} INFO - [2023-03-04T10:57:49.072+0530] {dagbag.py:538} INFO - Filling up the DagBag from /home/ris/PycharmProjects/pythonProject/USA-housing/venv/lib/python3.10/site-packages/airflow/example_dags/example_branch_python_dop_operator_3.py
[2023-03-04T10:57:49.096+0530] {processor.py:753} INFO - DAG(s) dict_keys(['example_branch_dop_operator_v3']) retrieved from /home/ris/PycharmProjects/pythonProject/USA-housing/venv/lib/python3.10/site-packages/airflow/example_dags/example_branch_python_dop_operator_3.py
[2023-03-04T10:57:49.114+0530] {logging_mixin.py:137} INFO - [2023-03-04T10:57:49.114+0530] {dag.py:2690} INFO - Sync 1 DAGs
[2023-03-04T10:57:49.139+0530] {logging_mixin.py:137} INFO - [2023-03-04T10:57:49.139+0530] {dag.py:3437} INFO - Setting next_dagrun for example_branch_dop_operator_v3 to 2023-03-04T05:26:00+00:00, run_after=2023-03-04T05:27:00+00:00
[2023-03-04T10:57:49.164+0530] {processor.py:175} INFO - Processing /home/ris/PycharmProjects/pythonProject/USA-housing/venv/lib/python3.10/site-packages/airflow/example_dags/example_branch_python_dop_operator_3.py took 0.097 seconds
[2023-03-04T11:01:39.081+0530] {processor.py:153} INFO - Started process (PID=35226) to work on /home/ris/PycharmProjects/pythonProject/USA-housing/venv/lib/python3.10/site-packages/airflow/example_dags/example_branch_python_dop_operator_3.py
[2023-03-04T11:01:39.082+0530] {processor.py:743} INFO - Processing file /home/ris/PycharmProjects/pythonProject/USA-housing/venv/lib/python3.10/site-packages/airflow/example_dags/example_branch_python_dop_operator_3.py for tasks to queue
[2023-03-04T11:01:39.083+0530] {logging_mixin.py:137} INFO - [2023-03-04T11:01:39.083+0530] {dagbag.py:538} INFO - Filling up the DagBag from /home/ris/PycharmProjects/pythonProject/USA-housing/venv/lib/python3.10/site-packages/airflow/example_dags/example_branch_python_dop_operator_3.py
[2023-03-04T11:01:39.114+0530] {processor.py:753} INFO - DAG(s) dict_keys(['example_branch_dop_operator_v3']) retrieved from /home/ris/PycharmProjects/pythonProject/USA-housing/venv/lib/python3.10/site-packages/airflow/example_dags/example_branch_python_dop_operator_3.py
[2023-03-04T11:01:39.142+0530] {logging_mixin.py:137} INFO - [2023-03-04T11:01:39.142+0530] {dag.py:2690} INFO - Sync 1 DAGs
[2023-03-04T11:01:39.171+0530] {logging_mixin.py:137} INFO - [2023-03-04T11:01:39.171+0530] {dag.py:3437} INFO - Setting next_dagrun for example_branch_dop_operator_v3 to 2023-03-04T05:30:00+00:00, run_after=2023-03-04T05:31:00+00:00
[2023-03-04T11:01:39.206+0530] {processor.py:175} INFO - Processing /home/ris/PycharmProjects/pythonProject/USA-housing/venv/lib/python3.10/site-packages/airflow/example_dags/example_branch_python_dop_operator_3.py took 0.128 seconds
