[2023-03-04T09:23:37.681+0530] {processor.py:153} INFO - Started process (PID=29492) to work on /home/ris/PycharmProjects/pythonProject/USA-housing/venv/lib/python3.10/site-packages/airflow/example_dags/example_short_circuit_decorator.py
[2023-03-04T09:23:37.682+0530] {processor.py:743} INFO - Processing file /home/ris/PycharmProjects/pythonProject/USA-housing/venv/lib/python3.10/site-packages/airflow/example_dags/example_short_circuit_decorator.py for tasks to queue
[2023-03-04T09:23:37.682+0530] {logging_mixin.py:137} INFO - [2023-03-04T09:23:37.682+0530] {dagbag.py:538} INFO - Filling up the DagBag from /home/ris/PycharmProjects/pythonProject/USA-housing/venv/lib/python3.10/site-packages/airflow/example_dags/example_short_circuit_decorator.py
[2023-03-04T09:23:37.707+0530] {processor.py:753} INFO - DAG(s) dict_keys(['example_short_circuit_decorator']) retrieved from /home/ris/PycharmProjects/pythonProject/USA-housing/venv/lib/python3.10/site-packages/airflow/example_dags/example_short_circuit_decorator.py
[2023-03-04T09:23:37.723+0530] {logging_mixin.py:137} INFO - [2023-03-04T09:23:37.723+0530] {dag.py:2690} INFO - Sync 1 DAGs
[2023-03-04T09:23:37.741+0530] {logging_mixin.py:137} INFO - [2023-03-04T09:23:37.741+0530] {dag.py:3437} INFO - Setting next_dagrun for example_short_circuit_decorator to 2023-03-03T03:53:37.741220+00:00, run_after=2023-03-04T03:53:37.741220+00:00
[2023-03-04T09:23:37.765+0530] {processor.py:175} INFO - Processing /home/ris/PycharmProjects/pythonProject/USA-housing/venv/lib/python3.10/site-packages/airflow/example_dags/example_short_circuit_decorator.py took 0.086 seconds
[2023-03-04T09:24:19.186+0530] {processor.py:153} INFO - Started process (PID=29753) to work on /home/ris/PycharmProjects/pythonProject/USA-housing/venv/lib/python3.10/site-packages/airflow/example_dags/example_short_circuit_decorator.py
[2023-03-04T09:24:19.188+0530] {processor.py:743} INFO - Processing file /home/ris/PycharmProjects/pythonProject/USA-housing/venv/lib/python3.10/site-packages/airflow/example_dags/example_short_circuit_decorator.py for tasks to queue
[2023-03-04T09:24:19.189+0530] {logging_mixin.py:137} INFO - [2023-03-04T09:24:19.189+0530] {dagbag.py:538} INFO - Filling up the DagBag from /home/ris/PycharmProjects/pythonProject/USA-housing/venv/lib/python3.10/site-packages/airflow/example_dags/example_short_circuit_decorator.py
[2023-03-04T09:24:19.231+0530] {processor.py:753} INFO - DAG(s) dict_keys(['example_short_circuit_decorator']) retrieved from /home/ris/PycharmProjects/pythonProject/USA-housing/venv/lib/python3.10/site-packages/airflow/example_dags/example_short_circuit_decorator.py
[2023-03-04T09:24:19.246+0530] {logging_mixin.py:137} INFO - [2023-03-04T09:24:19.246+0530] {dag.py:2690} INFO - Sync 1 DAGs
[2023-03-04T09:24:19.263+0530] {logging_mixin.py:137} INFO - [2023-03-04T09:24:19.263+0530] {dag.py:3437} INFO - Setting next_dagrun for example_short_circuit_decorator to 2023-03-03T03:54:19.263591+00:00, run_after=2023-03-04T03:54:19.263591+00:00
[2023-03-04T09:24:19.281+0530] {processor.py:175} INFO - Processing /home/ris/PycharmProjects/pythonProject/USA-housing/venv/lib/python3.10/site-packages/airflow/example_dags/example_short_circuit_decorator.py took 0.099 seconds
[2023-03-04T09:25:01.216+0530] {processor.py:153} INFO - Started process (PID=29797) to work on /home/ris/PycharmProjects/pythonProject/USA-housing/venv/lib/python3.10/site-packages/airflow/example_dags/example_short_circuit_decorator.py
[2023-03-04T09:25:01.218+0530] {processor.py:743} INFO - Processing file /home/ris/PycharmProjects/pythonProject/USA-housing/venv/lib/python3.10/site-packages/airflow/example_dags/example_short_circuit_decorator.py for tasks to queue
[2023-03-04T09:25:01.219+0530] {logging_mixin.py:137} INFO - [2023-03-04T09:25:01.219+0530] {dagbag.py:538} INFO - Filling up the DagBag from /home/ris/PycharmProjects/pythonProject/USA-housing/venv/lib/python3.10/site-packages/airflow/example_dags/example_short_circuit_decorator.py
[2023-03-04T09:25:01.248+0530] {processor.py:753} INFO - DAG(s) dict_keys(['example_short_circuit_decorator']) retrieved from /home/ris/PycharmProjects/pythonProject/USA-housing/venv/lib/python3.10/site-packages/airflow/example_dags/example_short_circuit_decorator.py
[2023-03-04T09:25:01.264+0530] {logging_mixin.py:137} INFO - [2023-03-04T09:25:01.264+0530] {dag.py:2690} INFO - Sync 1 DAGs
[2023-03-04T09:25:01.281+0530] {logging_mixin.py:137} INFO - [2023-03-04T09:25:01.281+0530] {dag.py:3437} INFO - Setting next_dagrun for example_short_circuit_decorator to 2023-03-03T03:55:01.281481+00:00, run_after=2023-03-04T03:55:01.281481+00:00
[2023-03-04T09:25:01.299+0530] {processor.py:175} INFO - Processing /home/ris/PycharmProjects/pythonProject/USA-housing/venv/lib/python3.10/site-packages/airflow/example_dags/example_short_circuit_decorator.py took 0.088 seconds
[2023-03-04T09:25:44.857+0530] {processor.py:153} INFO - Started process (PID=30009) to work on /home/ris/PycharmProjects/pythonProject/USA-housing/venv/lib/python3.10/site-packages/airflow/example_dags/example_short_circuit_decorator.py
[2023-03-04T09:25:44.858+0530] {processor.py:743} INFO - Processing file /home/ris/PycharmProjects/pythonProject/USA-housing/venv/lib/python3.10/site-packages/airflow/example_dags/example_short_circuit_decorator.py for tasks to queue
[2023-03-04T09:25:44.859+0530] {logging_mixin.py:137} INFO - [2023-03-04T09:25:44.859+0530] {dagbag.py:538} INFO - Filling up the DagBag from /home/ris/PycharmProjects/pythonProject/USA-housing/venv/lib/python3.10/site-packages/airflow/example_dags/example_short_circuit_decorator.py
[2023-03-04T09:25:44.881+0530] {processor.py:753} INFO - DAG(s) dict_keys(['example_short_circuit_decorator']) retrieved from /home/ris/PycharmProjects/pythonProject/USA-housing/venv/lib/python3.10/site-packages/airflow/example_dags/example_short_circuit_decorator.py
[2023-03-04T09:25:44.902+0530] {logging_mixin.py:137} INFO - [2023-03-04T09:25:44.902+0530] {dag.py:2690} INFO - Sync 1 DAGs
[2023-03-04T09:25:44.924+0530] {logging_mixin.py:137} INFO - [2023-03-04T09:25:44.924+0530] {dag.py:3437} INFO - Setting next_dagrun for example_short_circuit_decorator to 2023-03-03T03:55:44.924472+00:00, run_after=2023-03-04T03:55:44.924472+00:00
[2023-03-04T09:25:44.947+0530] {processor.py:175} INFO - Processing /home/ris/PycharmProjects/pythonProject/USA-housing/venv/lib/python3.10/site-packages/airflow/example_dags/example_short_circuit_decorator.py took 0.093 seconds
[2023-03-04T09:26:32.641+0530] {processor.py:153} INFO - Started process (PID=30127) to work on /home/ris/PycharmProjects/pythonProject/USA-housing/venv/lib/python3.10/site-packages/airflow/example_dags/example_short_circuit_decorator.py
[2023-03-04T09:26:32.643+0530] {processor.py:743} INFO - Processing file /home/ris/PycharmProjects/pythonProject/USA-housing/venv/lib/python3.10/site-packages/airflow/example_dags/example_short_circuit_decorator.py for tasks to queue
[2023-03-04T09:26:32.644+0530] {logging_mixin.py:137} INFO - [2023-03-04T09:26:32.644+0530] {dagbag.py:538} INFO - Filling up the DagBag from /home/ris/PycharmProjects/pythonProject/USA-housing/venv/lib/python3.10/site-packages/airflow/example_dags/example_short_circuit_decorator.py
[2023-03-04T09:26:32.687+0530] {processor.py:753} INFO - DAG(s) dict_keys(['example_short_circuit_decorator']) retrieved from /home/ris/PycharmProjects/pythonProject/USA-housing/venv/lib/python3.10/site-packages/airflow/example_dags/example_short_circuit_decorator.py
[2023-03-04T09:26:32.703+0530] {logging_mixin.py:137} INFO - [2023-03-04T09:26:32.703+0530] {dag.py:2690} INFO - Sync 1 DAGs
[2023-03-04T09:26:32.719+0530] {logging_mixin.py:137} INFO - [2023-03-04T09:26:32.718+0530] {dag.py:3437} INFO - Setting next_dagrun for example_short_circuit_decorator to 2023-03-03T03:56:32.718721+00:00, run_after=2023-03-04T03:56:32.718721+00:00
[2023-03-04T09:26:32.737+0530] {processor.py:175} INFO - Processing /home/ris/PycharmProjects/pythonProject/USA-housing/venv/lib/python3.10/site-packages/airflow/example_dags/example_short_circuit_decorator.py took 0.101 seconds
[2023-03-04T09:27:22.301+0530] {processor.py:153} INFO - Started process (PID=30175) to work on /home/ris/PycharmProjects/pythonProject/USA-housing/venv/lib/python3.10/site-packages/airflow/example_dags/example_short_circuit_decorator.py
[2023-03-04T09:27:22.303+0530] {processor.py:743} INFO - Processing file /home/ris/PycharmProjects/pythonProject/USA-housing/venv/lib/python3.10/site-packages/airflow/example_dags/example_short_circuit_decorator.py for tasks to queue
[2023-03-04T09:27:22.304+0530] {logging_mixin.py:137} INFO - [2023-03-04T09:27:22.304+0530] {dagbag.py:538} INFO - Filling up the DagBag from /home/ris/PycharmProjects/pythonProject/USA-housing/venv/lib/python3.10/site-packages/airflow/example_dags/example_short_circuit_decorator.py
[2023-03-04T09:27:22.347+0530] {processor.py:753} INFO - DAG(s) dict_keys(['example_short_circuit_decorator']) retrieved from /home/ris/PycharmProjects/pythonProject/USA-housing/venv/lib/python3.10/site-packages/airflow/example_dags/example_short_circuit_decorator.py
[2023-03-04T09:27:22.363+0530] {logging_mixin.py:137} INFO - [2023-03-04T09:27:22.362+0530] {dag.py:2690} INFO - Sync 1 DAGs
[2023-03-04T09:27:22.378+0530] {logging_mixin.py:137} INFO - [2023-03-04T09:27:22.378+0530] {dag.py:3437} INFO - Setting next_dagrun for example_short_circuit_decorator to 2023-03-03T03:57:22.378464+00:00, run_after=2023-03-04T03:57:22.378464+00:00
[2023-03-04T09:27:22.396+0530] {processor.py:175} INFO - Processing /home/ris/PycharmProjects/pythonProject/USA-housing/venv/lib/python3.10/site-packages/airflow/example_dags/example_short_circuit_decorator.py took 0.099 seconds
[2023-03-04T09:28:04.352+0530] {processor.py:153} INFO - Started process (PID=30220) to work on /home/ris/PycharmProjects/pythonProject/USA-housing/venv/lib/python3.10/site-packages/airflow/example_dags/example_short_circuit_decorator.py
[2023-03-04T09:28:04.354+0530] {processor.py:743} INFO - Processing file /home/ris/PycharmProjects/pythonProject/USA-housing/venv/lib/python3.10/site-packages/airflow/example_dags/example_short_circuit_decorator.py for tasks to queue
[2023-03-04T09:28:04.356+0530] {logging_mixin.py:137} INFO - [2023-03-04T09:28:04.355+0530] {dagbag.py:538} INFO - Filling up the DagBag from /home/ris/PycharmProjects/pythonProject/USA-housing/venv/lib/python3.10/site-packages/airflow/example_dags/example_short_circuit_decorator.py
[2023-03-04T09:28:04.400+0530] {processor.py:753} INFO - DAG(s) dict_keys(['example_short_circuit_decorator']) retrieved from /home/ris/PycharmProjects/pythonProject/USA-housing/venv/lib/python3.10/site-packages/airflow/example_dags/example_short_circuit_decorator.py
[2023-03-04T09:28:04.415+0530] {logging_mixin.py:137} INFO - [2023-03-04T09:28:04.415+0530] {dag.py:2690} INFO - Sync 1 DAGs
[2023-03-04T09:28:04.431+0530] {logging_mixin.py:137} INFO - [2023-03-04T09:28:04.431+0530] {dag.py:3437} INFO - Setting next_dagrun for example_short_circuit_decorator to 2023-03-03T03:58:04.431188+00:00, run_after=2023-03-04T03:58:04.431188+00:00
[2023-03-04T09:28:04.451+0530] {processor.py:175} INFO - Processing /home/ris/PycharmProjects/pythonProject/USA-housing/venv/lib/python3.10/site-packages/airflow/example_dags/example_short_circuit_decorator.py took 0.103 seconds
[2023-03-04T09:28:47.968+0530] {processor.py:153} INFO - Started process (PID=30267) to work on /home/ris/PycharmProjects/pythonProject/USA-housing/venv/lib/python3.10/site-packages/airflow/example_dags/example_short_circuit_decorator.py
[2023-03-04T09:28:47.970+0530] {processor.py:743} INFO - Processing file /home/ris/PycharmProjects/pythonProject/USA-housing/venv/lib/python3.10/site-packages/airflow/example_dags/example_short_circuit_decorator.py for tasks to queue
[2023-03-04T09:28:47.971+0530] {logging_mixin.py:137} INFO - [2023-03-04T09:28:47.971+0530] {dagbag.py:538} INFO - Filling up the DagBag from /home/ris/PycharmProjects/pythonProject/USA-housing/venv/lib/python3.10/site-packages/airflow/example_dags/example_short_circuit_decorator.py
[2023-03-04T09:28:48.013+0530] {processor.py:753} INFO - DAG(s) dict_keys(['example_short_circuit_decorator']) retrieved from /home/ris/PycharmProjects/pythonProject/USA-housing/venv/lib/python3.10/site-packages/airflow/example_dags/example_short_circuit_decorator.py
[2023-03-04T09:28:48.029+0530] {logging_mixin.py:137} INFO - [2023-03-04T09:28:48.029+0530] {dag.py:2690} INFO - Sync 1 DAGs
[2023-03-04T09:28:48.045+0530] {logging_mixin.py:137} INFO - [2023-03-04T09:28:48.045+0530] {dag.py:3437} INFO - Setting next_dagrun for example_short_circuit_decorator to 2023-03-03T03:58:48.045591+00:00, run_after=2023-03-04T03:58:48.045591+00:00
[2023-03-04T09:28:48.063+0530] {processor.py:175} INFO - Processing /home/ris/PycharmProjects/pythonProject/USA-housing/venv/lib/python3.10/site-packages/airflow/example_dags/example_short_circuit_decorator.py took 0.099 seconds
[2023-03-04T09:29:33.463+0530] {processor.py:153} INFO - Started process (PID=30313) to work on /home/ris/PycharmProjects/pythonProject/USA-housing/venv/lib/python3.10/site-packages/airflow/example_dags/example_short_circuit_decorator.py
[2023-03-04T09:29:33.465+0530] {processor.py:743} INFO - Processing file /home/ris/PycharmProjects/pythonProject/USA-housing/venv/lib/python3.10/site-packages/airflow/example_dags/example_short_circuit_decorator.py for tasks to queue
[2023-03-04T09:29:33.466+0530] {logging_mixin.py:137} INFO - [2023-03-04T09:29:33.466+0530] {dagbag.py:538} INFO - Filling up the DagBag from /home/ris/PycharmProjects/pythonProject/USA-housing/venv/lib/python3.10/site-packages/airflow/example_dags/example_short_circuit_decorator.py
[2023-03-04T09:29:33.489+0530] {processor.py:753} INFO - DAG(s) dict_keys(['example_short_circuit_decorator']) retrieved from /home/ris/PycharmProjects/pythonProject/USA-housing/venv/lib/python3.10/site-packages/airflow/example_dags/example_short_circuit_decorator.py
[2023-03-04T09:29:33.505+0530] {logging_mixin.py:137} INFO - [2023-03-04T09:29:33.505+0530] {dag.py:2690} INFO - Sync 1 DAGs
[2023-03-04T09:29:33.522+0530] {logging_mixin.py:137} INFO - [2023-03-04T09:29:33.522+0530] {dag.py:3437} INFO - Setting next_dagrun for example_short_circuit_decorator to 2023-03-03T03:59:33.521925+00:00, run_after=2023-03-04T03:59:33.521925+00:00
[2023-03-04T09:29:33.540+0530] {processor.py:175} INFO - Processing /home/ris/PycharmProjects/pythonProject/USA-housing/venv/lib/python3.10/site-packages/airflow/example_dags/example_short_circuit_decorator.py took 0.081 seconds
[2023-03-04T09:30:22.516+0530] {processor.py:153} INFO - Started process (PID=30368) to work on /home/ris/PycharmProjects/pythonProject/USA-housing/venv/lib/python3.10/site-packages/airflow/example_dags/example_short_circuit_decorator.py
[2023-03-04T09:30:22.518+0530] {processor.py:743} INFO - Processing file /home/ris/PycharmProjects/pythonProject/USA-housing/venv/lib/python3.10/site-packages/airflow/example_dags/example_short_circuit_decorator.py for tasks to queue
[2023-03-04T09:30:22.519+0530] {logging_mixin.py:137} INFO - [2023-03-04T09:30:22.518+0530] {dagbag.py:538} INFO - Filling up the DagBag from /home/ris/PycharmProjects/pythonProject/USA-housing/venv/lib/python3.10/site-packages/airflow/example_dags/example_short_circuit_decorator.py
[2023-03-04T09:30:22.560+0530] {processor.py:753} INFO - DAG(s) dict_keys(['example_short_circuit_decorator']) retrieved from /home/ris/PycharmProjects/pythonProject/USA-housing/venv/lib/python3.10/site-packages/airflow/example_dags/example_short_circuit_decorator.py
[2023-03-04T09:30:22.576+0530] {logging_mixin.py:137} INFO - [2023-03-04T09:30:22.576+0530] {dag.py:2690} INFO - Sync 1 DAGs
[2023-03-04T09:30:22.592+0530] {logging_mixin.py:137} INFO - [2023-03-04T09:30:22.591+0530] {dag.py:3437} INFO - Setting next_dagrun for example_short_circuit_decorator to 2023-03-03T04:00:22.591613+00:00, run_after=2023-03-04T04:00:22.591613+00:00
[2023-03-04T09:30:22.609+0530] {processor.py:175} INFO - Processing /home/ris/PycharmProjects/pythonProject/USA-housing/venv/lib/python3.10/site-packages/airflow/example_dags/example_short_circuit_decorator.py took 0.097 seconds
[2023-03-04T09:31:11.657+0530] {processor.py:153} INFO - Started process (PID=30417) to work on /home/ris/PycharmProjects/pythonProject/USA-housing/venv/lib/python3.10/site-packages/airflow/example_dags/example_short_circuit_decorator.py
[2023-03-04T09:31:11.659+0530] {processor.py:743} INFO - Processing file /home/ris/PycharmProjects/pythonProject/USA-housing/venv/lib/python3.10/site-packages/airflow/example_dags/example_short_circuit_decorator.py for tasks to queue
[2023-03-04T09:31:11.660+0530] {logging_mixin.py:137} INFO - [2023-03-04T09:31:11.660+0530] {dagbag.py:538} INFO - Filling up the DagBag from /home/ris/PycharmProjects/pythonProject/USA-housing/venv/lib/python3.10/site-packages/airflow/example_dags/example_short_circuit_decorator.py
[2023-03-04T09:31:11.704+0530] {processor.py:753} INFO - DAG(s) dict_keys(['example_short_circuit_decorator']) retrieved from /home/ris/PycharmProjects/pythonProject/USA-housing/venv/lib/python3.10/site-packages/airflow/example_dags/example_short_circuit_decorator.py
[2023-03-04T09:31:11.720+0530] {logging_mixin.py:137} INFO - [2023-03-04T09:31:11.719+0530] {dag.py:2690} INFO - Sync 1 DAGs
[2023-03-04T09:31:11.735+0530] {logging_mixin.py:137} INFO - [2023-03-04T09:31:11.735+0530] {dag.py:3437} INFO - Setting next_dagrun for example_short_circuit_decorator to 2023-03-03T04:01:11.735584+00:00, run_after=2023-03-04T04:01:11.735584+00:00
[2023-03-04T09:31:11.753+0530] {processor.py:175} INFO - Processing /home/ris/PycharmProjects/pythonProject/USA-housing/venv/lib/python3.10/site-packages/airflow/example_dags/example_short_circuit_decorator.py took 0.100 seconds
[2023-03-04T09:31:56.816+0530] {processor.py:153} INFO - Started process (PID=30461) to work on /home/ris/PycharmProjects/pythonProject/USA-housing/venv/lib/python3.10/site-packages/airflow/example_dags/example_short_circuit_decorator.py
[2023-03-04T09:31:56.818+0530] {processor.py:743} INFO - Processing file /home/ris/PycharmProjects/pythonProject/USA-housing/venv/lib/python3.10/site-packages/airflow/example_dags/example_short_circuit_decorator.py for tasks to queue
[2023-03-04T09:31:56.818+0530] {logging_mixin.py:137} INFO - [2023-03-04T09:31:56.818+0530] {dagbag.py:538} INFO - Filling up the DagBag from /home/ris/PycharmProjects/pythonProject/USA-housing/venv/lib/python3.10/site-packages/airflow/example_dags/example_short_circuit_decorator.py
[2023-03-04T09:31:56.838+0530] {processor.py:753} INFO - DAG(s) dict_keys(['example_short_circuit_decorator']) retrieved from /home/ris/PycharmProjects/pythonProject/USA-housing/venv/lib/python3.10/site-packages/airflow/example_dags/example_short_circuit_decorator.py
[2023-03-04T09:31:56.854+0530] {logging_mixin.py:137} INFO - [2023-03-04T09:31:56.854+0530] {dag.py:2690} INFO - Sync 1 DAGs
[2023-03-04T09:31:56.870+0530] {logging_mixin.py:137} INFO - [2023-03-04T09:31:56.870+0530] {dag.py:3437} INFO - Setting next_dagrun for example_short_circuit_decorator to 2023-03-03T04:01:56.869899+00:00, run_after=2023-03-04T04:01:56.869899+00:00
[2023-03-04T09:31:56.888+0530] {processor.py:175} INFO - Processing /home/ris/PycharmProjects/pythonProject/USA-housing/venv/lib/python3.10/site-packages/airflow/example_dags/example_short_circuit_decorator.py took 0.074 seconds
[2023-03-04T09:32:43.534+0530] {processor.py:153} INFO - Started process (PID=30509) to work on /home/ris/PycharmProjects/pythonProject/USA-housing/venv/lib/python3.10/site-packages/airflow/example_dags/example_short_circuit_decorator.py
[2023-03-04T09:32:43.536+0530] {processor.py:743} INFO - Processing file /home/ris/PycharmProjects/pythonProject/USA-housing/venv/lib/python3.10/site-packages/airflow/example_dags/example_short_circuit_decorator.py for tasks to queue
[2023-03-04T09:32:43.537+0530] {logging_mixin.py:137} INFO - [2023-03-04T09:32:43.537+0530] {dagbag.py:538} INFO - Filling up the DagBag from /home/ris/PycharmProjects/pythonProject/USA-housing/venv/lib/python3.10/site-packages/airflow/example_dags/example_short_circuit_decorator.py
[2023-03-04T09:32:43.580+0530] {processor.py:753} INFO - DAG(s) dict_keys(['example_short_circuit_decorator']) retrieved from /home/ris/PycharmProjects/pythonProject/USA-housing/venv/lib/python3.10/site-packages/airflow/example_dags/example_short_circuit_decorator.py
[2023-03-04T09:32:43.596+0530] {logging_mixin.py:137} INFO - [2023-03-04T09:32:43.596+0530] {dag.py:2690} INFO - Sync 1 DAGs
[2023-03-04T09:32:43.613+0530] {logging_mixin.py:137} INFO - [2023-03-04T09:32:43.612+0530] {dag.py:3437} INFO - Setting next_dagrun for example_short_circuit_decorator to 2023-03-03T04:02:43.612682+00:00, run_after=2023-03-04T04:02:43.612682+00:00
[2023-03-04T09:32:43.630+0530] {processor.py:175} INFO - Processing /home/ris/PycharmProjects/pythonProject/USA-housing/venv/lib/python3.10/site-packages/airflow/example_dags/example_short_circuit_decorator.py took 0.100 seconds
[2023-03-04T09:33:32.894+0530] {processor.py:153} INFO - Started process (PID=30556) to work on /home/ris/PycharmProjects/pythonProject/USA-housing/venv/lib/python3.10/site-packages/airflow/example_dags/example_short_circuit_decorator.py
[2023-03-04T09:33:32.896+0530] {processor.py:743} INFO - Processing file /home/ris/PycharmProjects/pythonProject/USA-housing/venv/lib/python3.10/site-packages/airflow/example_dags/example_short_circuit_decorator.py for tasks to queue
[2023-03-04T09:33:32.897+0530] {logging_mixin.py:137} INFO - [2023-03-04T09:33:32.897+0530] {dagbag.py:538} INFO - Filling up the DagBag from /home/ris/PycharmProjects/pythonProject/USA-housing/venv/lib/python3.10/site-packages/airflow/example_dags/example_short_circuit_decorator.py
[2023-03-04T09:33:32.940+0530] {processor.py:753} INFO - DAG(s) dict_keys(['example_short_circuit_decorator']) retrieved from /home/ris/PycharmProjects/pythonProject/USA-housing/venv/lib/python3.10/site-packages/airflow/example_dags/example_short_circuit_decorator.py
[2023-03-04T09:33:32.955+0530] {logging_mixin.py:137} INFO - [2023-03-04T09:33:32.955+0530] {dag.py:2690} INFO - Sync 1 DAGs
[2023-03-04T09:33:32.972+0530] {logging_mixin.py:137} INFO - [2023-03-04T09:33:32.972+0530] {dag.py:3437} INFO - Setting next_dagrun for example_short_circuit_decorator to 2023-03-03T04:03:32.972409+00:00, run_after=2023-03-04T04:03:32.972409+00:00
[2023-03-04T09:33:32.990+0530] {processor.py:175} INFO - Processing /home/ris/PycharmProjects/pythonProject/USA-housing/venv/lib/python3.10/site-packages/airflow/example_dags/example_short_circuit_decorator.py took 0.100 seconds
[2023-03-04T09:34:12.822+0530] {processor.py:153} INFO - Started process (PID=30596) to work on /home/ris/PycharmProjects/pythonProject/USA-housing/venv/lib/python3.10/site-packages/airflow/example_dags/example_short_circuit_decorator.py
[2023-03-04T09:34:12.825+0530] {processor.py:743} INFO - Processing file /home/ris/PycharmProjects/pythonProject/USA-housing/venv/lib/python3.10/site-packages/airflow/example_dags/example_short_circuit_decorator.py for tasks to queue
[2023-03-04T09:34:12.826+0530] {logging_mixin.py:137} INFO - [2023-03-04T09:34:12.826+0530] {dagbag.py:538} INFO - Filling up the DagBag from /home/ris/PycharmProjects/pythonProject/USA-housing/venv/lib/python3.10/site-packages/airflow/example_dags/example_short_circuit_decorator.py
[2023-03-04T09:34:12.869+0530] {processor.py:753} INFO - DAG(s) dict_keys(['example_short_circuit_decorator']) retrieved from /home/ris/PycharmProjects/pythonProject/USA-housing/venv/lib/python3.10/site-packages/airflow/example_dags/example_short_circuit_decorator.py
[2023-03-04T09:34:12.885+0530] {logging_mixin.py:137} INFO - [2023-03-04T09:34:12.885+0530] {dag.py:2690} INFO - Sync 1 DAGs
[2023-03-04T09:34:12.901+0530] {logging_mixin.py:137} INFO - [2023-03-04T09:34:12.901+0530] {dag.py:3437} INFO - Setting next_dagrun for example_short_circuit_decorator to 2023-03-03T04:04:12.900888+00:00, run_after=2023-03-04T04:04:12.900888+00:00
[2023-03-04T09:34:12.918+0530] {processor.py:175} INFO - Processing /home/ris/PycharmProjects/pythonProject/USA-housing/venv/lib/python3.10/site-packages/airflow/example_dags/example_short_circuit_decorator.py took 0.101 seconds
[2023-03-04T09:34:56.321+0530] {processor.py:153} INFO - Started process (PID=30642) to work on /home/ris/PycharmProjects/pythonProject/USA-housing/venv/lib/python3.10/site-packages/airflow/example_dags/example_short_circuit_decorator.py
[2023-03-04T09:34:56.323+0530] {processor.py:743} INFO - Processing file /home/ris/PycharmProjects/pythonProject/USA-housing/venv/lib/python3.10/site-packages/airflow/example_dags/example_short_circuit_decorator.py for tasks to queue
[2023-03-04T09:34:56.324+0530] {logging_mixin.py:137} INFO - [2023-03-04T09:34:56.324+0530] {dagbag.py:538} INFO - Filling up the DagBag from /home/ris/PycharmProjects/pythonProject/USA-housing/venv/lib/python3.10/site-packages/airflow/example_dags/example_short_circuit_decorator.py
[2023-03-04T09:34:56.365+0530] {processor.py:753} INFO - DAG(s) dict_keys(['example_short_circuit_decorator']) retrieved from /home/ris/PycharmProjects/pythonProject/USA-housing/venv/lib/python3.10/site-packages/airflow/example_dags/example_short_circuit_decorator.py
[2023-03-04T09:34:56.382+0530] {logging_mixin.py:137} INFO - [2023-03-04T09:34:56.382+0530] {dag.py:2690} INFO - Sync 1 DAGs
[2023-03-04T09:34:56.398+0530] {logging_mixin.py:137} INFO - [2023-03-04T09:34:56.398+0530] {dag.py:3437} INFO - Setting next_dagrun for example_short_circuit_decorator to 2023-03-03T04:04:56.397867+00:00, run_after=2023-03-04T04:04:56.397867+00:00
[2023-03-04T09:34:56.415+0530] {processor.py:175} INFO - Processing /home/ris/PycharmProjects/pythonProject/USA-housing/venv/lib/python3.10/site-packages/airflow/example_dags/example_short_circuit_decorator.py took 0.099 seconds
[2023-03-04T09:35:41.799+0530] {processor.py:153} INFO - Started process (PID=30690) to work on /home/ris/PycharmProjects/pythonProject/USA-housing/venv/lib/python3.10/site-packages/airflow/example_dags/example_short_circuit_decorator.py
[2023-03-04T09:35:41.801+0530] {processor.py:743} INFO - Processing file /home/ris/PycharmProjects/pythonProject/USA-housing/venv/lib/python3.10/site-packages/airflow/example_dags/example_short_circuit_decorator.py for tasks to queue
[2023-03-04T09:35:41.802+0530] {logging_mixin.py:137} INFO - [2023-03-04T09:35:41.802+0530] {dagbag.py:538} INFO - Filling up the DagBag from /home/ris/PycharmProjects/pythonProject/USA-housing/venv/lib/python3.10/site-packages/airflow/example_dags/example_short_circuit_decorator.py
[2023-03-04T09:35:41.846+0530] {processor.py:753} INFO - DAG(s) dict_keys(['example_short_circuit_decorator']) retrieved from /home/ris/PycharmProjects/pythonProject/USA-housing/venv/lib/python3.10/site-packages/airflow/example_dags/example_short_circuit_decorator.py
[2023-03-04T09:35:41.861+0530] {logging_mixin.py:137} INFO - [2023-03-04T09:35:41.861+0530] {dag.py:2690} INFO - Sync 1 DAGs
[2023-03-04T09:35:41.877+0530] {logging_mixin.py:137} INFO - [2023-03-04T09:35:41.876+0530] {dag.py:3437} INFO - Setting next_dagrun for example_short_circuit_decorator to 2023-03-03T04:05:41.876771+00:00, run_after=2023-03-04T04:05:41.876771+00:00
[2023-03-04T09:35:41.894+0530] {processor.py:175} INFO - Processing /home/ris/PycharmProjects/pythonProject/USA-housing/venv/lib/python3.10/site-packages/airflow/example_dags/example_short_circuit_decorator.py took 0.099 seconds
[2023-03-04T10:24:56.500+0530] {processor.py:153} INFO - Started process (PID=31114) to work on /home/ris/PycharmProjects/pythonProject/USA-housing/venv/lib/python3.10/site-packages/airflow/example_dags/example_short_circuit_decorator.py
[2023-03-04T10:24:56.502+0530] {processor.py:743} INFO - Processing file /home/ris/PycharmProjects/pythonProject/USA-housing/venv/lib/python3.10/site-packages/airflow/example_dags/example_short_circuit_decorator.py for tasks to queue
[2023-03-04T10:24:56.503+0530] {logging_mixin.py:137} INFO - [2023-03-04T10:24:56.503+0530] {dagbag.py:538} INFO - Filling up the DagBag from /home/ris/PycharmProjects/pythonProject/USA-housing/venv/lib/python3.10/site-packages/airflow/example_dags/example_short_circuit_decorator.py
[2023-03-04T10:24:56.544+0530] {processor.py:753} INFO - DAG(s) dict_keys(['example_short_circuit_decorator']) retrieved from /home/ris/PycharmProjects/pythonProject/USA-housing/venv/lib/python3.10/site-packages/airflow/example_dags/example_short_circuit_decorator.py
[2023-03-04T10:24:56.560+0530] {logging_mixin.py:137} INFO - [2023-03-04T10:24:56.560+0530] {dag.py:2690} INFO - Sync 1 DAGs
[2023-03-04T10:24:56.576+0530] {logging_mixin.py:137} INFO - [2023-03-04T10:24:56.576+0530] {dag.py:3437} INFO - Setting next_dagrun for example_short_circuit_decorator to 2023-03-03T04:54:56.576034+00:00, run_after=2023-03-04T04:54:56.576034+00:00
[2023-03-04T10:24:56.594+0530] {processor.py:175} INFO - Processing /home/ris/PycharmProjects/pythonProject/USA-housing/venv/lib/python3.10/site-packages/airflow/example_dags/example_short_circuit_decorator.py took 0.099 seconds
[2023-03-04T10:25:38.306+0530] {processor.py:153} INFO - Started process (PID=31359) to work on /home/ris/PycharmProjects/pythonProject/USA-housing/venv/lib/python3.10/site-packages/airflow/example_dags/example_short_circuit_decorator.py
[2023-03-04T10:25:38.309+0530] {processor.py:743} INFO - Processing file /home/ris/PycharmProjects/pythonProject/USA-housing/venv/lib/python3.10/site-packages/airflow/example_dags/example_short_circuit_decorator.py for tasks to queue
[2023-03-04T10:25:38.310+0530] {logging_mixin.py:137} INFO - [2023-03-04T10:25:38.310+0530] {dagbag.py:538} INFO - Filling up the DagBag from /home/ris/PycharmProjects/pythonProject/USA-housing/venv/lib/python3.10/site-packages/airflow/example_dags/example_short_circuit_decorator.py
[2023-03-04T10:25:38.352+0530] {processor.py:753} INFO - DAG(s) dict_keys(['example_short_circuit_decorator']) retrieved from /home/ris/PycharmProjects/pythonProject/USA-housing/venv/lib/python3.10/site-packages/airflow/example_dags/example_short_circuit_decorator.py
[2023-03-04T10:25:38.368+0530] {logging_mixin.py:137} INFO - [2023-03-04T10:25:38.368+0530] {dag.py:2690} INFO - Sync 1 DAGs
[2023-03-04T10:25:38.385+0530] {logging_mixin.py:137} INFO - [2023-03-04T10:25:38.385+0530] {dag.py:3437} INFO - Setting next_dagrun for example_short_circuit_decorator to 2023-03-03T04:55:38.385594+00:00, run_after=2023-03-04T04:55:38.385594+00:00
[2023-03-04T10:25:38.404+0530] {processor.py:175} INFO - Processing /home/ris/PycharmProjects/pythonProject/USA-housing/venv/lib/python3.10/site-packages/airflow/example_dags/example_short_circuit_decorator.py took 0.103 seconds
[2023-03-04T10:26:23.504+0530] {processor.py:153} INFO - Started process (PID=31406) to work on /home/ris/PycharmProjects/pythonProject/USA-housing/venv/lib/python3.10/site-packages/airflow/example_dags/example_short_circuit_decorator.py
[2023-03-04T10:26:23.505+0530] {processor.py:743} INFO - Processing file /home/ris/PycharmProjects/pythonProject/USA-housing/venv/lib/python3.10/site-packages/airflow/example_dags/example_short_circuit_decorator.py for tasks to queue
[2023-03-04T10:26:23.507+0530] {logging_mixin.py:137} INFO - [2023-03-04T10:26:23.506+0530] {dagbag.py:538} INFO - Filling up the DagBag from /home/ris/PycharmProjects/pythonProject/USA-housing/venv/lib/python3.10/site-packages/airflow/example_dags/example_short_circuit_decorator.py
[2023-03-04T10:26:23.537+0530] {processor.py:753} INFO - DAG(s) dict_keys(['example_short_circuit_decorator']) retrieved from /home/ris/PycharmProjects/pythonProject/USA-housing/venv/lib/python3.10/site-packages/airflow/example_dags/example_short_circuit_decorator.py
[2023-03-04T10:26:23.558+0530] {logging_mixin.py:137} INFO - [2023-03-04T10:26:23.558+0530] {dag.py:2690} INFO - Sync 1 DAGs
[2023-03-04T10:26:23.581+0530] {logging_mixin.py:137} INFO - [2023-03-04T10:26:23.581+0530] {dag.py:3437} INFO - Setting next_dagrun for example_short_circuit_decorator to 2023-03-03T04:56:23.581072+00:00, run_after=2023-03-04T04:56:23.581072+00:00
[2023-03-04T10:26:23.604+0530] {processor.py:175} INFO - Processing /home/ris/PycharmProjects/pythonProject/USA-housing/venv/lib/python3.10/site-packages/airflow/example_dags/example_short_circuit_decorator.py took 0.104 seconds
[2023-03-04T10:27:09.849+0530] {processor.py:153} INFO - Started process (PID=31453) to work on /home/ris/PycharmProjects/pythonProject/USA-housing/venv/lib/python3.10/site-packages/airflow/example_dags/example_short_circuit_decorator.py
[2023-03-04T10:27:09.851+0530] {processor.py:743} INFO - Processing file /home/ris/PycharmProjects/pythonProject/USA-housing/venv/lib/python3.10/site-packages/airflow/example_dags/example_short_circuit_decorator.py for tasks to queue
[2023-03-04T10:27:09.851+0530] {logging_mixin.py:137} INFO - [2023-03-04T10:27:09.851+0530] {dagbag.py:538} INFO - Filling up the DagBag from /home/ris/PycharmProjects/pythonProject/USA-housing/venv/lib/python3.10/site-packages/airflow/example_dags/example_short_circuit_decorator.py
[2023-03-04T10:27:09.872+0530] {processor.py:753} INFO - DAG(s) dict_keys(['example_short_circuit_decorator']) retrieved from /home/ris/PycharmProjects/pythonProject/USA-housing/venv/lib/python3.10/site-packages/airflow/example_dags/example_short_circuit_decorator.py
[2023-03-04T10:27:09.895+0530] {logging_mixin.py:137} INFO - [2023-03-04T10:27:09.895+0530] {dag.py:2690} INFO - Sync 1 DAGs
[2023-03-04T10:27:09.912+0530] {logging_mixin.py:137} INFO - [2023-03-04T10:27:09.912+0530] {dag.py:3437} INFO - Setting next_dagrun for example_short_circuit_decorator to 2023-03-03T04:57:09.912422+00:00, run_after=2023-03-04T04:57:09.912422+00:00
[2023-03-04T10:27:09.930+0530] {processor.py:175} INFO - Processing /home/ris/PycharmProjects/pythonProject/USA-housing/venv/lib/python3.10/site-packages/airflow/example_dags/example_short_circuit_decorator.py took 0.083 seconds
[2023-03-04T10:27:47.292+0530] {processor.py:153} INFO - Started process (PID=31490) to work on /home/ris/PycharmProjects/pythonProject/USA-housing/venv/lib/python3.10/site-packages/airflow/example_dags/example_short_circuit_decorator.py
[2023-03-04T10:27:47.295+0530] {processor.py:743} INFO - Processing file /home/ris/PycharmProjects/pythonProject/USA-housing/venv/lib/python3.10/site-packages/airflow/example_dags/example_short_circuit_decorator.py for tasks to queue
[2023-03-04T10:27:47.296+0530] {logging_mixin.py:137} INFO - [2023-03-04T10:27:47.296+0530] {dagbag.py:538} INFO - Filling up the DagBag from /home/ris/PycharmProjects/pythonProject/USA-housing/venv/lib/python3.10/site-packages/airflow/example_dags/example_short_circuit_decorator.py
[2023-03-04T10:27:47.347+0530] {processor.py:753} INFO - DAG(s) dict_keys(['example_short_circuit_decorator']) retrieved from /home/ris/PycharmProjects/pythonProject/USA-housing/venv/lib/python3.10/site-packages/airflow/example_dags/example_short_circuit_decorator.py
[2023-03-04T10:27:47.366+0530] {logging_mixin.py:137} INFO - [2023-03-04T10:27:47.366+0530] {dag.py:2690} INFO - Sync 1 DAGs
[2023-03-04T10:27:47.387+0530] {logging_mixin.py:137} INFO - [2023-03-04T10:27:47.387+0530] {dag.py:3437} INFO - Setting next_dagrun for example_short_circuit_decorator to 2023-03-03T04:57:47.386801+00:00, run_after=2023-03-04T04:57:47.386801+00:00
[2023-03-04T10:27:47.411+0530] {processor.py:175} INFO - Processing /home/ris/PycharmProjects/pythonProject/USA-housing/venv/lib/python3.10/site-packages/airflow/example_dags/example_short_circuit_decorator.py took 0.123 seconds
[2023-03-04T10:28:35.953+0530] {processor.py:153} INFO - Started process (PID=31543) to work on /home/ris/PycharmProjects/pythonProject/USA-housing/venv/lib/python3.10/site-packages/airflow/example_dags/example_short_circuit_decorator.py
[2023-03-04T10:28:35.955+0530] {processor.py:743} INFO - Processing file /home/ris/PycharmProjects/pythonProject/USA-housing/venv/lib/python3.10/site-packages/airflow/example_dags/example_short_circuit_decorator.py for tasks to queue
[2023-03-04T10:28:35.957+0530] {logging_mixin.py:137} INFO - [2023-03-04T10:28:35.957+0530] {dagbag.py:538} INFO - Filling up the DagBag from /home/ris/PycharmProjects/pythonProject/USA-housing/venv/lib/python3.10/site-packages/airflow/example_dags/example_short_circuit_decorator.py
[2023-03-04T10:28:35.984+0530] {processor.py:753} INFO - DAG(s) dict_keys(['example_short_circuit_decorator']) retrieved from /home/ris/PycharmProjects/pythonProject/USA-housing/venv/lib/python3.10/site-packages/airflow/example_dags/example_short_circuit_decorator.py
[2023-03-04T10:28:36.004+0530] {logging_mixin.py:137} INFO - [2023-03-04T10:28:36.004+0530] {dag.py:2690} INFO - Sync 1 DAGs
[2023-03-04T10:28:36.025+0530] {logging_mixin.py:137} INFO - [2023-03-04T10:28:36.025+0530] {dag.py:3437} INFO - Setting next_dagrun for example_short_circuit_decorator to 2023-03-03T04:58:36.024790+00:00, run_after=2023-03-04T04:58:36.024790+00:00
[2023-03-04T10:28:36.046+0530] {processor.py:175} INFO - Processing /home/ris/PycharmProjects/pythonProject/USA-housing/venv/lib/python3.10/site-packages/airflow/example_dags/example_short_circuit_decorator.py took 0.096 seconds
[2023-03-04T10:29:17.537+0530] {processor.py:153} INFO - Started process (PID=31585) to work on /home/ris/PycharmProjects/pythonProject/USA-housing/venv/lib/python3.10/site-packages/airflow/example_dags/example_short_circuit_decorator.py
[2023-03-04T10:29:17.539+0530] {processor.py:743} INFO - Processing file /home/ris/PycharmProjects/pythonProject/USA-housing/venv/lib/python3.10/site-packages/airflow/example_dags/example_short_circuit_decorator.py for tasks to queue
[2023-03-04T10:29:17.540+0530] {logging_mixin.py:137} INFO - [2023-03-04T10:29:17.540+0530] {dagbag.py:538} INFO - Filling up the DagBag from /home/ris/PycharmProjects/pythonProject/USA-housing/venv/lib/python3.10/site-packages/airflow/example_dags/example_short_circuit_decorator.py
[2023-03-04T10:29:17.586+0530] {processor.py:753} INFO - DAG(s) dict_keys(['example_short_circuit_decorator']) retrieved from /home/ris/PycharmProjects/pythonProject/USA-housing/venv/lib/python3.10/site-packages/airflow/example_dags/example_short_circuit_decorator.py
[2023-03-04T10:29:17.606+0530] {logging_mixin.py:137} INFO - [2023-03-04T10:29:17.606+0530] {dag.py:2690} INFO - Sync 1 DAGs
[2023-03-04T10:29:17.627+0530] {logging_mixin.py:137} INFO - [2023-03-04T10:29:17.627+0530] {dag.py:3437} INFO - Setting next_dagrun for example_short_circuit_decorator to 2023-03-03T04:59:17.626891+00:00, run_after=2023-03-04T04:59:17.626891+00:00
[2023-03-04T10:29:17.654+0530] {processor.py:175} INFO - Processing /home/ris/PycharmProjects/pythonProject/USA-housing/venv/lib/python3.10/site-packages/airflow/example_dags/example_short_circuit_decorator.py took 0.121 seconds
[2023-03-04T10:30:06.777+0530] {processor.py:153} INFO - Started process (PID=31635) to work on /home/ris/PycharmProjects/pythonProject/USA-housing/venv/lib/python3.10/site-packages/airflow/example_dags/example_short_circuit_decorator.py
[2023-03-04T10:30:06.779+0530] {processor.py:743} INFO - Processing file /home/ris/PycharmProjects/pythonProject/USA-housing/venv/lib/python3.10/site-packages/airflow/example_dags/example_short_circuit_decorator.py for tasks to queue
[2023-03-04T10:30:06.780+0530] {logging_mixin.py:137} INFO - [2023-03-04T10:30:06.780+0530] {dagbag.py:538} INFO - Filling up the DagBag from /home/ris/PycharmProjects/pythonProject/USA-housing/venv/lib/python3.10/site-packages/airflow/example_dags/example_short_circuit_decorator.py
[2023-03-04T10:30:06.830+0530] {processor.py:753} INFO - DAG(s) dict_keys(['example_short_circuit_decorator']) retrieved from /home/ris/PycharmProjects/pythonProject/USA-housing/venv/lib/python3.10/site-packages/airflow/example_dags/example_short_circuit_decorator.py
[2023-03-04T10:30:06.852+0530] {logging_mixin.py:137} INFO - [2023-03-04T10:30:06.852+0530] {dag.py:2690} INFO - Sync 1 DAGs
[2023-03-04T10:30:06.880+0530] {logging_mixin.py:137} INFO - [2023-03-04T10:30:06.879+0530] {dag.py:3437} INFO - Setting next_dagrun for example_short_circuit_decorator to 2023-03-03T05:00:06.879678+00:00, run_after=2023-03-04T05:00:06.879678+00:00
[2023-03-04T10:30:06.904+0530] {processor.py:175} INFO - Processing /home/ris/PycharmProjects/pythonProject/USA-housing/venv/lib/python3.10/site-packages/airflow/example_dags/example_short_circuit_decorator.py took 0.131 seconds
[2023-03-04T10:30:48.945+0530] {processor.py:153} INFO - Started process (PID=31683) to work on /home/ris/PycharmProjects/pythonProject/USA-housing/venv/lib/python3.10/site-packages/airflow/example_dags/example_short_circuit_decorator.py
[2023-03-04T10:30:48.947+0530] {processor.py:743} INFO - Processing file /home/ris/PycharmProjects/pythonProject/USA-housing/venv/lib/python3.10/site-packages/airflow/example_dags/example_short_circuit_decorator.py for tasks to queue
[2023-03-04T10:30:48.947+0530] {logging_mixin.py:137} INFO - [2023-03-04T10:30:48.947+0530] {dagbag.py:538} INFO - Filling up the DagBag from /home/ris/PycharmProjects/pythonProject/USA-housing/venv/lib/python3.10/site-packages/airflow/example_dags/example_short_circuit_decorator.py
[2023-03-04T10:30:48.968+0530] {processor.py:753} INFO - DAG(s) dict_keys(['example_short_circuit_decorator']) retrieved from /home/ris/PycharmProjects/pythonProject/USA-housing/venv/lib/python3.10/site-packages/airflow/example_dags/example_short_circuit_decorator.py
[2023-03-04T10:30:48.984+0530] {logging_mixin.py:137} INFO - [2023-03-04T10:30:48.984+0530] {dag.py:2690} INFO - Sync 1 DAGs
[2023-03-04T10:30:49.001+0530] {logging_mixin.py:137} INFO - [2023-03-04T10:30:49.001+0530] {dag.py:3437} INFO - Setting next_dagrun for example_short_circuit_decorator to 2023-03-03T05:00:49.000988+00:00, run_after=2023-03-04T05:00:49.000988+00:00
[2023-03-04T10:30:49.021+0530] {processor.py:175} INFO - Processing /home/ris/PycharmProjects/pythonProject/USA-housing/venv/lib/python3.10/site-packages/airflow/example_dags/example_short_circuit_decorator.py took 0.080 seconds
[2023-03-04T10:31:38.056+0530] {processor.py:153} INFO - Started process (PID=31944) to work on /home/ris/PycharmProjects/pythonProject/USA-housing/venv/lib/python3.10/site-packages/airflow/example_dags/example_short_circuit_decorator.py
[2023-03-04T10:31:38.057+0530] {processor.py:743} INFO - Processing file /home/ris/PycharmProjects/pythonProject/USA-housing/venv/lib/python3.10/site-packages/airflow/example_dags/example_short_circuit_decorator.py for tasks to queue
[2023-03-04T10:31:38.058+0530] {logging_mixin.py:137} INFO - [2023-03-04T10:31:38.058+0530] {dagbag.py:538} INFO - Filling up the DagBag from /home/ris/PycharmProjects/pythonProject/USA-housing/venv/lib/python3.10/site-packages/airflow/example_dags/example_short_circuit_decorator.py
[2023-03-04T10:31:38.109+0530] {processor.py:753} INFO - DAG(s) dict_keys(['example_short_circuit_decorator']) retrieved from /home/ris/PycharmProjects/pythonProject/USA-housing/venv/lib/python3.10/site-packages/airflow/example_dags/example_short_circuit_decorator.py
[2023-03-04T10:31:38.150+0530] {logging_mixin.py:137} INFO - [2023-03-04T10:31:38.150+0530] {dag.py:2690} INFO - Sync 1 DAGs
[2023-03-04T10:31:38.188+0530] {logging_mixin.py:137} INFO - [2023-03-04T10:31:38.188+0530] {dag.py:3437} INFO - Setting next_dagrun for example_short_circuit_decorator to 2023-03-03T05:01:38.188197+00:00, run_after=2023-03-04T05:01:38.188197+00:00
[2023-03-04T10:31:38.217+0530] {processor.py:175} INFO - Processing /home/ris/PycharmProjects/pythonProject/USA-housing/venv/lib/python3.10/site-packages/airflow/example_dags/example_short_circuit_decorator.py took 0.166 seconds
[2023-03-04T10:32:26.288+0530] {processor.py:153} INFO - Started process (PID=32174) to work on /home/ris/PycharmProjects/pythonProject/USA-housing/venv/lib/python3.10/site-packages/airflow/example_dags/example_short_circuit_decorator.py
[2023-03-04T10:32:26.289+0530] {processor.py:743} INFO - Processing file /home/ris/PycharmProjects/pythonProject/USA-housing/venv/lib/python3.10/site-packages/airflow/example_dags/example_short_circuit_decorator.py for tasks to queue
[2023-03-04T10:32:26.289+0530] {logging_mixin.py:137} INFO - [2023-03-04T10:32:26.289+0530] {dagbag.py:538} INFO - Filling up the DagBag from /home/ris/PycharmProjects/pythonProject/USA-housing/venv/lib/python3.10/site-packages/airflow/example_dags/example_short_circuit_decorator.py
[2023-03-04T10:32:26.317+0530] {processor.py:753} INFO - DAG(s) dict_keys(['example_short_circuit_decorator']) retrieved from /home/ris/PycharmProjects/pythonProject/USA-housing/venv/lib/python3.10/site-packages/airflow/example_dags/example_short_circuit_decorator.py
[2023-03-04T10:32:26.344+0530] {logging_mixin.py:137} INFO - [2023-03-04T10:32:26.344+0530] {dag.py:2690} INFO - Sync 1 DAGs
[2023-03-04T10:32:26.371+0530] {logging_mixin.py:137} INFO - [2023-03-04T10:32:26.371+0530] {dag.py:3437} INFO - Setting next_dagrun for example_short_circuit_decorator to 2023-03-03T05:02:26.371001+00:00, run_after=2023-03-04T05:02:26.371001+00:00
[2023-03-04T10:32:26.400+0530] {processor.py:175} INFO - Processing /home/ris/PycharmProjects/pythonProject/USA-housing/venv/lib/python3.10/site-packages/airflow/example_dags/example_short_circuit_decorator.py took 0.114 seconds
[2023-03-04T10:33:09.786+0530] {processor.py:153} INFO - Started process (PID=32328) to work on /home/ris/PycharmProjects/pythonProject/USA-housing/venv/lib/python3.10/site-packages/airflow/example_dags/example_short_circuit_decorator.py
[2023-03-04T10:33:09.787+0530] {processor.py:743} INFO - Processing file /home/ris/PycharmProjects/pythonProject/USA-housing/venv/lib/python3.10/site-packages/airflow/example_dags/example_short_circuit_decorator.py for tasks to queue
[2023-03-04T10:33:09.788+0530] {logging_mixin.py:137} INFO - [2023-03-04T10:33:09.788+0530] {dagbag.py:538} INFO - Filling up the DagBag from /home/ris/PycharmProjects/pythonProject/USA-housing/venv/lib/python3.10/site-packages/airflow/example_dags/example_short_circuit_decorator.py
[2023-03-04T10:33:09.812+0530] {processor.py:753} INFO - DAG(s) dict_keys(['example_short_circuit_decorator']) retrieved from /home/ris/PycharmProjects/pythonProject/USA-housing/venv/lib/python3.10/site-packages/airflow/example_dags/example_short_circuit_decorator.py
[2023-03-04T10:33:09.834+0530] {logging_mixin.py:137} INFO - [2023-03-04T10:33:09.834+0530] {dag.py:2690} INFO - Sync 1 DAGs
[2023-03-04T10:33:09.858+0530] {logging_mixin.py:137} INFO - [2023-03-04T10:33:09.857+0530] {dag.py:3437} INFO - Setting next_dagrun for example_short_circuit_decorator to 2023-03-03T05:03:09.857731+00:00, run_after=2023-03-04T05:03:09.857731+00:00
[2023-03-04T10:33:09.878+0530] {processor.py:175} INFO - Processing /home/ris/PycharmProjects/pythonProject/USA-housing/venv/lib/python3.10/site-packages/airflow/example_dags/example_short_circuit_decorator.py took 0.095 seconds
[2023-03-04T10:33:51.290+0530] {processor.py:153} INFO - Started process (PID=32437) to work on /home/ris/PycharmProjects/pythonProject/USA-housing/venv/lib/python3.10/site-packages/airflow/example_dags/example_short_circuit_decorator.py
[2023-03-04T10:33:51.291+0530] {processor.py:743} INFO - Processing file /home/ris/PycharmProjects/pythonProject/USA-housing/venv/lib/python3.10/site-packages/airflow/example_dags/example_short_circuit_decorator.py for tasks to queue
[2023-03-04T10:33:51.292+0530] {logging_mixin.py:137} INFO - [2023-03-04T10:33:51.292+0530] {dagbag.py:538} INFO - Filling up the DagBag from /home/ris/PycharmProjects/pythonProject/USA-housing/venv/lib/python3.10/site-packages/airflow/example_dags/example_short_circuit_decorator.py
[2023-03-04T10:33:51.313+0530] {processor.py:753} INFO - DAG(s) dict_keys(['example_short_circuit_decorator']) retrieved from /home/ris/PycharmProjects/pythonProject/USA-housing/venv/lib/python3.10/site-packages/airflow/example_dags/example_short_circuit_decorator.py
[2023-03-04T10:33:51.331+0530] {logging_mixin.py:137} INFO - [2023-03-04T10:33:51.330+0530] {dag.py:2690} INFO - Sync 1 DAGs
[2023-03-04T10:33:51.348+0530] {logging_mixin.py:137} INFO - [2023-03-04T10:33:51.348+0530] {dag.py:3437} INFO - Setting next_dagrun for example_short_circuit_decorator to 2023-03-03T05:03:51.348334+00:00, run_after=2023-03-04T05:03:51.348334+00:00
[2023-03-04T10:33:51.369+0530] {processor.py:175} INFO - Processing /home/ris/PycharmProjects/pythonProject/USA-housing/venv/lib/python3.10/site-packages/airflow/example_dags/example_short_circuit_decorator.py took 0.082 seconds
[2023-03-04T10:34:37.126+0530] {processor.py:153} INFO - Started process (PID=32550) to work on /home/ris/PycharmProjects/pythonProject/USA-housing/venv/lib/python3.10/site-packages/airflow/example_dags/example_short_circuit_decorator.py
[2023-03-04T10:34:37.129+0530] {processor.py:743} INFO - Processing file /home/ris/PycharmProjects/pythonProject/USA-housing/venv/lib/python3.10/site-packages/airflow/example_dags/example_short_circuit_decorator.py for tasks to queue
[2023-03-04T10:34:37.130+0530] {logging_mixin.py:137} INFO - [2023-03-04T10:34:37.129+0530] {dagbag.py:538} INFO - Filling up the DagBag from /home/ris/PycharmProjects/pythonProject/USA-housing/venv/lib/python3.10/site-packages/airflow/example_dags/example_short_circuit_decorator.py
[2023-03-04T10:34:37.177+0530] {processor.py:753} INFO - DAG(s) dict_keys(['example_short_circuit_decorator']) retrieved from /home/ris/PycharmProjects/pythonProject/USA-housing/venv/lib/python3.10/site-packages/airflow/example_dags/example_short_circuit_decorator.py
[2023-03-04T10:34:37.195+0530] {logging_mixin.py:137} INFO - [2023-03-04T10:34:37.195+0530] {dag.py:2690} INFO - Sync 1 DAGs
[2023-03-04T10:34:37.215+0530] {logging_mixin.py:137} INFO - [2023-03-04T10:34:37.214+0530] {dag.py:3437} INFO - Setting next_dagrun for example_short_circuit_decorator to 2023-03-03T05:04:37.214709+00:00, run_after=2023-03-04T05:04:37.214709+00:00
[2023-03-04T10:34:37.240+0530] {processor.py:175} INFO - Processing /home/ris/PycharmProjects/pythonProject/USA-housing/venv/lib/python3.10/site-packages/airflow/example_dags/example_short_circuit_decorator.py took 0.117 seconds
[2023-03-04T10:35:23.953+0530] {processor.py:153} INFO - Started process (PID=32693) to work on /home/ris/PycharmProjects/pythonProject/USA-housing/venv/lib/python3.10/site-packages/airflow/example_dags/example_short_circuit_decorator.py
[2023-03-04T10:35:23.955+0530] {processor.py:743} INFO - Processing file /home/ris/PycharmProjects/pythonProject/USA-housing/venv/lib/python3.10/site-packages/airflow/example_dags/example_short_circuit_decorator.py for tasks to queue
[2023-03-04T10:35:23.955+0530] {logging_mixin.py:137} INFO - [2023-03-04T10:35:23.955+0530] {dagbag.py:538} INFO - Filling up the DagBag from /home/ris/PycharmProjects/pythonProject/USA-housing/venv/lib/python3.10/site-packages/airflow/example_dags/example_short_circuit_decorator.py
[2023-03-04T10:35:23.979+0530] {processor.py:753} INFO - DAG(s) dict_keys(['example_short_circuit_decorator']) retrieved from /home/ris/PycharmProjects/pythonProject/USA-housing/venv/lib/python3.10/site-packages/airflow/example_dags/example_short_circuit_decorator.py
[2023-03-04T10:35:23.998+0530] {logging_mixin.py:137} INFO - [2023-03-04T10:35:23.998+0530] {dag.py:2690} INFO - Sync 1 DAGs
[2023-03-04T10:35:24.020+0530] {logging_mixin.py:137} INFO - [2023-03-04T10:35:24.020+0530] {dag.py:3437} INFO - Setting next_dagrun for example_short_circuit_decorator to 2023-03-03T05:05:24.020360+00:00, run_after=2023-03-04T05:05:24.020360+00:00
[2023-03-04T10:35:24.045+0530] {processor.py:175} INFO - Processing /home/ris/PycharmProjects/pythonProject/USA-housing/venv/lib/python3.10/site-packages/airflow/example_dags/example_short_circuit_decorator.py took 0.095 seconds
[2023-03-04T10:36:13.783+0530] {processor.py:153} INFO - Started process (PID=32769) to work on /home/ris/PycharmProjects/pythonProject/USA-housing/venv/lib/python3.10/site-packages/airflow/example_dags/example_short_circuit_decorator.py
[2023-03-04T10:36:13.786+0530] {processor.py:743} INFO - Processing file /home/ris/PycharmProjects/pythonProject/USA-housing/venv/lib/python3.10/site-packages/airflow/example_dags/example_short_circuit_decorator.py for tasks to queue
[2023-03-04T10:36:13.787+0530] {logging_mixin.py:137} INFO - [2023-03-04T10:36:13.787+0530] {dagbag.py:538} INFO - Filling up the DagBag from /home/ris/PycharmProjects/pythonProject/USA-housing/venv/lib/python3.10/site-packages/airflow/example_dags/example_short_circuit_decorator.py
[2023-03-04T10:36:13.837+0530] {processor.py:753} INFO - DAG(s) dict_keys(['example_short_circuit_decorator']) retrieved from /home/ris/PycharmProjects/pythonProject/USA-housing/venv/lib/python3.10/site-packages/airflow/example_dags/example_short_circuit_decorator.py
[2023-03-04T10:36:13.872+0530] {logging_mixin.py:137} INFO - [2023-03-04T10:36:13.872+0530] {dag.py:2690} INFO - Sync 1 DAGs
[2023-03-04T10:36:13.922+0530] {logging_mixin.py:137} INFO - [2023-03-04T10:36:13.921+0530] {dag.py:3437} INFO - Setting next_dagrun for example_short_circuit_decorator to 2023-03-03T05:06:13.921340+00:00, run_after=2023-03-04T05:06:13.921340+00:00
[2023-03-04T10:36:13.964+0530] {processor.py:175} INFO - Processing /home/ris/PycharmProjects/pythonProject/USA-housing/venv/lib/python3.10/site-packages/airflow/example_dags/example_short_circuit_decorator.py took 0.185 seconds
[2023-03-04T10:36:55.739+0530] {processor.py:153} INFO - Started process (PID=32827) to work on /home/ris/PycharmProjects/pythonProject/USA-housing/venv/lib/python3.10/site-packages/airflow/example_dags/example_short_circuit_decorator.py
[2023-03-04T10:36:55.741+0530] {processor.py:743} INFO - Processing file /home/ris/PycharmProjects/pythonProject/USA-housing/venv/lib/python3.10/site-packages/airflow/example_dags/example_short_circuit_decorator.py for tasks to queue
[2023-03-04T10:36:55.742+0530] {logging_mixin.py:137} INFO - [2023-03-04T10:36:55.742+0530] {dagbag.py:538} INFO - Filling up the DagBag from /home/ris/PycharmProjects/pythonProject/USA-housing/venv/lib/python3.10/site-packages/airflow/example_dags/example_short_circuit_decorator.py
[2023-03-04T10:36:55.792+0530] {processor.py:753} INFO - DAG(s) dict_keys(['example_short_circuit_decorator']) retrieved from /home/ris/PycharmProjects/pythonProject/USA-housing/venv/lib/python3.10/site-packages/airflow/example_dags/example_short_circuit_decorator.py
[2023-03-04T10:36:55.827+0530] {logging_mixin.py:137} INFO - [2023-03-04T10:36:55.826+0530] {dag.py:2690} INFO - Sync 1 DAGs
[2023-03-04T10:36:55.866+0530] {logging_mixin.py:137} INFO - [2023-03-04T10:36:55.865+0530] {dag.py:3437} INFO - Setting next_dagrun for example_short_circuit_decorator to 2023-03-03T05:06:55.865276+00:00, run_after=2023-03-04T05:06:55.865276+00:00
[2023-03-04T10:36:55.910+0530] {processor.py:175} INFO - Processing /home/ris/PycharmProjects/pythonProject/USA-housing/venv/lib/python3.10/site-packages/airflow/example_dags/example_short_circuit_decorator.py took 0.175 seconds
[2023-03-04T10:37:45.575+0530] {processor.py:153} INFO - Started process (PID=32904) to work on /home/ris/PycharmProjects/pythonProject/USA-housing/venv/lib/python3.10/site-packages/airflow/example_dags/example_short_circuit_decorator.py
[2023-03-04T10:37:45.579+0530] {processor.py:743} INFO - Processing file /home/ris/PycharmProjects/pythonProject/USA-housing/venv/lib/python3.10/site-packages/airflow/example_dags/example_short_circuit_decorator.py for tasks to queue
[2023-03-04T10:37:45.583+0530] {logging_mixin.py:137} INFO - [2023-03-04T10:37:45.581+0530] {dagbag.py:538} INFO - Filling up the DagBag from /home/ris/PycharmProjects/pythonProject/USA-housing/venv/lib/python3.10/site-packages/airflow/example_dags/example_short_circuit_decorator.py
[2023-03-04T10:37:45.665+0530] {processor.py:753} INFO - DAG(s) dict_keys(['example_short_circuit_decorator']) retrieved from /home/ris/PycharmProjects/pythonProject/USA-housing/venv/lib/python3.10/site-packages/airflow/example_dags/example_short_circuit_decorator.py
[2023-03-04T10:37:45.729+0530] {logging_mixin.py:137} INFO - [2023-03-04T10:37:45.728+0530] {dag.py:2690} INFO - Sync 1 DAGs
[2023-03-04T10:37:45.777+0530] {logging_mixin.py:137} INFO - [2023-03-04T10:37:45.776+0530] {dag.py:3437} INFO - Setting next_dagrun for example_short_circuit_decorator to 2023-03-03T05:07:45.776441+00:00, run_after=2023-03-04T05:07:45.776441+00:00
[2023-03-04T10:37:45.834+0530] {processor.py:175} INFO - Processing /home/ris/PycharmProjects/pythonProject/USA-housing/venv/lib/python3.10/site-packages/airflow/example_dags/example_short_circuit_decorator.py took 0.264 seconds
[2023-03-04T10:38:36.846+0530] {processor.py:153} INFO - Started process (PID=32954) to work on /home/ris/PycharmProjects/pythonProject/USA-housing/venv/lib/python3.10/site-packages/airflow/example_dags/example_short_circuit_decorator.py
[2023-03-04T10:38:36.849+0530] {processor.py:743} INFO - Processing file /home/ris/PycharmProjects/pythonProject/USA-housing/venv/lib/python3.10/site-packages/airflow/example_dags/example_short_circuit_decorator.py for tasks to queue
[2023-03-04T10:38:36.851+0530] {logging_mixin.py:137} INFO - [2023-03-04T10:38:36.850+0530] {dagbag.py:538} INFO - Filling up the DagBag from /home/ris/PycharmProjects/pythonProject/USA-housing/venv/lib/python3.10/site-packages/airflow/example_dags/example_short_circuit_decorator.py
[2023-03-04T10:38:36.904+0530] {processor.py:753} INFO - DAG(s) dict_keys(['example_short_circuit_decorator']) retrieved from /home/ris/PycharmProjects/pythonProject/USA-housing/venv/lib/python3.10/site-packages/airflow/example_dags/example_short_circuit_decorator.py
[2023-03-04T10:38:36.942+0530] {logging_mixin.py:137} INFO - [2023-03-04T10:38:36.942+0530] {dag.py:2690} INFO - Sync 1 DAGs
[2023-03-04T10:38:36.981+0530] {logging_mixin.py:137} INFO - [2023-03-04T10:38:36.981+0530] {dag.py:3437} INFO - Setting next_dagrun for example_short_circuit_decorator to 2023-03-03T05:08:36.980818+00:00, run_after=2023-03-04T05:08:36.980818+00:00
[2023-03-04T10:38:37.037+0530] {processor.py:175} INFO - Processing /home/ris/PycharmProjects/pythonProject/USA-housing/venv/lib/python3.10/site-packages/airflow/example_dags/example_short_circuit_decorator.py took 0.197 seconds
[2023-03-04T10:39:20.526+0530] {processor.py:153} INFO - Started process (PID=33476) to work on /home/ris/PycharmProjects/pythonProject/USA-housing/venv/lib/python3.10/site-packages/airflow/example_dags/example_short_circuit_decorator.py
[2023-03-04T10:39:20.528+0530] {processor.py:743} INFO - Processing file /home/ris/PycharmProjects/pythonProject/USA-housing/venv/lib/python3.10/site-packages/airflow/example_dags/example_short_circuit_decorator.py for tasks to queue
[2023-03-04T10:39:20.529+0530] {logging_mixin.py:137} INFO - [2023-03-04T10:39:20.529+0530] {dagbag.py:538} INFO - Filling up the DagBag from /home/ris/PycharmProjects/pythonProject/USA-housing/venv/lib/python3.10/site-packages/airflow/example_dags/example_short_circuit_decorator.py
[2023-03-04T10:39:20.578+0530] {processor.py:753} INFO - DAG(s) dict_keys(['example_short_circuit_decorator']) retrieved from /home/ris/PycharmProjects/pythonProject/USA-housing/venv/lib/python3.10/site-packages/airflow/example_dags/example_short_circuit_decorator.py
[2023-03-04T10:39:20.613+0530] {logging_mixin.py:137} INFO - [2023-03-04T10:39:20.613+0530] {dag.py:2690} INFO - Sync 1 DAGs
[2023-03-04T10:39:20.659+0530] {logging_mixin.py:137} INFO - [2023-03-04T10:39:20.659+0530] {dag.py:3437} INFO - Setting next_dagrun for example_short_circuit_decorator to 2023-03-03T05:09:20.658472+00:00, run_after=2023-03-04T05:09:20.658472+00:00
[2023-03-04T10:39:20.709+0530] {processor.py:175} INFO - Processing /home/ris/PycharmProjects/pythonProject/USA-housing/venv/lib/python3.10/site-packages/airflow/example_dags/example_short_circuit_decorator.py took 0.188 seconds
[2023-03-04T10:40:11.559+0530] {processor.py:153} INFO - Started process (PID=33544) to work on /home/ris/PycharmProjects/pythonProject/USA-housing/venv/lib/python3.10/site-packages/airflow/example_dags/example_short_circuit_decorator.py
[2023-03-04T10:40:11.561+0530] {processor.py:743} INFO - Processing file /home/ris/PycharmProjects/pythonProject/USA-housing/venv/lib/python3.10/site-packages/airflow/example_dags/example_short_circuit_decorator.py for tasks to queue
[2023-03-04T10:40:11.562+0530] {logging_mixin.py:137} INFO - [2023-03-04T10:40:11.561+0530] {dagbag.py:538} INFO - Filling up the DagBag from /home/ris/PycharmProjects/pythonProject/USA-housing/venv/lib/python3.10/site-packages/airflow/example_dags/example_short_circuit_decorator.py
[2023-03-04T10:40:11.583+0530] {processor.py:753} INFO - DAG(s) dict_keys(['example_short_circuit_decorator']) retrieved from /home/ris/PycharmProjects/pythonProject/USA-housing/venv/lib/python3.10/site-packages/airflow/example_dags/example_short_circuit_decorator.py
[2023-03-04T10:40:11.601+0530] {logging_mixin.py:137} INFO - [2023-03-04T10:40:11.601+0530] {dag.py:2690} INFO - Sync 1 DAGs
[2023-03-04T10:40:11.620+0530] {logging_mixin.py:137} INFO - [2023-03-04T10:40:11.620+0530] {dag.py:3437} INFO - Setting next_dagrun for example_short_circuit_decorator to 2023-03-03T05:10:11.619844+00:00, run_after=2023-03-04T05:10:11.619844+00:00
[2023-03-04T10:40:11.641+0530] {processor.py:175} INFO - Processing /home/ris/PycharmProjects/pythonProject/USA-housing/venv/lib/python3.10/site-packages/airflow/example_dags/example_short_circuit_decorator.py took 0.086 seconds
[2023-03-04T10:40:49.780+0530] {processor.py:153} INFO - Started process (PID=33586) to work on /home/ris/PycharmProjects/pythonProject/USA-housing/venv/lib/python3.10/site-packages/airflow/example_dags/example_short_circuit_decorator.py
[2023-03-04T10:40:49.782+0530] {processor.py:743} INFO - Processing file /home/ris/PycharmProjects/pythonProject/USA-housing/venv/lib/python3.10/site-packages/airflow/example_dags/example_short_circuit_decorator.py for tasks to queue
[2023-03-04T10:40:49.782+0530] {logging_mixin.py:137} INFO - [2023-03-04T10:40:49.782+0530] {dagbag.py:538} INFO - Filling up the DagBag from /home/ris/PycharmProjects/pythonProject/USA-housing/venv/lib/python3.10/site-packages/airflow/example_dags/example_short_circuit_decorator.py
[2023-03-04T10:40:49.803+0530] {processor.py:753} INFO - DAG(s) dict_keys(['example_short_circuit_decorator']) retrieved from /home/ris/PycharmProjects/pythonProject/USA-housing/venv/lib/python3.10/site-packages/airflow/example_dags/example_short_circuit_decorator.py
[2023-03-04T10:40:49.822+0530] {logging_mixin.py:137} INFO - [2023-03-04T10:40:49.821+0530] {dag.py:2690} INFO - Sync 1 DAGs
[2023-03-04T10:40:49.840+0530] {logging_mixin.py:137} INFO - [2023-03-04T10:40:49.840+0530] {dag.py:3437} INFO - Setting next_dagrun for example_short_circuit_decorator to 2023-03-03T05:10:49.840462+00:00, run_after=2023-03-04T05:10:49.840462+00:00
[2023-03-04T10:40:49.866+0530] {processor.py:175} INFO - Processing /home/ris/PycharmProjects/pythonProject/USA-housing/venv/lib/python3.10/site-packages/airflow/example_dags/example_short_circuit_decorator.py took 0.088 seconds
[2023-03-04T10:41:36.971+0530] {processor.py:153} INFO - Started process (PID=33648) to work on /home/ris/PycharmProjects/pythonProject/USA-housing/venv/lib/python3.10/site-packages/airflow/example_dags/example_short_circuit_decorator.py
[2023-03-04T10:41:36.973+0530] {processor.py:743} INFO - Processing file /home/ris/PycharmProjects/pythonProject/USA-housing/venv/lib/python3.10/site-packages/airflow/example_dags/example_short_circuit_decorator.py for tasks to queue
[2023-03-04T10:41:36.975+0530] {logging_mixin.py:137} INFO - [2023-03-04T10:41:36.974+0530] {dagbag.py:538} INFO - Filling up the DagBag from /home/ris/PycharmProjects/pythonProject/USA-housing/venv/lib/python3.10/site-packages/airflow/example_dags/example_short_circuit_decorator.py
[2023-03-04T10:41:37.006+0530] {processor.py:753} INFO - DAG(s) dict_keys(['example_short_circuit_decorator']) retrieved from /home/ris/PycharmProjects/pythonProject/USA-housing/venv/lib/python3.10/site-packages/airflow/example_dags/example_short_circuit_decorator.py
[2023-03-04T10:41:37.024+0530] {logging_mixin.py:137} INFO - [2023-03-04T10:41:37.024+0530] {dag.py:2690} INFO - Sync 1 DAGs
[2023-03-04T10:41:37.044+0530] {logging_mixin.py:137} INFO - [2023-03-04T10:41:37.044+0530] {dag.py:3437} INFO - Setting next_dagrun for example_short_circuit_decorator to 2023-03-03T05:11:37.044153+00:00, run_after=2023-03-04T05:11:37.044153+00:00
[2023-03-04T10:41:37.077+0530] {processor.py:175} INFO - Processing /home/ris/PycharmProjects/pythonProject/USA-housing/venv/lib/python3.10/site-packages/airflow/example_dags/example_short_circuit_decorator.py took 0.109 seconds
[2023-03-04T10:42:24.354+0530] {processor.py:153} INFO - Started process (PID=33697) to work on /home/ris/PycharmProjects/pythonProject/USA-housing/venv/lib/python3.10/site-packages/airflow/example_dags/example_short_circuit_decorator.py
[2023-03-04T10:42:24.357+0530] {processor.py:743} INFO - Processing file /home/ris/PycharmProjects/pythonProject/USA-housing/venv/lib/python3.10/site-packages/airflow/example_dags/example_short_circuit_decorator.py for tasks to queue
[2023-03-04T10:42:24.358+0530] {logging_mixin.py:137} INFO - [2023-03-04T10:42:24.358+0530] {dagbag.py:538} INFO - Filling up the DagBag from /home/ris/PycharmProjects/pythonProject/USA-housing/venv/lib/python3.10/site-packages/airflow/example_dags/example_short_circuit_decorator.py
[2023-03-04T10:42:24.397+0530] {processor.py:753} INFO - DAG(s) dict_keys(['example_short_circuit_decorator']) retrieved from /home/ris/PycharmProjects/pythonProject/USA-housing/venv/lib/python3.10/site-packages/airflow/example_dags/example_short_circuit_decorator.py
[2023-03-04T10:42:24.421+0530] {logging_mixin.py:137} INFO - [2023-03-04T10:42:24.421+0530] {dag.py:2690} INFO - Sync 1 DAGs
[2023-03-04T10:42:24.462+0530] {logging_mixin.py:137} INFO - [2023-03-04T10:42:24.462+0530] {dag.py:3437} INFO - Setting next_dagrun for example_short_circuit_decorator to 2023-03-03T05:12:24.461569+00:00, run_after=2023-03-04T05:12:24.461569+00:00
[2023-03-04T10:42:24.502+0530] {processor.py:175} INFO - Processing /home/ris/PycharmProjects/pythonProject/USA-housing/venv/lib/python3.10/site-packages/airflow/example_dags/example_short_circuit_decorator.py took 0.151 seconds
[2023-03-04T10:43:07.686+0530] {processor.py:153} INFO - Started process (PID=33747) to work on /home/ris/PycharmProjects/pythonProject/USA-housing/venv/lib/python3.10/site-packages/airflow/example_dags/example_short_circuit_decorator.py
[2023-03-04T10:43:07.688+0530] {processor.py:743} INFO - Processing file /home/ris/PycharmProjects/pythonProject/USA-housing/venv/lib/python3.10/site-packages/airflow/example_dags/example_short_circuit_decorator.py for tasks to queue
[2023-03-04T10:43:07.689+0530] {logging_mixin.py:137} INFO - [2023-03-04T10:43:07.689+0530] {dagbag.py:538} INFO - Filling up the DagBag from /home/ris/PycharmProjects/pythonProject/USA-housing/venv/lib/python3.10/site-packages/airflow/example_dags/example_short_circuit_decorator.py
[2023-03-04T10:43:07.720+0530] {processor.py:753} INFO - DAG(s) dict_keys(['example_short_circuit_decorator']) retrieved from /home/ris/PycharmProjects/pythonProject/USA-housing/venv/lib/python3.10/site-packages/airflow/example_dags/example_short_circuit_decorator.py
[2023-03-04T10:43:07.740+0530] {logging_mixin.py:137} INFO - [2023-03-04T10:43:07.740+0530] {dag.py:2690} INFO - Sync 1 DAGs
[2023-03-04T10:43:07.760+0530] {logging_mixin.py:137} INFO - [2023-03-04T10:43:07.760+0530] {dag.py:3437} INFO - Setting next_dagrun for example_short_circuit_decorator to 2023-03-03T05:13:07.759864+00:00, run_after=2023-03-04T05:13:07.759864+00:00
[2023-03-04T10:43:07.780+0530] {processor.py:175} INFO - Processing /home/ris/PycharmProjects/pythonProject/USA-housing/venv/lib/python3.10/site-packages/airflow/example_dags/example_short_circuit_decorator.py took 0.096 seconds
[2023-03-04T10:43:56.066+0530] {processor.py:153} INFO - Started process (PID=33796) to work on /home/ris/PycharmProjects/pythonProject/USA-housing/venv/lib/python3.10/site-packages/airflow/example_dags/example_short_circuit_decorator.py
[2023-03-04T10:43:56.068+0530] {processor.py:743} INFO - Processing file /home/ris/PycharmProjects/pythonProject/USA-housing/venv/lib/python3.10/site-packages/airflow/example_dags/example_short_circuit_decorator.py for tasks to queue
[2023-03-04T10:43:56.069+0530] {logging_mixin.py:137} INFO - [2023-03-04T10:43:56.069+0530] {dagbag.py:538} INFO - Filling up the DagBag from /home/ris/PycharmProjects/pythonProject/USA-housing/venv/lib/python3.10/site-packages/airflow/example_dags/example_short_circuit_decorator.py
[2023-03-04T10:43:56.101+0530] {processor.py:753} INFO - DAG(s) dict_keys(['example_short_circuit_decorator']) retrieved from /home/ris/PycharmProjects/pythonProject/USA-housing/venv/lib/python3.10/site-packages/airflow/example_dags/example_short_circuit_decorator.py
[2023-03-04T10:43:56.125+0530] {logging_mixin.py:137} INFO - [2023-03-04T10:43:56.124+0530] {dag.py:2690} INFO - Sync 1 DAGs
[2023-03-04T10:43:56.153+0530] {logging_mixin.py:137} INFO - [2023-03-04T10:43:56.152+0530] {dag.py:3437} INFO - Setting next_dagrun for example_short_circuit_decorator to 2023-03-03T05:13:56.152754+00:00, run_after=2023-03-04T05:13:56.152754+00:00
[2023-03-04T10:43:56.182+0530] {processor.py:175} INFO - Processing /home/ris/PycharmProjects/pythonProject/USA-housing/venv/lib/python3.10/site-packages/airflow/example_dags/example_short_circuit_decorator.py took 0.120 seconds
[2023-03-04T10:44:43.134+0530] {processor.py:153} INFO - Started process (PID=33842) to work on /home/ris/PycharmProjects/pythonProject/USA-housing/venv/lib/python3.10/site-packages/airflow/example_dags/example_short_circuit_decorator.py
[2023-03-04T10:44:43.136+0530] {processor.py:743} INFO - Processing file /home/ris/PycharmProjects/pythonProject/USA-housing/venv/lib/python3.10/site-packages/airflow/example_dags/example_short_circuit_decorator.py for tasks to queue
[2023-03-04T10:44:43.137+0530] {logging_mixin.py:137} INFO - [2023-03-04T10:44:43.136+0530] {dagbag.py:538} INFO - Filling up the DagBag from /home/ris/PycharmProjects/pythonProject/USA-housing/venv/lib/python3.10/site-packages/airflow/example_dags/example_short_circuit_decorator.py
[2023-03-04T10:44:43.161+0530] {processor.py:753} INFO - DAG(s) dict_keys(['example_short_circuit_decorator']) retrieved from /home/ris/PycharmProjects/pythonProject/USA-housing/venv/lib/python3.10/site-packages/airflow/example_dags/example_short_circuit_decorator.py
[2023-03-04T10:44:43.180+0530] {logging_mixin.py:137} INFO - [2023-03-04T10:44:43.179+0530] {dag.py:2690} INFO - Sync 1 DAGs
[2023-03-04T10:44:43.200+0530] {logging_mixin.py:137} INFO - [2023-03-04T10:44:43.200+0530] {dag.py:3437} INFO - Setting next_dagrun for example_short_circuit_decorator to 2023-03-03T05:14:43.200466+00:00, run_after=2023-03-04T05:14:43.200466+00:00
[2023-03-04T10:44:43.221+0530] {processor.py:175} INFO - Processing /home/ris/PycharmProjects/pythonProject/USA-housing/venv/lib/python3.10/site-packages/airflow/example_dags/example_short_circuit_decorator.py took 0.089 seconds
[2023-03-04T10:45:32.013+0530] {processor.py:153} INFO - Started process (PID=33905) to work on /home/ris/PycharmProjects/pythonProject/USA-housing/venv/lib/python3.10/site-packages/airflow/example_dags/example_short_circuit_decorator.py
[2023-03-04T10:45:32.015+0530] {processor.py:743} INFO - Processing file /home/ris/PycharmProjects/pythonProject/USA-housing/venv/lib/python3.10/site-packages/airflow/example_dags/example_short_circuit_decorator.py for tasks to queue
[2023-03-04T10:45:32.015+0530] {logging_mixin.py:137} INFO - [2023-03-04T10:45:32.015+0530] {dagbag.py:538} INFO - Filling up the DagBag from /home/ris/PycharmProjects/pythonProject/USA-housing/venv/lib/python3.10/site-packages/airflow/example_dags/example_short_circuit_decorator.py
[2023-03-04T10:45:32.044+0530] {processor.py:753} INFO - DAG(s) dict_keys(['example_short_circuit_decorator']) retrieved from /home/ris/PycharmProjects/pythonProject/USA-housing/venv/lib/python3.10/site-packages/airflow/example_dags/example_short_circuit_decorator.py
[2023-03-04T10:45:32.068+0530] {logging_mixin.py:137} INFO - [2023-03-04T10:45:32.067+0530] {dag.py:2690} INFO - Sync 1 DAGs
[2023-03-04T10:45:32.093+0530] {logging_mixin.py:137} INFO - [2023-03-04T10:45:32.093+0530] {dag.py:3437} INFO - Setting next_dagrun for example_short_circuit_decorator to 2023-03-03T05:15:32.092853+00:00, run_after=2023-03-04T05:15:32.092853+00:00
[2023-03-04T10:45:32.118+0530] {processor.py:175} INFO - Processing /home/ris/PycharmProjects/pythonProject/USA-housing/venv/lib/python3.10/site-packages/airflow/example_dags/example_short_circuit_decorator.py took 0.108 seconds
[2023-03-04T10:46:14.289+0530] {processor.py:153} INFO - Started process (PID=33948) to work on /home/ris/PycharmProjects/pythonProject/USA-housing/venv/lib/python3.10/site-packages/airflow/example_dags/example_short_circuit_decorator.py
[2023-03-04T10:46:14.290+0530] {processor.py:743} INFO - Processing file /home/ris/PycharmProjects/pythonProject/USA-housing/venv/lib/python3.10/site-packages/airflow/example_dags/example_short_circuit_decorator.py for tasks to queue
[2023-03-04T10:46:14.291+0530] {logging_mixin.py:137} INFO - [2023-03-04T10:46:14.291+0530] {dagbag.py:538} INFO - Filling up the DagBag from /home/ris/PycharmProjects/pythonProject/USA-housing/venv/lib/python3.10/site-packages/airflow/example_dags/example_short_circuit_decorator.py
[2023-03-04T10:46:14.321+0530] {processor.py:753} INFO - DAG(s) dict_keys(['example_short_circuit_decorator']) retrieved from /home/ris/PycharmProjects/pythonProject/USA-housing/venv/lib/python3.10/site-packages/airflow/example_dags/example_short_circuit_decorator.py
[2023-03-04T10:46:14.342+0530] {logging_mixin.py:137} INFO - [2023-03-04T10:46:14.342+0530] {dag.py:2690} INFO - Sync 1 DAGs
[2023-03-04T10:46:14.366+0530] {logging_mixin.py:137} INFO - [2023-03-04T10:46:14.366+0530] {dag.py:3437} INFO - Setting next_dagrun for example_short_circuit_decorator to 2023-03-03T05:16:14.366233+00:00, run_after=2023-03-04T05:16:14.366233+00:00
[2023-03-04T10:46:14.391+0530] {processor.py:175} INFO - Processing /home/ris/PycharmProjects/pythonProject/USA-housing/venv/lib/python3.10/site-packages/airflow/example_dags/example_short_circuit_decorator.py took 0.106 seconds
[2023-03-04T10:47:01.092+0530] {processor.py:153} INFO - Started process (PID=34007) to work on /home/ris/PycharmProjects/pythonProject/USA-housing/venv/lib/python3.10/site-packages/airflow/example_dags/example_short_circuit_decorator.py
[2023-03-04T10:47:01.093+0530] {processor.py:743} INFO - Processing file /home/ris/PycharmProjects/pythonProject/USA-housing/venv/lib/python3.10/site-packages/airflow/example_dags/example_short_circuit_decorator.py for tasks to queue
[2023-03-04T10:47:01.094+0530] {logging_mixin.py:137} INFO - [2023-03-04T10:47:01.094+0530] {dagbag.py:538} INFO - Filling up the DagBag from /home/ris/PycharmProjects/pythonProject/USA-housing/venv/lib/python3.10/site-packages/airflow/example_dags/example_short_circuit_decorator.py
[2023-03-04T10:47:01.138+0530] {processor.py:753} INFO - DAG(s) dict_keys(['example_short_circuit_decorator']) retrieved from /home/ris/PycharmProjects/pythonProject/USA-housing/venv/lib/python3.10/site-packages/airflow/example_dags/example_short_circuit_decorator.py
[2023-03-04T10:47:01.176+0530] {logging_mixin.py:137} INFO - [2023-03-04T10:47:01.176+0530] {dag.py:2690} INFO - Sync 1 DAGs
[2023-03-04T10:47:01.212+0530] {logging_mixin.py:137} INFO - [2023-03-04T10:47:01.212+0530] {dag.py:3437} INFO - Setting next_dagrun for example_short_circuit_decorator to 2023-03-03T05:17:01.211946+00:00, run_after=2023-03-04T05:17:01.211946+00:00
[2023-03-04T10:47:01.255+0530] {processor.py:175} INFO - Processing /home/ris/PycharmProjects/pythonProject/USA-housing/venv/lib/python3.10/site-packages/airflow/example_dags/example_short_circuit_decorator.py took 0.167 seconds
[2023-03-04T10:47:54.618+0530] {processor.py:153} INFO - Started process (PID=34063) to work on /home/ris/PycharmProjects/pythonProject/USA-housing/venv/lib/python3.10/site-packages/airflow/example_dags/example_short_circuit_decorator.py
[2023-03-04T10:47:54.620+0530] {processor.py:743} INFO - Processing file /home/ris/PycharmProjects/pythonProject/USA-housing/venv/lib/python3.10/site-packages/airflow/example_dags/example_short_circuit_decorator.py for tasks to queue
[2023-03-04T10:47:54.621+0530] {logging_mixin.py:137} INFO - [2023-03-04T10:47:54.621+0530] {dagbag.py:538} INFO - Filling up the DagBag from /home/ris/PycharmProjects/pythonProject/USA-housing/venv/lib/python3.10/site-packages/airflow/example_dags/example_short_circuit_decorator.py
[2023-03-04T10:47:54.651+0530] {processor.py:753} INFO - DAG(s) dict_keys(['example_short_circuit_decorator']) retrieved from /home/ris/PycharmProjects/pythonProject/USA-housing/venv/lib/python3.10/site-packages/airflow/example_dags/example_short_circuit_decorator.py
[2023-03-04T10:47:54.673+0530] {logging_mixin.py:137} INFO - [2023-03-04T10:47:54.673+0530] {dag.py:2690} INFO - Sync 1 DAGs
[2023-03-04T10:47:54.700+0530] {logging_mixin.py:137} INFO - [2023-03-04T10:47:54.700+0530] {dag.py:3437} INFO - Setting next_dagrun for example_short_circuit_decorator to 2023-03-03T05:17:54.700334+00:00, run_after=2023-03-04T05:17:54.700334+00:00
[2023-03-04T10:47:54.725+0530] {processor.py:175} INFO - Processing /home/ris/PycharmProjects/pythonProject/USA-housing/venv/lib/python3.10/site-packages/airflow/example_dags/example_short_circuit_decorator.py took 0.110 seconds
[2023-03-04T10:48:53.215+0530] {processor.py:153} INFO - Started process (PID=34124) to work on /home/ris/PycharmProjects/pythonProject/USA-housing/venv/lib/python3.10/site-packages/airflow/example_dags/example_short_circuit_decorator.py
[2023-03-04T10:48:53.217+0530] {processor.py:743} INFO - Processing file /home/ris/PycharmProjects/pythonProject/USA-housing/venv/lib/python3.10/site-packages/airflow/example_dags/example_short_circuit_decorator.py for tasks to queue
[2023-03-04T10:48:53.218+0530] {logging_mixin.py:137} INFO - [2023-03-04T10:48:53.218+0530] {dagbag.py:538} INFO - Filling up the DagBag from /home/ris/PycharmProjects/pythonProject/USA-housing/venv/lib/python3.10/site-packages/airflow/example_dags/example_short_circuit_decorator.py
[2023-03-04T10:48:53.249+0530] {processor.py:753} INFO - DAG(s) dict_keys(['example_short_circuit_decorator']) retrieved from /home/ris/PycharmProjects/pythonProject/USA-housing/venv/lib/python3.10/site-packages/airflow/example_dags/example_short_circuit_decorator.py
[2023-03-04T10:48:53.271+0530] {logging_mixin.py:137} INFO - [2023-03-04T10:48:53.271+0530] {dag.py:2690} INFO - Sync 1 DAGs
[2023-03-04T10:48:53.295+0530] {logging_mixin.py:137} INFO - [2023-03-04T10:48:53.295+0530] {dag.py:3437} INFO - Setting next_dagrun for example_short_circuit_decorator to 2023-03-03T05:18:53.294891+00:00, run_after=2023-03-04T05:18:53.294891+00:00
[2023-03-04T10:48:53.326+0530] {processor.py:175} INFO - Processing /home/ris/PycharmProjects/pythonProject/USA-housing/venv/lib/python3.10/site-packages/airflow/example_dags/example_short_circuit_decorator.py took 0.116 seconds
[2023-03-04T10:49:39.939+0530] {processor.py:153} INFO - Started process (PID=34186) to work on /home/ris/PycharmProjects/pythonProject/USA-housing/venv/lib/python3.10/site-packages/airflow/example_dags/example_short_circuit_decorator.py
[2023-03-04T10:49:39.942+0530] {processor.py:743} INFO - Processing file /home/ris/PycharmProjects/pythonProject/USA-housing/venv/lib/python3.10/site-packages/airflow/example_dags/example_short_circuit_decorator.py for tasks to queue
[2023-03-04T10:49:39.944+0530] {logging_mixin.py:137} INFO - [2023-03-04T10:49:39.943+0530] {dagbag.py:538} INFO - Filling up the DagBag from /home/ris/PycharmProjects/pythonProject/USA-housing/venv/lib/python3.10/site-packages/airflow/example_dags/example_short_circuit_decorator.py
[2023-03-04T10:49:39.982+0530] {processor.py:753} INFO - DAG(s) dict_keys(['example_short_circuit_decorator']) retrieved from /home/ris/PycharmProjects/pythonProject/USA-housing/venv/lib/python3.10/site-packages/airflow/example_dags/example_short_circuit_decorator.py
[2023-03-04T10:49:40.003+0530] {logging_mixin.py:137} INFO - [2023-03-04T10:49:40.002+0530] {dag.py:2690} INFO - Sync 1 DAGs
[2023-03-04T10:49:40.026+0530] {logging_mixin.py:137} INFO - [2023-03-04T10:49:40.026+0530] {dag.py:3437} INFO - Setting next_dagrun for example_short_circuit_decorator to 2023-03-03T05:19:40.026270+00:00, run_after=2023-03-04T05:19:40.026270+00:00
[2023-03-04T10:49:40.054+0530] {processor.py:175} INFO - Processing /home/ris/PycharmProjects/pythonProject/USA-housing/venv/lib/python3.10/site-packages/airflow/example_dags/example_short_circuit_decorator.py took 0.119 seconds
[2023-03-04T10:50:28.415+0530] {processor.py:153} INFO - Started process (PID=34291) to work on /home/ris/PycharmProjects/pythonProject/USA-housing/venv/lib/python3.10/site-packages/airflow/example_dags/example_short_circuit_decorator.py
[2023-03-04T10:50:28.417+0530] {processor.py:743} INFO - Processing file /home/ris/PycharmProjects/pythonProject/USA-housing/venv/lib/python3.10/site-packages/airflow/example_dags/example_short_circuit_decorator.py for tasks to queue
[2023-03-04T10:50:28.417+0530] {logging_mixin.py:137} INFO - [2023-03-04T10:50:28.417+0530] {dagbag.py:538} INFO - Filling up the DagBag from /home/ris/PycharmProjects/pythonProject/USA-housing/venv/lib/python3.10/site-packages/airflow/example_dags/example_short_circuit_decorator.py
[2023-03-04T10:50:28.442+0530] {processor.py:753} INFO - DAG(s) dict_keys(['example_short_circuit_decorator']) retrieved from /home/ris/PycharmProjects/pythonProject/USA-housing/venv/lib/python3.10/site-packages/airflow/example_dags/example_short_circuit_decorator.py
[2023-03-04T10:50:28.462+0530] {logging_mixin.py:137} INFO - [2023-03-04T10:50:28.462+0530] {dag.py:2690} INFO - Sync 1 DAGs
[2023-03-04T10:50:28.481+0530] {logging_mixin.py:137} INFO - [2023-03-04T10:50:28.481+0530] {dag.py:3437} INFO - Setting next_dagrun for example_short_circuit_decorator to 2023-03-03T05:20:28.481308+00:00, run_after=2023-03-04T05:20:28.481308+00:00
[2023-03-04T10:50:28.512+0530] {processor.py:175} INFO - Processing /home/ris/PycharmProjects/pythonProject/USA-housing/venv/lib/python3.10/site-packages/airflow/example_dags/example_short_circuit_decorator.py took 0.101 seconds
[2023-03-04T10:51:18.415+0530] {processor.py:153} INFO - Started process (PID=34363) to work on /home/ris/PycharmProjects/pythonProject/USA-housing/venv/lib/python3.10/site-packages/airflow/example_dags/example_short_circuit_decorator.py
[2023-03-04T10:51:18.417+0530] {processor.py:743} INFO - Processing file /home/ris/PycharmProjects/pythonProject/USA-housing/venv/lib/python3.10/site-packages/airflow/example_dags/example_short_circuit_decorator.py for tasks to queue
[2023-03-04T10:51:18.418+0530] {logging_mixin.py:137} INFO - [2023-03-04T10:51:18.417+0530] {dagbag.py:538} INFO - Filling up the DagBag from /home/ris/PycharmProjects/pythonProject/USA-housing/venv/lib/python3.10/site-packages/airflow/example_dags/example_short_circuit_decorator.py
[2023-03-04T10:51:18.443+0530] {processor.py:753} INFO - DAG(s) dict_keys(['example_short_circuit_decorator']) retrieved from /home/ris/PycharmProjects/pythonProject/USA-housing/venv/lib/python3.10/site-packages/airflow/example_dags/example_short_circuit_decorator.py
[2023-03-04T10:51:18.463+0530] {logging_mixin.py:137} INFO - [2023-03-04T10:51:18.462+0530] {dag.py:2690} INFO - Sync 1 DAGs
[2023-03-04T10:51:18.488+0530] {logging_mixin.py:137} INFO - [2023-03-04T10:51:18.488+0530] {dag.py:3437} INFO - Setting next_dagrun for example_short_circuit_decorator to 2023-03-03T05:21:18.488208+00:00, run_after=2023-03-04T05:21:18.488208+00:00
[2023-03-04T10:51:18.512+0530] {processor.py:175} INFO - Processing /home/ris/PycharmProjects/pythonProject/USA-housing/venv/lib/python3.10/site-packages/airflow/example_dags/example_short_circuit_decorator.py took 0.099 seconds
[2023-03-04T10:52:04.887+0530] {processor.py:153} INFO - Started process (PID=34437) to work on /home/ris/PycharmProjects/pythonProject/USA-housing/venv/lib/python3.10/site-packages/airflow/example_dags/example_short_circuit_decorator.py
[2023-03-04T10:52:04.889+0530] {processor.py:743} INFO - Processing file /home/ris/PycharmProjects/pythonProject/USA-housing/venv/lib/python3.10/site-packages/airflow/example_dags/example_short_circuit_decorator.py for tasks to queue
[2023-03-04T10:52:04.889+0530] {logging_mixin.py:137} INFO - [2023-03-04T10:52:04.889+0530] {dagbag.py:538} INFO - Filling up the DagBag from /home/ris/PycharmProjects/pythonProject/USA-housing/venv/lib/python3.10/site-packages/airflow/example_dags/example_short_circuit_decorator.py
[2023-03-04T10:52:04.916+0530] {processor.py:753} INFO - DAG(s) dict_keys(['example_short_circuit_decorator']) retrieved from /home/ris/PycharmProjects/pythonProject/USA-housing/venv/lib/python3.10/site-packages/airflow/example_dags/example_short_circuit_decorator.py
[2023-03-04T10:52:04.938+0530] {logging_mixin.py:137} INFO - [2023-03-04T10:52:04.937+0530] {dag.py:2690} INFO - Sync 1 DAGs
[2023-03-04T10:52:04.958+0530] {logging_mixin.py:137} INFO - [2023-03-04T10:52:04.958+0530] {dag.py:3437} INFO - Setting next_dagrun for example_short_circuit_decorator to 2023-03-03T05:22:04.958157+00:00, run_after=2023-03-04T05:22:04.958157+00:00
[2023-03-04T10:52:04.983+0530] {processor.py:175} INFO - Processing /home/ris/PycharmProjects/pythonProject/USA-housing/venv/lib/python3.10/site-packages/airflow/example_dags/example_short_circuit_decorator.py took 0.098 seconds
[2023-03-04T10:52:58.011+0530] {processor.py:153} INFO - Started process (PID=34501) to work on /home/ris/PycharmProjects/pythonProject/USA-housing/venv/lib/python3.10/site-packages/airflow/example_dags/example_short_circuit_decorator.py
[2023-03-04T10:52:58.014+0530] {processor.py:743} INFO - Processing file /home/ris/PycharmProjects/pythonProject/USA-housing/venv/lib/python3.10/site-packages/airflow/example_dags/example_short_circuit_decorator.py for tasks to queue
[2023-03-04T10:52:58.016+0530] {logging_mixin.py:137} INFO - [2023-03-04T10:52:58.015+0530] {dagbag.py:538} INFO - Filling up the DagBag from /home/ris/PycharmProjects/pythonProject/USA-housing/venv/lib/python3.10/site-packages/airflow/example_dags/example_short_circuit_decorator.py
[2023-03-04T10:52:58.057+0530] {processor.py:753} INFO - DAG(s) dict_keys(['example_short_circuit_decorator']) retrieved from /home/ris/PycharmProjects/pythonProject/USA-housing/venv/lib/python3.10/site-packages/airflow/example_dags/example_short_circuit_decorator.py
[2023-03-04T10:52:58.084+0530] {logging_mixin.py:137} INFO - [2023-03-04T10:52:58.083+0530] {dag.py:2690} INFO - Sync 1 DAGs
[2023-03-04T10:52:58.117+0530] {logging_mixin.py:137} INFO - [2023-03-04T10:52:58.116+0530] {dag.py:3437} INFO - Setting next_dagrun for example_short_circuit_decorator to 2023-03-03T05:22:58.116696+00:00, run_after=2023-03-04T05:22:58.116696+00:00
[2023-03-04T10:52:58.161+0530] {processor.py:175} INFO - Processing /home/ris/PycharmProjects/pythonProject/USA-housing/venv/lib/python3.10/site-packages/airflow/example_dags/example_short_circuit_decorator.py took 0.155 seconds
[2023-03-04T10:53:53.729+0530] {processor.py:153} INFO - Started process (PID=34701) to work on /home/ris/PycharmProjects/pythonProject/USA-housing/venv/lib/python3.10/site-packages/airflow/example_dags/example_short_circuit_decorator.py
[2023-03-04T10:53:53.730+0530] {processor.py:743} INFO - Processing file /home/ris/PycharmProjects/pythonProject/USA-housing/venv/lib/python3.10/site-packages/airflow/example_dags/example_short_circuit_decorator.py for tasks to queue
[2023-03-04T10:53:53.730+0530] {logging_mixin.py:137} INFO - [2023-03-04T10:53:53.730+0530] {dagbag.py:538} INFO - Filling up the DagBag from /home/ris/PycharmProjects/pythonProject/USA-housing/venv/lib/python3.10/site-packages/airflow/example_dags/example_short_circuit_decorator.py
[2023-03-04T10:53:53.754+0530] {processor.py:753} INFO - DAG(s) dict_keys(['example_short_circuit_decorator']) retrieved from /home/ris/PycharmProjects/pythonProject/USA-housing/venv/lib/python3.10/site-packages/airflow/example_dags/example_short_circuit_decorator.py
[2023-03-04T10:53:53.775+0530] {logging_mixin.py:137} INFO - [2023-03-04T10:53:53.775+0530] {dag.py:2690} INFO - Sync 1 DAGs
[2023-03-04T10:53:53.805+0530] {logging_mixin.py:137} INFO - [2023-03-04T10:53:53.804+0530] {dag.py:3437} INFO - Setting next_dagrun for example_short_circuit_decorator to 2023-03-03T05:23:53.804739+00:00, run_after=2023-03-04T05:23:53.804739+00:00
[2023-03-04T10:53:53.825+0530] {processor.py:175} INFO - Processing /home/ris/PycharmProjects/pythonProject/USA-housing/venv/lib/python3.10/site-packages/airflow/example_dags/example_short_circuit_decorator.py took 0.099 seconds
[2023-03-04T10:54:47.800+0530] {processor.py:153} INFO - Started process (PID=34794) to work on /home/ris/PycharmProjects/pythonProject/USA-housing/venv/lib/python3.10/site-packages/airflow/example_dags/example_short_circuit_decorator.py
[2023-03-04T10:54:47.802+0530] {processor.py:743} INFO - Processing file /home/ris/PycharmProjects/pythonProject/USA-housing/venv/lib/python3.10/site-packages/airflow/example_dags/example_short_circuit_decorator.py for tasks to queue
[2023-03-04T10:54:47.802+0530] {logging_mixin.py:137} INFO - [2023-03-04T10:54:47.802+0530] {dagbag.py:538} INFO - Filling up the DagBag from /home/ris/PycharmProjects/pythonProject/USA-housing/venv/lib/python3.10/site-packages/airflow/example_dags/example_short_circuit_decorator.py
[2023-03-04T10:54:47.826+0530] {processor.py:753} INFO - DAG(s) dict_keys(['example_short_circuit_decorator']) retrieved from /home/ris/PycharmProjects/pythonProject/USA-housing/venv/lib/python3.10/site-packages/airflow/example_dags/example_short_circuit_decorator.py
[2023-03-04T10:54:47.848+0530] {logging_mixin.py:137} INFO - [2023-03-04T10:54:47.848+0530] {dag.py:2690} INFO - Sync 1 DAGs
[2023-03-04T10:54:47.867+0530] {logging_mixin.py:137} INFO - [2023-03-04T10:54:47.867+0530] {dag.py:3437} INFO - Setting next_dagrun for example_short_circuit_decorator to 2023-03-03T05:24:47.867557+00:00, run_after=2023-03-04T05:24:47.867557+00:00
[2023-03-04T10:54:47.886+0530] {processor.py:175} INFO - Processing /home/ris/PycharmProjects/pythonProject/USA-housing/venv/lib/python3.10/site-packages/airflow/example_dags/example_short_circuit_decorator.py took 0.089 seconds
[2023-03-04T10:55:32.094+0530] {processor.py:153} INFO - Started process (PID=34842) to work on /home/ris/PycharmProjects/pythonProject/USA-housing/venv/lib/python3.10/site-packages/airflow/example_dags/example_short_circuit_decorator.py
[2023-03-04T10:55:32.096+0530] {processor.py:743} INFO - Processing file /home/ris/PycharmProjects/pythonProject/USA-housing/venv/lib/python3.10/site-packages/airflow/example_dags/example_short_circuit_decorator.py for tasks to queue
[2023-03-04T10:55:32.097+0530] {logging_mixin.py:137} INFO - [2023-03-04T10:55:32.097+0530] {dagbag.py:538} INFO - Filling up the DagBag from /home/ris/PycharmProjects/pythonProject/USA-housing/venv/lib/python3.10/site-packages/airflow/example_dags/example_short_circuit_decorator.py
[2023-03-04T10:55:32.123+0530] {processor.py:753} INFO - DAG(s) dict_keys(['example_short_circuit_decorator']) retrieved from /home/ris/PycharmProjects/pythonProject/USA-housing/venv/lib/python3.10/site-packages/airflow/example_dags/example_short_circuit_decorator.py
[2023-03-04T10:55:32.144+0530] {logging_mixin.py:137} INFO - [2023-03-04T10:55:32.144+0530] {dag.py:2690} INFO - Sync 1 DAGs
[2023-03-04T10:55:32.164+0530] {logging_mixin.py:137} INFO - [2023-03-04T10:55:32.164+0530] {dag.py:3437} INFO - Setting next_dagrun for example_short_circuit_decorator to 2023-03-03T05:25:32.164143+00:00, run_after=2023-03-04T05:25:32.164143+00:00
[2023-03-04T10:55:32.186+0530] {processor.py:175} INFO - Processing /home/ris/PycharmProjects/pythonProject/USA-housing/venv/lib/python3.10/site-packages/airflow/example_dags/example_short_circuit_decorator.py took 0.094 seconds
[2023-03-04T10:56:23.103+0530] {processor.py:153} INFO - Started process (PID=34909) to work on /home/ris/PycharmProjects/pythonProject/USA-housing/venv/lib/python3.10/site-packages/airflow/example_dags/example_short_circuit_decorator.py
[2023-03-04T10:56:23.105+0530] {processor.py:743} INFO - Processing file /home/ris/PycharmProjects/pythonProject/USA-housing/venv/lib/python3.10/site-packages/airflow/example_dags/example_short_circuit_decorator.py for tasks to queue
[2023-03-04T10:56:23.107+0530] {logging_mixin.py:137} INFO - [2023-03-04T10:56:23.107+0530] {dagbag.py:538} INFO - Filling up the DagBag from /home/ris/PycharmProjects/pythonProject/USA-housing/venv/lib/python3.10/site-packages/airflow/example_dags/example_short_circuit_decorator.py
[2023-03-04T10:56:23.133+0530] {processor.py:753} INFO - DAG(s) dict_keys(['example_short_circuit_decorator']) retrieved from /home/ris/PycharmProjects/pythonProject/USA-housing/venv/lib/python3.10/site-packages/airflow/example_dags/example_short_circuit_decorator.py
[2023-03-04T10:56:23.158+0530] {logging_mixin.py:137} INFO - [2023-03-04T10:56:23.158+0530] {dag.py:2690} INFO - Sync 1 DAGs
[2023-03-04T10:56:23.179+0530] {logging_mixin.py:137} INFO - [2023-03-04T10:56:23.179+0530] {dag.py:3437} INFO - Setting next_dagrun for example_short_circuit_decorator to 2023-03-03T05:26:23.178863+00:00, run_after=2023-03-04T05:26:23.178863+00:00
[2023-03-04T10:56:23.200+0530] {processor.py:175} INFO - Processing /home/ris/PycharmProjects/pythonProject/USA-housing/venv/lib/python3.10/site-packages/airflow/example_dags/example_short_circuit_decorator.py took 0.102 seconds
[2023-03-04T10:57:15.487+0530] {processor.py:153} INFO - Started process (PID=34995) to work on /home/ris/PycharmProjects/pythonProject/USA-housing/venv/lib/python3.10/site-packages/airflow/example_dags/example_short_circuit_decorator.py
[2023-03-04T10:57:15.490+0530] {processor.py:743} INFO - Processing file /home/ris/PycharmProjects/pythonProject/USA-housing/venv/lib/python3.10/site-packages/airflow/example_dags/example_short_circuit_decorator.py for tasks to queue
[2023-03-04T10:57:15.491+0530] {logging_mixin.py:137} INFO - [2023-03-04T10:57:15.491+0530] {dagbag.py:538} INFO - Filling up the DagBag from /home/ris/PycharmProjects/pythonProject/USA-housing/venv/lib/python3.10/site-packages/airflow/example_dags/example_short_circuit_decorator.py
[2023-03-04T10:57:15.536+0530] {processor.py:753} INFO - DAG(s) dict_keys(['example_short_circuit_decorator']) retrieved from /home/ris/PycharmProjects/pythonProject/USA-housing/venv/lib/python3.10/site-packages/airflow/example_dags/example_short_circuit_decorator.py
[2023-03-04T10:57:15.556+0530] {logging_mixin.py:137} INFO - [2023-03-04T10:57:15.555+0530] {dag.py:2690} INFO - Sync 1 DAGs
[2023-03-04T10:57:15.587+0530] {logging_mixin.py:137} INFO - [2023-03-04T10:57:15.587+0530] {dag.py:3437} INFO - Setting next_dagrun for example_short_circuit_decorator to 2023-03-03T05:27:15.586897+00:00, run_after=2023-03-04T05:27:15.586897+00:00
[2023-03-04T10:57:15.609+0530] {processor.py:175} INFO - Processing /home/ris/PycharmProjects/pythonProject/USA-housing/venv/lib/python3.10/site-packages/airflow/example_dags/example_short_circuit_decorator.py took 0.126 seconds
[2023-03-04T10:58:03.100+0530] {processor.py:153} INFO - Started process (PID=35064) to work on /home/ris/PycharmProjects/pythonProject/USA-housing/venv/lib/python3.10/site-packages/airflow/example_dags/example_short_circuit_decorator.py
[2023-03-04T10:58:03.102+0530] {processor.py:743} INFO - Processing file /home/ris/PycharmProjects/pythonProject/USA-housing/venv/lib/python3.10/site-packages/airflow/example_dags/example_short_circuit_decorator.py for tasks to queue
[2023-03-04T10:58:03.103+0530] {logging_mixin.py:137} INFO - [2023-03-04T10:58:03.103+0530] {dagbag.py:538} INFO - Filling up the DagBag from /home/ris/PycharmProjects/pythonProject/USA-housing/venv/lib/python3.10/site-packages/airflow/example_dags/example_short_circuit_decorator.py
[2023-03-04T10:58:03.132+0530] {processor.py:753} INFO - DAG(s) dict_keys(['example_short_circuit_decorator']) retrieved from /home/ris/PycharmProjects/pythonProject/USA-housing/venv/lib/python3.10/site-packages/airflow/example_dags/example_short_circuit_decorator.py
[2023-03-04T10:58:03.152+0530] {logging_mixin.py:137} INFO - [2023-03-04T10:58:03.152+0530] {dag.py:2690} INFO - Sync 1 DAGs
[2023-03-04T10:58:03.190+0530] {logging_mixin.py:137} INFO - [2023-03-04T10:58:03.190+0530] {dag.py:3437} INFO - Setting next_dagrun for example_short_circuit_decorator to 2023-03-03T05:28:03.189780+00:00, run_after=2023-03-04T05:28:03.189780+00:00
[2023-03-04T10:58:03.261+0530] {processor.py:175} INFO - Processing /home/ris/PycharmProjects/pythonProject/USA-housing/venv/lib/python3.10/site-packages/airflow/example_dags/example_short_circuit_decorator.py took 0.163 seconds
[2023-03-04T11:01:35.083+0530] {processor.py:153} INFO - Started process (PID=35214) to work on /home/ris/PycharmProjects/pythonProject/USA-housing/venv/lib/python3.10/site-packages/airflow/example_dags/example_short_circuit_decorator.py
[2023-03-04T11:01:35.085+0530] {processor.py:743} INFO - Processing file /home/ris/PycharmProjects/pythonProject/USA-housing/venv/lib/python3.10/site-packages/airflow/example_dags/example_short_circuit_decorator.py for tasks to queue
[2023-03-04T11:01:35.087+0530] {logging_mixin.py:137} INFO - [2023-03-04T11:01:35.086+0530] {dagbag.py:538} INFO - Filling up the DagBag from /home/ris/PycharmProjects/pythonProject/USA-housing/venv/lib/python3.10/site-packages/airflow/example_dags/example_short_circuit_decorator.py
[2023-03-04T11:01:35.130+0530] {processor.py:753} INFO - DAG(s) dict_keys(['example_short_circuit_decorator']) retrieved from /home/ris/PycharmProjects/pythonProject/USA-housing/venv/lib/python3.10/site-packages/airflow/example_dags/example_short_circuit_decorator.py
[2023-03-04T11:01:35.146+0530] {logging_mixin.py:137} INFO - [2023-03-04T11:01:35.146+0530] {dag.py:2690} INFO - Sync 1 DAGs
[2023-03-04T11:01:35.164+0530] {logging_mixin.py:137} INFO - [2023-03-04T11:01:35.164+0530] {dag.py:3437} INFO - Setting next_dagrun for example_short_circuit_decorator to 2023-03-03T05:31:35.164417+00:00, run_after=2023-03-04T05:31:35.164417+00:00
[2023-03-04T11:01:35.182+0530] {processor.py:175} INFO - Processing /home/ris/PycharmProjects/pythonProject/USA-housing/venv/lib/python3.10/site-packages/airflow/example_dags/example_short_circuit_decorator.py took 0.104 seconds
