[2023-03-04T09:23:16.733+0530] {processor.py:153} INFO - Started process (PID=28820) to work on /home/ris/PycharmProjects/pythonProject/USA-housing/venv/lib/python3.10/site-packages/airflow/example_dags/example_branch_operator.py
[2023-03-04T09:23:16.735+0530] {processor.py:743} INFO - Processing file /home/ris/PycharmProjects/pythonProject/USA-housing/venv/lib/python3.10/site-packages/airflow/example_dags/example_branch_operator.py for tasks to queue
[2023-03-04T09:23:16.736+0530] {logging_mixin.py:137} INFO - [2023-03-04T09:23:16.736+0530] {dagbag.py:538} INFO - Filling up the DagBag from /home/ris/PycharmProjects/pythonProject/USA-housing/venv/lib/python3.10/site-packages/airflow/example_dags/example_branch_operator.py
[2023-03-04T09:23:16.775+0530] {processor.py:753} INFO - DAG(s) dict_keys(['example_branch_operator']) retrieved from /home/ris/PycharmProjects/pythonProject/USA-housing/venv/lib/python3.10/site-packages/airflow/example_dags/example_branch_operator.py
[2023-03-04T09:23:16.795+0530] {logging_mixin.py:137} INFO - [2023-03-04T09:23:16.795+0530] {dag.py:2690} INFO - Sync 1 DAGs
[2023-03-04T09:23:16.814+0530] {logging_mixin.py:137} INFO - [2023-03-04T09:23:16.814+0530] {dag.py:3437} INFO - Setting next_dagrun for example_branch_operator to 2023-03-03T00:00:00+00:00, run_after=2023-03-04T00:00:00+00:00
[2023-03-04T09:23:16.834+0530] {processor.py:175} INFO - Processing /home/ris/PycharmProjects/pythonProject/USA-housing/venv/lib/python3.10/site-packages/airflow/example_dags/example_branch_operator.py took 0.106 seconds
[2023-03-04T09:23:58.746+0530] {processor.py:153} INFO - Started process (PID=29733) to work on /home/ris/PycharmProjects/pythonProject/USA-housing/venv/lib/python3.10/site-packages/airflow/example_dags/example_branch_operator.py
[2023-03-04T09:23:58.748+0530] {processor.py:743} INFO - Processing file /home/ris/PycharmProjects/pythonProject/USA-housing/venv/lib/python3.10/site-packages/airflow/example_dags/example_branch_operator.py for tasks to queue
[2023-03-04T09:23:58.749+0530] {logging_mixin.py:137} INFO - [2023-03-04T09:23:58.749+0530] {dagbag.py:538} INFO - Filling up the DagBag from /home/ris/PycharmProjects/pythonProject/USA-housing/venv/lib/python3.10/site-packages/airflow/example_dags/example_branch_operator.py
[2023-03-04T09:23:58.780+0530] {processor.py:753} INFO - DAG(s) dict_keys(['example_branch_operator']) retrieved from /home/ris/PycharmProjects/pythonProject/USA-housing/venv/lib/python3.10/site-packages/airflow/example_dags/example_branch_operator.py
[2023-03-04T09:23:58.800+0530] {logging_mixin.py:137} INFO - [2023-03-04T09:23:58.799+0530] {dag.py:2690} INFO - Sync 1 DAGs
[2023-03-04T09:23:58.817+0530] {logging_mixin.py:137} INFO - [2023-03-04T09:23:58.817+0530] {dag.py:3437} INFO - Setting next_dagrun for example_branch_operator to 2023-03-03T00:00:00+00:00, run_after=2023-03-04T00:00:00+00:00
[2023-03-04T09:23:58.838+0530] {processor.py:175} INFO - Processing /home/ris/PycharmProjects/pythonProject/USA-housing/venv/lib/python3.10/site-packages/airflow/example_dags/example_branch_operator.py took 0.096 seconds
[2023-03-04T09:24:49.771+0530] {processor.py:153} INFO - Started process (PID=29782) to work on /home/ris/PycharmProjects/pythonProject/USA-housing/venv/lib/python3.10/site-packages/airflow/example_dags/example_branch_operator.py
[2023-03-04T09:24:49.773+0530] {processor.py:743} INFO - Processing file /home/ris/PycharmProjects/pythonProject/USA-housing/venv/lib/python3.10/site-packages/airflow/example_dags/example_branch_operator.py for tasks to queue
[2023-03-04T09:24:49.775+0530] {logging_mixin.py:137} INFO - [2023-03-04T09:24:49.774+0530] {dagbag.py:538} INFO - Filling up the DagBag from /home/ris/PycharmProjects/pythonProject/USA-housing/venv/lib/python3.10/site-packages/airflow/example_dags/example_branch_operator.py
[2023-03-04T09:24:49.806+0530] {processor.py:753} INFO - DAG(s) dict_keys(['example_branch_operator']) retrieved from /home/ris/PycharmProjects/pythonProject/USA-housing/venv/lib/python3.10/site-packages/airflow/example_dags/example_branch_operator.py
[2023-03-04T09:24:49.825+0530] {logging_mixin.py:137} INFO - [2023-03-04T09:24:49.825+0530] {dag.py:2690} INFO - Sync 1 DAGs
[2023-03-04T09:24:49.843+0530] {logging_mixin.py:137} INFO - [2023-03-04T09:24:49.843+0530] {dag.py:3437} INFO - Setting next_dagrun for example_branch_operator to 2023-03-03T00:00:00+00:00, run_after=2023-03-04T00:00:00+00:00
[2023-03-04T09:24:49.861+0530] {processor.py:175} INFO - Processing /home/ris/PycharmProjects/pythonProject/USA-housing/venv/lib/python3.10/site-packages/airflow/example_dags/example_branch_operator.py took 0.094 seconds
[2023-03-04T09:25:35.731+0530] {processor.py:153} INFO - Started process (PID=29836) to work on /home/ris/PycharmProjects/pythonProject/USA-housing/venv/lib/python3.10/site-packages/airflow/example_dags/example_branch_operator.py
[2023-03-04T09:25:35.733+0530] {processor.py:743} INFO - Processing file /home/ris/PycharmProjects/pythonProject/USA-housing/venv/lib/python3.10/site-packages/airflow/example_dags/example_branch_operator.py for tasks to queue
[2023-03-04T09:25:35.734+0530] {logging_mixin.py:137} INFO - [2023-03-04T09:25:35.734+0530] {dagbag.py:538} INFO - Filling up the DagBag from /home/ris/PycharmProjects/pythonProject/USA-housing/venv/lib/python3.10/site-packages/airflow/example_dags/example_branch_operator.py
[2023-03-04T09:25:35.764+0530] {processor.py:753} INFO - DAG(s) dict_keys(['example_branch_operator']) retrieved from /home/ris/PycharmProjects/pythonProject/USA-housing/venv/lib/python3.10/site-packages/airflow/example_dags/example_branch_operator.py
[2023-03-04T09:25:35.790+0530] {logging_mixin.py:137} INFO - [2023-03-04T09:25:35.789+0530] {dag.py:2690} INFO - Sync 1 DAGs
[2023-03-04T09:25:35.816+0530] {logging_mixin.py:137} INFO - [2023-03-04T09:25:35.816+0530] {dag.py:3437} INFO - Setting next_dagrun for example_branch_operator to 2023-03-03T00:00:00+00:00, run_after=2023-03-04T00:00:00+00:00
[2023-03-04T09:25:35.838+0530] {processor.py:175} INFO - Processing /home/ris/PycharmProjects/pythonProject/USA-housing/venv/lib/python3.10/site-packages/airflow/example_dags/example_branch_operator.py took 0.112 seconds
[2023-03-04T09:26:21.165+0530] {processor.py:153} INFO - Started process (PID=30115) to work on /home/ris/PycharmProjects/pythonProject/USA-housing/venv/lib/python3.10/site-packages/airflow/example_dags/example_branch_operator.py
[2023-03-04T09:26:21.167+0530] {processor.py:743} INFO - Processing file /home/ris/PycharmProjects/pythonProject/USA-housing/venv/lib/python3.10/site-packages/airflow/example_dags/example_branch_operator.py for tasks to queue
[2023-03-04T09:26:21.168+0530] {logging_mixin.py:137} INFO - [2023-03-04T09:26:21.168+0530] {dagbag.py:538} INFO - Filling up the DagBag from /home/ris/PycharmProjects/pythonProject/USA-housing/venv/lib/python3.10/site-packages/airflow/example_dags/example_branch_operator.py
[2023-03-04T09:26:21.199+0530] {processor.py:753} INFO - DAG(s) dict_keys(['example_branch_operator']) retrieved from /home/ris/PycharmProjects/pythonProject/USA-housing/venv/lib/python3.10/site-packages/airflow/example_dags/example_branch_operator.py
[2023-03-04T09:26:21.220+0530] {logging_mixin.py:137} INFO - [2023-03-04T09:26:21.220+0530] {dag.py:2690} INFO - Sync 1 DAGs
[2023-03-04T09:26:21.237+0530] {logging_mixin.py:137} INFO - [2023-03-04T09:26:21.237+0530] {dag.py:3437} INFO - Setting next_dagrun for example_branch_operator to 2023-03-03T00:00:00+00:00, run_after=2023-03-04T00:00:00+00:00
[2023-03-04T09:26:21.254+0530] {processor.py:175} INFO - Processing /home/ris/PycharmProjects/pythonProject/USA-housing/venv/lib/python3.10/site-packages/airflow/example_dags/example_branch_operator.py took 0.093 seconds
[2023-03-04T09:27:12.456+0530] {processor.py:153} INFO - Started process (PID=30166) to work on /home/ris/PycharmProjects/pythonProject/USA-housing/venv/lib/python3.10/site-packages/airflow/example_dags/example_branch_operator.py
[2023-03-04T09:27:12.458+0530] {processor.py:743} INFO - Processing file /home/ris/PycharmProjects/pythonProject/USA-housing/venv/lib/python3.10/site-packages/airflow/example_dags/example_branch_operator.py for tasks to queue
[2023-03-04T09:27:12.459+0530] {logging_mixin.py:137} INFO - [2023-03-04T09:27:12.459+0530] {dagbag.py:538} INFO - Filling up the DagBag from /home/ris/PycharmProjects/pythonProject/USA-housing/venv/lib/python3.10/site-packages/airflow/example_dags/example_branch_operator.py
[2023-03-04T09:27:12.494+0530] {processor.py:753} INFO - DAG(s) dict_keys(['example_branch_operator']) retrieved from /home/ris/PycharmProjects/pythonProject/USA-housing/venv/lib/python3.10/site-packages/airflow/example_dags/example_branch_operator.py
[2023-03-04T09:27:12.517+0530] {logging_mixin.py:137} INFO - [2023-03-04T09:27:12.517+0530] {dag.py:2690} INFO - Sync 1 DAGs
[2023-03-04T09:27:12.543+0530] {logging_mixin.py:137} INFO - [2023-03-04T09:27:12.542+0530] {dag.py:3437} INFO - Setting next_dagrun for example_branch_operator to 2023-03-03T00:00:00+00:00, run_after=2023-03-04T00:00:00+00:00
[2023-03-04T09:27:12.560+0530] {processor.py:175} INFO - Processing /home/ris/PycharmProjects/pythonProject/USA-housing/venv/lib/python3.10/site-packages/airflow/example_dags/example_branch_operator.py took 0.109 seconds
[2023-03-04T09:27:58.074+0530] {processor.py:153} INFO - Started process (PID=30212) to work on /home/ris/PycharmProjects/pythonProject/USA-housing/venv/lib/python3.10/site-packages/airflow/example_dags/example_branch_operator.py
[2023-03-04T09:27:58.077+0530] {processor.py:743} INFO - Processing file /home/ris/PycharmProjects/pythonProject/USA-housing/venv/lib/python3.10/site-packages/airflow/example_dags/example_branch_operator.py for tasks to queue
[2023-03-04T09:27:58.078+0530] {logging_mixin.py:137} INFO - [2023-03-04T09:27:58.077+0530] {dagbag.py:538} INFO - Filling up the DagBag from /home/ris/PycharmProjects/pythonProject/USA-housing/venv/lib/python3.10/site-packages/airflow/example_dags/example_branch_operator.py
[2023-03-04T09:27:58.109+0530] {processor.py:753} INFO - DAG(s) dict_keys(['example_branch_operator']) retrieved from /home/ris/PycharmProjects/pythonProject/USA-housing/venv/lib/python3.10/site-packages/airflow/example_dags/example_branch_operator.py
[2023-03-04T09:27:58.128+0530] {logging_mixin.py:137} INFO - [2023-03-04T09:27:58.128+0530] {dag.py:2690} INFO - Sync 1 DAGs
[2023-03-04T09:27:58.145+0530] {logging_mixin.py:137} INFO - [2023-03-04T09:27:58.145+0530] {dag.py:3437} INFO - Setting next_dagrun for example_branch_operator to 2023-03-03T00:00:00+00:00, run_after=2023-03-04T00:00:00+00:00
[2023-03-04T09:27:58.163+0530] {processor.py:175} INFO - Processing /home/ris/PycharmProjects/pythonProject/USA-housing/venv/lib/python3.10/site-packages/airflow/example_dags/example_branch_operator.py took 0.094 seconds
[2023-03-04T09:28:39.953+0530] {processor.py:153} INFO - Started process (PID=30258) to work on /home/ris/PycharmProjects/pythonProject/USA-housing/venv/lib/python3.10/site-packages/airflow/example_dags/example_branch_operator.py
[2023-03-04T09:28:39.956+0530] {processor.py:743} INFO - Processing file /home/ris/PycharmProjects/pythonProject/USA-housing/venv/lib/python3.10/site-packages/airflow/example_dags/example_branch_operator.py for tasks to queue
[2023-03-04T09:28:39.957+0530] {logging_mixin.py:137} INFO - [2023-03-04T09:28:39.956+0530] {dagbag.py:538} INFO - Filling up the DagBag from /home/ris/PycharmProjects/pythonProject/USA-housing/venv/lib/python3.10/site-packages/airflow/example_dags/example_branch_operator.py
[2023-03-04T09:28:39.987+0530] {processor.py:753} INFO - DAG(s) dict_keys(['example_branch_operator']) retrieved from /home/ris/PycharmProjects/pythonProject/USA-housing/venv/lib/python3.10/site-packages/airflow/example_dags/example_branch_operator.py
[2023-03-04T09:28:40.008+0530] {logging_mixin.py:137} INFO - [2023-03-04T09:28:40.008+0530] {dag.py:2690} INFO - Sync 1 DAGs
[2023-03-04T09:28:40.026+0530] {logging_mixin.py:137} INFO - [2023-03-04T09:28:40.026+0530] {dag.py:3437} INFO - Setting next_dagrun for example_branch_operator to 2023-03-03T00:00:00+00:00, run_after=2023-03-04T00:00:00+00:00
[2023-03-04T09:28:40.044+0530] {processor.py:175} INFO - Processing /home/ris/PycharmProjects/pythonProject/USA-housing/venv/lib/python3.10/site-packages/airflow/example_dags/example_branch_operator.py took 0.095 seconds
[2023-03-04T09:29:24.775+0530] {processor.py:153} INFO - Started process (PID=30304) to work on /home/ris/PycharmProjects/pythonProject/USA-housing/venv/lib/python3.10/site-packages/airflow/example_dags/example_branch_operator.py
[2023-03-04T09:29:24.777+0530] {processor.py:743} INFO - Processing file /home/ris/PycharmProjects/pythonProject/USA-housing/venv/lib/python3.10/site-packages/airflow/example_dags/example_branch_operator.py for tasks to queue
[2023-03-04T09:29:24.778+0530] {logging_mixin.py:137} INFO - [2023-03-04T09:29:24.778+0530] {dagbag.py:538} INFO - Filling up the DagBag from /home/ris/PycharmProjects/pythonProject/USA-housing/venv/lib/python3.10/site-packages/airflow/example_dags/example_branch_operator.py
[2023-03-04T09:29:24.809+0530] {processor.py:753} INFO - DAG(s) dict_keys(['example_branch_operator']) retrieved from /home/ris/PycharmProjects/pythonProject/USA-housing/venv/lib/python3.10/site-packages/airflow/example_dags/example_branch_operator.py
[2023-03-04T09:29:24.829+0530] {logging_mixin.py:137} INFO - [2023-03-04T09:29:24.828+0530] {dag.py:2690} INFO - Sync 1 DAGs
[2023-03-04T09:29:24.846+0530] {logging_mixin.py:137} INFO - [2023-03-04T09:29:24.846+0530] {dag.py:3437} INFO - Setting next_dagrun for example_branch_operator to 2023-03-03T00:00:00+00:00, run_after=2023-03-04T00:00:00+00:00
[2023-03-04T09:29:24.863+0530] {processor.py:175} INFO - Processing /home/ris/PycharmProjects/pythonProject/USA-housing/venv/lib/python3.10/site-packages/airflow/example_dags/example_branch_operator.py took 0.093 seconds
[2023-03-04T09:30:14.581+0530] {processor.py:153} INFO - Started process (PID=30359) to work on /home/ris/PycharmProjects/pythonProject/USA-housing/venv/lib/python3.10/site-packages/airflow/example_dags/example_branch_operator.py
[2023-03-04T09:30:14.584+0530] {processor.py:743} INFO - Processing file /home/ris/PycharmProjects/pythonProject/USA-housing/venv/lib/python3.10/site-packages/airflow/example_dags/example_branch_operator.py for tasks to queue
[2023-03-04T09:30:14.585+0530] {logging_mixin.py:137} INFO - [2023-03-04T09:30:14.584+0530] {dagbag.py:538} INFO - Filling up the DagBag from /home/ris/PycharmProjects/pythonProject/USA-housing/venv/lib/python3.10/site-packages/airflow/example_dags/example_branch_operator.py
[2023-03-04T09:30:14.615+0530] {processor.py:753} INFO - DAG(s) dict_keys(['example_branch_operator']) retrieved from /home/ris/PycharmProjects/pythonProject/USA-housing/venv/lib/python3.10/site-packages/airflow/example_dags/example_branch_operator.py
[2023-03-04T09:30:14.636+0530] {logging_mixin.py:137} INFO - [2023-03-04T09:30:14.636+0530] {dag.py:2690} INFO - Sync 1 DAGs
[2023-03-04T09:30:14.654+0530] {logging_mixin.py:137} INFO - [2023-03-04T09:30:14.653+0530] {dag.py:3437} INFO - Setting next_dagrun for example_branch_operator to 2023-03-03T00:00:00+00:00, run_after=2023-03-04T00:00:00+00:00
[2023-03-04T09:30:14.671+0530] {processor.py:175} INFO - Processing /home/ris/PycharmProjects/pythonProject/USA-housing/venv/lib/python3.10/site-packages/airflow/example_dags/example_branch_operator.py took 0.093 seconds
[2023-03-04T09:31:02.482+0530] {processor.py:153} INFO - Started process (PID=30408) to work on /home/ris/PycharmProjects/pythonProject/USA-housing/venv/lib/python3.10/site-packages/airflow/example_dags/example_branch_operator.py
[2023-03-04T09:31:02.484+0530] {processor.py:743} INFO - Processing file /home/ris/PycharmProjects/pythonProject/USA-housing/venv/lib/python3.10/site-packages/airflow/example_dags/example_branch_operator.py for tasks to queue
[2023-03-04T09:31:02.485+0530] {logging_mixin.py:137} INFO - [2023-03-04T09:31:02.485+0530] {dagbag.py:538} INFO - Filling up the DagBag from /home/ris/PycharmProjects/pythonProject/USA-housing/venv/lib/python3.10/site-packages/airflow/example_dags/example_branch_operator.py
[2023-03-04T09:31:02.516+0530] {processor.py:753} INFO - DAG(s) dict_keys(['example_branch_operator']) retrieved from /home/ris/PycharmProjects/pythonProject/USA-housing/venv/lib/python3.10/site-packages/airflow/example_dags/example_branch_operator.py
[2023-03-04T09:31:02.536+0530] {logging_mixin.py:137} INFO - [2023-03-04T09:31:02.536+0530] {dag.py:2690} INFO - Sync 1 DAGs
[2023-03-04T09:31:02.553+0530] {logging_mixin.py:137} INFO - [2023-03-04T09:31:02.553+0530] {dag.py:3437} INFO - Setting next_dagrun for example_branch_operator to 2023-03-03T00:00:00+00:00, run_after=2023-03-04T00:00:00+00:00
[2023-03-04T09:31:02.570+0530] {processor.py:175} INFO - Processing /home/ris/PycharmProjects/pythonProject/USA-housing/venv/lib/python3.10/site-packages/airflow/example_dags/example_branch_operator.py took 0.093 seconds
[2023-03-04T09:31:48.530+0530] {processor.py:153} INFO - Started process (PID=30453) to work on /home/ris/PycharmProjects/pythonProject/USA-housing/venv/lib/python3.10/site-packages/airflow/example_dags/example_branch_operator.py
[2023-03-04T09:31:48.533+0530] {processor.py:743} INFO - Processing file /home/ris/PycharmProjects/pythonProject/USA-housing/venv/lib/python3.10/site-packages/airflow/example_dags/example_branch_operator.py for tasks to queue
[2023-03-04T09:31:48.534+0530] {logging_mixin.py:137} INFO - [2023-03-04T09:31:48.533+0530] {dagbag.py:538} INFO - Filling up the DagBag from /home/ris/PycharmProjects/pythonProject/USA-housing/venv/lib/python3.10/site-packages/airflow/example_dags/example_branch_operator.py
[2023-03-04T09:31:48.567+0530] {processor.py:753} INFO - DAG(s) dict_keys(['example_branch_operator']) retrieved from /home/ris/PycharmProjects/pythonProject/USA-housing/venv/lib/python3.10/site-packages/airflow/example_dags/example_branch_operator.py
[2023-03-04T09:31:48.586+0530] {logging_mixin.py:137} INFO - [2023-03-04T09:31:48.586+0530] {dag.py:2690} INFO - Sync 1 DAGs
[2023-03-04T09:31:48.604+0530] {logging_mixin.py:137} INFO - [2023-03-04T09:31:48.603+0530] {dag.py:3437} INFO - Setting next_dagrun for example_branch_operator to 2023-03-03T00:00:00+00:00, run_after=2023-03-04T00:00:00+00:00
[2023-03-04T09:31:48.621+0530] {processor.py:175} INFO - Processing /home/ris/PycharmProjects/pythonProject/USA-housing/venv/lib/python3.10/site-packages/airflow/example_dags/example_branch_operator.py took 0.095 seconds
[2023-03-04T09:32:35.209+0530] {processor.py:153} INFO - Started process (PID=30500) to work on /home/ris/PycharmProjects/pythonProject/USA-housing/venv/lib/python3.10/site-packages/airflow/example_dags/example_branch_operator.py
[2023-03-04T09:32:35.211+0530] {processor.py:743} INFO - Processing file /home/ris/PycharmProjects/pythonProject/USA-housing/venv/lib/python3.10/site-packages/airflow/example_dags/example_branch_operator.py for tasks to queue
[2023-03-04T09:32:35.212+0530] {logging_mixin.py:137} INFO - [2023-03-04T09:32:35.212+0530] {dagbag.py:538} INFO - Filling up the DagBag from /home/ris/PycharmProjects/pythonProject/USA-housing/venv/lib/python3.10/site-packages/airflow/example_dags/example_branch_operator.py
[2023-03-04T09:32:35.245+0530] {processor.py:753} INFO - DAG(s) dict_keys(['example_branch_operator']) retrieved from /home/ris/PycharmProjects/pythonProject/USA-housing/venv/lib/python3.10/site-packages/airflow/example_dags/example_branch_operator.py
[2023-03-04T09:32:35.263+0530] {logging_mixin.py:137} INFO - [2023-03-04T09:32:35.263+0530] {dag.py:2690} INFO - Sync 1 DAGs
[2023-03-04T09:32:35.280+0530] {logging_mixin.py:137} INFO - [2023-03-04T09:32:35.280+0530] {dag.py:3437} INFO - Setting next_dagrun for example_branch_operator to 2023-03-03T00:00:00+00:00, run_after=2023-03-04T00:00:00+00:00
[2023-03-04T09:32:35.299+0530] {processor.py:175} INFO - Processing /home/ris/PycharmProjects/pythonProject/USA-housing/venv/lib/python3.10/site-packages/airflow/example_dags/example_branch_operator.py took 0.094 seconds
[2023-03-04T09:33:23.746+0530] {processor.py:153} INFO - Started process (PID=30547) to work on /home/ris/PycharmProjects/pythonProject/USA-housing/venv/lib/python3.10/site-packages/airflow/example_dags/example_branch_operator.py
[2023-03-04T09:33:23.748+0530] {processor.py:743} INFO - Processing file /home/ris/PycharmProjects/pythonProject/USA-housing/venv/lib/python3.10/site-packages/airflow/example_dags/example_branch_operator.py for tasks to queue
[2023-03-04T09:33:23.749+0530] {logging_mixin.py:137} INFO - [2023-03-04T09:33:23.749+0530] {dagbag.py:538} INFO - Filling up the DagBag from /home/ris/PycharmProjects/pythonProject/USA-housing/venv/lib/python3.10/site-packages/airflow/example_dags/example_branch_operator.py
[2023-03-04T09:33:23.780+0530] {processor.py:753} INFO - DAG(s) dict_keys(['example_branch_operator']) retrieved from /home/ris/PycharmProjects/pythonProject/USA-housing/venv/lib/python3.10/site-packages/airflow/example_dags/example_branch_operator.py
[2023-03-04T09:33:23.800+0530] {logging_mixin.py:137} INFO - [2023-03-04T09:33:23.800+0530] {dag.py:2690} INFO - Sync 1 DAGs
[2023-03-04T09:33:23.820+0530] {logging_mixin.py:137} INFO - [2023-03-04T09:33:23.820+0530] {dag.py:3437} INFO - Setting next_dagrun for example_branch_operator to 2023-03-03T00:00:00+00:00, run_after=2023-03-04T00:00:00+00:00
[2023-03-04T09:33:23.838+0530] {processor.py:175} INFO - Processing /home/ris/PycharmProjects/pythonProject/USA-housing/venv/lib/python3.10/site-packages/airflow/example_dags/example_branch_operator.py took 0.096 seconds
[2023-03-04T09:34:15.766+0530] {processor.py:153} INFO - Started process (PID=30599) to work on /home/ris/PycharmProjects/pythonProject/USA-housing/venv/lib/python3.10/site-packages/airflow/example_dags/example_branch_operator.py
[2023-03-04T09:34:15.768+0530] {processor.py:743} INFO - Processing file /home/ris/PycharmProjects/pythonProject/USA-housing/venv/lib/python3.10/site-packages/airflow/example_dags/example_branch_operator.py for tasks to queue
[2023-03-04T09:34:15.769+0530] {logging_mixin.py:137} INFO - [2023-03-04T09:34:15.769+0530] {dagbag.py:538} INFO - Filling up the DagBag from /home/ris/PycharmProjects/pythonProject/USA-housing/venv/lib/python3.10/site-packages/airflow/example_dags/example_branch_operator.py
[2023-03-04T09:34:15.794+0530] {processor.py:753} INFO - DAG(s) dict_keys(['example_branch_operator']) retrieved from /home/ris/PycharmProjects/pythonProject/USA-housing/venv/lib/python3.10/site-packages/airflow/example_dags/example_branch_operator.py
[2023-03-04T09:34:15.816+0530] {logging_mixin.py:137} INFO - [2023-03-04T09:34:15.816+0530] {dag.py:2690} INFO - Sync 1 DAGs
[2023-03-04T09:34:15.834+0530] {logging_mixin.py:137} INFO - [2023-03-04T09:34:15.833+0530] {dag.py:3437} INFO - Setting next_dagrun for example_branch_operator to 2023-03-03T00:00:00+00:00, run_after=2023-03-04T00:00:00+00:00
[2023-03-04T09:34:15.852+0530] {processor.py:175} INFO - Processing /home/ris/PycharmProjects/pythonProject/USA-housing/venv/lib/python3.10/site-packages/airflow/example_dags/example_branch_operator.py took 0.090 seconds
[2023-03-04T09:35:00.031+0530] {processor.py:153} INFO - Started process (PID=30646) to work on /home/ris/PycharmProjects/pythonProject/USA-housing/venv/lib/python3.10/site-packages/airflow/example_dags/example_branch_operator.py
[2023-03-04T09:35:00.033+0530] {processor.py:743} INFO - Processing file /home/ris/PycharmProjects/pythonProject/USA-housing/venv/lib/python3.10/site-packages/airflow/example_dags/example_branch_operator.py for tasks to queue
[2023-03-04T09:35:00.033+0530] {logging_mixin.py:137} INFO - [2023-03-04T09:35:00.033+0530] {dagbag.py:538} INFO - Filling up the DagBag from /home/ris/PycharmProjects/pythonProject/USA-housing/venv/lib/python3.10/site-packages/airflow/example_dags/example_branch_operator.py
[2023-03-04T09:35:00.047+0530] {processor.py:753} INFO - DAG(s) dict_keys(['example_branch_operator']) retrieved from /home/ris/PycharmProjects/pythonProject/USA-housing/venv/lib/python3.10/site-packages/airflow/example_dags/example_branch_operator.py
[2023-03-04T09:35:00.063+0530] {logging_mixin.py:137} INFO - [2023-03-04T09:35:00.063+0530] {dag.py:2690} INFO - Sync 1 DAGs
[2023-03-04T09:35:00.081+0530] {logging_mixin.py:137} INFO - [2023-03-04T09:35:00.081+0530] {dag.py:3437} INFO - Setting next_dagrun for example_branch_operator to 2023-03-03T00:00:00+00:00, run_after=2023-03-04T00:00:00+00:00
[2023-03-04T09:35:00.098+0530] {processor.py:175} INFO - Processing /home/ris/PycharmProjects/pythonProject/USA-housing/venv/lib/python3.10/site-packages/airflow/example_dags/example_branch_operator.py took 0.069 seconds
[2023-03-04T09:35:44.617+0530] {processor.py:153} INFO - Started process (PID=30693) to work on /home/ris/PycharmProjects/pythonProject/USA-housing/venv/lib/python3.10/site-packages/airflow/example_dags/example_branch_operator.py
[2023-03-04T09:35:44.619+0530] {processor.py:743} INFO - Processing file /home/ris/PycharmProjects/pythonProject/USA-housing/venv/lib/python3.10/site-packages/airflow/example_dags/example_branch_operator.py for tasks to queue
[2023-03-04T09:35:44.620+0530] {logging_mixin.py:137} INFO - [2023-03-04T09:35:44.620+0530] {dagbag.py:538} INFO - Filling up the DagBag from /home/ris/PycharmProjects/pythonProject/USA-housing/venv/lib/python3.10/site-packages/airflow/example_dags/example_branch_operator.py
[2023-03-04T09:35:44.651+0530] {processor.py:753} INFO - DAG(s) dict_keys(['example_branch_operator']) retrieved from /home/ris/PycharmProjects/pythonProject/USA-housing/venv/lib/python3.10/site-packages/airflow/example_dags/example_branch_operator.py
[2023-03-04T09:35:44.671+0530] {logging_mixin.py:137} INFO - [2023-03-04T09:35:44.671+0530] {dag.py:2690} INFO - Sync 1 DAGs
[2023-03-04T09:35:44.688+0530] {logging_mixin.py:137} INFO - [2023-03-04T09:35:44.688+0530] {dag.py:3437} INFO - Setting next_dagrun for example_branch_operator to 2023-03-03T00:00:00+00:00, run_after=2023-03-04T00:00:00+00:00
[2023-03-04T09:35:44.705+0530] {processor.py:175} INFO - Processing /home/ris/PycharmProjects/pythonProject/USA-housing/venv/lib/python3.10/site-packages/airflow/example_dags/example_branch_operator.py took 0.092 seconds
[2023-03-04T10:25:02.935+0530] {processor.py:153} INFO - Started process (PID=31307) to work on /home/ris/PycharmProjects/pythonProject/USA-housing/venv/lib/python3.10/site-packages/airflow/example_dags/example_branch_operator.py
[2023-03-04T10:25:02.936+0530] {processor.py:743} INFO - Processing file /home/ris/PycharmProjects/pythonProject/USA-housing/venv/lib/python3.10/site-packages/airflow/example_dags/example_branch_operator.py for tasks to queue
[2023-03-04T10:25:02.937+0530] {logging_mixin.py:137} INFO - [2023-03-04T10:25:02.937+0530] {dagbag.py:538} INFO - Filling up the DagBag from /home/ris/PycharmProjects/pythonProject/USA-housing/venv/lib/python3.10/site-packages/airflow/example_dags/example_branch_operator.py
[2023-03-04T10:25:02.953+0530] {processor.py:753} INFO - DAG(s) dict_keys(['example_branch_operator']) retrieved from /home/ris/PycharmProjects/pythonProject/USA-housing/venv/lib/python3.10/site-packages/airflow/example_dags/example_branch_operator.py
[2023-03-04T10:25:02.972+0530] {logging_mixin.py:137} INFO - [2023-03-04T10:25:02.972+0530] {dag.py:2690} INFO - Sync 1 DAGs
[2023-03-04T10:25:02.993+0530] {logging_mixin.py:137} INFO - [2023-03-04T10:25:02.993+0530] {dag.py:3437} INFO - Setting next_dagrun for example_branch_operator to 2023-03-03T00:00:00+00:00, run_after=2023-03-04T00:00:00+00:00
[2023-03-04T10:25:03.018+0530] {processor.py:175} INFO - Processing /home/ris/PycharmProjects/pythonProject/USA-housing/venv/lib/python3.10/site-packages/airflow/example_dags/example_branch_operator.py took 0.086 seconds
[2023-03-04T10:25:48.992+0530] {processor.py:153} INFO - Started process (PID=31370) to work on /home/ris/PycharmProjects/pythonProject/USA-housing/venv/lib/python3.10/site-packages/airflow/example_dags/example_branch_operator.py
[2023-03-04T10:25:48.994+0530] {processor.py:743} INFO - Processing file /home/ris/PycharmProjects/pythonProject/USA-housing/venv/lib/python3.10/site-packages/airflow/example_dags/example_branch_operator.py for tasks to queue
[2023-03-04T10:25:48.996+0530] {logging_mixin.py:137} INFO - [2023-03-04T10:25:48.995+0530] {dagbag.py:538} INFO - Filling up the DagBag from /home/ris/PycharmProjects/pythonProject/USA-housing/venv/lib/python3.10/site-packages/airflow/example_dags/example_branch_operator.py
[2023-03-04T10:25:49.030+0530] {processor.py:753} INFO - DAG(s) dict_keys(['example_branch_operator']) retrieved from /home/ris/PycharmProjects/pythonProject/USA-housing/venv/lib/python3.10/site-packages/airflow/example_dags/example_branch_operator.py
[2023-03-04T10:25:49.051+0530] {logging_mixin.py:137} INFO - [2023-03-04T10:25:49.051+0530] {dag.py:2690} INFO - Sync 1 DAGs
[2023-03-04T10:25:49.079+0530] {logging_mixin.py:137} INFO - [2023-03-04T10:25:49.079+0530] {dag.py:3437} INFO - Setting next_dagrun for example_branch_operator to 2023-03-03T00:00:00+00:00, run_after=2023-03-04T00:00:00+00:00
[2023-03-04T10:25:49.105+0530] {processor.py:175} INFO - Processing /home/ris/PycharmProjects/pythonProject/USA-housing/venv/lib/python3.10/site-packages/airflow/example_dags/example_branch_operator.py took 0.119 seconds
[2023-03-04T10:26:37.193+0530] {processor.py:153} INFO - Started process (PID=31419) to work on /home/ris/PycharmProjects/pythonProject/USA-housing/venv/lib/python3.10/site-packages/airflow/example_dags/example_branch_operator.py
[2023-03-04T10:26:37.195+0530] {processor.py:743} INFO - Processing file /home/ris/PycharmProjects/pythonProject/USA-housing/venv/lib/python3.10/site-packages/airflow/example_dags/example_branch_operator.py for tasks to queue
[2023-03-04T10:26:37.196+0530] {logging_mixin.py:137} INFO - [2023-03-04T10:26:37.196+0530] {dagbag.py:538} INFO - Filling up the DagBag from /home/ris/PycharmProjects/pythonProject/USA-housing/venv/lib/python3.10/site-packages/airflow/example_dags/example_branch_operator.py
[2023-03-04T10:26:37.227+0530] {processor.py:753} INFO - DAG(s) dict_keys(['example_branch_operator']) retrieved from /home/ris/PycharmProjects/pythonProject/USA-housing/venv/lib/python3.10/site-packages/airflow/example_dags/example_branch_operator.py
[2023-03-04T10:26:37.250+0530] {logging_mixin.py:137} INFO - [2023-03-04T10:26:37.250+0530] {dag.py:2690} INFO - Sync 1 DAGs
[2023-03-04T10:26:37.269+0530] {logging_mixin.py:137} INFO - [2023-03-04T10:26:37.269+0530] {dag.py:3437} INFO - Setting next_dagrun for example_branch_operator to 2023-03-03T00:00:00+00:00, run_after=2023-03-04T00:00:00+00:00
[2023-03-04T10:26:37.290+0530] {processor.py:175} INFO - Processing /home/ris/PycharmProjects/pythonProject/USA-housing/venv/lib/python3.10/site-packages/airflow/example_dags/example_branch_operator.py took 0.101 seconds
[2023-03-04T10:27:22.844+0530] {processor.py:153} INFO - Started process (PID=31465) to work on /home/ris/PycharmProjects/pythonProject/USA-housing/venv/lib/python3.10/site-packages/airflow/example_dags/example_branch_operator.py
[2023-03-04T10:27:22.846+0530] {processor.py:743} INFO - Processing file /home/ris/PycharmProjects/pythonProject/USA-housing/venv/lib/python3.10/site-packages/airflow/example_dags/example_branch_operator.py for tasks to queue
[2023-03-04T10:27:22.847+0530] {logging_mixin.py:137} INFO - [2023-03-04T10:27:22.847+0530] {dagbag.py:538} INFO - Filling up the DagBag from /home/ris/PycharmProjects/pythonProject/USA-housing/venv/lib/python3.10/site-packages/airflow/example_dags/example_branch_operator.py
[2023-03-04T10:27:22.880+0530] {processor.py:753} INFO - DAG(s) dict_keys(['example_branch_operator']) retrieved from /home/ris/PycharmProjects/pythonProject/USA-housing/venv/lib/python3.10/site-packages/airflow/example_dags/example_branch_operator.py
[2023-03-04T10:27:22.899+0530] {logging_mixin.py:137} INFO - [2023-03-04T10:27:22.899+0530] {dag.py:2690} INFO - Sync 1 DAGs
[2023-03-04T10:27:22.916+0530] {logging_mixin.py:137} INFO - [2023-03-04T10:27:22.916+0530] {dag.py:3437} INFO - Setting next_dagrun for example_branch_operator to 2023-03-03T00:00:00+00:00, run_after=2023-03-04T00:00:00+00:00
[2023-03-04T10:27:22.933+0530] {processor.py:175} INFO - Processing /home/ris/PycharmProjects/pythonProject/USA-housing/venv/lib/python3.10/site-packages/airflow/example_dags/example_branch_operator.py took 0.094 seconds
[2023-03-04T10:28:11.367+0530] {processor.py:153} INFO - Started process (PID=31513) to work on /home/ris/PycharmProjects/pythonProject/USA-housing/venv/lib/python3.10/site-packages/airflow/example_dags/example_branch_operator.py
[2023-03-04T10:28:11.370+0530] {processor.py:743} INFO - Processing file /home/ris/PycharmProjects/pythonProject/USA-housing/venv/lib/python3.10/site-packages/airflow/example_dags/example_branch_operator.py for tasks to queue
[2023-03-04T10:28:11.370+0530] {logging_mixin.py:137} INFO - [2023-03-04T10:28:11.370+0530] {dagbag.py:538} INFO - Filling up the DagBag from /home/ris/PycharmProjects/pythonProject/USA-housing/venv/lib/python3.10/site-packages/airflow/example_dags/example_branch_operator.py
[2023-03-04T10:28:11.404+0530] {processor.py:753} INFO - DAG(s) dict_keys(['example_branch_operator']) retrieved from /home/ris/PycharmProjects/pythonProject/USA-housing/venv/lib/python3.10/site-packages/airflow/example_dags/example_branch_operator.py
[2023-03-04T10:28:11.435+0530] {logging_mixin.py:137} INFO - [2023-03-04T10:28:11.435+0530] {dag.py:2690} INFO - Sync 1 DAGs
[2023-03-04T10:28:11.456+0530] {logging_mixin.py:137} INFO - [2023-03-04T10:28:11.456+0530] {dag.py:3437} INFO - Setting next_dagrun for example_branch_operator to 2023-03-03T00:00:00+00:00, run_after=2023-03-04T00:00:00+00:00
[2023-03-04T10:28:11.483+0530] {processor.py:175} INFO - Processing /home/ris/PycharmProjects/pythonProject/USA-housing/venv/lib/python3.10/site-packages/airflow/example_dags/example_branch_operator.py took 0.120 seconds
[2023-03-04T10:29:01.920+0530] {processor.py:153} INFO - Started process (PID=31567) to work on /home/ris/PycharmProjects/pythonProject/USA-housing/venv/lib/python3.10/site-packages/airflow/example_dags/example_branch_operator.py
[2023-03-04T10:29:01.922+0530] {processor.py:743} INFO - Processing file /home/ris/PycharmProjects/pythonProject/USA-housing/venv/lib/python3.10/site-packages/airflow/example_dags/example_branch_operator.py for tasks to queue
[2023-03-04T10:29:01.923+0530] {logging_mixin.py:137} INFO - [2023-03-04T10:29:01.923+0530] {dagbag.py:538} INFO - Filling up the DagBag from /home/ris/PycharmProjects/pythonProject/USA-housing/venv/lib/python3.10/site-packages/airflow/example_dags/example_branch_operator.py
[2023-03-04T10:29:01.954+0530] {processor.py:753} INFO - DAG(s) dict_keys(['example_branch_operator']) retrieved from /home/ris/PycharmProjects/pythonProject/USA-housing/venv/lib/python3.10/site-packages/airflow/example_dags/example_branch_operator.py
[2023-03-04T10:29:01.974+0530] {logging_mixin.py:137} INFO - [2023-03-04T10:29:01.974+0530] {dag.py:2690} INFO - Sync 1 DAGs
[2023-03-04T10:29:01.991+0530] {logging_mixin.py:137} INFO - [2023-03-04T10:29:01.991+0530] {dag.py:3437} INFO - Setting next_dagrun for example_branch_operator to 2023-03-03T00:00:00+00:00, run_after=2023-03-04T00:00:00+00:00
[2023-03-04T10:29:02.010+0530] {processor.py:175} INFO - Processing /home/ris/PycharmProjects/pythonProject/USA-housing/venv/lib/python3.10/site-packages/airflow/example_dags/example_branch_operator.py took 0.095 seconds
[2023-03-04T10:29:47.698+0530] {processor.py:153} INFO - Started process (PID=31614) to work on /home/ris/PycharmProjects/pythonProject/USA-housing/venv/lib/python3.10/site-packages/airflow/example_dags/example_branch_operator.py
[2023-03-04T10:29:47.701+0530] {processor.py:743} INFO - Processing file /home/ris/PycharmProjects/pythonProject/USA-housing/venv/lib/python3.10/site-packages/airflow/example_dags/example_branch_operator.py for tasks to queue
[2023-03-04T10:29:47.702+0530] {logging_mixin.py:137} INFO - [2023-03-04T10:29:47.702+0530] {dagbag.py:538} INFO - Filling up the DagBag from /home/ris/PycharmProjects/pythonProject/USA-housing/venv/lib/python3.10/site-packages/airflow/example_dags/example_branch_operator.py
[2023-03-04T10:29:47.738+0530] {processor.py:753} INFO - DAG(s) dict_keys(['example_branch_operator']) retrieved from /home/ris/PycharmProjects/pythonProject/USA-housing/venv/lib/python3.10/site-packages/airflow/example_dags/example_branch_operator.py
[2023-03-04T10:29:47.758+0530] {logging_mixin.py:137} INFO - [2023-03-04T10:29:47.758+0530] {dag.py:2690} INFO - Sync 1 DAGs
[2023-03-04T10:29:47.781+0530] {logging_mixin.py:137} INFO - [2023-03-04T10:29:47.780+0530] {dag.py:3437} INFO - Setting next_dagrun for example_branch_operator to 2023-03-03T00:00:00+00:00, run_after=2023-03-04T00:00:00+00:00
[2023-03-04T10:29:47.808+0530] {processor.py:175} INFO - Processing /home/ris/PycharmProjects/pythonProject/USA-housing/venv/lib/python3.10/site-packages/airflow/example_dags/example_branch_operator.py took 0.114 seconds
[2023-03-04T10:30:33.521+0530] {processor.py:153} INFO - Started process (PID=31661) to work on /home/ris/PycharmProjects/pythonProject/USA-housing/venv/lib/python3.10/site-packages/airflow/example_dags/example_branch_operator.py
[2023-03-04T10:30:33.523+0530] {processor.py:743} INFO - Processing file /home/ris/PycharmProjects/pythonProject/USA-housing/venv/lib/python3.10/site-packages/airflow/example_dags/example_branch_operator.py for tasks to queue
[2023-03-04T10:30:33.524+0530] {logging_mixin.py:137} INFO - [2023-03-04T10:30:33.524+0530] {dagbag.py:538} INFO - Filling up the DagBag from /home/ris/PycharmProjects/pythonProject/USA-housing/venv/lib/python3.10/site-packages/airflow/example_dags/example_branch_operator.py
[2023-03-04T10:30:33.556+0530] {processor.py:753} INFO - DAG(s) dict_keys(['example_branch_operator']) retrieved from /home/ris/PycharmProjects/pythonProject/USA-housing/venv/lib/python3.10/site-packages/airflow/example_dags/example_branch_operator.py
[2023-03-04T10:30:33.577+0530] {logging_mixin.py:137} INFO - [2023-03-04T10:30:33.576+0530] {dag.py:2690} INFO - Sync 1 DAGs
[2023-03-04T10:30:33.596+0530] {logging_mixin.py:137} INFO - [2023-03-04T10:30:33.596+0530] {dag.py:3437} INFO - Setting next_dagrun for example_branch_operator to 2023-03-03T00:00:00+00:00, run_after=2023-03-04T00:00:00+00:00
[2023-03-04T10:30:33.614+0530] {processor.py:175} INFO - Processing /home/ris/PycharmProjects/pythonProject/USA-housing/venv/lib/python3.10/site-packages/airflow/example_dags/example_branch_operator.py took 0.098 seconds
[2023-03-04T10:31:16.225+0530] {processor.py:153} INFO - Started process (PID=31709) to work on /home/ris/PycharmProjects/pythonProject/USA-housing/venv/lib/python3.10/site-packages/airflow/example_dags/example_branch_operator.py
[2023-03-04T10:31:16.226+0530] {processor.py:743} INFO - Processing file /home/ris/PycharmProjects/pythonProject/USA-housing/venv/lib/python3.10/site-packages/airflow/example_dags/example_branch_operator.py for tasks to queue
[2023-03-04T10:31:16.227+0530] {logging_mixin.py:137} INFO - [2023-03-04T10:31:16.227+0530] {dagbag.py:538} INFO - Filling up the DagBag from /home/ris/PycharmProjects/pythonProject/USA-housing/venv/lib/python3.10/site-packages/airflow/example_dags/example_branch_operator.py
[2023-03-04T10:31:16.257+0530] {processor.py:753} INFO - DAG(s) dict_keys(['example_branch_operator']) retrieved from /home/ris/PycharmProjects/pythonProject/USA-housing/venv/lib/python3.10/site-packages/airflow/example_dags/example_branch_operator.py
[2023-03-04T10:31:16.274+0530] {logging_mixin.py:137} INFO - [2023-03-04T10:31:16.273+0530] {dag.py:2690} INFO - Sync 1 DAGs
[2023-03-04T10:31:16.292+0530] {logging_mixin.py:137} INFO - [2023-03-04T10:31:16.292+0530] {dag.py:3437} INFO - Setting next_dagrun for example_branch_operator to 2023-03-03T00:00:00+00:00, run_after=2023-03-04T00:00:00+00:00
[2023-03-04T10:31:16.310+0530] {processor.py:175} INFO - Processing /home/ris/PycharmProjects/pythonProject/USA-housing/venv/lib/python3.10/site-packages/airflow/example_dags/example_branch_operator.py took 0.089 seconds
[2023-03-04T10:32:02.564+0530] {processor.py:153} INFO - Started process (PID=32121) to work on /home/ris/PycharmProjects/pythonProject/USA-housing/venv/lib/python3.10/site-packages/airflow/example_dags/example_branch_operator.py
[2023-03-04T10:32:02.566+0530] {processor.py:743} INFO - Processing file /home/ris/PycharmProjects/pythonProject/USA-housing/venv/lib/python3.10/site-packages/airflow/example_dags/example_branch_operator.py for tasks to queue
[2023-03-04T10:32:02.566+0530] {logging_mixin.py:137} INFO - [2023-03-04T10:32:02.566+0530] {dagbag.py:538} INFO - Filling up the DagBag from /home/ris/PycharmProjects/pythonProject/USA-housing/venv/lib/python3.10/site-packages/airflow/example_dags/example_branch_operator.py
[2023-03-04T10:32:02.580+0530] {processor.py:753} INFO - DAG(s) dict_keys(['example_branch_operator']) retrieved from /home/ris/PycharmProjects/pythonProject/USA-housing/venv/lib/python3.10/site-packages/airflow/example_dags/example_branch_operator.py
[2023-03-04T10:32:02.597+0530] {logging_mixin.py:137} INFO - [2023-03-04T10:32:02.597+0530] {dag.py:2690} INFO - Sync 1 DAGs
[2023-03-04T10:32:02.614+0530] {logging_mixin.py:137} INFO - [2023-03-04T10:32:02.614+0530] {dag.py:3437} INFO - Setting next_dagrun for example_branch_operator to 2023-03-03T00:00:00+00:00, run_after=2023-03-04T00:00:00+00:00
[2023-03-04T10:32:02.632+0530] {processor.py:175} INFO - Processing /home/ris/PycharmProjects/pythonProject/USA-housing/venv/lib/python3.10/site-packages/airflow/example_dags/example_branch_operator.py took 0.072 seconds
[2023-03-04T10:32:50.907+0530] {processor.py:153} INFO - Started process (PID=32303) to work on /home/ris/PycharmProjects/pythonProject/USA-housing/venv/lib/python3.10/site-packages/airflow/example_dags/example_branch_operator.py
[2023-03-04T10:32:50.909+0530] {processor.py:743} INFO - Processing file /home/ris/PycharmProjects/pythonProject/USA-housing/venv/lib/python3.10/site-packages/airflow/example_dags/example_branch_operator.py for tasks to queue
[2023-03-04T10:32:50.910+0530] {logging_mixin.py:137} INFO - [2023-03-04T10:32:50.909+0530] {dagbag.py:538} INFO - Filling up the DagBag from /home/ris/PycharmProjects/pythonProject/USA-housing/venv/lib/python3.10/site-packages/airflow/example_dags/example_branch_operator.py
[2023-03-04T10:32:50.926+0530] {processor.py:753} INFO - DAG(s) dict_keys(['example_branch_operator']) retrieved from /home/ris/PycharmProjects/pythonProject/USA-housing/venv/lib/python3.10/site-packages/airflow/example_dags/example_branch_operator.py
[2023-03-04T10:32:50.947+0530] {logging_mixin.py:137} INFO - [2023-03-04T10:32:50.946+0530] {dag.py:2690} INFO - Sync 1 DAGs
[2023-03-04T10:32:50.971+0530] {logging_mixin.py:137} INFO - [2023-03-04T10:32:50.970+0530] {dag.py:3437} INFO - Setting next_dagrun for example_branch_operator to 2023-03-03T00:00:00+00:00, run_after=2023-03-04T00:00:00+00:00
[2023-03-04T10:32:50.994+0530] {processor.py:175} INFO - Processing /home/ris/PycharmProjects/pythonProject/USA-housing/venv/lib/python3.10/site-packages/airflow/example_dags/example_branch_operator.py took 0.090 seconds
[2023-03-04T10:33:31.905+0530] {processor.py:153} INFO - Started process (PID=32354) to work on /home/ris/PycharmProjects/pythonProject/USA-housing/venv/lib/python3.10/site-packages/airflow/example_dags/example_branch_operator.py
[2023-03-04T10:33:31.907+0530] {processor.py:743} INFO - Processing file /home/ris/PycharmProjects/pythonProject/USA-housing/venv/lib/python3.10/site-packages/airflow/example_dags/example_branch_operator.py for tasks to queue
[2023-03-04T10:33:31.908+0530] {logging_mixin.py:137} INFO - [2023-03-04T10:33:31.907+0530] {dagbag.py:538} INFO - Filling up the DagBag from /home/ris/PycharmProjects/pythonProject/USA-housing/venv/lib/python3.10/site-packages/airflow/example_dags/example_branch_operator.py
[2023-03-04T10:33:31.929+0530] {processor.py:753} INFO - DAG(s) dict_keys(['example_branch_operator']) retrieved from /home/ris/PycharmProjects/pythonProject/USA-housing/venv/lib/python3.10/site-packages/airflow/example_dags/example_branch_operator.py
[2023-03-04T10:33:31.950+0530] {logging_mixin.py:137} INFO - [2023-03-04T10:33:31.950+0530] {dag.py:2690} INFO - Sync 1 DAGs
[2023-03-04T10:33:31.972+0530] {logging_mixin.py:137} INFO - [2023-03-04T10:33:31.972+0530] {dag.py:3437} INFO - Setting next_dagrun for example_branch_operator to 2023-03-03T00:00:00+00:00, run_after=2023-03-04T00:00:00+00:00
[2023-03-04T10:33:31.993+0530] {processor.py:175} INFO - Processing /home/ris/PycharmProjects/pythonProject/USA-housing/venv/lib/python3.10/site-packages/airflow/example_dags/example_branch_operator.py took 0.093 seconds
[2023-03-04T10:34:15.323+0530] {processor.py:153} INFO - Started process (PID=32488) to work on /home/ris/PycharmProjects/pythonProject/USA-housing/venv/lib/python3.10/site-packages/airflow/example_dags/example_branch_operator.py
[2023-03-04T10:34:15.324+0530] {processor.py:743} INFO - Processing file /home/ris/PycharmProjects/pythonProject/USA-housing/venv/lib/python3.10/site-packages/airflow/example_dags/example_branch_operator.py for tasks to queue
[2023-03-04T10:34:15.325+0530] {logging_mixin.py:137} INFO - [2023-03-04T10:34:15.325+0530] {dagbag.py:538} INFO - Filling up the DagBag from /home/ris/PycharmProjects/pythonProject/USA-housing/venv/lib/python3.10/site-packages/airflow/example_dags/example_branch_operator.py
[2023-03-04T10:34:15.351+0530] {processor.py:753} INFO - DAG(s) dict_keys(['example_branch_operator']) retrieved from /home/ris/PycharmProjects/pythonProject/USA-housing/venv/lib/python3.10/site-packages/airflow/example_dags/example_branch_operator.py
[2023-03-04T10:34:15.384+0530] {logging_mixin.py:137} INFO - [2023-03-04T10:34:15.384+0530] {dag.py:2690} INFO - Sync 1 DAGs
[2023-03-04T10:34:15.420+0530] {logging_mixin.py:137} INFO - [2023-03-04T10:34:15.419+0530] {dag.py:3437} INFO - Setting next_dagrun for example_branch_operator to 2023-03-03T00:00:00+00:00, run_after=2023-03-04T00:00:00+00:00
[2023-03-04T10:34:15.455+0530] {processor.py:175} INFO - Processing /home/ris/PycharmProjects/pythonProject/USA-housing/venv/lib/python3.10/site-packages/airflow/example_dags/example_branch_operator.py took 0.136 seconds
[2023-03-04T10:35:00.954+0530] {processor.py:153} INFO - Started process (PID=32649) to work on /home/ris/PycharmProjects/pythonProject/USA-housing/venv/lib/python3.10/site-packages/airflow/example_dags/example_branch_operator.py
[2023-03-04T10:35:00.956+0530] {processor.py:743} INFO - Processing file /home/ris/PycharmProjects/pythonProject/USA-housing/venv/lib/python3.10/site-packages/airflow/example_dags/example_branch_operator.py for tasks to queue
[2023-03-04T10:35:00.957+0530] {logging_mixin.py:137} INFO - [2023-03-04T10:35:00.957+0530] {dagbag.py:538} INFO - Filling up the DagBag from /home/ris/PycharmProjects/pythonProject/USA-housing/venv/lib/python3.10/site-packages/airflow/example_dags/example_branch_operator.py
[2023-03-04T10:35:00.975+0530] {processor.py:753} INFO - DAG(s) dict_keys(['example_branch_operator']) retrieved from /home/ris/PycharmProjects/pythonProject/USA-housing/venv/lib/python3.10/site-packages/airflow/example_dags/example_branch_operator.py
[2023-03-04T10:35:00.994+0530] {logging_mixin.py:137} INFO - [2023-03-04T10:35:00.994+0530] {dag.py:2690} INFO - Sync 1 DAGs
[2023-03-04T10:35:01.017+0530] {logging_mixin.py:137} INFO - [2023-03-04T10:35:01.017+0530] {dag.py:3437} INFO - Setting next_dagrun for example_branch_operator to 2023-03-03T00:00:00+00:00, run_after=2023-03-04T00:00:00+00:00
[2023-03-04T10:35:01.041+0530] {processor.py:175} INFO - Processing /home/ris/PycharmProjects/pythonProject/USA-housing/venv/lib/python3.10/site-packages/airflow/example_dags/example_branch_operator.py took 0.089 seconds
[2023-03-04T10:35:51.074+0530] {processor.py:153} INFO - Started process (PID=32728) to work on /home/ris/PycharmProjects/pythonProject/USA-housing/venv/lib/python3.10/site-packages/airflow/example_dags/example_branch_operator.py
[2023-03-04T10:35:51.076+0530] {processor.py:743} INFO - Processing file /home/ris/PycharmProjects/pythonProject/USA-housing/venv/lib/python3.10/site-packages/airflow/example_dags/example_branch_operator.py for tasks to queue
[2023-03-04T10:35:51.077+0530] {logging_mixin.py:137} INFO - [2023-03-04T10:35:51.076+0530] {dagbag.py:538} INFO - Filling up the DagBag from /home/ris/PycharmProjects/pythonProject/USA-housing/venv/lib/python3.10/site-packages/airflow/example_dags/example_branch_operator.py
[2023-03-04T10:35:51.117+0530] {processor.py:753} INFO - DAG(s) dict_keys(['example_branch_operator']) retrieved from /home/ris/PycharmProjects/pythonProject/USA-housing/venv/lib/python3.10/site-packages/airflow/example_dags/example_branch_operator.py
[2023-03-04T10:35:51.145+0530] {logging_mixin.py:137} INFO - [2023-03-04T10:35:51.145+0530] {dag.py:2690} INFO - Sync 1 DAGs
[2023-03-04T10:35:51.179+0530] {logging_mixin.py:137} INFO - [2023-03-04T10:35:51.178+0530] {dag.py:3437} INFO - Setting next_dagrun for example_branch_operator to 2023-03-03T00:00:00+00:00, run_after=2023-03-04T00:00:00+00:00
[2023-03-04T10:35:51.201+0530] {processor.py:175} INFO - Processing /home/ris/PycharmProjects/pythonProject/USA-housing/venv/lib/python3.10/site-packages/airflow/example_dags/example_branch_operator.py took 0.132 seconds
[2023-03-04T10:36:44.082+0530] {processor.py:153} INFO - Started process (PID=32816) to work on /home/ris/PycharmProjects/pythonProject/USA-housing/venv/lib/python3.10/site-packages/airflow/example_dags/example_branch_operator.py
[2023-03-04T10:36:44.084+0530] {processor.py:743} INFO - Processing file /home/ris/PycharmProjects/pythonProject/USA-housing/venv/lib/python3.10/site-packages/airflow/example_dags/example_branch_operator.py for tasks to queue
[2023-03-04T10:36:44.085+0530] {logging_mixin.py:137} INFO - [2023-03-04T10:36:44.085+0530] {dagbag.py:538} INFO - Filling up the DagBag from /home/ris/PycharmProjects/pythonProject/USA-housing/venv/lib/python3.10/site-packages/airflow/example_dags/example_branch_operator.py
[2023-03-04T10:36:44.114+0530] {processor.py:753} INFO - DAG(s) dict_keys(['example_branch_operator']) retrieved from /home/ris/PycharmProjects/pythonProject/USA-housing/venv/lib/python3.10/site-packages/airflow/example_dags/example_branch_operator.py
[2023-03-04T10:36:44.146+0530] {logging_mixin.py:137} INFO - [2023-03-04T10:36:44.145+0530] {dag.py:2690} INFO - Sync 1 DAGs
[2023-03-04T10:36:44.179+0530] {logging_mixin.py:137} INFO - [2023-03-04T10:36:44.178+0530] {dag.py:3437} INFO - Setting next_dagrun for example_branch_operator to 2023-03-03T00:00:00+00:00, run_after=2023-03-04T00:00:00+00:00
[2023-03-04T10:36:44.212+0530] {processor.py:175} INFO - Processing /home/ris/PycharmProjects/pythonProject/USA-housing/venv/lib/python3.10/site-packages/airflow/example_dags/example_branch_operator.py took 0.134 seconds
[2023-03-04T10:37:30.485+0530] {processor.py:153} INFO - Started process (PID=32892) to work on /home/ris/PycharmProjects/pythonProject/USA-housing/venv/lib/python3.10/site-packages/airflow/example_dags/example_branch_operator.py
[2023-03-04T10:37:30.488+0530] {processor.py:743} INFO - Processing file /home/ris/PycharmProjects/pythonProject/USA-housing/venv/lib/python3.10/site-packages/airflow/example_dags/example_branch_operator.py for tasks to queue
[2023-03-04T10:37:30.492+0530] {logging_mixin.py:137} INFO - [2023-03-04T10:37:30.491+0530] {dagbag.py:538} INFO - Filling up the DagBag from /home/ris/PycharmProjects/pythonProject/USA-housing/venv/lib/python3.10/site-packages/airflow/example_dags/example_branch_operator.py
[2023-03-04T10:37:30.540+0530] {processor.py:753} INFO - DAG(s) dict_keys(['example_branch_operator']) retrieved from /home/ris/PycharmProjects/pythonProject/USA-housing/venv/lib/python3.10/site-packages/airflow/example_dags/example_branch_operator.py
[2023-03-04T10:37:30.603+0530] {logging_mixin.py:137} INFO - [2023-03-04T10:37:30.602+0530] {dag.py:2690} INFO - Sync 1 DAGs
[2023-03-04T10:37:30.670+0530] {logging_mixin.py:137} INFO - [2023-03-04T10:37:30.670+0530] {dag.py:3437} INFO - Setting next_dagrun for example_branch_operator to 2023-03-03T00:00:00+00:00, run_after=2023-03-04T00:00:00+00:00
[2023-03-04T10:37:30.731+0530] {processor.py:175} INFO - Processing /home/ris/PycharmProjects/pythonProject/USA-housing/venv/lib/python3.10/site-packages/airflow/example_dags/example_branch_operator.py took 0.254 seconds
[2023-03-04T10:38:24.966+0530] {processor.py:153} INFO - Started process (PID=32941) to work on /home/ris/PycharmProjects/pythonProject/USA-housing/venv/lib/python3.10/site-packages/airflow/example_dags/example_branch_operator.py
[2023-03-04T10:38:24.969+0530] {processor.py:743} INFO - Processing file /home/ris/PycharmProjects/pythonProject/USA-housing/venv/lib/python3.10/site-packages/airflow/example_dags/example_branch_operator.py for tasks to queue
[2023-03-04T10:38:24.971+0530] {logging_mixin.py:137} INFO - [2023-03-04T10:38:24.970+0530] {dagbag.py:538} INFO - Filling up the DagBag from /home/ris/PycharmProjects/pythonProject/USA-housing/venv/lib/python3.10/site-packages/airflow/example_dags/example_branch_operator.py
[2023-03-04T10:38:25.011+0530] {processor.py:753} INFO - DAG(s) dict_keys(['example_branch_operator']) retrieved from /home/ris/PycharmProjects/pythonProject/USA-housing/venv/lib/python3.10/site-packages/airflow/example_dags/example_branch_operator.py
[2023-03-04T10:38:25.064+0530] {logging_mixin.py:137} INFO - [2023-03-04T10:38:25.064+0530] {dag.py:2690} INFO - Sync 1 DAGs
[2023-03-04T10:38:25.112+0530] {logging_mixin.py:137} INFO - [2023-03-04T10:38:25.112+0530] {dag.py:3437} INFO - Setting next_dagrun for example_branch_operator to 2023-03-03T00:00:00+00:00, run_after=2023-03-04T00:00:00+00:00
[2023-03-04T10:38:25.168+0530] {processor.py:175} INFO - Processing /home/ris/PycharmProjects/pythonProject/USA-housing/venv/lib/python3.10/site-packages/airflow/example_dags/example_branch_operator.py took 0.208 seconds
[2023-03-04T10:39:10.053+0530] {processor.py:153} INFO - Started process (PID=33467) to work on /home/ris/PycharmProjects/pythonProject/USA-housing/venv/lib/python3.10/site-packages/airflow/example_dags/example_branch_operator.py
[2023-03-04T10:39:10.056+0530] {processor.py:743} INFO - Processing file /home/ris/PycharmProjects/pythonProject/USA-housing/venv/lib/python3.10/site-packages/airflow/example_dags/example_branch_operator.py for tasks to queue
[2023-03-04T10:39:10.057+0530] {logging_mixin.py:137} INFO - [2023-03-04T10:39:10.057+0530] {dagbag.py:538} INFO - Filling up the DagBag from /home/ris/PycharmProjects/pythonProject/USA-housing/venv/lib/python3.10/site-packages/airflow/example_dags/example_branch_operator.py
[2023-03-04T10:39:10.094+0530] {processor.py:753} INFO - DAG(s) dict_keys(['example_branch_operator']) retrieved from /home/ris/PycharmProjects/pythonProject/USA-housing/venv/lib/python3.10/site-packages/airflow/example_dags/example_branch_operator.py
[2023-03-04T10:39:10.137+0530] {logging_mixin.py:137} INFO - [2023-03-04T10:39:10.137+0530] {dag.py:2690} INFO - Sync 1 DAGs
[2023-03-04T10:39:10.188+0530] {logging_mixin.py:137} INFO - [2023-03-04T10:39:10.187+0530] {dag.py:3437} INFO - Setting next_dagrun for example_branch_operator to 2023-03-03T00:00:00+00:00, run_after=2023-03-04T00:00:00+00:00
[2023-03-04T10:39:10.239+0530] {processor.py:175} INFO - Processing /home/ris/PycharmProjects/pythonProject/USA-housing/venv/lib/python3.10/site-packages/airflow/example_dags/example_branch_operator.py took 0.192 seconds
[2023-03-04T10:39:58.573+0530] {processor.py:153} INFO - Started process (PID=33532) to work on /home/ris/PycharmProjects/pythonProject/USA-housing/venv/lib/python3.10/site-packages/airflow/example_dags/example_branch_operator.py
[2023-03-04T10:39:58.575+0530] {processor.py:743} INFO - Processing file /home/ris/PycharmProjects/pythonProject/USA-housing/venv/lib/python3.10/site-packages/airflow/example_dags/example_branch_operator.py for tasks to queue
[2023-03-04T10:39:58.576+0530] {logging_mixin.py:137} INFO - [2023-03-04T10:39:58.576+0530] {dagbag.py:538} INFO - Filling up the DagBag from /home/ris/PycharmProjects/pythonProject/USA-housing/venv/lib/python3.10/site-packages/airflow/example_dags/example_branch_operator.py
[2023-03-04T10:39:58.603+0530] {processor.py:753} INFO - DAG(s) dict_keys(['example_branch_operator']) retrieved from /home/ris/PycharmProjects/pythonProject/USA-housing/venv/lib/python3.10/site-packages/airflow/example_dags/example_branch_operator.py
[2023-03-04T10:39:58.632+0530] {logging_mixin.py:137} INFO - [2023-03-04T10:39:58.631+0530] {dag.py:2690} INFO - Sync 1 DAGs
[2023-03-04T10:39:58.672+0530] {logging_mixin.py:137} INFO - [2023-03-04T10:39:58.671+0530] {dag.py:3437} INFO - Setting next_dagrun for example_branch_operator to 2023-03-03T00:00:00+00:00, run_after=2023-03-04T00:00:00+00:00
[2023-03-04T10:39:58.712+0530] {processor.py:175} INFO - Processing /home/ris/PycharmProjects/pythonProject/USA-housing/venv/lib/python3.10/site-packages/airflow/example_dags/example_branch_operator.py took 0.143 seconds
[2023-03-04T10:40:40.599+0530] {processor.py:153} INFO - Started process (PID=33575) to work on /home/ris/PycharmProjects/pythonProject/USA-housing/venv/lib/python3.10/site-packages/airflow/example_dags/example_branch_operator.py
[2023-03-04T10:40:40.601+0530] {processor.py:743} INFO - Processing file /home/ris/PycharmProjects/pythonProject/USA-housing/venv/lib/python3.10/site-packages/airflow/example_dags/example_branch_operator.py for tasks to queue
[2023-03-04T10:40:40.602+0530] {logging_mixin.py:137} INFO - [2023-03-04T10:40:40.602+0530] {dagbag.py:538} INFO - Filling up the DagBag from /home/ris/PycharmProjects/pythonProject/USA-housing/venv/lib/python3.10/site-packages/airflow/example_dags/example_branch_operator.py
[2023-03-04T10:40:40.641+0530] {processor.py:753} INFO - DAG(s) dict_keys(['example_branch_operator']) retrieved from /home/ris/PycharmProjects/pythonProject/USA-housing/venv/lib/python3.10/site-packages/airflow/example_dags/example_branch_operator.py
[2023-03-04T10:40:40.662+0530] {logging_mixin.py:137} INFO - [2023-03-04T10:40:40.662+0530] {dag.py:2690} INFO - Sync 1 DAGs
[2023-03-04T10:40:40.682+0530] {logging_mixin.py:137} INFO - [2023-03-04T10:40:40.682+0530] {dag.py:3437} INFO - Setting next_dagrun for example_branch_operator to 2023-03-03T00:00:00+00:00, run_after=2023-03-04T00:00:00+00:00
[2023-03-04T10:40:40.701+0530] {processor.py:175} INFO - Processing /home/ris/PycharmProjects/pythonProject/USA-housing/venv/lib/python3.10/site-packages/airflow/example_dags/example_branch_operator.py took 0.106 seconds
[2023-03-04T10:41:25.054+0530] {processor.py:153} INFO - Started process (PID=33631) to work on /home/ris/PycharmProjects/pythonProject/USA-housing/venv/lib/python3.10/site-packages/airflow/example_dags/example_branch_operator.py
[2023-03-04T10:41:25.056+0530] {processor.py:743} INFO - Processing file /home/ris/PycharmProjects/pythonProject/USA-housing/venv/lib/python3.10/site-packages/airflow/example_dags/example_branch_operator.py for tasks to queue
[2023-03-04T10:41:25.058+0530] {logging_mixin.py:137} INFO - [2023-03-04T10:41:25.057+0530] {dagbag.py:538} INFO - Filling up the DagBag from /home/ris/PycharmProjects/pythonProject/USA-housing/venv/lib/python3.10/site-packages/airflow/example_dags/example_branch_operator.py
[2023-03-04T10:41:25.106+0530] {processor.py:753} INFO - DAG(s) dict_keys(['example_branch_operator']) retrieved from /home/ris/PycharmProjects/pythonProject/USA-housing/venv/lib/python3.10/site-packages/airflow/example_dags/example_branch_operator.py
[2023-03-04T10:41:25.152+0530] {logging_mixin.py:137} INFO - [2023-03-04T10:41:25.151+0530] {dag.py:2690} INFO - Sync 1 DAGs
[2023-03-04T10:41:25.200+0530] {logging_mixin.py:137} INFO - [2023-03-04T10:41:25.200+0530] {dag.py:3437} INFO - Setting next_dagrun for example_branch_operator to 2023-03-03T00:00:00+00:00, run_after=2023-03-04T00:00:00+00:00
[2023-03-04T10:41:25.254+0530] {processor.py:175} INFO - Processing /home/ris/PycharmProjects/pythonProject/USA-housing/venv/lib/python3.10/site-packages/airflow/example_dags/example_branch_operator.py took 0.205 seconds
[2023-03-04T10:42:14.563+0530] {processor.py:153} INFO - Started process (PID=33687) to work on /home/ris/PycharmProjects/pythonProject/USA-housing/venv/lib/python3.10/site-packages/airflow/example_dags/example_branch_operator.py
[2023-03-04T10:42:14.564+0530] {processor.py:743} INFO - Processing file /home/ris/PycharmProjects/pythonProject/USA-housing/venv/lib/python3.10/site-packages/airflow/example_dags/example_branch_operator.py for tasks to queue
[2023-03-04T10:42:14.565+0530] {logging_mixin.py:137} INFO - [2023-03-04T10:42:14.565+0530] {dagbag.py:538} INFO - Filling up the DagBag from /home/ris/PycharmProjects/pythonProject/USA-housing/venv/lib/python3.10/site-packages/airflow/example_dags/example_branch_operator.py
[2023-03-04T10:42:14.581+0530] {processor.py:753} INFO - DAG(s) dict_keys(['example_branch_operator']) retrieved from /home/ris/PycharmProjects/pythonProject/USA-housing/venv/lib/python3.10/site-packages/airflow/example_dags/example_branch_operator.py
[2023-03-04T10:42:14.600+0530] {logging_mixin.py:137} INFO - [2023-03-04T10:42:14.599+0530] {dag.py:2690} INFO - Sync 1 DAGs
[2023-03-04T10:42:14.626+0530] {logging_mixin.py:137} INFO - [2023-03-04T10:42:14.625+0530] {dag.py:3437} INFO - Setting next_dagrun for example_branch_operator to 2023-03-03T00:00:00+00:00, run_after=2023-03-04T00:00:00+00:00
[2023-03-04T10:42:14.649+0530] {processor.py:175} INFO - Processing /home/ris/PycharmProjects/pythonProject/USA-housing/venv/lib/python3.10/site-packages/airflow/example_dags/example_branch_operator.py took 0.089 seconds
[2023-03-04T10:42:58.638+0530] {processor.py:153} INFO - Started process (PID=33738) to work on /home/ris/PycharmProjects/pythonProject/USA-housing/venv/lib/python3.10/site-packages/airflow/example_dags/example_branch_operator.py
[2023-03-04T10:42:58.641+0530] {processor.py:743} INFO - Processing file /home/ris/PycharmProjects/pythonProject/USA-housing/venv/lib/python3.10/site-packages/airflow/example_dags/example_branch_operator.py for tasks to queue
[2023-03-04T10:42:58.642+0530] {logging_mixin.py:137} INFO - [2023-03-04T10:42:58.641+0530] {dagbag.py:538} INFO - Filling up the DagBag from /home/ris/PycharmProjects/pythonProject/USA-housing/venv/lib/python3.10/site-packages/airflow/example_dags/example_branch_operator.py
[2023-03-04T10:42:58.666+0530] {processor.py:753} INFO - DAG(s) dict_keys(['example_branch_operator']) retrieved from /home/ris/PycharmProjects/pythonProject/USA-housing/venv/lib/python3.10/site-packages/airflow/example_dags/example_branch_operator.py
[2023-03-04T10:42:58.699+0530] {logging_mixin.py:137} INFO - [2023-03-04T10:42:58.699+0530] {dag.py:2690} INFO - Sync 1 DAGs
[2023-03-04T10:42:58.736+0530] {logging_mixin.py:137} INFO - [2023-03-04T10:42:58.736+0530] {dag.py:3437} INFO - Setting next_dagrun for example_branch_operator to 2023-03-03T00:00:00+00:00, run_after=2023-03-04T00:00:00+00:00
[2023-03-04T10:42:58.768+0530] {processor.py:175} INFO - Processing /home/ris/PycharmProjects/pythonProject/USA-housing/venv/lib/python3.10/site-packages/airflow/example_dags/example_branch_operator.py took 0.133 seconds
[2023-03-04T10:43:45.807+0530] {processor.py:153} INFO - Started process (PID=33786) to work on /home/ris/PycharmProjects/pythonProject/USA-housing/venv/lib/python3.10/site-packages/airflow/example_dags/example_branch_operator.py
[2023-03-04T10:43:45.809+0530] {processor.py:743} INFO - Processing file /home/ris/PycharmProjects/pythonProject/USA-housing/venv/lib/python3.10/site-packages/airflow/example_dags/example_branch_operator.py for tasks to queue
[2023-03-04T10:43:45.810+0530] {logging_mixin.py:137} INFO - [2023-03-04T10:43:45.810+0530] {dagbag.py:538} INFO - Filling up the DagBag from /home/ris/PycharmProjects/pythonProject/USA-housing/venv/lib/python3.10/site-packages/airflow/example_dags/example_branch_operator.py
[2023-03-04T10:43:45.829+0530] {processor.py:753} INFO - DAG(s) dict_keys(['example_branch_operator']) retrieved from /home/ris/PycharmProjects/pythonProject/USA-housing/venv/lib/python3.10/site-packages/airflow/example_dags/example_branch_operator.py
[2023-03-04T10:43:45.851+0530] {logging_mixin.py:137} INFO - [2023-03-04T10:43:45.851+0530] {dag.py:2690} INFO - Sync 1 DAGs
[2023-03-04T10:43:45.877+0530] {logging_mixin.py:137} INFO - [2023-03-04T10:43:45.877+0530] {dag.py:3437} INFO - Setting next_dagrun for example_branch_operator to 2023-03-03T00:00:00+00:00, run_after=2023-03-04T00:00:00+00:00
[2023-03-04T10:43:45.904+0530] {processor.py:175} INFO - Processing /home/ris/PycharmProjects/pythonProject/USA-housing/venv/lib/python3.10/site-packages/airflow/example_dags/example_branch_operator.py took 0.099 seconds
[2023-03-04T10:44:32.421+0530] {processor.py:153} INFO - Started process (PID=33832) to work on /home/ris/PycharmProjects/pythonProject/USA-housing/venv/lib/python3.10/site-packages/airflow/example_dags/example_branch_operator.py
[2023-03-04T10:44:32.424+0530] {processor.py:743} INFO - Processing file /home/ris/PycharmProjects/pythonProject/USA-housing/venv/lib/python3.10/site-packages/airflow/example_dags/example_branch_operator.py for tasks to queue
[2023-03-04T10:44:32.427+0530] {logging_mixin.py:137} INFO - [2023-03-04T10:44:32.426+0530] {dagbag.py:538} INFO - Filling up the DagBag from /home/ris/PycharmProjects/pythonProject/USA-housing/venv/lib/python3.10/site-packages/airflow/example_dags/example_branch_operator.py
[2023-03-04T10:44:32.455+0530] {processor.py:753} INFO - DAG(s) dict_keys(['example_branch_operator']) retrieved from /home/ris/PycharmProjects/pythonProject/USA-housing/venv/lib/python3.10/site-packages/airflow/example_dags/example_branch_operator.py
[2023-03-04T10:44:32.478+0530] {logging_mixin.py:137} INFO - [2023-03-04T10:44:32.477+0530] {dag.py:2690} INFO - Sync 1 DAGs
[2023-03-04T10:44:32.501+0530] {logging_mixin.py:137} INFO - [2023-03-04T10:44:32.500+0530] {dag.py:3437} INFO - Setting next_dagrun for example_branch_operator to 2023-03-03T00:00:00+00:00, run_after=2023-03-04T00:00:00+00:00
[2023-03-04T10:44:32.526+0530] {processor.py:175} INFO - Processing /home/ris/PycharmProjects/pythonProject/USA-housing/venv/lib/python3.10/site-packages/airflow/example_dags/example_branch_operator.py took 0.111 seconds
[2023-03-04T10:45:20.308+0530] {processor.py:153} INFO - Started process (PID=33888) to work on /home/ris/PycharmProjects/pythonProject/USA-housing/venv/lib/python3.10/site-packages/airflow/example_dags/example_branch_operator.py
[2023-03-04T10:45:20.310+0530] {processor.py:743} INFO - Processing file /home/ris/PycharmProjects/pythonProject/USA-housing/venv/lib/python3.10/site-packages/airflow/example_dags/example_branch_operator.py for tasks to queue
[2023-03-04T10:45:20.311+0530] {logging_mixin.py:137} INFO - [2023-03-04T10:45:20.311+0530] {dagbag.py:538} INFO - Filling up the DagBag from /home/ris/PycharmProjects/pythonProject/USA-housing/venv/lib/python3.10/site-packages/airflow/example_dags/example_branch_operator.py
[2023-03-04T10:45:20.338+0530] {processor.py:753} INFO - DAG(s) dict_keys(['example_branch_operator']) retrieved from /home/ris/PycharmProjects/pythonProject/USA-housing/venv/lib/python3.10/site-packages/airflow/example_dags/example_branch_operator.py
[2023-03-04T10:45:20.374+0530] {logging_mixin.py:137} INFO - [2023-03-04T10:45:20.374+0530] {dag.py:2690} INFO - Sync 1 DAGs
[2023-03-04T10:45:20.405+0530] {logging_mixin.py:137} INFO - [2023-03-04T10:45:20.405+0530] {dag.py:3437} INFO - Setting next_dagrun for example_branch_operator to 2023-03-03T00:00:00+00:00, run_after=2023-03-04T00:00:00+00:00
[2023-03-04T10:45:20.439+0530] {processor.py:175} INFO - Processing /home/ris/PycharmProjects/pythonProject/USA-housing/venv/lib/python3.10/site-packages/airflow/example_dags/example_branch_operator.py took 0.135 seconds
[2023-03-04T10:46:16.709+0530] {processor.py:153} INFO - Started process (PID=33950) to work on /home/ris/PycharmProjects/pythonProject/USA-housing/venv/lib/python3.10/site-packages/airflow/example_dags/example_branch_operator.py
[2023-03-04T10:46:16.710+0530] {processor.py:743} INFO - Processing file /home/ris/PycharmProjects/pythonProject/USA-housing/venv/lib/python3.10/site-packages/airflow/example_dags/example_branch_operator.py for tasks to queue
[2023-03-04T10:46:16.712+0530] {logging_mixin.py:137} INFO - [2023-03-04T10:46:16.711+0530] {dagbag.py:538} INFO - Filling up the DagBag from /home/ris/PycharmProjects/pythonProject/USA-housing/venv/lib/python3.10/site-packages/airflow/example_dags/example_branch_operator.py
[2023-03-04T10:46:16.740+0530] {processor.py:753} INFO - DAG(s) dict_keys(['example_branch_operator']) retrieved from /home/ris/PycharmProjects/pythonProject/USA-housing/venv/lib/python3.10/site-packages/airflow/example_dags/example_branch_operator.py
[2023-03-04T10:46:16.765+0530] {logging_mixin.py:137} INFO - [2023-03-04T10:46:16.765+0530] {dag.py:2690} INFO - Sync 1 DAGs
[2023-03-04T10:46:16.795+0530] {logging_mixin.py:137} INFO - [2023-03-04T10:46:16.795+0530] {dag.py:3437} INFO - Setting next_dagrun for example_branch_operator to 2023-03-03T00:00:00+00:00, run_after=2023-03-04T00:00:00+00:00
[2023-03-04T10:46:16.847+0530] {processor.py:175} INFO - Processing /home/ris/PycharmProjects/pythonProject/USA-housing/venv/lib/python3.10/site-packages/airflow/example_dags/example_branch_operator.py took 0.145 seconds
[2023-03-04T10:47:16.893+0530] {processor.py:153} INFO - Started process (PID=34022) to work on /home/ris/PycharmProjects/pythonProject/USA-housing/venv/lib/python3.10/site-packages/airflow/example_dags/example_branch_operator.py
[2023-03-04T10:47:16.895+0530] {processor.py:743} INFO - Processing file /home/ris/PycharmProjects/pythonProject/USA-housing/venv/lib/python3.10/site-packages/airflow/example_dags/example_branch_operator.py for tasks to queue
[2023-03-04T10:47:16.895+0530] {logging_mixin.py:137} INFO - [2023-03-04T10:47:16.895+0530] {dagbag.py:538} INFO - Filling up the DagBag from /home/ris/PycharmProjects/pythonProject/USA-housing/venv/lib/python3.10/site-packages/airflow/example_dags/example_branch_operator.py
[2023-03-04T10:47:16.914+0530] {processor.py:753} INFO - DAG(s) dict_keys(['example_branch_operator']) retrieved from /home/ris/PycharmProjects/pythonProject/USA-housing/venv/lib/python3.10/site-packages/airflow/example_dags/example_branch_operator.py
[2023-03-04T10:47:16.949+0530] {logging_mixin.py:137} INFO - [2023-03-04T10:47:16.949+0530] {dag.py:2690} INFO - Sync 1 DAGs
[2023-03-04T10:47:17.007+0530] {logging_mixin.py:137} INFO - [2023-03-04T10:47:17.007+0530] {dag.py:3437} INFO - Setting next_dagrun for example_branch_operator to 2023-03-03T00:00:00+00:00, run_after=2023-03-04T00:00:00+00:00
[2023-03-04T10:47:17.044+0530] {processor.py:175} INFO - Processing /home/ris/PycharmProjects/pythonProject/USA-housing/venv/lib/python3.10/site-packages/airflow/example_dags/example_branch_operator.py took 0.154 seconds
[2023-03-04T10:48:12.158+0530] {processor.py:153} INFO - Started process (PID=34080) to work on /home/ris/PycharmProjects/pythonProject/USA-housing/venv/lib/python3.10/site-packages/airflow/example_dags/example_branch_operator.py
[2023-03-04T10:48:12.162+0530] {processor.py:743} INFO - Processing file /home/ris/PycharmProjects/pythonProject/USA-housing/venv/lib/python3.10/site-packages/airflow/example_dags/example_branch_operator.py for tasks to queue
[2023-03-04T10:48:12.163+0530] {logging_mixin.py:137} INFO - [2023-03-04T10:48:12.163+0530] {dagbag.py:538} INFO - Filling up the DagBag from /home/ris/PycharmProjects/pythonProject/USA-housing/venv/lib/python3.10/site-packages/airflow/example_dags/example_branch_operator.py
[2023-03-04T10:48:12.187+0530] {processor.py:753} INFO - DAG(s) dict_keys(['example_branch_operator']) retrieved from /home/ris/PycharmProjects/pythonProject/USA-housing/venv/lib/python3.10/site-packages/airflow/example_dags/example_branch_operator.py
[2023-03-04T10:48:12.205+0530] {logging_mixin.py:137} INFO - [2023-03-04T10:48:12.205+0530] {dag.py:2690} INFO - Sync 1 DAGs
[2023-03-04T10:48:12.225+0530] {logging_mixin.py:137} INFO - [2023-03-04T10:48:12.225+0530] {dag.py:3437} INFO - Setting next_dagrun for example_branch_operator to 2023-03-03T00:00:00+00:00, run_after=2023-03-04T00:00:00+00:00
[2023-03-04T10:48:12.255+0530] {processor.py:175} INFO - Processing /home/ris/PycharmProjects/pythonProject/USA-housing/venv/lib/python3.10/site-packages/airflow/example_dags/example_branch_operator.py took 0.102 seconds
[2023-03-04T10:49:07.979+0530] {processor.py:153} INFO - Started process (PID=34151) to work on /home/ris/PycharmProjects/pythonProject/USA-housing/venv/lib/python3.10/site-packages/airflow/example_dags/example_branch_operator.py
[2023-03-04T10:49:07.981+0530] {processor.py:743} INFO - Processing file /home/ris/PycharmProjects/pythonProject/USA-housing/venv/lib/python3.10/site-packages/airflow/example_dags/example_branch_operator.py for tasks to queue
[2023-03-04T10:49:07.982+0530] {logging_mixin.py:137} INFO - [2023-03-04T10:49:07.982+0530] {dagbag.py:538} INFO - Filling up the DagBag from /home/ris/PycharmProjects/pythonProject/USA-housing/venv/lib/python3.10/site-packages/airflow/example_dags/example_branch_operator.py
[2023-03-04T10:49:07.997+0530] {processor.py:753} INFO - DAG(s) dict_keys(['example_branch_operator']) retrieved from /home/ris/PycharmProjects/pythonProject/USA-housing/venv/lib/python3.10/site-packages/airflow/example_dags/example_branch_operator.py
[2023-03-04T10:49:08.018+0530] {logging_mixin.py:137} INFO - [2023-03-04T10:49:08.018+0530] {dag.py:2690} INFO - Sync 1 DAGs
[2023-03-04T10:49:08.039+0530] {logging_mixin.py:137} INFO - [2023-03-04T10:49:08.039+0530] {dag.py:3437} INFO - Setting next_dagrun for example_branch_operator to 2023-03-03T00:00:00+00:00, run_after=2023-03-04T00:00:00+00:00
[2023-03-04T10:49:08.072+0530] {processor.py:175} INFO - Processing /home/ris/PycharmProjects/pythonProject/USA-housing/venv/lib/python3.10/site-packages/airflow/example_dags/example_branch_operator.py took 0.096 seconds
[2023-03-04T10:49:52.918+0530] {processor.py:153} INFO - Started process (PID=34217) to work on /home/ris/PycharmProjects/pythonProject/USA-housing/venv/lib/python3.10/site-packages/airflow/example_dags/example_branch_operator.py
[2023-03-04T10:49:52.920+0530] {processor.py:743} INFO - Processing file /home/ris/PycharmProjects/pythonProject/USA-housing/venv/lib/python3.10/site-packages/airflow/example_dags/example_branch_operator.py for tasks to queue
[2023-03-04T10:49:52.921+0530] {logging_mixin.py:137} INFO - [2023-03-04T10:49:52.921+0530] {dagbag.py:538} INFO - Filling up the DagBag from /home/ris/PycharmProjects/pythonProject/USA-housing/venv/lib/python3.10/site-packages/airflow/example_dags/example_branch_operator.py
[2023-03-04T10:49:52.937+0530] {processor.py:753} INFO - DAG(s) dict_keys(['example_branch_operator']) retrieved from /home/ris/PycharmProjects/pythonProject/USA-housing/venv/lib/python3.10/site-packages/airflow/example_dags/example_branch_operator.py
[2023-03-04T10:49:52.959+0530] {logging_mixin.py:137} INFO - [2023-03-04T10:49:52.958+0530] {dag.py:2690} INFO - Sync 1 DAGs
[2023-03-04T10:49:52.981+0530] {logging_mixin.py:137} INFO - [2023-03-04T10:49:52.981+0530] {dag.py:3437} INFO - Setting next_dagrun for example_branch_operator to 2023-03-03T00:00:00+00:00, run_after=2023-03-04T00:00:00+00:00
[2023-03-04T10:49:53.005+0530] {processor.py:175} INFO - Processing /home/ris/PycharmProjects/pythonProject/USA-housing/venv/lib/python3.10/site-packages/airflow/example_dags/example_branch_operator.py took 0.090 seconds
[2023-03-04T10:50:41.477+0530] {processor.py:153} INFO - Started process (PID=34318) to work on /home/ris/PycharmProjects/pythonProject/USA-housing/venv/lib/python3.10/site-packages/airflow/example_dags/example_branch_operator.py
[2023-03-04T10:50:41.479+0530] {processor.py:743} INFO - Processing file /home/ris/PycharmProjects/pythonProject/USA-housing/venv/lib/python3.10/site-packages/airflow/example_dags/example_branch_operator.py for tasks to queue
[2023-03-04T10:50:41.480+0530] {logging_mixin.py:137} INFO - [2023-03-04T10:50:41.480+0530] {dagbag.py:538} INFO - Filling up the DagBag from /home/ris/PycharmProjects/pythonProject/USA-housing/venv/lib/python3.10/site-packages/airflow/example_dags/example_branch_operator.py
[2023-03-04T10:50:41.497+0530] {processor.py:753} INFO - DAG(s) dict_keys(['example_branch_operator']) retrieved from /home/ris/PycharmProjects/pythonProject/USA-housing/venv/lib/python3.10/site-packages/airflow/example_dags/example_branch_operator.py
[2023-03-04T10:50:41.518+0530] {logging_mixin.py:137} INFO - [2023-03-04T10:50:41.518+0530] {dag.py:2690} INFO - Sync 1 DAGs
[2023-03-04T10:50:41.551+0530] {logging_mixin.py:137} INFO - [2023-03-04T10:50:41.551+0530] {dag.py:3437} INFO - Setting next_dagrun for example_branch_operator to 2023-03-03T00:00:00+00:00, run_after=2023-03-04T00:00:00+00:00
[2023-03-04T10:50:41.573+0530] {processor.py:175} INFO - Processing /home/ris/PycharmProjects/pythonProject/USA-housing/venv/lib/python3.10/site-packages/airflow/example_dags/example_branch_operator.py took 0.099 seconds
[2023-03-04T10:51:35.036+0530] {processor.py:153} INFO - Started process (PID=34385) to work on /home/ris/PycharmProjects/pythonProject/USA-housing/venv/lib/python3.10/site-packages/airflow/example_dags/example_branch_operator.py
[2023-03-04T10:51:35.037+0530] {processor.py:743} INFO - Processing file /home/ris/PycharmProjects/pythonProject/USA-housing/venv/lib/python3.10/site-packages/airflow/example_dags/example_branch_operator.py for tasks to queue
[2023-03-04T10:51:35.037+0530] {logging_mixin.py:137} INFO - [2023-03-04T10:51:35.037+0530] {dagbag.py:538} INFO - Filling up the DagBag from /home/ris/PycharmProjects/pythonProject/USA-housing/venv/lib/python3.10/site-packages/airflow/example_dags/example_branch_operator.py
[2023-03-04T10:51:35.059+0530] {processor.py:753} INFO - DAG(s) dict_keys(['example_branch_operator']) retrieved from /home/ris/PycharmProjects/pythonProject/USA-housing/venv/lib/python3.10/site-packages/airflow/example_dags/example_branch_operator.py
[2023-03-04T10:51:35.093+0530] {logging_mixin.py:137} INFO - [2023-03-04T10:51:35.093+0530] {dag.py:2690} INFO - Sync 1 DAGs
[2023-03-04T10:51:35.116+0530] {logging_mixin.py:137} INFO - [2023-03-04T10:51:35.116+0530] {dag.py:3437} INFO - Setting next_dagrun for example_branch_operator to 2023-03-03T00:00:00+00:00, run_after=2023-03-04T00:00:00+00:00
[2023-03-04T10:51:35.143+0530] {processor.py:175} INFO - Processing /home/ris/PycharmProjects/pythonProject/USA-housing/venv/lib/python3.10/site-packages/airflow/example_dags/example_branch_operator.py took 0.110 seconds
[2023-03-04T10:52:21.184+0530] {processor.py:153} INFO - Started process (PID=34455) to work on /home/ris/PycharmProjects/pythonProject/USA-housing/venv/lib/python3.10/site-packages/airflow/example_dags/example_branch_operator.py
[2023-03-04T10:52:21.186+0530] {processor.py:743} INFO - Processing file /home/ris/PycharmProjects/pythonProject/USA-housing/venv/lib/python3.10/site-packages/airflow/example_dags/example_branch_operator.py for tasks to queue
[2023-03-04T10:52:21.187+0530] {logging_mixin.py:137} INFO - [2023-03-04T10:52:21.187+0530] {dagbag.py:538} INFO - Filling up the DagBag from /home/ris/PycharmProjects/pythonProject/USA-housing/venv/lib/python3.10/site-packages/airflow/example_dags/example_branch_operator.py
[2023-03-04T10:52:21.207+0530] {processor.py:753} INFO - DAG(s) dict_keys(['example_branch_operator']) retrieved from /home/ris/PycharmProjects/pythonProject/USA-housing/venv/lib/python3.10/site-packages/airflow/example_dags/example_branch_operator.py
[2023-03-04T10:52:21.231+0530] {logging_mixin.py:137} INFO - [2023-03-04T10:52:21.230+0530] {dag.py:2690} INFO - Sync 1 DAGs
[2023-03-04T10:52:21.261+0530] {logging_mixin.py:137} INFO - [2023-03-04T10:52:21.260+0530] {dag.py:3437} INFO - Setting next_dagrun for example_branch_operator to 2023-03-03T00:00:00+00:00, run_after=2023-03-04T00:00:00+00:00
[2023-03-04T10:52:21.285+0530] {processor.py:175} INFO - Processing /home/ris/PycharmProjects/pythonProject/USA-housing/venv/lib/python3.10/site-packages/airflow/example_dags/example_branch_operator.py took 0.104 seconds
[2023-03-04T10:53:13.806+0530] {processor.py:153} INFO - Started process (PID=34583) to work on /home/ris/PycharmProjects/pythonProject/USA-housing/venv/lib/python3.10/site-packages/airflow/example_dags/example_branch_operator.py
[2023-03-04T10:53:13.808+0530] {processor.py:743} INFO - Processing file /home/ris/PycharmProjects/pythonProject/USA-housing/venv/lib/python3.10/site-packages/airflow/example_dags/example_branch_operator.py for tasks to queue
[2023-03-04T10:53:13.809+0530] {logging_mixin.py:137} INFO - [2023-03-04T10:53:13.809+0530] {dagbag.py:538} INFO - Filling up the DagBag from /home/ris/PycharmProjects/pythonProject/USA-housing/venv/lib/python3.10/site-packages/airflow/example_dags/example_branch_operator.py
[2023-03-04T10:53:13.842+0530] {processor.py:753} INFO - DAG(s) dict_keys(['example_branch_operator']) retrieved from /home/ris/PycharmProjects/pythonProject/USA-housing/venv/lib/python3.10/site-packages/airflow/example_dags/example_branch_operator.py
[2023-03-04T10:53:13.865+0530] {logging_mixin.py:137} INFO - [2023-03-04T10:53:13.864+0530] {dag.py:2690} INFO - Sync 1 DAGs
[2023-03-04T10:53:13.886+0530] {logging_mixin.py:137} INFO - [2023-03-04T10:53:13.886+0530] {dag.py:3437} INFO - Setting next_dagrun for example_branch_operator to 2023-03-03T00:00:00+00:00, run_after=2023-03-04T00:00:00+00:00
[2023-03-04T10:53:13.912+0530] {processor.py:175} INFO - Processing /home/ris/PycharmProjects/pythonProject/USA-housing/venv/lib/python3.10/site-packages/airflow/example_dags/example_branch_operator.py took 0.110 seconds
[2023-03-04T10:54:10.780+0530] {processor.py:153} INFO - Started process (PID=34736) to work on /home/ris/PycharmProjects/pythonProject/USA-housing/venv/lib/python3.10/site-packages/airflow/example_dags/example_branch_operator.py
[2023-03-04T10:54:10.781+0530] {processor.py:743} INFO - Processing file /home/ris/PycharmProjects/pythonProject/USA-housing/venv/lib/python3.10/site-packages/airflow/example_dags/example_branch_operator.py for tasks to queue
[2023-03-04T10:54:10.781+0530] {logging_mixin.py:137} INFO - [2023-03-04T10:54:10.781+0530] {dagbag.py:538} INFO - Filling up the DagBag from /home/ris/PycharmProjects/pythonProject/USA-housing/venv/lib/python3.10/site-packages/airflow/example_dags/example_branch_operator.py
[2023-03-04T10:54:10.796+0530] {processor.py:753} INFO - DAG(s) dict_keys(['example_branch_operator']) retrieved from /home/ris/PycharmProjects/pythonProject/USA-housing/venv/lib/python3.10/site-packages/airflow/example_dags/example_branch_operator.py
[2023-03-04T10:54:10.816+0530] {logging_mixin.py:137} INFO - [2023-03-04T10:54:10.816+0530] {dag.py:2690} INFO - Sync 1 DAGs
[2023-03-04T10:54:10.837+0530] {logging_mixin.py:137} INFO - [2023-03-04T10:54:10.837+0530] {dag.py:3437} INFO - Setting next_dagrun for example_branch_operator to 2023-03-03T00:00:00+00:00, run_after=2023-03-04T00:00:00+00:00
[2023-03-04T10:54:10.858+0530] {processor.py:175} INFO - Processing /home/ris/PycharmProjects/pythonProject/USA-housing/venv/lib/python3.10/site-packages/airflow/example_dags/example_branch_operator.py took 0.081 seconds
[2023-03-04T10:55:01.221+0530] {processor.py:153} INFO - Started process (PID=34809) to work on /home/ris/PycharmProjects/pythonProject/USA-housing/venv/lib/python3.10/site-packages/airflow/example_dags/example_branch_operator.py
[2023-03-04T10:55:01.224+0530] {processor.py:743} INFO - Processing file /home/ris/PycharmProjects/pythonProject/USA-housing/venv/lib/python3.10/site-packages/airflow/example_dags/example_branch_operator.py for tasks to queue
[2023-03-04T10:55:01.225+0530] {logging_mixin.py:137} INFO - [2023-03-04T10:55:01.225+0530] {dagbag.py:538} INFO - Filling up the DagBag from /home/ris/PycharmProjects/pythonProject/USA-housing/venv/lib/python3.10/site-packages/airflow/example_dags/example_branch_operator.py
[2023-03-04T10:55:01.259+0530] {processor.py:753} INFO - DAG(s) dict_keys(['example_branch_operator']) retrieved from /home/ris/PycharmProjects/pythonProject/USA-housing/venv/lib/python3.10/site-packages/airflow/example_dags/example_branch_operator.py
[2023-03-04T10:55:01.280+0530] {logging_mixin.py:137} INFO - [2023-03-04T10:55:01.280+0530] {dag.py:2690} INFO - Sync 1 DAGs
[2023-03-04T10:55:01.301+0530] {logging_mixin.py:137} INFO - [2023-03-04T10:55:01.301+0530] {dag.py:3437} INFO - Setting next_dagrun for example_branch_operator to 2023-03-03T00:00:00+00:00, run_after=2023-03-04T00:00:00+00:00
[2023-03-04T10:55:01.319+0530] {processor.py:175} INFO - Processing /home/ris/PycharmProjects/pythonProject/USA-housing/venv/lib/python3.10/site-packages/airflow/example_dags/example_branch_operator.py took 0.102 seconds
[2023-03-04T10:55:45.300+0530] {processor.py:153} INFO - Started process (PID=34859) to work on /home/ris/PycharmProjects/pythonProject/USA-housing/venv/lib/python3.10/site-packages/airflow/example_dags/example_branch_operator.py
[2023-03-04T10:55:45.301+0530] {processor.py:743} INFO - Processing file /home/ris/PycharmProjects/pythonProject/USA-housing/venv/lib/python3.10/site-packages/airflow/example_dags/example_branch_operator.py for tasks to queue
[2023-03-04T10:55:45.302+0530] {logging_mixin.py:137} INFO - [2023-03-04T10:55:45.302+0530] {dagbag.py:538} INFO - Filling up the DagBag from /home/ris/PycharmProjects/pythonProject/USA-housing/venv/lib/python3.10/site-packages/airflow/example_dags/example_branch_operator.py
[2023-03-04T10:55:45.320+0530] {processor.py:753} INFO - DAG(s) dict_keys(['example_branch_operator']) retrieved from /home/ris/PycharmProjects/pythonProject/USA-housing/venv/lib/python3.10/site-packages/airflow/example_dags/example_branch_operator.py
[2023-03-04T10:55:45.345+0530] {logging_mixin.py:137} INFO - [2023-03-04T10:55:45.345+0530] {dag.py:2690} INFO - Sync 1 DAGs
[2023-03-04T10:55:45.370+0530] {logging_mixin.py:137} INFO - [2023-03-04T10:55:45.370+0530] {dag.py:3437} INFO - Setting next_dagrun for example_branch_operator to 2023-03-03T00:00:00+00:00, run_after=2023-03-04T00:00:00+00:00
[2023-03-04T10:55:45.396+0530] {processor.py:175} INFO - Processing /home/ris/PycharmProjects/pythonProject/USA-housing/venv/lib/python3.10/site-packages/airflow/example_dags/example_branch_operator.py took 0.099 seconds
[2023-03-04T10:56:40.049+0530] {processor.py:153} INFO - Started process (PID=34940) to work on /home/ris/PycharmProjects/pythonProject/USA-housing/venv/lib/python3.10/site-packages/airflow/example_dags/example_branch_operator.py
[2023-03-04T10:56:40.051+0530] {processor.py:743} INFO - Processing file /home/ris/PycharmProjects/pythonProject/USA-housing/venv/lib/python3.10/site-packages/airflow/example_dags/example_branch_operator.py for tasks to queue
[2023-03-04T10:56:40.051+0530] {logging_mixin.py:137} INFO - [2023-03-04T10:56:40.051+0530] {dagbag.py:538} INFO - Filling up the DagBag from /home/ris/PycharmProjects/pythonProject/USA-housing/venv/lib/python3.10/site-packages/airflow/example_dags/example_branch_operator.py
[2023-03-04T10:56:40.074+0530] {processor.py:753} INFO - DAG(s) dict_keys(['example_branch_operator']) retrieved from /home/ris/PycharmProjects/pythonProject/USA-housing/venv/lib/python3.10/site-packages/airflow/example_dags/example_branch_operator.py
[2023-03-04T10:56:40.101+0530] {logging_mixin.py:137} INFO - [2023-03-04T10:56:40.101+0530] {dag.py:2690} INFO - Sync 1 DAGs
[2023-03-04T10:56:40.132+0530] {logging_mixin.py:137} INFO - [2023-03-04T10:56:40.131+0530] {dag.py:3437} INFO - Setting next_dagrun for example_branch_operator to 2023-03-03T00:00:00+00:00, run_after=2023-03-04T00:00:00+00:00
[2023-03-04T10:56:40.169+0530] {processor.py:175} INFO - Processing /home/ris/PycharmProjects/pythonProject/USA-housing/venv/lib/python3.10/site-packages/airflow/example_dags/example_branch_operator.py took 0.124 seconds
[2023-03-04T10:57:35.000+0530] {processor.py:153} INFO - Started process (PID=35033) to work on /home/ris/PycharmProjects/pythonProject/USA-housing/venv/lib/python3.10/site-packages/airflow/example_dags/example_branch_operator.py
[2023-03-04T10:57:35.003+0530] {processor.py:743} INFO - Processing file /home/ris/PycharmProjects/pythonProject/USA-housing/venv/lib/python3.10/site-packages/airflow/example_dags/example_branch_operator.py for tasks to queue
[2023-03-04T10:57:35.003+0530] {logging_mixin.py:137} INFO - [2023-03-04T10:57:35.003+0530] {dagbag.py:538} INFO - Filling up the DagBag from /home/ris/PycharmProjects/pythonProject/USA-housing/venv/lib/python3.10/site-packages/airflow/example_dags/example_branch_operator.py
[2023-03-04T10:57:35.020+0530] {processor.py:753} INFO - DAG(s) dict_keys(['example_branch_operator']) retrieved from /home/ris/PycharmProjects/pythonProject/USA-housing/venv/lib/python3.10/site-packages/airflow/example_dags/example_branch_operator.py
[2023-03-04T10:57:35.040+0530] {logging_mixin.py:137} INFO - [2023-03-04T10:57:35.040+0530] {dag.py:2690} INFO - Sync 1 DAGs
[2023-03-04T10:57:35.067+0530] {logging_mixin.py:137} INFO - [2023-03-04T10:57:35.067+0530] {dag.py:3437} INFO - Setting next_dagrun for example_branch_operator to 2023-03-03T00:00:00+00:00, run_after=2023-03-04T00:00:00+00:00
[2023-03-04T10:57:35.103+0530] {processor.py:175} INFO - Processing /home/ris/PycharmProjects/pythonProject/USA-housing/venv/lib/python3.10/site-packages/airflow/example_dags/example_branch_operator.py took 0.106 seconds
[2023-03-04T11:01:14.471+0530] {processor.py:153} INFO - Started process (PID=35187) to work on /home/ris/PycharmProjects/pythonProject/USA-housing/venv/lib/python3.10/site-packages/airflow/example_dags/example_branch_operator.py
[2023-03-04T11:01:14.474+0530] {processor.py:743} INFO - Processing file /home/ris/PycharmProjects/pythonProject/USA-housing/venv/lib/python3.10/site-packages/airflow/example_dags/example_branch_operator.py for tasks to queue
[2023-03-04T11:01:14.475+0530] {logging_mixin.py:137} INFO - [2023-03-04T11:01:14.475+0530] {dagbag.py:538} INFO - Filling up the DagBag from /home/ris/PycharmProjects/pythonProject/USA-housing/venv/lib/python3.10/site-packages/airflow/example_dags/example_branch_operator.py
[2023-03-04T11:01:14.509+0530] {processor.py:753} INFO - DAG(s) dict_keys(['example_branch_operator']) retrieved from /home/ris/PycharmProjects/pythonProject/USA-housing/venv/lib/python3.10/site-packages/airflow/example_dags/example_branch_operator.py
[2023-03-04T11:01:14.527+0530] {logging_mixin.py:137} INFO - [2023-03-04T11:01:14.527+0530] {dag.py:2690} INFO - Sync 1 DAGs
[2023-03-04T11:01:14.547+0530] {logging_mixin.py:137} INFO - [2023-03-04T11:01:14.546+0530] {dag.py:3437} INFO - Setting next_dagrun for example_branch_operator to 2023-03-03T00:00:00+00:00, run_after=2023-03-04T00:00:00+00:00
[2023-03-04T11:01:14.564+0530] {processor.py:175} INFO - Processing /home/ris/PycharmProjects/pythonProject/USA-housing/venv/lib/python3.10/site-packages/airflow/example_dags/example_branch_operator.py took 0.098 seconds
