[2023-03-04T09:23:35.258+0530] {processor.py:153} INFO - Started process (PID=29320) to work on /home/ris/PycharmProjects/pythonProject/USA-housing/venv/lib/python3.10/site-packages/airflow/example_dags/example_sensor_decorator.py
[2023-03-04T09:23:35.259+0530] {processor.py:743} INFO - Processing file /home/ris/PycharmProjects/pythonProject/USA-housing/venv/lib/python3.10/site-packages/airflow/example_dags/example_sensor_decorator.py for tasks to queue
[2023-03-04T09:23:35.260+0530] {logging_mixin.py:137} INFO - [2023-03-04T09:23:35.260+0530] {dagbag.py:538} INFO - Filling up the DagBag from /home/ris/PycharmProjects/pythonProject/USA-housing/venv/lib/python3.10/site-packages/airflow/example_dags/example_sensor_decorator.py
[2023-03-04T09:23:35.300+0530] {processor.py:753} INFO - DAG(s) dict_keys(['example_sensor_decorator']) retrieved from /home/ris/PycharmProjects/pythonProject/USA-housing/venv/lib/python3.10/site-packages/airflow/example_dags/example_sensor_decorator.py
[2023-03-04T09:23:35.321+0530] {logging_mixin.py:137} INFO - [2023-03-04T09:23:35.321+0530] {dag.py:2690} INFO - Sync 1 DAGs
[2023-03-04T09:23:35.343+0530] {logging_mixin.py:137} INFO - [2023-03-04T09:23:35.343+0530] {dag.py:3437} INFO - Setting next_dagrun for example_sensor_decorator to None, run_after=None
[2023-03-04T09:23:35.368+0530] {processor.py:175} INFO - Processing /home/ris/PycharmProjects/pythonProject/USA-housing/venv/lib/python3.10/site-packages/airflow/example_dags/example_sensor_decorator.py took 0.114 seconds
[2023-03-04T09:24:17.009+0530] {processor.py:153} INFO - Started process (PID=29751) to work on /home/ris/PycharmProjects/pythonProject/USA-housing/venv/lib/python3.10/site-packages/airflow/example_dags/example_sensor_decorator.py
[2023-03-04T09:24:17.011+0530] {processor.py:743} INFO - Processing file /home/ris/PycharmProjects/pythonProject/USA-housing/venv/lib/python3.10/site-packages/airflow/example_dags/example_sensor_decorator.py for tasks to queue
[2023-03-04T09:24:17.012+0530] {logging_mixin.py:137} INFO - [2023-03-04T09:24:17.012+0530] {dagbag.py:538} INFO - Filling up the DagBag from /home/ris/PycharmProjects/pythonProject/USA-housing/venv/lib/python3.10/site-packages/airflow/example_dags/example_sensor_decorator.py
[2023-03-04T09:24:17.052+0530] {processor.py:753} INFO - DAG(s) dict_keys(['example_sensor_decorator']) retrieved from /home/ris/PycharmProjects/pythonProject/USA-housing/venv/lib/python3.10/site-packages/airflow/example_dags/example_sensor_decorator.py
[2023-03-04T09:24:17.067+0530] {logging_mixin.py:137} INFO - [2023-03-04T09:24:17.067+0530] {dag.py:2690} INFO - Sync 1 DAGs
[2023-03-04T09:24:17.084+0530] {logging_mixin.py:137} INFO - [2023-03-04T09:24:17.084+0530] {dag.py:3437} INFO - Setting next_dagrun for example_sensor_decorator to None, run_after=None
[2023-03-04T09:24:17.101+0530] {processor.py:175} INFO - Processing /home/ris/PycharmProjects/pythonProject/USA-housing/venv/lib/python3.10/site-packages/airflow/example_dags/example_sensor_decorator.py took 0.097 seconds
[2023-03-04T09:24:59.078+0530] {processor.py:153} INFO - Started process (PID=29792) to work on /home/ris/PycharmProjects/pythonProject/USA-housing/venv/lib/python3.10/site-packages/airflow/example_dags/example_sensor_decorator.py
[2023-03-04T09:24:59.080+0530] {processor.py:743} INFO - Processing file /home/ris/PycharmProjects/pythonProject/USA-housing/venv/lib/python3.10/site-packages/airflow/example_dags/example_sensor_decorator.py for tasks to queue
[2023-03-04T09:24:59.081+0530] {logging_mixin.py:137} INFO - [2023-03-04T09:24:59.080+0530] {dagbag.py:538} INFO - Filling up the DagBag from /home/ris/PycharmProjects/pythonProject/USA-housing/venv/lib/python3.10/site-packages/airflow/example_dags/example_sensor_decorator.py
[2023-03-04T09:24:59.098+0530] {processor.py:753} INFO - DAG(s) dict_keys(['example_sensor_decorator']) retrieved from /home/ris/PycharmProjects/pythonProject/USA-housing/venv/lib/python3.10/site-packages/airflow/example_dags/example_sensor_decorator.py
[2023-03-04T09:24:59.112+0530] {logging_mixin.py:137} INFO - [2023-03-04T09:24:59.112+0530] {dag.py:2690} INFO - Sync 1 DAGs
[2023-03-04T09:24:59.129+0530] {logging_mixin.py:137} INFO - [2023-03-04T09:24:59.129+0530] {dag.py:3437} INFO - Setting next_dagrun for example_sensor_decorator to None, run_after=None
[2023-03-04T09:24:59.146+0530] {processor.py:175} INFO - Processing /home/ris/PycharmProjects/pythonProject/USA-housing/venv/lib/python3.10/site-packages/airflow/example_dags/example_sensor_decorator.py took 0.070 seconds
[2023-03-04T09:25:43.386+0530] {processor.py:153} INFO - Started process (PID=29974) to work on /home/ris/PycharmProjects/pythonProject/USA-housing/venv/lib/python3.10/site-packages/airflow/example_dags/example_sensor_decorator.py
[2023-03-04T09:25:43.388+0530] {processor.py:743} INFO - Processing file /home/ris/PycharmProjects/pythonProject/USA-housing/venv/lib/python3.10/site-packages/airflow/example_dags/example_sensor_decorator.py for tasks to queue
[2023-03-04T09:25:43.389+0530] {logging_mixin.py:137} INFO - [2023-03-04T09:25:43.389+0530] {dagbag.py:538} INFO - Filling up the DagBag from /home/ris/PycharmProjects/pythonProject/USA-housing/venv/lib/python3.10/site-packages/airflow/example_dags/example_sensor_decorator.py
[2023-03-04T09:25:43.429+0530] {processor.py:753} INFO - DAG(s) dict_keys(['example_sensor_decorator']) retrieved from /home/ris/PycharmProjects/pythonProject/USA-housing/venv/lib/python3.10/site-packages/airflow/example_dags/example_sensor_decorator.py
[2023-03-04T09:25:43.445+0530] {logging_mixin.py:137} INFO - [2023-03-04T09:25:43.445+0530] {dag.py:2690} INFO - Sync 1 DAGs
[2023-03-04T09:25:43.462+0530] {logging_mixin.py:137} INFO - [2023-03-04T09:25:43.462+0530] {dag.py:3437} INFO - Setting next_dagrun for example_sensor_decorator to None, run_after=None
[2023-03-04T09:25:43.481+0530] {processor.py:175} INFO - Processing /home/ris/PycharmProjects/pythonProject/USA-housing/venv/lib/python3.10/site-packages/airflow/example_dags/example_sensor_decorator.py took 0.100 seconds
[2023-03-04T09:26:30.553+0530] {processor.py:153} INFO - Started process (PID=30125) to work on /home/ris/PycharmProjects/pythonProject/USA-housing/venv/lib/python3.10/site-packages/airflow/example_dags/example_sensor_decorator.py
[2023-03-04T09:26:30.555+0530] {processor.py:743} INFO - Processing file /home/ris/PycharmProjects/pythonProject/USA-housing/venv/lib/python3.10/site-packages/airflow/example_dags/example_sensor_decorator.py for tasks to queue
[2023-03-04T09:26:30.557+0530] {logging_mixin.py:137} INFO - [2023-03-04T09:26:30.556+0530] {dagbag.py:538} INFO - Filling up the DagBag from /home/ris/PycharmProjects/pythonProject/USA-housing/venv/lib/python3.10/site-packages/airflow/example_dags/example_sensor_decorator.py
[2023-03-04T09:26:30.598+0530] {processor.py:753} INFO - DAG(s) dict_keys(['example_sensor_decorator']) retrieved from /home/ris/PycharmProjects/pythonProject/USA-housing/venv/lib/python3.10/site-packages/airflow/example_dags/example_sensor_decorator.py
[2023-03-04T09:26:30.612+0530] {logging_mixin.py:137} INFO - [2023-03-04T09:26:30.612+0530] {dag.py:2690} INFO - Sync 1 DAGs
[2023-03-04T09:26:30.628+0530] {logging_mixin.py:137} INFO - [2023-03-04T09:26:30.628+0530] {dag.py:3437} INFO - Setting next_dagrun for example_sensor_decorator to None, run_after=None
[2023-03-04T09:26:30.645+0530] {processor.py:175} INFO - Processing /home/ris/PycharmProjects/pythonProject/USA-housing/venv/lib/python3.10/site-packages/airflow/example_dags/example_sensor_decorator.py took 0.096 seconds
[2023-03-04T09:27:09.840+0530] {processor.py:153} INFO - Started process (PID=30163) to work on /home/ris/PycharmProjects/pythonProject/USA-housing/venv/lib/python3.10/site-packages/airflow/example_dags/example_sensor_decorator.py
[2023-03-04T09:27:09.842+0530] {processor.py:743} INFO - Processing file /home/ris/PycharmProjects/pythonProject/USA-housing/venv/lib/python3.10/site-packages/airflow/example_dags/example_sensor_decorator.py for tasks to queue
[2023-03-04T09:27:09.843+0530] {logging_mixin.py:137} INFO - [2023-03-04T09:27:09.843+0530] {dagbag.py:538} INFO - Filling up the DagBag from /home/ris/PycharmProjects/pythonProject/USA-housing/venv/lib/python3.10/site-packages/airflow/example_dags/example_sensor_decorator.py
[2023-03-04T09:27:09.884+0530] {processor.py:753} INFO - DAG(s) dict_keys(['example_sensor_decorator']) retrieved from /home/ris/PycharmProjects/pythonProject/USA-housing/venv/lib/python3.10/site-packages/airflow/example_dags/example_sensor_decorator.py
[2023-03-04T09:27:09.899+0530] {logging_mixin.py:137} INFO - [2023-03-04T09:27:09.899+0530] {dag.py:2690} INFO - Sync 1 DAGs
[2023-03-04T09:27:09.914+0530] {logging_mixin.py:137} INFO - [2023-03-04T09:27:09.914+0530] {dag.py:3437} INFO - Setting next_dagrun for example_sensor_decorator to None, run_after=None
[2023-03-04T09:27:09.931+0530] {processor.py:175} INFO - Processing /home/ris/PycharmProjects/pythonProject/USA-housing/venv/lib/python3.10/site-packages/airflow/example_dags/example_sensor_decorator.py took 0.096 seconds
[2023-03-04T09:27:54.460+0530] {processor.py:153} INFO - Started process (PID=30209) to work on /home/ris/PycharmProjects/pythonProject/USA-housing/venv/lib/python3.10/site-packages/airflow/example_dags/example_sensor_decorator.py
[2023-03-04T09:27:54.463+0530] {processor.py:743} INFO - Processing file /home/ris/PycharmProjects/pythonProject/USA-housing/venv/lib/python3.10/site-packages/airflow/example_dags/example_sensor_decorator.py for tasks to queue
[2023-03-04T09:27:54.464+0530] {logging_mixin.py:137} INFO - [2023-03-04T09:27:54.464+0530] {dagbag.py:538} INFO - Filling up the DagBag from /home/ris/PycharmProjects/pythonProject/USA-housing/venv/lib/python3.10/site-packages/airflow/example_dags/example_sensor_decorator.py
[2023-03-04T09:27:54.505+0530] {processor.py:753} INFO - DAG(s) dict_keys(['example_sensor_decorator']) retrieved from /home/ris/PycharmProjects/pythonProject/USA-housing/venv/lib/python3.10/site-packages/airflow/example_dags/example_sensor_decorator.py
[2023-03-04T09:27:54.520+0530] {logging_mixin.py:137} INFO - [2023-03-04T09:27:54.519+0530] {dag.py:2690} INFO - Sync 1 DAGs
[2023-03-04T09:27:54.535+0530] {logging_mixin.py:137} INFO - [2023-03-04T09:27:54.535+0530] {dag.py:3437} INFO - Setting next_dagrun for example_sensor_decorator to None, run_after=None
[2023-03-04T09:27:54.553+0530] {processor.py:175} INFO - Processing /home/ris/PycharmProjects/pythonProject/USA-housing/venv/lib/python3.10/site-packages/airflow/example_dags/example_sensor_decorator.py took 0.097 seconds
[2023-03-04T09:28:36.342+0530] {processor.py:153} INFO - Started process (PID=30255) to work on /home/ris/PycharmProjects/pythonProject/USA-housing/venv/lib/python3.10/site-packages/airflow/example_dags/example_sensor_decorator.py
[2023-03-04T09:28:36.344+0530] {processor.py:743} INFO - Processing file /home/ris/PycharmProjects/pythonProject/USA-housing/venv/lib/python3.10/site-packages/airflow/example_dags/example_sensor_decorator.py for tasks to queue
[2023-03-04T09:28:36.345+0530] {logging_mixin.py:137} INFO - [2023-03-04T09:28:36.345+0530] {dagbag.py:538} INFO - Filling up the DagBag from /home/ris/PycharmProjects/pythonProject/USA-housing/venv/lib/python3.10/site-packages/airflow/example_dags/example_sensor_decorator.py
[2023-03-04T09:28:36.386+0530] {processor.py:753} INFO - DAG(s) dict_keys(['example_sensor_decorator']) retrieved from /home/ris/PycharmProjects/pythonProject/USA-housing/venv/lib/python3.10/site-packages/airflow/example_dags/example_sensor_decorator.py
[2023-03-04T09:28:36.400+0530] {logging_mixin.py:137} INFO - [2023-03-04T09:28:36.400+0530] {dag.py:2690} INFO - Sync 1 DAGs
[2023-03-04T09:28:36.417+0530] {logging_mixin.py:137} INFO - [2023-03-04T09:28:36.417+0530] {dag.py:3437} INFO - Setting next_dagrun for example_sensor_decorator to None, run_after=None
[2023-03-04T09:28:36.436+0530] {processor.py:175} INFO - Processing /home/ris/PycharmProjects/pythonProject/USA-housing/venv/lib/python3.10/site-packages/airflow/example_dags/example_sensor_decorator.py took 0.098 seconds
[2023-03-04T09:29:21.868+0530] {processor.py:153} INFO - Started process (PID=30301) to work on /home/ris/PycharmProjects/pythonProject/USA-housing/venv/lib/python3.10/site-packages/airflow/example_dags/example_sensor_decorator.py
[2023-03-04T09:29:21.870+0530] {processor.py:743} INFO - Processing file /home/ris/PycharmProjects/pythonProject/USA-housing/venv/lib/python3.10/site-packages/airflow/example_dags/example_sensor_decorator.py for tasks to queue
[2023-03-04T09:29:21.871+0530] {logging_mixin.py:137} INFO - [2023-03-04T09:29:21.870+0530] {dagbag.py:538} INFO - Filling up the DagBag from /home/ris/PycharmProjects/pythonProject/USA-housing/venv/lib/python3.10/site-packages/airflow/example_dags/example_sensor_decorator.py
[2023-03-04T09:29:21.910+0530] {processor.py:753} INFO - DAG(s) dict_keys(['example_sensor_decorator']) retrieved from /home/ris/PycharmProjects/pythonProject/USA-housing/venv/lib/python3.10/site-packages/airflow/example_dags/example_sensor_decorator.py
[2023-03-04T09:29:21.924+0530] {logging_mixin.py:137} INFO - [2023-03-04T09:29:21.924+0530] {dag.py:2690} INFO - Sync 1 DAGs
[2023-03-04T09:29:21.941+0530] {logging_mixin.py:137} INFO - [2023-03-04T09:29:21.941+0530] {dag.py:3437} INFO - Setting next_dagrun for example_sensor_decorator to None, run_after=None
[2023-03-04T09:29:21.958+0530] {processor.py:175} INFO - Processing /home/ris/PycharmProjects/pythonProject/USA-housing/venv/lib/python3.10/site-packages/airflow/example_dags/example_sensor_decorator.py took 0.094 seconds
[2023-03-04T09:30:10.885+0530] {processor.py:153} INFO - Started process (PID=30356) to work on /home/ris/PycharmProjects/pythonProject/USA-housing/venv/lib/python3.10/site-packages/airflow/example_dags/example_sensor_decorator.py
[2023-03-04T09:30:10.887+0530] {processor.py:743} INFO - Processing file /home/ris/PycharmProjects/pythonProject/USA-housing/venv/lib/python3.10/site-packages/airflow/example_dags/example_sensor_decorator.py for tasks to queue
[2023-03-04T09:30:10.888+0530] {logging_mixin.py:137} INFO - [2023-03-04T09:30:10.888+0530] {dagbag.py:538} INFO - Filling up the DagBag from /home/ris/PycharmProjects/pythonProject/USA-housing/venv/lib/python3.10/site-packages/airflow/example_dags/example_sensor_decorator.py
[2023-03-04T09:30:10.928+0530] {processor.py:753} INFO - DAG(s) dict_keys(['example_sensor_decorator']) retrieved from /home/ris/PycharmProjects/pythonProject/USA-housing/venv/lib/python3.10/site-packages/airflow/example_dags/example_sensor_decorator.py
[2023-03-04T09:30:10.944+0530] {logging_mixin.py:137} INFO - [2023-03-04T09:30:10.943+0530] {dag.py:2690} INFO - Sync 1 DAGs
[2023-03-04T09:30:10.959+0530] {logging_mixin.py:137} INFO - [2023-03-04T09:30:10.959+0530] {dag.py:3437} INFO - Setting next_dagrun for example_sensor_decorator to None, run_after=None
[2023-03-04T09:30:10.977+0530] {processor.py:175} INFO - Processing /home/ris/PycharmProjects/pythonProject/USA-housing/venv/lib/python3.10/site-packages/airflow/example_dags/example_sensor_decorator.py took 0.096 seconds
[2023-03-04T09:31:00.392+0530] {processor.py:153} INFO - Started process (PID=30405) to work on /home/ris/PycharmProjects/pythonProject/USA-housing/venv/lib/python3.10/site-packages/airflow/example_dags/example_sensor_decorator.py
[2023-03-04T09:31:00.394+0530] {processor.py:743} INFO - Processing file /home/ris/PycharmProjects/pythonProject/USA-housing/venv/lib/python3.10/site-packages/airflow/example_dags/example_sensor_decorator.py for tasks to queue
[2023-03-04T09:31:00.394+0530] {logging_mixin.py:137} INFO - [2023-03-04T09:31:00.394+0530] {dagbag.py:538} INFO - Filling up the DagBag from /home/ris/PycharmProjects/pythonProject/USA-housing/venv/lib/python3.10/site-packages/airflow/example_dags/example_sensor_decorator.py
[2023-03-04T09:31:00.413+0530] {processor.py:753} INFO - DAG(s) dict_keys(['example_sensor_decorator']) retrieved from /home/ris/PycharmProjects/pythonProject/USA-housing/venv/lib/python3.10/site-packages/airflow/example_dags/example_sensor_decorator.py
[2023-03-04T09:31:00.427+0530] {logging_mixin.py:137} INFO - [2023-03-04T09:31:00.427+0530] {dag.py:2690} INFO - Sync 1 DAGs
[2023-03-04T09:31:00.443+0530] {logging_mixin.py:137} INFO - [2023-03-04T09:31:00.443+0530] {dag.py:3437} INFO - Setting next_dagrun for example_sensor_decorator to None, run_after=None
[2023-03-04T09:31:00.459+0530] {processor.py:175} INFO - Processing /home/ris/PycharmProjects/pythonProject/USA-housing/venv/lib/python3.10/site-packages/airflow/example_dags/example_sensor_decorator.py took 0.070 seconds
[2023-03-04T09:31:46.288+0530] {processor.py:153} INFO - Started process (PID=30450) to work on /home/ris/PycharmProjects/pythonProject/USA-housing/venv/lib/python3.10/site-packages/airflow/example_dags/example_sensor_decorator.py
[2023-03-04T09:31:46.290+0530] {processor.py:743} INFO - Processing file /home/ris/PycharmProjects/pythonProject/USA-housing/venv/lib/python3.10/site-packages/airflow/example_dags/example_sensor_decorator.py for tasks to queue
[2023-03-04T09:31:46.291+0530] {logging_mixin.py:137} INFO - [2023-03-04T09:31:46.291+0530] {dagbag.py:538} INFO - Filling up the DagBag from /home/ris/PycharmProjects/pythonProject/USA-housing/venv/lib/python3.10/site-packages/airflow/example_dags/example_sensor_decorator.py
[2023-03-04T09:31:46.331+0530] {processor.py:753} INFO - DAG(s) dict_keys(['example_sensor_decorator']) retrieved from /home/ris/PycharmProjects/pythonProject/USA-housing/venv/lib/python3.10/site-packages/airflow/example_dags/example_sensor_decorator.py
[2023-03-04T09:31:46.346+0530] {logging_mixin.py:137} INFO - [2023-03-04T09:31:46.345+0530] {dag.py:2690} INFO - Sync 1 DAGs
[2023-03-04T09:31:46.361+0530] {logging_mixin.py:137} INFO - [2023-03-04T09:31:46.361+0530] {dag.py:3437} INFO - Setting next_dagrun for example_sensor_decorator to None, run_after=None
[2023-03-04T09:31:46.380+0530] {processor.py:175} INFO - Processing /home/ris/PycharmProjects/pythonProject/USA-housing/venv/lib/python3.10/site-packages/airflow/example_dags/example_sensor_decorator.py took 0.096 seconds
[2023-03-04T09:32:31.941+0530] {processor.py:153} INFO - Started process (PID=30497) to work on /home/ris/PycharmProjects/pythonProject/USA-housing/venv/lib/python3.10/site-packages/airflow/example_dags/example_sensor_decorator.py
[2023-03-04T09:32:31.944+0530] {processor.py:743} INFO - Processing file /home/ris/PycharmProjects/pythonProject/USA-housing/venv/lib/python3.10/site-packages/airflow/example_dags/example_sensor_decorator.py for tasks to queue
[2023-03-04T09:32:31.945+0530] {logging_mixin.py:137} INFO - [2023-03-04T09:32:31.944+0530] {dagbag.py:538} INFO - Filling up the DagBag from /home/ris/PycharmProjects/pythonProject/USA-housing/venv/lib/python3.10/site-packages/airflow/example_dags/example_sensor_decorator.py
[2023-03-04T09:32:31.985+0530] {processor.py:753} INFO - DAG(s) dict_keys(['example_sensor_decorator']) retrieved from /home/ris/PycharmProjects/pythonProject/USA-housing/venv/lib/python3.10/site-packages/airflow/example_dags/example_sensor_decorator.py
[2023-03-04T09:32:31.999+0530] {logging_mixin.py:137} INFO - [2023-03-04T09:32:31.998+0530] {dag.py:2690} INFO - Sync 1 DAGs
[2023-03-04T09:32:32.014+0530] {logging_mixin.py:137} INFO - [2023-03-04T09:32:32.014+0530] {dag.py:3437} INFO - Setting next_dagrun for example_sensor_decorator to None, run_after=None
[2023-03-04T09:32:32.032+0530] {processor.py:175} INFO - Processing /home/ris/PycharmProjects/pythonProject/USA-housing/venv/lib/python3.10/site-packages/airflow/example_dags/example_sensor_decorator.py took 0.095 seconds
[2023-03-04T09:33:20.313+0530] {processor.py:153} INFO - Started process (PID=30544) to work on /home/ris/PycharmProjects/pythonProject/USA-housing/venv/lib/python3.10/site-packages/airflow/example_dags/example_sensor_decorator.py
[2023-03-04T09:33:20.315+0530] {processor.py:743} INFO - Processing file /home/ris/PycharmProjects/pythonProject/USA-housing/venv/lib/python3.10/site-packages/airflow/example_dags/example_sensor_decorator.py for tasks to queue
[2023-03-04T09:33:20.316+0530] {logging_mixin.py:137} INFO - [2023-03-04T09:33:20.316+0530] {dagbag.py:538} INFO - Filling up the DagBag from /home/ris/PycharmProjects/pythonProject/USA-housing/venv/lib/python3.10/site-packages/airflow/example_dags/example_sensor_decorator.py
[2023-03-04T09:33:20.355+0530] {processor.py:753} INFO - DAG(s) dict_keys(['example_sensor_decorator']) retrieved from /home/ris/PycharmProjects/pythonProject/USA-housing/venv/lib/python3.10/site-packages/airflow/example_dags/example_sensor_decorator.py
[2023-03-04T09:33:20.369+0530] {logging_mixin.py:137} INFO - [2023-03-04T09:33:20.369+0530] {dag.py:2690} INFO - Sync 1 DAGs
[2023-03-04T09:33:20.385+0530] {logging_mixin.py:137} INFO - [2023-03-04T09:33:20.385+0530] {dag.py:3437} INFO - Setting next_dagrun for example_sensor_decorator to None, run_after=None
[2023-03-04T09:33:20.404+0530] {processor.py:175} INFO - Processing /home/ris/PycharmProjects/pythonProject/USA-housing/venv/lib/python3.10/site-packages/airflow/example_dags/example_sensor_decorator.py took 0.095 seconds
[2023-03-04T09:34:00.116+0530] {processor.py:153} INFO - Started process (PID=30584) to work on /home/ris/PycharmProjects/pythonProject/USA-housing/venv/lib/python3.10/site-packages/airflow/example_dags/example_sensor_decorator.py
[2023-03-04T09:34:00.118+0530] {processor.py:743} INFO - Processing file /home/ris/PycharmProjects/pythonProject/USA-housing/venv/lib/python3.10/site-packages/airflow/example_dags/example_sensor_decorator.py for tasks to queue
[2023-03-04T09:34:00.119+0530] {logging_mixin.py:137} INFO - [2023-03-04T09:34:00.119+0530] {dagbag.py:538} INFO - Filling up the DagBag from /home/ris/PycharmProjects/pythonProject/USA-housing/venv/lib/python3.10/site-packages/airflow/example_dags/example_sensor_decorator.py
[2023-03-04T09:34:00.162+0530] {processor.py:753} INFO - DAG(s) dict_keys(['example_sensor_decorator']) retrieved from /home/ris/PycharmProjects/pythonProject/USA-housing/venv/lib/python3.10/site-packages/airflow/example_dags/example_sensor_decorator.py
[2023-03-04T09:34:00.178+0530] {logging_mixin.py:137} INFO - [2023-03-04T09:34:00.178+0530] {dag.py:2690} INFO - Sync 1 DAGs
[2023-03-04T09:34:00.196+0530] {logging_mixin.py:137} INFO - [2023-03-04T09:34:00.196+0530] {dag.py:3437} INFO - Setting next_dagrun for example_sensor_decorator to None, run_after=None
[2023-03-04T09:34:00.214+0530] {processor.py:175} INFO - Processing /home/ris/PycharmProjects/pythonProject/USA-housing/venv/lib/python3.10/site-packages/airflow/example_dags/example_sensor_decorator.py took 0.103 seconds
[2023-03-04T09:34:45.858+0530] {processor.py:153} INFO - Started process (PID=30632) to work on /home/ris/PycharmProjects/pythonProject/USA-housing/venv/lib/python3.10/site-packages/airflow/example_dags/example_sensor_decorator.py
[2023-03-04T09:34:45.860+0530] {processor.py:743} INFO - Processing file /home/ris/PycharmProjects/pythonProject/USA-housing/venv/lib/python3.10/site-packages/airflow/example_dags/example_sensor_decorator.py for tasks to queue
[2023-03-04T09:34:45.862+0530] {logging_mixin.py:137} INFO - [2023-03-04T09:34:45.861+0530] {dagbag.py:538} INFO - Filling up the DagBag from /home/ris/PycharmProjects/pythonProject/USA-housing/venv/lib/python3.10/site-packages/airflow/example_dags/example_sensor_decorator.py
[2023-03-04T09:34:45.902+0530] {processor.py:753} INFO - DAG(s) dict_keys(['example_sensor_decorator']) retrieved from /home/ris/PycharmProjects/pythonProject/USA-housing/venv/lib/python3.10/site-packages/airflow/example_dags/example_sensor_decorator.py
[2023-03-04T09:34:45.917+0530] {logging_mixin.py:137} INFO - [2023-03-04T09:34:45.917+0530] {dag.py:2690} INFO - Sync 1 DAGs
[2023-03-04T09:34:45.933+0530] {logging_mixin.py:137} INFO - [2023-03-04T09:34:45.933+0530] {dag.py:3437} INFO - Setting next_dagrun for example_sensor_decorator to None, run_after=None
[2023-03-04T09:34:45.951+0530] {processor.py:175} INFO - Processing /home/ris/PycharmProjects/pythonProject/USA-housing/venv/lib/python3.10/site-packages/airflow/example_dags/example_sensor_decorator.py took 0.097 seconds
[2023-03-04T09:35:32.505+0530] {processor.py:153} INFO - Started process (PID=30680) to work on /home/ris/PycharmProjects/pythonProject/USA-housing/venv/lib/python3.10/site-packages/airflow/example_dags/example_sensor_decorator.py
[2023-03-04T09:35:32.507+0530] {processor.py:743} INFO - Processing file /home/ris/PycharmProjects/pythonProject/USA-housing/venv/lib/python3.10/site-packages/airflow/example_dags/example_sensor_decorator.py for tasks to queue
[2023-03-04T09:35:32.508+0530] {logging_mixin.py:137} INFO - [2023-03-04T09:35:32.508+0530] {dagbag.py:538} INFO - Filling up the DagBag from /home/ris/PycharmProjects/pythonProject/USA-housing/venv/lib/python3.10/site-packages/airflow/example_dags/example_sensor_decorator.py
[2023-03-04T09:35:32.547+0530] {processor.py:753} INFO - DAG(s) dict_keys(['example_sensor_decorator']) retrieved from /home/ris/PycharmProjects/pythonProject/USA-housing/venv/lib/python3.10/site-packages/airflow/example_dags/example_sensor_decorator.py
[2023-03-04T09:35:32.561+0530] {logging_mixin.py:137} INFO - [2023-03-04T09:35:32.561+0530] {dag.py:2690} INFO - Sync 1 DAGs
[2023-03-04T09:35:32.577+0530] {logging_mixin.py:137} INFO - [2023-03-04T09:35:32.577+0530] {dag.py:3437} INFO - Setting next_dagrun for example_sensor_decorator to None, run_after=None
[2023-03-04T09:35:32.594+0530] {processor.py:175} INFO - Processing /home/ris/PycharmProjects/pythonProject/USA-housing/venv/lib/python3.10/site-packages/airflow/example_dags/example_sensor_decorator.py took 0.093 seconds
[2023-03-04T10:24:54.063+0530] {processor.py:153} INFO - Started process (PID=31112) to work on /home/ris/PycharmProjects/pythonProject/USA-housing/venv/lib/python3.10/site-packages/airflow/example_dags/example_sensor_decorator.py
[2023-03-04T10:24:54.066+0530] {processor.py:743} INFO - Processing file /home/ris/PycharmProjects/pythonProject/USA-housing/venv/lib/python3.10/site-packages/airflow/example_dags/example_sensor_decorator.py for tasks to queue
[2023-03-04T10:24:54.067+0530] {logging_mixin.py:137} INFO - [2023-03-04T10:24:54.067+0530] {dagbag.py:538} INFO - Filling up the DagBag from /home/ris/PycharmProjects/pythonProject/USA-housing/venv/lib/python3.10/site-packages/airflow/example_dags/example_sensor_decorator.py
[2023-03-04T10:24:54.107+0530] {processor.py:753} INFO - DAG(s) dict_keys(['example_sensor_decorator']) retrieved from /home/ris/PycharmProjects/pythonProject/USA-housing/venv/lib/python3.10/site-packages/airflow/example_dags/example_sensor_decorator.py
[2023-03-04T10:24:54.121+0530] {logging_mixin.py:137} INFO - [2023-03-04T10:24:54.121+0530] {dag.py:2690} INFO - Sync 1 DAGs
[2023-03-04T10:24:54.137+0530] {logging_mixin.py:137} INFO - [2023-03-04T10:24:54.136+0530] {dag.py:3437} INFO - Setting next_dagrun for example_sensor_decorator to None, run_after=None
[2023-03-04T10:24:54.155+0530] {processor.py:175} INFO - Processing /home/ris/PycharmProjects/pythonProject/USA-housing/venv/lib/python3.10/site-packages/airflow/example_dags/example_sensor_decorator.py took 0.096 seconds
[2023-03-04T10:25:36.746+0530] {processor.py:153} INFO - Started process (PID=31357) to work on /home/ris/PycharmProjects/pythonProject/USA-housing/venv/lib/python3.10/site-packages/airflow/example_dags/example_sensor_decorator.py
[2023-03-04T10:25:36.748+0530] {processor.py:743} INFO - Processing file /home/ris/PycharmProjects/pythonProject/USA-housing/venv/lib/python3.10/site-packages/airflow/example_dags/example_sensor_decorator.py for tasks to queue
[2023-03-04T10:25:36.749+0530] {logging_mixin.py:137} INFO - [2023-03-04T10:25:36.748+0530] {dagbag.py:538} INFO - Filling up the DagBag from /home/ris/PycharmProjects/pythonProject/USA-housing/venv/lib/python3.10/site-packages/airflow/example_dags/example_sensor_decorator.py
[2023-03-04T10:25:36.773+0530] {processor.py:753} INFO - DAG(s) dict_keys(['example_sensor_decorator']) retrieved from /home/ris/PycharmProjects/pythonProject/USA-housing/venv/lib/python3.10/site-packages/airflow/example_dags/example_sensor_decorator.py
[2023-03-04T10:25:36.791+0530] {logging_mixin.py:137} INFO - [2023-03-04T10:25:36.791+0530] {dag.py:2690} INFO - Sync 1 DAGs
[2023-03-04T10:25:36.812+0530] {logging_mixin.py:137} INFO - [2023-03-04T10:25:36.811+0530] {dag.py:3437} INFO - Setting next_dagrun for example_sensor_decorator to None, run_after=None
[2023-03-04T10:25:36.836+0530] {processor.py:175} INFO - Processing /home/ris/PycharmProjects/pythonProject/USA-housing/venv/lib/python3.10/site-packages/airflow/example_dags/example_sensor_decorator.py took 0.093 seconds
[2023-03-04T10:26:21.368+0530] {processor.py:153} INFO - Started process (PID=31404) to work on /home/ris/PycharmProjects/pythonProject/USA-housing/venv/lib/python3.10/site-packages/airflow/example_dags/example_sensor_decorator.py
[2023-03-04T10:26:21.370+0530] {processor.py:743} INFO - Processing file /home/ris/PycharmProjects/pythonProject/USA-housing/venv/lib/python3.10/site-packages/airflow/example_dags/example_sensor_decorator.py for tasks to queue
[2023-03-04T10:26:21.371+0530] {logging_mixin.py:137} INFO - [2023-03-04T10:26:21.371+0530] {dagbag.py:538} INFO - Filling up the DagBag from /home/ris/PycharmProjects/pythonProject/USA-housing/venv/lib/python3.10/site-packages/airflow/example_dags/example_sensor_decorator.py
[2023-03-04T10:26:21.411+0530] {processor.py:753} INFO - DAG(s) dict_keys(['example_sensor_decorator']) retrieved from /home/ris/PycharmProjects/pythonProject/USA-housing/venv/lib/python3.10/site-packages/airflow/example_dags/example_sensor_decorator.py
[2023-03-04T10:26:21.425+0530] {logging_mixin.py:137} INFO - [2023-03-04T10:26:21.425+0530] {dag.py:2690} INFO - Sync 1 DAGs
[2023-03-04T10:26:21.443+0530] {logging_mixin.py:137} INFO - [2023-03-04T10:26:21.443+0530] {dag.py:3437} INFO - Setting next_dagrun for example_sensor_decorator to None, run_after=None
[2023-03-04T10:26:21.461+0530] {processor.py:175} INFO - Processing /home/ris/PycharmProjects/pythonProject/USA-housing/venv/lib/python3.10/site-packages/airflow/example_dags/example_sensor_decorator.py took 0.097 seconds
[2023-03-04T10:26:58.241+0530] {processor.py:153} INFO - Started process (PID=31442) to work on /home/ris/PycharmProjects/pythonProject/USA-housing/venv/lib/python3.10/site-packages/airflow/example_dags/example_sensor_decorator.py
[2023-03-04T10:26:58.243+0530] {processor.py:743} INFO - Processing file /home/ris/PycharmProjects/pythonProject/USA-housing/venv/lib/python3.10/site-packages/airflow/example_dags/example_sensor_decorator.py for tasks to queue
[2023-03-04T10:26:58.245+0530] {logging_mixin.py:137} INFO - [2023-03-04T10:26:58.244+0530] {dagbag.py:538} INFO - Filling up the DagBag from /home/ris/PycharmProjects/pythonProject/USA-housing/venv/lib/python3.10/site-packages/airflow/example_dags/example_sensor_decorator.py
[2023-03-04T10:26:58.287+0530] {processor.py:753} INFO - DAG(s) dict_keys(['example_sensor_decorator']) retrieved from /home/ris/PycharmProjects/pythonProject/USA-housing/venv/lib/python3.10/site-packages/airflow/example_dags/example_sensor_decorator.py
[2023-03-04T10:26:58.304+0530] {logging_mixin.py:137} INFO - [2023-03-04T10:26:58.304+0530] {dag.py:2690} INFO - Sync 1 DAGs
[2023-03-04T10:26:58.320+0530] {logging_mixin.py:137} INFO - [2023-03-04T10:26:58.320+0530] {dag.py:3437} INFO - Setting next_dagrun for example_sensor_decorator to None, run_after=None
[2023-03-04T10:26:58.339+0530] {processor.py:175} INFO - Processing /home/ris/PycharmProjects/pythonProject/USA-housing/venv/lib/python3.10/site-packages/airflow/example_dags/example_sensor_decorator.py took 0.102 seconds
[2023-03-04T10:27:45.265+0530] {processor.py:153} INFO - Started process (PID=31488) to work on /home/ris/PycharmProjects/pythonProject/USA-housing/venv/lib/python3.10/site-packages/airflow/example_dags/example_sensor_decorator.py
[2023-03-04T10:27:45.268+0530] {processor.py:743} INFO - Processing file /home/ris/PycharmProjects/pythonProject/USA-housing/venv/lib/python3.10/site-packages/airflow/example_dags/example_sensor_decorator.py for tasks to queue
[2023-03-04T10:27:45.269+0530] {logging_mixin.py:137} INFO - [2023-03-04T10:27:45.268+0530] {dagbag.py:538} INFO - Filling up the DagBag from /home/ris/PycharmProjects/pythonProject/USA-housing/venv/lib/python3.10/site-packages/airflow/example_dags/example_sensor_decorator.py
[2023-03-04T10:27:45.309+0530] {processor.py:753} INFO - DAG(s) dict_keys(['example_sensor_decorator']) retrieved from /home/ris/PycharmProjects/pythonProject/USA-housing/venv/lib/python3.10/site-packages/airflow/example_dags/example_sensor_decorator.py
[2023-03-04T10:27:45.326+0530] {logging_mixin.py:137} INFO - [2023-03-04T10:27:45.326+0530] {dag.py:2690} INFO - Sync 1 DAGs
[2023-03-04T10:27:45.343+0530] {logging_mixin.py:137} INFO - [2023-03-04T10:27:45.342+0530] {dag.py:3437} INFO - Setting next_dagrun for example_sensor_decorator to None, run_after=None
[2023-03-04T10:27:45.360+0530] {processor.py:175} INFO - Processing /home/ris/PycharmProjects/pythonProject/USA-housing/venv/lib/python3.10/site-packages/airflow/example_dags/example_sensor_decorator.py took 0.099 seconds
[2023-03-04T10:28:27.381+0530] {processor.py:153} INFO - Started process (PID=31535) to work on /home/ris/PycharmProjects/pythonProject/USA-housing/venv/lib/python3.10/site-packages/airflow/example_dags/example_sensor_decorator.py
[2023-03-04T10:28:27.382+0530] {processor.py:743} INFO - Processing file /home/ris/PycharmProjects/pythonProject/USA-housing/venv/lib/python3.10/site-packages/airflow/example_dags/example_sensor_decorator.py for tasks to queue
[2023-03-04T10:28:27.383+0530] {logging_mixin.py:137} INFO - [2023-03-04T10:28:27.383+0530] {dagbag.py:538} INFO - Filling up the DagBag from /home/ris/PycharmProjects/pythonProject/USA-housing/venv/lib/python3.10/site-packages/airflow/example_dags/example_sensor_decorator.py
[2023-03-04T10:28:27.425+0530] {processor.py:753} INFO - DAG(s) dict_keys(['example_sensor_decorator']) retrieved from /home/ris/PycharmProjects/pythonProject/USA-housing/venv/lib/python3.10/site-packages/airflow/example_dags/example_sensor_decorator.py
[2023-03-04T10:28:27.440+0530] {logging_mixin.py:137} INFO - [2023-03-04T10:28:27.440+0530] {dag.py:2690} INFO - Sync 1 DAGs
[2023-03-04T10:28:27.457+0530] {logging_mixin.py:137} INFO - [2023-03-04T10:28:27.457+0530] {dag.py:3437} INFO - Setting next_dagrun for example_sensor_decorator to None, run_after=None
[2023-03-04T10:28:27.476+0530] {processor.py:175} INFO - Processing /home/ris/PycharmProjects/pythonProject/USA-housing/venv/lib/python3.10/site-packages/airflow/example_dags/example_sensor_decorator.py took 0.098 seconds
[2023-03-04T10:29:16.511+0530] {processor.py:153} INFO - Started process (PID=31583) to work on /home/ris/PycharmProjects/pythonProject/USA-housing/venv/lib/python3.10/site-packages/airflow/example_dags/example_sensor_decorator.py
[2023-03-04T10:29:16.513+0530] {processor.py:743} INFO - Processing file /home/ris/PycharmProjects/pythonProject/USA-housing/venv/lib/python3.10/site-packages/airflow/example_dags/example_sensor_decorator.py for tasks to queue
[2023-03-04T10:29:16.514+0530] {logging_mixin.py:137} INFO - [2023-03-04T10:29:16.514+0530] {dagbag.py:538} INFO - Filling up the DagBag from /home/ris/PycharmProjects/pythonProject/USA-housing/venv/lib/python3.10/site-packages/airflow/example_dags/example_sensor_decorator.py
[2023-03-04T10:29:16.554+0530] {processor.py:753} INFO - DAG(s) dict_keys(['example_sensor_decorator']) retrieved from /home/ris/PycharmProjects/pythonProject/USA-housing/venv/lib/python3.10/site-packages/airflow/example_dags/example_sensor_decorator.py
[2023-03-04T10:29:16.569+0530] {logging_mixin.py:137} INFO - [2023-03-04T10:29:16.569+0530] {dag.py:2690} INFO - Sync 1 DAGs
[2023-03-04T10:29:16.584+0530] {logging_mixin.py:137} INFO - [2023-03-04T10:29:16.584+0530] {dag.py:3437} INFO - Setting next_dagrun for example_sensor_decorator to None, run_after=None
[2023-03-04T10:29:16.603+0530] {processor.py:175} INFO - Processing /home/ris/PycharmProjects/pythonProject/USA-housing/venv/lib/python3.10/site-packages/airflow/example_dags/example_sensor_decorator.py took 0.096 seconds
[2023-03-04T10:30:04.241+0530] {processor.py:153} INFO - Started process (PID=31632) to work on /home/ris/PycharmProjects/pythonProject/USA-housing/venv/lib/python3.10/site-packages/airflow/example_dags/example_sensor_decorator.py
[2023-03-04T10:30:04.243+0530] {processor.py:743} INFO - Processing file /home/ris/PycharmProjects/pythonProject/USA-housing/venv/lib/python3.10/site-packages/airflow/example_dags/example_sensor_decorator.py for tasks to queue
[2023-03-04T10:30:04.244+0530] {logging_mixin.py:137} INFO - [2023-03-04T10:30:04.244+0530] {dagbag.py:538} INFO - Filling up the DagBag from /home/ris/PycharmProjects/pythonProject/USA-housing/venv/lib/python3.10/site-packages/airflow/example_dags/example_sensor_decorator.py
[2023-03-04T10:30:04.283+0530] {processor.py:753} INFO - DAG(s) dict_keys(['example_sensor_decorator']) retrieved from /home/ris/PycharmProjects/pythonProject/USA-housing/venv/lib/python3.10/site-packages/airflow/example_dags/example_sensor_decorator.py
[2023-03-04T10:30:04.297+0530] {logging_mixin.py:137} INFO - [2023-03-04T10:30:04.297+0530] {dag.py:2690} INFO - Sync 1 DAGs
[2023-03-04T10:30:04.314+0530] {logging_mixin.py:137} INFO - [2023-03-04T10:30:04.314+0530] {dag.py:3437} INFO - Setting next_dagrun for example_sensor_decorator to None, run_after=None
[2023-03-04T10:30:04.332+0530] {processor.py:175} INFO - Processing /home/ris/PycharmProjects/pythonProject/USA-housing/venv/lib/python3.10/site-packages/airflow/example_dags/example_sensor_decorator.py took 0.096 seconds
[2023-03-04T10:30:47.375+0530] {processor.py:153} INFO - Started process (PID=31681) to work on /home/ris/PycharmProjects/pythonProject/USA-housing/venv/lib/python3.10/site-packages/airflow/example_dags/example_sensor_decorator.py
[2023-03-04T10:30:47.377+0530] {processor.py:743} INFO - Processing file /home/ris/PycharmProjects/pythonProject/USA-housing/venv/lib/python3.10/site-packages/airflow/example_dags/example_sensor_decorator.py for tasks to queue
[2023-03-04T10:30:47.378+0530] {logging_mixin.py:137} INFO - [2023-03-04T10:30:47.378+0530] {dagbag.py:538} INFO - Filling up the DagBag from /home/ris/PycharmProjects/pythonProject/USA-housing/venv/lib/python3.10/site-packages/airflow/example_dags/example_sensor_decorator.py
[2023-03-04T10:30:47.418+0530] {processor.py:753} INFO - DAG(s) dict_keys(['example_sensor_decorator']) retrieved from /home/ris/PycharmProjects/pythonProject/USA-housing/venv/lib/python3.10/site-packages/airflow/example_dags/example_sensor_decorator.py
[2023-03-04T10:30:47.433+0530] {logging_mixin.py:137} INFO - [2023-03-04T10:30:47.433+0530] {dag.py:2690} INFO - Sync 1 DAGs
[2023-03-04T10:30:47.450+0530] {logging_mixin.py:137} INFO - [2023-03-04T10:30:47.450+0530] {dag.py:3437} INFO - Setting next_dagrun for example_sensor_decorator to None, run_after=None
[2023-03-04T10:30:47.467+0530] {processor.py:175} INFO - Processing /home/ris/PycharmProjects/pythonProject/USA-housing/venv/lib/python3.10/site-packages/airflow/example_dags/example_sensor_decorator.py took 0.096 seconds
[2023-03-04T10:31:35.627+0530] {processor.py:153} INFO - Started process (PID=31852) to work on /home/ris/PycharmProjects/pythonProject/USA-housing/venv/lib/python3.10/site-packages/airflow/example_dags/example_sensor_decorator.py
[2023-03-04T10:31:35.629+0530] {processor.py:743} INFO - Processing file /home/ris/PycharmProjects/pythonProject/USA-housing/venv/lib/python3.10/site-packages/airflow/example_dags/example_sensor_decorator.py for tasks to queue
[2023-03-04T10:31:35.630+0530] {logging_mixin.py:137} INFO - [2023-03-04T10:31:35.630+0530] {dagbag.py:538} INFO - Filling up the DagBag from /home/ris/PycharmProjects/pythonProject/USA-housing/venv/lib/python3.10/site-packages/airflow/example_dags/example_sensor_decorator.py
[2023-03-04T10:31:35.654+0530] {processor.py:753} INFO - DAG(s) dict_keys(['example_sensor_decorator']) retrieved from /home/ris/PycharmProjects/pythonProject/USA-housing/venv/lib/python3.10/site-packages/airflow/example_dags/example_sensor_decorator.py
[2023-03-04T10:31:35.673+0530] {logging_mixin.py:137} INFO - [2023-03-04T10:31:35.673+0530] {dag.py:2690} INFO - Sync 1 DAGs
[2023-03-04T10:31:35.693+0530] {logging_mixin.py:137} INFO - [2023-03-04T10:31:35.693+0530] {dag.py:3437} INFO - Setting next_dagrun for example_sensor_decorator to None, run_after=None
[2023-03-04T10:31:35.715+0530] {processor.py:175} INFO - Processing /home/ris/PycharmProjects/pythonProject/USA-housing/venv/lib/python3.10/site-packages/airflow/example_dags/example_sensor_decorator.py took 0.090 seconds
[2023-03-04T10:32:24.252+0530] {processor.py:153} INFO - Started process (PID=32160) to work on /home/ris/PycharmProjects/pythonProject/USA-housing/venv/lib/python3.10/site-packages/airflow/example_dags/example_sensor_decorator.py
[2023-03-04T10:32:24.254+0530] {processor.py:743} INFO - Processing file /home/ris/PycharmProjects/pythonProject/USA-housing/venv/lib/python3.10/site-packages/airflow/example_dags/example_sensor_decorator.py for tasks to queue
[2023-03-04T10:32:24.256+0530] {logging_mixin.py:137} INFO - [2023-03-04T10:32:24.255+0530] {dagbag.py:538} INFO - Filling up the DagBag from /home/ris/PycharmProjects/pythonProject/USA-housing/venv/lib/python3.10/site-packages/airflow/example_dags/example_sensor_decorator.py
[2023-03-04T10:32:24.302+0530] {processor.py:753} INFO - DAG(s) dict_keys(['example_sensor_decorator']) retrieved from /home/ris/PycharmProjects/pythonProject/USA-housing/venv/lib/python3.10/site-packages/airflow/example_dags/example_sensor_decorator.py
[2023-03-04T10:32:24.322+0530] {logging_mixin.py:137} INFO - [2023-03-04T10:32:24.322+0530] {dag.py:2690} INFO - Sync 1 DAGs
[2023-03-04T10:32:24.342+0530] {logging_mixin.py:137} INFO - [2023-03-04T10:32:24.342+0530] {dag.py:3437} INFO - Setting next_dagrun for example_sensor_decorator to None, run_after=None
[2023-03-04T10:32:24.364+0530] {processor.py:175} INFO - Processing /home/ris/PycharmProjects/pythonProject/USA-housing/venv/lib/python3.10/site-packages/airflow/example_dags/example_sensor_decorator.py took 0.117 seconds
[2023-03-04T10:33:07.485+0530] {processor.py:153} INFO - Started process (PID=32324) to work on /home/ris/PycharmProjects/pythonProject/USA-housing/venv/lib/python3.10/site-packages/airflow/example_dags/example_sensor_decorator.py
[2023-03-04T10:33:07.487+0530] {processor.py:743} INFO - Processing file /home/ris/PycharmProjects/pythonProject/USA-housing/venv/lib/python3.10/site-packages/airflow/example_dags/example_sensor_decorator.py for tasks to queue
[2023-03-04T10:33:07.488+0530] {logging_mixin.py:137} INFO - [2023-03-04T10:33:07.488+0530] {dagbag.py:538} INFO - Filling up the DagBag from /home/ris/PycharmProjects/pythonProject/USA-housing/venv/lib/python3.10/site-packages/airflow/example_dags/example_sensor_decorator.py
[2023-03-04T10:33:07.510+0530] {processor.py:753} INFO - DAG(s) dict_keys(['example_sensor_decorator']) retrieved from /home/ris/PycharmProjects/pythonProject/USA-housing/venv/lib/python3.10/site-packages/airflow/example_dags/example_sensor_decorator.py
[2023-03-04T10:33:07.528+0530] {logging_mixin.py:137} INFO - [2023-03-04T10:33:07.528+0530] {dag.py:2690} INFO - Sync 1 DAGs
[2023-03-04T10:33:07.549+0530] {logging_mixin.py:137} INFO - [2023-03-04T10:33:07.549+0530] {dag.py:3437} INFO - Setting next_dagrun for example_sensor_decorator to None, run_after=None
[2023-03-04T10:33:07.570+0530] {processor.py:175} INFO - Processing /home/ris/PycharmProjects/pythonProject/USA-housing/venv/lib/python3.10/site-packages/airflow/example_dags/example_sensor_decorator.py took 0.087 seconds
[2023-03-04T10:33:49.130+0530] {processor.py:153} INFO - Started process (PID=32434) to work on /home/ris/PycharmProjects/pythonProject/USA-housing/venv/lib/python3.10/site-packages/airflow/example_dags/example_sensor_decorator.py
[2023-03-04T10:33:49.133+0530] {processor.py:743} INFO - Processing file /home/ris/PycharmProjects/pythonProject/USA-housing/venv/lib/python3.10/site-packages/airflow/example_dags/example_sensor_decorator.py for tasks to queue
[2023-03-04T10:33:49.134+0530] {logging_mixin.py:137} INFO - [2023-03-04T10:33:49.134+0530] {dagbag.py:538} INFO - Filling up the DagBag from /home/ris/PycharmProjects/pythonProject/USA-housing/venv/lib/python3.10/site-packages/airflow/example_dags/example_sensor_decorator.py
[2023-03-04T10:33:49.177+0530] {processor.py:753} INFO - DAG(s) dict_keys(['example_sensor_decorator']) retrieved from /home/ris/PycharmProjects/pythonProject/USA-housing/venv/lib/python3.10/site-packages/airflow/example_dags/example_sensor_decorator.py
[2023-03-04T10:33:49.192+0530] {logging_mixin.py:137} INFO - [2023-03-04T10:33:49.192+0530] {dag.py:2690} INFO - Sync 1 DAGs
[2023-03-04T10:33:49.210+0530] {logging_mixin.py:137} INFO - [2023-03-04T10:33:49.210+0530] {dag.py:3437} INFO - Setting next_dagrun for example_sensor_decorator to None, run_after=None
[2023-03-04T10:33:49.230+0530] {processor.py:175} INFO - Processing /home/ris/PycharmProjects/pythonProject/USA-housing/venv/lib/python3.10/site-packages/airflow/example_dags/example_sensor_decorator.py took 0.104 seconds
[2023-03-04T10:34:34.837+0530] {processor.py:153} INFO - Started process (PID=32547) to work on /home/ris/PycharmProjects/pythonProject/USA-housing/venv/lib/python3.10/site-packages/airflow/example_dags/example_sensor_decorator.py
[2023-03-04T10:34:34.839+0530] {processor.py:743} INFO - Processing file /home/ris/PycharmProjects/pythonProject/USA-housing/venv/lib/python3.10/site-packages/airflow/example_dags/example_sensor_decorator.py for tasks to queue
[2023-03-04T10:34:34.839+0530] {logging_mixin.py:137} INFO - [2023-03-04T10:34:34.839+0530] {dagbag.py:538} INFO - Filling up the DagBag from /home/ris/PycharmProjects/pythonProject/USA-housing/venv/lib/python3.10/site-packages/airflow/example_dags/example_sensor_decorator.py
[2023-03-04T10:34:34.860+0530] {processor.py:753} INFO - DAG(s) dict_keys(['example_sensor_decorator']) retrieved from /home/ris/PycharmProjects/pythonProject/USA-housing/venv/lib/python3.10/site-packages/airflow/example_dags/example_sensor_decorator.py
[2023-03-04T10:34:34.877+0530] {logging_mixin.py:137} INFO - [2023-03-04T10:34:34.877+0530] {dag.py:2690} INFO - Sync 1 DAGs
[2023-03-04T10:34:34.897+0530] {logging_mixin.py:137} INFO - [2023-03-04T10:34:34.896+0530] {dag.py:3437} INFO - Setting next_dagrun for example_sensor_decorator to None, run_after=None
[2023-03-04T10:34:34.917+0530] {processor.py:175} INFO - Processing /home/ris/PycharmProjects/pythonProject/USA-housing/venv/lib/python3.10/site-packages/airflow/example_dags/example_sensor_decorator.py took 0.082 seconds
[2023-03-04T10:35:21.545+0530] {processor.py:153} INFO - Started process (PID=32686) to work on /home/ris/PycharmProjects/pythonProject/USA-housing/venv/lib/python3.10/site-packages/airflow/example_dags/example_sensor_decorator.py
[2023-03-04T10:35:21.546+0530] {processor.py:743} INFO - Processing file /home/ris/PycharmProjects/pythonProject/USA-housing/venv/lib/python3.10/site-packages/airflow/example_dags/example_sensor_decorator.py for tasks to queue
[2023-03-04T10:35:21.547+0530] {logging_mixin.py:137} INFO - [2023-03-04T10:35:21.547+0530] {dagbag.py:538} INFO - Filling up the DagBag from /home/ris/PycharmProjects/pythonProject/USA-housing/venv/lib/python3.10/site-packages/airflow/example_dags/example_sensor_decorator.py
[2023-03-04T10:35:21.568+0530] {processor.py:753} INFO - DAG(s) dict_keys(['example_sensor_decorator']) retrieved from /home/ris/PycharmProjects/pythonProject/USA-housing/venv/lib/python3.10/site-packages/airflow/example_dags/example_sensor_decorator.py
[2023-03-04T10:35:21.583+0530] {logging_mixin.py:137} INFO - [2023-03-04T10:35:21.583+0530] {dag.py:2690} INFO - Sync 1 DAGs
[2023-03-04T10:35:21.602+0530] {logging_mixin.py:137} INFO - [2023-03-04T10:35:21.602+0530] {dag.py:3437} INFO - Setting next_dagrun for example_sensor_decorator to None, run_after=None
[2023-03-04T10:35:21.621+0530] {processor.py:175} INFO - Processing /home/ris/PycharmProjects/pythonProject/USA-housing/venv/lib/python3.10/site-packages/airflow/example_dags/example_sensor_decorator.py took 0.079 seconds
[2023-03-04T10:36:00.350+0530] {processor.py:153} INFO - Started process (PID=32739) to work on /home/ris/PycharmProjects/pythonProject/USA-housing/venv/lib/python3.10/site-packages/airflow/example_dags/example_sensor_decorator.py
[2023-03-04T10:36:00.352+0530] {processor.py:743} INFO - Processing file /home/ris/PycharmProjects/pythonProject/USA-housing/venv/lib/python3.10/site-packages/airflow/example_dags/example_sensor_decorator.py for tasks to queue
[2023-03-04T10:36:00.353+0530] {logging_mixin.py:137} INFO - [2023-03-04T10:36:00.353+0530] {dagbag.py:538} INFO - Filling up the DagBag from /home/ris/PycharmProjects/pythonProject/USA-housing/venv/lib/python3.10/site-packages/airflow/example_dags/example_sensor_decorator.py
[2023-03-04T10:36:00.377+0530] {processor.py:753} INFO - DAG(s) dict_keys(['example_sensor_decorator']) retrieved from /home/ris/PycharmProjects/pythonProject/USA-housing/venv/lib/python3.10/site-packages/airflow/example_dags/example_sensor_decorator.py
[2023-03-04T10:36:00.397+0530] {logging_mixin.py:137} INFO - [2023-03-04T10:36:00.397+0530] {dag.py:2690} INFO - Sync 1 DAGs
[2023-03-04T10:36:00.417+0530] {logging_mixin.py:137} INFO - [2023-03-04T10:36:00.417+0530] {dag.py:3437} INFO - Setting next_dagrun for example_sensor_decorator to None, run_after=None
[2023-03-04T10:36:00.439+0530] {processor.py:175} INFO - Processing /home/ris/PycharmProjects/pythonProject/USA-housing/venv/lib/python3.10/site-packages/airflow/example_dags/example_sensor_decorator.py took 0.093 seconds
[2023-03-04T10:36:39.067+0530] {processor.py:153} INFO - Started process (PID=32807) to work on /home/ris/PycharmProjects/pythonProject/USA-housing/venv/lib/python3.10/site-packages/airflow/example_dags/example_sensor_decorator.py
[2023-03-04T10:36:39.070+0530] {processor.py:743} INFO - Processing file /home/ris/PycharmProjects/pythonProject/USA-housing/venv/lib/python3.10/site-packages/airflow/example_dags/example_sensor_decorator.py for tasks to queue
[2023-03-04T10:36:39.072+0530] {logging_mixin.py:137} INFO - [2023-03-04T10:36:39.071+0530] {dagbag.py:538} INFO - Filling up the DagBag from /home/ris/PycharmProjects/pythonProject/USA-housing/venv/lib/python3.10/site-packages/airflow/example_dags/example_sensor_decorator.py
[2023-03-04T10:36:39.125+0530] {processor.py:753} INFO - DAG(s) dict_keys(['example_sensor_decorator']) retrieved from /home/ris/PycharmProjects/pythonProject/USA-housing/venv/lib/python3.10/site-packages/airflow/example_dags/example_sensor_decorator.py
[2023-03-04T10:36:39.154+0530] {logging_mixin.py:137} INFO - [2023-03-04T10:36:39.154+0530] {dag.py:2690} INFO - Sync 1 DAGs
[2023-03-04T10:36:39.187+0530] {logging_mixin.py:137} INFO - [2023-03-04T10:36:39.186+0530] {dag.py:3437} INFO - Setting next_dagrun for example_sensor_decorator to None, run_after=None
[2023-03-04T10:36:39.221+0530] {processor.py:175} INFO - Processing /home/ris/PycharmProjects/pythonProject/USA-housing/venv/lib/python3.10/site-packages/airflow/example_dags/example_sensor_decorator.py took 0.159 seconds
[2023-03-04T10:37:26.328+0530] {processor.py:153} INFO - Started process (PID=32854) to work on /home/ris/PycharmProjects/pythonProject/USA-housing/venv/lib/python3.10/site-packages/airflow/example_dags/example_sensor_decorator.py
[2023-03-04T10:37:26.331+0530] {processor.py:743} INFO - Processing file /home/ris/PycharmProjects/pythonProject/USA-housing/venv/lib/python3.10/site-packages/airflow/example_dags/example_sensor_decorator.py for tasks to queue
[2023-03-04T10:37:26.333+0530] {logging_mixin.py:137} INFO - [2023-03-04T10:37:26.333+0530] {dagbag.py:538} INFO - Filling up the DagBag from /home/ris/PycharmProjects/pythonProject/USA-housing/venv/lib/python3.10/site-packages/airflow/example_dags/example_sensor_decorator.py
[2023-03-04T10:37:26.390+0530] {processor.py:753} INFO - DAG(s) dict_keys(['example_sensor_decorator']) retrieved from /home/ris/PycharmProjects/pythonProject/USA-housing/venv/lib/python3.10/site-packages/airflow/example_dags/example_sensor_decorator.py
[2023-03-04T10:37:26.446+0530] {logging_mixin.py:137} INFO - [2023-03-04T10:37:26.446+0530] {dag.py:2690} INFO - Sync 1 DAGs
[2023-03-04T10:37:26.508+0530] {logging_mixin.py:137} INFO - [2023-03-04T10:37:26.507+0530] {dag.py:3437} INFO - Setting next_dagrun for example_sensor_decorator to None, run_after=None
[2023-03-04T10:37:26.569+0530] {processor.py:175} INFO - Processing /home/ris/PycharmProjects/pythonProject/USA-housing/venv/lib/python3.10/site-packages/airflow/example_dags/example_sensor_decorator.py took 0.248 seconds
[2023-03-04T10:38:20.192+0530] {processor.py:153} INFO - Started process (PID=32936) to work on /home/ris/PycharmProjects/pythonProject/USA-housing/venv/lib/python3.10/site-packages/airflow/example_dags/example_sensor_decorator.py
[2023-03-04T10:38:20.195+0530] {processor.py:743} INFO - Processing file /home/ris/PycharmProjects/pythonProject/USA-housing/venv/lib/python3.10/site-packages/airflow/example_dags/example_sensor_decorator.py for tasks to queue
[2023-03-04T10:38:20.196+0530] {logging_mixin.py:137} INFO - [2023-03-04T10:38:20.196+0530] {dagbag.py:538} INFO - Filling up the DagBag from /home/ris/PycharmProjects/pythonProject/USA-housing/venv/lib/python3.10/site-packages/airflow/example_dags/example_sensor_decorator.py
[2023-03-04T10:38:20.251+0530] {processor.py:753} INFO - DAG(s) dict_keys(['example_sensor_decorator']) retrieved from /home/ris/PycharmProjects/pythonProject/USA-housing/venv/lib/python3.10/site-packages/airflow/example_dags/example_sensor_decorator.py
[2023-03-04T10:38:20.287+0530] {logging_mixin.py:137} INFO - [2023-03-04T10:38:20.287+0530] {dag.py:2690} INFO - Sync 1 DAGs
[2023-03-04T10:38:20.321+0530] {logging_mixin.py:137} INFO - [2023-03-04T10:38:20.321+0530] {dag.py:3437} INFO - Setting next_dagrun for example_sensor_decorator to None, run_after=None
[2023-03-04T10:38:20.371+0530] {processor.py:175} INFO - Processing /home/ris/PycharmProjects/pythonProject/USA-housing/venv/lib/python3.10/site-packages/airflow/example_dags/example_sensor_decorator.py took 0.182 seconds
[2023-03-04T10:39:06.023+0530] {processor.py:153} INFO - Started process (PID=33433) to work on /home/ris/PycharmProjects/pythonProject/USA-housing/venv/lib/python3.10/site-packages/airflow/example_dags/example_sensor_decorator.py
[2023-03-04T10:39:06.026+0530] {processor.py:743} INFO - Processing file /home/ris/PycharmProjects/pythonProject/USA-housing/venv/lib/python3.10/site-packages/airflow/example_dags/example_sensor_decorator.py for tasks to queue
[2023-03-04T10:39:06.027+0530] {logging_mixin.py:137} INFO - [2023-03-04T10:39:06.027+0530] {dagbag.py:538} INFO - Filling up the DagBag from /home/ris/PycharmProjects/pythonProject/USA-housing/venv/lib/python3.10/site-packages/airflow/example_dags/example_sensor_decorator.py
[2023-03-04T10:39:06.065+0530] {processor.py:753} INFO - DAG(s) dict_keys(['example_sensor_decorator']) retrieved from /home/ris/PycharmProjects/pythonProject/USA-housing/venv/lib/python3.10/site-packages/airflow/example_dags/example_sensor_decorator.py
[2023-03-04T10:39:06.091+0530] {logging_mixin.py:137} INFO - [2023-03-04T10:39:06.091+0530] {dag.py:2690} INFO - Sync 1 DAGs
[2023-03-04T10:39:06.133+0530] {logging_mixin.py:137} INFO - [2023-03-04T10:39:06.133+0530] {dag.py:3437} INFO - Setting next_dagrun for example_sensor_decorator to None, run_after=None
[2023-03-04T10:39:06.162+0530] {processor.py:175} INFO - Processing /home/ris/PycharmProjects/pythonProject/USA-housing/venv/lib/python3.10/site-packages/airflow/example_dags/example_sensor_decorator.py took 0.143 seconds
[2023-03-04T10:39:53.687+0530] {processor.py:153} INFO - Started process (PID=33527) to work on /home/ris/PycharmProjects/pythonProject/USA-housing/venv/lib/python3.10/site-packages/airflow/example_dags/example_sensor_decorator.py
[2023-03-04T10:39:53.689+0530] {processor.py:743} INFO - Processing file /home/ris/PycharmProjects/pythonProject/USA-housing/venv/lib/python3.10/site-packages/airflow/example_dags/example_sensor_decorator.py for tasks to queue
[2023-03-04T10:39:53.690+0530] {logging_mixin.py:137} INFO - [2023-03-04T10:39:53.690+0530] {dagbag.py:538} INFO - Filling up the DagBag from /home/ris/PycharmProjects/pythonProject/USA-housing/venv/lib/python3.10/site-packages/airflow/example_dags/example_sensor_decorator.py
[2023-03-04T10:39:53.756+0530] {processor.py:753} INFO - DAG(s) dict_keys(['example_sensor_decorator']) retrieved from /home/ris/PycharmProjects/pythonProject/USA-housing/venv/lib/python3.10/site-packages/airflow/example_dags/example_sensor_decorator.py
[2023-03-04T10:39:53.808+0530] {logging_mixin.py:137} INFO - [2023-03-04T10:39:53.808+0530] {dag.py:2690} INFO - Sync 1 DAGs
[2023-03-04T10:39:53.859+0530] {logging_mixin.py:137} INFO - [2023-03-04T10:39:53.858+0530] {dag.py:3437} INFO - Setting next_dagrun for example_sensor_decorator to None, run_after=None
[2023-03-04T10:39:53.912+0530] {processor.py:175} INFO - Processing /home/ris/PycharmProjects/pythonProject/USA-housing/venv/lib/python3.10/site-packages/airflow/example_dags/example_sensor_decorator.py took 0.230 seconds
[2023-03-04T10:40:36.474+0530] {processor.py:153} INFO - Started process (PID=33571) to work on /home/ris/PycharmProjects/pythonProject/USA-housing/venv/lib/python3.10/site-packages/airflow/example_dags/example_sensor_decorator.py
[2023-03-04T10:40:36.475+0530] {processor.py:743} INFO - Processing file /home/ris/PycharmProjects/pythonProject/USA-housing/venv/lib/python3.10/site-packages/airflow/example_dags/example_sensor_decorator.py for tasks to queue
[2023-03-04T10:40:36.476+0530] {logging_mixin.py:137} INFO - [2023-03-04T10:40:36.475+0530] {dagbag.py:538} INFO - Filling up the DagBag from /home/ris/PycharmProjects/pythonProject/USA-housing/venv/lib/python3.10/site-packages/airflow/example_dags/example_sensor_decorator.py
[2023-03-04T10:40:36.507+0530] {processor.py:753} INFO - DAG(s) dict_keys(['example_sensor_decorator']) retrieved from /home/ris/PycharmProjects/pythonProject/USA-housing/venv/lib/python3.10/site-packages/airflow/example_dags/example_sensor_decorator.py
[2023-03-04T10:40:36.542+0530] {logging_mixin.py:137} INFO - [2023-03-04T10:40:36.541+0530] {dag.py:2690} INFO - Sync 1 DAGs
[2023-03-04T10:40:36.565+0530] {logging_mixin.py:137} INFO - [2023-03-04T10:40:36.564+0530] {dag.py:3437} INFO - Setting next_dagrun for example_sensor_decorator to None, run_after=None
[2023-03-04T10:40:36.591+0530] {processor.py:175} INFO - Processing /home/ris/PycharmProjects/pythonProject/USA-housing/venv/lib/python3.10/site-packages/airflow/example_dags/example_sensor_decorator.py took 0.120 seconds
[2023-03-04T10:41:21.040+0530] {processor.py:153} INFO - Started process (PID=33620) to work on /home/ris/PycharmProjects/pythonProject/USA-housing/venv/lib/python3.10/site-packages/airflow/example_dags/example_sensor_decorator.py
[2023-03-04T10:41:21.042+0530] {processor.py:743} INFO - Processing file /home/ris/PycharmProjects/pythonProject/USA-housing/venv/lib/python3.10/site-packages/airflow/example_dags/example_sensor_decorator.py for tasks to queue
[2023-03-04T10:41:21.042+0530] {logging_mixin.py:137} INFO - [2023-03-04T10:41:21.042+0530] {dagbag.py:538} INFO - Filling up the DagBag from /home/ris/PycharmProjects/pythonProject/USA-housing/venv/lib/python3.10/site-packages/airflow/example_dags/example_sensor_decorator.py
[2023-03-04T10:41:21.064+0530] {processor.py:753} INFO - DAG(s) dict_keys(['example_sensor_decorator']) retrieved from /home/ris/PycharmProjects/pythonProject/USA-housing/venv/lib/python3.10/site-packages/airflow/example_dags/example_sensor_decorator.py
[2023-03-04T10:41:21.081+0530] {logging_mixin.py:137} INFO - [2023-03-04T10:41:21.081+0530] {dag.py:2690} INFO - Sync 1 DAGs
[2023-03-04T10:41:21.100+0530] {logging_mixin.py:137} INFO - [2023-03-04T10:41:21.100+0530] {dag.py:3437} INFO - Setting next_dagrun for example_sensor_decorator to None, run_after=None
[2023-03-04T10:41:21.129+0530] {processor.py:175} INFO - Processing /home/ris/PycharmProjects/pythonProject/USA-housing/venv/lib/python3.10/site-packages/airflow/example_dags/example_sensor_decorator.py took 0.092 seconds
[2023-03-04T10:41:58.953+0530] {processor.py:153} INFO - Started process (PID=33671) to work on /home/ris/PycharmProjects/pythonProject/USA-housing/venv/lib/python3.10/site-packages/airflow/example_dags/example_sensor_decorator.py
[2023-03-04T10:41:58.956+0530] {processor.py:743} INFO - Processing file /home/ris/PycharmProjects/pythonProject/USA-housing/venv/lib/python3.10/site-packages/airflow/example_dags/example_sensor_decorator.py for tasks to queue
[2023-03-04T10:41:58.957+0530] {logging_mixin.py:137} INFO - [2023-03-04T10:41:58.956+0530] {dagbag.py:538} INFO - Filling up the DagBag from /home/ris/PycharmProjects/pythonProject/USA-housing/venv/lib/python3.10/site-packages/airflow/example_dags/example_sensor_decorator.py
[2023-03-04T10:41:58.992+0530] {processor.py:753} INFO - DAG(s) dict_keys(['example_sensor_decorator']) retrieved from /home/ris/PycharmProjects/pythonProject/USA-housing/venv/lib/python3.10/site-packages/airflow/example_dags/example_sensor_decorator.py
[2023-03-04T10:41:59.021+0530] {logging_mixin.py:137} INFO - [2023-03-04T10:41:59.020+0530] {dag.py:2690} INFO - Sync 1 DAGs
[2023-03-04T10:41:59.052+0530] {logging_mixin.py:137} INFO - [2023-03-04T10:41:59.052+0530] {dag.py:3437} INFO - Setting next_dagrun for example_sensor_decorator to None, run_after=None
[2023-03-04T10:41:59.106+0530] {processor.py:175} INFO - Processing /home/ris/PycharmProjects/pythonProject/USA-housing/venv/lib/python3.10/site-packages/airflow/example_dags/example_sensor_decorator.py took 0.159 seconds
[2023-03-04T10:42:43.377+0530] {processor.py:153} INFO - Started process (PID=33723) to work on /home/ris/PycharmProjects/pythonProject/USA-housing/venv/lib/python3.10/site-packages/airflow/example_dags/example_sensor_decorator.py
[2023-03-04T10:42:43.378+0530] {processor.py:743} INFO - Processing file /home/ris/PycharmProjects/pythonProject/USA-housing/venv/lib/python3.10/site-packages/airflow/example_dags/example_sensor_decorator.py for tasks to queue
[2023-03-04T10:42:43.379+0530] {logging_mixin.py:137} INFO - [2023-03-04T10:42:43.379+0530] {dagbag.py:538} INFO - Filling up the DagBag from /home/ris/PycharmProjects/pythonProject/USA-housing/venv/lib/python3.10/site-packages/airflow/example_dags/example_sensor_decorator.py
[2023-03-04T10:42:43.406+0530] {processor.py:753} INFO - DAG(s) dict_keys(['example_sensor_decorator']) retrieved from /home/ris/PycharmProjects/pythonProject/USA-housing/venv/lib/python3.10/site-packages/airflow/example_dags/example_sensor_decorator.py
[2023-03-04T10:42:43.425+0530] {logging_mixin.py:137} INFO - [2023-03-04T10:42:43.424+0530] {dag.py:2690} INFO - Sync 1 DAGs
[2023-03-04T10:42:43.443+0530] {logging_mixin.py:137} INFO - [2023-03-04T10:42:43.443+0530] {dag.py:3437} INFO - Setting next_dagrun for example_sensor_decorator to None, run_after=None
[2023-03-04T10:42:43.464+0530] {processor.py:175} INFO - Processing /home/ris/PycharmProjects/pythonProject/USA-housing/venv/lib/python3.10/site-packages/airflow/example_dags/example_sensor_decorator.py took 0.090 seconds
[2023-03-04T10:43:28.919+0530] {processor.py:153} INFO - Started process (PID=33770) to work on /home/ris/PycharmProjects/pythonProject/USA-housing/venv/lib/python3.10/site-packages/airflow/example_dags/example_sensor_decorator.py
[2023-03-04T10:43:28.920+0530] {processor.py:743} INFO - Processing file /home/ris/PycharmProjects/pythonProject/USA-housing/venv/lib/python3.10/site-packages/airflow/example_dags/example_sensor_decorator.py for tasks to queue
[2023-03-04T10:43:28.921+0530] {logging_mixin.py:137} INFO - [2023-03-04T10:43:28.921+0530] {dagbag.py:538} INFO - Filling up the DagBag from /home/ris/PycharmProjects/pythonProject/USA-housing/venv/lib/python3.10/site-packages/airflow/example_dags/example_sensor_decorator.py
[2023-03-04T10:43:28.948+0530] {processor.py:753} INFO - DAG(s) dict_keys(['example_sensor_decorator']) retrieved from /home/ris/PycharmProjects/pythonProject/USA-housing/venv/lib/python3.10/site-packages/airflow/example_dags/example_sensor_decorator.py
[2023-03-04T10:43:28.966+0530] {logging_mixin.py:137} INFO - [2023-03-04T10:43:28.965+0530] {dag.py:2690} INFO - Sync 1 DAGs
[2023-03-04T10:43:28.995+0530] {logging_mixin.py:137} INFO - [2023-03-04T10:43:28.995+0530] {dag.py:3437} INFO - Setting next_dagrun for example_sensor_decorator to None, run_after=None
[2023-03-04T10:43:29.026+0530] {processor.py:175} INFO - Processing /home/ris/PycharmProjects/pythonProject/USA-housing/venv/lib/python3.10/site-packages/airflow/example_dags/example_sensor_decorator.py took 0.110 seconds
[2023-03-04T10:44:15.994+0530] {processor.py:153} INFO - Started process (PID=33816) to work on /home/ris/PycharmProjects/pythonProject/USA-housing/venv/lib/python3.10/site-packages/airflow/example_dags/example_sensor_decorator.py
[2023-03-04T10:44:15.996+0530] {processor.py:743} INFO - Processing file /home/ris/PycharmProjects/pythonProject/USA-housing/venv/lib/python3.10/site-packages/airflow/example_dags/example_sensor_decorator.py for tasks to queue
[2023-03-04T10:44:15.997+0530] {logging_mixin.py:137} INFO - [2023-03-04T10:44:15.997+0530] {dagbag.py:538} INFO - Filling up the DagBag from /home/ris/PycharmProjects/pythonProject/USA-housing/venv/lib/python3.10/site-packages/airflow/example_dags/example_sensor_decorator.py
[2023-03-04T10:44:16.027+0530] {processor.py:753} INFO - DAG(s) dict_keys(['example_sensor_decorator']) retrieved from /home/ris/PycharmProjects/pythonProject/USA-housing/venv/lib/python3.10/site-packages/airflow/example_dags/example_sensor_decorator.py
[2023-03-04T10:44:16.044+0530] {logging_mixin.py:137} INFO - [2023-03-04T10:44:16.044+0530] {dag.py:2690} INFO - Sync 1 DAGs
[2023-03-04T10:44:16.067+0530] {logging_mixin.py:137} INFO - [2023-03-04T10:44:16.066+0530] {dag.py:3437} INFO - Setting next_dagrun for example_sensor_decorator to None, run_after=None
[2023-03-04T10:44:16.089+0530] {processor.py:175} INFO - Processing /home/ris/PycharmProjects/pythonProject/USA-housing/venv/lib/python3.10/site-packages/airflow/example_dags/example_sensor_decorator.py took 0.099 seconds
[2023-03-04T10:45:04.080+0530] {processor.py:153} INFO - Started process (PID=33872) to work on /home/ris/PycharmProjects/pythonProject/USA-housing/venv/lib/python3.10/site-packages/airflow/example_dags/example_sensor_decorator.py
[2023-03-04T10:45:04.082+0530] {processor.py:743} INFO - Processing file /home/ris/PycharmProjects/pythonProject/USA-housing/venv/lib/python3.10/site-packages/airflow/example_dags/example_sensor_decorator.py for tasks to queue
[2023-03-04T10:45:04.082+0530] {logging_mixin.py:137} INFO - [2023-03-04T10:45:04.082+0530] {dagbag.py:538} INFO - Filling up the DagBag from /home/ris/PycharmProjects/pythonProject/USA-housing/venv/lib/python3.10/site-packages/airflow/example_dags/example_sensor_decorator.py
[2023-03-04T10:45:04.103+0530] {processor.py:753} INFO - DAG(s) dict_keys(['example_sensor_decorator']) retrieved from /home/ris/PycharmProjects/pythonProject/USA-housing/venv/lib/python3.10/site-packages/airflow/example_dags/example_sensor_decorator.py
[2023-03-04T10:45:04.123+0530] {logging_mixin.py:137} INFO - [2023-03-04T10:45:04.123+0530] {dag.py:2690} INFO - Sync 1 DAGs
[2023-03-04T10:45:04.142+0530] {logging_mixin.py:137} INFO - [2023-03-04T10:45:04.141+0530] {dag.py:3437} INFO - Setting next_dagrun for example_sensor_decorator to None, run_after=None
[2023-03-04T10:45:04.162+0530] {processor.py:175} INFO - Processing /home/ris/PycharmProjects/pythonProject/USA-housing/venv/lib/python3.10/site-packages/airflow/example_dags/example_sensor_decorator.py took 0.085 seconds
[2023-03-04T10:45:43.627+0530] {processor.py:153} INFO - Started process (PID=33916) to work on /home/ris/PycharmProjects/pythonProject/USA-housing/venv/lib/python3.10/site-packages/airflow/example_dags/example_sensor_decorator.py
[2023-03-04T10:45:43.629+0530] {processor.py:743} INFO - Processing file /home/ris/PycharmProjects/pythonProject/USA-housing/venv/lib/python3.10/site-packages/airflow/example_dags/example_sensor_decorator.py for tasks to queue
[2023-03-04T10:45:43.630+0530] {logging_mixin.py:137} INFO - [2023-03-04T10:45:43.630+0530] {dagbag.py:538} INFO - Filling up the DagBag from /home/ris/PycharmProjects/pythonProject/USA-housing/venv/lib/python3.10/site-packages/airflow/example_dags/example_sensor_decorator.py
[2023-03-04T10:45:43.656+0530] {processor.py:753} INFO - DAG(s) dict_keys(['example_sensor_decorator']) retrieved from /home/ris/PycharmProjects/pythonProject/USA-housing/venv/lib/python3.10/site-packages/airflow/example_dags/example_sensor_decorator.py
[2023-03-04T10:45:43.673+0530] {logging_mixin.py:137} INFO - [2023-03-04T10:45:43.673+0530] {dag.py:2690} INFO - Sync 1 DAGs
[2023-03-04T10:45:43.695+0530] {logging_mixin.py:137} INFO - [2023-03-04T10:45:43.695+0530] {dag.py:3437} INFO - Setting next_dagrun for example_sensor_decorator to None, run_after=None
[2023-03-04T10:45:43.717+0530] {processor.py:175} INFO - Processing /home/ris/PycharmProjects/pythonProject/USA-housing/venv/lib/python3.10/site-packages/airflow/example_dags/example_sensor_decorator.py took 0.094 seconds
[2023-03-04T10:46:26.623+0530] {processor.py:153} INFO - Started process (PID=33961) to work on /home/ris/PycharmProjects/pythonProject/USA-housing/venv/lib/python3.10/site-packages/airflow/example_dags/example_sensor_decorator.py
[2023-03-04T10:46:26.624+0530] {processor.py:743} INFO - Processing file /home/ris/PycharmProjects/pythonProject/USA-housing/venv/lib/python3.10/site-packages/airflow/example_dags/example_sensor_decorator.py for tasks to queue
[2023-03-04T10:46:26.625+0530] {logging_mixin.py:137} INFO - [2023-03-04T10:46:26.625+0530] {dagbag.py:538} INFO - Filling up the DagBag from /home/ris/PycharmProjects/pythonProject/USA-housing/venv/lib/python3.10/site-packages/airflow/example_dags/example_sensor_decorator.py
[2023-03-04T10:46:26.653+0530] {processor.py:753} INFO - DAG(s) dict_keys(['example_sensor_decorator']) retrieved from /home/ris/PycharmProjects/pythonProject/USA-housing/venv/lib/python3.10/site-packages/airflow/example_dags/example_sensor_decorator.py
[2023-03-04T10:46:26.680+0530] {logging_mixin.py:137} INFO - [2023-03-04T10:46:26.679+0530] {dag.py:2690} INFO - Sync 1 DAGs
[2023-03-04T10:46:26.716+0530] {logging_mixin.py:137} INFO - [2023-03-04T10:46:26.715+0530] {dag.py:3437} INFO - Setting next_dagrun for example_sensor_decorator to None, run_after=None
[2023-03-04T10:46:26.751+0530] {processor.py:175} INFO - Processing /home/ris/PycharmProjects/pythonProject/USA-housing/venv/lib/python3.10/site-packages/airflow/example_dags/example_sensor_decorator.py took 0.131 seconds
[2023-03-04T10:47:13.010+0530] {processor.py:153} INFO - Started process (PID=34019) to work on /home/ris/PycharmProjects/pythonProject/USA-housing/venv/lib/python3.10/site-packages/airflow/example_dags/example_sensor_decorator.py
[2023-03-04T10:47:13.013+0530] {processor.py:743} INFO - Processing file /home/ris/PycharmProjects/pythonProject/USA-housing/venv/lib/python3.10/site-packages/airflow/example_dags/example_sensor_decorator.py for tasks to queue
[2023-03-04T10:47:13.014+0530] {logging_mixin.py:137} INFO - [2023-03-04T10:47:13.014+0530] {dagbag.py:538} INFO - Filling up the DagBag from /home/ris/PycharmProjects/pythonProject/USA-housing/venv/lib/python3.10/site-packages/airflow/example_dags/example_sensor_decorator.py
[2023-03-04T10:47:13.047+0530] {processor.py:753} INFO - DAG(s) dict_keys(['example_sensor_decorator']) retrieved from /home/ris/PycharmProjects/pythonProject/USA-housing/venv/lib/python3.10/site-packages/airflow/example_dags/example_sensor_decorator.py
[2023-03-04T10:47:13.069+0530] {logging_mixin.py:137} INFO - [2023-03-04T10:47:13.069+0530] {dag.py:2690} INFO - Sync 1 DAGs
[2023-03-04T10:47:13.101+0530] {logging_mixin.py:137} INFO - [2023-03-04T10:47:13.100+0530] {dag.py:3437} INFO - Setting next_dagrun for example_sensor_decorator to None, run_after=None
[2023-03-04T10:47:13.149+0530] {processor.py:175} INFO - Processing /home/ris/PycharmProjects/pythonProject/USA-housing/venv/lib/python3.10/site-packages/airflow/example_dags/example_sensor_decorator.py took 0.143 seconds
[2023-03-04T10:48:08.353+0530] {processor.py:153} INFO - Started process (PID=34077) to work on /home/ris/PycharmProjects/pythonProject/USA-housing/venv/lib/python3.10/site-packages/airflow/example_dags/example_sensor_decorator.py
[2023-03-04T10:48:08.355+0530] {processor.py:743} INFO - Processing file /home/ris/PycharmProjects/pythonProject/USA-housing/venv/lib/python3.10/site-packages/airflow/example_dags/example_sensor_decorator.py for tasks to queue
[2023-03-04T10:48:08.356+0530] {logging_mixin.py:137} INFO - [2023-03-04T10:48:08.356+0530] {dagbag.py:538} INFO - Filling up the DagBag from /home/ris/PycharmProjects/pythonProject/USA-housing/venv/lib/python3.10/site-packages/airflow/example_dags/example_sensor_decorator.py
[2023-03-04T10:48:08.403+0530] {processor.py:753} INFO - DAG(s) dict_keys(['example_sensor_decorator']) retrieved from /home/ris/PycharmProjects/pythonProject/USA-housing/venv/lib/python3.10/site-packages/airflow/example_dags/example_sensor_decorator.py
[2023-03-04T10:48:08.436+0530] {logging_mixin.py:137} INFO - [2023-03-04T10:48:08.436+0530] {dag.py:2690} INFO - Sync 1 DAGs
[2023-03-04T10:48:08.466+0530] {logging_mixin.py:137} INFO - [2023-03-04T10:48:08.466+0530] {dag.py:3437} INFO - Setting next_dagrun for example_sensor_decorator to None, run_after=None
[2023-03-04T10:48:08.495+0530] {processor.py:175} INFO - Processing /home/ris/PycharmProjects/pythonProject/USA-housing/venv/lib/python3.10/site-packages/airflow/example_dags/example_sensor_decorator.py took 0.147 seconds
[2023-03-04T10:49:04.410+0530] {processor.py:153} INFO - Started process (PID=34148) to work on /home/ris/PycharmProjects/pythonProject/USA-housing/venv/lib/python3.10/site-packages/airflow/example_dags/example_sensor_decorator.py
[2023-03-04T10:49:04.412+0530] {processor.py:743} INFO - Processing file /home/ris/PycharmProjects/pythonProject/USA-housing/venv/lib/python3.10/site-packages/airflow/example_dags/example_sensor_decorator.py for tasks to queue
[2023-03-04T10:49:04.412+0530] {logging_mixin.py:137} INFO - [2023-03-04T10:49:04.412+0530] {dagbag.py:538} INFO - Filling up the DagBag from /home/ris/PycharmProjects/pythonProject/USA-housing/venv/lib/python3.10/site-packages/airflow/example_dags/example_sensor_decorator.py
[2023-03-04T10:49:04.434+0530] {processor.py:753} INFO - DAG(s) dict_keys(['example_sensor_decorator']) retrieved from /home/ris/PycharmProjects/pythonProject/USA-housing/venv/lib/python3.10/site-packages/airflow/example_dags/example_sensor_decorator.py
[2023-03-04T10:49:04.455+0530] {logging_mixin.py:137} INFO - [2023-03-04T10:49:04.455+0530] {dag.py:2690} INFO - Sync 1 DAGs
[2023-03-04T10:49:04.480+0530] {logging_mixin.py:137} INFO - [2023-03-04T10:49:04.480+0530] {dag.py:3437} INFO - Setting next_dagrun for example_sensor_decorator to None, run_after=None
[2023-03-04T10:49:04.500+0530] {processor.py:175} INFO - Processing /home/ris/PycharmProjects/pythonProject/USA-housing/venv/lib/python3.10/site-packages/airflow/example_dags/example_sensor_decorator.py took 0.093 seconds
[2023-03-04T10:49:49.192+0530] {processor.py:153} INFO - Started process (PID=34214) to work on /home/ris/PycharmProjects/pythonProject/USA-housing/venv/lib/python3.10/site-packages/airflow/example_dags/example_sensor_decorator.py
[2023-03-04T10:49:49.194+0530] {processor.py:743} INFO - Processing file /home/ris/PycharmProjects/pythonProject/USA-housing/venv/lib/python3.10/site-packages/airflow/example_dags/example_sensor_decorator.py for tasks to queue
[2023-03-04T10:49:49.194+0530] {logging_mixin.py:137} INFO - [2023-03-04T10:49:49.194+0530] {dagbag.py:538} INFO - Filling up the DagBag from /home/ris/PycharmProjects/pythonProject/USA-housing/venv/lib/python3.10/site-packages/airflow/example_dags/example_sensor_decorator.py
[2023-03-04T10:49:49.223+0530] {processor.py:753} INFO - DAG(s) dict_keys(['example_sensor_decorator']) retrieved from /home/ris/PycharmProjects/pythonProject/USA-housing/venv/lib/python3.10/site-packages/airflow/example_dags/example_sensor_decorator.py
[2023-03-04T10:49:49.252+0530] {logging_mixin.py:137} INFO - [2023-03-04T10:49:49.252+0530] {dag.py:2690} INFO - Sync 1 DAGs
[2023-03-04T10:49:49.277+0530] {logging_mixin.py:137} INFO - [2023-03-04T10:49:49.277+0530] {dag.py:3437} INFO - Setting next_dagrun for example_sensor_decorator to None, run_after=None
[2023-03-04T10:49:49.305+0530] {processor.py:175} INFO - Processing /home/ris/PycharmProjects/pythonProject/USA-housing/venv/lib/python3.10/site-packages/airflow/example_dags/example_sensor_decorator.py took 0.116 seconds
[2023-03-04T10:50:37.609+0530] {processor.py:153} INFO - Started process (PID=34315) to work on /home/ris/PycharmProjects/pythonProject/USA-housing/venv/lib/python3.10/site-packages/airflow/example_dags/example_sensor_decorator.py
[2023-03-04T10:50:37.611+0530] {processor.py:743} INFO - Processing file /home/ris/PycharmProjects/pythonProject/USA-housing/venv/lib/python3.10/site-packages/airflow/example_dags/example_sensor_decorator.py for tasks to queue
[2023-03-04T10:50:37.612+0530] {logging_mixin.py:137} INFO - [2023-03-04T10:50:37.611+0530] {dagbag.py:538} INFO - Filling up the DagBag from /home/ris/PycharmProjects/pythonProject/USA-housing/venv/lib/python3.10/site-packages/airflow/example_dags/example_sensor_decorator.py
[2023-03-04T10:50:37.641+0530] {processor.py:753} INFO - DAG(s) dict_keys(['example_sensor_decorator']) retrieved from /home/ris/PycharmProjects/pythonProject/USA-housing/venv/lib/python3.10/site-packages/airflow/example_dags/example_sensor_decorator.py
[2023-03-04T10:50:37.661+0530] {logging_mixin.py:137} INFO - [2023-03-04T10:50:37.661+0530] {dag.py:2690} INFO - Sync 1 DAGs
[2023-03-04T10:50:37.687+0530] {logging_mixin.py:137} INFO - [2023-03-04T10:50:37.686+0530] {dag.py:3437} INFO - Setting next_dagrun for example_sensor_decorator to None, run_after=None
[2023-03-04T10:50:37.711+0530] {processor.py:175} INFO - Processing /home/ris/PycharmProjects/pythonProject/USA-housing/venv/lib/python3.10/site-packages/airflow/example_dags/example_sensor_decorator.py took 0.106 seconds
[2023-03-04T10:51:32.065+0530] {processor.py:153} INFO - Started process (PID=34381) to work on /home/ris/PycharmProjects/pythonProject/USA-housing/venv/lib/python3.10/site-packages/airflow/example_dags/example_sensor_decorator.py
[2023-03-04T10:51:32.068+0530] {processor.py:743} INFO - Processing file /home/ris/PycharmProjects/pythonProject/USA-housing/venv/lib/python3.10/site-packages/airflow/example_dags/example_sensor_decorator.py for tasks to queue
[2023-03-04T10:51:32.069+0530] {logging_mixin.py:137} INFO - [2023-03-04T10:51:32.069+0530] {dagbag.py:538} INFO - Filling up the DagBag from /home/ris/PycharmProjects/pythonProject/USA-housing/venv/lib/python3.10/site-packages/airflow/example_dags/example_sensor_decorator.py
[2023-03-04T10:51:32.124+0530] {processor.py:753} INFO - DAG(s) dict_keys(['example_sensor_decorator']) retrieved from /home/ris/PycharmProjects/pythonProject/USA-housing/venv/lib/python3.10/site-packages/airflow/example_dags/example_sensor_decorator.py
[2023-03-04T10:51:32.180+0530] {logging_mixin.py:137} INFO - [2023-03-04T10:51:32.179+0530] {dag.py:2690} INFO - Sync 1 DAGs
[2023-03-04T10:51:32.227+0530] {logging_mixin.py:137} INFO - [2023-03-04T10:51:32.227+0530] {dag.py:3437} INFO - Setting next_dagrun for example_sensor_decorator to None, run_after=None
[2023-03-04T10:51:32.280+0530] {processor.py:175} INFO - Processing /home/ris/PycharmProjects/pythonProject/USA-housing/venv/lib/python3.10/site-packages/airflow/example_dags/example_sensor_decorator.py took 0.221 seconds
[2023-03-04T10:52:18.336+0530] {processor.py:153} INFO - Started process (PID=34452) to work on /home/ris/PycharmProjects/pythonProject/USA-housing/venv/lib/python3.10/site-packages/airflow/example_dags/example_sensor_decorator.py
[2023-03-04T10:52:18.338+0530] {processor.py:743} INFO - Processing file /home/ris/PycharmProjects/pythonProject/USA-housing/venv/lib/python3.10/site-packages/airflow/example_dags/example_sensor_decorator.py for tasks to queue
[2023-03-04T10:52:18.339+0530] {logging_mixin.py:137} INFO - [2023-03-04T10:52:18.339+0530] {dagbag.py:538} INFO - Filling up the DagBag from /home/ris/PycharmProjects/pythonProject/USA-housing/venv/lib/python3.10/site-packages/airflow/example_dags/example_sensor_decorator.py
[2023-03-04T10:52:18.362+0530] {processor.py:753} INFO - DAG(s) dict_keys(['example_sensor_decorator']) retrieved from /home/ris/PycharmProjects/pythonProject/USA-housing/venv/lib/python3.10/site-packages/airflow/example_dags/example_sensor_decorator.py
[2023-03-04T10:52:18.379+0530] {logging_mixin.py:137} INFO - [2023-03-04T10:52:18.379+0530] {dag.py:2690} INFO - Sync 1 DAGs
[2023-03-04T10:52:18.399+0530] {logging_mixin.py:137} INFO - [2023-03-04T10:52:18.399+0530] {dag.py:3437} INFO - Setting next_dagrun for example_sensor_decorator to None, run_after=None
[2023-03-04T10:52:18.422+0530] {processor.py:175} INFO - Processing /home/ris/PycharmProjects/pythonProject/USA-housing/venv/lib/python3.10/site-packages/airflow/example_dags/example_sensor_decorator.py took 0.090 seconds
[2023-03-04T10:53:10.038+0530] {processor.py:153} INFO - Started process (PID=34545) to work on /home/ris/PycharmProjects/pythonProject/USA-housing/venv/lib/python3.10/site-packages/airflow/example_dags/example_sensor_decorator.py
[2023-03-04T10:53:10.040+0530] {processor.py:743} INFO - Processing file /home/ris/PycharmProjects/pythonProject/USA-housing/venv/lib/python3.10/site-packages/airflow/example_dags/example_sensor_decorator.py for tasks to queue
[2023-03-04T10:53:10.040+0530] {logging_mixin.py:137} INFO - [2023-03-04T10:53:10.040+0530] {dagbag.py:538} INFO - Filling up the DagBag from /home/ris/PycharmProjects/pythonProject/USA-housing/venv/lib/python3.10/site-packages/airflow/example_dags/example_sensor_decorator.py
[2023-03-04T10:53:10.065+0530] {processor.py:753} INFO - DAG(s) dict_keys(['example_sensor_decorator']) retrieved from /home/ris/PycharmProjects/pythonProject/USA-housing/venv/lib/python3.10/site-packages/airflow/example_dags/example_sensor_decorator.py
[2023-03-04T10:53:10.081+0530] {logging_mixin.py:137} INFO - [2023-03-04T10:53:10.081+0530] {dag.py:2690} INFO - Sync 1 DAGs
[2023-03-04T10:53:10.103+0530] {logging_mixin.py:137} INFO - [2023-03-04T10:53:10.102+0530] {dag.py:3437} INFO - Setting next_dagrun for example_sensor_decorator to None, run_after=None
[2023-03-04T10:53:10.123+0530] {processor.py:175} INFO - Processing /home/ris/PycharmProjects/pythonProject/USA-housing/venv/lib/python3.10/site-packages/airflow/example_dags/example_sensor_decorator.py took 0.087 seconds
[2023-03-04T10:54:07.067+0530] {processor.py:153} INFO - Started process (PID=34732) to work on /home/ris/PycharmProjects/pythonProject/USA-housing/venv/lib/python3.10/site-packages/airflow/example_dags/example_sensor_decorator.py
[2023-03-04T10:54:07.068+0530] {processor.py:743} INFO - Processing file /home/ris/PycharmProjects/pythonProject/USA-housing/venv/lib/python3.10/site-packages/airflow/example_dags/example_sensor_decorator.py for tasks to queue
[2023-03-04T10:54:07.069+0530] {logging_mixin.py:137} INFO - [2023-03-04T10:54:07.069+0530] {dagbag.py:538} INFO - Filling up the DagBag from /home/ris/PycharmProjects/pythonProject/USA-housing/venv/lib/python3.10/site-packages/airflow/example_dags/example_sensor_decorator.py
[2023-03-04T10:54:07.104+0530] {processor.py:753} INFO - DAG(s) dict_keys(['example_sensor_decorator']) retrieved from /home/ris/PycharmProjects/pythonProject/USA-housing/venv/lib/python3.10/site-packages/airflow/example_dags/example_sensor_decorator.py
[2023-03-04T10:54:07.144+0530] {logging_mixin.py:137} INFO - [2023-03-04T10:54:07.144+0530] {dag.py:2690} INFO - Sync 1 DAGs
[2023-03-04T10:54:07.187+0530] {logging_mixin.py:137} INFO - [2023-03-04T10:54:07.187+0530] {dag.py:3437} INFO - Setting next_dagrun for example_sensor_decorator to None, run_after=None
[2023-03-04T10:54:07.216+0530] {processor.py:175} INFO - Processing /home/ris/PycharmProjects/pythonProject/USA-housing/venv/lib/python3.10/site-packages/airflow/example_dags/example_sensor_decorator.py took 0.155 seconds
[2023-03-04T10:54:58.764+0530] {processor.py:153} INFO - Started process (PID=34806) to work on /home/ris/PycharmProjects/pythonProject/USA-housing/venv/lib/python3.10/site-packages/airflow/example_dags/example_sensor_decorator.py
[2023-03-04T10:54:58.766+0530] {processor.py:743} INFO - Processing file /home/ris/PycharmProjects/pythonProject/USA-housing/venv/lib/python3.10/site-packages/airflow/example_dags/example_sensor_decorator.py for tasks to queue
[2023-03-04T10:54:58.768+0530] {logging_mixin.py:137} INFO - [2023-03-04T10:54:58.767+0530] {dagbag.py:538} INFO - Filling up the DagBag from /home/ris/PycharmProjects/pythonProject/USA-housing/venv/lib/python3.10/site-packages/airflow/example_dags/example_sensor_decorator.py
[2023-03-04T10:54:58.812+0530] {processor.py:753} INFO - DAG(s) dict_keys(['example_sensor_decorator']) retrieved from /home/ris/PycharmProjects/pythonProject/USA-housing/venv/lib/python3.10/site-packages/airflow/example_dags/example_sensor_decorator.py
[2023-03-04T10:54:58.832+0530] {logging_mixin.py:137} INFO - [2023-03-04T10:54:58.832+0530] {dag.py:2690} INFO - Sync 1 DAGs
[2023-03-04T10:54:58.852+0530] {logging_mixin.py:137} INFO - [2023-03-04T10:54:58.851+0530] {dag.py:3437} INFO - Setting next_dagrun for example_sensor_decorator to None, run_after=None
[2023-03-04T10:54:58.871+0530] {processor.py:175} INFO - Processing /home/ris/PycharmProjects/pythonProject/USA-housing/venv/lib/python3.10/site-packages/airflow/example_dags/example_sensor_decorator.py took 0.113 seconds
[2023-03-04T10:55:41.178+0530] {processor.py:153} INFO - Started process (PID=34854) to work on /home/ris/PycharmProjects/pythonProject/USA-housing/venv/lib/python3.10/site-packages/airflow/example_dags/example_sensor_decorator.py
[2023-03-04T10:55:41.180+0530] {processor.py:743} INFO - Processing file /home/ris/PycharmProjects/pythonProject/USA-housing/venv/lib/python3.10/site-packages/airflow/example_dags/example_sensor_decorator.py for tasks to queue
[2023-03-04T10:55:41.181+0530] {logging_mixin.py:137} INFO - [2023-03-04T10:55:41.181+0530] {dagbag.py:538} INFO - Filling up the DagBag from /home/ris/PycharmProjects/pythonProject/USA-housing/venv/lib/python3.10/site-packages/airflow/example_dags/example_sensor_decorator.py
[2023-03-04T10:55:41.201+0530] {processor.py:753} INFO - DAG(s) dict_keys(['example_sensor_decorator']) retrieved from /home/ris/PycharmProjects/pythonProject/USA-housing/venv/lib/python3.10/site-packages/airflow/example_dags/example_sensor_decorator.py
[2023-03-04T10:55:41.218+0530] {logging_mixin.py:137} INFO - [2023-03-04T10:55:41.217+0530] {dag.py:2690} INFO - Sync 1 DAGs
[2023-03-04T10:55:41.236+0530] {logging_mixin.py:137} INFO - [2023-03-04T10:55:41.236+0530] {dag.py:3437} INFO - Setting next_dagrun for example_sensor_decorator to None, run_after=None
[2023-03-04T10:55:41.255+0530] {processor.py:175} INFO - Processing /home/ris/PycharmProjects/pythonProject/USA-housing/venv/lib/python3.10/site-packages/airflow/example_dags/example_sensor_decorator.py took 0.079 seconds
[2023-03-04T10:56:20.677+0530] {processor.py:153} INFO - Started process (PID=34907) to work on /home/ris/PycharmProjects/pythonProject/USA-housing/venv/lib/python3.10/site-packages/airflow/example_dags/example_sensor_decorator.py
[2023-03-04T10:56:20.680+0530] {processor.py:743} INFO - Processing file /home/ris/PycharmProjects/pythonProject/USA-housing/venv/lib/python3.10/site-packages/airflow/example_dags/example_sensor_decorator.py for tasks to queue
[2023-03-04T10:56:20.681+0530] {logging_mixin.py:137} INFO - [2023-03-04T10:56:20.681+0530] {dagbag.py:538} INFO - Filling up the DagBag from /home/ris/PycharmProjects/pythonProject/USA-housing/venv/lib/python3.10/site-packages/airflow/example_dags/example_sensor_decorator.py
[2023-03-04T10:56:20.726+0530] {processor.py:753} INFO - DAG(s) dict_keys(['example_sensor_decorator']) retrieved from /home/ris/PycharmProjects/pythonProject/USA-housing/venv/lib/python3.10/site-packages/airflow/example_dags/example_sensor_decorator.py
[2023-03-04T10:56:20.743+0530] {logging_mixin.py:137} INFO - [2023-03-04T10:56:20.743+0530] {dag.py:2690} INFO - Sync 1 DAGs
[2023-03-04T10:56:20.761+0530] {logging_mixin.py:137} INFO - [2023-03-04T10:56:20.761+0530] {dag.py:3437} INFO - Setting next_dagrun for example_sensor_decorator to None, run_after=None
[2023-03-04T10:56:20.782+0530] {processor.py:175} INFO - Processing /home/ris/PycharmProjects/pythonProject/USA-housing/venv/lib/python3.10/site-packages/airflow/example_dags/example_sensor_decorator.py took 0.110 seconds
[2023-03-04T10:57:13.996+0530] {processor.py:153} INFO - Started process (PID=34993) to work on /home/ris/PycharmProjects/pythonProject/USA-housing/venv/lib/python3.10/site-packages/airflow/example_dags/example_sensor_decorator.py
[2023-03-04T10:57:13.998+0530] {processor.py:743} INFO - Processing file /home/ris/PycharmProjects/pythonProject/USA-housing/venv/lib/python3.10/site-packages/airflow/example_dags/example_sensor_decorator.py for tasks to queue
[2023-03-04T10:57:13.999+0530] {logging_mixin.py:137} INFO - [2023-03-04T10:57:13.998+0530] {dagbag.py:538} INFO - Filling up the DagBag from /home/ris/PycharmProjects/pythonProject/USA-housing/venv/lib/python3.10/site-packages/airflow/example_dags/example_sensor_decorator.py
[2023-03-04T10:57:14.025+0530] {processor.py:753} INFO - DAG(s) dict_keys(['example_sensor_decorator']) retrieved from /home/ris/PycharmProjects/pythonProject/USA-housing/venv/lib/python3.10/site-packages/airflow/example_dags/example_sensor_decorator.py
[2023-03-04T10:57:14.041+0530] {logging_mixin.py:137} INFO - [2023-03-04T10:57:14.041+0530] {dag.py:2690} INFO - Sync 1 DAGs
[2023-03-04T10:57:14.059+0530] {logging_mixin.py:137} INFO - [2023-03-04T10:57:14.059+0530] {dag.py:3437} INFO - Setting next_dagrun for example_sensor_decorator to None, run_after=None
[2023-03-04T10:57:14.083+0530] {processor.py:175} INFO - Processing /home/ris/PycharmProjects/pythonProject/USA-housing/venv/lib/python3.10/site-packages/airflow/example_dags/example_sensor_decorator.py took 0.090 seconds
[2023-03-04T10:58:00.562+0530] {processor.py:153} INFO - Started process (PID=35062) to work on /home/ris/PycharmProjects/pythonProject/USA-housing/venv/lib/python3.10/site-packages/airflow/example_dags/example_sensor_decorator.py
[2023-03-04T10:58:00.564+0530] {processor.py:743} INFO - Processing file /home/ris/PycharmProjects/pythonProject/USA-housing/venv/lib/python3.10/site-packages/airflow/example_dags/example_sensor_decorator.py for tasks to queue
[2023-03-04T10:58:00.565+0530] {logging_mixin.py:137} INFO - [2023-03-04T10:58:00.565+0530] {dagbag.py:538} INFO - Filling up the DagBag from /home/ris/PycharmProjects/pythonProject/USA-housing/venv/lib/python3.10/site-packages/airflow/example_dags/example_sensor_decorator.py
[2023-03-04T10:58:00.608+0530] {processor.py:753} INFO - DAG(s) dict_keys(['example_sensor_decorator']) retrieved from /home/ris/PycharmProjects/pythonProject/USA-housing/venv/lib/python3.10/site-packages/airflow/example_dags/example_sensor_decorator.py
[2023-03-04T10:58:00.644+0530] {logging_mixin.py:137} INFO - [2023-03-04T10:58:00.643+0530] {dag.py:2690} INFO - Sync 1 DAGs
[2023-03-04T10:58:00.702+0530] {logging_mixin.py:137} INFO - [2023-03-04T10:58:00.701+0530] {dag.py:3437} INFO - Setting next_dagrun for example_sensor_decorator to None, run_after=None
[2023-03-04T10:58:00.747+0530] {processor.py:175} INFO - Processing /home/ris/PycharmProjects/pythonProject/USA-housing/venv/lib/python3.10/site-packages/airflow/example_dags/example_sensor_decorator.py took 0.189 seconds
[2023-03-04T11:01:33.620+0530] {processor.py:153} INFO - Started process (PID=35212) to work on /home/ris/PycharmProjects/pythonProject/USA-housing/venv/lib/python3.10/site-packages/airflow/example_dags/example_sensor_decorator.py
[2023-03-04T11:01:33.623+0530] {processor.py:743} INFO - Processing file /home/ris/PycharmProjects/pythonProject/USA-housing/venv/lib/python3.10/site-packages/airflow/example_dags/example_sensor_decorator.py for tasks to queue
[2023-03-04T11:01:33.624+0530] {logging_mixin.py:137} INFO - [2023-03-04T11:01:33.624+0530] {dagbag.py:538} INFO - Filling up the DagBag from /home/ris/PycharmProjects/pythonProject/USA-housing/venv/lib/python3.10/site-packages/airflow/example_dags/example_sensor_decorator.py
[2023-03-04T11:01:33.673+0530] {processor.py:753} INFO - DAG(s) dict_keys(['example_sensor_decorator']) retrieved from /home/ris/PycharmProjects/pythonProject/USA-housing/venv/lib/python3.10/site-packages/airflow/example_dags/example_sensor_decorator.py
[2023-03-04T11:01:33.690+0530] {logging_mixin.py:137} INFO - [2023-03-04T11:01:33.689+0530] {dag.py:2690} INFO - Sync 1 DAGs
[2023-03-04T11:01:33.708+0530] {logging_mixin.py:137} INFO - [2023-03-04T11:01:33.708+0530] {dag.py:3437} INFO - Setting next_dagrun for example_sensor_decorator to None, run_after=None
[2023-03-04T11:01:33.731+0530] {processor.py:175} INFO - Processing /home/ris/PycharmProjects/pythonProject/USA-housing/venv/lib/python3.10/site-packages/airflow/example_dags/example_sensor_decorator.py took 0.117 seconds
