[2023-03-04T09:23:18.014+0530] {processor.py:153} INFO - Started process (PID=28824) to work on /home/ris/PycharmProjects/pythonProject/USA-housing/venv/lib/python3.10/site-packages/airflow/example_dags/example_branch_labels.py
[2023-03-04T09:23:18.015+0530] {processor.py:743} INFO - Processing file /home/ris/PycharmProjects/pythonProject/USA-housing/venv/lib/python3.10/site-packages/airflow/example_dags/example_branch_labels.py for tasks to queue
[2023-03-04T09:23:18.016+0530] {logging_mixin.py:137} INFO - [2023-03-04T09:23:18.016+0530] {dagbag.py:538} INFO - Filling up the DagBag from /home/ris/PycharmProjects/pythonProject/USA-housing/venv/lib/python3.10/site-packages/airflow/example_dags/example_branch_labels.py
[2023-03-04T09:23:18.042+0530] {processor.py:753} INFO - DAG(s) dict_keys(['example_branch_labels']) retrieved from /home/ris/PycharmProjects/pythonProject/USA-housing/venv/lib/python3.10/site-packages/airflow/example_dags/example_branch_labels.py
[2023-03-04T09:23:18.058+0530] {logging_mixin.py:137} INFO - [2023-03-04T09:23:18.058+0530] {dag.py:2690} INFO - Sync 1 DAGs
[2023-03-04T09:23:18.075+0530] {logging_mixin.py:137} INFO - [2023-03-04T09:23:18.075+0530] {dag.py:3437} INFO - Setting next_dagrun for example_branch_labels to 2023-03-03T00:00:00+00:00, run_after=2023-03-04T00:00:00+00:00
[2023-03-04T09:23:18.092+0530] {processor.py:175} INFO - Processing /home/ris/PycharmProjects/pythonProject/USA-housing/venv/lib/python3.10/site-packages/airflow/example_dags/example_branch_labels.py took 0.083 seconds
[2023-03-04T09:24:00.015+0530] {processor.py:153} INFO - Started process (PID=29734) to work on /home/ris/PycharmProjects/pythonProject/USA-housing/venv/lib/python3.10/site-packages/airflow/example_dags/example_branch_labels.py
[2023-03-04T09:24:00.017+0530] {processor.py:743} INFO - Processing file /home/ris/PycharmProjects/pythonProject/USA-housing/venv/lib/python3.10/site-packages/airflow/example_dags/example_branch_labels.py for tasks to queue
[2023-03-04T09:24:00.018+0530] {logging_mixin.py:137} INFO - [2023-03-04T09:24:00.018+0530] {dagbag.py:538} INFO - Filling up the DagBag from /home/ris/PycharmProjects/pythonProject/USA-housing/venv/lib/python3.10/site-packages/airflow/example_dags/example_branch_labels.py
[2023-03-04T09:24:00.046+0530] {processor.py:753} INFO - DAG(s) dict_keys(['example_branch_labels']) retrieved from /home/ris/PycharmProjects/pythonProject/USA-housing/venv/lib/python3.10/site-packages/airflow/example_dags/example_branch_labels.py
[2023-03-04T09:24:00.067+0530] {logging_mixin.py:137} INFO - [2023-03-04T09:24:00.066+0530] {dag.py:2690} INFO - Sync 1 DAGs
[2023-03-04T09:24:00.084+0530] {logging_mixin.py:137} INFO - [2023-03-04T09:24:00.083+0530] {dag.py:3437} INFO - Setting next_dagrun for example_branch_labels to 2023-03-03T00:00:00+00:00, run_after=2023-03-04T00:00:00+00:00
[2023-03-04T09:24:00.102+0530] {processor.py:175} INFO - Processing /home/ris/PycharmProjects/pythonProject/USA-housing/venv/lib/python3.10/site-packages/airflow/example_dags/example_branch_labels.py took 0.091 seconds
[2023-03-04T09:24:50.947+0530] {processor.py:153} INFO - Started process (PID=29783) to work on /home/ris/PycharmProjects/pythonProject/USA-housing/venv/lib/python3.10/site-packages/airflow/example_dags/example_branch_labels.py
[2023-03-04T09:24:50.949+0530] {processor.py:743} INFO - Processing file /home/ris/PycharmProjects/pythonProject/USA-housing/venv/lib/python3.10/site-packages/airflow/example_dags/example_branch_labels.py for tasks to queue
[2023-03-04T09:24:50.950+0530] {logging_mixin.py:137} INFO - [2023-03-04T09:24:50.950+0530] {dagbag.py:538} INFO - Filling up the DagBag from /home/ris/PycharmProjects/pythonProject/USA-housing/venv/lib/python3.10/site-packages/airflow/example_dags/example_branch_labels.py
[2023-03-04T09:24:50.976+0530] {processor.py:753} INFO - DAG(s) dict_keys(['example_branch_labels']) retrieved from /home/ris/PycharmProjects/pythonProject/USA-housing/venv/lib/python3.10/site-packages/airflow/example_dags/example_branch_labels.py
[2023-03-04T09:24:50.998+0530] {logging_mixin.py:137} INFO - [2023-03-04T09:24:50.998+0530] {dag.py:2690} INFO - Sync 1 DAGs
[2023-03-04T09:24:51.017+0530] {logging_mixin.py:137} INFO - [2023-03-04T09:24:51.017+0530] {dag.py:3437} INFO - Setting next_dagrun for example_branch_labels to 2023-03-03T00:00:00+00:00, run_after=2023-03-04T00:00:00+00:00
[2023-03-04T09:24:51.037+0530] {processor.py:175} INFO - Processing /home/ris/PycharmProjects/pythonProject/USA-housing/venv/lib/python3.10/site-packages/airflow/example_dags/example_branch_labels.py took 0.094 seconds
[2023-03-04T09:25:36.989+0530] {processor.py:153} INFO - Started process (PID=29839) to work on /home/ris/PycharmProjects/pythonProject/USA-housing/venv/lib/python3.10/site-packages/airflow/example_dags/example_branch_labels.py
[2023-03-04T09:25:36.991+0530] {processor.py:743} INFO - Processing file /home/ris/PycharmProjects/pythonProject/USA-housing/venv/lib/python3.10/site-packages/airflow/example_dags/example_branch_labels.py for tasks to queue
[2023-03-04T09:25:36.992+0530] {logging_mixin.py:137} INFO - [2023-03-04T09:25:36.992+0530] {dagbag.py:538} INFO - Filling up the DagBag from /home/ris/PycharmProjects/pythonProject/USA-housing/venv/lib/python3.10/site-packages/airflow/example_dags/example_branch_labels.py
[2023-03-04T09:25:37.018+0530] {processor.py:753} INFO - DAG(s) dict_keys(['example_branch_labels']) retrieved from /home/ris/PycharmProjects/pythonProject/USA-housing/venv/lib/python3.10/site-packages/airflow/example_dags/example_branch_labels.py
[2023-03-04T09:25:37.043+0530] {logging_mixin.py:137} INFO - [2023-03-04T09:25:37.043+0530] {dag.py:2690} INFO - Sync 1 DAGs
[2023-03-04T09:25:37.071+0530] {logging_mixin.py:137} INFO - [2023-03-04T09:25:37.071+0530] {dag.py:3437} INFO - Setting next_dagrun for example_branch_labels to 2023-03-03T00:00:00+00:00, run_after=2023-03-04T00:00:00+00:00
[2023-03-04T09:25:37.095+0530] {processor.py:175} INFO - Processing /home/ris/PycharmProjects/pythonProject/USA-housing/venv/lib/python3.10/site-packages/airflow/example_dags/example_branch_labels.py took 0.111 seconds
[2023-03-04T09:26:22.357+0530] {processor.py:153} INFO - Started process (PID=30116) to work on /home/ris/PycharmProjects/pythonProject/USA-housing/venv/lib/python3.10/site-packages/airflow/example_dags/example_branch_labels.py
[2023-03-04T09:26:22.359+0530] {processor.py:743} INFO - Processing file /home/ris/PycharmProjects/pythonProject/USA-housing/venv/lib/python3.10/site-packages/airflow/example_dags/example_branch_labels.py for tasks to queue
[2023-03-04T09:26:22.360+0530] {logging_mixin.py:137} INFO - [2023-03-04T09:26:22.360+0530] {dagbag.py:538} INFO - Filling up the DagBag from /home/ris/PycharmProjects/pythonProject/USA-housing/venv/lib/python3.10/site-packages/airflow/example_dags/example_branch_labels.py
[2023-03-04T09:26:22.372+0530] {processor.py:753} INFO - DAG(s) dict_keys(['example_branch_labels']) retrieved from /home/ris/PycharmProjects/pythonProject/USA-housing/venv/lib/python3.10/site-packages/airflow/example_dags/example_branch_labels.py
[2023-03-04T09:26:22.395+0530] {logging_mixin.py:137} INFO - [2023-03-04T09:26:22.394+0530] {dag.py:2690} INFO - Sync 1 DAGs
[2023-03-04T09:26:22.415+0530] {logging_mixin.py:137} INFO - [2023-03-04T09:26:22.415+0530] {dag.py:3437} INFO - Setting next_dagrun for example_branch_labels to 2023-03-03T00:00:00+00:00, run_after=2023-03-04T00:00:00+00:00
[2023-03-04T09:26:22.432+0530] {processor.py:175} INFO - Processing /home/ris/PycharmProjects/pythonProject/USA-housing/venv/lib/python3.10/site-packages/airflow/example_dags/example_branch_labels.py took 0.079 seconds
[2023-03-04T09:27:13.713+0530] {processor.py:153} INFO - Started process (PID=30167) to work on /home/ris/PycharmProjects/pythonProject/USA-housing/venv/lib/python3.10/site-packages/airflow/example_dags/example_branch_labels.py
[2023-03-04T09:27:13.715+0530] {processor.py:743} INFO - Processing file /home/ris/PycharmProjects/pythonProject/USA-housing/venv/lib/python3.10/site-packages/airflow/example_dags/example_branch_labels.py for tasks to queue
[2023-03-04T09:27:13.717+0530] {logging_mixin.py:137} INFO - [2023-03-04T09:27:13.717+0530] {dagbag.py:538} INFO - Filling up the DagBag from /home/ris/PycharmProjects/pythonProject/USA-housing/venv/lib/python3.10/site-packages/airflow/example_dags/example_branch_labels.py
[2023-03-04T09:27:13.743+0530] {processor.py:753} INFO - DAG(s) dict_keys(['example_branch_labels']) retrieved from /home/ris/PycharmProjects/pythonProject/USA-housing/venv/lib/python3.10/site-packages/airflow/example_dags/example_branch_labels.py
[2023-03-04T09:27:13.765+0530] {logging_mixin.py:137} INFO - [2023-03-04T09:27:13.765+0530] {dag.py:2690} INFO - Sync 1 DAGs
[2023-03-04T09:27:13.782+0530] {logging_mixin.py:137} INFO - [2023-03-04T09:27:13.782+0530] {dag.py:3437} INFO - Setting next_dagrun for example_branch_labels to 2023-03-03T00:00:00+00:00, run_after=2023-03-04T00:00:00+00:00
[2023-03-04T09:27:13.799+0530] {processor.py:175} INFO - Processing /home/ris/PycharmProjects/pythonProject/USA-housing/venv/lib/python3.10/site-packages/airflow/example_dags/example_branch_labels.py took 0.091 seconds
[2023-03-04T09:27:58.349+0530] {processor.py:153} INFO - Started process (PID=30213) to work on /home/ris/PycharmProjects/pythonProject/USA-housing/venv/lib/python3.10/site-packages/airflow/example_dags/example_branch_labels.py
[2023-03-04T09:27:58.352+0530] {processor.py:743} INFO - Processing file /home/ris/PycharmProjects/pythonProject/USA-housing/venv/lib/python3.10/site-packages/airflow/example_dags/example_branch_labels.py for tasks to queue
[2023-03-04T09:27:58.353+0530] {logging_mixin.py:137} INFO - [2023-03-04T09:27:58.352+0530] {dagbag.py:538} INFO - Filling up the DagBag from /home/ris/PycharmProjects/pythonProject/USA-housing/venv/lib/python3.10/site-packages/airflow/example_dags/example_branch_labels.py
[2023-03-04T09:27:58.380+0530] {processor.py:753} INFO - DAG(s) dict_keys(['example_branch_labels']) retrieved from /home/ris/PycharmProjects/pythonProject/USA-housing/venv/lib/python3.10/site-packages/airflow/example_dags/example_branch_labels.py
[2023-03-04T09:27:58.401+0530] {logging_mixin.py:137} INFO - [2023-03-04T09:27:58.401+0530] {dag.py:2690} INFO - Sync 1 DAGs
[2023-03-04T09:27:58.418+0530] {logging_mixin.py:137} INFO - [2023-03-04T09:27:58.418+0530] {dag.py:3437} INFO - Setting next_dagrun for example_branch_labels to 2023-03-03T00:00:00+00:00, run_after=2023-03-04T00:00:00+00:00
[2023-03-04T09:27:58.435+0530] {processor.py:175} INFO - Processing /home/ris/PycharmProjects/pythonProject/USA-housing/venv/lib/python3.10/site-packages/airflow/example_dags/example_branch_labels.py took 0.091 seconds
[2023-03-04T09:28:41.124+0530] {processor.py:153} INFO - Started process (PID=30259) to work on /home/ris/PycharmProjects/pythonProject/USA-housing/venv/lib/python3.10/site-packages/airflow/example_dags/example_branch_labels.py
[2023-03-04T09:28:41.126+0530] {processor.py:743} INFO - Processing file /home/ris/PycharmProjects/pythonProject/USA-housing/venv/lib/python3.10/site-packages/airflow/example_dags/example_branch_labels.py for tasks to queue
[2023-03-04T09:28:41.127+0530] {logging_mixin.py:137} INFO - [2023-03-04T09:28:41.127+0530] {dagbag.py:538} INFO - Filling up the DagBag from /home/ris/PycharmProjects/pythonProject/USA-housing/venv/lib/python3.10/site-packages/airflow/example_dags/example_branch_labels.py
[2023-03-04T09:28:41.154+0530] {processor.py:753} INFO - DAG(s) dict_keys(['example_branch_labels']) retrieved from /home/ris/PycharmProjects/pythonProject/USA-housing/venv/lib/python3.10/site-packages/airflow/example_dags/example_branch_labels.py
[2023-03-04T09:28:41.177+0530] {logging_mixin.py:137} INFO - [2023-03-04T09:28:41.177+0530] {dag.py:2690} INFO - Sync 1 DAGs
[2023-03-04T09:28:41.195+0530] {logging_mixin.py:137} INFO - [2023-03-04T09:28:41.195+0530] {dag.py:3437} INFO - Setting next_dagrun for example_branch_labels to 2023-03-03T00:00:00+00:00, run_after=2023-03-04T00:00:00+00:00
[2023-03-04T09:28:41.213+0530] {processor.py:175} INFO - Processing /home/ris/PycharmProjects/pythonProject/USA-housing/venv/lib/python3.10/site-packages/airflow/example_dags/example_branch_labels.py took 0.093 seconds
[2023-03-04T09:29:25.950+0530] {processor.py:153} INFO - Started process (PID=30305) to work on /home/ris/PycharmProjects/pythonProject/USA-housing/venv/lib/python3.10/site-packages/airflow/example_dags/example_branch_labels.py
[2023-03-04T09:29:25.952+0530] {processor.py:743} INFO - Processing file /home/ris/PycharmProjects/pythonProject/USA-housing/venv/lib/python3.10/site-packages/airflow/example_dags/example_branch_labels.py for tasks to queue
[2023-03-04T09:29:25.953+0530] {logging_mixin.py:137} INFO - [2023-03-04T09:29:25.953+0530] {dagbag.py:538} INFO - Filling up the DagBag from /home/ris/PycharmProjects/pythonProject/USA-housing/venv/lib/python3.10/site-packages/airflow/example_dags/example_branch_labels.py
[2023-03-04T09:29:25.981+0530] {processor.py:753} INFO - DAG(s) dict_keys(['example_branch_labels']) retrieved from /home/ris/PycharmProjects/pythonProject/USA-housing/venv/lib/python3.10/site-packages/airflow/example_dags/example_branch_labels.py
[2023-03-04T09:29:26.000+0530] {logging_mixin.py:137} INFO - [2023-03-04T09:29:26.000+0530] {dag.py:2690} INFO - Sync 1 DAGs
[2023-03-04T09:29:26.018+0530] {logging_mixin.py:137} INFO - [2023-03-04T09:29:26.018+0530] {dag.py:3437} INFO - Setting next_dagrun for example_branch_labels to 2023-03-03T00:00:00+00:00, run_after=2023-03-04T00:00:00+00:00
[2023-03-04T09:29:26.035+0530] {processor.py:175} INFO - Processing /home/ris/PycharmProjects/pythonProject/USA-housing/venv/lib/python3.10/site-packages/airflow/example_dags/example_branch_labels.py took 0.090 seconds
[2023-03-04T09:30:14.885+0530] {processor.py:153} INFO - Started process (PID=30360) to work on /home/ris/PycharmProjects/pythonProject/USA-housing/venv/lib/python3.10/site-packages/airflow/example_dags/example_branch_labels.py
[2023-03-04T09:30:14.887+0530] {processor.py:743} INFO - Processing file /home/ris/PycharmProjects/pythonProject/USA-housing/venv/lib/python3.10/site-packages/airflow/example_dags/example_branch_labels.py for tasks to queue
[2023-03-04T09:30:14.888+0530] {logging_mixin.py:137} INFO - [2023-03-04T09:30:14.887+0530] {dagbag.py:538} INFO - Filling up the DagBag from /home/ris/PycharmProjects/pythonProject/USA-housing/venv/lib/python3.10/site-packages/airflow/example_dags/example_branch_labels.py
[2023-03-04T09:30:14.914+0530] {processor.py:753} INFO - DAG(s) dict_keys(['example_branch_labels']) retrieved from /home/ris/PycharmProjects/pythonProject/USA-housing/venv/lib/python3.10/site-packages/airflow/example_dags/example_branch_labels.py
[2023-03-04T09:30:14.934+0530] {logging_mixin.py:137} INFO - [2023-03-04T09:30:14.933+0530] {dag.py:2690} INFO - Sync 1 DAGs
[2023-03-04T09:30:14.951+0530] {logging_mixin.py:137} INFO - [2023-03-04T09:30:14.951+0530] {dag.py:3437} INFO - Setting next_dagrun for example_branch_labels to 2023-03-03T00:00:00+00:00, run_after=2023-03-04T00:00:00+00:00
[2023-03-04T09:30:14.968+0530] {processor.py:175} INFO - Processing /home/ris/PycharmProjects/pythonProject/USA-housing/venv/lib/python3.10/site-packages/airflow/example_dags/example_branch_labels.py took 0.087 seconds
[2023-03-04T09:31:03.650+0530] {processor.py:153} INFO - Started process (PID=30409) to work on /home/ris/PycharmProjects/pythonProject/USA-housing/venv/lib/python3.10/site-packages/airflow/example_dags/example_branch_labels.py
[2023-03-04T09:31:03.653+0530] {processor.py:743} INFO - Processing file /home/ris/PycharmProjects/pythonProject/USA-housing/venv/lib/python3.10/site-packages/airflow/example_dags/example_branch_labels.py for tasks to queue
[2023-03-04T09:31:03.654+0530] {logging_mixin.py:137} INFO - [2023-03-04T09:31:03.653+0530] {dagbag.py:538} INFO - Filling up the DagBag from /home/ris/PycharmProjects/pythonProject/USA-housing/venv/lib/python3.10/site-packages/airflow/example_dags/example_branch_labels.py
[2023-03-04T09:31:03.680+0530] {processor.py:753} INFO - DAG(s) dict_keys(['example_branch_labels']) retrieved from /home/ris/PycharmProjects/pythonProject/USA-housing/venv/lib/python3.10/site-packages/airflow/example_dags/example_branch_labels.py
[2023-03-04T09:31:03.702+0530] {logging_mixin.py:137} INFO - [2023-03-04T09:31:03.702+0530] {dag.py:2690} INFO - Sync 1 DAGs
[2023-03-04T09:31:03.719+0530] {logging_mixin.py:137} INFO - [2023-03-04T09:31:03.718+0530] {dag.py:3437} INFO - Setting next_dagrun for example_branch_labels to 2023-03-03T00:00:00+00:00, run_after=2023-03-04T00:00:00+00:00
[2023-03-04T09:31:03.737+0530] {processor.py:175} INFO - Processing /home/ris/PycharmProjects/pythonProject/USA-housing/venv/lib/python3.10/site-packages/airflow/example_dags/example_branch_labels.py took 0.091 seconds
[2023-03-04T09:31:49.120+0530] {processor.py:153} INFO - Started process (PID=30454) to work on /home/ris/PycharmProjects/pythonProject/USA-housing/venv/lib/python3.10/site-packages/airflow/example_dags/example_branch_labels.py
[2023-03-04T09:31:49.123+0530] {processor.py:743} INFO - Processing file /home/ris/PycharmProjects/pythonProject/USA-housing/venv/lib/python3.10/site-packages/airflow/example_dags/example_branch_labels.py for tasks to queue
[2023-03-04T09:31:49.124+0530] {logging_mixin.py:137} INFO - [2023-03-04T09:31:49.124+0530] {dagbag.py:538} INFO - Filling up the DagBag from /home/ris/PycharmProjects/pythonProject/USA-housing/venv/lib/python3.10/site-packages/airflow/example_dags/example_branch_labels.py
[2023-03-04T09:31:49.141+0530] {processor.py:753} INFO - DAG(s) dict_keys(['example_branch_labels']) retrieved from /home/ris/PycharmProjects/pythonProject/USA-housing/venv/lib/python3.10/site-packages/airflow/example_dags/example_branch_labels.py
[2023-03-04T09:31:49.157+0530] {logging_mixin.py:137} INFO - [2023-03-04T09:31:49.156+0530] {dag.py:2690} INFO - Sync 1 DAGs
[2023-03-04T09:31:49.173+0530] {logging_mixin.py:137} INFO - [2023-03-04T09:31:49.173+0530] {dag.py:3437} INFO - Setting next_dagrun for example_branch_labels to 2023-03-03T00:00:00+00:00, run_after=2023-03-04T00:00:00+00:00
[2023-03-04T09:31:49.190+0530] {processor.py:175} INFO - Processing /home/ris/PycharmProjects/pythonProject/USA-housing/venv/lib/python3.10/site-packages/airflow/example_dags/example_branch_labels.py took 0.074 seconds
[2023-03-04T09:32:35.940+0530] {processor.py:153} INFO - Started process (PID=30501) to work on /home/ris/PycharmProjects/pythonProject/USA-housing/venv/lib/python3.10/site-packages/airflow/example_dags/example_branch_labels.py
[2023-03-04T09:32:35.943+0530] {processor.py:743} INFO - Processing file /home/ris/PycharmProjects/pythonProject/USA-housing/venv/lib/python3.10/site-packages/airflow/example_dags/example_branch_labels.py for tasks to queue
[2023-03-04T09:32:35.944+0530] {logging_mixin.py:137} INFO - [2023-03-04T09:32:35.944+0530] {dagbag.py:538} INFO - Filling up the DagBag from /home/ris/PycharmProjects/pythonProject/USA-housing/venv/lib/python3.10/site-packages/airflow/example_dags/example_branch_labels.py
[2023-03-04T09:32:35.972+0530] {processor.py:753} INFO - DAG(s) dict_keys(['example_branch_labels']) retrieved from /home/ris/PycharmProjects/pythonProject/USA-housing/venv/lib/python3.10/site-packages/airflow/example_dags/example_branch_labels.py
[2023-03-04T09:32:35.992+0530] {logging_mixin.py:137} INFO - [2023-03-04T09:32:35.992+0530] {dag.py:2690} INFO - Sync 1 DAGs
[2023-03-04T09:32:36.009+0530] {logging_mixin.py:137} INFO - [2023-03-04T09:32:36.009+0530] {dag.py:3437} INFO - Setting next_dagrun for example_branch_labels to 2023-03-03T00:00:00+00:00, run_after=2023-03-04T00:00:00+00:00
[2023-03-04T09:32:36.026+0530] {processor.py:175} INFO - Processing /home/ris/PycharmProjects/pythonProject/USA-housing/venv/lib/python3.10/site-packages/airflow/example_dags/example_branch_labels.py took 0.089 seconds
[2023-03-04T09:33:25.010+0530] {processor.py:153} INFO - Started process (PID=30548) to work on /home/ris/PycharmProjects/pythonProject/USA-housing/venv/lib/python3.10/site-packages/airflow/example_dags/example_branch_labels.py
[2023-03-04T09:33:25.012+0530] {processor.py:743} INFO - Processing file /home/ris/PycharmProjects/pythonProject/USA-housing/venv/lib/python3.10/site-packages/airflow/example_dags/example_branch_labels.py for tasks to queue
[2023-03-04T09:33:25.013+0530] {logging_mixin.py:137} INFO - [2023-03-04T09:33:25.013+0530] {dagbag.py:538} INFO - Filling up the DagBag from /home/ris/PycharmProjects/pythonProject/USA-housing/venv/lib/python3.10/site-packages/airflow/example_dags/example_branch_labels.py
[2023-03-04T09:33:25.041+0530] {processor.py:753} INFO - DAG(s) dict_keys(['example_branch_labels']) retrieved from /home/ris/PycharmProjects/pythonProject/USA-housing/venv/lib/python3.10/site-packages/airflow/example_dags/example_branch_labels.py
[2023-03-04T09:33:25.062+0530] {logging_mixin.py:137} INFO - [2023-03-04T09:33:25.062+0530] {dag.py:2690} INFO - Sync 1 DAGs
[2023-03-04T09:33:25.080+0530] {logging_mixin.py:137} INFO - [2023-03-04T09:33:25.080+0530] {dag.py:3437} INFO - Setting next_dagrun for example_branch_labels to 2023-03-03T00:00:00+00:00, run_after=2023-03-04T00:00:00+00:00
[2023-03-04T09:33:25.097+0530] {processor.py:175} INFO - Processing /home/ris/PycharmProjects/pythonProject/USA-housing/venv/lib/python3.10/site-packages/airflow/example_dags/example_branch_labels.py took 0.092 seconds
[2023-03-04T09:34:16.936+0530] {processor.py:153} INFO - Started process (PID=30600) to work on /home/ris/PycharmProjects/pythonProject/USA-housing/venv/lib/python3.10/site-packages/airflow/example_dags/example_branch_labels.py
[2023-03-04T09:34:16.938+0530] {processor.py:743} INFO - Processing file /home/ris/PycharmProjects/pythonProject/USA-housing/venv/lib/python3.10/site-packages/airflow/example_dags/example_branch_labels.py for tasks to queue
[2023-03-04T09:34:16.939+0530] {logging_mixin.py:137} INFO - [2023-03-04T09:34:16.939+0530] {dagbag.py:538} INFO - Filling up the DagBag from /home/ris/PycharmProjects/pythonProject/USA-housing/venv/lib/python3.10/site-packages/airflow/example_dags/example_branch_labels.py
[2023-03-04T09:34:16.966+0530] {processor.py:753} INFO - DAG(s) dict_keys(['example_branch_labels']) retrieved from /home/ris/PycharmProjects/pythonProject/USA-housing/venv/lib/python3.10/site-packages/airflow/example_dags/example_branch_labels.py
[2023-03-04T09:34:16.987+0530] {logging_mixin.py:137} INFO - [2023-03-04T09:34:16.987+0530] {dag.py:2690} INFO - Sync 1 DAGs
[2023-03-04T09:34:17.005+0530] {logging_mixin.py:137} INFO - [2023-03-04T09:34:17.005+0530] {dag.py:3437} INFO - Setting next_dagrun for example_branch_labels to 2023-03-03T00:00:00+00:00, run_after=2023-03-04T00:00:00+00:00
[2023-03-04T09:34:17.022+0530] {processor.py:175} INFO - Processing /home/ris/PycharmProjects/pythonProject/USA-housing/venv/lib/python3.10/site-packages/airflow/example_dags/example_branch_labels.py took 0.090 seconds
[2023-03-04T09:35:01.199+0530] {processor.py:153} INFO - Started process (PID=30647) to work on /home/ris/PycharmProjects/pythonProject/USA-housing/venv/lib/python3.10/site-packages/airflow/example_dags/example_branch_labels.py
[2023-03-04T09:35:01.201+0530] {processor.py:743} INFO - Processing file /home/ris/PycharmProjects/pythonProject/USA-housing/venv/lib/python3.10/site-packages/airflow/example_dags/example_branch_labels.py for tasks to queue
[2023-03-04T09:35:01.202+0530] {logging_mixin.py:137} INFO - [2023-03-04T09:35:01.202+0530] {dagbag.py:538} INFO - Filling up the DagBag from /home/ris/PycharmProjects/pythonProject/USA-housing/venv/lib/python3.10/site-packages/airflow/example_dags/example_branch_labels.py
[2023-03-04T09:35:01.231+0530] {processor.py:753} INFO - DAG(s) dict_keys(['example_branch_labels']) retrieved from /home/ris/PycharmProjects/pythonProject/USA-housing/venv/lib/python3.10/site-packages/airflow/example_dags/example_branch_labels.py
[2023-03-04T09:35:01.252+0530] {logging_mixin.py:137} INFO - [2023-03-04T09:35:01.252+0530] {dag.py:2690} INFO - Sync 1 DAGs
[2023-03-04T09:35:01.269+0530] {logging_mixin.py:137} INFO - [2023-03-04T09:35:01.269+0530] {dag.py:3437} INFO - Setting next_dagrun for example_branch_labels to 2023-03-03T00:00:00+00:00, run_after=2023-03-04T00:00:00+00:00
[2023-03-04T09:35:01.286+0530] {processor.py:175} INFO - Processing /home/ris/PycharmProjects/pythonProject/USA-housing/venv/lib/python3.10/site-packages/airflow/example_dags/example_branch_labels.py took 0.091 seconds
[2023-03-04T09:35:45.782+0530] {processor.py:153} INFO - Started process (PID=30694) to work on /home/ris/PycharmProjects/pythonProject/USA-housing/venv/lib/python3.10/site-packages/airflow/example_dags/example_branch_labels.py
[2023-03-04T09:35:45.784+0530] {processor.py:743} INFO - Processing file /home/ris/PycharmProjects/pythonProject/USA-housing/venv/lib/python3.10/site-packages/airflow/example_dags/example_branch_labels.py for tasks to queue
[2023-03-04T09:35:45.785+0530] {logging_mixin.py:137} INFO - [2023-03-04T09:35:45.785+0530] {dagbag.py:538} INFO - Filling up the DagBag from /home/ris/PycharmProjects/pythonProject/USA-housing/venv/lib/python3.10/site-packages/airflow/example_dags/example_branch_labels.py
[2023-03-04T09:35:45.812+0530] {processor.py:753} INFO - DAG(s) dict_keys(['example_branch_labels']) retrieved from /home/ris/PycharmProjects/pythonProject/USA-housing/venv/lib/python3.10/site-packages/airflow/example_dags/example_branch_labels.py
[2023-03-04T09:35:45.834+0530] {logging_mixin.py:137} INFO - [2023-03-04T09:35:45.834+0530] {dag.py:2690} INFO - Sync 1 DAGs
[2023-03-04T09:35:45.851+0530] {logging_mixin.py:137} INFO - [2023-03-04T09:35:45.851+0530] {dag.py:3437} INFO - Setting next_dagrun for example_branch_labels to 2023-03-03T00:00:00+00:00, run_after=2023-03-04T00:00:00+00:00
[2023-03-04T09:35:45.870+0530] {processor.py:175} INFO - Processing /home/ris/PycharmProjects/pythonProject/USA-housing/venv/lib/python3.10/site-packages/airflow/example_dags/example_branch_labels.py took 0.092 seconds
[2023-03-04T10:25:06.936+0530] {processor.py:153} INFO - Started process (PID=31319) to work on /home/ris/PycharmProjects/pythonProject/USA-housing/venv/lib/python3.10/site-packages/airflow/example_dags/example_branch_labels.py
[2023-03-04T10:25:06.938+0530] {processor.py:743} INFO - Processing file /home/ris/PycharmProjects/pythonProject/USA-housing/venv/lib/python3.10/site-packages/airflow/example_dags/example_branch_labels.py for tasks to queue
[2023-03-04T10:25:06.939+0530] {logging_mixin.py:137} INFO - [2023-03-04T10:25:06.938+0530] {dagbag.py:538} INFO - Filling up the DagBag from /home/ris/PycharmProjects/pythonProject/USA-housing/venv/lib/python3.10/site-packages/airflow/example_dags/example_branch_labels.py
[2023-03-04T10:25:06.961+0530] {processor.py:753} INFO - DAG(s) dict_keys(['example_branch_labels']) retrieved from /home/ris/PycharmProjects/pythonProject/USA-housing/venv/lib/python3.10/site-packages/airflow/example_dags/example_branch_labels.py
[2023-03-04T10:25:06.977+0530] {logging_mixin.py:137} INFO - [2023-03-04T10:25:06.977+0530] {dag.py:2690} INFO - Sync 1 DAGs
[2023-03-04T10:25:06.994+0530] {logging_mixin.py:137} INFO - [2023-03-04T10:25:06.994+0530] {dag.py:3437} INFO - Setting next_dagrun for example_branch_labels to 2023-03-03T00:00:00+00:00, run_after=2023-03-04T00:00:00+00:00
[2023-03-04T10:25:07.012+0530] {processor.py:175} INFO - Processing /home/ris/PycharmProjects/pythonProject/USA-housing/venv/lib/python3.10/site-packages/airflow/example_dags/example_branch_labels.py took 0.080 seconds
[2023-03-04T10:25:52.882+0530] {processor.py:153} INFO - Started process (PID=31374) to work on /home/ris/PycharmProjects/pythonProject/USA-housing/venv/lib/python3.10/site-packages/airflow/example_dags/example_branch_labels.py
[2023-03-04T10:25:52.884+0530] {processor.py:743} INFO - Processing file /home/ris/PycharmProjects/pythonProject/USA-housing/venv/lib/python3.10/site-packages/airflow/example_dags/example_branch_labels.py for tasks to queue
[2023-03-04T10:25:52.885+0530] {logging_mixin.py:137} INFO - [2023-03-04T10:25:52.885+0530] {dagbag.py:538} INFO - Filling up the DagBag from /home/ris/PycharmProjects/pythonProject/USA-housing/venv/lib/python3.10/site-packages/airflow/example_dags/example_branch_labels.py
[2023-03-04T10:25:52.923+0530] {processor.py:753} INFO - DAG(s) dict_keys(['example_branch_labels']) retrieved from /home/ris/PycharmProjects/pythonProject/USA-housing/venv/lib/python3.10/site-packages/airflow/example_dags/example_branch_labels.py
[2023-03-04T10:25:52.941+0530] {logging_mixin.py:137} INFO - [2023-03-04T10:25:52.941+0530] {dag.py:2690} INFO - Sync 1 DAGs
[2023-03-04T10:25:52.958+0530] {logging_mixin.py:137} INFO - [2023-03-04T10:25:52.958+0530] {dag.py:3437} INFO - Setting next_dagrun for example_branch_labels to 2023-03-03T00:00:00+00:00, run_after=2023-03-04T00:00:00+00:00
[2023-03-04T10:25:52.977+0530] {processor.py:175} INFO - Processing /home/ris/PycharmProjects/pythonProject/USA-housing/venv/lib/python3.10/site-packages/airflow/example_dags/example_branch_labels.py took 0.099 seconds
[2023-03-04T10:26:41.202+0530] {processor.py:153} INFO - Started process (PID=31424) to work on /home/ris/PycharmProjects/pythonProject/USA-housing/venv/lib/python3.10/site-packages/airflow/example_dags/example_branch_labels.py
[2023-03-04T10:26:41.204+0530] {processor.py:743} INFO - Processing file /home/ris/PycharmProjects/pythonProject/USA-housing/venv/lib/python3.10/site-packages/airflow/example_dags/example_branch_labels.py for tasks to queue
[2023-03-04T10:26:41.206+0530] {logging_mixin.py:137} INFO - [2023-03-04T10:26:41.205+0530] {dagbag.py:538} INFO - Filling up the DagBag from /home/ris/PycharmProjects/pythonProject/USA-housing/venv/lib/python3.10/site-packages/airflow/example_dags/example_branch_labels.py
[2023-03-04T10:26:41.232+0530] {processor.py:753} INFO - DAG(s) dict_keys(['example_branch_labels']) retrieved from /home/ris/PycharmProjects/pythonProject/USA-housing/venv/lib/python3.10/site-packages/airflow/example_dags/example_branch_labels.py
[2023-03-04T10:26:41.254+0530] {logging_mixin.py:137} INFO - [2023-03-04T10:26:41.253+0530] {dag.py:2690} INFO - Sync 1 DAGs
[2023-03-04T10:26:41.279+0530] {logging_mixin.py:137} INFO - [2023-03-04T10:26:41.279+0530] {dag.py:3437} INFO - Setting next_dagrun for example_branch_labels to 2023-03-03T00:00:00+00:00, run_after=2023-03-04T00:00:00+00:00
[2023-03-04T10:26:41.301+0530] {processor.py:175} INFO - Processing /home/ris/PycharmProjects/pythonProject/USA-housing/venv/lib/python3.10/site-packages/airflow/example_dags/example_branch_labels.py took 0.104 seconds
[2023-03-04T10:27:26.186+0530] {processor.py:153} INFO - Started process (PID=31470) to work on /home/ris/PycharmProjects/pythonProject/USA-housing/venv/lib/python3.10/site-packages/airflow/example_dags/example_branch_labels.py
[2023-03-04T10:27:26.188+0530] {processor.py:743} INFO - Processing file /home/ris/PycharmProjects/pythonProject/USA-housing/venv/lib/python3.10/site-packages/airflow/example_dags/example_branch_labels.py for tasks to queue
[2023-03-04T10:27:26.189+0530] {logging_mixin.py:137} INFO - [2023-03-04T10:27:26.189+0530] {dagbag.py:538} INFO - Filling up the DagBag from /home/ris/PycharmProjects/pythonProject/USA-housing/venv/lib/python3.10/site-packages/airflow/example_dags/example_branch_labels.py
[2023-03-04T10:27:26.201+0530] {processor.py:753} INFO - DAG(s) dict_keys(['example_branch_labels']) retrieved from /home/ris/PycharmProjects/pythonProject/USA-housing/venv/lib/python3.10/site-packages/airflow/example_dags/example_branch_labels.py
[2023-03-04T10:27:26.217+0530] {logging_mixin.py:137} INFO - [2023-03-04T10:27:26.217+0530] {dag.py:2690} INFO - Sync 1 DAGs
[2023-03-04T10:27:26.235+0530] {logging_mixin.py:137} INFO - [2023-03-04T10:27:26.235+0530] {dag.py:3437} INFO - Setting next_dagrun for example_branch_labels to 2023-03-03T00:00:00+00:00, run_after=2023-03-04T00:00:00+00:00
[2023-03-04T10:27:26.252+0530] {processor.py:175} INFO - Processing /home/ris/PycharmProjects/pythonProject/USA-housing/venv/lib/python3.10/site-packages/airflow/example_dags/example_branch_labels.py took 0.070 seconds
[2023-03-04T10:28:15.361+0530] {processor.py:153} INFO - Started process (PID=31517) to work on /home/ris/PycharmProjects/pythonProject/USA-housing/venv/lib/python3.10/site-packages/airflow/example_dags/example_branch_labels.py
[2023-03-04T10:28:15.363+0530] {processor.py:743} INFO - Processing file /home/ris/PycharmProjects/pythonProject/USA-housing/venv/lib/python3.10/site-packages/airflow/example_dags/example_branch_labels.py for tasks to queue
[2023-03-04T10:28:15.363+0530] {logging_mixin.py:137} INFO - [2023-03-04T10:28:15.363+0530] {dagbag.py:538} INFO - Filling up the DagBag from /home/ris/PycharmProjects/pythonProject/USA-housing/venv/lib/python3.10/site-packages/airflow/example_dags/example_branch_labels.py
[2023-03-04T10:28:15.376+0530] {processor.py:753} INFO - DAG(s) dict_keys(['example_branch_labels']) retrieved from /home/ris/PycharmProjects/pythonProject/USA-housing/venv/lib/python3.10/site-packages/airflow/example_dags/example_branch_labels.py
[2023-03-04T10:28:15.393+0530] {logging_mixin.py:137} INFO - [2023-03-04T10:28:15.393+0530] {dag.py:2690} INFO - Sync 1 DAGs
[2023-03-04T10:28:15.412+0530] {logging_mixin.py:137} INFO - [2023-03-04T10:28:15.411+0530] {dag.py:3437} INFO - Setting next_dagrun for example_branch_labels to 2023-03-03T00:00:00+00:00, run_after=2023-03-04T00:00:00+00:00
[2023-03-04T10:28:15.429+0530] {processor.py:175} INFO - Processing /home/ris/PycharmProjects/pythonProject/USA-housing/venv/lib/python3.10/site-packages/airflow/example_dags/example_branch_labels.py took 0.071 seconds
[2023-03-04T10:29:05.963+0530] {processor.py:153} INFO - Started process (PID=31571) to work on /home/ris/PycharmProjects/pythonProject/USA-housing/venv/lib/python3.10/site-packages/airflow/example_dags/example_branch_labels.py
[2023-03-04T10:29:05.965+0530] {processor.py:743} INFO - Processing file /home/ris/PycharmProjects/pythonProject/USA-housing/venv/lib/python3.10/site-packages/airflow/example_dags/example_branch_labels.py for tasks to queue
[2023-03-04T10:29:05.965+0530] {logging_mixin.py:137} INFO - [2023-03-04T10:29:05.965+0530] {dagbag.py:538} INFO - Filling up the DagBag from /home/ris/PycharmProjects/pythonProject/USA-housing/venv/lib/python3.10/site-packages/airflow/example_dags/example_branch_labels.py
[2023-03-04T10:29:05.981+0530] {processor.py:753} INFO - DAG(s) dict_keys(['example_branch_labels']) retrieved from /home/ris/PycharmProjects/pythonProject/USA-housing/venv/lib/python3.10/site-packages/airflow/example_dags/example_branch_labels.py
[2023-03-04T10:29:06.002+0530] {logging_mixin.py:137} INFO - [2023-03-04T10:29:06.002+0530] {dag.py:2690} INFO - Sync 1 DAGs
[2023-03-04T10:29:06.033+0530] {logging_mixin.py:137} INFO - [2023-03-04T10:29:06.033+0530] {dag.py:3437} INFO - Setting next_dagrun for example_branch_labels to 2023-03-03T00:00:00+00:00, run_after=2023-03-04T00:00:00+00:00
[2023-03-04T10:29:06.059+0530] {processor.py:175} INFO - Processing /home/ris/PycharmProjects/pythonProject/USA-housing/venv/lib/python3.10/site-packages/airflow/example_dags/example_branch_labels.py took 0.098 seconds
[2023-03-04T10:29:52.763+0530] {processor.py:153} INFO - Started process (PID=31618) to work on /home/ris/PycharmProjects/pythonProject/USA-housing/venv/lib/python3.10/site-packages/airflow/example_dags/example_branch_labels.py
[2023-03-04T10:29:52.765+0530] {processor.py:743} INFO - Processing file /home/ris/PycharmProjects/pythonProject/USA-housing/venv/lib/python3.10/site-packages/airflow/example_dags/example_branch_labels.py for tasks to queue
[2023-03-04T10:29:52.766+0530] {logging_mixin.py:137} INFO - [2023-03-04T10:29:52.766+0530] {dagbag.py:538} INFO - Filling up the DagBag from /home/ris/PycharmProjects/pythonProject/USA-housing/venv/lib/python3.10/site-packages/airflow/example_dags/example_branch_labels.py
[2023-03-04T10:29:52.792+0530] {processor.py:753} INFO - DAG(s) dict_keys(['example_branch_labels']) retrieved from /home/ris/PycharmProjects/pythonProject/USA-housing/venv/lib/python3.10/site-packages/airflow/example_dags/example_branch_labels.py
[2023-03-04T10:29:52.814+0530] {logging_mixin.py:137} INFO - [2023-03-04T10:29:52.814+0530] {dag.py:2690} INFO - Sync 1 DAGs
[2023-03-04T10:29:52.831+0530] {logging_mixin.py:137} INFO - [2023-03-04T10:29:52.831+0530] {dag.py:3437} INFO - Setting next_dagrun for example_branch_labels to 2023-03-03T00:00:00+00:00, run_after=2023-03-04T00:00:00+00:00
[2023-03-04T10:29:52.850+0530] {processor.py:175} INFO - Processing /home/ris/PycharmProjects/pythonProject/USA-housing/venv/lib/python3.10/site-packages/airflow/example_dags/example_branch_labels.py took 0.091 seconds
[2023-03-04T10:30:38.171+0530] {processor.py:153} INFO - Started process (PID=31665) to work on /home/ris/PycharmProjects/pythonProject/USA-housing/venv/lib/python3.10/site-packages/airflow/example_dags/example_branch_labels.py
[2023-03-04T10:30:38.173+0530] {processor.py:743} INFO - Processing file /home/ris/PycharmProjects/pythonProject/USA-housing/venv/lib/python3.10/site-packages/airflow/example_dags/example_branch_labels.py for tasks to queue
[2023-03-04T10:30:38.175+0530] {logging_mixin.py:137} INFO - [2023-03-04T10:30:38.175+0530] {dagbag.py:538} INFO - Filling up the DagBag from /home/ris/PycharmProjects/pythonProject/USA-housing/venv/lib/python3.10/site-packages/airflow/example_dags/example_branch_labels.py
[2023-03-04T10:30:38.190+0530] {processor.py:753} INFO - DAG(s) dict_keys(['example_branch_labels']) retrieved from /home/ris/PycharmProjects/pythonProject/USA-housing/venv/lib/python3.10/site-packages/airflow/example_dags/example_branch_labels.py
[2023-03-04T10:30:38.210+0530] {logging_mixin.py:137} INFO - [2023-03-04T10:30:38.210+0530] {dag.py:2690} INFO - Sync 1 DAGs
[2023-03-04T10:30:38.233+0530] {logging_mixin.py:137} INFO - [2023-03-04T10:30:38.233+0530] {dag.py:3437} INFO - Setting next_dagrun for example_branch_labels to 2023-03-03T00:00:00+00:00, run_after=2023-03-04T00:00:00+00:00
[2023-03-04T10:30:38.253+0530] {processor.py:175} INFO - Processing /home/ris/PycharmProjects/pythonProject/USA-housing/venv/lib/python3.10/site-packages/airflow/example_dags/example_branch_labels.py took 0.085 seconds
[2023-03-04T10:31:27.742+0530] {processor.py:153} INFO - Started process (PID=31721) to work on /home/ris/PycharmProjects/pythonProject/USA-housing/venv/lib/python3.10/site-packages/airflow/example_dags/example_branch_labels.py
[2023-03-04T10:31:27.744+0530] {processor.py:743} INFO - Processing file /home/ris/PycharmProjects/pythonProject/USA-housing/venv/lib/python3.10/site-packages/airflow/example_dags/example_branch_labels.py for tasks to queue
[2023-03-04T10:31:27.745+0530] {logging_mixin.py:137} INFO - [2023-03-04T10:31:27.745+0530] {dagbag.py:538} INFO - Filling up the DagBag from /home/ris/PycharmProjects/pythonProject/USA-housing/venv/lib/python3.10/site-packages/airflow/example_dags/example_branch_labels.py
[2023-03-04T10:31:27.771+0530] {processor.py:753} INFO - DAG(s) dict_keys(['example_branch_labels']) retrieved from /home/ris/PycharmProjects/pythonProject/USA-housing/venv/lib/python3.10/site-packages/airflow/example_dags/example_branch_labels.py
[2023-03-04T10:31:27.796+0530] {logging_mixin.py:137} INFO - [2023-03-04T10:31:27.796+0530] {dag.py:2690} INFO - Sync 1 DAGs
[2023-03-04T10:31:27.814+0530] {logging_mixin.py:137} INFO - [2023-03-04T10:31:27.814+0530] {dag.py:3437} INFO - Setting next_dagrun for example_branch_labels to 2023-03-03T00:00:00+00:00, run_after=2023-03-04T00:00:00+00:00
[2023-03-04T10:31:27.831+0530] {processor.py:175} INFO - Processing /home/ris/PycharmProjects/pythonProject/USA-housing/venv/lib/python3.10/site-packages/airflow/example_dags/example_branch_labels.py took 0.091 seconds
[2023-03-04T10:32:14.751+0530] {processor.py:153} INFO - Started process (PID=32138) to work on /home/ris/PycharmProjects/pythonProject/USA-housing/venv/lib/python3.10/site-packages/airflow/example_dags/example_branch_labels.py
[2023-03-04T10:32:14.753+0530] {processor.py:743} INFO - Processing file /home/ris/PycharmProjects/pythonProject/USA-housing/venv/lib/python3.10/site-packages/airflow/example_dags/example_branch_labels.py for tasks to queue
[2023-03-04T10:32:14.754+0530] {logging_mixin.py:137} INFO - [2023-03-04T10:32:14.754+0530] {dagbag.py:538} INFO - Filling up the DagBag from /home/ris/PycharmProjects/pythonProject/USA-housing/venv/lib/python3.10/site-packages/airflow/example_dags/example_branch_labels.py
[2023-03-04T10:32:14.787+0530] {processor.py:753} INFO - DAG(s) dict_keys(['example_branch_labels']) retrieved from /home/ris/PycharmProjects/pythonProject/USA-housing/venv/lib/python3.10/site-packages/airflow/example_dags/example_branch_labels.py
[2023-03-04T10:32:14.821+0530] {logging_mixin.py:137} INFO - [2023-03-04T10:32:14.820+0530] {dag.py:2690} INFO - Sync 1 DAGs
[2023-03-04T10:32:14.858+0530] {logging_mixin.py:137} INFO - [2023-03-04T10:32:14.857+0530] {dag.py:3437} INFO - Setting next_dagrun for example_branch_labels to 2023-03-03T00:00:00+00:00, run_after=2023-03-04T00:00:00+00:00
[2023-03-04T10:32:14.889+0530] {processor.py:175} INFO - Processing /home/ris/PycharmProjects/pythonProject/USA-housing/venv/lib/python3.10/site-packages/airflow/example_dags/example_branch_labels.py took 0.143 seconds
[2023-03-04T10:33:01.167+0530] {processor.py:153} INFO - Started process (PID=32315) to work on /home/ris/PycharmProjects/pythonProject/USA-housing/venv/lib/python3.10/site-packages/airflow/example_dags/example_branch_labels.py
[2023-03-04T10:33:01.169+0530] {processor.py:743} INFO - Processing file /home/ris/PycharmProjects/pythonProject/USA-housing/venv/lib/python3.10/site-packages/airflow/example_dags/example_branch_labels.py for tasks to queue
[2023-03-04T10:33:01.170+0530] {logging_mixin.py:137} INFO - [2023-03-04T10:33:01.169+0530] {dagbag.py:538} INFO - Filling up the DagBag from /home/ris/PycharmProjects/pythonProject/USA-housing/venv/lib/python3.10/site-packages/airflow/example_dags/example_branch_labels.py
[2023-03-04T10:33:01.183+0530] {processor.py:753} INFO - DAG(s) dict_keys(['example_branch_labels']) retrieved from /home/ris/PycharmProjects/pythonProject/USA-housing/venv/lib/python3.10/site-packages/airflow/example_dags/example_branch_labels.py
[2023-03-04T10:33:01.202+0530] {logging_mixin.py:137} INFO - [2023-03-04T10:33:01.202+0530] {dag.py:2690} INFO - Sync 1 DAGs
[2023-03-04T10:33:01.224+0530] {logging_mixin.py:137} INFO - [2023-03-04T10:33:01.224+0530] {dag.py:3437} INFO - Setting next_dagrun for example_branch_labels to 2023-03-03T00:00:00+00:00, run_after=2023-03-04T00:00:00+00:00
[2023-03-04T10:33:01.246+0530] {processor.py:175} INFO - Processing /home/ris/PycharmProjects/pythonProject/USA-housing/venv/lib/python3.10/site-packages/airflow/example_dags/example_branch_labels.py took 0.081 seconds
[2023-03-04T10:33:42.059+0530] {processor.py:153} INFO - Started process (PID=32371) to work on /home/ris/PycharmProjects/pythonProject/USA-housing/venv/lib/python3.10/site-packages/airflow/example_dags/example_branch_labels.py
[2023-03-04T10:33:42.061+0530] {processor.py:743} INFO - Processing file /home/ris/PycharmProjects/pythonProject/USA-housing/venv/lib/python3.10/site-packages/airflow/example_dags/example_branch_labels.py for tasks to queue
[2023-03-04T10:33:42.063+0530] {logging_mixin.py:137} INFO - [2023-03-04T10:33:42.062+0530] {dagbag.py:538} INFO - Filling up the DagBag from /home/ris/PycharmProjects/pythonProject/USA-housing/venv/lib/python3.10/site-packages/airflow/example_dags/example_branch_labels.py
[2023-03-04T10:33:42.091+0530] {processor.py:753} INFO - DAG(s) dict_keys(['example_branch_labels']) retrieved from /home/ris/PycharmProjects/pythonProject/USA-housing/venv/lib/python3.10/site-packages/airflow/example_dags/example_branch_labels.py
[2023-03-04T10:33:42.118+0530] {logging_mixin.py:137} INFO - [2023-03-04T10:33:42.118+0530] {dag.py:2690} INFO - Sync 1 DAGs
[2023-03-04T10:33:42.150+0530] {logging_mixin.py:137} INFO - [2023-03-04T10:33:42.150+0530] {dag.py:3437} INFO - Setting next_dagrun for example_branch_labels to 2023-03-03T00:00:00+00:00, run_after=2023-03-04T00:00:00+00:00
[2023-03-04T10:33:42.192+0530] {processor.py:175} INFO - Processing /home/ris/PycharmProjects/pythonProject/USA-housing/venv/lib/python3.10/site-packages/airflow/example_dags/example_branch_labels.py took 0.138 seconds
[2023-03-04T10:34:26.991+0530] {processor.py:153} INFO - Started process (PID=32540) to work on /home/ris/PycharmProjects/pythonProject/USA-housing/venv/lib/python3.10/site-packages/airflow/example_dags/example_branch_labels.py
[2023-03-04T10:34:26.993+0530] {processor.py:743} INFO - Processing file /home/ris/PycharmProjects/pythonProject/USA-housing/venv/lib/python3.10/site-packages/airflow/example_dags/example_branch_labels.py for tasks to queue
[2023-03-04T10:34:26.993+0530] {logging_mixin.py:137} INFO - [2023-03-04T10:34:26.993+0530] {dagbag.py:538} INFO - Filling up the DagBag from /home/ris/PycharmProjects/pythonProject/USA-housing/venv/lib/python3.10/site-packages/airflow/example_dags/example_branch_labels.py
[2023-03-04T10:34:27.008+0530] {processor.py:753} INFO - DAG(s) dict_keys(['example_branch_labels']) retrieved from /home/ris/PycharmProjects/pythonProject/USA-housing/venv/lib/python3.10/site-packages/airflow/example_dags/example_branch_labels.py
[2023-03-04T10:34:27.027+0530] {logging_mixin.py:137} INFO - [2023-03-04T10:34:27.027+0530] {dag.py:2690} INFO - Sync 1 DAGs
[2023-03-04T10:34:27.050+0530] {logging_mixin.py:137} INFO - [2023-03-04T10:34:27.050+0530] {dag.py:3437} INFO - Setting next_dagrun for example_branch_labels to 2023-03-03T00:00:00+00:00, run_after=2023-03-04T00:00:00+00:00
[2023-03-04T10:34:27.071+0530] {processor.py:175} INFO - Processing /home/ris/PycharmProjects/pythonProject/USA-housing/venv/lib/python3.10/site-packages/airflow/example_dags/example_branch_labels.py took 0.083 seconds
[2023-03-04T10:35:12.437+0530] {processor.py:153} INFO - Started process (PID=32666) to work on /home/ris/PycharmProjects/pythonProject/USA-housing/venv/lib/python3.10/site-packages/airflow/example_dags/example_branch_labels.py
[2023-03-04T10:35:12.438+0530] {processor.py:743} INFO - Processing file /home/ris/PycharmProjects/pythonProject/USA-housing/venv/lib/python3.10/site-packages/airflow/example_dags/example_branch_labels.py for tasks to queue
[2023-03-04T10:35:12.439+0530] {logging_mixin.py:137} INFO - [2023-03-04T10:35:12.439+0530] {dagbag.py:538} INFO - Filling up the DagBag from /home/ris/PycharmProjects/pythonProject/USA-housing/venv/lib/python3.10/site-packages/airflow/example_dags/example_branch_labels.py
[2023-03-04T10:35:12.460+0530] {processor.py:753} INFO - DAG(s) dict_keys(['example_branch_labels']) retrieved from /home/ris/PycharmProjects/pythonProject/USA-housing/venv/lib/python3.10/site-packages/airflow/example_dags/example_branch_labels.py
[2023-03-04T10:35:12.484+0530] {logging_mixin.py:137} INFO - [2023-03-04T10:35:12.483+0530] {dag.py:2690} INFO - Sync 1 DAGs
[2023-03-04T10:35:12.512+0530] {logging_mixin.py:137} INFO - [2023-03-04T10:35:12.512+0530] {dag.py:3437} INFO - Setting next_dagrun for example_branch_labels to 2023-03-03T00:00:00+00:00, run_after=2023-03-04T00:00:00+00:00
[2023-03-04T10:35:12.537+0530] {processor.py:175} INFO - Processing /home/ris/PycharmProjects/pythonProject/USA-housing/venv/lib/python3.10/site-packages/airflow/example_dags/example_branch_labels.py took 0.103 seconds
[2023-03-04T10:36:03.110+0530] {processor.py:153} INFO - Started process (PID=32744) to work on /home/ris/PycharmProjects/pythonProject/USA-housing/venv/lib/python3.10/site-packages/airflow/example_dags/example_branch_labels.py
[2023-03-04T10:36:03.112+0530] {processor.py:743} INFO - Processing file /home/ris/PycharmProjects/pythonProject/USA-housing/venv/lib/python3.10/site-packages/airflow/example_dags/example_branch_labels.py for tasks to queue
[2023-03-04T10:36:03.115+0530] {logging_mixin.py:137} INFO - [2023-03-04T10:36:03.114+0530] {dagbag.py:538} INFO - Filling up the DagBag from /home/ris/PycharmProjects/pythonProject/USA-housing/venv/lib/python3.10/site-packages/airflow/example_dags/example_branch_labels.py
[2023-03-04T10:36:03.151+0530] {processor.py:753} INFO - DAG(s) dict_keys(['example_branch_labels']) retrieved from /home/ris/PycharmProjects/pythonProject/USA-housing/venv/lib/python3.10/site-packages/airflow/example_dags/example_branch_labels.py
[2023-03-04T10:36:03.196+0530] {logging_mixin.py:137} INFO - [2023-03-04T10:36:03.195+0530] {dag.py:2690} INFO - Sync 1 DAGs
[2023-03-04T10:36:03.235+0530] {logging_mixin.py:137} INFO - [2023-03-04T10:36:03.235+0530] {dag.py:3437} INFO - Setting next_dagrun for example_branch_labels to 2023-03-03T00:00:00+00:00, run_after=2023-03-04T00:00:00+00:00
[2023-03-04T10:36:03.258+0530] {processor.py:175} INFO - Processing /home/ris/PycharmProjects/pythonProject/USA-housing/venv/lib/python3.10/site-packages/airflow/example_dags/example_branch_labels.py took 0.154 seconds
[2023-03-04T10:37:00.238+0530] {processor.py:153} INFO - Started process (PID=32831) to work on /home/ris/PycharmProjects/pythonProject/USA-housing/venv/lib/python3.10/site-packages/airflow/example_dags/example_branch_labels.py
[2023-03-04T10:37:00.240+0530] {processor.py:743} INFO - Processing file /home/ris/PycharmProjects/pythonProject/USA-housing/venv/lib/python3.10/site-packages/airflow/example_dags/example_branch_labels.py for tasks to queue
[2023-03-04T10:37:00.241+0530] {logging_mixin.py:137} INFO - [2023-03-04T10:37:00.241+0530] {dagbag.py:538} INFO - Filling up the DagBag from /home/ris/PycharmProjects/pythonProject/USA-housing/venv/lib/python3.10/site-packages/airflow/example_dags/example_branch_labels.py
[2023-03-04T10:37:00.264+0530] {processor.py:753} INFO - DAG(s) dict_keys(['example_branch_labels']) retrieved from /home/ris/PycharmProjects/pythonProject/USA-housing/venv/lib/python3.10/site-packages/airflow/example_dags/example_branch_labels.py
[2023-03-04T10:37:00.293+0530] {logging_mixin.py:137} INFO - [2023-03-04T10:37:00.293+0530] {dag.py:2690} INFO - Sync 1 DAGs
[2023-03-04T10:37:00.322+0530] {logging_mixin.py:137} INFO - [2023-03-04T10:37:00.322+0530] {dag.py:3437} INFO - Setting next_dagrun for example_branch_labels to 2023-03-03T00:00:00+00:00, run_after=2023-03-04T00:00:00+00:00
[2023-03-04T10:37:00.358+0530] {processor.py:175} INFO - Processing /home/ris/PycharmProjects/pythonProject/USA-housing/venv/lib/python3.10/site-packages/airflow/example_dags/example_branch_labels.py took 0.124 seconds
[2023-03-04T10:37:50.856+0530] {processor.py:153} INFO - Started process (PID=32908) to work on /home/ris/PycharmProjects/pythonProject/USA-housing/venv/lib/python3.10/site-packages/airflow/example_dags/example_branch_labels.py
[2023-03-04T10:37:50.858+0530] {processor.py:743} INFO - Processing file /home/ris/PycharmProjects/pythonProject/USA-housing/venv/lib/python3.10/site-packages/airflow/example_dags/example_branch_labels.py for tasks to queue
[2023-03-04T10:37:50.859+0530] {logging_mixin.py:137} INFO - [2023-03-04T10:37:50.859+0530] {dagbag.py:538} INFO - Filling up the DagBag from /home/ris/PycharmProjects/pythonProject/USA-housing/venv/lib/python3.10/site-packages/airflow/example_dags/example_branch_labels.py
[2023-03-04T10:37:50.885+0530] {processor.py:753} INFO - DAG(s) dict_keys(['example_branch_labels']) retrieved from /home/ris/PycharmProjects/pythonProject/USA-housing/venv/lib/python3.10/site-packages/airflow/example_dags/example_branch_labels.py
[2023-03-04T10:37:50.914+0530] {logging_mixin.py:137} INFO - [2023-03-04T10:37:50.914+0530] {dag.py:2690} INFO - Sync 1 DAGs
[2023-03-04T10:37:50.950+0530] {logging_mixin.py:137} INFO - [2023-03-04T10:37:50.949+0530] {dag.py:3437} INFO - Setting next_dagrun for example_branch_labels to 2023-03-03T00:00:00+00:00, run_after=2023-03-04T00:00:00+00:00
[2023-03-04T10:37:50.980+0530] {processor.py:175} INFO - Processing /home/ris/PycharmProjects/pythonProject/USA-housing/venv/lib/python3.10/site-packages/airflow/example_dags/example_branch_labels.py took 0.128 seconds
[2023-03-04T10:38:41.393+0530] {processor.py:153} INFO - Started process (PID=32958) to work on /home/ris/PycharmProjects/pythonProject/USA-housing/venv/lib/python3.10/site-packages/airflow/example_dags/example_branch_labels.py
[2023-03-04T10:38:41.395+0530] {processor.py:743} INFO - Processing file /home/ris/PycharmProjects/pythonProject/USA-housing/venv/lib/python3.10/site-packages/airflow/example_dags/example_branch_labels.py for tasks to queue
[2023-03-04T10:38:41.397+0530] {logging_mixin.py:137} INFO - [2023-03-04T10:38:41.396+0530] {dagbag.py:538} INFO - Filling up the DagBag from /home/ris/PycharmProjects/pythonProject/USA-housing/venv/lib/python3.10/site-packages/airflow/example_dags/example_branch_labels.py
[2023-03-04T10:38:41.424+0530] {processor.py:753} INFO - DAG(s) dict_keys(['example_branch_labels']) retrieved from /home/ris/PycharmProjects/pythonProject/USA-housing/venv/lib/python3.10/site-packages/airflow/example_dags/example_branch_labels.py
[2023-03-04T10:38:41.459+0530] {logging_mixin.py:137} INFO - [2023-03-04T10:38:41.459+0530] {dag.py:2690} INFO - Sync 1 DAGs
[2023-03-04T10:38:41.499+0530] {logging_mixin.py:137} INFO - [2023-03-04T10:38:41.499+0530] {dag.py:3437} INFO - Setting next_dagrun for example_branch_labels to 2023-03-03T00:00:00+00:00, run_after=2023-03-04T00:00:00+00:00
[2023-03-04T10:38:41.536+0530] {processor.py:175} INFO - Processing /home/ris/PycharmProjects/pythonProject/USA-housing/venv/lib/python3.10/site-packages/airflow/example_dags/example_branch_labels.py took 0.149 seconds
[2023-03-04T10:39:25.756+0530] {processor.py:153} INFO - Started process (PID=33480) to work on /home/ris/PycharmProjects/pythonProject/USA-housing/venv/lib/python3.10/site-packages/airflow/example_dags/example_branch_labels.py
[2023-03-04T10:39:25.759+0530] {processor.py:743} INFO - Processing file /home/ris/PycharmProjects/pythonProject/USA-housing/venv/lib/python3.10/site-packages/airflow/example_dags/example_branch_labels.py for tasks to queue
[2023-03-04T10:39:25.760+0530] {logging_mixin.py:137} INFO - [2023-03-04T10:39:25.760+0530] {dagbag.py:538} INFO - Filling up the DagBag from /home/ris/PycharmProjects/pythonProject/USA-housing/venv/lib/python3.10/site-packages/airflow/example_dags/example_branch_labels.py
[2023-03-04T10:39:25.793+0530] {processor.py:753} INFO - DAG(s) dict_keys(['example_branch_labels']) retrieved from /home/ris/PycharmProjects/pythonProject/USA-housing/venv/lib/python3.10/site-packages/airflow/example_dags/example_branch_labels.py
[2023-03-04T10:39:25.825+0530] {logging_mixin.py:137} INFO - [2023-03-04T10:39:25.825+0530] {dag.py:2690} INFO - Sync 1 DAGs
[2023-03-04T10:39:25.880+0530] {logging_mixin.py:137} INFO - [2023-03-04T10:39:25.880+0530] {dag.py:3437} INFO - Setting next_dagrun for example_branch_labels to 2023-03-03T00:00:00+00:00, run_after=2023-03-04T00:00:00+00:00
[2023-03-04T10:39:25.931+0530] {processor.py:175} INFO - Processing /home/ris/PycharmProjects/pythonProject/USA-housing/venv/lib/python3.10/site-packages/airflow/example_dags/example_branch_labels.py took 0.180 seconds
[2023-03-04T10:40:15.081+0530] {processor.py:153} INFO - Started process (PID=33548) to work on /home/ris/PycharmProjects/pythonProject/USA-housing/venv/lib/python3.10/site-packages/airflow/example_dags/example_branch_labels.py
[2023-03-04T10:40:15.083+0530] {processor.py:743} INFO - Processing file /home/ris/PycharmProjects/pythonProject/USA-housing/venv/lib/python3.10/site-packages/airflow/example_dags/example_branch_labels.py for tasks to queue
[2023-03-04T10:40:15.085+0530] {logging_mixin.py:137} INFO - [2023-03-04T10:40:15.084+0530] {dagbag.py:538} INFO - Filling up the DagBag from /home/ris/PycharmProjects/pythonProject/USA-housing/venv/lib/python3.10/site-packages/airflow/example_dags/example_branch_labels.py
[2023-03-04T10:40:15.106+0530] {processor.py:753} INFO - DAG(s) dict_keys(['example_branch_labels']) retrieved from /home/ris/PycharmProjects/pythonProject/USA-housing/venv/lib/python3.10/site-packages/airflow/example_dags/example_branch_labels.py
[2023-03-04T10:40:15.138+0530] {logging_mixin.py:137} INFO - [2023-03-04T10:40:15.138+0530] {dag.py:2690} INFO - Sync 1 DAGs
[2023-03-04T10:40:15.183+0530] {logging_mixin.py:137} INFO - [2023-03-04T10:40:15.183+0530] {dag.py:3437} INFO - Setting next_dagrun for example_branch_labels to 2023-03-03T00:00:00+00:00, run_after=2023-03-04T00:00:00+00:00
[2023-03-04T10:40:15.220+0530] {processor.py:175} INFO - Processing /home/ris/PycharmProjects/pythonProject/USA-housing/venv/lib/python3.10/site-packages/airflow/example_dags/example_branch_labels.py took 0.142 seconds
[2023-03-04T10:41:01.463+0530] {processor.py:153} INFO - Started process (PID=33597) to work on /home/ris/PycharmProjects/pythonProject/USA-housing/venv/lib/python3.10/site-packages/airflow/example_dags/example_branch_labels.py
[2023-03-04T10:41:01.464+0530] {processor.py:743} INFO - Processing file /home/ris/PycharmProjects/pythonProject/USA-housing/venv/lib/python3.10/site-packages/airflow/example_dags/example_branch_labels.py for tasks to queue
[2023-03-04T10:41:01.465+0530] {logging_mixin.py:137} INFO - [2023-03-04T10:41:01.465+0530] {dagbag.py:538} INFO - Filling up the DagBag from /home/ris/PycharmProjects/pythonProject/USA-housing/venv/lib/python3.10/site-packages/airflow/example_dags/example_branch_labels.py
[2023-03-04T10:41:01.486+0530] {processor.py:753} INFO - DAG(s) dict_keys(['example_branch_labels']) retrieved from /home/ris/PycharmProjects/pythonProject/USA-housing/venv/lib/python3.10/site-packages/airflow/example_dags/example_branch_labels.py
[2023-03-04T10:41:01.505+0530] {logging_mixin.py:137} INFO - [2023-03-04T10:41:01.504+0530] {dag.py:2690} INFO - Sync 1 DAGs
[2023-03-04T10:41:01.527+0530] {logging_mixin.py:137} INFO - [2023-03-04T10:41:01.527+0530] {dag.py:3437} INFO - Setting next_dagrun for example_branch_labels to 2023-03-03T00:00:00+00:00, run_after=2023-03-04T00:00:00+00:00
[2023-03-04T10:41:01.549+0530] {processor.py:175} INFO - Processing /home/ris/PycharmProjects/pythonProject/USA-housing/venv/lib/python3.10/site-packages/airflow/example_dags/example_branch_labels.py took 0.088 seconds
[2023-03-04T10:41:50.200+0530] {processor.py:153} INFO - Started process (PID=33662) to work on /home/ris/PycharmProjects/pythonProject/USA-housing/venv/lib/python3.10/site-packages/airflow/example_dags/example_branch_labels.py
[2023-03-04T10:41:50.202+0530] {processor.py:743} INFO - Processing file /home/ris/PycharmProjects/pythonProject/USA-housing/venv/lib/python3.10/site-packages/airflow/example_dags/example_branch_labels.py for tasks to queue
[2023-03-04T10:41:50.202+0530] {logging_mixin.py:137} INFO - [2023-03-04T10:41:50.202+0530] {dagbag.py:538} INFO - Filling up the DagBag from /home/ris/PycharmProjects/pythonProject/USA-housing/venv/lib/python3.10/site-packages/airflow/example_dags/example_branch_labels.py
[2023-03-04T10:41:50.218+0530] {processor.py:753} INFO - DAG(s) dict_keys(['example_branch_labels']) retrieved from /home/ris/PycharmProjects/pythonProject/USA-housing/venv/lib/python3.10/site-packages/airflow/example_dags/example_branch_labels.py
[2023-03-04T10:41:50.242+0530] {logging_mixin.py:137} INFO - [2023-03-04T10:41:50.242+0530] {dag.py:2690} INFO - Sync 1 DAGs
[2023-03-04T10:41:50.274+0530] {logging_mixin.py:137} INFO - [2023-03-04T10:41:50.274+0530] {dag.py:3437} INFO - Setting next_dagrun for example_branch_labels to 2023-03-03T00:00:00+00:00, run_after=2023-03-04T00:00:00+00:00
[2023-03-04T10:41:50.306+0530] {processor.py:175} INFO - Processing /home/ris/PycharmProjects/pythonProject/USA-housing/venv/lib/python3.10/site-packages/airflow/example_dags/example_branch_labels.py took 0.110 seconds
[2023-03-04T10:42:37.124+0530] {processor.py:153} INFO - Started process (PID=33717) to work on /home/ris/PycharmProjects/pythonProject/USA-housing/venv/lib/python3.10/site-packages/airflow/example_dags/example_branch_labels.py
[2023-03-04T10:42:37.126+0530] {processor.py:743} INFO - Processing file /home/ris/PycharmProjects/pythonProject/USA-housing/venv/lib/python3.10/site-packages/airflow/example_dags/example_branch_labels.py for tasks to queue
[2023-03-04T10:42:37.127+0530] {logging_mixin.py:137} INFO - [2023-03-04T10:42:37.127+0530] {dagbag.py:538} INFO - Filling up the DagBag from /home/ris/PycharmProjects/pythonProject/USA-housing/venv/lib/python3.10/site-packages/airflow/example_dags/example_branch_labels.py
[2023-03-04T10:42:37.141+0530] {processor.py:753} INFO - DAG(s) dict_keys(['example_branch_labels']) retrieved from /home/ris/PycharmProjects/pythonProject/USA-housing/venv/lib/python3.10/site-packages/airflow/example_dags/example_branch_labels.py
[2023-03-04T10:42:37.160+0530] {logging_mixin.py:137} INFO - [2023-03-04T10:42:37.160+0530] {dag.py:2690} INFO - Sync 1 DAGs
[2023-03-04T10:42:37.190+0530] {logging_mixin.py:137} INFO - [2023-03-04T10:42:37.189+0530] {dag.py:3437} INFO - Setting next_dagrun for example_branch_labels to 2023-03-03T00:00:00+00:00, run_after=2023-03-04T00:00:00+00:00
[2023-03-04T10:42:37.226+0530] {processor.py:175} INFO - Processing /home/ris/PycharmProjects/pythonProject/USA-housing/venv/lib/python3.10/site-packages/airflow/example_dags/example_branch_labels.py took 0.105 seconds
[2023-03-04T10:43:20.099+0530] {processor.py:153} INFO - Started process (PID=33759) to work on /home/ris/PycharmProjects/pythonProject/USA-housing/venv/lib/python3.10/site-packages/airflow/example_dags/example_branch_labels.py
[2023-03-04T10:43:20.101+0530] {processor.py:743} INFO - Processing file /home/ris/PycharmProjects/pythonProject/USA-housing/venv/lib/python3.10/site-packages/airflow/example_dags/example_branch_labels.py for tasks to queue
[2023-03-04T10:43:20.102+0530] {logging_mixin.py:137} INFO - [2023-03-04T10:43:20.102+0530] {dagbag.py:538} INFO - Filling up the DagBag from /home/ris/PycharmProjects/pythonProject/USA-housing/venv/lib/python3.10/site-packages/airflow/example_dags/example_branch_labels.py
[2023-03-04T10:43:20.119+0530] {processor.py:753} INFO - DAG(s) dict_keys(['example_branch_labels']) retrieved from /home/ris/PycharmProjects/pythonProject/USA-housing/venv/lib/python3.10/site-packages/airflow/example_dags/example_branch_labels.py
[2023-03-04T10:43:20.155+0530] {logging_mixin.py:137} INFO - [2023-03-04T10:43:20.154+0530] {dag.py:2690} INFO - Sync 1 DAGs
[2023-03-04T10:43:20.183+0530] {logging_mixin.py:137} INFO - [2023-03-04T10:43:20.183+0530] {dag.py:3437} INFO - Setting next_dagrun for example_branch_labels to 2023-03-03T00:00:00+00:00, run_after=2023-03-04T00:00:00+00:00
[2023-03-04T10:43:20.212+0530] {processor.py:175} INFO - Processing /home/ris/PycharmProjects/pythonProject/USA-housing/venv/lib/python3.10/site-packages/airflow/example_dags/example_branch_labels.py took 0.116 seconds
[2023-03-04T10:44:09.272+0530] {processor.py:153} INFO - Started process (PID=33809) to work on /home/ris/PycharmProjects/pythonProject/USA-housing/venv/lib/python3.10/site-packages/airflow/example_dags/example_branch_labels.py
[2023-03-04T10:44:09.274+0530] {processor.py:743} INFO - Processing file /home/ris/PycharmProjects/pythonProject/USA-housing/venv/lib/python3.10/site-packages/airflow/example_dags/example_branch_labels.py for tasks to queue
[2023-03-04T10:44:09.275+0530] {logging_mixin.py:137} INFO - [2023-03-04T10:44:09.274+0530] {dagbag.py:538} INFO - Filling up the DagBag from /home/ris/PycharmProjects/pythonProject/USA-housing/venv/lib/python3.10/site-packages/airflow/example_dags/example_branch_labels.py
[2023-03-04T10:44:09.288+0530] {processor.py:753} INFO - DAG(s) dict_keys(['example_branch_labels']) retrieved from /home/ris/PycharmProjects/pythonProject/USA-housing/venv/lib/python3.10/site-packages/airflow/example_dags/example_branch_labels.py
[2023-03-04T10:44:09.305+0530] {logging_mixin.py:137} INFO - [2023-03-04T10:44:09.305+0530] {dag.py:2690} INFO - Sync 1 DAGs
[2023-03-04T10:44:09.327+0530] {logging_mixin.py:137} INFO - [2023-03-04T10:44:09.327+0530] {dag.py:3437} INFO - Setting next_dagrun for example_branch_labels to 2023-03-03T00:00:00+00:00, run_after=2023-03-04T00:00:00+00:00
[2023-03-04T10:44:09.347+0530] {processor.py:175} INFO - Processing /home/ris/PycharmProjects/pythonProject/USA-housing/venv/lib/python3.10/site-packages/airflow/example_dags/example_branch_labels.py took 0.079 seconds
[2023-03-04T10:44:55.188+0530] {processor.py:153} INFO - Started process (PID=33864) to work on /home/ris/PycharmProjects/pythonProject/USA-housing/venv/lib/python3.10/site-packages/airflow/example_dags/example_branch_labels.py
[2023-03-04T10:44:55.189+0530] {processor.py:743} INFO - Processing file /home/ris/PycharmProjects/pythonProject/USA-housing/venv/lib/python3.10/site-packages/airflow/example_dags/example_branch_labels.py for tasks to queue
[2023-03-04T10:44:55.190+0530] {logging_mixin.py:137} INFO - [2023-03-04T10:44:55.190+0530] {dagbag.py:538} INFO - Filling up the DagBag from /home/ris/PycharmProjects/pythonProject/USA-housing/venv/lib/python3.10/site-packages/airflow/example_dags/example_branch_labels.py
[2023-03-04T10:44:55.209+0530] {processor.py:753} INFO - DAG(s) dict_keys(['example_branch_labels']) retrieved from /home/ris/PycharmProjects/pythonProject/USA-housing/venv/lib/python3.10/site-packages/airflow/example_dags/example_branch_labels.py
[2023-03-04T10:44:55.231+0530] {logging_mixin.py:137} INFO - [2023-03-04T10:44:55.231+0530] {dag.py:2690} INFO - Sync 1 DAGs
[2023-03-04T10:44:55.259+0530] {logging_mixin.py:137} INFO - [2023-03-04T10:44:55.259+0530] {dag.py:3437} INFO - Setting next_dagrun for example_branch_labels to 2023-03-03T00:00:00+00:00, run_after=2023-03-04T00:00:00+00:00
[2023-03-04T10:44:55.289+0530] {processor.py:175} INFO - Processing /home/ris/PycharmProjects/pythonProject/USA-housing/venv/lib/python3.10/site-packages/airflow/example_dags/example_branch_labels.py took 0.104 seconds
[2023-03-04T10:45:48.381+0530] {processor.py:153} INFO - Started process (PID=33921) to work on /home/ris/PycharmProjects/pythonProject/USA-housing/venv/lib/python3.10/site-packages/airflow/example_dags/example_branch_labels.py
[2023-03-04T10:45:48.384+0530] {processor.py:743} INFO - Processing file /home/ris/PycharmProjects/pythonProject/USA-housing/venv/lib/python3.10/site-packages/airflow/example_dags/example_branch_labels.py for tasks to queue
[2023-03-04T10:45:48.385+0530] {logging_mixin.py:137} INFO - [2023-03-04T10:45:48.385+0530] {dagbag.py:538} INFO - Filling up the DagBag from /home/ris/PycharmProjects/pythonProject/USA-housing/venv/lib/python3.10/site-packages/airflow/example_dags/example_branch_labels.py
[2023-03-04T10:45:48.409+0530] {processor.py:753} INFO - DAG(s) dict_keys(['example_branch_labels']) retrieved from /home/ris/PycharmProjects/pythonProject/USA-housing/venv/lib/python3.10/site-packages/airflow/example_dags/example_branch_labels.py
[2023-03-04T10:45:48.438+0530] {logging_mixin.py:137} INFO - [2023-03-04T10:45:48.438+0530] {dag.py:2690} INFO - Sync 1 DAGs
[2023-03-04T10:45:48.473+0530] {logging_mixin.py:137} INFO - [2023-03-04T10:45:48.472+0530] {dag.py:3437} INFO - Setting next_dagrun for example_branch_labels to 2023-03-03T00:00:00+00:00, run_after=2023-03-04T00:00:00+00:00
[2023-03-04T10:45:48.503+0530] {processor.py:175} INFO - Processing /home/ris/PycharmProjects/pythonProject/USA-housing/venv/lib/python3.10/site-packages/airflow/example_dags/example_branch_labels.py took 0.126 seconds
[2023-03-04T10:46:31.970+0530] {processor.py:153} INFO - Started process (PID=33972) to work on /home/ris/PycharmProjects/pythonProject/USA-housing/venv/lib/python3.10/site-packages/airflow/example_dags/example_branch_labels.py
[2023-03-04T10:46:31.976+0530] {processor.py:743} INFO - Processing file /home/ris/PycharmProjects/pythonProject/USA-housing/venv/lib/python3.10/site-packages/airflow/example_dags/example_branch_labels.py for tasks to queue
[2023-03-04T10:46:31.979+0530] {logging_mixin.py:137} INFO - [2023-03-04T10:46:31.978+0530] {dagbag.py:538} INFO - Filling up the DagBag from /home/ris/PycharmProjects/pythonProject/USA-housing/venv/lib/python3.10/site-packages/airflow/example_dags/example_branch_labels.py
[2023-03-04T10:46:32.040+0530] {processor.py:753} INFO - DAG(s) dict_keys(['example_branch_labels']) retrieved from /home/ris/PycharmProjects/pythonProject/USA-housing/venv/lib/python3.10/site-packages/airflow/example_dags/example_branch_labels.py
[2023-03-04T10:46:32.086+0530] {logging_mixin.py:137} INFO - [2023-03-04T10:46:32.086+0530] {dag.py:2690} INFO - Sync 1 DAGs
[2023-03-04T10:46:32.146+0530] {logging_mixin.py:137} INFO - [2023-03-04T10:46:32.145+0530] {dag.py:3437} INFO - Setting next_dagrun for example_branch_labels to 2023-03-03T00:00:00+00:00, run_after=2023-03-04T00:00:00+00:00
[2023-03-04T10:46:32.215+0530] {processor.py:175} INFO - Processing /home/ris/PycharmProjects/pythonProject/USA-housing/venv/lib/python3.10/site-packages/airflow/example_dags/example_branch_labels.py took 0.260 seconds
[2023-03-04T10:47:21.425+0530] {processor.py:153} INFO - Started process (PID=34027) to work on /home/ris/PycharmProjects/pythonProject/USA-housing/venv/lib/python3.10/site-packages/airflow/example_dags/example_branch_labels.py
[2023-03-04T10:47:21.427+0530] {processor.py:743} INFO - Processing file /home/ris/PycharmProjects/pythonProject/USA-housing/venv/lib/python3.10/site-packages/airflow/example_dags/example_branch_labels.py for tasks to queue
[2023-03-04T10:47:21.427+0530] {logging_mixin.py:137} INFO - [2023-03-04T10:47:21.427+0530] {dagbag.py:538} INFO - Filling up the DagBag from /home/ris/PycharmProjects/pythonProject/USA-housing/venv/lib/python3.10/site-packages/airflow/example_dags/example_branch_labels.py
[2023-03-04T10:47:21.442+0530] {processor.py:753} INFO - DAG(s) dict_keys(['example_branch_labels']) retrieved from /home/ris/PycharmProjects/pythonProject/USA-housing/venv/lib/python3.10/site-packages/airflow/example_dags/example_branch_labels.py
[2023-03-04T10:47:21.460+0530] {logging_mixin.py:137} INFO - [2023-03-04T10:47:21.460+0530] {dag.py:2690} INFO - Sync 1 DAGs
[2023-03-04T10:47:21.486+0530] {logging_mixin.py:137} INFO - [2023-03-04T10:47:21.486+0530] {dag.py:3437} INFO - Setting next_dagrun for example_branch_labels to 2023-03-03T00:00:00+00:00, run_after=2023-03-04T00:00:00+00:00
[2023-03-04T10:47:21.524+0530] {processor.py:175} INFO - Processing /home/ris/PycharmProjects/pythonProject/USA-housing/venv/lib/python3.10/site-packages/airflow/example_dags/example_branch_labels.py took 0.102 seconds
[2023-03-04T10:48:17.214+0530] {processor.py:153} INFO - Started process (PID=34084) to work on /home/ris/PycharmProjects/pythonProject/USA-housing/venv/lib/python3.10/site-packages/airflow/example_dags/example_branch_labels.py
[2023-03-04T10:48:17.216+0530] {processor.py:743} INFO - Processing file /home/ris/PycharmProjects/pythonProject/USA-housing/venv/lib/python3.10/site-packages/airflow/example_dags/example_branch_labels.py for tasks to queue
[2023-03-04T10:48:17.217+0530] {logging_mixin.py:137} INFO - [2023-03-04T10:48:17.216+0530] {dagbag.py:538} INFO - Filling up the DagBag from /home/ris/PycharmProjects/pythonProject/USA-housing/venv/lib/python3.10/site-packages/airflow/example_dags/example_branch_labels.py
[2023-03-04T10:48:17.235+0530] {processor.py:753} INFO - DAG(s) dict_keys(['example_branch_labels']) retrieved from /home/ris/PycharmProjects/pythonProject/USA-housing/venv/lib/python3.10/site-packages/airflow/example_dags/example_branch_labels.py
[2023-03-04T10:48:17.269+0530] {logging_mixin.py:137} INFO - [2023-03-04T10:48:17.269+0530] {dag.py:2690} INFO - Sync 1 DAGs
[2023-03-04T10:48:17.319+0530] {logging_mixin.py:137} INFO - [2023-03-04T10:48:17.319+0530] {dag.py:3437} INFO - Setting next_dagrun for example_branch_labels to 2023-03-03T00:00:00+00:00, run_after=2023-03-04T00:00:00+00:00
[2023-03-04T10:48:17.360+0530] {processor.py:175} INFO - Processing /home/ris/PycharmProjects/pythonProject/USA-housing/venv/lib/python3.10/site-packages/airflow/example_dags/example_branch_labels.py took 0.149 seconds
[2023-03-04T10:49:12.645+0530] {processor.py:153} INFO - Started process (PID=34155) to work on /home/ris/PycharmProjects/pythonProject/USA-housing/venv/lib/python3.10/site-packages/airflow/example_dags/example_branch_labels.py
[2023-03-04T10:49:12.647+0530] {processor.py:743} INFO - Processing file /home/ris/PycharmProjects/pythonProject/USA-housing/venv/lib/python3.10/site-packages/airflow/example_dags/example_branch_labels.py for tasks to queue
[2023-03-04T10:49:12.647+0530] {logging_mixin.py:137} INFO - [2023-03-04T10:49:12.647+0530] {dagbag.py:538} INFO - Filling up the DagBag from /home/ris/PycharmProjects/pythonProject/USA-housing/venv/lib/python3.10/site-packages/airflow/example_dags/example_branch_labels.py
[2023-03-04T10:49:12.661+0530] {processor.py:753} INFO - DAG(s) dict_keys(['example_branch_labels']) retrieved from /home/ris/PycharmProjects/pythonProject/USA-housing/venv/lib/python3.10/site-packages/airflow/example_dags/example_branch_labels.py
[2023-03-04T10:49:12.683+0530] {logging_mixin.py:137} INFO - [2023-03-04T10:49:12.683+0530] {dag.py:2690} INFO - Sync 1 DAGs
[2023-03-04T10:49:12.706+0530] {logging_mixin.py:137} INFO - [2023-03-04T10:49:12.706+0530] {dag.py:3437} INFO - Setting next_dagrun for example_branch_labels to 2023-03-03T00:00:00+00:00, run_after=2023-03-04T00:00:00+00:00
[2023-03-04T10:49:12.731+0530] {processor.py:175} INFO - Processing /home/ris/PycharmProjects/pythonProject/USA-housing/venv/lib/python3.10/site-packages/airflow/example_dags/example_branch_labels.py took 0.089 seconds
[2023-03-04T10:49:56.886+0530] {processor.py:153} INFO - Started process (PID=34221) to work on /home/ris/PycharmProjects/pythonProject/USA-housing/venv/lib/python3.10/site-packages/airflow/example_dags/example_branch_labels.py
[2023-03-04T10:49:56.891+0530] {processor.py:743} INFO - Processing file /home/ris/PycharmProjects/pythonProject/USA-housing/venv/lib/python3.10/site-packages/airflow/example_dags/example_branch_labels.py for tasks to queue
[2023-03-04T10:49:56.894+0530] {logging_mixin.py:137} INFO - [2023-03-04T10:49:56.893+0530] {dagbag.py:538} INFO - Filling up the DagBag from /home/ris/PycharmProjects/pythonProject/USA-housing/venv/lib/python3.10/site-packages/airflow/example_dags/example_branch_labels.py
[2023-03-04T10:49:56.940+0530] {processor.py:753} INFO - DAG(s) dict_keys(['example_branch_labels']) retrieved from /home/ris/PycharmProjects/pythonProject/USA-housing/venv/lib/python3.10/site-packages/airflow/example_dags/example_branch_labels.py
[2023-03-04T10:49:56.969+0530] {logging_mixin.py:137} INFO - [2023-03-04T10:49:56.969+0530] {dag.py:2690} INFO - Sync 1 DAGs
[2023-03-04T10:49:57.000+0530] {logging_mixin.py:137} INFO - [2023-03-04T10:49:57.000+0530] {dag.py:3437} INFO - Setting next_dagrun for example_branch_labels to 2023-03-03T00:00:00+00:00, run_after=2023-03-04T00:00:00+00:00
[2023-03-04T10:49:57.030+0530] {processor.py:175} INFO - Processing /home/ris/PycharmProjects/pythonProject/USA-housing/venv/lib/python3.10/site-packages/airflow/example_dags/example_branch_labels.py took 0.151 seconds
[2023-03-04T10:50:45.484+0530] {processor.py:153} INFO - Started process (PID=34322) to work on /home/ris/PycharmProjects/pythonProject/USA-housing/venv/lib/python3.10/site-packages/airflow/example_dags/example_branch_labels.py
[2023-03-04T10:50:45.486+0530] {processor.py:743} INFO - Processing file /home/ris/PycharmProjects/pythonProject/USA-housing/venv/lib/python3.10/site-packages/airflow/example_dags/example_branch_labels.py for tasks to queue
[2023-03-04T10:50:45.487+0530] {logging_mixin.py:137} INFO - [2023-03-04T10:50:45.487+0530] {dagbag.py:538} INFO - Filling up the DagBag from /home/ris/PycharmProjects/pythonProject/USA-housing/venv/lib/python3.10/site-packages/airflow/example_dags/example_branch_labels.py
[2023-03-04T10:50:45.505+0530] {processor.py:753} INFO - DAG(s) dict_keys(['example_branch_labels']) retrieved from /home/ris/PycharmProjects/pythonProject/USA-housing/venv/lib/python3.10/site-packages/airflow/example_dags/example_branch_labels.py
[2023-03-04T10:50:45.528+0530] {logging_mixin.py:137} INFO - [2023-03-04T10:50:45.527+0530] {dag.py:2690} INFO - Sync 1 DAGs
[2023-03-04T10:50:45.553+0530] {logging_mixin.py:137} INFO - [2023-03-04T10:50:45.553+0530] {dag.py:3437} INFO - Setting next_dagrun for example_branch_labels to 2023-03-03T00:00:00+00:00, run_after=2023-03-04T00:00:00+00:00
[2023-03-04T10:50:45.581+0530] {processor.py:175} INFO - Processing /home/ris/PycharmProjects/pythonProject/USA-housing/venv/lib/python3.10/site-packages/airflow/example_dags/example_branch_labels.py took 0.100 seconds
[2023-03-04T10:51:37.776+0530] {processor.py:153} INFO - Started process (PID=34389) to work on /home/ris/PycharmProjects/pythonProject/USA-housing/venv/lib/python3.10/site-packages/airflow/example_dags/example_branch_labels.py
[2023-03-04T10:51:37.777+0530] {processor.py:743} INFO - Processing file /home/ris/PycharmProjects/pythonProject/USA-housing/venv/lib/python3.10/site-packages/airflow/example_dags/example_branch_labels.py for tasks to queue
[2023-03-04T10:51:37.778+0530] {logging_mixin.py:137} INFO - [2023-03-04T10:51:37.778+0530] {dagbag.py:538} INFO - Filling up the DagBag from /home/ris/PycharmProjects/pythonProject/USA-housing/venv/lib/python3.10/site-packages/airflow/example_dags/example_branch_labels.py
[2023-03-04T10:51:37.792+0530] {processor.py:753} INFO - DAG(s) dict_keys(['example_branch_labels']) retrieved from /home/ris/PycharmProjects/pythonProject/USA-housing/venv/lib/python3.10/site-packages/airflow/example_dags/example_branch_labels.py
[2023-03-04T10:51:37.819+0530] {logging_mixin.py:137} INFO - [2023-03-04T10:51:37.818+0530] {dag.py:2690} INFO - Sync 1 DAGs
[2023-03-04T10:51:37.852+0530] {logging_mixin.py:137} INFO - [2023-03-04T10:51:37.852+0530] {dag.py:3437} INFO - Setting next_dagrun for example_branch_labels to 2023-03-03T00:00:00+00:00, run_after=2023-03-04T00:00:00+00:00
[2023-03-04T10:51:37.873+0530] {processor.py:175} INFO - Processing /home/ris/PycharmProjects/pythonProject/USA-housing/venv/lib/python3.10/site-packages/airflow/example_dags/example_branch_labels.py took 0.101 seconds
[2023-03-04T10:52:26.093+0530] {processor.py:153} INFO - Started process (PID=34459) to work on /home/ris/PycharmProjects/pythonProject/USA-housing/venv/lib/python3.10/site-packages/airflow/example_dags/example_branch_labels.py
[2023-03-04T10:52:26.095+0530] {processor.py:743} INFO - Processing file /home/ris/PycharmProjects/pythonProject/USA-housing/venv/lib/python3.10/site-packages/airflow/example_dags/example_branch_labels.py for tasks to queue
[2023-03-04T10:52:26.096+0530] {logging_mixin.py:137} INFO - [2023-03-04T10:52:26.096+0530] {dagbag.py:538} INFO - Filling up the DagBag from /home/ris/PycharmProjects/pythonProject/USA-housing/venv/lib/python3.10/site-packages/airflow/example_dags/example_branch_labels.py
[2023-03-04T10:52:26.112+0530] {processor.py:753} INFO - DAG(s) dict_keys(['example_branch_labels']) retrieved from /home/ris/PycharmProjects/pythonProject/USA-housing/venv/lib/python3.10/site-packages/airflow/example_dags/example_branch_labels.py
[2023-03-04T10:52:26.136+0530] {logging_mixin.py:137} INFO - [2023-03-04T10:52:26.136+0530] {dag.py:2690} INFO - Sync 1 DAGs
[2023-03-04T10:52:26.160+0530] {logging_mixin.py:137} INFO - [2023-03-04T10:52:26.160+0530] {dag.py:3437} INFO - Setting next_dagrun for example_branch_labels to 2023-03-03T00:00:00+00:00, run_after=2023-03-04T00:00:00+00:00
[2023-03-04T10:52:26.180+0530] {processor.py:175} INFO - Processing /home/ris/PycharmProjects/pythonProject/USA-housing/venv/lib/python3.10/site-packages/airflow/example_dags/example_branch_labels.py took 0.090 seconds
[2023-03-04T10:53:18.836+0530] {processor.py:153} INFO - Started process (PID=34588) to work on /home/ris/PycharmProjects/pythonProject/USA-housing/venv/lib/python3.10/site-packages/airflow/example_dags/example_branch_labels.py
[2023-03-04T10:53:18.839+0530] {processor.py:743} INFO - Processing file /home/ris/PycharmProjects/pythonProject/USA-housing/venv/lib/python3.10/site-packages/airflow/example_dags/example_branch_labels.py for tasks to queue
[2023-03-04T10:53:18.841+0530] {logging_mixin.py:137} INFO - [2023-03-04T10:53:18.840+0530] {dagbag.py:538} INFO - Filling up the DagBag from /home/ris/PycharmProjects/pythonProject/USA-housing/venv/lib/python3.10/site-packages/airflow/example_dags/example_branch_labels.py
[2023-03-04T10:53:18.857+0530] {processor.py:753} INFO - DAG(s) dict_keys(['example_branch_labels']) retrieved from /home/ris/PycharmProjects/pythonProject/USA-housing/venv/lib/python3.10/site-packages/airflow/example_dags/example_branch_labels.py
[2023-03-04T10:53:18.880+0530] {logging_mixin.py:137} INFO - [2023-03-04T10:53:18.880+0530] {dag.py:2690} INFO - Sync 1 DAGs
[2023-03-04T10:53:18.906+0530] {logging_mixin.py:137} INFO - [2023-03-04T10:53:18.906+0530] {dag.py:3437} INFO - Setting next_dagrun for example_branch_labels to 2023-03-03T00:00:00+00:00, run_after=2023-03-04T00:00:00+00:00
[2023-03-04T10:53:18.944+0530] {processor.py:175} INFO - Processing /home/ris/PycharmProjects/pythonProject/USA-housing/venv/lib/python3.10/site-packages/airflow/example_dags/example_branch_labels.py took 0.111 seconds
[2023-03-04T10:54:14.693+0530] {processor.py:153} INFO - Started process (PID=34741) to work on /home/ris/PycharmProjects/pythonProject/USA-housing/venv/lib/python3.10/site-packages/airflow/example_dags/example_branch_labels.py
[2023-03-04T10:54:14.694+0530] {processor.py:743} INFO - Processing file /home/ris/PycharmProjects/pythonProject/USA-housing/venv/lib/python3.10/site-packages/airflow/example_dags/example_branch_labels.py for tasks to queue
[2023-03-04T10:54:14.696+0530] {logging_mixin.py:137} INFO - [2023-03-04T10:54:14.695+0530] {dagbag.py:538} INFO - Filling up the DagBag from /home/ris/PycharmProjects/pythonProject/USA-housing/venv/lib/python3.10/site-packages/airflow/example_dags/example_branch_labels.py
[2023-03-04T10:54:14.716+0530] {processor.py:753} INFO - DAG(s) dict_keys(['example_branch_labels']) retrieved from /home/ris/PycharmProjects/pythonProject/USA-housing/venv/lib/python3.10/site-packages/airflow/example_dags/example_branch_labels.py
[2023-03-04T10:54:14.738+0530] {logging_mixin.py:137} INFO - [2023-03-04T10:54:14.738+0530] {dag.py:2690} INFO - Sync 1 DAGs
[2023-03-04T10:54:14.765+0530] {logging_mixin.py:137} INFO - [2023-03-04T10:54:14.764+0530] {dag.py:3437} INFO - Setting next_dagrun for example_branch_labels to 2023-03-03T00:00:00+00:00, run_after=2023-03-04T00:00:00+00:00
[2023-03-04T10:54:14.816+0530] {processor.py:175} INFO - Processing /home/ris/PycharmProjects/pythonProject/USA-housing/venv/lib/python3.10/site-packages/airflow/example_dags/example_branch_labels.py took 0.126 seconds
[2023-03-04T10:55:05.226+0530] {processor.py:153} INFO - Started process (PID=34813) to work on /home/ris/PycharmProjects/pythonProject/USA-housing/venv/lib/python3.10/site-packages/airflow/example_dags/example_branch_labels.py
[2023-03-04T10:55:05.228+0530] {processor.py:743} INFO - Processing file /home/ris/PycharmProjects/pythonProject/USA-housing/venv/lib/python3.10/site-packages/airflow/example_dags/example_branch_labels.py for tasks to queue
[2023-03-04T10:55:05.228+0530] {logging_mixin.py:137} INFO - [2023-03-04T10:55:05.228+0530] {dagbag.py:538} INFO - Filling up the DagBag from /home/ris/PycharmProjects/pythonProject/USA-housing/venv/lib/python3.10/site-packages/airflow/example_dags/example_branch_labels.py
[2023-03-04T10:55:05.242+0530] {processor.py:753} INFO - DAG(s) dict_keys(['example_branch_labels']) retrieved from /home/ris/PycharmProjects/pythonProject/USA-housing/venv/lib/python3.10/site-packages/airflow/example_dags/example_branch_labels.py
[2023-03-04T10:55:05.259+0530] {logging_mixin.py:137} INFO - [2023-03-04T10:55:05.259+0530] {dag.py:2690} INFO - Sync 1 DAGs
[2023-03-04T10:55:05.281+0530] {logging_mixin.py:137} INFO - [2023-03-04T10:55:05.280+0530] {dag.py:3437} INFO - Setting next_dagrun for example_branch_labels to 2023-03-03T00:00:00+00:00, run_after=2023-03-04T00:00:00+00:00
[2023-03-04T10:55:05.300+0530] {processor.py:175} INFO - Processing /home/ris/PycharmProjects/pythonProject/USA-housing/venv/lib/python3.10/site-packages/airflow/example_dags/example_branch_labels.py took 0.077 seconds
[2023-03-04T10:55:59.710+0530] {processor.py:153} INFO - Started process (PID=34883) to work on /home/ris/PycharmProjects/pythonProject/USA-housing/venv/lib/python3.10/site-packages/airflow/example_dags/example_branch_labels.py
[2023-03-04T10:55:59.712+0530] {processor.py:743} INFO - Processing file /home/ris/PycharmProjects/pythonProject/USA-housing/venv/lib/python3.10/site-packages/airflow/example_dags/example_branch_labels.py for tasks to queue
[2023-03-04T10:55:59.714+0530] {logging_mixin.py:137} INFO - [2023-03-04T10:55:59.713+0530] {dagbag.py:538} INFO - Filling up the DagBag from /home/ris/PycharmProjects/pythonProject/USA-housing/venv/lib/python3.10/site-packages/airflow/example_dags/example_branch_labels.py
[2023-03-04T10:55:59.727+0530] {processor.py:753} INFO - DAG(s) dict_keys(['example_branch_labels']) retrieved from /home/ris/PycharmProjects/pythonProject/USA-housing/venv/lib/python3.10/site-packages/airflow/example_dags/example_branch_labels.py
[2023-03-04T10:55:59.747+0530] {logging_mixin.py:137} INFO - [2023-03-04T10:55:59.747+0530] {dag.py:2690} INFO - Sync 1 DAGs
[2023-03-04T10:55:59.769+0530] {logging_mixin.py:137} INFO - [2023-03-04T10:55:59.769+0530] {dag.py:3437} INFO - Setting next_dagrun for example_branch_labels to 2023-03-03T00:00:00+00:00, run_after=2023-03-04T00:00:00+00:00
[2023-03-04T10:55:59.791+0530] {processor.py:175} INFO - Processing /home/ris/PycharmProjects/pythonProject/USA-housing/venv/lib/python3.10/site-packages/airflow/example_dags/example_branch_labels.py took 0.084 seconds
[2023-03-04T10:56:59.893+0530] {processor.py:153} INFO - Started process (PID=34978) to work on /home/ris/PycharmProjects/pythonProject/USA-housing/venv/lib/python3.10/site-packages/airflow/example_dags/example_branch_labels.py
[2023-03-04T10:56:59.895+0530] {processor.py:743} INFO - Processing file /home/ris/PycharmProjects/pythonProject/USA-housing/venv/lib/python3.10/site-packages/airflow/example_dags/example_branch_labels.py for tasks to queue
[2023-03-04T10:56:59.896+0530] {logging_mixin.py:137} INFO - [2023-03-04T10:56:59.896+0530] {dagbag.py:538} INFO - Filling up the DagBag from /home/ris/PycharmProjects/pythonProject/USA-housing/venv/lib/python3.10/site-packages/airflow/example_dags/example_branch_labels.py
[2023-03-04T10:56:59.910+0530] {processor.py:753} INFO - DAG(s) dict_keys(['example_branch_labels']) retrieved from /home/ris/PycharmProjects/pythonProject/USA-housing/venv/lib/python3.10/site-packages/airflow/example_dags/example_branch_labels.py
[2023-03-04T10:56:59.928+0530] {logging_mixin.py:137} INFO - [2023-03-04T10:56:59.928+0530] {dag.py:2690} INFO - Sync 1 DAGs
[2023-03-04T10:56:59.949+0530] {logging_mixin.py:137} INFO - [2023-03-04T10:56:59.949+0530] {dag.py:3437} INFO - Setting next_dagrun for example_branch_labels to 2023-03-03T00:00:00+00:00, run_after=2023-03-04T00:00:00+00:00
[2023-03-04T10:56:59.971+0530] {processor.py:175} INFO - Processing /home/ris/PycharmProjects/pythonProject/USA-housing/venv/lib/python3.10/site-packages/airflow/example_dags/example_branch_labels.py took 0.081 seconds
[2023-03-04T10:57:53.221+0530] {processor.py:153} INFO - Started process (PID=35055) to work on /home/ris/PycharmProjects/pythonProject/USA-housing/venv/lib/python3.10/site-packages/airflow/example_dags/example_branch_labels.py
[2023-03-04T10:57:53.224+0530] {processor.py:743} INFO - Processing file /home/ris/PycharmProjects/pythonProject/USA-housing/venv/lib/python3.10/site-packages/airflow/example_dags/example_branch_labels.py for tasks to queue
[2023-03-04T10:57:53.226+0530] {logging_mixin.py:137} INFO - [2023-03-04T10:57:53.225+0530] {dagbag.py:538} INFO - Filling up the DagBag from /home/ris/PycharmProjects/pythonProject/USA-housing/venv/lib/python3.10/site-packages/airflow/example_dags/example_branch_labels.py
[2023-03-04T10:57:53.242+0530] {processor.py:753} INFO - DAG(s) dict_keys(['example_branch_labels']) retrieved from /home/ris/PycharmProjects/pythonProject/USA-housing/venv/lib/python3.10/site-packages/airflow/example_dags/example_branch_labels.py
[2023-03-04T10:57:53.262+0530] {logging_mixin.py:137} INFO - [2023-03-04T10:57:53.261+0530] {dag.py:2690} INFO - Sync 1 DAGs
[2023-03-04T10:57:53.283+0530] {logging_mixin.py:137} INFO - [2023-03-04T10:57:53.283+0530] {dag.py:3437} INFO - Setting next_dagrun for example_branch_labels to 2023-03-03T00:00:00+00:00, run_after=2023-03-04T00:00:00+00:00
[2023-03-04T10:57:53.304+0530] {processor.py:175} INFO - Processing /home/ris/PycharmProjects/pythonProject/USA-housing/venv/lib/python3.10/site-packages/airflow/example_dags/example_branch_labels.py took 0.088 seconds
[2023-03-04T11:01:43.868+0530] {processor.py:153} INFO - Started process (PID=35233) to work on /home/ris/PycharmProjects/pythonProject/USA-housing/venv/lib/python3.10/site-packages/airflow/example_dags/example_branch_labels.py
[2023-03-04T11:01:43.870+0530] {processor.py:743} INFO - Processing file /home/ris/PycharmProjects/pythonProject/USA-housing/venv/lib/python3.10/site-packages/airflow/example_dags/example_branch_labels.py for tasks to queue
[2023-03-04T11:01:43.871+0530] {logging_mixin.py:137} INFO - [2023-03-04T11:01:43.871+0530] {dagbag.py:538} INFO - Filling up the DagBag from /home/ris/PycharmProjects/pythonProject/USA-housing/venv/lib/python3.10/site-packages/airflow/example_dags/example_branch_labels.py
[2023-03-04T11:01:43.900+0530] {processor.py:753} INFO - DAG(s) dict_keys(['example_branch_labels']) retrieved from /home/ris/PycharmProjects/pythonProject/USA-housing/venv/lib/python3.10/site-packages/airflow/example_dags/example_branch_labels.py
[2023-03-04T11:01:43.920+0530] {logging_mixin.py:137} INFO - [2023-03-04T11:01:43.920+0530] {dag.py:2690} INFO - Sync 1 DAGs
[2023-03-04T11:01:43.938+0530] {logging_mixin.py:137} INFO - [2023-03-04T11:01:43.938+0530] {dag.py:3437} INFO - Setting next_dagrun for example_branch_labels to 2023-03-03T00:00:00+00:00, run_after=2023-03-04T00:00:00+00:00
[2023-03-04T11:01:43.955+0530] {processor.py:175} INFO - Processing /home/ris/PycharmProjects/pythonProject/USA-housing/venv/lib/python3.10/site-packages/airflow/example_dags/example_branch_labels.py took 0.092 seconds
