[2023-03-04T09:23:47.097+0530] {processor.py:153} INFO - Started process (PID=29721) to work on /home/ris/PycharmProjects/pythonProject/USA-housing/venv/lib/python3.10/site-packages/airflow/example_dags/example_bash_operator.py
[2023-03-04T09:23:47.099+0530] {processor.py:743} INFO - Processing file /home/ris/PycharmProjects/pythonProject/USA-housing/venv/lib/python3.10/site-packages/airflow/example_dags/example_bash_operator.py for tasks to queue
[2023-03-04T09:23:47.100+0530] {logging_mixin.py:137} INFO - [2023-03-04T09:23:47.099+0530] {dagbag.py:538} INFO - Filling up the DagBag from /home/ris/PycharmProjects/pythonProject/USA-housing/venv/lib/python3.10/site-packages/airflow/example_dags/example_bash_operator.py
[2023-03-04T09:23:47.137+0530] {processor.py:753} INFO - DAG(s) dict_keys(['example_bash_operator']) retrieved from /home/ris/PycharmProjects/pythonProject/USA-housing/venv/lib/python3.10/site-packages/airflow/example_dags/example_bash_operator.py
[2023-03-04T09:23:47.162+0530] {logging_mixin.py:137} INFO - [2023-03-04T09:23:47.161+0530] {dag.py:2690} INFO - Sync 1 DAGs
[2023-03-04T09:23:47.180+0530] {logging_mixin.py:137} INFO - [2023-03-04T09:23:47.180+0530] {dag.py:3437} INFO - Setting next_dagrun for example_bash_operator to 2023-03-03T00:00:00+00:00, run_after=2023-03-04T00:00:00+00:00
[2023-03-04T09:23:47.200+0530] {processor.py:175} INFO - Processing /home/ris/PycharmProjects/pythonProject/USA-housing/venv/lib/python3.10/site-packages/airflow/example_dags/example_bash_operator.py took 0.108 seconds
[2023-03-04T09:24:36.546+0530] {processor.py:153} INFO - Started process (PID=29768) to work on /home/ris/PycharmProjects/pythonProject/USA-housing/venv/lib/python3.10/site-packages/airflow/example_dags/example_bash_operator.py
[2023-03-04T09:24:36.548+0530] {processor.py:743} INFO - Processing file /home/ris/PycharmProjects/pythonProject/USA-housing/venv/lib/python3.10/site-packages/airflow/example_dags/example_bash_operator.py for tasks to queue
[2023-03-04T09:24:36.549+0530] {logging_mixin.py:137} INFO - [2023-03-04T09:24:36.549+0530] {dagbag.py:538} INFO - Filling up the DagBag from /home/ris/PycharmProjects/pythonProject/USA-housing/venv/lib/python3.10/site-packages/airflow/example_dags/example_bash_operator.py
[2023-03-04T09:24:36.588+0530] {processor.py:753} INFO - DAG(s) dict_keys(['example_bash_operator']) retrieved from /home/ris/PycharmProjects/pythonProject/USA-housing/venv/lib/python3.10/site-packages/airflow/example_dags/example_bash_operator.py
[2023-03-04T09:24:36.613+0530] {logging_mixin.py:137} INFO - [2023-03-04T09:24:36.613+0530] {dag.py:2690} INFO - Sync 1 DAGs
[2023-03-04T09:24:36.631+0530] {logging_mixin.py:137} INFO - [2023-03-04T09:24:36.631+0530] {dag.py:3437} INFO - Setting next_dagrun for example_bash_operator to 2023-03-03T00:00:00+00:00, run_after=2023-03-04T00:00:00+00:00
[2023-03-04T09:24:36.649+0530] {processor.py:175} INFO - Processing /home/ris/PycharmProjects/pythonProject/USA-housing/venv/lib/python3.10/site-packages/airflow/example_dags/example_bash_operator.py took 0.108 seconds
[2023-03-04T09:25:23.784+0530] {processor.py:153} INFO - Started process (PID=29821) to work on /home/ris/PycharmProjects/pythonProject/USA-housing/venv/lib/python3.10/site-packages/airflow/example_dags/example_bash_operator.py
[2023-03-04T09:25:23.786+0530] {processor.py:743} INFO - Processing file /home/ris/PycharmProjects/pythonProject/USA-housing/venv/lib/python3.10/site-packages/airflow/example_dags/example_bash_operator.py for tasks to queue
[2023-03-04T09:25:23.787+0530] {logging_mixin.py:137} INFO - [2023-03-04T09:25:23.787+0530] {dagbag.py:538} INFO - Filling up the DagBag from /home/ris/PycharmProjects/pythonProject/USA-housing/venv/lib/python3.10/site-packages/airflow/example_dags/example_bash_operator.py
[2023-03-04T09:25:23.826+0530] {processor.py:753} INFO - DAG(s) dict_keys(['example_bash_operator']) retrieved from /home/ris/PycharmProjects/pythonProject/USA-housing/venv/lib/python3.10/site-packages/airflow/example_dags/example_bash_operator.py
[2023-03-04T09:25:23.853+0530] {logging_mixin.py:137} INFO - [2023-03-04T09:25:23.853+0530] {dag.py:2690} INFO - Sync 1 DAGs
[2023-03-04T09:25:23.870+0530] {logging_mixin.py:137} INFO - [2023-03-04T09:25:23.870+0530] {dag.py:3437} INFO - Setting next_dagrun for example_bash_operator to 2023-03-03T00:00:00+00:00, run_after=2023-03-04T00:00:00+00:00
[2023-03-04T09:25:23.888+0530] {processor.py:175} INFO - Processing /home/ris/PycharmProjects/pythonProject/USA-housing/venv/lib/python3.10/site-packages/airflow/example_dags/example_bash_operator.py took 0.108 seconds
[2023-03-04T09:26:09.429+0530] {processor.py:153} INFO - Started process (PID=30103) to work on /home/ris/PycharmProjects/pythonProject/USA-housing/venv/lib/python3.10/site-packages/airflow/example_dags/example_bash_operator.py
[2023-03-04T09:26:09.432+0530] {processor.py:743} INFO - Processing file /home/ris/PycharmProjects/pythonProject/USA-housing/venv/lib/python3.10/site-packages/airflow/example_dags/example_bash_operator.py for tasks to queue
[2023-03-04T09:26:09.433+0530] {logging_mixin.py:137} INFO - [2023-03-04T09:26:09.433+0530] {dagbag.py:538} INFO - Filling up the DagBag from /home/ris/PycharmProjects/pythonProject/USA-housing/venv/lib/python3.10/site-packages/airflow/example_dags/example_bash_operator.py
[2023-03-04T09:26:09.471+0530] {processor.py:753} INFO - DAG(s) dict_keys(['example_bash_operator']) retrieved from /home/ris/PycharmProjects/pythonProject/USA-housing/venv/lib/python3.10/site-packages/airflow/example_dags/example_bash_operator.py
[2023-03-04T09:26:09.498+0530] {logging_mixin.py:137} INFO - [2023-03-04T09:26:09.497+0530] {dag.py:2690} INFO - Sync 1 DAGs
[2023-03-04T09:26:09.515+0530] {logging_mixin.py:137} INFO - [2023-03-04T09:26:09.515+0530] {dag.py:3437} INFO - Setting next_dagrun for example_bash_operator to 2023-03-03T00:00:00+00:00, run_after=2023-03-04T00:00:00+00:00
[2023-03-04T09:26:09.532+0530] {processor.py:175} INFO - Processing /home/ris/PycharmProjects/pythonProject/USA-housing/venv/lib/python3.10/site-packages/airflow/example_dags/example_bash_operator.py took 0.107 seconds
[2023-03-04T09:26:58.457+0530] {processor.py:153} INFO - Started process (PID=30151) to work on /home/ris/PycharmProjects/pythonProject/USA-housing/venv/lib/python3.10/site-packages/airflow/example_dags/example_bash_operator.py
[2023-03-04T09:26:58.458+0530] {processor.py:743} INFO - Processing file /home/ris/PycharmProjects/pythonProject/USA-housing/venv/lib/python3.10/site-packages/airflow/example_dags/example_bash_operator.py for tasks to queue
[2023-03-04T09:26:58.459+0530] {logging_mixin.py:137} INFO - [2023-03-04T09:26:58.459+0530] {dagbag.py:538} INFO - Filling up the DagBag from /home/ris/PycharmProjects/pythonProject/USA-housing/venv/lib/python3.10/site-packages/airflow/example_dags/example_bash_operator.py
[2023-03-04T09:26:58.476+0530] {processor.py:753} INFO - DAG(s) dict_keys(['example_bash_operator']) retrieved from /home/ris/PycharmProjects/pythonProject/USA-housing/venv/lib/python3.10/site-packages/airflow/example_dags/example_bash_operator.py
[2023-03-04T09:26:58.501+0530] {logging_mixin.py:137} INFO - [2023-03-04T09:26:58.501+0530] {dag.py:2690} INFO - Sync 1 DAGs
[2023-03-04T09:26:58.518+0530] {logging_mixin.py:137} INFO - [2023-03-04T09:26:58.518+0530] {dag.py:3437} INFO - Setting next_dagrun for example_bash_operator to 2023-03-03T00:00:00+00:00, run_after=2023-03-04T00:00:00+00:00
[2023-03-04T09:26:58.536+0530] {processor.py:175} INFO - Processing /home/ris/PycharmProjects/pythonProject/USA-housing/venv/lib/python3.10/site-packages/airflow/example_dags/example_bash_operator.py took 0.081 seconds
[2023-03-04T09:27:47.711+0530] {processor.py:153} INFO - Started process (PID=30201) to work on /home/ris/PycharmProjects/pythonProject/USA-housing/venv/lib/python3.10/site-packages/airflow/example_dags/example_bash_operator.py
[2023-03-04T09:27:47.714+0530] {processor.py:743} INFO - Processing file /home/ris/PycharmProjects/pythonProject/USA-housing/venv/lib/python3.10/site-packages/airflow/example_dags/example_bash_operator.py for tasks to queue
[2023-03-04T09:27:47.715+0530] {logging_mixin.py:137} INFO - [2023-03-04T09:27:47.714+0530] {dagbag.py:538} INFO - Filling up the DagBag from /home/ris/PycharmProjects/pythonProject/USA-housing/venv/lib/python3.10/site-packages/airflow/example_dags/example_bash_operator.py
[2023-03-04T09:27:47.753+0530] {processor.py:753} INFO - DAG(s) dict_keys(['example_bash_operator']) retrieved from /home/ris/PycharmProjects/pythonProject/USA-housing/venv/lib/python3.10/site-packages/airflow/example_dags/example_bash_operator.py
[2023-03-04T09:27:47.778+0530] {logging_mixin.py:137} INFO - [2023-03-04T09:27:47.778+0530] {dag.py:2690} INFO - Sync 1 DAGs
[2023-03-04T09:27:47.795+0530] {logging_mixin.py:137} INFO - [2023-03-04T09:27:47.795+0530] {dag.py:3437} INFO - Setting next_dagrun for example_bash_operator to 2023-03-03T00:00:00+00:00, run_after=2023-03-04T00:00:00+00:00
[2023-03-04T09:27:47.814+0530] {processor.py:175} INFO - Processing /home/ris/PycharmProjects/pythonProject/USA-housing/venv/lib/python3.10/site-packages/airflow/example_dags/example_bash_operator.py took 0.107 seconds
[2023-03-04T09:28:28.276+0530] {processor.py:153} INFO - Started process (PID=30245) to work on /home/ris/PycharmProjects/pythonProject/USA-housing/venv/lib/python3.10/site-packages/airflow/example_dags/example_bash_operator.py
[2023-03-04T09:28:28.277+0530] {processor.py:743} INFO - Processing file /home/ris/PycharmProjects/pythonProject/USA-housing/venv/lib/python3.10/site-packages/airflow/example_dags/example_bash_operator.py for tasks to queue
[2023-03-04T09:28:28.278+0530] {logging_mixin.py:137} INFO - [2023-03-04T09:28:28.277+0530] {dagbag.py:538} INFO - Filling up the DagBag from /home/ris/PycharmProjects/pythonProject/USA-housing/venv/lib/python3.10/site-packages/airflow/example_dags/example_bash_operator.py
[2023-03-04T09:28:28.295+0530] {processor.py:753} INFO - DAG(s) dict_keys(['example_bash_operator']) retrieved from /home/ris/PycharmProjects/pythonProject/USA-housing/venv/lib/python3.10/site-packages/airflow/example_dags/example_bash_operator.py
[2023-03-04T09:28:28.322+0530] {logging_mixin.py:137} INFO - [2023-03-04T09:28:28.322+0530] {dag.py:2690} INFO - Sync 1 DAGs
[2023-03-04T09:28:28.341+0530] {logging_mixin.py:137} INFO - [2023-03-04T09:28:28.340+0530] {dag.py:3437} INFO - Setting next_dagrun for example_bash_operator to 2023-03-03T00:00:00+00:00, run_after=2023-03-04T00:00:00+00:00
[2023-03-04T09:28:28.358+0530] {processor.py:175} INFO - Processing /home/ris/PycharmProjects/pythonProject/USA-housing/venv/lib/python3.10/site-packages/airflow/example_dags/example_bash_operator.py took 0.085 seconds
[2023-03-04T09:29:12.864+0530] {processor.py:153} INFO - Started process (PID=30292) to work on /home/ris/PycharmProjects/pythonProject/USA-housing/venv/lib/python3.10/site-packages/airflow/example_dags/example_bash_operator.py
[2023-03-04T09:29:12.866+0530] {processor.py:743} INFO - Processing file /home/ris/PycharmProjects/pythonProject/USA-housing/venv/lib/python3.10/site-packages/airflow/example_dags/example_bash_operator.py for tasks to queue
[2023-03-04T09:29:12.867+0530] {logging_mixin.py:137} INFO - [2023-03-04T09:29:12.867+0530] {dagbag.py:538} INFO - Filling up the DagBag from /home/ris/PycharmProjects/pythonProject/USA-housing/venv/lib/python3.10/site-packages/airflow/example_dags/example_bash_operator.py
[2023-03-04T09:29:12.905+0530] {processor.py:753} INFO - DAG(s) dict_keys(['example_bash_operator']) retrieved from /home/ris/PycharmProjects/pythonProject/USA-housing/venv/lib/python3.10/site-packages/airflow/example_dags/example_bash_operator.py
[2023-03-04T09:29:12.931+0530] {logging_mixin.py:137} INFO - [2023-03-04T09:29:12.931+0530] {dag.py:2690} INFO - Sync 1 DAGs
[2023-03-04T09:29:12.949+0530] {logging_mixin.py:137} INFO - [2023-03-04T09:29:12.949+0530] {dag.py:3437} INFO - Setting next_dagrun for example_bash_operator to 2023-03-03T00:00:00+00:00, run_after=2023-03-04T00:00:00+00:00
[2023-03-04T09:29:12.966+0530] {processor.py:175} INFO - Processing /home/ris/PycharmProjects/pythonProject/USA-housing/venv/lib/python3.10/site-packages/airflow/example_dags/example_bash_operator.py took 0.107 seconds
[2023-03-04T09:29:59.859+0530] {processor.py:153} INFO - Started process (PID=30341) to work on /home/ris/PycharmProjects/pythonProject/USA-housing/venv/lib/python3.10/site-packages/airflow/example_dags/example_bash_operator.py
[2023-03-04T09:29:59.861+0530] {processor.py:743} INFO - Processing file /home/ris/PycharmProjects/pythonProject/USA-housing/venv/lib/python3.10/site-packages/airflow/example_dags/example_bash_operator.py for tasks to queue
[2023-03-04T09:29:59.862+0530] {logging_mixin.py:137} INFO - [2023-03-04T09:29:59.862+0530] {dagbag.py:538} INFO - Filling up the DagBag from /home/ris/PycharmProjects/pythonProject/USA-housing/venv/lib/python3.10/site-packages/airflow/example_dags/example_bash_operator.py
[2023-03-04T09:29:59.901+0530] {processor.py:753} INFO - DAG(s) dict_keys(['example_bash_operator']) retrieved from /home/ris/PycharmProjects/pythonProject/USA-housing/venv/lib/python3.10/site-packages/airflow/example_dags/example_bash_operator.py
[2023-03-04T09:29:59.927+0530] {logging_mixin.py:137} INFO - [2023-03-04T09:29:59.927+0530] {dag.py:2690} INFO - Sync 1 DAGs
[2023-03-04T09:29:59.944+0530] {logging_mixin.py:137} INFO - [2023-03-04T09:29:59.944+0530] {dag.py:3437} INFO - Setting next_dagrun for example_bash_operator to 2023-03-03T00:00:00+00:00, run_after=2023-03-04T00:00:00+00:00
[2023-03-04T09:29:59.963+0530] {processor.py:175} INFO - Processing /home/ris/PycharmProjects/pythonProject/USA-housing/venv/lib/python3.10/site-packages/airflow/example_dags/example_bash_operator.py took 0.108 seconds
[2023-03-04T09:30:48.893+0530] {processor.py:153} INFO - Started process (PID=30394) to work on /home/ris/PycharmProjects/pythonProject/USA-housing/venv/lib/python3.10/site-packages/airflow/example_dags/example_bash_operator.py
[2023-03-04T09:30:48.895+0530] {processor.py:743} INFO - Processing file /home/ris/PycharmProjects/pythonProject/USA-housing/venv/lib/python3.10/site-packages/airflow/example_dags/example_bash_operator.py for tasks to queue
[2023-03-04T09:30:48.896+0530] {logging_mixin.py:137} INFO - [2023-03-04T09:30:48.896+0530] {dagbag.py:538} INFO - Filling up the DagBag from /home/ris/PycharmProjects/pythonProject/USA-housing/venv/lib/python3.10/site-packages/airflow/example_dags/example_bash_operator.py
[2023-03-04T09:30:48.935+0530] {processor.py:753} INFO - DAG(s) dict_keys(['example_bash_operator']) retrieved from /home/ris/PycharmProjects/pythonProject/USA-housing/venv/lib/python3.10/site-packages/airflow/example_dags/example_bash_operator.py
[2023-03-04T09:30:48.961+0530] {logging_mixin.py:137} INFO - [2023-03-04T09:30:48.961+0530] {dag.py:2690} INFO - Sync 1 DAGs
[2023-03-04T09:30:48.978+0530] {logging_mixin.py:137} INFO - [2023-03-04T09:30:48.978+0530] {dag.py:3437} INFO - Setting next_dagrun for example_bash_operator to 2023-03-03T00:00:00+00:00, run_after=2023-03-04T00:00:00+00:00
[2023-03-04T09:30:48.996+0530] {processor.py:175} INFO - Processing /home/ris/PycharmProjects/pythonProject/USA-housing/venv/lib/python3.10/site-packages/airflow/example_dags/example_bash_operator.py took 0.107 seconds
[2023-03-04T09:31:36.183+0530] {processor.py:153} INFO - Started process (PID=30441) to work on /home/ris/PycharmProjects/pythonProject/USA-housing/venv/lib/python3.10/site-packages/airflow/example_dags/example_bash_operator.py
[2023-03-04T09:31:36.185+0530] {processor.py:743} INFO - Processing file /home/ris/PycharmProjects/pythonProject/USA-housing/venv/lib/python3.10/site-packages/airflow/example_dags/example_bash_operator.py for tasks to queue
[2023-03-04T09:31:36.186+0530] {logging_mixin.py:137} INFO - [2023-03-04T09:31:36.186+0530] {dagbag.py:538} INFO - Filling up the DagBag from /home/ris/PycharmProjects/pythonProject/USA-housing/venv/lib/python3.10/site-packages/airflow/example_dags/example_bash_operator.py
[2023-03-04T09:31:36.225+0530] {processor.py:753} INFO - DAG(s) dict_keys(['example_bash_operator']) retrieved from /home/ris/PycharmProjects/pythonProject/USA-housing/venv/lib/python3.10/site-packages/airflow/example_dags/example_bash_operator.py
[2023-03-04T09:31:36.250+0530] {logging_mixin.py:137} INFO - [2023-03-04T09:31:36.250+0530] {dag.py:2690} INFO - Sync 1 DAGs
[2023-03-04T09:31:36.267+0530] {logging_mixin.py:137} INFO - [2023-03-04T09:31:36.267+0530] {dag.py:3437} INFO - Setting next_dagrun for example_bash_operator to 2023-03-03T00:00:00+00:00, run_after=2023-03-04T00:00:00+00:00
[2023-03-04T09:31:36.284+0530] {processor.py:175} INFO - Processing /home/ris/PycharmProjects/pythonProject/USA-housing/venv/lib/python3.10/site-packages/airflow/example_dags/example_bash_operator.py took 0.106 seconds
[2023-03-04T09:32:21.479+0530] {processor.py:153} INFO - Started process (PID=30486) to work on /home/ris/PycharmProjects/pythonProject/USA-housing/venv/lib/python3.10/site-packages/airflow/example_dags/example_bash_operator.py
[2023-03-04T09:32:21.481+0530] {processor.py:743} INFO - Processing file /home/ris/PycharmProjects/pythonProject/USA-housing/venv/lib/python3.10/site-packages/airflow/example_dags/example_bash_operator.py for tasks to queue
[2023-03-04T09:32:21.482+0530] {logging_mixin.py:137} INFO - [2023-03-04T09:32:21.482+0530] {dagbag.py:538} INFO - Filling up the DagBag from /home/ris/PycharmProjects/pythonProject/USA-housing/venv/lib/python3.10/site-packages/airflow/example_dags/example_bash_operator.py
[2023-03-04T09:32:21.521+0530] {processor.py:753} INFO - DAG(s) dict_keys(['example_bash_operator']) retrieved from /home/ris/PycharmProjects/pythonProject/USA-housing/venv/lib/python3.10/site-packages/airflow/example_dags/example_bash_operator.py
[2023-03-04T09:32:21.546+0530] {logging_mixin.py:137} INFO - [2023-03-04T09:32:21.546+0530] {dag.py:2690} INFO - Sync 1 DAGs
[2023-03-04T09:32:21.563+0530] {logging_mixin.py:137} INFO - [2023-03-04T09:32:21.563+0530] {dag.py:3437} INFO - Setting next_dagrun for example_bash_operator to 2023-03-03T00:00:00+00:00, run_after=2023-03-04T00:00:00+00:00
[2023-03-04T09:32:21.581+0530] {processor.py:175} INFO - Processing /home/ris/PycharmProjects/pythonProject/USA-housing/venv/lib/python3.10/site-packages/airflow/example_dags/example_bash_operator.py took 0.106 seconds
[2023-03-04T09:33:10.053+0530] {processor.py:153} INFO - Started process (PID=30535) to work on /home/ris/PycharmProjects/pythonProject/USA-housing/venv/lib/python3.10/site-packages/airflow/example_dags/example_bash_operator.py
[2023-03-04T09:33:10.056+0530] {processor.py:743} INFO - Processing file /home/ris/PycharmProjects/pythonProject/USA-housing/venv/lib/python3.10/site-packages/airflow/example_dags/example_bash_operator.py for tasks to queue
[2023-03-04T09:33:10.057+0530] {logging_mixin.py:137} INFO - [2023-03-04T09:33:10.056+0530] {dagbag.py:538} INFO - Filling up the DagBag from /home/ris/PycharmProjects/pythonProject/USA-housing/venv/lib/python3.10/site-packages/airflow/example_dags/example_bash_operator.py
[2023-03-04T09:33:10.096+0530] {processor.py:753} INFO - DAG(s) dict_keys(['example_bash_operator']) retrieved from /home/ris/PycharmProjects/pythonProject/USA-housing/venv/lib/python3.10/site-packages/airflow/example_dags/example_bash_operator.py
[2023-03-04T09:33:10.122+0530] {logging_mixin.py:137} INFO - [2023-03-04T09:33:10.122+0530] {dag.py:2690} INFO - Sync 1 DAGs
[2023-03-04T09:33:10.140+0530] {logging_mixin.py:137} INFO - [2023-03-04T09:33:10.139+0530] {dag.py:3437} INFO - Setting next_dagrun for example_bash_operator to 2023-03-03T00:00:00+00:00, run_after=2023-03-04T00:00:00+00:00
[2023-03-04T09:33:10.157+0530] {processor.py:175} INFO - Processing /home/ris/PycharmProjects/pythonProject/USA-housing/venv/lib/python3.10/site-packages/airflow/example_dags/example_bash_operator.py took 0.108 seconds
[2023-03-04T09:34:01.377+0530] {processor.py:153} INFO - Started process (PID=30585) to work on /home/ris/PycharmProjects/pythonProject/USA-housing/venv/lib/python3.10/site-packages/airflow/example_dags/example_bash_operator.py
[2023-03-04T09:34:01.379+0530] {processor.py:743} INFO - Processing file /home/ris/PycharmProjects/pythonProject/USA-housing/venv/lib/python3.10/site-packages/airflow/example_dags/example_bash_operator.py for tasks to queue
[2023-03-04T09:34:01.380+0530] {logging_mixin.py:137} INFO - [2023-03-04T09:34:01.379+0530] {dagbag.py:538} INFO - Filling up the DagBag from /home/ris/PycharmProjects/pythonProject/USA-housing/venv/lib/python3.10/site-packages/airflow/example_dags/example_bash_operator.py
[2023-03-04T09:34:01.397+0530] {processor.py:753} INFO - DAG(s) dict_keys(['example_bash_operator']) retrieved from /home/ris/PycharmProjects/pythonProject/USA-housing/venv/lib/python3.10/site-packages/airflow/example_dags/example_bash_operator.py
[2023-03-04T09:34:01.423+0530] {logging_mixin.py:137} INFO - [2023-03-04T09:34:01.423+0530] {dag.py:2690} INFO - Sync 1 DAGs
[2023-03-04T09:34:01.440+0530] {logging_mixin.py:137} INFO - [2023-03-04T09:34:01.440+0530] {dag.py:3437} INFO - Setting next_dagrun for example_bash_operator to 2023-03-03T00:00:00+00:00, run_after=2023-03-04T00:00:00+00:00
[2023-03-04T09:34:01.458+0530] {processor.py:175} INFO - Processing /home/ris/PycharmProjects/pythonProject/USA-housing/venv/lib/python3.10/site-packages/airflow/example_dags/example_bash_operator.py took 0.083 seconds
[2023-03-04T09:34:47.140+0530] {processor.py:153} INFO - Started process (PID=30633) to work on /home/ris/PycharmProjects/pythonProject/USA-housing/venv/lib/python3.10/site-packages/airflow/example_dags/example_bash_operator.py
[2023-03-04T09:34:47.142+0530] {processor.py:743} INFO - Processing file /home/ris/PycharmProjects/pythonProject/USA-housing/venv/lib/python3.10/site-packages/airflow/example_dags/example_bash_operator.py for tasks to queue
[2023-03-04T09:34:47.144+0530] {logging_mixin.py:137} INFO - [2023-03-04T09:34:47.143+0530] {dagbag.py:538} INFO - Filling up the DagBag from /home/ris/PycharmProjects/pythonProject/USA-housing/venv/lib/python3.10/site-packages/airflow/example_dags/example_bash_operator.py
[2023-03-04T09:34:47.182+0530] {processor.py:753} INFO - DAG(s) dict_keys(['example_bash_operator']) retrieved from /home/ris/PycharmProjects/pythonProject/USA-housing/venv/lib/python3.10/site-packages/airflow/example_dags/example_bash_operator.py
[2023-03-04T09:34:47.208+0530] {logging_mixin.py:137} INFO - [2023-03-04T09:34:47.208+0530] {dag.py:2690} INFO - Sync 1 DAGs
[2023-03-04T09:34:47.225+0530] {logging_mixin.py:137} INFO - [2023-03-04T09:34:47.225+0530] {dag.py:3437} INFO - Setting next_dagrun for example_bash_operator to 2023-03-03T00:00:00+00:00, run_after=2023-03-04T00:00:00+00:00
[2023-03-04T09:34:47.243+0530] {processor.py:175} INFO - Processing /home/ris/PycharmProjects/pythonProject/USA-housing/venv/lib/python3.10/site-packages/airflow/example_dags/example_bash_operator.py took 0.107 seconds
[2023-03-04T09:35:32.819+0530] {processor.py:153} INFO - Started process (PID=30681) to work on /home/ris/PycharmProjects/pythonProject/USA-housing/venv/lib/python3.10/site-packages/airflow/example_dags/example_bash_operator.py
[2023-03-04T09:35:32.821+0530] {processor.py:743} INFO - Processing file /home/ris/PycharmProjects/pythonProject/USA-housing/venv/lib/python3.10/site-packages/airflow/example_dags/example_bash_operator.py for tasks to queue
[2023-03-04T09:35:32.822+0530] {logging_mixin.py:137} INFO - [2023-03-04T09:35:32.822+0530] {dagbag.py:538} INFO - Filling up the DagBag from /home/ris/PycharmProjects/pythonProject/USA-housing/venv/lib/python3.10/site-packages/airflow/example_dags/example_bash_operator.py
[2023-03-04T09:35:32.862+0530] {processor.py:753} INFO - DAG(s) dict_keys(['example_bash_operator']) retrieved from /home/ris/PycharmProjects/pythonProject/USA-housing/venv/lib/python3.10/site-packages/airflow/example_dags/example_bash_operator.py
[2023-03-04T09:35:32.887+0530] {logging_mixin.py:137} INFO - [2023-03-04T09:35:32.886+0530] {dag.py:2690} INFO - Sync 1 DAGs
[2023-03-04T09:35:32.903+0530] {logging_mixin.py:137} INFO - [2023-03-04T09:35:32.903+0530] {dag.py:3437} INFO - Setting next_dagrun for example_bash_operator to 2023-03-03T00:00:00+00:00, run_after=2023-03-04T00:00:00+00:00
[2023-03-04T09:35:32.920+0530] {processor.py:175} INFO - Processing /home/ris/PycharmProjects/pythonProject/USA-housing/venv/lib/python3.10/site-packages/airflow/example_dags/example_bash_operator.py took 0.106 seconds
[2023-03-04T10:25:04.110+0530] {processor.py:153} INFO - Started process (PID=31311) to work on /home/ris/PycharmProjects/pythonProject/USA-housing/venv/lib/python3.10/site-packages/airflow/example_dags/example_bash_operator.py
[2023-03-04T10:25:04.111+0530] {processor.py:743} INFO - Processing file /home/ris/PycharmProjects/pythonProject/USA-housing/venv/lib/python3.10/site-packages/airflow/example_dags/example_bash_operator.py for tasks to queue
[2023-03-04T10:25:04.112+0530] {logging_mixin.py:137} INFO - [2023-03-04T10:25:04.112+0530] {dagbag.py:538} INFO - Filling up the DagBag from /home/ris/PycharmProjects/pythonProject/USA-housing/venv/lib/python3.10/site-packages/airflow/example_dags/example_bash_operator.py
[2023-03-04T10:25:04.131+0530] {processor.py:753} INFO - DAG(s) dict_keys(['example_bash_operator']) retrieved from /home/ris/PycharmProjects/pythonProject/USA-housing/venv/lib/python3.10/site-packages/airflow/example_dags/example_bash_operator.py
[2023-03-04T10:25:04.164+0530] {logging_mixin.py:137} INFO - [2023-03-04T10:25:04.164+0530] {dag.py:2690} INFO - Sync 1 DAGs
[2023-03-04T10:25:04.181+0530] {logging_mixin.py:137} INFO - [2023-03-04T10:25:04.181+0530] {dag.py:3437} INFO - Setting next_dagrun for example_bash_operator to 2023-03-03T00:00:00+00:00, run_after=2023-03-04T00:00:00+00:00
[2023-03-04T10:25:04.199+0530] {processor.py:175} INFO - Processing /home/ris/PycharmProjects/pythonProject/USA-housing/venv/lib/python3.10/site-packages/airflow/example_dags/example_bash_operator.py took 0.092 seconds
[2023-03-04T10:25:50.269+0530] {processor.py:153} INFO - Started process (PID=31371) to work on /home/ris/PycharmProjects/pythonProject/USA-housing/venv/lib/python3.10/site-packages/airflow/example_dags/example_bash_operator.py
[2023-03-04T10:25:50.271+0530] {processor.py:743} INFO - Processing file /home/ris/PycharmProjects/pythonProject/USA-housing/venv/lib/python3.10/site-packages/airflow/example_dags/example_bash_operator.py for tasks to queue
[2023-03-04T10:25:50.272+0530] {logging_mixin.py:137} INFO - [2023-03-04T10:25:50.272+0530] {dagbag.py:538} INFO - Filling up the DagBag from /home/ris/PycharmProjects/pythonProject/USA-housing/venv/lib/python3.10/site-packages/airflow/example_dags/example_bash_operator.py
[2023-03-04T10:25:50.313+0530] {processor.py:753} INFO - DAG(s) dict_keys(['example_bash_operator']) retrieved from /home/ris/PycharmProjects/pythonProject/USA-housing/venv/lib/python3.10/site-packages/airflow/example_dags/example_bash_operator.py
[2023-03-04T10:25:50.339+0530] {logging_mixin.py:137} INFO - [2023-03-04T10:25:50.339+0530] {dag.py:2690} INFO - Sync 1 DAGs
[2023-03-04T10:25:50.357+0530] {logging_mixin.py:137} INFO - [2023-03-04T10:25:50.357+0530] {dag.py:3437} INFO - Setting next_dagrun for example_bash_operator to 2023-03-03T00:00:00+00:00, run_after=2023-03-04T00:00:00+00:00
[2023-03-04T10:25:50.374+0530] {processor.py:175} INFO - Processing /home/ris/PycharmProjects/pythonProject/USA-housing/venv/lib/python3.10/site-packages/airflow/example_dags/example_bash_operator.py took 0.110 seconds
[2023-03-04T10:26:38.456+0530] {processor.py:153} INFO - Started process (PID=31420) to work on /home/ris/PycharmProjects/pythonProject/USA-housing/venv/lib/python3.10/site-packages/airflow/example_dags/example_bash_operator.py
[2023-03-04T10:26:38.459+0530] {processor.py:743} INFO - Processing file /home/ris/PycharmProjects/pythonProject/USA-housing/venv/lib/python3.10/site-packages/airflow/example_dags/example_bash_operator.py for tasks to queue
[2023-03-04T10:26:38.460+0530] {logging_mixin.py:137} INFO - [2023-03-04T10:26:38.460+0530] {dagbag.py:538} INFO - Filling up the DagBag from /home/ris/PycharmProjects/pythonProject/USA-housing/venv/lib/python3.10/site-packages/airflow/example_dags/example_bash_operator.py
[2023-03-04T10:26:38.480+0530] {processor.py:753} INFO - DAG(s) dict_keys(['example_bash_operator']) retrieved from /home/ris/PycharmProjects/pythonProject/USA-housing/venv/lib/python3.10/site-packages/airflow/example_dags/example_bash_operator.py
[2023-03-04T10:26:38.505+0530] {logging_mixin.py:137} INFO - [2023-03-04T10:26:38.505+0530] {dag.py:2690} INFO - Sync 1 DAGs
[2023-03-04T10:26:38.523+0530] {logging_mixin.py:137} INFO - [2023-03-04T10:26:38.523+0530] {dag.py:3437} INFO - Setting next_dagrun for example_bash_operator to 2023-03-03T00:00:00+00:00, run_after=2023-03-04T00:00:00+00:00
[2023-03-04T10:26:38.541+0530] {processor.py:175} INFO - Processing /home/ris/PycharmProjects/pythonProject/USA-housing/venv/lib/python3.10/site-packages/airflow/example_dags/example_bash_operator.py took 0.089 seconds
[2023-03-04T10:27:23.169+0530] {processor.py:153} INFO - Started process (PID=31466) to work on /home/ris/PycharmProjects/pythonProject/USA-housing/venv/lib/python3.10/site-packages/airflow/example_dags/example_bash_operator.py
[2023-03-04T10:27:23.171+0530] {processor.py:743} INFO - Processing file /home/ris/PycharmProjects/pythonProject/USA-housing/venv/lib/python3.10/site-packages/airflow/example_dags/example_bash_operator.py for tasks to queue
[2023-03-04T10:27:23.171+0530] {logging_mixin.py:137} INFO - [2023-03-04T10:27:23.171+0530] {dagbag.py:538} INFO - Filling up the DagBag from /home/ris/PycharmProjects/pythonProject/USA-housing/venv/lib/python3.10/site-packages/airflow/example_dags/example_bash_operator.py
[2023-03-04T10:27:23.194+0530] {processor.py:753} INFO - DAG(s) dict_keys(['example_bash_operator']) retrieved from /home/ris/PycharmProjects/pythonProject/USA-housing/venv/lib/python3.10/site-packages/airflow/example_dags/example_bash_operator.py
[2023-03-04T10:27:23.229+0530] {logging_mixin.py:137} INFO - [2023-03-04T10:27:23.229+0530] {dag.py:2690} INFO - Sync 1 DAGs
[2023-03-04T10:27:23.252+0530] {logging_mixin.py:137} INFO - [2023-03-04T10:27:23.252+0530] {dag.py:3437} INFO - Setting next_dagrun for example_bash_operator to 2023-03-03T00:00:00+00:00, run_after=2023-03-04T00:00:00+00:00
[2023-03-04T10:27:23.277+0530] {processor.py:175} INFO - Processing /home/ris/PycharmProjects/pythonProject/USA-housing/venv/lib/python3.10/site-packages/airflow/example_dags/example_bash_operator.py took 0.111 seconds
[2023-03-04T10:28:12.644+0530] {processor.py:153} INFO - Started process (PID=31514) to work on /home/ris/PycharmProjects/pythonProject/USA-housing/venv/lib/python3.10/site-packages/airflow/example_dags/example_bash_operator.py
[2023-03-04T10:28:12.646+0530] {processor.py:743} INFO - Processing file /home/ris/PycharmProjects/pythonProject/USA-housing/venv/lib/python3.10/site-packages/airflow/example_dags/example_bash_operator.py for tasks to queue
[2023-03-04T10:28:12.648+0530] {logging_mixin.py:137} INFO - [2023-03-04T10:28:12.647+0530] {dagbag.py:538} INFO - Filling up the DagBag from /home/ris/PycharmProjects/pythonProject/USA-housing/venv/lib/python3.10/site-packages/airflow/example_dags/example_bash_operator.py
[2023-03-04T10:28:12.688+0530] {processor.py:753} INFO - DAG(s) dict_keys(['example_bash_operator']) retrieved from /home/ris/PycharmProjects/pythonProject/USA-housing/venv/lib/python3.10/site-packages/airflow/example_dags/example_bash_operator.py
[2023-03-04T10:28:12.720+0530] {logging_mixin.py:137} INFO - [2023-03-04T10:28:12.720+0530] {dag.py:2690} INFO - Sync 1 DAGs
[2023-03-04T10:28:12.741+0530] {logging_mixin.py:137} INFO - [2023-03-04T10:28:12.741+0530] {dag.py:3437} INFO - Setting next_dagrun for example_bash_operator to 2023-03-03T00:00:00+00:00, run_after=2023-03-04T00:00:00+00:00
[2023-03-04T10:28:12.769+0530] {processor.py:175} INFO - Processing /home/ris/PycharmProjects/pythonProject/USA-housing/venv/lib/python3.10/site-packages/airflow/example_dags/example_bash_operator.py took 0.129 seconds
[2023-03-04T10:29:02.252+0530] {processor.py:153} INFO - Started process (PID=31568) to work on /home/ris/PycharmProjects/pythonProject/USA-housing/venv/lib/python3.10/site-packages/airflow/example_dags/example_bash_operator.py
[2023-03-04T10:29:02.254+0530] {processor.py:743} INFO - Processing file /home/ris/PycharmProjects/pythonProject/USA-housing/venv/lib/python3.10/site-packages/airflow/example_dags/example_bash_operator.py for tasks to queue
[2023-03-04T10:29:02.256+0530] {logging_mixin.py:137} INFO - [2023-03-04T10:29:02.255+0530] {dagbag.py:538} INFO - Filling up the DagBag from /home/ris/PycharmProjects/pythonProject/USA-housing/venv/lib/python3.10/site-packages/airflow/example_dags/example_bash_operator.py
[2023-03-04T10:29:02.295+0530] {processor.py:753} INFO - DAG(s) dict_keys(['example_bash_operator']) retrieved from /home/ris/PycharmProjects/pythonProject/USA-housing/venv/lib/python3.10/site-packages/airflow/example_dags/example_bash_operator.py
[2023-03-04T10:29:02.320+0530] {logging_mixin.py:137} INFO - [2023-03-04T10:29:02.320+0530] {dag.py:2690} INFO - Sync 1 DAGs
[2023-03-04T10:29:02.343+0530] {logging_mixin.py:137} INFO - [2023-03-04T10:29:02.343+0530] {dag.py:3437} INFO - Setting next_dagrun for example_bash_operator to 2023-03-03T00:00:00+00:00, run_after=2023-03-04T00:00:00+00:00
[2023-03-04T10:29:02.368+0530] {processor.py:175} INFO - Processing /home/ris/PycharmProjects/pythonProject/USA-housing/venv/lib/python3.10/site-packages/airflow/example_dags/example_bash_operator.py took 0.121 seconds
[2023-03-04T10:29:48.995+0530] {processor.py:153} INFO - Started process (PID=31615) to work on /home/ris/PycharmProjects/pythonProject/USA-housing/venv/lib/python3.10/site-packages/airflow/example_dags/example_bash_operator.py
[2023-03-04T10:29:48.996+0530] {processor.py:743} INFO - Processing file /home/ris/PycharmProjects/pythonProject/USA-housing/venv/lib/python3.10/site-packages/airflow/example_dags/example_bash_operator.py for tasks to queue
[2023-03-04T10:29:48.997+0530] {logging_mixin.py:137} INFO - [2023-03-04T10:29:48.997+0530] {dagbag.py:538} INFO - Filling up the DagBag from /home/ris/PycharmProjects/pythonProject/USA-housing/venv/lib/python3.10/site-packages/airflow/example_dags/example_bash_operator.py
[2023-03-04T10:29:49.018+0530] {processor.py:753} INFO - DAG(s) dict_keys(['example_bash_operator']) retrieved from /home/ris/PycharmProjects/pythonProject/USA-housing/venv/lib/python3.10/site-packages/airflow/example_dags/example_bash_operator.py
[2023-03-04T10:29:49.050+0530] {logging_mixin.py:137} INFO - [2023-03-04T10:29:49.050+0530] {dag.py:2690} INFO - Sync 1 DAGs
[2023-03-04T10:29:49.074+0530] {logging_mixin.py:137} INFO - [2023-03-04T10:29:49.074+0530] {dag.py:3437} INFO - Setting next_dagrun for example_bash_operator to 2023-03-03T00:00:00+00:00, run_after=2023-03-04T00:00:00+00:00
[2023-03-04T10:29:49.098+0530] {processor.py:175} INFO - Processing /home/ris/PycharmProjects/pythonProject/USA-housing/venv/lib/python3.10/site-packages/airflow/example_dags/example_bash_operator.py took 0.107 seconds
[2023-03-04T10:30:34.791+0530] {processor.py:153} INFO - Started process (PID=31662) to work on /home/ris/PycharmProjects/pythonProject/USA-housing/venv/lib/python3.10/site-packages/airflow/example_dags/example_bash_operator.py
[2023-03-04T10:30:34.794+0530] {processor.py:743} INFO - Processing file /home/ris/PycharmProjects/pythonProject/USA-housing/venv/lib/python3.10/site-packages/airflow/example_dags/example_bash_operator.py for tasks to queue
[2023-03-04T10:30:34.795+0530] {logging_mixin.py:137} INFO - [2023-03-04T10:30:34.794+0530] {dagbag.py:538} INFO - Filling up the DagBag from /home/ris/PycharmProjects/pythonProject/USA-housing/venv/lib/python3.10/site-packages/airflow/example_dags/example_bash_operator.py
[2023-03-04T10:30:34.834+0530] {processor.py:753} INFO - DAG(s) dict_keys(['example_bash_operator']) retrieved from /home/ris/PycharmProjects/pythonProject/USA-housing/venv/lib/python3.10/site-packages/airflow/example_dags/example_bash_operator.py
[2023-03-04T10:30:34.859+0530] {logging_mixin.py:137} INFO - [2023-03-04T10:30:34.859+0530] {dag.py:2690} INFO - Sync 1 DAGs
[2023-03-04T10:30:34.877+0530] {logging_mixin.py:137} INFO - [2023-03-04T10:30:34.877+0530] {dag.py:3437} INFO - Setting next_dagrun for example_bash_operator to 2023-03-03T00:00:00+00:00, run_after=2023-03-04T00:00:00+00:00
[2023-03-04T10:30:34.894+0530] {processor.py:175} INFO - Processing /home/ris/PycharmProjects/pythonProject/USA-housing/venv/lib/python3.10/site-packages/airflow/example_dags/example_bash_operator.py took 0.107 seconds
[2023-03-04T10:31:24.054+0530] {processor.py:153} INFO - Started process (PID=31718) to work on /home/ris/PycharmProjects/pythonProject/USA-housing/venv/lib/python3.10/site-packages/airflow/example_dags/example_bash_operator.py
[2023-03-04T10:31:24.056+0530] {processor.py:743} INFO - Processing file /home/ris/PycharmProjects/pythonProject/USA-housing/venv/lib/python3.10/site-packages/airflow/example_dags/example_bash_operator.py for tasks to queue
[2023-03-04T10:31:24.057+0530] {logging_mixin.py:137} INFO - [2023-03-04T10:31:24.057+0530] {dagbag.py:538} INFO - Filling up the DagBag from /home/ris/PycharmProjects/pythonProject/USA-housing/venv/lib/python3.10/site-packages/airflow/example_dags/example_bash_operator.py
[2023-03-04T10:31:24.075+0530] {processor.py:753} INFO - DAG(s) dict_keys(['example_bash_operator']) retrieved from /home/ris/PycharmProjects/pythonProject/USA-housing/venv/lib/python3.10/site-packages/airflow/example_dags/example_bash_operator.py
[2023-03-04T10:31:24.102+0530] {logging_mixin.py:137} INFO - [2023-03-04T10:31:24.102+0530] {dag.py:2690} INFO - Sync 1 DAGs
[2023-03-04T10:31:24.119+0530] {logging_mixin.py:137} INFO - [2023-03-04T10:31:24.119+0530] {dag.py:3437} INFO - Setting next_dagrun for example_bash_operator to 2023-03-03T00:00:00+00:00, run_after=2023-03-04T00:00:00+00:00
[2023-03-04T10:31:24.137+0530] {processor.py:175} INFO - Processing /home/ris/PycharmProjects/pythonProject/USA-housing/venv/lib/python3.10/site-packages/airflow/example_dags/example_bash_operator.py took 0.089 seconds
[2023-03-04T10:32:11.587+0530] {processor.py:153} INFO - Started process (PID=32133) to work on /home/ris/PycharmProjects/pythonProject/USA-housing/venv/lib/python3.10/site-packages/airflow/example_dags/example_bash_operator.py
[2023-03-04T10:32:11.589+0530] {processor.py:743} INFO - Processing file /home/ris/PycharmProjects/pythonProject/USA-housing/venv/lib/python3.10/site-packages/airflow/example_dags/example_bash_operator.py for tasks to queue
[2023-03-04T10:32:11.590+0530] {logging_mixin.py:137} INFO - [2023-03-04T10:32:11.589+0530] {dagbag.py:538} INFO - Filling up the DagBag from /home/ris/PycharmProjects/pythonProject/USA-housing/venv/lib/python3.10/site-packages/airflow/example_dags/example_bash_operator.py
[2023-03-04T10:32:11.608+0530] {processor.py:753} INFO - DAG(s) dict_keys(['example_bash_operator']) retrieved from /home/ris/PycharmProjects/pythonProject/USA-housing/venv/lib/python3.10/site-packages/airflow/example_dags/example_bash_operator.py
[2023-03-04T10:32:11.635+0530] {logging_mixin.py:137} INFO - [2023-03-04T10:32:11.635+0530] {dag.py:2690} INFO - Sync 1 DAGs
[2023-03-04T10:32:11.653+0530] {logging_mixin.py:137} INFO - [2023-03-04T10:32:11.653+0530] {dag.py:3437} INFO - Setting next_dagrun for example_bash_operator to 2023-03-03T00:00:00+00:00, run_after=2023-03-04T00:00:00+00:00
[2023-03-04T10:32:11.672+0530] {processor.py:175} INFO - Processing /home/ris/PycharmProjects/pythonProject/USA-housing/venv/lib/python3.10/site-packages/airflow/example_dags/example_bash_operator.py took 0.087 seconds
[2023-03-04T10:32:58.318+0530] {processor.py:153} INFO - Started process (PID=32310) to work on /home/ris/PycharmProjects/pythonProject/USA-housing/venv/lib/python3.10/site-packages/airflow/example_dags/example_bash_operator.py
[2023-03-04T10:32:58.320+0530] {processor.py:743} INFO - Processing file /home/ris/PycharmProjects/pythonProject/USA-housing/venv/lib/python3.10/site-packages/airflow/example_dags/example_bash_operator.py for tasks to queue
[2023-03-04T10:32:58.320+0530] {logging_mixin.py:137} INFO - [2023-03-04T10:32:58.320+0530] {dagbag.py:538} INFO - Filling up the DagBag from /home/ris/PycharmProjects/pythonProject/USA-housing/venv/lib/python3.10/site-packages/airflow/example_dags/example_bash_operator.py
[2023-03-04T10:32:58.340+0530] {processor.py:753} INFO - DAG(s) dict_keys(['example_bash_operator']) retrieved from /home/ris/PycharmProjects/pythonProject/USA-housing/venv/lib/python3.10/site-packages/airflow/example_dags/example_bash_operator.py
[2023-03-04T10:32:58.368+0530] {logging_mixin.py:137} INFO - [2023-03-04T10:32:58.368+0530] {dag.py:2690} INFO - Sync 1 DAGs
[2023-03-04T10:32:58.388+0530] {logging_mixin.py:137} INFO - [2023-03-04T10:32:58.388+0530] {dag.py:3437} INFO - Setting next_dagrun for example_bash_operator to 2023-03-03T00:00:00+00:00, run_after=2023-03-04T00:00:00+00:00
[2023-03-04T10:32:58.408+0530] {processor.py:175} INFO - Processing /home/ris/PycharmProjects/pythonProject/USA-housing/venv/lib/python3.10/site-packages/airflow/example_dags/example_bash_operator.py took 0.093 seconds
[2023-03-04T10:33:38.792+0530] {processor.py:153} INFO - Started process (PID=32367) to work on /home/ris/PycharmProjects/pythonProject/USA-housing/venv/lib/python3.10/site-packages/airflow/example_dags/example_bash_operator.py
[2023-03-04T10:33:38.793+0530] {processor.py:743} INFO - Processing file /home/ris/PycharmProjects/pythonProject/USA-housing/venv/lib/python3.10/site-packages/airflow/example_dags/example_bash_operator.py for tasks to queue
[2023-03-04T10:33:38.794+0530] {logging_mixin.py:137} INFO - [2023-03-04T10:33:38.794+0530] {dagbag.py:538} INFO - Filling up the DagBag from /home/ris/PycharmProjects/pythonProject/USA-housing/venv/lib/python3.10/site-packages/airflow/example_dags/example_bash_operator.py
[2023-03-04T10:33:38.811+0530] {processor.py:753} INFO - DAG(s) dict_keys(['example_bash_operator']) retrieved from /home/ris/PycharmProjects/pythonProject/USA-housing/venv/lib/python3.10/site-packages/airflow/example_dags/example_bash_operator.py
[2023-03-04T10:33:38.837+0530] {logging_mixin.py:137} INFO - [2023-03-04T10:33:38.837+0530] {dag.py:2690} INFO - Sync 1 DAGs
[2023-03-04T10:33:38.857+0530] {logging_mixin.py:137} INFO - [2023-03-04T10:33:38.857+0530] {dag.py:3437} INFO - Setting next_dagrun for example_bash_operator to 2023-03-03T00:00:00+00:00, run_after=2023-03-04T00:00:00+00:00
[2023-03-04T10:33:38.879+0530] {processor.py:175} INFO - Processing /home/ris/PycharmProjects/pythonProject/USA-housing/venv/lib/python3.10/site-packages/airflow/example_dags/example_bash_operator.py took 0.091 seconds
[2023-03-04T10:34:24.184+0530] {processor.py:153} INFO - Started process (PID=32537) to work on /home/ris/PycharmProjects/pythonProject/USA-housing/venv/lib/python3.10/site-packages/airflow/example_dags/example_bash_operator.py
[2023-03-04T10:34:24.187+0530] {processor.py:743} INFO - Processing file /home/ris/PycharmProjects/pythonProject/USA-housing/venv/lib/python3.10/site-packages/airflow/example_dags/example_bash_operator.py for tasks to queue
[2023-03-04T10:34:24.188+0530] {logging_mixin.py:137} INFO - [2023-03-04T10:34:24.188+0530] {dagbag.py:538} INFO - Filling up the DagBag from /home/ris/PycharmProjects/pythonProject/USA-housing/venv/lib/python3.10/site-packages/airflow/example_dags/example_bash_operator.py
[2023-03-04T10:34:24.211+0530] {processor.py:753} INFO - DAG(s) dict_keys(['example_bash_operator']) retrieved from /home/ris/PycharmProjects/pythonProject/USA-housing/venv/lib/python3.10/site-packages/airflow/example_dags/example_bash_operator.py
[2023-03-04T10:34:24.241+0530] {logging_mixin.py:137} INFO - [2023-03-04T10:34:24.241+0530] {dag.py:2690} INFO - Sync 1 DAGs
[2023-03-04T10:34:24.264+0530] {logging_mixin.py:137} INFO - [2023-03-04T10:34:24.263+0530] {dag.py:3437} INFO - Setting next_dagrun for example_bash_operator to 2023-03-03T00:00:00+00:00, run_after=2023-03-04T00:00:00+00:00
[2023-03-04T10:34:24.284+0530] {processor.py:175} INFO - Processing /home/ris/PycharmProjects/pythonProject/USA-housing/venv/lib/python3.10/site-packages/airflow/example_dags/example_bash_operator.py took 0.103 seconds
[2023-03-04T10:35:08.656+0530] {processor.py:153} INFO - Started process (PID=32661) to work on /home/ris/PycharmProjects/pythonProject/USA-housing/venv/lib/python3.10/site-packages/airflow/example_dags/example_bash_operator.py
[2023-03-04T10:35:08.658+0530] {processor.py:743} INFO - Processing file /home/ris/PycharmProjects/pythonProject/USA-housing/venv/lib/python3.10/site-packages/airflow/example_dags/example_bash_operator.py for tasks to queue
[2023-03-04T10:35:08.659+0530] {logging_mixin.py:137} INFO - [2023-03-04T10:35:08.659+0530] {dagbag.py:538} INFO - Filling up the DagBag from /home/ris/PycharmProjects/pythonProject/USA-housing/venv/lib/python3.10/site-packages/airflow/example_dags/example_bash_operator.py
[2023-03-04T10:35:08.678+0530] {processor.py:753} INFO - DAG(s) dict_keys(['example_bash_operator']) retrieved from /home/ris/PycharmProjects/pythonProject/USA-housing/venv/lib/python3.10/site-packages/airflow/example_dags/example_bash_operator.py
[2023-03-04T10:35:08.708+0530] {logging_mixin.py:137} INFO - [2023-03-04T10:35:08.707+0530] {dag.py:2690} INFO - Sync 1 DAGs
[2023-03-04T10:35:08.729+0530] {logging_mixin.py:137} INFO - [2023-03-04T10:35:08.729+0530] {dag.py:3437} INFO - Setting next_dagrun for example_bash_operator to 2023-03-03T00:00:00+00:00, run_after=2023-03-04T00:00:00+00:00
[2023-03-04T10:35:08.750+0530] {processor.py:175} INFO - Processing /home/ris/PycharmProjects/pythonProject/USA-housing/venv/lib/python3.10/site-packages/airflow/example_dags/example_bash_operator.py took 0.097 seconds
[2023-03-04T10:35:52.317+0530] {processor.py:153} INFO - Started process (PID=32729) to work on /home/ris/PycharmProjects/pythonProject/USA-housing/venv/lib/python3.10/site-packages/airflow/example_dags/example_bash_operator.py
[2023-03-04T10:35:52.319+0530] {processor.py:743} INFO - Processing file /home/ris/PycharmProjects/pythonProject/USA-housing/venv/lib/python3.10/site-packages/airflow/example_dags/example_bash_operator.py for tasks to queue
[2023-03-04T10:35:52.320+0530] {logging_mixin.py:137} INFO - [2023-03-04T10:35:52.319+0530] {dagbag.py:538} INFO - Filling up the DagBag from /home/ris/PycharmProjects/pythonProject/USA-housing/venv/lib/python3.10/site-packages/airflow/example_dags/example_bash_operator.py
[2023-03-04T10:35:52.357+0530] {processor.py:753} INFO - DAG(s) dict_keys(['example_bash_operator']) retrieved from /home/ris/PycharmProjects/pythonProject/USA-housing/venv/lib/python3.10/site-packages/airflow/example_dags/example_bash_operator.py
[2023-03-04T10:35:52.400+0530] {logging_mixin.py:137} INFO - [2023-03-04T10:35:52.399+0530] {dag.py:2690} INFO - Sync 1 DAGs
[2023-03-04T10:35:52.424+0530] {logging_mixin.py:137} INFO - [2023-03-04T10:35:52.424+0530] {dag.py:3437} INFO - Setting next_dagrun for example_bash_operator to 2023-03-03T00:00:00+00:00, run_after=2023-03-04T00:00:00+00:00
[2023-03-04T10:35:52.463+0530] {processor.py:175} INFO - Processing /home/ris/PycharmProjects/pythonProject/USA-housing/venv/lib/python3.10/site-packages/airflow/example_dags/example_bash_operator.py took 0.150 seconds
[2023-03-04T10:36:45.247+0530] {processor.py:153} INFO - Started process (PID=32817) to work on /home/ris/PycharmProjects/pythonProject/USA-housing/venv/lib/python3.10/site-packages/airflow/example_dags/example_bash_operator.py
[2023-03-04T10:36:45.249+0530] {processor.py:743} INFO - Processing file /home/ris/PycharmProjects/pythonProject/USA-housing/venv/lib/python3.10/site-packages/airflow/example_dags/example_bash_operator.py for tasks to queue
[2023-03-04T10:36:45.250+0530] {logging_mixin.py:137} INFO - [2023-03-04T10:36:45.250+0530] {dagbag.py:538} INFO - Filling up the DagBag from /home/ris/PycharmProjects/pythonProject/USA-housing/venv/lib/python3.10/site-packages/airflow/example_dags/example_bash_operator.py
[2023-03-04T10:36:45.285+0530] {processor.py:753} INFO - DAG(s) dict_keys(['example_bash_operator']) retrieved from /home/ris/PycharmProjects/pythonProject/USA-housing/venv/lib/python3.10/site-packages/airflow/example_dags/example_bash_operator.py
[2023-03-04T10:36:45.329+0530] {logging_mixin.py:137} INFO - [2023-03-04T10:36:45.329+0530] {dag.py:2690} INFO - Sync 1 DAGs
[2023-03-04T10:36:45.359+0530] {logging_mixin.py:137} INFO - [2023-03-04T10:36:45.359+0530] {dag.py:3437} INFO - Setting next_dagrun for example_bash_operator to 2023-03-03T00:00:00+00:00, run_after=2023-03-04T00:00:00+00:00
[2023-03-04T10:36:45.401+0530] {processor.py:175} INFO - Processing /home/ris/PycharmProjects/pythonProject/USA-housing/venv/lib/python3.10/site-packages/airflow/example_dags/example_bash_operator.py took 0.157 seconds
[2023-03-04T10:37:31.880+0530] {processor.py:153} INFO - Started process (PID=32893) to work on /home/ris/PycharmProjects/pythonProject/USA-housing/venv/lib/python3.10/site-packages/airflow/example_dags/example_bash_operator.py
[2023-03-04T10:37:31.882+0530] {processor.py:743} INFO - Processing file /home/ris/PycharmProjects/pythonProject/USA-housing/venv/lib/python3.10/site-packages/airflow/example_dags/example_bash_operator.py for tasks to queue
[2023-03-04T10:37:31.884+0530] {logging_mixin.py:137} INFO - [2023-03-04T10:37:31.883+0530] {dagbag.py:538} INFO - Filling up the DagBag from /home/ris/PycharmProjects/pythonProject/USA-housing/venv/lib/python3.10/site-packages/airflow/example_dags/example_bash_operator.py
[2023-03-04T10:37:31.933+0530] {processor.py:753} INFO - DAG(s) dict_keys(['example_bash_operator']) retrieved from /home/ris/PycharmProjects/pythonProject/USA-housing/venv/lib/python3.10/site-packages/airflow/example_dags/example_bash_operator.py
[2023-03-04T10:37:32.001+0530] {logging_mixin.py:137} INFO - [2023-03-04T10:37:32.001+0530] {dag.py:2690} INFO - Sync 1 DAGs
[2023-03-04T10:37:32.055+0530] {logging_mixin.py:137} INFO - [2023-03-04T10:37:32.054+0530] {dag.py:3437} INFO - Setting next_dagrun for example_bash_operator to 2023-03-03T00:00:00+00:00, run_after=2023-03-04T00:00:00+00:00
[2023-03-04T10:37:32.106+0530] {processor.py:175} INFO - Processing /home/ris/PycharmProjects/pythonProject/USA-housing/venv/lib/python3.10/site-packages/airflow/example_dags/example_bash_operator.py took 0.231 seconds
[2023-03-04T10:38:25.980+0530] {processor.py:153} INFO - Started process (PID=32942) to work on /home/ris/PycharmProjects/pythonProject/USA-housing/venv/lib/python3.10/site-packages/airflow/example_dags/example_bash_operator.py
[2023-03-04T10:38:25.981+0530] {processor.py:743} INFO - Processing file /home/ris/PycharmProjects/pythonProject/USA-housing/venv/lib/python3.10/site-packages/airflow/example_dags/example_bash_operator.py for tasks to queue
[2023-03-04T10:38:25.983+0530] {logging_mixin.py:137} INFO - [2023-03-04T10:38:25.982+0530] {dagbag.py:538} INFO - Filling up the DagBag from /home/ris/PycharmProjects/pythonProject/USA-housing/venv/lib/python3.10/site-packages/airflow/example_dags/example_bash_operator.py
[2023-03-04T10:38:26.028+0530] {processor.py:753} INFO - DAG(s) dict_keys(['example_bash_operator']) retrieved from /home/ris/PycharmProjects/pythonProject/USA-housing/venv/lib/python3.10/site-packages/airflow/example_dags/example_bash_operator.py
[2023-03-04T10:38:26.090+0530] {logging_mixin.py:137} INFO - [2023-03-04T10:38:26.090+0530] {dag.py:2690} INFO - Sync 1 DAGs
[2023-03-04T10:38:26.144+0530] {logging_mixin.py:137} INFO - [2023-03-04T10:38:26.143+0530] {dag.py:3437} INFO - Setting next_dagrun for example_bash_operator to 2023-03-03T00:00:00+00:00, run_after=2023-03-04T00:00:00+00:00
[2023-03-04T10:38:26.189+0530] {processor.py:175} INFO - Processing /home/ris/PycharmProjects/pythonProject/USA-housing/venv/lib/python3.10/site-packages/airflow/example_dags/example_bash_operator.py took 0.213 seconds
[2023-03-04T10:39:10.499+0530] {processor.py:153} INFO - Started process (PID=33468) to work on /home/ris/PycharmProjects/pythonProject/USA-housing/venv/lib/python3.10/site-packages/airflow/example_dags/example_bash_operator.py
[2023-03-04T10:39:10.501+0530] {processor.py:743} INFO - Processing file /home/ris/PycharmProjects/pythonProject/USA-housing/venv/lib/python3.10/site-packages/airflow/example_dags/example_bash_operator.py for tasks to queue
[2023-03-04T10:39:10.502+0530] {logging_mixin.py:137} INFO - [2023-03-04T10:39:10.502+0530] {dagbag.py:538} INFO - Filling up the DagBag from /home/ris/PycharmProjects/pythonProject/USA-housing/venv/lib/python3.10/site-packages/airflow/example_dags/example_bash_operator.py
[2023-03-04T10:39:10.530+0530] {processor.py:753} INFO - DAG(s) dict_keys(['example_bash_operator']) retrieved from /home/ris/PycharmProjects/pythonProject/USA-housing/venv/lib/python3.10/site-packages/airflow/example_dags/example_bash_operator.py
[2023-03-04T10:39:10.576+0530] {logging_mixin.py:137} INFO - [2023-03-04T10:39:10.575+0530] {dag.py:2690} INFO - Sync 1 DAGs
[2023-03-04T10:39:10.612+0530] {logging_mixin.py:137} INFO - [2023-03-04T10:39:10.611+0530] {dag.py:3437} INFO - Setting next_dagrun for example_bash_operator to 2023-03-03T00:00:00+00:00, run_after=2023-03-04T00:00:00+00:00
[2023-03-04T10:39:10.642+0530] {processor.py:175} INFO - Processing /home/ris/PycharmProjects/pythonProject/USA-housing/venv/lib/python3.10/site-packages/airflow/example_dags/example_bash_operator.py took 0.145 seconds
[2023-03-04T10:39:59.821+0530] {processor.py:153} INFO - Started process (PID=33533) to work on /home/ris/PycharmProjects/pythonProject/USA-housing/venv/lib/python3.10/site-packages/airflow/example_dags/example_bash_operator.py
[2023-03-04T10:39:59.822+0530] {processor.py:743} INFO - Processing file /home/ris/PycharmProjects/pythonProject/USA-housing/venv/lib/python3.10/site-packages/airflow/example_dags/example_bash_operator.py for tasks to queue
[2023-03-04T10:39:59.823+0530] {logging_mixin.py:137} INFO - [2023-03-04T10:39:59.823+0530] {dagbag.py:538} INFO - Filling up the DagBag from /home/ris/PycharmProjects/pythonProject/USA-housing/venv/lib/python3.10/site-packages/airflow/example_dags/example_bash_operator.py
[2023-03-04T10:39:59.844+0530] {processor.py:753} INFO - DAG(s) dict_keys(['example_bash_operator']) retrieved from /home/ris/PycharmProjects/pythonProject/USA-housing/venv/lib/python3.10/site-packages/airflow/example_dags/example_bash_operator.py
[2023-03-04T10:39:59.888+0530] {logging_mixin.py:137} INFO - [2023-03-04T10:39:59.888+0530] {dag.py:2690} INFO - Sync 1 DAGs
[2023-03-04T10:39:59.913+0530] {logging_mixin.py:137} INFO - [2023-03-04T10:39:59.913+0530] {dag.py:3437} INFO - Setting next_dagrun for example_bash_operator to 2023-03-03T00:00:00+00:00, run_after=2023-03-04T00:00:00+00:00
[2023-03-04T10:39:59.954+0530] {processor.py:175} INFO - Processing /home/ris/PycharmProjects/pythonProject/USA-housing/venv/lib/python3.10/site-packages/airflow/example_dags/example_bash_operator.py took 0.136 seconds
[2023-03-04T10:40:50.936+0530] {processor.py:153} INFO - Started process (PID=33587) to work on /home/ris/PycharmProjects/pythonProject/USA-housing/venv/lib/python3.10/site-packages/airflow/example_dags/example_bash_operator.py
[2023-03-04T10:40:50.938+0530] {processor.py:743} INFO - Processing file /home/ris/PycharmProjects/pythonProject/USA-housing/venv/lib/python3.10/site-packages/airflow/example_dags/example_bash_operator.py for tasks to queue
[2023-03-04T10:40:50.940+0530] {logging_mixin.py:137} INFO - [2023-03-04T10:40:50.939+0530] {dagbag.py:538} INFO - Filling up the DagBag from /home/ris/PycharmProjects/pythonProject/USA-housing/venv/lib/python3.10/site-packages/airflow/example_dags/example_bash_operator.py
[2023-03-04T10:40:50.969+0530] {processor.py:753} INFO - DAG(s) dict_keys(['example_bash_operator']) retrieved from /home/ris/PycharmProjects/pythonProject/USA-housing/venv/lib/python3.10/site-packages/airflow/example_dags/example_bash_operator.py
[2023-03-04T10:40:51.020+0530] {logging_mixin.py:137} INFO - [2023-03-04T10:40:51.020+0530] {dag.py:2690} INFO - Sync 1 DAGs
[2023-03-04T10:40:51.053+0530] {logging_mixin.py:137} INFO - [2023-03-04T10:40:51.053+0530] {dag.py:3437} INFO - Setting next_dagrun for example_bash_operator to 2023-03-03T00:00:00+00:00, run_after=2023-03-04T00:00:00+00:00
[2023-03-04T10:40:51.086+0530] {processor.py:175} INFO - Processing /home/ris/PycharmProjects/pythonProject/USA-housing/venv/lib/python3.10/site-packages/airflow/example_dags/example_bash_operator.py took 0.153 seconds
[2023-03-04T10:41:38.243+0530] {processor.py:153} INFO - Started process (PID=33650) to work on /home/ris/PycharmProjects/pythonProject/USA-housing/venv/lib/python3.10/site-packages/airflow/example_dags/example_bash_operator.py
[2023-03-04T10:41:38.245+0530] {processor.py:743} INFO - Processing file /home/ris/PycharmProjects/pythonProject/USA-housing/venv/lib/python3.10/site-packages/airflow/example_dags/example_bash_operator.py for tasks to queue
[2023-03-04T10:41:38.247+0530] {logging_mixin.py:137} INFO - [2023-03-04T10:41:38.246+0530] {dagbag.py:538} INFO - Filling up the DagBag from /home/ris/PycharmProjects/pythonProject/USA-housing/venv/lib/python3.10/site-packages/airflow/example_dags/example_bash_operator.py
[2023-03-04T10:41:38.288+0530] {processor.py:753} INFO - DAG(s) dict_keys(['example_bash_operator']) retrieved from /home/ris/PycharmProjects/pythonProject/USA-housing/venv/lib/python3.10/site-packages/airflow/example_dags/example_bash_operator.py
[2023-03-04T10:41:38.339+0530] {logging_mixin.py:137} INFO - [2023-03-04T10:41:38.339+0530] {dag.py:2690} INFO - Sync 1 DAGs
[2023-03-04T10:41:38.384+0530] {logging_mixin.py:137} INFO - [2023-03-04T10:41:38.384+0530] {dag.py:3437} INFO - Setting next_dagrun for example_bash_operator to 2023-03-03T00:00:00+00:00, run_after=2023-03-04T00:00:00+00:00
[2023-03-04T10:41:38.412+0530] {processor.py:175} INFO - Processing /home/ris/PycharmProjects/pythonProject/USA-housing/venv/lib/python3.10/site-packages/airflow/example_dags/example_bash_operator.py took 0.174 seconds
[2023-03-04T10:42:25.602+0530] {processor.py:153} INFO - Started process (PID=33698) to work on /home/ris/PycharmProjects/pythonProject/USA-housing/venv/lib/python3.10/site-packages/airflow/example_dags/example_bash_operator.py
[2023-03-04T10:42:25.604+0530] {processor.py:743} INFO - Processing file /home/ris/PycharmProjects/pythonProject/USA-housing/venv/lib/python3.10/site-packages/airflow/example_dags/example_bash_operator.py for tasks to queue
[2023-03-04T10:42:25.604+0530] {logging_mixin.py:137} INFO - [2023-03-04T10:42:25.604+0530] {dagbag.py:538} INFO - Filling up the DagBag from /home/ris/PycharmProjects/pythonProject/USA-housing/venv/lib/python3.10/site-packages/airflow/example_dags/example_bash_operator.py
[2023-03-04T10:42:25.628+0530] {processor.py:753} INFO - DAG(s) dict_keys(['example_bash_operator']) retrieved from /home/ris/PycharmProjects/pythonProject/USA-housing/venv/lib/python3.10/site-packages/airflow/example_dags/example_bash_operator.py
[2023-03-04T10:42:25.658+0530] {logging_mixin.py:137} INFO - [2023-03-04T10:42:25.658+0530] {dag.py:2690} INFO - Sync 1 DAGs
[2023-03-04T10:42:25.678+0530] {logging_mixin.py:137} INFO - [2023-03-04T10:42:25.677+0530] {dag.py:3437} INFO - Setting next_dagrun for example_bash_operator to 2023-03-03T00:00:00+00:00, run_after=2023-03-04T00:00:00+00:00
[2023-03-04T10:42:25.697+0530] {processor.py:175} INFO - Processing /home/ris/PycharmProjects/pythonProject/USA-housing/venv/lib/python3.10/site-packages/airflow/example_dags/example_bash_operator.py took 0.097 seconds
[2023-03-04T10:43:08.934+0530] {processor.py:153} INFO - Started process (PID=33748) to work on /home/ris/PycharmProjects/pythonProject/USA-housing/venv/lib/python3.10/site-packages/airflow/example_dags/example_bash_operator.py
[2023-03-04T10:43:08.935+0530] {processor.py:743} INFO - Processing file /home/ris/PycharmProjects/pythonProject/USA-housing/venv/lib/python3.10/site-packages/airflow/example_dags/example_bash_operator.py for tasks to queue
[2023-03-04T10:43:08.936+0530] {logging_mixin.py:137} INFO - [2023-03-04T10:43:08.936+0530] {dagbag.py:538} INFO - Filling up the DagBag from /home/ris/PycharmProjects/pythonProject/USA-housing/venv/lib/python3.10/site-packages/airflow/example_dags/example_bash_operator.py
[2023-03-04T10:43:08.958+0530] {processor.py:753} INFO - DAG(s) dict_keys(['example_bash_operator']) retrieved from /home/ris/PycharmProjects/pythonProject/USA-housing/venv/lib/python3.10/site-packages/airflow/example_dags/example_bash_operator.py
[2023-03-04T10:43:08.991+0530] {logging_mixin.py:137} INFO - [2023-03-04T10:43:08.990+0530] {dag.py:2690} INFO - Sync 1 DAGs
[2023-03-04T10:43:09.022+0530] {logging_mixin.py:137} INFO - [2023-03-04T10:43:09.021+0530] {dag.py:3437} INFO - Setting next_dagrun for example_bash_operator to 2023-03-03T00:00:00+00:00, run_after=2023-03-04T00:00:00+00:00
[2023-03-04T10:43:09.042+0530] {processor.py:175} INFO - Processing /home/ris/PycharmProjects/pythonProject/USA-housing/venv/lib/python3.10/site-packages/airflow/example_dags/example_bash_operator.py took 0.111 seconds
[2023-03-04T10:43:57.562+0530] {processor.py:153} INFO - Started process (PID=33798) to work on /home/ris/PycharmProjects/pythonProject/USA-housing/venv/lib/python3.10/site-packages/airflow/example_dags/example_bash_operator.py
[2023-03-04T10:43:57.564+0530] {processor.py:743} INFO - Processing file /home/ris/PycharmProjects/pythonProject/USA-housing/venv/lib/python3.10/site-packages/airflow/example_dags/example_bash_operator.py for tasks to queue
[2023-03-04T10:43:57.564+0530] {logging_mixin.py:137} INFO - [2023-03-04T10:43:57.564+0530] {dagbag.py:538} INFO - Filling up the DagBag from /home/ris/PycharmProjects/pythonProject/USA-housing/venv/lib/python3.10/site-packages/airflow/example_dags/example_bash_operator.py
[2023-03-04T10:43:57.589+0530] {processor.py:753} INFO - DAG(s) dict_keys(['example_bash_operator']) retrieved from /home/ris/PycharmProjects/pythonProject/USA-housing/venv/lib/python3.10/site-packages/airflow/example_dags/example_bash_operator.py
[2023-03-04T10:43:57.624+0530] {logging_mixin.py:137} INFO - [2023-03-04T10:43:57.624+0530] {dag.py:2690} INFO - Sync 1 DAGs
[2023-03-04T10:43:57.651+0530] {logging_mixin.py:137} INFO - [2023-03-04T10:43:57.650+0530] {dag.py:3437} INFO - Setting next_dagrun for example_bash_operator to 2023-03-03T00:00:00+00:00, run_after=2023-03-04T00:00:00+00:00
[2023-03-04T10:43:57.678+0530] {processor.py:175} INFO - Processing /home/ris/PycharmProjects/pythonProject/USA-housing/venv/lib/python3.10/site-packages/airflow/example_dags/example_bash_operator.py took 0.120 seconds
[2023-03-04T10:44:44.534+0530] {processor.py:153} INFO - Started process (PID=33844) to work on /home/ris/PycharmProjects/pythonProject/USA-housing/venv/lib/python3.10/site-packages/airflow/example_dags/example_bash_operator.py
[2023-03-04T10:44:44.536+0530] {processor.py:743} INFO - Processing file /home/ris/PycharmProjects/pythonProject/USA-housing/venv/lib/python3.10/site-packages/airflow/example_dags/example_bash_operator.py for tasks to queue
[2023-03-04T10:44:44.537+0530] {logging_mixin.py:137} INFO - [2023-03-04T10:44:44.537+0530] {dagbag.py:538} INFO - Filling up the DagBag from /home/ris/PycharmProjects/pythonProject/USA-housing/venv/lib/python3.10/site-packages/airflow/example_dags/example_bash_operator.py
[2023-03-04T10:44:44.556+0530] {processor.py:753} INFO - DAG(s) dict_keys(['example_bash_operator']) retrieved from /home/ris/PycharmProjects/pythonProject/USA-housing/venv/lib/python3.10/site-packages/airflow/example_dags/example_bash_operator.py
[2023-03-04T10:44:44.587+0530] {logging_mixin.py:137} INFO - [2023-03-04T10:44:44.587+0530] {dag.py:2690} INFO - Sync 1 DAGs
[2023-03-04T10:44:44.613+0530] {logging_mixin.py:137} INFO - [2023-03-04T10:44:44.613+0530] {dag.py:3437} INFO - Setting next_dagrun for example_bash_operator to 2023-03-03T00:00:00+00:00, run_after=2023-03-04T00:00:00+00:00
[2023-03-04T10:44:44.633+0530] {processor.py:175} INFO - Processing /home/ris/PycharmProjects/pythonProject/USA-housing/venv/lib/python3.10/site-packages/airflow/example_dags/example_bash_operator.py took 0.101 seconds
[2023-03-04T10:45:34.417+0530] {processor.py:153} INFO - Started process (PID=33907) to work on /home/ris/PycharmProjects/pythonProject/USA-housing/venv/lib/python3.10/site-packages/airflow/example_dags/example_bash_operator.py
[2023-03-04T10:45:34.418+0530] {processor.py:743} INFO - Processing file /home/ris/PycharmProjects/pythonProject/USA-housing/venv/lib/python3.10/site-packages/airflow/example_dags/example_bash_operator.py for tasks to queue
[2023-03-04T10:45:34.419+0530] {logging_mixin.py:137} INFO - [2023-03-04T10:45:34.419+0530] {dagbag.py:538} INFO - Filling up the DagBag from /home/ris/PycharmProjects/pythonProject/USA-housing/venv/lib/python3.10/site-packages/airflow/example_dags/example_bash_operator.py
[2023-03-04T10:45:34.459+0530] {processor.py:753} INFO - DAG(s) dict_keys(['example_bash_operator']) retrieved from /home/ris/PycharmProjects/pythonProject/USA-housing/venv/lib/python3.10/site-packages/airflow/example_dags/example_bash_operator.py
[2023-03-04T10:45:34.534+0530] {logging_mixin.py:137} INFO - [2023-03-04T10:45:34.534+0530] {dag.py:2690} INFO - Sync 1 DAGs
[2023-03-04T10:45:34.573+0530] {logging_mixin.py:137} INFO - [2023-03-04T10:45:34.573+0530] {dag.py:3437} INFO - Setting next_dagrun for example_bash_operator to 2023-03-03T00:00:00+00:00, run_after=2023-03-04T00:00:00+00:00
[2023-03-04T10:45:34.619+0530] {processor.py:175} INFO - Processing /home/ris/PycharmProjects/pythonProject/USA-housing/venv/lib/python3.10/site-packages/airflow/example_dags/example_bash_operator.py took 0.205 seconds
[2023-03-04T10:46:17.693+0530] {processor.py:153} INFO - Started process (PID=33952) to work on /home/ris/PycharmProjects/pythonProject/USA-housing/venv/lib/python3.10/site-packages/airflow/example_dags/example_bash_operator.py
[2023-03-04T10:46:17.696+0530] {processor.py:743} INFO - Processing file /home/ris/PycharmProjects/pythonProject/USA-housing/venv/lib/python3.10/site-packages/airflow/example_dags/example_bash_operator.py for tasks to queue
[2023-03-04T10:46:17.697+0530] {logging_mixin.py:137} INFO - [2023-03-04T10:46:17.697+0530] {dagbag.py:538} INFO - Filling up the DagBag from /home/ris/PycharmProjects/pythonProject/USA-housing/venv/lib/python3.10/site-packages/airflow/example_dags/example_bash_operator.py
[2023-03-04T10:46:17.749+0530] {processor.py:753} INFO - DAG(s) dict_keys(['example_bash_operator']) retrieved from /home/ris/PycharmProjects/pythonProject/USA-housing/venv/lib/python3.10/site-packages/airflow/example_dags/example_bash_operator.py
[2023-03-04T10:46:17.792+0530] {logging_mixin.py:137} INFO - [2023-03-04T10:46:17.792+0530] {dag.py:2690} INFO - Sync 1 DAGs
[2023-03-04T10:46:17.820+0530] {logging_mixin.py:137} INFO - [2023-03-04T10:46:17.820+0530] {dag.py:3437} INFO - Setting next_dagrun for example_bash_operator to 2023-03-03T00:00:00+00:00, run_after=2023-03-04T00:00:00+00:00
[2023-03-04T10:46:17.855+0530] {processor.py:175} INFO - Processing /home/ris/PycharmProjects/pythonProject/USA-housing/venv/lib/python3.10/site-packages/airflow/example_dags/example_bash_operator.py took 0.169 seconds
[2023-03-04T10:47:18.152+0530] {processor.py:153} INFO - Started process (PID=34024) to work on /home/ris/PycharmProjects/pythonProject/USA-housing/venv/lib/python3.10/site-packages/airflow/example_dags/example_bash_operator.py
[2023-03-04T10:47:18.154+0530] {processor.py:743} INFO - Processing file /home/ris/PycharmProjects/pythonProject/USA-housing/venv/lib/python3.10/site-packages/airflow/example_dags/example_bash_operator.py for tasks to queue
[2023-03-04T10:47:18.155+0530] {logging_mixin.py:137} INFO - [2023-03-04T10:47:18.155+0530] {dagbag.py:538} INFO - Filling up the DagBag from /home/ris/PycharmProjects/pythonProject/USA-housing/venv/lib/python3.10/site-packages/airflow/example_dags/example_bash_operator.py
[2023-03-04T10:47:18.175+0530] {processor.py:753} INFO - DAG(s) dict_keys(['example_bash_operator']) retrieved from /home/ris/PycharmProjects/pythonProject/USA-housing/venv/lib/python3.10/site-packages/airflow/example_dags/example_bash_operator.py
[2023-03-04T10:47:18.209+0530] {logging_mixin.py:137} INFO - [2023-03-04T10:47:18.209+0530] {dag.py:2690} INFO - Sync 1 DAGs
[2023-03-04T10:47:18.229+0530] {logging_mixin.py:137} INFO - [2023-03-04T10:47:18.229+0530] {dag.py:3437} INFO - Setting next_dagrun for example_bash_operator to 2023-03-03T00:00:00+00:00, run_after=2023-03-04T00:00:00+00:00
[2023-03-04T10:47:18.251+0530] {processor.py:175} INFO - Processing /home/ris/PycharmProjects/pythonProject/USA-housing/venv/lib/python3.10/site-packages/airflow/example_dags/example_bash_operator.py took 0.101 seconds
[2023-03-04T10:48:13.433+0530] {processor.py:153} INFO - Started process (PID=34081) to work on /home/ris/PycharmProjects/pythonProject/USA-housing/venv/lib/python3.10/site-packages/airflow/example_dags/example_bash_operator.py
[2023-03-04T10:48:13.436+0530] {processor.py:743} INFO - Processing file /home/ris/PycharmProjects/pythonProject/USA-housing/venv/lib/python3.10/site-packages/airflow/example_dags/example_bash_operator.py for tasks to queue
[2023-03-04T10:48:13.438+0530] {logging_mixin.py:137} INFO - [2023-03-04T10:48:13.437+0530] {dagbag.py:538} INFO - Filling up the DagBag from /home/ris/PycharmProjects/pythonProject/USA-housing/venv/lib/python3.10/site-packages/airflow/example_dags/example_bash_operator.py
[2023-03-04T10:48:13.479+0530] {processor.py:753} INFO - DAG(s) dict_keys(['example_bash_operator']) retrieved from /home/ris/PycharmProjects/pythonProject/USA-housing/venv/lib/python3.10/site-packages/airflow/example_dags/example_bash_operator.py
[2023-03-04T10:48:13.527+0530] {logging_mixin.py:137} INFO - [2023-03-04T10:48:13.527+0530] {dag.py:2690} INFO - Sync 1 DAGs
[2023-03-04T10:48:13.563+0530] {logging_mixin.py:137} INFO - [2023-03-04T10:48:13.562+0530] {dag.py:3437} INFO - Setting next_dagrun for example_bash_operator to 2023-03-03T00:00:00+00:00, run_after=2023-03-04T00:00:00+00:00
[2023-03-04T10:48:13.594+0530] {processor.py:175} INFO - Processing /home/ris/PycharmProjects/pythonProject/USA-housing/venv/lib/python3.10/site-packages/airflow/example_dags/example_bash_operator.py took 0.167 seconds
[2023-03-04T10:49:08.893+0530] {processor.py:153} INFO - Started process (PID=34152) to work on /home/ris/PycharmProjects/pythonProject/USA-housing/venv/lib/python3.10/site-packages/airflow/example_dags/example_bash_operator.py
[2023-03-04T10:49:08.895+0530] {processor.py:743} INFO - Processing file /home/ris/PycharmProjects/pythonProject/USA-housing/venv/lib/python3.10/site-packages/airflow/example_dags/example_bash_operator.py for tasks to queue
[2023-03-04T10:49:08.897+0530] {logging_mixin.py:137} INFO - [2023-03-04T10:49:08.897+0530] {dagbag.py:538} INFO - Filling up the DagBag from /home/ris/PycharmProjects/pythonProject/USA-housing/venv/lib/python3.10/site-packages/airflow/example_dags/example_bash_operator.py
[2023-03-04T10:49:08.933+0530] {processor.py:753} INFO - DAG(s) dict_keys(['example_bash_operator']) retrieved from /home/ris/PycharmProjects/pythonProject/USA-housing/venv/lib/python3.10/site-packages/airflow/example_dags/example_bash_operator.py
[2023-03-04T10:49:08.968+0530] {logging_mixin.py:137} INFO - [2023-03-04T10:49:08.968+0530] {dag.py:2690} INFO - Sync 1 DAGs
[2023-03-04T10:49:08.989+0530] {logging_mixin.py:137} INFO - [2023-03-04T10:49:08.989+0530] {dag.py:3437} INFO - Setting next_dagrun for example_bash_operator to 2023-03-03T00:00:00+00:00, run_after=2023-03-04T00:00:00+00:00
[2023-03-04T10:49:09.014+0530] {processor.py:175} INFO - Processing /home/ris/PycharmProjects/pythonProject/USA-housing/venv/lib/python3.10/site-packages/airflow/example_dags/example_bash_operator.py took 0.126 seconds
[2023-03-04T10:49:54.094+0530] {processor.py:153} INFO - Started process (PID=34218) to work on /home/ris/PycharmProjects/pythonProject/USA-housing/venv/lib/python3.10/site-packages/airflow/example_dags/example_bash_operator.py
[2023-03-04T10:49:54.095+0530] {processor.py:743} INFO - Processing file /home/ris/PycharmProjects/pythonProject/USA-housing/venv/lib/python3.10/site-packages/airflow/example_dags/example_bash_operator.py for tasks to queue
[2023-03-04T10:49:54.095+0530] {logging_mixin.py:137} INFO - [2023-03-04T10:49:54.095+0530] {dagbag.py:538} INFO - Filling up the DagBag from /home/ris/PycharmProjects/pythonProject/USA-housing/venv/lib/python3.10/site-packages/airflow/example_dags/example_bash_operator.py
[2023-03-04T10:49:54.125+0530] {processor.py:753} INFO - DAG(s) dict_keys(['example_bash_operator']) retrieved from /home/ris/PycharmProjects/pythonProject/USA-housing/venv/lib/python3.10/site-packages/airflow/example_dags/example_bash_operator.py
[2023-03-04T10:49:54.162+0530] {logging_mixin.py:137} INFO - [2023-03-04T10:49:54.161+0530] {dag.py:2690} INFO - Sync 1 DAGs
[2023-03-04T10:49:54.183+0530] {logging_mixin.py:137} INFO - [2023-03-04T10:49:54.183+0530] {dag.py:3437} INFO - Setting next_dagrun for example_bash_operator to 2023-03-03T00:00:00+00:00, run_after=2023-03-04T00:00:00+00:00
[2023-03-04T10:49:54.205+0530] {processor.py:175} INFO - Processing /home/ris/PycharmProjects/pythonProject/USA-housing/venv/lib/python3.10/site-packages/airflow/example_dags/example_bash_operator.py took 0.115 seconds
[2023-03-04T10:50:42.725+0530] {processor.py:153} INFO - Started process (PID=34319) to work on /home/ris/PycharmProjects/pythonProject/USA-housing/venv/lib/python3.10/site-packages/airflow/example_dags/example_bash_operator.py
[2023-03-04T10:50:42.727+0530] {processor.py:743} INFO - Processing file /home/ris/PycharmProjects/pythonProject/USA-housing/venv/lib/python3.10/site-packages/airflow/example_dags/example_bash_operator.py for tasks to queue
[2023-03-04T10:50:42.728+0530] {logging_mixin.py:137} INFO - [2023-03-04T10:50:42.728+0530] {dagbag.py:538} INFO - Filling up the DagBag from /home/ris/PycharmProjects/pythonProject/USA-housing/venv/lib/python3.10/site-packages/airflow/example_dags/example_bash_operator.py
[2023-03-04T10:50:42.748+0530] {processor.py:753} INFO - DAG(s) dict_keys(['example_bash_operator']) retrieved from /home/ris/PycharmProjects/pythonProject/USA-housing/venv/lib/python3.10/site-packages/airflow/example_dags/example_bash_operator.py
[2023-03-04T10:50:42.779+0530] {logging_mixin.py:137} INFO - [2023-03-04T10:50:42.779+0530] {dag.py:2690} INFO - Sync 1 DAGs
[2023-03-04T10:50:42.805+0530] {logging_mixin.py:137} INFO - [2023-03-04T10:50:42.805+0530] {dag.py:3437} INFO - Setting next_dagrun for example_bash_operator to 2023-03-03T00:00:00+00:00, run_after=2023-03-04T00:00:00+00:00
[2023-03-04T10:50:42.831+0530] {processor.py:175} INFO - Processing /home/ris/PycharmProjects/pythonProject/USA-housing/venv/lib/python3.10/site-packages/airflow/example_dags/example_bash_operator.py took 0.109 seconds
[2023-03-04T10:51:36.286+0530] {processor.py:153} INFO - Started process (PID=34386) to work on /home/ris/PycharmProjects/pythonProject/USA-housing/venv/lib/python3.10/site-packages/airflow/example_dags/example_bash_operator.py
[2023-03-04T10:51:36.288+0530] {processor.py:743} INFO - Processing file /home/ris/PycharmProjects/pythonProject/USA-housing/venv/lib/python3.10/site-packages/airflow/example_dags/example_bash_operator.py for tasks to queue
[2023-03-04T10:51:36.288+0530] {logging_mixin.py:137} INFO - [2023-03-04T10:51:36.288+0530] {dagbag.py:538} INFO - Filling up the DagBag from /home/ris/PycharmProjects/pythonProject/USA-housing/venv/lib/python3.10/site-packages/airflow/example_dags/example_bash_operator.py
[2023-03-04T10:51:36.310+0530] {processor.py:753} INFO - DAG(s) dict_keys(['example_bash_operator']) retrieved from /home/ris/PycharmProjects/pythonProject/USA-housing/venv/lib/python3.10/site-packages/airflow/example_dags/example_bash_operator.py
[2023-03-04T10:51:36.353+0530] {logging_mixin.py:137} INFO - [2023-03-04T10:51:36.352+0530] {dag.py:2690} INFO - Sync 1 DAGs
[2023-03-04T10:51:36.378+0530] {logging_mixin.py:137} INFO - [2023-03-04T10:51:36.378+0530] {dag.py:3437} INFO - Setting next_dagrun for example_bash_operator to 2023-03-03T00:00:00+00:00, run_after=2023-03-04T00:00:00+00:00
[2023-03-04T10:51:36.400+0530] {processor.py:175} INFO - Processing /home/ris/PycharmProjects/pythonProject/USA-housing/venv/lib/python3.10/site-packages/airflow/example_dags/example_bash_operator.py took 0.117 seconds
[2023-03-04T10:52:22.443+0530] {processor.py:153} INFO - Started process (PID=34456) to work on /home/ris/PycharmProjects/pythonProject/USA-housing/venv/lib/python3.10/site-packages/airflow/example_dags/example_bash_operator.py
[2023-03-04T10:52:22.445+0530] {processor.py:743} INFO - Processing file /home/ris/PycharmProjects/pythonProject/USA-housing/venv/lib/python3.10/site-packages/airflow/example_dags/example_bash_operator.py for tasks to queue
[2023-03-04T10:52:22.445+0530] {logging_mixin.py:137} INFO - [2023-03-04T10:52:22.445+0530] {dagbag.py:538} INFO - Filling up the DagBag from /home/ris/PycharmProjects/pythonProject/USA-housing/venv/lib/python3.10/site-packages/airflow/example_dags/example_bash_operator.py
[2023-03-04T10:52:22.467+0530] {processor.py:753} INFO - DAG(s) dict_keys(['example_bash_operator']) retrieved from /home/ris/PycharmProjects/pythonProject/USA-housing/venv/lib/python3.10/site-packages/airflow/example_dags/example_bash_operator.py
[2023-03-04T10:52:22.503+0530] {logging_mixin.py:137} INFO - [2023-03-04T10:52:22.503+0530] {dag.py:2690} INFO - Sync 1 DAGs
[2023-03-04T10:52:22.531+0530] {logging_mixin.py:137} INFO - [2023-03-04T10:52:22.531+0530] {dag.py:3437} INFO - Setting next_dagrun for example_bash_operator to 2023-03-03T00:00:00+00:00, run_after=2023-03-04T00:00:00+00:00
[2023-03-04T10:52:22.555+0530] {processor.py:175} INFO - Processing /home/ris/PycharmProjects/pythonProject/USA-housing/venv/lib/python3.10/site-packages/airflow/example_dags/example_bash_operator.py took 0.115 seconds
[2023-03-04T10:53:15.056+0530] {processor.py:153} INFO - Started process (PID=34584) to work on /home/ris/PycharmProjects/pythonProject/USA-housing/venv/lib/python3.10/site-packages/airflow/example_dags/example_bash_operator.py
[2023-03-04T10:53:15.058+0530] {processor.py:743} INFO - Processing file /home/ris/PycharmProjects/pythonProject/USA-housing/venv/lib/python3.10/site-packages/airflow/example_dags/example_bash_operator.py for tasks to queue
[2023-03-04T10:53:15.059+0530] {logging_mixin.py:137} INFO - [2023-03-04T10:53:15.058+0530] {dagbag.py:538} INFO - Filling up the DagBag from /home/ris/PycharmProjects/pythonProject/USA-housing/venv/lib/python3.10/site-packages/airflow/example_dags/example_bash_operator.py
[2023-03-04T10:53:15.092+0530] {processor.py:753} INFO - DAG(s) dict_keys(['example_bash_operator']) retrieved from /home/ris/PycharmProjects/pythonProject/USA-housing/venv/lib/python3.10/site-packages/airflow/example_dags/example_bash_operator.py
[2023-03-04T10:53:15.135+0530] {logging_mixin.py:137} INFO - [2023-03-04T10:53:15.135+0530] {dag.py:2690} INFO - Sync 1 DAGs
[2023-03-04T10:53:15.167+0530] {logging_mixin.py:137} INFO - [2023-03-04T10:53:15.167+0530] {dag.py:3437} INFO - Setting next_dagrun for example_bash_operator to 2023-03-03T00:00:00+00:00, run_after=2023-03-04T00:00:00+00:00
[2023-03-04T10:53:15.202+0530] {processor.py:175} INFO - Processing /home/ris/PycharmProjects/pythonProject/USA-housing/venv/lib/python3.10/site-packages/airflow/example_dags/example_bash_operator.py took 0.149 seconds
[2023-03-04T10:54:11.926+0530] {processor.py:153} INFO - Started process (PID=34738) to work on /home/ris/PycharmProjects/pythonProject/USA-housing/venv/lib/python3.10/site-packages/airflow/example_dags/example_bash_operator.py
[2023-03-04T10:54:11.927+0530] {processor.py:743} INFO - Processing file /home/ris/PycharmProjects/pythonProject/USA-housing/venv/lib/python3.10/site-packages/airflow/example_dags/example_bash_operator.py for tasks to queue
[2023-03-04T10:54:11.927+0530] {logging_mixin.py:137} INFO - [2023-03-04T10:54:11.927+0530] {dagbag.py:538} INFO - Filling up the DagBag from /home/ris/PycharmProjects/pythonProject/USA-housing/venv/lib/python3.10/site-packages/airflow/example_dags/example_bash_operator.py
[2023-03-04T10:54:11.949+0530] {processor.py:753} INFO - DAG(s) dict_keys(['example_bash_operator']) retrieved from /home/ris/PycharmProjects/pythonProject/USA-housing/venv/lib/python3.10/site-packages/airflow/example_dags/example_bash_operator.py
[2023-03-04T10:54:11.979+0530] {logging_mixin.py:137} INFO - [2023-03-04T10:54:11.979+0530] {dag.py:2690} INFO - Sync 1 DAGs
[2023-03-04T10:54:12.001+0530] {logging_mixin.py:137} INFO - [2023-03-04T10:54:12.001+0530] {dag.py:3437} INFO - Setting next_dagrun for example_bash_operator to 2023-03-03T00:00:00+00:00, run_after=2023-03-04T00:00:00+00:00
[2023-03-04T10:54:12.028+0530] {processor.py:175} INFO - Processing /home/ris/PycharmProjects/pythonProject/USA-housing/venv/lib/python3.10/site-packages/airflow/example_dags/example_bash_operator.py took 0.105 seconds
[2023-03-04T10:55:02.462+0530] {processor.py:153} INFO - Started process (PID=34810) to work on /home/ris/PycharmProjects/pythonProject/USA-housing/venv/lib/python3.10/site-packages/airflow/example_dags/example_bash_operator.py
[2023-03-04T10:55:02.464+0530] {processor.py:743} INFO - Processing file /home/ris/PycharmProjects/pythonProject/USA-housing/venv/lib/python3.10/site-packages/airflow/example_dags/example_bash_operator.py for tasks to queue
[2023-03-04T10:55:02.464+0530] {logging_mixin.py:137} INFO - [2023-03-04T10:55:02.464+0530] {dagbag.py:538} INFO - Filling up the DagBag from /home/ris/PycharmProjects/pythonProject/USA-housing/venv/lib/python3.10/site-packages/airflow/example_dags/example_bash_operator.py
[2023-03-04T10:55:02.490+0530] {processor.py:753} INFO - DAG(s) dict_keys(['example_bash_operator']) retrieved from /home/ris/PycharmProjects/pythonProject/USA-housing/venv/lib/python3.10/site-packages/airflow/example_dags/example_bash_operator.py
[2023-03-04T10:55:02.522+0530] {logging_mixin.py:137} INFO - [2023-03-04T10:55:02.522+0530] {dag.py:2690} INFO - Sync 1 DAGs
[2023-03-04T10:55:02.543+0530] {logging_mixin.py:137} INFO - [2023-03-04T10:55:02.543+0530] {dag.py:3437} INFO - Setting next_dagrun for example_bash_operator to 2023-03-03T00:00:00+00:00, run_after=2023-03-04T00:00:00+00:00
[2023-03-04T10:55:02.564+0530] {processor.py:175} INFO - Processing /home/ris/PycharmProjects/pythonProject/USA-housing/venv/lib/python3.10/site-packages/airflow/example_dags/example_bash_operator.py took 0.105 seconds
[2023-03-04T10:55:46.557+0530] {processor.py:153} INFO - Started process (PID=34860) to work on /home/ris/PycharmProjects/pythonProject/USA-housing/venv/lib/python3.10/site-packages/airflow/example_dags/example_bash_operator.py
[2023-03-04T10:55:46.559+0530] {processor.py:743} INFO - Processing file /home/ris/PycharmProjects/pythonProject/USA-housing/venv/lib/python3.10/site-packages/airflow/example_dags/example_bash_operator.py for tasks to queue
[2023-03-04T10:55:46.560+0530] {logging_mixin.py:137} INFO - [2023-03-04T10:55:46.560+0530] {dagbag.py:538} INFO - Filling up the DagBag from /home/ris/PycharmProjects/pythonProject/USA-housing/venv/lib/python3.10/site-packages/airflow/example_dags/example_bash_operator.py
[2023-03-04T10:55:46.589+0530] {processor.py:753} INFO - DAG(s) dict_keys(['example_bash_operator']) retrieved from /home/ris/PycharmProjects/pythonProject/USA-housing/venv/lib/python3.10/site-packages/airflow/example_dags/example_bash_operator.py
[2023-03-04T10:55:46.632+0530] {logging_mixin.py:137} INFO - [2023-03-04T10:55:46.631+0530] {dag.py:2690} INFO - Sync 1 DAGs
[2023-03-04T10:55:46.657+0530] {logging_mixin.py:137} INFO - [2023-03-04T10:55:46.657+0530] {dag.py:3437} INFO - Setting next_dagrun for example_bash_operator to 2023-03-03T00:00:00+00:00, run_after=2023-03-04T00:00:00+00:00
[2023-03-04T10:55:46.685+0530] {processor.py:175} INFO - Processing /home/ris/PycharmProjects/pythonProject/USA-housing/venv/lib/python3.10/site-packages/airflow/example_dags/example_bash_operator.py took 0.131 seconds
[2023-03-04T10:56:41.297+0530] {processor.py:153} INFO - Started process (PID=34941) to work on /home/ris/PycharmProjects/pythonProject/USA-housing/venv/lib/python3.10/site-packages/airflow/example_dags/example_bash_operator.py
[2023-03-04T10:56:41.299+0530] {processor.py:743} INFO - Processing file /home/ris/PycharmProjects/pythonProject/USA-housing/venv/lib/python3.10/site-packages/airflow/example_dags/example_bash_operator.py for tasks to queue
[2023-03-04T10:56:41.299+0530] {logging_mixin.py:137} INFO - [2023-03-04T10:56:41.299+0530] {dagbag.py:538} INFO - Filling up the DagBag from /home/ris/PycharmProjects/pythonProject/USA-housing/venv/lib/python3.10/site-packages/airflow/example_dags/example_bash_operator.py
[2023-03-04T10:56:41.328+0530] {processor.py:753} INFO - DAG(s) dict_keys(['example_bash_operator']) retrieved from /home/ris/PycharmProjects/pythonProject/USA-housing/venv/lib/python3.10/site-packages/airflow/example_dags/example_bash_operator.py
[2023-03-04T10:56:41.364+0530] {logging_mixin.py:137} INFO - [2023-03-04T10:56:41.364+0530] {dag.py:2690} INFO - Sync 1 DAGs
[2023-03-04T10:56:41.391+0530] {logging_mixin.py:137} INFO - [2023-03-04T10:56:41.391+0530] {dag.py:3437} INFO - Setting next_dagrun for example_bash_operator to 2023-03-03T00:00:00+00:00, run_after=2023-03-04T00:00:00+00:00
[2023-03-04T10:56:41.419+0530] {processor.py:175} INFO - Processing /home/ris/PycharmProjects/pythonProject/USA-housing/venv/lib/python3.10/site-packages/airflow/example_dags/example_bash_operator.py took 0.125 seconds
[2023-03-04T10:57:36.257+0530] {processor.py:153} INFO - Started process (PID=35034) to work on /home/ris/PycharmProjects/pythonProject/USA-housing/venv/lib/python3.10/site-packages/airflow/example_dags/example_bash_operator.py
[2023-03-04T10:57:36.259+0530] {processor.py:743} INFO - Processing file /home/ris/PycharmProjects/pythonProject/USA-housing/venv/lib/python3.10/site-packages/airflow/example_dags/example_bash_operator.py for tasks to queue
[2023-03-04T10:57:36.260+0530] {logging_mixin.py:137} INFO - [2023-03-04T10:57:36.259+0530] {dagbag.py:538} INFO - Filling up the DagBag from /home/ris/PycharmProjects/pythonProject/USA-housing/venv/lib/python3.10/site-packages/airflow/example_dags/example_bash_operator.py
[2023-03-04T10:57:36.284+0530] {processor.py:753} INFO - DAG(s) dict_keys(['example_bash_operator']) retrieved from /home/ris/PycharmProjects/pythonProject/USA-housing/venv/lib/python3.10/site-packages/airflow/example_dags/example_bash_operator.py
[2023-03-04T10:57:36.327+0530] {logging_mixin.py:137} INFO - [2023-03-04T10:57:36.326+0530] {dag.py:2690} INFO - Sync 1 DAGs
[2023-03-04T10:57:36.357+0530] {logging_mixin.py:137} INFO - [2023-03-04T10:57:36.357+0530] {dag.py:3437} INFO - Setting next_dagrun for example_bash_operator to 2023-03-03T00:00:00+00:00, run_after=2023-03-04T00:00:00+00:00
[2023-03-04T10:57:36.396+0530] {processor.py:175} INFO - Processing /home/ris/PycharmProjects/pythonProject/USA-housing/venv/lib/python3.10/site-packages/airflow/example_dags/example_bash_operator.py took 0.141 seconds
[2023-03-04T11:01:15.746+0530] {processor.py:153} INFO - Started process (PID=35188) to work on /home/ris/PycharmProjects/pythonProject/USA-housing/venv/lib/python3.10/site-packages/airflow/example_dags/example_bash_operator.py
[2023-03-04T11:01:15.748+0530] {processor.py:743} INFO - Processing file /home/ris/PycharmProjects/pythonProject/USA-housing/venv/lib/python3.10/site-packages/airflow/example_dags/example_bash_operator.py for tasks to queue
[2023-03-04T11:01:15.749+0530] {logging_mixin.py:137} INFO - [2023-03-04T11:01:15.749+0530] {dagbag.py:538} INFO - Filling up the DagBag from /home/ris/PycharmProjects/pythonProject/USA-housing/venv/lib/python3.10/site-packages/airflow/example_dags/example_bash_operator.py
[2023-03-04T11:01:15.791+0530] {processor.py:753} INFO - DAG(s) dict_keys(['example_bash_operator']) retrieved from /home/ris/PycharmProjects/pythonProject/USA-housing/venv/lib/python3.10/site-packages/airflow/example_dags/example_bash_operator.py
[2023-03-04T11:01:15.820+0530] {logging_mixin.py:137} INFO - [2023-03-04T11:01:15.820+0530] {dag.py:2690} INFO - Sync 1 DAGs
[2023-03-04T11:01:15.842+0530] {logging_mixin.py:137} INFO - [2023-03-04T11:01:15.842+0530] {dag.py:3437} INFO - Setting next_dagrun for example_bash_operator to 2023-03-03T00:00:00+00:00, run_after=2023-03-04T00:00:00+00:00
[2023-03-04T11:01:15.864+0530] {processor.py:175} INFO - Processing /home/ris/PycharmProjects/pythonProject/USA-housing/venv/lib/python3.10/site-packages/airflow/example_dags/example_bash_operator.py took 0.123 seconds
