[2023-03-04T09:23:44.552+0530] {processor.py:153} INFO - Started process (PID=29719) to work on /home/ris/PycharmProjects/pythonProject/USA-housing/venv/lib/python3.10/site-packages/airflow/example_dags/example_dynamic_task_mapping.py
[2023-03-04T09:23:44.553+0530] {processor.py:743} INFO - Processing file /home/ris/PycharmProjects/pythonProject/USA-housing/venv/lib/python3.10/site-packages/airflow/example_dags/example_dynamic_task_mapping.py for tasks to queue
[2023-03-04T09:23:44.554+0530] {logging_mixin.py:137} INFO - [2023-03-04T09:23:44.554+0530] {dagbag.py:538} INFO - Filling up the DagBag from /home/ris/PycharmProjects/pythonProject/USA-housing/venv/lib/python3.10/site-packages/airflow/example_dags/example_dynamic_task_mapping.py
[2023-03-04T09:23:44.594+0530] {processor.py:753} INFO - DAG(s) dict_keys(['example_dynamic_task_mapping']) retrieved from /home/ris/PycharmProjects/pythonProject/USA-housing/venv/lib/python3.10/site-packages/airflow/example_dags/example_dynamic_task_mapping.py
[2023-03-04T09:23:44.608+0530] {logging_mixin.py:137} INFO - [2023-03-04T09:23:44.608+0530] {dag.py:2690} INFO - Sync 1 DAGs
[2023-03-04T09:23:44.625+0530] {logging_mixin.py:137} INFO - [2023-03-04T09:23:44.625+0530] {dag.py:3437} INFO - Setting next_dagrun for example_dynamic_task_mapping to 2022-03-04T00:00:00+00:00, run_after=2022-03-05T00:00:00+00:00
[2023-03-04T09:23:44.643+0530] {processor.py:175} INFO - Processing /home/ris/PycharmProjects/pythonProject/USA-housing/venv/lib/python3.10/site-packages/airflow/example_dags/example_dynamic_task_mapping.py took 0.095 seconds
[2023-03-04T09:24:34.016+0530] {processor.py:153} INFO - Started process (PID=29766) to work on /home/ris/PycharmProjects/pythonProject/USA-housing/venv/lib/python3.10/site-packages/airflow/example_dags/example_dynamic_task_mapping.py
[2023-03-04T09:24:34.019+0530] {processor.py:743} INFO - Processing file /home/ris/PycharmProjects/pythonProject/USA-housing/venv/lib/python3.10/site-packages/airflow/example_dags/example_dynamic_task_mapping.py for tasks to queue
[2023-03-04T09:24:34.020+0530] {logging_mixin.py:137} INFO - [2023-03-04T09:24:34.020+0530] {dagbag.py:538} INFO - Filling up the DagBag from /home/ris/PycharmProjects/pythonProject/USA-housing/venv/lib/python3.10/site-packages/airflow/example_dags/example_dynamic_task_mapping.py
[2023-03-04T09:24:34.061+0530] {processor.py:753} INFO - DAG(s) dict_keys(['example_dynamic_task_mapping']) retrieved from /home/ris/PycharmProjects/pythonProject/USA-housing/venv/lib/python3.10/site-packages/airflow/example_dags/example_dynamic_task_mapping.py
[2023-03-04T09:24:34.076+0530] {logging_mixin.py:137} INFO - [2023-03-04T09:24:34.075+0530] {dag.py:2690} INFO - Sync 1 DAGs
[2023-03-04T09:24:34.092+0530] {logging_mixin.py:137} INFO - [2023-03-04T09:24:34.092+0530] {dag.py:3437} INFO - Setting next_dagrun for example_dynamic_task_mapping to 2022-03-04T00:00:00+00:00, run_after=2022-03-05T00:00:00+00:00
[2023-03-04T09:24:34.109+0530] {processor.py:175} INFO - Processing /home/ris/PycharmProjects/pythonProject/USA-housing/venv/lib/python3.10/site-packages/airflow/example_dags/example_dynamic_task_mapping.py took 0.097 seconds
[2023-03-04T09:25:13.641+0530] {processor.py:153} INFO - Started process (PID=29812) to work on /home/ris/PycharmProjects/pythonProject/USA-housing/venv/lib/python3.10/site-packages/airflow/example_dags/example_dynamic_task_mapping.py
[2023-03-04T09:25:13.643+0530] {processor.py:743} INFO - Processing file /home/ris/PycharmProjects/pythonProject/USA-housing/venv/lib/python3.10/site-packages/airflow/example_dags/example_dynamic_task_mapping.py for tasks to queue
[2023-03-04T09:25:13.644+0530] {logging_mixin.py:137} INFO - [2023-03-04T09:25:13.644+0530] {dagbag.py:538} INFO - Filling up the DagBag from /home/ris/PycharmProjects/pythonProject/USA-housing/venv/lib/python3.10/site-packages/airflow/example_dags/example_dynamic_task_mapping.py
[2023-03-04T09:25:13.685+0530] {processor.py:753} INFO - DAG(s) dict_keys(['example_dynamic_task_mapping']) retrieved from /home/ris/PycharmProjects/pythonProject/USA-housing/venv/lib/python3.10/site-packages/airflow/example_dags/example_dynamic_task_mapping.py
[2023-03-04T09:25:13.700+0530] {logging_mixin.py:137} INFO - [2023-03-04T09:25:13.699+0530] {dag.py:2690} INFO - Sync 1 DAGs
[2023-03-04T09:25:13.716+0530] {logging_mixin.py:137} INFO - [2023-03-04T09:25:13.716+0530] {dag.py:3437} INFO - Setting next_dagrun for example_dynamic_task_mapping to 2022-03-04T00:00:00+00:00, run_after=2022-03-05T00:00:00+00:00
[2023-03-04T09:25:13.733+0530] {processor.py:175} INFO - Processing /home/ris/PycharmProjects/pythonProject/USA-housing/venv/lib/python3.10/site-packages/airflow/example_dags/example_dynamic_task_mapping.py took 0.096 seconds
[2023-03-04T09:25:58.653+0530] {processor.py:153} INFO - Started process (PID=30093) to work on /home/ris/PycharmProjects/pythonProject/USA-housing/venv/lib/python3.10/site-packages/airflow/example_dags/example_dynamic_task_mapping.py
[2023-03-04T09:25:58.655+0530] {processor.py:743} INFO - Processing file /home/ris/PycharmProjects/pythonProject/USA-housing/venv/lib/python3.10/site-packages/airflow/example_dags/example_dynamic_task_mapping.py for tasks to queue
[2023-03-04T09:25:58.656+0530] {logging_mixin.py:137} INFO - [2023-03-04T09:25:58.656+0530] {dagbag.py:538} INFO - Filling up the DagBag from /home/ris/PycharmProjects/pythonProject/USA-housing/venv/lib/python3.10/site-packages/airflow/example_dags/example_dynamic_task_mapping.py
[2023-03-04T09:25:58.697+0530] {processor.py:753} INFO - DAG(s) dict_keys(['example_dynamic_task_mapping']) retrieved from /home/ris/PycharmProjects/pythonProject/USA-housing/venv/lib/python3.10/site-packages/airflow/example_dags/example_dynamic_task_mapping.py
[2023-03-04T09:25:58.712+0530] {logging_mixin.py:137} INFO - [2023-03-04T09:25:58.712+0530] {dag.py:2690} INFO - Sync 1 DAGs
[2023-03-04T09:25:58.728+0530] {logging_mixin.py:137} INFO - [2023-03-04T09:25:58.728+0530] {dag.py:3437} INFO - Setting next_dagrun for example_dynamic_task_mapping to 2022-03-04T00:00:00+00:00, run_after=2022-03-05T00:00:00+00:00
[2023-03-04T09:25:58.745+0530] {processor.py:175} INFO - Processing /home/ris/PycharmProjects/pythonProject/USA-housing/venv/lib/python3.10/site-packages/airflow/example_dags/example_dynamic_task_mapping.py took 0.096 seconds
[2023-03-04T09:26:47.969+0530] {processor.py:153} INFO - Started process (PID=30141) to work on /home/ris/PycharmProjects/pythonProject/USA-housing/venv/lib/python3.10/site-packages/airflow/example_dags/example_dynamic_task_mapping.py
[2023-03-04T09:26:47.971+0530] {processor.py:743} INFO - Processing file /home/ris/PycharmProjects/pythonProject/USA-housing/venv/lib/python3.10/site-packages/airflow/example_dags/example_dynamic_task_mapping.py for tasks to queue
[2023-03-04T09:26:47.971+0530] {logging_mixin.py:137} INFO - [2023-03-04T09:26:47.971+0530] {dagbag.py:538} INFO - Filling up the DagBag from /home/ris/PycharmProjects/pythonProject/USA-housing/venv/lib/python3.10/site-packages/airflow/example_dags/example_dynamic_task_mapping.py
[2023-03-04T09:26:47.991+0530] {processor.py:753} INFO - DAG(s) dict_keys(['example_dynamic_task_mapping']) retrieved from /home/ris/PycharmProjects/pythonProject/USA-housing/venv/lib/python3.10/site-packages/airflow/example_dags/example_dynamic_task_mapping.py
[2023-03-04T09:26:48.010+0530] {logging_mixin.py:137} INFO - [2023-03-04T09:26:48.010+0530] {dag.py:2690} INFO - Sync 1 DAGs
[2023-03-04T09:26:48.030+0530] {logging_mixin.py:137} INFO - [2023-03-04T09:26:48.029+0530] {dag.py:3437} INFO - Setting next_dagrun for example_dynamic_task_mapping to 2022-03-04T00:00:00+00:00, run_after=2022-03-05T00:00:00+00:00
[2023-03-04T09:26:48.046+0530] {processor.py:175} INFO - Processing /home/ris/PycharmProjects/pythonProject/USA-housing/venv/lib/python3.10/site-packages/airflow/example_dags/example_dynamic_task_mapping.py took 0.080 seconds
[2023-03-04T09:27:38.404+0530] {processor.py:153} INFO - Started process (PID=30191) to work on /home/ris/PycharmProjects/pythonProject/USA-housing/venv/lib/python3.10/site-packages/airflow/example_dags/example_dynamic_task_mapping.py
[2023-03-04T09:27:38.406+0530] {processor.py:743} INFO - Processing file /home/ris/PycharmProjects/pythonProject/USA-housing/venv/lib/python3.10/site-packages/airflow/example_dags/example_dynamic_task_mapping.py for tasks to queue
[2023-03-04T09:27:38.407+0530] {logging_mixin.py:137} INFO - [2023-03-04T09:27:38.407+0530] {dagbag.py:538} INFO - Filling up the DagBag from /home/ris/PycharmProjects/pythonProject/USA-housing/venv/lib/python3.10/site-packages/airflow/example_dags/example_dynamic_task_mapping.py
[2023-03-04T09:27:38.446+0530] {processor.py:753} INFO - DAG(s) dict_keys(['example_dynamic_task_mapping']) retrieved from /home/ris/PycharmProjects/pythonProject/USA-housing/venv/lib/python3.10/site-packages/airflow/example_dags/example_dynamic_task_mapping.py
[2023-03-04T09:27:38.460+0530] {logging_mixin.py:137} INFO - [2023-03-04T09:27:38.460+0530] {dag.py:2690} INFO - Sync 1 DAGs
[2023-03-04T09:27:38.476+0530] {logging_mixin.py:137} INFO - [2023-03-04T09:27:38.476+0530] {dag.py:3437} INFO - Setting next_dagrun for example_dynamic_task_mapping to 2022-03-04T00:00:00+00:00, run_after=2022-03-05T00:00:00+00:00
[2023-03-04T09:27:38.494+0530] {processor.py:175} INFO - Processing /home/ris/PycharmProjects/pythonProject/USA-housing/venv/lib/python3.10/site-packages/airflow/example_dags/example_dynamic_task_mapping.py took 0.095 seconds
[2023-03-04T09:28:17.551+0530] {processor.py:153} INFO - Started process (PID=30235) to work on /home/ris/PycharmProjects/pythonProject/USA-housing/venv/lib/python3.10/site-packages/airflow/example_dags/example_dynamic_task_mapping.py
[2023-03-04T09:28:17.553+0530] {processor.py:743} INFO - Processing file /home/ris/PycharmProjects/pythonProject/USA-housing/venv/lib/python3.10/site-packages/airflow/example_dags/example_dynamic_task_mapping.py for tasks to queue
[2023-03-04T09:28:17.554+0530] {logging_mixin.py:137} INFO - [2023-03-04T09:28:17.554+0530] {dagbag.py:538} INFO - Filling up the DagBag from /home/ris/PycharmProjects/pythonProject/USA-housing/venv/lib/python3.10/site-packages/airflow/example_dags/example_dynamic_task_mapping.py
[2023-03-04T09:28:17.593+0530] {processor.py:753} INFO - DAG(s) dict_keys(['example_dynamic_task_mapping']) retrieved from /home/ris/PycharmProjects/pythonProject/USA-housing/venv/lib/python3.10/site-packages/airflow/example_dags/example_dynamic_task_mapping.py
[2023-03-04T09:28:17.608+0530] {logging_mixin.py:137} INFO - [2023-03-04T09:28:17.608+0530] {dag.py:2690} INFO - Sync 1 DAGs
[2023-03-04T09:28:17.625+0530] {logging_mixin.py:137} INFO - [2023-03-04T09:28:17.624+0530] {dag.py:3437} INFO - Setting next_dagrun for example_dynamic_task_mapping to 2022-03-04T00:00:00+00:00, run_after=2022-03-05T00:00:00+00:00
[2023-03-04T09:28:17.641+0530] {processor.py:175} INFO - Processing /home/ris/PycharmProjects/pythonProject/USA-housing/venv/lib/python3.10/site-packages/airflow/example_dags/example_dynamic_task_mapping.py took 0.095 seconds
[2023-03-04T09:29:02.430+0530] {processor.py:153} INFO - Started process (PID=30282) to work on /home/ris/PycharmProjects/pythonProject/USA-housing/venv/lib/python3.10/site-packages/airflow/example_dags/example_dynamic_task_mapping.py
[2023-03-04T09:29:02.431+0530] {processor.py:743} INFO - Processing file /home/ris/PycharmProjects/pythonProject/USA-housing/venv/lib/python3.10/site-packages/airflow/example_dags/example_dynamic_task_mapping.py for tasks to queue
[2023-03-04T09:29:02.433+0530] {logging_mixin.py:137} INFO - [2023-03-04T09:29:02.432+0530] {dagbag.py:538} INFO - Filling up the DagBag from /home/ris/PycharmProjects/pythonProject/USA-housing/venv/lib/python3.10/site-packages/airflow/example_dags/example_dynamic_task_mapping.py
[2023-03-04T09:29:02.471+0530] {processor.py:753} INFO - DAG(s) dict_keys(['example_dynamic_task_mapping']) retrieved from /home/ris/PycharmProjects/pythonProject/USA-housing/venv/lib/python3.10/site-packages/airflow/example_dags/example_dynamic_task_mapping.py
[2023-03-04T09:29:02.485+0530] {logging_mixin.py:137} INFO - [2023-03-04T09:29:02.485+0530] {dag.py:2690} INFO - Sync 1 DAGs
[2023-03-04T09:29:02.502+0530] {logging_mixin.py:137} INFO - [2023-03-04T09:29:02.502+0530] {dag.py:3437} INFO - Setting next_dagrun for example_dynamic_task_mapping to 2022-03-04T00:00:00+00:00, run_after=2022-03-05T00:00:00+00:00
[2023-03-04T09:29:02.521+0530] {processor.py:175} INFO - Processing /home/ris/PycharmProjects/pythonProject/USA-housing/venv/lib/python3.10/site-packages/airflow/example_dags/example_dynamic_task_mapping.py took 0.095 seconds
[2023-03-04T09:29:47.650+0530] {processor.py:153} INFO - Started process (PID=30328) to work on /home/ris/PycharmProjects/pythonProject/USA-housing/venv/lib/python3.10/site-packages/airflow/example_dags/example_dynamic_task_mapping.py
[2023-03-04T09:29:47.652+0530] {processor.py:743} INFO - Processing file /home/ris/PycharmProjects/pythonProject/USA-housing/venv/lib/python3.10/site-packages/airflow/example_dags/example_dynamic_task_mapping.py for tasks to queue
[2023-03-04T09:29:47.653+0530] {logging_mixin.py:137} INFO - [2023-03-04T09:29:47.653+0530] {dagbag.py:538} INFO - Filling up the DagBag from /home/ris/PycharmProjects/pythonProject/USA-housing/venv/lib/python3.10/site-packages/airflow/example_dags/example_dynamic_task_mapping.py
[2023-03-04T09:29:47.693+0530] {processor.py:753} INFO - DAG(s) dict_keys(['example_dynamic_task_mapping']) retrieved from /home/ris/PycharmProjects/pythonProject/USA-housing/venv/lib/python3.10/site-packages/airflow/example_dags/example_dynamic_task_mapping.py
[2023-03-04T09:29:47.709+0530] {logging_mixin.py:137} INFO - [2023-03-04T09:29:47.708+0530] {dag.py:2690} INFO - Sync 1 DAGs
[2023-03-04T09:29:47.724+0530] {logging_mixin.py:137} INFO - [2023-03-04T09:29:47.724+0530] {dag.py:3437} INFO - Setting next_dagrun for example_dynamic_task_mapping to 2022-03-04T00:00:00+00:00, run_after=2022-03-05T00:00:00+00:00
[2023-03-04T09:29:47.741+0530] {processor.py:175} INFO - Processing /home/ris/PycharmProjects/pythonProject/USA-housing/venv/lib/python3.10/site-packages/airflow/example_dags/example_dynamic_task_mapping.py took 0.096 seconds
[2023-03-04T09:30:37.462+0530] {processor.py:153} INFO - Started process (PID=30382) to work on /home/ris/PycharmProjects/pythonProject/USA-housing/venv/lib/python3.10/site-packages/airflow/example_dags/example_dynamic_task_mapping.py
[2023-03-04T09:30:37.464+0530] {processor.py:743} INFO - Processing file /home/ris/PycharmProjects/pythonProject/USA-housing/venv/lib/python3.10/site-packages/airflow/example_dags/example_dynamic_task_mapping.py for tasks to queue
[2023-03-04T09:30:37.465+0530] {logging_mixin.py:137} INFO - [2023-03-04T09:30:37.465+0530] {dagbag.py:538} INFO - Filling up the DagBag from /home/ris/PycharmProjects/pythonProject/USA-housing/venv/lib/python3.10/site-packages/airflow/example_dags/example_dynamic_task_mapping.py
[2023-03-04T09:30:37.506+0530] {processor.py:753} INFO - DAG(s) dict_keys(['example_dynamic_task_mapping']) retrieved from /home/ris/PycharmProjects/pythonProject/USA-housing/venv/lib/python3.10/site-packages/airflow/example_dags/example_dynamic_task_mapping.py
[2023-03-04T09:30:37.521+0530] {logging_mixin.py:137} INFO - [2023-03-04T09:30:37.521+0530] {dag.py:2690} INFO - Sync 1 DAGs
[2023-03-04T09:30:37.537+0530] {logging_mixin.py:137} INFO - [2023-03-04T09:30:37.537+0530] {dag.py:3437} INFO - Setting next_dagrun for example_dynamic_task_mapping to 2022-03-04T00:00:00+00:00, run_after=2022-03-05T00:00:00+00:00
[2023-03-04T09:30:37.554+0530] {processor.py:175} INFO - Processing /home/ris/PycharmProjects/pythonProject/USA-housing/venv/lib/python3.10/site-packages/airflow/example_dags/example_dynamic_task_mapping.py took 0.096 seconds
[2023-03-04T09:31:26.972+0530] {processor.py:153} INFO - Started process (PID=30432) to work on /home/ris/PycharmProjects/pythonProject/USA-housing/venv/lib/python3.10/site-packages/airflow/example_dags/example_dynamic_task_mapping.py
[2023-03-04T09:31:26.975+0530] {processor.py:743} INFO - Processing file /home/ris/PycharmProjects/pythonProject/USA-housing/venv/lib/python3.10/site-packages/airflow/example_dags/example_dynamic_task_mapping.py for tasks to queue
[2023-03-04T09:31:26.976+0530] {logging_mixin.py:137} INFO - [2023-03-04T09:31:26.975+0530] {dagbag.py:538} INFO - Filling up the DagBag from /home/ris/PycharmProjects/pythonProject/USA-housing/venv/lib/python3.10/site-packages/airflow/example_dags/example_dynamic_task_mapping.py
[2023-03-04T09:31:27.017+0530] {processor.py:753} INFO - DAG(s) dict_keys(['example_dynamic_task_mapping']) retrieved from /home/ris/PycharmProjects/pythonProject/USA-housing/venv/lib/python3.10/site-packages/airflow/example_dags/example_dynamic_task_mapping.py
[2023-03-04T09:31:27.032+0530] {logging_mixin.py:137} INFO - [2023-03-04T09:31:27.032+0530] {dag.py:2690} INFO - Sync 1 DAGs
[2023-03-04T09:31:27.048+0530] {logging_mixin.py:137} INFO - [2023-03-04T09:31:27.048+0530] {dag.py:3437} INFO - Setting next_dagrun for example_dynamic_task_mapping to 2022-03-04T00:00:00+00:00, run_after=2022-03-05T00:00:00+00:00
[2023-03-04T09:31:27.064+0530] {processor.py:175} INFO - Processing /home/ris/PycharmProjects/pythonProject/USA-housing/venv/lib/python3.10/site-packages/airflow/example_dags/example_dynamic_task_mapping.py took 0.096 seconds
[2023-03-04T09:32:11.183+0530] {processor.py:153} INFO - Started process (PID=30476) to work on /home/ris/PycharmProjects/pythonProject/USA-housing/venv/lib/python3.10/site-packages/airflow/example_dags/example_dynamic_task_mapping.py
[2023-03-04T09:32:11.186+0530] {processor.py:743} INFO - Processing file /home/ris/PycharmProjects/pythonProject/USA-housing/venv/lib/python3.10/site-packages/airflow/example_dags/example_dynamic_task_mapping.py for tasks to queue
[2023-03-04T09:32:11.187+0530] {logging_mixin.py:137} INFO - [2023-03-04T09:32:11.186+0530] {dagbag.py:538} INFO - Filling up the DagBag from /home/ris/PycharmProjects/pythonProject/USA-housing/venv/lib/python3.10/site-packages/airflow/example_dags/example_dynamic_task_mapping.py
[2023-03-04T09:32:11.227+0530] {processor.py:753} INFO - DAG(s) dict_keys(['example_dynamic_task_mapping']) retrieved from /home/ris/PycharmProjects/pythonProject/USA-housing/venv/lib/python3.10/site-packages/airflow/example_dags/example_dynamic_task_mapping.py
[2023-03-04T09:32:11.242+0530] {logging_mixin.py:137} INFO - [2023-03-04T09:32:11.242+0530] {dag.py:2690} INFO - Sync 1 DAGs
[2023-03-04T09:32:11.258+0530] {logging_mixin.py:137} INFO - [2023-03-04T09:32:11.258+0530] {dag.py:3437} INFO - Setting next_dagrun for example_dynamic_task_mapping to 2022-03-04T00:00:00+00:00, run_after=2022-03-05T00:00:00+00:00
[2023-03-04T09:32:11.275+0530] {processor.py:175} INFO - Processing /home/ris/PycharmProjects/pythonProject/USA-housing/venv/lib/python3.10/site-packages/airflow/example_dags/example_dynamic_task_mapping.py took 0.096 seconds
[2023-03-04T09:32:59.756+0530] {processor.py:153} INFO - Started process (PID=30525) to work on /home/ris/PycharmProjects/pythonProject/USA-housing/venv/lib/python3.10/site-packages/airflow/example_dags/example_dynamic_task_mapping.py
[2023-03-04T09:32:59.758+0530] {processor.py:743} INFO - Processing file /home/ris/PycharmProjects/pythonProject/USA-housing/venv/lib/python3.10/site-packages/airflow/example_dags/example_dynamic_task_mapping.py for tasks to queue
[2023-03-04T09:32:59.759+0530] {logging_mixin.py:137} INFO - [2023-03-04T09:32:59.759+0530] {dagbag.py:538} INFO - Filling up the DagBag from /home/ris/PycharmProjects/pythonProject/USA-housing/venv/lib/python3.10/site-packages/airflow/example_dags/example_dynamic_task_mapping.py
[2023-03-04T09:32:59.799+0530] {processor.py:753} INFO - DAG(s) dict_keys(['example_dynamic_task_mapping']) retrieved from /home/ris/PycharmProjects/pythonProject/USA-housing/venv/lib/python3.10/site-packages/airflow/example_dags/example_dynamic_task_mapping.py
[2023-03-04T09:32:59.814+0530] {logging_mixin.py:137} INFO - [2023-03-04T09:32:59.814+0530] {dag.py:2690} INFO - Sync 1 DAGs
[2023-03-04T09:32:59.831+0530] {logging_mixin.py:137} INFO - [2023-03-04T09:32:59.831+0530] {dag.py:3437} INFO - Setting next_dagrun for example_dynamic_task_mapping to 2022-03-04T00:00:00+00:00, run_after=2022-03-05T00:00:00+00:00
[2023-03-04T09:32:59.848+0530] {processor.py:175} INFO - Processing /home/ris/PycharmProjects/pythonProject/USA-housing/venv/lib/python3.10/site-packages/airflow/example_dags/example_dynamic_task_mapping.py took 0.095 seconds
[2023-03-04T09:33:48.462+0530] {processor.py:153} INFO - Started process (PID=30572) to work on /home/ris/PycharmProjects/pythonProject/USA-housing/venv/lib/python3.10/site-packages/airflow/example_dags/example_dynamic_task_mapping.py
[2023-03-04T09:33:48.465+0530] {processor.py:743} INFO - Processing file /home/ris/PycharmProjects/pythonProject/USA-housing/venv/lib/python3.10/site-packages/airflow/example_dags/example_dynamic_task_mapping.py for tasks to queue
[2023-03-04T09:33:48.466+0530] {logging_mixin.py:137} INFO - [2023-03-04T09:33:48.465+0530] {dagbag.py:538} INFO - Filling up the DagBag from /home/ris/PycharmProjects/pythonProject/USA-housing/venv/lib/python3.10/site-packages/airflow/example_dags/example_dynamic_task_mapping.py
[2023-03-04T09:33:48.506+0530] {processor.py:753} INFO - DAG(s) dict_keys(['example_dynamic_task_mapping']) retrieved from /home/ris/PycharmProjects/pythonProject/USA-housing/venv/lib/python3.10/site-packages/airflow/example_dags/example_dynamic_task_mapping.py
[2023-03-04T09:33:48.520+0530] {logging_mixin.py:137} INFO - [2023-03-04T09:33:48.520+0530] {dag.py:2690} INFO - Sync 1 DAGs
[2023-03-04T09:33:48.537+0530] {logging_mixin.py:137} INFO - [2023-03-04T09:33:48.537+0530] {dag.py:3437} INFO - Setting next_dagrun for example_dynamic_task_mapping to 2022-03-04T00:00:00+00:00, run_after=2022-03-05T00:00:00+00:00
[2023-03-04T09:33:48.553+0530] {processor.py:175} INFO - Processing /home/ris/PycharmProjects/pythonProject/USA-housing/venv/lib/python3.10/site-packages/airflow/example_dags/example_dynamic_task_mapping.py took 0.095 seconds
[2023-03-04T09:34:37.955+0530] {processor.py:153} INFO - Started process (PID=30623) to work on /home/ris/PycharmProjects/pythonProject/USA-housing/venv/lib/python3.10/site-packages/airflow/example_dags/example_dynamic_task_mapping.py
[2023-03-04T09:34:37.957+0530] {processor.py:743} INFO - Processing file /home/ris/PycharmProjects/pythonProject/USA-housing/venv/lib/python3.10/site-packages/airflow/example_dags/example_dynamic_task_mapping.py for tasks to queue
[2023-03-04T09:34:37.958+0530] {logging_mixin.py:137} INFO - [2023-03-04T09:34:37.958+0530] {dagbag.py:538} INFO - Filling up the DagBag from /home/ris/PycharmProjects/pythonProject/USA-housing/venv/lib/python3.10/site-packages/airflow/example_dags/example_dynamic_task_mapping.py
[2023-03-04T09:34:37.998+0530] {processor.py:753} INFO - DAG(s) dict_keys(['example_dynamic_task_mapping']) retrieved from /home/ris/PycharmProjects/pythonProject/USA-housing/venv/lib/python3.10/site-packages/airflow/example_dags/example_dynamic_task_mapping.py
[2023-03-04T09:34:38.013+0530] {logging_mixin.py:137} INFO - [2023-03-04T09:34:38.013+0530] {dag.py:2690} INFO - Sync 1 DAGs
[2023-03-04T09:34:38.029+0530] {logging_mixin.py:137} INFO - [2023-03-04T09:34:38.029+0530] {dag.py:3437} INFO - Setting next_dagrun for example_dynamic_task_mapping to 2022-03-04T00:00:00+00:00, run_after=2022-03-05T00:00:00+00:00
[2023-03-04T09:34:38.046+0530] {processor.py:175} INFO - Processing /home/ris/PycharmProjects/pythonProject/USA-housing/venv/lib/python3.10/site-packages/airflow/example_dags/example_dynamic_task_mapping.py took 0.095 seconds
[2023-03-04T09:35:22.635+0530] {processor.py:153} INFO - Started process (PID=30671) to work on /home/ris/PycharmProjects/pythonProject/USA-housing/venv/lib/python3.10/site-packages/airflow/example_dags/example_dynamic_task_mapping.py
[2023-03-04T09:35:22.636+0530] {processor.py:743} INFO - Processing file /home/ris/PycharmProjects/pythonProject/USA-housing/venv/lib/python3.10/site-packages/airflow/example_dags/example_dynamic_task_mapping.py for tasks to queue
[2023-03-04T09:35:22.637+0530] {logging_mixin.py:137} INFO - [2023-03-04T09:35:22.637+0530] {dagbag.py:538} INFO - Filling up the DagBag from /home/ris/PycharmProjects/pythonProject/USA-housing/venv/lib/python3.10/site-packages/airflow/example_dags/example_dynamic_task_mapping.py
[2023-03-04T09:35:22.676+0530] {processor.py:753} INFO - DAG(s) dict_keys(['example_dynamic_task_mapping']) retrieved from /home/ris/PycharmProjects/pythonProject/USA-housing/venv/lib/python3.10/site-packages/airflow/example_dags/example_dynamic_task_mapping.py
[2023-03-04T09:35:22.691+0530] {logging_mixin.py:137} INFO - [2023-03-04T09:35:22.691+0530] {dag.py:2690} INFO - Sync 1 DAGs
[2023-03-04T09:35:22.707+0530] {logging_mixin.py:137} INFO - [2023-03-04T09:35:22.706+0530] {dag.py:3437} INFO - Setting next_dagrun for example_dynamic_task_mapping to 2022-03-04T00:00:00+00:00, run_after=2022-03-05T00:00:00+00:00
[2023-03-04T09:35:22.723+0530] {processor.py:175} INFO - Processing /home/ris/PycharmProjects/pythonProject/USA-housing/venv/lib/python3.10/site-packages/airflow/example_dags/example_dynamic_task_mapping.py took 0.093 seconds
[2023-03-04T10:25:01.068+0530] {processor.py:153} INFO - Started process (PID=31302) to work on /home/ris/PycharmProjects/pythonProject/USA-housing/venv/lib/python3.10/site-packages/airflow/example_dags/example_dynamic_task_mapping.py
[2023-03-04T10:25:01.069+0530] {processor.py:743} INFO - Processing file /home/ris/PycharmProjects/pythonProject/USA-housing/venv/lib/python3.10/site-packages/airflow/example_dags/example_dynamic_task_mapping.py for tasks to queue
[2023-03-04T10:25:01.070+0530] {logging_mixin.py:137} INFO - [2023-03-04T10:25:01.070+0530] {dagbag.py:538} INFO - Filling up the DagBag from /home/ris/PycharmProjects/pythonProject/USA-housing/venv/lib/python3.10/site-packages/airflow/example_dags/example_dynamic_task_mapping.py
[2023-03-04T10:25:01.107+0530] {processor.py:753} INFO - DAG(s) dict_keys(['example_dynamic_task_mapping']) retrieved from /home/ris/PycharmProjects/pythonProject/USA-housing/venv/lib/python3.10/site-packages/airflow/example_dags/example_dynamic_task_mapping.py
[2023-03-04T10:25:01.138+0530] {logging_mixin.py:137} INFO - [2023-03-04T10:25:01.138+0530] {dag.py:2690} INFO - Sync 1 DAGs
[2023-03-04T10:25:01.171+0530] {logging_mixin.py:137} INFO - [2023-03-04T10:25:01.171+0530] {dag.py:3437} INFO - Setting next_dagrun for example_dynamic_task_mapping to 2022-03-04T00:00:00+00:00, run_after=2022-03-05T00:00:00+00:00
[2023-03-04T10:25:01.198+0530] {processor.py:175} INFO - Processing /home/ris/PycharmProjects/pythonProject/USA-housing/venv/lib/python3.10/site-packages/airflow/example_dags/example_dynamic_task_mapping.py took 0.135 seconds
[2023-03-04T10:25:42.610+0530] {processor.py:153} INFO - Started process (PID=31363) to work on /home/ris/PycharmProjects/pythonProject/USA-housing/venv/lib/python3.10/site-packages/airflow/example_dags/example_dynamic_task_mapping.py
[2023-03-04T10:25:42.612+0530] {processor.py:743} INFO - Processing file /home/ris/PycharmProjects/pythonProject/USA-housing/venv/lib/python3.10/site-packages/airflow/example_dags/example_dynamic_task_mapping.py for tasks to queue
[2023-03-04T10:25:42.613+0530] {logging_mixin.py:137} INFO - [2023-03-04T10:25:42.613+0530] {dagbag.py:538} INFO - Filling up the DagBag from /home/ris/PycharmProjects/pythonProject/USA-housing/venv/lib/python3.10/site-packages/airflow/example_dags/example_dynamic_task_mapping.py
[2023-03-04T10:25:42.657+0530] {processor.py:753} INFO - DAG(s) dict_keys(['example_dynamic_task_mapping']) retrieved from /home/ris/PycharmProjects/pythonProject/USA-housing/venv/lib/python3.10/site-packages/airflow/example_dags/example_dynamic_task_mapping.py
[2023-03-04T10:25:42.675+0530] {logging_mixin.py:137} INFO - [2023-03-04T10:25:42.675+0530] {dag.py:2690} INFO - Sync 1 DAGs
[2023-03-04T10:25:42.697+0530] {logging_mixin.py:137} INFO - [2023-03-04T10:25:42.697+0530] {dag.py:3437} INFO - Setting next_dagrun for example_dynamic_task_mapping to 2022-03-04T00:00:00+00:00, run_after=2022-03-05T00:00:00+00:00
[2023-03-04T10:25:42.719+0530] {processor.py:175} INFO - Processing /home/ris/PycharmProjects/pythonProject/USA-housing/venv/lib/python3.10/site-packages/airflow/example_dags/example_dynamic_task_mapping.py took 0.114 seconds
[2023-03-04T10:26:27.807+0530] {processor.py:153} INFO - Started process (PID=31410) to work on /home/ris/PycharmProjects/pythonProject/USA-housing/venv/lib/python3.10/site-packages/airflow/example_dags/example_dynamic_task_mapping.py
[2023-03-04T10:26:27.809+0530] {processor.py:743} INFO - Processing file /home/ris/PycharmProjects/pythonProject/USA-housing/venv/lib/python3.10/site-packages/airflow/example_dags/example_dynamic_task_mapping.py for tasks to queue
[2023-03-04T10:26:27.810+0530] {logging_mixin.py:137} INFO - [2023-03-04T10:26:27.810+0530] {dagbag.py:538} INFO - Filling up the DagBag from /home/ris/PycharmProjects/pythonProject/USA-housing/venv/lib/python3.10/site-packages/airflow/example_dags/example_dynamic_task_mapping.py
[2023-03-04T10:26:27.850+0530] {processor.py:753} INFO - DAG(s) dict_keys(['example_dynamic_task_mapping']) retrieved from /home/ris/PycharmProjects/pythonProject/USA-housing/venv/lib/python3.10/site-packages/airflow/example_dags/example_dynamic_task_mapping.py
[2023-03-04T10:26:27.865+0530] {logging_mixin.py:137} INFO - [2023-03-04T10:26:27.865+0530] {dag.py:2690} INFO - Sync 1 DAGs
[2023-03-04T10:26:27.884+0530] {logging_mixin.py:137} INFO - [2023-03-04T10:26:27.884+0530] {dag.py:3437} INFO - Setting next_dagrun for example_dynamic_task_mapping to 2022-03-04T00:00:00+00:00, run_after=2022-03-05T00:00:00+00:00
[2023-03-04T10:26:27.902+0530] {processor.py:175} INFO - Processing /home/ris/PycharmProjects/pythonProject/USA-housing/venv/lib/python3.10/site-packages/airflow/example_dags/example_dynamic_task_mapping.py took 0.100 seconds
[2023-03-04T10:27:13.885+0530] {processor.py:153} INFO - Started process (PID=31457) to work on /home/ris/PycharmProjects/pythonProject/USA-housing/venv/lib/python3.10/site-packages/airflow/example_dags/example_dynamic_task_mapping.py
[2023-03-04T10:27:13.887+0530] {processor.py:743} INFO - Processing file /home/ris/PycharmProjects/pythonProject/USA-housing/venv/lib/python3.10/site-packages/airflow/example_dags/example_dynamic_task_mapping.py for tasks to queue
[2023-03-04T10:27:13.888+0530] {logging_mixin.py:137} INFO - [2023-03-04T10:27:13.888+0530] {dagbag.py:538} INFO - Filling up the DagBag from /home/ris/PycharmProjects/pythonProject/USA-housing/venv/lib/python3.10/site-packages/airflow/example_dags/example_dynamic_task_mapping.py
[2023-03-04T10:27:13.929+0530] {processor.py:753} INFO - DAG(s) dict_keys(['example_dynamic_task_mapping']) retrieved from /home/ris/PycharmProjects/pythonProject/USA-housing/venv/lib/python3.10/site-packages/airflow/example_dags/example_dynamic_task_mapping.py
[2023-03-04T10:27:13.944+0530] {logging_mixin.py:137} INFO - [2023-03-04T10:27:13.944+0530] {dag.py:2690} INFO - Sync 1 DAGs
[2023-03-04T10:27:13.968+0530] {logging_mixin.py:137} INFO - [2023-03-04T10:27:13.968+0530] {dag.py:3437} INFO - Setting next_dagrun for example_dynamic_task_mapping to 2022-03-04T00:00:00+00:00, run_after=2022-03-05T00:00:00+00:00
[2023-03-04T10:27:13.987+0530] {processor.py:175} INFO - Processing /home/ris/PycharmProjects/pythonProject/USA-housing/venv/lib/python3.10/site-packages/airflow/example_dags/example_dynamic_task_mapping.py took 0.107 seconds
[2023-03-04T10:28:01.291+0530] {processor.py:153} INFO - Started process (PID=31504) to work on /home/ris/PycharmProjects/pythonProject/USA-housing/venv/lib/python3.10/site-packages/airflow/example_dags/example_dynamic_task_mapping.py
[2023-03-04T10:28:01.294+0530] {processor.py:743} INFO - Processing file /home/ris/PycharmProjects/pythonProject/USA-housing/venv/lib/python3.10/site-packages/airflow/example_dags/example_dynamic_task_mapping.py for tasks to queue
[2023-03-04T10:28:01.295+0530] {logging_mixin.py:137} INFO - [2023-03-04T10:28:01.294+0530] {dagbag.py:538} INFO - Filling up the DagBag from /home/ris/PycharmProjects/pythonProject/USA-housing/venv/lib/python3.10/site-packages/airflow/example_dags/example_dynamic_task_mapping.py
[2023-03-04T10:28:01.337+0530] {processor.py:753} INFO - DAG(s) dict_keys(['example_dynamic_task_mapping']) retrieved from /home/ris/PycharmProjects/pythonProject/USA-housing/venv/lib/python3.10/site-packages/airflow/example_dags/example_dynamic_task_mapping.py
[2023-03-04T10:28:01.354+0530] {logging_mixin.py:137} INFO - [2023-03-04T10:28:01.353+0530] {dag.py:2690} INFO - Sync 1 DAGs
[2023-03-04T10:28:01.371+0530] {logging_mixin.py:137} INFO - [2023-03-04T10:28:01.371+0530] {dag.py:3437} INFO - Setting next_dagrun for example_dynamic_task_mapping to 2022-03-04T00:00:00+00:00, run_after=2022-03-05T00:00:00+00:00
[2023-03-04T10:28:01.389+0530] {processor.py:175} INFO - Processing /home/ris/PycharmProjects/pythonProject/USA-housing/venv/lib/python3.10/site-packages/airflow/example_dags/example_dynamic_task_mapping.py took 0.102 seconds
[2023-03-04T10:28:51.786+0530] {processor.py:153} INFO - Started process (PID=31558) to work on /home/ris/PycharmProjects/pythonProject/USA-housing/venv/lib/python3.10/site-packages/airflow/example_dags/example_dynamic_task_mapping.py
[2023-03-04T10:28:51.788+0530] {processor.py:743} INFO - Processing file /home/ris/PycharmProjects/pythonProject/USA-housing/venv/lib/python3.10/site-packages/airflow/example_dags/example_dynamic_task_mapping.py for tasks to queue
[2023-03-04T10:28:51.789+0530] {logging_mixin.py:137} INFO - [2023-03-04T10:28:51.789+0530] {dagbag.py:538} INFO - Filling up the DagBag from /home/ris/PycharmProjects/pythonProject/USA-housing/venv/lib/python3.10/site-packages/airflow/example_dags/example_dynamic_task_mapping.py
[2023-03-04T10:28:51.829+0530] {processor.py:753} INFO - DAG(s) dict_keys(['example_dynamic_task_mapping']) retrieved from /home/ris/PycharmProjects/pythonProject/USA-housing/venv/lib/python3.10/site-packages/airflow/example_dags/example_dynamic_task_mapping.py
[2023-03-04T10:28:51.844+0530] {logging_mixin.py:137} INFO - [2023-03-04T10:28:51.843+0530] {dag.py:2690} INFO - Sync 1 DAGs
[2023-03-04T10:28:51.860+0530] {logging_mixin.py:137} INFO - [2023-03-04T10:28:51.859+0530] {dag.py:3437} INFO - Setting next_dagrun for example_dynamic_task_mapping to 2022-03-04T00:00:00+00:00, run_after=2022-03-05T00:00:00+00:00
[2023-03-04T10:28:51.876+0530] {processor.py:175} INFO - Processing /home/ris/PycharmProjects/pythonProject/USA-housing/venv/lib/python3.10/site-packages/airflow/example_dags/example_dynamic_task_mapping.py took 0.095 seconds
[2023-03-04T10:29:40.037+0530] {processor.py:153} INFO - Started process (PID=31607) to work on /home/ris/PycharmProjects/pythonProject/USA-housing/venv/lib/python3.10/site-packages/airflow/example_dags/example_dynamic_task_mapping.py
[2023-03-04T10:29:40.039+0530] {processor.py:743} INFO - Processing file /home/ris/PycharmProjects/pythonProject/USA-housing/venv/lib/python3.10/site-packages/airflow/example_dags/example_dynamic_task_mapping.py for tasks to queue
[2023-03-04T10:29:40.040+0530] {logging_mixin.py:137} INFO - [2023-03-04T10:29:40.040+0530] {dagbag.py:538} INFO - Filling up the DagBag from /home/ris/PycharmProjects/pythonProject/USA-housing/venv/lib/python3.10/site-packages/airflow/example_dags/example_dynamic_task_mapping.py
[2023-03-04T10:29:40.082+0530] {processor.py:753} INFO - DAG(s) dict_keys(['example_dynamic_task_mapping']) retrieved from /home/ris/PycharmProjects/pythonProject/USA-housing/venv/lib/python3.10/site-packages/airflow/example_dags/example_dynamic_task_mapping.py
[2023-03-04T10:29:40.097+0530] {logging_mixin.py:137} INFO - [2023-03-04T10:29:40.097+0530] {dag.py:2690} INFO - Sync 1 DAGs
[2023-03-04T10:29:40.114+0530] {logging_mixin.py:137} INFO - [2023-03-04T10:29:40.114+0530] {dag.py:3437} INFO - Setting next_dagrun for example_dynamic_task_mapping to 2022-03-04T00:00:00+00:00, run_after=2022-03-05T00:00:00+00:00
[2023-03-04T10:29:40.131+0530] {processor.py:175} INFO - Processing /home/ris/PycharmProjects/pythonProject/USA-housing/venv/lib/python3.10/site-packages/airflow/example_dags/example_dynamic_task_mapping.py took 0.099 seconds
[2023-03-04T10:30:31.713+0530] {processor.py:153} INFO - Started process (PID=31659) to work on /home/ris/PycharmProjects/pythonProject/USA-housing/venv/lib/python3.10/site-packages/airflow/example_dags/example_dynamic_task_mapping.py
[2023-03-04T10:30:31.715+0530] {processor.py:743} INFO - Processing file /home/ris/PycharmProjects/pythonProject/USA-housing/venv/lib/python3.10/site-packages/airflow/example_dags/example_dynamic_task_mapping.py for tasks to queue
[2023-03-04T10:30:31.716+0530] {logging_mixin.py:137} INFO - [2023-03-04T10:30:31.716+0530] {dagbag.py:538} INFO - Filling up the DagBag from /home/ris/PycharmProjects/pythonProject/USA-housing/venv/lib/python3.10/site-packages/airflow/example_dags/example_dynamic_task_mapping.py
[2023-03-04T10:30:31.758+0530] {processor.py:753} INFO - DAG(s) dict_keys(['example_dynamic_task_mapping']) retrieved from /home/ris/PycharmProjects/pythonProject/USA-housing/venv/lib/python3.10/site-packages/airflow/example_dags/example_dynamic_task_mapping.py
[2023-03-04T10:30:31.772+0530] {logging_mixin.py:137} INFO - [2023-03-04T10:30:31.772+0530] {dag.py:2690} INFO - Sync 1 DAGs
[2023-03-04T10:30:31.789+0530] {logging_mixin.py:137} INFO - [2023-03-04T10:30:31.789+0530] {dag.py:3437} INFO - Setting next_dagrun for example_dynamic_task_mapping to 2022-03-04T00:00:00+00:00, run_after=2022-03-05T00:00:00+00:00
[2023-03-04T10:30:31.806+0530] {processor.py:175} INFO - Processing /home/ris/PycharmProjects/pythonProject/USA-housing/venv/lib/python3.10/site-packages/airflow/example_dags/example_dynamic_task_mapping.py took 0.097 seconds
[2023-03-04T10:31:13.689+0530] {processor.py:153} INFO - Started process (PID=31707) to work on /home/ris/PycharmProjects/pythonProject/USA-housing/venv/lib/python3.10/site-packages/airflow/example_dags/example_dynamic_task_mapping.py
[2023-03-04T10:31:13.692+0530] {processor.py:743} INFO - Processing file /home/ris/PycharmProjects/pythonProject/USA-housing/venv/lib/python3.10/site-packages/airflow/example_dags/example_dynamic_task_mapping.py for tasks to queue
[2023-03-04T10:31:13.693+0530] {logging_mixin.py:137} INFO - [2023-03-04T10:31:13.692+0530] {dagbag.py:538} INFO - Filling up the DagBag from /home/ris/PycharmProjects/pythonProject/USA-housing/venv/lib/python3.10/site-packages/airflow/example_dags/example_dynamic_task_mapping.py
[2023-03-04T10:31:13.733+0530] {processor.py:753} INFO - DAG(s) dict_keys(['example_dynamic_task_mapping']) retrieved from /home/ris/PycharmProjects/pythonProject/USA-housing/venv/lib/python3.10/site-packages/airflow/example_dags/example_dynamic_task_mapping.py
[2023-03-04T10:31:13.749+0530] {logging_mixin.py:137} INFO - [2023-03-04T10:31:13.749+0530] {dag.py:2690} INFO - Sync 1 DAGs
[2023-03-04T10:31:13.765+0530] {logging_mixin.py:137} INFO - [2023-03-04T10:31:13.765+0530] {dag.py:3437} INFO - Setting next_dagrun for example_dynamic_task_mapping to 2022-03-04T00:00:00+00:00, run_after=2022-03-05T00:00:00+00:00
[2023-03-04T10:31:13.781+0530] {processor.py:175} INFO - Processing /home/ris/PycharmProjects/pythonProject/USA-housing/venv/lib/python3.10/site-packages/airflow/example_dags/example_dynamic_task_mapping.py took 0.097 seconds
[2023-03-04T10:32:00.268+0530] {processor.py:153} INFO - Started process (PID=32119) to work on /home/ris/PycharmProjects/pythonProject/USA-housing/venv/lib/python3.10/site-packages/airflow/example_dags/example_dynamic_task_mapping.py
[2023-03-04T10:32:00.269+0530] {processor.py:743} INFO - Processing file /home/ris/PycharmProjects/pythonProject/USA-housing/venv/lib/python3.10/site-packages/airflow/example_dags/example_dynamic_task_mapping.py for tasks to queue
[2023-03-04T10:32:00.269+0530] {logging_mixin.py:137} INFO - [2023-03-04T10:32:00.269+0530] {dagbag.py:538} INFO - Filling up the DagBag from /home/ris/PycharmProjects/pythonProject/USA-housing/venv/lib/python3.10/site-packages/airflow/example_dags/example_dynamic_task_mapping.py
[2023-03-04T10:32:00.289+0530] {processor.py:753} INFO - DAG(s) dict_keys(['example_dynamic_task_mapping']) retrieved from /home/ris/PycharmProjects/pythonProject/USA-housing/venv/lib/python3.10/site-packages/airflow/example_dags/example_dynamic_task_mapping.py
[2023-03-04T10:32:00.305+0530] {logging_mixin.py:137} INFO - [2023-03-04T10:32:00.305+0530] {dag.py:2690} INFO - Sync 1 DAGs
[2023-03-04T10:32:00.321+0530] {logging_mixin.py:137} INFO - [2023-03-04T10:32:00.321+0530] {dag.py:3437} INFO - Setting next_dagrun for example_dynamic_task_mapping to 2022-03-04T00:00:00+00:00, run_after=2022-03-05T00:00:00+00:00
[2023-03-04T10:32:00.340+0530] {processor.py:175} INFO - Processing /home/ris/PycharmProjects/pythonProject/USA-housing/venv/lib/python3.10/site-packages/airflow/example_dags/example_dynamic_task_mapping.py took 0.074 seconds
[2023-03-04T10:32:49.212+0530] {processor.py:153} INFO - Started process (PID=32301) to work on /home/ris/PycharmProjects/pythonProject/USA-housing/venv/lib/python3.10/site-packages/airflow/example_dags/example_dynamic_task_mapping.py
[2023-03-04T10:32:49.214+0530] {processor.py:743} INFO - Processing file /home/ris/PycharmProjects/pythonProject/USA-housing/venv/lib/python3.10/site-packages/airflow/example_dags/example_dynamic_task_mapping.py for tasks to queue
[2023-03-04T10:32:49.214+0530] {logging_mixin.py:137} INFO - [2023-03-04T10:32:49.214+0530] {dagbag.py:538} INFO - Filling up the DagBag from /home/ris/PycharmProjects/pythonProject/USA-housing/venv/lib/python3.10/site-packages/airflow/example_dags/example_dynamic_task_mapping.py
[2023-03-04T10:32:49.237+0530] {processor.py:753} INFO - DAG(s) dict_keys(['example_dynamic_task_mapping']) retrieved from /home/ris/PycharmProjects/pythonProject/USA-housing/venv/lib/python3.10/site-packages/airflow/example_dags/example_dynamic_task_mapping.py
[2023-03-04T10:32:49.254+0530] {logging_mixin.py:137} INFO - [2023-03-04T10:32:49.254+0530] {dag.py:2690} INFO - Sync 1 DAGs
[2023-03-04T10:32:49.274+0530] {logging_mixin.py:137} INFO - [2023-03-04T10:32:49.274+0530] {dag.py:3437} INFO - Setting next_dagrun for example_dynamic_task_mapping to 2022-03-04T00:00:00+00:00, run_after=2022-03-05T00:00:00+00:00
[2023-03-04T10:32:49.295+0530] {processor.py:175} INFO - Processing /home/ris/PycharmProjects/pythonProject/USA-housing/venv/lib/python3.10/site-packages/airflow/example_dags/example_dynamic_task_mapping.py took 0.086 seconds
[2023-03-04T10:33:29.593+0530] {processor.py:153} INFO - Started process (PID=32352) to work on /home/ris/PycharmProjects/pythonProject/USA-housing/venv/lib/python3.10/site-packages/airflow/example_dags/example_dynamic_task_mapping.py
[2023-03-04T10:33:29.595+0530] {processor.py:743} INFO - Processing file /home/ris/PycharmProjects/pythonProject/USA-housing/venv/lib/python3.10/site-packages/airflow/example_dags/example_dynamic_task_mapping.py for tasks to queue
[2023-03-04T10:33:29.595+0530] {logging_mixin.py:137} INFO - [2023-03-04T10:33:29.595+0530] {dagbag.py:538} INFO - Filling up the DagBag from /home/ris/PycharmProjects/pythonProject/USA-housing/venv/lib/python3.10/site-packages/airflow/example_dags/example_dynamic_task_mapping.py
[2023-03-04T10:33:29.615+0530] {processor.py:753} INFO - DAG(s) dict_keys(['example_dynamic_task_mapping']) retrieved from /home/ris/PycharmProjects/pythonProject/USA-housing/venv/lib/python3.10/site-packages/airflow/example_dags/example_dynamic_task_mapping.py
[2023-03-04T10:33:29.630+0530] {logging_mixin.py:137} INFO - [2023-03-04T10:33:29.630+0530] {dag.py:2690} INFO - Sync 1 DAGs
[2023-03-04T10:33:29.648+0530] {logging_mixin.py:137} INFO - [2023-03-04T10:33:29.648+0530] {dag.py:3437} INFO - Setting next_dagrun for example_dynamic_task_mapping to 2022-03-04T00:00:00+00:00, run_after=2022-03-05T00:00:00+00:00
[2023-03-04T10:33:29.667+0530] {processor.py:175} INFO - Processing /home/ris/PycharmProjects/pythonProject/USA-housing/venv/lib/python3.10/site-packages/airflow/example_dags/example_dynamic_task_mapping.py took 0.077 seconds
[2023-03-04T10:34:13.929+0530] {processor.py:153} INFO - Started process (PID=32481) to work on /home/ris/PycharmProjects/pythonProject/USA-housing/venv/lib/python3.10/site-packages/airflow/example_dags/example_dynamic_task_mapping.py
[2023-03-04T10:34:13.931+0530] {processor.py:743} INFO - Processing file /home/ris/PycharmProjects/pythonProject/USA-housing/venv/lib/python3.10/site-packages/airflow/example_dags/example_dynamic_task_mapping.py for tasks to queue
[2023-03-04T10:34:13.932+0530] {logging_mixin.py:137} INFO - [2023-03-04T10:34:13.932+0530] {dagbag.py:538} INFO - Filling up the DagBag from /home/ris/PycharmProjects/pythonProject/USA-housing/venv/lib/python3.10/site-packages/airflow/example_dags/example_dynamic_task_mapping.py
[2023-03-04T10:34:13.953+0530] {processor.py:753} INFO - DAG(s) dict_keys(['example_dynamic_task_mapping']) retrieved from /home/ris/PycharmProjects/pythonProject/USA-housing/venv/lib/python3.10/site-packages/airflow/example_dags/example_dynamic_task_mapping.py
[2023-03-04T10:34:13.969+0530] {logging_mixin.py:137} INFO - [2023-03-04T10:34:13.969+0530] {dag.py:2690} INFO - Sync 1 DAGs
[2023-03-04T10:34:13.989+0530] {logging_mixin.py:137} INFO - [2023-03-04T10:34:13.989+0530] {dag.py:3437} INFO - Setting next_dagrun for example_dynamic_task_mapping to 2022-03-04T00:00:00+00:00, run_after=2022-03-05T00:00:00+00:00
[2023-03-04T10:34:14.008+0530] {processor.py:175} INFO - Processing /home/ris/PycharmProjects/pythonProject/USA-housing/venv/lib/python3.10/site-packages/airflow/example_dags/example_dynamic_task_mapping.py took 0.080 seconds
[2023-03-04T10:34:59.386+0530] {processor.py:153} INFO - Started process (PID=32647) to work on /home/ris/PycharmProjects/pythonProject/USA-housing/venv/lib/python3.10/site-packages/airflow/example_dags/example_dynamic_task_mapping.py
[2023-03-04T10:34:59.387+0530] {processor.py:743} INFO - Processing file /home/ris/PycharmProjects/pythonProject/USA-housing/venv/lib/python3.10/site-packages/airflow/example_dags/example_dynamic_task_mapping.py for tasks to queue
[2023-03-04T10:34:59.387+0530] {logging_mixin.py:137} INFO - [2023-03-04T10:34:59.387+0530] {dagbag.py:538} INFO - Filling up the DagBag from /home/ris/PycharmProjects/pythonProject/USA-housing/venv/lib/python3.10/site-packages/airflow/example_dags/example_dynamic_task_mapping.py
[2023-03-04T10:34:59.416+0530] {processor.py:753} INFO - DAG(s) dict_keys(['example_dynamic_task_mapping']) retrieved from /home/ris/PycharmProjects/pythonProject/USA-housing/venv/lib/python3.10/site-packages/airflow/example_dags/example_dynamic_task_mapping.py
[2023-03-04T10:34:59.434+0530] {logging_mixin.py:137} INFO - [2023-03-04T10:34:59.434+0530] {dag.py:2690} INFO - Sync 1 DAGs
[2023-03-04T10:34:59.456+0530] {logging_mixin.py:137} INFO - [2023-03-04T10:34:59.456+0530] {dag.py:3437} INFO - Setting next_dagrun for example_dynamic_task_mapping to 2022-03-04T00:00:00+00:00, run_after=2022-03-05T00:00:00+00:00
[2023-03-04T10:34:59.479+0530] {processor.py:175} INFO - Processing /home/ris/PycharmProjects/pythonProject/USA-housing/venv/lib/python3.10/site-packages/airflow/example_dags/example_dynamic_task_mapping.py took 0.097 seconds
[2023-03-04T10:35:48.670+0530] {processor.py:153} INFO - Started process (PID=32726) to work on /home/ris/PycharmProjects/pythonProject/USA-housing/venv/lib/python3.10/site-packages/airflow/example_dags/example_dynamic_task_mapping.py
[2023-03-04T10:35:48.672+0530] {processor.py:743} INFO - Processing file /home/ris/PycharmProjects/pythonProject/USA-housing/venv/lib/python3.10/site-packages/airflow/example_dags/example_dynamic_task_mapping.py for tasks to queue
[2023-03-04T10:35:48.673+0530] {logging_mixin.py:137} INFO - [2023-03-04T10:35:48.673+0530] {dagbag.py:538} INFO - Filling up the DagBag from /home/ris/PycharmProjects/pythonProject/USA-housing/venv/lib/python3.10/site-packages/airflow/example_dags/example_dynamic_task_mapping.py
[2023-03-04T10:35:48.693+0530] {processor.py:753} INFO - DAG(s) dict_keys(['example_dynamic_task_mapping']) retrieved from /home/ris/PycharmProjects/pythonProject/USA-housing/venv/lib/python3.10/site-packages/airflow/example_dags/example_dynamic_task_mapping.py
[2023-03-04T10:35:48.710+0530] {logging_mixin.py:137} INFO - [2023-03-04T10:35:48.709+0530] {dag.py:2690} INFO - Sync 1 DAGs
[2023-03-04T10:35:48.728+0530] {logging_mixin.py:137} INFO - [2023-03-04T10:35:48.728+0530] {dag.py:3437} INFO - Setting next_dagrun for example_dynamic_task_mapping to 2022-03-04T00:00:00+00:00, run_after=2022-03-05T00:00:00+00:00
[2023-03-04T10:35:48.747+0530] {processor.py:175} INFO - Processing /home/ris/PycharmProjects/pythonProject/USA-housing/venv/lib/python3.10/site-packages/airflow/example_dags/example_dynamic_task_mapping.py took 0.080 seconds
[2023-03-04T10:36:41.532+0530] {processor.py:153} INFO - Started process (PID=32813) to work on /home/ris/PycharmProjects/pythonProject/USA-housing/venv/lib/python3.10/site-packages/airflow/example_dags/example_dynamic_task_mapping.py
[2023-03-04T10:36:41.534+0530] {processor.py:743} INFO - Processing file /home/ris/PycharmProjects/pythonProject/USA-housing/venv/lib/python3.10/site-packages/airflow/example_dags/example_dynamic_task_mapping.py for tasks to queue
[2023-03-04T10:36:41.534+0530] {logging_mixin.py:137} INFO - [2023-03-04T10:36:41.534+0530] {dagbag.py:538} INFO - Filling up the DagBag from /home/ris/PycharmProjects/pythonProject/USA-housing/venv/lib/python3.10/site-packages/airflow/example_dags/example_dynamic_task_mapping.py
[2023-03-04T10:36:41.573+0530] {processor.py:753} INFO - DAG(s) dict_keys(['example_dynamic_task_mapping']) retrieved from /home/ris/PycharmProjects/pythonProject/USA-housing/venv/lib/python3.10/site-packages/airflow/example_dags/example_dynamic_task_mapping.py
[2023-03-04T10:36:41.597+0530] {logging_mixin.py:137} INFO - [2023-03-04T10:36:41.597+0530] {dag.py:2690} INFO - Sync 1 DAGs
[2023-03-04T10:36:41.624+0530] {logging_mixin.py:137} INFO - [2023-03-04T10:36:41.624+0530] {dag.py:3437} INFO - Setting next_dagrun for example_dynamic_task_mapping to 2022-03-04T00:00:00+00:00, run_after=2022-03-05T00:00:00+00:00
[2023-03-04T10:36:41.653+0530] {processor.py:175} INFO - Processing /home/ris/PycharmProjects/pythonProject/USA-housing/venv/lib/python3.10/site-packages/airflow/example_dags/example_dynamic_task_mapping.py took 0.126 seconds
[2023-03-04T10:37:27.797+0530] {processor.py:153} INFO - Started process (PID=32856) to work on /home/ris/PycharmProjects/pythonProject/USA-housing/venv/lib/python3.10/site-packages/airflow/example_dags/example_dynamic_task_mapping.py
[2023-03-04T10:37:27.800+0530] {processor.py:743} INFO - Processing file /home/ris/PycharmProjects/pythonProject/USA-housing/venv/lib/python3.10/site-packages/airflow/example_dags/example_dynamic_task_mapping.py for tasks to queue
[2023-03-04T10:37:27.802+0530] {logging_mixin.py:137} INFO - [2023-03-04T10:37:27.801+0530] {dagbag.py:538} INFO - Filling up the DagBag from /home/ris/PycharmProjects/pythonProject/USA-housing/venv/lib/python3.10/site-packages/airflow/example_dags/example_dynamic_task_mapping.py
[2023-03-04T10:37:27.869+0530] {processor.py:753} INFO - DAG(s) dict_keys(['example_dynamic_task_mapping']) retrieved from /home/ris/PycharmProjects/pythonProject/USA-housing/venv/lib/python3.10/site-packages/airflow/example_dags/example_dynamic_task_mapping.py
[2023-03-04T10:37:27.916+0530] {logging_mixin.py:137} INFO - [2023-03-04T10:37:27.915+0530] {dag.py:2690} INFO - Sync 1 DAGs
[2023-03-04T10:37:27.986+0530] {logging_mixin.py:137} INFO - [2023-03-04T10:37:27.985+0530] {dag.py:3437} INFO - Setting next_dagrun for example_dynamic_task_mapping to 2022-03-04T00:00:00+00:00, run_after=2022-03-05T00:00:00+00:00
[2023-03-04T10:37:28.032+0530] {processor.py:175} INFO - Processing /home/ris/PycharmProjects/pythonProject/USA-housing/venv/lib/python3.10/site-packages/airflow/example_dags/example_dynamic_task_mapping.py took 0.241 seconds
[2023-03-04T10:38:22.438+0530] {processor.py:153} INFO - Started process (PID=32938) to work on /home/ris/PycharmProjects/pythonProject/USA-housing/venv/lib/python3.10/site-packages/airflow/example_dags/example_dynamic_task_mapping.py
[2023-03-04T10:38:22.440+0530] {processor.py:743} INFO - Processing file /home/ris/PycharmProjects/pythonProject/USA-housing/venv/lib/python3.10/site-packages/airflow/example_dags/example_dynamic_task_mapping.py for tasks to queue
[2023-03-04T10:38:22.441+0530] {logging_mixin.py:137} INFO - [2023-03-04T10:38:22.441+0530] {dagbag.py:538} INFO - Filling up the DagBag from /home/ris/PycharmProjects/pythonProject/USA-housing/venv/lib/python3.10/site-packages/airflow/example_dags/example_dynamic_task_mapping.py
[2023-03-04T10:38:22.475+0530] {processor.py:753} INFO - DAG(s) dict_keys(['example_dynamic_task_mapping']) retrieved from /home/ris/PycharmProjects/pythonProject/USA-housing/venv/lib/python3.10/site-packages/airflow/example_dags/example_dynamic_task_mapping.py
[2023-03-04T10:38:22.499+0530] {logging_mixin.py:137} INFO - [2023-03-04T10:38:22.499+0530] {dag.py:2690} INFO - Sync 1 DAGs
[2023-03-04T10:38:22.529+0530] {logging_mixin.py:137} INFO - [2023-03-04T10:38:22.529+0530] {dag.py:3437} INFO - Setting next_dagrun for example_dynamic_task_mapping to 2022-03-04T00:00:00+00:00, run_after=2022-03-05T00:00:00+00:00
[2023-03-04T10:38:22.559+0530] {processor.py:175} INFO - Processing /home/ris/PycharmProjects/pythonProject/USA-housing/venv/lib/python3.10/site-packages/airflow/example_dags/example_dynamic_task_mapping.py took 0.125 seconds
[2023-03-04T10:39:08.457+0530] {processor.py:153} INFO - Started process (PID=33464) to work on /home/ris/PycharmProjects/pythonProject/USA-housing/venv/lib/python3.10/site-packages/airflow/example_dags/example_dynamic_task_mapping.py
[2023-03-04T10:39:08.460+0530] {processor.py:743} INFO - Processing file /home/ris/PycharmProjects/pythonProject/USA-housing/venv/lib/python3.10/site-packages/airflow/example_dags/example_dynamic_task_mapping.py for tasks to queue
[2023-03-04T10:39:08.461+0530] {logging_mixin.py:137} INFO - [2023-03-04T10:39:08.461+0530] {dagbag.py:538} INFO - Filling up the DagBag from /home/ris/PycharmProjects/pythonProject/USA-housing/venv/lib/python3.10/site-packages/airflow/example_dags/example_dynamic_task_mapping.py
[2023-03-04T10:39:08.506+0530] {processor.py:753} INFO - DAG(s) dict_keys(['example_dynamic_task_mapping']) retrieved from /home/ris/PycharmProjects/pythonProject/USA-housing/venv/lib/python3.10/site-packages/airflow/example_dags/example_dynamic_task_mapping.py
[2023-03-04T10:39:08.548+0530] {logging_mixin.py:137} INFO - [2023-03-04T10:39:08.548+0530] {dag.py:2690} INFO - Sync 1 DAGs
[2023-03-04T10:39:08.590+0530] {logging_mixin.py:137} INFO - [2023-03-04T10:39:08.590+0530] {dag.py:3437} INFO - Setting next_dagrun for example_dynamic_task_mapping to 2022-03-04T00:00:00+00:00, run_after=2022-03-05T00:00:00+00:00
[2023-03-04T10:39:08.630+0530] {processor.py:175} INFO - Processing /home/ris/PycharmProjects/pythonProject/USA-housing/venv/lib/python3.10/site-packages/airflow/example_dags/example_dynamic_task_mapping.py took 0.179 seconds
[2023-03-04T10:39:56.055+0530] {processor.py:153} INFO - Started process (PID=33529) to work on /home/ris/PycharmProjects/pythonProject/USA-housing/venv/lib/python3.10/site-packages/airflow/example_dags/example_dynamic_task_mapping.py
[2023-03-04T10:39:56.057+0530] {processor.py:743} INFO - Processing file /home/ris/PycharmProjects/pythonProject/USA-housing/venv/lib/python3.10/site-packages/airflow/example_dags/example_dynamic_task_mapping.py for tasks to queue
[2023-03-04T10:39:56.058+0530] {logging_mixin.py:137} INFO - [2023-03-04T10:39:56.058+0530] {dagbag.py:538} INFO - Filling up the DagBag from /home/ris/PycharmProjects/pythonProject/USA-housing/venv/lib/python3.10/site-packages/airflow/example_dags/example_dynamic_task_mapping.py
[2023-03-04T10:39:56.089+0530] {processor.py:753} INFO - DAG(s) dict_keys(['example_dynamic_task_mapping']) retrieved from /home/ris/PycharmProjects/pythonProject/USA-housing/venv/lib/python3.10/site-packages/airflow/example_dags/example_dynamic_task_mapping.py
[2023-03-04T10:39:56.121+0530] {logging_mixin.py:137} INFO - [2023-03-04T10:39:56.121+0530] {dag.py:2690} INFO - Sync 1 DAGs
[2023-03-04T10:39:56.150+0530] {logging_mixin.py:137} INFO - [2023-03-04T10:39:56.149+0530] {dag.py:3437} INFO - Setting next_dagrun for example_dynamic_task_mapping to 2022-03-04T00:00:00+00:00, run_after=2022-03-05T00:00:00+00:00
[2023-03-04T10:39:56.170+0530] {processor.py:175} INFO - Processing /home/ris/PycharmProjects/pythonProject/USA-housing/venv/lib/python3.10/site-packages/airflow/example_dags/example_dynamic_task_mapping.py took 0.119 seconds
[2023-03-04T10:40:38.071+0530] {processor.py:153} INFO - Started process (PID=33573) to work on /home/ris/PycharmProjects/pythonProject/USA-housing/venv/lib/python3.10/site-packages/airflow/example_dags/example_dynamic_task_mapping.py
[2023-03-04T10:40:38.074+0530] {processor.py:743} INFO - Processing file /home/ris/PycharmProjects/pythonProject/USA-housing/venv/lib/python3.10/site-packages/airflow/example_dags/example_dynamic_task_mapping.py for tasks to queue
[2023-03-04T10:40:38.075+0530] {logging_mixin.py:137} INFO - [2023-03-04T10:40:38.075+0530] {dagbag.py:538} INFO - Filling up the DagBag from /home/ris/PycharmProjects/pythonProject/USA-housing/venv/lib/python3.10/site-packages/airflow/example_dags/example_dynamic_task_mapping.py
[2023-03-04T10:40:38.111+0530] {processor.py:753} INFO - DAG(s) dict_keys(['example_dynamic_task_mapping']) retrieved from /home/ris/PycharmProjects/pythonProject/USA-housing/venv/lib/python3.10/site-packages/airflow/example_dags/example_dynamic_task_mapping.py
[2023-03-04T10:40:38.139+0530] {logging_mixin.py:137} INFO - [2023-03-04T10:40:38.139+0530] {dag.py:2690} INFO - Sync 1 DAGs
[2023-03-04T10:40:38.166+0530] {logging_mixin.py:137} INFO - [2023-03-04T10:40:38.165+0530] {dag.py:3437} INFO - Setting next_dagrun for example_dynamic_task_mapping to 2022-03-04T00:00:00+00:00, run_after=2022-03-05T00:00:00+00:00
[2023-03-04T10:40:38.195+0530] {processor.py:175} INFO - Processing /home/ris/PycharmProjects/pythonProject/USA-housing/venv/lib/python3.10/site-packages/airflow/example_dags/example_dynamic_task_mapping.py took 0.127 seconds
[2023-03-04T10:41:23.016+0530] {processor.py:153} INFO - Started process (PID=33622) to work on /home/ris/PycharmProjects/pythonProject/USA-housing/venv/lib/python3.10/site-packages/airflow/example_dags/example_dynamic_task_mapping.py
[2023-03-04T10:41:23.019+0530] {processor.py:743} INFO - Processing file /home/ris/PycharmProjects/pythonProject/USA-housing/venv/lib/python3.10/site-packages/airflow/example_dags/example_dynamic_task_mapping.py for tasks to queue
[2023-03-04T10:41:23.021+0530] {logging_mixin.py:137} INFO - [2023-03-04T10:41:23.020+0530] {dagbag.py:538} INFO - Filling up the DagBag from /home/ris/PycharmProjects/pythonProject/USA-housing/venv/lib/python3.10/site-packages/airflow/example_dags/example_dynamic_task_mapping.py
[2023-03-04T10:41:23.069+0530] {processor.py:753} INFO - DAG(s) dict_keys(['example_dynamic_task_mapping']) retrieved from /home/ris/PycharmProjects/pythonProject/USA-housing/venv/lib/python3.10/site-packages/airflow/example_dags/example_dynamic_task_mapping.py
[2023-03-04T10:41:23.101+0530] {logging_mixin.py:137} INFO - [2023-03-04T10:41:23.101+0530] {dag.py:2690} INFO - Sync 1 DAGs
[2023-03-04T10:41:23.132+0530] {logging_mixin.py:137} INFO - [2023-03-04T10:41:23.132+0530] {dag.py:3437} INFO - Setting next_dagrun for example_dynamic_task_mapping to 2022-03-04T00:00:00+00:00, run_after=2022-03-05T00:00:00+00:00
[2023-03-04T10:41:23.171+0530] {processor.py:175} INFO - Processing /home/ris/PycharmProjects/pythonProject/USA-housing/venv/lib/python3.10/site-packages/airflow/example_dags/example_dynamic_task_mapping.py took 0.161 seconds
[2023-03-04T10:42:13.218+0530] {processor.py:153} INFO - Started process (PID=33685) to work on /home/ris/PycharmProjects/pythonProject/USA-housing/venv/lib/python3.10/site-packages/airflow/example_dags/example_dynamic_task_mapping.py
[2023-03-04T10:42:13.220+0530] {processor.py:743} INFO - Processing file /home/ris/PycharmProjects/pythonProject/USA-housing/venv/lib/python3.10/site-packages/airflow/example_dags/example_dynamic_task_mapping.py for tasks to queue
[2023-03-04T10:42:13.221+0530] {logging_mixin.py:137} INFO - [2023-03-04T10:42:13.221+0530] {dagbag.py:538} INFO - Filling up the DagBag from /home/ris/PycharmProjects/pythonProject/USA-housing/venv/lib/python3.10/site-packages/airflow/example_dags/example_dynamic_task_mapping.py
[2023-03-04T10:42:13.251+0530] {processor.py:753} INFO - DAG(s) dict_keys(['example_dynamic_task_mapping']) retrieved from /home/ris/PycharmProjects/pythonProject/USA-housing/venv/lib/python3.10/site-packages/airflow/example_dags/example_dynamic_task_mapping.py
[2023-03-04T10:42:13.269+0530] {logging_mixin.py:137} INFO - [2023-03-04T10:42:13.269+0530] {dag.py:2690} INFO - Sync 1 DAGs
[2023-03-04T10:42:13.287+0530] {logging_mixin.py:137} INFO - [2023-03-04T10:42:13.287+0530] {dag.py:3437} INFO - Setting next_dagrun for example_dynamic_task_mapping to 2022-03-04T00:00:00+00:00, run_after=2022-03-05T00:00:00+00:00
[2023-03-04T10:42:13.308+0530] {processor.py:175} INFO - Processing /home/ris/PycharmProjects/pythonProject/USA-housing/venv/lib/python3.10/site-packages/airflow/example_dags/example_dynamic_task_mapping.py took 0.093 seconds
[2023-03-04T10:42:56.134+0530] {processor.py:153} INFO - Started process (PID=33736) to work on /home/ris/PycharmProjects/pythonProject/USA-housing/venv/lib/python3.10/site-packages/airflow/example_dags/example_dynamic_task_mapping.py
[2023-03-04T10:42:56.136+0530] {processor.py:743} INFO - Processing file /home/ris/PycharmProjects/pythonProject/USA-housing/venv/lib/python3.10/site-packages/airflow/example_dags/example_dynamic_task_mapping.py for tasks to queue
[2023-03-04T10:42:56.137+0530] {logging_mixin.py:137} INFO - [2023-03-04T10:42:56.137+0530] {dagbag.py:538} INFO - Filling up the DagBag from /home/ris/PycharmProjects/pythonProject/USA-housing/venv/lib/python3.10/site-packages/airflow/example_dags/example_dynamic_task_mapping.py
[2023-03-04T10:42:56.165+0530] {processor.py:753} INFO - DAG(s) dict_keys(['example_dynamic_task_mapping']) retrieved from /home/ris/PycharmProjects/pythonProject/USA-housing/venv/lib/python3.10/site-packages/airflow/example_dags/example_dynamic_task_mapping.py
[2023-03-04T10:42:56.198+0530] {logging_mixin.py:137} INFO - [2023-03-04T10:42:56.197+0530] {dag.py:2690} INFO - Sync 1 DAGs
[2023-03-04T10:42:56.222+0530] {logging_mixin.py:137} INFO - [2023-03-04T10:42:56.222+0530] {dag.py:3437} INFO - Setting next_dagrun for example_dynamic_task_mapping to 2022-03-04T00:00:00+00:00, run_after=2022-03-05T00:00:00+00:00
[2023-03-04T10:42:56.247+0530] {processor.py:175} INFO - Processing /home/ris/PycharmProjects/pythonProject/USA-housing/venv/lib/python3.10/site-packages/airflow/example_dags/example_dynamic_task_mapping.py took 0.116 seconds
[2023-03-04T10:43:44.482+0530] {processor.py:153} INFO - Started process (PID=33784) to work on /home/ris/PycharmProjects/pythonProject/USA-housing/venv/lib/python3.10/site-packages/airflow/example_dags/example_dynamic_task_mapping.py
[2023-03-04T10:43:44.483+0530] {processor.py:743} INFO - Processing file /home/ris/PycharmProjects/pythonProject/USA-housing/venv/lib/python3.10/site-packages/airflow/example_dags/example_dynamic_task_mapping.py for tasks to queue
[2023-03-04T10:43:44.484+0530] {logging_mixin.py:137} INFO - [2023-03-04T10:43:44.484+0530] {dagbag.py:538} INFO - Filling up the DagBag from /home/ris/PycharmProjects/pythonProject/USA-housing/venv/lib/python3.10/site-packages/airflow/example_dags/example_dynamic_task_mapping.py
[2023-03-04T10:43:44.517+0530] {processor.py:753} INFO - DAG(s) dict_keys(['example_dynamic_task_mapping']) retrieved from /home/ris/PycharmProjects/pythonProject/USA-housing/venv/lib/python3.10/site-packages/airflow/example_dags/example_dynamic_task_mapping.py
[2023-03-04T10:43:44.534+0530] {logging_mixin.py:137} INFO - [2023-03-04T10:43:44.534+0530] {dag.py:2690} INFO - Sync 1 DAGs
[2023-03-04T10:43:44.553+0530] {logging_mixin.py:137} INFO - [2023-03-04T10:43:44.553+0530] {dag.py:3437} INFO - Setting next_dagrun for example_dynamic_task_mapping to 2022-03-04T00:00:00+00:00, run_after=2022-03-05T00:00:00+00:00
[2023-03-04T10:43:44.571+0530] {processor.py:175} INFO - Processing /home/ris/PycharmProjects/pythonProject/USA-housing/venv/lib/python3.10/site-packages/airflow/example_dags/example_dynamic_task_mapping.py took 0.093 seconds
[2023-03-04T10:44:30.116+0530] {processor.py:153} INFO - Started process (PID=33830) to work on /home/ris/PycharmProjects/pythonProject/USA-housing/venv/lib/python3.10/site-packages/airflow/example_dags/example_dynamic_task_mapping.py
[2023-03-04T10:44:30.118+0530] {processor.py:743} INFO - Processing file /home/ris/PycharmProjects/pythonProject/USA-housing/venv/lib/python3.10/site-packages/airflow/example_dags/example_dynamic_task_mapping.py for tasks to queue
[2023-03-04T10:44:30.120+0530] {logging_mixin.py:137} INFO - [2023-03-04T10:44:30.120+0530] {dagbag.py:538} INFO - Filling up the DagBag from /home/ris/PycharmProjects/pythonProject/USA-housing/venv/lib/python3.10/site-packages/airflow/example_dags/example_dynamic_task_mapping.py
[2023-03-04T10:44:30.153+0530] {processor.py:753} INFO - DAG(s) dict_keys(['example_dynamic_task_mapping']) retrieved from /home/ris/PycharmProjects/pythonProject/USA-housing/venv/lib/python3.10/site-packages/airflow/example_dags/example_dynamic_task_mapping.py
[2023-03-04T10:44:30.182+0530] {logging_mixin.py:137} INFO - [2023-03-04T10:44:30.182+0530] {dag.py:2690} INFO - Sync 1 DAGs
[2023-03-04T10:44:30.212+0530] {logging_mixin.py:137} INFO - [2023-03-04T10:44:30.212+0530] {dag.py:3437} INFO - Setting next_dagrun for example_dynamic_task_mapping to 2022-03-04T00:00:00+00:00, run_after=2022-03-05T00:00:00+00:00
[2023-03-04T10:44:30.246+0530] {processor.py:175} INFO - Processing /home/ris/PycharmProjects/pythonProject/USA-housing/venv/lib/python3.10/site-packages/airflow/example_dags/example_dynamic_task_mapping.py took 0.134 seconds
[2023-03-04T10:45:17.827+0530] {processor.py:153} INFO - Started process (PID=33886) to work on /home/ris/PycharmProjects/pythonProject/USA-housing/venv/lib/python3.10/site-packages/airflow/example_dags/example_dynamic_task_mapping.py
[2023-03-04T10:45:17.829+0530] {processor.py:743} INFO - Processing file /home/ris/PycharmProjects/pythonProject/USA-housing/venv/lib/python3.10/site-packages/airflow/example_dags/example_dynamic_task_mapping.py for tasks to queue
[2023-03-04T10:45:17.830+0530] {logging_mixin.py:137} INFO - [2023-03-04T10:45:17.830+0530] {dagbag.py:538} INFO - Filling up the DagBag from /home/ris/PycharmProjects/pythonProject/USA-housing/venv/lib/python3.10/site-packages/airflow/example_dags/example_dynamic_task_mapping.py
[2023-03-04T10:45:17.874+0530] {processor.py:753} INFO - DAG(s) dict_keys(['example_dynamic_task_mapping']) retrieved from /home/ris/PycharmProjects/pythonProject/USA-housing/venv/lib/python3.10/site-packages/airflow/example_dags/example_dynamic_task_mapping.py
[2023-03-04T10:45:17.895+0530] {logging_mixin.py:137} INFO - [2023-03-04T10:45:17.895+0530] {dag.py:2690} INFO - Sync 1 DAGs
[2023-03-04T10:45:17.933+0530] {logging_mixin.py:137} INFO - [2023-03-04T10:45:17.932+0530] {dag.py:3437} INFO - Setting next_dagrun for example_dynamic_task_mapping to 2022-03-04T00:00:00+00:00, run_after=2022-03-05T00:00:00+00:00
[2023-03-04T10:45:17.963+0530] {processor.py:175} INFO - Processing /home/ris/PycharmProjects/pythonProject/USA-housing/venv/lib/python3.10/site-packages/airflow/example_dags/example_dynamic_task_mapping.py took 0.141 seconds
[2023-03-04T10:46:02.554+0530] {processor.py:153} INFO - Started process (PID=33934) to work on /home/ris/PycharmProjects/pythonProject/USA-housing/venv/lib/python3.10/site-packages/airflow/example_dags/example_dynamic_task_mapping.py
[2023-03-04T10:46:02.556+0530] {processor.py:743} INFO - Processing file /home/ris/PycharmProjects/pythonProject/USA-housing/venv/lib/python3.10/site-packages/airflow/example_dags/example_dynamic_task_mapping.py for tasks to queue
[2023-03-04T10:46:02.557+0530] {logging_mixin.py:137} INFO - [2023-03-04T10:46:02.557+0530] {dagbag.py:538} INFO - Filling up the DagBag from /home/ris/PycharmProjects/pythonProject/USA-housing/venv/lib/python3.10/site-packages/airflow/example_dags/example_dynamic_task_mapping.py
[2023-03-04T10:46:02.583+0530] {processor.py:753} INFO - DAG(s) dict_keys(['example_dynamic_task_mapping']) retrieved from /home/ris/PycharmProjects/pythonProject/USA-housing/venv/lib/python3.10/site-packages/airflow/example_dags/example_dynamic_task_mapping.py
[2023-03-04T10:46:02.601+0530] {logging_mixin.py:137} INFO - [2023-03-04T10:46:02.601+0530] {dag.py:2690} INFO - Sync 1 DAGs
[2023-03-04T10:46:02.620+0530] {logging_mixin.py:137} INFO - [2023-03-04T10:46:02.620+0530] {dag.py:3437} INFO - Setting next_dagrun for example_dynamic_task_mapping to 2022-03-04T00:00:00+00:00, run_after=2022-03-05T00:00:00+00:00
[2023-03-04T10:46:02.649+0530] {processor.py:175} INFO - Processing /home/ris/PycharmProjects/pythonProject/USA-housing/venv/lib/python3.10/site-packages/airflow/example_dags/example_dynamic_task_mapping.py took 0.097 seconds
[2023-03-04T10:46:44.885+0530] {processor.py:153} INFO - Started process (PID=33990) to work on /home/ris/PycharmProjects/pythonProject/USA-housing/venv/lib/python3.10/site-packages/airflow/example_dags/example_dynamic_task_mapping.py
[2023-03-04T10:46:44.887+0530] {processor.py:743} INFO - Processing file /home/ris/PycharmProjects/pythonProject/USA-housing/venv/lib/python3.10/site-packages/airflow/example_dags/example_dynamic_task_mapping.py for tasks to queue
[2023-03-04T10:46:44.888+0530] {logging_mixin.py:137} INFO - [2023-03-04T10:46:44.887+0530] {dagbag.py:538} INFO - Filling up the DagBag from /home/ris/PycharmProjects/pythonProject/USA-housing/venv/lib/python3.10/site-packages/airflow/example_dags/example_dynamic_task_mapping.py
[2023-03-04T10:46:44.909+0530] {processor.py:753} INFO - DAG(s) dict_keys(['example_dynamic_task_mapping']) retrieved from /home/ris/PycharmProjects/pythonProject/USA-housing/venv/lib/python3.10/site-packages/airflow/example_dags/example_dynamic_task_mapping.py
[2023-03-04T10:46:44.926+0530] {logging_mixin.py:137} INFO - [2023-03-04T10:46:44.926+0530] {dag.py:2690} INFO - Sync 1 DAGs
[2023-03-04T10:46:44.945+0530] {logging_mixin.py:137} INFO - [2023-03-04T10:46:44.944+0530] {dag.py:3437} INFO - Setting next_dagrun for example_dynamic_task_mapping to 2022-03-04T00:00:00+00:00, run_after=2022-03-05T00:00:00+00:00
[2023-03-04T10:46:44.966+0530] {processor.py:175} INFO - Processing /home/ris/PycharmProjects/pythonProject/USA-housing/venv/lib/python3.10/site-packages/airflow/example_dags/example_dynamic_task_mapping.py took 0.084 seconds
[2023-03-04T10:47:39.005+0530] {processor.py:153} INFO - Started process (PID=34048) to work on /home/ris/PycharmProjects/pythonProject/USA-housing/venv/lib/python3.10/site-packages/airflow/example_dags/example_dynamic_task_mapping.py
[2023-03-04T10:47:39.007+0530] {processor.py:743} INFO - Processing file /home/ris/PycharmProjects/pythonProject/USA-housing/venv/lib/python3.10/site-packages/airflow/example_dags/example_dynamic_task_mapping.py for tasks to queue
[2023-03-04T10:47:39.008+0530] {logging_mixin.py:137} INFO - [2023-03-04T10:47:39.008+0530] {dagbag.py:538} INFO - Filling up the DagBag from /home/ris/PycharmProjects/pythonProject/USA-housing/venv/lib/python3.10/site-packages/airflow/example_dags/example_dynamic_task_mapping.py
[2023-03-04T10:47:39.029+0530] {processor.py:753} INFO - DAG(s) dict_keys(['example_dynamic_task_mapping']) retrieved from /home/ris/PycharmProjects/pythonProject/USA-housing/venv/lib/python3.10/site-packages/airflow/example_dags/example_dynamic_task_mapping.py
[2023-03-04T10:47:39.046+0530] {logging_mixin.py:137} INFO - [2023-03-04T10:47:39.046+0530] {dag.py:2690} INFO - Sync 1 DAGs
[2023-03-04T10:47:39.065+0530] {logging_mixin.py:137} INFO - [2023-03-04T10:47:39.065+0530] {dag.py:3437} INFO - Setting next_dagrun for example_dynamic_task_mapping to 2022-03-04T00:00:00+00:00, run_after=2022-03-05T00:00:00+00:00
[2023-03-04T10:47:39.086+0530] {processor.py:175} INFO - Processing /home/ris/PycharmProjects/pythonProject/USA-housing/venv/lib/python3.10/site-packages/airflow/example_dags/example_dynamic_task_mapping.py took 0.083 seconds
[2023-03-04T10:48:36.776+0530] {processor.py:153} INFO - Started process (PID=34106) to work on /home/ris/PycharmProjects/pythonProject/USA-housing/venv/lib/python3.10/site-packages/airflow/example_dags/example_dynamic_task_mapping.py
[2023-03-04T10:48:36.778+0530] {processor.py:743} INFO - Processing file /home/ris/PycharmProjects/pythonProject/USA-housing/venv/lib/python3.10/site-packages/airflow/example_dags/example_dynamic_task_mapping.py for tasks to queue
[2023-03-04T10:48:36.779+0530] {logging_mixin.py:137} INFO - [2023-03-04T10:48:36.779+0530] {dagbag.py:538} INFO - Filling up the DagBag from /home/ris/PycharmProjects/pythonProject/USA-housing/venv/lib/python3.10/site-packages/airflow/example_dags/example_dynamic_task_mapping.py
[2023-03-04T10:48:36.809+0530] {processor.py:753} INFO - DAG(s) dict_keys(['example_dynamic_task_mapping']) retrieved from /home/ris/PycharmProjects/pythonProject/USA-housing/venv/lib/python3.10/site-packages/airflow/example_dags/example_dynamic_task_mapping.py
[2023-03-04T10:48:36.829+0530] {logging_mixin.py:137} INFO - [2023-03-04T10:48:36.829+0530] {dag.py:2690} INFO - Sync 1 DAGs
[2023-03-04T10:48:36.854+0530] {logging_mixin.py:137} INFO - [2023-03-04T10:48:36.854+0530] {dag.py:3437} INFO - Setting next_dagrun for example_dynamic_task_mapping to 2022-03-04T00:00:00+00:00, run_after=2022-03-05T00:00:00+00:00
[2023-03-04T10:48:36.878+0530] {processor.py:175} INFO - Processing /home/ris/PycharmProjects/pythonProject/USA-housing/venv/lib/python3.10/site-packages/airflow/example_dags/example_dynamic_task_mapping.py took 0.106 seconds
[2023-03-04T10:49:27.982+0530] {processor.py:153} INFO - Started process (PID=34174) to work on /home/ris/PycharmProjects/pythonProject/USA-housing/venv/lib/python3.10/site-packages/airflow/example_dags/example_dynamic_task_mapping.py
[2023-03-04T10:49:27.984+0530] {processor.py:743} INFO - Processing file /home/ris/PycharmProjects/pythonProject/USA-housing/venv/lib/python3.10/site-packages/airflow/example_dags/example_dynamic_task_mapping.py for tasks to queue
[2023-03-04T10:49:27.985+0530] {logging_mixin.py:137} INFO - [2023-03-04T10:49:27.985+0530] {dagbag.py:538} INFO - Filling up the DagBag from /home/ris/PycharmProjects/pythonProject/USA-housing/venv/lib/python3.10/site-packages/airflow/example_dags/example_dynamic_task_mapping.py
[2023-03-04T10:49:28.014+0530] {processor.py:753} INFO - DAG(s) dict_keys(['example_dynamic_task_mapping']) retrieved from /home/ris/PycharmProjects/pythonProject/USA-housing/venv/lib/python3.10/site-packages/airflow/example_dags/example_dynamic_task_mapping.py
[2023-03-04T10:49:28.032+0530] {logging_mixin.py:137} INFO - [2023-03-04T10:49:28.032+0530] {dag.py:2690} INFO - Sync 1 DAGs
[2023-03-04T10:49:28.060+0530] {logging_mixin.py:137} INFO - [2023-03-04T10:49:28.060+0530] {dag.py:3437} INFO - Setting next_dagrun for example_dynamic_task_mapping to 2022-03-04T00:00:00+00:00, run_after=2022-03-05T00:00:00+00:00
[2023-03-04T10:49:28.087+0530] {processor.py:175} INFO - Processing /home/ris/PycharmProjects/pythonProject/USA-housing/venv/lib/python3.10/site-packages/airflow/example_dags/example_dynamic_task_mapping.py took 0.108 seconds
[2023-03-04T10:50:29.978+0530] {processor.py:153} INFO - Started process (PID=34293) to work on /home/ris/PycharmProjects/pythonProject/USA-housing/venv/lib/python3.10/site-packages/airflow/example_dags/example_dynamic_task_mapping.py
[2023-03-04T10:50:29.979+0530] {processor.py:743} INFO - Processing file /home/ris/PycharmProjects/pythonProject/USA-housing/venv/lib/python3.10/site-packages/airflow/example_dags/example_dynamic_task_mapping.py for tasks to queue
[2023-03-04T10:50:29.979+0530] {logging_mixin.py:137} INFO - [2023-03-04T10:50:29.979+0530] {dagbag.py:538} INFO - Filling up the DagBag from /home/ris/PycharmProjects/pythonProject/USA-housing/venv/lib/python3.10/site-packages/airflow/example_dags/example_dynamic_task_mapping.py
[2023-03-04T10:50:30.013+0530] {processor.py:753} INFO - DAG(s) dict_keys(['example_dynamic_task_mapping']) retrieved from /home/ris/PycharmProjects/pythonProject/USA-housing/venv/lib/python3.10/site-packages/airflow/example_dags/example_dynamic_task_mapping.py
[2023-03-04T10:50:30.031+0530] {logging_mixin.py:137} INFO - [2023-03-04T10:50:30.031+0530] {dag.py:2690} INFO - Sync 1 DAGs
[2023-03-04T10:50:30.050+0530] {logging_mixin.py:137} INFO - [2023-03-04T10:50:30.050+0530] {dag.py:3437} INFO - Setting next_dagrun for example_dynamic_task_mapping to 2022-03-04T00:00:00+00:00, run_after=2022-03-05T00:00:00+00:00
[2023-03-04T10:50:30.070+0530] {processor.py:175} INFO - Processing /home/ris/PycharmProjects/pythonProject/USA-housing/venv/lib/python3.10/site-packages/airflow/example_dags/example_dynamic_task_mapping.py took 0.095 seconds
[2023-03-04T10:51:20.833+0530] {processor.py:153} INFO - Started process (PID=34365) to work on /home/ris/PycharmProjects/pythonProject/USA-housing/venv/lib/python3.10/site-packages/airflow/example_dags/example_dynamic_task_mapping.py
[2023-03-04T10:51:20.835+0530] {processor.py:743} INFO - Processing file /home/ris/PycharmProjects/pythonProject/USA-housing/venv/lib/python3.10/site-packages/airflow/example_dags/example_dynamic_task_mapping.py for tasks to queue
[2023-03-04T10:51:20.836+0530] {logging_mixin.py:137} INFO - [2023-03-04T10:51:20.836+0530] {dagbag.py:538} INFO - Filling up the DagBag from /home/ris/PycharmProjects/pythonProject/USA-housing/venv/lib/python3.10/site-packages/airflow/example_dags/example_dynamic_task_mapping.py
[2023-03-04T10:51:20.869+0530] {processor.py:753} INFO - DAG(s) dict_keys(['example_dynamic_task_mapping']) retrieved from /home/ris/PycharmProjects/pythonProject/USA-housing/venv/lib/python3.10/site-packages/airflow/example_dags/example_dynamic_task_mapping.py
[2023-03-04T10:51:20.896+0530] {logging_mixin.py:137} INFO - [2023-03-04T10:51:20.896+0530] {dag.py:2690} INFO - Sync 1 DAGs
[2023-03-04T10:51:20.919+0530] {logging_mixin.py:137} INFO - [2023-03-04T10:51:20.918+0530] {dag.py:3437} INFO - Setting next_dagrun for example_dynamic_task_mapping to 2022-03-04T00:00:00+00:00, run_after=2022-03-05T00:00:00+00:00
[2023-03-04T10:51:20.949+0530] {processor.py:175} INFO - Processing /home/ris/PycharmProjects/pythonProject/USA-housing/venv/lib/python3.10/site-packages/airflow/example_dags/example_dynamic_task_mapping.py took 0.119 seconds
[2023-03-04T10:52:07.293+0530] {processor.py:153} INFO - Started process (PID=34439) to work on /home/ris/PycharmProjects/pythonProject/USA-housing/venv/lib/python3.10/site-packages/airflow/example_dags/example_dynamic_task_mapping.py
[2023-03-04T10:52:07.295+0530] {processor.py:743} INFO - Processing file /home/ris/PycharmProjects/pythonProject/USA-housing/venv/lib/python3.10/site-packages/airflow/example_dags/example_dynamic_task_mapping.py for tasks to queue
[2023-03-04T10:52:07.296+0530] {logging_mixin.py:137} INFO - [2023-03-04T10:52:07.296+0530] {dagbag.py:538} INFO - Filling up the DagBag from /home/ris/PycharmProjects/pythonProject/USA-housing/venv/lib/python3.10/site-packages/airflow/example_dags/example_dynamic_task_mapping.py
[2023-03-04T10:52:07.322+0530] {processor.py:753} INFO - DAG(s) dict_keys(['example_dynamic_task_mapping']) retrieved from /home/ris/PycharmProjects/pythonProject/USA-housing/venv/lib/python3.10/site-packages/airflow/example_dags/example_dynamic_task_mapping.py
[2023-03-04T10:52:07.341+0530] {logging_mixin.py:137} INFO - [2023-03-04T10:52:07.341+0530] {dag.py:2690} INFO - Sync 1 DAGs
[2023-03-04T10:52:07.360+0530] {logging_mixin.py:137} INFO - [2023-03-04T10:52:07.360+0530] {dag.py:3437} INFO - Setting next_dagrun for example_dynamic_task_mapping to 2022-03-04T00:00:00+00:00, run_after=2022-03-05T00:00:00+00:00
[2023-03-04T10:52:07.382+0530] {processor.py:175} INFO - Processing /home/ris/PycharmProjects/pythonProject/USA-housing/venv/lib/python3.10/site-packages/airflow/example_dags/example_dynamic_task_mapping.py took 0.091 seconds
[2023-03-04T10:52:59.493+0530] {processor.py:153} INFO - Started process (PID=34503) to work on /home/ris/PycharmProjects/pythonProject/USA-housing/venv/lib/python3.10/site-packages/airflow/example_dags/example_dynamic_task_mapping.py
[2023-03-04T10:52:59.495+0530] {processor.py:743} INFO - Processing file /home/ris/PycharmProjects/pythonProject/USA-housing/venv/lib/python3.10/site-packages/airflow/example_dags/example_dynamic_task_mapping.py for tasks to queue
[2023-03-04T10:52:59.496+0530] {logging_mixin.py:137} INFO - [2023-03-04T10:52:59.496+0530] {dagbag.py:538} INFO - Filling up the DagBag from /home/ris/PycharmProjects/pythonProject/USA-housing/venv/lib/python3.10/site-packages/airflow/example_dags/example_dynamic_task_mapping.py
[2023-03-04T10:52:59.520+0530] {processor.py:753} INFO - DAG(s) dict_keys(['example_dynamic_task_mapping']) retrieved from /home/ris/PycharmProjects/pythonProject/USA-housing/venv/lib/python3.10/site-packages/airflow/example_dags/example_dynamic_task_mapping.py
[2023-03-04T10:52:59.543+0530] {logging_mixin.py:137} INFO - [2023-03-04T10:52:59.543+0530] {dag.py:2690} INFO - Sync 1 DAGs
[2023-03-04T10:52:59.570+0530] {logging_mixin.py:137} INFO - [2023-03-04T10:52:59.570+0530] {dag.py:3437} INFO - Setting next_dagrun for example_dynamic_task_mapping to 2022-03-04T00:00:00+00:00, run_after=2022-03-05T00:00:00+00:00
[2023-03-04T10:52:59.599+0530] {processor.py:175} INFO - Processing /home/ris/PycharmProjects/pythonProject/USA-housing/venv/lib/python3.10/site-packages/airflow/example_dags/example_dynamic_task_mapping.py took 0.110 seconds
[2023-03-04T10:53:55.658+0530] {processor.py:153} INFO - Started process (PID=34703) to work on /home/ris/PycharmProjects/pythonProject/USA-housing/venv/lib/python3.10/site-packages/airflow/example_dags/example_dynamic_task_mapping.py
[2023-03-04T10:53:55.660+0530] {processor.py:743} INFO - Processing file /home/ris/PycharmProjects/pythonProject/USA-housing/venv/lib/python3.10/site-packages/airflow/example_dags/example_dynamic_task_mapping.py for tasks to queue
[2023-03-04T10:53:55.661+0530] {logging_mixin.py:137} INFO - [2023-03-04T10:53:55.661+0530] {dagbag.py:538} INFO - Filling up the DagBag from /home/ris/PycharmProjects/pythonProject/USA-housing/venv/lib/python3.10/site-packages/airflow/example_dags/example_dynamic_task_mapping.py
[2023-03-04T10:53:55.688+0530] {processor.py:753} INFO - DAG(s) dict_keys(['example_dynamic_task_mapping']) retrieved from /home/ris/PycharmProjects/pythonProject/USA-housing/venv/lib/python3.10/site-packages/airflow/example_dags/example_dynamic_task_mapping.py
[2023-03-04T10:53:55.709+0530] {logging_mixin.py:137} INFO - [2023-03-04T10:53:55.708+0530] {dag.py:2690} INFO - Sync 1 DAGs
[2023-03-04T10:53:55.736+0530] {logging_mixin.py:137} INFO - [2023-03-04T10:53:55.736+0530] {dag.py:3437} INFO - Setting next_dagrun for example_dynamic_task_mapping to 2022-03-04T00:00:00+00:00, run_after=2022-03-05T00:00:00+00:00
[2023-03-04T10:53:55.757+0530] {processor.py:175} INFO - Processing /home/ris/PycharmProjects/pythonProject/USA-housing/venv/lib/python3.10/site-packages/airflow/example_dags/example_dynamic_task_mapping.py took 0.101 seconds
[2023-03-04T10:54:49.146+0530] {processor.py:153} INFO - Started process (PID=34796) to work on /home/ris/PycharmProjects/pythonProject/USA-housing/venv/lib/python3.10/site-packages/airflow/example_dags/example_dynamic_task_mapping.py
[2023-03-04T10:54:49.149+0530] {processor.py:743} INFO - Processing file /home/ris/PycharmProjects/pythonProject/USA-housing/venv/lib/python3.10/site-packages/airflow/example_dags/example_dynamic_task_mapping.py for tasks to queue
[2023-03-04T10:54:49.150+0530] {logging_mixin.py:137} INFO - [2023-03-04T10:54:49.149+0530] {dagbag.py:538} INFO - Filling up the DagBag from /home/ris/PycharmProjects/pythonProject/USA-housing/venv/lib/python3.10/site-packages/airflow/example_dags/example_dynamic_task_mapping.py
[2023-03-04T10:54:49.170+0530] {processor.py:753} INFO - DAG(s) dict_keys(['example_dynamic_task_mapping']) retrieved from /home/ris/PycharmProjects/pythonProject/USA-housing/venv/lib/python3.10/site-packages/airflow/example_dags/example_dynamic_task_mapping.py
[2023-03-04T10:54:49.187+0530] {logging_mixin.py:137} INFO - [2023-03-04T10:54:49.187+0530] {dag.py:2690} INFO - Sync 1 DAGs
[2023-03-04T10:54:49.205+0530] {logging_mixin.py:137} INFO - [2023-03-04T10:54:49.205+0530] {dag.py:3437} INFO - Setting next_dagrun for example_dynamic_task_mapping to 2022-03-04T00:00:00+00:00, run_after=2022-03-05T00:00:00+00:00
[2023-03-04T10:54:49.226+0530] {processor.py:175} INFO - Processing /home/ris/PycharmProjects/pythonProject/USA-housing/venv/lib/python3.10/site-packages/airflow/example_dags/example_dynamic_task_mapping.py took 0.083 seconds
[2023-03-04T10:55:43.598+0530] {processor.py:153} INFO - Started process (PID=34857) to work on /home/ris/PycharmProjects/pythonProject/USA-housing/venv/lib/python3.10/site-packages/airflow/example_dags/example_dynamic_task_mapping.py
[2023-03-04T10:55:43.600+0530] {processor.py:743} INFO - Processing file /home/ris/PycharmProjects/pythonProject/USA-housing/venv/lib/python3.10/site-packages/airflow/example_dags/example_dynamic_task_mapping.py for tasks to queue
[2023-03-04T10:55:43.601+0530] {logging_mixin.py:137} INFO - [2023-03-04T10:55:43.600+0530] {dagbag.py:538} INFO - Filling up the DagBag from /home/ris/PycharmProjects/pythonProject/USA-housing/venv/lib/python3.10/site-packages/airflow/example_dags/example_dynamic_task_mapping.py
[2023-03-04T10:55:43.623+0530] {processor.py:753} INFO - DAG(s) dict_keys(['example_dynamic_task_mapping']) retrieved from /home/ris/PycharmProjects/pythonProject/USA-housing/venv/lib/python3.10/site-packages/airflow/example_dags/example_dynamic_task_mapping.py
[2023-03-04T10:55:43.641+0530] {logging_mixin.py:137} INFO - [2023-03-04T10:55:43.640+0530] {dag.py:2690} INFO - Sync 1 DAGs
[2023-03-04T10:55:43.663+0530] {logging_mixin.py:137} INFO - [2023-03-04T10:55:43.663+0530] {dag.py:3437} INFO - Setting next_dagrun for example_dynamic_task_mapping to 2022-03-04T00:00:00+00:00, run_after=2022-03-05T00:00:00+00:00
[2023-03-04T10:55:43.689+0530] {processor.py:175} INFO - Processing /home/ris/PycharmProjects/pythonProject/USA-housing/venv/lib/python3.10/site-packages/airflow/example_dags/example_dynamic_task_mapping.py took 0.093 seconds
[2023-03-04T10:56:37.551+0530] {processor.py:153} INFO - Started process (PID=34931) to work on /home/ris/PycharmProjects/pythonProject/USA-housing/venv/lib/python3.10/site-packages/airflow/example_dags/example_dynamic_task_mapping.py
[2023-03-04T10:56:37.552+0530] {processor.py:743} INFO - Processing file /home/ris/PycharmProjects/pythonProject/USA-housing/venv/lib/python3.10/site-packages/airflow/example_dags/example_dynamic_task_mapping.py for tasks to queue
[2023-03-04T10:56:37.553+0530] {logging_mixin.py:137} INFO - [2023-03-04T10:56:37.553+0530] {dagbag.py:538} INFO - Filling up the DagBag from /home/ris/PycharmProjects/pythonProject/USA-housing/venv/lib/python3.10/site-packages/airflow/example_dags/example_dynamic_task_mapping.py
[2023-03-04T10:56:37.585+0530] {processor.py:753} INFO - DAG(s) dict_keys(['example_dynamic_task_mapping']) retrieved from /home/ris/PycharmProjects/pythonProject/USA-housing/venv/lib/python3.10/site-packages/airflow/example_dags/example_dynamic_task_mapping.py
[2023-03-04T10:56:37.611+0530] {logging_mixin.py:137} INFO - [2023-03-04T10:56:37.610+0530] {dag.py:2690} INFO - Sync 1 DAGs
[2023-03-04T10:56:37.636+0530] {logging_mixin.py:137} INFO - [2023-03-04T10:56:37.636+0530] {dag.py:3437} INFO - Setting next_dagrun for example_dynamic_task_mapping to 2022-03-04T00:00:00+00:00, run_after=2022-03-05T00:00:00+00:00
[2023-03-04T10:56:37.659+0530] {processor.py:175} INFO - Processing /home/ris/PycharmProjects/pythonProject/USA-housing/venv/lib/python3.10/site-packages/airflow/example_dags/example_dynamic_task_mapping.py took 0.112 seconds
[2023-03-04T10:57:33.331+0530] {processor.py:153} INFO - Started process (PID=35031) to work on /home/ris/PycharmProjects/pythonProject/USA-housing/venv/lib/python3.10/site-packages/airflow/example_dags/example_dynamic_task_mapping.py
[2023-03-04T10:57:33.333+0530] {processor.py:743} INFO - Processing file /home/ris/PycharmProjects/pythonProject/USA-housing/venv/lib/python3.10/site-packages/airflow/example_dags/example_dynamic_task_mapping.py for tasks to queue
[2023-03-04T10:57:33.333+0530] {logging_mixin.py:137} INFO - [2023-03-04T10:57:33.333+0530] {dagbag.py:538} INFO - Filling up the DagBag from /home/ris/PycharmProjects/pythonProject/USA-housing/venv/lib/python3.10/site-packages/airflow/example_dags/example_dynamic_task_mapping.py
[2023-03-04T10:57:33.360+0530] {processor.py:753} INFO - DAG(s) dict_keys(['example_dynamic_task_mapping']) retrieved from /home/ris/PycharmProjects/pythonProject/USA-housing/venv/lib/python3.10/site-packages/airflow/example_dags/example_dynamic_task_mapping.py
[2023-03-04T10:57:33.384+0530] {logging_mixin.py:137} INFO - [2023-03-04T10:57:33.384+0530] {dag.py:2690} INFO - Sync 1 DAGs
[2023-03-04T10:57:33.408+0530] {logging_mixin.py:137} INFO - [2023-03-04T10:57:33.408+0530] {dag.py:3437} INFO - Setting next_dagrun for example_dynamic_task_mapping to 2022-03-04T00:00:00+00:00, run_after=2022-03-05T00:00:00+00:00
[2023-03-04T10:57:33.429+0530] {processor.py:175} INFO - Processing /home/ris/PycharmProjects/pythonProject/USA-housing/venv/lib/python3.10/site-packages/airflow/example_dags/example_dynamic_task_mapping.py took 0.102 seconds
[2023-03-04T11:01:12.914+0530] {processor.py:153} INFO - Started process (PID=35185) to work on /home/ris/PycharmProjects/pythonProject/USA-housing/venv/lib/python3.10/site-packages/airflow/example_dags/example_dynamic_task_mapping.py
[2023-03-04T11:01:12.916+0530] {processor.py:743} INFO - Processing file /home/ris/PycharmProjects/pythonProject/USA-housing/venv/lib/python3.10/site-packages/airflow/example_dags/example_dynamic_task_mapping.py for tasks to queue
[2023-03-04T11:01:12.918+0530] {logging_mixin.py:137} INFO - [2023-03-04T11:01:12.917+0530] {dagbag.py:538} INFO - Filling up the DagBag from /home/ris/PycharmProjects/pythonProject/USA-housing/venv/lib/python3.10/site-packages/airflow/example_dags/example_dynamic_task_mapping.py
[2023-03-04T11:01:12.959+0530] {processor.py:753} INFO - DAG(s) dict_keys(['example_dynamic_task_mapping']) retrieved from /home/ris/PycharmProjects/pythonProject/USA-housing/venv/lib/python3.10/site-packages/airflow/example_dags/example_dynamic_task_mapping.py
[2023-03-04T11:01:12.974+0530] {logging_mixin.py:137} INFO - [2023-03-04T11:01:12.974+0530] {dag.py:2690} INFO - Sync 1 DAGs
[2023-03-04T11:01:12.992+0530] {logging_mixin.py:137} INFO - [2023-03-04T11:01:12.992+0530] {dag.py:3437} INFO - Setting next_dagrun for example_dynamic_task_mapping to 2022-03-04T00:00:00+00:00, run_after=2022-03-05T00:00:00+00:00
[2023-03-04T11:01:13.009+0530] {processor.py:175} INFO - Processing /home/ris/PycharmProjects/pythonProject/USA-housing/venv/lib/python3.10/site-packages/airflow/example_dags/example_dynamic_task_mapping.py took 0.101 seconds
