[2023-03-04T09:23:31.258+0530] {processor.py:153} INFO - Started process (PID=29106) to work on /home/ris/PycharmProjects/pythonProject/USA-housing/venv/lib/python3.10/site-packages/airflow/example_dags/tutorial.py
[2023-03-04T09:23:31.259+0530] {processor.py:743} INFO - Processing file /home/ris/PycharmProjects/pythonProject/USA-housing/venv/lib/python3.10/site-packages/airflow/example_dags/tutorial.py for tasks to queue
[2023-03-04T09:23:31.259+0530] {logging_mixin.py:137} INFO - [2023-03-04T09:23:31.259+0530] {dagbag.py:538} INFO - Filling up the DagBag from /home/ris/PycharmProjects/pythonProject/USA-housing/venv/lib/python3.10/site-packages/airflow/example_dags/tutorial.py
[2023-03-04T09:23:31.271+0530] {processor.py:753} INFO - DAG(s) dict_keys(['tutorial']) retrieved from /home/ris/PycharmProjects/pythonProject/USA-housing/venv/lib/python3.10/site-packages/airflow/example_dags/tutorial.py
[2023-03-04T09:23:31.302+0530] {logging_mixin.py:137} INFO - [2023-03-04T09:23:31.302+0530] {dag.py:2690} INFO - Sync 1 DAGs
[2023-03-04T09:23:31.319+0530] {logging_mixin.py:137} INFO - [2023-03-04T09:23:31.319+0530] {dag.py:3437} INFO - Setting next_dagrun for tutorial to 2023-03-03T03:53:31.319067+00:00, run_after=2023-03-04T03:53:31.319067+00:00
[2023-03-04T09:23:31.341+0530] {processor.py:175} INFO - Processing /home/ris/PycharmProjects/pythonProject/USA-housing/venv/lib/python3.10/site-packages/airflow/example_dags/tutorial.py took 0.085 seconds
[2023-03-04T09:24:13.301+0530] {processor.py:153} INFO - Started process (PID=29747) to work on /home/ris/PycharmProjects/pythonProject/USA-housing/venv/lib/python3.10/site-packages/airflow/example_dags/tutorial.py
[2023-03-04T09:24:13.303+0530] {processor.py:743} INFO - Processing file /home/ris/PycharmProjects/pythonProject/USA-housing/venv/lib/python3.10/site-packages/airflow/example_dags/tutorial.py for tasks to queue
[2023-03-04T09:24:13.304+0530] {logging_mixin.py:137} INFO - [2023-03-04T09:24:13.304+0530] {dagbag.py:538} INFO - Filling up the DagBag from /home/ris/PycharmProjects/pythonProject/USA-housing/venv/lib/python3.10/site-packages/airflow/example_dags/tutorial.py
[2023-03-04T09:24:13.328+0530] {processor.py:753} INFO - DAG(s) dict_keys(['tutorial']) retrieved from /home/ris/PycharmProjects/pythonProject/USA-housing/venv/lib/python3.10/site-packages/airflow/example_dags/tutorial.py
[2023-03-04T09:24:13.352+0530] {logging_mixin.py:137} INFO - [2023-03-04T09:24:13.352+0530] {dag.py:2690} INFO - Sync 1 DAGs
[2023-03-04T09:24:13.368+0530] {logging_mixin.py:137} INFO - [2023-03-04T09:24:13.368+0530] {dag.py:3437} INFO - Setting next_dagrun for tutorial to 2023-03-03T03:54:13.368571+00:00, run_after=2023-03-04T03:54:13.368571+00:00
[2023-03-04T09:24:13.386+0530] {processor.py:175} INFO - Processing /home/ris/PycharmProjects/pythonProject/USA-housing/venv/lib/python3.10/site-packages/airflow/example_dags/tutorial.py took 0.090 seconds
[2023-03-04T09:24:55.137+0530] {processor.py:153} INFO - Started process (PID=29787) to work on /home/ris/PycharmProjects/pythonProject/USA-housing/venv/lib/python3.10/site-packages/airflow/example_dags/tutorial.py
[2023-03-04T09:24:55.139+0530] {processor.py:743} INFO - Processing file /home/ris/PycharmProjects/pythonProject/USA-housing/venv/lib/python3.10/site-packages/airflow/example_dags/tutorial.py for tasks to queue
[2023-03-04T09:24:55.139+0530] {logging_mixin.py:137} INFO - [2023-03-04T09:24:55.139+0530] {dagbag.py:538} INFO - Filling up the DagBag from /home/ris/PycharmProjects/pythonProject/USA-housing/venv/lib/python3.10/site-packages/airflow/example_dags/tutorial.py
[2023-03-04T09:24:55.150+0530] {processor.py:753} INFO - DAG(s) dict_keys(['tutorial']) retrieved from /home/ris/PycharmProjects/pythonProject/USA-housing/venv/lib/python3.10/site-packages/airflow/example_dags/tutorial.py
[2023-03-04T09:24:55.165+0530] {logging_mixin.py:137} INFO - [2023-03-04T09:24:55.165+0530] {dag.py:2690} INFO - Sync 1 DAGs
[2023-03-04T09:24:55.182+0530] {logging_mixin.py:137} INFO - [2023-03-04T09:24:55.182+0530] {dag.py:3437} INFO - Setting next_dagrun for tutorial to 2023-03-03T03:54:55.181885+00:00, run_after=2023-03-04T03:54:55.181885+00:00
[2023-03-04T09:24:55.200+0530] {processor.py:175} INFO - Processing /home/ris/PycharmProjects/pythonProject/USA-housing/venv/lib/python3.10/site-packages/airflow/example_dags/tutorial.py took 0.066 seconds
[2023-03-04T09:25:31.646+0530] {processor.py:153} INFO - Started process (PID=29829) to work on /home/ris/PycharmProjects/pythonProject/USA-housing/venv/lib/python3.10/site-packages/airflow/example_dags/tutorial.py
[2023-03-04T09:25:31.648+0530] {processor.py:743} INFO - Processing file /home/ris/PycharmProjects/pythonProject/USA-housing/venv/lib/python3.10/site-packages/airflow/example_dags/tutorial.py for tasks to queue
[2023-03-04T09:25:31.649+0530] {logging_mixin.py:137} INFO - [2023-03-04T09:25:31.649+0530] {dagbag.py:538} INFO - Filling up the DagBag from /home/ris/PycharmProjects/pythonProject/USA-housing/venv/lib/python3.10/site-packages/airflow/example_dags/tutorial.py
[2023-03-04T09:25:31.674+0530] {processor.py:753} INFO - DAG(s) dict_keys(['tutorial']) retrieved from /home/ris/PycharmProjects/pythonProject/USA-housing/venv/lib/python3.10/site-packages/airflow/example_dags/tutorial.py
[2023-03-04T09:25:31.697+0530] {logging_mixin.py:137} INFO - [2023-03-04T09:25:31.697+0530] {dag.py:2690} INFO - Sync 1 DAGs
[2023-03-04T09:25:31.714+0530] {logging_mixin.py:137} INFO - [2023-03-04T09:25:31.713+0530] {dag.py:3437} INFO - Setting next_dagrun for tutorial to 2023-03-03T03:55:31.713725+00:00, run_after=2023-03-04T03:55:31.713725+00:00
[2023-03-04T09:25:31.731+0530] {processor.py:175} INFO - Processing /home/ris/PycharmProjects/pythonProject/USA-housing/venv/lib/python3.10/site-packages/airflow/example_dags/tutorial.py took 0.089 seconds
[2023-03-04T09:26:15.384+0530] {processor.py:153} INFO - Started process (PID=30109) to work on /home/ris/PycharmProjects/pythonProject/USA-housing/venv/lib/python3.10/site-packages/airflow/example_dags/tutorial.py
[2023-03-04T09:26:15.386+0530] {processor.py:743} INFO - Processing file /home/ris/PycharmProjects/pythonProject/USA-housing/venv/lib/python3.10/site-packages/airflow/example_dags/tutorial.py for tasks to queue
[2023-03-04T09:26:15.387+0530] {logging_mixin.py:137} INFO - [2023-03-04T09:26:15.387+0530] {dagbag.py:538} INFO - Filling up the DagBag from /home/ris/PycharmProjects/pythonProject/USA-housing/venv/lib/python3.10/site-packages/airflow/example_dags/tutorial.py
[2023-03-04T09:26:15.412+0530] {processor.py:753} INFO - DAG(s) dict_keys(['tutorial']) retrieved from /home/ris/PycharmProjects/pythonProject/USA-housing/venv/lib/python3.10/site-packages/airflow/example_dags/tutorial.py
[2023-03-04T09:26:15.436+0530] {logging_mixin.py:137} INFO - [2023-03-04T09:26:15.436+0530] {dag.py:2690} INFO - Sync 1 DAGs
[2023-03-04T09:26:15.452+0530] {logging_mixin.py:137} INFO - [2023-03-04T09:26:15.452+0530] {dag.py:3437} INFO - Setting next_dagrun for tutorial to 2023-03-03T03:56:15.451877+00:00, run_after=2023-03-04T03:56:15.451877+00:00
[2023-03-04T09:26:15.469+0530] {processor.py:175} INFO - Processing /home/ris/PycharmProjects/pythonProject/USA-housing/venv/lib/python3.10/site-packages/airflow/example_dags/tutorial.py took 0.089 seconds
[2023-03-04T09:26:54.320+0530] {processor.py:153} INFO - Started process (PID=30146) to work on /home/ris/PycharmProjects/pythonProject/USA-housing/venv/lib/python3.10/site-packages/airflow/example_dags/tutorial.py
[2023-03-04T09:26:54.322+0530] {processor.py:743} INFO - Processing file /home/ris/PycharmProjects/pythonProject/USA-housing/venv/lib/python3.10/site-packages/airflow/example_dags/tutorial.py for tasks to queue
[2023-03-04T09:26:54.323+0530] {logging_mixin.py:137} INFO - [2023-03-04T09:26:54.323+0530] {dagbag.py:538} INFO - Filling up the DagBag from /home/ris/PycharmProjects/pythonProject/USA-housing/venv/lib/python3.10/site-packages/airflow/example_dags/tutorial.py
[2023-03-04T09:26:54.348+0530] {processor.py:753} INFO - DAG(s) dict_keys(['tutorial']) retrieved from /home/ris/PycharmProjects/pythonProject/USA-housing/venv/lib/python3.10/site-packages/airflow/example_dags/tutorial.py
[2023-03-04T09:26:54.370+0530] {logging_mixin.py:137} INFO - [2023-03-04T09:26:54.370+0530] {dag.py:2690} INFO - Sync 1 DAGs
[2023-03-04T09:26:54.386+0530] {logging_mixin.py:137} INFO - [2023-03-04T09:26:54.385+0530] {dag.py:3437} INFO - Setting next_dagrun for tutorial to 2023-03-03T03:56:54.385815+00:00, run_after=2023-03-04T03:56:54.385815+00:00
[2023-03-04T09:26:54.403+0530] {processor.py:175} INFO - Processing /home/ris/PycharmProjects/pythonProject/USA-housing/venv/lib/python3.10/site-packages/airflow/example_dags/tutorial.py took 0.088 seconds
[2023-03-04T09:27:31.843+0530] {processor.py:153} INFO - Started process (PID=30185) to work on /home/ris/PycharmProjects/pythonProject/USA-housing/venv/lib/python3.10/site-packages/airflow/example_dags/tutorial.py
[2023-03-04T09:27:31.846+0530] {processor.py:743} INFO - Processing file /home/ris/PycharmProjects/pythonProject/USA-housing/venv/lib/python3.10/site-packages/airflow/example_dags/tutorial.py for tasks to queue
[2023-03-04T09:27:31.847+0530] {logging_mixin.py:137} INFO - [2023-03-04T09:27:31.846+0530] {dagbag.py:538} INFO - Filling up the DagBag from /home/ris/PycharmProjects/pythonProject/USA-housing/venv/lib/python3.10/site-packages/airflow/example_dags/tutorial.py
[2023-03-04T09:27:31.872+0530] {processor.py:753} INFO - DAG(s) dict_keys(['tutorial']) retrieved from /home/ris/PycharmProjects/pythonProject/USA-housing/venv/lib/python3.10/site-packages/airflow/example_dags/tutorial.py
[2023-03-04T09:27:31.893+0530] {logging_mixin.py:137} INFO - [2023-03-04T09:27:31.893+0530] {dag.py:2690} INFO - Sync 1 DAGs
[2023-03-04T09:27:31.909+0530] {logging_mixin.py:137} INFO - [2023-03-04T09:27:31.909+0530] {dag.py:3437} INFO - Setting next_dagrun for tutorial to 2023-03-03T03:57:31.909165+00:00, run_after=2023-03-04T03:57:31.909165+00:00
[2023-03-04T09:27:31.928+0530] {processor.py:175} INFO - Processing /home/ris/PycharmProjects/pythonProject/USA-housing/venv/lib/python3.10/site-packages/airflow/example_dags/tutorial.py took 0.088 seconds
[2023-03-04T09:28:11.368+0530] {processor.py:153} INFO - Started process (PID=30227) to work on /home/ris/PycharmProjects/pythonProject/USA-housing/venv/lib/python3.10/site-packages/airflow/example_dags/tutorial.py
[2023-03-04T09:28:11.370+0530] {processor.py:743} INFO - Processing file /home/ris/PycharmProjects/pythonProject/USA-housing/venv/lib/python3.10/site-packages/airflow/example_dags/tutorial.py for tasks to queue
[2023-03-04T09:28:11.371+0530] {logging_mixin.py:137} INFO - [2023-03-04T09:28:11.371+0530] {dagbag.py:538} INFO - Filling up the DagBag from /home/ris/PycharmProjects/pythonProject/USA-housing/venv/lib/python3.10/site-packages/airflow/example_dags/tutorial.py
[2023-03-04T09:28:11.395+0530] {processor.py:753} INFO - DAG(s) dict_keys(['tutorial']) retrieved from /home/ris/PycharmProjects/pythonProject/USA-housing/venv/lib/python3.10/site-packages/airflow/example_dags/tutorial.py
[2023-03-04T09:28:11.417+0530] {logging_mixin.py:137} INFO - [2023-03-04T09:28:11.417+0530] {dag.py:2690} INFO - Sync 1 DAGs
[2023-03-04T09:28:11.434+0530] {logging_mixin.py:137} INFO - [2023-03-04T09:28:11.433+0530] {dag.py:3437} INFO - Setting next_dagrun for tutorial to 2023-03-03T03:58:11.433804+00:00, run_after=2023-03-04T03:58:11.433804+00:00
[2023-03-04T09:28:11.452+0530] {processor.py:175} INFO - Processing /home/ris/PycharmProjects/pythonProject/USA-housing/venv/lib/python3.10/site-packages/airflow/example_dags/tutorial.py took 0.089 seconds
[2023-03-04T09:28:46.808+0530] {processor.py:153} INFO - Started process (PID=30266) to work on /home/ris/PycharmProjects/pythonProject/USA-housing/venv/lib/python3.10/site-packages/airflow/example_dags/tutorial.py
[2023-03-04T09:28:46.809+0530] {processor.py:743} INFO - Processing file /home/ris/PycharmProjects/pythonProject/USA-housing/venv/lib/python3.10/site-packages/airflow/example_dags/tutorial.py for tasks to queue
[2023-03-04T09:28:46.810+0530] {logging_mixin.py:137} INFO - [2023-03-04T09:28:46.810+0530] {dagbag.py:538} INFO - Filling up the DagBag from /home/ris/PycharmProjects/pythonProject/USA-housing/venv/lib/python3.10/site-packages/airflow/example_dags/tutorial.py
[2023-03-04T09:28:46.834+0530] {processor.py:753} INFO - DAG(s) dict_keys(['tutorial']) retrieved from /home/ris/PycharmProjects/pythonProject/USA-housing/venv/lib/python3.10/site-packages/airflow/example_dags/tutorial.py
[2023-03-04T09:28:46.856+0530] {logging_mixin.py:137} INFO - [2023-03-04T09:28:46.856+0530] {dag.py:2690} INFO - Sync 1 DAGs
[2023-03-04T09:28:46.873+0530] {logging_mixin.py:137} INFO - [2023-03-04T09:28:46.873+0530] {dag.py:3437} INFO - Setting next_dagrun for tutorial to 2023-03-03T03:58:46.873350+00:00, run_after=2023-03-04T03:58:46.873350+00:00
[2023-03-04T09:28:46.890+0530] {processor.py:175} INFO - Processing /home/ris/PycharmProjects/pythonProject/USA-housing/venv/lib/python3.10/site-packages/airflow/example_dags/tutorial.py took 0.087 seconds
[2023-03-04T09:29:31.758+0530] {processor.py:153} INFO - Started process (PID=30311) to work on /home/ris/PycharmProjects/pythonProject/USA-housing/venv/lib/python3.10/site-packages/airflow/example_dags/tutorial.py
[2023-03-04T09:29:31.760+0530] {processor.py:743} INFO - Processing file /home/ris/PycharmProjects/pythonProject/USA-housing/venv/lib/python3.10/site-packages/airflow/example_dags/tutorial.py for tasks to queue
[2023-03-04T09:29:31.761+0530] {logging_mixin.py:137} INFO - [2023-03-04T09:29:31.761+0530] {dagbag.py:538} INFO - Filling up the DagBag from /home/ris/PycharmProjects/pythonProject/USA-housing/venv/lib/python3.10/site-packages/airflow/example_dags/tutorial.py
[2023-03-04T09:29:31.786+0530] {processor.py:753} INFO - DAG(s) dict_keys(['tutorial']) retrieved from /home/ris/PycharmProjects/pythonProject/USA-housing/venv/lib/python3.10/site-packages/airflow/example_dags/tutorial.py
[2023-03-04T09:29:31.808+0530] {logging_mixin.py:137} INFO - [2023-03-04T09:29:31.808+0530] {dag.py:2690} INFO - Sync 1 DAGs
[2023-03-04T09:29:31.825+0530] {logging_mixin.py:137} INFO - [2023-03-04T09:29:31.825+0530] {dag.py:3437} INFO - Setting next_dagrun for tutorial to 2023-03-03T03:59:31.825332+00:00, run_after=2023-03-04T03:59:31.825332+00:00
[2023-03-04T09:29:31.843+0530] {processor.py:175} INFO - Processing /home/ris/PycharmProjects/pythonProject/USA-housing/venv/lib/python3.10/site-packages/airflow/example_dags/tutorial.py took 0.090 seconds
[2023-03-04T09:30:09.400+0530] {processor.py:153} INFO - Started process (PID=30354) to work on /home/ris/PycharmProjects/pythonProject/USA-housing/venv/lib/python3.10/site-packages/airflow/example_dags/tutorial.py
[2023-03-04T09:30:09.402+0530] {processor.py:743} INFO - Processing file /home/ris/PycharmProjects/pythonProject/USA-housing/venv/lib/python3.10/site-packages/airflow/example_dags/tutorial.py for tasks to queue
[2023-03-04T09:30:09.402+0530] {logging_mixin.py:137} INFO - [2023-03-04T09:30:09.402+0530] {dagbag.py:538} INFO - Filling up the DagBag from /home/ris/PycharmProjects/pythonProject/USA-housing/venv/lib/python3.10/site-packages/airflow/example_dags/tutorial.py
[2023-03-04T09:30:09.413+0530] {processor.py:753} INFO - DAG(s) dict_keys(['tutorial']) retrieved from /home/ris/PycharmProjects/pythonProject/USA-housing/venv/lib/python3.10/site-packages/airflow/example_dags/tutorial.py
[2023-03-04T09:30:09.428+0530] {logging_mixin.py:137} INFO - [2023-03-04T09:30:09.428+0530] {dag.py:2690} INFO - Sync 1 DAGs
[2023-03-04T09:30:09.445+0530] {logging_mixin.py:137} INFO - [2023-03-04T09:30:09.444+0530] {dag.py:3437} INFO - Setting next_dagrun for tutorial to 2023-03-03T04:00:09.444731+00:00, run_after=2023-03-04T04:00:09.444731+00:00
[2023-03-04T09:30:09.461+0530] {processor.py:175} INFO - Processing /home/ris/PycharmProjects/pythonProject/USA-housing/venv/lib/python3.10/site-packages/airflow/example_dags/tutorial.py took 0.064 seconds
[2023-03-04T09:30:45.585+0530] {processor.py:153} INFO - Started process (PID=30390) to work on /home/ris/PycharmProjects/pythonProject/USA-housing/venv/lib/python3.10/site-packages/airflow/example_dags/tutorial.py
[2023-03-04T09:30:45.587+0530] {processor.py:743} INFO - Processing file /home/ris/PycharmProjects/pythonProject/USA-housing/venv/lib/python3.10/site-packages/airflow/example_dags/tutorial.py for tasks to queue
[2023-03-04T09:30:45.588+0530] {logging_mixin.py:137} INFO - [2023-03-04T09:30:45.588+0530] {dagbag.py:538} INFO - Filling up the DagBag from /home/ris/PycharmProjects/pythonProject/USA-housing/venv/lib/python3.10/site-packages/airflow/example_dags/tutorial.py
[2023-03-04T09:30:45.612+0530] {processor.py:753} INFO - DAG(s) dict_keys(['tutorial']) retrieved from /home/ris/PycharmProjects/pythonProject/USA-housing/venv/lib/python3.10/site-packages/airflow/example_dags/tutorial.py
[2023-03-04T09:30:45.636+0530] {logging_mixin.py:137} INFO - [2023-03-04T09:30:45.636+0530] {dag.py:2690} INFO - Sync 1 DAGs
[2023-03-04T09:30:45.652+0530] {logging_mixin.py:137} INFO - [2023-03-04T09:30:45.652+0530] {dag.py:3437} INFO - Setting next_dagrun for tutorial to 2023-03-03T04:00:45.652634+00:00, run_after=2023-03-04T04:00:45.652634+00:00
[2023-03-04T09:30:45.670+0530] {processor.py:175} INFO - Processing /home/ris/PycharmProjects/pythonProject/USA-housing/venv/lib/python3.10/site-packages/airflow/example_dags/tutorial.py took 0.089 seconds
[2023-03-04T09:31:21.843+0530] {processor.py:153} INFO - Started process (PID=30427) to work on /home/ris/PycharmProjects/pythonProject/USA-housing/venv/lib/python3.10/site-packages/airflow/example_dags/tutorial.py
[2023-03-04T09:31:21.845+0530] {processor.py:743} INFO - Processing file /home/ris/PycharmProjects/pythonProject/USA-housing/venv/lib/python3.10/site-packages/airflow/example_dags/tutorial.py for tasks to queue
[2023-03-04T09:31:21.846+0530] {logging_mixin.py:137} INFO - [2023-03-04T09:31:21.846+0530] {dagbag.py:538} INFO - Filling up the DagBag from /home/ris/PycharmProjects/pythonProject/USA-housing/venv/lib/python3.10/site-packages/airflow/example_dags/tutorial.py
[2023-03-04T09:31:21.871+0530] {processor.py:753} INFO - DAG(s) dict_keys(['tutorial']) retrieved from /home/ris/PycharmProjects/pythonProject/USA-housing/venv/lib/python3.10/site-packages/airflow/example_dags/tutorial.py
[2023-03-04T09:31:21.893+0530] {logging_mixin.py:137} INFO - [2023-03-04T09:31:21.893+0530] {dag.py:2690} INFO - Sync 1 DAGs
[2023-03-04T09:31:21.909+0530] {logging_mixin.py:137} INFO - [2023-03-04T09:31:21.909+0530] {dag.py:3437} INFO - Setting next_dagrun for tutorial to 2023-03-03T04:01:21.909278+00:00, run_after=2023-03-04T04:01:21.909278+00:00
[2023-03-04T09:31:21.927+0530] {processor.py:175} INFO - Processing /home/ris/PycharmProjects/pythonProject/USA-housing/venv/lib/python3.10/site-packages/airflow/example_dags/tutorial.py took 0.088 seconds
[2023-03-04T09:32:06.001+0530] {processor.py:153} INFO - Started process (PID=30471) to work on /home/ris/PycharmProjects/pythonProject/USA-housing/venv/lib/python3.10/site-packages/airflow/example_dags/tutorial.py
[2023-03-04T09:32:06.004+0530] {processor.py:743} INFO - Processing file /home/ris/PycharmProjects/pythonProject/USA-housing/venv/lib/python3.10/site-packages/airflow/example_dags/tutorial.py for tasks to queue
[2023-03-04T09:32:06.005+0530] {logging_mixin.py:137} INFO - [2023-03-04T09:32:06.004+0530] {dagbag.py:538} INFO - Filling up the DagBag from /home/ris/PycharmProjects/pythonProject/USA-housing/venv/lib/python3.10/site-packages/airflow/example_dags/tutorial.py
[2023-03-04T09:32:06.030+0530] {processor.py:753} INFO - DAG(s) dict_keys(['tutorial']) retrieved from /home/ris/PycharmProjects/pythonProject/USA-housing/venv/lib/python3.10/site-packages/airflow/example_dags/tutorial.py
[2023-03-04T09:32:06.051+0530] {logging_mixin.py:137} INFO - [2023-03-04T09:32:06.050+0530] {dag.py:2690} INFO - Sync 1 DAGs
[2023-03-04T09:32:06.067+0530] {logging_mixin.py:137} INFO - [2023-03-04T09:32:06.066+0530] {dag.py:3437} INFO - Setting next_dagrun for tutorial to 2023-03-03T04:02:06.066708+00:00, run_after=2023-03-04T04:02:06.066708+00:00
[2023-03-04T09:32:06.084+0530] {processor.py:175} INFO - Processing /home/ris/PycharmProjects/pythonProject/USA-housing/venv/lib/python3.10/site-packages/airflow/example_dags/tutorial.py took 0.087 seconds
[2023-03-04T09:32:41.090+0530] {processor.py:153} INFO - Started process (PID=30507) to work on /home/ris/PycharmProjects/pythonProject/USA-housing/venv/lib/python3.10/site-packages/airflow/example_dags/tutorial.py
[2023-03-04T09:32:41.092+0530] {processor.py:743} INFO - Processing file /home/ris/PycharmProjects/pythonProject/USA-housing/venv/lib/python3.10/site-packages/airflow/example_dags/tutorial.py for tasks to queue
[2023-03-04T09:32:41.094+0530] {logging_mixin.py:137} INFO - [2023-03-04T09:32:41.093+0530] {dagbag.py:538} INFO - Filling up the DagBag from /home/ris/PycharmProjects/pythonProject/USA-housing/venv/lib/python3.10/site-packages/airflow/example_dags/tutorial.py
[2023-03-04T09:32:41.117+0530] {processor.py:753} INFO - DAG(s) dict_keys(['tutorial']) retrieved from /home/ris/PycharmProjects/pythonProject/USA-housing/venv/lib/python3.10/site-packages/airflow/example_dags/tutorial.py
[2023-03-04T09:32:41.138+0530] {logging_mixin.py:137} INFO - [2023-03-04T09:32:41.138+0530] {dag.py:2690} INFO - Sync 1 DAGs
[2023-03-04T09:32:41.154+0530] {logging_mixin.py:137} INFO - [2023-03-04T09:32:41.154+0530] {dag.py:3437} INFO - Setting next_dagrun for tutorial to 2023-03-03T04:02:41.154341+00:00, run_after=2023-03-04T04:02:41.154341+00:00
[2023-03-04T09:32:41.173+0530] {processor.py:175} INFO - Processing /home/ris/PycharmProjects/pythonProject/USA-housing/venv/lib/python3.10/site-packages/airflow/example_dags/tutorial.py took 0.088 seconds
[2023-03-04T09:33:18.394+0530] {processor.py:153} INFO - Started process (PID=30542) to work on /home/ris/PycharmProjects/pythonProject/USA-housing/venv/lib/python3.10/site-packages/airflow/example_dags/tutorial.py
[2023-03-04T09:33:18.397+0530] {processor.py:743} INFO - Processing file /home/ris/PycharmProjects/pythonProject/USA-housing/venv/lib/python3.10/site-packages/airflow/example_dags/tutorial.py for tasks to queue
[2023-03-04T09:33:18.398+0530] {logging_mixin.py:137} INFO - [2023-03-04T09:33:18.398+0530] {dagbag.py:538} INFO - Filling up the DagBag from /home/ris/PycharmProjects/pythonProject/USA-housing/venv/lib/python3.10/site-packages/airflow/example_dags/tutorial.py
[2023-03-04T09:33:18.423+0530] {processor.py:753} INFO - DAG(s) dict_keys(['tutorial']) retrieved from /home/ris/PycharmProjects/pythonProject/USA-housing/venv/lib/python3.10/site-packages/airflow/example_dags/tutorial.py
[2023-03-04T09:33:18.445+0530] {logging_mixin.py:137} INFO - [2023-03-04T09:33:18.445+0530] {dag.py:2690} INFO - Sync 1 DAGs
[2023-03-04T09:33:18.462+0530] {logging_mixin.py:137} INFO - [2023-03-04T09:33:18.462+0530] {dag.py:3437} INFO - Setting next_dagrun for tutorial to 2023-03-03T04:03:18.462207+00:00, run_after=2023-03-04T04:03:18.462207+00:00
[2023-03-04T09:33:18.480+0530] {processor.py:175} INFO - Processing /home/ris/PycharmProjects/pythonProject/USA-housing/venv/lib/python3.10/site-packages/airflow/example_dags/tutorial.py took 0.090 seconds
[2023-03-04T09:33:56.190+0530] {processor.py:153} INFO - Started process (PID=30579) to work on /home/ris/PycharmProjects/pythonProject/USA-housing/venv/lib/python3.10/site-packages/airflow/example_dags/tutorial.py
[2023-03-04T09:33:56.192+0530] {processor.py:743} INFO - Processing file /home/ris/PycharmProjects/pythonProject/USA-housing/venv/lib/python3.10/site-packages/airflow/example_dags/tutorial.py for tasks to queue
[2023-03-04T09:33:56.193+0530] {logging_mixin.py:137} INFO - [2023-03-04T09:33:56.193+0530] {dagbag.py:538} INFO - Filling up the DagBag from /home/ris/PycharmProjects/pythonProject/USA-housing/venv/lib/python3.10/site-packages/airflow/example_dags/tutorial.py
[2023-03-04T09:33:56.217+0530] {processor.py:753} INFO - DAG(s) dict_keys(['tutorial']) retrieved from /home/ris/PycharmProjects/pythonProject/USA-housing/venv/lib/python3.10/site-packages/airflow/example_dags/tutorial.py
[2023-03-04T09:33:56.241+0530] {logging_mixin.py:137} INFO - [2023-03-04T09:33:56.241+0530] {dag.py:2690} INFO - Sync 1 DAGs
[2023-03-04T09:33:56.258+0530] {logging_mixin.py:137} INFO - [2023-03-04T09:33:56.258+0530] {dag.py:3437} INFO - Setting next_dagrun for tutorial to 2023-03-03T04:03:56.258069+00:00, run_after=2023-03-04T04:03:56.258069+00:00
[2023-03-04T09:33:56.275+0530] {processor.py:175} INFO - Processing /home/ris/PycharmProjects/pythonProject/USA-housing/venv/lib/python3.10/site-packages/airflow/example_dags/tutorial.py took 0.090 seconds
[2023-03-04T09:34:33.258+0530] {processor.py:153} INFO - Started process (PID=30618) to work on /home/ris/PycharmProjects/pythonProject/USA-housing/venv/lib/python3.10/site-packages/airflow/example_dags/tutorial.py
[2023-03-04T09:34:33.260+0530] {processor.py:743} INFO - Processing file /home/ris/PycharmProjects/pythonProject/USA-housing/venv/lib/python3.10/site-packages/airflow/example_dags/tutorial.py for tasks to queue
[2023-03-04T09:34:33.262+0530] {logging_mixin.py:137} INFO - [2023-03-04T09:34:33.261+0530] {dagbag.py:538} INFO - Filling up the DagBag from /home/ris/PycharmProjects/pythonProject/USA-housing/venv/lib/python3.10/site-packages/airflow/example_dags/tutorial.py
[2023-03-04T09:34:33.287+0530] {processor.py:753} INFO - DAG(s) dict_keys(['tutorial']) retrieved from /home/ris/PycharmProjects/pythonProject/USA-housing/venv/lib/python3.10/site-packages/airflow/example_dags/tutorial.py
[2023-03-04T09:34:33.309+0530] {logging_mixin.py:137} INFO - [2023-03-04T09:34:33.309+0530] {dag.py:2690} INFO - Sync 1 DAGs
[2023-03-04T09:34:33.325+0530] {logging_mixin.py:137} INFO - [2023-03-04T09:34:33.325+0530] {dag.py:3437} INFO - Setting next_dagrun for tutorial to 2023-03-03T04:04:33.325482+00:00, run_after=2023-03-04T04:04:33.325482+00:00
[2023-03-04T09:34:33.343+0530] {processor.py:175} INFO - Processing /home/ris/PycharmProjects/pythonProject/USA-housing/venv/lib/python3.10/site-packages/airflow/example_dags/tutorial.py took 0.089 seconds
[2023-03-04T09:35:17.452+0530] {processor.py:153} INFO - Started process (PID=30666) to work on /home/ris/PycharmProjects/pythonProject/USA-housing/venv/lib/python3.10/site-packages/airflow/example_dags/tutorial.py
[2023-03-04T09:35:17.455+0530] {processor.py:743} INFO - Processing file /home/ris/PycharmProjects/pythonProject/USA-housing/venv/lib/python3.10/site-packages/airflow/example_dags/tutorial.py for tasks to queue
[2023-03-04T09:35:17.456+0530] {logging_mixin.py:137} INFO - [2023-03-04T09:35:17.455+0530] {dagbag.py:538} INFO - Filling up the DagBag from /home/ris/PycharmProjects/pythonProject/USA-housing/venv/lib/python3.10/site-packages/airflow/example_dags/tutorial.py
[2023-03-04T09:35:17.482+0530] {processor.py:753} INFO - DAG(s) dict_keys(['tutorial']) retrieved from /home/ris/PycharmProjects/pythonProject/USA-housing/venv/lib/python3.10/site-packages/airflow/example_dags/tutorial.py
[2023-03-04T09:35:17.505+0530] {logging_mixin.py:137} INFO - [2023-03-04T09:35:17.505+0530] {dag.py:2690} INFO - Sync 1 DAGs
[2023-03-04T09:35:17.521+0530] {logging_mixin.py:137} INFO - [2023-03-04T09:35:17.521+0530] {dag.py:3437} INFO - Setting next_dagrun for tutorial to 2023-03-03T04:05:17.521126+00:00, run_after=2023-03-04T04:05:17.521126+00:00
[2023-03-04T09:35:17.538+0530] {processor.py:175} INFO - Processing /home/ris/PycharmProjects/pythonProject/USA-housing/venv/lib/python3.10/site-packages/airflow/example_dags/tutorial.py took 0.090 seconds
[2023-03-04T09:45:32.957+0530] {processor.py:153} INFO - Started process (PID=31001) to work on /home/ris/PycharmProjects/pythonProject/USA-housing/venv/lib/python3.10/site-packages/airflow/example_dags/tutorial.py
[2023-03-04T09:45:32.960+0530] {processor.py:743} INFO - Processing file /home/ris/PycharmProjects/pythonProject/USA-housing/venv/lib/python3.10/site-packages/airflow/example_dags/tutorial.py for tasks to queue
[2023-03-04T09:45:32.961+0530] {logging_mixin.py:137} INFO - [2023-03-04T09:45:32.960+0530] {dagbag.py:538} INFO - Filling up the DagBag from /home/ris/PycharmProjects/pythonProject/USA-housing/venv/lib/python3.10/site-packages/airflow/example_dags/tutorial.py
[2023-03-04T09:45:32.987+0530] {processor.py:753} INFO - DAG(s) dict_keys(['tutorial']) retrieved from /home/ris/PycharmProjects/pythonProject/USA-housing/venv/lib/python3.10/site-packages/airflow/example_dags/tutorial.py
[2023-03-04T09:45:33.009+0530] {logging_mixin.py:137} INFO - [2023-03-04T09:45:33.009+0530] {dag.py:2690} INFO - Sync 1 DAGs
[2023-03-04T09:45:33.027+0530] {logging_mixin.py:137} INFO - [2023-03-04T09:45:33.027+0530] {dag.py:3437} INFO - Setting next_dagrun for tutorial to 2023-03-03T04:15:33.027013+00:00, run_after=2023-03-04T04:15:33.027013+00:00
[2023-03-04T09:45:33.045+0530] {processor.py:175} INFO - Processing /home/ris/PycharmProjects/pythonProject/USA-housing/venv/lib/python3.10/site-packages/airflow/example_dags/tutorial.py took 0.093 seconds
[2023-03-04T10:25:22.585+0530] {processor.py:153} INFO - Started process (PID=31343) to work on /home/ris/PycharmProjects/pythonProject/USA-housing/venv/lib/python3.10/site-packages/airflow/example_dags/tutorial.py
[2023-03-04T10:25:22.587+0530] {processor.py:743} INFO - Processing file /home/ris/PycharmProjects/pythonProject/USA-housing/venv/lib/python3.10/site-packages/airflow/example_dags/tutorial.py for tasks to queue
[2023-03-04T10:25:22.588+0530] {logging_mixin.py:137} INFO - [2023-03-04T10:25:22.588+0530] {dagbag.py:538} INFO - Filling up the DagBag from /home/ris/PycharmProjects/pythonProject/USA-housing/venv/lib/python3.10/site-packages/airflow/example_dags/tutorial.py
[2023-03-04T10:25:22.613+0530] {processor.py:753} INFO - DAG(s) dict_keys(['tutorial']) retrieved from /home/ris/PycharmProjects/pythonProject/USA-housing/venv/lib/python3.10/site-packages/airflow/example_dags/tutorial.py
[2023-03-04T10:25:22.636+0530] {logging_mixin.py:137} INFO - [2023-03-04T10:25:22.636+0530] {dag.py:2690} INFO - Sync 1 DAGs
[2023-03-04T10:25:22.653+0530] {logging_mixin.py:137} INFO - [2023-03-04T10:25:22.652+0530] {dag.py:3437} INFO - Setting next_dagrun for tutorial to 2023-03-03T04:55:22.652738+00:00, run_after=2023-03-04T04:55:22.652738+00:00
[2023-03-04T10:25:22.671+0530] {processor.py:175} INFO - Processing /home/ris/PycharmProjects/pythonProject/USA-housing/venv/lib/python3.10/site-packages/airflow/example_dags/tutorial.py took 0.090 seconds
[2023-03-04T10:26:04.330+0530] {processor.py:153} INFO - Started process (PID=31385) to work on /home/ris/PycharmProjects/pythonProject/USA-housing/venv/lib/python3.10/site-packages/airflow/example_dags/tutorial.py
[2023-03-04T10:26:04.333+0530] {processor.py:743} INFO - Processing file /home/ris/PycharmProjects/pythonProject/USA-housing/venv/lib/python3.10/site-packages/airflow/example_dags/tutorial.py for tasks to queue
[2023-03-04T10:26:04.334+0530] {logging_mixin.py:137} INFO - [2023-03-04T10:26:04.333+0530] {dagbag.py:538} INFO - Filling up the DagBag from /home/ris/PycharmProjects/pythonProject/USA-housing/venv/lib/python3.10/site-packages/airflow/example_dags/tutorial.py
[2023-03-04T10:26:04.359+0530] {processor.py:753} INFO - DAG(s) dict_keys(['tutorial']) retrieved from /home/ris/PycharmProjects/pythonProject/USA-housing/venv/lib/python3.10/site-packages/airflow/example_dags/tutorial.py
[2023-03-04T10:26:04.382+0530] {logging_mixin.py:137} INFO - [2023-03-04T10:26:04.382+0530] {dag.py:2690} INFO - Sync 1 DAGs
[2023-03-04T10:26:04.400+0530] {logging_mixin.py:137} INFO - [2023-03-04T10:26:04.400+0530] {dag.py:3437} INFO - Setting next_dagrun for tutorial to 2023-03-03T04:56:04.399983+00:00, run_after=2023-03-04T04:56:04.399983+00:00
[2023-03-04T10:26:04.419+0530] {processor.py:175} INFO - Processing /home/ris/PycharmProjects/pythonProject/USA-housing/venv/lib/python3.10/site-packages/airflow/example_dags/tutorial.py took 0.093 seconds
[2023-03-04T10:26:45.135+0530] {processor.py:153} INFO - Started process (PID=31428) to work on /home/ris/PycharmProjects/pythonProject/USA-housing/venv/lib/python3.10/site-packages/airflow/example_dags/tutorial.py
[2023-03-04T10:26:45.136+0530] {processor.py:743} INFO - Processing file /home/ris/PycharmProjects/pythonProject/USA-housing/venv/lib/python3.10/site-packages/airflow/example_dags/tutorial.py for tasks to queue
[2023-03-04T10:26:45.137+0530] {logging_mixin.py:137} INFO - [2023-03-04T10:26:45.137+0530] {dagbag.py:538} INFO - Filling up the DagBag from /home/ris/PycharmProjects/pythonProject/USA-housing/venv/lib/python3.10/site-packages/airflow/example_dags/tutorial.py
[2023-03-04T10:26:45.148+0530] {processor.py:753} INFO - DAG(s) dict_keys(['tutorial']) retrieved from /home/ris/PycharmProjects/pythonProject/USA-housing/venv/lib/python3.10/site-packages/airflow/example_dags/tutorial.py
[2023-03-04T10:26:45.181+0530] {logging_mixin.py:137} INFO - [2023-03-04T10:26:45.180+0530] {dag.py:2690} INFO - Sync 1 DAGs
[2023-03-04T10:26:45.198+0530] {logging_mixin.py:137} INFO - [2023-03-04T10:26:45.198+0530] {dag.py:3437} INFO - Setting next_dagrun for tutorial to 2023-03-03T04:56:45.197949+00:00, run_after=2023-03-04T04:56:45.197949+00:00
[2023-03-04T10:26:45.215+0530] {processor.py:175} INFO - Processing /home/ris/PycharmProjects/pythonProject/USA-housing/venv/lib/python3.10/site-packages/airflow/example_dags/tutorial.py took 0.083 seconds
[2023-03-04T10:27:21.699+0530] {processor.py:153} INFO - Started process (PID=31464) to work on /home/ris/PycharmProjects/pythonProject/USA-housing/venv/lib/python3.10/site-packages/airflow/example_dags/tutorial.py
[2023-03-04T10:27:21.702+0530] {processor.py:743} INFO - Processing file /home/ris/PycharmProjects/pythonProject/USA-housing/venv/lib/python3.10/site-packages/airflow/example_dags/tutorial.py for tasks to queue
[2023-03-04T10:27:21.703+0530] {logging_mixin.py:137} INFO - [2023-03-04T10:27:21.702+0530] {dagbag.py:538} INFO - Filling up the DagBag from /home/ris/PycharmProjects/pythonProject/USA-housing/venv/lib/python3.10/site-packages/airflow/example_dags/tutorial.py
[2023-03-04T10:27:21.727+0530] {processor.py:753} INFO - DAG(s) dict_keys(['tutorial']) retrieved from /home/ris/PycharmProjects/pythonProject/USA-housing/venv/lib/python3.10/site-packages/airflow/example_dags/tutorial.py
[2023-03-04T10:27:21.749+0530] {logging_mixin.py:137} INFO - [2023-03-04T10:27:21.749+0530] {dag.py:2690} INFO - Sync 1 DAGs
[2023-03-04T10:27:21.766+0530] {logging_mixin.py:137} INFO - [2023-03-04T10:27:21.765+0530] {dag.py:3437} INFO - Setting next_dagrun for tutorial to 2023-03-03T04:57:21.765785+00:00, run_after=2023-03-04T04:57:21.765785+00:00
[2023-03-04T10:27:21.783+0530] {processor.py:175} INFO - Processing /home/ris/PycharmProjects/pythonProject/USA-housing/venv/lib/python3.10/site-packages/airflow/example_dags/tutorial.py took 0.088 seconds
[2023-03-04T10:27:58.069+0530] {processor.py:153} INFO - Started process (PID=31500) to work on /home/ris/PycharmProjects/pythonProject/USA-housing/venv/lib/python3.10/site-packages/airflow/example_dags/tutorial.py
[2023-03-04T10:27:58.072+0530] {processor.py:743} INFO - Processing file /home/ris/PycharmProjects/pythonProject/USA-housing/venv/lib/python3.10/site-packages/airflow/example_dags/tutorial.py for tasks to queue
[2023-03-04T10:27:58.073+0530] {logging_mixin.py:137} INFO - [2023-03-04T10:27:58.072+0530] {dagbag.py:538} INFO - Filling up the DagBag from /home/ris/PycharmProjects/pythonProject/USA-housing/venv/lib/python3.10/site-packages/airflow/example_dags/tutorial.py
[2023-03-04T10:27:58.097+0530] {processor.py:753} INFO - DAG(s) dict_keys(['tutorial']) retrieved from /home/ris/PycharmProjects/pythonProject/USA-housing/venv/lib/python3.10/site-packages/airflow/example_dags/tutorial.py
[2023-03-04T10:27:58.121+0530] {logging_mixin.py:137} INFO - [2023-03-04T10:27:58.120+0530] {dag.py:2690} INFO - Sync 1 DAGs
[2023-03-04T10:27:58.137+0530] {logging_mixin.py:137} INFO - [2023-03-04T10:27:58.136+0530] {dag.py:3437} INFO - Setting next_dagrun for tutorial to 2023-03-03T04:57:58.136697+00:00, run_after=2023-03-04T04:57:58.136697+00:00
[2023-03-04T10:27:58.154+0530] {processor.py:175} INFO - Processing /home/ris/PycharmProjects/pythonProject/USA-housing/venv/lib/python3.10/site-packages/airflow/example_dags/tutorial.py took 0.089 seconds
[2023-03-04T10:28:34.360+0530] {processor.py:153} INFO - Started process (PID=31541) to work on /home/ris/PycharmProjects/pythonProject/USA-housing/venv/lib/python3.10/site-packages/airflow/example_dags/tutorial.py
[2023-03-04T10:28:34.362+0530] {processor.py:743} INFO - Processing file /home/ris/PycharmProjects/pythonProject/USA-housing/venv/lib/python3.10/site-packages/airflow/example_dags/tutorial.py for tasks to queue
[2023-03-04T10:28:34.362+0530] {logging_mixin.py:137} INFO - [2023-03-04T10:28:34.362+0530] {dagbag.py:538} INFO - Filling up the DagBag from /home/ris/PycharmProjects/pythonProject/USA-housing/venv/lib/python3.10/site-packages/airflow/example_dags/tutorial.py
[2023-03-04T10:28:34.374+0530] {processor.py:753} INFO - DAG(s) dict_keys(['tutorial']) retrieved from /home/ris/PycharmProjects/pythonProject/USA-housing/venv/lib/python3.10/site-packages/airflow/example_dags/tutorial.py
[2023-03-04T10:28:34.390+0530] {logging_mixin.py:137} INFO - [2023-03-04T10:28:34.389+0530] {dag.py:2690} INFO - Sync 1 DAGs
[2023-03-04T10:28:34.406+0530] {logging_mixin.py:137} INFO - [2023-03-04T10:28:34.406+0530] {dag.py:3437} INFO - Setting next_dagrun for tutorial to 2023-03-03T04:58:34.405883+00:00, run_after=2023-03-04T04:58:34.405883+00:00
[2023-03-04T10:28:34.423+0530] {processor.py:175} INFO - Processing /home/ris/PycharmProjects/pythonProject/USA-housing/venv/lib/python3.10/site-packages/airflow/example_dags/tutorial.py took 0.065 seconds
[2023-03-04T10:29:12.589+0530] {processor.py:153} INFO - Started process (PID=31577) to work on /home/ris/PycharmProjects/pythonProject/USA-housing/venv/lib/python3.10/site-packages/airflow/example_dags/tutorial.py
[2023-03-04T10:29:12.591+0530] {processor.py:743} INFO - Processing file /home/ris/PycharmProjects/pythonProject/USA-housing/venv/lib/python3.10/site-packages/airflow/example_dags/tutorial.py for tasks to queue
[2023-03-04T10:29:12.591+0530] {logging_mixin.py:137} INFO - [2023-03-04T10:29:12.591+0530] {dagbag.py:538} INFO - Filling up the DagBag from /home/ris/PycharmProjects/pythonProject/USA-housing/venv/lib/python3.10/site-packages/airflow/example_dags/tutorial.py
[2023-03-04T10:29:12.607+0530] {processor.py:753} INFO - DAG(s) dict_keys(['tutorial']) retrieved from /home/ris/PycharmProjects/pythonProject/USA-housing/venv/lib/python3.10/site-packages/airflow/example_dags/tutorial.py
[2023-03-04T10:29:12.630+0530] {logging_mixin.py:137} INFO - [2023-03-04T10:29:12.630+0530] {dag.py:2690} INFO - Sync 1 DAGs
[2023-03-04T10:29:12.654+0530] {logging_mixin.py:137} INFO - [2023-03-04T10:29:12.654+0530] {dag.py:3437} INFO - Setting next_dagrun for tutorial to 2023-03-03T04:59:12.653857+00:00, run_after=2023-03-04T04:59:12.653857+00:00
[2023-03-04T10:29:12.677+0530] {processor.py:175} INFO - Processing /home/ris/PycharmProjects/pythonProject/USA-housing/venv/lib/python3.10/site-packages/airflow/example_dags/tutorial.py took 0.091 seconds
[2023-03-04T10:29:57.988+0530] {processor.py:153} INFO - Started process (PID=31624) to work on /home/ris/PycharmProjects/pythonProject/USA-housing/venv/lib/python3.10/site-packages/airflow/example_dags/tutorial.py
[2023-03-04T10:29:57.991+0530] {processor.py:743} INFO - Processing file /home/ris/PycharmProjects/pythonProject/USA-housing/venv/lib/python3.10/site-packages/airflow/example_dags/tutorial.py for tasks to queue
[2023-03-04T10:29:57.992+0530] {logging_mixin.py:137} INFO - [2023-03-04T10:29:57.992+0530] {dagbag.py:538} INFO - Filling up the DagBag from /home/ris/PycharmProjects/pythonProject/USA-housing/venv/lib/python3.10/site-packages/airflow/example_dags/tutorial.py
[2023-03-04T10:29:58.017+0530] {processor.py:753} INFO - DAG(s) dict_keys(['tutorial']) retrieved from /home/ris/PycharmProjects/pythonProject/USA-housing/venv/lib/python3.10/site-packages/airflow/example_dags/tutorial.py
[2023-03-04T10:29:58.039+0530] {logging_mixin.py:137} INFO - [2023-03-04T10:29:58.039+0530] {dag.py:2690} INFO - Sync 1 DAGs
[2023-03-04T10:29:58.061+0530] {logging_mixin.py:137} INFO - [2023-03-04T10:29:58.060+0530] {dag.py:3437} INFO - Setting next_dagrun for tutorial to 2023-03-03T04:59:58.059514+00:00, run_after=2023-03-04T04:59:58.059514+00:00
[2023-03-04T10:29:58.079+0530] {processor.py:175} INFO - Processing /home/ris/PycharmProjects/pythonProject/USA-housing/venv/lib/python3.10/site-packages/airflow/example_dags/tutorial.py took 0.095 seconds
[2023-03-04T10:30:42.189+0530] {processor.py:153} INFO - Started process (PID=31676) to work on /home/ris/PycharmProjects/pythonProject/USA-housing/venv/lib/python3.10/site-packages/airflow/example_dags/tutorial.py
[2023-03-04T10:30:42.191+0530] {processor.py:743} INFO - Processing file /home/ris/PycharmProjects/pythonProject/USA-housing/venv/lib/python3.10/site-packages/airflow/example_dags/tutorial.py for tasks to queue
[2023-03-04T10:30:42.192+0530] {logging_mixin.py:137} INFO - [2023-03-04T10:30:42.192+0530] {dagbag.py:538} INFO - Filling up the DagBag from /home/ris/PycharmProjects/pythonProject/USA-housing/venv/lib/python3.10/site-packages/airflow/example_dags/tutorial.py
[2023-03-04T10:30:42.217+0530] {processor.py:753} INFO - DAG(s) dict_keys(['tutorial']) retrieved from /home/ris/PycharmProjects/pythonProject/USA-housing/venv/lib/python3.10/site-packages/airflow/example_dags/tutorial.py
[2023-03-04T10:30:42.240+0530] {logging_mixin.py:137} INFO - [2023-03-04T10:30:42.240+0530] {dag.py:2690} INFO - Sync 1 DAGs
[2023-03-04T10:30:42.257+0530] {logging_mixin.py:137} INFO - [2023-03-04T10:30:42.257+0530] {dag.py:3437} INFO - Setting next_dagrun for tutorial to 2023-03-03T05:00:42.257230+00:00, run_after=2023-03-04T05:00:42.257230+00:00
[2023-03-04T10:30:42.275+0530] {processor.py:175} INFO - Processing /home/ris/PycharmProjects/pythonProject/USA-housing/venv/lib/python3.10/site-packages/airflow/example_dags/tutorial.py took 0.090 seconds
[2023-03-04T10:31:19.285+0530] {processor.py:153} INFO - Started process (PID=31713) to work on /home/ris/PycharmProjects/pythonProject/USA-housing/venv/lib/python3.10/site-packages/airflow/example_dags/tutorial.py
[2023-03-04T10:31:19.288+0530] {processor.py:743} INFO - Processing file /home/ris/PycharmProjects/pythonProject/USA-housing/venv/lib/python3.10/site-packages/airflow/example_dags/tutorial.py for tasks to queue
[2023-03-04T10:31:19.289+0530] {logging_mixin.py:137} INFO - [2023-03-04T10:31:19.289+0530] {dagbag.py:538} INFO - Filling up the DagBag from /home/ris/PycharmProjects/pythonProject/USA-housing/venv/lib/python3.10/site-packages/airflow/example_dags/tutorial.py
[2023-03-04T10:31:19.314+0530] {processor.py:753} INFO - DAG(s) dict_keys(['tutorial']) retrieved from /home/ris/PycharmProjects/pythonProject/USA-housing/venv/lib/python3.10/site-packages/airflow/example_dags/tutorial.py
[2023-03-04T10:31:19.337+0530] {logging_mixin.py:137} INFO - [2023-03-04T10:31:19.336+0530] {dag.py:2690} INFO - Sync 1 DAGs
[2023-03-04T10:31:19.354+0530] {logging_mixin.py:137} INFO - [2023-03-04T10:31:19.353+0530] {dag.py:3437} INFO - Setting next_dagrun for tutorial to 2023-03-03T05:01:19.353725+00:00, run_after=2023-03-04T05:01:19.353725+00:00
[2023-03-04T10:31:19.371+0530] {processor.py:175} INFO - Processing /home/ris/PycharmProjects/pythonProject/USA-housing/venv/lib/python3.10/site-packages/airflow/example_dags/tutorial.py took 0.091 seconds
[2023-03-04T10:31:54.013+0530] {processor.py:153} INFO - Started process (PID=32091) to work on /home/ris/PycharmProjects/pythonProject/USA-housing/venv/lib/python3.10/site-packages/airflow/example_dags/tutorial.py
[2023-03-04T10:31:54.014+0530] {processor.py:743} INFO - Processing file /home/ris/PycharmProjects/pythonProject/USA-housing/venv/lib/python3.10/site-packages/airflow/example_dags/tutorial.py for tasks to queue
[2023-03-04T10:31:54.015+0530] {logging_mixin.py:137} INFO - [2023-03-04T10:31:54.015+0530] {dagbag.py:538} INFO - Filling up the DagBag from /home/ris/PycharmProjects/pythonProject/USA-housing/venv/lib/python3.10/site-packages/airflow/example_dags/tutorial.py
[2023-03-04T10:31:54.036+0530] {processor.py:753} INFO - DAG(s) dict_keys(['tutorial']) retrieved from /home/ris/PycharmProjects/pythonProject/USA-housing/venv/lib/python3.10/site-packages/airflow/example_dags/tutorial.py
[2023-03-04T10:31:54.063+0530] {logging_mixin.py:137} INFO - [2023-03-04T10:31:54.063+0530] {dag.py:2690} INFO - Sync 1 DAGs
[2023-03-04T10:31:54.089+0530] {logging_mixin.py:137} INFO - [2023-03-04T10:31:54.089+0530] {dag.py:3437} INFO - Setting next_dagrun for tutorial to 2023-03-03T05:01:54.088956+00:00, run_after=2023-03-04T05:01:54.088956+00:00
[2023-03-04T10:31:54.118+0530] {processor.py:175} INFO - Processing /home/ris/PycharmProjects/pythonProject/USA-housing/venv/lib/python3.10/site-packages/airflow/example_dags/tutorial.py took 0.108 seconds
[2023-03-04T10:32:30.852+0530] {processor.py:153} INFO - Started process (PID=32230) to work on /home/ris/PycharmProjects/pythonProject/USA-housing/venv/lib/python3.10/site-packages/airflow/example_dags/tutorial.py
[2023-03-04T10:32:30.853+0530] {processor.py:743} INFO - Processing file /home/ris/PycharmProjects/pythonProject/USA-housing/venv/lib/python3.10/site-packages/airflow/example_dags/tutorial.py for tasks to queue
[2023-03-04T10:32:30.853+0530] {logging_mixin.py:137} INFO - [2023-03-04T10:32:30.853+0530] {dagbag.py:538} INFO - Filling up the DagBag from /home/ris/PycharmProjects/pythonProject/USA-housing/venv/lib/python3.10/site-packages/airflow/example_dags/tutorial.py
[2023-03-04T10:32:30.866+0530] {processor.py:753} INFO - DAG(s) dict_keys(['tutorial']) retrieved from /home/ris/PycharmProjects/pythonProject/USA-housing/venv/lib/python3.10/site-packages/airflow/example_dags/tutorial.py
[2023-03-04T10:32:30.884+0530] {logging_mixin.py:137} INFO - [2023-03-04T10:32:30.884+0530] {dag.py:2690} INFO - Sync 1 DAGs
[2023-03-04T10:32:30.903+0530] {logging_mixin.py:137} INFO - [2023-03-04T10:32:30.903+0530] {dag.py:3437} INFO - Setting next_dagrun for tutorial to 2023-03-03T05:02:30.903340+00:00, run_after=2023-03-04T05:02:30.903340+00:00
[2023-03-04T10:32:30.933+0530] {processor.py:175} INFO - Processing /home/ris/PycharmProjects/pythonProject/USA-housing/venv/lib/python3.10/site-packages/airflow/example_dags/tutorial.py took 0.083 seconds
[2023-03-04T10:33:05.617+0530] {processor.py:153} INFO - Started process (PID=32321) to work on /home/ris/PycharmProjects/pythonProject/USA-housing/venv/lib/python3.10/site-packages/airflow/example_dags/tutorial.py
[2023-03-04T10:33:05.619+0530] {processor.py:743} INFO - Processing file /home/ris/PycharmProjects/pythonProject/USA-housing/venv/lib/python3.10/site-packages/airflow/example_dags/tutorial.py for tasks to queue
[2023-03-04T10:33:05.620+0530] {logging_mixin.py:137} INFO - [2023-03-04T10:33:05.619+0530] {dagbag.py:538} INFO - Filling up the DagBag from /home/ris/PycharmProjects/pythonProject/USA-housing/venv/lib/python3.10/site-packages/airflow/example_dags/tutorial.py
[2023-03-04T10:33:05.648+0530] {processor.py:753} INFO - DAG(s) dict_keys(['tutorial']) retrieved from /home/ris/PycharmProjects/pythonProject/USA-housing/venv/lib/python3.10/site-packages/airflow/example_dags/tutorial.py
[2023-03-04T10:33:05.671+0530] {logging_mixin.py:137} INFO - [2023-03-04T10:33:05.670+0530] {dag.py:2690} INFO - Sync 1 DAGs
[2023-03-04T10:33:05.687+0530] {logging_mixin.py:137} INFO - [2023-03-04T10:33:05.687+0530] {dag.py:3437} INFO - Setting next_dagrun for tutorial to 2023-03-03T05:03:05.687449+00:00, run_after=2023-03-04T05:03:05.687449+00:00
[2023-03-04T10:33:05.707+0530] {processor.py:175} INFO - Processing /home/ris/PycharmProjects/pythonProject/USA-housing/venv/lib/python3.10/site-packages/airflow/example_dags/tutorial.py took 0.095 seconds
[2023-03-04T10:33:47.182+0530] {processor.py:153} INFO - Started process (PID=32426) to work on /home/ris/PycharmProjects/pythonProject/USA-housing/venv/lib/python3.10/site-packages/airflow/example_dags/tutorial.py
[2023-03-04T10:33:47.184+0530] {processor.py:743} INFO - Processing file /home/ris/PycharmProjects/pythonProject/USA-housing/venv/lib/python3.10/site-packages/airflow/example_dags/tutorial.py for tasks to queue
[2023-03-04T10:33:47.185+0530] {logging_mixin.py:137} INFO - [2023-03-04T10:33:47.185+0530] {dagbag.py:538} INFO - Filling up the DagBag from /home/ris/PycharmProjects/pythonProject/USA-housing/venv/lib/python3.10/site-packages/airflow/example_dags/tutorial.py
[2023-03-04T10:33:47.220+0530] {processor.py:753} INFO - DAG(s) dict_keys(['tutorial']) retrieved from /home/ris/PycharmProjects/pythonProject/USA-housing/venv/lib/python3.10/site-packages/airflow/example_dags/tutorial.py
[2023-03-04T10:33:47.250+0530] {logging_mixin.py:137} INFO - [2023-03-04T10:33:47.250+0530] {dag.py:2690} INFO - Sync 1 DAGs
[2023-03-04T10:33:47.276+0530] {logging_mixin.py:137} INFO - [2023-03-04T10:33:47.276+0530] {dag.py:3437} INFO - Setting next_dagrun for tutorial to 2023-03-03T05:03:47.276077+00:00, run_after=2023-03-04T05:03:47.276077+00:00
[2023-03-04T10:33:47.304+0530] {processor.py:175} INFO - Processing /home/ris/PycharmProjects/pythonProject/USA-housing/venv/lib/python3.10/site-packages/airflow/example_dags/tutorial.py took 0.127 seconds
[2023-03-04T10:34:32.107+0530] {processor.py:153} INFO - Started process (PID=32544) to work on /home/ris/PycharmProjects/pythonProject/USA-housing/venv/lib/python3.10/site-packages/airflow/example_dags/tutorial.py
[2023-03-04T10:34:32.109+0530] {processor.py:743} INFO - Processing file /home/ris/PycharmProjects/pythonProject/USA-housing/venv/lib/python3.10/site-packages/airflow/example_dags/tutorial.py for tasks to queue
[2023-03-04T10:34:32.111+0530] {logging_mixin.py:137} INFO - [2023-03-04T10:34:32.110+0530] {dagbag.py:538} INFO - Filling up the DagBag from /home/ris/PycharmProjects/pythonProject/USA-housing/venv/lib/python3.10/site-packages/airflow/example_dags/tutorial.py
[2023-03-04T10:34:32.143+0530] {processor.py:753} INFO - DAG(s) dict_keys(['tutorial']) retrieved from /home/ris/PycharmProjects/pythonProject/USA-housing/venv/lib/python3.10/site-packages/airflow/example_dags/tutorial.py
[2023-03-04T10:34:32.186+0530] {logging_mixin.py:137} INFO - [2023-03-04T10:34:32.185+0530] {dag.py:2690} INFO - Sync 1 DAGs
[2023-03-04T10:34:32.225+0530] {logging_mixin.py:137} INFO - [2023-03-04T10:34:32.225+0530] {dag.py:3437} INFO - Setting next_dagrun for tutorial to 2023-03-03T05:04:32.225043+00:00, run_after=2023-03-04T05:04:32.225043+00:00
[2023-03-04T10:34:32.267+0530] {processor.py:175} INFO - Processing /home/ris/PycharmProjects/pythonProject/USA-housing/venv/lib/python3.10/site-packages/airflow/example_dags/tutorial.py took 0.164 seconds
[2023-03-04T10:35:18.796+0530] {processor.py:153} INFO - Started process (PID=32676) to work on /home/ris/PycharmProjects/pythonProject/USA-housing/venv/lib/python3.10/site-packages/airflow/example_dags/tutorial.py
[2023-03-04T10:35:18.798+0530] {processor.py:743} INFO - Processing file /home/ris/PycharmProjects/pythonProject/USA-housing/venv/lib/python3.10/site-packages/airflow/example_dags/tutorial.py for tasks to queue
[2023-03-04T10:35:18.799+0530] {logging_mixin.py:137} INFO - [2023-03-04T10:35:18.798+0530] {dagbag.py:538} INFO - Filling up the DagBag from /home/ris/PycharmProjects/pythonProject/USA-housing/venv/lib/python3.10/site-packages/airflow/example_dags/tutorial.py
[2023-03-04T10:35:18.813+0530] {processor.py:753} INFO - DAG(s) dict_keys(['tutorial']) retrieved from /home/ris/PycharmProjects/pythonProject/USA-housing/venv/lib/python3.10/site-packages/airflow/example_dags/tutorial.py
[2023-03-04T10:35:18.831+0530] {logging_mixin.py:137} INFO - [2023-03-04T10:35:18.831+0530] {dag.py:2690} INFO - Sync 1 DAGs
[2023-03-04T10:35:18.852+0530] {logging_mixin.py:137} INFO - [2023-03-04T10:35:18.852+0530] {dag.py:3437} INFO - Setting next_dagrun for tutorial to 2023-03-03T05:05:18.851973+00:00, run_after=2023-03-04T05:05:18.851973+00:00
[2023-03-04T10:35:18.872+0530] {processor.py:175} INFO - Processing /home/ris/PycharmProjects/pythonProject/USA-housing/venv/lib/python3.10/site-packages/airflow/example_dags/tutorial.py took 0.079 seconds
[2023-03-04T10:35:57.337+0530] {processor.py:153} INFO - Started process (PID=32736) to work on /home/ris/PycharmProjects/pythonProject/USA-housing/venv/lib/python3.10/site-packages/airflow/example_dags/tutorial.py
[2023-03-04T10:35:57.340+0530] {processor.py:743} INFO - Processing file /home/ris/PycharmProjects/pythonProject/USA-housing/venv/lib/python3.10/site-packages/airflow/example_dags/tutorial.py for tasks to queue
[2023-03-04T10:35:57.341+0530] {logging_mixin.py:137} INFO - [2023-03-04T10:35:57.341+0530] {dagbag.py:538} INFO - Filling up the DagBag from /home/ris/PycharmProjects/pythonProject/USA-housing/venv/lib/python3.10/site-packages/airflow/example_dags/tutorial.py
[2023-03-04T10:35:57.369+0530] {processor.py:753} INFO - DAG(s) dict_keys(['tutorial']) retrieved from /home/ris/PycharmProjects/pythonProject/USA-housing/venv/lib/python3.10/site-packages/airflow/example_dags/tutorial.py
[2023-03-04T10:35:57.391+0530] {logging_mixin.py:137} INFO - [2023-03-04T10:35:57.391+0530] {dag.py:2690} INFO - Sync 1 DAGs
[2023-03-04T10:35:57.421+0530] {logging_mixin.py:137} INFO - [2023-03-04T10:35:57.421+0530] {dag.py:3437} INFO - Setting next_dagrun for tutorial to 2023-03-03T05:05:57.420700+00:00, run_after=2023-03-04T05:05:57.420700+00:00
[2023-03-04T10:35:57.454+0530] {processor.py:175} INFO - Processing /home/ris/PycharmProjects/pythonProject/USA-housing/venv/lib/python3.10/site-packages/airflow/example_dags/tutorial.py took 0.125 seconds
[2023-03-04T10:36:35.786+0530] {processor.py:153} INFO - Started process (PID=32800) to work on /home/ris/PycharmProjects/pythonProject/USA-housing/venv/lib/python3.10/site-packages/airflow/example_dags/tutorial.py
[2023-03-04T10:36:35.789+0530] {processor.py:743} INFO - Processing file /home/ris/PycharmProjects/pythonProject/USA-housing/venv/lib/python3.10/site-packages/airflow/example_dags/tutorial.py for tasks to queue
[2023-03-04T10:36:35.790+0530] {logging_mixin.py:137} INFO - [2023-03-04T10:36:35.789+0530] {dagbag.py:538} INFO - Filling up the DagBag from /home/ris/PycharmProjects/pythonProject/USA-housing/venv/lib/python3.10/site-packages/airflow/example_dags/tutorial.py
[2023-03-04T10:36:35.812+0530] {processor.py:753} INFO - DAG(s) dict_keys(['tutorial']) retrieved from /home/ris/PycharmProjects/pythonProject/USA-housing/venv/lib/python3.10/site-packages/airflow/example_dags/tutorial.py
[2023-03-04T10:36:35.839+0530] {logging_mixin.py:137} INFO - [2023-03-04T10:36:35.839+0530] {dag.py:2690} INFO - Sync 1 DAGs
[2023-03-04T10:36:35.873+0530] {logging_mixin.py:137} INFO - [2023-03-04T10:36:35.872+0530] {dag.py:3437} INFO - Setting next_dagrun for tutorial to 2023-03-03T05:06:35.872679+00:00, run_after=2023-03-04T05:06:35.872679+00:00
[2023-03-04T10:36:35.928+0530] {processor.py:175} INFO - Processing /home/ris/PycharmProjects/pythonProject/USA-housing/venv/lib/python3.10/site-packages/airflow/example_dags/tutorial.py took 0.146 seconds
[2023-03-04T10:37:22.513+0530] {processor.py:153} INFO - Started process (PID=32851) to work on /home/ris/PycharmProjects/pythonProject/USA-housing/venv/lib/python3.10/site-packages/airflow/example_dags/tutorial.py
[2023-03-04T10:37:22.515+0530] {processor.py:743} INFO - Processing file /home/ris/PycharmProjects/pythonProject/USA-housing/venv/lib/python3.10/site-packages/airflow/example_dags/tutorial.py for tasks to queue
[2023-03-04T10:37:22.516+0530] {logging_mixin.py:137} INFO - [2023-03-04T10:37:22.516+0530] {dagbag.py:538} INFO - Filling up the DagBag from /home/ris/PycharmProjects/pythonProject/USA-housing/venv/lib/python3.10/site-packages/airflow/example_dags/tutorial.py
[2023-03-04T10:37:22.536+0530] {processor.py:753} INFO - DAG(s) dict_keys(['tutorial']) retrieved from /home/ris/PycharmProjects/pythonProject/USA-housing/venv/lib/python3.10/site-packages/airflow/example_dags/tutorial.py
[2023-03-04T10:37:22.563+0530] {logging_mixin.py:137} INFO - [2023-03-04T10:37:22.563+0530] {dag.py:2690} INFO - Sync 1 DAGs
[2023-03-04T10:37:22.611+0530] {logging_mixin.py:137} INFO - [2023-03-04T10:37:22.611+0530] {dag.py:3437} INFO - Setting next_dagrun for tutorial to 2023-03-03T05:07:22.610426+00:00, run_after=2023-03-04T05:07:22.610426+00:00
[2023-03-04T10:37:22.643+0530] {processor.py:175} INFO - Processing /home/ris/PycharmProjects/pythonProject/USA-housing/venv/lib/python3.10/site-packages/airflow/example_dags/tutorial.py took 0.138 seconds
[2023-03-04T10:38:17.262+0530] {processor.py:153} INFO - Started process (PID=32932) to work on /home/ris/PycharmProjects/pythonProject/USA-housing/venv/lib/python3.10/site-packages/airflow/example_dags/tutorial.py
[2023-03-04T10:38:17.264+0530] {processor.py:743} INFO - Processing file /home/ris/PycharmProjects/pythonProject/USA-housing/venv/lib/python3.10/site-packages/airflow/example_dags/tutorial.py for tasks to queue
[2023-03-04T10:38:17.265+0530] {logging_mixin.py:137} INFO - [2023-03-04T10:38:17.265+0530] {dagbag.py:538} INFO - Filling up the DagBag from /home/ris/PycharmProjects/pythonProject/USA-housing/venv/lib/python3.10/site-packages/airflow/example_dags/tutorial.py
[2023-03-04T10:38:17.286+0530] {processor.py:753} INFO - DAG(s) dict_keys(['tutorial']) retrieved from /home/ris/PycharmProjects/pythonProject/USA-housing/venv/lib/python3.10/site-packages/airflow/example_dags/tutorial.py
[2023-03-04T10:38:17.316+0530] {logging_mixin.py:137} INFO - [2023-03-04T10:38:17.315+0530] {dag.py:2690} INFO - Sync 1 DAGs
[2023-03-04T10:38:17.371+0530] {logging_mixin.py:137} INFO - [2023-03-04T10:38:17.371+0530] {dag.py:3437} INFO - Setting next_dagrun for tutorial to 2023-03-03T05:08:17.370499+00:00, run_after=2023-03-04T05:08:17.370499+00:00
[2023-03-04T10:38:17.422+0530] {processor.py:175} INFO - Processing /home/ris/PycharmProjects/pythonProject/USA-housing/venv/lib/python3.10/site-packages/airflow/example_dags/tutorial.py took 0.164 seconds
[2023-03-04T10:39:02.880+0530] {processor.py:153} INFO - Started process (PID=33430) to work on /home/ris/PycharmProjects/pythonProject/USA-housing/venv/lib/python3.10/site-packages/airflow/example_dags/tutorial.py
[2023-03-04T10:39:02.882+0530] {processor.py:743} INFO - Processing file /home/ris/PycharmProjects/pythonProject/USA-housing/venv/lib/python3.10/site-packages/airflow/example_dags/tutorial.py for tasks to queue
[2023-03-04T10:39:02.883+0530] {logging_mixin.py:137} INFO - [2023-03-04T10:39:02.883+0530] {dagbag.py:538} INFO - Filling up the DagBag from /home/ris/PycharmProjects/pythonProject/USA-housing/venv/lib/python3.10/site-packages/airflow/example_dags/tutorial.py
[2023-03-04T10:39:02.905+0530] {processor.py:753} INFO - DAG(s) dict_keys(['tutorial']) retrieved from /home/ris/PycharmProjects/pythonProject/USA-housing/venv/lib/python3.10/site-packages/airflow/example_dags/tutorial.py
[2023-03-04T10:39:02.931+0530] {logging_mixin.py:137} INFO - [2023-03-04T10:39:02.931+0530] {dag.py:2690} INFO - Sync 1 DAGs
[2023-03-04T10:39:02.959+0530] {logging_mixin.py:137} INFO - [2023-03-04T10:39:02.958+0530] {dag.py:3437} INFO - Setting next_dagrun for tutorial to 2023-03-03T05:09:02.958649+00:00, run_after=2023-03-04T05:09:02.958649+00:00
[2023-03-04T10:39:02.992+0530] {processor.py:175} INFO - Processing /home/ris/PycharmProjects/pythonProject/USA-housing/venv/lib/python3.10/site-packages/airflow/example_dags/tutorial.py took 0.117 seconds
[2023-03-04T10:39:50.790+0530] {processor.py:153} INFO - Started process (PID=33523) to work on /home/ris/PycharmProjects/pythonProject/USA-housing/venv/lib/python3.10/site-packages/airflow/example_dags/tutorial.py
[2023-03-04T10:39:50.793+0530] {processor.py:743} INFO - Processing file /home/ris/PycharmProjects/pythonProject/USA-housing/venv/lib/python3.10/site-packages/airflow/example_dags/tutorial.py for tasks to queue
[2023-03-04T10:39:50.794+0530] {logging_mixin.py:137} INFO - [2023-03-04T10:39:50.794+0530] {dagbag.py:538} INFO - Filling up the DagBag from /home/ris/PycharmProjects/pythonProject/USA-housing/venv/lib/python3.10/site-packages/airflow/example_dags/tutorial.py
[2023-03-04T10:39:50.813+0530] {processor.py:753} INFO - DAG(s) dict_keys(['tutorial']) retrieved from /home/ris/PycharmProjects/pythonProject/USA-housing/venv/lib/python3.10/site-packages/airflow/example_dags/tutorial.py
[2023-03-04T10:39:50.838+0530] {logging_mixin.py:137} INFO - [2023-03-04T10:39:50.838+0530] {dag.py:2690} INFO - Sync 1 DAGs
[2023-03-04T10:39:50.867+0530] {logging_mixin.py:137} INFO - [2023-03-04T10:39:50.866+0530] {dag.py:3437} INFO - Setting next_dagrun for tutorial to 2023-03-03T05:09:50.866560+00:00, run_after=2023-03-04T05:09:50.866560+00:00
[2023-03-04T10:39:50.899+0530] {processor.py:175} INFO - Processing /home/ris/PycharmProjects/pythonProject/USA-housing/venv/lib/python3.10/site-packages/airflow/example_dags/tutorial.py took 0.113 seconds
[2023-03-04T10:40:32.801+0530] {processor.py:153} INFO - Started process (PID=33568) to work on /home/ris/PycharmProjects/pythonProject/USA-housing/venv/lib/python3.10/site-packages/airflow/example_dags/tutorial.py
[2023-03-04T10:40:32.803+0530] {processor.py:743} INFO - Processing file /home/ris/PycharmProjects/pythonProject/USA-housing/venv/lib/python3.10/site-packages/airflow/example_dags/tutorial.py for tasks to queue
[2023-03-04T10:40:32.804+0530] {logging_mixin.py:137} INFO - [2023-03-04T10:40:32.804+0530] {dagbag.py:538} INFO - Filling up the DagBag from /home/ris/PycharmProjects/pythonProject/USA-housing/venv/lib/python3.10/site-packages/airflow/example_dags/tutorial.py
[2023-03-04T10:40:32.822+0530] {processor.py:753} INFO - DAG(s) dict_keys(['tutorial']) retrieved from /home/ris/PycharmProjects/pythonProject/USA-housing/venv/lib/python3.10/site-packages/airflow/example_dags/tutorial.py
[2023-03-04T10:40:32.845+0530] {logging_mixin.py:137} INFO - [2023-03-04T10:40:32.845+0530] {dag.py:2690} INFO - Sync 1 DAGs
[2023-03-04T10:40:32.876+0530] {logging_mixin.py:137} INFO - [2023-03-04T10:40:32.875+0530] {dag.py:3437} INFO - Setting next_dagrun for tutorial to 2023-03-03T05:10:32.875545+00:00, run_after=2023-03-04T05:10:32.875545+00:00
[2023-03-04T10:40:32.919+0530] {processor.py:175} INFO - Processing /home/ris/PycharmProjects/pythonProject/USA-housing/venv/lib/python3.10/site-packages/airflow/example_dags/tutorial.py took 0.121 seconds
[2023-03-04T10:41:17.162+0530] {processor.py:153} INFO - Started process (PID=33617) to work on /home/ris/PycharmProjects/pythonProject/USA-housing/venv/lib/python3.10/site-packages/airflow/example_dags/tutorial.py
[2023-03-04T10:41:17.165+0530] {processor.py:743} INFO - Processing file /home/ris/PycharmProjects/pythonProject/USA-housing/venv/lib/python3.10/site-packages/airflow/example_dags/tutorial.py for tasks to queue
[2023-03-04T10:41:17.167+0530] {logging_mixin.py:137} INFO - [2023-03-04T10:41:17.166+0530] {dagbag.py:538} INFO - Filling up the DagBag from /home/ris/PycharmProjects/pythonProject/USA-housing/venv/lib/python3.10/site-packages/airflow/example_dags/tutorial.py
[2023-03-04T10:41:17.206+0530] {processor.py:753} INFO - DAG(s) dict_keys(['tutorial']) retrieved from /home/ris/PycharmProjects/pythonProject/USA-housing/venv/lib/python3.10/site-packages/airflow/example_dags/tutorial.py
[2023-03-04T10:41:17.262+0530] {logging_mixin.py:137} INFO - [2023-03-04T10:41:17.261+0530] {dag.py:2690} INFO - Sync 1 DAGs
[2023-03-04T10:41:17.328+0530] {logging_mixin.py:137} INFO - [2023-03-04T10:41:17.328+0530] {dag.py:3437} INFO - Setting next_dagrun for tutorial to 2023-03-03T05:11:17.327694+00:00, run_after=2023-03-04T05:11:17.327694+00:00
[2023-03-04T10:41:17.384+0530] {processor.py:175} INFO - Processing /home/ris/PycharmProjects/pythonProject/USA-housing/venv/lib/python3.10/site-packages/airflow/example_dags/tutorial.py took 0.225 seconds
[2023-03-04T10:41:56.195+0530] {processor.py:153} INFO - Started process (PID=33667) to work on /home/ris/PycharmProjects/pythonProject/USA-housing/venv/lib/python3.10/site-packages/airflow/example_dags/tutorial.py
[2023-03-04T10:41:56.196+0530] {processor.py:743} INFO - Processing file /home/ris/PycharmProjects/pythonProject/USA-housing/venv/lib/python3.10/site-packages/airflow/example_dags/tutorial.py for tasks to queue
[2023-03-04T10:41:56.197+0530] {logging_mixin.py:137} INFO - [2023-03-04T10:41:56.197+0530] {dagbag.py:538} INFO - Filling up the DagBag from /home/ris/PycharmProjects/pythonProject/USA-housing/venv/lib/python3.10/site-packages/airflow/example_dags/tutorial.py
[2023-03-04T10:41:56.212+0530] {processor.py:753} INFO - DAG(s) dict_keys(['tutorial']) retrieved from /home/ris/PycharmProjects/pythonProject/USA-housing/venv/lib/python3.10/site-packages/airflow/example_dags/tutorial.py
[2023-03-04T10:41:56.234+0530] {logging_mixin.py:137} INFO - [2023-03-04T10:41:56.234+0530] {dag.py:2690} INFO - Sync 1 DAGs
[2023-03-04T10:41:56.256+0530] {logging_mixin.py:137} INFO - [2023-03-04T10:41:56.255+0530] {dag.py:3437} INFO - Setting next_dagrun for tutorial to 2023-03-03T05:11:56.255354+00:00, run_after=2023-03-04T05:11:56.255354+00:00
[2023-03-04T10:41:56.302+0530] {processor.py:175} INFO - Processing /home/ris/PycharmProjects/pythonProject/USA-housing/venv/lib/python3.10/site-packages/airflow/example_dags/tutorial.py took 0.109 seconds
[2023-03-04T10:42:30.968+0530] {processor.py:153} INFO - Started process (PID=33710) to work on /home/ris/PycharmProjects/pythonProject/USA-housing/venv/lib/python3.10/site-packages/airflow/example_dags/tutorial.py
[2023-03-04T10:42:30.969+0530] {processor.py:743} INFO - Processing file /home/ris/PycharmProjects/pythonProject/USA-housing/venv/lib/python3.10/site-packages/airflow/example_dags/tutorial.py for tasks to queue
[2023-03-04T10:42:30.970+0530] {logging_mixin.py:137} INFO - [2023-03-04T10:42:30.970+0530] {dagbag.py:538} INFO - Filling up the DagBag from /home/ris/PycharmProjects/pythonProject/USA-housing/venv/lib/python3.10/site-packages/airflow/example_dags/tutorial.py
[2023-03-04T10:42:30.985+0530] {processor.py:753} INFO - DAG(s) dict_keys(['tutorial']) retrieved from /home/ris/PycharmProjects/pythonProject/USA-housing/venv/lib/python3.10/site-packages/airflow/example_dags/tutorial.py
[2023-03-04T10:42:31.005+0530] {logging_mixin.py:137} INFO - [2023-03-04T10:42:31.004+0530] {dag.py:2690} INFO - Sync 1 DAGs
[2023-03-04T10:42:31.026+0530] {logging_mixin.py:137} INFO - [2023-03-04T10:42:31.026+0530] {dag.py:3437} INFO - Setting next_dagrun for tutorial to 2023-03-03T05:12:31.026366+00:00, run_after=2023-03-04T05:12:31.026366+00:00
[2023-03-04T10:42:31.048+0530] {processor.py:175} INFO - Processing /home/ris/PycharmProjects/pythonProject/USA-housing/venv/lib/python3.10/site-packages/airflow/example_dags/tutorial.py took 0.083 seconds
[2023-03-04T10:43:14.512+0530] {processor.py:153} INFO - Started process (PID=33753) to work on /home/ris/PycharmProjects/pythonProject/USA-housing/venv/lib/python3.10/site-packages/airflow/example_dags/tutorial.py
[2023-03-04T10:43:14.514+0530] {processor.py:743} INFO - Processing file /home/ris/PycharmProjects/pythonProject/USA-housing/venv/lib/python3.10/site-packages/airflow/example_dags/tutorial.py for tasks to queue
[2023-03-04T10:43:14.514+0530] {logging_mixin.py:137} INFO - [2023-03-04T10:43:14.514+0530] {dagbag.py:538} INFO - Filling up the DagBag from /home/ris/PycharmProjects/pythonProject/USA-housing/venv/lib/python3.10/site-packages/airflow/example_dags/tutorial.py
[2023-03-04T10:43:14.526+0530] {processor.py:753} INFO - DAG(s) dict_keys(['tutorial']) retrieved from /home/ris/PycharmProjects/pythonProject/USA-housing/venv/lib/python3.10/site-packages/airflow/example_dags/tutorial.py
[2023-03-04T10:43:14.542+0530] {logging_mixin.py:137} INFO - [2023-03-04T10:43:14.542+0530] {dag.py:2690} INFO - Sync 1 DAGs
[2023-03-04T10:43:14.565+0530] {logging_mixin.py:137} INFO - [2023-03-04T10:43:14.565+0530] {dag.py:3437} INFO - Setting next_dagrun for tutorial to 2023-03-03T05:13:14.565355+00:00, run_after=2023-03-04T05:13:14.565355+00:00
[2023-03-04T10:43:14.587+0530] {processor.py:175} INFO - Processing /home/ris/PycharmProjects/pythonProject/USA-housing/venv/lib/python3.10/site-packages/airflow/example_dags/tutorial.py took 0.078 seconds
[2023-03-04T10:43:50.647+0530] {processor.py:153} INFO - Started process (PID=33791) to work on /home/ris/PycharmProjects/pythonProject/USA-housing/venv/lib/python3.10/site-packages/airflow/example_dags/tutorial.py
[2023-03-04T10:43:50.649+0530] {processor.py:743} INFO - Processing file /home/ris/PycharmProjects/pythonProject/USA-housing/venv/lib/python3.10/site-packages/airflow/example_dags/tutorial.py for tasks to queue
[2023-03-04T10:43:50.649+0530] {logging_mixin.py:137} INFO - [2023-03-04T10:43:50.649+0530] {dagbag.py:538} INFO - Filling up the DagBag from /home/ris/PycharmProjects/pythonProject/USA-housing/venv/lib/python3.10/site-packages/airflow/example_dags/tutorial.py
[2023-03-04T10:43:50.662+0530] {processor.py:753} INFO - DAG(s) dict_keys(['tutorial']) retrieved from /home/ris/PycharmProjects/pythonProject/USA-housing/venv/lib/python3.10/site-packages/airflow/example_dags/tutorial.py
[2023-03-04T10:43:50.686+0530] {logging_mixin.py:137} INFO - [2023-03-04T10:43:50.686+0530] {dag.py:2690} INFO - Sync 1 DAGs
[2023-03-04T10:43:50.710+0530] {logging_mixin.py:137} INFO - [2023-03-04T10:43:50.710+0530] {dag.py:3437} INFO - Setting next_dagrun for tutorial to 2023-03-03T05:13:50.710230+00:00, run_after=2023-03-04T05:13:50.710230+00:00
[2023-03-04T10:43:50.729+0530] {processor.py:175} INFO - Processing /home/ris/PycharmProjects/pythonProject/USA-housing/venv/lib/python3.10/site-packages/airflow/example_dags/tutorial.py took 0.085 seconds
[2023-03-04T10:44:24.952+0530] {processor.py:153} INFO - Started process (PID=33825) to work on /home/ris/PycharmProjects/pythonProject/USA-housing/venv/lib/python3.10/site-packages/airflow/example_dags/tutorial.py
[2023-03-04T10:44:24.954+0530] {processor.py:743} INFO - Processing file /home/ris/PycharmProjects/pythonProject/USA-housing/venv/lib/python3.10/site-packages/airflow/example_dags/tutorial.py for tasks to queue
[2023-03-04T10:44:24.956+0530] {logging_mixin.py:137} INFO - [2023-03-04T10:44:24.955+0530] {dagbag.py:538} INFO - Filling up the DagBag from /home/ris/PycharmProjects/pythonProject/USA-housing/venv/lib/python3.10/site-packages/airflow/example_dags/tutorial.py
[2023-03-04T10:44:24.972+0530] {processor.py:753} INFO - DAG(s) dict_keys(['tutorial']) retrieved from /home/ris/PycharmProjects/pythonProject/USA-housing/venv/lib/python3.10/site-packages/airflow/example_dags/tutorial.py
[2023-03-04T10:44:24.993+0530] {logging_mixin.py:137} INFO - [2023-03-04T10:44:24.993+0530] {dag.py:2690} INFO - Sync 1 DAGs
[2023-03-04T10:44:25.013+0530] {logging_mixin.py:137} INFO - [2023-03-04T10:44:25.012+0530] {dag.py:3437} INFO - Setting next_dagrun for tutorial to 2023-03-03T05:14:25.012775+00:00, run_after=2023-03-04T05:14:25.012775+00:00
[2023-03-04T10:44:25.032+0530] {processor.py:175} INFO - Processing /home/ris/PycharmProjects/pythonProject/USA-housing/venv/lib/python3.10/site-packages/airflow/example_dags/tutorial.py took 0.084 seconds
[2023-03-04T10:45:00.461+0530] {processor.py:153} INFO - Started process (PID=33869) to work on /home/ris/PycharmProjects/pythonProject/USA-housing/venv/lib/python3.10/site-packages/airflow/example_dags/tutorial.py
[2023-03-04T10:45:00.463+0530] {processor.py:743} INFO - Processing file /home/ris/PycharmProjects/pythonProject/USA-housing/venv/lib/python3.10/site-packages/airflow/example_dags/tutorial.py for tasks to queue
[2023-03-04T10:45:00.464+0530] {logging_mixin.py:137} INFO - [2023-03-04T10:45:00.464+0530] {dagbag.py:538} INFO - Filling up the DagBag from /home/ris/PycharmProjects/pythonProject/USA-housing/venv/lib/python3.10/site-packages/airflow/example_dags/tutorial.py
[2023-03-04T10:45:00.482+0530] {processor.py:753} INFO - DAG(s) dict_keys(['tutorial']) retrieved from /home/ris/PycharmProjects/pythonProject/USA-housing/venv/lib/python3.10/site-packages/airflow/example_dags/tutorial.py
[2023-03-04T10:45:00.503+0530] {logging_mixin.py:137} INFO - [2023-03-04T10:45:00.503+0530] {dag.py:2690} INFO - Sync 1 DAGs
[2023-03-04T10:45:00.529+0530] {logging_mixin.py:137} INFO - [2023-03-04T10:45:00.529+0530] {dag.py:3437} INFO - Setting next_dagrun for tutorial to 2023-03-03T05:15:00.528966+00:00, run_after=2023-03-04T05:15:00.528966+00:00
[2023-03-04T10:45:00.555+0530] {processor.py:175} INFO - Processing /home/ris/PycharmProjects/pythonProject/USA-housing/venv/lib/python3.10/site-packages/airflow/example_dags/tutorial.py took 0.096 seconds
[2023-03-04T10:45:40.542+0530] {processor.py:153} INFO - Started process (PID=33913) to work on /home/ris/PycharmProjects/pythonProject/USA-housing/venv/lib/python3.10/site-packages/airflow/example_dags/tutorial.py
[2023-03-04T10:45:40.545+0530] {processor.py:743} INFO - Processing file /home/ris/PycharmProjects/pythonProject/USA-housing/venv/lib/python3.10/site-packages/airflow/example_dags/tutorial.py for tasks to queue
[2023-03-04T10:45:40.548+0530] {logging_mixin.py:137} INFO - [2023-03-04T10:45:40.547+0530] {dagbag.py:538} INFO - Filling up the DagBag from /home/ris/PycharmProjects/pythonProject/USA-housing/venv/lib/python3.10/site-packages/airflow/example_dags/tutorial.py
[2023-03-04T10:45:40.591+0530] {processor.py:753} INFO - DAG(s) dict_keys(['tutorial']) retrieved from /home/ris/PycharmProjects/pythonProject/USA-housing/venv/lib/python3.10/site-packages/airflow/example_dags/tutorial.py
[2023-03-04T10:45:40.628+0530] {logging_mixin.py:137} INFO - [2023-03-04T10:45:40.628+0530] {dag.py:2690} INFO - Sync 1 DAGs
[2023-03-04T10:45:40.659+0530] {logging_mixin.py:137} INFO - [2023-03-04T10:45:40.659+0530] {dag.py:3437} INFO - Setting next_dagrun for tutorial to 2023-03-03T05:15:40.658823+00:00, run_after=2023-03-04T05:15:40.658823+00:00
[2023-03-04T10:45:40.705+0530] {processor.py:175} INFO - Processing /home/ris/PycharmProjects/pythonProject/USA-housing/venv/lib/python3.10/site-packages/airflow/example_dags/tutorial.py took 0.169 seconds
[2023-03-04T10:46:22.937+0530] {processor.py:153} INFO - Started process (PID=33957) to work on /home/ris/PycharmProjects/pythonProject/USA-housing/venv/lib/python3.10/site-packages/airflow/example_dags/tutorial.py
[2023-03-04T10:46:22.939+0530] {processor.py:743} INFO - Processing file /home/ris/PycharmProjects/pythonProject/USA-housing/venv/lib/python3.10/site-packages/airflow/example_dags/tutorial.py for tasks to queue
[2023-03-04T10:46:22.940+0530] {logging_mixin.py:137} INFO - [2023-03-04T10:46:22.940+0530] {dagbag.py:538} INFO - Filling up the DagBag from /home/ris/PycharmProjects/pythonProject/USA-housing/venv/lib/python3.10/site-packages/airflow/example_dags/tutorial.py
[2023-03-04T10:46:22.953+0530] {processor.py:753} INFO - DAG(s) dict_keys(['tutorial']) retrieved from /home/ris/PycharmProjects/pythonProject/USA-housing/venv/lib/python3.10/site-packages/airflow/example_dags/tutorial.py
[2023-03-04T10:46:22.977+0530] {logging_mixin.py:137} INFO - [2023-03-04T10:46:22.977+0530] {dag.py:2690} INFO - Sync 1 DAGs
[2023-03-04T10:46:23.001+0530] {logging_mixin.py:137} INFO - [2023-03-04T10:46:23.000+0530] {dag.py:3437} INFO - Setting next_dagrun for tutorial to 2023-03-03T05:16:23.000731+00:00, run_after=2023-03-04T05:16:23.000731+00:00
[2023-03-04T10:46:23.028+0530] {processor.py:175} INFO - Processing /home/ris/PycharmProjects/pythonProject/USA-housing/venv/lib/python3.10/site-packages/airflow/example_dags/tutorial.py took 0.093 seconds
[2023-03-04T10:47:10.249+0530] {processor.py:153} INFO - Started process (PID=34016) to work on /home/ris/PycharmProjects/pythonProject/USA-housing/venv/lib/python3.10/site-packages/airflow/example_dags/tutorial.py
[2023-03-04T10:47:10.251+0530] {processor.py:743} INFO - Processing file /home/ris/PycharmProjects/pythonProject/USA-housing/venv/lib/python3.10/site-packages/airflow/example_dags/tutorial.py for tasks to queue
[2023-03-04T10:47:10.251+0530] {logging_mixin.py:137} INFO - [2023-03-04T10:47:10.251+0530] {dagbag.py:538} INFO - Filling up the DagBag from /home/ris/PycharmProjects/pythonProject/USA-housing/venv/lib/python3.10/site-packages/airflow/example_dags/tutorial.py
[2023-03-04T10:47:10.265+0530] {processor.py:753} INFO - DAG(s) dict_keys(['tutorial']) retrieved from /home/ris/PycharmProjects/pythonProject/USA-housing/venv/lib/python3.10/site-packages/airflow/example_dags/tutorial.py
[2023-03-04T10:47:10.282+0530] {logging_mixin.py:137} INFO - [2023-03-04T10:47:10.282+0530] {dag.py:2690} INFO - Sync 1 DAGs
[2023-03-04T10:47:10.301+0530] {logging_mixin.py:137} INFO - [2023-03-04T10:47:10.301+0530] {dag.py:3437} INFO - Setting next_dagrun for tutorial to 2023-03-03T05:17:10.301370+00:00, run_after=2023-03-04T05:17:10.301370+00:00
[2023-03-04T10:47:10.323+0530] {processor.py:175} INFO - Processing /home/ris/PycharmProjects/pythonProject/USA-housing/venv/lib/python3.10/site-packages/airflow/example_dags/tutorial.py took 0.077 seconds
[2023-03-04T10:48:04.590+0530] {processor.py:153} INFO - Started process (PID=34074) to work on /home/ris/PycharmProjects/pythonProject/USA-housing/venv/lib/python3.10/site-packages/airflow/example_dags/tutorial.py
[2023-03-04T10:48:04.592+0530] {processor.py:743} INFO - Processing file /home/ris/PycharmProjects/pythonProject/USA-housing/venv/lib/python3.10/site-packages/airflow/example_dags/tutorial.py for tasks to queue
[2023-03-04T10:48:04.593+0530] {logging_mixin.py:137} INFO - [2023-03-04T10:48:04.592+0530] {dagbag.py:538} INFO - Filling up the DagBag from /home/ris/PycharmProjects/pythonProject/USA-housing/venv/lib/python3.10/site-packages/airflow/example_dags/tutorial.py
[2023-03-04T10:48:04.606+0530] {processor.py:753} INFO - DAG(s) dict_keys(['tutorial']) retrieved from /home/ris/PycharmProjects/pythonProject/USA-housing/venv/lib/python3.10/site-packages/airflow/example_dags/tutorial.py
[2023-03-04T10:48:04.626+0530] {logging_mixin.py:137} INFO - [2023-03-04T10:48:04.626+0530] {dag.py:2690} INFO - Sync 1 DAGs
[2023-03-04T10:48:04.655+0530] {logging_mixin.py:137} INFO - [2023-03-04T10:48:04.654+0530] {dag.py:3437} INFO - Setting next_dagrun for tutorial to 2023-03-03T05:18:04.654591+00:00, run_after=2023-03-04T05:18:04.654591+00:00
[2023-03-04T10:48:04.682+0530] {processor.py:175} INFO - Processing /home/ris/PycharmProjects/pythonProject/USA-housing/venv/lib/python3.10/site-packages/airflow/example_dags/tutorial.py took 0.096 seconds
[2023-03-04T10:48:46.513+0530] {processor.py:153} INFO - Started process (PID=34117) to work on /home/ris/PycharmProjects/pythonProject/USA-housing/venv/lib/python3.10/site-packages/airflow/example_dags/tutorial.py
[2023-03-04T10:48:46.516+0530] {processor.py:743} INFO - Processing file /home/ris/PycharmProjects/pythonProject/USA-housing/venv/lib/python3.10/site-packages/airflow/example_dags/tutorial.py for tasks to queue
[2023-03-04T10:48:46.516+0530] {logging_mixin.py:137} INFO - [2023-03-04T10:48:46.516+0530] {dagbag.py:538} INFO - Filling up the DagBag from /home/ris/PycharmProjects/pythonProject/USA-housing/venv/lib/python3.10/site-packages/airflow/example_dags/tutorial.py
[2023-03-04T10:48:46.534+0530] {processor.py:753} INFO - DAG(s) dict_keys(['tutorial']) retrieved from /home/ris/PycharmProjects/pythonProject/USA-housing/venv/lib/python3.10/site-packages/airflow/example_dags/tutorial.py
[2023-03-04T10:48:46.551+0530] {logging_mixin.py:137} INFO - [2023-03-04T10:48:46.551+0530] {dag.py:2690} INFO - Sync 1 DAGs
[2023-03-04T10:48:46.571+0530] {logging_mixin.py:137} INFO - [2023-03-04T10:48:46.571+0530] {dag.py:3437} INFO - Setting next_dagrun for tutorial to 2023-03-03T05:18:46.570988+00:00, run_after=2023-03-04T05:18:46.570988+00:00
[2023-03-04T10:48:46.590+0530] {processor.py:175} INFO - Processing /home/ris/PycharmProjects/pythonProject/USA-housing/venv/lib/python3.10/site-packages/airflow/example_dags/tutorial.py took 0.081 seconds
[2023-03-04T10:49:32.867+0530] {processor.py:153} INFO - Started process (PID=34179) to work on /home/ris/PycharmProjects/pythonProject/USA-housing/venv/lib/python3.10/site-packages/airflow/example_dags/tutorial.py
[2023-03-04T10:49:32.869+0530] {processor.py:743} INFO - Processing file /home/ris/PycharmProjects/pythonProject/USA-housing/venv/lib/python3.10/site-packages/airflow/example_dags/tutorial.py for tasks to queue
[2023-03-04T10:49:32.871+0530] {logging_mixin.py:137} INFO - [2023-03-04T10:49:32.870+0530] {dagbag.py:538} INFO - Filling up the DagBag from /home/ris/PycharmProjects/pythonProject/USA-housing/venv/lib/python3.10/site-packages/airflow/example_dags/tutorial.py
[2023-03-04T10:49:32.885+0530] {processor.py:753} INFO - DAG(s) dict_keys(['tutorial']) retrieved from /home/ris/PycharmProjects/pythonProject/USA-housing/venv/lib/python3.10/site-packages/airflow/example_dags/tutorial.py
[2023-03-04T10:49:32.904+0530] {logging_mixin.py:137} INFO - [2023-03-04T10:49:32.904+0530] {dag.py:2690} INFO - Sync 1 DAGs
[2023-03-04T10:49:32.930+0530] {logging_mixin.py:137} INFO - [2023-03-04T10:49:32.929+0530] {dag.py:3437} INFO - Setting next_dagrun for tutorial to 2023-03-03T05:19:32.929137+00:00, run_after=2023-03-04T05:19:32.929137+00:00
[2023-03-04T10:49:32.962+0530] {processor.py:175} INFO - Processing /home/ris/PycharmProjects/pythonProject/USA-housing/venv/lib/python3.10/site-packages/airflow/example_dags/tutorial.py took 0.100 seconds
[2023-03-04T10:50:20.723+0530] {processor.py:153} INFO - Started process (PID=34284) to work on /home/ris/PycharmProjects/pythonProject/USA-housing/venv/lib/python3.10/site-packages/airflow/example_dags/tutorial.py
[2023-03-04T10:50:20.726+0530] {processor.py:743} INFO - Processing file /home/ris/PycharmProjects/pythonProject/USA-housing/venv/lib/python3.10/site-packages/airflow/example_dags/tutorial.py for tasks to queue
[2023-03-04T10:50:20.727+0530] {logging_mixin.py:137} INFO - [2023-03-04T10:50:20.727+0530] {dagbag.py:538} INFO - Filling up the DagBag from /home/ris/PycharmProjects/pythonProject/USA-housing/venv/lib/python3.10/site-packages/airflow/example_dags/tutorial.py
[2023-03-04T10:50:20.761+0530] {processor.py:753} INFO - DAG(s) dict_keys(['tutorial']) retrieved from /home/ris/PycharmProjects/pythonProject/USA-housing/venv/lib/python3.10/site-packages/airflow/example_dags/tutorial.py
[2023-03-04T10:50:20.798+0530] {logging_mixin.py:137} INFO - [2023-03-04T10:50:20.797+0530] {dag.py:2690} INFO - Sync 1 DAGs
[2023-03-04T10:50:20.825+0530] {logging_mixin.py:137} INFO - [2023-03-04T10:50:20.825+0530] {dag.py:3437} INFO - Setting next_dagrun for tutorial to 2023-03-03T05:20:20.825344+00:00, run_after=2023-03-04T05:20:20.825344+00:00
[2023-03-04T10:50:20.855+0530] {processor.py:175} INFO - Processing /home/ris/PycharmProjects/pythonProject/USA-housing/venv/lib/python3.10/site-packages/airflow/example_dags/tutorial.py took 0.138 seconds
[2023-03-04T10:51:10.630+0530] {processor.py:153} INFO - Started process (PID=34355) to work on /home/ris/PycharmProjects/pythonProject/USA-housing/venv/lib/python3.10/site-packages/airflow/example_dags/tutorial.py
[2023-03-04T10:51:10.642+0530] {processor.py:743} INFO - Processing file /home/ris/PycharmProjects/pythonProject/USA-housing/venv/lib/python3.10/site-packages/airflow/example_dags/tutorial.py for tasks to queue
[2023-03-04T10:51:10.644+0530] {logging_mixin.py:137} INFO - [2023-03-04T10:51:10.644+0530] {dagbag.py:538} INFO - Filling up the DagBag from /home/ris/PycharmProjects/pythonProject/USA-housing/venv/lib/python3.10/site-packages/airflow/example_dags/tutorial.py
[2023-03-04T10:51:10.684+0530] {processor.py:753} INFO - DAG(s) dict_keys(['tutorial']) retrieved from /home/ris/PycharmProjects/pythonProject/USA-housing/venv/lib/python3.10/site-packages/airflow/example_dags/tutorial.py
[2023-03-04T10:51:10.706+0530] {logging_mixin.py:137} INFO - [2023-03-04T10:51:10.706+0530] {dag.py:2690} INFO - Sync 1 DAGs
[2023-03-04T10:51:10.728+0530] {logging_mixin.py:137} INFO - [2023-03-04T10:51:10.728+0530] {dag.py:3437} INFO - Setting next_dagrun for tutorial to 2023-03-03T05:21:10.728110+00:00, run_after=2023-03-04T05:21:10.728110+00:00
[2023-03-04T10:51:10.757+0530] {processor.py:175} INFO - Processing /home/ris/PycharmProjects/pythonProject/USA-housing/venv/lib/python3.10/site-packages/airflow/example_dags/tutorial.py took 0.133 seconds
[2023-03-04T10:51:57.048+0530] {processor.py:153} INFO - Started process (PID=34428) to work on /home/ris/PycharmProjects/pythonProject/USA-housing/venv/lib/python3.10/site-packages/airflow/example_dags/tutorial.py
[2023-03-04T10:51:57.074+0530] {processor.py:743} INFO - Processing file /home/ris/PycharmProjects/pythonProject/USA-housing/venv/lib/python3.10/site-packages/airflow/example_dags/tutorial.py for tasks to queue
[2023-03-04T10:51:57.079+0530] {logging_mixin.py:137} INFO - [2023-03-04T10:51:57.079+0530] {dagbag.py:538} INFO - Filling up the DagBag from /home/ris/PycharmProjects/pythonProject/USA-housing/venv/lib/python3.10/site-packages/airflow/example_dags/tutorial.py
[2023-03-04T10:51:57.135+0530] {processor.py:753} INFO - DAG(s) dict_keys(['tutorial']) retrieved from /home/ris/PycharmProjects/pythonProject/USA-housing/venv/lib/python3.10/site-packages/airflow/example_dags/tutorial.py
[2023-03-04T10:51:57.181+0530] {logging_mixin.py:137} INFO - [2023-03-04T10:51:57.180+0530] {dag.py:2690} INFO - Sync 1 DAGs
[2023-03-04T10:51:57.228+0530] {logging_mixin.py:137} INFO - [2023-03-04T10:51:57.228+0530] {dag.py:3437} INFO - Setting next_dagrun for tutorial to 2023-03-03T05:21:57.227768+00:00, run_after=2023-03-04T05:21:57.227768+00:00
[2023-03-04T10:51:57.267+0530] {processor.py:175} INFO - Processing /home/ris/PycharmProjects/pythonProject/USA-housing/venv/lib/python3.10/site-packages/airflow/example_dags/tutorial.py took 0.228 seconds
[2023-03-04T10:52:50.349+0530] {processor.py:153} INFO - Started process (PID=34487) to work on /home/ris/PycharmProjects/pythonProject/USA-housing/venv/lib/python3.10/site-packages/airflow/example_dags/tutorial.py
[2023-03-04T10:52:50.351+0530] {processor.py:743} INFO - Processing file /home/ris/PycharmProjects/pythonProject/USA-housing/venv/lib/python3.10/site-packages/airflow/example_dags/tutorial.py for tasks to queue
[2023-03-04T10:52:50.352+0530] {logging_mixin.py:137} INFO - [2023-03-04T10:52:50.352+0530] {dagbag.py:538} INFO - Filling up the DagBag from /home/ris/PycharmProjects/pythonProject/USA-housing/venv/lib/python3.10/site-packages/airflow/example_dags/tutorial.py
[2023-03-04T10:52:50.370+0530] {processor.py:753} INFO - DAG(s) dict_keys(['tutorial']) retrieved from /home/ris/PycharmProjects/pythonProject/USA-housing/venv/lib/python3.10/site-packages/airflow/example_dags/tutorial.py
[2023-03-04T10:52:50.389+0530] {logging_mixin.py:137} INFO - [2023-03-04T10:52:50.389+0530] {dag.py:2690} INFO - Sync 1 DAGs
[2023-03-04T10:52:50.411+0530] {logging_mixin.py:137} INFO - [2023-03-04T10:52:50.410+0530] {dag.py:3437} INFO - Setting next_dagrun for tutorial to 2023-03-03T05:22:50.410615+00:00, run_after=2023-03-04T05:22:50.410615+00:00
[2023-03-04T10:52:50.440+0530] {processor.py:175} INFO - Processing /home/ris/PycharmProjects/pythonProject/USA-housing/venv/lib/python3.10/site-packages/airflow/example_dags/tutorial.py took 0.094 seconds
[2023-03-04T10:53:46.236+0530] {processor.py:153} INFO - Started process (PID=34694) to work on /home/ris/PycharmProjects/pythonProject/USA-housing/venv/lib/python3.10/site-packages/airflow/example_dags/tutorial.py
[2023-03-04T10:53:46.239+0530] {processor.py:743} INFO - Processing file /home/ris/PycharmProjects/pythonProject/USA-housing/venv/lib/python3.10/site-packages/airflow/example_dags/tutorial.py for tasks to queue
[2023-03-04T10:53:46.241+0530] {logging_mixin.py:137} INFO - [2023-03-04T10:53:46.240+0530] {dagbag.py:538} INFO - Filling up the DagBag from /home/ris/PycharmProjects/pythonProject/USA-housing/venv/lib/python3.10/site-packages/airflow/example_dags/tutorial.py
[2023-03-04T10:53:46.254+0530] {processor.py:753} INFO - DAG(s) dict_keys(['tutorial']) retrieved from /home/ris/PycharmProjects/pythonProject/USA-housing/venv/lib/python3.10/site-packages/airflow/example_dags/tutorial.py
[2023-03-04T10:53:46.271+0530] {logging_mixin.py:137} INFO - [2023-03-04T10:53:46.271+0530] {dag.py:2690} INFO - Sync 1 DAGs
[2023-03-04T10:53:46.293+0530] {logging_mixin.py:137} INFO - [2023-03-04T10:53:46.293+0530] {dag.py:3437} INFO - Setting next_dagrun for tutorial to 2023-03-03T05:23:46.293337+00:00, run_after=2023-03-04T05:23:46.293337+00:00
[2023-03-04T10:53:46.314+0530] {processor.py:175} INFO - Processing /home/ris/PycharmProjects/pythonProject/USA-housing/venv/lib/python3.10/site-packages/airflow/example_dags/tutorial.py took 0.081 seconds
[2023-03-04T10:54:40.152+0530] {processor.py:153} INFO - Started process (PID=34778) to work on /home/ris/PycharmProjects/pythonProject/USA-housing/venv/lib/python3.10/site-packages/airflow/example_dags/tutorial.py
[2023-03-04T10:54:40.153+0530] {processor.py:743} INFO - Processing file /home/ris/PycharmProjects/pythonProject/USA-housing/venv/lib/python3.10/site-packages/airflow/example_dags/tutorial.py for tasks to queue
[2023-03-04T10:54:40.154+0530] {logging_mixin.py:137} INFO - [2023-03-04T10:54:40.154+0530] {dagbag.py:538} INFO - Filling up the DagBag from /home/ris/PycharmProjects/pythonProject/USA-housing/venv/lib/python3.10/site-packages/airflow/example_dags/tutorial.py
[2023-03-04T10:54:40.171+0530] {processor.py:753} INFO - DAG(s) dict_keys(['tutorial']) retrieved from /home/ris/PycharmProjects/pythonProject/USA-housing/venv/lib/python3.10/site-packages/airflow/example_dags/tutorial.py
[2023-03-04T10:54:40.190+0530] {logging_mixin.py:137} INFO - [2023-03-04T10:54:40.189+0530] {dag.py:2690} INFO - Sync 1 DAGs
[2023-03-04T10:54:40.218+0530] {logging_mixin.py:137} INFO - [2023-03-04T10:54:40.218+0530] {dag.py:3437} INFO - Setting next_dagrun for tutorial to 2023-03-03T05:24:40.218039+00:00, run_after=2023-03-04T05:24:40.218039+00:00
[2023-03-04T10:54:40.248+0530] {processor.py:175} INFO - Processing /home/ris/PycharmProjects/pythonProject/USA-housing/venv/lib/python3.10/site-packages/airflow/example_dags/tutorial.py took 0.103 seconds
[2023-03-04T10:55:24.454+0530] {processor.py:153} INFO - Started process (PID=34835) to work on /home/ris/PycharmProjects/pythonProject/USA-housing/venv/lib/python3.10/site-packages/airflow/example_dags/tutorial.py
[2023-03-04T10:55:24.456+0530] {processor.py:743} INFO - Processing file /home/ris/PycharmProjects/pythonProject/USA-housing/venv/lib/python3.10/site-packages/airflow/example_dags/tutorial.py for tasks to queue
[2023-03-04T10:55:24.457+0530] {logging_mixin.py:137} INFO - [2023-03-04T10:55:24.457+0530] {dagbag.py:538} INFO - Filling up the DagBag from /home/ris/PycharmProjects/pythonProject/USA-housing/venv/lib/python3.10/site-packages/airflow/example_dags/tutorial.py
[2023-03-04T10:55:24.475+0530] {processor.py:753} INFO - DAG(s) dict_keys(['tutorial']) retrieved from /home/ris/PycharmProjects/pythonProject/USA-housing/venv/lib/python3.10/site-packages/airflow/example_dags/tutorial.py
[2023-03-04T10:55:24.496+0530] {logging_mixin.py:137} INFO - [2023-03-04T10:55:24.496+0530] {dag.py:2690} INFO - Sync 1 DAGs
[2023-03-04T10:55:24.515+0530] {logging_mixin.py:137} INFO - [2023-03-04T10:55:24.515+0530] {dag.py:3437} INFO - Setting next_dagrun for tutorial to 2023-03-03T05:25:24.515387+00:00, run_after=2023-03-04T05:25:24.515387+00:00
[2023-03-04T10:55:24.537+0530] {processor.py:175} INFO - Processing /home/ris/PycharmProjects/pythonProject/USA-housing/venv/lib/python3.10/site-packages/airflow/example_dags/tutorial.py took 0.088 seconds
[2023-03-04T10:56:06.134+0530] {processor.py:153} INFO - Started process (PID=34892) to work on /home/ris/PycharmProjects/pythonProject/USA-housing/venv/lib/python3.10/site-packages/airflow/example_dags/tutorial.py
[2023-03-04T10:56:06.136+0530] {processor.py:743} INFO - Processing file /home/ris/PycharmProjects/pythonProject/USA-housing/venv/lib/python3.10/site-packages/airflow/example_dags/tutorial.py for tasks to queue
[2023-03-04T10:56:06.136+0530] {logging_mixin.py:137} INFO - [2023-03-04T10:56:06.136+0530] {dagbag.py:538} INFO - Filling up the DagBag from /home/ris/PycharmProjects/pythonProject/USA-housing/venv/lib/python3.10/site-packages/airflow/example_dags/tutorial.py
[2023-03-04T10:56:06.149+0530] {processor.py:753} INFO - DAG(s) dict_keys(['tutorial']) retrieved from /home/ris/PycharmProjects/pythonProject/USA-housing/venv/lib/python3.10/site-packages/airflow/example_dags/tutorial.py
[2023-03-04T10:56:06.168+0530] {logging_mixin.py:137} INFO - [2023-03-04T10:56:06.168+0530] {dag.py:2690} INFO - Sync 1 DAGs
[2023-03-04T10:56:06.187+0530] {logging_mixin.py:137} INFO - [2023-03-04T10:56:06.187+0530] {dag.py:3437} INFO - Setting next_dagrun for tutorial to 2023-03-03T05:26:06.187349+00:00, run_after=2023-03-04T05:26:06.187349+00:00
[2023-03-04T10:56:06.209+0530] {processor.py:175} INFO - Processing /home/ris/PycharmProjects/pythonProject/USA-housing/venv/lib/python3.10/site-packages/airflow/example_dags/tutorial.py took 0.078 seconds
[2023-03-04T10:56:49.362+0530] {processor.py:153} INFO - Started process (PID=34967) to work on /home/ris/PycharmProjects/pythonProject/USA-housing/venv/lib/python3.10/site-packages/airflow/example_dags/tutorial.py
[2023-03-04T10:56:49.364+0530] {processor.py:743} INFO - Processing file /home/ris/PycharmProjects/pythonProject/USA-housing/venv/lib/python3.10/site-packages/airflow/example_dags/tutorial.py for tasks to queue
[2023-03-04T10:56:49.365+0530] {logging_mixin.py:137} INFO - [2023-03-04T10:56:49.364+0530] {dagbag.py:538} INFO - Filling up the DagBag from /home/ris/PycharmProjects/pythonProject/USA-housing/venv/lib/python3.10/site-packages/airflow/example_dags/tutorial.py
[2023-03-04T10:56:49.379+0530] {processor.py:753} INFO - DAG(s) dict_keys(['tutorial']) retrieved from /home/ris/PycharmProjects/pythonProject/USA-housing/venv/lib/python3.10/site-packages/airflow/example_dags/tutorial.py
[2023-03-04T10:56:49.397+0530] {logging_mixin.py:137} INFO - [2023-03-04T10:56:49.397+0530] {dag.py:2690} INFO - Sync 1 DAGs
[2023-03-04T10:56:49.422+0530] {logging_mixin.py:137} INFO - [2023-03-04T10:56:49.422+0530] {dag.py:3437} INFO - Setting next_dagrun for tutorial to 2023-03-03T05:26:49.422461+00:00, run_after=2023-03-04T05:26:49.422461+00:00
[2023-03-04T10:56:49.445+0530] {processor.py:175} INFO - Processing /home/ris/PycharmProjects/pythonProject/USA-housing/venv/lib/python3.10/site-packages/airflow/example_dags/tutorial.py took 0.086 seconds
[2023-03-04T10:57:27.008+0530] {processor.py:153} INFO - Started process (PID=35023) to work on /home/ris/PycharmProjects/pythonProject/USA-housing/venv/lib/python3.10/site-packages/airflow/example_dags/tutorial.py
[2023-03-04T10:57:27.009+0530] {processor.py:743} INFO - Processing file /home/ris/PycharmProjects/pythonProject/USA-housing/venv/lib/python3.10/site-packages/airflow/example_dags/tutorial.py for tasks to queue
[2023-03-04T10:57:27.010+0530] {logging_mixin.py:137} INFO - [2023-03-04T10:57:27.010+0530] {dagbag.py:538} INFO - Filling up the DagBag from /home/ris/PycharmProjects/pythonProject/USA-housing/venv/lib/python3.10/site-packages/airflow/example_dags/tutorial.py
[2023-03-04T10:57:27.025+0530] {processor.py:753} INFO - DAG(s) dict_keys(['tutorial']) retrieved from /home/ris/PycharmProjects/pythonProject/USA-housing/venv/lib/python3.10/site-packages/airflow/example_dags/tutorial.py
[2023-03-04T10:57:27.049+0530] {logging_mixin.py:137} INFO - [2023-03-04T10:57:27.049+0530] {dag.py:2690} INFO - Sync 1 DAGs
[2023-03-04T10:57:27.081+0530] {logging_mixin.py:137} INFO - [2023-03-04T10:57:27.080+0530] {dag.py:3437} INFO - Setting next_dagrun for tutorial to 2023-03-03T05:27:27.080533+00:00, run_after=2023-03-04T05:27:27.080533+00:00
[2023-03-04T10:57:27.106+0530] {processor.py:175} INFO - Processing /home/ris/PycharmProjects/pythonProject/USA-housing/venv/lib/python3.10/site-packages/airflow/example_dags/tutorial.py took 0.101 seconds
[2023-03-04T11:01:05.515+0530] {processor.py:153} INFO - Started process (PID=35178) to work on /home/ris/PycharmProjects/pythonProject/USA-housing/venv/lib/python3.10/site-packages/airflow/example_dags/tutorial.py
[2023-03-04T11:01:05.518+0530] {processor.py:743} INFO - Processing file /home/ris/PycharmProjects/pythonProject/USA-housing/venv/lib/python3.10/site-packages/airflow/example_dags/tutorial.py for tasks to queue
[2023-03-04T11:01:05.519+0530] {logging_mixin.py:137} INFO - [2023-03-04T11:01:05.519+0530] {dagbag.py:538} INFO - Filling up the DagBag from /home/ris/PycharmProjects/pythonProject/USA-housing/venv/lib/python3.10/site-packages/airflow/example_dags/tutorial.py
[2023-03-04T11:01:05.543+0530] {processor.py:753} INFO - DAG(s) dict_keys(['tutorial']) retrieved from /home/ris/PycharmProjects/pythonProject/USA-housing/venv/lib/python3.10/site-packages/airflow/example_dags/tutorial.py
[2023-03-04T11:01:05.566+0530] {logging_mixin.py:137} INFO - [2023-03-04T11:01:05.566+0530] {dag.py:2690} INFO - Sync 1 DAGs
[2023-03-04T11:01:05.584+0530] {logging_mixin.py:137} INFO - [2023-03-04T11:01:05.584+0530] {dag.py:3437} INFO - Setting next_dagrun for tutorial to 2023-03-03T05:31:05.584114+00:00, run_after=2023-03-04T05:31:05.584114+00:00
[2023-03-04T11:01:05.605+0530] {processor.py:175} INFO - Processing /home/ris/PycharmProjects/pythonProject/USA-housing/venv/lib/python3.10/site-packages/airflow/example_dags/tutorial.py took 0.094 seconds
