[2023-03-14T15:11:26.509+0530] {processor.py:153} INFO - Started process (PID=5153) to work on /home/ris/PycharmProjects/pythonProject/USA-housing/dags/pipline.py
[2023-03-14T15:11:26.511+0530] {processor.py:743} INFO - Processing file /home/ris/PycharmProjects/pythonProject/USA-housing/dags/pipline.py for tasks to queue
[2023-03-14T15:11:26.513+0530] {logging_mixin.py:137} INFO - [2023-03-14T15:11:26.512+0530] {dagbag.py:538} INFO - Filling up the DagBag from /home/ris/PycharmProjects/pythonProject/USA-housing/dags/pipline.py
[2023-03-14T15:11:27.321+0530] {logging_mixin.py:137} INFO - data uploaded!
[2023-03-14T15:11:28.749+0530] {logging_mixin.py:137} INFO - [2023-03-14T15:11:28.742+0530] {dagbag.py:343} ERROR - Failed to import: /home/ris/PycharmProjects/pythonProject/USA-housing/dags/pipline.py
Traceback (most recent call last):
  File "/home/ris/PycharmProjects/pythonProject/USA-housing/venv/lib/python3.10/site-packages/airflow/models/dagbag.py", line 339, in parse
    loader.exec_module(new_module)
  File "<frozen importlib._bootstrap_external>", line 883, in exec_module
  File "<frozen importlib._bootstrap>", line 241, in _call_with_frames_removed
  File "/home/ris/PycharmProjects/pythonProject/USA-housing/dags/pipline.py", line 5, in <module>
    from utils.pre_processing import pre_process
  File "/home/ris/PycharmProjects/pythonProject/USA-housing/dags/utils/pre_processing.py", line 99, in <module>
    df = load_data('/home/ris/PycharmProjects/pythonProject/USA-housing/data/train_validate.csv')
  File "/home/ris/PycharmProjects/pythonProject/USA-housing/dags/utils/load.py", line 4, in load_data
    df = pd.read_csv(path, on_bad_lines='skip')
  File "/home/ris/PycharmProjects/pythonProject/USA-housing/venv/lib/python3.10/site-packages/pandas/util/_decorators.py", line 211, in wrapper
    return func(*args, **kwargs)
  File "/home/ris/PycharmProjects/pythonProject/USA-housing/venv/lib/python3.10/site-packages/pandas/util/_decorators.py", line 331, in wrapper
    return func(*args, **kwargs)
  File "/home/ris/PycharmProjects/pythonProject/USA-housing/venv/lib/python3.10/site-packages/pandas/io/parsers/readers.py", line 950, in read_csv
    return _read(filepath_or_buffer, kwds)
  File "/home/ris/PycharmProjects/pythonProject/USA-housing/venv/lib/python3.10/site-packages/pandas/io/parsers/readers.py", line 605, in _read
    parser = TextFileReader(filepath_or_buffer, **kwds)
  File "/home/ris/PycharmProjects/pythonProject/USA-housing/venv/lib/python3.10/site-packages/pandas/io/parsers/readers.py", line 1442, in __init__
    self._engine = self._make_engine(f, self.engine)
  File "/home/ris/PycharmProjects/pythonProject/USA-housing/venv/lib/python3.10/site-packages/pandas/io/parsers/readers.py", line 1735, in _make_engine
    self.handles = get_handle(
  File "/home/ris/PycharmProjects/pythonProject/USA-housing/venv/lib/python3.10/site-packages/pandas/io/common.py", line 856, in get_handle
    handle = open(
FileNotFoundError: [Errno 2] No such file or directory: '/home/ris/PycharmProjects/pythonProject/USA-housing/data/train_validate.csv'
[2023-03-14T15:11:28.750+0530] {processor.py:755} WARNING - No viable dags retrieved from /home/ris/PycharmProjects/pythonProject/USA-housing/dags/pipline.py
[2023-03-14T15:11:28.776+0530] {processor.py:175} INFO - Processing /home/ris/PycharmProjects/pythonProject/USA-housing/dags/pipline.py took 2.274 seconds
[2023-03-14T18:12:25.858+0530] {processor.py:153} INFO - Started process (PID=10711) to work on /home/ris/PycharmProjects/pythonProject/USA-housing/dags/pipline.py
[2023-03-14T18:12:25.859+0530] {processor.py:743} INFO - Processing file /home/ris/PycharmProjects/pythonProject/USA-housing/dags/pipline.py for tasks to queue
[2023-03-14T18:12:25.859+0530] {logging_mixin.py:137} INFO - [2023-03-14T18:12:25.859+0530] {dagbag.py:538} INFO - Filling up the DagBag from /home/ris/PycharmProjects/pythonProject/USA-housing/dags/pipline.py
[2023-03-14T18:12:26.118+0530] {logging_mixin.py:137} INFO - data uploaded!
[2023-03-14T18:12:28.922+0530] {logging_mixin.py:137} INFO - data uploaded!
[2023-03-14T18:12:29.608+0530] {logging_mixin.py:137} INFO - Percentage of missing values column wise
: status          0.000000
price           0.000080
bed             0.142610
bath            0.124729
acre_lot        0.296102
full_address    0.000000
street          0.002299
city            0.000076
state           0.000000
zip_code        0.000214
house_size      0.322883
sold_date       0.505444
dtype: float64
[2023-03-14T18:12:29.788+0530] {logging_mixin.py:137} INFO - sanity check done!
[2023-03-14T18:12:30.472+0530] {logging_mixin.py:137} INFO - handling of missing values done!
[2023-03-14T18:12:30.569+0530] {logging_mixin.py:137} INFO - handling of outliers done!
[2023-03-14T18:12:30.978+0530] {logging_mixin.py:137} INFO - encoding of categorical columns done!
[2023-03-14T18:12:31.048+0530] {logging_mixin.py:137} INFO - Loading the Data.
[2023-03-14T18:12:32.524+0530] {logging_mixin.py:137} INFO - data uploaded!
[2023-03-14T18:12:32.524+0530] {logging_mixin.py:137} INFO - Starting Pre-processing of Data
[2023-03-14T18:12:33.075+0530] {logging_mixin.py:137} INFO - Percentage of missing values column wise
: status          0.000000
price           0.000080
bed             0.142610
bath            0.124729
acre_lot        0.296102
full_address    0.000000
street          0.002299
city            0.000076
state           0.000000
zip_code        0.000214
house_size      0.322883
sold_date       0.505444
dtype: float64
[2023-03-14T18:12:33.271+0530] {logging_mixin.py:137} INFO - sanity check done!
[2023-03-14T18:12:33.868+0530] {logging_mixin.py:137} INFO - handling of missing values done!
[2023-03-14T18:12:33.965+0530] {logging_mixin.py:137} INFO - handling of outliers done!
[2023-03-14T18:12:34.368+0530] {logging_mixin.py:137} INFO - encoding of categorical columns done!
[2023-03-14T18:12:34.374+0530] {logging_mixin.py:137} INFO - Statrted Training the Linear_regression model.
[2023-03-14T18:12:34.435+0530] {logging_mixin.py:137} INFO - 0.23781375560464457 0.23477918562758715
[2023-03-14T18:12:34.436+0530] {logging_mixin.py:137} INFO - Saving the model.
[2023-03-14T18:12:34.436+0530] {logging_mixin.py:137} INFO - Statrted Training the decisiontree model.
[2023-03-14T18:12:55.945+0530] {logging_mixin.py:137} INFO - [2023-03-14T18:12:55.944+0530] {timeout.py:68} ERROR - Process timed out, PID: 10711
[2023-03-14T18:13:18.831+0530] {logging_mixin.py:137} INFO - 0.9892396003371967 0.9358554145454421
[2023-03-14T18:13:18.831+0530] {logging_mixin.py:137} INFO - Saving the model.
[2023-03-14T18:13:18.837+0530] {logging_mixin.py:137} INFO - Statrted Training the knearestneighbour model.
[2023-03-14T18:14:52.948+0530] {logging_mixin.py:137} INFO - 0.9849481197030876 0.9225080687382756
[2023-03-14T18:14:52.948+0530] {logging_mixin.py:137} INFO - Saving the model.
[2023-03-14T18:14:52.971+0530] {processor.py:753} INFO - DAG(s) dict_keys(['house_usa']) retrieved from /home/ris/PycharmProjects/pythonProject/USA-housing/dags/pipline.py
[2023-03-14T18:14:52.991+0530] {logging_mixin.py:137} INFO - [2023-03-14T18:14:52.990+0530] {dag.py:2690} INFO - Sync 1 DAGs
[2023-03-14T18:14:53.039+0530] {processor.py:175} INFO - Processing /home/ris/PycharmProjects/pythonProject/USA-housing/dags/pipline.py took 147.184 seconds
[2023-03-14T18:37:59.099+0530] {processor.py:153} INFO - Started process (PID=12281) to work on /home/ris/PycharmProjects/pythonProject/USA-housing/dags/pipline.py
[2023-03-14T18:37:59.100+0530] {processor.py:743} INFO - Processing file /home/ris/PycharmProjects/pythonProject/USA-housing/dags/pipline.py for tasks to queue
[2023-03-14T18:37:59.102+0530] {logging_mixin.py:137} INFO - [2023-03-14T18:37:59.101+0530] {dagbag.py:538} INFO - Filling up the DagBag from /home/ris/PycharmProjects/pythonProject/USA-housing/dags/pipline.py
[2023-03-14T18:37:59.348+0530] {logging_mixin.py:137} INFO - data uploaded!
[2023-03-14T18:38:01.162+0530] {logging_mixin.py:137} INFO - data uploaded!
[2023-03-14T18:38:01.657+0530] {logging_mixin.py:137} INFO - Percentage of missing values column wise
: status          0.000000
price           0.000080
bed             0.142610
bath            0.124729
acre_lot        0.296102
full_address    0.000000
street          0.002299
city            0.000076
state           0.000000
zip_code        0.000214
house_size      0.322883
sold_date       0.505444
dtype: float64
[2023-03-14T18:38:01.792+0530] {logging_mixin.py:137} INFO - sanity check done!
[2023-03-14T18:38:02.276+0530] {logging_mixin.py:137} INFO - handling of missing values done!
[2023-03-14T18:38:02.369+0530] {logging_mixin.py:137} INFO - handling of outliers done!
[2023-03-14T18:38:02.746+0530] {logging_mixin.py:137} INFO - encoding of categorical columns done!
[2023-03-14T18:38:02.813+0530] {logging_mixin.py:137} INFO - Loading the Data.
[2023-03-14T18:38:04.166+0530] {logging_mixin.py:137} INFO - data uploaded!
[2023-03-14T18:38:04.167+0530] {logging_mixin.py:137} INFO - Starting Pre-processing of Data
[2023-03-14T18:38:04.657+0530] {logging_mixin.py:137} INFO - Percentage of missing values column wise
: status          0.000000
price           0.000080
bed             0.142610
bath            0.124729
acre_lot        0.296102
full_address    0.000000
street          0.002299
city            0.000076
state           0.000000
zip_code        0.000214
house_size      0.322883
sold_date       0.505444
dtype: float64
[2023-03-14T18:38:04.787+0530] {logging_mixin.py:137} INFO - sanity check done!
[2023-03-14T18:38:05.266+0530] {logging_mixin.py:137} INFO - handling of missing values done!
[2023-03-14T18:38:05.356+0530] {logging_mixin.py:137} INFO - handling of outliers done!
[2023-03-14T18:38:05.742+0530] {logging_mixin.py:137} INFO - encoding of categorical columns done!
[2023-03-14T18:38:05.748+0530] {logging_mixin.py:137} INFO - Statrted Training the Linear_regression model.
[2023-03-14T18:38:05.789+0530] {logging_mixin.py:137} INFO - 0.23781375560464457 0.23477918562758715
[2023-03-14T18:38:05.790+0530] {logging_mixin.py:137} INFO - Saving the model.
[2023-03-14T18:38:05.790+0530] {logging_mixin.py:137} INFO - Statrted Training the decisiontree model.
[2023-03-14T18:38:29.196+0530] {logging_mixin.py:137} INFO - [2023-03-14T18:38:29.196+0530] {timeout.py:68} ERROR - Process timed out, PID: 12281
[2023-03-14T18:38:41.199+0530] {logging_mixin.py:137} INFO - 0.9892396003371967 0.9358554145454421
[2023-03-14T18:38:41.200+0530] {logging_mixin.py:137} INFO - Saving the model.
[2023-03-14T18:38:41.203+0530] {logging_mixin.py:137} INFO - Statrted Training the knearestneighbour model.
[2023-03-14T18:39:34.541+0530] {logging_mixin.py:137} INFO - 0.9849481197030876 0.9225080687382756
[2023-03-14T18:39:34.541+0530] {logging_mixin.py:137} INFO - Saving the model.
[2023-03-14T18:39:34.557+0530] {processor.py:753} INFO - DAG(s) dict_keys(['house_usa']) retrieved from /home/ris/PycharmProjects/pythonProject/USA-housing/dags/pipline.py
[2023-03-14T18:39:34.570+0530] {logging_mixin.py:137} INFO - [2023-03-14T18:39:34.570+0530] {dag.py:2690} INFO - Sync 1 DAGs
[2023-03-14T18:39:34.597+0530] {processor.py:175} INFO - Processing /home/ris/PycharmProjects/pythonProject/USA-housing/dags/pipline.py took 95.503 seconds
[2023-03-14T19:02:14.643+0530] {processor.py:153} INFO - Started process (PID=14570) to work on /home/ris/PycharmProjects/pythonProject/USA-housing/dags/pipline.py
[2023-03-14T19:02:14.644+0530] {processor.py:743} INFO - Processing file /home/ris/PycharmProjects/pythonProject/USA-housing/dags/pipline.py for tasks to queue
[2023-03-14T19:02:14.646+0530] {logging_mixin.py:137} INFO - [2023-03-14T19:02:14.645+0530] {dagbag.py:538} INFO - Filling up the DagBag from /home/ris/PycharmProjects/pythonProject/USA-housing/dags/pipline.py
[2023-03-14T19:02:15.043+0530] {logging_mixin.py:137} INFO - data uploaded!
[2023-03-14T19:02:16.857+0530] {logging_mixin.py:137} INFO - data uploaded!
[2023-03-14T19:02:17.368+0530] {logging_mixin.py:137} INFO - Percentage of missing values column wise
: status          0.000000
price           0.000080
bed             0.142610
bath            0.124729
acre_lot        0.296102
full_address    0.000000
street          0.002299
city            0.000076
state           0.000000
zip_code        0.000214
house_size      0.322883
sold_date       0.505444
dtype: float64
[2023-03-14T19:02:17.524+0530] {logging_mixin.py:137} INFO - sanity check done!
[2023-03-14T19:02:18.092+0530] {logging_mixin.py:137} INFO - handling of missing values done!
[2023-03-14T19:02:18.195+0530] {logging_mixin.py:137} INFO - handling of outliers done!
[2023-03-14T19:02:18.577+0530] {logging_mixin.py:137} INFO - encoding of categorical columns done!
[2023-03-14T19:02:18.647+0530] {logging_mixin.py:137} INFO - Loading the Data.
[2023-03-14T19:02:19.999+0530] {logging_mixin.py:137} INFO - data uploaded!
[2023-03-14T19:02:19.999+0530] {logging_mixin.py:137} INFO - Starting Pre-processing of Data
[2023-03-14T19:02:20.480+0530] {logging_mixin.py:137} INFO - Percentage of missing values column wise
: status          0.000000
price           0.000080
bed             0.142610
bath            0.124729
acre_lot        0.296102
full_address    0.000000
street          0.002299
city            0.000076
state           0.000000
zip_code        0.000214
house_size      0.322883
sold_date       0.505444
dtype: float64
[2023-03-14T19:02:20.627+0530] {logging_mixin.py:137} INFO - sanity check done!
[2023-03-14T19:02:21.103+0530] {logging_mixin.py:137} INFO - handling of missing values done!
[2023-03-14T19:02:21.193+0530] {logging_mixin.py:137} INFO - handling of outliers done!
[2023-03-14T19:02:21.569+0530] {logging_mixin.py:137} INFO - encoding of categorical columns done!
[2023-03-14T19:02:21.575+0530] {logging_mixin.py:137} INFO - Statrted Training the Linear_regression model.
[2023-03-14T19:02:21.616+0530] {logging_mixin.py:137} INFO - 0.23781375560464457 0.23477918562758715
[2023-03-14T19:02:21.616+0530] {logging_mixin.py:137} INFO - Saving the model.
[2023-03-14T19:02:21.617+0530] {logging_mixin.py:137} INFO - Statrted Training the decisiontree model.
[2023-03-14T19:02:44.648+0530] {logging_mixin.py:137} INFO - [2023-03-14T19:02:44.648+0530] {timeout.py:68} ERROR - Process timed out, PID: 14570
[2023-03-14T19:02:57.293+0530] {logging_mixin.py:137} INFO - 0.9892395905273782 0.9367324726530813
[2023-03-14T19:02:57.293+0530] {logging_mixin.py:137} INFO - Saving the model.
[2023-03-14T19:02:57.298+0530] {logging_mixin.py:137} INFO - Statrted Training the knearestneighbour model.
[2023-03-14T19:04:08.685+0530] {logging_mixin.py:137} INFO - 0.9849481197030876 0.9225080687382756
[2023-03-14T19:04:08.685+0530] {logging_mixin.py:137} INFO - Saving the model.
[2023-03-14T19:04:08.696+0530] {processor.py:753} INFO - DAG(s) dict_keys(['house_usa']) retrieved from /home/ris/PycharmProjects/pythonProject/USA-housing/dags/pipline.py
[2023-03-14T19:04:08.710+0530] {logging_mixin.py:137} INFO - [2023-03-14T19:04:08.710+0530] {dag.py:2690} INFO - Sync 1 DAGs
[2023-03-14T19:04:08.744+0530] {processor.py:175} INFO - Processing /home/ris/PycharmProjects/pythonProject/USA-housing/dags/pipline.py took 114.105 seconds
[2023-03-14T19:13:51.087+0530] {processor.py:153} INFO - Started process (PID=14899) to work on /home/ris/PycharmProjects/pythonProject/USA-housing/dags/pipline.py
[2023-03-14T19:13:51.088+0530] {processor.py:743} INFO - Processing file /home/ris/PycharmProjects/pythonProject/USA-housing/dags/pipline.py for tasks to queue
[2023-03-14T19:13:51.089+0530] {logging_mixin.py:137} INFO - [2023-03-14T19:13:51.089+0530] {dagbag.py:538} INFO - Filling up the DagBag from /home/ris/PycharmProjects/pythonProject/USA-housing/dags/pipline.py
[2023-03-14T19:13:51.442+0530] {logging_mixin.py:137} INFO - data uploaded!
[2023-03-14T19:13:53.088+0530] {logging_mixin.py:137} INFO - data uploaded!
[2023-03-14T19:13:53.574+0530] {logging_mixin.py:137} INFO - Percentage of missing values column wise
: status          0.000000
price           0.000080
bed             0.142610
bath            0.124729
acre_lot        0.296102
full_address    0.000000
street          0.002299
city            0.000076
state           0.000000
zip_code        0.000214
house_size      0.322883
sold_date       0.505444
dtype: float64
[2023-03-14T19:13:53.704+0530] {logging_mixin.py:137} INFO - sanity check done!
[2023-03-14T19:13:54.170+0530] {logging_mixin.py:137} INFO - handling of missing values done!
[2023-03-14T19:13:54.261+0530] {logging_mixin.py:137} INFO - handling of outliers done!
[2023-03-14T19:13:54.646+0530] {logging_mixin.py:137} INFO - encoding of categorical columns done!
[2023-03-14T19:13:54.713+0530] {logging_mixin.py:137} INFO - Loading the Data.
[2023-03-14T19:13:56.069+0530] {logging_mixin.py:137} INFO - data uploaded!
[2023-03-14T19:13:56.069+0530] {logging_mixin.py:137} INFO - Starting Pre-processing of Data
[2023-03-14T19:13:56.546+0530] {logging_mixin.py:137} INFO - Percentage of missing values column wise
: status          0.000000
price           0.000080
bed             0.142610
bath            0.124729
acre_lot        0.296102
full_address    0.000000
street          0.002299
city            0.000076
state           0.000000
zip_code        0.000214
house_size      0.322883
sold_date       0.505444
dtype: float64
[2023-03-14T19:13:56.677+0530] {logging_mixin.py:137} INFO - sanity check done!
[2023-03-14T19:13:57.153+0530] {logging_mixin.py:137} INFO - handling of missing values done!
[2023-03-14T19:13:57.243+0530] {logging_mixin.py:137} INFO - handling of outliers done!
[2023-03-14T19:13:57.621+0530] {logging_mixin.py:137} INFO - encoding of categorical columns done!
[2023-03-14T19:13:57.627+0530] {logging_mixin.py:137} INFO - Statrted Training the Linear_regression model.
[2023-03-14T19:13:57.668+0530] {logging_mixin.py:137} INFO - 0.23781375560464457 0.23477918562758715
[2023-03-14T19:13:57.668+0530] {logging_mixin.py:137} INFO - Saving the model.
[2023-03-14T19:13:57.669+0530] {logging_mixin.py:137} INFO - Statrted Training the decisiontree model.
[2023-03-14T19:14:21.220+0530] {logging_mixin.py:137} INFO - [2023-03-14T19:14:21.220+0530] {timeout.py:68} ERROR - Process timed out, PID: 14899
[2023-03-14T19:14:32.775+0530] {logging_mixin.py:137} INFO - 0.9892396003371967 0.9358554145454421
[2023-03-14T19:14:32.776+0530] {logging_mixin.py:137} INFO - Saving the model.
[2023-03-14T19:14:32.779+0530] {logging_mixin.py:137} INFO - Statrted Training the knearestneighbour model.
[2023-03-14T19:15:37.623+0530] {logging_mixin.py:137} INFO - 0.9849481197030876 0.9225080687382756
[2023-03-14T19:15:37.623+0530] {logging_mixin.py:137} INFO - Saving the model.
[2023-03-14T19:15:37.637+0530] {processor.py:753} INFO - DAG(s) dict_keys(['house_usa']) retrieved from /home/ris/PycharmProjects/pythonProject/USA-housing/dags/pipline.py
[2023-03-14T19:15:37.651+0530] {logging_mixin.py:137} INFO - [2023-03-14T19:15:37.650+0530] {dag.py:2690} INFO - Sync 1 DAGs
[2023-03-14T19:15:37.681+0530] {processor.py:175} INFO - Processing /home/ris/PycharmProjects/pythonProject/USA-housing/dags/pipline.py took 106.598 seconds
[2023-03-14T19:30:14.442+0530] {processor.py:153} INFO - Started process (PID=15334) to work on /home/ris/PycharmProjects/pythonProject/USA-housing/dags/pipline.py
[2023-03-14T19:30:14.444+0530] {processor.py:743} INFO - Processing file /home/ris/PycharmProjects/pythonProject/USA-housing/dags/pipline.py for tasks to queue
[2023-03-14T19:30:14.445+0530] {logging_mixin.py:137} INFO - [2023-03-14T19:30:14.445+0530] {dagbag.py:538} INFO - Filling up the DagBag from /home/ris/PycharmProjects/pythonProject/USA-housing/dags/pipline.py
[2023-03-14T19:30:14.901+0530] {logging_mixin.py:137} INFO - data uploaded!
[2023-03-14T19:30:16.754+0530] {logging_mixin.py:137} INFO - data uploaded!
[2023-03-14T19:30:17.297+0530] {logging_mixin.py:137} INFO - Percentage of missing values column wise
: status          0.000000
price           0.000080
bed             0.142610
bath            0.124729
acre_lot        0.296102
full_address    0.000000
street          0.002299
city            0.000076
state           0.000000
zip_code        0.000214
house_size      0.322883
sold_date       0.505444
dtype: float64
[2023-03-14T19:30:17.458+0530] {logging_mixin.py:137} INFO - sanity check done!
[2023-03-14T19:30:17.994+0530] {logging_mixin.py:137} INFO - handling of missing values done!
[2023-03-14T19:30:18.092+0530] {logging_mixin.py:137} INFO - handling of outliers done!
[2023-03-14T19:30:18.479+0530] {logging_mixin.py:137} INFO - encoding of categorical columns done!
[2023-03-14T19:30:18.549+0530] {logging_mixin.py:137} INFO - Loading the Data.
[2023-03-14T19:30:20.000+0530] {logging_mixin.py:137} INFO - data uploaded!
[2023-03-14T19:30:20.000+0530] {logging_mixin.py:137} INFO - Starting Pre-processing of Data
[2023-03-14T19:30:20.498+0530] {logging_mixin.py:137} INFO - Percentage of missing values column wise
: status          0.000000
price           0.000080
bed             0.142610
bath            0.124729
acre_lot        0.296102
full_address    0.000000
street          0.002299
city            0.000076
state           0.000000
zip_code        0.000214
house_size      0.322883
sold_date       0.505444
dtype: float64
[2023-03-14T19:30:20.652+0530] {logging_mixin.py:137} INFO - sanity check done!
[2023-03-14T19:30:21.155+0530] {logging_mixin.py:137} INFO - handling of missing values done!
[2023-03-14T19:30:21.248+0530] {logging_mixin.py:137} INFO - handling of outliers done!
[2023-03-14T19:30:21.627+0530] {logging_mixin.py:137} INFO - encoding of categorical columns done!
[2023-03-14T19:30:21.633+0530] {logging_mixin.py:137} INFO - Statrted Training the Linear_regression model.
[2023-03-14T19:30:21.679+0530] {logging_mixin.py:137} INFO - 0.23781375560464457 0.23477918562758715
[2023-03-14T19:30:21.679+0530] {logging_mixin.py:137} INFO - Saving the model.
[2023-03-14T19:30:21.680+0530] {logging_mixin.py:137} INFO - Statrted Training the decisiontree model.
[2023-03-14T19:30:44.551+0530] {logging_mixin.py:137} INFO - [2023-03-14T19:30:44.551+0530] {timeout.py:68} ERROR - Process timed out, PID: 15334
[2023-03-14T19:30:59.464+0530] {logging_mixin.py:137} INFO - 0.9892396003371967 0.9358554145454421
[2023-03-14T19:30:59.464+0530] {logging_mixin.py:137} INFO - Saving the model.
[2023-03-14T19:30:59.467+0530] {logging_mixin.py:137} INFO - Statrted Training the knearestneighbour model.
[2023-03-14T19:31:51.099+0530] {logging_mixin.py:137} INFO - 0.9849481197030876 0.9225080687382756
[2023-03-14T19:31:51.100+0530] {logging_mixin.py:137} INFO - Saving the model.
[2023-03-14T19:31:51.113+0530] {processor.py:753} INFO - DAG(s) dict_keys(['house_usa']) retrieved from /home/ris/PycharmProjects/pythonProject/USA-housing/dags/pipline.py
[2023-03-14T19:31:51.125+0530] {logging_mixin.py:137} INFO - [2023-03-14T19:31:51.125+0530] {dag.py:2690} INFO - Sync 1 DAGs
[2023-03-14T19:31:51.139+0530] {logging_mixin.py:137} INFO - [2023-03-14T19:31:51.138+0530] {dag.py:3437} INFO - Setting next_dagrun for house_usa to 2023-03-02T06:00:00+00:00, run_after=2023-03-02T07:00:00+00:00
[2023-03-14T19:31:51.153+0530] {processor.py:175} INFO - Processing /home/ris/PycharmProjects/pythonProject/USA-housing/dags/pipline.py took 96.717 seconds
[2023-03-14T19:53:51.130+0530] {processor.py:153} INFO - Started process (PID=15742) to work on /home/ris/PycharmProjects/pythonProject/USA-housing/dags/pipline.py
[2023-03-14T19:53:51.132+0530] {processor.py:743} INFO - Processing file /home/ris/PycharmProjects/pythonProject/USA-housing/dags/pipline.py for tasks to queue
[2023-03-14T19:53:51.133+0530] {logging_mixin.py:137} INFO - [2023-03-14T19:53:51.132+0530] {dagbag.py:538} INFO - Filling up the DagBag from /home/ris/PycharmProjects/pythonProject/USA-housing/dags/pipline.py
[2023-03-14T19:53:51.491+0530] {logging_mixin.py:137} INFO - data uploaded!
[2023-03-14T19:53:53.132+0530] {logging_mixin.py:137} INFO - data uploaded!
[2023-03-14T19:53:53.616+0530] {logging_mixin.py:137} INFO - Percentage of missing values column wise
: status          0.000000
price           0.000080
bed             0.142610
bath            0.124729
acre_lot        0.296102
full_address    0.000000
street          0.002299
city            0.000076
state           0.000000
zip_code        0.000214
house_size      0.322883
sold_date       0.505444
dtype: float64
[2023-03-14T19:53:53.746+0530] {logging_mixin.py:137} INFO - sanity check done!
[2023-03-14T19:53:54.209+0530] {logging_mixin.py:137} INFO - handling of missing values done!
[2023-03-14T19:53:54.299+0530] {logging_mixin.py:137} INFO - handling of outliers done!
[2023-03-14T19:53:54.688+0530] {logging_mixin.py:137} INFO - encoding of categorical columns done!
[2023-03-14T19:53:54.754+0530] {logging_mixin.py:137} INFO - Loading the Data.
[2023-03-14T19:53:56.081+0530] {logging_mixin.py:137} INFO - data uploaded!
[2023-03-14T19:53:56.082+0530] {logging_mixin.py:137} INFO - Starting Pre-processing of Data
[2023-03-14T19:53:56.557+0530] {logging_mixin.py:137} INFO - Percentage of missing values column wise
: status          0.000000
price           0.000080
bed             0.142610
bath            0.124729
acre_lot        0.296102
full_address    0.000000
street          0.002299
city            0.000076
state           0.000000
zip_code        0.000214
house_size      0.322883
sold_date       0.505444
dtype: float64
[2023-03-14T19:53:56.688+0530] {logging_mixin.py:137} INFO - sanity check done!
[2023-03-14T19:53:57.160+0530] {logging_mixin.py:137} INFO - handling of missing values done!
[2023-03-14T19:53:57.251+0530] {logging_mixin.py:137} INFO - handling of outliers done!
[2023-03-14T19:53:57.626+0530] {logging_mixin.py:137} INFO - encoding of categorical columns done!
[2023-03-14T19:53:57.632+0530] {logging_mixin.py:137} INFO - Statrted Training the Linear_regression model.
[2023-03-14T19:53:57.672+0530] {logging_mixin.py:137} INFO - 0.23781375560464457 0.23477918562758715
[2023-03-14T19:53:57.673+0530] {logging_mixin.py:137} INFO - Saving the model.
[2023-03-14T19:53:57.673+0530] {logging_mixin.py:137} INFO - Statrted Training the decisiontree model.
[2023-03-14T19:54:21.183+0530] {logging_mixin.py:137} INFO - [2023-03-14T19:54:21.183+0530] {timeout.py:68} ERROR - Process timed out, PID: 15742
[2023-03-14T19:54:32.515+0530] {logging_mixin.py:137} INFO - 0.9892396003371967 0.9358554145454421
[2023-03-14T19:54:32.515+0530] {logging_mixin.py:137} INFO - Saving the model.
[2023-03-14T19:54:32.519+0530] {logging_mixin.py:137} INFO - Statrted Training the knearestneighbour model.
[2023-03-14T19:55:23.416+0530] {logging_mixin.py:137} INFO - 0.9849481197030876 0.9225080687382756
[2023-03-14T19:55:23.417+0530] {logging_mixin.py:137} INFO - Saving the model.
[2023-03-14T19:55:23.431+0530] {processor.py:753} INFO - DAG(s) dict_keys(['house_usa']) retrieved from /home/ris/PycharmProjects/pythonProject/USA-housing/dags/pipline.py
[2023-03-14T19:55:23.443+0530] {logging_mixin.py:137} INFO - [2023-03-14T19:55:23.443+0530] {dag.py:2690} INFO - Sync 1 DAGs
[2023-03-14T19:55:23.456+0530] {logging_mixin.py:137} INFO - [2023-03-14T19:55:23.456+0530] {dag.py:3437} INFO - Setting next_dagrun for house_usa to 2023-03-02T07:00:00+00:00, run_after=2023-03-02T08:00:00+00:00
[2023-03-14T19:55:23.471+0530] {processor.py:175} INFO - Processing /home/ris/PycharmProjects/pythonProject/USA-housing/dags/pipline.py took 92.346 seconds
[2023-03-14T20:18:16.926+0530] {processor.py:153} INFO - Started process (PID=16158) to work on /home/ris/PycharmProjects/pythonProject/USA-housing/dags/pipline.py
[2023-03-14T20:18:16.928+0530] {processor.py:743} INFO - Processing file /home/ris/PycharmProjects/pythonProject/USA-housing/dags/pipline.py for tasks to queue
[2023-03-14T20:18:16.930+0530] {logging_mixin.py:137} INFO - [2023-03-14T20:18:16.929+0530] {dagbag.py:538} INFO - Filling up the DagBag from /home/ris/PycharmProjects/pythonProject/USA-housing/dags/pipline.py
[2023-03-14T20:18:17.287+0530] {logging_mixin.py:137} INFO - data uploaded!
[2023-03-14T20:18:18.894+0530] {logging_mixin.py:137} INFO - data uploaded!
[2023-03-14T20:18:19.373+0530] {logging_mixin.py:137} INFO - Percentage of missing values column wise
: status          0.000000
price           0.000080
bed             0.142610
bath            0.124729
acre_lot        0.296102
full_address    0.000000
street          0.002299
city            0.000076
state           0.000000
zip_code        0.000214
house_size      0.322883
sold_date       0.505444
dtype: float64
[2023-03-14T20:18:19.502+0530] {logging_mixin.py:137} INFO - sanity check done!
[2023-03-14T20:18:19.980+0530] {logging_mixin.py:137} INFO - handling of missing values done!
[2023-03-14T20:18:20.071+0530] {logging_mixin.py:137} INFO - handling of outliers done!
[2023-03-14T20:18:20.457+0530] {logging_mixin.py:137} INFO - encoding of categorical columns done!
[2023-03-14T20:18:20.522+0530] {logging_mixin.py:137} INFO - Loading the Data.
[2023-03-14T20:18:21.840+0530] {logging_mixin.py:137} INFO - data uploaded!
[2023-03-14T20:18:21.840+0530] {logging_mixin.py:137} INFO - Starting Pre-processing of Data
[2023-03-14T20:18:22.323+0530] {logging_mixin.py:137} INFO - Percentage of missing values column wise
: status          0.000000
price           0.000080
bed             0.142610
bath            0.124729
acre_lot        0.296102
full_address    0.000000
street          0.002299
city            0.000076
state           0.000000
zip_code        0.000214
house_size      0.322883
sold_date       0.505444
dtype: float64
[2023-03-14T20:18:22.451+0530] {logging_mixin.py:137} INFO - sanity check done!
[2023-03-14T20:18:22.928+0530] {logging_mixin.py:137} INFO - handling of missing values done!
[2023-03-14T20:18:23.018+0530] {logging_mixin.py:137} INFO - handling of outliers done!
[2023-03-14T20:18:23.408+0530] {logging_mixin.py:137} INFO - encoding of categorical columns done!
[2023-03-14T20:18:23.414+0530] {logging_mixin.py:137} INFO - Statrted Training the Linear_regression model.
[2023-03-14T20:18:23.454+0530] {logging_mixin.py:137} INFO - 0.23781375560464457 0.23477918562758715
[2023-03-14T20:18:23.455+0530] {logging_mixin.py:137} INFO - Saving the model.
[2023-03-14T20:18:23.455+0530] {logging_mixin.py:137} INFO - Statrted Training the decisiontree model.
[2023-03-14T20:18:47.009+0530] {logging_mixin.py:137} INFO - [2023-03-14T20:18:47.008+0530] {timeout.py:68} ERROR - Process timed out, PID: 16158
[2023-03-14T20:18:58.145+0530] {logging_mixin.py:137} INFO - 0.9892396003371967 0.9358554145454421
[2023-03-14T20:18:58.145+0530] {logging_mixin.py:137} INFO - Saving the model.
[2023-03-14T20:18:58.148+0530] {logging_mixin.py:137} INFO - Statrted Training the knearestneighbour model.
[2023-03-14T20:19:49.340+0530] {logging_mixin.py:137} INFO - 0.9849481197030876 0.9225080687382756
[2023-03-14T20:19:49.340+0530] {logging_mixin.py:137} INFO - Saving the model.
[2023-03-14T20:19:49.354+0530] {processor.py:753} INFO - DAG(s) dict_keys(['house_usa']) retrieved from /home/ris/PycharmProjects/pythonProject/USA-housing/dags/pipline.py
[2023-03-14T20:19:49.366+0530] {logging_mixin.py:137} INFO - [2023-03-14T20:19:49.366+0530] {dag.py:2690} INFO - Sync 1 DAGs
[2023-03-14T20:19:49.380+0530] {logging_mixin.py:137} INFO - [2023-03-14T20:19:49.380+0530] {dag.py:3437} INFO - Setting next_dagrun for house_usa to 2023-03-02T08:00:00+00:00, run_after=2023-03-02T09:00:00+00:00
[2023-03-14T20:19:49.394+0530] {processor.py:175} INFO - Processing /home/ris/PycharmProjects/pythonProject/USA-housing/dags/pipline.py took 92.472 seconds
