[2023-03-04T09:23:19.693+0530] {processor.py:153} INFO - Started process (PID=28859) to work on /home/ris/PycharmProjects/pythonProject/USA-housing/venv/lib/python3.10/site-packages/airflow/example_dags/subdags/subdag.py
[2023-03-04T09:23:19.694+0530] {processor.py:743} INFO - Processing file /home/ris/PycharmProjects/pythonProject/USA-housing/venv/lib/python3.10/site-packages/airflow/example_dags/subdags/subdag.py for tasks to queue
[2023-03-04T09:23:19.695+0530] {logging_mixin.py:137} INFO - [2023-03-04T09:23:19.695+0530] {dagbag.py:538} INFO - Filling up the DagBag from /home/ris/PycharmProjects/pythonProject/USA-housing/venv/lib/python3.10/site-packages/airflow/example_dags/subdags/subdag.py
[2023-03-04T09:23:19.701+0530] {processor.py:755} WARNING - No viable dags retrieved from /home/ris/PycharmProjects/pythonProject/USA-housing/venv/lib/python3.10/site-packages/airflow/example_dags/subdags/subdag.py
[2023-03-04T09:23:19.713+0530] {processor.py:175} INFO - Processing /home/ris/PycharmProjects/pythonProject/USA-housing/venv/lib/python3.10/site-packages/airflow/example_dags/subdags/subdag.py took 0.025 seconds
[2023-03-04T09:24:00.402+0530] {processor.py:153} INFO - Started process (PID=29735) to work on /home/ris/PycharmProjects/pythonProject/USA-housing/venv/lib/python3.10/site-packages/airflow/example_dags/subdags/subdag.py
[2023-03-04T09:24:00.404+0530] {processor.py:743} INFO - Processing file /home/ris/PycharmProjects/pythonProject/USA-housing/venv/lib/python3.10/site-packages/airflow/example_dags/subdags/subdag.py for tasks to queue
[2023-03-04T09:24:00.405+0530] {logging_mixin.py:137} INFO - [2023-03-04T09:24:00.405+0530] {dagbag.py:538} INFO - Filling up the DagBag from /home/ris/PycharmProjects/pythonProject/USA-housing/venv/lib/python3.10/site-packages/airflow/example_dags/subdags/subdag.py
[2023-03-04T09:24:00.411+0530] {processor.py:755} WARNING - No viable dags retrieved from /home/ris/PycharmProjects/pythonProject/USA-housing/venv/lib/python3.10/site-packages/airflow/example_dags/subdags/subdag.py
[2023-03-04T09:24:00.427+0530] {processor.py:175} INFO - Processing /home/ris/PycharmProjects/pythonProject/USA-housing/venv/lib/python3.10/site-packages/airflow/example_dags/subdags/subdag.py took 0.029 seconds
[2023-03-04T09:24:39.276+0530] {processor.py:153} INFO - Started process (PID=29771) to work on /home/ris/PycharmProjects/pythonProject/USA-housing/venv/lib/python3.10/site-packages/airflow/example_dags/subdags/subdag.py
[2023-03-04T09:24:39.278+0530] {processor.py:743} INFO - Processing file /home/ris/PycharmProjects/pythonProject/USA-housing/venv/lib/python3.10/site-packages/airflow/example_dags/subdags/subdag.py for tasks to queue
[2023-03-04T09:24:39.279+0530] {logging_mixin.py:137} INFO - [2023-03-04T09:24:39.279+0530] {dagbag.py:538} INFO - Filling up the DagBag from /home/ris/PycharmProjects/pythonProject/USA-housing/venv/lib/python3.10/site-packages/airflow/example_dags/subdags/subdag.py
[2023-03-04T09:24:39.285+0530] {processor.py:755} WARNING - No viable dags retrieved from /home/ris/PycharmProjects/pythonProject/USA-housing/venv/lib/python3.10/site-packages/airflow/example_dags/subdags/subdag.py
[2023-03-04T09:24:39.301+0530] {processor.py:175} INFO - Processing /home/ris/PycharmProjects/pythonProject/USA-housing/venv/lib/python3.10/site-packages/airflow/example_dags/subdags/subdag.py took 0.028 seconds
[2023-03-04T09:25:14.923+0530] {processor.py:153} INFO - Started process (PID=29813) to work on /home/ris/PycharmProjects/pythonProject/USA-housing/venv/lib/python3.10/site-packages/airflow/example_dags/subdags/subdag.py
[2023-03-04T09:25:14.925+0530] {processor.py:743} INFO - Processing file /home/ris/PycharmProjects/pythonProject/USA-housing/venv/lib/python3.10/site-packages/airflow/example_dags/subdags/subdag.py for tasks to queue
[2023-03-04T09:25:14.926+0530] {logging_mixin.py:137} INFO - [2023-03-04T09:25:14.926+0530] {dagbag.py:538} INFO - Filling up the DagBag from /home/ris/PycharmProjects/pythonProject/USA-housing/venv/lib/python3.10/site-packages/airflow/example_dags/subdags/subdag.py
[2023-03-04T09:25:14.932+0530] {processor.py:755} WARNING - No viable dags retrieved from /home/ris/PycharmProjects/pythonProject/USA-housing/venv/lib/python3.10/site-packages/airflow/example_dags/subdags/subdag.py
[2023-03-04T09:25:14.948+0530] {processor.py:175} INFO - Processing /home/ris/PycharmProjects/pythonProject/USA-housing/venv/lib/python3.10/site-packages/airflow/example_dags/subdags/subdag.py took 0.029 seconds
[2023-03-04T09:25:48.569+0530] {processor.py:153} INFO - Started process (PID=30043) to work on /home/ris/PycharmProjects/pythonProject/USA-housing/venv/lib/python3.10/site-packages/airflow/example_dags/subdags/subdag.py
[2023-03-04T09:25:48.571+0530] {processor.py:743} INFO - Processing file /home/ris/PycharmProjects/pythonProject/USA-housing/venv/lib/python3.10/site-packages/airflow/example_dags/subdags/subdag.py for tasks to queue
[2023-03-04T09:25:48.572+0530] {logging_mixin.py:137} INFO - [2023-03-04T09:25:48.572+0530] {dagbag.py:538} INFO - Filling up the DagBag from /home/ris/PycharmProjects/pythonProject/USA-housing/venv/lib/python3.10/site-packages/airflow/example_dags/subdags/subdag.py
[2023-03-04T09:25:48.577+0530] {processor.py:755} WARNING - No viable dags retrieved from /home/ris/PycharmProjects/pythonProject/USA-housing/venv/lib/python3.10/site-packages/airflow/example_dags/subdags/subdag.py
[2023-03-04T09:25:48.594+0530] {processor.py:175} INFO - Processing /home/ris/PycharmProjects/pythonProject/USA-housing/venv/lib/python3.10/site-packages/airflow/example_dags/subdags/subdag.py took 0.030 seconds
[2023-03-04T09:26:23.523+0530] {processor.py:153} INFO - Started process (PID=30117) to work on /home/ris/PycharmProjects/pythonProject/USA-housing/venv/lib/python3.10/site-packages/airflow/example_dags/subdags/subdag.py
[2023-03-04T09:26:23.525+0530] {processor.py:743} INFO - Processing file /home/ris/PycharmProjects/pythonProject/USA-housing/venv/lib/python3.10/site-packages/airflow/example_dags/subdags/subdag.py for tasks to queue
[2023-03-04T09:26:23.526+0530] {logging_mixin.py:137} INFO - [2023-03-04T09:26:23.526+0530] {dagbag.py:538} INFO - Filling up the DagBag from /home/ris/PycharmProjects/pythonProject/USA-housing/venv/lib/python3.10/site-packages/airflow/example_dags/subdags/subdag.py
[2023-03-04T09:26:23.532+0530] {processor.py:755} WARNING - No viable dags retrieved from /home/ris/PycharmProjects/pythonProject/USA-housing/venv/lib/python3.10/site-packages/airflow/example_dags/subdags/subdag.py
[2023-03-04T09:26:23.547+0530] {processor.py:175} INFO - Processing /home/ris/PycharmProjects/pythonProject/USA-housing/venv/lib/python3.10/site-packages/airflow/example_dags/subdags/subdag.py took 0.029 seconds
[2023-03-04T09:27:01.961+0530] {processor.py:153} INFO - Started process (PID=30154) to work on /home/ris/PycharmProjects/pythonProject/USA-housing/venv/lib/python3.10/site-packages/airflow/example_dags/subdags/subdag.py
[2023-03-04T09:27:01.963+0530] {processor.py:743} INFO - Processing file /home/ris/PycharmProjects/pythonProject/USA-housing/venv/lib/python3.10/site-packages/airflow/example_dags/subdags/subdag.py for tasks to queue
[2023-03-04T09:27:01.964+0530] {logging_mixin.py:137} INFO - [2023-03-04T09:27:01.964+0530] {dagbag.py:538} INFO - Filling up the DagBag from /home/ris/PycharmProjects/pythonProject/USA-housing/venv/lib/python3.10/site-packages/airflow/example_dags/subdags/subdag.py
[2023-03-04T09:27:01.969+0530] {processor.py:755} WARNING - No viable dags retrieved from /home/ris/PycharmProjects/pythonProject/USA-housing/venv/lib/python3.10/site-packages/airflow/example_dags/subdags/subdag.py
[2023-03-04T09:27:01.985+0530] {processor.py:175} INFO - Processing /home/ris/PycharmProjects/pythonProject/USA-housing/venv/lib/python3.10/site-packages/airflow/example_dags/subdags/subdag.py took 0.028 seconds
[2023-03-04T09:27:39.990+0530] {processor.py:153} INFO - Started process (PID=30193) to work on /home/ris/PycharmProjects/pythonProject/USA-housing/venv/lib/python3.10/site-packages/airflow/example_dags/subdags/subdag.py
[2023-03-04T09:27:39.992+0530] {processor.py:743} INFO - Processing file /home/ris/PycharmProjects/pythonProject/USA-housing/venv/lib/python3.10/site-packages/airflow/example_dags/subdags/subdag.py for tasks to queue
[2023-03-04T09:27:39.993+0530] {logging_mixin.py:137} INFO - [2023-03-04T09:27:39.993+0530] {dagbag.py:538} INFO - Filling up the DagBag from /home/ris/PycharmProjects/pythonProject/USA-housing/venv/lib/python3.10/site-packages/airflow/example_dags/subdags/subdag.py
[2023-03-04T09:27:39.999+0530] {processor.py:755} WARNING - No viable dags retrieved from /home/ris/PycharmProjects/pythonProject/USA-housing/venv/lib/python3.10/site-packages/airflow/example_dags/subdags/subdag.py
[2023-03-04T09:27:40.016+0530] {processor.py:175} INFO - Processing /home/ris/PycharmProjects/pythonProject/USA-housing/venv/lib/python3.10/site-packages/airflow/example_dags/subdags/subdag.py took 0.029 seconds
[2023-03-04T09:28:19.989+0530] {processor.py:153} INFO - Started process (PID=30237) to work on /home/ris/PycharmProjects/pythonProject/USA-housing/venv/lib/python3.10/site-packages/airflow/example_dags/subdags/subdag.py
[2023-03-04T09:28:19.992+0530] {processor.py:743} INFO - Processing file /home/ris/PycharmProjects/pythonProject/USA-housing/venv/lib/python3.10/site-packages/airflow/example_dags/subdags/subdag.py for tasks to queue
[2023-03-04T09:28:19.993+0530] {logging_mixin.py:137} INFO - [2023-03-04T09:28:19.992+0530] {dagbag.py:538} INFO - Filling up the DagBag from /home/ris/PycharmProjects/pythonProject/USA-housing/venv/lib/python3.10/site-packages/airflow/example_dags/subdags/subdag.py
[2023-03-04T09:28:19.999+0530] {processor.py:755} WARNING - No viable dags retrieved from /home/ris/PycharmProjects/pythonProject/USA-housing/venv/lib/python3.10/site-packages/airflow/example_dags/subdags/subdag.py
[2023-03-04T09:28:20.014+0530] {processor.py:175} INFO - Processing /home/ris/PycharmProjects/pythonProject/USA-housing/venv/lib/python3.10/site-packages/airflow/example_dags/subdags/subdag.py took 0.029 seconds
[2023-03-04T09:28:53.149+0530] {processor.py:153} INFO - Started process (PID=30272) to work on /home/ris/PycharmProjects/pythonProject/USA-housing/venv/lib/python3.10/site-packages/airflow/example_dags/subdags/subdag.py
[2023-03-04T09:28:53.151+0530] {processor.py:743} INFO - Processing file /home/ris/PycharmProjects/pythonProject/USA-housing/venv/lib/python3.10/site-packages/airflow/example_dags/subdags/subdag.py for tasks to queue
[2023-03-04T09:28:53.152+0530] {logging_mixin.py:137} INFO - [2023-03-04T09:28:53.151+0530] {dagbag.py:538} INFO - Filling up the DagBag from /home/ris/PycharmProjects/pythonProject/USA-housing/venv/lib/python3.10/site-packages/airflow/example_dags/subdags/subdag.py
[2023-03-04T09:28:53.157+0530] {processor.py:755} WARNING - No viable dags retrieved from /home/ris/PycharmProjects/pythonProject/USA-housing/venv/lib/python3.10/site-packages/airflow/example_dags/subdags/subdag.py
[2023-03-04T09:28:53.172+0530] {processor.py:175} INFO - Processing /home/ris/PycharmProjects/pythonProject/USA-housing/venv/lib/python3.10/site-packages/airflow/example_dags/subdags/subdag.py took 0.028 seconds
[2023-03-04T09:29:27.116+0530] {processor.py:153} INFO - Started process (PID=30306) to work on /home/ris/PycharmProjects/pythonProject/USA-housing/venv/lib/python3.10/site-packages/airflow/example_dags/subdags/subdag.py
[2023-03-04T09:29:27.118+0530] {processor.py:743} INFO - Processing file /home/ris/PycharmProjects/pythonProject/USA-housing/venv/lib/python3.10/site-packages/airflow/example_dags/subdags/subdag.py for tasks to queue
[2023-03-04T09:29:27.119+0530] {logging_mixin.py:137} INFO - [2023-03-04T09:29:27.119+0530] {dagbag.py:538} INFO - Filling up the DagBag from /home/ris/PycharmProjects/pythonProject/USA-housing/venv/lib/python3.10/site-packages/airflow/example_dags/subdags/subdag.py
[2023-03-04T09:29:27.125+0530] {processor.py:755} WARNING - No viable dags retrieved from /home/ris/PycharmProjects/pythonProject/USA-housing/venv/lib/python3.10/site-packages/airflow/example_dags/subdags/subdag.py
[2023-03-04T09:29:27.141+0530] {processor.py:175} INFO - Processing /home/ris/PycharmProjects/pythonProject/USA-housing/venv/lib/python3.10/site-packages/airflow/example_dags/subdags/subdag.py took 0.029 seconds
[2023-03-04T09:30:03.459+0530] {processor.py:153} INFO - Started process (PID=30349) to work on /home/ris/PycharmProjects/pythonProject/USA-housing/venv/lib/python3.10/site-packages/airflow/example_dags/subdags/subdag.py
[2023-03-04T09:30:03.460+0530] {processor.py:743} INFO - Processing file /home/ris/PycharmProjects/pythonProject/USA-housing/venv/lib/python3.10/site-packages/airflow/example_dags/subdags/subdag.py for tasks to queue
[2023-03-04T09:30:03.461+0530] {logging_mixin.py:137} INFO - [2023-03-04T09:30:03.461+0530] {dagbag.py:538} INFO - Filling up the DagBag from /home/ris/PycharmProjects/pythonProject/USA-housing/venv/lib/python3.10/site-packages/airflow/example_dags/subdags/subdag.py
[2023-03-04T09:30:03.463+0530] {processor.py:755} WARNING - No viable dags retrieved from /home/ris/PycharmProjects/pythonProject/USA-housing/venv/lib/python3.10/site-packages/airflow/example_dags/subdags/subdag.py
[2023-03-04T09:30:03.471+0530] {processor.py:175} INFO - Processing /home/ris/PycharmProjects/pythonProject/USA-housing/venv/lib/python3.10/site-packages/airflow/example_dags/subdags/subdag.py took 0.015 seconds
[2023-03-04T09:30:39.987+0530] {processor.py:153} INFO - Started process (PID=30384) to work on /home/ris/PycharmProjects/pythonProject/USA-housing/venv/lib/python3.10/site-packages/airflow/example_dags/subdags/subdag.py
[2023-03-04T09:30:39.989+0530] {processor.py:743} INFO - Processing file /home/ris/PycharmProjects/pythonProject/USA-housing/venv/lib/python3.10/site-packages/airflow/example_dags/subdags/subdag.py for tasks to queue
[2023-03-04T09:30:39.990+0530] {logging_mixin.py:137} INFO - [2023-03-04T09:30:39.990+0530] {dagbag.py:538} INFO - Filling up the DagBag from /home/ris/PycharmProjects/pythonProject/USA-housing/venv/lib/python3.10/site-packages/airflow/example_dags/subdags/subdag.py
[2023-03-04T09:30:39.996+0530] {processor.py:755} WARNING - No viable dags retrieved from /home/ris/PycharmProjects/pythonProject/USA-housing/venv/lib/python3.10/site-packages/airflow/example_dags/subdags/subdag.py
[2023-03-04T09:30:40.012+0530] {processor.py:175} INFO - Processing /home/ris/PycharmProjects/pythonProject/USA-housing/venv/lib/python3.10/site-packages/airflow/example_dags/subdags/subdag.py took 0.029 seconds
[2023-03-04T09:31:16.934+0530] {processor.py:153} INFO - Started process (PID=30422) to work on /home/ris/PycharmProjects/pythonProject/USA-housing/venv/lib/python3.10/site-packages/airflow/example_dags/subdags/subdag.py
[2023-03-04T09:31:16.935+0530] {processor.py:743} INFO - Processing file /home/ris/PycharmProjects/pythonProject/USA-housing/venv/lib/python3.10/site-packages/airflow/example_dags/subdags/subdag.py for tasks to queue
[2023-03-04T09:31:16.936+0530] {logging_mixin.py:137} INFO - [2023-03-04T09:31:16.936+0530] {dagbag.py:538} INFO - Filling up the DagBag from /home/ris/PycharmProjects/pythonProject/USA-housing/venv/lib/python3.10/site-packages/airflow/example_dags/subdags/subdag.py
[2023-03-04T09:31:16.940+0530] {processor.py:755} WARNING - No viable dags retrieved from /home/ris/PycharmProjects/pythonProject/USA-housing/venv/lib/python3.10/site-packages/airflow/example_dags/subdags/subdag.py
[2023-03-04T09:31:16.956+0530] {processor.py:175} INFO - Processing /home/ris/PycharmProjects/pythonProject/USA-housing/venv/lib/python3.10/site-packages/airflow/example_dags/subdags/subdag.py took 0.025 seconds
[2023-03-04T09:31:50.290+0530] {processor.py:153} INFO - Started process (PID=30455) to work on /home/ris/PycharmProjects/pythonProject/USA-housing/venv/lib/python3.10/site-packages/airflow/example_dags/subdags/subdag.py
[2023-03-04T09:31:50.292+0530] {processor.py:743} INFO - Processing file /home/ris/PycharmProjects/pythonProject/USA-housing/venv/lib/python3.10/site-packages/airflow/example_dags/subdags/subdag.py for tasks to queue
[2023-03-04T09:31:50.293+0530] {logging_mixin.py:137} INFO - [2023-03-04T09:31:50.293+0530] {dagbag.py:538} INFO - Filling up the DagBag from /home/ris/PycharmProjects/pythonProject/USA-housing/venv/lib/python3.10/site-packages/airflow/example_dags/subdags/subdag.py
[2023-03-04T09:31:50.299+0530] {processor.py:755} WARNING - No viable dags retrieved from /home/ris/PycharmProjects/pythonProject/USA-housing/venv/lib/python3.10/site-packages/airflow/example_dags/subdags/subdag.py
[2023-03-04T09:31:50.315+0530] {processor.py:175} INFO - Processing /home/ris/PycharmProjects/pythonProject/USA-housing/venv/lib/python3.10/site-packages/airflow/example_dags/subdags/subdag.py took 0.029 seconds
[2023-03-04T09:32:25.170+0530] {processor.py:153} INFO - Started process (PID=30489) to work on /home/ris/PycharmProjects/pythonProject/USA-housing/venv/lib/python3.10/site-packages/airflow/example_dags/subdags/subdag.py
[2023-03-04T09:32:25.172+0530] {processor.py:743} INFO - Processing file /home/ris/PycharmProjects/pythonProject/USA-housing/venv/lib/python3.10/site-packages/airflow/example_dags/subdags/subdag.py for tasks to queue
[2023-03-04T09:32:25.173+0530] {logging_mixin.py:137} INFO - [2023-03-04T09:32:25.173+0530] {dagbag.py:538} INFO - Filling up the DagBag from /home/ris/PycharmProjects/pythonProject/USA-housing/venv/lib/python3.10/site-packages/airflow/example_dags/subdags/subdag.py
[2023-03-04T09:32:25.178+0530] {processor.py:755} WARNING - No viable dags retrieved from /home/ris/PycharmProjects/pythonProject/USA-housing/venv/lib/python3.10/site-packages/airflow/example_dags/subdags/subdag.py
[2023-03-04T09:32:25.195+0530] {processor.py:175} INFO - Processing /home/ris/PycharmProjects/pythonProject/USA-housing/venv/lib/python3.10/site-packages/airflow/example_dags/subdags/subdag.py took 0.029 seconds
[2023-03-04T09:33:01.798+0530] {processor.py:153} INFO - Started process (PID=30527) to work on /home/ris/PycharmProjects/pythonProject/USA-housing/venv/lib/python3.10/site-packages/airflow/example_dags/subdags/subdag.py
[2023-03-04T09:33:01.800+0530] {processor.py:743} INFO - Processing file /home/ris/PycharmProjects/pythonProject/USA-housing/venv/lib/python3.10/site-packages/airflow/example_dags/subdags/subdag.py for tasks to queue
[2023-03-04T09:33:01.802+0530] {logging_mixin.py:137} INFO - [2023-03-04T09:33:01.801+0530] {dagbag.py:538} INFO - Filling up the DagBag from /home/ris/PycharmProjects/pythonProject/USA-housing/venv/lib/python3.10/site-packages/airflow/example_dags/subdags/subdag.py
[2023-03-04T09:33:01.808+0530] {processor.py:755} WARNING - No viable dags retrieved from /home/ris/PycharmProjects/pythonProject/USA-housing/venv/lib/python3.10/site-packages/airflow/example_dags/subdags/subdag.py
[2023-03-04T09:33:01.824+0530] {processor.py:175} INFO - Processing /home/ris/PycharmProjects/pythonProject/USA-housing/venv/lib/python3.10/site-packages/airflow/example_dags/subdags/subdag.py took 0.030 seconds
[2023-03-04T09:33:38.178+0530] {processor.py:153} INFO - Started process (PID=30561) to work on /home/ris/PycharmProjects/pythonProject/USA-housing/venv/lib/python3.10/site-packages/airflow/example_dags/subdags/subdag.py
[2023-03-04T09:33:38.180+0530] {processor.py:743} INFO - Processing file /home/ris/PycharmProjects/pythonProject/USA-housing/venv/lib/python3.10/site-packages/airflow/example_dags/subdags/subdag.py for tasks to queue
[2023-03-04T09:33:38.181+0530] {logging_mixin.py:137} INFO - [2023-03-04T09:33:38.181+0530] {dagbag.py:538} INFO - Filling up the DagBag from /home/ris/PycharmProjects/pythonProject/USA-housing/venv/lib/python3.10/site-packages/airflow/example_dags/subdags/subdag.py
[2023-03-04T09:33:38.187+0530] {processor.py:755} WARNING - No viable dags retrieved from /home/ris/PycharmProjects/pythonProject/USA-housing/venv/lib/python3.10/site-packages/airflow/example_dags/subdags/subdag.py
[2023-03-04T09:33:38.204+0530] {processor.py:175} INFO - Processing /home/ris/PycharmProjects/pythonProject/USA-housing/venv/lib/python3.10/site-packages/airflow/example_dags/subdags/subdag.py took 0.031 seconds
[2023-03-04T09:34:18.104+0530] {processor.py:153} INFO - Started process (PID=30601) to work on /home/ris/PycharmProjects/pythonProject/USA-housing/venv/lib/python3.10/site-packages/airflow/example_dags/subdags/subdag.py
[2023-03-04T09:34:18.106+0530] {processor.py:743} INFO - Processing file /home/ris/PycharmProjects/pythonProject/USA-housing/venv/lib/python3.10/site-packages/airflow/example_dags/subdags/subdag.py for tasks to queue
[2023-03-04T09:34:18.108+0530] {logging_mixin.py:137} INFO - [2023-03-04T09:34:18.108+0530] {dagbag.py:538} INFO - Filling up the DagBag from /home/ris/PycharmProjects/pythonProject/USA-housing/venv/lib/python3.10/site-packages/airflow/example_dags/subdags/subdag.py
[2023-03-04T09:34:18.113+0530] {processor.py:755} WARNING - No viable dags retrieved from /home/ris/PycharmProjects/pythonProject/USA-housing/venv/lib/python3.10/site-packages/airflow/example_dags/subdags/subdag.py
[2023-03-04T09:34:18.128+0530] {processor.py:175} INFO - Processing /home/ris/PycharmProjects/pythonProject/USA-housing/venv/lib/python3.10/site-packages/airflow/example_dags/subdags/subdag.py took 0.029 seconds
[2023-03-04T09:34:50.512+0530] {processor.py:153} INFO - Started process (PID=30636) to work on /home/ris/PycharmProjects/pythonProject/USA-housing/venv/lib/python3.10/site-packages/airflow/example_dags/subdags/subdag.py
[2023-03-04T09:34:50.515+0530] {processor.py:743} INFO - Processing file /home/ris/PycharmProjects/pythonProject/USA-housing/venv/lib/python3.10/site-packages/airflow/example_dags/subdags/subdag.py for tasks to queue
[2023-03-04T09:34:50.516+0530] {logging_mixin.py:137} INFO - [2023-03-04T09:34:50.515+0530] {dagbag.py:538} INFO - Filling up the DagBag from /home/ris/PycharmProjects/pythonProject/USA-housing/venv/lib/python3.10/site-packages/airflow/example_dags/subdags/subdag.py
[2023-03-04T09:34:50.521+0530] {processor.py:755} WARNING - No viable dags retrieved from /home/ris/PycharmProjects/pythonProject/USA-housing/venv/lib/python3.10/site-packages/airflow/example_dags/subdags/subdag.py
[2023-03-04T09:34:50.537+0530] {processor.py:175} INFO - Processing /home/ris/PycharmProjects/pythonProject/USA-housing/venv/lib/python3.10/site-packages/airflow/example_dags/subdags/subdag.py took 0.028 seconds
[2023-03-04T09:35:24.170+0530] {processor.py:153} INFO - Started process (PID=30673) to work on /home/ris/PycharmProjects/pythonProject/USA-housing/venv/lib/python3.10/site-packages/airflow/example_dags/subdags/subdag.py
[2023-03-04T09:35:24.172+0530] {processor.py:743} INFO - Processing file /home/ris/PycharmProjects/pythonProject/USA-housing/venv/lib/python3.10/site-packages/airflow/example_dags/subdags/subdag.py for tasks to queue
[2023-03-04T09:35:24.174+0530] {logging_mixin.py:137} INFO - [2023-03-04T09:35:24.174+0530] {dagbag.py:538} INFO - Filling up the DagBag from /home/ris/PycharmProjects/pythonProject/USA-housing/venv/lib/python3.10/site-packages/airflow/example_dags/subdags/subdag.py
[2023-03-04T09:35:24.179+0530] {processor.py:755} WARNING - No viable dags retrieved from /home/ris/PycharmProjects/pythonProject/USA-housing/venv/lib/python3.10/site-packages/airflow/example_dags/subdags/subdag.py
[2023-03-04T09:35:24.194+0530] {processor.py:175} INFO - Processing /home/ris/PycharmProjects/pythonProject/USA-housing/venv/lib/python3.10/site-packages/airflow/example_dags/subdags/subdag.py took 0.028 seconds
[2023-03-04T09:45:19.930+0530] {processor.py:153} INFO - Started process (PID=30986) to work on /home/ris/PycharmProjects/pythonProject/USA-housing/venv/lib/python3.10/site-packages/airflow/example_dags/subdags/subdag.py
[2023-03-04T09:45:19.932+0530] {processor.py:743} INFO - Processing file /home/ris/PycharmProjects/pythonProject/USA-housing/venv/lib/python3.10/site-packages/airflow/example_dags/subdags/subdag.py for tasks to queue
[2023-03-04T09:45:19.934+0530] {logging_mixin.py:137} INFO - [2023-03-04T09:45:19.933+0530] {dagbag.py:538} INFO - Filling up the DagBag from /home/ris/PycharmProjects/pythonProject/USA-housing/venv/lib/python3.10/site-packages/airflow/example_dags/subdags/subdag.py
[2023-03-04T09:45:19.940+0530] {processor.py:755} WARNING - No viable dags retrieved from /home/ris/PycharmProjects/pythonProject/USA-housing/venv/lib/python3.10/site-packages/airflow/example_dags/subdags/subdag.py
[2023-03-04T09:45:19.953+0530] {processor.py:175} INFO - Processing /home/ris/PycharmProjects/pythonProject/USA-housing/venv/lib/python3.10/site-packages/airflow/example_dags/subdags/subdag.py took 0.029 seconds
[2023-03-04T10:25:09.459+0530] {processor.py:153} INFO - Started process (PID=31325) to work on /home/ris/PycharmProjects/pythonProject/USA-housing/venv/lib/python3.10/site-packages/airflow/example_dags/subdags/subdag.py
[2023-03-04T10:25:09.460+0530] {processor.py:743} INFO - Processing file /home/ris/PycharmProjects/pythonProject/USA-housing/venv/lib/python3.10/site-packages/airflow/example_dags/subdags/subdag.py for tasks to queue
[2023-03-04T10:25:09.461+0530] {logging_mixin.py:137} INFO - [2023-03-04T10:25:09.461+0530] {dagbag.py:538} INFO - Filling up the DagBag from /home/ris/PycharmProjects/pythonProject/USA-housing/venv/lib/python3.10/site-packages/airflow/example_dags/subdags/subdag.py
[2023-03-04T10:25:09.464+0530] {processor.py:755} WARNING - No viable dags retrieved from /home/ris/PycharmProjects/pythonProject/USA-housing/venv/lib/python3.10/site-packages/airflow/example_dags/subdags/subdag.py
[2023-03-04T10:25:09.470+0530] {processor.py:175} INFO - Processing /home/ris/PycharmProjects/pythonProject/USA-housing/venv/lib/python3.10/site-packages/airflow/example_dags/subdags/subdag.py took 0.014 seconds
[2023-03-04T10:25:44.294+0530] {processor.py:153} INFO - Started process (PID=31366) to work on /home/ris/PycharmProjects/pythonProject/USA-housing/venv/lib/python3.10/site-packages/airflow/example_dags/subdags/subdag.py
[2023-03-04T10:25:44.296+0530] {processor.py:743} INFO - Processing file /home/ris/PycharmProjects/pythonProject/USA-housing/venv/lib/python3.10/site-packages/airflow/example_dags/subdags/subdag.py for tasks to queue
[2023-03-04T10:25:44.297+0530] {logging_mixin.py:137} INFO - [2023-03-04T10:25:44.297+0530] {dagbag.py:538} INFO - Filling up the DagBag from /home/ris/PycharmProjects/pythonProject/USA-housing/venv/lib/python3.10/site-packages/airflow/example_dags/subdags/subdag.py
[2023-03-04T10:25:44.302+0530] {processor.py:755} WARNING - No viable dags retrieved from /home/ris/PycharmProjects/pythonProject/USA-housing/venv/lib/python3.10/site-packages/airflow/example_dags/subdags/subdag.py
[2023-03-04T10:25:44.314+0530] {processor.py:175} INFO - Processing /home/ris/PycharmProjects/pythonProject/USA-housing/venv/lib/python3.10/site-packages/airflow/example_dags/subdags/subdag.py took 0.024 seconds
[2023-03-04T10:26:18.794+0530] {processor.py:153} INFO - Started process (PID=31400) to work on /home/ris/PycharmProjects/pythonProject/USA-housing/venv/lib/python3.10/site-packages/airflow/example_dags/subdags/subdag.py
[2023-03-04T10:26:18.796+0530] {processor.py:743} INFO - Processing file /home/ris/PycharmProjects/pythonProject/USA-housing/venv/lib/python3.10/site-packages/airflow/example_dags/subdags/subdag.py for tasks to queue
[2023-03-04T10:26:18.797+0530] {logging_mixin.py:137} INFO - [2023-03-04T10:26:18.796+0530] {dagbag.py:538} INFO - Filling up the DagBag from /home/ris/PycharmProjects/pythonProject/USA-housing/venv/lib/python3.10/site-packages/airflow/example_dags/subdags/subdag.py
[2023-03-04T10:26:18.800+0530] {processor.py:755} WARNING - No viable dags retrieved from /home/ris/PycharmProjects/pythonProject/USA-housing/venv/lib/python3.10/site-packages/airflow/example_dags/subdags/subdag.py
[2023-03-04T10:26:18.811+0530] {processor.py:175} INFO - Processing /home/ris/PycharmProjects/pythonProject/USA-housing/venv/lib/python3.10/site-packages/airflow/example_dags/subdags/subdag.py took 0.019 seconds
[2023-03-04T10:26:54.209+0530] {processor.py:153} INFO - Started process (PID=31438) to work on /home/ris/PycharmProjects/pythonProject/USA-housing/venv/lib/python3.10/site-packages/airflow/example_dags/subdags/subdag.py
[2023-03-04T10:26:54.210+0530] {processor.py:743} INFO - Processing file /home/ris/PycharmProjects/pythonProject/USA-housing/venv/lib/python3.10/site-packages/airflow/example_dags/subdags/subdag.py for tasks to queue
[2023-03-04T10:26:54.211+0530] {logging_mixin.py:137} INFO - [2023-03-04T10:26:54.211+0530] {dagbag.py:538} INFO - Filling up the DagBag from /home/ris/PycharmProjects/pythonProject/USA-housing/venv/lib/python3.10/site-packages/airflow/example_dags/subdags/subdag.py
[2023-03-04T10:26:54.215+0530] {processor.py:755} WARNING - No viable dags retrieved from /home/ris/PycharmProjects/pythonProject/USA-housing/venv/lib/python3.10/site-packages/airflow/example_dags/subdags/subdag.py
[2023-03-04T10:26:54.225+0530] {processor.py:175} INFO - Processing /home/ris/PycharmProjects/pythonProject/USA-housing/venv/lib/python3.10/site-packages/airflow/example_dags/subdags/subdag.py took 0.019 seconds
[2023-03-04T10:27:28.462+0530] {processor.py:153} INFO - Started process (PID=31472) to work on /home/ris/PycharmProjects/pythonProject/USA-housing/venv/lib/python3.10/site-packages/airflow/example_dags/subdags/subdag.py
[2023-03-04T10:27:28.464+0530] {processor.py:743} INFO - Processing file /home/ris/PycharmProjects/pythonProject/USA-housing/venv/lib/python3.10/site-packages/airflow/example_dags/subdags/subdag.py for tasks to queue
[2023-03-04T10:27:28.466+0530] {logging_mixin.py:137} INFO - [2023-03-04T10:27:28.465+0530] {dagbag.py:538} INFO - Filling up the DagBag from /home/ris/PycharmProjects/pythonProject/USA-housing/venv/lib/python3.10/site-packages/airflow/example_dags/subdags/subdag.py
[2023-03-04T10:27:28.471+0530] {processor.py:755} WARNING - No viable dags retrieved from /home/ris/PycharmProjects/pythonProject/USA-housing/venv/lib/python3.10/site-packages/airflow/example_dags/subdags/subdag.py
[2023-03-04T10:27:28.486+0530] {processor.py:175} INFO - Processing /home/ris/PycharmProjects/pythonProject/USA-housing/venv/lib/python3.10/site-packages/airflow/example_dags/subdags/subdag.py took 0.029 seconds
[2023-03-04T10:28:04.993+0530] {processor.py:153} INFO - Started process (PID=31507) to work on /home/ris/PycharmProjects/pythonProject/USA-housing/venv/lib/python3.10/site-packages/airflow/example_dags/subdags/subdag.py
[2023-03-04T10:28:04.995+0530] {processor.py:743} INFO - Processing file /home/ris/PycharmProjects/pythonProject/USA-housing/venv/lib/python3.10/site-packages/airflow/example_dags/subdags/subdag.py for tasks to queue
[2023-03-04T10:28:04.996+0530] {logging_mixin.py:137} INFO - [2023-03-04T10:28:04.996+0530] {dagbag.py:538} INFO - Filling up the DagBag from /home/ris/PycharmProjects/pythonProject/USA-housing/venv/lib/python3.10/site-packages/airflow/example_dags/subdags/subdag.py
[2023-03-04T10:28:05.003+0530] {processor.py:755} WARNING - No viable dags retrieved from /home/ris/PycharmProjects/pythonProject/USA-housing/venv/lib/python3.10/site-packages/airflow/example_dags/subdags/subdag.py
[2023-03-04T10:28:05.017+0530] {processor.py:175} INFO - Processing /home/ris/PycharmProjects/pythonProject/USA-housing/venv/lib/python3.10/site-packages/airflow/example_dags/subdags/subdag.py took 0.028 seconds
[2023-03-04T10:28:42.526+0530] {processor.py:153} INFO - Started process (PID=31549) to work on /home/ris/PycharmProjects/pythonProject/USA-housing/venv/lib/python3.10/site-packages/airflow/example_dags/subdags/subdag.py
[2023-03-04T10:28:42.528+0530] {processor.py:743} INFO - Processing file /home/ris/PycharmProjects/pythonProject/USA-housing/venv/lib/python3.10/site-packages/airflow/example_dags/subdags/subdag.py for tasks to queue
[2023-03-04T10:28:42.529+0530] {logging_mixin.py:137} INFO - [2023-03-04T10:28:42.528+0530] {dagbag.py:538} INFO - Filling up the DagBag from /home/ris/PycharmProjects/pythonProject/USA-housing/venv/lib/python3.10/site-packages/airflow/example_dags/subdags/subdag.py
[2023-03-04T10:28:42.533+0530] {processor.py:755} WARNING - No viable dags retrieved from /home/ris/PycharmProjects/pythonProject/USA-housing/venv/lib/python3.10/site-packages/airflow/example_dags/subdags/subdag.py
[2023-03-04T10:28:42.541+0530] {processor.py:175} INFO - Processing /home/ris/PycharmProjects/pythonProject/USA-housing/venv/lib/python3.10/site-packages/airflow/example_dags/subdags/subdag.py took 0.018 seconds
[2023-03-04T10:29:20.708+0530] {processor.py:153} INFO - Started process (PID=31588) to work on /home/ris/PycharmProjects/pythonProject/USA-housing/venv/lib/python3.10/site-packages/airflow/example_dags/subdags/subdag.py
[2023-03-04T10:29:20.710+0530] {processor.py:743} INFO - Processing file /home/ris/PycharmProjects/pythonProject/USA-housing/venv/lib/python3.10/site-packages/airflow/example_dags/subdags/subdag.py for tasks to queue
[2023-03-04T10:29:20.711+0530] {logging_mixin.py:137} INFO - [2023-03-04T10:29:20.711+0530] {dagbag.py:538} INFO - Filling up the DagBag from /home/ris/PycharmProjects/pythonProject/USA-housing/venv/lib/python3.10/site-packages/airflow/example_dags/subdags/subdag.py
[2023-03-04T10:29:20.717+0530] {processor.py:755} WARNING - No viable dags retrieved from /home/ris/PycharmProjects/pythonProject/USA-housing/venv/lib/python3.10/site-packages/airflow/example_dags/subdags/subdag.py
[2023-03-04T10:29:20.732+0530] {processor.py:175} INFO - Processing /home/ris/PycharmProjects/pythonProject/USA-housing/venv/lib/python3.10/site-packages/airflow/example_dags/subdags/subdag.py took 0.028 seconds
[2023-03-04T10:29:55.297+0530] {processor.py:153} INFO - Started process (PID=31621) to work on /home/ris/PycharmProjects/pythonProject/USA-housing/venv/lib/python3.10/site-packages/airflow/example_dags/subdags/subdag.py
[2023-03-04T10:29:55.299+0530] {processor.py:743} INFO - Processing file /home/ris/PycharmProjects/pythonProject/USA-housing/venv/lib/python3.10/site-packages/airflow/example_dags/subdags/subdag.py for tasks to queue
[2023-03-04T10:29:55.300+0530] {logging_mixin.py:137} INFO - [2023-03-04T10:29:55.300+0530] {dagbag.py:538} INFO - Filling up the DagBag from /home/ris/PycharmProjects/pythonProject/USA-housing/venv/lib/python3.10/site-packages/airflow/example_dags/subdags/subdag.py
[2023-03-04T10:29:55.306+0530] {processor.py:755} WARNING - No viable dags retrieved from /home/ris/PycharmProjects/pythonProject/USA-housing/venv/lib/python3.10/site-packages/airflow/example_dags/subdags/subdag.py
[2023-03-04T10:29:55.320+0530] {processor.py:175} INFO - Processing /home/ris/PycharmProjects/pythonProject/USA-housing/venv/lib/python3.10/site-packages/airflow/example_dags/subdags/subdag.py took 0.028 seconds
[2023-03-04T10:30:38.792+0530] {processor.py:153} INFO - Started process (PID=31666) to work on /home/ris/PycharmProjects/pythonProject/USA-housing/venv/lib/python3.10/site-packages/airflow/example_dags/subdags/subdag.py
[2023-03-04T10:30:38.793+0530] {processor.py:743} INFO - Processing file /home/ris/PycharmProjects/pythonProject/USA-housing/venv/lib/python3.10/site-packages/airflow/example_dags/subdags/subdag.py for tasks to queue
[2023-03-04T10:30:38.794+0530] {logging_mixin.py:137} INFO - [2023-03-04T10:30:38.794+0530] {dagbag.py:538} INFO - Filling up the DagBag from /home/ris/PycharmProjects/pythonProject/USA-housing/venv/lib/python3.10/site-packages/airflow/example_dags/subdags/subdag.py
[2023-03-04T10:30:38.798+0530] {processor.py:755} WARNING - No viable dags retrieved from /home/ris/PycharmProjects/pythonProject/USA-housing/venv/lib/python3.10/site-packages/airflow/example_dags/subdags/subdag.py
[2023-03-04T10:30:38.809+0530] {processor.py:175} INFO - Processing /home/ris/PycharmProjects/pythonProject/USA-housing/venv/lib/python3.10/site-packages/airflow/example_dags/subdags/subdag.py took 0.021 seconds
[2023-03-04T10:31:17.389+0530] {processor.py:153} INFO - Started process (PID=31710) to work on /home/ris/PycharmProjects/pythonProject/USA-housing/venv/lib/python3.10/site-packages/airflow/example_dags/subdags/subdag.py
[2023-03-04T10:31:17.391+0530] {processor.py:743} INFO - Processing file /home/ris/PycharmProjects/pythonProject/USA-housing/venv/lib/python3.10/site-packages/airflow/example_dags/subdags/subdag.py for tasks to queue
[2023-03-04T10:31:17.392+0530] {logging_mixin.py:137} INFO - [2023-03-04T10:31:17.392+0530] {dagbag.py:538} INFO - Filling up the DagBag from /home/ris/PycharmProjects/pythonProject/USA-housing/venv/lib/python3.10/site-packages/airflow/example_dags/subdags/subdag.py
[2023-03-04T10:31:17.399+0530] {processor.py:755} WARNING - No viable dags retrieved from /home/ris/PycharmProjects/pythonProject/USA-housing/venv/lib/python3.10/site-packages/airflow/example_dags/subdags/subdag.py
[2023-03-04T10:31:17.415+0530] {processor.py:175} INFO - Processing /home/ris/PycharmProjects/pythonProject/USA-housing/venv/lib/python3.10/site-packages/airflow/example_dags/subdags/subdag.py took 0.031 seconds
[2023-03-04T10:31:51.272+0530] {processor.py:153} INFO - Started process (PID=32067) to work on /home/ris/PycharmProjects/pythonProject/USA-housing/venv/lib/python3.10/site-packages/airflow/example_dags/subdags/subdag.py
[2023-03-04T10:31:51.273+0530] {processor.py:743} INFO - Processing file /home/ris/PycharmProjects/pythonProject/USA-housing/venv/lib/python3.10/site-packages/airflow/example_dags/subdags/subdag.py for tasks to queue
[2023-03-04T10:31:51.274+0530] {logging_mixin.py:137} INFO - [2023-03-04T10:31:51.274+0530] {dagbag.py:538} INFO - Filling up the DagBag from /home/ris/PycharmProjects/pythonProject/USA-housing/venv/lib/python3.10/site-packages/airflow/example_dags/subdags/subdag.py
[2023-03-04T10:31:51.277+0530] {processor.py:755} WARNING - No viable dags retrieved from /home/ris/PycharmProjects/pythonProject/USA-housing/venv/lib/python3.10/site-packages/airflow/example_dags/subdags/subdag.py
[2023-03-04T10:31:51.285+0530] {processor.py:175} INFO - Processing /home/ris/PycharmProjects/pythonProject/USA-housing/venv/lib/python3.10/site-packages/airflow/example_dags/subdags/subdag.py took 0.015 seconds
[2023-03-04T10:32:28.780+0530] {processor.py:153} INFO - Started process (PID=32218) to work on /home/ris/PycharmProjects/pythonProject/USA-housing/venv/lib/python3.10/site-packages/airflow/example_dags/subdags/subdag.py
[2023-03-04T10:32:28.782+0530] {processor.py:743} INFO - Processing file /home/ris/PycharmProjects/pythonProject/USA-housing/venv/lib/python3.10/site-packages/airflow/example_dags/subdags/subdag.py for tasks to queue
[2023-03-04T10:32:28.783+0530] {logging_mixin.py:137} INFO - [2023-03-04T10:32:28.782+0530] {dagbag.py:538} INFO - Filling up the DagBag from /home/ris/PycharmProjects/pythonProject/USA-housing/venv/lib/python3.10/site-packages/airflow/example_dags/subdags/subdag.py
[2023-03-04T10:32:28.786+0530] {processor.py:755} WARNING - No viable dags retrieved from /home/ris/PycharmProjects/pythonProject/USA-housing/venv/lib/python3.10/site-packages/airflow/example_dags/subdags/subdag.py
[2023-03-04T10:32:28.794+0530] {processor.py:175} INFO - Processing /home/ris/PycharmProjects/pythonProject/USA-housing/venv/lib/python3.10/site-packages/airflow/example_dags/subdags/subdag.py took 0.018 seconds
[2023-03-04T10:33:01.546+0530] {processor.py:153} INFO - Started process (PID=32316) to work on /home/ris/PycharmProjects/pythonProject/USA-housing/venv/lib/python3.10/site-packages/airflow/example_dags/subdags/subdag.py
[2023-03-04T10:33:01.548+0530] {processor.py:743} INFO - Processing file /home/ris/PycharmProjects/pythonProject/USA-housing/venv/lib/python3.10/site-packages/airflow/example_dags/subdags/subdag.py for tasks to queue
[2023-03-04T10:33:01.549+0530] {logging_mixin.py:137} INFO - [2023-03-04T10:33:01.549+0530] {dagbag.py:538} INFO - Filling up the DagBag from /home/ris/PycharmProjects/pythonProject/USA-housing/venv/lib/python3.10/site-packages/airflow/example_dags/subdags/subdag.py
[2023-03-04T10:33:01.552+0530] {processor.py:755} WARNING - No viable dags retrieved from /home/ris/PycharmProjects/pythonProject/USA-housing/venv/lib/python3.10/site-packages/airflow/example_dags/subdags/subdag.py
[2023-03-04T10:33:01.562+0530] {processor.py:175} INFO - Processing /home/ris/PycharmProjects/pythonProject/USA-housing/venv/lib/python3.10/site-packages/airflow/example_dags/subdags/subdag.py took 0.019 seconds
[2023-03-04T10:33:32.448+0530] {processor.py:153} INFO - Started process (PID=32355) to work on /home/ris/PycharmProjects/pythonProject/USA-housing/venv/lib/python3.10/site-packages/airflow/example_dags/subdags/subdag.py
[2023-03-04T10:33:32.450+0530] {processor.py:743} INFO - Processing file /home/ris/PycharmProjects/pythonProject/USA-housing/venv/lib/python3.10/site-packages/airflow/example_dags/subdags/subdag.py for tasks to queue
[2023-03-04T10:33:32.451+0530] {logging_mixin.py:137} INFO - [2023-03-04T10:33:32.451+0530] {dagbag.py:538} INFO - Filling up the DagBag from /home/ris/PycharmProjects/pythonProject/USA-housing/venv/lib/python3.10/site-packages/airflow/example_dags/subdags/subdag.py
[2023-03-04T10:33:32.455+0530] {processor.py:755} WARNING - No viable dags retrieved from /home/ris/PycharmProjects/pythonProject/USA-housing/venv/lib/python3.10/site-packages/airflow/example_dags/subdags/subdag.py
[2023-03-04T10:33:32.470+0530] {processor.py:175} INFO - Processing /home/ris/PycharmProjects/pythonProject/USA-housing/venv/lib/python3.10/site-packages/airflow/example_dags/subdags/subdag.py took 0.027 seconds
[2023-03-04T10:34:05.037+0530] {processor.py:153} INFO - Started process (PID=32472) to work on /home/ris/PycharmProjects/pythonProject/USA-housing/venv/lib/python3.10/site-packages/airflow/example_dags/subdags/subdag.py
[2023-03-04T10:34:05.039+0530] {processor.py:743} INFO - Processing file /home/ris/PycharmProjects/pythonProject/USA-housing/venv/lib/python3.10/site-packages/airflow/example_dags/subdags/subdag.py for tasks to queue
[2023-03-04T10:34:05.041+0530] {logging_mixin.py:137} INFO - [2023-03-04T10:34:05.040+0530] {dagbag.py:538} INFO - Filling up the DagBag from /home/ris/PycharmProjects/pythonProject/USA-housing/venv/lib/python3.10/site-packages/airflow/example_dags/subdags/subdag.py
[2023-03-04T10:34:05.044+0530] {processor.py:755} WARNING - No viable dags retrieved from /home/ris/PycharmProjects/pythonProject/USA-housing/venv/lib/python3.10/site-packages/airflow/example_dags/subdags/subdag.py
[2023-03-04T10:34:05.054+0530] {processor.py:175} INFO - Processing /home/ris/PycharmProjects/pythonProject/USA-housing/venv/lib/python3.10/site-packages/airflow/example_dags/subdags/subdag.py took 0.020 seconds
[2023-03-04T10:34:39.612+0530] {processor.py:153} INFO - Started process (PID=32552) to work on /home/ris/PycharmProjects/pythonProject/USA-housing/venv/lib/python3.10/site-packages/airflow/example_dags/subdags/subdag.py
[2023-03-04T10:34:39.614+0530] {processor.py:743} INFO - Processing file /home/ris/PycharmProjects/pythonProject/USA-housing/venv/lib/python3.10/site-packages/airflow/example_dags/subdags/subdag.py for tasks to queue
[2023-03-04T10:34:39.614+0530] {logging_mixin.py:137} INFO - [2023-03-04T10:34:39.614+0530] {dagbag.py:538} INFO - Filling up the DagBag from /home/ris/PycharmProjects/pythonProject/USA-housing/venv/lib/python3.10/site-packages/airflow/example_dags/subdags/subdag.py
[2023-03-04T10:34:39.617+0530] {processor.py:755} WARNING - No viable dags retrieved from /home/ris/PycharmProjects/pythonProject/USA-housing/venv/lib/python3.10/site-packages/airflow/example_dags/subdags/subdag.py
[2023-03-04T10:34:39.627+0530] {processor.py:175} INFO - Processing /home/ris/PycharmProjects/pythonProject/USA-housing/venv/lib/python3.10/site-packages/airflow/example_dags/subdags/subdag.py took 0.018 seconds
[2023-03-04T10:35:13.708+0530] {processor.py:153} INFO - Started process (PID=32667) to work on /home/ris/PycharmProjects/pythonProject/USA-housing/venv/lib/python3.10/site-packages/airflow/example_dags/subdags/subdag.py
[2023-03-04T10:35:13.710+0530] {processor.py:743} INFO - Processing file /home/ris/PycharmProjects/pythonProject/USA-housing/venv/lib/python3.10/site-packages/airflow/example_dags/subdags/subdag.py for tasks to queue
[2023-03-04T10:35:13.710+0530] {logging_mixin.py:137} INFO - [2023-03-04T10:35:13.710+0530] {dagbag.py:538} INFO - Filling up the DagBag from /home/ris/PycharmProjects/pythonProject/USA-housing/venv/lib/python3.10/site-packages/airflow/example_dags/subdags/subdag.py
[2023-03-04T10:35:13.715+0530] {processor.py:755} WARNING - No viable dags retrieved from /home/ris/PycharmProjects/pythonProject/USA-housing/venv/lib/python3.10/site-packages/airflow/example_dags/subdags/subdag.py
[2023-03-04T10:35:13.727+0530] {processor.py:175} INFO - Processing /home/ris/PycharmProjects/pythonProject/USA-housing/venv/lib/python3.10/site-packages/airflow/example_dags/subdags/subdag.py took 0.024 seconds
[2023-03-04T10:35:52.675+0530] {processor.py:153} INFO - Started process (PID=32730) to work on /home/ris/PycharmProjects/pythonProject/USA-housing/venv/lib/python3.10/site-packages/airflow/example_dags/subdags/subdag.py
[2023-03-04T10:35:52.678+0530] {processor.py:743} INFO - Processing file /home/ris/PycharmProjects/pythonProject/USA-housing/venv/lib/python3.10/site-packages/airflow/example_dags/subdags/subdag.py for tasks to queue
[2023-03-04T10:35:52.679+0530] {logging_mixin.py:137} INFO - [2023-03-04T10:35:52.679+0530] {dagbag.py:538} INFO - Filling up the DagBag from /home/ris/PycharmProjects/pythonProject/USA-housing/venv/lib/python3.10/site-packages/airflow/example_dags/subdags/subdag.py
[2023-03-04T10:35:52.683+0530] {processor.py:755} WARNING - No viable dags retrieved from /home/ris/PycharmProjects/pythonProject/USA-housing/venv/lib/python3.10/site-packages/airflow/example_dags/subdags/subdag.py
[2023-03-04T10:35:52.694+0530] {processor.py:175} INFO - Processing /home/ris/PycharmProjects/pythonProject/USA-housing/venv/lib/python3.10/site-packages/airflow/example_dags/subdags/subdag.py took 0.025 seconds
[2023-03-04T10:36:31.125+0530] {processor.py:153} INFO - Started process (PID=32785) to work on /home/ris/PycharmProjects/pythonProject/USA-housing/venv/lib/python3.10/site-packages/airflow/example_dags/subdags/subdag.py
[2023-03-04T10:36:31.126+0530] {processor.py:743} INFO - Processing file /home/ris/PycharmProjects/pythonProject/USA-housing/venv/lib/python3.10/site-packages/airflow/example_dags/subdags/subdag.py for tasks to queue
[2023-03-04T10:36:31.128+0530] {logging_mixin.py:137} INFO - [2023-03-04T10:36:31.127+0530] {dagbag.py:538} INFO - Filling up the DagBag from /home/ris/PycharmProjects/pythonProject/USA-housing/venv/lib/python3.10/site-packages/airflow/example_dags/subdags/subdag.py
[2023-03-04T10:36:31.137+0530] {processor.py:755} WARNING - No viable dags retrieved from /home/ris/PycharmProjects/pythonProject/USA-housing/venv/lib/python3.10/site-packages/airflow/example_dags/subdags/subdag.py
[2023-03-04T10:36:31.160+0530] {processor.py:175} INFO - Processing /home/ris/PycharmProjects/pythonProject/USA-housing/venv/lib/python3.10/site-packages/airflow/example_dags/subdags/subdag.py took 0.043 seconds
[2023-03-04T10:37:17.034+0530] {processor.py:153} INFO - Started process (PID=32845) to work on /home/ris/PycharmProjects/pythonProject/USA-housing/venv/lib/python3.10/site-packages/airflow/example_dags/subdags/subdag.py
[2023-03-04T10:37:17.036+0530] {processor.py:743} INFO - Processing file /home/ris/PycharmProjects/pythonProject/USA-housing/venv/lib/python3.10/site-packages/airflow/example_dags/subdags/subdag.py for tasks to queue
[2023-03-04T10:37:17.038+0530] {logging_mixin.py:137} INFO - [2023-03-04T10:37:17.037+0530] {dagbag.py:538} INFO - Filling up the DagBag from /home/ris/PycharmProjects/pythonProject/USA-housing/venv/lib/python3.10/site-packages/airflow/example_dags/subdags/subdag.py
[2023-03-04T10:37:17.043+0530] {processor.py:755} WARNING - No viable dags retrieved from /home/ris/PycharmProjects/pythonProject/USA-housing/venv/lib/python3.10/site-packages/airflow/example_dags/subdags/subdag.py
[2023-03-04T10:37:17.061+0530] {processor.py:175} INFO - Processing /home/ris/PycharmProjects/pythonProject/USA-housing/venv/lib/python3.10/site-packages/airflow/example_dags/subdags/subdag.py took 0.033 seconds
[2023-03-04T10:37:52.125+0530] {processor.py:153} INFO - Started process (PID=32910) to work on /home/ris/PycharmProjects/pythonProject/USA-housing/venv/lib/python3.10/site-packages/airflow/example_dags/subdags/subdag.py
[2023-03-04T10:37:52.128+0530] {processor.py:743} INFO - Processing file /home/ris/PycharmProjects/pythonProject/USA-housing/venv/lib/python3.10/site-packages/airflow/example_dags/subdags/subdag.py for tasks to queue
[2023-03-04T10:37:52.130+0530] {logging_mixin.py:137} INFO - [2023-03-04T10:37:52.130+0530] {dagbag.py:538} INFO - Filling up the DagBag from /home/ris/PycharmProjects/pythonProject/USA-housing/venv/lib/python3.10/site-packages/airflow/example_dags/subdags/subdag.py
[2023-03-04T10:37:52.140+0530] {processor.py:755} WARNING - No viable dags retrieved from /home/ris/PycharmProjects/pythonProject/USA-housing/venv/lib/python3.10/site-packages/airflow/example_dags/subdags/subdag.py
[2023-03-04T10:37:52.165+0530] {processor.py:175} INFO - Processing /home/ris/PycharmProjects/pythonProject/USA-housing/venv/lib/python3.10/site-packages/airflow/example_dags/subdags/subdag.py took 0.046 seconds
[2023-03-04T10:38:26.460+0530] {processor.py:153} INFO - Started process (PID=32943) to work on /home/ris/PycharmProjects/pythonProject/USA-housing/venv/lib/python3.10/site-packages/airflow/example_dags/subdags/subdag.py
[2023-03-04T10:38:26.462+0530] {processor.py:743} INFO - Processing file /home/ris/PycharmProjects/pythonProject/USA-housing/venv/lib/python3.10/site-packages/airflow/example_dags/subdags/subdag.py for tasks to queue
[2023-03-04T10:38:26.463+0530] {logging_mixin.py:137} INFO - [2023-03-04T10:38:26.462+0530] {dagbag.py:538} INFO - Filling up the DagBag from /home/ris/PycharmProjects/pythonProject/USA-housing/venv/lib/python3.10/site-packages/airflow/example_dags/subdags/subdag.py
[2023-03-04T10:38:26.471+0530] {processor.py:755} WARNING - No viable dags retrieved from /home/ris/PycharmProjects/pythonProject/USA-housing/venv/lib/python3.10/site-packages/airflow/example_dags/subdags/subdag.py
[2023-03-04T10:38:26.493+0530] {processor.py:175} INFO - Processing /home/ris/PycharmProjects/pythonProject/USA-housing/venv/lib/python3.10/site-packages/airflow/example_dags/subdags/subdag.py took 0.041 seconds
[2023-03-04T10:38:57.947+0530] {processor.py:153} INFO - Started process (PID=33425) to work on /home/ris/PycharmProjects/pythonProject/USA-housing/venv/lib/python3.10/site-packages/airflow/example_dags/subdags/subdag.py
[2023-03-04T10:38:57.950+0530] {processor.py:743} INFO - Processing file /home/ris/PycharmProjects/pythonProject/USA-housing/venv/lib/python3.10/site-packages/airflow/example_dags/subdags/subdag.py for tasks to queue
[2023-03-04T10:38:57.952+0530] {logging_mixin.py:137} INFO - [2023-03-04T10:38:57.951+0530] {dagbag.py:538} INFO - Filling up the DagBag from /home/ris/PycharmProjects/pythonProject/USA-housing/venv/lib/python3.10/site-packages/airflow/example_dags/subdags/subdag.py
[2023-03-04T10:38:57.958+0530] {processor.py:755} WARNING - No viable dags retrieved from /home/ris/PycharmProjects/pythonProject/USA-housing/venv/lib/python3.10/site-packages/airflow/example_dags/subdags/subdag.py
[2023-03-04T10:38:57.976+0530] {processor.py:175} INFO - Processing /home/ris/PycharmProjects/pythonProject/USA-housing/venv/lib/python3.10/site-packages/airflow/example_dags/subdags/subdag.py took 0.034 seconds
[2023-03-04T10:39:43.514+0530] {processor.py:153} INFO - Started process (PID=33516) to work on /home/ris/PycharmProjects/pythonProject/USA-housing/venv/lib/python3.10/site-packages/airflow/example_dags/subdags/subdag.py
[2023-03-04T10:39:43.516+0530] {processor.py:743} INFO - Processing file /home/ris/PycharmProjects/pythonProject/USA-housing/venv/lib/python3.10/site-packages/airflow/example_dags/subdags/subdag.py for tasks to queue
[2023-03-04T10:39:43.517+0530] {logging_mixin.py:137} INFO - [2023-03-04T10:39:43.517+0530] {dagbag.py:538} INFO - Filling up the DagBag from /home/ris/PycharmProjects/pythonProject/USA-housing/venv/lib/python3.10/site-packages/airflow/example_dags/subdags/subdag.py
[2023-03-04T10:39:43.522+0530] {processor.py:755} WARNING - No viable dags retrieved from /home/ris/PycharmProjects/pythonProject/USA-housing/venv/lib/python3.10/site-packages/airflow/example_dags/subdags/subdag.py
[2023-03-04T10:39:43.539+0530] {processor.py:175} INFO - Processing /home/ris/PycharmProjects/pythonProject/USA-housing/venv/lib/python3.10/site-packages/airflow/example_dags/subdags/subdag.py took 0.028 seconds
[2023-03-04T10:40:16.330+0530] {processor.py:153} INFO - Started process (PID=33549) to work on /home/ris/PycharmProjects/pythonProject/USA-housing/venv/lib/python3.10/site-packages/airflow/example_dags/subdags/subdag.py
[2023-03-04T10:40:16.332+0530] {processor.py:743} INFO - Processing file /home/ris/PycharmProjects/pythonProject/USA-housing/venv/lib/python3.10/site-packages/airflow/example_dags/subdags/subdag.py for tasks to queue
[2023-03-04T10:40:16.332+0530] {logging_mixin.py:137} INFO - [2023-03-04T10:40:16.332+0530] {dagbag.py:538} INFO - Filling up the DagBag from /home/ris/PycharmProjects/pythonProject/USA-housing/venv/lib/python3.10/site-packages/airflow/example_dags/subdags/subdag.py
[2023-03-04T10:40:16.336+0530] {processor.py:755} WARNING - No viable dags retrieved from /home/ris/PycharmProjects/pythonProject/USA-housing/venv/lib/python3.10/site-packages/airflow/example_dags/subdags/subdag.py
[2023-03-04T10:40:16.345+0530] {processor.py:175} INFO - Processing /home/ris/PycharmProjects/pythonProject/USA-housing/venv/lib/python3.10/site-packages/airflow/example_dags/subdags/subdag.py took 0.018 seconds
[2023-03-04T10:40:52.183+0530] {processor.py:153} INFO - Started process (PID=33588) to work on /home/ris/PycharmProjects/pythonProject/USA-housing/venv/lib/python3.10/site-packages/airflow/example_dags/subdags/subdag.py
[2023-03-04T10:40:52.185+0530] {processor.py:743} INFO - Processing file /home/ris/PycharmProjects/pythonProject/USA-housing/venv/lib/python3.10/site-packages/airflow/example_dags/subdags/subdag.py for tasks to queue
[2023-03-04T10:40:52.186+0530] {logging_mixin.py:137} INFO - [2023-03-04T10:40:52.185+0530] {dagbag.py:538} INFO - Filling up the DagBag from /home/ris/PycharmProjects/pythonProject/USA-housing/venv/lib/python3.10/site-packages/airflow/example_dags/subdags/subdag.py
[2023-03-04T10:40:52.189+0530] {processor.py:755} WARNING - No viable dags retrieved from /home/ris/PycharmProjects/pythonProject/USA-housing/venv/lib/python3.10/site-packages/airflow/example_dags/subdags/subdag.py
[2023-03-04T10:40:52.199+0530] {processor.py:175} INFO - Processing /home/ris/PycharmProjects/pythonProject/USA-housing/venv/lib/python3.10/site-packages/airflow/example_dags/subdags/subdag.py took 0.019 seconds
[2023-03-04T10:41:26.498+0530] {processor.py:153} INFO - Started process (PID=33638) to work on /home/ris/PycharmProjects/pythonProject/USA-housing/venv/lib/python3.10/site-packages/airflow/example_dags/subdags/subdag.py
[2023-03-04T10:41:26.501+0530] {processor.py:743} INFO - Processing file /home/ris/PycharmProjects/pythonProject/USA-housing/venv/lib/python3.10/site-packages/airflow/example_dags/subdags/subdag.py for tasks to queue
[2023-03-04T10:41:26.502+0530] {logging_mixin.py:137} INFO - [2023-03-04T10:41:26.502+0530] {dagbag.py:538} INFO - Filling up the DagBag from /home/ris/PycharmProjects/pythonProject/USA-housing/venv/lib/python3.10/site-packages/airflow/example_dags/subdags/subdag.py
[2023-03-04T10:41:26.507+0530] {processor.py:755} WARNING - No viable dags retrieved from /home/ris/PycharmProjects/pythonProject/USA-housing/venv/lib/python3.10/site-packages/airflow/example_dags/subdags/subdag.py
[2023-03-04T10:41:26.520+0530] {processor.py:175} INFO - Processing /home/ris/PycharmProjects/pythonProject/USA-housing/venv/lib/python3.10/site-packages/airflow/example_dags/subdags/subdag.py took 0.029 seconds
[2023-03-04T10:42:03.948+0530] {processor.py:153} INFO - Started process (PID=33676) to work on /home/ris/PycharmProjects/pythonProject/USA-housing/venv/lib/python3.10/site-packages/airflow/example_dags/subdags/subdag.py
[2023-03-04T10:42:03.950+0530] {processor.py:743} INFO - Processing file /home/ris/PycharmProjects/pythonProject/USA-housing/venv/lib/python3.10/site-packages/airflow/example_dags/subdags/subdag.py for tasks to queue
[2023-03-04T10:42:03.952+0530] {logging_mixin.py:137} INFO - [2023-03-04T10:42:03.951+0530] {dagbag.py:538} INFO - Filling up the DagBag from /home/ris/PycharmProjects/pythonProject/USA-housing/venv/lib/python3.10/site-packages/airflow/example_dags/subdags/subdag.py
[2023-03-04T10:42:03.956+0530] {processor.py:755} WARNING - No viable dags retrieved from /home/ris/PycharmProjects/pythonProject/USA-housing/venv/lib/python3.10/site-packages/airflow/example_dags/subdags/subdag.py
[2023-03-04T10:42:03.972+0530] {processor.py:175} INFO - Processing /home/ris/PycharmProjects/pythonProject/USA-housing/venv/lib/python3.10/site-packages/airflow/example_dags/subdags/subdag.py took 0.027 seconds
[2023-03-04T10:42:38.211+0530] {processor.py:153} INFO - Started process (PID=33718) to work on /home/ris/PycharmProjects/pythonProject/USA-housing/venv/lib/python3.10/site-packages/airflow/example_dags/subdags/subdag.py
[2023-03-04T10:42:38.213+0530] {processor.py:743} INFO - Processing file /home/ris/PycharmProjects/pythonProject/USA-housing/venv/lib/python3.10/site-packages/airflow/example_dags/subdags/subdag.py for tasks to queue
[2023-03-04T10:42:38.214+0530] {logging_mixin.py:137} INFO - [2023-03-04T10:42:38.213+0530] {dagbag.py:538} INFO - Filling up the DagBag from /home/ris/PycharmProjects/pythonProject/USA-housing/venv/lib/python3.10/site-packages/airflow/example_dags/subdags/subdag.py
[2023-03-04T10:42:38.218+0530] {processor.py:755} WARNING - No viable dags retrieved from /home/ris/PycharmProjects/pythonProject/USA-housing/venv/lib/python3.10/site-packages/airflow/example_dags/subdags/subdag.py
[2023-03-04T10:42:38.229+0530] {processor.py:175} INFO - Processing /home/ris/PycharmProjects/pythonProject/USA-housing/venv/lib/python3.10/site-packages/airflow/example_dags/subdags/subdag.py took 0.023 seconds
[2023-03-04T10:43:09.774+0530] {processor.py:153} INFO - Started process (PID=33749) to work on /home/ris/PycharmProjects/pythonProject/USA-housing/venv/lib/python3.10/site-packages/airflow/example_dags/subdags/subdag.py
[2023-03-04T10:43:09.775+0530] {processor.py:743} INFO - Processing file /home/ris/PycharmProjects/pythonProject/USA-housing/venv/lib/python3.10/site-packages/airflow/example_dags/subdags/subdag.py for tasks to queue
[2023-03-04T10:43:09.776+0530] {logging_mixin.py:137} INFO - [2023-03-04T10:43:09.776+0530] {dagbag.py:538} INFO - Filling up the DagBag from /home/ris/PycharmProjects/pythonProject/USA-housing/venv/lib/python3.10/site-packages/airflow/example_dags/subdags/subdag.py
[2023-03-04T10:43:09.782+0530] {processor.py:755} WARNING - No viable dags retrieved from /home/ris/PycharmProjects/pythonProject/USA-housing/venv/lib/python3.10/site-packages/airflow/example_dags/subdags/subdag.py
[2023-03-04T10:43:09.792+0530] {processor.py:175} INFO - Processing /home/ris/PycharmProjects/pythonProject/USA-housing/venv/lib/python3.10/site-packages/airflow/example_dags/subdags/subdag.py took 0.022 seconds
[2023-03-04T10:43:46.078+0530] {processor.py:153} INFO - Started process (PID=33787) to work on /home/ris/PycharmProjects/pythonProject/USA-housing/venv/lib/python3.10/site-packages/airflow/example_dags/subdags/subdag.py
[2023-03-04T10:43:46.080+0530] {processor.py:743} INFO - Processing file /home/ris/PycharmProjects/pythonProject/USA-housing/venv/lib/python3.10/site-packages/airflow/example_dags/subdags/subdag.py for tasks to queue
[2023-03-04T10:43:46.080+0530] {logging_mixin.py:137} INFO - [2023-03-04T10:43:46.080+0530] {dagbag.py:538} INFO - Filling up the DagBag from /home/ris/PycharmProjects/pythonProject/USA-housing/venv/lib/python3.10/site-packages/airflow/example_dags/subdags/subdag.py
[2023-03-04T10:43:46.083+0530] {processor.py:755} WARNING - No viable dags retrieved from /home/ris/PycharmProjects/pythonProject/USA-housing/venv/lib/python3.10/site-packages/airflow/example_dags/subdags/subdag.py
[2023-03-04T10:43:46.093+0530] {processor.py:175} INFO - Processing /home/ris/PycharmProjects/pythonProject/USA-housing/venv/lib/python3.10/site-packages/airflow/example_dags/subdags/subdag.py took 0.018 seconds
[2023-03-04T10:44:20.932+0530] {processor.py:153} INFO - Started process (PID=33821) to work on /home/ris/PycharmProjects/pythonProject/USA-housing/venv/lib/python3.10/site-packages/airflow/example_dags/subdags/subdag.py
[2023-03-04T10:44:20.934+0530] {processor.py:743} INFO - Processing file /home/ris/PycharmProjects/pythonProject/USA-housing/venv/lib/python3.10/site-packages/airflow/example_dags/subdags/subdag.py for tasks to queue
[2023-03-04T10:44:20.935+0530] {logging_mixin.py:137} INFO - [2023-03-04T10:44:20.935+0530] {dagbag.py:538} INFO - Filling up the DagBag from /home/ris/PycharmProjects/pythonProject/USA-housing/venv/lib/python3.10/site-packages/airflow/example_dags/subdags/subdag.py
[2023-03-04T10:44:20.938+0530] {processor.py:755} WARNING - No viable dags retrieved from /home/ris/PycharmProjects/pythonProject/USA-housing/venv/lib/python3.10/site-packages/airflow/example_dags/subdags/subdag.py
[2023-03-04T10:44:20.947+0530] {processor.py:175} INFO - Processing /home/ris/PycharmProjects/pythonProject/USA-housing/venv/lib/python3.10/site-packages/airflow/example_dags/subdags/subdag.py took 0.018 seconds
[2023-03-04T10:44:56.433+0530] {processor.py:153} INFO - Started process (PID=33865) to work on /home/ris/PycharmProjects/pythonProject/USA-housing/venv/lib/python3.10/site-packages/airflow/example_dags/subdags/subdag.py
[2023-03-04T10:44:56.434+0530] {processor.py:743} INFO - Processing file /home/ris/PycharmProjects/pythonProject/USA-housing/venv/lib/python3.10/site-packages/airflow/example_dags/subdags/subdag.py for tasks to queue
[2023-03-04T10:44:56.435+0530] {logging_mixin.py:137} INFO - [2023-03-04T10:44:56.435+0530] {dagbag.py:538} INFO - Filling up the DagBag from /home/ris/PycharmProjects/pythonProject/USA-housing/venv/lib/python3.10/site-packages/airflow/example_dags/subdags/subdag.py
[2023-03-04T10:44:56.439+0530] {processor.py:755} WARNING - No viable dags retrieved from /home/ris/PycharmProjects/pythonProject/USA-housing/venv/lib/python3.10/site-packages/airflow/example_dags/subdags/subdag.py
[2023-03-04T10:44:56.450+0530] {processor.py:175} INFO - Processing /home/ris/PycharmProjects/pythonProject/USA-housing/venv/lib/python3.10/site-packages/airflow/example_dags/subdags/subdag.py took 0.020 seconds
[2023-03-04T10:45:35.765+0530] {processor.py:153} INFO - Started process (PID=33909) to work on /home/ris/PycharmProjects/pythonProject/USA-housing/venv/lib/python3.10/site-packages/airflow/example_dags/subdags/subdag.py
[2023-03-04T10:45:35.767+0530] {processor.py:743} INFO - Processing file /home/ris/PycharmProjects/pythonProject/USA-housing/venv/lib/python3.10/site-packages/airflow/example_dags/subdags/subdag.py for tasks to queue
[2023-03-04T10:45:35.767+0530] {logging_mixin.py:137} INFO - [2023-03-04T10:45:35.767+0530] {dagbag.py:538} INFO - Filling up the DagBag from /home/ris/PycharmProjects/pythonProject/USA-housing/venv/lib/python3.10/site-packages/airflow/example_dags/subdags/subdag.py
[2023-03-04T10:45:35.773+0530] {processor.py:755} WARNING - No viable dags retrieved from /home/ris/PycharmProjects/pythonProject/USA-housing/venv/lib/python3.10/site-packages/airflow/example_dags/subdags/subdag.py
[2023-03-04T10:45:35.786+0530] {processor.py:175} INFO - Processing /home/ris/PycharmProjects/pythonProject/USA-housing/venv/lib/python3.10/site-packages/airflow/example_dags/subdags/subdag.py took 0.025 seconds
[2023-03-04T10:46:18.974+0530] {processor.py:153} INFO - Started process (PID=33953) to work on /home/ris/PycharmProjects/pythonProject/USA-housing/venv/lib/python3.10/site-packages/airflow/example_dags/subdags/subdag.py
[2023-03-04T10:46:18.976+0530] {processor.py:743} INFO - Processing file /home/ris/PycharmProjects/pythonProject/USA-housing/venv/lib/python3.10/site-packages/airflow/example_dags/subdags/subdag.py for tasks to queue
[2023-03-04T10:46:18.977+0530] {logging_mixin.py:137} INFO - [2023-03-04T10:46:18.977+0530] {dagbag.py:538} INFO - Filling up the DagBag from /home/ris/PycharmProjects/pythonProject/USA-housing/venv/lib/python3.10/site-packages/airflow/example_dags/subdags/subdag.py
[2023-03-04T10:46:18.983+0530] {processor.py:755} WARNING - No viable dags retrieved from /home/ris/PycharmProjects/pythonProject/USA-housing/venv/lib/python3.10/site-packages/airflow/example_dags/subdags/subdag.py
[2023-03-04T10:46:18.997+0530] {processor.py:175} INFO - Processing /home/ris/PycharmProjects/pythonProject/USA-housing/venv/lib/python3.10/site-packages/airflow/example_dags/subdags/subdag.py took 0.027 seconds
[2023-03-04T10:47:03.849+0530] {processor.py:153} INFO - Started process (PID=34010) to work on /home/ris/PycharmProjects/pythonProject/USA-housing/venv/lib/python3.10/site-packages/airflow/example_dags/subdags/subdag.py
[2023-03-04T10:47:03.851+0530] {processor.py:743} INFO - Processing file /home/ris/PycharmProjects/pythonProject/USA-housing/venv/lib/python3.10/site-packages/airflow/example_dags/subdags/subdag.py for tasks to queue
[2023-03-04T10:47:03.852+0530] {logging_mixin.py:137} INFO - [2023-03-04T10:47:03.852+0530] {dagbag.py:538} INFO - Filling up the DagBag from /home/ris/PycharmProjects/pythonProject/USA-housing/venv/lib/python3.10/site-packages/airflow/example_dags/subdags/subdag.py
[2023-03-04T10:47:03.855+0530] {processor.py:755} WARNING - No viable dags retrieved from /home/ris/PycharmProjects/pythonProject/USA-housing/venv/lib/python3.10/site-packages/airflow/example_dags/subdags/subdag.py
[2023-03-04T10:47:03.869+0530] {processor.py:175} INFO - Processing /home/ris/PycharmProjects/pythonProject/USA-housing/venv/lib/python3.10/site-packages/airflow/example_dags/subdags/subdag.py took 0.025 seconds
[2023-03-04T10:47:40.150+0530] {processor.py:153} INFO - Started process (PID=34049) to work on /home/ris/PycharmProjects/pythonProject/USA-housing/venv/lib/python3.10/site-packages/airflow/example_dags/subdags/subdag.py
[2023-03-04T10:47:40.152+0530] {processor.py:743} INFO - Processing file /home/ris/PycharmProjects/pythonProject/USA-housing/venv/lib/python3.10/site-packages/airflow/example_dags/subdags/subdag.py for tasks to queue
[2023-03-04T10:47:40.153+0530] {logging_mixin.py:137} INFO - [2023-03-04T10:47:40.153+0530] {dagbag.py:538} INFO - Filling up the DagBag from /home/ris/PycharmProjects/pythonProject/USA-housing/venv/lib/python3.10/site-packages/airflow/example_dags/subdags/subdag.py
[2023-03-04T10:47:40.157+0530] {processor.py:755} WARNING - No viable dags retrieved from /home/ris/PycharmProjects/pythonProject/USA-housing/venv/lib/python3.10/site-packages/airflow/example_dags/subdags/subdag.py
[2023-03-04T10:47:40.165+0530] {processor.py:175} INFO - Processing /home/ris/PycharmProjects/pythonProject/USA-housing/venv/lib/python3.10/site-packages/airflow/example_dags/subdags/subdag.py took 0.018 seconds
[2023-03-04T10:48:18.460+0530] {processor.py:153} INFO - Started process (PID=34085) to work on /home/ris/PycharmProjects/pythonProject/USA-housing/venv/lib/python3.10/site-packages/airflow/example_dags/subdags/subdag.py
[2023-03-04T10:48:18.461+0530] {processor.py:743} INFO - Processing file /home/ris/PycharmProjects/pythonProject/USA-housing/venv/lib/python3.10/site-packages/airflow/example_dags/subdags/subdag.py for tasks to queue
[2023-03-04T10:48:18.462+0530] {logging_mixin.py:137} INFO - [2023-03-04T10:48:18.462+0530] {dagbag.py:538} INFO - Filling up the DagBag from /home/ris/PycharmProjects/pythonProject/USA-housing/venv/lib/python3.10/site-packages/airflow/example_dags/subdags/subdag.py
[2023-03-04T10:48:18.465+0530] {processor.py:755} WARNING - No viable dags retrieved from /home/ris/PycharmProjects/pythonProject/USA-housing/venv/lib/python3.10/site-packages/airflow/example_dags/subdags/subdag.py
[2023-03-04T10:48:18.475+0530] {processor.py:175} INFO - Processing /home/ris/PycharmProjects/pythonProject/USA-housing/venv/lib/python3.10/site-packages/airflow/example_dags/subdags/subdag.py took 0.018 seconds
[2023-03-04T10:48:56.663+0530] {processor.py:153} INFO - Started process (PID=34139) to work on /home/ris/PycharmProjects/pythonProject/USA-housing/venv/lib/python3.10/site-packages/airflow/example_dags/subdags/subdag.py
[2023-03-04T10:48:56.666+0530] {processor.py:743} INFO - Processing file /home/ris/PycharmProjects/pythonProject/USA-housing/venv/lib/python3.10/site-packages/airflow/example_dags/subdags/subdag.py for tasks to queue
[2023-03-04T10:48:56.667+0530] {logging_mixin.py:137} INFO - [2023-03-04T10:48:56.666+0530] {dagbag.py:538} INFO - Filling up the DagBag from /home/ris/PycharmProjects/pythonProject/USA-housing/venv/lib/python3.10/site-packages/airflow/example_dags/subdags/subdag.py
[2023-03-04T10:48:56.672+0530] {processor.py:755} WARNING - No viable dags retrieved from /home/ris/PycharmProjects/pythonProject/USA-housing/venv/lib/python3.10/site-packages/airflow/example_dags/subdags/subdag.py
[2023-03-04T10:48:56.687+0530] {processor.py:175} INFO - Processing /home/ris/PycharmProjects/pythonProject/USA-housing/venv/lib/python3.10/site-packages/airflow/example_dags/subdags/subdag.py took 0.029 seconds
[2023-03-04T10:49:28.248+0530] {processor.py:153} INFO - Started process (PID=34175) to work on /home/ris/PycharmProjects/pythonProject/USA-housing/venv/lib/python3.10/site-packages/airflow/example_dags/subdags/subdag.py
[2023-03-04T10:49:28.250+0530] {processor.py:743} INFO - Processing file /home/ris/PycharmProjects/pythonProject/USA-housing/venv/lib/python3.10/site-packages/airflow/example_dags/subdags/subdag.py for tasks to queue
[2023-03-04T10:49:28.250+0530] {logging_mixin.py:137} INFO - [2023-03-04T10:49:28.250+0530] {dagbag.py:538} INFO - Filling up the DagBag from /home/ris/PycharmProjects/pythonProject/USA-housing/venv/lib/python3.10/site-packages/airflow/example_dags/subdags/subdag.py
[2023-03-04T10:49:28.254+0530] {processor.py:755} WARNING - No viable dags retrieved from /home/ris/PycharmProjects/pythonProject/USA-housing/venv/lib/python3.10/site-packages/airflow/example_dags/subdags/subdag.py
[2023-03-04T10:49:28.270+0530] {processor.py:175} INFO - Processing /home/ris/PycharmProjects/pythonProject/USA-housing/venv/lib/python3.10/site-packages/airflow/example_dags/subdags/subdag.py took 0.025 seconds
[2023-03-04T10:50:14.302+0530] {processor.py:153} INFO - Started process (PID=34278) to work on /home/ris/PycharmProjects/pythonProject/USA-housing/venv/lib/python3.10/site-packages/airflow/example_dags/subdags/subdag.py
[2023-03-04T10:50:14.304+0530] {processor.py:743} INFO - Processing file /home/ris/PycharmProjects/pythonProject/USA-housing/venv/lib/python3.10/site-packages/airflow/example_dags/subdags/subdag.py for tasks to queue
[2023-03-04T10:50:14.304+0530] {logging_mixin.py:137} INFO - [2023-03-04T10:50:14.304+0530] {dagbag.py:538} INFO - Filling up the DagBag from /home/ris/PycharmProjects/pythonProject/USA-housing/venv/lib/python3.10/site-packages/airflow/example_dags/subdags/subdag.py
[2023-03-04T10:50:14.308+0530] {processor.py:755} WARNING - No viable dags retrieved from /home/ris/PycharmProjects/pythonProject/USA-housing/venv/lib/python3.10/site-packages/airflow/example_dags/subdags/subdag.py
[2023-03-04T10:50:14.317+0530] {processor.py:175} INFO - Processing /home/ris/PycharmProjects/pythonProject/USA-housing/venv/lib/python3.10/site-packages/airflow/example_dags/subdags/subdag.py took 0.020 seconds
[2023-03-04T10:50:51.915+0530] {processor.py:153} INFO - Started process (PID=34331) to work on /home/ris/PycharmProjects/pythonProject/USA-housing/venv/lib/python3.10/site-packages/airflow/example_dags/subdags/subdag.py
[2023-03-04T10:50:51.917+0530] {processor.py:743} INFO - Processing file /home/ris/PycharmProjects/pythonProject/USA-housing/venv/lib/python3.10/site-packages/airflow/example_dags/subdags/subdag.py for tasks to queue
[2023-03-04T10:50:51.918+0530] {logging_mixin.py:137} INFO - [2023-03-04T10:50:51.917+0530] {dagbag.py:538} INFO - Filling up the DagBag from /home/ris/PycharmProjects/pythonProject/USA-housing/venv/lib/python3.10/site-packages/airflow/example_dags/subdags/subdag.py
[2023-03-04T10:50:51.923+0530] {processor.py:755} WARNING - No viable dags retrieved from /home/ris/PycharmProjects/pythonProject/USA-housing/venv/lib/python3.10/site-packages/airflow/example_dags/subdags/subdag.py
[2023-03-04T10:50:51.933+0530] {processor.py:175} INFO - Processing /home/ris/PycharmProjects/pythonProject/USA-housing/venv/lib/python3.10/site-packages/airflow/example_dags/subdags/subdag.py took 0.022 seconds
[2023-03-04T10:51:28.478+0530] {processor.py:153} INFO - Started process (PID=34376) to work on /home/ris/PycharmProjects/pythonProject/USA-housing/venv/lib/python3.10/site-packages/airflow/example_dags/subdags/subdag.py
[2023-03-04T10:51:28.480+0530] {processor.py:743} INFO - Processing file /home/ris/PycharmProjects/pythonProject/USA-housing/venv/lib/python3.10/site-packages/airflow/example_dags/subdags/subdag.py for tasks to queue
[2023-03-04T10:51:28.481+0530] {logging_mixin.py:137} INFO - [2023-03-04T10:51:28.481+0530] {dagbag.py:538} INFO - Filling up the DagBag from /home/ris/PycharmProjects/pythonProject/USA-housing/venv/lib/python3.10/site-packages/airflow/example_dags/subdags/subdag.py
[2023-03-04T10:51:28.484+0530] {processor.py:755} WARNING - No viable dags retrieved from /home/ris/PycharmProjects/pythonProject/USA-housing/venv/lib/python3.10/site-packages/airflow/example_dags/subdags/subdag.py
[2023-03-04T10:51:28.494+0530] {processor.py:175} INFO - Processing /home/ris/PycharmProjects/pythonProject/USA-housing/venv/lib/python3.10/site-packages/airflow/example_dags/subdags/subdag.py took 0.019 seconds
[2023-03-04T10:52:14.775+0530] {processor.py:153} INFO - Started process (PID=34449) to work on /home/ris/PycharmProjects/pythonProject/USA-housing/venv/lib/python3.10/site-packages/airflow/example_dags/subdags/subdag.py
[2023-03-04T10:52:14.777+0530] {processor.py:743} INFO - Processing file /home/ris/PycharmProjects/pythonProject/USA-housing/venv/lib/python3.10/site-packages/airflow/example_dags/subdags/subdag.py for tasks to queue
[2023-03-04T10:52:14.777+0530] {logging_mixin.py:137} INFO - [2023-03-04T10:52:14.777+0530] {dagbag.py:538} INFO - Filling up the DagBag from /home/ris/PycharmProjects/pythonProject/USA-housing/venv/lib/python3.10/site-packages/airflow/example_dags/subdags/subdag.py
[2023-03-04T10:52:14.781+0530] {processor.py:755} WARNING - No viable dags retrieved from /home/ris/PycharmProjects/pythonProject/USA-housing/venv/lib/python3.10/site-packages/airflow/example_dags/subdags/subdag.py
[2023-03-04T10:52:14.791+0530] {processor.py:175} INFO - Processing /home/ris/PycharmProjects/pythonProject/USA-housing/venv/lib/python3.10/site-packages/airflow/example_dags/subdags/subdag.py took 0.020 seconds
[2023-03-04T10:53:02.010+0530] {processor.py:153} INFO - Started process (PID=34508) to work on /home/ris/PycharmProjects/pythonProject/USA-housing/venv/lib/python3.10/site-packages/airflow/example_dags/subdags/subdag.py
[2023-03-04T10:53:02.012+0530] {processor.py:743} INFO - Processing file /home/ris/PycharmProjects/pythonProject/USA-housing/venv/lib/python3.10/site-packages/airflow/example_dags/subdags/subdag.py for tasks to queue
[2023-03-04T10:53:02.013+0530] {logging_mixin.py:137} INFO - [2023-03-04T10:53:02.013+0530] {dagbag.py:538} INFO - Filling up the DagBag from /home/ris/PycharmProjects/pythonProject/USA-housing/venv/lib/python3.10/site-packages/airflow/example_dags/subdags/subdag.py
[2023-03-04T10:53:02.015+0530] {processor.py:755} WARNING - No viable dags retrieved from /home/ris/PycharmProjects/pythonProject/USA-housing/venv/lib/python3.10/site-packages/airflow/example_dags/subdags/subdag.py
[2023-03-04T10:53:02.028+0530] {processor.py:175} INFO - Processing /home/ris/PycharmProjects/pythonProject/USA-housing/venv/lib/python3.10/site-packages/airflow/example_dags/subdags/subdag.py took 0.022 seconds
[2023-03-04T10:53:39.358+0530] {processor.py:153} INFO - Started process (PID=34687) to work on /home/ris/PycharmProjects/pythonProject/USA-housing/venv/lib/python3.10/site-packages/airflow/example_dags/subdags/subdag.py
[2023-03-04T10:53:39.360+0530] {processor.py:743} INFO - Processing file /home/ris/PycharmProjects/pythonProject/USA-housing/venv/lib/python3.10/site-packages/airflow/example_dags/subdags/subdag.py for tasks to queue
[2023-03-04T10:53:39.361+0530] {logging_mixin.py:137} INFO - [2023-03-04T10:53:39.360+0530] {dagbag.py:538} INFO - Filling up the DagBag from /home/ris/PycharmProjects/pythonProject/USA-housing/venv/lib/python3.10/site-packages/airflow/example_dags/subdags/subdag.py
[2023-03-04T10:53:39.364+0530] {processor.py:755} WARNING - No viable dags retrieved from /home/ris/PycharmProjects/pythonProject/USA-housing/venv/lib/python3.10/site-packages/airflow/example_dags/subdags/subdag.py
[2023-03-04T10:53:39.372+0530] {processor.py:175} INFO - Processing /home/ris/PycharmProjects/pythonProject/USA-housing/venv/lib/python3.10/site-packages/airflow/example_dags/subdags/subdag.py took 0.017 seconds
[2023-03-04T10:54:15.937+0530] {processor.py:153} INFO - Started process (PID=34742) to work on /home/ris/PycharmProjects/pythonProject/USA-housing/venv/lib/python3.10/site-packages/airflow/example_dags/subdags/subdag.py
[2023-03-04T10:54:15.939+0530] {processor.py:743} INFO - Processing file /home/ris/PycharmProjects/pythonProject/USA-housing/venv/lib/python3.10/site-packages/airflow/example_dags/subdags/subdag.py for tasks to queue
[2023-03-04T10:54:15.940+0530] {logging_mixin.py:137} INFO - [2023-03-04T10:54:15.940+0530] {dagbag.py:538} INFO - Filling up the DagBag from /home/ris/PycharmProjects/pythonProject/USA-housing/venv/lib/python3.10/site-packages/airflow/example_dags/subdags/subdag.py
[2023-03-04T10:54:15.943+0530] {processor.py:755} WARNING - No viable dags retrieved from /home/ris/PycharmProjects/pythonProject/USA-housing/venv/lib/python3.10/site-packages/airflow/example_dags/subdags/subdag.py
[2023-03-04T10:54:15.955+0530] {processor.py:175} INFO - Processing /home/ris/PycharmProjects/pythonProject/USA-housing/venv/lib/python3.10/site-packages/airflow/example_dags/subdags/subdag.py took 0.020 seconds
[2023-03-04T10:54:50.683+0530] {processor.py:153} INFO - Started process (PID=34798) to work on /home/ris/PycharmProjects/pythonProject/USA-housing/venv/lib/python3.10/site-packages/airflow/example_dags/subdags/subdag.py
[2023-03-04T10:54:50.685+0530] {processor.py:743} INFO - Processing file /home/ris/PycharmProjects/pythonProject/USA-housing/venv/lib/python3.10/site-packages/airflow/example_dags/subdags/subdag.py for tasks to queue
[2023-03-04T10:54:50.685+0530] {logging_mixin.py:137} INFO - [2023-03-04T10:54:50.685+0530] {dagbag.py:538} INFO - Filling up the DagBag from /home/ris/PycharmProjects/pythonProject/USA-housing/venv/lib/python3.10/site-packages/airflow/example_dags/subdags/subdag.py
[2023-03-04T10:54:50.688+0530] {processor.py:755} WARNING - No viable dags retrieved from /home/ris/PycharmProjects/pythonProject/USA-housing/venv/lib/python3.10/site-packages/airflow/example_dags/subdags/subdag.py
[2023-03-04T10:54:50.701+0530] {processor.py:175} INFO - Processing /home/ris/PycharmProjects/pythonProject/USA-housing/venv/lib/python3.10/site-packages/airflow/example_dags/subdags/subdag.py took 0.022 seconds
[2023-03-04T10:55:33.446+0530] {processor.py:153} INFO - Started process (PID=34844) to work on /home/ris/PycharmProjects/pythonProject/USA-housing/venv/lib/python3.10/site-packages/airflow/example_dags/subdags/subdag.py
[2023-03-04T10:55:33.448+0530] {processor.py:743} INFO - Processing file /home/ris/PycharmProjects/pythonProject/USA-housing/venv/lib/python3.10/site-packages/airflow/example_dags/subdags/subdag.py for tasks to queue
[2023-03-04T10:55:33.448+0530] {logging_mixin.py:137} INFO - [2023-03-04T10:55:33.448+0530] {dagbag.py:538} INFO - Filling up the DagBag from /home/ris/PycharmProjects/pythonProject/USA-housing/venv/lib/python3.10/site-packages/airflow/example_dags/subdags/subdag.py
[2023-03-04T10:55:33.452+0530] {processor.py:755} WARNING - No viable dags retrieved from /home/ris/PycharmProjects/pythonProject/USA-housing/venv/lib/python3.10/site-packages/airflow/example_dags/subdags/subdag.py
[2023-03-04T10:55:33.460+0530] {processor.py:175} INFO - Processing /home/ris/PycharmProjects/pythonProject/USA-housing/venv/lib/python3.10/site-packages/airflow/example_dags/subdags/subdag.py took 0.017 seconds
[2023-03-04T10:56:13.499+0530] {processor.py:153} INFO - Started process (PID=34899) to work on /home/ris/PycharmProjects/pythonProject/USA-housing/venv/lib/python3.10/site-packages/airflow/example_dags/subdags/subdag.py
[2023-03-04T10:56:13.501+0530] {processor.py:743} INFO - Processing file /home/ris/PycharmProjects/pythonProject/USA-housing/venv/lib/python3.10/site-packages/airflow/example_dags/subdags/subdag.py for tasks to queue
[2023-03-04T10:56:13.502+0530] {logging_mixin.py:137} INFO - [2023-03-04T10:56:13.502+0530] {dagbag.py:538} INFO - Filling up the DagBag from /home/ris/PycharmProjects/pythonProject/USA-housing/venv/lib/python3.10/site-packages/airflow/example_dags/subdags/subdag.py
[2023-03-04T10:56:13.505+0530] {processor.py:755} WARNING - No viable dags retrieved from /home/ris/PycharmProjects/pythonProject/USA-housing/venv/lib/python3.10/site-packages/airflow/example_dags/subdags/subdag.py
[2023-03-04T10:56:13.515+0530] {processor.py:175} INFO - Processing /home/ris/PycharmProjects/pythonProject/USA-housing/venv/lib/python3.10/site-packages/airflow/example_dags/subdags/subdag.py took 0.019 seconds
[2023-03-04T10:57:01.043+0530] {processor.py:153} INFO - Started process (PID=34979) to work on /home/ris/PycharmProjects/pythonProject/USA-housing/venv/lib/python3.10/site-packages/airflow/example_dags/subdags/subdag.py
[2023-03-04T10:57:01.045+0530] {processor.py:743} INFO - Processing file /home/ris/PycharmProjects/pythonProject/USA-housing/venv/lib/python3.10/site-packages/airflow/example_dags/subdags/subdag.py for tasks to queue
[2023-03-04T10:57:01.046+0530] {logging_mixin.py:137} INFO - [2023-03-04T10:57:01.045+0530] {dagbag.py:538} INFO - Filling up the DagBag from /home/ris/PycharmProjects/pythonProject/USA-housing/venv/lib/python3.10/site-packages/airflow/example_dags/subdags/subdag.py
[2023-03-04T10:57:01.050+0530] {processor.py:755} WARNING - No viable dags retrieved from /home/ris/PycharmProjects/pythonProject/USA-housing/venv/lib/python3.10/site-packages/airflow/example_dags/subdags/subdag.py
[2023-03-04T10:57:01.073+0530] {processor.py:175} INFO - Processing /home/ris/PycharmProjects/pythonProject/USA-housing/venv/lib/python3.10/site-packages/airflow/example_dags/subdags/subdag.py took 0.034 seconds
[2023-03-04T10:57:37.499+0530] {processor.py:153} INFO - Started process (PID=35035) to work on /home/ris/PycharmProjects/pythonProject/USA-housing/venv/lib/python3.10/site-packages/airflow/example_dags/subdags/subdag.py
[2023-03-04T10:57:37.501+0530] {processor.py:743} INFO - Processing file /home/ris/PycharmProjects/pythonProject/USA-housing/venv/lib/python3.10/site-packages/airflow/example_dags/subdags/subdag.py for tasks to queue
[2023-03-04T10:57:37.503+0530] {logging_mixin.py:137} INFO - [2023-03-04T10:57:37.502+0530] {dagbag.py:538} INFO - Filling up the DagBag from /home/ris/PycharmProjects/pythonProject/USA-housing/venv/lib/python3.10/site-packages/airflow/example_dags/subdags/subdag.py
[2023-03-04T10:57:37.507+0530] {processor.py:755} WARNING - No viable dags retrieved from /home/ris/PycharmProjects/pythonProject/USA-housing/venv/lib/python3.10/site-packages/airflow/example_dags/subdags/subdag.py
[2023-03-04T10:57:37.516+0530] {processor.py:175} INFO - Processing /home/ris/PycharmProjects/pythonProject/USA-housing/venv/lib/python3.10/site-packages/airflow/example_dags/subdags/subdag.py took 0.020 seconds
[2023-03-04T11:01:16.992+0530] {processor.py:153} INFO - Started process (PID=35189) to work on /home/ris/PycharmProjects/pythonProject/USA-housing/venv/lib/python3.10/site-packages/airflow/example_dags/subdags/subdag.py
[2023-03-04T11:01:16.995+0530] {processor.py:743} INFO - Processing file /home/ris/PycharmProjects/pythonProject/USA-housing/venv/lib/python3.10/site-packages/airflow/example_dags/subdags/subdag.py for tasks to queue
[2023-03-04T11:01:16.996+0530] {logging_mixin.py:137} INFO - [2023-03-04T11:01:16.996+0530] {dagbag.py:538} INFO - Filling up the DagBag from /home/ris/PycharmProjects/pythonProject/USA-housing/venv/lib/python3.10/site-packages/airflow/example_dags/subdags/subdag.py
[2023-03-04T11:01:17.003+0530] {processor.py:755} WARNING - No viable dags retrieved from /home/ris/PycharmProjects/pythonProject/USA-housing/venv/lib/python3.10/site-packages/airflow/example_dags/subdags/subdag.py
[2023-03-04T11:01:17.018+0530] {processor.py:175} INFO - Processing /home/ris/PycharmProjects/pythonProject/USA-housing/venv/lib/python3.10/site-packages/airflow/example_dags/subdags/subdag.py took 0.031 seconds
